<?xml version="1.0" encoding="UTF-8"?>
<testsuite name="com.beanit.openiec61850.integrationtests.ClientServerITest2" tests="1" skipped="0" failures="0" errors="0" timestamp="2020-02-19T13:23:46" hostname="Mandl-PC" time="1.386">
  <properties/>
  <testcase name="testClientServerCom" classname="com.beanit.openiec61850.integrationtests.ClientServerITest2" time="1.386"/>
  <system-out><![CDATA[IED Server is running
Attempting to connect to server 127.0.0.1 on port 54322
calling GetDataValues(IEDBiogasCHP/LLN0.Mod)
14:23:46.700 [openiec61850-osi-server-7-thread-1] DEBUG com.beanit.openiec61850.ServerAssociation - Got a GetDataValues request for node: IEDBiogasCHP/LLN0.Mod [ST]
IEDBiogasCHP/LLN0.Mod.origin [ST]
IEDBiogasCHP/LLN0.Mod.origin.orCat: 0
IEDBiogasCHP/LLN0.Mod.origin.orIdent: []
IEDBiogasCHP/LLN0.Mod.ctlNum: 0
IEDBiogasCHP/LLN0.Mod.stVal: 0
IEDBiogasCHP/LLN0.Mod.q: 0x00 0x00
IEDBiogasCHP/LLN0.Mod.t: Thu Jan 01 01:00:00 CET 1970
IEDBiogasCHP/LLN0.Mod.stSeld: false
14:23:46.701 [openiec61850-osi-server-7-thread-1] DEBUG com.beanit.openiec61850.ServerAssociation - sub BDA is:IEDBiogasCHP/LLN0.Mod.origin.orCat: 0
14:23:46.701 [openiec61850-osi-server-7-thread-1] DEBUG com.beanit.openiec61850.ServerAssociation - sub BDA is:IEDBiogasCHP/LLN0.Mod.origin.orIdent: []
14:23:46.701 [openiec61850-osi-server-7-thread-1] DEBUG com.beanit.openiec61850.ServerAssociation - sub BDA is:IEDBiogasCHP/LLN0.Mod.ctlNum: 0
14:23:46.701 [openiec61850-osi-server-7-thread-1] DEBUG com.beanit.openiec61850.ServerAssociation - sub BDA is:IEDBiogasCHP/LLN0.Mod.stVal: 0
14:23:46.701 [openiec61850-osi-server-7-thread-1] DEBUG com.beanit.openiec61850.ServerAssociation - sub BDA is:IEDBiogasCHP/LLN0.Mod.q: 0x00 0x00
14:23:46.701 [openiec61850-osi-server-7-thread-1] DEBUG com.beanit.openiec61850.ServerAssociation - sub BDA is:IEDBiogasCHP/LLN0.Mod.t: Thu Jan 01 01:00:00 CET 1970
14:23:46.701 [openiec61850-osi-server-7-thread-1] DEBUG com.beanit.openiec61850.ServerAssociation - sub BDA is:IEDBiogasCHP/LLN0.Mod.stSeld: false
calling GetDataValues(IEDBiogasCHP/LLN0.Mod.origin)
14:23:46.701 [openiec61850-osi-server-7-thread-1] DEBUG com.beanit.openiec61850.ServerAssociation - Got a GetDataValues request for node: IEDBiogasCHP/LLN0.Mod.origin [ST]
IEDBiogasCHP/LLN0.Mod.origin.orCat: 0
IEDBiogasCHP/LLN0.Mod.origin.orIdent: []
14:23:46.701 [openiec61850-osi-server-7-thread-1] DEBUG com.beanit.openiec61850.ServerAssociation - sub BDA is:IEDBiogasCHP/LLN0.Mod.origin.orCat: 0
14:23:46.701 [openiec61850-osi-server-7-thread-1] DEBUG com.beanit.openiec61850.ServerAssociation - sub BDA is:IEDBiogasCHP/LLN0.Mod.origin.orIdent: []
calling GetDataValues(IEDBiogasCHP/LLN0.Mod.origin.orCat)
14:23:46.701 [openiec61850-osi-server-7-thread-1] DEBUG com.beanit.openiec61850.ServerAssociation - Got a GetDataValues request for node: IEDBiogasCHP/LLN0.Mod.origin.orCat: 0
calling GetDataValues(IEDBiogasCHP/LLN0.Mod.origin.orIdent)
14:23:46.701 [openiec61850-osi-server-7-thread-1] DEBUG com.beanit.openiec61850.ServerAssociation - Got a GetDataValues request for node: IEDBiogasCHP/LLN0.Mod.origin.orIdent: []
calling GetDataValues(IEDBiogasCHP/LLN0.Mod.ctlNum)
14:23:46.702 [openiec61850-osi-server-7-thread-1] DEBUG com.beanit.openiec61850.ServerAssociation - Got a GetDataValues request for node: IEDBiogasCHP/LLN0.Mod.ctlNum: 0
calling GetDataValues(IEDBiogasCHP/LLN0.Mod.stVal)
14:23:46.702 [openiec61850-osi-server-7-thread-1] DEBUG com.beanit.openiec61850.ServerAssociation - Got a GetDataValues request for node: IEDBiogasCHP/LLN0.Mod.stVal: 0
calling GetDataValues(IEDBiogasCHP/LLN0.Mod.q)
14:23:46.702 [openiec61850-osi-server-7-thread-1] DEBUG com.beanit.openiec61850.ServerAssociation - Got a GetDataValues request for node: IEDBiogasCHP/LLN0.Mod.q: 0x00 0x00
calling GetDataValues(IEDBiogasCHP/LLN0.Mod.t)
14:23:46.702 [openiec61850-osi-server-7-thread-1] DEBUG com.beanit.openiec61850.ServerAssociation - Got a GetDataValues request for node: IEDBiogasCHP/LLN0.Mod.t: Thu Jan 01 01:00:00 CET 1970
calling GetDataValues(IEDBiogasCHP/LLN0.Mod.stSeld)
14:23:46.702 [openiec61850-osi-server-7-thread-1] DEBUG com.beanit.openiec61850.ServerAssociation - Got a GetDataValues request for node: IEDBiogasCHP/LLN0.Mod.stSeld: false
calling GetDataValues(IEDBiogasCHP/LLN0.Mod)
14:23:46.703 [openiec61850-osi-server-7-thread-1] DEBUG com.beanit.openiec61850.ServerAssociation - Got a GetDataValues request for node: IEDBiogasCHP/LLN0.Mod [SV]
IEDBiogasCHP/LLN0.Mod.subEna: false
IEDBiogasCHP/LLN0.Mod.subVal: 0
IEDBiogasCHP/LLN0.Mod.subQ: 0x00 0x00
IEDBiogasCHP/LLN0.Mod.subID: ''
14:23:46.703 [openiec61850-osi-server-7-thread-1] DEBUG com.beanit.openiec61850.ServerAssociation - sub BDA is:IEDBiogasCHP/LLN0.Mod.subEna: false
14:23:46.703 [openiec61850-osi-server-7-thread-1] DEBUG com.beanit.openiec61850.ServerAssociation - sub BDA is:IEDBiogasCHP/LLN0.Mod.subVal: 0
14:23:46.703 [openiec61850-osi-server-7-thread-1] DEBUG com.beanit.openiec61850.ServerAssociation - sub BDA is:IEDBiogasCHP/LLN0.Mod.subQ: 0x00 0x00
14:23:46.703 [openiec61850-osi-server-7-thread-1] DEBUG com.beanit.openiec61850.ServerAssociation - sub BDA is:IEDBiogasCHP/LLN0.Mod.subID: ''
calling GetDataValues(IEDBiogasCHP/LLN0.Mod.subEna)
14:23:46.703 [openiec61850-osi-server-7-thread-1] DEBUG com.beanit.openiec61850.ServerAssociation - Got a GetDataValues request for node: IEDBiogasCHP/LLN0.Mod.subEna: false
calling GetDataValues(IEDBiogasCHP/LLN0.Mod.subVal)
14:23:46.703 [openiec61850-osi-server-7-thread-1] DEBUG com.beanit.openiec61850.ServerAssociation - Got a GetDataValues request for node: IEDBiogasCHP/LLN0.Mod.subVal: 0
calling GetDataValues(IEDBiogasCHP/LLN0.Mod.subQ)
14:23:46.703 [openiec61850-osi-server-7-thread-1] DEBUG com.beanit.openiec61850.ServerAssociation - Got a GetDataValues request for node: IEDBiogasCHP/LLN0.Mod.subQ: 0x00 0x00
calling GetDataValues(IEDBiogasCHP/LLN0.Mod.subID)
14:23:46.703 [openiec61850-osi-server-7-thread-1] DEBUG com.beanit.openiec61850.ServerAssociation - Got a GetDataValues request for node: IEDBiogasCHP/LLN0.Mod.subID: ''
calling GetDataValues(IEDBiogasCHP/LLN0.Mod)
14:23:46.704 [openiec61850-osi-server-7-thread-1] DEBUG com.beanit.openiec61850.ServerAssociation - Got a GetDataValues request for node: IEDBiogasCHP/LLN0.Mod [CF]
IEDBiogasCHP/LLN0.Mod.ctlModel: 0
IEDBiogasCHP/LLN0.Mod.sboTimeout: 0
IEDBiogasCHP/LLN0.Mod.sboClass: 0
IEDBiogasCHP/LLN0.Mod.minVal: 0
IEDBiogasCHP/LLN0.Mod.maxVal: 0
IEDBiogasCHP/LLN0.Mod.stepSize: 0
14:23:46.704 [openiec61850-osi-server-7-thread-1] DEBUG com.beanit.openiec61850.ServerAssociation - sub BDA is:IEDBiogasCHP/LLN0.Mod.ctlModel: 0
14:23:46.704 [openiec61850-osi-server-7-thread-1] DEBUG com.beanit.openiec61850.ServerAssociation - sub BDA is:IEDBiogasCHP/LLN0.Mod.sboTimeout: 0
14:23:46.704 [openiec61850-osi-server-7-thread-1] DEBUG com.beanit.openiec61850.ServerAssociation - sub BDA is:IEDBiogasCHP/LLN0.Mod.sboClass: 0
14:23:46.704 [openiec61850-osi-server-7-thread-1] DEBUG com.beanit.openiec61850.ServerAssociation - sub BDA is:IEDBiogasCHP/LLN0.Mod.minVal: 0
14:23:46.704 [openiec61850-osi-server-7-thread-1] DEBUG com.beanit.openiec61850.ServerAssociation - sub BDA is:IEDBiogasCHP/LLN0.Mod.maxVal: 0
14:23:46.704 [openiec61850-osi-server-7-thread-1] DEBUG com.beanit.openiec61850.ServerAssociation - sub BDA is:IEDBiogasCHP/LLN0.Mod.stepSize: 0
calling GetDataValues(IEDBiogasCHP/LLN0.Mod.ctlModel)
14:23:46.704 [openiec61850-osi-server-7-thread-1] DEBUG com.beanit.openiec61850.ServerAssociation - Got a GetDataValues request for node: IEDBiogasCHP/LLN0.Mod.ctlModel: 0
calling GetDataValues(IEDBiogasCHP/LLN0.Mod.sboTimeout)
14:23:46.704 [openiec61850-osi-server-7-thread-1] DEBUG com.beanit.openiec61850.ServerAssociation - Got a GetDataValues request for node: IEDBiogasCHP/LLN0.Mod.sboTimeout: 0
calling GetDataValues(IEDBiogasCHP/LLN0.Mod.sboClass)
14:23:46.704 [openiec61850-osi-server-7-thread-1] DEBUG com.beanit.openiec61850.ServerAssociation - Got a GetDataValues request for node: IEDBiogasCHP/LLN0.Mod.sboClass: 0
calling GetDataValues(IEDBiogasCHP/LLN0.Mod.minVal)
14:23:46.704 [openiec61850-osi-server-7-thread-1] DEBUG com.beanit.openiec61850.ServerAssociation - Got a GetDataValues request for node: IEDBiogasCHP/LLN0.Mod.minVal: 0
calling GetDataValues(IEDBiogasCHP/LLN0.Mod.maxVal)
14:23:46.705 [openiec61850-osi-server-7-thread-1] DEBUG com.beanit.openiec61850.ServerAssociation - Got a GetDataValues request for node: IEDBiogasCHP/LLN0.Mod.maxVal: 0
calling GetDataValues(IEDBiogasCHP/LLN0.Mod.stepSize)
14:23:46.705 [openiec61850-osi-server-7-thread-1] DEBUG com.beanit.openiec61850.ServerAssociation - Got a GetDataValues request for node: IEDBiogasCHP/LLN0.Mod.stepSize: 0
calling GetDataValues(IEDBiogasCHP/LLN0.Mod)
14:23:46.705 [openiec61850-osi-server-7-thread-1] DEBUG com.beanit.openiec61850.ServerAssociation - Got a GetDataValues request for node: IEDBiogasCHP/LLN0.Mod [DC]
IEDBiogasCHP/LLN0.Mod.d: ''
IEDBiogasCHP/LLN0.Mod.dU: 
14:23:46.705 [openiec61850-osi-server-7-thread-1] DEBUG com.beanit.openiec61850.ServerAssociation - sub BDA is:IEDBiogasCHP/LLN0.Mod.d: ''
14:23:46.705 [openiec61850-osi-server-7-thread-1] DEBUG com.beanit.openiec61850.ServerAssociation - sub BDA is:IEDBiogasCHP/LLN0.Mod.dU: 
calling GetDataValues(IEDBiogasCHP/LLN0.Mod.d)
14:23:46.706 [openiec61850-osi-server-7-thread-1] DEBUG com.beanit.openiec61850.ServerAssociation - Got a GetDataValues request for node: IEDBiogasCHP/LLN0.Mod.d: ''
calling GetDataValues(IEDBiogasCHP/LLN0.Mod.dU)
14:23:46.706 [openiec61850-osi-server-7-thread-1] DEBUG com.beanit.openiec61850.ServerAssociation - Got a GetDataValues request for node: IEDBiogasCHP/LLN0.Mod.dU: 
calling GetDataValues(IEDBiogasCHP/LLN0.Mod)
14:23:46.706 [openiec61850-osi-server-7-thread-1] DEBUG com.beanit.openiec61850.ServerAssociation - Got a GetDataValues request for node: IEDBiogasCHP/LLN0.Mod [EX]
IEDBiogasCHP/LLN0.Mod.cdcNs: ''
IEDBiogasCHP/LLN0.Mod.cdcName: ''
IEDBiogasCHP/LLN0.Mod.dataNs: ''
14:23:46.707 [openiec61850-osi-server-7-thread-1] DEBUG com.beanit.openiec61850.ServerAssociation - sub BDA is:IEDBiogasCHP/LLN0.Mod.cdcNs: ''
14:23:46.707 [openiec61850-osi-server-7-thread-1] DEBUG com.beanit.openiec61850.ServerAssociation - sub BDA is:IEDBiogasCHP/LLN0.Mod.cdcName: ''
14:23:46.707 [openiec61850-osi-server-7-thread-1] DEBUG com.beanit.openiec61850.ServerAssociation - sub BDA is:IEDBiogasCHP/LLN0.Mod.dataNs: ''
calling GetDataValues(IEDBiogasCHP/LLN0.Mod.cdcNs)
14:23:46.707 [openiec61850-osi-server-7-thread-1] DEBUG com.beanit.openiec61850.ServerAssociation - Got a GetDataValues request for node: IEDBiogasCHP/LLN0.Mod.cdcNs: ''
calling GetDataValues(IEDBiogasCHP/LLN0.Mod.cdcName)
14:23:46.707 [openiec61850-osi-server-7-thread-1] DEBUG com.beanit.openiec61850.ServerAssociation - Got a GetDataValues request for node: IEDBiogasCHP/LLN0.Mod.cdcName: ''
calling GetDataValues(IEDBiogasCHP/LLN0.Mod.dataNs)
14:23:46.707 [openiec61850-osi-server-7-thread-1] DEBUG com.beanit.openiec61850.ServerAssociation - Got a GetDataValues request for node: IEDBiogasCHP/LLN0.Mod.dataNs: ''
calling GetDataValues(IEDBiogasCHP/LLN0.Beh)
14:23:46.707 [openiec61850-osi-server-7-thread-1] DEBUG com.beanit.openiec61850.ServerAssociation - Got a GetDataValues request for node: IEDBiogasCHP/LLN0.Beh [ST]
IEDBiogasCHP/LLN0.Beh.stVal: 0
IEDBiogasCHP/LLN0.Beh.q: 0x00 0x00
IEDBiogasCHP/LLN0.Beh.t: Thu Jan 01 01:00:00 CET 1970
14:23:46.707 [openiec61850-osi-server-7-thread-1] DEBUG com.beanit.openiec61850.ServerAssociation - sub BDA is:IEDBiogasCHP/LLN0.Beh.stVal: 0
14:23:46.707 [openiec61850-osi-server-7-thread-1] DEBUG com.beanit.openiec61850.ServerAssociation - sub BDA is:IEDBiogasCHP/LLN0.Beh.q: 0x00 0x00
14:23:46.707 [openiec61850-osi-server-7-thread-1] DEBUG com.beanit.openiec61850.ServerAssociation - sub BDA is:IEDBiogasCHP/LLN0.Beh.t: Thu Jan 01 01:00:00 CET 1970
calling GetDataValues(IEDBiogasCHP/LLN0.Beh.stVal)
14:23:46.708 [openiec61850-osi-server-7-thread-1] DEBUG com.beanit.openiec61850.ServerAssociation - Got a GetDataValues request for node: IEDBiogasCHP/LLN0.Beh.stVal: 0
calling GetDataValues(IEDBiogasCHP/LLN0.Beh.q)
14:23:46.708 [openiec61850-osi-server-7-thread-1] DEBUG com.beanit.openiec61850.ServerAssociation - Got a GetDataValues request for node: IEDBiogasCHP/LLN0.Beh.q: 0x00 0x00
calling GetDataValues(IEDBiogasCHP/LLN0.Beh.t)
14:23:46.708 [openiec61850-osi-server-7-thread-1] DEBUG com.beanit.openiec61850.ServerAssociation - Got a GetDataValues request for node: IEDBiogasCHP/LLN0.Beh.t: Thu Jan 01 01:00:00 CET 1970
calling GetDataValues(IEDBiogasCHP/LLN0.Beh)
14:23:46.708 [openiec61850-osi-server-7-thread-1] DEBUG com.beanit.openiec61850.ServerAssociation - Got a GetDataValues request for node: IEDBiogasCHP/LLN0.Beh [SV]
IEDBiogasCHP/LLN0.Beh.subEna: false
IEDBiogasCHP/LLN0.Beh.subVal: 0
IEDBiogasCHP/LLN0.Beh.subQ: 0x00 0x00
IEDBiogasCHP/LLN0.Beh.subID: ''
14:23:46.708 [openiec61850-osi-server-7-thread-1] DEBUG com.beanit.openiec61850.ServerAssociation - sub BDA is:IEDBiogasCHP/LLN0.Beh.subEna: false
14:23:46.708 [openiec61850-osi-server-7-thread-1] DEBUG com.beanit.openiec61850.ServerAssociation - sub BDA is:IEDBiogasCHP/LLN0.Beh.subVal: 0
14:23:46.708 [openiec61850-osi-server-7-thread-1] DEBUG com.beanit.openiec61850.ServerAssociation - sub BDA is:IEDBiogasCHP/LLN0.Beh.subQ: 0x00 0x00
14:23:46.708 [openiec61850-osi-server-7-thread-1] DEBUG com.beanit.openiec61850.ServerAssociation - sub BDA is:IEDBiogasCHP/LLN0.Beh.subID: ''
calling GetDataValues(IEDBiogasCHP/LLN0.Beh.subEna)
14:23:46.709 [openiec61850-osi-server-7-thread-1] DEBUG com.beanit.openiec61850.ServerAssociation - Got a GetDataValues request for node: IEDBiogasCHP/LLN0.Beh.subEna: false
calling GetDataValues(IEDBiogasCHP/LLN0.Beh.subVal)
14:23:46.709 [openiec61850-osi-server-7-thread-1] DEBUG com.beanit.openiec61850.ServerAssociation - Got a GetDataValues request for node: IEDBiogasCHP/LLN0.Beh.subVal: 0
calling GetDataValues(IEDBiogasCHP/LLN0.Beh.subQ)
14:23:46.709 [openiec61850-osi-server-7-thread-1] DEBUG com.beanit.openiec61850.ServerAssociation - Got a GetDataValues request for node: IEDBiogasCHP/LLN0.Beh.subQ: 0x00 0x00
calling GetDataValues(IEDBiogasCHP/LLN0.Beh.subID)
14:23:46.709 [openiec61850-osi-server-7-thread-1] DEBUG com.beanit.openiec61850.ServerAssociation - Got a GetDataValues request for node: IEDBiogasCHP/LLN0.Beh.subID: ''
calling GetDataValues(IEDBiogasCHP/LLN0.Beh)
14:23:46.709 [openiec61850-osi-server-7-thread-1] DEBUG com.beanit.openiec61850.ServerAssociation - Got a GetDataValues request for node: IEDBiogasCHP/LLN0.Beh [DC]
IEDBiogasCHP/LLN0.Beh.d: ''
IEDBiogasCHP/LLN0.Beh.dU: 
14:23:46.709 [openiec61850-osi-server-7-thread-1] DEBUG com.beanit.openiec61850.ServerAssociation - sub BDA is:IEDBiogasCHP/LLN0.Beh.d: ''
14:23:46.709 [openiec61850-osi-server-7-thread-1] DEBUG com.beanit.openiec61850.ServerAssociation - sub BDA is:IEDBiogasCHP/LLN0.Beh.dU: 
calling GetDataValues(IEDBiogasCHP/LLN0.Beh.d)
14:23:46.710 [openiec61850-osi-server-7-thread-1] DEBUG com.beanit.openiec61850.ServerAssociation - Got a GetDataValues request for node: IEDBiogasCHP/LLN0.Beh.d: ''
calling GetDataValues(IEDBiogasCHP/LLN0.Beh.dU)
14:23:46.710 [openiec61850-osi-server-7-thread-1] DEBUG com.beanit.openiec61850.ServerAssociation - Got a GetDataValues request for node: IEDBiogasCHP/LLN0.Beh.dU: 
calling GetDataValues(IEDBiogasCHP/LLN0.Beh)
14:23:46.710 [openiec61850-osi-server-7-thread-1] DEBUG com.beanit.openiec61850.ServerAssociation - Got a GetDataValues request for node: IEDBiogasCHP/LLN0.Beh [EX]
IEDBiogasCHP/LLN0.Beh.cdcNs: ''
IEDBiogasCHP/LLN0.Beh.cdcName: ''
IEDBiogasCHP/LLN0.Beh.dataNs: ''
14:23:46.710 [openiec61850-osi-server-7-thread-1] DEBUG com.beanit.openiec61850.ServerAssociation - sub BDA is:IEDBiogasCHP/LLN0.Beh.cdcNs: ''
14:23:46.710 [openiec61850-osi-server-7-thread-1] DEBUG com.beanit.openiec61850.ServerAssociation - sub BDA is:IEDBiogasCHP/LLN0.Beh.cdcName: ''
14:23:46.710 [openiec61850-osi-server-7-thread-1] DEBUG com.beanit.openiec61850.ServerAssociation - sub BDA is:IEDBiogasCHP/LLN0.Beh.dataNs: ''
calling GetDataValues(IEDBiogasCHP/LLN0.Beh.cdcNs)
14:23:46.710 [openiec61850-osi-server-7-thread-1] DEBUG com.beanit.openiec61850.ServerAssociation - Got a GetDataValues request for node: IEDBiogasCHP/LLN0.Beh.cdcNs: ''
calling GetDataValues(IEDBiogasCHP/LLN0.Beh.cdcName)
14:23:46.710 [openiec61850-osi-server-7-thread-1] DEBUG com.beanit.openiec61850.ServerAssociation - Got a GetDataValues request for node: IEDBiogasCHP/LLN0.Beh.cdcName: ''
calling GetDataValues(IEDBiogasCHP/LLN0.Beh.dataNs)
14:23:46.711 [openiec61850-osi-server-7-thread-1] DEBUG com.beanit.openiec61850.ServerAssociation - Got a GetDataValues request for node: IEDBiogasCHP/LLN0.Beh.dataNs: ''
calling GetDataValues(IEDBiogasCHP/LLN0.Health)
14:23:46.711 [openiec61850-osi-server-7-thread-1] DEBUG com.beanit.openiec61850.ServerAssociation - Got a GetDataValues request for node: IEDBiogasCHP/LLN0.Health [ST]
IEDBiogasCHP/LLN0.Health.stVal: 0
IEDBiogasCHP/LLN0.Health.q: 0x00 0x00
IEDBiogasCHP/LLN0.Health.t: Thu Jan 01 01:00:00 CET 1970
14:23:46.711 [openiec61850-osi-server-7-thread-1] DEBUG com.beanit.openiec61850.ServerAssociation - sub BDA is:IEDBiogasCHP/LLN0.Health.stVal: 0
14:23:46.711 [openiec61850-osi-server-7-thread-1] DEBUG com.beanit.openiec61850.ServerAssociation - sub BDA is:IEDBiogasCHP/LLN0.Health.q: 0x00 0x00
14:23:46.711 [openiec61850-osi-server-7-thread-1] DEBUG com.beanit.openiec61850.ServerAssociation - sub BDA is:IEDBiogasCHP/LLN0.Health.t: Thu Jan 01 01:00:00 CET 1970
calling GetDataValues(IEDBiogasCHP/LLN0.Health.stVal)
14:23:46.711 [openiec61850-osi-server-7-thread-1] DEBUG com.beanit.openiec61850.ServerAssociation - Got a GetDataValues request for node: IEDBiogasCHP/LLN0.Health.stVal: 0
calling GetDataValues(IEDBiogasCHP/LLN0.Health.q)
14:23:46.711 [openiec61850-osi-server-7-thread-1] DEBUG com.beanit.openiec61850.ServerAssociation - Got a GetDataValues request for node: IEDBiogasCHP/LLN0.Health.q: 0x00 0x00
calling GetDataValues(IEDBiogasCHP/LLN0.Health.t)
14:23:46.712 [openiec61850-osi-server-7-thread-1] DEBUG com.beanit.openiec61850.ServerAssociation - Got a GetDataValues request for node: IEDBiogasCHP/LLN0.Health.t: Thu Jan 01 01:00:00 CET 1970
calling GetDataValues(IEDBiogasCHP/LLN0.Health)
14:23:46.712 [openiec61850-osi-server-7-thread-1] DEBUG com.beanit.openiec61850.ServerAssociation - Got a GetDataValues request for node: IEDBiogasCHP/LLN0.Health [SV]
IEDBiogasCHP/LLN0.Health.subEna: false
IEDBiogasCHP/LLN0.Health.subVal: 0
IEDBiogasCHP/LLN0.Health.subQ: 0x00 0x00
IEDBiogasCHP/LLN0.Health.subID: ''
14:23:46.712 [openiec61850-osi-server-7-thread-1] DEBUG com.beanit.openiec61850.ServerAssociation - sub BDA is:IEDBiogasCHP/LLN0.Health.subEna: false
14:23:46.712 [openiec61850-osi-server-7-thread-1] DEBUG com.beanit.openiec61850.ServerAssociation - sub BDA is:IEDBiogasCHP/LLN0.Health.subVal: 0
14:23:46.712 [openiec61850-osi-server-7-thread-1] DEBUG com.beanit.openiec61850.ServerAssociation - sub BDA is:IEDBiogasCHP/LLN0.Health.subQ: 0x00 0x00
14:23:46.712 [openiec61850-osi-server-7-thread-1] DEBUG com.beanit.openiec61850.ServerAssociation - sub BDA is:IEDBiogasCHP/LLN0.Health.subID: ''
calling GetDataValues(IEDBiogasCHP/LLN0.Health.subEna)
14:23:46.712 [openiec61850-osi-server-7-thread-1] DEBUG com.beanit.openiec61850.ServerAssociation - Got a GetDataValues request for node: IEDBiogasCHP/LLN0.Health.subEna: false
calling GetDataValues(IEDBiogasCHP/LLN0.Health.subVal)
14:23:46.712 [openiec61850-osi-server-7-thread-1] DEBUG com.beanit.openiec61850.ServerAssociation - Got a GetDataValues request for node: IEDBiogasCHP/LLN0.Health.subVal: 0
calling GetDataValues(IEDBiogasCHP/LLN0.Health.subQ)
14:23:46.712 [openiec61850-osi-server-7-thread-1] DEBUG com.beanit.openiec61850.ServerAssociation - Got a GetDataValues request for node: IEDBiogasCHP/LLN0.Health.subQ: 0x00 0x00
calling GetDataValues(IEDBiogasCHP/LLN0.Health.subID)
14:23:46.713 [openiec61850-osi-server-7-thread-1] DEBUG com.beanit.openiec61850.ServerAssociation - Got a GetDataValues request for node: IEDBiogasCHP/LLN0.Health.subID: ''
calling GetDataValues(IEDBiogasCHP/LLN0.Health)
14:23:46.713 [openiec61850-osi-server-7-thread-1] DEBUG com.beanit.openiec61850.ServerAssociation - Got a GetDataValues request for node: IEDBiogasCHP/LLN0.Health [DC]
IEDBiogasCHP/LLN0.Health.d: ''
IEDBiogasCHP/LLN0.Health.dU: 
14:23:46.713 [openiec61850-osi-server-7-thread-1] DEBUG com.beanit.openiec61850.ServerAssociation - sub BDA is:IEDBiogasCHP/LLN0.Health.d: ''
14:23:46.713 [openiec61850-osi-server-7-thread-1] DEBUG com.beanit.openiec61850.ServerAssociation - sub BDA is:IEDBiogasCHP/LLN0.Health.dU: 
calling GetDataValues(IEDBiogasCHP/LLN0.Health.d)
14:23:46.713 [openiec61850-osi-server-7-thread-1] DEBUG com.beanit.openiec61850.ServerAssociation - Got a GetDataValues request for node: IEDBiogasCHP/LLN0.Health.d: ''
calling GetDataValues(IEDBiogasCHP/LLN0.Health.dU)
14:23:46.713 [openiec61850-osi-server-7-thread-1] DEBUG com.beanit.openiec61850.ServerAssociation - Got a GetDataValues request for node: IEDBiogasCHP/LLN0.Health.dU: 
calling GetDataValues(IEDBiogasCHP/LLN0.Health)
14:23:46.713 [openiec61850-osi-server-7-thread-1] DEBUG com.beanit.openiec61850.ServerAssociation - Got a GetDataValues request for node: IEDBiogasCHP/LLN0.Health [EX]
IEDBiogasCHP/LLN0.Health.cdcNs: ''
IEDBiogasCHP/LLN0.Health.cdcName: ''
IEDBiogasCHP/LLN0.Health.dataNs: ''
14:23:46.713 [openiec61850-osi-server-7-thread-1] DEBUG com.beanit.openiec61850.ServerAssociation - sub BDA is:IEDBiogasCHP/LLN0.Health.cdcNs: ''
14:23:46.713 [openiec61850-osi-server-7-thread-1] DEBUG com.beanit.openiec61850.ServerAssociation - sub BDA is:IEDBiogasCHP/LLN0.Health.cdcName: ''
14:23:46.713 [openiec61850-osi-server-7-thread-1] DEBUG com.beanit.openiec61850.ServerAssociation - sub BDA is:IEDBiogasCHP/LLN0.Health.dataNs: ''
calling GetDataValues(IEDBiogasCHP/LLN0.Health.cdcNs)
14:23:46.713 [openiec61850-osi-server-7-thread-1] DEBUG com.beanit.openiec61850.ServerAssociation - Got a GetDataValues request for node: IEDBiogasCHP/LLN0.Health.cdcNs: ''
calling GetDataValues(IEDBiogasCHP/LLN0.Health.cdcName)
14:23:46.714 [openiec61850-osi-server-7-thread-1] DEBUG com.beanit.openiec61850.ServerAssociation - Got a GetDataValues request for node: IEDBiogasCHP/LLN0.Health.cdcName: ''
calling GetDataValues(IEDBiogasCHP/LLN0.Health.dataNs)
14:23:46.714 [openiec61850-osi-server-7-thread-1] DEBUG com.beanit.openiec61850.ServerAssociation - Got a GetDataValues request for node: IEDBiogasCHP/LLN0.Health.dataNs: ''
calling GetDataValues(IEDBiogasCHP/LLN0.NamPlt)
14:23:46.714 [openiec61850-osi-server-7-thread-1] DEBUG com.beanit.openiec61850.ServerAssociation - Got a GetDataValues request for node: IEDBiogasCHP/LLN0.NamPlt [DC]
IEDBiogasCHP/LLN0.NamPlt.vendor: ''
IEDBiogasCHP/LLN0.NamPlt.swRev: ''
IEDBiogasCHP/LLN0.NamPlt.d: ''
IEDBiogasCHP/LLN0.NamPlt.dU: 
IEDBiogasCHP/LLN0.NamPlt.configRev: ''
14:23:46.714 [openiec61850-osi-server-7-thread-1] DEBUG com.beanit.openiec61850.ServerAssociation - sub BDA is:IEDBiogasCHP/LLN0.NamPlt.vendor: ''
14:23:46.714 [openiec61850-osi-server-7-thread-1] DEBUG com.beanit.openiec61850.ServerAssociation - sub BDA is:IEDBiogasCHP/LLN0.NamPlt.swRev: ''
14:23:46.714 [openiec61850-osi-server-7-thread-1] DEBUG com.beanit.openiec61850.ServerAssociation - sub BDA is:IEDBiogasCHP/LLN0.NamPlt.d: ''
14:23:46.714 [openiec61850-osi-server-7-thread-1] DEBUG com.beanit.openiec61850.ServerAssociation - sub BDA is:IEDBiogasCHP/LLN0.NamPlt.dU: 
14:23:46.714 [openiec61850-osi-server-7-thread-1] DEBUG com.beanit.openiec61850.ServerAssociation - sub BDA is:IEDBiogasCHP/LLN0.NamPlt.configRev: ''
calling GetDataValues(IEDBiogasCHP/LLN0.NamPlt.vendor)
14:23:46.714 [openiec61850-osi-server-7-thread-1] DEBUG com.beanit.openiec61850.ServerAssociation - Got a GetDataValues request for node: IEDBiogasCHP/LLN0.NamPlt.vendor: ''
calling GetDataValues(IEDBiogasCHP/LLN0.NamPlt.swRev)
14:23:46.714 [openiec61850-osi-server-7-thread-1] DEBUG com.beanit.openiec61850.ServerAssociation - Got a GetDataValues request for node: IEDBiogasCHP/LLN0.NamPlt.swRev: ''
calling GetDataValues(IEDBiogasCHP/LLN0.NamPlt.d)
14:23:46.715 [openiec61850-osi-server-7-thread-1] DEBUG com.beanit.openiec61850.ServerAssociation - Got a GetDataValues request for node: IEDBiogasCHP/LLN0.NamPlt.d: ''
calling GetDataValues(IEDBiogasCHP/LLN0.NamPlt.dU)
14:23:46.715 [openiec61850-osi-server-7-thread-1] DEBUG com.beanit.openiec61850.ServerAssociation - Got a GetDataValues request for node: IEDBiogasCHP/LLN0.NamPlt.dU: 
calling GetDataValues(IEDBiogasCHP/LLN0.NamPlt.configRev)
14:23:46.715 [openiec61850-osi-server-7-thread-1] DEBUG com.beanit.openiec61850.ServerAssociation - Got a GetDataValues request for node: IEDBiogasCHP/LLN0.NamPlt.configRev: ''
calling GetDataValues(IEDBiogasCHP/LLN0.NamPlt)
14:23:46.715 [openiec61850-osi-server-7-thread-1] DEBUG com.beanit.openiec61850.ServerAssociation - Got a GetDataValues request for node: IEDBiogasCHP/LLN0.NamPlt [EX]
IEDBiogasCHP/LLN0.NamPlt.ldNs: ''
IEDBiogasCHP/LLN0.NamPlt.lnNs: ''
IEDBiogasCHP/LLN0.NamPlt.cdcNs: ''
IEDBiogasCHP/LLN0.NamPlt.cdcName: ''
IEDBiogasCHP/LLN0.NamPlt.dataNs: ''
14:23:46.715 [openiec61850-osi-server-7-thread-1] DEBUG com.beanit.openiec61850.ServerAssociation - sub BDA is:IEDBiogasCHP/LLN0.NamPlt.ldNs: ''
14:23:46.715 [openiec61850-osi-server-7-thread-1] DEBUG com.beanit.openiec61850.ServerAssociation - sub BDA is:IEDBiogasCHP/LLN0.NamPlt.lnNs: ''
14:23:46.715 [openiec61850-osi-server-7-thread-1] DEBUG com.beanit.openiec61850.ServerAssociation - sub BDA is:IEDBiogasCHP/LLN0.NamPlt.cdcNs: ''
14:23:46.715 [openiec61850-osi-server-7-thread-1] DEBUG com.beanit.openiec61850.ServerAssociation - sub BDA is:IEDBiogasCHP/LLN0.NamPlt.cdcName: ''
14:23:46.715 [openiec61850-osi-server-7-thread-1] DEBUG com.beanit.openiec61850.ServerAssociation - sub BDA is:IEDBiogasCHP/LLN0.NamPlt.dataNs: ''
calling GetDataValues(IEDBiogasCHP/LLN0.NamPlt.ldNs)
14:23:46.715 [openiec61850-osi-server-7-thread-1] DEBUG com.beanit.openiec61850.ServerAssociation - Got a GetDataValues request for node: IEDBiogasCHP/LLN0.NamPlt.ldNs: ''
calling GetDataValues(IEDBiogasCHP/LLN0.NamPlt.lnNs)
14:23:46.716 [openiec61850-osi-server-7-thread-1] DEBUG com.beanit.openiec61850.ServerAssociation - Got a GetDataValues request for node: IEDBiogasCHP/LLN0.NamPlt.lnNs: ''
calling GetDataValues(IEDBiogasCHP/LLN0.NamPlt.cdcNs)
14:23:46.716 [openiec61850-osi-server-7-thread-1] DEBUG com.beanit.openiec61850.ServerAssociation - Got a GetDataValues request for node: IEDBiogasCHP/LLN0.NamPlt.cdcNs: ''
calling GetDataValues(IEDBiogasCHP/LLN0.NamPlt.cdcName)
14:23:46.716 [openiec61850-osi-server-7-thread-1] DEBUG com.beanit.openiec61850.ServerAssociation - Got a GetDataValues request for node: IEDBiogasCHP/LLN0.NamPlt.cdcName: ''
calling GetDataValues(IEDBiogasCHP/LLN0.NamPlt.dataNs)
14:23:46.716 [openiec61850-osi-server-7-thread-1] DEBUG com.beanit.openiec61850.ServerAssociation - Got a GetDataValues request for node: IEDBiogasCHP/LLN0.NamPlt.dataNs: ''
calling GetDataValues(IEDBiogasCHP/LLN0.Loc)
14:23:46.716 [openiec61850-osi-server-7-thread-1] DEBUG com.beanit.openiec61850.ServerAssociation - Got a GetDataValues request for node: IEDBiogasCHP/LLN0.Loc [ST]
IEDBiogasCHP/LLN0.Loc.stVal: false
IEDBiogasCHP/LLN0.Loc.q: 0x00 0x00
IEDBiogasCHP/LLN0.Loc.t: Thu Jan 01 01:00:00 CET 1970
14:23:46.716 [openiec61850-osi-server-7-thread-1] DEBUG com.beanit.openiec61850.ServerAssociation - sub BDA is:IEDBiogasCHP/LLN0.Loc.stVal: false
14:23:46.716 [openiec61850-osi-server-7-thread-1] DEBUG com.beanit.openiec61850.ServerAssociation - sub BDA is:IEDBiogasCHP/LLN0.Loc.q: 0x00 0x00
14:23:46.716 [openiec61850-osi-server-7-thread-1] DEBUG com.beanit.openiec61850.ServerAssociation - sub BDA is:IEDBiogasCHP/LLN0.Loc.t: Thu Jan 01 01:00:00 CET 1970
calling GetDataValues(IEDBiogasCHP/LLN0.Loc.stVal)
14:23:46.717 [openiec61850-osi-server-7-thread-1] DEBUG com.beanit.openiec61850.ServerAssociation - Got a GetDataValues request for node: IEDBiogasCHP/LLN0.Loc.stVal: false
calling GetDataValues(IEDBiogasCHP/LLN0.Loc.q)
14:23:46.717 [openiec61850-osi-server-7-thread-1] DEBUG com.beanit.openiec61850.ServerAssociation - Got a GetDataValues request for node: IEDBiogasCHP/LLN0.Loc.q: 0x00 0x00
calling GetDataValues(IEDBiogasCHP/LLN0.Loc.t)
14:23:46.717 [openiec61850-osi-server-7-thread-1] DEBUG com.beanit.openiec61850.ServerAssociation - Got a GetDataValues request for node: IEDBiogasCHP/LLN0.Loc.t: Thu Jan 01 01:00:00 CET 1970
calling GetDataValues(IEDBiogasCHP/LLN0.Loc)
14:23:46.717 [openiec61850-osi-server-7-thread-1] DEBUG com.beanit.openiec61850.ServerAssociation - Got a GetDataValues request for node: IEDBiogasCHP/LLN0.Loc [SV]
IEDBiogasCHP/LLN0.Loc.subEna: false
IEDBiogasCHP/LLN0.Loc.subVal: false
IEDBiogasCHP/LLN0.Loc.subQ: 0x00 0x00
IEDBiogasCHP/LLN0.Loc.subID: ''
14:23:46.717 [openiec61850-osi-server-7-thread-1] DEBUG com.beanit.openiec61850.ServerAssociation - sub BDA is:IEDBiogasCHP/LLN0.Loc.subEna: false
14:23:46.717 [openiec61850-osi-server-7-thread-1] DEBUG com.beanit.openiec61850.ServerAssociation - sub BDA is:IEDBiogasCHP/LLN0.Loc.subVal: false
14:23:46.717 [openiec61850-osi-server-7-thread-1] DEBUG com.beanit.openiec61850.ServerAssociation - sub BDA is:IEDBiogasCHP/LLN0.Loc.subQ: 0x00 0x00
14:23:46.717 [openiec61850-osi-server-7-thread-1] DEBUG com.beanit.openiec61850.ServerAssociation - sub BDA is:IEDBiogasCHP/LLN0.Loc.subID: ''
calling GetDataValues(IEDBiogasCHP/LLN0.Loc.subEna)
14:23:46.717 [openiec61850-osi-server-7-thread-1] DEBUG com.beanit.openiec61850.ServerAssociation - Got a GetDataValues request for node: IEDBiogasCHP/LLN0.Loc.subEna: false
calling GetDataValues(IEDBiogasCHP/LLN0.Loc.subVal)
14:23:46.718 [openiec61850-osi-server-7-thread-1] DEBUG com.beanit.openiec61850.ServerAssociation - Got a GetDataValues request for node: IEDBiogasCHP/LLN0.Loc.subVal: false
calling GetDataValues(IEDBiogasCHP/LLN0.Loc.subQ)
14:23:46.718 [openiec61850-osi-server-7-thread-1] DEBUG com.beanit.openiec61850.ServerAssociation - Got a GetDataValues request for node: IEDBiogasCHP/LLN0.Loc.subQ: 0x00 0x00
calling GetDataValues(IEDBiogasCHP/LLN0.Loc.subID)
14:23:46.718 [openiec61850-osi-server-7-thread-1] DEBUG com.beanit.openiec61850.ServerAssociation - Got a GetDataValues request for node: IEDBiogasCHP/LLN0.Loc.subID: ''
calling GetDataValues(IEDBiogasCHP/LLN0.Loc)
14:23:46.718 [openiec61850-osi-server-7-thread-1] DEBUG com.beanit.openiec61850.ServerAssociation - Got a GetDataValues request for node: IEDBiogasCHP/LLN0.Loc [DC]
IEDBiogasCHP/LLN0.Loc.d: ''
IEDBiogasCHP/LLN0.Loc.dU: 
14:23:46.718 [openiec61850-osi-server-7-thread-1] DEBUG com.beanit.openiec61850.ServerAssociation - sub BDA is:IEDBiogasCHP/LLN0.Loc.d: ''
14:23:46.718 [openiec61850-osi-server-7-thread-1] DEBUG com.beanit.openiec61850.ServerAssociation - sub BDA is:IEDBiogasCHP/LLN0.Loc.dU: 
calling GetDataValues(IEDBiogasCHP/LLN0.Loc.d)
14:23:46.718 [openiec61850-osi-server-7-thread-1] DEBUG com.beanit.openiec61850.ServerAssociation - Got a GetDataValues request for node: IEDBiogasCHP/LLN0.Loc.d: ''
calling GetDataValues(IEDBiogasCHP/LLN0.Loc.dU)
14:23:46.718 [openiec61850-osi-server-7-thread-1] DEBUG com.beanit.openiec61850.ServerAssociation - Got a GetDataValues request for node: IEDBiogasCHP/LLN0.Loc.dU: 
calling GetDataValues(IEDBiogasCHP/LLN0.Loc)
14:23:46.719 [openiec61850-osi-server-7-thread-1] DEBUG com.beanit.openiec61850.ServerAssociation - Got a GetDataValues request for node: IEDBiogasCHP/LLN0.Loc [EX]
IEDBiogasCHP/LLN0.Loc.cdcNs: ''
IEDBiogasCHP/LLN0.Loc.cdcName: ''
IEDBiogasCHP/LLN0.Loc.dataNs: ''
14:23:46.719 [openiec61850-osi-server-7-thread-1] DEBUG com.beanit.openiec61850.ServerAssociation - sub BDA is:IEDBiogasCHP/LLN0.Loc.cdcNs: ''
14:23:46.719 [openiec61850-osi-server-7-thread-1] DEBUG com.beanit.openiec61850.ServerAssociation - sub BDA is:IEDBiogasCHP/LLN0.Loc.cdcName: ''
14:23:46.719 [openiec61850-osi-server-7-thread-1] DEBUG com.beanit.openiec61850.ServerAssociation - sub BDA is:IEDBiogasCHP/LLN0.Loc.dataNs: ''
calling GetDataValues(IEDBiogasCHP/LLN0.Loc.cdcNs)
14:23:46.719 [openiec61850-osi-server-7-thread-1] DEBUG com.beanit.openiec61850.ServerAssociation - Got a GetDataValues request for node: IEDBiogasCHP/LLN0.Loc.cdcNs: ''
calling GetDataValues(IEDBiogasCHP/LLN0.Loc.cdcName)
14:23:46.719 [openiec61850-osi-server-7-thread-1] DEBUG com.beanit.openiec61850.ServerAssociation - Got a GetDataValues request for node: IEDBiogasCHP/LLN0.Loc.cdcName: ''
calling GetDataValues(IEDBiogasCHP/LLN0.Loc.dataNs)
14:23:46.719 [openiec61850-osi-server-7-thread-1] DEBUG com.beanit.openiec61850.ServerAssociation - Got a GetDataValues request for node: IEDBiogasCHP/LLN0.Loc.dataNs: ''
calling GetDataValues(IEDBiogasCHP/LLN0.OpTmh)
14:23:46.719 [openiec61850-osi-server-7-thread-1] DEBUG com.beanit.openiec61850.ServerAssociation - Got a GetDataValues request for node: IEDBiogasCHP/LLN0.OpTmh [ST]
IEDBiogasCHP/LLN0.OpTmh.stVal: 0
IEDBiogasCHP/LLN0.OpTmh.q: 0x00 0x00
IEDBiogasCHP/LLN0.OpTmh.t: Thu Jan 01 01:00:00 CET 1970
14:23:46.719 [openiec61850-osi-server-7-thread-1] DEBUG com.beanit.openiec61850.ServerAssociation - sub BDA is:IEDBiogasCHP/LLN0.OpTmh.stVal: 0
14:23:46.720 [openiec61850-osi-server-7-thread-1] DEBUG com.beanit.openiec61850.ServerAssociation - sub BDA is:IEDBiogasCHP/LLN0.OpTmh.q: 0x00 0x00
14:23:46.720 [openiec61850-osi-server-7-thread-1] DEBUG com.beanit.openiec61850.ServerAssociation - sub BDA is:IEDBiogasCHP/LLN0.OpTmh.t: Thu Jan 01 01:00:00 CET 1970
calling GetDataValues(IEDBiogasCHP/LLN0.OpTmh.stVal)
14:23:46.720 [openiec61850-osi-server-7-thread-1] DEBUG com.beanit.openiec61850.ServerAssociation - Got a GetDataValues request for node: IEDBiogasCHP/LLN0.OpTmh.stVal: 0
calling GetDataValues(IEDBiogasCHP/LLN0.OpTmh.q)
14:23:46.720 [openiec61850-osi-server-7-thread-1] DEBUG com.beanit.openiec61850.ServerAssociation - Got a GetDataValues request for node: IEDBiogasCHP/LLN0.OpTmh.q: 0x00 0x00
calling GetDataValues(IEDBiogasCHP/LLN0.OpTmh.t)
14:23:46.720 [openiec61850-osi-server-7-thread-1] DEBUG com.beanit.openiec61850.ServerAssociation - Got a GetDataValues request for node: IEDBiogasCHP/LLN0.OpTmh.t: Thu Jan 01 01:00:00 CET 1970
calling GetDataValues(IEDBiogasCHP/LLN0.OpTmh)
14:23:46.720 [openiec61850-osi-server-7-thread-1] DEBUG com.beanit.openiec61850.ServerAssociation - Got a GetDataValues request for node: IEDBiogasCHP/LLN0.OpTmh [SV]
IEDBiogasCHP/LLN0.OpTmh.subEna: false
IEDBiogasCHP/LLN0.OpTmh.subVal: 0
IEDBiogasCHP/LLN0.OpTmh.subQ: 0x00 0x00
IEDBiogasCHP/LLN0.OpTmh.subID: ''
14:23:46.720 [openiec61850-osi-server-7-thread-1] DEBUG com.beanit.openiec61850.ServerAssociation - sub BDA is:IEDBiogasCHP/LLN0.OpTmh.subEna: false
14:23:46.720 [openiec61850-osi-server-7-thread-1] DEBUG com.beanit.openiec61850.ServerAssociation - sub BDA is:IEDBiogasCHP/LLN0.OpTmh.subVal: 0
14:23:46.720 [openiec61850-osi-server-7-thread-1] DEBUG com.beanit.openiec61850.ServerAssociation - sub BDA is:IEDBiogasCHP/LLN0.OpTmh.subQ: 0x00 0x00
14:23:46.720 [openiec61850-osi-server-7-thread-1] DEBUG com.beanit.openiec61850.ServerAssociation - sub BDA is:IEDBiogasCHP/LLN0.OpTmh.subID: ''
calling GetDataValues(IEDBiogasCHP/LLN0.OpTmh.subEna)
14:23:46.721 [openiec61850-osi-server-7-thread-1] DEBUG com.beanit.openiec61850.ServerAssociation - Got a GetDataValues request for node: IEDBiogasCHP/LLN0.OpTmh.subEna: false
calling GetDataValues(IEDBiogasCHP/LLN0.OpTmh.subVal)
14:23:46.721 [openiec61850-osi-server-7-thread-1] DEBUG com.beanit.openiec61850.ServerAssociation - Got a GetDataValues request for node: IEDBiogasCHP/LLN0.OpTmh.subVal: 0
calling GetDataValues(IEDBiogasCHP/LLN0.OpTmh.subQ)
14:23:46.721 [openiec61850-osi-server-7-thread-1] DEBUG com.beanit.openiec61850.ServerAssociation - Got a GetDataValues request for node: IEDBiogasCHP/LLN0.OpTmh.subQ: 0x00 0x00
calling GetDataValues(IEDBiogasCHP/LLN0.OpTmh.subID)
14:23:46.721 [openiec61850-osi-server-7-thread-1] DEBUG com.beanit.openiec61850.ServerAssociation - Got a GetDataValues request for node: IEDBiogasCHP/LLN0.OpTmh.subID: ''
calling GetDataValues(IEDBiogasCHP/LLN0.OpTmh)
14:23:46.721 [openiec61850-osi-server-7-thread-1] DEBUG com.beanit.openiec61850.ServerAssociation - Got a GetDataValues request for node: IEDBiogasCHP/LLN0.OpTmh [DC]
IEDBiogasCHP/LLN0.OpTmh.d: ''
IEDBiogasCHP/LLN0.OpTmh.dU: 
14:23:46.721 [openiec61850-osi-server-7-thread-1] DEBUG com.beanit.openiec61850.ServerAssociation - sub BDA is:IEDBiogasCHP/LLN0.OpTmh.d: ''
14:23:46.721 [openiec61850-osi-server-7-thread-1] DEBUG com.beanit.openiec61850.ServerAssociation - sub BDA is:IEDBiogasCHP/LLN0.OpTmh.dU: 
calling GetDataValues(IEDBiogasCHP/LLN0.OpTmh.d)
14:23:46.722 [openiec61850-osi-server-7-thread-1] DEBUG com.beanit.openiec61850.ServerAssociation - Got a GetDataValues request for node: IEDBiogasCHP/LLN0.OpTmh.d: ''
calling GetDataValues(IEDBiogasCHP/LLN0.OpTmh.dU)
14:23:46.722 [openiec61850-osi-server-7-thread-1] DEBUG com.beanit.openiec61850.ServerAssociation - Got a GetDataValues request for node: IEDBiogasCHP/LLN0.OpTmh.dU: 
calling GetDataValues(IEDBiogasCHP/LLN0.OpTmh)
14:23:46.722 [openiec61850-osi-server-7-thread-1] DEBUG com.beanit.openiec61850.ServerAssociation - Got a GetDataValues request for node: IEDBiogasCHP/LLN0.OpTmh [EX]
IEDBiogasCHP/LLN0.OpTmh.cdcNs: ''
IEDBiogasCHP/LLN0.OpTmh.cdcName: ''
IEDBiogasCHP/LLN0.OpTmh.dataNs: ''
14:23:46.722 [openiec61850-osi-server-7-thread-1] DEBUG com.beanit.openiec61850.ServerAssociation - sub BDA is:IEDBiogasCHP/LLN0.OpTmh.cdcNs: ''
14:23:46.722 [openiec61850-osi-server-7-thread-1] DEBUG com.beanit.openiec61850.ServerAssociation - sub BDA is:IEDBiogasCHP/LLN0.OpTmh.cdcName: ''
14:23:46.722 [openiec61850-osi-server-7-thread-1] DEBUG com.beanit.openiec61850.ServerAssociation - sub BDA is:IEDBiogasCHP/LLN0.OpTmh.dataNs: ''
calling GetDataValues(IEDBiogasCHP/LLN0.OpTmh.cdcNs)
14:23:46.722 [openiec61850-osi-server-7-thread-1] DEBUG com.beanit.openiec61850.ServerAssociation - Got a GetDataValues request for node: IEDBiogasCHP/LLN0.OpTmh.cdcNs: ''
calling GetDataValues(IEDBiogasCHP/LLN0.OpTmh.cdcName)
14:23:46.722 [openiec61850-osi-server-7-thread-1] DEBUG com.beanit.openiec61850.ServerAssociation - Got a GetDataValues request for node: IEDBiogasCHP/LLN0.OpTmh.cdcName: ''
calling GetDataValues(IEDBiogasCHP/LLN0.OpTmh.dataNs)
14:23:46.722 [openiec61850-osi-server-7-thread-1] DEBUG com.beanit.openiec61850.ServerAssociation - Got a GetDataValues request for node: IEDBiogasCHP/LLN0.OpTmh.dataNs: ''
calling GetDataValues(IEDBiogasCHP/LLN0.Diag)
14:23:46.723 [openiec61850-osi-server-7-thread-1] DEBUG com.beanit.openiec61850.ServerAssociation - Got a GetDataValues request for node: IEDBiogasCHP/LLN0.Diag [ST]
IEDBiogasCHP/LLN0.Diag.origin [ST]
IEDBiogasCHP/LLN0.Diag.origin.orCat: 0
IEDBiogasCHP/LLN0.Diag.origin.orIdent: []
IEDBiogasCHP/LLN0.Diag.ctlNum: 0
IEDBiogasCHP/LLN0.Diag.stVal: false
IEDBiogasCHP/LLN0.Diag.q: 0x00 0x00
IEDBiogasCHP/LLN0.Diag.t: Thu Jan 01 01:00:00 CET 1970
IEDBiogasCHP/LLN0.Diag.stSeld: false
14:23:46.723 [openiec61850-osi-server-7-thread-1] DEBUG com.beanit.openiec61850.ServerAssociation - sub BDA is:IEDBiogasCHP/LLN0.Diag.origin.orCat: 0
14:23:46.723 [openiec61850-osi-server-7-thread-1] DEBUG com.beanit.openiec61850.ServerAssociation - sub BDA is:IEDBiogasCHP/LLN0.Diag.origin.orIdent: []
14:23:46.723 [openiec61850-osi-server-7-thread-1] DEBUG com.beanit.openiec61850.ServerAssociation - sub BDA is:IEDBiogasCHP/LLN0.Diag.ctlNum: 0
14:23:46.723 [openiec61850-osi-server-7-thread-1] DEBUG com.beanit.openiec61850.ServerAssociation - sub BDA is:IEDBiogasCHP/LLN0.Diag.stVal: false
14:23:46.723 [openiec61850-osi-server-7-thread-1] DEBUG com.beanit.openiec61850.ServerAssociation - sub BDA is:IEDBiogasCHP/LLN0.Diag.q: 0x00 0x00
14:23:46.723 [openiec61850-osi-server-7-thread-1] DEBUG com.beanit.openiec61850.ServerAssociation - sub BDA is:IEDBiogasCHP/LLN0.Diag.t: Thu Jan 01 01:00:00 CET 1970
14:23:46.723 [openiec61850-osi-server-7-thread-1] DEBUG com.beanit.openiec61850.ServerAssociation - sub BDA is:IEDBiogasCHP/LLN0.Diag.stSeld: false
calling GetDataValues(IEDBiogasCHP/LLN0.Diag.origin)
14:23:46.723 [openiec61850-osi-server-7-thread-1] DEBUG com.beanit.openiec61850.ServerAssociation - Got a GetDataValues request for node: IEDBiogasCHP/LLN0.Diag.origin [ST]
IEDBiogasCHP/LLN0.Diag.origin.orCat: 0
IEDBiogasCHP/LLN0.Diag.origin.orIdent: []
14:23:46.723 [openiec61850-osi-server-7-thread-1] DEBUG com.beanit.openiec61850.ServerAssociation - sub BDA is:IEDBiogasCHP/LLN0.Diag.origin.orCat: 0
14:23:46.723 [openiec61850-osi-server-7-thread-1] DEBUG com.beanit.openiec61850.ServerAssociation - sub BDA is:IEDBiogasCHP/LLN0.Diag.origin.orIdent: []
calling GetDataValues(IEDBiogasCHP/LLN0.Diag.origin.orCat)
14:23:46.723 [openiec61850-osi-server-7-thread-1] DEBUG com.beanit.openiec61850.ServerAssociation - Got a GetDataValues request for node: IEDBiogasCHP/LLN0.Diag.origin.orCat: 0
calling GetDataValues(IEDBiogasCHP/LLN0.Diag.origin.orIdent)
14:23:46.723 [openiec61850-osi-server-7-thread-1] DEBUG com.beanit.openiec61850.ServerAssociation - Got a GetDataValues request for node: IEDBiogasCHP/LLN0.Diag.origin.orIdent: []
calling GetDataValues(IEDBiogasCHP/LLN0.Diag.ctlNum)
14:23:46.724 [openiec61850-osi-server-7-thread-1] DEBUG com.beanit.openiec61850.ServerAssociation - Got a GetDataValues request for node: IEDBiogasCHP/LLN0.Diag.ctlNum: 0
calling GetDataValues(IEDBiogasCHP/LLN0.Diag.stVal)
14:23:46.724 [openiec61850-osi-server-7-thread-1] DEBUG com.beanit.openiec61850.ServerAssociation - Got a GetDataValues request for node: IEDBiogasCHP/LLN0.Diag.stVal: false
calling GetDataValues(IEDBiogasCHP/LLN0.Diag.q)
14:23:46.724 [openiec61850-osi-server-7-thread-1] DEBUG com.beanit.openiec61850.ServerAssociation - Got a GetDataValues request for node: IEDBiogasCHP/LLN0.Diag.q: 0x00 0x00
calling GetDataValues(IEDBiogasCHP/LLN0.Diag.t)
14:23:46.724 [openiec61850-osi-server-7-thread-1] DEBUG com.beanit.openiec61850.ServerAssociation - Got a GetDataValues request for node: IEDBiogasCHP/LLN0.Diag.t: Thu Jan 01 01:00:00 CET 1970
calling GetDataValues(IEDBiogasCHP/LLN0.Diag.stSeld)
14:23:46.724 [openiec61850-osi-server-7-thread-1] DEBUG com.beanit.openiec61850.ServerAssociation - Got a GetDataValues request for node: IEDBiogasCHP/LLN0.Diag.stSeld: false
calling GetDataValues(IEDBiogasCHP/LLN0.Diag)
14:23:46.725 [openiec61850-osi-server-7-thread-1] DEBUG com.beanit.openiec61850.ServerAssociation - Got a GetDataValues request for node: IEDBiogasCHP/LLN0.Diag [SV]
IEDBiogasCHP/LLN0.Diag.subEna: false
IEDBiogasCHP/LLN0.Diag.subVal: false
IEDBiogasCHP/LLN0.Diag.subQ: 0x00 0x00
IEDBiogasCHP/LLN0.Diag.subID: ''
14:23:46.725 [openiec61850-osi-server-7-thread-1] DEBUG com.beanit.openiec61850.ServerAssociation - sub BDA is:IEDBiogasCHP/LLN0.Diag.subEna: false
14:23:46.725 [openiec61850-osi-server-7-thread-1] DEBUG com.beanit.openiec61850.ServerAssociation - sub BDA is:IEDBiogasCHP/LLN0.Diag.subVal: false
14:23:46.725 [openiec61850-osi-server-7-thread-1] DEBUG com.beanit.openiec61850.ServerAssociation - sub BDA is:IEDBiogasCHP/LLN0.Diag.subQ: 0x00 0x00
14:23:46.725 [openiec61850-osi-server-7-thread-1] DEBUG com.beanit.openiec61850.ServerAssociation - sub BDA is:IEDBiogasCHP/LLN0.Diag.subID: ''
calling GetDataValues(IEDBiogasCHP/LLN0.Diag.subEna)
14:23:46.725 [openiec61850-osi-server-7-thread-1] DEBUG com.beanit.openiec61850.ServerAssociation - Got a GetDataValues request for node: IEDBiogasCHP/LLN0.Diag.subEna: false
calling GetDataValues(IEDBiogasCHP/LLN0.Diag.subVal)
14:23:46.725 [openiec61850-osi-server-7-thread-1] DEBUG com.beanit.openiec61850.ServerAssociation - Got a GetDataValues request for node: IEDBiogasCHP/LLN0.Diag.subVal: false
calling GetDataValues(IEDBiogasCHP/LLN0.Diag.subQ)
14:23:46.725 [openiec61850-osi-server-7-thread-1] DEBUG com.beanit.openiec61850.ServerAssociation - Got a GetDataValues request for node: IEDBiogasCHP/LLN0.Diag.subQ: 0x00 0x00
calling GetDataValues(IEDBiogasCHP/LLN0.Diag.subID)
14:23:46.725 [openiec61850-osi-server-7-thread-1] DEBUG com.beanit.openiec61850.ServerAssociation - Got a GetDataValues request for node: IEDBiogasCHP/LLN0.Diag.subID: ''
calling GetDataValues(IEDBiogasCHP/LLN0.Diag)
14:23:46.726 [openiec61850-osi-server-7-thread-1] DEBUG com.beanit.openiec61850.ServerAssociation - Got a GetDataValues request for node: IEDBiogasCHP/LLN0.Diag [CF]
IEDBiogasCHP/LLN0.Diag.pulseConfig [CF]
IEDBiogasCHP/LLN0.Diag.pulseConfig.cmdQual: 0
IEDBiogasCHP/LLN0.Diag.pulseConfig.onDur: 0
IEDBiogasCHP/LLN0.Diag.pulseConfig.offDur: 0
IEDBiogasCHP/LLN0.Diag.pulseConfig.numPls: 0
IEDBiogasCHP/LLN0.Diag.ctlModel: 0
IEDBiogasCHP/LLN0.Diag.sboTimeout: 0
IEDBiogasCHP/LLN0.Diag.sboClass: 0
14:23:46.726 [openiec61850-osi-server-7-thread-1] DEBUG com.beanit.openiec61850.ServerAssociation - sub BDA is:IEDBiogasCHP/LLN0.Diag.pulseConfig.cmdQual: 0
14:23:46.726 [openiec61850-osi-server-7-thread-1] DEBUG com.beanit.openiec61850.ServerAssociation - sub BDA is:IEDBiogasCHP/LLN0.Diag.pulseConfig.onDur: 0
14:23:46.726 [openiec61850-osi-server-7-thread-1] DEBUG com.beanit.openiec61850.ServerAssociation - sub BDA is:IEDBiogasCHP/LLN0.Diag.pulseConfig.offDur: 0
14:23:46.726 [openiec61850-osi-server-7-thread-1] DEBUG com.beanit.openiec61850.ServerAssociation - sub BDA is:IEDBiogasCHP/LLN0.Diag.pulseConfig.numPls: 0
14:23:46.726 [openiec61850-osi-server-7-thread-1] DEBUG com.beanit.openiec61850.ServerAssociation - sub BDA is:IEDBiogasCHP/LLN0.Diag.ctlModel: 0
14:23:46.726 [openiec61850-osi-server-7-thread-1] DEBUG com.beanit.openiec61850.ServerAssociation - sub BDA is:IEDBiogasCHP/LLN0.Diag.sboTimeout: 0
14:23:46.726 [openiec61850-osi-server-7-thread-1] DEBUG com.beanit.openiec61850.ServerAssociation - sub BDA is:IEDBiogasCHP/LLN0.Diag.sboClass: 0
calling GetDataValues(IEDBiogasCHP/LLN0.Diag.pulseConfig)
14:23:46.726 [openiec61850-osi-server-7-thread-1] DEBUG com.beanit.openiec61850.ServerAssociation - Got a GetDataValues request for node: IEDBiogasCHP/LLN0.Diag.pulseConfig [CF]
IEDBiogasCHP/LLN0.Diag.pulseConfig.cmdQual: 0
IEDBiogasCHP/LLN0.Diag.pulseConfig.onDur: 0
IEDBiogasCHP/LLN0.Diag.pulseConfig.offDur: 0
IEDBiogasCHP/LLN0.Diag.pulseConfig.numPls: 0
14:23:46.726 [openiec61850-osi-server-7-thread-1] DEBUG com.beanit.openiec61850.ServerAssociation - sub BDA is:IEDBiogasCHP/LLN0.Diag.pulseConfig.cmdQual: 0
14:23:46.726 [openiec61850-osi-server-7-thread-1] DEBUG com.beanit.openiec61850.ServerAssociation - sub BDA is:IEDBiogasCHP/LLN0.Diag.pulseConfig.onDur: 0
14:23:46.726 [openiec61850-osi-server-7-thread-1] DEBUG com.beanit.openiec61850.ServerAssociation - sub BDA is:IEDBiogasCHP/LLN0.Diag.pulseConfig.offDur: 0
14:23:46.726 [openiec61850-osi-server-7-thread-1] DEBUG com.beanit.openiec61850.ServerAssociation - sub BDA is:IEDBiogasCHP/LLN0.Diag.pulseConfig.numPls: 0
calling GetDataValues(IEDBiogasCHP/LLN0.Diag.pulseConfig.cmdQual)
14:23:46.726 [openiec61850-osi-server-7-thread-1] DEBUG com.beanit.openiec61850.ServerAssociation - Got a GetDataValues request for node: IEDBiogasCHP/LLN0.Diag.pulseConfig.cmdQual: 0
calling GetDataValues(IEDBiogasCHP/LLN0.Diag.pulseConfig.onDur)
14:23:46.726 [openiec61850-osi-server-7-thread-1] DEBUG com.beanit.openiec61850.ServerAssociation - Got a GetDataValues request for node: IEDBiogasCHP/LLN0.Diag.pulseConfig.onDur: 0
calling GetDataValues(IEDBiogasCHP/LLN0.Diag.pulseConfig.offDur)
14:23:46.727 [openiec61850-osi-server-7-thread-1] DEBUG com.beanit.openiec61850.ServerAssociation - Got a GetDataValues request for node: IEDBiogasCHP/LLN0.Diag.pulseConfig.offDur: 0
calling GetDataValues(IEDBiogasCHP/LLN0.Diag.pulseConfig.numPls)
14:23:46.727 [openiec61850-osi-server-7-thread-1] DEBUG com.beanit.openiec61850.ServerAssociation - Got a GetDataValues request for node: IEDBiogasCHP/LLN0.Diag.pulseConfig.numPls: 0
calling GetDataValues(IEDBiogasCHP/LLN0.Diag.ctlModel)
14:23:46.727 [openiec61850-osi-server-7-thread-1] DEBUG com.beanit.openiec61850.ServerAssociation - Got a GetDataValues request for node: IEDBiogasCHP/LLN0.Diag.ctlModel: 0
calling GetDataValues(IEDBiogasCHP/LLN0.Diag.sboTimeout)
14:23:46.727 [openiec61850-osi-server-7-thread-1] DEBUG com.beanit.openiec61850.ServerAssociation - Got a GetDataValues request for node: IEDBiogasCHP/LLN0.Diag.sboTimeout: 0
calling GetDataValues(IEDBiogasCHP/LLN0.Diag.sboClass)
14:23:46.727 [openiec61850-osi-server-7-thread-1] DEBUG com.beanit.openiec61850.ServerAssociation - Got a GetDataValues request for node: IEDBiogasCHP/LLN0.Diag.sboClass: 0
calling GetDataValues(IEDBiogasCHP/LLN0.Diag)
14:23:46.727 [openiec61850-osi-server-7-thread-1] DEBUG com.beanit.openiec61850.ServerAssociation - Got a GetDataValues request for node: IEDBiogasCHP/LLN0.Diag [DC]
IEDBiogasCHP/LLN0.Diag.d: ''
IEDBiogasCHP/LLN0.Diag.dU: 
14:23:46.727 [openiec61850-osi-server-7-thread-1] DEBUG com.beanit.openiec61850.ServerAssociation - sub BDA is:IEDBiogasCHP/LLN0.Diag.d: ''
14:23:46.727 [openiec61850-osi-server-7-thread-1] DEBUG com.beanit.openiec61850.ServerAssociation - sub BDA is:IEDBiogasCHP/LLN0.Diag.dU: 
calling GetDataValues(IEDBiogasCHP/LLN0.Diag.d)
14:23:46.728 [openiec61850-osi-server-7-thread-1] DEBUG com.beanit.openiec61850.ServerAssociation - Got a GetDataValues request for node: IEDBiogasCHP/LLN0.Diag.d: ''
calling GetDataValues(IEDBiogasCHP/LLN0.Diag.dU)
14:23:46.728 [openiec61850-osi-server-7-thread-1] DEBUG com.beanit.openiec61850.ServerAssociation - Got a GetDataValues request for node: IEDBiogasCHP/LLN0.Diag.dU: 
calling GetDataValues(IEDBiogasCHP/LLN0.Diag)
14:23:46.728 [openiec61850-osi-server-7-thread-1] DEBUG com.beanit.openiec61850.ServerAssociation - Got a GetDataValues request for node: IEDBiogasCHP/LLN0.Diag [EX]
IEDBiogasCHP/LLN0.Diag.cdcNs: ''
IEDBiogasCHP/LLN0.Diag.cdcName: ''
IEDBiogasCHP/LLN0.Diag.dataNs: ''
14:23:46.728 [openiec61850-osi-server-7-thread-1] DEBUG com.beanit.openiec61850.ServerAssociation - sub BDA is:IEDBiogasCHP/LLN0.Diag.cdcNs: ''
14:23:46.728 [openiec61850-osi-server-7-thread-1] DEBUG com.beanit.openiec61850.ServerAssociation - sub BDA is:IEDBiogasCHP/LLN0.Diag.cdcName: ''
14:23:46.728 [openiec61850-osi-server-7-thread-1] DEBUG com.beanit.openiec61850.ServerAssociation - sub BDA is:IEDBiogasCHP/LLN0.Diag.dataNs: ''
calling GetDataValues(IEDBiogasCHP/LLN0.Diag.cdcNs)
14:23:46.728 [openiec61850-osi-server-7-thread-1] DEBUG com.beanit.openiec61850.ServerAssociation - Got a GetDataValues request for node: IEDBiogasCHP/LLN0.Diag.cdcNs: ''
calling GetDataValues(IEDBiogasCHP/LLN0.Diag.cdcName)
14:23:46.729 [openiec61850-osi-server-7-thread-1] DEBUG com.beanit.openiec61850.ServerAssociation - Got a GetDataValues request for node: IEDBiogasCHP/LLN0.Diag.cdcName: ''
calling GetDataValues(IEDBiogasCHP/LLN0.Diag.dataNs)
14:23:46.729 [openiec61850-osi-server-7-thread-1] DEBUG com.beanit.openiec61850.ServerAssociation - Got a GetDataValues request for node: IEDBiogasCHP/LLN0.Diag.dataNs: ''
calling GetDataValues(IEDBiogasCHP/LLN0.LEDRs)
14:23:46.729 [openiec61850-osi-server-7-thread-1] DEBUG com.beanit.openiec61850.ServerAssociation - Got a GetDataValues request for node: IEDBiogasCHP/LLN0.LEDRs [ST]
IEDBiogasCHP/LLN0.LEDRs.origin [ST]
IEDBiogasCHP/LLN0.LEDRs.origin.orCat: 0
IEDBiogasCHP/LLN0.LEDRs.origin.orIdent: []
IEDBiogasCHP/LLN0.LEDRs.ctlNum: 0
IEDBiogasCHP/LLN0.LEDRs.stVal: false
IEDBiogasCHP/LLN0.LEDRs.q: 0x00 0x00
IEDBiogasCHP/LLN0.LEDRs.t: Thu Jan 01 01:00:00 CET 1970
IEDBiogasCHP/LLN0.LEDRs.stSeld: false
14:23:46.729 [openiec61850-osi-server-7-thread-1] DEBUG com.beanit.openiec61850.ServerAssociation - sub BDA is:IEDBiogasCHP/LLN0.LEDRs.origin.orCat: 0
14:23:46.729 [openiec61850-osi-server-7-thread-1] DEBUG com.beanit.openiec61850.ServerAssociation - sub BDA is:IEDBiogasCHP/LLN0.LEDRs.origin.orIdent: []
14:23:46.729 [openiec61850-osi-server-7-thread-1] DEBUG com.beanit.openiec61850.ServerAssociation - sub BDA is:IEDBiogasCHP/LLN0.LEDRs.ctlNum: 0
14:23:46.729 [openiec61850-osi-server-7-thread-1] DEBUG com.beanit.openiec61850.ServerAssociation - sub BDA is:IEDBiogasCHP/LLN0.LEDRs.stVal: false
14:23:46.729 [openiec61850-osi-server-7-thread-1] DEBUG com.beanit.openiec61850.ServerAssociation - sub BDA is:IEDBiogasCHP/LLN0.LEDRs.q: 0x00 0x00
14:23:46.729 [openiec61850-osi-server-7-thread-1] DEBUG com.beanit.openiec61850.ServerAssociation - sub BDA is:IEDBiogasCHP/LLN0.LEDRs.t: Thu Jan 01 01:00:00 CET 1970
14:23:46.729 [openiec61850-osi-server-7-thread-1] DEBUG com.beanit.openiec61850.ServerAssociation - sub BDA is:IEDBiogasCHP/LLN0.LEDRs.stSeld: false
calling GetDataValues(IEDBiogasCHP/LLN0.LEDRs.origin)
14:23:46.729 [openiec61850-osi-server-7-thread-1] DEBUG com.beanit.openiec61850.ServerAssociation - Got a GetDataValues request for node: IEDBiogasCHP/LLN0.LEDRs.origin [ST]
IEDBiogasCHP/LLN0.LEDRs.origin.orCat: 0
IEDBiogasCHP/LLN0.LEDRs.origin.orIdent: []
14:23:46.729 [openiec61850-osi-server-7-thread-1] DEBUG com.beanit.openiec61850.ServerAssociation - sub BDA is:IEDBiogasCHP/LLN0.LEDRs.origin.orCat: 0
14:23:46.729 [openiec61850-osi-server-7-thread-1] DEBUG com.beanit.openiec61850.ServerAssociation - sub BDA is:IEDBiogasCHP/LLN0.LEDRs.origin.orIdent: []
calling GetDataValues(IEDBiogasCHP/LLN0.LEDRs.origin.orCat)
14:23:46.730 [openiec61850-osi-server-7-thread-1] DEBUG com.beanit.openiec61850.ServerAssociation - Got a GetDataValues request for node: IEDBiogasCHP/LLN0.LEDRs.origin.orCat: 0
calling GetDataValues(IEDBiogasCHP/LLN0.LEDRs.origin.orIdent)
14:23:46.730 [openiec61850-osi-server-7-thread-1] DEBUG com.beanit.openiec61850.ServerAssociation - Got a GetDataValues request for node: IEDBiogasCHP/LLN0.LEDRs.origin.orIdent: []
calling GetDataValues(IEDBiogasCHP/LLN0.LEDRs.ctlNum)
14:23:46.730 [openiec61850-osi-server-7-thread-1] DEBUG com.beanit.openiec61850.ServerAssociation - Got a GetDataValues request for node: IEDBiogasCHP/LLN0.LEDRs.ctlNum: 0
calling GetDataValues(IEDBiogasCHP/LLN0.LEDRs.stVal)
14:23:46.730 [openiec61850-osi-server-7-thread-1] DEBUG com.beanit.openiec61850.ServerAssociation - Got a GetDataValues request for node: IEDBiogasCHP/LLN0.LEDRs.stVal: false
calling GetDataValues(IEDBiogasCHP/LLN0.LEDRs.q)
14:23:46.730 [openiec61850-osi-server-7-thread-1] DEBUG com.beanit.openiec61850.ServerAssociation - Got a GetDataValues request for node: IEDBiogasCHP/LLN0.LEDRs.q: 0x00 0x00
calling GetDataValues(IEDBiogasCHP/LLN0.LEDRs.t)
14:23:46.731 [openiec61850-osi-server-7-thread-1] DEBUG com.beanit.openiec61850.ServerAssociation - Got a GetDataValues request for node: IEDBiogasCHP/LLN0.LEDRs.t: Thu Jan 01 01:00:00 CET 1970
calling GetDataValues(IEDBiogasCHP/LLN0.LEDRs.stSeld)
14:23:46.731 [openiec61850-osi-server-7-thread-1] DEBUG com.beanit.openiec61850.ServerAssociation - Got a GetDataValues request for node: IEDBiogasCHP/LLN0.LEDRs.stSeld: false
calling GetDataValues(IEDBiogasCHP/LLN0.LEDRs)
14:23:46.731 [openiec61850-osi-server-7-thread-1] DEBUG com.beanit.openiec61850.ServerAssociation - Got a GetDataValues request for node: IEDBiogasCHP/LLN0.LEDRs [SV]
IEDBiogasCHP/LLN0.LEDRs.subEna: false
IEDBiogasCHP/LLN0.LEDRs.subVal: false
IEDBiogasCHP/LLN0.LEDRs.subQ: 0x00 0x00
IEDBiogasCHP/LLN0.LEDRs.subID: ''
14:23:46.731 [openiec61850-osi-server-7-thread-1] DEBUG com.beanit.openiec61850.ServerAssociation - sub BDA is:IEDBiogasCHP/LLN0.LEDRs.subEna: false
14:23:46.731 [openiec61850-osi-server-7-thread-1] DEBUG com.beanit.openiec61850.ServerAssociation - sub BDA is:IEDBiogasCHP/LLN0.LEDRs.subVal: false
14:23:46.731 [openiec61850-osi-server-7-thread-1] DEBUG com.beanit.openiec61850.ServerAssociation - sub BDA is:IEDBiogasCHP/LLN0.LEDRs.subQ: 0x00 0x00
14:23:46.731 [openiec61850-osi-server-7-thread-1] DEBUG com.beanit.openiec61850.ServerAssociation - sub BDA is:IEDBiogasCHP/LLN0.LEDRs.subID: ''
calling GetDataValues(IEDBiogasCHP/LLN0.LEDRs.subEna)
14:23:46.731 [openiec61850-osi-server-7-thread-1] DEBUG com.beanit.openiec61850.ServerAssociation - Got a GetDataValues request for node: IEDBiogasCHP/LLN0.LEDRs.subEna: false
calling GetDataValues(IEDBiogasCHP/LLN0.LEDRs.subVal)
14:23:46.731 [openiec61850-osi-server-7-thread-1] DEBUG com.beanit.openiec61850.ServerAssociation - Got a GetDataValues request for node: IEDBiogasCHP/LLN0.LEDRs.subVal: false
calling GetDataValues(IEDBiogasCHP/LLN0.LEDRs.subQ)
14:23:46.732 [openiec61850-osi-server-7-thread-1] DEBUG com.beanit.openiec61850.ServerAssociation - Got a GetDataValues request for node: IEDBiogasCHP/LLN0.LEDRs.subQ: 0x00 0x00
calling GetDataValues(IEDBiogasCHP/LLN0.LEDRs.subID)
14:23:46.732 [openiec61850-osi-server-7-thread-1] DEBUG com.beanit.openiec61850.ServerAssociation - Got a GetDataValues request for node: IEDBiogasCHP/LLN0.LEDRs.subID: ''
calling GetDataValues(IEDBiogasCHP/LLN0.LEDRs)
14:23:46.732 [openiec61850-osi-server-7-thread-1] DEBUG com.beanit.openiec61850.ServerAssociation - Got a GetDataValues request for node: IEDBiogasCHP/LLN0.LEDRs [CF]
IEDBiogasCHP/LLN0.LEDRs.pulseConfig [CF]
IEDBiogasCHP/LLN0.LEDRs.pulseConfig.cmdQual: 0
IEDBiogasCHP/LLN0.LEDRs.pulseConfig.onDur: 0
IEDBiogasCHP/LLN0.LEDRs.pulseConfig.offDur: 0
IEDBiogasCHP/LLN0.LEDRs.pulseConfig.numPls: 0
IEDBiogasCHP/LLN0.LEDRs.ctlModel: 0
IEDBiogasCHP/LLN0.LEDRs.sboTimeout: 0
IEDBiogasCHP/LLN0.LEDRs.sboClass: 0
14:23:46.732 [openiec61850-osi-server-7-thread-1] DEBUG com.beanit.openiec61850.ServerAssociation - sub BDA is:IEDBiogasCHP/LLN0.LEDRs.pulseConfig.cmdQual: 0
14:23:46.732 [openiec61850-osi-server-7-thread-1] DEBUG com.beanit.openiec61850.ServerAssociation - sub BDA is:IEDBiogasCHP/LLN0.LEDRs.pulseConfig.onDur: 0
14:23:46.732 [openiec61850-osi-server-7-thread-1] DEBUG com.beanit.openiec61850.ServerAssociation - sub BDA is:IEDBiogasCHP/LLN0.LEDRs.pulseConfig.offDur: 0
14:23:46.732 [openiec61850-osi-server-7-thread-1] DEBUG com.beanit.openiec61850.ServerAssociation - sub BDA is:IEDBiogasCHP/LLN0.LEDRs.pulseConfig.numPls: 0
14:23:46.732 [openiec61850-osi-server-7-thread-1] DEBUG com.beanit.openiec61850.ServerAssociation - sub BDA is:IEDBiogasCHP/LLN0.LEDRs.ctlModel: 0
14:23:46.732 [openiec61850-osi-server-7-thread-1] DEBUG com.beanit.openiec61850.ServerAssociation - sub BDA is:IEDBiogasCHP/LLN0.LEDRs.sboTimeout: 0
14:23:46.732 [openiec61850-osi-server-7-thread-1] DEBUG com.beanit.openiec61850.ServerAssociation - sub BDA is:IEDBiogasCHP/LLN0.LEDRs.sboClass: 0
calling GetDataValues(IEDBiogasCHP/LLN0.LEDRs.pulseConfig)
14:23:46.732 [openiec61850-osi-server-7-thread-1] DEBUG com.beanit.openiec61850.ServerAssociation - Got a GetDataValues request for node: IEDBiogasCHP/LLN0.LEDRs.pulseConfig [CF]
IEDBiogasCHP/LLN0.LEDRs.pulseConfig.cmdQual: 0
IEDBiogasCHP/LLN0.LEDRs.pulseConfig.onDur: 0
IEDBiogasCHP/LLN0.LEDRs.pulseConfig.offDur: 0
IEDBiogasCHP/LLN0.LEDRs.pulseConfig.numPls: 0
14:23:46.732 [openiec61850-osi-server-7-thread-1] DEBUG com.beanit.openiec61850.ServerAssociation - sub BDA is:IEDBiogasCHP/LLN0.LEDRs.pulseConfig.cmdQual: 0
14:23:46.732 [openiec61850-osi-server-7-thread-1] DEBUG com.beanit.openiec61850.ServerAssociation - sub BDA is:IEDBiogasCHP/LLN0.LEDRs.pulseConfig.onDur: 0
14:23:46.732 [openiec61850-osi-server-7-thread-1] DEBUG com.beanit.openiec61850.ServerAssociation - sub BDA is:IEDBiogasCHP/LLN0.LEDRs.pulseConfig.offDur: 0
14:23:46.732 [openiec61850-osi-server-7-thread-1] DEBUG com.beanit.openiec61850.ServerAssociation - sub BDA is:IEDBiogasCHP/LLN0.LEDRs.pulseConfig.numPls: 0
calling GetDataValues(IEDBiogasCHP/LLN0.LEDRs.pulseConfig.cmdQual)
14:23:46.733 [openiec61850-osi-server-7-thread-1] DEBUG com.beanit.openiec61850.ServerAssociation - Got a GetDataValues request for node: IEDBiogasCHP/LLN0.LEDRs.pulseConfig.cmdQual: 0
calling GetDataValues(IEDBiogasCHP/LLN0.LEDRs.pulseConfig.onDur)
14:23:46.733 [openiec61850-osi-server-7-thread-1] DEBUG com.beanit.openiec61850.ServerAssociation - Got a GetDataValues request for node: IEDBiogasCHP/LLN0.LEDRs.pulseConfig.onDur: 0
calling GetDataValues(IEDBiogasCHP/LLN0.LEDRs.pulseConfig.offDur)
14:23:46.733 [openiec61850-osi-server-7-thread-1] DEBUG com.beanit.openiec61850.ServerAssociation - Got a GetDataValues request for node: IEDBiogasCHP/LLN0.LEDRs.pulseConfig.offDur: 0
calling GetDataValues(IEDBiogasCHP/LLN0.LEDRs.pulseConfig.numPls)
14:23:46.733 [openiec61850-osi-server-7-thread-1] DEBUG com.beanit.openiec61850.ServerAssociation - Got a GetDataValues request for node: IEDBiogasCHP/LLN0.LEDRs.pulseConfig.numPls: 0
calling GetDataValues(IEDBiogasCHP/LLN0.LEDRs.ctlModel)
14:23:46.733 [openiec61850-osi-server-7-thread-1] DEBUG com.beanit.openiec61850.ServerAssociation - Got a GetDataValues request for node: IEDBiogasCHP/LLN0.LEDRs.ctlModel: 0
calling GetDataValues(IEDBiogasCHP/LLN0.LEDRs.sboTimeout)
14:23:46.733 [openiec61850-osi-server-7-thread-1] DEBUG com.beanit.openiec61850.ServerAssociation - Got a GetDataValues request for node: IEDBiogasCHP/LLN0.LEDRs.sboTimeout: 0
calling GetDataValues(IEDBiogasCHP/LLN0.LEDRs.sboClass)
14:23:46.733 [openiec61850-osi-server-7-thread-1] DEBUG com.beanit.openiec61850.ServerAssociation - Got a GetDataValues request for node: IEDBiogasCHP/LLN0.LEDRs.sboClass: 0
calling GetDataValues(IEDBiogasCHP/LLN0.LEDRs)
14:23:46.734 [openiec61850-osi-server-7-thread-1] DEBUG com.beanit.openiec61850.ServerAssociation - Got a GetDataValues request for node: IEDBiogasCHP/LLN0.LEDRs [DC]
IEDBiogasCHP/LLN0.LEDRs.d: ''
IEDBiogasCHP/LLN0.LEDRs.dU: 
14:23:46.734 [openiec61850-osi-server-7-thread-1] DEBUG com.beanit.openiec61850.ServerAssociation - sub BDA is:IEDBiogasCHP/LLN0.LEDRs.d: ''
14:23:46.734 [openiec61850-osi-server-7-thread-1] DEBUG com.beanit.openiec61850.ServerAssociation - sub BDA is:IEDBiogasCHP/LLN0.LEDRs.dU: 
calling GetDataValues(IEDBiogasCHP/LLN0.LEDRs.d)
14:23:46.734 [openiec61850-osi-server-7-thread-1] DEBUG com.beanit.openiec61850.ServerAssociation - Got a GetDataValues request for node: IEDBiogasCHP/LLN0.LEDRs.d: ''
calling GetDataValues(IEDBiogasCHP/LLN0.LEDRs.dU)
14:23:46.734 [openiec61850-osi-server-7-thread-1] DEBUG com.beanit.openiec61850.ServerAssociation - Got a GetDataValues request for node: IEDBiogasCHP/LLN0.LEDRs.dU: 
calling GetDataValues(IEDBiogasCHP/LLN0.LEDRs)
14:23:46.734 [openiec61850-osi-server-7-thread-1] DEBUG com.beanit.openiec61850.ServerAssociation - Got a GetDataValues request for node: IEDBiogasCHP/LLN0.LEDRs [EX]
IEDBiogasCHP/LLN0.LEDRs.cdcNs: ''
IEDBiogasCHP/LLN0.LEDRs.cdcName: ''
IEDBiogasCHP/LLN0.LEDRs.dataNs: ''
14:23:46.734 [openiec61850-osi-server-7-thread-1] DEBUG com.beanit.openiec61850.ServerAssociation - sub BDA is:IEDBiogasCHP/LLN0.LEDRs.cdcNs: ''
14:23:46.734 [openiec61850-osi-server-7-thread-1] DEBUG com.beanit.openiec61850.ServerAssociation - sub BDA is:IEDBiogasCHP/LLN0.LEDRs.cdcName: ''
14:23:46.734 [openiec61850-osi-server-7-thread-1] DEBUG com.beanit.openiec61850.ServerAssociation - sub BDA is:IEDBiogasCHP/LLN0.LEDRs.dataNs: ''
calling GetDataValues(IEDBiogasCHP/LLN0.LEDRs.cdcNs)
14:23:46.734 [openiec61850-osi-server-7-thread-1] DEBUG com.beanit.openiec61850.ServerAssociation - Got a GetDataValues request for node: IEDBiogasCHP/LLN0.LEDRs.cdcNs: ''
calling GetDataValues(IEDBiogasCHP/LLN0.LEDRs.cdcName)
14:23:46.735 [openiec61850-osi-server-7-thread-1] DEBUG com.beanit.openiec61850.ServerAssociation - Got a GetDataValues request for node: IEDBiogasCHP/LLN0.LEDRs.cdcName: ''
calling GetDataValues(IEDBiogasCHP/LLN0.LEDRs.dataNs)
14:23:46.735 [openiec61850-osi-server-7-thread-1] DEBUG com.beanit.openiec61850.ServerAssociation - Got a GetDataValues request for node: IEDBiogasCHP/LLN0.LEDRs.dataNs: ''
calling GetDataValues(IEDBiogasCHP/LPHD1.PhyNam)
14:23:46.735 [openiec61850-osi-server-7-thread-1] DEBUG com.beanit.openiec61850.ServerAssociation - Got a GetDataValues request for node: IEDBiogasCHP/LPHD1.PhyNam [DC]
IEDBiogasCHP/LPHD1.PhyNam.vendor: ''
IEDBiogasCHP/LPHD1.PhyNam.hwRev: ''
IEDBiogasCHP/LPHD1.PhyNam.swRev: ''
IEDBiogasCHP/LPHD1.PhyNam.serNum: ''
IEDBiogasCHP/LPHD1.PhyNam.model: ''
IEDBiogasCHP/LPHD1.PhyNam.location: ''
14:23:46.735 [openiec61850-osi-server-7-thread-1] DEBUG com.beanit.openiec61850.ServerAssociation - sub BDA is:IEDBiogasCHP/LPHD1.PhyNam.vendor: ''
14:23:46.735 [openiec61850-osi-server-7-thread-1] DEBUG com.beanit.openiec61850.ServerAssociation - sub BDA is:IEDBiogasCHP/LPHD1.PhyNam.hwRev: ''
14:23:46.735 [openiec61850-osi-server-7-thread-1] DEBUG com.beanit.openiec61850.ServerAssociation - sub BDA is:IEDBiogasCHP/LPHD1.PhyNam.swRev: ''
14:23:46.735 [openiec61850-osi-server-7-thread-1] DEBUG com.beanit.openiec61850.ServerAssociation - sub BDA is:IEDBiogasCHP/LPHD1.PhyNam.serNum: ''
14:23:46.735 [openiec61850-osi-server-7-thread-1] DEBUG com.beanit.openiec61850.ServerAssociation - sub BDA is:IEDBiogasCHP/LPHD1.PhyNam.model: ''
14:23:46.735 [openiec61850-osi-server-7-thread-1] DEBUG com.beanit.openiec61850.ServerAssociation - sub BDA is:IEDBiogasCHP/LPHD1.PhyNam.location: ''
calling GetDataValues(IEDBiogasCHP/LPHD1.PhyNam.vendor)
14:23:46.735 [openiec61850-osi-server-7-thread-1] DEBUG com.beanit.openiec61850.ServerAssociation - Got a GetDataValues request for node: IEDBiogasCHP/LPHD1.PhyNam.vendor: ''
calling GetDataValues(IEDBiogasCHP/LPHD1.PhyNam.hwRev)
14:23:46.735 [openiec61850-osi-server-7-thread-1] DEBUG com.beanit.openiec61850.ServerAssociation - Got a GetDataValues request for node: IEDBiogasCHP/LPHD1.PhyNam.hwRev: ''
calling GetDataValues(IEDBiogasCHP/LPHD1.PhyNam.swRev)
14:23:46.735 [openiec61850-osi-server-7-thread-1] DEBUG com.beanit.openiec61850.ServerAssociation - Got a GetDataValues request for node: IEDBiogasCHP/LPHD1.PhyNam.swRev: ''
calling GetDataValues(IEDBiogasCHP/LPHD1.PhyNam.serNum)
14:23:46.736 [openiec61850-osi-server-7-thread-1] DEBUG com.beanit.openiec61850.ServerAssociation - Got a GetDataValues request for node: IEDBiogasCHP/LPHD1.PhyNam.serNum: ''
calling GetDataValues(IEDBiogasCHP/LPHD1.PhyNam.model)
14:23:46.736 [openiec61850-osi-server-7-thread-1] DEBUG com.beanit.openiec61850.ServerAssociation - Got a GetDataValues request for node: IEDBiogasCHP/LPHD1.PhyNam.model: ''
calling GetDataValues(IEDBiogasCHP/LPHD1.PhyNam.location)
14:23:46.736 [openiec61850-osi-server-7-thread-1] DEBUG com.beanit.openiec61850.ServerAssociation - Got a GetDataValues request for node: IEDBiogasCHP/LPHD1.PhyNam.location: ''
calling GetDataValues(IEDBiogasCHP/LPHD1.PhyNam)
14:23:46.736 [openiec61850-osi-server-7-thread-1] DEBUG com.beanit.openiec61850.ServerAssociation - Got a GetDataValues request for node: IEDBiogasCHP/LPHD1.PhyNam [EX]
IEDBiogasCHP/LPHD1.PhyNam.cdcNs: ''
IEDBiogasCHP/LPHD1.PhyNam.cdcName: ''
IEDBiogasCHP/LPHD1.PhyNam.dataNs: ''
14:23:46.736 [openiec61850-osi-server-7-thread-1] DEBUG com.beanit.openiec61850.ServerAssociation - sub BDA is:IEDBiogasCHP/LPHD1.PhyNam.cdcNs: ''
14:23:46.736 [openiec61850-osi-server-7-thread-1] DEBUG com.beanit.openiec61850.ServerAssociation - sub BDA is:IEDBiogasCHP/LPHD1.PhyNam.cdcName: ''
14:23:46.736 [openiec61850-osi-server-7-thread-1] DEBUG com.beanit.openiec61850.ServerAssociation - sub BDA is:IEDBiogasCHP/LPHD1.PhyNam.dataNs: ''
calling GetDataValues(IEDBiogasCHP/LPHD1.PhyNam.cdcNs)
14:23:46.736 [openiec61850-osi-server-7-thread-1] DEBUG com.beanit.openiec61850.ServerAssociation - Got a GetDataValues request for node: IEDBiogasCHP/LPHD1.PhyNam.cdcNs: ''
calling GetDataValues(IEDBiogasCHP/LPHD1.PhyNam.cdcName)
14:23:46.736 [openiec61850-osi-server-7-thread-1] DEBUG com.beanit.openiec61850.ServerAssociation - Got a GetDataValues request for node: IEDBiogasCHP/LPHD1.PhyNam.cdcName: ''
calling GetDataValues(IEDBiogasCHP/LPHD1.PhyNam.dataNs)
14:23:46.736 [openiec61850-osi-server-7-thread-1] DEBUG com.beanit.openiec61850.ServerAssociation - Got a GetDataValues request for node: IEDBiogasCHP/LPHD1.PhyNam.dataNs: ''
calling GetDataValues(IEDBiogasCHP/LPHD1.PhyHealth)
14:23:46.737 [openiec61850-osi-server-7-thread-1] DEBUG com.beanit.openiec61850.ServerAssociation - Got a GetDataValues request for node: IEDBiogasCHP/LPHD1.PhyHealth [ST]
IEDBiogasCHP/LPHD1.PhyHealth.stVal: 0
IEDBiogasCHP/LPHD1.PhyHealth.q: 0x00 0x00
IEDBiogasCHP/LPHD1.PhyHealth.t: Thu Jan 01 01:00:00 CET 1970
14:23:46.737 [openiec61850-osi-server-7-thread-1] DEBUG com.beanit.openiec61850.ServerAssociation - sub BDA is:IEDBiogasCHP/LPHD1.PhyHealth.stVal: 0
14:23:46.737 [openiec61850-osi-server-7-thread-1] DEBUG com.beanit.openiec61850.ServerAssociation - sub BDA is:IEDBiogasCHP/LPHD1.PhyHealth.q: 0x00 0x00
14:23:46.737 [openiec61850-osi-server-7-thread-1] DEBUG com.beanit.openiec61850.ServerAssociation - sub BDA is:IEDBiogasCHP/LPHD1.PhyHealth.t: Thu Jan 01 01:00:00 CET 1970
calling GetDataValues(IEDBiogasCHP/LPHD1.PhyHealth.stVal)
14:23:46.737 [openiec61850-osi-server-7-thread-1] DEBUG com.beanit.openiec61850.ServerAssociation - Got a GetDataValues request for node: IEDBiogasCHP/LPHD1.PhyHealth.stVal: 0
calling GetDataValues(IEDBiogasCHP/LPHD1.PhyHealth.q)
14:23:46.737 [openiec61850-osi-server-7-thread-1] DEBUG com.beanit.openiec61850.ServerAssociation - Got a GetDataValues request for node: IEDBiogasCHP/LPHD1.PhyHealth.q: 0x00 0x00
calling GetDataValues(IEDBiogasCHP/LPHD1.PhyHealth.t)
14:23:46.737 [openiec61850-osi-server-7-thread-1] DEBUG com.beanit.openiec61850.ServerAssociation - Got a GetDataValues request for node: IEDBiogasCHP/LPHD1.PhyHealth.t: Thu Jan 01 01:00:00 CET 1970
calling GetDataValues(IEDBiogasCHP/LPHD1.PhyHealth)
14:23:46.737 [openiec61850-osi-server-7-thread-1] DEBUG com.beanit.openiec61850.ServerAssociation - Got a GetDataValues request for node: IEDBiogasCHP/LPHD1.PhyHealth [SV]
IEDBiogasCHP/LPHD1.PhyHealth.subEna: false
IEDBiogasCHP/LPHD1.PhyHealth.subVal: 0
IEDBiogasCHP/LPHD1.PhyHealth.subQ: 0x00 0x00
IEDBiogasCHP/LPHD1.PhyHealth.subID: ''
14:23:46.737 [openiec61850-osi-server-7-thread-1] DEBUG com.beanit.openiec61850.ServerAssociation - sub BDA is:IEDBiogasCHP/LPHD1.PhyHealth.subEna: false
14:23:46.737 [openiec61850-osi-server-7-thread-1] DEBUG com.beanit.openiec61850.ServerAssociation - sub BDA is:IEDBiogasCHP/LPHD1.PhyHealth.subVal: 0
14:23:46.737 [openiec61850-osi-server-7-thread-1] DEBUG com.beanit.openiec61850.ServerAssociation - sub BDA is:IEDBiogasCHP/LPHD1.PhyHealth.subQ: 0x00 0x00
14:23:46.737 [openiec61850-osi-server-7-thread-1] DEBUG com.beanit.openiec61850.ServerAssociation - sub BDA is:IEDBiogasCHP/LPHD1.PhyHealth.subID: ''
calling GetDataValues(IEDBiogasCHP/LPHD1.PhyHealth.subEna)
14:23:46.738 [openiec61850-osi-server-7-thread-1] DEBUG com.beanit.openiec61850.ServerAssociation - Got a GetDataValues request for node: IEDBiogasCHP/LPHD1.PhyHealth.subEna: false
calling GetDataValues(IEDBiogasCHP/LPHD1.PhyHealth.subVal)
14:23:46.738 [openiec61850-osi-server-7-thread-1] DEBUG com.beanit.openiec61850.ServerAssociation - Got a GetDataValues request for node: IEDBiogasCHP/LPHD1.PhyHealth.subVal: 0
calling GetDataValues(IEDBiogasCHP/LPHD1.PhyHealth.subQ)
14:23:46.738 [openiec61850-osi-server-7-thread-1] DEBUG com.beanit.openiec61850.ServerAssociation - Got a GetDataValues request for node: IEDBiogasCHP/LPHD1.PhyHealth.subQ: 0x00 0x00
calling GetDataValues(IEDBiogasCHP/LPHD1.PhyHealth.subID)
14:23:46.738 [openiec61850-osi-server-7-thread-1] DEBUG com.beanit.openiec61850.ServerAssociation - Got a GetDataValues request for node: IEDBiogasCHP/LPHD1.PhyHealth.subID: ''
calling GetDataValues(IEDBiogasCHP/LPHD1.PhyHealth)
14:23:46.738 [openiec61850-osi-server-7-thread-1] DEBUG com.beanit.openiec61850.ServerAssociation - Got a GetDataValues request for node: IEDBiogasCHP/LPHD1.PhyHealth [DC]
IEDBiogasCHP/LPHD1.PhyHealth.d: ''
IEDBiogasCHP/LPHD1.PhyHealth.dU: 
14:23:46.738 [openiec61850-osi-server-7-thread-1] DEBUG com.beanit.openiec61850.ServerAssociation - sub BDA is:IEDBiogasCHP/LPHD1.PhyHealth.d: ''
14:23:46.738 [openiec61850-osi-server-7-thread-1] DEBUG com.beanit.openiec61850.ServerAssociation - sub BDA is:IEDBiogasCHP/LPHD1.PhyHealth.dU: 
calling GetDataValues(IEDBiogasCHP/LPHD1.PhyHealth.d)
14:23:46.738 [openiec61850-osi-server-7-thread-1] DEBUG com.beanit.openiec61850.ServerAssociation - Got a GetDataValues request for node: IEDBiogasCHP/LPHD1.PhyHealth.d: ''
calling GetDataValues(IEDBiogasCHP/LPHD1.PhyHealth.dU)
14:23:46.739 [openiec61850-osi-server-7-thread-1] DEBUG com.beanit.openiec61850.ServerAssociation - Got a GetDataValues request for node: IEDBiogasCHP/LPHD1.PhyHealth.dU: 
calling GetDataValues(IEDBiogasCHP/LPHD1.PhyHealth)
14:23:46.739 [openiec61850-osi-server-7-thread-1] DEBUG com.beanit.openiec61850.ServerAssociation - Got a GetDataValues request for node: IEDBiogasCHP/LPHD1.PhyHealth [EX]
IEDBiogasCHP/LPHD1.PhyHealth.cdcNs: ''
IEDBiogasCHP/LPHD1.PhyHealth.cdcName: ''
IEDBiogasCHP/LPHD1.PhyHealth.dataNs: ''
14:23:46.739 [openiec61850-osi-server-7-thread-1] DEBUG com.beanit.openiec61850.ServerAssociation - sub BDA is:IEDBiogasCHP/LPHD1.PhyHealth.cdcNs: ''
14:23:46.739 [openiec61850-osi-server-7-thread-1] DEBUG com.beanit.openiec61850.ServerAssociation - sub BDA is:IEDBiogasCHP/LPHD1.PhyHealth.cdcName: ''
14:23:46.739 [openiec61850-osi-server-7-thread-1] DEBUG com.beanit.openiec61850.ServerAssociation - sub BDA is:IEDBiogasCHP/LPHD1.PhyHealth.dataNs: ''
calling GetDataValues(IEDBiogasCHP/LPHD1.PhyHealth.cdcNs)
14:23:46.739 [openiec61850-osi-server-7-thread-1] DEBUG com.beanit.openiec61850.ServerAssociation - Got a GetDataValues request for node: IEDBiogasCHP/LPHD1.PhyHealth.cdcNs: ''
calling GetDataValues(IEDBiogasCHP/LPHD1.PhyHealth.cdcName)
14:23:46.739 [openiec61850-osi-server-7-thread-1] DEBUG com.beanit.openiec61850.ServerAssociation - Got a GetDataValues request for node: IEDBiogasCHP/LPHD1.PhyHealth.cdcName: ''
calling GetDataValues(IEDBiogasCHP/LPHD1.PhyHealth.dataNs)
14:23:46.739 [openiec61850-osi-server-7-thread-1] DEBUG com.beanit.openiec61850.ServerAssociation - Got a GetDataValues request for node: IEDBiogasCHP/LPHD1.PhyHealth.dataNs: ''
calling GetDataValues(IEDBiogasCHP/LPHD1.OutOv)
14:23:46.739 [openiec61850-osi-server-7-thread-1] DEBUG com.beanit.openiec61850.ServerAssociation - Got a GetDataValues request for node: IEDBiogasCHP/LPHD1.OutOv [ST]
IEDBiogasCHP/LPHD1.OutOv.stVal: false
IEDBiogasCHP/LPHD1.OutOv.q: 0x00 0x00
IEDBiogasCHP/LPHD1.OutOv.t: Thu Jan 01 01:00:00 CET 1970
14:23:46.740 [openiec61850-osi-server-7-thread-1] DEBUG com.beanit.openiec61850.ServerAssociation - sub BDA is:IEDBiogasCHP/LPHD1.OutOv.stVal: false
14:23:46.740 [openiec61850-osi-server-7-thread-1] DEBUG com.beanit.openiec61850.ServerAssociation - sub BDA is:IEDBiogasCHP/LPHD1.OutOv.q: 0x00 0x00
14:23:46.740 [openiec61850-osi-server-7-thread-1] DEBUG com.beanit.openiec61850.ServerAssociation - sub BDA is:IEDBiogasCHP/LPHD1.OutOv.t: Thu Jan 01 01:00:00 CET 1970
calling GetDataValues(IEDBiogasCHP/LPHD1.OutOv.stVal)
14:23:46.740 [openiec61850-osi-server-7-thread-1] DEBUG com.beanit.openiec61850.ServerAssociation - Got a GetDataValues request for node: IEDBiogasCHP/LPHD1.OutOv.stVal: false
calling GetDataValues(IEDBiogasCHP/LPHD1.OutOv.q)
14:23:46.740 [openiec61850-osi-server-7-thread-1] DEBUG com.beanit.openiec61850.ServerAssociation - Got a GetDataValues request for node: IEDBiogasCHP/LPHD1.OutOv.q: 0x00 0x00
calling GetDataValues(IEDBiogasCHP/LPHD1.OutOv.t)
14:23:46.740 [openiec61850-osi-server-7-thread-1] DEBUG com.beanit.openiec61850.ServerAssociation - Got a GetDataValues request for node: IEDBiogasCHP/LPHD1.OutOv.t: Thu Jan 01 01:00:00 CET 1970
calling GetDataValues(IEDBiogasCHP/LPHD1.OutOv)
14:23:46.740 [openiec61850-osi-server-7-thread-1] DEBUG com.beanit.openiec61850.ServerAssociation - Got a GetDataValues request for node: IEDBiogasCHP/LPHD1.OutOv [SV]
IEDBiogasCHP/LPHD1.OutOv.subEna: false
IEDBiogasCHP/LPHD1.OutOv.subVal: false
IEDBiogasCHP/LPHD1.OutOv.subQ: 0x00 0x00
IEDBiogasCHP/LPHD1.OutOv.subID: ''
14:23:46.740 [openiec61850-osi-server-7-thread-1] DEBUG com.beanit.openiec61850.ServerAssociation - sub BDA is:IEDBiogasCHP/LPHD1.OutOv.subEna: false
14:23:46.740 [openiec61850-osi-server-7-thread-1] DEBUG com.beanit.openiec61850.ServerAssociation - sub BDA is:IEDBiogasCHP/LPHD1.OutOv.subVal: false
14:23:46.740 [openiec61850-osi-server-7-thread-1] DEBUG com.beanit.openiec61850.ServerAssociation - sub BDA is:IEDBiogasCHP/LPHD1.OutOv.subQ: 0x00 0x00
14:23:46.740 [openiec61850-osi-server-7-thread-1] DEBUG com.beanit.openiec61850.ServerAssociation - sub BDA is:IEDBiogasCHP/LPHD1.OutOv.subID: ''
calling GetDataValues(IEDBiogasCHP/LPHD1.OutOv.subEna)
14:23:46.740 [openiec61850-osi-server-7-thread-1] DEBUG com.beanit.openiec61850.ServerAssociation - Got a GetDataValues request for node: IEDBiogasCHP/LPHD1.OutOv.subEna: false
calling GetDataValues(IEDBiogasCHP/LPHD1.OutOv.subVal)
14:23:46.741 [openiec61850-osi-server-7-thread-1] DEBUG com.beanit.openiec61850.ServerAssociation - Got a GetDataValues request for node: IEDBiogasCHP/LPHD1.OutOv.subVal: false
calling GetDataValues(IEDBiogasCHP/LPHD1.OutOv.subQ)
14:23:46.741 [openiec61850-osi-server-7-thread-1] DEBUG com.beanit.openiec61850.ServerAssociation - Got a GetDataValues request for node: IEDBiogasCHP/LPHD1.OutOv.subQ: 0x00 0x00
calling GetDataValues(IEDBiogasCHP/LPHD1.OutOv.subID)
14:23:46.741 [openiec61850-osi-server-7-thread-1] DEBUG com.beanit.openiec61850.ServerAssociation - Got a GetDataValues request for node: IEDBiogasCHP/LPHD1.OutOv.subID: ''
calling GetDataValues(IEDBiogasCHP/LPHD1.OutOv)
14:23:46.741 [openiec61850-osi-server-7-thread-1] DEBUG com.beanit.openiec61850.ServerAssociation - Got a GetDataValues request for node: IEDBiogasCHP/LPHD1.OutOv [DC]
IEDBiogasCHP/LPHD1.OutOv.d: ''
IEDBiogasCHP/LPHD1.OutOv.dU: 
14:23:46.741 [openiec61850-osi-server-7-thread-1] DEBUG com.beanit.openiec61850.ServerAssociation - sub BDA is:IEDBiogasCHP/LPHD1.OutOv.d: ''
14:23:46.741 [openiec61850-osi-server-7-thread-1] DEBUG com.beanit.openiec61850.ServerAssociation - sub BDA is:IEDBiogasCHP/LPHD1.OutOv.dU: 
calling GetDataValues(IEDBiogasCHP/LPHD1.OutOv.d)
14:23:46.741 [openiec61850-osi-server-7-thread-1] DEBUG com.beanit.openiec61850.ServerAssociation - Got a GetDataValues request for node: IEDBiogasCHP/LPHD1.OutOv.d: ''
calling GetDataValues(IEDBiogasCHP/LPHD1.OutOv.dU)
14:23:46.742 [openiec61850-osi-server-7-thread-1] DEBUG com.beanit.openiec61850.ServerAssociation - Got a GetDataValues request for node: IEDBiogasCHP/LPHD1.OutOv.dU: 
calling GetDataValues(IEDBiogasCHP/LPHD1.OutOv)
14:23:46.742 [openiec61850-osi-server-7-thread-1] DEBUG com.beanit.openiec61850.ServerAssociation - Got a GetDataValues request for node: IEDBiogasCHP/LPHD1.OutOv [EX]
IEDBiogasCHP/LPHD1.OutOv.cdcNs: ''
IEDBiogasCHP/LPHD1.OutOv.cdcName: ''
IEDBiogasCHP/LPHD1.OutOv.dataNs: ''
14:23:46.742 [openiec61850-osi-server-7-thread-1] DEBUG com.beanit.openiec61850.ServerAssociation - sub BDA is:IEDBiogasCHP/LPHD1.OutOv.cdcNs: ''
14:23:46.742 [openiec61850-osi-server-7-thread-1] DEBUG com.beanit.openiec61850.ServerAssociation - sub BDA is:IEDBiogasCHP/LPHD1.OutOv.cdcName: ''
14:23:46.742 [openiec61850-osi-server-7-thread-1] DEBUG com.beanit.openiec61850.ServerAssociation - sub BDA is:IEDBiogasCHP/LPHD1.OutOv.dataNs: ''
calling GetDataValues(IEDBiogasCHP/LPHD1.OutOv.cdcNs)
14:23:46.742 [openiec61850-osi-server-7-thread-1] DEBUG com.beanit.openiec61850.ServerAssociation - Got a GetDataValues request for node: IEDBiogasCHP/LPHD1.OutOv.cdcNs: ''
calling GetDataValues(IEDBiogasCHP/LPHD1.OutOv.cdcName)
14:23:46.742 [openiec61850-osi-server-7-thread-1] DEBUG com.beanit.openiec61850.ServerAssociation - Got a GetDataValues request for node: IEDBiogasCHP/LPHD1.OutOv.cdcName: ''
calling GetDataValues(IEDBiogasCHP/LPHD1.OutOv.dataNs)
14:23:46.742 [openiec61850-osi-server-7-thread-1] DEBUG com.beanit.openiec61850.ServerAssociation - Got a GetDataValues request for node: IEDBiogasCHP/LPHD1.OutOv.dataNs: ''
calling GetDataValues(IEDBiogasCHP/LPHD1.Proxy)
14:23:46.742 [openiec61850-osi-server-7-thread-1] DEBUG com.beanit.openiec61850.ServerAssociation - Got a GetDataValues request for node: IEDBiogasCHP/LPHD1.Proxy [ST]
IEDBiogasCHP/LPHD1.Proxy.stVal: false
IEDBiogasCHP/LPHD1.Proxy.q: 0x00 0x00
IEDBiogasCHP/LPHD1.Proxy.t: Thu Jan 01 01:00:00 CET 1970
14:23:46.742 [openiec61850-osi-server-7-thread-1] DEBUG com.beanit.openiec61850.ServerAssociation - sub BDA is:IEDBiogasCHP/LPHD1.Proxy.stVal: false
14:23:46.742 [openiec61850-osi-server-7-thread-1] DEBUG com.beanit.openiec61850.ServerAssociation - sub BDA is:IEDBiogasCHP/LPHD1.Proxy.q: 0x00 0x00
14:23:46.743 [openiec61850-osi-server-7-thread-1] DEBUG com.beanit.openiec61850.ServerAssociation - sub BDA is:IEDBiogasCHP/LPHD1.Proxy.t: Thu Jan 01 01:00:00 CET 1970
calling GetDataValues(IEDBiogasCHP/LPHD1.Proxy.stVal)
14:23:46.743 [openiec61850-osi-server-7-thread-1] DEBUG com.beanit.openiec61850.ServerAssociation - Got a GetDataValues request for node: IEDBiogasCHP/LPHD1.Proxy.stVal: false
calling GetDataValues(IEDBiogasCHP/LPHD1.Proxy.q)
14:23:46.743 [openiec61850-osi-server-7-thread-1] DEBUG com.beanit.openiec61850.ServerAssociation - Got a GetDataValues request for node: IEDBiogasCHP/LPHD1.Proxy.q: 0x00 0x00
calling GetDataValues(IEDBiogasCHP/LPHD1.Proxy.t)
14:23:46.743 [openiec61850-osi-server-7-thread-1] DEBUG com.beanit.openiec61850.ServerAssociation - Got a GetDataValues request for node: IEDBiogasCHP/LPHD1.Proxy.t: Thu Jan 01 01:00:00 CET 1970
calling GetDataValues(IEDBiogasCHP/LPHD1.Proxy)
14:23:46.743 [openiec61850-osi-server-7-thread-1] DEBUG com.beanit.openiec61850.ServerAssociation - Got a GetDataValues request for node: IEDBiogasCHP/LPHD1.Proxy [SV]
IEDBiogasCHP/LPHD1.Proxy.subEna: false
IEDBiogasCHP/LPHD1.Proxy.subVal: false
IEDBiogasCHP/LPHD1.Proxy.subQ: 0x00 0x00
IEDBiogasCHP/LPHD1.Proxy.subID: ''
14:23:46.743 [openiec61850-osi-server-7-thread-1] DEBUG com.beanit.openiec61850.ServerAssociation - sub BDA is:IEDBiogasCHP/LPHD1.Proxy.subEna: false
14:23:46.743 [openiec61850-osi-server-7-thread-1] DEBUG com.beanit.openiec61850.ServerAssociation - sub BDA is:IEDBiogasCHP/LPHD1.Proxy.subVal: false
14:23:46.743 [openiec61850-osi-server-7-thread-1] DEBUG com.beanit.openiec61850.ServerAssociation - sub BDA is:IEDBiogasCHP/LPHD1.Proxy.subQ: 0x00 0x00
14:23:46.743 [openiec61850-osi-server-7-thread-1] DEBUG com.beanit.openiec61850.ServerAssociation - sub BDA is:IEDBiogasCHP/LPHD1.Proxy.subID: ''
calling GetDataValues(IEDBiogasCHP/LPHD1.Proxy.subEna)
14:23:46.743 [openiec61850-osi-server-7-thread-1] DEBUG com.beanit.openiec61850.ServerAssociation - Got a GetDataValues request for node: IEDBiogasCHP/LPHD1.Proxy.subEna: false
calling GetDataValues(IEDBiogasCHP/LPHD1.Proxy.subVal)
14:23:46.743 [openiec61850-osi-server-7-thread-1] DEBUG com.beanit.openiec61850.ServerAssociation - Got a GetDataValues request for node: IEDBiogasCHP/LPHD1.Proxy.subVal: false
calling GetDataValues(IEDBiogasCHP/LPHD1.Proxy.subQ)
14:23:46.744 [openiec61850-osi-server-7-thread-1] DEBUG com.beanit.openiec61850.ServerAssociation - Got a GetDataValues request for node: IEDBiogasCHP/LPHD1.Proxy.subQ: 0x00 0x00
calling GetDataValues(IEDBiogasCHP/LPHD1.Proxy.subID)
14:23:46.744 [openiec61850-osi-server-7-thread-1] DEBUG com.beanit.openiec61850.ServerAssociation - Got a GetDataValues request for node: IEDBiogasCHP/LPHD1.Proxy.subID: ''
calling GetDataValues(IEDBiogasCHP/LPHD1.Proxy)
14:23:46.744 [openiec61850-osi-server-7-thread-1] DEBUG com.beanit.openiec61850.ServerAssociation - Got a GetDataValues request for node: IEDBiogasCHP/LPHD1.Proxy [DC]
IEDBiogasCHP/LPHD1.Proxy.d: ''
IEDBiogasCHP/LPHD1.Proxy.dU: 
14:23:46.744 [openiec61850-osi-server-7-thread-1] DEBUG com.beanit.openiec61850.ServerAssociation - sub BDA is:IEDBiogasCHP/LPHD1.Proxy.d: ''
14:23:46.744 [openiec61850-osi-server-7-thread-1] DEBUG com.beanit.openiec61850.ServerAssociation - sub BDA is:IEDBiogasCHP/LPHD1.Proxy.dU: 
calling GetDataValues(IEDBiogasCHP/LPHD1.Proxy.d)
14:23:46.744 [openiec61850-osi-server-7-thread-1] DEBUG com.beanit.openiec61850.ServerAssociation - Got a GetDataValues request for node: IEDBiogasCHP/LPHD1.Proxy.d: ''
calling GetDataValues(IEDBiogasCHP/LPHD1.Proxy.dU)
14:23:46.744 [openiec61850-osi-server-7-thread-1] DEBUG com.beanit.openiec61850.ServerAssociation - Got a GetDataValues request for node: IEDBiogasCHP/LPHD1.Proxy.dU: 
calling GetDataValues(IEDBiogasCHP/LPHD1.Proxy)
14:23:46.745 [openiec61850-osi-server-7-thread-1] DEBUG com.beanit.openiec61850.ServerAssociation - Got a GetDataValues request for node: IEDBiogasCHP/LPHD1.Proxy [EX]
IEDBiogasCHP/LPHD1.Proxy.cdcNs: ''
IEDBiogasCHP/LPHD1.Proxy.cdcName: ''
IEDBiogasCHP/LPHD1.Proxy.dataNs: ''
14:23:46.745 [openiec61850-osi-server-7-thread-1] DEBUG com.beanit.openiec61850.ServerAssociation - sub BDA is:IEDBiogasCHP/LPHD1.Proxy.cdcNs: ''
14:23:46.745 [openiec61850-osi-server-7-thread-1] DEBUG com.beanit.openiec61850.ServerAssociation - sub BDA is:IEDBiogasCHP/LPHD1.Proxy.cdcName: ''
14:23:46.745 [openiec61850-osi-server-7-thread-1] DEBUG com.beanit.openiec61850.ServerAssociation - sub BDA is:IEDBiogasCHP/LPHD1.Proxy.dataNs: ''
calling GetDataValues(IEDBiogasCHP/LPHD1.Proxy.cdcNs)
14:23:46.745 [openiec61850-osi-server-7-thread-1] DEBUG com.beanit.openiec61850.ServerAssociation - Got a GetDataValues request for node: IEDBiogasCHP/LPHD1.Proxy.cdcNs: ''
calling GetDataValues(IEDBiogasCHP/LPHD1.Proxy.cdcName)
14:23:46.745 [openiec61850-osi-server-7-thread-1] DEBUG com.beanit.openiec61850.ServerAssociation - Got a GetDataValues request for node: IEDBiogasCHP/LPHD1.Proxy.cdcName: ''
calling GetDataValues(IEDBiogasCHP/LPHD1.Proxy.dataNs)
14:23:46.745 [openiec61850-osi-server-7-thread-1] DEBUG com.beanit.openiec61850.ServerAssociation - Got a GetDataValues request for node: IEDBiogasCHP/LPHD1.Proxy.dataNs: ''
calling GetDataValues(IEDBiogasCHP/LPHD1.InOv)
14:23:46.745 [openiec61850-osi-server-7-thread-1] DEBUG com.beanit.openiec61850.ServerAssociation - Got a GetDataValues request for node: IEDBiogasCHP/LPHD1.InOv [ST]
IEDBiogasCHP/LPHD1.InOv.stVal: false
IEDBiogasCHP/LPHD1.InOv.q: 0x00 0x00
IEDBiogasCHP/LPHD1.InOv.t: Thu Jan 01 01:00:00 CET 1970
14:23:46.745 [openiec61850-osi-server-7-thread-1] DEBUG com.beanit.openiec61850.ServerAssociation - sub BDA is:IEDBiogasCHP/LPHD1.InOv.stVal: false
14:23:46.745 [openiec61850-osi-server-7-thread-1] DEBUG com.beanit.openiec61850.ServerAssociation - sub BDA is:IEDBiogasCHP/LPHD1.InOv.q: 0x00 0x00
14:23:46.746 [openiec61850-osi-server-7-thread-1] DEBUG com.beanit.openiec61850.ServerAssociation - sub BDA is:IEDBiogasCHP/LPHD1.InOv.t: Thu Jan 01 01:00:00 CET 1970
calling GetDataValues(IEDBiogasCHP/LPHD1.InOv.stVal)
14:23:46.746 [openiec61850-osi-server-7-thread-1] DEBUG com.beanit.openiec61850.ServerAssociation - Got a GetDataValues request for node: IEDBiogasCHP/LPHD1.InOv.stVal: false
calling GetDataValues(IEDBiogasCHP/LPHD1.InOv.q)
14:23:46.746 [openiec61850-osi-server-7-thread-1] DEBUG com.beanit.openiec61850.ServerAssociation - Got a GetDataValues request for node: IEDBiogasCHP/LPHD1.InOv.q: 0x00 0x00
calling GetDataValues(IEDBiogasCHP/LPHD1.InOv.t)
14:23:46.746 [openiec61850-osi-server-7-thread-1] DEBUG com.beanit.openiec61850.ServerAssociation - Got a GetDataValues request for node: IEDBiogasCHP/LPHD1.InOv.t: Thu Jan 01 01:00:00 CET 1970
calling GetDataValues(IEDBiogasCHP/LPHD1.InOv)
14:23:46.746 [openiec61850-osi-server-7-thread-1] DEBUG com.beanit.openiec61850.ServerAssociation - Got a GetDataValues request for node: IEDBiogasCHP/LPHD1.InOv [SV]
IEDBiogasCHP/LPHD1.InOv.subEna: false
IEDBiogasCHP/LPHD1.InOv.subVal: false
IEDBiogasCHP/LPHD1.InOv.subQ: 0x00 0x00
IEDBiogasCHP/LPHD1.InOv.subID: ''
14:23:46.746 [openiec61850-osi-server-7-thread-1] DEBUG com.beanit.openiec61850.ServerAssociation - sub BDA is:IEDBiogasCHP/LPHD1.InOv.subEna: false
14:23:46.746 [openiec61850-osi-server-7-thread-1] DEBUG com.beanit.openiec61850.ServerAssociation - sub BDA is:IEDBiogasCHP/LPHD1.InOv.subVal: false
14:23:46.746 [openiec61850-osi-server-7-thread-1] DEBUG com.beanit.openiec61850.ServerAssociation - sub BDA is:IEDBiogasCHP/LPHD1.InOv.subQ: 0x00 0x00
14:23:46.746 [openiec61850-osi-server-7-thread-1] DEBUG com.beanit.openiec61850.ServerAssociation - sub BDA is:IEDBiogasCHP/LPHD1.InOv.subID: ''
calling GetDataValues(IEDBiogasCHP/LPHD1.InOv.subEna)
14:23:46.746 [openiec61850-osi-server-7-thread-1] DEBUG com.beanit.openiec61850.ServerAssociation - Got a GetDataValues request for node: IEDBiogasCHP/LPHD1.InOv.subEna: false
calling GetDataValues(IEDBiogasCHP/LPHD1.InOv.subVal)
14:23:46.747 [openiec61850-osi-server-7-thread-1] DEBUG com.beanit.openiec61850.ServerAssociation - Got a GetDataValues request for node: IEDBiogasCHP/LPHD1.InOv.subVal: false
calling GetDataValues(IEDBiogasCHP/LPHD1.InOv.subQ)
14:23:46.747 [openiec61850-osi-server-7-thread-1] DEBUG com.beanit.openiec61850.ServerAssociation - Got a GetDataValues request for node: IEDBiogasCHP/LPHD1.InOv.subQ: 0x00 0x00
calling GetDataValues(IEDBiogasCHP/LPHD1.InOv.subID)
14:23:46.747 [openiec61850-osi-server-7-thread-1] DEBUG com.beanit.openiec61850.ServerAssociation - Got a GetDataValues request for node: IEDBiogasCHP/LPHD1.InOv.subID: ''
calling GetDataValues(IEDBiogasCHP/LPHD1.InOv)
14:23:46.747 [openiec61850-osi-server-7-thread-1] DEBUG com.beanit.openiec61850.ServerAssociation - Got a GetDataValues request for node: IEDBiogasCHP/LPHD1.InOv [DC]
IEDBiogasCHP/LPHD1.InOv.d: ''
IEDBiogasCHP/LPHD1.InOv.dU: 
14:23:46.747 [openiec61850-osi-server-7-thread-1] DEBUG com.beanit.openiec61850.ServerAssociation - sub BDA is:IEDBiogasCHP/LPHD1.InOv.d: ''
14:23:46.747 [openiec61850-osi-server-7-thread-1] DEBUG com.beanit.openiec61850.ServerAssociation - sub BDA is:IEDBiogasCHP/LPHD1.InOv.dU: 
calling GetDataValues(IEDBiogasCHP/LPHD1.InOv.d)
14:23:46.747 [openiec61850-osi-server-7-thread-1] DEBUG com.beanit.openiec61850.ServerAssociation - Got a GetDataValues request for node: IEDBiogasCHP/LPHD1.InOv.d: ''
calling GetDataValues(IEDBiogasCHP/LPHD1.InOv.dU)
14:23:46.748 [openiec61850-osi-server-7-thread-1] DEBUG com.beanit.openiec61850.ServerAssociation - Got a GetDataValues request for node: IEDBiogasCHP/LPHD1.InOv.dU: 
calling GetDataValues(IEDBiogasCHP/LPHD1.InOv)
14:23:46.748 [openiec61850-osi-server-7-thread-1] DEBUG com.beanit.openiec61850.ServerAssociation - Got a GetDataValues request for node: IEDBiogasCHP/LPHD1.InOv [EX]
IEDBiogasCHP/LPHD1.InOv.cdcNs: ''
IEDBiogasCHP/LPHD1.InOv.cdcName: ''
IEDBiogasCHP/LPHD1.InOv.dataNs: ''
14:23:46.748 [openiec61850-osi-server-7-thread-1] DEBUG com.beanit.openiec61850.ServerAssociation - sub BDA is:IEDBiogasCHP/LPHD1.InOv.cdcNs: ''
14:23:46.748 [openiec61850-osi-server-7-thread-1] DEBUG com.beanit.openiec61850.ServerAssociation - sub BDA is:IEDBiogasCHP/LPHD1.InOv.cdcName: ''
14:23:46.748 [openiec61850-osi-server-7-thread-1] DEBUG com.beanit.openiec61850.ServerAssociation - sub BDA is:IEDBiogasCHP/LPHD1.InOv.dataNs: ''
calling GetDataValues(IEDBiogasCHP/LPHD1.InOv.cdcNs)
14:23:46.748 [openiec61850-osi-server-7-thread-1] DEBUG com.beanit.openiec61850.ServerAssociation - Got a GetDataValues request for node: IEDBiogasCHP/LPHD1.InOv.cdcNs: ''
calling GetDataValues(IEDBiogasCHP/LPHD1.InOv.cdcName)
14:23:46.748 [openiec61850-osi-server-7-thread-1] DEBUG com.beanit.openiec61850.ServerAssociation - Got a GetDataValues request for node: IEDBiogasCHP/LPHD1.InOv.cdcName: ''
calling GetDataValues(IEDBiogasCHP/LPHD1.InOv.dataNs)
14:23:46.748 [openiec61850-osi-server-7-thread-1] DEBUG com.beanit.openiec61850.ServerAssociation - Got a GetDataValues request for node: IEDBiogasCHP/LPHD1.InOv.dataNs: ''
calling GetDataValues(IEDBiogasCHP/LPHD1.NumPwrUp)
14:23:46.749 [openiec61850-osi-server-7-thread-1] DEBUG com.beanit.openiec61850.ServerAssociation - Got a GetDataValues request for node: IEDBiogasCHP/LPHD1.NumPwrUp [ST]
IEDBiogasCHP/LPHD1.NumPwrUp.stVal: 0
IEDBiogasCHP/LPHD1.NumPwrUp.q: 0x00 0x00
IEDBiogasCHP/LPHD1.NumPwrUp.t: Thu Jan 01 01:00:00 CET 1970
14:23:46.749 [openiec61850-osi-server-7-thread-1] DEBUG com.beanit.openiec61850.ServerAssociation - sub BDA is:IEDBiogasCHP/LPHD1.NumPwrUp.stVal: 0
14:23:46.749 [openiec61850-osi-server-7-thread-1] DEBUG com.beanit.openiec61850.ServerAssociation - sub BDA is:IEDBiogasCHP/LPHD1.NumPwrUp.q: 0x00 0x00
14:23:46.749 [openiec61850-osi-server-7-thread-1] DEBUG com.beanit.openiec61850.ServerAssociation - sub BDA is:IEDBiogasCHP/LPHD1.NumPwrUp.t: Thu Jan 01 01:00:00 CET 1970
calling GetDataValues(IEDBiogasCHP/LPHD1.NumPwrUp.stVal)
14:23:46.749 [openiec61850-osi-server-7-thread-1] DEBUG com.beanit.openiec61850.ServerAssociation - Got a GetDataValues request for node: IEDBiogasCHP/LPHD1.NumPwrUp.stVal: 0
calling GetDataValues(IEDBiogasCHP/LPHD1.NumPwrUp.q)
14:23:46.749 [openiec61850-osi-server-7-thread-1] DEBUG com.beanit.openiec61850.ServerAssociation - Got a GetDataValues request for node: IEDBiogasCHP/LPHD1.NumPwrUp.q: 0x00 0x00
calling GetDataValues(IEDBiogasCHP/LPHD1.NumPwrUp.t)
14:23:46.749 [openiec61850-osi-server-7-thread-1] DEBUG com.beanit.openiec61850.ServerAssociation - Got a GetDataValues request for node: IEDBiogasCHP/LPHD1.NumPwrUp.t: Thu Jan 01 01:00:00 CET 1970
calling GetDataValues(IEDBiogasCHP/LPHD1.NumPwrUp)
14:23:46.749 [openiec61850-osi-server-7-thread-1] DEBUG com.beanit.openiec61850.ServerAssociation - Got a GetDataValues request for node: IEDBiogasCHP/LPHD1.NumPwrUp [SV]
IEDBiogasCHP/LPHD1.NumPwrUp.subEna: false
IEDBiogasCHP/LPHD1.NumPwrUp.subVal: 0
IEDBiogasCHP/LPHD1.NumPwrUp.subQ: 0x00 0x00
IEDBiogasCHP/LPHD1.NumPwrUp.subID: ''
14:23:46.750 [openiec61850-osi-server-7-thread-1] DEBUG com.beanit.openiec61850.ServerAssociation - sub BDA is:IEDBiogasCHP/LPHD1.NumPwrUp.subEna: false
14:23:46.750 [openiec61850-osi-server-7-thread-1] DEBUG com.beanit.openiec61850.ServerAssociation - sub BDA is:IEDBiogasCHP/LPHD1.NumPwrUp.subVal: 0
14:23:46.750 [openiec61850-osi-server-7-thread-1] DEBUG com.beanit.openiec61850.ServerAssociation - sub BDA is:IEDBiogasCHP/LPHD1.NumPwrUp.subQ: 0x00 0x00
14:23:46.750 [openiec61850-osi-server-7-thread-1] DEBUG com.beanit.openiec61850.ServerAssociation - sub BDA is:IEDBiogasCHP/LPHD1.NumPwrUp.subID: ''
calling GetDataValues(IEDBiogasCHP/LPHD1.NumPwrUp.subEna)
14:23:46.750 [openiec61850-osi-server-7-thread-1] DEBUG com.beanit.openiec61850.ServerAssociation - Got a GetDataValues request for node: IEDBiogasCHP/LPHD1.NumPwrUp.subEna: false
calling GetDataValues(IEDBiogasCHP/LPHD1.NumPwrUp.subVal)
14:23:46.750 [openiec61850-osi-server-7-thread-1] DEBUG com.beanit.openiec61850.ServerAssociation - Got a GetDataValues request for node: IEDBiogasCHP/LPHD1.NumPwrUp.subVal: 0
calling GetDataValues(IEDBiogasCHP/LPHD1.NumPwrUp.subQ)
14:23:46.750 [openiec61850-osi-server-7-thread-1] DEBUG com.beanit.openiec61850.ServerAssociation - Got a GetDataValues request for node: IEDBiogasCHP/LPHD1.NumPwrUp.subQ: 0x00 0x00
calling GetDataValues(IEDBiogasCHP/LPHD1.NumPwrUp.subID)
14:23:46.750 [openiec61850-osi-server-7-thread-1] DEBUG com.beanit.openiec61850.ServerAssociation - Got a GetDataValues request for node: IEDBiogasCHP/LPHD1.NumPwrUp.subID: ''
calling GetDataValues(IEDBiogasCHP/LPHD1.NumPwrUp)
14:23:46.750 [openiec61850-osi-server-7-thread-1] DEBUG com.beanit.openiec61850.ServerAssociation - Got a GetDataValues request for node: IEDBiogasCHP/LPHD1.NumPwrUp [DC]
IEDBiogasCHP/LPHD1.NumPwrUp.d: ''
IEDBiogasCHP/LPHD1.NumPwrUp.dU: 
14:23:46.751 [openiec61850-osi-server-7-thread-1] DEBUG com.beanit.openiec61850.ServerAssociation - sub BDA is:IEDBiogasCHP/LPHD1.NumPwrUp.d: ''
14:23:46.751 [openiec61850-osi-server-7-thread-1] DEBUG com.beanit.openiec61850.ServerAssociation - sub BDA is:IEDBiogasCHP/LPHD1.NumPwrUp.dU: 
calling GetDataValues(IEDBiogasCHP/LPHD1.NumPwrUp.d)
14:23:46.751 [openiec61850-osi-server-7-thread-1] DEBUG com.beanit.openiec61850.ServerAssociation - Got a GetDataValues request for node: IEDBiogasCHP/LPHD1.NumPwrUp.d: ''
calling GetDataValues(IEDBiogasCHP/LPHD1.NumPwrUp.dU)
14:23:46.751 [openiec61850-osi-server-7-thread-1] DEBUG com.beanit.openiec61850.ServerAssociation - Got a GetDataValues request for node: IEDBiogasCHP/LPHD1.NumPwrUp.dU: 
calling GetDataValues(IEDBiogasCHP/LPHD1.NumPwrUp)
14:23:46.751 [openiec61850-osi-server-7-thread-1] DEBUG com.beanit.openiec61850.ServerAssociation - Got a GetDataValues request for node: IEDBiogasCHP/LPHD1.NumPwrUp [EX]
IEDBiogasCHP/LPHD1.NumPwrUp.cdcNs: ''
IEDBiogasCHP/LPHD1.NumPwrUp.cdcName: ''
IEDBiogasCHP/LPHD1.NumPwrUp.dataNs: ''
14:23:46.751 [openiec61850-osi-server-7-thread-1] DEBUG com.beanit.openiec61850.ServerAssociation - sub BDA is:IEDBiogasCHP/LPHD1.NumPwrUp.cdcNs: ''
14:23:46.751 [openiec61850-osi-server-7-thread-1] DEBUG com.beanit.openiec61850.ServerAssociation - sub BDA is:IEDBiogasCHP/LPHD1.NumPwrUp.cdcName: ''
14:23:46.751 [openiec61850-osi-server-7-thread-1] DEBUG com.beanit.openiec61850.ServerAssociation - sub BDA is:IEDBiogasCHP/LPHD1.NumPwrUp.dataNs: ''
calling GetDataValues(IEDBiogasCHP/LPHD1.NumPwrUp.cdcNs)
14:23:46.752 [openiec61850-osi-server-7-thread-1] DEBUG com.beanit.openiec61850.ServerAssociation - Got a GetDataValues request for node: IEDBiogasCHP/LPHD1.NumPwrUp.cdcNs: ''
calling GetDataValues(IEDBiogasCHP/LPHD1.NumPwrUp.cdcName)
14:23:46.758 [openiec61850-osi-server-7-thread-1] DEBUG com.beanit.openiec61850.ServerAssociation - Got a GetDataValues request for node: IEDBiogasCHP/LPHD1.NumPwrUp.cdcName: ''
calling GetDataValues(IEDBiogasCHP/LPHD1.NumPwrUp.dataNs)
14:23:46.758 [openiec61850-osi-server-7-thread-1] DEBUG com.beanit.openiec61850.ServerAssociation - Got a GetDataValues request for node: IEDBiogasCHP/LPHD1.NumPwrUp.dataNs: ''
calling GetDataValues(IEDBiogasCHP/LPHD1.WrmStr)
14:23:46.759 [openiec61850-osi-server-7-thread-1] DEBUG com.beanit.openiec61850.ServerAssociation - Got a GetDataValues request for node: IEDBiogasCHP/LPHD1.WrmStr [ST]
IEDBiogasCHP/LPHD1.WrmStr.stVal: 0
IEDBiogasCHP/LPHD1.WrmStr.q: 0x00 0x00
IEDBiogasCHP/LPHD1.WrmStr.t: Thu Jan 01 01:00:00 CET 1970
14:23:46.759 [openiec61850-osi-server-7-thread-1] DEBUG com.beanit.openiec61850.ServerAssociation - sub BDA is:IEDBiogasCHP/LPHD1.WrmStr.stVal: 0
14:23:46.759 [openiec61850-osi-server-7-thread-1] DEBUG com.beanit.openiec61850.ServerAssociation - sub BDA is:IEDBiogasCHP/LPHD1.WrmStr.q: 0x00 0x00
14:23:46.759 [openiec61850-osi-server-7-thread-1] DEBUG com.beanit.openiec61850.ServerAssociation - sub BDA is:IEDBiogasCHP/LPHD1.WrmStr.t: Thu Jan 01 01:00:00 CET 1970
calling GetDataValues(IEDBiogasCHP/LPHD1.WrmStr.stVal)
14:23:46.759 [openiec61850-osi-server-7-thread-1] DEBUG com.beanit.openiec61850.ServerAssociation - Got a GetDataValues request for node: IEDBiogasCHP/LPHD1.WrmStr.stVal: 0
calling GetDataValues(IEDBiogasCHP/LPHD1.WrmStr.q)
14:23:46.759 [openiec61850-osi-server-7-thread-1] DEBUG com.beanit.openiec61850.ServerAssociation - Got a GetDataValues request for node: IEDBiogasCHP/LPHD1.WrmStr.q: 0x00 0x00
calling GetDataValues(IEDBiogasCHP/LPHD1.WrmStr.t)
14:23:46.760 [openiec61850-osi-server-7-thread-1] DEBUG com.beanit.openiec61850.ServerAssociation - Got a GetDataValues request for node: IEDBiogasCHP/LPHD1.WrmStr.t: Thu Jan 01 01:00:00 CET 1970
calling GetDataValues(IEDBiogasCHP/LPHD1.WrmStr)
14:23:46.760 [openiec61850-osi-server-7-thread-1] DEBUG com.beanit.openiec61850.ServerAssociation - Got a GetDataValues request for node: IEDBiogasCHP/LPHD1.WrmStr [SV]
IEDBiogasCHP/LPHD1.WrmStr.subEna: false
IEDBiogasCHP/LPHD1.WrmStr.subVal: 0
IEDBiogasCHP/LPHD1.WrmStr.subQ: 0x00 0x00
IEDBiogasCHP/LPHD1.WrmStr.subID: ''
14:23:46.760 [openiec61850-osi-server-7-thread-1] DEBUG com.beanit.openiec61850.ServerAssociation - sub BDA is:IEDBiogasCHP/LPHD1.WrmStr.subEna: false
14:23:46.760 [openiec61850-osi-server-7-thread-1] DEBUG com.beanit.openiec61850.ServerAssociation - sub BDA is:IEDBiogasCHP/LPHD1.WrmStr.subVal: 0
14:23:46.760 [openiec61850-osi-server-7-thread-1] DEBUG com.beanit.openiec61850.ServerAssociation - sub BDA is:IEDBiogasCHP/LPHD1.WrmStr.subQ: 0x00 0x00
14:23:46.760 [openiec61850-osi-server-7-thread-1] DEBUG com.beanit.openiec61850.ServerAssociation - sub BDA is:IEDBiogasCHP/LPHD1.WrmStr.subID: ''
calling GetDataValues(IEDBiogasCHP/LPHD1.WrmStr.subEna)
14:23:46.760 [openiec61850-osi-server-7-thread-1] DEBUG com.beanit.openiec61850.ServerAssociation - Got a GetDataValues request for node: IEDBiogasCHP/LPHD1.WrmStr.subEna: false
calling GetDataValues(IEDBiogasCHP/LPHD1.WrmStr.subVal)
14:23:46.760 [openiec61850-osi-server-7-thread-1] DEBUG com.beanit.openiec61850.ServerAssociation - Got a GetDataValues request for node: IEDBiogasCHP/LPHD1.WrmStr.subVal: 0
calling GetDataValues(IEDBiogasCHP/LPHD1.WrmStr.subQ)
14:23:46.760 [openiec61850-osi-server-7-thread-1] DEBUG com.beanit.openiec61850.ServerAssociation - Got a GetDataValues request for node: IEDBiogasCHP/LPHD1.WrmStr.subQ: 0x00 0x00
calling GetDataValues(IEDBiogasCHP/LPHD1.WrmStr.subID)
14:23:46.760 [openiec61850-osi-server-7-thread-1] DEBUG com.beanit.openiec61850.ServerAssociation - Got a GetDataValues request for node: IEDBiogasCHP/LPHD1.WrmStr.subID: ''
calling GetDataValues(IEDBiogasCHP/LPHD1.WrmStr)
14:23:46.761 [openiec61850-osi-server-7-thread-1] DEBUG com.beanit.openiec61850.ServerAssociation - Got a GetDataValues request for node: IEDBiogasCHP/LPHD1.WrmStr [DC]
IEDBiogasCHP/LPHD1.WrmStr.d: ''
IEDBiogasCHP/LPHD1.WrmStr.dU: 
14:23:46.761 [openiec61850-osi-server-7-thread-1] DEBUG com.beanit.openiec61850.ServerAssociation - sub BDA is:IEDBiogasCHP/LPHD1.WrmStr.d: ''
14:23:46.761 [openiec61850-osi-server-7-thread-1] DEBUG com.beanit.openiec61850.ServerAssociation - sub BDA is:IEDBiogasCHP/LPHD1.WrmStr.dU: 
calling GetDataValues(IEDBiogasCHP/LPHD1.WrmStr.d)
14:23:46.761 [openiec61850-osi-server-7-thread-1] DEBUG com.beanit.openiec61850.ServerAssociation - Got a GetDataValues request for node: IEDBiogasCHP/LPHD1.WrmStr.d: ''
calling GetDataValues(IEDBiogasCHP/LPHD1.WrmStr.dU)
14:23:46.761 [openiec61850-osi-server-7-thread-1] DEBUG com.beanit.openiec61850.ServerAssociation - Got a GetDataValues request for node: IEDBiogasCHP/LPHD1.WrmStr.dU: 
calling GetDataValues(IEDBiogasCHP/LPHD1.WrmStr)
14:23:46.761 [openiec61850-osi-server-7-thread-1] DEBUG com.beanit.openiec61850.ServerAssociation - Got a GetDataValues request for node: IEDBiogasCHP/LPHD1.WrmStr [EX]
IEDBiogasCHP/LPHD1.WrmStr.cdcNs: ''
IEDBiogasCHP/LPHD1.WrmStr.cdcName: ''
IEDBiogasCHP/LPHD1.WrmStr.dataNs: ''
14:23:46.761 [openiec61850-osi-server-7-thread-1] DEBUG com.beanit.openiec61850.ServerAssociation - sub BDA is:IEDBiogasCHP/LPHD1.WrmStr.cdcNs: ''
14:23:46.761 [openiec61850-osi-server-7-thread-1] DEBUG com.beanit.openiec61850.ServerAssociation - sub BDA is:IEDBiogasCHP/LPHD1.WrmStr.cdcName: ''
14:23:46.761 [openiec61850-osi-server-7-thread-1] DEBUG com.beanit.openiec61850.ServerAssociation - sub BDA is:IEDBiogasCHP/LPHD1.WrmStr.dataNs: ''
calling GetDataValues(IEDBiogasCHP/LPHD1.WrmStr.cdcNs)
14:23:46.761 [openiec61850-osi-server-7-thread-1] DEBUG com.beanit.openiec61850.ServerAssociation - Got a GetDataValues request for node: IEDBiogasCHP/LPHD1.WrmStr.cdcNs: ''
calling GetDataValues(IEDBiogasCHP/LPHD1.WrmStr.cdcName)
14:23:46.762 [openiec61850-osi-server-7-thread-1] DEBUG com.beanit.openiec61850.ServerAssociation - Got a GetDataValues request for node: IEDBiogasCHP/LPHD1.WrmStr.cdcName: ''
calling GetDataValues(IEDBiogasCHP/LPHD1.WrmStr.dataNs)
14:23:46.762 [openiec61850-osi-server-7-thread-1] DEBUG com.beanit.openiec61850.ServerAssociation - Got a GetDataValues request for node: IEDBiogasCHP/LPHD1.WrmStr.dataNs: ''
calling GetDataValues(IEDBiogasCHP/LPHD1.WacTrg)
14:23:46.762 [openiec61850-osi-server-7-thread-1] DEBUG com.beanit.openiec61850.ServerAssociation - Got a GetDataValues request for node: IEDBiogasCHP/LPHD1.WacTrg [ST]
IEDBiogasCHP/LPHD1.WacTrg.stVal: 0
IEDBiogasCHP/LPHD1.WacTrg.q: 0x00 0x00
IEDBiogasCHP/LPHD1.WacTrg.t: Thu Jan 01 01:00:00 CET 1970
14:23:46.762 [openiec61850-osi-server-7-thread-1] DEBUG com.beanit.openiec61850.ServerAssociation - sub BDA is:IEDBiogasCHP/LPHD1.WacTrg.stVal: 0
14:23:46.762 [openiec61850-osi-server-7-thread-1] DEBUG com.beanit.openiec61850.ServerAssociation - sub BDA is:IEDBiogasCHP/LPHD1.WacTrg.q: 0x00 0x00
14:23:46.762 [openiec61850-osi-server-7-thread-1] DEBUG com.beanit.openiec61850.ServerAssociation - sub BDA is:IEDBiogasCHP/LPHD1.WacTrg.t: Thu Jan 01 01:00:00 CET 1970
calling GetDataValues(IEDBiogasCHP/LPHD1.WacTrg.stVal)
14:23:46.762 [openiec61850-osi-server-7-thread-1] DEBUG com.beanit.openiec61850.ServerAssociation - Got a GetDataValues request for node: IEDBiogasCHP/LPHD1.WacTrg.stVal: 0
calling GetDataValues(IEDBiogasCHP/LPHD1.WacTrg.q)
14:23:46.762 [openiec61850-osi-server-7-thread-1] DEBUG com.beanit.openiec61850.ServerAssociation - Got a GetDataValues request for node: IEDBiogasCHP/LPHD1.WacTrg.q: 0x00 0x00
calling GetDataValues(IEDBiogasCHP/LPHD1.WacTrg.t)
14:23:46.762 [openiec61850-osi-server-7-thread-1] DEBUG com.beanit.openiec61850.ServerAssociation - Got a GetDataValues request for node: IEDBiogasCHP/LPHD1.WacTrg.t: Thu Jan 01 01:00:00 CET 1970
calling GetDataValues(IEDBiogasCHP/LPHD1.WacTrg)
14:23:46.763 [openiec61850-osi-server-7-thread-1] DEBUG com.beanit.openiec61850.ServerAssociation - Got a GetDataValues request for node: IEDBiogasCHP/LPHD1.WacTrg [SV]
IEDBiogasCHP/LPHD1.WacTrg.subEna: false
IEDBiogasCHP/LPHD1.WacTrg.subVal: 0
IEDBiogasCHP/LPHD1.WacTrg.subQ: 0x00 0x00
IEDBiogasCHP/LPHD1.WacTrg.subID: ''
14:23:46.763 [openiec61850-osi-server-7-thread-1] DEBUG com.beanit.openiec61850.ServerAssociation - sub BDA is:IEDBiogasCHP/LPHD1.WacTrg.subEna: false
14:23:46.763 [openiec61850-osi-server-7-thread-1] DEBUG com.beanit.openiec61850.ServerAssociation - sub BDA is:IEDBiogasCHP/LPHD1.WacTrg.subVal: 0
14:23:46.763 [openiec61850-osi-server-7-thread-1] DEBUG com.beanit.openiec61850.ServerAssociation - sub BDA is:IEDBiogasCHP/LPHD1.WacTrg.subQ: 0x00 0x00
14:23:46.763 [openiec61850-osi-server-7-thread-1] DEBUG com.beanit.openiec61850.ServerAssociation - sub BDA is:IEDBiogasCHP/LPHD1.WacTrg.subID: ''
calling GetDataValues(IEDBiogasCHP/LPHD1.WacTrg.subEna)
14:23:46.763 [openiec61850-osi-server-7-thread-1] DEBUG com.beanit.openiec61850.ServerAssociation - Got a GetDataValues request for node: IEDBiogasCHP/LPHD1.WacTrg.subEna: false
calling GetDataValues(IEDBiogasCHP/LPHD1.WacTrg.subVal)
14:23:46.763 [openiec61850-osi-server-7-thread-1] DEBUG com.beanit.openiec61850.ServerAssociation - Got a GetDataValues request for node: IEDBiogasCHP/LPHD1.WacTrg.subVal: 0
calling GetDataValues(IEDBiogasCHP/LPHD1.WacTrg.subQ)
14:23:46.763 [openiec61850-osi-server-7-thread-1] DEBUG com.beanit.openiec61850.ServerAssociation - Got a GetDataValues request for node: IEDBiogasCHP/LPHD1.WacTrg.subQ: 0x00 0x00
calling GetDataValues(IEDBiogasCHP/LPHD1.WacTrg.subID)
14:23:46.763 [openiec61850-osi-server-7-thread-1] DEBUG com.beanit.openiec61850.ServerAssociation - Got a GetDataValues request for node: IEDBiogasCHP/LPHD1.WacTrg.subID: ''
calling GetDataValues(IEDBiogasCHP/LPHD1.WacTrg)
14:23:46.764 [openiec61850-osi-server-7-thread-1] DEBUG com.beanit.openiec61850.ServerAssociation - Got a GetDataValues request for node: IEDBiogasCHP/LPHD1.WacTrg [DC]
IEDBiogasCHP/LPHD1.WacTrg.d: ''
IEDBiogasCHP/LPHD1.WacTrg.dU: 
14:23:46.764 [openiec61850-osi-server-7-thread-1] DEBUG com.beanit.openiec61850.ServerAssociation - sub BDA is:IEDBiogasCHP/LPHD1.WacTrg.d: ''
14:23:46.764 [openiec61850-osi-server-7-thread-1] DEBUG com.beanit.openiec61850.ServerAssociation - sub BDA is:IEDBiogasCHP/LPHD1.WacTrg.dU: 
calling GetDataValues(IEDBiogasCHP/LPHD1.WacTrg.d)
14:23:46.764 [openiec61850-osi-server-7-thread-1] DEBUG com.beanit.openiec61850.ServerAssociation - Got a GetDataValues request for node: IEDBiogasCHP/LPHD1.WacTrg.d: ''
calling GetDataValues(IEDBiogasCHP/LPHD1.WacTrg.dU)
14:23:46.764 [openiec61850-osi-server-7-thread-1] DEBUG com.beanit.openiec61850.ServerAssociation - Got a GetDataValues request for node: IEDBiogasCHP/LPHD1.WacTrg.dU: 
calling GetDataValues(IEDBiogasCHP/LPHD1.WacTrg)
14:23:46.764 [openiec61850-osi-server-7-thread-1] DEBUG com.beanit.openiec61850.ServerAssociation - Got a GetDataValues request for node: IEDBiogasCHP/LPHD1.WacTrg [EX]
IEDBiogasCHP/LPHD1.WacTrg.cdcNs: ''
IEDBiogasCHP/LPHD1.WacTrg.cdcName: ''
IEDBiogasCHP/LPHD1.WacTrg.dataNs: ''
14:23:46.764 [openiec61850-osi-server-7-thread-1] DEBUG com.beanit.openiec61850.ServerAssociation - sub BDA is:IEDBiogasCHP/LPHD1.WacTrg.cdcNs: ''
14:23:46.764 [openiec61850-osi-server-7-thread-1] DEBUG com.beanit.openiec61850.ServerAssociation - sub BDA is:IEDBiogasCHP/LPHD1.WacTrg.cdcName: ''
14:23:46.764 [openiec61850-osi-server-7-thread-1] DEBUG com.beanit.openiec61850.ServerAssociation - sub BDA is:IEDBiogasCHP/LPHD1.WacTrg.dataNs: ''
calling GetDataValues(IEDBiogasCHP/LPHD1.WacTrg.cdcNs)
14:23:46.764 [openiec61850-osi-server-7-thread-1] DEBUG com.beanit.openiec61850.ServerAssociation - Got a GetDataValues request for node: IEDBiogasCHP/LPHD1.WacTrg.cdcNs: ''
calling GetDataValues(IEDBiogasCHP/LPHD1.WacTrg.cdcName)
14:23:46.764 [openiec61850-osi-server-7-thread-1] DEBUG com.beanit.openiec61850.ServerAssociation - Got a GetDataValues request for node: IEDBiogasCHP/LPHD1.WacTrg.cdcName: ''
calling GetDataValues(IEDBiogasCHP/LPHD1.WacTrg.dataNs)
14:23:46.764 [openiec61850-osi-server-7-thread-1] DEBUG com.beanit.openiec61850.ServerAssociation - Got a GetDataValues request for node: IEDBiogasCHP/LPHD1.WacTrg.dataNs: ''
calling GetDataValues(IEDBiogasCHP/LPHD1.PwrUp)
14:23:46.765 [openiec61850-osi-server-7-thread-1] DEBUG com.beanit.openiec61850.ServerAssociation - Got a GetDataValues request for node: IEDBiogasCHP/LPHD1.PwrUp [ST]
IEDBiogasCHP/LPHD1.PwrUp.stVal: false
IEDBiogasCHP/LPHD1.PwrUp.q: 0x00 0x00
IEDBiogasCHP/LPHD1.PwrUp.t: Thu Jan 01 01:00:00 CET 1970
14:23:46.765 [openiec61850-osi-server-7-thread-1] DEBUG com.beanit.openiec61850.ServerAssociation - sub BDA is:IEDBiogasCHP/LPHD1.PwrUp.stVal: false
14:23:46.765 [openiec61850-osi-server-7-thread-1] DEBUG com.beanit.openiec61850.ServerAssociation - sub BDA is:IEDBiogasCHP/LPHD1.PwrUp.q: 0x00 0x00
14:23:46.765 [openiec61850-osi-server-7-thread-1] DEBUG com.beanit.openiec61850.ServerAssociation - sub BDA is:IEDBiogasCHP/LPHD1.PwrUp.t: Thu Jan 01 01:00:00 CET 1970
calling GetDataValues(IEDBiogasCHP/LPHD1.PwrUp.stVal)
14:23:46.765 [openiec61850-osi-server-7-thread-1] DEBUG com.beanit.openiec61850.ServerAssociation - Got a GetDataValues request for node: IEDBiogasCHP/LPHD1.PwrUp.stVal: false
calling GetDataValues(IEDBiogasCHP/LPHD1.PwrUp.q)
14:23:46.765 [openiec61850-osi-server-7-thread-1] DEBUG com.beanit.openiec61850.ServerAssociation - Got a GetDataValues request for node: IEDBiogasCHP/LPHD1.PwrUp.q: 0x00 0x00
calling GetDataValues(IEDBiogasCHP/LPHD1.PwrUp.t)
14:23:46.765 [openiec61850-osi-server-7-thread-1] DEBUG com.beanit.openiec61850.ServerAssociation - Got a GetDataValues request for node: IEDBiogasCHP/LPHD1.PwrUp.t: Thu Jan 01 01:00:00 CET 1970
calling GetDataValues(IEDBiogasCHP/LPHD1.PwrUp)
14:23:46.766 [openiec61850-osi-server-7-thread-1] DEBUG com.beanit.openiec61850.ServerAssociation - Got a GetDataValues request for node: IEDBiogasCHP/LPHD1.PwrUp [SV]
IEDBiogasCHP/LPHD1.PwrUp.subEna: false
IEDBiogasCHP/LPHD1.PwrUp.subVal: false
IEDBiogasCHP/LPHD1.PwrUp.subQ: 0x00 0x00
IEDBiogasCHP/LPHD1.PwrUp.subID: ''
14:23:46.766 [openiec61850-osi-server-7-thread-1] DEBUG com.beanit.openiec61850.ServerAssociation - sub BDA is:IEDBiogasCHP/LPHD1.PwrUp.subEna: false
14:23:46.766 [openiec61850-osi-server-7-thread-1] DEBUG com.beanit.openiec61850.ServerAssociation - sub BDA is:IEDBiogasCHP/LPHD1.PwrUp.subVal: false
14:23:46.766 [openiec61850-osi-server-7-thread-1] DEBUG com.beanit.openiec61850.ServerAssociation - sub BDA is:IEDBiogasCHP/LPHD1.PwrUp.subQ: 0x00 0x00
14:23:46.766 [openiec61850-osi-server-7-thread-1] DEBUG com.beanit.openiec61850.ServerAssociation - sub BDA is:IEDBiogasCHP/LPHD1.PwrUp.subID: ''
calling GetDataValues(IEDBiogasCHP/LPHD1.PwrUp.subEna)
14:23:46.766 [openiec61850-osi-server-7-thread-1] DEBUG com.beanit.openiec61850.ServerAssociation - Got a GetDataValues request for node: IEDBiogasCHP/LPHD1.PwrUp.subEna: false
calling GetDataValues(IEDBiogasCHP/LPHD1.PwrUp.subVal)
14:23:46.766 [openiec61850-osi-server-7-thread-1] DEBUG com.beanit.openiec61850.ServerAssociation - Got a GetDataValues request for node: IEDBiogasCHP/LPHD1.PwrUp.subVal: false
calling GetDataValues(IEDBiogasCHP/LPHD1.PwrUp.subQ)
14:23:46.766 [openiec61850-osi-server-7-thread-1] DEBUG com.beanit.openiec61850.ServerAssociation - Got a GetDataValues request for node: IEDBiogasCHP/LPHD1.PwrUp.subQ: 0x00 0x00
calling GetDataValues(IEDBiogasCHP/LPHD1.PwrUp.subID)
14:23:46.766 [openiec61850-osi-server-7-thread-1] DEBUG com.beanit.openiec61850.ServerAssociation - Got a GetDataValues request for node: IEDBiogasCHP/LPHD1.PwrUp.subID: ''
calling GetDataValues(IEDBiogasCHP/LPHD1.PwrUp)
14:23:46.767 [openiec61850-osi-server-7-thread-1] DEBUG com.beanit.openiec61850.ServerAssociation - Got a GetDataValues request for node: IEDBiogasCHP/LPHD1.PwrUp [DC]
IEDBiogasCHP/LPHD1.PwrUp.d: ''
IEDBiogasCHP/LPHD1.PwrUp.dU: 
14:23:46.767 [openiec61850-osi-server-7-thread-1] DEBUG com.beanit.openiec61850.ServerAssociation - sub BDA is:IEDBiogasCHP/LPHD1.PwrUp.d: ''
14:23:46.767 [openiec61850-osi-server-7-thread-1] DEBUG com.beanit.openiec61850.ServerAssociation - sub BDA is:IEDBiogasCHP/LPHD1.PwrUp.dU: 
calling GetDataValues(IEDBiogasCHP/LPHD1.PwrUp.d)
14:23:46.767 [openiec61850-osi-server-7-thread-1] DEBUG com.beanit.openiec61850.ServerAssociation - Got a GetDataValues request for node: IEDBiogasCHP/LPHD1.PwrUp.d: ''
calling GetDataValues(IEDBiogasCHP/LPHD1.PwrUp.dU)
14:23:46.767 [openiec61850-osi-server-7-thread-1] DEBUG com.beanit.openiec61850.ServerAssociation - Got a GetDataValues request for node: IEDBiogasCHP/LPHD1.PwrUp.dU: 
calling GetDataValues(IEDBiogasCHP/LPHD1.PwrUp)
14:23:46.767 [openiec61850-osi-server-7-thread-1] DEBUG com.beanit.openiec61850.ServerAssociation - Got a GetDataValues request for node: IEDBiogasCHP/LPHD1.PwrUp [EX]
IEDBiogasCHP/LPHD1.PwrUp.cdcNs: ''
IEDBiogasCHP/LPHD1.PwrUp.cdcName: ''
IEDBiogasCHP/LPHD1.PwrUp.dataNs: ''
14:23:46.767 [openiec61850-osi-server-7-thread-1] DEBUG com.beanit.openiec61850.ServerAssociation - sub BDA is:IEDBiogasCHP/LPHD1.PwrUp.cdcNs: ''
14:23:46.767 [openiec61850-osi-server-7-thread-1] DEBUG com.beanit.openiec61850.ServerAssociation - sub BDA is:IEDBiogasCHP/LPHD1.PwrUp.cdcName: ''
14:23:46.767 [openiec61850-osi-server-7-thread-1] DEBUG com.beanit.openiec61850.ServerAssociation - sub BDA is:IEDBiogasCHP/LPHD1.PwrUp.dataNs: ''
calling GetDataValues(IEDBiogasCHP/LPHD1.PwrUp.cdcNs)
14:23:46.767 [openiec61850-osi-server-7-thread-1] DEBUG com.beanit.openiec61850.ServerAssociation - Got a GetDataValues request for node: IEDBiogasCHP/LPHD1.PwrUp.cdcNs: ''
calling GetDataValues(IEDBiogasCHP/LPHD1.PwrUp.cdcName)
14:23:46.768 [openiec61850-osi-server-7-thread-1] DEBUG com.beanit.openiec61850.ServerAssociation - Got a GetDataValues request for node: IEDBiogasCHP/LPHD1.PwrUp.cdcName: ''
calling GetDataValues(IEDBiogasCHP/LPHD1.PwrUp.dataNs)
14:23:46.768 [openiec61850-osi-server-7-thread-1] DEBUG com.beanit.openiec61850.ServerAssociation - Got a GetDataValues request for node: IEDBiogasCHP/LPHD1.PwrUp.dataNs: ''
calling GetDataValues(IEDBiogasCHP/LPHD1.PwrDn)
14:23:46.768 [openiec61850-osi-server-7-thread-1] DEBUG com.beanit.openiec61850.ServerAssociation - Got a GetDataValues request for node: IEDBiogasCHP/LPHD1.PwrDn [ST]
IEDBiogasCHP/LPHD1.PwrDn.stVal: false
IEDBiogasCHP/LPHD1.PwrDn.q: 0x00 0x00
IEDBiogasCHP/LPHD1.PwrDn.t: Thu Jan 01 01:00:00 CET 1970
14:23:46.768 [openiec61850-osi-server-7-thread-1] DEBUG com.beanit.openiec61850.ServerAssociation - sub BDA is:IEDBiogasCHP/LPHD1.PwrDn.stVal: false
14:23:46.768 [openiec61850-osi-server-7-thread-1] DEBUG com.beanit.openiec61850.ServerAssociation - sub BDA is:IEDBiogasCHP/LPHD1.PwrDn.q: 0x00 0x00
14:23:46.768 [openiec61850-osi-server-7-thread-1] DEBUG com.beanit.openiec61850.ServerAssociation - sub BDA is:IEDBiogasCHP/LPHD1.PwrDn.t: Thu Jan 01 01:00:00 CET 1970
calling GetDataValues(IEDBiogasCHP/LPHD1.PwrDn.stVal)
14:23:46.768 [openiec61850-osi-server-7-thread-1] DEBUG com.beanit.openiec61850.ServerAssociation - Got a GetDataValues request for node: IEDBiogasCHP/LPHD1.PwrDn.stVal: false
calling GetDataValues(IEDBiogasCHP/LPHD1.PwrDn.q)
14:23:46.769 [openiec61850-osi-server-7-thread-1] DEBUG com.beanit.openiec61850.ServerAssociation - Got a GetDataValues request for node: IEDBiogasCHP/LPHD1.PwrDn.q: 0x00 0x00
calling GetDataValues(IEDBiogasCHP/LPHD1.PwrDn.t)
14:23:46.769 [openiec61850-osi-server-7-thread-1] DEBUG com.beanit.openiec61850.ServerAssociation - Got a GetDataValues request for node: IEDBiogasCHP/LPHD1.PwrDn.t: Thu Jan 01 01:00:00 CET 1970
calling GetDataValues(IEDBiogasCHP/LPHD1.PwrDn)
14:23:46.769 [openiec61850-osi-server-7-thread-1] DEBUG com.beanit.openiec61850.ServerAssociation - Got a GetDataValues request for node: IEDBiogasCHP/LPHD1.PwrDn [SV]
IEDBiogasCHP/LPHD1.PwrDn.subEna: false
IEDBiogasCHP/LPHD1.PwrDn.subVal: false
IEDBiogasCHP/LPHD1.PwrDn.subQ: 0x00 0x00
IEDBiogasCHP/LPHD1.PwrDn.subID: ''
14:23:46.769 [openiec61850-osi-server-7-thread-1] DEBUG com.beanit.openiec61850.ServerAssociation - sub BDA is:IEDBiogasCHP/LPHD1.PwrDn.subEna: false
14:23:46.769 [openiec61850-osi-server-7-thread-1] DEBUG com.beanit.openiec61850.ServerAssociation - sub BDA is:IEDBiogasCHP/LPHD1.PwrDn.subVal: false
14:23:46.769 [openiec61850-osi-server-7-thread-1] DEBUG com.beanit.openiec61850.ServerAssociation - sub BDA is:IEDBiogasCHP/LPHD1.PwrDn.subQ: 0x00 0x00
14:23:46.769 [openiec61850-osi-server-7-thread-1] DEBUG com.beanit.openiec61850.ServerAssociation - sub BDA is:IEDBiogasCHP/LPHD1.PwrDn.subID: ''
calling GetDataValues(IEDBiogasCHP/LPHD1.PwrDn.subEna)
14:23:46.769 [openiec61850-osi-server-7-thread-1] DEBUG com.beanit.openiec61850.ServerAssociation - Got a GetDataValues request for node: IEDBiogasCHP/LPHD1.PwrDn.subEna: false
calling GetDataValues(IEDBiogasCHP/LPHD1.PwrDn.subVal)
14:23:46.769 [openiec61850-osi-server-7-thread-1] DEBUG com.beanit.openiec61850.ServerAssociation - Got a GetDataValues request for node: IEDBiogasCHP/LPHD1.PwrDn.subVal: false
calling GetDataValues(IEDBiogasCHP/LPHD1.PwrDn.subQ)
14:23:46.770 [openiec61850-osi-server-7-thread-1] DEBUG com.beanit.openiec61850.ServerAssociation - Got a GetDataValues request for node: IEDBiogasCHP/LPHD1.PwrDn.subQ: 0x00 0x00
calling GetDataValues(IEDBiogasCHP/LPHD1.PwrDn.subID)
14:23:46.770 [openiec61850-osi-server-7-thread-1] DEBUG com.beanit.openiec61850.ServerAssociation - Got a GetDataValues request for node: IEDBiogasCHP/LPHD1.PwrDn.subID: ''
calling GetDataValues(IEDBiogasCHP/LPHD1.PwrDn)
14:23:46.770 [openiec61850-osi-server-7-thread-1] DEBUG com.beanit.openiec61850.ServerAssociation - Got a GetDataValues request for node: IEDBiogasCHP/LPHD1.PwrDn [DC]
IEDBiogasCHP/LPHD1.PwrDn.d: ''
IEDBiogasCHP/LPHD1.PwrDn.dU: 
14:23:46.770 [openiec61850-osi-server-7-thread-1] DEBUG com.beanit.openiec61850.ServerAssociation - sub BDA is:IEDBiogasCHP/LPHD1.PwrDn.d: ''
14:23:46.770 [openiec61850-osi-server-7-thread-1] DEBUG com.beanit.openiec61850.ServerAssociation - sub BDA is:IEDBiogasCHP/LPHD1.PwrDn.dU: 
calling GetDataValues(IEDBiogasCHP/LPHD1.PwrDn.d)
14:23:46.770 [openiec61850-osi-server-7-thread-1] DEBUG com.beanit.openiec61850.ServerAssociation - Got a GetDataValues request for node: IEDBiogasCHP/LPHD1.PwrDn.d: ''
calling GetDataValues(IEDBiogasCHP/LPHD1.PwrDn.dU)
14:23:46.770 [openiec61850-osi-server-7-thread-1] DEBUG com.beanit.openiec61850.ServerAssociation - Got a GetDataValues request for node: IEDBiogasCHP/LPHD1.PwrDn.dU: 
calling GetDataValues(IEDBiogasCHP/LPHD1.PwrDn)
14:23:46.771 [openiec61850-osi-server-7-thread-1] DEBUG com.beanit.openiec61850.ServerAssociation - Got a GetDataValues request for node: IEDBiogasCHP/LPHD1.PwrDn [EX]
IEDBiogasCHP/LPHD1.PwrDn.cdcNs: ''
IEDBiogasCHP/LPHD1.PwrDn.cdcName: ''
IEDBiogasCHP/LPHD1.PwrDn.dataNs: ''
14:23:46.771 [openiec61850-osi-server-7-thread-1] DEBUG com.beanit.openiec61850.ServerAssociation - sub BDA is:IEDBiogasCHP/LPHD1.PwrDn.cdcNs: ''
14:23:46.771 [openiec61850-osi-server-7-thread-1] DEBUG com.beanit.openiec61850.ServerAssociation - sub BDA is:IEDBiogasCHP/LPHD1.PwrDn.cdcName: ''
14:23:46.771 [openiec61850-osi-server-7-thread-1] DEBUG com.beanit.openiec61850.ServerAssociation - sub BDA is:IEDBiogasCHP/LPHD1.PwrDn.dataNs: ''
calling GetDataValues(IEDBiogasCHP/LPHD1.PwrDn.cdcNs)
14:23:46.771 [openiec61850-osi-server-7-thread-1] DEBUG com.beanit.openiec61850.ServerAssociation - Got a GetDataValues request for node: IEDBiogasCHP/LPHD1.PwrDn.cdcNs: ''
calling GetDataValues(IEDBiogasCHP/LPHD1.PwrDn.cdcName)
14:23:46.771 [openiec61850-osi-server-7-thread-1] DEBUG com.beanit.openiec61850.ServerAssociation - Got a GetDataValues request for node: IEDBiogasCHP/LPHD1.PwrDn.cdcName: ''
calling GetDataValues(IEDBiogasCHP/LPHD1.PwrDn.dataNs)
14:23:46.771 [openiec61850-osi-server-7-thread-1] DEBUG com.beanit.openiec61850.ServerAssociation - Got a GetDataValues request for node: IEDBiogasCHP/LPHD1.PwrDn.dataNs: ''
calling GetDataValues(IEDBiogasCHP/LPHD1.PwrSupAlm)
14:23:46.771 [openiec61850-osi-server-7-thread-1] DEBUG com.beanit.openiec61850.ServerAssociation - Got a GetDataValues request for node: IEDBiogasCHP/LPHD1.PwrSupAlm [ST]
IEDBiogasCHP/LPHD1.PwrSupAlm.stVal: false
IEDBiogasCHP/LPHD1.PwrSupAlm.q: 0x00 0x00
IEDBiogasCHP/LPHD1.PwrSupAlm.t: Thu Jan 01 01:00:00 CET 1970
14:23:46.771 [openiec61850-osi-server-7-thread-1] DEBUG com.beanit.openiec61850.ServerAssociation - sub BDA is:IEDBiogasCHP/LPHD1.PwrSupAlm.stVal: false
14:23:46.771 [openiec61850-osi-server-7-thread-1] DEBUG com.beanit.openiec61850.ServerAssociation - sub BDA is:IEDBiogasCHP/LPHD1.PwrSupAlm.q: 0x00 0x00
14:23:46.771 [openiec61850-osi-server-7-thread-1] DEBUG com.beanit.openiec61850.ServerAssociation - sub BDA is:IEDBiogasCHP/LPHD1.PwrSupAlm.t: Thu Jan 01 01:00:00 CET 1970
calling GetDataValues(IEDBiogasCHP/LPHD1.PwrSupAlm.stVal)
14:23:46.772 [openiec61850-osi-server-7-thread-1] DEBUG com.beanit.openiec61850.ServerAssociation - Got a GetDataValues request for node: IEDBiogasCHP/LPHD1.PwrSupAlm.stVal: false
calling GetDataValues(IEDBiogasCHP/LPHD1.PwrSupAlm.q)
14:23:46.772 [openiec61850-osi-server-7-thread-1] DEBUG com.beanit.openiec61850.ServerAssociation - Got a GetDataValues request for node: IEDBiogasCHP/LPHD1.PwrSupAlm.q: 0x00 0x00
calling GetDataValues(IEDBiogasCHP/LPHD1.PwrSupAlm.t)
14:23:46.772 [openiec61850-osi-server-7-thread-1] DEBUG com.beanit.openiec61850.ServerAssociation - Got a GetDataValues request for node: IEDBiogasCHP/LPHD1.PwrSupAlm.t: Thu Jan 01 01:00:00 CET 1970
calling GetDataValues(IEDBiogasCHP/LPHD1.PwrSupAlm)
14:23:46.772 [openiec61850-osi-server-7-thread-1] DEBUG com.beanit.openiec61850.ServerAssociation - Got a GetDataValues request for node: IEDBiogasCHP/LPHD1.PwrSupAlm [SV]
IEDBiogasCHP/LPHD1.PwrSupAlm.subEna: false
IEDBiogasCHP/LPHD1.PwrSupAlm.subVal: false
IEDBiogasCHP/LPHD1.PwrSupAlm.subQ: 0x00 0x00
IEDBiogasCHP/LPHD1.PwrSupAlm.subID: ''
14:23:46.772 [openiec61850-osi-server-7-thread-1] DEBUG com.beanit.openiec61850.ServerAssociation - sub BDA is:IEDBiogasCHP/LPHD1.PwrSupAlm.subEna: false
14:23:46.772 [openiec61850-osi-server-7-thread-1] DEBUG com.beanit.openiec61850.ServerAssociation - sub BDA is:IEDBiogasCHP/LPHD1.PwrSupAlm.subVal: false
14:23:46.772 [openiec61850-osi-server-7-thread-1] DEBUG com.beanit.openiec61850.ServerAssociation - sub BDA is:IEDBiogasCHP/LPHD1.PwrSupAlm.subQ: 0x00 0x00
14:23:46.772 [openiec61850-osi-server-7-thread-1] DEBUG com.beanit.openiec61850.ServerAssociation - sub BDA is:IEDBiogasCHP/LPHD1.PwrSupAlm.subID: ''
calling GetDataValues(IEDBiogasCHP/LPHD1.PwrSupAlm.subEna)
14:23:46.773 [openiec61850-osi-server-7-thread-1] DEBUG com.beanit.openiec61850.ServerAssociation - Got a GetDataValues request for node: IEDBiogasCHP/LPHD1.PwrSupAlm.subEna: false
calling GetDataValues(IEDBiogasCHP/LPHD1.PwrSupAlm.subVal)
14:23:46.773 [openiec61850-osi-server-7-thread-1] DEBUG com.beanit.openiec61850.ServerAssociation - Got a GetDataValues request for node: IEDBiogasCHP/LPHD1.PwrSupAlm.subVal: false
calling GetDataValues(IEDBiogasCHP/LPHD1.PwrSupAlm.subQ)
14:23:46.773 [openiec61850-osi-server-7-thread-1] DEBUG com.beanit.openiec61850.ServerAssociation - Got a GetDataValues request for node: IEDBiogasCHP/LPHD1.PwrSupAlm.subQ: 0x00 0x00
calling GetDataValues(IEDBiogasCHP/LPHD1.PwrSupAlm.subID)
14:23:46.773 [openiec61850-osi-server-7-thread-1] DEBUG com.beanit.openiec61850.ServerAssociation - Got a GetDataValues request for node: IEDBiogasCHP/LPHD1.PwrSupAlm.subID: ''
calling GetDataValues(IEDBiogasCHP/LPHD1.PwrSupAlm)
14:23:46.773 [openiec61850-osi-server-7-thread-1] DEBUG com.beanit.openiec61850.ServerAssociation - Got a GetDataValues request for node: IEDBiogasCHP/LPHD1.PwrSupAlm [DC]
IEDBiogasCHP/LPHD1.PwrSupAlm.d: ''
IEDBiogasCHP/LPHD1.PwrSupAlm.dU: 
14:23:46.773 [openiec61850-osi-server-7-thread-1] DEBUG com.beanit.openiec61850.ServerAssociation - sub BDA is:IEDBiogasCHP/LPHD1.PwrSupAlm.d: ''
14:23:46.773 [openiec61850-osi-server-7-thread-1] DEBUG com.beanit.openiec61850.ServerAssociation - sub BDA is:IEDBiogasCHP/LPHD1.PwrSupAlm.dU: 
calling GetDataValues(IEDBiogasCHP/LPHD1.PwrSupAlm.d)
14:23:46.774 [openiec61850-osi-server-7-thread-1] DEBUG com.beanit.openiec61850.ServerAssociation - Got a GetDataValues request for node: IEDBiogasCHP/LPHD1.PwrSupAlm.d: ''
calling GetDataValues(IEDBiogasCHP/LPHD1.PwrSupAlm.dU)
14:23:46.774 [openiec61850-osi-server-7-thread-1] DEBUG com.beanit.openiec61850.ServerAssociation - Got a GetDataValues request for node: IEDBiogasCHP/LPHD1.PwrSupAlm.dU: 
calling GetDataValues(IEDBiogasCHP/LPHD1.PwrSupAlm)
14:23:46.774 [openiec61850-osi-server-7-thread-1] DEBUG com.beanit.openiec61850.ServerAssociation - Got a GetDataValues request for node: IEDBiogasCHP/LPHD1.PwrSupAlm [EX]
IEDBiogasCHP/LPHD1.PwrSupAlm.cdcNs: ''
IEDBiogasCHP/LPHD1.PwrSupAlm.cdcName: ''
IEDBiogasCHP/LPHD1.PwrSupAlm.dataNs: ''
14:23:46.774 [openiec61850-osi-server-7-thread-1] DEBUG com.beanit.openiec61850.ServerAssociation - sub BDA is:IEDBiogasCHP/LPHD1.PwrSupAlm.cdcNs: ''
14:23:46.774 [openiec61850-osi-server-7-thread-1] DEBUG com.beanit.openiec61850.ServerAssociation - sub BDA is:IEDBiogasCHP/LPHD1.PwrSupAlm.cdcName: ''
14:23:46.774 [openiec61850-osi-server-7-thread-1] DEBUG com.beanit.openiec61850.ServerAssociation - sub BDA is:IEDBiogasCHP/LPHD1.PwrSupAlm.dataNs: ''
calling GetDataValues(IEDBiogasCHP/LPHD1.PwrSupAlm.cdcNs)
14:23:46.774 [openiec61850-osi-server-7-thread-1] DEBUG com.beanit.openiec61850.ServerAssociation - Got a GetDataValues request for node: IEDBiogasCHP/LPHD1.PwrSupAlm.cdcNs: ''
calling GetDataValues(IEDBiogasCHP/LPHD1.PwrSupAlm.cdcName)
14:23:46.774 [openiec61850-osi-server-7-thread-1] DEBUG com.beanit.openiec61850.ServerAssociation - Got a GetDataValues request for node: IEDBiogasCHP/LPHD1.PwrSupAlm.cdcName: ''
calling GetDataValues(IEDBiogasCHP/LPHD1.PwrSupAlm.dataNs)
14:23:46.775 [openiec61850-osi-server-7-thread-1] DEBUG com.beanit.openiec61850.ServerAssociation - Got a GetDataValues request for node: IEDBiogasCHP/LPHD1.PwrSupAlm.dataNs: ''
calling GetDataValues(IEDBiogasCHP/LPHD1.RsStat)
14:23:46.775 [openiec61850-osi-server-7-thread-1] DEBUG com.beanit.openiec61850.ServerAssociation - Got a GetDataValues request for node: IEDBiogasCHP/LPHD1.RsStat [ST]
IEDBiogasCHP/LPHD1.RsStat.origin [ST]
IEDBiogasCHP/LPHD1.RsStat.origin.orCat: 0
IEDBiogasCHP/LPHD1.RsStat.origin.orIdent: []
IEDBiogasCHP/LPHD1.RsStat.ctlNum: 0
IEDBiogasCHP/LPHD1.RsStat.stVal: false
IEDBiogasCHP/LPHD1.RsStat.q: 0x00 0x00
IEDBiogasCHP/LPHD1.RsStat.t: Thu Jan 01 01:00:00 CET 1970
IEDBiogasCHP/LPHD1.RsStat.stSeld: false
14:23:46.775 [openiec61850-osi-server-7-thread-1] DEBUG com.beanit.openiec61850.ServerAssociation - sub BDA is:IEDBiogasCHP/LPHD1.RsStat.origin.orCat: 0
14:23:46.775 [openiec61850-osi-server-7-thread-1] DEBUG com.beanit.openiec61850.ServerAssociation - sub BDA is:IEDBiogasCHP/LPHD1.RsStat.origin.orIdent: []
14:23:46.775 [openiec61850-osi-server-7-thread-1] DEBUG com.beanit.openiec61850.ServerAssociation - sub BDA is:IEDBiogasCHP/LPHD1.RsStat.ctlNum: 0
14:23:46.775 [openiec61850-osi-server-7-thread-1] DEBUG com.beanit.openiec61850.ServerAssociation - sub BDA is:IEDBiogasCHP/LPHD1.RsStat.stVal: false
14:23:46.775 [openiec61850-osi-server-7-thread-1] DEBUG com.beanit.openiec61850.ServerAssociation - sub BDA is:IEDBiogasCHP/LPHD1.RsStat.q: 0x00 0x00
14:23:46.775 [openiec61850-osi-server-7-thread-1] DEBUG com.beanit.openiec61850.ServerAssociation - sub BDA is:IEDBiogasCHP/LPHD1.RsStat.t: Thu Jan 01 01:00:00 CET 1970
14:23:46.775 [openiec61850-osi-server-7-thread-1] DEBUG com.beanit.openiec61850.ServerAssociation - sub BDA is:IEDBiogasCHP/LPHD1.RsStat.stSeld: false
calling GetDataValues(IEDBiogasCHP/LPHD1.RsStat.origin)
14:23:46.775 [openiec61850-osi-server-7-thread-1] DEBUG com.beanit.openiec61850.ServerAssociation - Got a GetDataValues request for node: IEDBiogasCHP/LPHD1.RsStat.origin [ST]
IEDBiogasCHP/LPHD1.RsStat.origin.orCat: 0
IEDBiogasCHP/LPHD1.RsStat.origin.orIdent: []
14:23:46.775 [openiec61850-osi-server-7-thread-1] DEBUG com.beanit.openiec61850.ServerAssociation - sub BDA is:IEDBiogasCHP/LPHD1.RsStat.origin.orCat: 0
14:23:46.775 [openiec61850-osi-server-7-thread-1] DEBUG com.beanit.openiec61850.ServerAssociation - sub BDA is:IEDBiogasCHP/LPHD1.RsStat.origin.orIdent: []
calling GetDataValues(IEDBiogasCHP/LPHD1.RsStat.origin.orCat)
14:23:46.776 [openiec61850-osi-server-7-thread-1] DEBUG com.beanit.openiec61850.ServerAssociation - Got a GetDataValues request for node: IEDBiogasCHP/LPHD1.RsStat.origin.orCat: 0
calling GetDataValues(IEDBiogasCHP/LPHD1.RsStat.origin.orIdent)
14:23:46.776 [openiec61850-osi-server-7-thread-1] DEBUG com.beanit.openiec61850.ServerAssociation - Got a GetDataValues request for node: IEDBiogasCHP/LPHD1.RsStat.origin.orIdent: []
calling GetDataValues(IEDBiogasCHP/LPHD1.RsStat.ctlNum)
14:23:46.776 [openiec61850-osi-server-7-thread-1] DEBUG com.beanit.openiec61850.ServerAssociation - Got a GetDataValues request for node: IEDBiogasCHP/LPHD1.RsStat.ctlNum: 0
calling GetDataValues(IEDBiogasCHP/LPHD1.RsStat.stVal)
14:23:46.776 [openiec61850-osi-server-7-thread-1] DEBUG com.beanit.openiec61850.ServerAssociation - Got a GetDataValues request for node: IEDBiogasCHP/LPHD1.RsStat.stVal: false
calling GetDataValues(IEDBiogasCHP/LPHD1.RsStat.q)
14:23:46.776 [openiec61850-osi-server-7-thread-1] DEBUG com.beanit.openiec61850.ServerAssociation - Got a GetDataValues request for node: IEDBiogasCHP/LPHD1.RsStat.q: 0x00 0x00
calling GetDataValues(IEDBiogasCHP/LPHD1.RsStat.t)
14:23:46.776 [openiec61850-osi-server-7-thread-1] DEBUG com.beanit.openiec61850.ServerAssociation - Got a GetDataValues request for node: IEDBiogasCHP/LPHD1.RsStat.t: Thu Jan 01 01:00:00 CET 1970
calling GetDataValues(IEDBiogasCHP/LPHD1.RsStat.stSeld)
14:23:46.777 [openiec61850-osi-server-7-thread-1] DEBUG com.beanit.openiec61850.ServerAssociation - Got a GetDataValues request for node: IEDBiogasCHP/LPHD1.RsStat.stSeld: false
calling GetDataValues(IEDBiogasCHP/LPHD1.RsStat)
14:23:46.777 [openiec61850-osi-server-7-thread-1] DEBUG com.beanit.openiec61850.ServerAssociation - Got a GetDataValues request for node: IEDBiogasCHP/LPHD1.RsStat [SV]
IEDBiogasCHP/LPHD1.RsStat.subEna: false
IEDBiogasCHP/LPHD1.RsStat.subVal: false
IEDBiogasCHP/LPHD1.RsStat.subQ: 0x00 0x00
IEDBiogasCHP/LPHD1.RsStat.subID: ''
14:23:46.777 [openiec61850-osi-server-7-thread-1] DEBUG com.beanit.openiec61850.ServerAssociation - sub BDA is:IEDBiogasCHP/LPHD1.RsStat.subEna: false
14:23:46.777 [openiec61850-osi-server-7-thread-1] DEBUG com.beanit.openiec61850.ServerAssociation - sub BDA is:IEDBiogasCHP/LPHD1.RsStat.subVal: false
14:23:46.777 [openiec61850-osi-server-7-thread-1] DEBUG com.beanit.openiec61850.ServerAssociation - sub BDA is:IEDBiogasCHP/LPHD1.RsStat.subQ: 0x00 0x00
14:23:46.777 [openiec61850-osi-server-7-thread-1] DEBUG com.beanit.openiec61850.ServerAssociation - sub BDA is:IEDBiogasCHP/LPHD1.RsStat.subID: ''
calling GetDataValues(IEDBiogasCHP/LPHD1.RsStat.subEna)
14:23:46.777 [openiec61850-osi-server-7-thread-1] DEBUG com.beanit.openiec61850.ServerAssociation - Got a GetDataValues request for node: IEDBiogasCHP/LPHD1.RsStat.subEna: false
calling GetDataValues(IEDBiogasCHP/LPHD1.RsStat.subVal)
14:23:46.777 [openiec61850-osi-server-7-thread-1] DEBUG com.beanit.openiec61850.ServerAssociation - Got a GetDataValues request for node: IEDBiogasCHP/LPHD1.RsStat.subVal: false
calling GetDataValues(IEDBiogasCHP/LPHD1.RsStat.subQ)
14:23:46.777 [openiec61850-osi-server-7-thread-1] DEBUG com.beanit.openiec61850.ServerAssociation - Got a GetDataValues request for node: IEDBiogasCHP/LPHD1.RsStat.subQ: 0x00 0x00
calling GetDataValues(IEDBiogasCHP/LPHD1.RsStat.subID)
14:23:46.777 [openiec61850-osi-server-7-thread-1] DEBUG com.beanit.openiec61850.ServerAssociation - Got a GetDataValues request for node: IEDBiogasCHP/LPHD1.RsStat.subID: ''
calling GetDataValues(IEDBiogasCHP/LPHD1.RsStat)
14:23:46.778 [openiec61850-osi-server-7-thread-1] DEBUG com.beanit.openiec61850.ServerAssociation - Got a GetDataValues request for node: IEDBiogasCHP/LPHD1.RsStat [CF]
IEDBiogasCHP/LPHD1.RsStat.pulseConfig [CF]
IEDBiogasCHP/LPHD1.RsStat.pulseConfig.cmdQual: 0
IEDBiogasCHP/LPHD1.RsStat.pulseConfig.onDur: 0
IEDBiogasCHP/LPHD1.RsStat.pulseConfig.offDur: 0
IEDBiogasCHP/LPHD1.RsStat.pulseConfig.numPls: 0
IEDBiogasCHP/LPHD1.RsStat.ctlModel: 0
IEDBiogasCHP/LPHD1.RsStat.sboTimeout: 0
IEDBiogasCHP/LPHD1.RsStat.sboClass: 0
14:23:46.778 [openiec61850-osi-server-7-thread-1] DEBUG com.beanit.openiec61850.ServerAssociation - sub BDA is:IEDBiogasCHP/LPHD1.RsStat.pulseConfig.cmdQual: 0
14:23:46.778 [openiec61850-osi-server-7-thread-1] DEBUG com.beanit.openiec61850.ServerAssociation - sub BDA is:IEDBiogasCHP/LPHD1.RsStat.pulseConfig.onDur: 0
14:23:46.778 [openiec61850-osi-server-7-thread-1] DEBUG com.beanit.openiec61850.ServerAssociation - sub BDA is:IEDBiogasCHP/LPHD1.RsStat.pulseConfig.offDur: 0
14:23:46.778 [openiec61850-osi-server-7-thread-1] DEBUG com.beanit.openiec61850.ServerAssociation - sub BDA is:IEDBiogasCHP/LPHD1.RsStat.pulseConfig.numPls: 0
14:23:46.778 [openiec61850-osi-server-7-thread-1] DEBUG com.beanit.openiec61850.ServerAssociation - sub BDA is:IEDBiogasCHP/LPHD1.RsStat.ctlModel: 0
14:23:46.778 [openiec61850-osi-server-7-thread-1] DEBUG com.beanit.openiec61850.ServerAssociation - sub BDA is:IEDBiogasCHP/LPHD1.RsStat.sboTimeout: 0
14:23:46.778 [openiec61850-osi-server-7-thread-1] DEBUG com.beanit.openiec61850.ServerAssociation - sub BDA is:IEDBiogasCHP/LPHD1.RsStat.sboClass: 0
calling GetDataValues(IEDBiogasCHP/LPHD1.RsStat.pulseConfig)
14:23:46.778 [openiec61850-osi-server-7-thread-1] DEBUG com.beanit.openiec61850.ServerAssociation - Got a GetDataValues request for node: IEDBiogasCHP/LPHD1.RsStat.pulseConfig [CF]
IEDBiogasCHP/LPHD1.RsStat.pulseConfig.cmdQual: 0
IEDBiogasCHP/LPHD1.RsStat.pulseConfig.onDur: 0
IEDBiogasCHP/LPHD1.RsStat.pulseConfig.offDur: 0
IEDBiogasCHP/LPHD1.RsStat.pulseConfig.numPls: 0
14:23:46.778 [openiec61850-osi-server-7-thread-1] DEBUG com.beanit.openiec61850.ServerAssociation - sub BDA is:IEDBiogasCHP/LPHD1.RsStat.pulseConfig.cmdQual: 0
14:23:46.778 [openiec61850-osi-server-7-thread-1] DEBUG com.beanit.openiec61850.ServerAssociation - sub BDA is:IEDBiogasCHP/LPHD1.RsStat.pulseConfig.onDur: 0
14:23:46.778 [openiec61850-osi-server-7-thread-1] DEBUG com.beanit.openiec61850.ServerAssociation - sub BDA is:IEDBiogasCHP/LPHD1.RsStat.pulseConfig.offDur: 0
14:23:46.778 [openiec61850-osi-server-7-thread-1] DEBUG com.beanit.openiec61850.ServerAssociation - sub BDA is:IEDBiogasCHP/LPHD1.RsStat.pulseConfig.numPls: 0
calling GetDataValues(IEDBiogasCHP/LPHD1.RsStat.pulseConfig.cmdQual)
14:23:46.778 [openiec61850-osi-server-7-thread-1] DEBUG com.beanit.openiec61850.ServerAssociation - Got a GetDataValues request for node: IEDBiogasCHP/LPHD1.RsStat.pulseConfig.cmdQual: 0
calling GetDataValues(IEDBiogasCHP/LPHD1.RsStat.pulseConfig.onDur)
14:23:46.778 [openiec61850-osi-server-7-thread-1] DEBUG com.beanit.openiec61850.ServerAssociation - Got a GetDataValues request for node: IEDBiogasCHP/LPHD1.RsStat.pulseConfig.onDur: 0
calling GetDataValues(IEDBiogasCHP/LPHD1.RsStat.pulseConfig.offDur)
14:23:46.778 [openiec61850-osi-server-7-thread-1] DEBUG com.beanit.openiec61850.ServerAssociation - Got a GetDataValues request for node: IEDBiogasCHP/LPHD1.RsStat.pulseConfig.offDur: 0
calling GetDataValues(IEDBiogasCHP/LPHD1.RsStat.pulseConfig.numPls)
14:23:46.778 [openiec61850-osi-server-7-thread-1] DEBUG com.beanit.openiec61850.ServerAssociation - Got a GetDataValues request for node: IEDBiogasCHP/LPHD1.RsStat.pulseConfig.numPls: 0
calling GetDataValues(IEDBiogasCHP/LPHD1.RsStat.ctlModel)
14:23:46.779 [openiec61850-osi-server-7-thread-1] DEBUG com.beanit.openiec61850.ServerAssociation - Got a GetDataValues request for node: IEDBiogasCHP/LPHD1.RsStat.ctlModel: 0
calling GetDataValues(IEDBiogasCHP/LPHD1.RsStat.sboTimeout)
14:23:46.779 [openiec61850-osi-server-7-thread-1] DEBUG com.beanit.openiec61850.ServerAssociation - Got a GetDataValues request for node: IEDBiogasCHP/LPHD1.RsStat.sboTimeout: 0
calling GetDataValues(IEDBiogasCHP/LPHD1.RsStat.sboClass)
14:23:46.779 [openiec61850-osi-server-7-thread-1] DEBUG com.beanit.openiec61850.ServerAssociation - Got a GetDataValues request for node: IEDBiogasCHP/LPHD1.RsStat.sboClass: 0
calling GetDataValues(IEDBiogasCHP/LPHD1.RsStat)
14:23:46.779 [openiec61850-osi-server-7-thread-1] DEBUG com.beanit.openiec61850.ServerAssociation - Got a GetDataValues request for node: IEDBiogasCHP/LPHD1.RsStat [DC]
IEDBiogasCHP/LPHD1.RsStat.d: ''
IEDBiogasCHP/LPHD1.RsStat.dU: 
14:23:46.779 [openiec61850-osi-server-7-thread-1] DEBUG com.beanit.openiec61850.ServerAssociation - sub BDA is:IEDBiogasCHP/LPHD1.RsStat.d: ''
14:23:46.779 [openiec61850-osi-server-7-thread-1] DEBUG com.beanit.openiec61850.ServerAssociation - sub BDA is:IEDBiogasCHP/LPHD1.RsStat.dU: 
calling GetDataValues(IEDBiogasCHP/LPHD1.RsStat.d)
14:23:46.779 [openiec61850-osi-server-7-thread-1] DEBUG com.beanit.openiec61850.ServerAssociation - Got a GetDataValues request for node: IEDBiogasCHP/LPHD1.RsStat.d: ''
calling GetDataValues(IEDBiogasCHP/LPHD1.RsStat.dU)
14:23:46.779 [openiec61850-osi-server-7-thread-1] DEBUG com.beanit.openiec61850.ServerAssociation - Got a GetDataValues request for node: IEDBiogasCHP/LPHD1.RsStat.dU: 
calling GetDataValues(IEDBiogasCHP/LPHD1.RsStat)
14:23:46.780 [openiec61850-osi-server-7-thread-1] DEBUG com.beanit.openiec61850.ServerAssociation - Got a GetDataValues request for node: IEDBiogasCHP/LPHD1.RsStat [EX]
IEDBiogasCHP/LPHD1.RsStat.cdcNs: ''
IEDBiogasCHP/LPHD1.RsStat.cdcName: ''
IEDBiogasCHP/LPHD1.RsStat.dataNs: ''
14:23:46.780 [openiec61850-osi-server-7-thread-1] DEBUG com.beanit.openiec61850.ServerAssociation - sub BDA is:IEDBiogasCHP/LPHD1.RsStat.cdcNs: ''
14:23:46.780 [openiec61850-osi-server-7-thread-1] DEBUG com.beanit.openiec61850.ServerAssociation - sub BDA is:IEDBiogasCHP/LPHD1.RsStat.cdcName: ''
14:23:46.780 [openiec61850-osi-server-7-thread-1] DEBUG com.beanit.openiec61850.ServerAssociation - sub BDA is:IEDBiogasCHP/LPHD1.RsStat.dataNs: ''
calling GetDataValues(IEDBiogasCHP/LPHD1.RsStat.cdcNs)
14:23:46.780 [openiec61850-osi-server-7-thread-1] DEBUG com.beanit.openiec61850.ServerAssociation - Got a GetDataValues request for node: IEDBiogasCHP/LPHD1.RsStat.cdcNs: ''
calling GetDataValues(IEDBiogasCHP/LPHD1.RsStat.cdcName)
14:23:46.780 [openiec61850-osi-server-7-thread-1] DEBUG com.beanit.openiec61850.ServerAssociation - Got a GetDataValues request for node: IEDBiogasCHP/LPHD1.RsStat.cdcName: ''
calling GetDataValues(IEDBiogasCHP/LPHD1.RsStat.dataNs)
14:23:46.780 [openiec61850-osi-server-7-thread-1] DEBUG com.beanit.openiec61850.ServerAssociation - Got a GetDataValues request for node: IEDBiogasCHP/LPHD1.RsStat.dataNs: ''
calling GetDataValues(IEDBiogasCHP/T1PTOC0.TmASt)
14:23:46.780 [openiec61850-osi-server-7-thread-1] DEBUG com.beanit.openiec61850.ServerAssociation - Got a GetDataValues request for node: IEDBiogasCHP/T1PTOC0.TmASt [DC]
IEDBiogasCHP/T1PTOC0.TmASt.numPts: 0
IEDBiogasCHP/T1PTOC0.TmASt.crvPts [DC]
IEDBiogasCHP/T1PTOC0.TmASt.crvPts(0) [DC]
IEDBiogasCHP/T1PTOC0.TmASt.crvPts(0).xVal: 0.0
IEDBiogasCHP/T1PTOC0.TmASt.crvPts(0).yVal: 0.0
IEDBiogasCHP/T1PTOC0.TmASt.crvPts(1) [DC]
IEDBiogasCHP/T1PTOC0.TmASt.crvPts(1).xVal: 0.0
IEDBiogasCHP/T1PTOC0.TmASt.crvPts(1).yVal: 0.0
IEDBiogasCHP/T1PTOC0.TmASt.crvPts(2) [DC]
IEDBiogasCHP/T1PTOC0.TmASt.crvPts(2).xVal: 0.0
IEDBiogasCHP/T1PTOC0.TmASt.crvPts(2).yVal: 0.0
IEDBiogasCHP/T1PTOC0.TmASt.crvPts(3) [DC]
IEDBiogasCHP/T1PTOC0.TmASt.crvPts(3).xVal: 0.0
IEDBiogasCHP/T1PTOC0.TmASt.crvPts(3).yVal: 0.0
IEDBiogasCHP/T1PTOC0.TmASt.crvPts(4) [DC]
IEDBiogasCHP/T1PTOC0.TmASt.crvPts(4).xVal: 0.0
IEDBiogasCHP/T1PTOC0.TmASt.crvPts(4).yVal: 0.0
IEDBiogasCHP/T1PTOC0.TmASt.crvPts(5) [DC]
IEDBiogasCHP/T1PTOC0.TmASt.crvPts(5).xVal: 0.0
IEDBiogasCHP/T1PTOC0.TmASt.crvPts(5).yVal: 0.0
IEDBiogasCHP/T1PTOC0.TmASt.crvPts(6) [DC]
IEDBiogasCHP/T1PTOC0.TmASt.crvPts(6).xVal: 0.0
IEDBiogasCHP/T1PTOC0.TmASt.crvPts(6).yVal: 0.0
IEDBiogasCHP/T1PTOC0.TmASt.crvPts(7) [DC]
IEDBiogasCHP/T1PTOC0.TmASt.crvPts(7).xVal: 0.0
IEDBiogasCHP/T1PTOC0.TmASt.crvPts(7).yVal: 0.0
IEDBiogasCHP/T1PTOC0.TmASt.crvPts(8) [DC]
IEDBiogasCHP/T1PTOC0.TmASt.crvPts(8).xVal: 0.0
IEDBiogasCHP/T1PTOC0.TmASt.crvPts(8).yVal: 0.0
IEDBiogasCHP/T1PTOC0.TmASt.crvPts(9) [DC]
IEDBiogasCHP/T1PTOC0.TmASt.crvPts(9).xVal: 0.0
IEDBiogasCHP/T1PTOC0.TmASt.crvPts(9).yVal: 0.0
IEDBiogasCHP/T1PTOC0.TmASt.crvPts(10) [DC]
IEDBiogasCHP/T1PTOC0.TmASt.crvPts(10).xVal: 0.0
IEDBiogasCHP/T1PTOC0.TmASt.crvPts(10).yVal: 0.0
IEDBiogasCHP/T1PTOC0.TmASt.crvPts(11) [DC]
IEDBiogasCHP/T1PTOC0.TmASt.crvPts(11).xVal: 0.0
IEDBiogasCHP/T1PTOC0.TmASt.crvPts(11).yVal: 0.0
IEDBiogasCHP/T1PTOC0.TmASt.crvPts(12) [DC]
IEDBiogasCHP/T1PTOC0.TmASt.crvPts(12).xVal: 0.0
IEDBiogasCHP/T1PTOC0.TmASt.crvPts(12).yVal: 0.0
IEDBiogasCHP/T1PTOC0.TmASt.crvPts(13) [DC]
IEDBiogasCHP/T1PTOC0.TmASt.crvPts(13).xVal: 0.0
IEDBiogasCHP/T1PTOC0.TmASt.crvPts(13).yVal: 0.0
IEDBiogasCHP/T1PTOC0.TmASt.crvPts(14) [DC]
IEDBiogasCHP/T1PTOC0.TmASt.crvPts(14).xVal: 0.0
IEDBiogasCHP/T1PTOC0.TmASt.crvPts(14).yVal: 0.0
IEDBiogasCHP/T1PTOC0.TmASt.crvPts(15) [DC]
IEDBiogasCHP/T1PTOC0.TmASt.crvPts(15).xVal: 0.0
IEDBiogasCHP/T1PTOC0.TmASt.crvPts(15).yVal: 0.0
IEDBiogasCHP/T1PTOC0.TmASt.crvPts(16) [DC]
IEDBiogasCHP/T1PTOC0.TmASt.crvPts(16).xVal: 0.0
IEDBiogasCHP/T1PTOC0.TmASt.crvPts(16).yVal: 0.0
IEDBiogasCHP/T1PTOC0.TmASt.crvPts(17) [DC]
IEDBiogasCHP/T1PTOC0.TmASt.crvPts(17).xVal: 0.0
IEDBiogasCHP/T1PTOC0.TmASt.crvPts(17).yVal: 0.0
IEDBiogasCHP/T1PTOC0.TmASt.crvPts(18) [DC]
IEDBiogasCHP/T1PTOC0.TmASt.crvPts(18).xVal: 0.0
IEDBiogasCHP/T1PTOC0.TmASt.crvPts(18).yVal: 0.0
IEDBiogasCHP/T1PTOC0.TmASt.crvPts(19) [DC]
IEDBiogasCHP/T1PTOC0.TmASt.crvPts(19).xVal: 0.0
IEDBiogasCHP/T1PTOC0.TmASt.crvPts(19).yVal: 0.0
IEDBiogasCHP/T1PTOC0.TmASt.crvPts(20) [DC]
IEDBiogasCHP/T1PTOC0.TmASt.crvPts(20).xVal: 0.0
IEDBiogasCHP/T1PTOC0.TmASt.crvPts(20).yVal: 0.0
IEDBiogasCHP/T1PTOC0.TmASt.crvPts(21) [DC]
IEDBiogasCHP/T1PTOC0.TmASt.crvPts(21).xVal: 0.0
IEDBiogasCHP/T1PTOC0.TmASt.crvPts(21).yVal: 0.0
IEDBiogasCHP/T1PTOC0.TmASt.crvPts(22) [DC]
IEDBiogasCHP/T1PTOC0.TmASt.crvPts(22).xVal: 0.0
IEDBiogasCHP/T1PTOC0.TmASt.crvPts(22).yVal: 0.0
IEDBiogasCHP/T1PTOC0.TmASt.crvPts(23) [DC]
IEDBiogasCHP/T1PTOC0.TmASt.crvPts(23).xVal: 0.0
IEDBiogasCHP/T1PTOC0.TmASt.crvPts(23).yVal: 0.0
IEDBiogasCHP/T1PTOC0.TmASt.crvPts(24) [DC]
IEDBiogasCHP/T1PTOC0.TmASt.crvPts(24).xVal: 0.0
IEDBiogasCHP/T1PTOC0.TmASt.crvPts(24).yVal: 0.0
IEDBiogasCHP/T1PTOC0.TmASt.crvPts(25) [DC]
IEDBiogasCHP/T1PTOC0.TmASt.crvPts(25).xVal: 0.0
IEDBiogasCHP/T1PTOC0.TmASt.crvPts(25).yVal: 0.0
IEDBiogasCHP/T1PTOC0.TmASt.crvPts(26) [DC]
IEDBiogasCHP/T1PTOC0.TmASt.crvPts(26).xVal: 0.0
IEDBiogasCHP/T1PTOC0.TmASt.crvPts(26).yVal: 0.0
IEDBiogasCHP/T1PTOC0.TmASt.crvPts(27) [DC]
IEDBiogasCHP/T1PTOC0.TmASt.crvPts(27).xVal: 0.0
IEDBiogasCHP/T1PTOC0.TmASt.crvPts(27).yVal: 0.0
IEDBiogasCHP/T1PTOC0.TmASt.crvPts(28) [DC]
IEDBiogasCHP/T1PTOC0.TmASt.crvPts(28).xVal: 0.0
IEDBiogasCHP/T1PTOC0.TmASt.crvPts(28).yVal: 0.0
IEDBiogasCHP/T1PTOC0.TmASt.crvPts(29) [DC]
IEDBiogasCHP/T1PTOC0.TmASt.crvPts(29).xVal: 0.0
IEDBiogasCHP/T1PTOC0.TmASt.crvPts(29).yVal: 0.0
IEDBiogasCHP/T1PTOC0.TmASt.crvPts(30) [DC]
IEDBiogasCHP/T1PTOC0.TmASt.crvPts(30).xVal: 0.0
IEDBiogasCHP/T1PTOC0.TmASt.crvPts(30).yVal: 0.0
IEDBiogasCHP/T1PTOC0.TmASt.crvPts(31) [DC]
IEDBiogasCHP/T1PTOC0.TmASt.crvPts(31).xVal: 0.0
IEDBiogasCHP/T1PTOC0.TmASt.crvPts(31).yVal: 0.0
14:23:46.781 [openiec61850-osi-server-7-thread-1] DEBUG com.beanit.openiec61850.ServerAssociation - sub BDA is:IEDBiogasCHP/T1PTOC0.TmASt.numPts: 0
14:23:46.781 [openiec61850-osi-server-7-thread-1] DEBUG com.beanit.openiec61850.ServerAssociation - sub BDA is:IEDBiogasCHP/T1PTOC0.TmASt.crvPts(0).xVal: 0.0
14:23:46.781 [openiec61850-osi-server-7-thread-1] DEBUG com.beanit.openiec61850.ServerAssociation - sub BDA is:IEDBiogasCHP/T1PTOC0.TmASt.crvPts(0).yVal: 0.0
14:23:46.781 [openiec61850-osi-server-7-thread-1] DEBUG com.beanit.openiec61850.ServerAssociation - sub BDA is:IEDBiogasCHP/T1PTOC0.TmASt.crvPts(1).xVal: 0.0
14:23:46.781 [openiec61850-osi-server-7-thread-1] DEBUG com.beanit.openiec61850.ServerAssociation - sub BDA is:IEDBiogasCHP/T1PTOC0.TmASt.crvPts(1).yVal: 0.0
14:23:46.781 [openiec61850-osi-server-7-thread-1] DEBUG com.beanit.openiec61850.ServerAssociation - sub BDA is:IEDBiogasCHP/T1PTOC0.TmASt.crvPts(2).xVal: 0.0
14:23:46.781 [openiec61850-osi-server-7-thread-1] DEBUG com.beanit.openiec61850.ServerAssociation - sub BDA is:IEDBiogasCHP/T1PTOC0.TmASt.crvPts(2).yVal: 0.0
14:23:46.781 [openiec61850-osi-server-7-thread-1] DEBUG com.beanit.openiec61850.ServerAssociation - sub BDA is:IEDBiogasCHP/T1PTOC0.TmASt.crvPts(3).xVal: 0.0
14:23:46.781 [openiec61850-osi-server-7-thread-1] DEBUG com.beanit.openiec61850.ServerAssociation - sub BDA is:IEDBiogasCHP/T1PTOC0.TmASt.crvPts(3).yVal: 0.0
14:23:46.781 [openiec61850-osi-server-7-thread-1] DEBUG com.beanit.openiec61850.ServerAssociation - sub BDA is:IEDBiogasCHP/T1PTOC0.TmASt.crvPts(4).xVal: 0.0
14:23:46.781 [openiec61850-osi-server-7-thread-1] DEBUG com.beanit.openiec61850.ServerAssociation - sub BDA is:IEDBiogasCHP/T1PTOC0.TmASt.crvPts(4).yVal: 0.0
14:23:46.781 [openiec61850-osi-server-7-thread-1] DEBUG com.beanit.openiec61850.ServerAssociation - sub BDA is:IEDBiogasCHP/T1PTOC0.TmASt.crvPts(5).xVal: 0.0
14:23:46.781 [openiec61850-osi-server-7-thread-1] DEBUG com.beanit.openiec61850.ServerAssociation - sub BDA is:IEDBiogasCHP/T1PTOC0.TmASt.crvPts(5).yVal: 0.0
14:23:46.781 [openiec61850-osi-server-7-thread-1] DEBUG com.beanit.openiec61850.ServerAssociation - sub BDA is:IEDBiogasCHP/T1PTOC0.TmASt.crvPts(6).xVal: 0.0
14:23:46.781 [openiec61850-osi-server-7-thread-1] DEBUG com.beanit.openiec61850.ServerAssociation - sub BDA is:IEDBiogasCHP/T1PTOC0.TmASt.crvPts(6).yVal: 0.0
14:23:46.781 [openiec61850-osi-server-7-thread-1] DEBUG com.beanit.openiec61850.ServerAssociation - sub BDA is:IEDBiogasCHP/T1PTOC0.TmASt.crvPts(7).xVal: 0.0
14:23:46.781 [openiec61850-osi-server-7-thread-1] DEBUG com.beanit.openiec61850.ServerAssociation - sub BDA is:IEDBiogasCHP/T1PTOC0.TmASt.crvPts(7).yVal: 0.0
14:23:46.781 [openiec61850-osi-server-7-thread-1] DEBUG com.beanit.openiec61850.ServerAssociation - sub BDA is:IEDBiogasCHP/T1PTOC0.TmASt.crvPts(8).xVal: 0.0
14:23:46.781 [openiec61850-osi-server-7-thread-1] DEBUG com.beanit.openiec61850.ServerAssociation - sub BDA is:IEDBiogasCHP/T1PTOC0.TmASt.crvPts(8).yVal: 0.0
14:23:46.781 [openiec61850-osi-server-7-thread-1] DEBUG com.beanit.openiec61850.ServerAssociation - sub BDA is:IEDBiogasCHP/T1PTOC0.TmASt.crvPts(9).xVal: 0.0
14:23:46.781 [openiec61850-osi-server-7-thread-1] DEBUG com.beanit.openiec61850.ServerAssociation - sub BDA is:IEDBiogasCHP/T1PTOC0.TmASt.crvPts(9).yVal: 0.0
14:23:46.781 [openiec61850-osi-server-7-thread-1] DEBUG com.beanit.openiec61850.ServerAssociation - sub BDA is:IEDBiogasCHP/T1PTOC0.TmASt.crvPts(10).xVal: 0.0
14:23:46.781 [openiec61850-osi-server-7-thread-1] DEBUG com.beanit.openiec61850.ServerAssociation - sub BDA is:IEDBiogasCHP/T1PTOC0.TmASt.crvPts(10).yVal: 0.0
14:23:46.781 [openiec61850-osi-server-7-thread-1] DEBUG com.beanit.openiec61850.ServerAssociation - sub BDA is:IEDBiogasCHP/T1PTOC0.TmASt.crvPts(11).xVal: 0.0
14:23:46.781 [openiec61850-osi-server-7-thread-1] DEBUG com.beanit.openiec61850.ServerAssociation - sub BDA is:IEDBiogasCHP/T1PTOC0.TmASt.crvPts(11).yVal: 0.0
14:23:46.781 [openiec61850-osi-server-7-thread-1] DEBUG com.beanit.openiec61850.ServerAssociation - sub BDA is:IEDBiogasCHP/T1PTOC0.TmASt.crvPts(12).xVal: 0.0
14:23:46.781 [openiec61850-osi-server-7-thread-1] DEBUG com.beanit.openiec61850.ServerAssociation - sub BDA is:IEDBiogasCHP/T1PTOC0.TmASt.crvPts(12).yVal: 0.0
14:23:46.781 [openiec61850-osi-server-7-thread-1] DEBUG com.beanit.openiec61850.ServerAssociation - sub BDA is:IEDBiogasCHP/T1PTOC0.TmASt.crvPts(13).xVal: 0.0
14:23:46.781 [openiec61850-osi-server-7-thread-1] DEBUG com.beanit.openiec61850.ServerAssociation - sub BDA is:IEDBiogasCHP/T1PTOC0.TmASt.crvPts(13).yVal: 0.0
14:23:46.781 [openiec61850-osi-server-7-thread-1] DEBUG com.beanit.openiec61850.ServerAssociation - sub BDA is:IEDBiogasCHP/T1PTOC0.TmASt.crvPts(14).xVal: 0.0
14:23:46.781 [openiec61850-osi-server-7-thread-1] DEBUG com.beanit.openiec61850.ServerAssociation - sub BDA is:IEDBiogasCHP/T1PTOC0.TmASt.crvPts(14).yVal: 0.0
14:23:46.781 [openiec61850-osi-server-7-thread-1] DEBUG com.beanit.openiec61850.ServerAssociation - sub BDA is:IEDBiogasCHP/T1PTOC0.TmASt.crvPts(15).xVal: 0.0
14:23:46.781 [openiec61850-osi-server-7-thread-1] DEBUG com.beanit.openiec61850.ServerAssociation - sub BDA is:IEDBiogasCHP/T1PTOC0.TmASt.crvPts(15).yVal: 0.0
14:23:46.781 [openiec61850-osi-server-7-thread-1] DEBUG com.beanit.openiec61850.ServerAssociation - sub BDA is:IEDBiogasCHP/T1PTOC0.TmASt.crvPts(16).xVal: 0.0
14:23:46.781 [openiec61850-osi-server-7-thread-1] DEBUG com.beanit.openiec61850.ServerAssociation - sub BDA is:IEDBiogasCHP/T1PTOC0.TmASt.crvPts(16).yVal: 0.0
14:23:46.781 [openiec61850-osi-server-7-thread-1] DEBUG com.beanit.openiec61850.ServerAssociation - sub BDA is:IEDBiogasCHP/T1PTOC0.TmASt.crvPts(17).xVal: 0.0
14:23:46.781 [openiec61850-osi-server-7-thread-1] DEBUG com.beanit.openiec61850.ServerAssociation - sub BDA is:IEDBiogasCHP/T1PTOC0.TmASt.crvPts(17).yVal: 0.0
14:23:46.781 [openiec61850-osi-server-7-thread-1] DEBUG com.beanit.openiec61850.ServerAssociation - sub BDA is:IEDBiogasCHP/T1PTOC0.TmASt.crvPts(18).xVal: 0.0
14:23:46.781 [openiec61850-osi-server-7-thread-1] DEBUG com.beanit.openiec61850.ServerAssociation - sub BDA is:IEDBiogasCHP/T1PTOC0.TmASt.crvPts(18).yVal: 0.0
14:23:46.781 [openiec61850-osi-server-7-thread-1] DEBUG com.beanit.openiec61850.ServerAssociation - sub BDA is:IEDBiogasCHP/T1PTOC0.TmASt.crvPts(19).xVal: 0.0
14:23:46.781 [openiec61850-osi-server-7-thread-1] DEBUG com.beanit.openiec61850.ServerAssociation - sub BDA is:IEDBiogasCHP/T1PTOC0.TmASt.crvPts(19).yVal: 0.0
14:23:46.781 [openiec61850-osi-server-7-thread-1] DEBUG com.beanit.openiec61850.ServerAssociation - sub BDA is:IEDBiogasCHP/T1PTOC0.TmASt.crvPts(20).xVal: 0.0
14:23:46.781 [openiec61850-osi-server-7-thread-1] DEBUG com.beanit.openiec61850.ServerAssociation - sub BDA is:IEDBiogasCHP/T1PTOC0.TmASt.crvPts(20).yVal: 0.0
14:23:46.781 [openiec61850-osi-server-7-thread-1] DEBUG com.beanit.openiec61850.ServerAssociation - sub BDA is:IEDBiogasCHP/T1PTOC0.TmASt.crvPts(21).xVal: 0.0
14:23:46.781 [openiec61850-osi-server-7-thread-1] DEBUG com.beanit.openiec61850.ServerAssociation - sub BDA is:IEDBiogasCHP/T1PTOC0.TmASt.crvPts(21).yVal: 0.0
14:23:46.781 [openiec61850-osi-server-7-thread-1] DEBUG com.beanit.openiec61850.ServerAssociation - sub BDA is:IEDBiogasCHP/T1PTOC0.TmASt.crvPts(22).xVal: 0.0
14:23:46.781 [openiec61850-osi-server-7-thread-1] DEBUG com.beanit.openiec61850.ServerAssociation - sub BDA is:IEDBiogasCHP/T1PTOC0.TmASt.crvPts(22).yVal: 0.0
14:23:46.781 [openiec61850-osi-server-7-thread-1] DEBUG com.beanit.openiec61850.ServerAssociation - sub BDA is:IEDBiogasCHP/T1PTOC0.TmASt.crvPts(23).xVal: 0.0
14:23:46.781 [openiec61850-osi-server-7-thread-1] DEBUG com.beanit.openiec61850.ServerAssociation - sub BDA is:IEDBiogasCHP/T1PTOC0.TmASt.crvPts(23).yVal: 0.0
14:23:46.781 [openiec61850-osi-server-7-thread-1] DEBUG com.beanit.openiec61850.ServerAssociation - sub BDA is:IEDBiogasCHP/T1PTOC0.TmASt.crvPts(24).xVal: 0.0
14:23:46.781 [openiec61850-osi-server-7-thread-1] DEBUG com.beanit.openiec61850.ServerAssociation - sub BDA is:IEDBiogasCHP/T1PTOC0.TmASt.crvPts(24).yVal: 0.0
14:23:46.781 [openiec61850-osi-server-7-thread-1] DEBUG com.beanit.openiec61850.ServerAssociation - sub BDA is:IEDBiogasCHP/T1PTOC0.TmASt.crvPts(25).xVal: 0.0
14:23:46.781 [openiec61850-osi-server-7-thread-1] DEBUG com.beanit.openiec61850.ServerAssociation - sub BDA is:IEDBiogasCHP/T1PTOC0.TmASt.crvPts(25).yVal: 0.0
14:23:46.781 [openiec61850-osi-server-7-thread-1] DEBUG com.beanit.openiec61850.ServerAssociation - sub BDA is:IEDBiogasCHP/T1PTOC0.TmASt.crvPts(26).xVal: 0.0
14:23:46.781 [openiec61850-osi-server-7-thread-1] DEBUG com.beanit.openiec61850.ServerAssociation - sub BDA is:IEDBiogasCHP/T1PTOC0.TmASt.crvPts(26).yVal: 0.0
14:23:46.781 [openiec61850-osi-server-7-thread-1] DEBUG com.beanit.openiec61850.ServerAssociation - sub BDA is:IEDBiogasCHP/T1PTOC0.TmASt.crvPts(27).xVal: 0.0
14:23:46.781 [openiec61850-osi-server-7-thread-1] DEBUG com.beanit.openiec61850.ServerAssociation - sub BDA is:IEDBiogasCHP/T1PTOC0.TmASt.crvPts(27).yVal: 0.0
14:23:46.781 [openiec61850-osi-server-7-thread-1] DEBUG com.beanit.openiec61850.ServerAssociation - sub BDA is:IEDBiogasCHP/T1PTOC0.TmASt.crvPts(28).xVal: 0.0
14:23:46.781 [openiec61850-osi-server-7-thread-1] DEBUG com.beanit.openiec61850.ServerAssociation - sub BDA is:IEDBiogasCHP/T1PTOC0.TmASt.crvPts(28).yVal: 0.0
14:23:46.781 [openiec61850-osi-server-7-thread-1] DEBUG com.beanit.openiec61850.ServerAssociation - sub BDA is:IEDBiogasCHP/T1PTOC0.TmASt.crvPts(29).xVal: 0.0
14:23:46.781 [openiec61850-osi-server-7-thread-1] DEBUG com.beanit.openiec61850.ServerAssociation - sub BDA is:IEDBiogasCHP/T1PTOC0.TmASt.crvPts(29).yVal: 0.0
14:23:46.781 [openiec61850-osi-server-7-thread-1] DEBUG com.beanit.openiec61850.ServerAssociation - sub BDA is:IEDBiogasCHP/T1PTOC0.TmASt.crvPts(30).xVal: 0.0
14:23:46.781 [openiec61850-osi-server-7-thread-1] DEBUG com.beanit.openiec61850.ServerAssociation - sub BDA is:IEDBiogasCHP/T1PTOC0.TmASt.crvPts(30).yVal: 0.0
14:23:46.781 [openiec61850-osi-server-7-thread-1] DEBUG com.beanit.openiec61850.ServerAssociation - sub BDA is:IEDBiogasCHP/T1PTOC0.TmASt.crvPts(31).xVal: 0.0
14:23:46.781 [openiec61850-osi-server-7-thread-1] DEBUG com.beanit.openiec61850.ServerAssociation - sub BDA is:IEDBiogasCHP/T1PTOC0.TmASt.crvPts(31).yVal: 0.0
calling GetDataValues(IEDBiogasCHP/T1PTOC0.TmASt.numPts)
14:23:46.782 [openiec61850-osi-server-7-thread-1] DEBUG com.beanit.openiec61850.ServerAssociation - Got a GetDataValues request for node: IEDBiogasCHP/T1PTOC0.TmASt.numPts: 0
calling GetDataValues(IEDBiogasCHP/T1PTOC0.TmASt.crvPts)
14:23:46.782 [openiec61850-osi-server-7-thread-1] DEBUG com.beanit.openiec61850.ServerAssociation - Got a GetDataValues request for node: IEDBiogasCHP/T1PTOC0.TmASt.crvPts [DC]
IEDBiogasCHP/T1PTOC0.TmASt.crvPts(0) [DC]
IEDBiogasCHP/T1PTOC0.TmASt.crvPts(0).xVal: 0.0
IEDBiogasCHP/T1PTOC0.TmASt.crvPts(0).yVal: 0.0
IEDBiogasCHP/T1PTOC0.TmASt.crvPts(1) [DC]
IEDBiogasCHP/T1PTOC0.TmASt.crvPts(1).xVal: 0.0
IEDBiogasCHP/T1PTOC0.TmASt.crvPts(1).yVal: 0.0
IEDBiogasCHP/T1PTOC0.TmASt.crvPts(2) [DC]
IEDBiogasCHP/T1PTOC0.TmASt.crvPts(2).xVal: 0.0
IEDBiogasCHP/T1PTOC0.TmASt.crvPts(2).yVal: 0.0
IEDBiogasCHP/T1PTOC0.TmASt.crvPts(3) [DC]
IEDBiogasCHP/T1PTOC0.TmASt.crvPts(3).xVal: 0.0
IEDBiogasCHP/T1PTOC0.TmASt.crvPts(3).yVal: 0.0
IEDBiogasCHP/T1PTOC0.TmASt.crvPts(4) [DC]
IEDBiogasCHP/T1PTOC0.TmASt.crvPts(4).xVal: 0.0
IEDBiogasCHP/T1PTOC0.TmASt.crvPts(4).yVal: 0.0
IEDBiogasCHP/T1PTOC0.TmASt.crvPts(5) [DC]
IEDBiogasCHP/T1PTOC0.TmASt.crvPts(5).xVal: 0.0
IEDBiogasCHP/T1PTOC0.TmASt.crvPts(5).yVal: 0.0
IEDBiogasCHP/T1PTOC0.TmASt.crvPts(6) [DC]
IEDBiogasCHP/T1PTOC0.TmASt.crvPts(6).xVal: 0.0
IEDBiogasCHP/T1PTOC0.TmASt.crvPts(6).yVal: 0.0
IEDBiogasCHP/T1PTOC0.TmASt.crvPts(7) [DC]
IEDBiogasCHP/T1PTOC0.TmASt.crvPts(7).xVal: 0.0
IEDBiogasCHP/T1PTOC0.TmASt.crvPts(7).yVal: 0.0
IEDBiogasCHP/T1PTOC0.TmASt.crvPts(8) [DC]
IEDBiogasCHP/T1PTOC0.TmASt.crvPts(8).xVal: 0.0
IEDBiogasCHP/T1PTOC0.TmASt.crvPts(8).yVal: 0.0
IEDBiogasCHP/T1PTOC0.TmASt.crvPts(9) [DC]
IEDBiogasCHP/T1PTOC0.TmASt.crvPts(9).xVal: 0.0
IEDBiogasCHP/T1PTOC0.TmASt.crvPts(9).yVal: 0.0
IEDBiogasCHP/T1PTOC0.TmASt.crvPts(10) [DC]
IEDBiogasCHP/T1PTOC0.TmASt.crvPts(10).xVal: 0.0
IEDBiogasCHP/T1PTOC0.TmASt.crvPts(10).yVal: 0.0
IEDBiogasCHP/T1PTOC0.TmASt.crvPts(11) [DC]
IEDBiogasCHP/T1PTOC0.TmASt.crvPts(11).xVal: 0.0
IEDBiogasCHP/T1PTOC0.TmASt.crvPts(11).yVal: 0.0
IEDBiogasCHP/T1PTOC0.TmASt.crvPts(12) [DC]
IEDBiogasCHP/T1PTOC0.TmASt.crvPts(12).xVal: 0.0
IEDBiogasCHP/T1PTOC0.TmASt.crvPts(12).yVal: 0.0
IEDBiogasCHP/T1PTOC0.TmASt.crvPts(13) [DC]
IEDBiogasCHP/T1PTOC0.TmASt.crvPts(13).xVal: 0.0
IEDBiogasCHP/T1PTOC0.TmASt.crvPts(13).yVal: 0.0
IEDBiogasCHP/T1PTOC0.TmASt.crvPts(14) [DC]
IEDBiogasCHP/T1PTOC0.TmASt.crvPts(14).xVal: 0.0
IEDBiogasCHP/T1PTOC0.TmASt.crvPts(14).yVal: 0.0
IEDBiogasCHP/T1PTOC0.TmASt.crvPts(15) [DC]
IEDBiogasCHP/T1PTOC0.TmASt.crvPts(15).xVal: 0.0
IEDBiogasCHP/T1PTOC0.TmASt.crvPts(15).yVal: 0.0
IEDBiogasCHP/T1PTOC0.TmASt.crvPts(16) [DC]
IEDBiogasCHP/T1PTOC0.TmASt.crvPts(16).xVal: 0.0
IEDBiogasCHP/T1PTOC0.TmASt.crvPts(16).yVal: 0.0
IEDBiogasCHP/T1PTOC0.TmASt.crvPts(17) [DC]
IEDBiogasCHP/T1PTOC0.TmASt.crvPts(17).xVal: 0.0
IEDBiogasCHP/T1PTOC0.TmASt.crvPts(17).yVal: 0.0
IEDBiogasCHP/T1PTOC0.TmASt.crvPts(18) [DC]
IEDBiogasCHP/T1PTOC0.TmASt.crvPts(18).xVal: 0.0
IEDBiogasCHP/T1PTOC0.TmASt.crvPts(18).yVal: 0.0
IEDBiogasCHP/T1PTOC0.TmASt.crvPts(19) [DC]
IEDBiogasCHP/T1PTOC0.TmASt.crvPts(19).xVal: 0.0
IEDBiogasCHP/T1PTOC0.TmASt.crvPts(19).yVal: 0.0
IEDBiogasCHP/T1PTOC0.TmASt.crvPts(20) [DC]
IEDBiogasCHP/T1PTOC0.TmASt.crvPts(20).xVal: 0.0
IEDBiogasCHP/T1PTOC0.TmASt.crvPts(20).yVal: 0.0
IEDBiogasCHP/T1PTOC0.TmASt.crvPts(21) [DC]
IEDBiogasCHP/T1PTOC0.TmASt.crvPts(21).xVal: 0.0
IEDBiogasCHP/T1PTOC0.TmASt.crvPts(21).yVal: 0.0
IEDBiogasCHP/T1PTOC0.TmASt.crvPts(22) [DC]
IEDBiogasCHP/T1PTOC0.TmASt.crvPts(22).xVal: 0.0
IEDBiogasCHP/T1PTOC0.TmASt.crvPts(22).yVal: 0.0
IEDBiogasCHP/T1PTOC0.TmASt.crvPts(23) [DC]
IEDBiogasCHP/T1PTOC0.TmASt.crvPts(23).xVal: 0.0
IEDBiogasCHP/T1PTOC0.TmASt.crvPts(23).yVal: 0.0
IEDBiogasCHP/T1PTOC0.TmASt.crvPts(24) [DC]
IEDBiogasCHP/T1PTOC0.TmASt.crvPts(24).xVal: 0.0
IEDBiogasCHP/T1PTOC0.TmASt.crvPts(24).yVal: 0.0
IEDBiogasCHP/T1PTOC0.TmASt.crvPts(25) [DC]
IEDBiogasCHP/T1PTOC0.TmASt.crvPts(25).xVal: 0.0
IEDBiogasCHP/T1PTOC0.TmASt.crvPts(25).yVal: 0.0
IEDBiogasCHP/T1PTOC0.TmASt.crvPts(26) [DC]
IEDBiogasCHP/T1PTOC0.TmASt.crvPts(26).xVal: 0.0
IEDBiogasCHP/T1PTOC0.TmASt.crvPts(26).yVal: 0.0
IEDBiogasCHP/T1PTOC0.TmASt.crvPts(27) [DC]
IEDBiogasCHP/T1PTOC0.TmASt.crvPts(27).xVal: 0.0
IEDBiogasCHP/T1PTOC0.TmASt.crvPts(27).yVal: 0.0
IEDBiogasCHP/T1PTOC0.TmASt.crvPts(28) [DC]
IEDBiogasCHP/T1PTOC0.TmASt.crvPts(28).xVal: 0.0
IEDBiogasCHP/T1PTOC0.TmASt.crvPts(28).yVal: 0.0
IEDBiogasCHP/T1PTOC0.TmASt.crvPts(29) [DC]
IEDBiogasCHP/T1PTOC0.TmASt.crvPts(29).xVal: 0.0
IEDBiogasCHP/T1PTOC0.TmASt.crvPts(29).yVal: 0.0
IEDBiogasCHP/T1PTOC0.TmASt.crvPts(30) [DC]
IEDBiogasCHP/T1PTOC0.TmASt.crvPts(30).xVal: 0.0
IEDBiogasCHP/T1PTOC0.TmASt.crvPts(30).yVal: 0.0
IEDBiogasCHP/T1PTOC0.TmASt.crvPts(31) [DC]
IEDBiogasCHP/T1PTOC0.TmASt.crvPts(31).xVal: 0.0
IEDBiogasCHP/T1PTOC0.TmASt.crvPts(31).yVal: 0.0
14:23:46.782 [openiec61850-osi-server-7-thread-1] DEBUG com.beanit.openiec61850.ServerAssociation - sub BDA is:IEDBiogasCHP/T1PTOC0.TmASt.crvPts(0).xVal: 0.0
14:23:46.782 [openiec61850-osi-server-7-thread-1] DEBUG com.beanit.openiec61850.ServerAssociation - sub BDA is:IEDBiogasCHP/T1PTOC0.TmASt.crvPts(0).yVal: 0.0
14:23:46.782 [openiec61850-osi-server-7-thread-1] DEBUG com.beanit.openiec61850.ServerAssociation - sub BDA is:IEDBiogasCHP/T1PTOC0.TmASt.crvPts(1).xVal: 0.0
14:23:46.782 [openiec61850-osi-server-7-thread-1] DEBUG com.beanit.openiec61850.ServerAssociation - sub BDA is:IEDBiogasCHP/T1PTOC0.TmASt.crvPts(1).yVal: 0.0
14:23:46.782 [openiec61850-osi-server-7-thread-1] DEBUG com.beanit.openiec61850.ServerAssociation - sub BDA is:IEDBiogasCHP/T1PTOC0.TmASt.crvPts(2).xVal: 0.0
14:23:46.782 [openiec61850-osi-server-7-thread-1] DEBUG com.beanit.openiec61850.ServerAssociation - sub BDA is:IEDBiogasCHP/T1PTOC0.TmASt.crvPts(2).yVal: 0.0
14:23:46.782 [openiec61850-osi-server-7-thread-1] DEBUG com.beanit.openiec61850.ServerAssociation - sub BDA is:IEDBiogasCHP/T1PTOC0.TmASt.crvPts(3).xVal: 0.0
14:23:46.782 [openiec61850-osi-server-7-thread-1] DEBUG com.beanit.openiec61850.ServerAssociation - sub BDA is:IEDBiogasCHP/T1PTOC0.TmASt.crvPts(3).yVal: 0.0
14:23:46.782 [openiec61850-osi-server-7-thread-1] DEBUG com.beanit.openiec61850.ServerAssociation - sub BDA is:IEDBiogasCHP/T1PTOC0.TmASt.crvPts(4).xVal: 0.0
14:23:46.782 [openiec61850-osi-server-7-thread-1] DEBUG com.beanit.openiec61850.ServerAssociation - sub BDA is:IEDBiogasCHP/T1PTOC0.TmASt.crvPts(4).yVal: 0.0
14:23:46.782 [openiec61850-osi-server-7-thread-1] DEBUG com.beanit.openiec61850.ServerAssociation - sub BDA is:IEDBiogasCHP/T1PTOC0.TmASt.crvPts(5).xVal: 0.0
14:23:46.782 [openiec61850-osi-server-7-thread-1] DEBUG com.beanit.openiec61850.ServerAssociation - sub BDA is:IEDBiogasCHP/T1PTOC0.TmASt.crvPts(5).yVal: 0.0
14:23:46.782 [openiec61850-osi-server-7-thread-1] DEBUG com.beanit.openiec61850.ServerAssociation - sub BDA is:IEDBiogasCHP/T1PTOC0.TmASt.crvPts(6).xVal: 0.0
14:23:46.782 [openiec61850-osi-server-7-thread-1] DEBUG com.beanit.openiec61850.ServerAssociation - sub BDA is:IEDBiogasCHP/T1PTOC0.TmASt.crvPts(6).yVal: 0.0
14:23:46.782 [openiec61850-osi-server-7-thread-1] DEBUG com.beanit.openiec61850.ServerAssociation - sub BDA is:IEDBiogasCHP/T1PTOC0.TmASt.crvPts(7).xVal: 0.0
14:23:46.782 [openiec61850-osi-server-7-thread-1] DEBUG com.beanit.openiec61850.ServerAssociation - sub BDA is:IEDBiogasCHP/T1PTOC0.TmASt.crvPts(7).yVal: 0.0
14:23:46.782 [openiec61850-osi-server-7-thread-1] DEBUG com.beanit.openiec61850.ServerAssociation - sub BDA is:IEDBiogasCHP/T1PTOC0.TmASt.crvPts(8).xVal: 0.0
14:23:46.782 [openiec61850-osi-server-7-thread-1] DEBUG com.beanit.openiec61850.ServerAssociation - sub BDA is:IEDBiogasCHP/T1PTOC0.TmASt.crvPts(8).yVal: 0.0
14:23:46.782 [openiec61850-osi-server-7-thread-1] DEBUG com.beanit.openiec61850.ServerAssociation - sub BDA is:IEDBiogasCHP/T1PTOC0.TmASt.crvPts(9).xVal: 0.0
14:23:46.782 [openiec61850-osi-server-7-thread-1] DEBUG com.beanit.openiec61850.ServerAssociation - sub BDA is:IEDBiogasCHP/T1PTOC0.TmASt.crvPts(9).yVal: 0.0
14:23:46.782 [openiec61850-osi-server-7-thread-1] DEBUG com.beanit.openiec61850.ServerAssociation - sub BDA is:IEDBiogasCHP/T1PTOC0.TmASt.crvPts(10).xVal: 0.0
14:23:46.782 [openiec61850-osi-server-7-thread-1] DEBUG com.beanit.openiec61850.ServerAssociation - sub BDA is:IEDBiogasCHP/T1PTOC0.TmASt.crvPts(10).yVal: 0.0
14:23:46.782 [openiec61850-osi-server-7-thread-1] DEBUG com.beanit.openiec61850.ServerAssociation - sub BDA is:IEDBiogasCHP/T1PTOC0.TmASt.crvPts(11).xVal: 0.0
14:23:46.782 [openiec61850-osi-server-7-thread-1] DEBUG com.beanit.openiec61850.ServerAssociation - sub BDA is:IEDBiogasCHP/T1PTOC0.TmASt.crvPts(11).yVal: 0.0
14:23:46.782 [openiec61850-osi-server-7-thread-1] DEBUG com.beanit.openiec61850.ServerAssociation - sub BDA is:IEDBiogasCHP/T1PTOC0.TmASt.crvPts(12).xVal: 0.0
14:23:46.782 [openiec61850-osi-server-7-thread-1] DEBUG com.beanit.openiec61850.ServerAssociation - sub BDA is:IEDBiogasCHP/T1PTOC0.TmASt.crvPts(12).yVal: 0.0
14:23:46.782 [openiec61850-osi-server-7-thread-1] DEBUG com.beanit.openiec61850.ServerAssociation - sub BDA is:IEDBiogasCHP/T1PTOC0.TmASt.crvPts(13).xVal: 0.0
14:23:46.782 [openiec61850-osi-server-7-thread-1] DEBUG com.beanit.openiec61850.ServerAssociation - sub BDA is:IEDBiogasCHP/T1PTOC0.TmASt.crvPts(13).yVal: 0.0
14:23:46.782 [openiec61850-osi-server-7-thread-1] DEBUG com.beanit.openiec61850.ServerAssociation - sub BDA is:IEDBiogasCHP/T1PTOC0.TmASt.crvPts(14).xVal: 0.0
14:23:46.782 [openiec61850-osi-server-7-thread-1] DEBUG com.beanit.openiec61850.ServerAssociation - sub BDA is:IEDBiogasCHP/T1PTOC0.TmASt.crvPts(14).yVal: 0.0
14:23:46.782 [openiec61850-osi-server-7-thread-1] DEBUG com.beanit.openiec61850.ServerAssociation - sub BDA is:IEDBiogasCHP/T1PTOC0.TmASt.crvPts(15).xVal: 0.0
14:23:46.782 [openiec61850-osi-server-7-thread-1] DEBUG com.beanit.openiec61850.ServerAssociation - sub BDA is:IEDBiogasCHP/T1PTOC0.TmASt.crvPts(15).yVal: 0.0
14:23:46.783 [openiec61850-osi-server-7-thread-1] DEBUG com.beanit.openiec61850.ServerAssociation - sub BDA is:IEDBiogasCHP/T1PTOC0.TmASt.crvPts(16).xVal: 0.0
14:23:46.783 [openiec61850-osi-server-7-thread-1] DEBUG com.beanit.openiec61850.ServerAssociation - sub BDA is:IEDBiogasCHP/T1PTOC0.TmASt.crvPts(16).yVal: 0.0
14:23:46.783 [openiec61850-osi-server-7-thread-1] DEBUG com.beanit.openiec61850.ServerAssociation - sub BDA is:IEDBiogasCHP/T1PTOC0.TmASt.crvPts(17).xVal: 0.0
14:23:46.783 [openiec61850-osi-server-7-thread-1] DEBUG com.beanit.openiec61850.ServerAssociation - sub BDA is:IEDBiogasCHP/T1PTOC0.TmASt.crvPts(17).yVal: 0.0
14:23:46.783 [openiec61850-osi-server-7-thread-1] DEBUG com.beanit.openiec61850.ServerAssociation - sub BDA is:IEDBiogasCHP/T1PTOC0.TmASt.crvPts(18).xVal: 0.0
14:23:46.783 [openiec61850-osi-server-7-thread-1] DEBUG com.beanit.openiec61850.ServerAssociation - sub BDA is:IEDBiogasCHP/T1PTOC0.TmASt.crvPts(18).yVal: 0.0
14:23:46.783 [openiec61850-osi-server-7-thread-1] DEBUG com.beanit.openiec61850.ServerAssociation - sub BDA is:IEDBiogasCHP/T1PTOC0.TmASt.crvPts(19).xVal: 0.0
14:23:46.783 [openiec61850-osi-server-7-thread-1] DEBUG com.beanit.openiec61850.ServerAssociation - sub BDA is:IEDBiogasCHP/T1PTOC0.TmASt.crvPts(19).yVal: 0.0
14:23:46.783 [openiec61850-osi-server-7-thread-1] DEBUG com.beanit.openiec61850.ServerAssociation - sub BDA is:IEDBiogasCHP/T1PTOC0.TmASt.crvPts(20).xVal: 0.0
14:23:46.783 [openiec61850-osi-server-7-thread-1] DEBUG com.beanit.openiec61850.ServerAssociation - sub BDA is:IEDBiogasCHP/T1PTOC0.TmASt.crvPts(20).yVal: 0.0
14:23:46.783 [openiec61850-osi-server-7-thread-1] DEBUG com.beanit.openiec61850.ServerAssociation - sub BDA is:IEDBiogasCHP/T1PTOC0.TmASt.crvPts(21).xVal: 0.0
14:23:46.783 [openiec61850-osi-server-7-thread-1] DEBUG com.beanit.openiec61850.ServerAssociation - sub BDA is:IEDBiogasCHP/T1PTOC0.TmASt.crvPts(21).yVal: 0.0
14:23:46.783 [openiec61850-osi-server-7-thread-1] DEBUG com.beanit.openiec61850.ServerAssociation - sub BDA is:IEDBiogasCHP/T1PTOC0.TmASt.crvPts(22).xVal: 0.0
14:23:46.783 [openiec61850-osi-server-7-thread-1] DEBUG com.beanit.openiec61850.ServerAssociation - sub BDA is:IEDBiogasCHP/T1PTOC0.TmASt.crvPts(22).yVal: 0.0
14:23:46.783 [openiec61850-osi-server-7-thread-1] DEBUG com.beanit.openiec61850.ServerAssociation - sub BDA is:IEDBiogasCHP/T1PTOC0.TmASt.crvPts(23).xVal: 0.0
14:23:46.783 [openiec61850-osi-server-7-thread-1] DEBUG com.beanit.openiec61850.ServerAssociation - sub BDA is:IEDBiogasCHP/T1PTOC0.TmASt.crvPts(23).yVal: 0.0
14:23:46.783 [openiec61850-osi-server-7-thread-1] DEBUG com.beanit.openiec61850.ServerAssociation - sub BDA is:IEDBiogasCHP/T1PTOC0.TmASt.crvPts(24).xVal: 0.0
14:23:46.783 [openiec61850-osi-server-7-thread-1] DEBUG com.beanit.openiec61850.ServerAssociation - sub BDA is:IEDBiogasCHP/T1PTOC0.TmASt.crvPts(24).yVal: 0.0
14:23:46.783 [openiec61850-osi-server-7-thread-1] DEBUG com.beanit.openiec61850.ServerAssociation - sub BDA is:IEDBiogasCHP/T1PTOC0.TmASt.crvPts(25).xVal: 0.0
14:23:46.783 [openiec61850-osi-server-7-thread-1] DEBUG com.beanit.openiec61850.ServerAssociation - sub BDA is:IEDBiogasCHP/T1PTOC0.TmASt.crvPts(25).yVal: 0.0
14:23:46.783 [openiec61850-osi-server-7-thread-1] DEBUG com.beanit.openiec61850.ServerAssociation - sub BDA is:IEDBiogasCHP/T1PTOC0.TmASt.crvPts(26).xVal: 0.0
14:23:46.783 [openiec61850-osi-server-7-thread-1] DEBUG com.beanit.openiec61850.ServerAssociation - sub BDA is:IEDBiogasCHP/T1PTOC0.TmASt.crvPts(26).yVal: 0.0
14:23:46.783 [openiec61850-osi-server-7-thread-1] DEBUG com.beanit.openiec61850.ServerAssociation - sub BDA is:IEDBiogasCHP/T1PTOC0.TmASt.crvPts(27).xVal: 0.0
14:23:46.783 [openiec61850-osi-server-7-thread-1] DEBUG com.beanit.openiec61850.ServerAssociation - sub BDA is:IEDBiogasCHP/T1PTOC0.TmASt.crvPts(27).yVal: 0.0
14:23:46.783 [openiec61850-osi-server-7-thread-1] DEBUG com.beanit.openiec61850.ServerAssociation - sub BDA is:IEDBiogasCHP/T1PTOC0.TmASt.crvPts(28).xVal: 0.0
14:23:46.783 [openiec61850-osi-server-7-thread-1] DEBUG com.beanit.openiec61850.ServerAssociation - sub BDA is:IEDBiogasCHP/T1PTOC0.TmASt.crvPts(28).yVal: 0.0
14:23:46.783 [openiec61850-osi-server-7-thread-1] DEBUG com.beanit.openiec61850.ServerAssociation - sub BDA is:IEDBiogasCHP/T1PTOC0.TmASt.crvPts(29).xVal: 0.0
14:23:46.783 [openiec61850-osi-server-7-thread-1] DEBUG com.beanit.openiec61850.ServerAssociation - sub BDA is:IEDBiogasCHP/T1PTOC0.TmASt.crvPts(29).yVal: 0.0
14:23:46.783 [openiec61850-osi-server-7-thread-1] DEBUG com.beanit.openiec61850.ServerAssociation - sub BDA is:IEDBiogasCHP/T1PTOC0.TmASt.crvPts(30).xVal: 0.0
14:23:46.783 [openiec61850-osi-server-7-thread-1] DEBUG com.beanit.openiec61850.ServerAssociation - sub BDA is:IEDBiogasCHP/T1PTOC0.TmASt.crvPts(30).yVal: 0.0
14:23:46.783 [openiec61850-osi-server-7-thread-1] DEBUG com.beanit.openiec61850.ServerAssociation - sub BDA is:IEDBiogasCHP/T1PTOC0.TmASt.crvPts(31).xVal: 0.0
14:23:46.783 [openiec61850-osi-server-7-thread-1] DEBUG com.beanit.openiec61850.ServerAssociation - sub BDA is:IEDBiogasCHP/T1PTOC0.TmASt.crvPts(31).yVal: 0.0
calling GetDataValues(IEDBiogasCHP/T1PTOC0.TmASt.crvPts(0))
14:23:46.783 [openiec61850-osi-server-7-thread-1] DEBUG com.beanit.openiec61850.ServerAssociation - Got a GetDataValues request for node: IEDBiogasCHP/T1PTOC0.TmASt.crvPts(0) [DC]
IEDBiogasCHP/T1PTOC0.TmASt.crvPts(0).xVal: 0.0
IEDBiogasCHP/T1PTOC0.TmASt.crvPts(0).yVal: 0.0
14:23:46.783 [openiec61850-osi-server-7-thread-1] DEBUG com.beanit.openiec61850.ServerAssociation - sub BDA is:IEDBiogasCHP/T1PTOC0.TmASt.crvPts(0).xVal: 0.0
14:23:46.783 [openiec61850-osi-server-7-thread-1] DEBUG com.beanit.openiec61850.ServerAssociation - sub BDA is:IEDBiogasCHP/T1PTOC0.TmASt.crvPts(0).yVal: 0.0
calling GetDataValues(IEDBiogasCHP/T1PTOC0.TmASt.crvPts(0).xVal)
14:23:46.787 [openiec61850-osi-server-7-thread-1] DEBUG com.beanit.openiec61850.ServerAssociation - Got a GetDataValues request for node: IEDBiogasCHP/T1PTOC0.TmASt.crvPts(0).xVal: 0.0
calling GetDataValues(IEDBiogasCHP/T1PTOC0.TmASt.crvPts(0).yVal)
14:23:46.787 [openiec61850-osi-server-7-thread-1] DEBUG com.beanit.openiec61850.ServerAssociation - Got a GetDataValues request for node: IEDBiogasCHP/T1PTOC0.TmASt.crvPts(0).yVal: 0.0
calling GetDataValues(IEDBiogasCHP/T1PTOC0.TmASt.crvPts(1))
14:23:46.787 [openiec61850-osi-server-7-thread-1] DEBUG com.beanit.openiec61850.ServerAssociation - Got a GetDataValues request for node: IEDBiogasCHP/T1PTOC0.TmASt.crvPts(1) [DC]
IEDBiogasCHP/T1PTOC0.TmASt.crvPts(1).xVal: 0.0
IEDBiogasCHP/T1PTOC0.TmASt.crvPts(1).yVal: 0.0
14:23:46.787 [openiec61850-osi-server-7-thread-1] DEBUG com.beanit.openiec61850.ServerAssociation - sub BDA is:IEDBiogasCHP/T1PTOC0.TmASt.crvPts(1).xVal: 0.0
14:23:46.787 [openiec61850-osi-server-7-thread-1] DEBUG com.beanit.openiec61850.ServerAssociation - sub BDA is:IEDBiogasCHP/T1PTOC0.TmASt.crvPts(1).yVal: 0.0
calling GetDataValues(IEDBiogasCHP/T1PTOC0.TmASt.crvPts(1).xVal)
14:23:46.787 [openiec61850-osi-server-7-thread-1] DEBUG com.beanit.openiec61850.ServerAssociation - Got a GetDataValues request for node: IEDBiogasCHP/T1PTOC0.TmASt.crvPts(1).xVal: 0.0
calling GetDataValues(IEDBiogasCHP/T1PTOC0.TmASt.crvPts(1).yVal)
14:23:46.788 [openiec61850-osi-server-7-thread-1] DEBUG com.beanit.openiec61850.ServerAssociation - Got a GetDataValues request for node: IEDBiogasCHP/T1PTOC0.TmASt.crvPts(1).yVal: 0.0
calling GetDataValues(IEDBiogasCHP/T1PTOC0.TmASt.crvPts(2))
14:23:46.788 [openiec61850-osi-server-7-thread-1] DEBUG com.beanit.openiec61850.ServerAssociation - Got a GetDataValues request for node: IEDBiogasCHP/T1PTOC0.TmASt.crvPts(2) [DC]
IEDBiogasCHP/T1PTOC0.TmASt.crvPts(2).xVal: 0.0
IEDBiogasCHP/T1PTOC0.TmASt.crvPts(2).yVal: 0.0
14:23:46.788 [openiec61850-osi-server-7-thread-1] DEBUG com.beanit.openiec61850.ServerAssociation - sub BDA is:IEDBiogasCHP/T1PTOC0.TmASt.crvPts(2).xVal: 0.0
14:23:46.788 [openiec61850-osi-server-7-thread-1] DEBUG com.beanit.openiec61850.ServerAssociation - sub BDA is:IEDBiogasCHP/T1PTOC0.TmASt.crvPts(2).yVal: 0.0
calling GetDataValues(IEDBiogasCHP/T1PTOC0.TmASt.crvPts(2).xVal)
14:23:46.788 [openiec61850-osi-server-7-thread-1] DEBUG com.beanit.openiec61850.ServerAssociation - Got a GetDataValues request for node: IEDBiogasCHP/T1PTOC0.TmASt.crvPts(2).xVal: 0.0
calling GetDataValues(IEDBiogasCHP/T1PTOC0.TmASt.crvPts(2).yVal)
14:23:46.788 [openiec61850-osi-server-7-thread-1] DEBUG com.beanit.openiec61850.ServerAssociation - Got a GetDataValues request for node: IEDBiogasCHP/T1PTOC0.TmASt.crvPts(2).yVal: 0.0
calling GetDataValues(IEDBiogasCHP/T1PTOC0.TmASt.crvPts(3))
14:23:46.788 [openiec61850-osi-server-7-thread-1] DEBUG com.beanit.openiec61850.ServerAssociation - Got a GetDataValues request for node: IEDBiogasCHP/T1PTOC0.TmASt.crvPts(3) [DC]
IEDBiogasCHP/T1PTOC0.TmASt.crvPts(3).xVal: 0.0
IEDBiogasCHP/T1PTOC0.TmASt.crvPts(3).yVal: 0.0
14:23:46.788 [openiec61850-osi-server-7-thread-1] DEBUG com.beanit.openiec61850.ServerAssociation - sub BDA is:IEDBiogasCHP/T1PTOC0.TmASt.crvPts(3).xVal: 0.0
14:23:46.788 [openiec61850-osi-server-7-thread-1] DEBUG com.beanit.openiec61850.ServerAssociation - sub BDA is:IEDBiogasCHP/T1PTOC0.TmASt.crvPts(3).yVal: 0.0
calling GetDataValues(IEDBiogasCHP/T1PTOC0.TmASt.crvPts(3).xVal)
14:23:46.789 [openiec61850-osi-server-7-thread-1] DEBUG com.beanit.openiec61850.ServerAssociation - Got a GetDataValues request for node: IEDBiogasCHP/T1PTOC0.TmASt.crvPts(3).xVal: 0.0
calling GetDataValues(IEDBiogasCHP/T1PTOC0.TmASt.crvPts(3).yVal)
14:23:46.789 [openiec61850-osi-server-7-thread-1] DEBUG com.beanit.openiec61850.ServerAssociation - Got a GetDataValues request for node: IEDBiogasCHP/T1PTOC0.TmASt.crvPts(3).yVal: 0.0
calling GetDataValues(IEDBiogasCHP/T1PTOC0.TmASt.crvPts(4))
14:23:46.789 [openiec61850-osi-server-7-thread-1] DEBUG com.beanit.openiec61850.ServerAssociation - Got a GetDataValues request for node: IEDBiogasCHP/T1PTOC0.TmASt.crvPts(4) [DC]
IEDBiogasCHP/T1PTOC0.TmASt.crvPts(4).xVal: 0.0
IEDBiogasCHP/T1PTOC0.TmASt.crvPts(4).yVal: 0.0
14:23:46.789 [openiec61850-osi-server-7-thread-1] DEBUG com.beanit.openiec61850.ServerAssociation - sub BDA is:IEDBiogasCHP/T1PTOC0.TmASt.crvPts(4).xVal: 0.0
14:23:46.789 [openiec61850-osi-server-7-thread-1] DEBUG com.beanit.openiec61850.ServerAssociation - sub BDA is:IEDBiogasCHP/T1PTOC0.TmASt.crvPts(4).yVal: 0.0
calling GetDataValues(IEDBiogasCHP/T1PTOC0.TmASt.crvPts(4).xVal)
14:23:46.789 [openiec61850-osi-server-7-thread-1] DEBUG com.beanit.openiec61850.ServerAssociation - Got a GetDataValues request for node: IEDBiogasCHP/T1PTOC0.TmASt.crvPts(4).xVal: 0.0
calling GetDataValues(IEDBiogasCHP/T1PTOC0.TmASt.crvPts(4).yVal)
14:23:46.789 [openiec61850-osi-server-7-thread-1] DEBUG com.beanit.openiec61850.ServerAssociation - Got a GetDataValues request for node: IEDBiogasCHP/T1PTOC0.TmASt.crvPts(4).yVal: 0.0
calling GetDataValues(IEDBiogasCHP/T1PTOC0.TmASt.crvPts(5))
14:23:46.789 [openiec61850-osi-server-7-thread-1] DEBUG com.beanit.openiec61850.ServerAssociation - Got a GetDataValues request for node: IEDBiogasCHP/T1PTOC0.TmASt.crvPts(5) [DC]
IEDBiogasCHP/T1PTOC0.TmASt.crvPts(5).xVal: 0.0
IEDBiogasCHP/T1PTOC0.TmASt.crvPts(5).yVal: 0.0
14:23:46.789 [openiec61850-osi-server-7-thread-1] DEBUG com.beanit.openiec61850.ServerAssociation - sub BDA is:IEDBiogasCHP/T1PTOC0.TmASt.crvPts(5).xVal: 0.0
14:23:46.789 [openiec61850-osi-server-7-thread-1] DEBUG com.beanit.openiec61850.ServerAssociation - sub BDA is:IEDBiogasCHP/T1PTOC0.TmASt.crvPts(5).yVal: 0.0
calling GetDataValues(IEDBiogasCHP/T1PTOC0.TmASt.crvPts(5).xVal)
14:23:46.789 [openiec61850-osi-server-7-thread-1] DEBUG com.beanit.openiec61850.ServerAssociation - Got a GetDataValues request for node: IEDBiogasCHP/T1PTOC0.TmASt.crvPts(5).xVal: 0.0
calling GetDataValues(IEDBiogasCHP/T1PTOC0.TmASt.crvPts(5).yVal)
14:23:46.790 [openiec61850-osi-server-7-thread-1] DEBUG com.beanit.openiec61850.ServerAssociation - Got a GetDataValues request for node: IEDBiogasCHP/T1PTOC0.TmASt.crvPts(5).yVal: 0.0
calling GetDataValues(IEDBiogasCHP/T1PTOC0.TmASt.crvPts(6))
14:23:46.790 [openiec61850-osi-server-7-thread-1] DEBUG com.beanit.openiec61850.ServerAssociation - Got a GetDataValues request for node: IEDBiogasCHP/T1PTOC0.TmASt.crvPts(6) [DC]
IEDBiogasCHP/T1PTOC0.TmASt.crvPts(6).xVal: 0.0
IEDBiogasCHP/T1PTOC0.TmASt.crvPts(6).yVal: 0.0
14:23:46.790 [openiec61850-osi-server-7-thread-1] DEBUG com.beanit.openiec61850.ServerAssociation - sub BDA is:IEDBiogasCHP/T1PTOC0.TmASt.crvPts(6).xVal: 0.0
14:23:46.790 [openiec61850-osi-server-7-thread-1] DEBUG com.beanit.openiec61850.ServerAssociation - sub BDA is:IEDBiogasCHP/T1PTOC0.TmASt.crvPts(6).yVal: 0.0
calling GetDataValues(IEDBiogasCHP/T1PTOC0.TmASt.crvPts(6).xVal)
14:23:46.790 [openiec61850-osi-server-7-thread-1] DEBUG com.beanit.openiec61850.ServerAssociation - Got a GetDataValues request for node: IEDBiogasCHP/T1PTOC0.TmASt.crvPts(6).xVal: 0.0
calling GetDataValues(IEDBiogasCHP/T1PTOC0.TmASt.crvPts(6).yVal)
14:23:46.790 [openiec61850-osi-server-7-thread-1] DEBUG com.beanit.openiec61850.ServerAssociation - Got a GetDataValues request for node: IEDBiogasCHP/T1PTOC0.TmASt.crvPts(6).yVal: 0.0
calling GetDataValues(IEDBiogasCHP/T1PTOC0.TmASt.crvPts(7))
14:23:46.790 [openiec61850-osi-server-7-thread-1] DEBUG com.beanit.openiec61850.ServerAssociation - Got a GetDataValues request for node: IEDBiogasCHP/T1PTOC0.TmASt.crvPts(7) [DC]
IEDBiogasCHP/T1PTOC0.TmASt.crvPts(7).xVal: 0.0
IEDBiogasCHP/T1PTOC0.TmASt.crvPts(7).yVal: 0.0
14:23:46.790 [openiec61850-osi-server-7-thread-1] DEBUG com.beanit.openiec61850.ServerAssociation - sub BDA is:IEDBiogasCHP/T1PTOC0.TmASt.crvPts(7).xVal: 0.0
14:23:46.790 [openiec61850-osi-server-7-thread-1] DEBUG com.beanit.openiec61850.ServerAssociation - sub BDA is:IEDBiogasCHP/T1PTOC0.TmASt.crvPts(7).yVal: 0.0
calling GetDataValues(IEDBiogasCHP/T1PTOC0.TmASt.crvPts(7).xVal)
14:23:46.791 [openiec61850-osi-server-7-thread-1] DEBUG com.beanit.openiec61850.ServerAssociation - Got a GetDataValues request for node: IEDBiogasCHP/T1PTOC0.TmASt.crvPts(7).xVal: 0.0
calling GetDataValues(IEDBiogasCHP/T1PTOC0.TmASt.crvPts(7).yVal)
14:23:46.791 [openiec61850-osi-server-7-thread-1] DEBUG com.beanit.openiec61850.ServerAssociation - Got a GetDataValues request for node: IEDBiogasCHP/T1PTOC0.TmASt.crvPts(7).yVal: 0.0
calling GetDataValues(IEDBiogasCHP/T1PTOC0.TmASt.crvPts(8))
14:23:46.791 [openiec61850-osi-server-7-thread-1] DEBUG com.beanit.openiec61850.ServerAssociation - Got a GetDataValues request for node: IEDBiogasCHP/T1PTOC0.TmASt.crvPts(8) [DC]
IEDBiogasCHP/T1PTOC0.TmASt.crvPts(8).xVal: 0.0
IEDBiogasCHP/T1PTOC0.TmASt.crvPts(8).yVal: 0.0
14:23:46.791 [openiec61850-osi-server-7-thread-1] DEBUG com.beanit.openiec61850.ServerAssociation - sub BDA is:IEDBiogasCHP/T1PTOC0.TmASt.crvPts(8).xVal: 0.0
14:23:46.791 [openiec61850-osi-server-7-thread-1] DEBUG com.beanit.openiec61850.ServerAssociation - sub BDA is:IEDBiogasCHP/T1PTOC0.TmASt.crvPts(8).yVal: 0.0
calling GetDataValues(IEDBiogasCHP/T1PTOC0.TmASt.crvPts(8).xVal)
14:23:46.791 [openiec61850-osi-server-7-thread-1] DEBUG com.beanit.openiec61850.ServerAssociation - Got a GetDataValues request for node: IEDBiogasCHP/T1PTOC0.TmASt.crvPts(8).xVal: 0.0
calling GetDataValues(IEDBiogasCHP/T1PTOC0.TmASt.crvPts(8).yVal)
14:23:46.791 [openiec61850-osi-server-7-thread-1] DEBUG com.beanit.openiec61850.ServerAssociation - Got a GetDataValues request for node: IEDBiogasCHP/T1PTOC0.TmASt.crvPts(8).yVal: 0.0
calling GetDataValues(IEDBiogasCHP/T1PTOC0.TmASt.crvPts(9))
14:23:46.791 [openiec61850-osi-server-7-thread-1] DEBUG com.beanit.openiec61850.ServerAssociation - Got a GetDataValues request for node: IEDBiogasCHP/T1PTOC0.TmASt.crvPts(9) [DC]
IEDBiogasCHP/T1PTOC0.TmASt.crvPts(9).xVal: 0.0
IEDBiogasCHP/T1PTOC0.TmASt.crvPts(9).yVal: 0.0
14:23:46.791 [openiec61850-osi-server-7-thread-1] DEBUG com.beanit.openiec61850.ServerAssociation - sub BDA is:IEDBiogasCHP/T1PTOC0.TmASt.crvPts(9).xVal: 0.0
14:23:46.791 [openiec61850-osi-server-7-thread-1] DEBUG com.beanit.openiec61850.ServerAssociation - sub BDA is:IEDBiogasCHP/T1PTOC0.TmASt.crvPts(9).yVal: 0.0
calling GetDataValues(IEDBiogasCHP/T1PTOC0.TmASt.crvPts(9).xVal)
14:23:46.791 [openiec61850-osi-server-7-thread-1] DEBUG com.beanit.openiec61850.ServerAssociation - Got a GetDataValues request for node: IEDBiogasCHP/T1PTOC0.TmASt.crvPts(9).xVal: 0.0
calling GetDataValues(IEDBiogasCHP/T1PTOC0.TmASt.crvPts(9).yVal)
14:23:46.792 [openiec61850-osi-server-7-thread-1] DEBUG com.beanit.openiec61850.ServerAssociation - Got a GetDataValues request for node: IEDBiogasCHP/T1PTOC0.TmASt.crvPts(9).yVal: 0.0
calling GetDataValues(IEDBiogasCHP/T1PTOC0.TmASt.crvPts(10))
14:23:46.792 [openiec61850-osi-server-7-thread-1] DEBUG com.beanit.openiec61850.ServerAssociation - Got a GetDataValues request for node: IEDBiogasCHP/T1PTOC0.TmASt.crvPts(10) [DC]
IEDBiogasCHP/T1PTOC0.TmASt.crvPts(10).xVal: 0.0
IEDBiogasCHP/T1PTOC0.TmASt.crvPts(10).yVal: 0.0
14:23:46.792 [openiec61850-osi-server-7-thread-1] DEBUG com.beanit.openiec61850.ServerAssociation - sub BDA is:IEDBiogasCHP/T1PTOC0.TmASt.crvPts(10).xVal: 0.0
14:23:46.792 [openiec61850-osi-server-7-thread-1] DEBUG com.beanit.openiec61850.ServerAssociation - sub BDA is:IEDBiogasCHP/T1PTOC0.TmASt.crvPts(10).yVal: 0.0
calling GetDataValues(IEDBiogasCHP/T1PTOC0.TmASt.crvPts(10).xVal)
14:23:46.792 [openiec61850-osi-server-7-thread-1] DEBUG com.beanit.openiec61850.ServerAssociation - Got a GetDataValues request for node: IEDBiogasCHP/T1PTOC0.TmASt.crvPts(10).xVal: 0.0
calling GetDataValues(IEDBiogasCHP/T1PTOC0.TmASt.crvPts(10).yVal)
14:23:46.792 [openiec61850-osi-server-7-thread-1] DEBUG com.beanit.openiec61850.ServerAssociation - Got a GetDataValues request for node: IEDBiogasCHP/T1PTOC0.TmASt.crvPts(10).yVal: 0.0
calling GetDataValues(IEDBiogasCHP/T1PTOC0.TmASt.crvPts(11))
14:23:46.792 [openiec61850-osi-server-7-thread-1] DEBUG com.beanit.openiec61850.ServerAssociation - Got a GetDataValues request for node: IEDBiogasCHP/T1PTOC0.TmASt.crvPts(11) [DC]
IEDBiogasCHP/T1PTOC0.TmASt.crvPts(11).xVal: 0.0
IEDBiogasCHP/T1PTOC0.TmASt.crvPts(11).yVal: 0.0
14:23:46.792 [openiec61850-osi-server-7-thread-1] DEBUG com.beanit.openiec61850.ServerAssociation - sub BDA is:IEDBiogasCHP/T1PTOC0.TmASt.crvPts(11).xVal: 0.0
14:23:46.792 [openiec61850-osi-server-7-thread-1] DEBUG com.beanit.openiec61850.ServerAssociation - sub BDA is:IEDBiogasCHP/T1PTOC0.TmASt.crvPts(11).yVal: 0.0
calling GetDataValues(IEDBiogasCHP/T1PTOC0.TmASt.crvPts(11).xVal)
14:23:46.793 [openiec61850-osi-server-7-thread-1] DEBUG com.beanit.openiec61850.ServerAssociation - Got a GetDataValues request for node: IEDBiogasCHP/T1PTOC0.TmASt.crvPts(11).xVal: 0.0
calling GetDataValues(IEDBiogasCHP/T1PTOC0.TmASt.crvPts(11).yVal)
14:23:46.793 [openiec61850-osi-server-7-thread-1] DEBUG com.beanit.openiec61850.ServerAssociation - Got a GetDataValues request for node: IEDBiogasCHP/T1PTOC0.TmASt.crvPts(11).yVal: 0.0
calling GetDataValues(IEDBiogasCHP/T1PTOC0.TmASt.crvPts(12))
14:23:46.793 [openiec61850-osi-server-7-thread-1] DEBUG com.beanit.openiec61850.ServerAssociation - Got a GetDataValues request for node: IEDBiogasCHP/T1PTOC0.TmASt.crvPts(12) [DC]
IEDBiogasCHP/T1PTOC0.TmASt.crvPts(12).xVal: 0.0
IEDBiogasCHP/T1PTOC0.TmASt.crvPts(12).yVal: 0.0
14:23:46.793 [openiec61850-osi-server-7-thread-1] DEBUG com.beanit.openiec61850.ServerAssociation - sub BDA is:IEDBiogasCHP/T1PTOC0.TmASt.crvPts(12).xVal: 0.0
14:23:46.793 [openiec61850-osi-server-7-thread-1] DEBUG com.beanit.openiec61850.ServerAssociation - sub BDA is:IEDBiogasCHP/T1PTOC0.TmASt.crvPts(12).yVal: 0.0
calling GetDataValues(IEDBiogasCHP/T1PTOC0.TmASt.crvPts(12).xVal)
14:23:46.793 [openiec61850-osi-server-7-thread-1] DEBUG com.beanit.openiec61850.ServerAssociation - Got a GetDataValues request for node: IEDBiogasCHP/T1PTOC0.TmASt.crvPts(12).xVal: 0.0
calling GetDataValues(IEDBiogasCHP/T1PTOC0.TmASt.crvPts(12).yVal)
14:23:46.794 [openiec61850-osi-server-7-thread-1] DEBUG com.beanit.openiec61850.ServerAssociation - Got a GetDataValues request for node: IEDBiogasCHP/T1PTOC0.TmASt.crvPts(12).yVal: 0.0
calling GetDataValues(IEDBiogasCHP/T1PTOC0.TmASt.crvPts(13))
14:23:46.794 [openiec61850-osi-server-7-thread-1] DEBUG com.beanit.openiec61850.ServerAssociation - Got a GetDataValues request for node: IEDBiogasCHP/T1PTOC0.TmASt.crvPts(13) [DC]
IEDBiogasCHP/T1PTOC0.TmASt.crvPts(13).xVal: 0.0
IEDBiogasCHP/T1PTOC0.TmASt.crvPts(13).yVal: 0.0
14:23:46.794 [openiec61850-osi-server-7-thread-1] DEBUG com.beanit.openiec61850.ServerAssociation - sub BDA is:IEDBiogasCHP/T1PTOC0.TmASt.crvPts(13).xVal: 0.0
14:23:46.794 [openiec61850-osi-server-7-thread-1] DEBUG com.beanit.openiec61850.ServerAssociation - sub BDA is:IEDBiogasCHP/T1PTOC0.TmASt.crvPts(13).yVal: 0.0
calling GetDataValues(IEDBiogasCHP/T1PTOC0.TmASt.crvPts(13).xVal)
14:23:46.794 [openiec61850-osi-server-7-thread-1] DEBUG com.beanit.openiec61850.ServerAssociation - Got a GetDataValues request for node: IEDBiogasCHP/T1PTOC0.TmASt.crvPts(13).xVal: 0.0
calling GetDataValues(IEDBiogasCHP/T1PTOC0.TmASt.crvPts(13).yVal)
14:23:46.794 [openiec61850-osi-server-7-thread-1] DEBUG com.beanit.openiec61850.ServerAssociation - Got a GetDataValues request for node: IEDBiogasCHP/T1PTOC0.TmASt.crvPts(13).yVal: 0.0
calling GetDataValues(IEDBiogasCHP/T1PTOC0.TmASt.crvPts(14))
14:23:46.794 [openiec61850-osi-server-7-thread-1] DEBUG com.beanit.openiec61850.ServerAssociation - Got a GetDataValues request for node: IEDBiogasCHP/T1PTOC0.TmASt.crvPts(14) [DC]
IEDBiogasCHP/T1PTOC0.TmASt.crvPts(14).xVal: 0.0
IEDBiogasCHP/T1PTOC0.TmASt.crvPts(14).yVal: 0.0
14:23:46.794 [openiec61850-osi-server-7-thread-1] DEBUG com.beanit.openiec61850.ServerAssociation - sub BDA is:IEDBiogasCHP/T1PTOC0.TmASt.crvPts(14).xVal: 0.0
14:23:46.794 [openiec61850-osi-server-7-thread-1] DEBUG com.beanit.openiec61850.ServerAssociation - sub BDA is:IEDBiogasCHP/T1PTOC0.TmASt.crvPts(14).yVal: 0.0
calling GetDataValues(IEDBiogasCHP/T1PTOC0.TmASt.crvPts(14).xVal)
14:23:46.794 [openiec61850-osi-server-7-thread-1] DEBUG com.beanit.openiec61850.ServerAssociation - Got a GetDataValues request for node: IEDBiogasCHP/T1PTOC0.TmASt.crvPts(14).xVal: 0.0
calling GetDataValues(IEDBiogasCHP/T1PTOC0.TmASt.crvPts(14).yVal)
14:23:46.795 [openiec61850-osi-server-7-thread-1] DEBUG com.beanit.openiec61850.ServerAssociation - Got a GetDataValues request for node: IEDBiogasCHP/T1PTOC0.TmASt.crvPts(14).yVal: 0.0
calling GetDataValues(IEDBiogasCHP/T1PTOC0.TmASt.crvPts(15))
14:23:46.795 [openiec61850-osi-server-7-thread-1] DEBUG com.beanit.openiec61850.ServerAssociation - Got a GetDataValues request for node: IEDBiogasCHP/T1PTOC0.TmASt.crvPts(15) [DC]
IEDBiogasCHP/T1PTOC0.TmASt.crvPts(15).xVal: 0.0
IEDBiogasCHP/T1PTOC0.TmASt.crvPts(15).yVal: 0.0
14:23:46.795 [openiec61850-osi-server-7-thread-1] DEBUG com.beanit.openiec61850.ServerAssociation - sub BDA is:IEDBiogasCHP/T1PTOC0.TmASt.crvPts(15).xVal: 0.0
14:23:46.795 [openiec61850-osi-server-7-thread-1] DEBUG com.beanit.openiec61850.ServerAssociation - sub BDA is:IEDBiogasCHP/T1PTOC0.TmASt.crvPts(15).yVal: 0.0
calling GetDataValues(IEDBiogasCHP/T1PTOC0.TmASt.crvPts(15).xVal)
14:23:46.795 [openiec61850-osi-server-7-thread-1] DEBUG com.beanit.openiec61850.ServerAssociation - Got a GetDataValues request for node: IEDBiogasCHP/T1PTOC0.TmASt.crvPts(15).xVal: 0.0
calling GetDataValues(IEDBiogasCHP/T1PTOC0.TmASt.crvPts(15).yVal)
14:23:46.795 [openiec61850-osi-server-7-thread-1] DEBUG com.beanit.openiec61850.ServerAssociation - Got a GetDataValues request for node: IEDBiogasCHP/T1PTOC0.TmASt.crvPts(15).yVal: 0.0
calling GetDataValues(IEDBiogasCHP/T1PTOC0.TmASt.crvPts(16))
14:23:46.795 [openiec61850-osi-server-7-thread-1] DEBUG com.beanit.openiec61850.ServerAssociation - Got a GetDataValues request for node: IEDBiogasCHP/T1PTOC0.TmASt.crvPts(16) [DC]
IEDBiogasCHP/T1PTOC0.TmASt.crvPts(16).xVal: 0.0
IEDBiogasCHP/T1PTOC0.TmASt.crvPts(16).yVal: 0.0
14:23:46.795 [openiec61850-osi-server-7-thread-1] DEBUG com.beanit.openiec61850.ServerAssociation - sub BDA is:IEDBiogasCHP/T1PTOC0.TmASt.crvPts(16).xVal: 0.0
14:23:46.795 [openiec61850-osi-server-7-thread-1] DEBUG com.beanit.openiec61850.ServerAssociation - sub BDA is:IEDBiogasCHP/T1PTOC0.TmASt.crvPts(16).yVal: 0.0
calling GetDataValues(IEDBiogasCHP/T1PTOC0.TmASt.crvPts(16).xVal)
14:23:46.795 [openiec61850-osi-server-7-thread-1] DEBUG com.beanit.openiec61850.ServerAssociation - Got a GetDataValues request for node: IEDBiogasCHP/T1PTOC0.TmASt.crvPts(16).xVal: 0.0
calling GetDataValues(IEDBiogasCHP/T1PTOC0.TmASt.crvPts(16).yVal)
14:23:46.796 [openiec61850-osi-server-7-thread-1] DEBUG com.beanit.openiec61850.ServerAssociation - Got a GetDataValues request for node: IEDBiogasCHP/T1PTOC0.TmASt.crvPts(16).yVal: 0.0
calling GetDataValues(IEDBiogasCHP/T1PTOC0.TmASt.crvPts(17))
14:23:46.796 [openiec61850-osi-server-7-thread-1] DEBUG com.beanit.openiec61850.ServerAssociation - Got a GetDataValues request for node: IEDBiogasCHP/T1PTOC0.TmASt.crvPts(17) [DC]
IEDBiogasCHP/T1PTOC0.TmASt.crvPts(17).xVal: 0.0
IEDBiogasCHP/T1PTOC0.TmASt.crvPts(17).yVal: 0.0
14:23:46.796 [openiec61850-osi-server-7-thread-1] DEBUG com.beanit.openiec61850.ServerAssociation - sub BDA is:IEDBiogasCHP/T1PTOC0.TmASt.crvPts(17).xVal: 0.0
14:23:46.796 [openiec61850-osi-server-7-thread-1] DEBUG com.beanit.openiec61850.ServerAssociation - sub BDA is:IEDBiogasCHP/T1PTOC0.TmASt.crvPts(17).yVal: 0.0
calling GetDataValues(IEDBiogasCHP/T1PTOC0.TmASt.crvPts(17).xVal)
14:23:46.796 [openiec61850-osi-server-7-thread-1] DEBUG com.beanit.openiec61850.ServerAssociation - Got a GetDataValues request for node: IEDBiogasCHP/T1PTOC0.TmASt.crvPts(17).xVal: 0.0
calling GetDataValues(IEDBiogasCHP/T1PTOC0.TmASt.crvPts(17).yVal)
14:23:46.796 [openiec61850-osi-server-7-thread-1] DEBUG com.beanit.openiec61850.ServerAssociation - Got a GetDataValues request for node: IEDBiogasCHP/T1PTOC0.TmASt.crvPts(17).yVal: 0.0
calling GetDataValues(IEDBiogasCHP/T1PTOC0.TmASt.crvPts(18))
14:23:46.796 [openiec61850-osi-server-7-thread-1] DEBUG com.beanit.openiec61850.ServerAssociation - Got a GetDataValues request for node: IEDBiogasCHP/T1PTOC0.TmASt.crvPts(18) [DC]
IEDBiogasCHP/T1PTOC0.TmASt.crvPts(18).xVal: 0.0
IEDBiogasCHP/T1PTOC0.TmASt.crvPts(18).yVal: 0.0
14:23:46.796 [openiec61850-osi-server-7-thread-1] DEBUG com.beanit.openiec61850.ServerAssociation - sub BDA is:IEDBiogasCHP/T1PTOC0.TmASt.crvPts(18).xVal: 0.0
14:23:46.796 [openiec61850-osi-server-7-thread-1] DEBUG com.beanit.openiec61850.ServerAssociation - sub BDA is:IEDBiogasCHP/T1PTOC0.TmASt.crvPts(18).yVal: 0.0
calling GetDataValues(IEDBiogasCHP/T1PTOC0.TmASt.crvPts(18).xVal)
14:23:46.796 [openiec61850-osi-server-7-thread-1] DEBUG com.beanit.openiec61850.ServerAssociation - Got a GetDataValues request for node: IEDBiogasCHP/T1PTOC0.TmASt.crvPts(18).xVal: 0.0
calling GetDataValues(IEDBiogasCHP/T1PTOC0.TmASt.crvPts(18).yVal)
14:23:46.797 [openiec61850-osi-server-7-thread-1] DEBUG com.beanit.openiec61850.ServerAssociation - Got a GetDataValues request for node: IEDBiogasCHP/T1PTOC0.TmASt.crvPts(18).yVal: 0.0
calling GetDataValues(IEDBiogasCHP/T1PTOC0.TmASt.crvPts(19))
14:23:46.797 [openiec61850-osi-server-7-thread-1] DEBUG com.beanit.openiec61850.ServerAssociation - Got a GetDataValues request for node: IEDBiogasCHP/T1PTOC0.TmASt.crvPts(19) [DC]
IEDBiogasCHP/T1PTOC0.TmASt.crvPts(19).xVal: 0.0
IEDBiogasCHP/T1PTOC0.TmASt.crvPts(19).yVal: 0.0
14:23:46.797 [openiec61850-osi-server-7-thread-1] DEBUG com.beanit.openiec61850.ServerAssociation - sub BDA is:IEDBiogasCHP/T1PTOC0.TmASt.crvPts(19).xVal: 0.0
14:23:46.797 [openiec61850-osi-server-7-thread-1] DEBUG com.beanit.openiec61850.ServerAssociation - sub BDA is:IEDBiogasCHP/T1PTOC0.TmASt.crvPts(19).yVal: 0.0
calling GetDataValues(IEDBiogasCHP/T1PTOC0.TmASt.crvPts(19).xVal)
14:23:46.797 [openiec61850-osi-server-7-thread-1] DEBUG com.beanit.openiec61850.ServerAssociation - Got a GetDataValues request for node: IEDBiogasCHP/T1PTOC0.TmASt.crvPts(19).xVal: 0.0
calling GetDataValues(IEDBiogasCHP/T1PTOC0.TmASt.crvPts(19).yVal)
14:23:46.797 [openiec61850-osi-server-7-thread-1] DEBUG com.beanit.openiec61850.ServerAssociation - Got a GetDataValues request for node: IEDBiogasCHP/T1PTOC0.TmASt.crvPts(19).yVal: 0.0
calling GetDataValues(IEDBiogasCHP/T1PTOC0.TmASt.crvPts(20))
14:23:46.797 [openiec61850-osi-server-7-thread-1] DEBUG com.beanit.openiec61850.ServerAssociation - Got a GetDataValues request for node: IEDBiogasCHP/T1PTOC0.TmASt.crvPts(20) [DC]
IEDBiogasCHP/T1PTOC0.TmASt.crvPts(20).xVal: 0.0
IEDBiogasCHP/T1PTOC0.TmASt.crvPts(20).yVal: 0.0
14:23:46.797 [openiec61850-osi-server-7-thread-1] DEBUG com.beanit.openiec61850.ServerAssociation - sub BDA is:IEDBiogasCHP/T1PTOC0.TmASt.crvPts(20).xVal: 0.0
14:23:46.797 [openiec61850-osi-server-7-thread-1] DEBUG com.beanit.openiec61850.ServerAssociation - sub BDA is:IEDBiogasCHP/T1PTOC0.TmASt.crvPts(20).yVal: 0.0
calling GetDataValues(IEDBiogasCHP/T1PTOC0.TmASt.crvPts(20).xVal)
14:23:46.798 [openiec61850-osi-server-7-thread-1] DEBUG com.beanit.openiec61850.ServerAssociation - Got a GetDataValues request for node: IEDBiogasCHP/T1PTOC0.TmASt.crvPts(20).xVal: 0.0
calling GetDataValues(IEDBiogasCHP/T1PTOC0.TmASt.crvPts(20).yVal)
14:23:46.798 [openiec61850-osi-server-7-thread-1] DEBUG com.beanit.openiec61850.ServerAssociation - Got a GetDataValues request for node: IEDBiogasCHP/T1PTOC0.TmASt.crvPts(20).yVal: 0.0
calling GetDataValues(IEDBiogasCHP/T1PTOC0.TmASt.crvPts(21))
14:23:46.798 [openiec61850-osi-server-7-thread-1] DEBUG com.beanit.openiec61850.ServerAssociation - Got a GetDataValues request for node: IEDBiogasCHP/T1PTOC0.TmASt.crvPts(21) [DC]
IEDBiogasCHP/T1PTOC0.TmASt.crvPts(21).xVal: 0.0
IEDBiogasCHP/T1PTOC0.TmASt.crvPts(21).yVal: 0.0
14:23:46.798 [openiec61850-osi-server-7-thread-1] DEBUG com.beanit.openiec61850.ServerAssociation - sub BDA is:IEDBiogasCHP/T1PTOC0.TmASt.crvPts(21).xVal: 0.0
14:23:46.798 [openiec61850-osi-server-7-thread-1] DEBUG com.beanit.openiec61850.ServerAssociation - sub BDA is:IEDBiogasCHP/T1PTOC0.TmASt.crvPts(21).yVal: 0.0
calling GetDataValues(IEDBiogasCHP/T1PTOC0.TmASt.crvPts(21).xVal)
14:23:46.798 [openiec61850-osi-server-7-thread-1] DEBUG com.beanit.openiec61850.ServerAssociation - Got a GetDataValues request for node: IEDBiogasCHP/T1PTOC0.TmASt.crvPts(21).xVal: 0.0
calling GetDataValues(IEDBiogasCHP/T1PTOC0.TmASt.crvPts(21).yVal)
14:23:46.798 [openiec61850-osi-server-7-thread-1] DEBUG com.beanit.openiec61850.ServerAssociation - Got a GetDataValues request for node: IEDBiogasCHP/T1PTOC0.TmASt.crvPts(21).yVal: 0.0
calling GetDataValues(IEDBiogasCHP/T1PTOC0.TmASt.crvPts(22))
14:23:46.798 [openiec61850-osi-server-7-thread-1] DEBUG com.beanit.openiec61850.ServerAssociation - Got a GetDataValues request for node: IEDBiogasCHP/T1PTOC0.TmASt.crvPts(22) [DC]
IEDBiogasCHP/T1PTOC0.TmASt.crvPts(22).xVal: 0.0
IEDBiogasCHP/T1PTOC0.TmASt.crvPts(22).yVal: 0.0
14:23:46.798 [openiec61850-osi-server-7-thread-1] DEBUG com.beanit.openiec61850.ServerAssociation - sub BDA is:IEDBiogasCHP/T1PTOC0.TmASt.crvPts(22).xVal: 0.0
14:23:46.798 [openiec61850-osi-server-7-thread-1] DEBUG com.beanit.openiec61850.ServerAssociation - sub BDA is:IEDBiogasCHP/T1PTOC0.TmASt.crvPts(22).yVal: 0.0
calling GetDataValues(IEDBiogasCHP/T1PTOC0.TmASt.crvPts(22).xVal)
14:23:46.799 [openiec61850-osi-server-7-thread-1] DEBUG com.beanit.openiec61850.ServerAssociation - Got a GetDataValues request for node: IEDBiogasCHP/T1PTOC0.TmASt.crvPts(22).xVal: 0.0
calling GetDataValues(IEDBiogasCHP/T1PTOC0.TmASt.crvPts(22).yVal)
14:23:46.799 [openiec61850-osi-server-7-thread-1] DEBUG com.beanit.openiec61850.ServerAssociation - Got a GetDataValues request for node: IEDBiogasCHP/T1PTOC0.TmASt.crvPts(22).yVal: 0.0
calling GetDataValues(IEDBiogasCHP/T1PTOC0.TmASt.crvPts(23))
14:23:46.799 [openiec61850-osi-server-7-thread-1] DEBUG com.beanit.openiec61850.ServerAssociation - Got a GetDataValues request for node: IEDBiogasCHP/T1PTOC0.TmASt.crvPts(23) [DC]
IEDBiogasCHP/T1PTOC0.TmASt.crvPts(23).xVal: 0.0
IEDBiogasCHP/T1PTOC0.TmASt.crvPts(23).yVal: 0.0
14:23:46.799 [openiec61850-osi-server-7-thread-1] DEBUG com.beanit.openiec61850.ServerAssociation - sub BDA is:IEDBiogasCHP/T1PTOC0.TmASt.crvPts(23).xVal: 0.0
14:23:46.799 [openiec61850-osi-server-7-thread-1] DEBUG com.beanit.openiec61850.ServerAssociation - sub BDA is:IEDBiogasCHP/T1PTOC0.TmASt.crvPts(23).yVal: 0.0
calling GetDataValues(IEDBiogasCHP/T1PTOC0.TmASt.crvPts(23).xVal)
14:23:46.799 [openiec61850-osi-server-7-thread-1] DEBUG com.beanit.openiec61850.ServerAssociation - Got a GetDataValues request for node: IEDBiogasCHP/T1PTOC0.TmASt.crvPts(23).xVal: 0.0
calling GetDataValues(IEDBiogasCHP/T1PTOC0.TmASt.crvPts(23).yVal)
14:23:46.799 [openiec61850-osi-server-7-thread-1] DEBUG com.beanit.openiec61850.ServerAssociation - Got a GetDataValues request for node: IEDBiogasCHP/T1PTOC0.TmASt.crvPts(23).yVal: 0.0
calling GetDataValues(IEDBiogasCHP/T1PTOC0.TmASt.crvPts(24))
14:23:46.800 [openiec61850-osi-server-7-thread-1] DEBUG com.beanit.openiec61850.ServerAssociation - Got a GetDataValues request for node: IEDBiogasCHP/T1PTOC0.TmASt.crvPts(24) [DC]
IEDBiogasCHP/T1PTOC0.TmASt.crvPts(24).xVal: 0.0
IEDBiogasCHP/T1PTOC0.TmASt.crvPts(24).yVal: 0.0
14:23:46.800 [openiec61850-osi-server-7-thread-1] DEBUG com.beanit.openiec61850.ServerAssociation - sub BDA is:IEDBiogasCHP/T1PTOC0.TmASt.crvPts(24).xVal: 0.0
14:23:46.800 [openiec61850-osi-server-7-thread-1] DEBUG com.beanit.openiec61850.ServerAssociation - sub BDA is:IEDBiogasCHP/T1PTOC0.TmASt.crvPts(24).yVal: 0.0
calling GetDataValues(IEDBiogasCHP/T1PTOC0.TmASt.crvPts(24).xVal)
14:23:46.800 [openiec61850-osi-server-7-thread-1] DEBUG com.beanit.openiec61850.ServerAssociation - Got a GetDataValues request for node: IEDBiogasCHP/T1PTOC0.TmASt.crvPts(24).xVal: 0.0
calling GetDataValues(IEDBiogasCHP/T1PTOC0.TmASt.crvPts(24).yVal)
14:23:46.800 [openiec61850-osi-server-7-thread-1] DEBUG com.beanit.openiec61850.ServerAssociation - Got a GetDataValues request for node: IEDBiogasCHP/T1PTOC0.TmASt.crvPts(24).yVal: 0.0
calling GetDataValues(IEDBiogasCHP/T1PTOC0.TmASt.crvPts(25))
14:23:46.800 [openiec61850-osi-server-7-thread-1] DEBUG com.beanit.openiec61850.ServerAssociation - Got a GetDataValues request for node: IEDBiogasCHP/T1PTOC0.TmASt.crvPts(25) [DC]
IEDBiogasCHP/T1PTOC0.TmASt.crvPts(25).xVal: 0.0
IEDBiogasCHP/T1PTOC0.TmASt.crvPts(25).yVal: 0.0
14:23:46.800 [openiec61850-osi-server-7-thread-1] DEBUG com.beanit.openiec61850.ServerAssociation - sub BDA is:IEDBiogasCHP/T1PTOC0.TmASt.crvPts(25).xVal: 0.0
14:23:46.800 [openiec61850-osi-server-7-thread-1] DEBUG com.beanit.openiec61850.ServerAssociation - sub BDA is:IEDBiogasCHP/T1PTOC0.TmASt.crvPts(25).yVal: 0.0
calling GetDataValues(IEDBiogasCHP/T1PTOC0.TmASt.crvPts(25).xVal)
14:23:46.800 [openiec61850-osi-server-7-thread-1] DEBUG com.beanit.openiec61850.ServerAssociation - Got a GetDataValues request for node: IEDBiogasCHP/T1PTOC0.TmASt.crvPts(25).xVal: 0.0
calling GetDataValues(IEDBiogasCHP/T1PTOC0.TmASt.crvPts(25).yVal)
14:23:46.800 [openiec61850-osi-server-7-thread-1] DEBUG com.beanit.openiec61850.ServerAssociation - Got a GetDataValues request for node: IEDBiogasCHP/T1PTOC0.TmASt.crvPts(25).yVal: 0.0
calling GetDataValues(IEDBiogasCHP/T1PTOC0.TmASt.crvPts(26))
14:23:46.800 [openiec61850-osi-server-7-thread-1] DEBUG com.beanit.openiec61850.ServerAssociation - Got a GetDataValues request for node: IEDBiogasCHP/T1PTOC0.TmASt.crvPts(26) [DC]
IEDBiogasCHP/T1PTOC0.TmASt.crvPts(26).xVal: 0.0
IEDBiogasCHP/T1PTOC0.TmASt.crvPts(26).yVal: 0.0
14:23:46.800 [openiec61850-osi-server-7-thread-1] DEBUG com.beanit.openiec61850.ServerAssociation - sub BDA is:IEDBiogasCHP/T1PTOC0.TmASt.crvPts(26).xVal: 0.0
14:23:46.800 [openiec61850-osi-server-7-thread-1] DEBUG com.beanit.openiec61850.ServerAssociation - sub BDA is:IEDBiogasCHP/T1PTOC0.TmASt.crvPts(26).yVal: 0.0
calling GetDataValues(IEDBiogasCHP/T1PTOC0.TmASt.crvPts(26).xVal)
14:23:46.801 [openiec61850-osi-server-7-thread-1] DEBUG com.beanit.openiec61850.ServerAssociation - Got a GetDataValues request for node: IEDBiogasCHP/T1PTOC0.TmASt.crvPts(26).xVal: 0.0
calling GetDataValues(IEDBiogasCHP/T1PTOC0.TmASt.crvPts(26).yVal)
14:23:46.801 [openiec61850-osi-server-7-thread-1] DEBUG com.beanit.openiec61850.ServerAssociation - Got a GetDataValues request for node: IEDBiogasCHP/T1PTOC0.TmASt.crvPts(26).yVal: 0.0
calling GetDataValues(IEDBiogasCHP/T1PTOC0.TmASt.crvPts(27))
14:23:46.801 [openiec61850-osi-server-7-thread-1] DEBUG com.beanit.openiec61850.ServerAssociation - Got a GetDataValues request for node: IEDBiogasCHP/T1PTOC0.TmASt.crvPts(27) [DC]
IEDBiogasCHP/T1PTOC0.TmASt.crvPts(27).xVal: 0.0
IEDBiogasCHP/T1PTOC0.TmASt.crvPts(27).yVal: 0.0
14:23:46.801 [openiec61850-osi-server-7-thread-1] DEBUG com.beanit.openiec61850.ServerAssociation - sub BDA is:IEDBiogasCHP/T1PTOC0.TmASt.crvPts(27).xVal: 0.0
14:23:46.801 [openiec61850-osi-server-7-thread-1] DEBUG com.beanit.openiec61850.ServerAssociation - sub BDA is:IEDBiogasCHP/T1PTOC0.TmASt.crvPts(27).yVal: 0.0
calling GetDataValues(IEDBiogasCHP/T1PTOC0.TmASt.crvPts(27).xVal)
14:23:46.801 [openiec61850-osi-server-7-thread-1] DEBUG com.beanit.openiec61850.ServerAssociation - Got a GetDataValues request for node: IEDBiogasCHP/T1PTOC0.TmASt.crvPts(27).xVal: 0.0
calling GetDataValues(IEDBiogasCHP/T1PTOC0.TmASt.crvPts(27).yVal)
14:23:46.801 [openiec61850-osi-server-7-thread-1] DEBUG com.beanit.openiec61850.ServerAssociation - Got a GetDataValues request for node: IEDBiogasCHP/T1PTOC0.TmASt.crvPts(27).yVal: 0.0
calling GetDataValues(IEDBiogasCHP/T1PTOC0.TmASt.crvPts(28))
14:23:46.802 [openiec61850-osi-server-7-thread-1] DEBUG com.beanit.openiec61850.ServerAssociation - Got a GetDataValues request for node: IEDBiogasCHP/T1PTOC0.TmASt.crvPts(28) [DC]
IEDBiogasCHP/T1PTOC0.TmASt.crvPts(28).xVal: 0.0
IEDBiogasCHP/T1PTOC0.TmASt.crvPts(28).yVal: 0.0
14:23:46.802 [openiec61850-osi-server-7-thread-1] DEBUG com.beanit.openiec61850.ServerAssociation - sub BDA is:IEDBiogasCHP/T1PTOC0.TmASt.crvPts(28).xVal: 0.0
14:23:46.802 [openiec61850-osi-server-7-thread-1] DEBUG com.beanit.openiec61850.ServerAssociation - sub BDA is:IEDBiogasCHP/T1PTOC0.TmASt.crvPts(28).yVal: 0.0
calling GetDataValues(IEDBiogasCHP/T1PTOC0.TmASt.crvPts(28).xVal)
14:23:46.802 [openiec61850-osi-server-7-thread-1] DEBUG com.beanit.openiec61850.ServerAssociation - Got a GetDataValues request for node: IEDBiogasCHP/T1PTOC0.TmASt.crvPts(28).xVal: 0.0
calling GetDataValues(IEDBiogasCHP/T1PTOC0.TmASt.crvPts(28).yVal)
14:23:46.802 [openiec61850-osi-server-7-thread-1] DEBUG com.beanit.openiec61850.ServerAssociation - Got a GetDataValues request for node: IEDBiogasCHP/T1PTOC0.TmASt.crvPts(28).yVal: 0.0
calling GetDataValues(IEDBiogasCHP/T1PTOC0.TmASt.crvPts(29))
14:23:46.802 [openiec61850-osi-server-7-thread-1] DEBUG com.beanit.openiec61850.ServerAssociation - Got a GetDataValues request for node: IEDBiogasCHP/T1PTOC0.TmASt.crvPts(29) [DC]
IEDBiogasCHP/T1PTOC0.TmASt.crvPts(29).xVal: 0.0
IEDBiogasCHP/T1PTOC0.TmASt.crvPts(29).yVal: 0.0
14:23:46.802 [openiec61850-osi-server-7-thread-1] DEBUG com.beanit.openiec61850.ServerAssociation - sub BDA is:IEDBiogasCHP/T1PTOC0.TmASt.crvPts(29).xVal: 0.0
14:23:46.802 [openiec61850-osi-server-7-thread-1] DEBUG com.beanit.openiec61850.ServerAssociation - sub BDA is:IEDBiogasCHP/T1PTOC0.TmASt.crvPts(29).yVal: 0.0
calling GetDataValues(IEDBiogasCHP/T1PTOC0.TmASt.crvPts(29).xVal)
14:23:46.802 [openiec61850-osi-server-7-thread-1] DEBUG com.beanit.openiec61850.ServerAssociation - Got a GetDataValues request for node: IEDBiogasCHP/T1PTOC0.TmASt.crvPts(29).xVal: 0.0
calling GetDataValues(IEDBiogasCHP/T1PTOC0.TmASt.crvPts(29).yVal)
14:23:46.802 [openiec61850-osi-server-7-thread-1] DEBUG com.beanit.openiec61850.ServerAssociation - Got a GetDataValues request for node: IEDBiogasCHP/T1PTOC0.TmASt.crvPts(29).yVal: 0.0
calling GetDataValues(IEDBiogasCHP/T1PTOC0.TmASt.crvPts(30))
14:23:46.803 [openiec61850-osi-server-7-thread-1] DEBUG com.beanit.openiec61850.ServerAssociation - Got a GetDataValues request for node: IEDBiogasCHP/T1PTOC0.TmASt.crvPts(30) [DC]
IEDBiogasCHP/T1PTOC0.TmASt.crvPts(30).xVal: 0.0
IEDBiogasCHP/T1PTOC0.TmASt.crvPts(30).yVal: 0.0
14:23:46.803 [openiec61850-osi-server-7-thread-1] DEBUG com.beanit.openiec61850.ServerAssociation - sub BDA is:IEDBiogasCHP/T1PTOC0.TmASt.crvPts(30).xVal: 0.0
14:23:46.803 [openiec61850-osi-server-7-thread-1] DEBUG com.beanit.openiec61850.ServerAssociation - sub BDA is:IEDBiogasCHP/T1PTOC0.TmASt.crvPts(30).yVal: 0.0
calling GetDataValues(IEDBiogasCHP/T1PTOC0.TmASt.crvPts(30).xVal)
14:23:46.803 [openiec61850-osi-server-7-thread-1] DEBUG com.beanit.openiec61850.ServerAssociation - Got a GetDataValues request for node: IEDBiogasCHP/T1PTOC0.TmASt.crvPts(30).xVal: 0.0
calling GetDataValues(IEDBiogasCHP/T1PTOC0.TmASt.crvPts(30).yVal)
14:23:46.803 [openiec61850-osi-server-7-thread-1] DEBUG com.beanit.openiec61850.ServerAssociation - Got a GetDataValues request for node: IEDBiogasCHP/T1PTOC0.TmASt.crvPts(30).yVal: 0.0
calling GetDataValues(IEDBiogasCHP/T1PTOC0.TmASt.crvPts(31))
14:23:46.803 [openiec61850-osi-server-7-thread-1] DEBUG com.beanit.openiec61850.ServerAssociation - Got a GetDataValues request for node: IEDBiogasCHP/T1PTOC0.TmASt.crvPts(31) [DC]
IEDBiogasCHP/T1PTOC0.TmASt.crvPts(31).xVal: 0.0
IEDBiogasCHP/T1PTOC0.TmASt.crvPts(31).yVal: 0.0
14:23:46.803 [openiec61850-osi-server-7-thread-1] DEBUG com.beanit.openiec61850.ServerAssociation - sub BDA is:IEDBiogasCHP/T1PTOC0.TmASt.crvPts(31).xVal: 0.0
14:23:46.803 [openiec61850-osi-server-7-thread-1] DEBUG com.beanit.openiec61850.ServerAssociation - sub BDA is:IEDBiogasCHP/T1PTOC0.TmASt.crvPts(31).yVal: 0.0
calling GetDataValues(IEDBiogasCHP/T1PTOC0.TmASt.crvPts(31).xVal)
14:23:46.803 [openiec61850-osi-server-7-thread-1] DEBUG com.beanit.openiec61850.ServerAssociation - Got a GetDataValues request for node: IEDBiogasCHP/T1PTOC0.TmASt.crvPts(31).xVal: 0.0
calling GetDataValues(IEDBiogasCHP/T1PTOC0.TmASt.crvPts(31).yVal)
14:23:46.803 [openiec61850-osi-server-7-thread-1] DEBUG com.beanit.openiec61850.ServerAssociation - Got a GetDataValues request for node: IEDBiogasCHP/T1PTOC0.TmASt.crvPts(31).yVal: 0.0
calling GetDataValues(IEDBiogasCHP/DSCC1.Mod)
14:23:46.804 [openiec61850-osi-server-7-thread-1] DEBUG com.beanit.openiec61850.ServerAssociation - Got a GetDataValues request for node: IEDBiogasCHP/DSCC1.Mod [ST]
IEDBiogasCHP/DSCC1.Mod.origin [ST]
IEDBiogasCHP/DSCC1.Mod.origin.orCat: 0
IEDBiogasCHP/DSCC1.Mod.origin.orIdent: []
IEDBiogasCHP/DSCC1.Mod.ctlNum: 0
IEDBiogasCHP/DSCC1.Mod.stVal: 0
IEDBiogasCHP/DSCC1.Mod.q: 0x00 0x00
IEDBiogasCHP/DSCC1.Mod.t: Thu Jan 01 01:00:00 CET 1970
IEDBiogasCHP/DSCC1.Mod.stSeld: false
14:23:46.804 [openiec61850-osi-server-7-thread-1] DEBUG com.beanit.openiec61850.ServerAssociation - sub BDA is:IEDBiogasCHP/DSCC1.Mod.origin.orCat: 0
14:23:46.804 [openiec61850-osi-server-7-thread-1] DEBUG com.beanit.openiec61850.ServerAssociation - sub BDA is:IEDBiogasCHP/DSCC1.Mod.origin.orIdent: []
14:23:46.804 [openiec61850-osi-server-7-thread-1] DEBUG com.beanit.openiec61850.ServerAssociation - sub BDA is:IEDBiogasCHP/DSCC1.Mod.ctlNum: 0
14:23:46.804 [openiec61850-osi-server-7-thread-1] DEBUG com.beanit.openiec61850.ServerAssociation - sub BDA is:IEDBiogasCHP/DSCC1.Mod.stVal: 0
14:23:46.804 [openiec61850-osi-server-7-thread-1] DEBUG com.beanit.openiec61850.ServerAssociation - sub BDA is:IEDBiogasCHP/DSCC1.Mod.q: 0x00 0x00
14:23:46.804 [openiec61850-osi-server-7-thread-1] DEBUG com.beanit.openiec61850.ServerAssociation - sub BDA is:IEDBiogasCHP/DSCC1.Mod.t: Thu Jan 01 01:00:00 CET 1970
14:23:46.804 [openiec61850-osi-server-7-thread-1] DEBUG com.beanit.openiec61850.ServerAssociation - sub BDA is:IEDBiogasCHP/DSCC1.Mod.stSeld: false
calling GetDataValues(IEDBiogasCHP/DSCC1.Mod.origin)
14:23:46.804 [openiec61850-osi-server-7-thread-1] DEBUG com.beanit.openiec61850.ServerAssociation - Got a GetDataValues request for node: IEDBiogasCHP/DSCC1.Mod.origin [ST]
IEDBiogasCHP/DSCC1.Mod.origin.orCat: 0
IEDBiogasCHP/DSCC1.Mod.origin.orIdent: []
14:23:46.804 [openiec61850-osi-server-7-thread-1] DEBUG com.beanit.openiec61850.ServerAssociation - sub BDA is:IEDBiogasCHP/DSCC1.Mod.origin.orCat: 0
14:23:46.804 [openiec61850-osi-server-7-thread-1] DEBUG com.beanit.openiec61850.ServerAssociation - sub BDA is:IEDBiogasCHP/DSCC1.Mod.origin.orIdent: []
calling GetDataValues(IEDBiogasCHP/DSCC1.Mod.origin.orCat)
14:23:46.804 [openiec61850-osi-server-7-thread-1] DEBUG com.beanit.openiec61850.ServerAssociation - Got a GetDataValues request for node: IEDBiogasCHP/DSCC1.Mod.origin.orCat: 0
calling GetDataValues(IEDBiogasCHP/DSCC1.Mod.origin.orIdent)
14:23:46.804 [openiec61850-osi-server-7-thread-1] DEBUG com.beanit.openiec61850.ServerAssociation - Got a GetDataValues request for node: IEDBiogasCHP/DSCC1.Mod.origin.orIdent: []
calling GetDataValues(IEDBiogasCHP/DSCC1.Mod.ctlNum)
14:23:46.805 [openiec61850-osi-server-7-thread-1] DEBUG com.beanit.openiec61850.ServerAssociation - Got a GetDataValues request for node: IEDBiogasCHP/DSCC1.Mod.ctlNum: 0
calling GetDataValues(IEDBiogasCHP/DSCC1.Mod.stVal)
14:23:46.805 [openiec61850-osi-server-7-thread-1] DEBUG com.beanit.openiec61850.ServerAssociation - Got a GetDataValues request for node: IEDBiogasCHP/DSCC1.Mod.stVal: 0
calling GetDataValues(IEDBiogasCHP/DSCC1.Mod.q)
14:23:46.805 [openiec61850-osi-server-7-thread-1] DEBUG com.beanit.openiec61850.ServerAssociation - Got a GetDataValues request for node: IEDBiogasCHP/DSCC1.Mod.q: 0x00 0x00
calling GetDataValues(IEDBiogasCHP/DSCC1.Mod.t)
14:23:46.805 [openiec61850-osi-server-7-thread-1] DEBUG com.beanit.openiec61850.ServerAssociation - Got a GetDataValues request for node: IEDBiogasCHP/DSCC1.Mod.t: Thu Jan 01 01:00:00 CET 1970
calling GetDataValues(IEDBiogasCHP/DSCC1.Mod.stSeld)
14:23:46.805 [openiec61850-osi-server-7-thread-1] DEBUG com.beanit.openiec61850.ServerAssociation - Got a GetDataValues request for node: IEDBiogasCHP/DSCC1.Mod.stSeld: false
calling GetDataValues(IEDBiogasCHP/DSCC1.Mod)
14:23:46.805 [openiec61850-osi-server-7-thread-1] DEBUG com.beanit.openiec61850.ServerAssociation - Got a GetDataValues request for node: IEDBiogasCHP/DSCC1.Mod [SV]
IEDBiogasCHP/DSCC1.Mod.subEna: false
IEDBiogasCHP/DSCC1.Mod.subVal: 0
IEDBiogasCHP/DSCC1.Mod.subQ: 0x00 0x00
IEDBiogasCHP/DSCC1.Mod.subID: ''
14:23:46.805 [openiec61850-osi-server-7-thread-1] DEBUG com.beanit.openiec61850.ServerAssociation - sub BDA is:IEDBiogasCHP/DSCC1.Mod.subEna: false
14:23:46.805 [openiec61850-osi-server-7-thread-1] DEBUG com.beanit.openiec61850.ServerAssociation - sub BDA is:IEDBiogasCHP/DSCC1.Mod.subVal: 0
14:23:46.805 [openiec61850-osi-server-7-thread-1] DEBUG com.beanit.openiec61850.ServerAssociation - sub BDA is:IEDBiogasCHP/DSCC1.Mod.subQ: 0x00 0x00
14:23:46.805 [openiec61850-osi-server-7-thread-1] DEBUG com.beanit.openiec61850.ServerAssociation - sub BDA is:IEDBiogasCHP/DSCC1.Mod.subID: ''
calling GetDataValues(IEDBiogasCHP/DSCC1.Mod.subEna)
14:23:46.806 [openiec61850-osi-server-7-thread-1] DEBUG com.beanit.openiec61850.ServerAssociation - Got a GetDataValues request for node: IEDBiogasCHP/DSCC1.Mod.subEna: false
calling GetDataValues(IEDBiogasCHP/DSCC1.Mod.subVal)
14:23:46.806 [openiec61850-osi-server-7-thread-1] DEBUG com.beanit.openiec61850.ServerAssociation - Got a GetDataValues request for node: IEDBiogasCHP/DSCC1.Mod.subVal: 0
calling GetDataValues(IEDBiogasCHP/DSCC1.Mod.subQ)
14:23:46.806 [openiec61850-osi-server-7-thread-1] DEBUG com.beanit.openiec61850.ServerAssociation - Got a GetDataValues request for node: IEDBiogasCHP/DSCC1.Mod.subQ: 0x00 0x00
calling GetDataValues(IEDBiogasCHP/DSCC1.Mod.subID)
14:23:46.806 [openiec61850-osi-server-7-thread-1] DEBUG com.beanit.openiec61850.ServerAssociation - Got a GetDataValues request for node: IEDBiogasCHP/DSCC1.Mod.subID: ''
calling GetDataValues(IEDBiogasCHP/DSCC1.Mod)
14:23:46.806 [openiec61850-osi-server-7-thread-1] DEBUG com.beanit.openiec61850.ServerAssociation - Got a GetDataValues request for node: IEDBiogasCHP/DSCC1.Mod [CF]
IEDBiogasCHP/DSCC1.Mod.ctlModel: 0
IEDBiogasCHP/DSCC1.Mod.sboTimeout: 0
IEDBiogasCHP/DSCC1.Mod.sboClass: 0
IEDBiogasCHP/DSCC1.Mod.minVal: 0
IEDBiogasCHP/DSCC1.Mod.maxVal: 0
IEDBiogasCHP/DSCC1.Mod.stepSize: 0
14:23:46.806 [openiec61850-osi-server-7-thread-1] DEBUG com.beanit.openiec61850.ServerAssociation - sub BDA is:IEDBiogasCHP/DSCC1.Mod.ctlModel: 0
14:23:46.806 [openiec61850-osi-server-7-thread-1] DEBUG com.beanit.openiec61850.ServerAssociation - sub BDA is:IEDBiogasCHP/DSCC1.Mod.sboTimeout: 0
14:23:46.806 [openiec61850-osi-server-7-thread-1] DEBUG com.beanit.openiec61850.ServerAssociation - sub BDA is:IEDBiogasCHP/DSCC1.Mod.sboClass: 0
14:23:46.806 [openiec61850-osi-server-7-thread-1] DEBUG com.beanit.openiec61850.ServerAssociation - sub BDA is:IEDBiogasCHP/DSCC1.Mod.minVal: 0
14:23:46.806 [openiec61850-osi-server-7-thread-1] DEBUG com.beanit.openiec61850.ServerAssociation - sub BDA is:IEDBiogasCHP/DSCC1.Mod.maxVal: 0
14:23:46.806 [openiec61850-osi-server-7-thread-1] DEBUG com.beanit.openiec61850.ServerAssociation - sub BDA is:IEDBiogasCHP/DSCC1.Mod.stepSize: 0
calling GetDataValues(IEDBiogasCHP/DSCC1.Mod.ctlModel)
14:23:46.806 [openiec61850-osi-server-7-thread-1] DEBUG com.beanit.openiec61850.ServerAssociation - Got a GetDataValues request for node: IEDBiogasCHP/DSCC1.Mod.ctlModel: 0
calling GetDataValues(IEDBiogasCHP/DSCC1.Mod.sboTimeout)
14:23:46.806 [openiec61850-osi-server-7-thread-1] DEBUG com.beanit.openiec61850.ServerAssociation - Got a GetDataValues request for node: IEDBiogasCHP/DSCC1.Mod.sboTimeout: 0
calling GetDataValues(IEDBiogasCHP/DSCC1.Mod.sboClass)
14:23:46.807 [openiec61850-osi-server-7-thread-1] DEBUG com.beanit.openiec61850.ServerAssociation - Got a GetDataValues request for node: IEDBiogasCHP/DSCC1.Mod.sboClass: 0
calling GetDataValues(IEDBiogasCHP/DSCC1.Mod.minVal)
14:23:46.807 [openiec61850-osi-server-7-thread-1] DEBUG com.beanit.openiec61850.ServerAssociation - Got a GetDataValues request for node: IEDBiogasCHP/DSCC1.Mod.minVal: 0
calling GetDataValues(IEDBiogasCHP/DSCC1.Mod.maxVal)
14:23:46.807 [openiec61850-osi-server-7-thread-1] DEBUG com.beanit.openiec61850.ServerAssociation - Got a GetDataValues request for node: IEDBiogasCHP/DSCC1.Mod.maxVal: 0
calling GetDataValues(IEDBiogasCHP/DSCC1.Mod.stepSize)
14:23:46.807 [openiec61850-osi-server-7-thread-1] DEBUG com.beanit.openiec61850.ServerAssociation - Got a GetDataValues request for node: IEDBiogasCHP/DSCC1.Mod.stepSize: 0
calling GetDataValues(IEDBiogasCHP/DSCC1.Mod)
14:23:46.807 [openiec61850-osi-server-7-thread-1] DEBUG com.beanit.openiec61850.ServerAssociation - Got a GetDataValues request for node: IEDBiogasCHP/DSCC1.Mod [DC]
IEDBiogasCHP/DSCC1.Mod.d: ''
IEDBiogasCHP/DSCC1.Mod.dU: 
14:23:46.807 [openiec61850-osi-server-7-thread-1] DEBUG com.beanit.openiec61850.ServerAssociation - sub BDA is:IEDBiogasCHP/DSCC1.Mod.d: ''
14:23:46.807 [openiec61850-osi-server-7-thread-1] DEBUG com.beanit.openiec61850.ServerAssociation - sub BDA is:IEDBiogasCHP/DSCC1.Mod.dU: 
calling GetDataValues(IEDBiogasCHP/DSCC1.Mod.d)
14:23:46.807 [openiec61850-osi-server-7-thread-1] DEBUG com.beanit.openiec61850.ServerAssociation - Got a GetDataValues request for node: IEDBiogasCHP/DSCC1.Mod.d: ''
calling GetDataValues(IEDBiogasCHP/DSCC1.Mod.dU)
14:23:46.807 [openiec61850-osi-server-7-thread-1] DEBUG com.beanit.openiec61850.ServerAssociation - Got a GetDataValues request for node: IEDBiogasCHP/DSCC1.Mod.dU: 
calling GetDataValues(IEDBiogasCHP/DSCC1.Mod)
14:23:46.808 [openiec61850-osi-server-7-thread-1] DEBUG com.beanit.openiec61850.ServerAssociation - Got a GetDataValues request for node: IEDBiogasCHP/DSCC1.Mod [EX]
IEDBiogasCHP/DSCC1.Mod.cdcNs: ''
IEDBiogasCHP/DSCC1.Mod.cdcName: ''
IEDBiogasCHP/DSCC1.Mod.dataNs: ''
14:23:46.808 [openiec61850-osi-server-7-thread-1] DEBUG com.beanit.openiec61850.ServerAssociation - sub BDA is:IEDBiogasCHP/DSCC1.Mod.cdcNs: ''
14:23:46.808 [openiec61850-osi-server-7-thread-1] DEBUG com.beanit.openiec61850.ServerAssociation - sub BDA is:IEDBiogasCHP/DSCC1.Mod.cdcName: ''
14:23:46.808 [openiec61850-osi-server-7-thread-1] DEBUG com.beanit.openiec61850.ServerAssociation - sub BDA is:IEDBiogasCHP/DSCC1.Mod.dataNs: ''
calling GetDataValues(IEDBiogasCHP/DSCC1.Mod.cdcNs)
14:23:46.808 [openiec61850-osi-server-7-thread-1] DEBUG com.beanit.openiec61850.ServerAssociation - Got a GetDataValues request for node: IEDBiogasCHP/DSCC1.Mod.cdcNs: ''
calling GetDataValues(IEDBiogasCHP/DSCC1.Mod.cdcName)
14:23:46.808 [openiec61850-osi-server-7-thread-1] DEBUG com.beanit.openiec61850.ServerAssociation - Got a GetDataValues request for node: IEDBiogasCHP/DSCC1.Mod.cdcName: ''
calling GetDataValues(IEDBiogasCHP/DSCC1.Mod.dataNs)
14:23:46.808 [openiec61850-osi-server-7-thread-1] DEBUG com.beanit.openiec61850.ServerAssociation - Got a GetDataValues request for node: IEDBiogasCHP/DSCC1.Mod.dataNs: ''
calling GetDataValues(IEDBiogasCHP/DSCC1.Beh)
14:23:46.808 [openiec61850-osi-server-7-thread-1] DEBUG com.beanit.openiec61850.ServerAssociation - Got a GetDataValues request for node: IEDBiogasCHP/DSCC1.Beh [ST]
IEDBiogasCHP/DSCC1.Beh.stVal: 0
IEDBiogasCHP/DSCC1.Beh.q: 0x00 0x00
IEDBiogasCHP/DSCC1.Beh.t: Thu Jan 01 01:00:00 CET 1970
14:23:46.808 [openiec61850-osi-server-7-thread-1] DEBUG com.beanit.openiec61850.ServerAssociation - sub BDA is:IEDBiogasCHP/DSCC1.Beh.stVal: 0
14:23:46.808 [openiec61850-osi-server-7-thread-1] DEBUG com.beanit.openiec61850.ServerAssociation - sub BDA is:IEDBiogasCHP/DSCC1.Beh.q: 0x00 0x00
14:23:46.808 [openiec61850-osi-server-7-thread-1] DEBUG com.beanit.openiec61850.ServerAssociation - sub BDA is:IEDBiogasCHP/DSCC1.Beh.t: Thu Jan 01 01:00:00 CET 1970
calling GetDataValues(IEDBiogasCHP/DSCC1.Beh.stVal)
14:23:46.808 [openiec61850-osi-server-7-thread-1] DEBUG com.beanit.openiec61850.ServerAssociation - Got a GetDataValues request for node: IEDBiogasCHP/DSCC1.Beh.stVal: 0
calling GetDataValues(IEDBiogasCHP/DSCC1.Beh.q)
14:23:46.809 [openiec61850-osi-server-7-thread-1] DEBUG com.beanit.openiec61850.ServerAssociation - Got a GetDataValues request for node: IEDBiogasCHP/DSCC1.Beh.q: 0x00 0x00
calling GetDataValues(IEDBiogasCHP/DSCC1.Beh.t)
14:23:46.809 [openiec61850-osi-server-7-thread-1] DEBUG com.beanit.openiec61850.ServerAssociation - Got a GetDataValues request for node: IEDBiogasCHP/DSCC1.Beh.t: Thu Jan 01 01:00:00 CET 1970
calling GetDataValues(IEDBiogasCHP/DSCC1.Beh)
14:23:46.809 [openiec61850-osi-server-7-thread-1] DEBUG com.beanit.openiec61850.ServerAssociation - Got a GetDataValues request for node: IEDBiogasCHP/DSCC1.Beh [SV]
IEDBiogasCHP/DSCC1.Beh.subEna: false
IEDBiogasCHP/DSCC1.Beh.subVal: 0
IEDBiogasCHP/DSCC1.Beh.subQ: 0x00 0x00
IEDBiogasCHP/DSCC1.Beh.subID: ''
14:23:46.809 [openiec61850-osi-server-7-thread-1] DEBUG com.beanit.openiec61850.ServerAssociation - sub BDA is:IEDBiogasCHP/DSCC1.Beh.subEna: false
14:23:46.809 [openiec61850-osi-server-7-thread-1] DEBUG com.beanit.openiec61850.ServerAssociation - sub BDA is:IEDBiogasCHP/DSCC1.Beh.subVal: 0
14:23:46.809 [openiec61850-osi-server-7-thread-1] DEBUG com.beanit.openiec61850.ServerAssociation - sub BDA is:IEDBiogasCHP/DSCC1.Beh.subQ: 0x00 0x00
14:23:46.809 [openiec61850-osi-server-7-thread-1] DEBUG com.beanit.openiec61850.ServerAssociation - sub BDA is:IEDBiogasCHP/DSCC1.Beh.subID: ''
calling GetDataValues(IEDBiogasCHP/DSCC1.Beh.subEna)
14:23:46.809 [openiec61850-osi-server-7-thread-1] DEBUG com.beanit.openiec61850.ServerAssociation - Got a GetDataValues request for node: IEDBiogasCHP/DSCC1.Beh.subEna: false
calling GetDataValues(IEDBiogasCHP/DSCC1.Beh.subVal)
14:23:46.809 [openiec61850-osi-server-7-thread-1] DEBUG com.beanit.openiec61850.ServerAssociation - Got a GetDataValues request for node: IEDBiogasCHP/DSCC1.Beh.subVal: 0
calling GetDataValues(IEDBiogasCHP/DSCC1.Beh.subQ)
14:23:46.809 [openiec61850-osi-server-7-thread-1] DEBUG com.beanit.openiec61850.ServerAssociation - Got a GetDataValues request for node: IEDBiogasCHP/DSCC1.Beh.subQ: 0x00 0x00
calling GetDataValues(IEDBiogasCHP/DSCC1.Beh.subID)
14:23:46.809 [openiec61850-osi-server-7-thread-1] DEBUG com.beanit.openiec61850.ServerAssociation - Got a GetDataValues request for node: IEDBiogasCHP/DSCC1.Beh.subID: ''
calling GetDataValues(IEDBiogasCHP/DSCC1.Beh)
14:23:46.810 [openiec61850-osi-server-7-thread-1] DEBUG com.beanit.openiec61850.ServerAssociation - Got a GetDataValues request for node: IEDBiogasCHP/DSCC1.Beh [DC]
IEDBiogasCHP/DSCC1.Beh.d: ''
IEDBiogasCHP/DSCC1.Beh.dU: 
14:23:46.810 [openiec61850-osi-server-7-thread-1] DEBUG com.beanit.openiec61850.ServerAssociation - sub BDA is:IEDBiogasCHP/DSCC1.Beh.d: ''
14:23:46.810 [openiec61850-osi-server-7-thread-1] DEBUG com.beanit.openiec61850.ServerAssociation - sub BDA is:IEDBiogasCHP/DSCC1.Beh.dU: 
calling GetDataValues(IEDBiogasCHP/DSCC1.Beh.d)
14:23:46.810 [openiec61850-osi-server-7-thread-1] DEBUG com.beanit.openiec61850.ServerAssociation - Got a GetDataValues request for node: IEDBiogasCHP/DSCC1.Beh.d: ''
calling GetDataValues(IEDBiogasCHP/DSCC1.Beh.dU)
14:23:46.810 [openiec61850-osi-server-7-thread-1] DEBUG com.beanit.openiec61850.ServerAssociation - Got a GetDataValues request for node: IEDBiogasCHP/DSCC1.Beh.dU: 
calling GetDataValues(IEDBiogasCHP/DSCC1.Beh)
14:23:46.810 [openiec61850-osi-server-7-thread-1] DEBUG com.beanit.openiec61850.ServerAssociation - Got a GetDataValues request for node: IEDBiogasCHP/DSCC1.Beh [EX]
IEDBiogasCHP/DSCC1.Beh.cdcNs: ''
IEDBiogasCHP/DSCC1.Beh.cdcName: ''
IEDBiogasCHP/DSCC1.Beh.dataNs: ''
14:23:46.810 [openiec61850-osi-server-7-thread-1] DEBUG com.beanit.openiec61850.ServerAssociation - sub BDA is:IEDBiogasCHP/DSCC1.Beh.cdcNs: ''
14:23:46.810 [openiec61850-osi-server-7-thread-1] DEBUG com.beanit.openiec61850.ServerAssociation - sub BDA is:IEDBiogasCHP/DSCC1.Beh.cdcName: ''
14:23:46.810 [openiec61850-osi-server-7-thread-1] DEBUG com.beanit.openiec61850.ServerAssociation - sub BDA is:IEDBiogasCHP/DSCC1.Beh.dataNs: ''
calling GetDataValues(IEDBiogasCHP/DSCC1.Beh.cdcNs)
14:23:46.810 [openiec61850-osi-server-7-thread-1] DEBUG com.beanit.openiec61850.ServerAssociation - Got a GetDataValues request for node: IEDBiogasCHP/DSCC1.Beh.cdcNs: ''
calling GetDataValues(IEDBiogasCHP/DSCC1.Beh.cdcName)
14:23:46.810 [openiec61850-osi-server-7-thread-1] DEBUG com.beanit.openiec61850.ServerAssociation - Got a GetDataValues request for node: IEDBiogasCHP/DSCC1.Beh.cdcName: ''
calling GetDataValues(IEDBiogasCHP/DSCC1.Beh.dataNs)
14:23:46.810 [openiec61850-osi-server-7-thread-1] DEBUG com.beanit.openiec61850.ServerAssociation - Got a GetDataValues request for node: IEDBiogasCHP/DSCC1.Beh.dataNs: ''
calling GetDataValues(IEDBiogasCHP/DSCC1.Health)
14:23:46.811 [openiec61850-osi-server-7-thread-1] DEBUG com.beanit.openiec61850.ServerAssociation - Got a GetDataValues request for node: IEDBiogasCHP/DSCC1.Health [ST]
IEDBiogasCHP/DSCC1.Health.stVal: 0
IEDBiogasCHP/DSCC1.Health.q: 0x00 0x00
IEDBiogasCHP/DSCC1.Health.t: Thu Jan 01 01:00:00 CET 1970
14:23:46.811 [openiec61850-osi-server-7-thread-1] DEBUG com.beanit.openiec61850.ServerAssociation - sub BDA is:IEDBiogasCHP/DSCC1.Health.stVal: 0
14:23:46.811 [openiec61850-osi-server-7-thread-1] DEBUG com.beanit.openiec61850.ServerAssociation - sub BDA is:IEDBiogasCHP/DSCC1.Health.q: 0x00 0x00
14:23:46.811 [openiec61850-osi-server-7-thread-1] DEBUG com.beanit.openiec61850.ServerAssociation - sub BDA is:IEDBiogasCHP/DSCC1.Health.t: Thu Jan 01 01:00:00 CET 1970
calling GetDataValues(IEDBiogasCHP/DSCC1.Health.stVal)
14:23:46.811 [openiec61850-osi-server-7-thread-1] DEBUG com.beanit.openiec61850.ServerAssociation - Got a GetDataValues request for node: IEDBiogasCHP/DSCC1.Health.stVal: 0
calling GetDataValues(IEDBiogasCHP/DSCC1.Health.q)
14:23:46.811 [openiec61850-osi-server-7-thread-1] DEBUG com.beanit.openiec61850.ServerAssociation - Got a GetDataValues request for node: IEDBiogasCHP/DSCC1.Health.q: 0x00 0x00
calling GetDataValues(IEDBiogasCHP/DSCC1.Health.t)
14:23:46.811 [openiec61850-osi-server-7-thread-1] DEBUG com.beanit.openiec61850.ServerAssociation - Got a GetDataValues request for node: IEDBiogasCHP/DSCC1.Health.t: Thu Jan 01 01:00:00 CET 1970
calling GetDataValues(IEDBiogasCHP/DSCC1.Health)
14:23:46.811 [openiec61850-osi-server-7-thread-1] DEBUG com.beanit.openiec61850.ServerAssociation - Got a GetDataValues request for node: IEDBiogasCHP/DSCC1.Health [SV]
IEDBiogasCHP/DSCC1.Health.subEna: false
IEDBiogasCHP/DSCC1.Health.subVal: 0
IEDBiogasCHP/DSCC1.Health.subQ: 0x00 0x00
IEDBiogasCHP/DSCC1.Health.subID: ''
14:23:46.811 [openiec61850-osi-server-7-thread-1] DEBUG com.beanit.openiec61850.ServerAssociation - sub BDA is:IEDBiogasCHP/DSCC1.Health.subEna: false
14:23:46.811 [openiec61850-osi-server-7-thread-1] DEBUG com.beanit.openiec61850.ServerAssociation - sub BDA is:IEDBiogasCHP/DSCC1.Health.subVal: 0
14:23:46.811 [openiec61850-osi-server-7-thread-1] DEBUG com.beanit.openiec61850.ServerAssociation - sub BDA is:IEDBiogasCHP/DSCC1.Health.subQ: 0x00 0x00
14:23:46.811 [openiec61850-osi-server-7-thread-1] DEBUG com.beanit.openiec61850.ServerAssociation - sub BDA is:IEDBiogasCHP/DSCC1.Health.subID: ''
calling GetDataValues(IEDBiogasCHP/DSCC1.Health.subEna)
14:23:46.811 [openiec61850-osi-server-7-thread-1] DEBUG com.beanit.openiec61850.ServerAssociation - Got a GetDataValues request for node: IEDBiogasCHP/DSCC1.Health.subEna: false
calling GetDataValues(IEDBiogasCHP/DSCC1.Health.subVal)
14:23:46.812 [openiec61850-osi-server-7-thread-1] DEBUG com.beanit.openiec61850.ServerAssociation - Got a GetDataValues request for node: IEDBiogasCHP/DSCC1.Health.subVal: 0
calling GetDataValues(IEDBiogasCHP/DSCC1.Health.subQ)
14:23:46.812 [openiec61850-osi-server-7-thread-1] DEBUG com.beanit.openiec61850.ServerAssociation - Got a GetDataValues request for node: IEDBiogasCHP/DSCC1.Health.subQ: 0x00 0x00
calling GetDataValues(IEDBiogasCHP/DSCC1.Health.subID)
14:23:46.812 [openiec61850-osi-server-7-thread-1] DEBUG com.beanit.openiec61850.ServerAssociation - Got a GetDataValues request for node: IEDBiogasCHP/DSCC1.Health.subID: ''
calling GetDataValues(IEDBiogasCHP/DSCC1.Health)
14:23:46.812 [openiec61850-osi-server-7-thread-1] DEBUG com.beanit.openiec61850.ServerAssociation - Got a GetDataValues request for node: IEDBiogasCHP/DSCC1.Health [DC]
IEDBiogasCHP/DSCC1.Health.d: ''
IEDBiogasCHP/DSCC1.Health.dU: 
14:23:46.812 [openiec61850-osi-server-7-thread-1] DEBUG com.beanit.openiec61850.ServerAssociation - sub BDA is:IEDBiogasCHP/DSCC1.Health.d: ''
14:23:46.812 [openiec61850-osi-server-7-thread-1] DEBUG com.beanit.openiec61850.ServerAssociation - sub BDA is:IEDBiogasCHP/DSCC1.Health.dU: 
calling GetDataValues(IEDBiogasCHP/DSCC1.Health.d)
14:23:46.812 [openiec61850-osi-server-7-thread-1] DEBUG com.beanit.openiec61850.ServerAssociation - Got a GetDataValues request for node: IEDBiogasCHP/DSCC1.Health.d: ''
calling GetDataValues(IEDBiogasCHP/DSCC1.Health.dU)
14:23:46.812 [openiec61850-osi-server-7-thread-1] DEBUG com.beanit.openiec61850.ServerAssociation - Got a GetDataValues request for node: IEDBiogasCHP/DSCC1.Health.dU: 
calling GetDataValues(IEDBiogasCHP/DSCC1.Health)
14:23:46.813 [openiec61850-osi-server-7-thread-1] DEBUG com.beanit.openiec61850.ServerAssociation - Got a GetDataValues request for node: IEDBiogasCHP/DSCC1.Health [EX]
IEDBiogasCHP/DSCC1.Health.cdcNs: ''
IEDBiogasCHP/DSCC1.Health.cdcName: ''
IEDBiogasCHP/DSCC1.Health.dataNs: ''
14:23:46.813 [openiec61850-osi-server-7-thread-1] DEBUG com.beanit.openiec61850.ServerAssociation - sub BDA is:IEDBiogasCHP/DSCC1.Health.cdcNs: ''
14:23:46.813 [openiec61850-osi-server-7-thread-1] DEBUG com.beanit.openiec61850.ServerAssociation - sub BDA is:IEDBiogasCHP/DSCC1.Health.cdcName: ''
14:23:46.813 [openiec61850-osi-server-7-thread-1] DEBUG com.beanit.openiec61850.ServerAssociation - sub BDA is:IEDBiogasCHP/DSCC1.Health.dataNs: ''
calling GetDataValues(IEDBiogasCHP/DSCC1.Health.cdcNs)
14:23:46.813 [openiec61850-osi-server-7-thread-1] DEBUG com.beanit.openiec61850.ServerAssociation - Got a GetDataValues request for node: IEDBiogasCHP/DSCC1.Health.cdcNs: ''
calling GetDataValues(IEDBiogasCHP/DSCC1.Health.cdcName)
14:23:46.813 [openiec61850-osi-server-7-thread-1] DEBUG com.beanit.openiec61850.ServerAssociation - Got a GetDataValues request for node: IEDBiogasCHP/DSCC1.Health.cdcName: ''
calling GetDataValues(IEDBiogasCHP/DSCC1.Health.dataNs)
14:23:46.813 [openiec61850-osi-server-7-thread-1] DEBUG com.beanit.openiec61850.ServerAssociation - Got a GetDataValues request for node: IEDBiogasCHP/DSCC1.Health.dataNs: ''
calling GetDataValues(IEDBiogasCHP/DSCC1.NamPlt)
14:23:46.813 [openiec61850-osi-server-7-thread-1] DEBUG com.beanit.openiec61850.ServerAssociation - Got a GetDataValues request for node: IEDBiogasCHP/DSCC1.NamPlt [DC]
IEDBiogasCHP/DSCC1.NamPlt.vendor: ''
IEDBiogasCHP/DSCC1.NamPlt.swRev: ''
IEDBiogasCHP/DSCC1.NamPlt.d: ''
IEDBiogasCHP/DSCC1.NamPlt.dU: 
IEDBiogasCHP/DSCC1.NamPlt.configRev: ''
14:23:46.813 [openiec61850-osi-server-7-thread-1] DEBUG com.beanit.openiec61850.ServerAssociation - sub BDA is:IEDBiogasCHP/DSCC1.NamPlt.vendor: ''
14:23:46.813 [openiec61850-osi-server-7-thread-1] DEBUG com.beanit.openiec61850.ServerAssociation - sub BDA is:IEDBiogasCHP/DSCC1.NamPlt.swRev: ''
14:23:46.813 [openiec61850-osi-server-7-thread-1] DEBUG com.beanit.openiec61850.ServerAssociation - sub BDA is:IEDBiogasCHP/DSCC1.NamPlt.d: ''
14:23:46.813 [openiec61850-osi-server-7-thread-1] DEBUG com.beanit.openiec61850.ServerAssociation - sub BDA is:IEDBiogasCHP/DSCC1.NamPlt.dU: 
14:23:46.813 [openiec61850-osi-server-7-thread-1] DEBUG com.beanit.openiec61850.ServerAssociation - sub BDA is:IEDBiogasCHP/DSCC1.NamPlt.configRev: ''
calling GetDataValues(IEDBiogasCHP/DSCC1.NamPlt.vendor)
14:23:46.813 [openiec61850-osi-server-7-thread-1] DEBUG com.beanit.openiec61850.ServerAssociation - Got a GetDataValues request for node: IEDBiogasCHP/DSCC1.NamPlt.vendor: ''
calling GetDataValues(IEDBiogasCHP/DSCC1.NamPlt.swRev)
14:23:46.813 [openiec61850-osi-server-7-thread-1] DEBUG com.beanit.openiec61850.ServerAssociation - Got a GetDataValues request for node: IEDBiogasCHP/DSCC1.NamPlt.swRev: ''
calling GetDataValues(IEDBiogasCHP/DSCC1.NamPlt.d)
14:23:46.814 [openiec61850-osi-server-7-thread-1] DEBUG com.beanit.openiec61850.ServerAssociation - Got a GetDataValues request for node: IEDBiogasCHP/DSCC1.NamPlt.d: ''
calling GetDataValues(IEDBiogasCHP/DSCC1.NamPlt.dU)
14:23:46.814 [openiec61850-osi-server-7-thread-1] DEBUG com.beanit.openiec61850.ServerAssociation - Got a GetDataValues request for node: IEDBiogasCHP/DSCC1.NamPlt.dU: 
calling GetDataValues(IEDBiogasCHP/DSCC1.NamPlt.configRev)
14:23:46.814 [openiec61850-osi-server-7-thread-1] DEBUG com.beanit.openiec61850.ServerAssociation - Got a GetDataValues request for node: IEDBiogasCHP/DSCC1.NamPlt.configRev: ''
calling GetDataValues(IEDBiogasCHP/DSCC1.NamPlt)
14:23:46.814 [openiec61850-osi-server-7-thread-1] DEBUG com.beanit.openiec61850.ServerAssociation - Got a GetDataValues request for node: IEDBiogasCHP/DSCC1.NamPlt [EX]
IEDBiogasCHP/DSCC1.NamPlt.ldNs: ''
IEDBiogasCHP/DSCC1.NamPlt.lnNs: ''
IEDBiogasCHP/DSCC1.NamPlt.cdcNs: ''
IEDBiogasCHP/DSCC1.NamPlt.cdcName: ''
IEDBiogasCHP/DSCC1.NamPlt.dataNs: ''
14:23:46.814 [openiec61850-osi-server-7-thread-1] DEBUG com.beanit.openiec61850.ServerAssociation - sub BDA is:IEDBiogasCHP/DSCC1.NamPlt.ldNs: ''
14:23:46.814 [openiec61850-osi-server-7-thread-1] DEBUG com.beanit.openiec61850.ServerAssociation - sub BDA is:IEDBiogasCHP/DSCC1.NamPlt.lnNs: ''
14:23:46.814 [openiec61850-osi-server-7-thread-1] DEBUG com.beanit.openiec61850.ServerAssociation - sub BDA is:IEDBiogasCHP/DSCC1.NamPlt.cdcNs: ''
14:23:46.814 [openiec61850-osi-server-7-thread-1] DEBUG com.beanit.openiec61850.ServerAssociation - sub BDA is:IEDBiogasCHP/DSCC1.NamPlt.cdcName: ''
14:23:46.814 [openiec61850-osi-server-7-thread-1] DEBUG com.beanit.openiec61850.ServerAssociation - sub BDA is:IEDBiogasCHP/DSCC1.NamPlt.dataNs: ''
calling GetDataValues(IEDBiogasCHP/DSCC1.NamPlt.ldNs)
14:23:46.814 [openiec61850-osi-server-7-thread-1] DEBUG com.beanit.openiec61850.ServerAssociation - Got a GetDataValues request for node: IEDBiogasCHP/DSCC1.NamPlt.ldNs: ''
calling GetDataValues(IEDBiogasCHP/DSCC1.NamPlt.lnNs)
14:23:46.814 [openiec61850-osi-server-7-thread-1] DEBUG com.beanit.openiec61850.ServerAssociation - Got a GetDataValues request for node: IEDBiogasCHP/DSCC1.NamPlt.lnNs: ''
calling GetDataValues(IEDBiogasCHP/DSCC1.NamPlt.cdcNs)
14:23:46.814 [openiec61850-osi-server-7-thread-1] DEBUG com.beanit.openiec61850.ServerAssociation - Got a GetDataValues request for node: IEDBiogasCHP/DSCC1.NamPlt.cdcNs: ''
calling GetDataValues(IEDBiogasCHP/DSCC1.NamPlt.cdcName)
14:23:46.815 [openiec61850-osi-server-7-thread-1] DEBUG com.beanit.openiec61850.ServerAssociation - Got a GetDataValues request for node: IEDBiogasCHP/DSCC1.NamPlt.cdcName: ''
calling GetDataValues(IEDBiogasCHP/DSCC1.NamPlt.dataNs)
14:23:46.815 [openiec61850-osi-server-7-thread-1] DEBUG com.beanit.openiec61850.ServerAssociation - Got a GetDataValues request for node: IEDBiogasCHP/DSCC1.NamPlt.dataNs: ''
calling GetDataValues(IEDBiogasCHP/DSCC1.ActWSchd)
14:23:46.815 [openiec61850-osi-server-7-thread-1] DEBUG com.beanit.openiec61850.ServerAssociation - Got a GetDataValues request for node: IEDBiogasCHP/DSCC1.ActWSchd [ST]
IEDBiogasCHP/DSCC1.ActWSchd.origin [ST]
IEDBiogasCHP/DSCC1.ActWSchd.origin.orCat: 0
IEDBiogasCHP/DSCC1.ActWSchd.origin.orIdent: []
IEDBiogasCHP/DSCC1.ActWSchd.ctlNum: 0
IEDBiogasCHP/DSCC1.ActWSchd.stVal: 0
IEDBiogasCHP/DSCC1.ActWSchd.q: 0x00 0x00
IEDBiogasCHP/DSCC1.ActWSchd.t: Thu Jan 01 01:00:00 CET 1970
IEDBiogasCHP/DSCC1.ActWSchd.stSeld: false
14:23:46.815 [openiec61850-osi-server-7-thread-1] DEBUG com.beanit.openiec61850.ServerAssociation - sub BDA is:IEDBiogasCHP/DSCC1.ActWSchd.origin.orCat: 0
14:23:46.815 [openiec61850-osi-server-7-thread-1] DEBUG com.beanit.openiec61850.ServerAssociation - sub BDA is:IEDBiogasCHP/DSCC1.ActWSchd.origin.orIdent: []
14:23:46.815 [openiec61850-osi-server-7-thread-1] DEBUG com.beanit.openiec61850.ServerAssociation - sub BDA is:IEDBiogasCHP/DSCC1.ActWSchd.ctlNum: 0
14:23:46.815 [openiec61850-osi-server-7-thread-1] DEBUG com.beanit.openiec61850.ServerAssociation - sub BDA is:IEDBiogasCHP/DSCC1.ActWSchd.stVal: 0
14:23:46.815 [openiec61850-osi-server-7-thread-1] DEBUG com.beanit.openiec61850.ServerAssociation - sub BDA is:IEDBiogasCHP/DSCC1.ActWSchd.q: 0x00 0x00
14:23:46.815 [openiec61850-osi-server-7-thread-1] DEBUG com.beanit.openiec61850.ServerAssociation - sub BDA is:IEDBiogasCHP/DSCC1.ActWSchd.t: Thu Jan 01 01:00:00 CET 1970
14:23:46.815 [openiec61850-osi-server-7-thread-1] DEBUG com.beanit.openiec61850.ServerAssociation - sub BDA is:IEDBiogasCHP/DSCC1.ActWSchd.stSeld: false
calling GetDataValues(IEDBiogasCHP/DSCC1.ActWSchd.origin)
14:23:46.815 [openiec61850-osi-server-7-thread-1] DEBUG com.beanit.openiec61850.ServerAssociation - Got a GetDataValues request for node: IEDBiogasCHP/DSCC1.ActWSchd.origin [ST]
IEDBiogasCHP/DSCC1.ActWSchd.origin.orCat: 0
IEDBiogasCHP/DSCC1.ActWSchd.origin.orIdent: []
14:23:46.815 [openiec61850-osi-server-7-thread-1] DEBUG com.beanit.openiec61850.ServerAssociation - sub BDA is:IEDBiogasCHP/DSCC1.ActWSchd.origin.orCat: 0
14:23:46.815 [openiec61850-osi-server-7-thread-1] DEBUG com.beanit.openiec61850.ServerAssociation - sub BDA is:IEDBiogasCHP/DSCC1.ActWSchd.origin.orIdent: []
calling GetDataValues(IEDBiogasCHP/DSCC1.ActWSchd.origin.orCat)
14:23:46.815 [openiec61850-osi-server-7-thread-1] DEBUG com.beanit.openiec61850.ServerAssociation - Got a GetDataValues request for node: IEDBiogasCHP/DSCC1.ActWSchd.origin.orCat: 0
calling GetDataValues(IEDBiogasCHP/DSCC1.ActWSchd.origin.orIdent)
14:23:46.816 [openiec61850-osi-server-7-thread-1] DEBUG com.beanit.openiec61850.ServerAssociation - Got a GetDataValues request for node: IEDBiogasCHP/DSCC1.ActWSchd.origin.orIdent: []
calling GetDataValues(IEDBiogasCHP/DSCC1.ActWSchd.ctlNum)
14:23:46.816 [openiec61850-osi-server-7-thread-1] DEBUG com.beanit.openiec61850.ServerAssociation - Got a GetDataValues request for node: IEDBiogasCHP/DSCC1.ActWSchd.ctlNum: 0
calling GetDataValues(IEDBiogasCHP/DSCC1.ActWSchd.stVal)
14:23:46.816 [openiec61850-osi-server-7-thread-1] DEBUG com.beanit.openiec61850.ServerAssociation - Got a GetDataValues request for node: IEDBiogasCHP/DSCC1.ActWSchd.stVal: 0
calling GetDataValues(IEDBiogasCHP/DSCC1.ActWSchd.q)
14:23:46.816 [openiec61850-osi-server-7-thread-1] DEBUG com.beanit.openiec61850.ServerAssociation - Got a GetDataValues request for node: IEDBiogasCHP/DSCC1.ActWSchd.q: 0x00 0x00
calling GetDataValues(IEDBiogasCHP/DSCC1.ActWSchd.t)
14:23:46.816 [openiec61850-osi-server-7-thread-1] DEBUG com.beanit.openiec61850.ServerAssociation - Got a GetDataValues request for node: IEDBiogasCHP/DSCC1.ActWSchd.t: Thu Jan 01 01:00:00 CET 1970
calling GetDataValues(IEDBiogasCHP/DSCC1.ActWSchd.stSeld)
14:23:46.816 [openiec61850-osi-server-7-thread-1] DEBUG com.beanit.openiec61850.ServerAssociation - Got a GetDataValues request for node: IEDBiogasCHP/DSCC1.ActWSchd.stSeld: false
calling GetDataValues(IEDBiogasCHP/DSCC1.ActWSchd)
14:23:46.816 [openiec61850-osi-server-7-thread-1] DEBUG com.beanit.openiec61850.ServerAssociation - Got a GetDataValues request for node: IEDBiogasCHP/DSCC1.ActWSchd [SV]
IEDBiogasCHP/DSCC1.ActWSchd.subEna: false
IEDBiogasCHP/DSCC1.ActWSchd.subVal: 0
IEDBiogasCHP/DSCC1.ActWSchd.subQ: 0x00 0x00
IEDBiogasCHP/DSCC1.ActWSchd.subID: ''
14:23:46.816 [openiec61850-osi-server-7-thread-1] DEBUG com.beanit.openiec61850.ServerAssociation - sub BDA is:IEDBiogasCHP/DSCC1.ActWSchd.subEna: false
14:23:46.816 [openiec61850-osi-server-7-thread-1] DEBUG com.beanit.openiec61850.ServerAssociation - sub BDA is:IEDBiogasCHP/DSCC1.ActWSchd.subVal: 0
14:23:46.816 [openiec61850-osi-server-7-thread-1] DEBUG com.beanit.openiec61850.ServerAssociation - sub BDA is:IEDBiogasCHP/DSCC1.ActWSchd.subQ: 0x00 0x00
14:23:46.817 [openiec61850-osi-server-7-thread-1] DEBUG com.beanit.openiec61850.ServerAssociation - sub BDA is:IEDBiogasCHP/DSCC1.ActWSchd.subID: ''
calling GetDataValues(IEDBiogasCHP/DSCC1.ActWSchd.subEna)
14:23:46.817 [openiec61850-osi-server-7-thread-1] DEBUG com.beanit.openiec61850.ServerAssociation - Got a GetDataValues request for node: IEDBiogasCHP/DSCC1.ActWSchd.subEna: false
calling GetDataValues(IEDBiogasCHP/DSCC1.ActWSchd.subVal)
14:23:46.817 [openiec61850-osi-server-7-thread-1] DEBUG com.beanit.openiec61850.ServerAssociation - Got a GetDataValues request for node: IEDBiogasCHP/DSCC1.ActWSchd.subVal: 0
calling GetDataValues(IEDBiogasCHP/DSCC1.ActWSchd.subQ)
14:23:46.817 [openiec61850-osi-server-7-thread-1] DEBUG com.beanit.openiec61850.ServerAssociation - Got a GetDataValues request for node: IEDBiogasCHP/DSCC1.ActWSchd.subQ: 0x00 0x00
calling GetDataValues(IEDBiogasCHP/DSCC1.ActWSchd.subID)
14:23:46.817 [openiec61850-osi-server-7-thread-1] DEBUG com.beanit.openiec61850.ServerAssociation - Got a GetDataValues request for node: IEDBiogasCHP/DSCC1.ActWSchd.subID: ''
calling GetDataValues(IEDBiogasCHP/DSCC1.ActWSchd)
14:23:46.817 [openiec61850-osi-server-7-thread-1] DEBUG com.beanit.openiec61850.ServerAssociation - Got a GetDataValues request for node: IEDBiogasCHP/DSCC1.ActWSchd [CF]
IEDBiogasCHP/DSCC1.ActWSchd.ctlModel: 0
IEDBiogasCHP/DSCC1.ActWSchd.sboTimeout: 0
IEDBiogasCHP/DSCC1.ActWSchd.sboClass: 0
IEDBiogasCHP/DSCC1.ActWSchd.minVal: 0
IEDBiogasCHP/DSCC1.ActWSchd.maxVal: 0
IEDBiogasCHP/DSCC1.ActWSchd.stepSize: 0
14:23:46.817 [openiec61850-osi-server-7-thread-1] DEBUG com.beanit.openiec61850.ServerAssociation - sub BDA is:IEDBiogasCHP/DSCC1.ActWSchd.ctlModel: 0
14:23:46.817 [openiec61850-osi-server-7-thread-1] DEBUG com.beanit.openiec61850.ServerAssociation - sub BDA is:IEDBiogasCHP/DSCC1.ActWSchd.sboTimeout: 0
14:23:46.817 [openiec61850-osi-server-7-thread-1] DEBUG com.beanit.openiec61850.ServerAssociation - sub BDA is:IEDBiogasCHP/DSCC1.ActWSchd.sboClass: 0
14:23:46.817 [openiec61850-osi-server-7-thread-1] DEBUG com.beanit.openiec61850.ServerAssociation - sub BDA is:IEDBiogasCHP/DSCC1.ActWSchd.minVal: 0
14:23:46.817 [openiec61850-osi-server-7-thread-1] DEBUG com.beanit.openiec61850.ServerAssociation - sub BDA is:IEDBiogasCHP/DSCC1.ActWSchd.maxVal: 0
14:23:46.817 [openiec61850-osi-server-7-thread-1] DEBUG com.beanit.openiec61850.ServerAssociation - sub BDA is:IEDBiogasCHP/DSCC1.ActWSchd.stepSize: 0
calling GetDataValues(IEDBiogasCHP/DSCC1.ActWSchd.ctlModel)
14:23:46.818 [openiec61850-osi-server-7-thread-1] DEBUG com.beanit.openiec61850.ServerAssociation - Got a GetDataValues request for node: IEDBiogasCHP/DSCC1.ActWSchd.ctlModel: 0
calling GetDataValues(IEDBiogasCHP/DSCC1.ActWSchd.sboTimeout)
14:23:46.818 [openiec61850-osi-server-7-thread-1] DEBUG com.beanit.openiec61850.ServerAssociation - Got a GetDataValues request for node: IEDBiogasCHP/DSCC1.ActWSchd.sboTimeout: 0
calling GetDataValues(IEDBiogasCHP/DSCC1.ActWSchd.sboClass)
14:23:46.818 [openiec61850-osi-server-7-thread-1] DEBUG com.beanit.openiec61850.ServerAssociation - Got a GetDataValues request for node: IEDBiogasCHP/DSCC1.ActWSchd.sboClass: 0
calling GetDataValues(IEDBiogasCHP/DSCC1.ActWSchd.minVal)
14:23:46.818 [openiec61850-osi-server-7-thread-1] DEBUG com.beanit.openiec61850.ServerAssociation - Got a GetDataValues request for node: IEDBiogasCHP/DSCC1.ActWSchd.minVal: 0
calling GetDataValues(IEDBiogasCHP/DSCC1.ActWSchd.maxVal)
14:23:46.818 [openiec61850-osi-server-7-thread-1] DEBUG com.beanit.openiec61850.ServerAssociation - Got a GetDataValues request for node: IEDBiogasCHP/DSCC1.ActWSchd.maxVal: 0
calling GetDataValues(IEDBiogasCHP/DSCC1.ActWSchd.stepSize)
14:23:46.818 [openiec61850-osi-server-7-thread-1] DEBUG com.beanit.openiec61850.ServerAssociation - Got a GetDataValues request for node: IEDBiogasCHP/DSCC1.ActWSchd.stepSize: 0
calling GetDataValues(IEDBiogasCHP/DSCC1.ActWSchd)
14:23:46.818 [openiec61850-osi-server-7-thread-1] DEBUG com.beanit.openiec61850.ServerAssociation - Got a GetDataValues request for node: IEDBiogasCHP/DSCC1.ActWSchd [DC]
IEDBiogasCHP/DSCC1.ActWSchd.d: ''
IEDBiogasCHP/DSCC1.ActWSchd.dU: 
14:23:46.818 [openiec61850-osi-server-7-thread-1] DEBUG com.beanit.openiec61850.ServerAssociation - sub BDA is:IEDBiogasCHP/DSCC1.ActWSchd.d: ''
14:23:46.818 [openiec61850-osi-server-7-thread-1] DEBUG com.beanit.openiec61850.ServerAssociation - sub BDA is:IEDBiogasCHP/DSCC1.ActWSchd.dU: 
calling GetDataValues(IEDBiogasCHP/DSCC1.ActWSchd.d)
14:23:46.819 [openiec61850-osi-server-7-thread-1] DEBUG com.beanit.openiec61850.ServerAssociation - Got a GetDataValues request for node: IEDBiogasCHP/DSCC1.ActWSchd.d: ''
calling GetDataValues(IEDBiogasCHP/DSCC1.ActWSchd.dU)
14:23:46.819 [openiec61850-osi-server-7-thread-1] DEBUG com.beanit.openiec61850.ServerAssociation - Got a GetDataValues request for node: IEDBiogasCHP/DSCC1.ActWSchd.dU: 
calling GetDataValues(IEDBiogasCHP/DSCC1.ActWSchd)
14:23:46.819 [openiec61850-osi-server-7-thread-1] DEBUG com.beanit.openiec61850.ServerAssociation - Got a GetDataValues request for node: IEDBiogasCHP/DSCC1.ActWSchd [EX]
IEDBiogasCHP/DSCC1.ActWSchd.cdcNs: ''
IEDBiogasCHP/DSCC1.ActWSchd.cdcName: ''
IEDBiogasCHP/DSCC1.ActWSchd.dataNs: ''
14:23:46.819 [openiec61850-osi-server-7-thread-1] DEBUG com.beanit.openiec61850.ServerAssociation - sub BDA is:IEDBiogasCHP/DSCC1.ActWSchd.cdcNs: ''
14:23:46.819 [openiec61850-osi-server-7-thread-1] DEBUG com.beanit.openiec61850.ServerAssociation - sub BDA is:IEDBiogasCHP/DSCC1.ActWSchd.cdcName: ''
14:23:46.819 [openiec61850-osi-server-7-thread-1] DEBUG com.beanit.openiec61850.ServerAssociation - sub BDA is:IEDBiogasCHP/DSCC1.ActWSchd.dataNs: ''
calling GetDataValues(IEDBiogasCHP/DSCC1.ActWSchd.cdcNs)
14:23:46.819 [openiec61850-osi-server-7-thread-1] DEBUG com.beanit.openiec61850.ServerAssociation - Got a GetDataValues request for node: IEDBiogasCHP/DSCC1.ActWSchd.cdcNs: ''
calling GetDataValues(IEDBiogasCHP/DSCC1.ActWSchd.cdcName)
14:23:46.819 [openiec61850-osi-server-7-thread-1] DEBUG com.beanit.openiec61850.ServerAssociation - Got a GetDataValues request for node: IEDBiogasCHP/DSCC1.ActWSchd.cdcName: ''
calling GetDataValues(IEDBiogasCHP/DSCC1.ActWSchd.dataNs)
14:23:46.819 [openiec61850-osi-server-7-thread-1] DEBUG com.beanit.openiec61850.ServerAssociation - Got a GetDataValues request for node: IEDBiogasCHP/DSCC1.ActWSchd.dataNs: ''
calling GetDataValues(IEDBiogasCHP/DSCC1.ActAncSchd)
14:23:46.820 [openiec61850-osi-server-7-thread-1] DEBUG com.beanit.openiec61850.ServerAssociation - Got a GetDataValues request for node: IEDBiogasCHP/DSCC1.ActAncSchd [ST]
IEDBiogasCHP/DSCC1.ActAncSchd.origin [ST]
IEDBiogasCHP/DSCC1.ActAncSchd.origin.orCat: 0
IEDBiogasCHP/DSCC1.ActAncSchd.origin.orIdent: []
IEDBiogasCHP/DSCC1.ActAncSchd.ctlNum: 0
IEDBiogasCHP/DSCC1.ActAncSchd.stVal: 0
IEDBiogasCHP/DSCC1.ActAncSchd.q: 0x00 0x00
IEDBiogasCHP/DSCC1.ActAncSchd.t: Thu Jan 01 01:00:00 CET 1970
IEDBiogasCHP/DSCC1.ActAncSchd.stSeld: false
14:23:46.820 [openiec61850-osi-server-7-thread-1] DEBUG com.beanit.openiec61850.ServerAssociation - sub BDA is:IEDBiogasCHP/DSCC1.ActAncSchd.origin.orCat: 0
14:23:46.820 [openiec61850-osi-server-7-thread-1] DEBUG com.beanit.openiec61850.ServerAssociation - sub BDA is:IEDBiogasCHP/DSCC1.ActAncSchd.origin.orIdent: []
14:23:46.820 [openiec61850-osi-server-7-thread-1] DEBUG com.beanit.openiec61850.ServerAssociation - sub BDA is:IEDBiogasCHP/DSCC1.ActAncSchd.ctlNum: 0
14:23:46.820 [openiec61850-osi-server-7-thread-1] DEBUG com.beanit.openiec61850.ServerAssociation - sub BDA is:IEDBiogasCHP/DSCC1.ActAncSchd.stVal: 0
14:23:46.820 [openiec61850-osi-server-7-thread-1] DEBUG com.beanit.openiec61850.ServerAssociation - sub BDA is:IEDBiogasCHP/DSCC1.ActAncSchd.q: 0x00 0x00
14:23:46.820 [openiec61850-osi-server-7-thread-1] DEBUG com.beanit.openiec61850.ServerAssociation - sub BDA is:IEDBiogasCHP/DSCC1.ActAncSchd.t: Thu Jan 01 01:00:00 CET 1970
14:23:46.820 [openiec61850-osi-server-7-thread-1] DEBUG com.beanit.openiec61850.ServerAssociation - sub BDA is:IEDBiogasCHP/DSCC1.ActAncSchd.stSeld: false
calling GetDataValues(IEDBiogasCHP/DSCC1.ActAncSchd.origin)
14:23:46.820 [openiec61850-osi-server-7-thread-1] DEBUG com.beanit.openiec61850.ServerAssociation - Got a GetDataValues request for node: IEDBiogasCHP/DSCC1.ActAncSchd.origin [ST]
IEDBiogasCHP/DSCC1.ActAncSchd.origin.orCat: 0
IEDBiogasCHP/DSCC1.ActAncSchd.origin.orIdent: []
14:23:46.820 [openiec61850-osi-server-7-thread-1] DEBUG com.beanit.openiec61850.ServerAssociation - sub BDA is:IEDBiogasCHP/DSCC1.ActAncSchd.origin.orCat: 0
14:23:46.820 [openiec61850-osi-server-7-thread-1] DEBUG com.beanit.openiec61850.ServerAssociation - sub BDA is:IEDBiogasCHP/DSCC1.ActAncSchd.origin.orIdent: []
calling GetDataValues(IEDBiogasCHP/DSCC1.ActAncSchd.origin.orCat)
14:23:46.820 [openiec61850-osi-server-7-thread-1] DEBUG com.beanit.openiec61850.ServerAssociation - Got a GetDataValues request for node: IEDBiogasCHP/DSCC1.ActAncSchd.origin.orCat: 0
calling GetDataValues(IEDBiogasCHP/DSCC1.ActAncSchd.origin.orIdent)
14:23:46.820 [openiec61850-osi-server-7-thread-1] DEBUG com.beanit.openiec61850.ServerAssociation - Got a GetDataValues request for node: IEDBiogasCHP/DSCC1.ActAncSchd.origin.orIdent: []
calling GetDataValues(IEDBiogasCHP/DSCC1.ActAncSchd.ctlNum)
14:23:46.820 [openiec61850-osi-server-7-thread-1] DEBUG com.beanit.openiec61850.ServerAssociation - Got a GetDataValues request for node: IEDBiogasCHP/DSCC1.ActAncSchd.ctlNum: 0
calling GetDataValues(IEDBiogasCHP/DSCC1.ActAncSchd.stVal)
14:23:46.820 [openiec61850-osi-server-7-thread-1] DEBUG com.beanit.openiec61850.ServerAssociation - Got a GetDataValues request for node: IEDBiogasCHP/DSCC1.ActAncSchd.stVal: 0
calling GetDataValues(IEDBiogasCHP/DSCC1.ActAncSchd.q)
14:23:46.821 [openiec61850-osi-server-7-thread-1] DEBUG com.beanit.openiec61850.ServerAssociation - Got a GetDataValues request for node: IEDBiogasCHP/DSCC1.ActAncSchd.q: 0x00 0x00
calling GetDataValues(IEDBiogasCHP/DSCC1.ActAncSchd.t)
14:23:46.821 [openiec61850-osi-server-7-thread-1] DEBUG com.beanit.openiec61850.ServerAssociation - Got a GetDataValues request for node: IEDBiogasCHP/DSCC1.ActAncSchd.t: Thu Jan 01 01:00:00 CET 1970
calling GetDataValues(IEDBiogasCHP/DSCC1.ActAncSchd.stSeld)
14:23:46.821 [openiec61850-osi-server-7-thread-1] DEBUG com.beanit.openiec61850.ServerAssociation - Got a GetDataValues request for node: IEDBiogasCHP/DSCC1.ActAncSchd.stSeld: false
calling GetDataValues(IEDBiogasCHP/DSCC1.ActAncSchd)
14:23:46.821 [openiec61850-osi-server-7-thread-1] DEBUG com.beanit.openiec61850.ServerAssociation - Got a GetDataValues request for node: IEDBiogasCHP/DSCC1.ActAncSchd [SV]
IEDBiogasCHP/DSCC1.ActAncSchd.subEna: false
IEDBiogasCHP/DSCC1.ActAncSchd.subVal: 0
IEDBiogasCHP/DSCC1.ActAncSchd.subQ: 0x00 0x00
IEDBiogasCHP/DSCC1.ActAncSchd.subID: ''
14:23:46.821 [openiec61850-osi-server-7-thread-1] DEBUG com.beanit.openiec61850.ServerAssociation - sub BDA is:IEDBiogasCHP/DSCC1.ActAncSchd.subEna: false
14:23:46.821 [openiec61850-osi-server-7-thread-1] DEBUG com.beanit.openiec61850.ServerAssociation - sub BDA is:IEDBiogasCHP/DSCC1.ActAncSchd.subVal: 0
14:23:46.821 [openiec61850-osi-server-7-thread-1] DEBUG com.beanit.openiec61850.ServerAssociation - sub BDA is:IEDBiogasCHP/DSCC1.ActAncSchd.subQ: 0x00 0x00
14:23:46.821 [openiec61850-osi-server-7-thread-1] DEBUG com.beanit.openiec61850.ServerAssociation - sub BDA is:IEDBiogasCHP/DSCC1.ActAncSchd.subID: ''
calling GetDataValues(IEDBiogasCHP/DSCC1.ActAncSchd.subEna)
14:23:46.821 [openiec61850-osi-server-7-thread-1] DEBUG com.beanit.openiec61850.ServerAssociation - Got a GetDataValues request for node: IEDBiogasCHP/DSCC1.ActAncSchd.subEna: false
calling GetDataValues(IEDBiogasCHP/DSCC1.ActAncSchd.subVal)
14:23:46.821 [openiec61850-osi-server-7-thread-1] DEBUG com.beanit.openiec61850.ServerAssociation - Got a GetDataValues request for node: IEDBiogasCHP/DSCC1.ActAncSchd.subVal: 0
calling GetDataValues(IEDBiogasCHP/DSCC1.ActAncSchd.subQ)
14:23:46.822 [openiec61850-osi-server-7-thread-1] DEBUG com.beanit.openiec61850.ServerAssociation - Got a GetDataValues request for node: IEDBiogasCHP/DSCC1.ActAncSchd.subQ: 0x00 0x00
calling GetDataValues(IEDBiogasCHP/DSCC1.ActAncSchd.subID)
14:23:46.822 [openiec61850-osi-server-7-thread-1] DEBUG com.beanit.openiec61850.ServerAssociation - Got a GetDataValues request for node: IEDBiogasCHP/DSCC1.ActAncSchd.subID: ''
calling GetDataValues(IEDBiogasCHP/DSCC1.ActAncSchd)
14:23:46.822 [openiec61850-osi-server-7-thread-1] DEBUG com.beanit.openiec61850.ServerAssociation - Got a GetDataValues request for node: IEDBiogasCHP/DSCC1.ActAncSchd [CF]
IEDBiogasCHP/DSCC1.ActAncSchd.ctlModel: 0
IEDBiogasCHP/DSCC1.ActAncSchd.sboTimeout: 0
IEDBiogasCHP/DSCC1.ActAncSchd.sboClass: 0
IEDBiogasCHP/DSCC1.ActAncSchd.minVal: 0
IEDBiogasCHP/DSCC1.ActAncSchd.maxVal: 0
IEDBiogasCHP/DSCC1.ActAncSchd.stepSize: 0
14:23:46.822 [openiec61850-osi-server-7-thread-1] DEBUG com.beanit.openiec61850.ServerAssociation - sub BDA is:IEDBiogasCHP/DSCC1.ActAncSchd.ctlModel: 0
14:23:46.822 [openiec61850-osi-server-7-thread-1] DEBUG com.beanit.openiec61850.ServerAssociation - sub BDA is:IEDBiogasCHP/DSCC1.ActAncSchd.sboTimeout: 0
14:23:46.822 [openiec61850-osi-server-7-thread-1] DEBUG com.beanit.openiec61850.ServerAssociation - sub BDA is:IEDBiogasCHP/DSCC1.ActAncSchd.sboClass: 0
14:23:46.822 [openiec61850-osi-server-7-thread-1] DEBUG com.beanit.openiec61850.ServerAssociation - sub BDA is:IEDBiogasCHP/DSCC1.ActAncSchd.minVal: 0
14:23:46.822 [openiec61850-osi-server-7-thread-1] DEBUG com.beanit.openiec61850.ServerAssociation - sub BDA is:IEDBiogasCHP/DSCC1.ActAncSchd.maxVal: 0
14:23:46.822 [openiec61850-osi-server-7-thread-1] DEBUG com.beanit.openiec61850.ServerAssociation - sub BDA is:IEDBiogasCHP/DSCC1.ActAncSchd.stepSize: 0
calling GetDataValues(IEDBiogasCHP/DSCC1.ActAncSchd.ctlModel)
14:23:46.822 [openiec61850-osi-server-7-thread-1] DEBUG com.beanit.openiec61850.ServerAssociation - Got a GetDataValues request for node: IEDBiogasCHP/DSCC1.ActAncSchd.ctlModel: 0
calling GetDataValues(IEDBiogasCHP/DSCC1.ActAncSchd.sboTimeout)
14:23:46.822 [openiec61850-osi-server-7-thread-1] DEBUG com.beanit.openiec61850.ServerAssociation - Got a GetDataValues request for node: IEDBiogasCHP/DSCC1.ActAncSchd.sboTimeout: 0
calling GetDataValues(IEDBiogasCHP/DSCC1.ActAncSchd.sboClass)
14:23:46.822 [openiec61850-osi-server-7-thread-1] DEBUG com.beanit.openiec61850.ServerAssociation - Got a GetDataValues request for node: IEDBiogasCHP/DSCC1.ActAncSchd.sboClass: 0
calling GetDataValues(IEDBiogasCHP/DSCC1.ActAncSchd.minVal)
14:23:46.822 [openiec61850-osi-server-7-thread-1] DEBUG com.beanit.openiec61850.ServerAssociation - Got a GetDataValues request for node: IEDBiogasCHP/DSCC1.ActAncSchd.minVal: 0
calling GetDataValues(IEDBiogasCHP/DSCC1.ActAncSchd.maxVal)
14:23:46.823 [openiec61850-osi-server-7-thread-1] DEBUG com.beanit.openiec61850.ServerAssociation - Got a GetDataValues request for node: IEDBiogasCHP/DSCC1.ActAncSchd.maxVal: 0
calling GetDataValues(IEDBiogasCHP/DSCC1.ActAncSchd.stepSize)
14:23:46.823 [openiec61850-osi-server-7-thread-1] DEBUG com.beanit.openiec61850.ServerAssociation - Got a GetDataValues request for node: IEDBiogasCHP/DSCC1.ActAncSchd.stepSize: 0
calling GetDataValues(IEDBiogasCHP/DSCC1.ActAncSchd)
14:23:46.823 [openiec61850-osi-server-7-thread-1] DEBUG com.beanit.openiec61850.ServerAssociation - Got a GetDataValues request for node: IEDBiogasCHP/DSCC1.ActAncSchd [DC]
IEDBiogasCHP/DSCC1.ActAncSchd.d: ''
IEDBiogasCHP/DSCC1.ActAncSchd.dU: 
14:23:46.823 [openiec61850-osi-server-7-thread-1] DEBUG com.beanit.openiec61850.ServerAssociation - sub BDA is:IEDBiogasCHP/DSCC1.ActAncSchd.d: ''
14:23:46.823 [openiec61850-osi-server-7-thread-1] DEBUG com.beanit.openiec61850.ServerAssociation - sub BDA is:IEDBiogasCHP/DSCC1.ActAncSchd.dU: 
calling GetDataValues(IEDBiogasCHP/DSCC1.ActAncSchd.d)
14:23:46.823 [openiec61850-osi-server-7-thread-1] DEBUG com.beanit.openiec61850.ServerAssociation - Got a GetDataValues request for node: IEDBiogasCHP/DSCC1.ActAncSchd.d: ''
calling GetDataValues(IEDBiogasCHP/DSCC1.ActAncSchd.dU)
14:23:46.823 [openiec61850-osi-server-7-thread-1] DEBUG com.beanit.openiec61850.ServerAssociation - Got a GetDataValues request for node: IEDBiogasCHP/DSCC1.ActAncSchd.dU: 
calling GetDataValues(IEDBiogasCHP/DSCC1.ActAncSchd)
14:23:46.823 [openiec61850-osi-server-7-thread-1] DEBUG com.beanit.openiec61850.ServerAssociation - Got a GetDataValues request for node: IEDBiogasCHP/DSCC1.ActAncSchd [EX]
IEDBiogasCHP/DSCC1.ActAncSchd.cdcNs: ''
IEDBiogasCHP/DSCC1.ActAncSchd.cdcName: ''
IEDBiogasCHP/DSCC1.ActAncSchd.dataNs: ''
14:23:46.823 [openiec61850-osi-server-7-thread-1] DEBUG com.beanit.openiec61850.ServerAssociation - sub BDA is:IEDBiogasCHP/DSCC1.ActAncSchd.cdcNs: ''
14:23:46.823 [openiec61850-osi-server-7-thread-1] DEBUG com.beanit.openiec61850.ServerAssociation - sub BDA is:IEDBiogasCHP/DSCC1.ActAncSchd.cdcName: ''
14:23:46.823 [openiec61850-osi-server-7-thread-1] DEBUG com.beanit.openiec61850.ServerAssociation - sub BDA is:IEDBiogasCHP/DSCC1.ActAncSchd.dataNs: ''
calling GetDataValues(IEDBiogasCHP/DSCC1.ActAncSchd.cdcNs)
14:23:46.823 [openiec61850-osi-server-7-thread-1] DEBUG com.beanit.openiec61850.ServerAssociation - Got a GetDataValues request for node: IEDBiogasCHP/DSCC1.ActAncSchd.cdcNs: ''
calling GetDataValues(IEDBiogasCHP/DSCC1.ActAncSchd.cdcName)
14:23:46.824 [openiec61850-osi-server-7-thread-1] DEBUG com.beanit.openiec61850.ServerAssociation - Got a GetDataValues request for node: IEDBiogasCHP/DSCC1.ActAncSchd.cdcName: ''
calling GetDataValues(IEDBiogasCHP/DSCC1.ActAncSchd.dataNs)
14:23:46.824 [openiec61850-osi-server-7-thread-1] DEBUG com.beanit.openiec61850.ServerAssociation - Got a GetDataValues request for node: IEDBiogasCHP/DSCC1.ActAncSchd.dataNs: ''
calling GetDataValues(IEDBiogasCHP/DSCC1.WSchdNum)
14:23:46.824 [openiec61850-osi-server-7-thread-1] DEBUG com.beanit.openiec61850.ServerAssociation - Got a GetDataValues request for node: IEDBiogasCHP/DSCC1.WSchdNum [SP]
IEDBiogasCHP/DSCC1.WSchdNum.setVal: 0
14:23:46.824 [openiec61850-osi-server-7-thread-1] DEBUG com.beanit.openiec61850.ServerAssociation - sub BDA is:IEDBiogasCHP/DSCC1.WSchdNum.setVal: 0
calling GetDataValues(IEDBiogasCHP/DSCC1.WSchdNum.setVal)
14:23:46.824 [openiec61850-osi-server-7-thread-1] DEBUG com.beanit.openiec61850.ServerAssociation - Got a GetDataValues request for node: IEDBiogasCHP/DSCC1.WSchdNum.setVal: 0
calling GetDataValues(IEDBiogasCHP/DSCC1.WSchdNum)
14:23:46.824 [openiec61850-osi-server-7-thread-1] DEBUG com.beanit.openiec61850.ServerAssociation - Got a GetDataValues request for node: IEDBiogasCHP/DSCC1.WSchdNum [CF]
IEDBiogasCHP/DSCC1.WSchdNum.minVal: 0
IEDBiogasCHP/DSCC1.WSchdNum.maxVal: 0
IEDBiogasCHP/DSCC1.WSchdNum.stepSize: 0
14:23:46.824 [openiec61850-osi-server-7-thread-1] DEBUG com.beanit.openiec61850.ServerAssociation - sub BDA is:IEDBiogasCHP/DSCC1.WSchdNum.minVal: 0
14:23:46.824 [openiec61850-osi-server-7-thread-1] DEBUG com.beanit.openiec61850.ServerAssociation - sub BDA is:IEDBiogasCHP/DSCC1.WSchdNum.maxVal: 0
14:23:46.824 [openiec61850-osi-server-7-thread-1] DEBUG com.beanit.openiec61850.ServerAssociation - sub BDA is:IEDBiogasCHP/DSCC1.WSchdNum.stepSize: 0
calling GetDataValues(IEDBiogasCHP/DSCC1.WSchdNum.minVal)
14:23:46.824 [openiec61850-osi-server-7-thread-1] DEBUG com.beanit.openiec61850.ServerAssociation - Got a GetDataValues request for node: IEDBiogasCHP/DSCC1.WSchdNum.minVal: 0
calling GetDataValues(IEDBiogasCHP/DSCC1.WSchdNum.maxVal)
14:23:46.825 [openiec61850-osi-server-7-thread-1] DEBUG com.beanit.openiec61850.ServerAssociation - Got a GetDataValues request for node: IEDBiogasCHP/DSCC1.WSchdNum.maxVal: 0
calling GetDataValues(IEDBiogasCHP/DSCC1.WSchdNum.stepSize)
14:23:46.825 [openiec61850-osi-server-7-thread-1] DEBUG com.beanit.openiec61850.ServerAssociation - Got a GetDataValues request for node: IEDBiogasCHP/DSCC1.WSchdNum.stepSize: 0
calling GetDataValues(IEDBiogasCHP/DSCC1.WSchdNum)
14:23:46.825 [openiec61850-osi-server-7-thread-1] DEBUG com.beanit.openiec61850.ServerAssociation - Got a GetDataValues request for node: IEDBiogasCHP/DSCC1.WSchdNum [DC]
IEDBiogasCHP/DSCC1.WSchdNum.d: ''
IEDBiogasCHP/DSCC1.WSchdNum.dU: 
14:23:46.825 [openiec61850-osi-server-7-thread-1] DEBUG com.beanit.openiec61850.ServerAssociation - sub BDA is:IEDBiogasCHP/DSCC1.WSchdNum.d: ''
14:23:46.825 [openiec61850-osi-server-7-thread-1] DEBUG com.beanit.openiec61850.ServerAssociation - sub BDA is:IEDBiogasCHP/DSCC1.WSchdNum.dU: 
calling GetDataValues(IEDBiogasCHP/DSCC1.WSchdNum.d)
14:23:46.825 [openiec61850-osi-server-7-thread-1] DEBUG com.beanit.openiec61850.ServerAssociation - Got a GetDataValues request for node: IEDBiogasCHP/DSCC1.WSchdNum.d: ''
calling GetDataValues(IEDBiogasCHP/DSCC1.WSchdNum.dU)
14:23:46.825 [openiec61850-osi-server-7-thread-1] DEBUG com.beanit.openiec61850.ServerAssociation - Got a GetDataValues request for node: IEDBiogasCHP/DSCC1.WSchdNum.dU: 
calling GetDataValues(IEDBiogasCHP/DSCC1.WSchdNum)
14:23:46.825 [openiec61850-osi-server-7-thread-1] DEBUG com.beanit.openiec61850.ServerAssociation - Got a GetDataValues request for node: IEDBiogasCHP/DSCC1.WSchdNum [EX]
IEDBiogasCHP/DSCC1.WSchdNum.cdcNs: ''
IEDBiogasCHP/DSCC1.WSchdNum.cdcName: ''
IEDBiogasCHP/DSCC1.WSchdNum.dataNs: ''
14:23:46.825 [openiec61850-osi-server-7-thread-1] DEBUG com.beanit.openiec61850.ServerAssociation - sub BDA is:IEDBiogasCHP/DSCC1.WSchdNum.cdcNs: ''
14:23:46.825 [openiec61850-osi-server-7-thread-1] DEBUG com.beanit.openiec61850.ServerAssociation - sub BDA is:IEDBiogasCHP/DSCC1.WSchdNum.cdcName: ''
14:23:46.825 [openiec61850-osi-server-7-thread-1] DEBUG com.beanit.openiec61850.ServerAssociation - sub BDA is:IEDBiogasCHP/DSCC1.WSchdNum.dataNs: ''
calling GetDataValues(IEDBiogasCHP/DSCC1.WSchdNum.cdcNs)
14:23:46.825 [openiec61850-osi-server-7-thread-1] DEBUG com.beanit.openiec61850.ServerAssociation - Got a GetDataValues request for node: IEDBiogasCHP/DSCC1.WSchdNum.cdcNs: ''
calling GetDataValues(IEDBiogasCHP/DSCC1.WSchdNum.cdcName)
14:23:46.826 [openiec61850-osi-server-7-thread-1] DEBUG com.beanit.openiec61850.ServerAssociation - Got a GetDataValues request for node: IEDBiogasCHP/DSCC1.WSchdNum.cdcName: ''
calling GetDataValues(IEDBiogasCHP/DSCC1.WSchdNum.dataNs)
14:23:46.826 [openiec61850-osi-server-7-thread-1] DEBUG com.beanit.openiec61850.ServerAssociation - Got a GetDataValues request for node: IEDBiogasCHP/DSCC1.WSchdNum.dataNs: ''
calling GetDataValues(IEDBiogasCHP/DSCC1.AncSchdNum)
14:23:46.826 [openiec61850-osi-server-7-thread-1] DEBUG com.beanit.openiec61850.ServerAssociation - Got a GetDataValues request for node: IEDBiogasCHP/DSCC1.AncSchdNum [SP]
IEDBiogasCHP/DSCC1.AncSchdNum.setVal: 0
14:23:46.826 [openiec61850-osi-server-7-thread-1] DEBUG com.beanit.openiec61850.ServerAssociation - sub BDA is:IEDBiogasCHP/DSCC1.AncSchdNum.setVal: 0
calling GetDataValues(IEDBiogasCHP/DSCC1.AncSchdNum.setVal)
14:23:46.826 [openiec61850-osi-server-7-thread-1] DEBUG com.beanit.openiec61850.ServerAssociation - Got a GetDataValues request for node: IEDBiogasCHP/DSCC1.AncSchdNum.setVal: 0
calling GetDataValues(IEDBiogasCHP/DSCC1.AncSchdNum)
14:23:46.826 [openiec61850-osi-server-7-thread-1] DEBUG com.beanit.openiec61850.ServerAssociation - Got a GetDataValues request for node: IEDBiogasCHP/DSCC1.AncSchdNum [CF]
IEDBiogasCHP/DSCC1.AncSchdNum.minVal: 0
IEDBiogasCHP/DSCC1.AncSchdNum.maxVal: 0
IEDBiogasCHP/DSCC1.AncSchdNum.stepSize: 0
14:23:46.826 [openiec61850-osi-server-7-thread-1] DEBUG com.beanit.openiec61850.ServerAssociation - sub BDA is:IEDBiogasCHP/DSCC1.AncSchdNum.minVal: 0
14:23:46.826 [openiec61850-osi-server-7-thread-1] DEBUG com.beanit.openiec61850.ServerAssociation - sub BDA is:IEDBiogasCHP/DSCC1.AncSchdNum.maxVal: 0
14:23:46.826 [openiec61850-osi-server-7-thread-1] DEBUG com.beanit.openiec61850.ServerAssociation - sub BDA is:IEDBiogasCHP/DSCC1.AncSchdNum.stepSize: 0
calling GetDataValues(IEDBiogasCHP/DSCC1.AncSchdNum.minVal)
14:23:46.826 [openiec61850-osi-server-7-thread-1] DEBUG com.beanit.openiec61850.ServerAssociation - Got a GetDataValues request for node: IEDBiogasCHP/DSCC1.AncSchdNum.minVal: 0
calling GetDataValues(IEDBiogasCHP/DSCC1.AncSchdNum.maxVal)
14:23:46.826 [openiec61850-osi-server-7-thread-1] DEBUG com.beanit.openiec61850.ServerAssociation - Got a GetDataValues request for node: IEDBiogasCHP/DSCC1.AncSchdNum.maxVal: 0
calling GetDataValues(IEDBiogasCHP/DSCC1.AncSchdNum.stepSize)
14:23:46.827 [openiec61850-osi-server-7-thread-1] DEBUG com.beanit.openiec61850.ServerAssociation - Got a GetDataValues request for node: IEDBiogasCHP/DSCC1.AncSchdNum.stepSize: 0
calling GetDataValues(IEDBiogasCHP/DSCC1.AncSchdNum)
14:23:46.827 [openiec61850-osi-server-7-thread-1] DEBUG com.beanit.openiec61850.ServerAssociation - Got a GetDataValues request for node: IEDBiogasCHP/DSCC1.AncSchdNum [DC]
IEDBiogasCHP/DSCC1.AncSchdNum.d: ''
IEDBiogasCHP/DSCC1.AncSchdNum.dU: 
14:23:46.827 [openiec61850-osi-server-7-thread-1] DEBUG com.beanit.openiec61850.ServerAssociation - sub BDA is:IEDBiogasCHP/DSCC1.AncSchdNum.d: ''
14:23:46.827 [openiec61850-osi-server-7-thread-1] DEBUG com.beanit.openiec61850.ServerAssociation - sub BDA is:IEDBiogasCHP/DSCC1.AncSchdNum.dU: 
calling GetDataValues(IEDBiogasCHP/DSCC1.AncSchdNum.d)
14:23:46.827 [openiec61850-osi-server-7-thread-1] DEBUG com.beanit.openiec61850.ServerAssociation - Got a GetDataValues request for node: IEDBiogasCHP/DSCC1.AncSchdNum.d: ''
calling GetDataValues(IEDBiogasCHP/DSCC1.AncSchdNum.dU)
14:23:46.827 [openiec61850-osi-server-7-thread-1] DEBUG com.beanit.openiec61850.ServerAssociation - Got a GetDataValues request for node: IEDBiogasCHP/DSCC1.AncSchdNum.dU: 
calling GetDataValues(IEDBiogasCHP/DSCC1.AncSchdNum)
14:23:46.827 [openiec61850-osi-server-7-thread-1] DEBUG com.beanit.openiec61850.ServerAssociation - Got a GetDataValues request for node: IEDBiogasCHP/DSCC1.AncSchdNum [EX]
IEDBiogasCHP/DSCC1.AncSchdNum.cdcNs: ''
IEDBiogasCHP/DSCC1.AncSchdNum.cdcName: ''
IEDBiogasCHP/DSCC1.AncSchdNum.dataNs: ''
14:23:46.827 [openiec61850-osi-server-7-thread-1] DEBUG com.beanit.openiec61850.ServerAssociation - sub BDA is:IEDBiogasCHP/DSCC1.AncSchdNum.cdcNs: ''
14:23:46.827 [openiec61850-osi-server-7-thread-1] DEBUG com.beanit.openiec61850.ServerAssociation - sub BDA is:IEDBiogasCHP/DSCC1.AncSchdNum.cdcName: ''
14:23:46.827 [openiec61850-osi-server-7-thread-1] DEBUG com.beanit.openiec61850.ServerAssociation - sub BDA is:IEDBiogasCHP/DSCC1.AncSchdNum.dataNs: ''
calling GetDataValues(IEDBiogasCHP/DSCC1.AncSchdNum.cdcNs)
14:23:46.827 [openiec61850-osi-server-7-thread-1] DEBUG com.beanit.openiec61850.ServerAssociation - Got a GetDataValues request for node: IEDBiogasCHP/DSCC1.AncSchdNum.cdcNs: ''
calling GetDataValues(IEDBiogasCHP/DSCC1.AncSchdNum.cdcName)
14:23:46.827 [openiec61850-osi-server-7-thread-1] DEBUG com.beanit.openiec61850.ServerAssociation - Got a GetDataValues request for node: IEDBiogasCHP/DSCC1.AncSchdNum.cdcName: ''
calling GetDataValues(IEDBiogasCHP/DSCC1.AncSchdNum.dataNs)
14:23:46.827 [openiec61850-osi-server-7-thread-1] DEBUG com.beanit.openiec61850.ServerAssociation - Got a GetDataValues request for node: IEDBiogasCHP/DSCC1.AncSchdNum.dataNs: ''
calling GetDataValues(IEDBiogasCHP/DGEN1.Mod)
14:23:46.828 [openiec61850-osi-server-7-thread-1] DEBUG com.beanit.openiec61850.ServerAssociation - Got a GetDataValues request for node: IEDBiogasCHP/DGEN1.Mod [ST]
IEDBiogasCHP/DGEN1.Mod.origin [ST]
IEDBiogasCHP/DGEN1.Mod.origin.orCat: 0
IEDBiogasCHP/DGEN1.Mod.origin.orIdent: []
IEDBiogasCHP/DGEN1.Mod.ctlNum: 0
IEDBiogasCHP/DGEN1.Mod.stVal: 0
IEDBiogasCHP/DGEN1.Mod.q: 0x00 0x00
IEDBiogasCHP/DGEN1.Mod.t: Thu Jan 01 01:00:00 CET 1970
IEDBiogasCHP/DGEN1.Mod.stSeld: false
14:23:46.828 [openiec61850-osi-server-7-thread-1] DEBUG com.beanit.openiec61850.ServerAssociation - sub BDA is:IEDBiogasCHP/DGEN1.Mod.origin.orCat: 0
14:23:46.828 [openiec61850-osi-server-7-thread-1] DEBUG com.beanit.openiec61850.ServerAssociation - sub BDA is:IEDBiogasCHP/DGEN1.Mod.origin.orIdent: []
14:23:46.828 [openiec61850-osi-server-7-thread-1] DEBUG com.beanit.openiec61850.ServerAssociation - sub BDA is:IEDBiogasCHP/DGEN1.Mod.ctlNum: 0
14:23:46.828 [openiec61850-osi-server-7-thread-1] DEBUG com.beanit.openiec61850.ServerAssociation - sub BDA is:IEDBiogasCHP/DGEN1.Mod.stVal: 0
14:23:46.828 [openiec61850-osi-server-7-thread-1] DEBUG com.beanit.openiec61850.ServerAssociation - sub BDA is:IEDBiogasCHP/DGEN1.Mod.q: 0x00 0x00
14:23:46.828 [openiec61850-osi-server-7-thread-1] DEBUG com.beanit.openiec61850.ServerAssociation - sub BDA is:IEDBiogasCHP/DGEN1.Mod.t: Thu Jan 01 01:00:00 CET 1970
14:23:46.828 [openiec61850-osi-server-7-thread-1] DEBUG com.beanit.openiec61850.ServerAssociation - sub BDA is:IEDBiogasCHP/DGEN1.Mod.stSeld: false
calling GetDataValues(IEDBiogasCHP/DGEN1.Mod.origin)
14:23:46.828 [openiec61850-osi-server-7-thread-1] DEBUG com.beanit.openiec61850.ServerAssociation - Got a GetDataValues request for node: IEDBiogasCHP/DGEN1.Mod.origin [ST]
IEDBiogasCHP/DGEN1.Mod.origin.orCat: 0
IEDBiogasCHP/DGEN1.Mod.origin.orIdent: []
14:23:46.828 [openiec61850-osi-server-7-thread-1] DEBUG com.beanit.openiec61850.ServerAssociation - sub BDA is:IEDBiogasCHP/DGEN1.Mod.origin.orCat: 0
14:23:46.828 [openiec61850-osi-server-7-thread-1] DEBUG com.beanit.openiec61850.ServerAssociation - sub BDA is:IEDBiogasCHP/DGEN1.Mod.origin.orIdent: []
calling GetDataValues(IEDBiogasCHP/DGEN1.Mod.origin.orCat)
14:23:46.828 [openiec61850-osi-server-7-thread-1] DEBUG com.beanit.openiec61850.ServerAssociation - Got a GetDataValues request for node: IEDBiogasCHP/DGEN1.Mod.origin.orCat: 0
calling GetDataValues(IEDBiogasCHP/DGEN1.Mod.origin.orIdent)
14:23:46.828 [openiec61850-osi-server-7-thread-1] DEBUG com.beanit.openiec61850.ServerAssociation - Got a GetDataValues request for node: IEDBiogasCHP/DGEN1.Mod.origin.orIdent: []
calling GetDataValues(IEDBiogasCHP/DGEN1.Mod.ctlNum)
14:23:46.828 [openiec61850-osi-server-7-thread-1] DEBUG com.beanit.openiec61850.ServerAssociation - Got a GetDataValues request for node: IEDBiogasCHP/DGEN1.Mod.ctlNum: 0
calling GetDataValues(IEDBiogasCHP/DGEN1.Mod.stVal)
14:23:46.829 [openiec61850-osi-server-7-thread-1] DEBUG com.beanit.openiec61850.ServerAssociation - Got a GetDataValues request for node: IEDBiogasCHP/DGEN1.Mod.stVal: 0
calling GetDataValues(IEDBiogasCHP/DGEN1.Mod.q)
14:23:46.829 [openiec61850-osi-server-7-thread-1] DEBUG com.beanit.openiec61850.ServerAssociation - Got a GetDataValues request for node: IEDBiogasCHP/DGEN1.Mod.q: 0x00 0x00
calling GetDataValues(IEDBiogasCHP/DGEN1.Mod.t)
14:23:46.829 [openiec61850-osi-server-7-thread-1] DEBUG com.beanit.openiec61850.ServerAssociation - Got a GetDataValues request for node: IEDBiogasCHP/DGEN1.Mod.t: Thu Jan 01 01:00:00 CET 1970
calling GetDataValues(IEDBiogasCHP/DGEN1.Mod.stSeld)
14:23:46.829 [openiec61850-osi-server-7-thread-1] DEBUG com.beanit.openiec61850.ServerAssociation - Got a GetDataValues request for node: IEDBiogasCHP/DGEN1.Mod.stSeld: false
calling GetDataValues(IEDBiogasCHP/DGEN1.Mod)
14:23:46.829 [openiec61850-osi-server-7-thread-1] DEBUG com.beanit.openiec61850.ServerAssociation - Got a GetDataValues request for node: IEDBiogasCHP/DGEN1.Mod [SV]
IEDBiogasCHP/DGEN1.Mod.subEna: false
IEDBiogasCHP/DGEN1.Mod.subVal: 0
IEDBiogasCHP/DGEN1.Mod.subQ: 0x00 0x00
IEDBiogasCHP/DGEN1.Mod.subID: ''
14:23:46.829 [openiec61850-osi-server-7-thread-1] DEBUG com.beanit.openiec61850.ServerAssociation - sub BDA is:IEDBiogasCHP/DGEN1.Mod.subEna: false
14:23:46.829 [openiec61850-osi-server-7-thread-1] DEBUG com.beanit.openiec61850.ServerAssociation - sub BDA is:IEDBiogasCHP/DGEN1.Mod.subVal: 0
14:23:46.829 [openiec61850-osi-server-7-thread-1] DEBUG com.beanit.openiec61850.ServerAssociation - sub BDA is:IEDBiogasCHP/DGEN1.Mod.subQ: 0x00 0x00
14:23:46.829 [openiec61850-osi-server-7-thread-1] DEBUG com.beanit.openiec61850.ServerAssociation - sub BDA is:IEDBiogasCHP/DGEN1.Mod.subID: ''
calling GetDataValues(IEDBiogasCHP/DGEN1.Mod.subEna)
14:23:46.829 [openiec61850-osi-server-7-thread-1] DEBUG com.beanit.openiec61850.ServerAssociation - Got a GetDataValues request for node: IEDBiogasCHP/DGEN1.Mod.subEna: false
calling GetDataValues(IEDBiogasCHP/DGEN1.Mod.subVal)
14:23:46.829 [openiec61850-osi-server-7-thread-1] DEBUG com.beanit.openiec61850.ServerAssociation - Got a GetDataValues request for node: IEDBiogasCHP/DGEN1.Mod.subVal: 0
calling GetDataValues(IEDBiogasCHP/DGEN1.Mod.subQ)
14:23:46.830 [openiec61850-osi-server-7-thread-1] DEBUG com.beanit.openiec61850.ServerAssociation - Got a GetDataValues request for node: IEDBiogasCHP/DGEN1.Mod.subQ: 0x00 0x00
calling GetDataValues(IEDBiogasCHP/DGEN1.Mod.subID)
14:23:46.830 [openiec61850-osi-server-7-thread-1] DEBUG com.beanit.openiec61850.ServerAssociation - Got a GetDataValues request for node: IEDBiogasCHP/DGEN1.Mod.subID: ''
calling GetDataValues(IEDBiogasCHP/DGEN1.Mod)
14:23:46.830 [openiec61850-osi-server-7-thread-1] DEBUG com.beanit.openiec61850.ServerAssociation - Got a GetDataValues request for node: IEDBiogasCHP/DGEN1.Mod [CF]
IEDBiogasCHP/DGEN1.Mod.ctlModel: 0
IEDBiogasCHP/DGEN1.Mod.sboTimeout: 0
IEDBiogasCHP/DGEN1.Mod.sboClass: 0
IEDBiogasCHP/DGEN1.Mod.minVal: 0
IEDBiogasCHP/DGEN1.Mod.maxVal: 0
IEDBiogasCHP/DGEN1.Mod.stepSize: 0
14:23:46.830 [openiec61850-osi-server-7-thread-1] DEBUG com.beanit.openiec61850.ServerAssociation - sub BDA is:IEDBiogasCHP/DGEN1.Mod.ctlModel: 0
14:23:46.830 [openiec61850-osi-server-7-thread-1] DEBUG com.beanit.openiec61850.ServerAssociation - sub BDA is:IEDBiogasCHP/DGEN1.Mod.sboTimeout: 0
14:23:46.830 [openiec61850-osi-server-7-thread-1] DEBUG com.beanit.openiec61850.ServerAssociation - sub BDA is:IEDBiogasCHP/DGEN1.Mod.sboClass: 0
14:23:46.830 [openiec61850-osi-server-7-thread-1] DEBUG com.beanit.openiec61850.ServerAssociation - sub BDA is:IEDBiogasCHP/DGEN1.Mod.minVal: 0
14:23:46.830 [openiec61850-osi-server-7-thread-1] DEBUG com.beanit.openiec61850.ServerAssociation - sub BDA is:IEDBiogasCHP/DGEN1.Mod.maxVal: 0
14:23:46.830 [openiec61850-osi-server-7-thread-1] DEBUG com.beanit.openiec61850.ServerAssociation - sub BDA is:IEDBiogasCHP/DGEN1.Mod.stepSize: 0
calling GetDataValues(IEDBiogasCHP/DGEN1.Mod.ctlModel)
14:23:46.830 [openiec61850-osi-server-7-thread-1] DEBUG com.beanit.openiec61850.ServerAssociation - Got a GetDataValues request for node: IEDBiogasCHP/DGEN1.Mod.ctlModel: 0
calling GetDataValues(IEDBiogasCHP/DGEN1.Mod.sboTimeout)
14:23:46.830 [openiec61850-osi-server-7-thread-1] DEBUG com.beanit.openiec61850.ServerAssociation - Got a GetDataValues request for node: IEDBiogasCHP/DGEN1.Mod.sboTimeout: 0
calling GetDataValues(IEDBiogasCHP/DGEN1.Mod.sboClass)
14:23:46.830 [openiec61850-osi-server-7-thread-1] DEBUG com.beanit.openiec61850.ServerAssociation - Got a GetDataValues request for node: IEDBiogasCHP/DGEN1.Mod.sboClass: 0
calling GetDataValues(IEDBiogasCHP/DGEN1.Mod.minVal)
14:23:46.830 [openiec61850-osi-server-7-thread-1] DEBUG com.beanit.openiec61850.ServerAssociation - Got a GetDataValues request for node: IEDBiogasCHP/DGEN1.Mod.minVal: 0
calling GetDataValues(IEDBiogasCHP/DGEN1.Mod.maxVal)
14:23:46.831 [openiec61850-osi-server-7-thread-1] DEBUG com.beanit.openiec61850.ServerAssociation - Got a GetDataValues request for node: IEDBiogasCHP/DGEN1.Mod.maxVal: 0
calling GetDataValues(IEDBiogasCHP/DGEN1.Mod.stepSize)
14:23:46.831 [openiec61850-osi-server-7-thread-1] DEBUG com.beanit.openiec61850.ServerAssociation - Got a GetDataValues request for node: IEDBiogasCHP/DGEN1.Mod.stepSize: 0
calling GetDataValues(IEDBiogasCHP/DGEN1.Mod)
14:23:46.831 [openiec61850-osi-server-7-thread-1] DEBUG com.beanit.openiec61850.ServerAssociation - Got a GetDataValues request for node: IEDBiogasCHP/DGEN1.Mod [DC]
IEDBiogasCHP/DGEN1.Mod.d: ''
IEDBiogasCHP/DGEN1.Mod.dU: 
14:23:46.831 [openiec61850-osi-server-7-thread-1] DEBUG com.beanit.openiec61850.ServerAssociation - sub BDA is:IEDBiogasCHP/DGEN1.Mod.d: ''
14:23:46.831 [openiec61850-osi-server-7-thread-1] DEBUG com.beanit.openiec61850.ServerAssociation - sub BDA is:IEDBiogasCHP/DGEN1.Mod.dU: 
calling GetDataValues(IEDBiogasCHP/DGEN1.Mod.d)
14:23:46.831 [openiec61850-osi-server-7-thread-1] DEBUG com.beanit.openiec61850.ServerAssociation - Got a GetDataValues request for node: IEDBiogasCHP/DGEN1.Mod.d: ''
calling GetDataValues(IEDBiogasCHP/DGEN1.Mod.dU)
14:23:46.831 [openiec61850-osi-server-7-thread-1] DEBUG com.beanit.openiec61850.ServerAssociation - Got a GetDataValues request for node: IEDBiogasCHP/DGEN1.Mod.dU: 
calling GetDataValues(IEDBiogasCHP/DGEN1.Mod)
14:23:46.831 [openiec61850-osi-server-7-thread-1] DEBUG com.beanit.openiec61850.ServerAssociation - Got a GetDataValues request for node: IEDBiogasCHP/DGEN1.Mod [EX]
IEDBiogasCHP/DGEN1.Mod.cdcNs: ''
IEDBiogasCHP/DGEN1.Mod.cdcName: ''
IEDBiogasCHP/DGEN1.Mod.dataNs: ''
14:23:46.831 [openiec61850-osi-server-7-thread-1] DEBUG com.beanit.openiec61850.ServerAssociation - sub BDA is:IEDBiogasCHP/DGEN1.Mod.cdcNs: ''
14:23:46.831 [openiec61850-osi-server-7-thread-1] DEBUG com.beanit.openiec61850.ServerAssociation - sub BDA is:IEDBiogasCHP/DGEN1.Mod.cdcName: ''
14:23:46.831 [openiec61850-osi-server-7-thread-1] DEBUG com.beanit.openiec61850.ServerAssociation - sub BDA is:IEDBiogasCHP/DGEN1.Mod.dataNs: ''
calling GetDataValues(IEDBiogasCHP/DGEN1.Mod.cdcNs)
14:23:46.831 [openiec61850-osi-server-7-thread-1] DEBUG com.beanit.openiec61850.ServerAssociation - Got a GetDataValues request for node: IEDBiogasCHP/DGEN1.Mod.cdcNs: ''
calling GetDataValues(IEDBiogasCHP/DGEN1.Mod.cdcName)
14:23:46.832 [openiec61850-osi-server-7-thread-1] DEBUG com.beanit.openiec61850.ServerAssociation - Got a GetDataValues request for node: IEDBiogasCHP/DGEN1.Mod.cdcName: ''
calling GetDataValues(IEDBiogasCHP/DGEN1.Mod.dataNs)
14:23:46.832 [openiec61850-osi-server-7-thread-1] DEBUG com.beanit.openiec61850.ServerAssociation - Got a GetDataValues request for node: IEDBiogasCHP/DGEN1.Mod.dataNs: ''
calling GetDataValues(IEDBiogasCHP/DGEN1.Beh)
14:23:46.832 [openiec61850-osi-server-7-thread-1] DEBUG com.beanit.openiec61850.ServerAssociation - Got a GetDataValues request for node: IEDBiogasCHP/DGEN1.Beh [ST]
IEDBiogasCHP/DGEN1.Beh.stVal: 0
IEDBiogasCHP/DGEN1.Beh.q: 0x00 0x00
IEDBiogasCHP/DGEN1.Beh.t: Thu Jan 01 01:00:00 CET 1970
14:23:46.832 [openiec61850-osi-server-7-thread-1] DEBUG com.beanit.openiec61850.ServerAssociation - sub BDA is:IEDBiogasCHP/DGEN1.Beh.stVal: 0
14:23:46.832 [openiec61850-osi-server-7-thread-1] DEBUG com.beanit.openiec61850.ServerAssociation - sub BDA is:IEDBiogasCHP/DGEN1.Beh.q: 0x00 0x00
14:23:46.832 [openiec61850-osi-server-7-thread-1] DEBUG com.beanit.openiec61850.ServerAssociation - sub BDA is:IEDBiogasCHP/DGEN1.Beh.t: Thu Jan 01 01:00:00 CET 1970
calling GetDataValues(IEDBiogasCHP/DGEN1.Beh.stVal)
14:23:46.832 [openiec61850-osi-server-7-thread-1] DEBUG com.beanit.openiec61850.ServerAssociation - Got a GetDataValues request for node: IEDBiogasCHP/DGEN1.Beh.stVal: 0
calling GetDataValues(IEDBiogasCHP/DGEN1.Beh.q)
14:23:46.832 [openiec61850-osi-server-7-thread-1] DEBUG com.beanit.openiec61850.ServerAssociation - Got a GetDataValues request for node: IEDBiogasCHP/DGEN1.Beh.q: 0x00 0x00
calling GetDataValues(IEDBiogasCHP/DGEN1.Beh.t)
14:23:46.833 [openiec61850-osi-server-7-thread-1] DEBUG com.beanit.openiec61850.ServerAssociation - Got a GetDataValues request for node: IEDBiogasCHP/DGEN1.Beh.t: Thu Jan 01 01:00:00 CET 1970
calling GetDataValues(IEDBiogasCHP/DGEN1.Beh)
14:23:46.833 [openiec61850-osi-server-7-thread-1] DEBUG com.beanit.openiec61850.ServerAssociation - Got a GetDataValues request for node: IEDBiogasCHP/DGEN1.Beh [SV]
IEDBiogasCHP/DGEN1.Beh.subEna: false
IEDBiogasCHP/DGEN1.Beh.subVal: 0
IEDBiogasCHP/DGEN1.Beh.subQ: 0x00 0x00
IEDBiogasCHP/DGEN1.Beh.subID: ''
14:23:46.833 [openiec61850-osi-server-7-thread-1] DEBUG com.beanit.openiec61850.ServerAssociation - sub BDA is:IEDBiogasCHP/DGEN1.Beh.subEna: false
14:23:46.833 [openiec61850-osi-server-7-thread-1] DEBUG com.beanit.openiec61850.ServerAssociation - sub BDA is:IEDBiogasCHP/DGEN1.Beh.subVal: 0
14:23:46.833 [openiec61850-osi-server-7-thread-1] DEBUG com.beanit.openiec61850.ServerAssociation - sub BDA is:IEDBiogasCHP/DGEN1.Beh.subQ: 0x00 0x00
14:23:46.833 [openiec61850-osi-server-7-thread-1] DEBUG com.beanit.openiec61850.ServerAssociation - sub BDA is:IEDBiogasCHP/DGEN1.Beh.subID: ''
calling GetDataValues(IEDBiogasCHP/DGEN1.Beh.subEna)
14:23:46.833 [openiec61850-osi-server-7-thread-1] DEBUG com.beanit.openiec61850.ServerAssociation - Got a GetDataValues request for node: IEDBiogasCHP/DGEN1.Beh.subEna: false
calling GetDataValues(IEDBiogasCHP/DGEN1.Beh.subVal)
14:23:46.833 [openiec61850-osi-server-7-thread-1] DEBUG com.beanit.openiec61850.ServerAssociation - Got a GetDataValues request for node: IEDBiogasCHP/DGEN1.Beh.subVal: 0
calling GetDataValues(IEDBiogasCHP/DGEN1.Beh.subQ)
14:23:46.833 [openiec61850-osi-server-7-thread-1] DEBUG com.beanit.openiec61850.ServerAssociation - Got a GetDataValues request for node: IEDBiogasCHP/DGEN1.Beh.subQ: 0x00 0x00
calling GetDataValues(IEDBiogasCHP/DGEN1.Beh.subID)
14:23:46.833 [openiec61850-osi-server-7-thread-1] DEBUG com.beanit.openiec61850.ServerAssociation - Got a GetDataValues request for node: IEDBiogasCHP/DGEN1.Beh.subID: ''
calling GetDataValues(IEDBiogasCHP/DGEN1.Beh)
14:23:46.833 [openiec61850-osi-server-7-thread-1] DEBUG com.beanit.openiec61850.ServerAssociation - Got a GetDataValues request for node: IEDBiogasCHP/DGEN1.Beh [DC]
IEDBiogasCHP/DGEN1.Beh.d: ''
IEDBiogasCHP/DGEN1.Beh.dU: 
14:23:46.833 [openiec61850-osi-server-7-thread-1] DEBUG com.beanit.openiec61850.ServerAssociation - sub BDA is:IEDBiogasCHP/DGEN1.Beh.d: ''
14:23:46.833 [openiec61850-osi-server-7-thread-1] DEBUG com.beanit.openiec61850.ServerAssociation - sub BDA is:IEDBiogasCHP/DGEN1.Beh.dU: 
calling GetDataValues(IEDBiogasCHP/DGEN1.Beh.d)
14:23:46.833 [openiec61850-osi-server-7-thread-1] DEBUG com.beanit.openiec61850.ServerAssociation - Got a GetDataValues request for node: IEDBiogasCHP/DGEN1.Beh.d: ''
calling GetDataValues(IEDBiogasCHP/DGEN1.Beh.dU)
14:23:46.834 [openiec61850-osi-server-7-thread-1] DEBUG com.beanit.openiec61850.ServerAssociation - Got a GetDataValues request for node: IEDBiogasCHP/DGEN1.Beh.dU: 
calling GetDataValues(IEDBiogasCHP/DGEN1.Beh)
14:23:46.834 [openiec61850-osi-server-7-thread-1] DEBUG com.beanit.openiec61850.ServerAssociation - Got a GetDataValues request for node: IEDBiogasCHP/DGEN1.Beh [EX]
IEDBiogasCHP/DGEN1.Beh.cdcNs: ''
IEDBiogasCHP/DGEN1.Beh.cdcName: ''
IEDBiogasCHP/DGEN1.Beh.dataNs: ''
14:23:46.834 [openiec61850-osi-server-7-thread-1] DEBUG com.beanit.openiec61850.ServerAssociation - sub BDA is:IEDBiogasCHP/DGEN1.Beh.cdcNs: ''
14:23:46.834 [openiec61850-osi-server-7-thread-1] DEBUG com.beanit.openiec61850.ServerAssociation - sub BDA is:IEDBiogasCHP/DGEN1.Beh.cdcName: ''
14:23:46.834 [openiec61850-osi-server-7-thread-1] DEBUG com.beanit.openiec61850.ServerAssociation - sub BDA is:IEDBiogasCHP/DGEN1.Beh.dataNs: ''
calling GetDataValues(IEDBiogasCHP/DGEN1.Beh.cdcNs)
14:23:46.834 [openiec61850-osi-server-7-thread-1] DEBUG com.beanit.openiec61850.ServerAssociation - Got a GetDataValues request for node: IEDBiogasCHP/DGEN1.Beh.cdcNs: ''
calling GetDataValues(IEDBiogasCHP/DGEN1.Beh.cdcName)
14:23:46.834 [openiec61850-osi-server-7-thread-1] DEBUG com.beanit.openiec61850.ServerAssociation - Got a GetDataValues request for node: IEDBiogasCHP/DGEN1.Beh.cdcName: ''
calling GetDataValues(IEDBiogasCHP/DGEN1.Beh.dataNs)
14:23:46.834 [openiec61850-osi-server-7-thread-1] DEBUG com.beanit.openiec61850.ServerAssociation - Got a GetDataValues request for node: IEDBiogasCHP/DGEN1.Beh.dataNs: ''
calling GetDataValues(IEDBiogasCHP/DGEN1.Health)
14:23:46.834 [openiec61850-osi-server-7-thread-1] DEBUG com.beanit.openiec61850.ServerAssociation - Got a GetDataValues request for node: IEDBiogasCHP/DGEN1.Health [ST]
IEDBiogasCHP/DGEN1.Health.stVal: 0
IEDBiogasCHP/DGEN1.Health.q: 0x00 0x00
IEDBiogasCHP/DGEN1.Health.t: Thu Jan 01 01:00:00 CET 1970
14:23:46.834 [openiec61850-osi-server-7-thread-1] DEBUG com.beanit.openiec61850.ServerAssociation - sub BDA is:IEDBiogasCHP/DGEN1.Health.stVal: 0
14:23:46.834 [openiec61850-osi-server-7-thread-1] DEBUG com.beanit.openiec61850.ServerAssociation - sub BDA is:IEDBiogasCHP/DGEN1.Health.q: 0x00 0x00
14:23:46.834 [openiec61850-osi-server-7-thread-1] DEBUG com.beanit.openiec61850.ServerAssociation - sub BDA is:IEDBiogasCHP/DGEN1.Health.t: Thu Jan 01 01:00:00 CET 1970
calling GetDataValues(IEDBiogasCHP/DGEN1.Health.stVal)
14:23:46.835 [openiec61850-osi-server-7-thread-1] DEBUG com.beanit.openiec61850.ServerAssociation - Got a GetDataValues request for node: IEDBiogasCHP/DGEN1.Health.stVal: 0
calling GetDataValues(IEDBiogasCHP/DGEN1.Health.q)
14:23:46.835 [openiec61850-osi-server-7-thread-1] DEBUG com.beanit.openiec61850.ServerAssociation - Got a GetDataValues request for node: IEDBiogasCHP/DGEN1.Health.q: 0x00 0x00
calling GetDataValues(IEDBiogasCHP/DGEN1.Health.t)
14:23:46.835 [openiec61850-osi-server-7-thread-1] DEBUG com.beanit.openiec61850.ServerAssociation - Got a GetDataValues request for node: IEDBiogasCHP/DGEN1.Health.t: Thu Jan 01 01:00:00 CET 1970
calling GetDataValues(IEDBiogasCHP/DGEN1.Health)
14:23:46.835 [openiec61850-osi-server-7-thread-1] DEBUG com.beanit.openiec61850.ServerAssociation - Got a GetDataValues request for node: IEDBiogasCHP/DGEN1.Health [SV]
IEDBiogasCHP/DGEN1.Health.subEna: false
IEDBiogasCHP/DGEN1.Health.subVal: 0
IEDBiogasCHP/DGEN1.Health.subQ: 0x00 0x00
IEDBiogasCHP/DGEN1.Health.subID: ''
14:23:46.835 [openiec61850-osi-server-7-thread-1] DEBUG com.beanit.openiec61850.ServerAssociation - sub BDA is:IEDBiogasCHP/DGEN1.Health.subEna: false
14:23:46.835 [openiec61850-osi-server-7-thread-1] DEBUG com.beanit.openiec61850.ServerAssociation - sub BDA is:IEDBiogasCHP/DGEN1.Health.subVal: 0
14:23:46.835 [openiec61850-osi-server-7-thread-1] DEBUG com.beanit.openiec61850.ServerAssociation - sub BDA is:IEDBiogasCHP/DGEN1.Health.subQ: 0x00 0x00
14:23:46.835 [openiec61850-osi-server-7-thread-1] DEBUG com.beanit.openiec61850.ServerAssociation - sub BDA is:IEDBiogasCHP/DGEN1.Health.subID: ''
calling GetDataValues(IEDBiogasCHP/DGEN1.Health.subEna)
14:23:46.835 [openiec61850-osi-server-7-thread-1] DEBUG com.beanit.openiec61850.ServerAssociation - Got a GetDataValues request for node: IEDBiogasCHP/DGEN1.Health.subEna: false
calling GetDataValues(IEDBiogasCHP/DGEN1.Health.subVal)
14:23:46.835 [openiec61850-osi-server-7-thread-1] DEBUG com.beanit.openiec61850.ServerAssociation - Got a GetDataValues request for node: IEDBiogasCHP/DGEN1.Health.subVal: 0
calling GetDataValues(IEDBiogasCHP/DGEN1.Health.subQ)
14:23:46.835 [openiec61850-osi-server-7-thread-1] DEBUG com.beanit.openiec61850.ServerAssociation - Got a GetDataValues request for node: IEDBiogasCHP/DGEN1.Health.subQ: 0x00 0x00
calling GetDataValues(IEDBiogasCHP/DGEN1.Health.subID)
14:23:46.836 [openiec61850-osi-server-7-thread-1] DEBUG com.beanit.openiec61850.ServerAssociation - Got a GetDataValues request for node: IEDBiogasCHP/DGEN1.Health.subID: ''
calling GetDataValues(IEDBiogasCHP/DGEN1.Health)
14:23:46.836 [openiec61850-osi-server-7-thread-1] DEBUG com.beanit.openiec61850.ServerAssociation - Got a GetDataValues request for node: IEDBiogasCHP/DGEN1.Health [DC]
IEDBiogasCHP/DGEN1.Health.d: ''
IEDBiogasCHP/DGEN1.Health.dU: 
14:23:46.836 [openiec61850-osi-server-7-thread-1] DEBUG com.beanit.openiec61850.ServerAssociation - sub BDA is:IEDBiogasCHP/DGEN1.Health.d: ''
14:23:46.836 [openiec61850-osi-server-7-thread-1] DEBUG com.beanit.openiec61850.ServerAssociation - sub BDA is:IEDBiogasCHP/DGEN1.Health.dU: 
calling GetDataValues(IEDBiogasCHP/DGEN1.Health.d)
14:23:46.836 [openiec61850-osi-server-7-thread-1] DEBUG com.beanit.openiec61850.ServerAssociation - Got a GetDataValues request for node: IEDBiogasCHP/DGEN1.Health.d: ''
calling GetDataValues(IEDBiogasCHP/DGEN1.Health.dU)
14:23:46.836 [openiec61850-osi-server-7-thread-1] DEBUG com.beanit.openiec61850.ServerAssociation - Got a GetDataValues request for node: IEDBiogasCHP/DGEN1.Health.dU: 
calling GetDataValues(IEDBiogasCHP/DGEN1.Health)
14:23:46.836 [openiec61850-osi-server-7-thread-1] DEBUG com.beanit.openiec61850.ServerAssociation - Got a GetDataValues request for node: IEDBiogasCHP/DGEN1.Health [EX]
IEDBiogasCHP/DGEN1.Health.cdcNs: ''
IEDBiogasCHP/DGEN1.Health.cdcName: ''
IEDBiogasCHP/DGEN1.Health.dataNs: ''
14:23:46.836 [openiec61850-osi-server-7-thread-1] DEBUG com.beanit.openiec61850.ServerAssociation - sub BDA is:IEDBiogasCHP/DGEN1.Health.cdcNs: ''
14:23:46.836 [openiec61850-osi-server-7-thread-1] DEBUG com.beanit.openiec61850.ServerAssociation - sub BDA is:IEDBiogasCHP/DGEN1.Health.cdcName: ''
14:23:46.836 [openiec61850-osi-server-7-thread-1] DEBUG com.beanit.openiec61850.ServerAssociation - sub BDA is:IEDBiogasCHP/DGEN1.Health.dataNs: ''
calling GetDataValues(IEDBiogasCHP/DGEN1.Health.cdcNs)
14:23:46.836 [openiec61850-osi-server-7-thread-1] DEBUG com.beanit.openiec61850.ServerAssociation - Got a GetDataValues request for node: IEDBiogasCHP/DGEN1.Health.cdcNs: ''
calling GetDataValues(IEDBiogasCHP/DGEN1.Health.cdcName)
14:23:46.837 [openiec61850-osi-server-7-thread-1] DEBUG com.beanit.openiec61850.ServerAssociation - Got a GetDataValues request for node: IEDBiogasCHP/DGEN1.Health.cdcName: ''
calling GetDataValues(IEDBiogasCHP/DGEN1.Health.dataNs)
14:23:46.837 [openiec61850-osi-server-7-thread-1] DEBUG com.beanit.openiec61850.ServerAssociation - Got a GetDataValues request for node: IEDBiogasCHP/DGEN1.Health.dataNs: ''
calling GetDataValues(IEDBiogasCHP/DGEN1.NamPlt)
14:23:46.837 [openiec61850-osi-server-7-thread-1] DEBUG com.beanit.openiec61850.ServerAssociation - Got a GetDataValues request for node: IEDBiogasCHP/DGEN1.NamPlt [DC]
IEDBiogasCHP/DGEN1.NamPlt.vendor: ''
IEDBiogasCHP/DGEN1.NamPlt.swRev: ''
IEDBiogasCHP/DGEN1.NamPlt.d: ''
IEDBiogasCHP/DGEN1.NamPlt.dU: 
IEDBiogasCHP/DGEN1.NamPlt.configRev: ''
14:23:46.837 [openiec61850-osi-server-7-thread-1] DEBUG com.beanit.openiec61850.ServerAssociation - sub BDA is:IEDBiogasCHP/DGEN1.NamPlt.vendor: ''
14:23:46.837 [openiec61850-osi-server-7-thread-1] DEBUG com.beanit.openiec61850.ServerAssociation - sub BDA is:IEDBiogasCHP/DGEN1.NamPlt.swRev: ''
14:23:46.837 [openiec61850-osi-server-7-thread-1] DEBUG com.beanit.openiec61850.ServerAssociation - sub BDA is:IEDBiogasCHP/DGEN1.NamPlt.d: ''
14:23:46.837 [openiec61850-osi-server-7-thread-1] DEBUG com.beanit.openiec61850.ServerAssociation - sub BDA is:IEDBiogasCHP/DGEN1.NamPlt.dU: 
14:23:46.837 [openiec61850-osi-server-7-thread-1] DEBUG com.beanit.openiec61850.ServerAssociation - sub BDA is:IEDBiogasCHP/DGEN1.NamPlt.configRev: ''
calling GetDataValues(IEDBiogasCHP/DGEN1.NamPlt.vendor)
14:23:46.837 [openiec61850-osi-server-7-thread-1] DEBUG com.beanit.openiec61850.ServerAssociation - Got a GetDataValues request for node: IEDBiogasCHP/DGEN1.NamPlt.vendor: ''
calling GetDataValues(IEDBiogasCHP/DGEN1.NamPlt.swRev)
14:23:46.837 [openiec61850-osi-server-7-thread-1] DEBUG com.beanit.openiec61850.ServerAssociation - Got a GetDataValues request for node: IEDBiogasCHP/DGEN1.NamPlt.swRev: ''
calling GetDataValues(IEDBiogasCHP/DGEN1.NamPlt.d)
14:23:46.837 [openiec61850-osi-server-7-thread-1] DEBUG com.beanit.openiec61850.ServerAssociation - Got a GetDataValues request for node: IEDBiogasCHP/DGEN1.NamPlt.d: ''
calling GetDataValues(IEDBiogasCHP/DGEN1.NamPlt.dU)
14:23:46.837 [openiec61850-osi-server-7-thread-1] DEBUG com.beanit.openiec61850.ServerAssociation - Got a GetDataValues request for node: IEDBiogasCHP/DGEN1.NamPlt.dU: 
calling GetDataValues(IEDBiogasCHP/DGEN1.NamPlt.configRev)
14:23:46.837 [openiec61850-osi-server-7-thread-1] DEBUG com.beanit.openiec61850.ServerAssociation - Got a GetDataValues request for node: IEDBiogasCHP/DGEN1.NamPlt.configRev: ''
calling GetDataValues(IEDBiogasCHP/DGEN1.NamPlt)
14:23:46.838 [openiec61850-osi-server-7-thread-1] DEBUG com.beanit.openiec61850.ServerAssociation - Got a GetDataValues request for node: IEDBiogasCHP/DGEN1.NamPlt [EX]
IEDBiogasCHP/DGEN1.NamPlt.ldNs: ''
IEDBiogasCHP/DGEN1.NamPlt.lnNs: ''
IEDBiogasCHP/DGEN1.NamPlt.cdcNs: ''
IEDBiogasCHP/DGEN1.NamPlt.cdcName: ''
IEDBiogasCHP/DGEN1.NamPlt.dataNs: ''
14:23:46.838 [openiec61850-osi-server-7-thread-1] DEBUG com.beanit.openiec61850.ServerAssociation - sub BDA is:IEDBiogasCHP/DGEN1.NamPlt.ldNs: ''
14:23:46.838 [openiec61850-osi-server-7-thread-1] DEBUG com.beanit.openiec61850.ServerAssociation - sub BDA is:IEDBiogasCHP/DGEN1.NamPlt.lnNs: ''
14:23:46.838 [openiec61850-osi-server-7-thread-1] DEBUG com.beanit.openiec61850.ServerAssociation - sub BDA is:IEDBiogasCHP/DGEN1.NamPlt.cdcNs: ''
14:23:46.838 [openiec61850-osi-server-7-thread-1] DEBUG com.beanit.openiec61850.ServerAssociation - sub BDA is:IEDBiogasCHP/DGEN1.NamPlt.cdcName: ''
14:23:46.838 [openiec61850-osi-server-7-thread-1] DEBUG com.beanit.openiec61850.ServerAssociation - sub BDA is:IEDBiogasCHP/DGEN1.NamPlt.dataNs: ''
calling GetDataValues(IEDBiogasCHP/DGEN1.NamPlt.ldNs)
14:23:46.838 [openiec61850-osi-server-7-thread-1] DEBUG com.beanit.openiec61850.ServerAssociation - Got a GetDataValues request for node: IEDBiogasCHP/DGEN1.NamPlt.ldNs: ''
calling GetDataValues(IEDBiogasCHP/DGEN1.NamPlt.lnNs)
14:23:46.838 [openiec61850-osi-server-7-thread-1] DEBUG com.beanit.openiec61850.ServerAssociation - Got a GetDataValues request for node: IEDBiogasCHP/DGEN1.NamPlt.lnNs: ''
calling GetDataValues(IEDBiogasCHP/DGEN1.NamPlt.cdcNs)
14:23:46.838 [openiec61850-osi-server-7-thread-1] DEBUG com.beanit.openiec61850.ServerAssociation - Got a GetDataValues request for node: IEDBiogasCHP/DGEN1.NamPlt.cdcNs: ''
calling GetDataValues(IEDBiogasCHP/DGEN1.NamPlt.cdcName)
14:23:46.838 [openiec61850-osi-server-7-thread-1] DEBUG com.beanit.openiec61850.ServerAssociation - Got a GetDataValues request for node: IEDBiogasCHP/DGEN1.NamPlt.cdcName: ''
calling GetDataValues(IEDBiogasCHP/DGEN1.NamPlt.dataNs)
14:23:46.838 [openiec61850-osi-server-7-thread-1] DEBUG com.beanit.openiec61850.ServerAssociation - Got a GetDataValues request for node: IEDBiogasCHP/DGEN1.NamPlt.dataNs: ''
calling GetDataValues(IEDBiogasCHP/DGEN1.OpTmh)
14:23:46.839 [openiec61850-osi-server-7-thread-1] DEBUG com.beanit.openiec61850.ServerAssociation - Got a GetDataValues request for node: IEDBiogasCHP/DGEN1.OpTmh [ST]
IEDBiogasCHP/DGEN1.OpTmh.stVal: 0
IEDBiogasCHP/DGEN1.OpTmh.q: 0x00 0x00
IEDBiogasCHP/DGEN1.OpTmh.t: Thu Jan 01 01:00:00 CET 1970
14:23:46.839 [openiec61850-osi-server-7-thread-1] DEBUG com.beanit.openiec61850.ServerAssociation - sub BDA is:IEDBiogasCHP/DGEN1.OpTmh.stVal: 0
14:23:46.839 [openiec61850-osi-server-7-thread-1] DEBUG com.beanit.openiec61850.ServerAssociation - sub BDA is:IEDBiogasCHP/DGEN1.OpTmh.q: 0x00 0x00
14:23:46.839 [openiec61850-osi-server-7-thread-1] DEBUG com.beanit.openiec61850.ServerAssociation - sub BDA is:IEDBiogasCHP/DGEN1.OpTmh.t: Thu Jan 01 01:00:00 CET 1970
calling GetDataValues(IEDBiogasCHP/DGEN1.OpTmh.stVal)
14:23:46.839 [openiec61850-osi-server-7-thread-1] DEBUG com.beanit.openiec61850.ServerAssociation - Got a GetDataValues request for node: IEDBiogasCHP/DGEN1.OpTmh.stVal: 0
calling GetDataValues(IEDBiogasCHP/DGEN1.OpTmh.q)
14:23:46.839 [openiec61850-osi-server-7-thread-1] DEBUG com.beanit.openiec61850.ServerAssociation - Got a GetDataValues request for node: IEDBiogasCHP/DGEN1.OpTmh.q: 0x00 0x00
calling GetDataValues(IEDBiogasCHP/DGEN1.OpTmh.t)
14:23:46.839 [openiec61850-osi-server-7-thread-1] DEBUG com.beanit.openiec61850.ServerAssociation - Got a GetDataValues request for node: IEDBiogasCHP/DGEN1.OpTmh.t: Thu Jan 01 01:00:00 CET 1970
calling GetDataValues(IEDBiogasCHP/DGEN1.OpTmh)
14:23:46.839 [openiec61850-osi-server-7-thread-1] DEBUG com.beanit.openiec61850.ServerAssociation - Got a GetDataValues request for node: IEDBiogasCHP/DGEN1.OpTmh [SV]
IEDBiogasCHP/DGEN1.OpTmh.subEna: false
IEDBiogasCHP/DGEN1.OpTmh.subVal: 0
IEDBiogasCHP/DGEN1.OpTmh.subQ: 0x00 0x00
IEDBiogasCHP/DGEN1.OpTmh.subID: ''
14:23:46.839 [openiec61850-osi-server-7-thread-1] DEBUG com.beanit.openiec61850.ServerAssociation - sub BDA is:IEDBiogasCHP/DGEN1.OpTmh.subEna: false
14:23:46.839 [openiec61850-osi-server-7-thread-1] DEBUG com.beanit.openiec61850.ServerAssociation - sub BDA is:IEDBiogasCHP/DGEN1.OpTmh.subVal: 0
14:23:46.839 [openiec61850-osi-server-7-thread-1] DEBUG com.beanit.openiec61850.ServerAssociation - sub BDA is:IEDBiogasCHP/DGEN1.OpTmh.subQ: 0x00 0x00
14:23:46.839 [openiec61850-osi-server-7-thread-1] DEBUG com.beanit.openiec61850.ServerAssociation - sub BDA is:IEDBiogasCHP/DGEN1.OpTmh.subID: ''
calling GetDataValues(IEDBiogasCHP/DGEN1.OpTmh.subEna)
14:23:46.840 [openiec61850-osi-server-7-thread-1] DEBUG com.beanit.openiec61850.ServerAssociation - Got a GetDataValues request for node: IEDBiogasCHP/DGEN1.OpTmh.subEna: false
calling GetDataValues(IEDBiogasCHP/DGEN1.OpTmh.subVal)
14:23:46.840 [openiec61850-osi-server-7-thread-1] DEBUG com.beanit.openiec61850.ServerAssociation - Got a GetDataValues request for node: IEDBiogasCHP/DGEN1.OpTmh.subVal: 0
calling GetDataValues(IEDBiogasCHP/DGEN1.OpTmh.subQ)
14:23:46.840 [openiec61850-osi-server-7-thread-1] DEBUG com.beanit.openiec61850.ServerAssociation - Got a GetDataValues request for node: IEDBiogasCHP/DGEN1.OpTmh.subQ: 0x00 0x00
calling GetDataValues(IEDBiogasCHP/DGEN1.OpTmh.subID)
14:23:46.840 [openiec61850-osi-server-7-thread-1] DEBUG com.beanit.openiec61850.ServerAssociation - Got a GetDataValues request for node: IEDBiogasCHP/DGEN1.OpTmh.subID: ''
calling GetDataValues(IEDBiogasCHP/DGEN1.OpTmh)
14:23:46.840 [openiec61850-osi-server-7-thread-1] DEBUG com.beanit.openiec61850.ServerAssociation - Got a GetDataValues request for node: IEDBiogasCHP/DGEN1.OpTmh [DC]
IEDBiogasCHP/DGEN1.OpTmh.d: ''
IEDBiogasCHP/DGEN1.OpTmh.dU: 
14:23:46.840 [openiec61850-osi-server-7-thread-1] DEBUG com.beanit.openiec61850.ServerAssociation - sub BDA is:IEDBiogasCHP/DGEN1.OpTmh.d: ''
14:23:46.840 [openiec61850-osi-server-7-thread-1] DEBUG com.beanit.openiec61850.ServerAssociation - sub BDA is:IEDBiogasCHP/DGEN1.OpTmh.dU: 
calling GetDataValues(IEDBiogasCHP/DGEN1.OpTmh.d)
14:23:46.840 [openiec61850-osi-server-7-thread-1] DEBUG com.beanit.openiec61850.ServerAssociation - Got a GetDataValues request for node: IEDBiogasCHP/DGEN1.OpTmh.d: ''
calling GetDataValues(IEDBiogasCHP/DGEN1.OpTmh.dU)
14:23:46.840 [openiec61850-osi-server-7-thread-1] DEBUG com.beanit.openiec61850.ServerAssociation - Got a GetDataValues request for node: IEDBiogasCHP/DGEN1.OpTmh.dU: 
calling GetDataValues(IEDBiogasCHP/DGEN1.OpTmh)
14:23:46.840 [openiec61850-osi-server-7-thread-1] DEBUG com.beanit.openiec61850.ServerAssociation - Got a GetDataValues request for node: IEDBiogasCHP/DGEN1.OpTmh [EX]
IEDBiogasCHP/DGEN1.OpTmh.cdcNs: ''
IEDBiogasCHP/DGEN1.OpTmh.cdcName: ''
IEDBiogasCHP/DGEN1.OpTmh.dataNs: ''
14:23:46.841 [openiec61850-osi-server-7-thread-1] DEBUG com.beanit.openiec61850.ServerAssociation - sub BDA is:IEDBiogasCHP/DGEN1.OpTmh.cdcNs: ''
14:23:46.841 [openiec61850-osi-server-7-thread-1] DEBUG com.beanit.openiec61850.ServerAssociation - sub BDA is:IEDBiogasCHP/DGEN1.OpTmh.cdcName: ''
14:23:46.841 [openiec61850-osi-server-7-thread-1] DEBUG com.beanit.openiec61850.ServerAssociation - sub BDA is:IEDBiogasCHP/DGEN1.OpTmh.dataNs: ''
calling GetDataValues(IEDBiogasCHP/DGEN1.OpTmh.cdcNs)
14:23:46.841 [openiec61850-osi-server-7-thread-1] DEBUG com.beanit.openiec61850.ServerAssociation - Got a GetDataValues request for node: IEDBiogasCHP/DGEN1.OpTmh.cdcNs: ''
calling GetDataValues(IEDBiogasCHP/DGEN1.OpTmh.cdcName)
14:23:46.841 [openiec61850-osi-server-7-thread-1] DEBUG com.beanit.openiec61850.ServerAssociation - Got a GetDataValues request for node: IEDBiogasCHP/DGEN1.OpTmh.cdcName: ''
calling GetDataValues(IEDBiogasCHP/DGEN1.OpTmh.dataNs)
14:23:46.841 [openiec61850-osi-server-7-thread-1] DEBUG com.beanit.openiec61850.ServerAssociation - Got a GetDataValues request for node: IEDBiogasCHP/DGEN1.OpTmh.dataNs: ''
calling GetDataValues(IEDBiogasCHP/DGEN1.GnOpSt)
14:23:46.841 [openiec61850-osi-server-7-thread-1] DEBUG com.beanit.openiec61850.ServerAssociation - Got a GetDataValues request for node: IEDBiogasCHP/DGEN1.GnOpSt [ST]
IEDBiogasCHP/DGEN1.GnOpSt.stVal: 0
IEDBiogasCHP/DGEN1.GnOpSt.q: 0x00 0x00
IEDBiogasCHP/DGEN1.GnOpSt.t: Thu Jan 01 01:00:00 CET 1970
14:23:46.841 [openiec61850-osi-server-7-thread-1] DEBUG com.beanit.openiec61850.ServerAssociation - sub BDA is:IEDBiogasCHP/DGEN1.GnOpSt.stVal: 0
14:23:46.841 [openiec61850-osi-server-7-thread-1] DEBUG com.beanit.openiec61850.ServerAssociation - sub BDA is:IEDBiogasCHP/DGEN1.GnOpSt.q: 0x00 0x00
14:23:46.841 [openiec61850-osi-server-7-thread-1] DEBUG com.beanit.openiec61850.ServerAssociation - sub BDA is:IEDBiogasCHP/DGEN1.GnOpSt.t: Thu Jan 01 01:00:00 CET 1970
calling GetDataValues(IEDBiogasCHP/DGEN1.GnOpSt.stVal)
14:23:46.841 [openiec61850-osi-server-7-thread-1] DEBUG com.beanit.openiec61850.ServerAssociation - Got a GetDataValues request for node: IEDBiogasCHP/DGEN1.GnOpSt.stVal: 0
calling GetDataValues(IEDBiogasCHP/DGEN1.GnOpSt.q)
14:23:46.841 [openiec61850-osi-server-7-thread-1] DEBUG com.beanit.openiec61850.ServerAssociation - Got a GetDataValues request for node: IEDBiogasCHP/DGEN1.GnOpSt.q: 0x00 0x00
calling GetDataValues(IEDBiogasCHP/DGEN1.GnOpSt.t)
14:23:46.842 [openiec61850-osi-server-7-thread-1] DEBUG com.beanit.openiec61850.ServerAssociation - Got a GetDataValues request for node: IEDBiogasCHP/DGEN1.GnOpSt.t: Thu Jan 01 01:00:00 CET 1970
calling GetDataValues(IEDBiogasCHP/DGEN1.GnOpSt)
14:23:46.842 [openiec61850-osi-server-7-thread-1] DEBUG com.beanit.openiec61850.ServerAssociation - Got a GetDataValues request for node: IEDBiogasCHP/DGEN1.GnOpSt [SV]
IEDBiogasCHP/DGEN1.GnOpSt.subEna: false
IEDBiogasCHP/DGEN1.GnOpSt.subVal: 0
IEDBiogasCHP/DGEN1.GnOpSt.subQ: 0x00 0x00
IEDBiogasCHP/DGEN1.GnOpSt.subID: ''
14:23:46.842 [openiec61850-osi-server-7-thread-1] DEBUG com.beanit.openiec61850.ServerAssociation - sub BDA is:IEDBiogasCHP/DGEN1.GnOpSt.subEna: false
14:23:46.842 [openiec61850-osi-server-7-thread-1] DEBUG com.beanit.openiec61850.ServerAssociation - sub BDA is:IEDBiogasCHP/DGEN1.GnOpSt.subVal: 0
14:23:46.842 [openiec61850-osi-server-7-thread-1] DEBUG com.beanit.openiec61850.ServerAssociation - sub BDA is:IEDBiogasCHP/DGEN1.GnOpSt.subQ: 0x00 0x00
14:23:46.842 [openiec61850-osi-server-7-thread-1] DEBUG com.beanit.openiec61850.ServerAssociation - sub BDA is:IEDBiogasCHP/DGEN1.GnOpSt.subID: ''
calling GetDataValues(IEDBiogasCHP/DGEN1.GnOpSt.subEna)
14:23:46.842 [openiec61850-osi-server-7-thread-1] DEBUG com.beanit.openiec61850.ServerAssociation - Got a GetDataValues request for node: IEDBiogasCHP/DGEN1.GnOpSt.subEna: false
calling GetDataValues(IEDBiogasCHP/DGEN1.GnOpSt.subVal)
14:23:46.842 [openiec61850-osi-server-7-thread-1] DEBUG com.beanit.openiec61850.ServerAssociation - Got a GetDataValues request for node: IEDBiogasCHP/DGEN1.GnOpSt.subVal: 0
calling GetDataValues(IEDBiogasCHP/DGEN1.GnOpSt.subQ)
14:23:46.842 [openiec61850-osi-server-7-thread-1] DEBUG com.beanit.openiec61850.ServerAssociation - Got a GetDataValues request for node: IEDBiogasCHP/DGEN1.GnOpSt.subQ: 0x00 0x00
calling GetDataValues(IEDBiogasCHP/DGEN1.GnOpSt.subID)
14:23:46.842 [openiec61850-osi-server-7-thread-1] DEBUG com.beanit.openiec61850.ServerAssociation - Got a GetDataValues request for node: IEDBiogasCHP/DGEN1.GnOpSt.subID: ''
calling GetDataValues(IEDBiogasCHP/DGEN1.GnOpSt)
14:23:46.843 [openiec61850-osi-server-7-thread-1] DEBUG com.beanit.openiec61850.ServerAssociation - Got a GetDataValues request for node: IEDBiogasCHP/DGEN1.GnOpSt [DC]
IEDBiogasCHP/DGEN1.GnOpSt.d: ''
IEDBiogasCHP/DGEN1.GnOpSt.dU: 
14:23:46.843 [openiec61850-osi-server-7-thread-1] DEBUG com.beanit.openiec61850.ServerAssociation - sub BDA is:IEDBiogasCHP/DGEN1.GnOpSt.d: ''
14:23:46.843 [openiec61850-osi-server-7-thread-1] DEBUG com.beanit.openiec61850.ServerAssociation - sub BDA is:IEDBiogasCHP/DGEN1.GnOpSt.dU: 
calling GetDataValues(IEDBiogasCHP/DGEN1.GnOpSt.d)
14:23:46.843 [openiec61850-osi-server-7-thread-1] DEBUG com.beanit.openiec61850.ServerAssociation - Got a GetDataValues request for node: IEDBiogasCHP/DGEN1.GnOpSt.d: ''
calling GetDataValues(IEDBiogasCHP/DGEN1.GnOpSt.dU)
14:23:46.843 [openiec61850-osi-server-7-thread-1] DEBUG com.beanit.openiec61850.ServerAssociation - Got a GetDataValues request for node: IEDBiogasCHP/DGEN1.GnOpSt.dU: 
calling GetDataValues(IEDBiogasCHP/DGEN1.GnOpSt)
14:23:46.843 [openiec61850-osi-server-7-thread-1] DEBUG com.beanit.openiec61850.ServerAssociation - Got a GetDataValues request for node: IEDBiogasCHP/DGEN1.GnOpSt [EX]
IEDBiogasCHP/DGEN1.GnOpSt.cdcNs: ''
IEDBiogasCHP/DGEN1.GnOpSt.cdcName: ''
IEDBiogasCHP/DGEN1.GnOpSt.dataNs: ''
14:23:46.843 [openiec61850-osi-server-7-thread-1] DEBUG com.beanit.openiec61850.ServerAssociation - sub BDA is:IEDBiogasCHP/DGEN1.GnOpSt.cdcNs: ''
14:23:46.843 [openiec61850-osi-server-7-thread-1] DEBUG com.beanit.openiec61850.ServerAssociation - sub BDA is:IEDBiogasCHP/DGEN1.GnOpSt.cdcName: ''
14:23:46.843 [openiec61850-osi-server-7-thread-1] DEBUG com.beanit.openiec61850.ServerAssociation - sub BDA is:IEDBiogasCHP/DGEN1.GnOpSt.dataNs: ''
calling GetDataValues(IEDBiogasCHP/DGEN1.GnOpSt.cdcNs)
14:23:46.843 [openiec61850-osi-server-7-thread-1] DEBUG com.beanit.openiec61850.ServerAssociation - Got a GetDataValues request for node: IEDBiogasCHP/DGEN1.GnOpSt.cdcNs: ''
calling GetDataValues(IEDBiogasCHP/DGEN1.GnOpSt.cdcName)
14:23:46.843 [openiec61850-osi-server-7-thread-1] DEBUG com.beanit.openiec61850.ServerAssociation - Got a GetDataValues request for node: IEDBiogasCHP/DGEN1.GnOpSt.cdcName: ''
calling GetDataValues(IEDBiogasCHP/DGEN1.GnOpSt.dataNs)
14:23:46.843 [openiec61850-osi-server-7-thread-1] DEBUG com.beanit.openiec61850.ServerAssociation - Got a GetDataValues request for node: IEDBiogasCHP/DGEN1.GnOpSt.dataNs: ''
calling GetDataValues(IEDBiogasCHP/DGEN1.RampLodSw)
14:23:46.844 [openiec61850-osi-server-7-thread-1] DEBUG com.beanit.openiec61850.ServerAssociation - Got a GetDataValues request for node: IEDBiogasCHP/DGEN1.RampLodSw [ST]
IEDBiogasCHP/DGEN1.RampLodSw.stVal: false
IEDBiogasCHP/DGEN1.RampLodSw.q: 0x00 0x00
IEDBiogasCHP/DGEN1.RampLodSw.t: Thu Jan 01 01:00:00 CET 1970
14:23:46.844 [openiec61850-osi-server-7-thread-1] DEBUG com.beanit.openiec61850.ServerAssociation - sub BDA is:IEDBiogasCHP/DGEN1.RampLodSw.stVal: false
14:23:46.844 [openiec61850-osi-server-7-thread-1] DEBUG com.beanit.openiec61850.ServerAssociation - sub BDA is:IEDBiogasCHP/DGEN1.RampLodSw.q: 0x00 0x00
14:23:46.844 [openiec61850-osi-server-7-thread-1] DEBUG com.beanit.openiec61850.ServerAssociation - sub BDA is:IEDBiogasCHP/DGEN1.RampLodSw.t: Thu Jan 01 01:00:00 CET 1970
calling GetDataValues(IEDBiogasCHP/DGEN1.RampLodSw.stVal)
14:23:46.844 [openiec61850-osi-server-7-thread-1] DEBUG com.beanit.openiec61850.ServerAssociation - Got a GetDataValues request for node: IEDBiogasCHP/DGEN1.RampLodSw.stVal: false
calling GetDataValues(IEDBiogasCHP/DGEN1.RampLodSw.q)
14:23:46.844 [openiec61850-osi-server-7-thread-1] DEBUG com.beanit.openiec61850.ServerAssociation - Got a GetDataValues request for node: IEDBiogasCHP/DGEN1.RampLodSw.q: 0x00 0x00
calling GetDataValues(IEDBiogasCHP/DGEN1.RampLodSw.t)
14:23:46.844 [openiec61850-osi-server-7-thread-1] DEBUG com.beanit.openiec61850.ServerAssociation - Got a GetDataValues request for node: IEDBiogasCHP/DGEN1.RampLodSw.t: Thu Jan 01 01:00:00 CET 1970
calling GetDataValues(IEDBiogasCHP/DGEN1.RampLodSw)
14:23:46.844 [openiec61850-osi-server-7-thread-1] DEBUG com.beanit.openiec61850.ServerAssociation - Got a GetDataValues request for node: IEDBiogasCHP/DGEN1.RampLodSw [SV]
IEDBiogasCHP/DGEN1.RampLodSw.subEna: false
IEDBiogasCHP/DGEN1.RampLodSw.subVal: false
IEDBiogasCHP/DGEN1.RampLodSw.subQ: 0x00 0x00
IEDBiogasCHP/DGEN1.RampLodSw.subID: ''
14:23:46.844 [openiec61850-osi-server-7-thread-1] DEBUG com.beanit.openiec61850.ServerAssociation - sub BDA is:IEDBiogasCHP/DGEN1.RampLodSw.subEna: false
14:23:46.844 [openiec61850-osi-server-7-thread-1] DEBUG com.beanit.openiec61850.ServerAssociation - sub BDA is:IEDBiogasCHP/DGEN1.RampLodSw.subVal: false
14:23:46.844 [openiec61850-osi-server-7-thread-1] DEBUG com.beanit.openiec61850.ServerAssociation - sub BDA is:IEDBiogasCHP/DGEN1.RampLodSw.subQ: 0x00 0x00
14:23:46.844 [openiec61850-osi-server-7-thread-1] DEBUG com.beanit.openiec61850.ServerAssociation - sub BDA is:IEDBiogasCHP/DGEN1.RampLodSw.subID: ''
calling GetDataValues(IEDBiogasCHP/DGEN1.RampLodSw.subEna)
14:23:46.845 [openiec61850-osi-server-7-thread-1] DEBUG com.beanit.openiec61850.ServerAssociation - Got a GetDataValues request for node: IEDBiogasCHP/DGEN1.RampLodSw.subEna: false
calling GetDataValues(IEDBiogasCHP/DGEN1.RampLodSw.subVal)
14:23:46.845 [openiec61850-osi-server-7-thread-1] DEBUG com.beanit.openiec61850.ServerAssociation - Got a GetDataValues request for node: IEDBiogasCHP/DGEN1.RampLodSw.subVal: false
calling GetDataValues(IEDBiogasCHP/DGEN1.RampLodSw.subQ)
14:23:46.845 [openiec61850-osi-server-7-thread-1] DEBUG com.beanit.openiec61850.ServerAssociation - Got a GetDataValues request for node: IEDBiogasCHP/DGEN1.RampLodSw.subQ: 0x00 0x00
calling GetDataValues(IEDBiogasCHP/DGEN1.RampLodSw.subID)
14:23:46.845 [openiec61850-osi-server-7-thread-1] DEBUG com.beanit.openiec61850.ServerAssociation - Got a GetDataValues request for node: IEDBiogasCHP/DGEN1.RampLodSw.subID: ''
calling GetDataValues(IEDBiogasCHP/DGEN1.RampLodSw)
14:23:46.845 [openiec61850-osi-server-7-thread-1] DEBUG com.beanit.openiec61850.ServerAssociation - Got a GetDataValues request for node: IEDBiogasCHP/DGEN1.RampLodSw [DC]
IEDBiogasCHP/DGEN1.RampLodSw.d: ''
IEDBiogasCHP/DGEN1.RampLodSw.dU: 
14:23:46.845 [openiec61850-osi-server-7-thread-1] DEBUG com.beanit.openiec61850.ServerAssociation - sub BDA is:IEDBiogasCHP/DGEN1.RampLodSw.d: ''
14:23:46.845 [openiec61850-osi-server-7-thread-1] DEBUG com.beanit.openiec61850.ServerAssociation - sub BDA is:IEDBiogasCHP/DGEN1.RampLodSw.dU: 
calling GetDataValues(IEDBiogasCHP/DGEN1.RampLodSw.d)
14:23:46.845 [openiec61850-osi-server-7-thread-1] DEBUG com.beanit.openiec61850.ServerAssociation - Got a GetDataValues request for node: IEDBiogasCHP/DGEN1.RampLodSw.d: ''
calling GetDataValues(IEDBiogasCHP/DGEN1.RampLodSw.dU)
14:23:46.846 [openiec61850-osi-server-7-thread-1] DEBUG com.beanit.openiec61850.ServerAssociation - Got a GetDataValues request for node: IEDBiogasCHP/DGEN1.RampLodSw.dU: 
calling GetDataValues(IEDBiogasCHP/DGEN1.RampLodSw)
14:23:46.846 [openiec61850-osi-server-7-thread-1] DEBUG com.beanit.openiec61850.ServerAssociation - Got a GetDataValues request for node: IEDBiogasCHP/DGEN1.RampLodSw [EX]
IEDBiogasCHP/DGEN1.RampLodSw.cdcNs: ''
IEDBiogasCHP/DGEN1.RampLodSw.cdcName: ''
IEDBiogasCHP/DGEN1.RampLodSw.dataNs: ''
14:23:46.846 [openiec61850-osi-server-7-thread-1] DEBUG com.beanit.openiec61850.ServerAssociation - sub BDA is:IEDBiogasCHP/DGEN1.RampLodSw.cdcNs: ''
14:23:46.846 [openiec61850-osi-server-7-thread-1] DEBUG com.beanit.openiec61850.ServerAssociation - sub BDA is:IEDBiogasCHP/DGEN1.RampLodSw.cdcName: ''
14:23:46.846 [openiec61850-osi-server-7-thread-1] DEBUG com.beanit.openiec61850.ServerAssociation - sub BDA is:IEDBiogasCHP/DGEN1.RampLodSw.dataNs: ''
calling GetDataValues(IEDBiogasCHP/DGEN1.RampLodSw.cdcNs)
14:23:46.846 [openiec61850-osi-server-7-thread-1] DEBUG com.beanit.openiec61850.ServerAssociation - Got a GetDataValues request for node: IEDBiogasCHP/DGEN1.RampLodSw.cdcNs: ''
calling GetDataValues(IEDBiogasCHP/DGEN1.RampLodSw.cdcName)
14:23:46.846 [openiec61850-osi-server-7-thread-1] DEBUG com.beanit.openiec61850.ServerAssociation - Got a GetDataValues request for node: IEDBiogasCHP/DGEN1.RampLodSw.cdcName: ''
calling GetDataValues(IEDBiogasCHP/DGEN1.RampLodSw.dataNs)
14:23:46.846 [openiec61850-osi-server-7-thread-1] DEBUG com.beanit.openiec61850.ServerAssociation - Got a GetDataValues request for node: IEDBiogasCHP/DGEN1.RampLodSw.dataNs: ''
calling GetDataValues(IEDBiogasCHP/DGEN1.OpTms)
14:23:46.846 [openiec61850-osi-server-7-thread-1] DEBUG com.beanit.openiec61850.ServerAssociation - Got a GetDataValues request for node: IEDBiogasCHP/DGEN1.OpTms [ST]
IEDBiogasCHP/DGEN1.OpTms.stVal: 0
IEDBiogasCHP/DGEN1.OpTms.q: 0x00 0x00
IEDBiogasCHP/DGEN1.OpTms.t: Thu Jan 01 01:00:00 CET 1970
14:23:46.846 [openiec61850-osi-server-7-thread-1] DEBUG com.beanit.openiec61850.ServerAssociation - sub BDA is:IEDBiogasCHP/DGEN1.OpTms.stVal: 0
14:23:46.846 [openiec61850-osi-server-7-thread-1] DEBUG com.beanit.openiec61850.ServerAssociation - sub BDA is:IEDBiogasCHP/DGEN1.OpTms.q: 0x00 0x00
14:23:46.846 [openiec61850-osi-server-7-thread-1] DEBUG com.beanit.openiec61850.ServerAssociation - sub BDA is:IEDBiogasCHP/DGEN1.OpTms.t: Thu Jan 01 01:00:00 CET 1970
calling GetDataValues(IEDBiogasCHP/DGEN1.OpTms.stVal)
14:23:46.847 [openiec61850-osi-server-7-thread-1] DEBUG com.beanit.openiec61850.ServerAssociation - Got a GetDataValues request for node: IEDBiogasCHP/DGEN1.OpTms.stVal: 0
calling GetDataValues(IEDBiogasCHP/DGEN1.OpTms.q)
14:23:46.847 [openiec61850-osi-server-7-thread-1] DEBUG com.beanit.openiec61850.ServerAssociation - Got a GetDataValues request for node: IEDBiogasCHP/DGEN1.OpTms.q: 0x00 0x00
calling GetDataValues(IEDBiogasCHP/DGEN1.OpTms.t)
14:23:46.847 [openiec61850-osi-server-7-thread-1] DEBUG com.beanit.openiec61850.ServerAssociation - Got a GetDataValues request for node: IEDBiogasCHP/DGEN1.OpTms.t: Thu Jan 01 01:00:00 CET 1970
calling GetDataValues(IEDBiogasCHP/DGEN1.OpTms)
14:23:46.847 [openiec61850-osi-server-7-thread-1] DEBUG com.beanit.openiec61850.ServerAssociation - Got a GetDataValues request for node: IEDBiogasCHP/DGEN1.OpTms [SV]
IEDBiogasCHP/DGEN1.OpTms.subEna: false
IEDBiogasCHP/DGEN1.OpTms.subVal: 0
IEDBiogasCHP/DGEN1.OpTms.subQ: 0x00 0x00
IEDBiogasCHP/DGEN1.OpTms.subID: ''
14:23:46.847 [openiec61850-osi-server-7-thread-1] DEBUG com.beanit.openiec61850.ServerAssociation - sub BDA is:IEDBiogasCHP/DGEN1.OpTms.subEna: false
14:23:46.847 [openiec61850-osi-server-7-thread-1] DEBUG com.beanit.openiec61850.ServerAssociation - sub BDA is:IEDBiogasCHP/DGEN1.OpTms.subVal: 0
14:23:46.847 [openiec61850-osi-server-7-thread-1] DEBUG com.beanit.openiec61850.ServerAssociation - sub BDA is:IEDBiogasCHP/DGEN1.OpTms.subQ: 0x00 0x00
14:23:46.847 [openiec61850-osi-server-7-thread-1] DEBUG com.beanit.openiec61850.ServerAssociation - sub BDA is:IEDBiogasCHP/DGEN1.OpTms.subID: ''
calling GetDataValues(IEDBiogasCHP/DGEN1.OpTms.subEna)
14:23:46.847 [openiec61850-osi-server-7-thread-1] DEBUG com.beanit.openiec61850.ServerAssociation - Got a GetDataValues request for node: IEDBiogasCHP/DGEN1.OpTms.subEna: false
calling GetDataValues(IEDBiogasCHP/DGEN1.OpTms.subVal)
14:23:46.847 [openiec61850-osi-server-7-thread-1] DEBUG com.beanit.openiec61850.ServerAssociation - Got a GetDataValues request for node: IEDBiogasCHP/DGEN1.OpTms.subVal: 0
calling GetDataValues(IEDBiogasCHP/DGEN1.OpTms.subQ)
14:23:46.848 [openiec61850-osi-server-7-thread-1] DEBUG com.beanit.openiec61850.ServerAssociation - Got a GetDataValues request for node: IEDBiogasCHP/DGEN1.OpTms.subQ: 0x00 0x00
calling GetDataValues(IEDBiogasCHP/DGEN1.OpTms.subID)
14:23:46.848 [openiec61850-osi-server-7-thread-1] DEBUG com.beanit.openiec61850.ServerAssociation - Got a GetDataValues request for node: IEDBiogasCHP/DGEN1.OpTms.subID: ''
calling GetDataValues(IEDBiogasCHP/DGEN1.OpTms)
14:23:46.848 [openiec61850-osi-server-7-thread-1] DEBUG com.beanit.openiec61850.ServerAssociation - Got a GetDataValues request for node: IEDBiogasCHP/DGEN1.OpTms [DC]
IEDBiogasCHP/DGEN1.OpTms.d: ''
IEDBiogasCHP/DGEN1.OpTms.dU: 
14:23:46.848 [openiec61850-osi-server-7-thread-1] DEBUG com.beanit.openiec61850.ServerAssociation - sub BDA is:IEDBiogasCHP/DGEN1.OpTms.d: ''
14:23:46.848 [openiec61850-osi-server-7-thread-1] DEBUG com.beanit.openiec61850.ServerAssociation - sub BDA is:IEDBiogasCHP/DGEN1.OpTms.dU: 
calling GetDataValues(IEDBiogasCHP/DGEN1.OpTms.d)
14:23:46.848 [openiec61850-osi-server-7-thread-1] DEBUG com.beanit.openiec61850.ServerAssociation - Got a GetDataValues request for node: IEDBiogasCHP/DGEN1.OpTms.d: ''
calling GetDataValues(IEDBiogasCHP/DGEN1.OpTms.dU)
14:23:46.848 [openiec61850-osi-server-7-thread-1] DEBUG com.beanit.openiec61850.ServerAssociation - Got a GetDataValues request for node: IEDBiogasCHP/DGEN1.OpTms.dU: 
calling GetDataValues(IEDBiogasCHP/DGEN1.OpTms)
14:23:46.848 [openiec61850-osi-server-7-thread-1] DEBUG com.beanit.openiec61850.ServerAssociation - Got a GetDataValues request for node: IEDBiogasCHP/DGEN1.OpTms [EX]
IEDBiogasCHP/DGEN1.OpTms.cdcNs: ''
IEDBiogasCHP/DGEN1.OpTms.cdcName: ''
IEDBiogasCHP/DGEN1.OpTms.dataNs: ''
14:23:46.848 [openiec61850-osi-server-7-thread-1] DEBUG com.beanit.openiec61850.ServerAssociation - sub BDA is:IEDBiogasCHP/DGEN1.OpTms.cdcNs: ''
14:23:46.848 [openiec61850-osi-server-7-thread-1] DEBUG com.beanit.openiec61850.ServerAssociation - sub BDA is:IEDBiogasCHP/DGEN1.OpTms.cdcName: ''
14:23:46.848 [openiec61850-osi-server-7-thread-1] DEBUG com.beanit.openiec61850.ServerAssociation - sub BDA is:IEDBiogasCHP/DGEN1.OpTms.dataNs: ''
calling GetDataValues(IEDBiogasCHP/DGEN1.OpTms.cdcNs)
14:23:46.848 [openiec61850-osi-server-7-thread-1] DEBUG com.beanit.openiec61850.ServerAssociation - Got a GetDataValues request for node: IEDBiogasCHP/DGEN1.OpTms.cdcNs: ''
calling GetDataValues(IEDBiogasCHP/DGEN1.OpTms.cdcName)
14:23:46.849 [openiec61850-osi-server-7-thread-1] DEBUG com.beanit.openiec61850.ServerAssociation - Got a GetDataValues request for node: IEDBiogasCHP/DGEN1.OpTms.cdcName: ''
calling GetDataValues(IEDBiogasCHP/DGEN1.OpTms.dataNs)
14:23:46.849 [openiec61850-osi-server-7-thread-1] DEBUG com.beanit.openiec61850.ServerAssociation - Got a GetDataValues request for node: IEDBiogasCHP/DGEN1.OpTms.dataNs: ''
calling GetDataValues(IEDBiogasCHP/DGEN1.GnOnCnt)
14:23:46.849 [openiec61850-osi-server-7-thread-1] DEBUG com.beanit.openiec61850.ServerAssociation - Got a GetDataValues request for node: IEDBiogasCHP/DGEN1.GnOnCnt [ST]
IEDBiogasCHP/DGEN1.GnOnCnt.stVal: 0
IEDBiogasCHP/DGEN1.GnOnCnt.q: 0x00 0x00
IEDBiogasCHP/DGEN1.GnOnCnt.t: Thu Jan 01 01:00:00 CET 1970
14:23:46.849 [openiec61850-osi-server-7-thread-1] DEBUG com.beanit.openiec61850.ServerAssociation - sub BDA is:IEDBiogasCHP/DGEN1.GnOnCnt.stVal: 0
14:23:46.849 [openiec61850-osi-server-7-thread-1] DEBUG com.beanit.openiec61850.ServerAssociation - sub BDA is:IEDBiogasCHP/DGEN1.GnOnCnt.q: 0x00 0x00
14:23:46.849 [openiec61850-osi-server-7-thread-1] DEBUG com.beanit.openiec61850.ServerAssociation - sub BDA is:IEDBiogasCHP/DGEN1.GnOnCnt.t: Thu Jan 01 01:00:00 CET 1970
calling GetDataValues(IEDBiogasCHP/DGEN1.GnOnCnt.stVal)
14:23:46.849 [openiec61850-osi-server-7-thread-1] DEBUG com.beanit.openiec61850.ServerAssociation - Got a GetDataValues request for node: IEDBiogasCHP/DGEN1.GnOnCnt.stVal: 0
calling GetDataValues(IEDBiogasCHP/DGEN1.GnOnCnt.q)
14:23:46.849 [openiec61850-osi-server-7-thread-1] DEBUG com.beanit.openiec61850.ServerAssociation - Got a GetDataValues request for node: IEDBiogasCHP/DGEN1.GnOnCnt.q: 0x00 0x00
calling GetDataValues(IEDBiogasCHP/DGEN1.GnOnCnt.t)
14:23:46.849 [openiec61850-osi-server-7-thread-1] DEBUG com.beanit.openiec61850.ServerAssociation - Got a GetDataValues request for node: IEDBiogasCHP/DGEN1.GnOnCnt.t: Thu Jan 01 01:00:00 CET 1970
calling GetDataValues(IEDBiogasCHP/DGEN1.GnOnCnt)
14:23:46.850 [openiec61850-osi-server-7-thread-1] DEBUG com.beanit.openiec61850.ServerAssociation - Got a GetDataValues request for node: IEDBiogasCHP/DGEN1.GnOnCnt [SV]
IEDBiogasCHP/DGEN1.GnOnCnt.subEna: false
IEDBiogasCHP/DGEN1.GnOnCnt.subVal: 0
IEDBiogasCHP/DGEN1.GnOnCnt.subQ: 0x00 0x00
IEDBiogasCHP/DGEN1.GnOnCnt.subID: ''
14:23:46.850 [openiec61850-osi-server-7-thread-1] DEBUG com.beanit.openiec61850.ServerAssociation - sub BDA is:IEDBiogasCHP/DGEN1.GnOnCnt.subEna: false
14:23:46.850 [openiec61850-osi-server-7-thread-1] DEBUG com.beanit.openiec61850.ServerAssociation - sub BDA is:IEDBiogasCHP/DGEN1.GnOnCnt.subVal: 0
14:23:46.850 [openiec61850-osi-server-7-thread-1] DEBUG com.beanit.openiec61850.ServerAssociation - sub BDA is:IEDBiogasCHP/DGEN1.GnOnCnt.subQ: 0x00 0x00
14:23:46.850 [openiec61850-osi-server-7-thread-1] DEBUG com.beanit.openiec61850.ServerAssociation - sub BDA is:IEDBiogasCHP/DGEN1.GnOnCnt.subID: ''
calling GetDataValues(IEDBiogasCHP/DGEN1.GnOnCnt.subEna)
14:23:46.850 [openiec61850-osi-server-7-thread-1] DEBUG com.beanit.openiec61850.ServerAssociation - Got a GetDataValues request for node: IEDBiogasCHP/DGEN1.GnOnCnt.subEna: false
calling GetDataValues(IEDBiogasCHP/DGEN1.GnOnCnt.subVal)
14:23:46.850 [openiec61850-osi-server-7-thread-1] DEBUG com.beanit.openiec61850.ServerAssociation - Got a GetDataValues request for node: IEDBiogasCHP/DGEN1.GnOnCnt.subVal: 0
calling GetDataValues(IEDBiogasCHP/DGEN1.GnOnCnt.subQ)
14:23:46.850 [openiec61850-osi-server-7-thread-1] DEBUG com.beanit.openiec61850.ServerAssociation - Got a GetDataValues request for node: IEDBiogasCHP/DGEN1.GnOnCnt.subQ: 0x00 0x00
calling GetDataValues(IEDBiogasCHP/DGEN1.GnOnCnt.subID)
14:23:46.850 [openiec61850-osi-server-7-thread-1] DEBUG com.beanit.openiec61850.ServerAssociation - Got a GetDataValues request for node: IEDBiogasCHP/DGEN1.GnOnCnt.subID: ''
calling GetDataValues(IEDBiogasCHP/DGEN1.GnOnCnt)
14:23:46.850 [openiec61850-osi-server-7-thread-1] DEBUG com.beanit.openiec61850.ServerAssociation - Got a GetDataValues request for node: IEDBiogasCHP/DGEN1.GnOnCnt [DC]
IEDBiogasCHP/DGEN1.GnOnCnt.d: ''
IEDBiogasCHP/DGEN1.GnOnCnt.dU: 
14:23:46.850 [openiec61850-osi-server-7-thread-1] DEBUG com.beanit.openiec61850.ServerAssociation - sub BDA is:IEDBiogasCHP/DGEN1.GnOnCnt.d: ''
14:23:46.850 [openiec61850-osi-server-7-thread-1] DEBUG com.beanit.openiec61850.ServerAssociation - sub BDA is:IEDBiogasCHP/DGEN1.GnOnCnt.dU: 
calling GetDataValues(IEDBiogasCHP/DGEN1.GnOnCnt.d)
14:23:46.850 [openiec61850-osi-server-7-thread-1] DEBUG com.beanit.openiec61850.ServerAssociation - Got a GetDataValues request for node: IEDBiogasCHP/DGEN1.GnOnCnt.d: ''
calling GetDataValues(IEDBiogasCHP/DGEN1.GnOnCnt.dU)
14:23:46.851 [openiec61850-osi-server-7-thread-1] DEBUG com.beanit.openiec61850.ServerAssociation - Got a GetDataValues request for node: IEDBiogasCHP/DGEN1.GnOnCnt.dU: 
calling GetDataValues(IEDBiogasCHP/DGEN1.GnOnCnt)
14:23:46.851 [openiec61850-osi-server-7-thread-1] DEBUG com.beanit.openiec61850.ServerAssociation - Got a GetDataValues request for node: IEDBiogasCHP/DGEN1.GnOnCnt [EX]
IEDBiogasCHP/DGEN1.GnOnCnt.cdcNs: ''
IEDBiogasCHP/DGEN1.GnOnCnt.cdcName: ''
IEDBiogasCHP/DGEN1.GnOnCnt.dataNs: ''
14:23:46.851 [openiec61850-osi-server-7-thread-1] DEBUG com.beanit.openiec61850.ServerAssociation - sub BDA is:IEDBiogasCHP/DGEN1.GnOnCnt.cdcNs: ''
14:23:46.851 [openiec61850-osi-server-7-thread-1] DEBUG com.beanit.openiec61850.ServerAssociation - sub BDA is:IEDBiogasCHP/DGEN1.GnOnCnt.cdcName: ''
14:23:46.851 [openiec61850-osi-server-7-thread-1] DEBUG com.beanit.openiec61850.ServerAssociation - sub BDA is:IEDBiogasCHP/DGEN1.GnOnCnt.dataNs: ''
calling GetDataValues(IEDBiogasCHP/DGEN1.GnOnCnt.cdcNs)
14:23:46.851 [openiec61850-osi-server-7-thread-1] DEBUG com.beanit.openiec61850.ServerAssociation - Got a GetDataValues request for node: IEDBiogasCHP/DGEN1.GnOnCnt.cdcNs: ''
calling GetDataValues(IEDBiogasCHP/DGEN1.GnOnCnt.cdcName)
14:23:46.851 [openiec61850-osi-server-7-thread-1] DEBUG com.beanit.openiec61850.ServerAssociation - Got a GetDataValues request for node: IEDBiogasCHP/DGEN1.GnOnCnt.cdcName: ''
calling GetDataValues(IEDBiogasCHP/DGEN1.GnOnCnt.dataNs)
14:23:46.851 [openiec61850-osi-server-7-thread-1] DEBUG com.beanit.openiec61850.ServerAssociation - Got a GetDataValues request for node: IEDBiogasCHP/DGEN1.GnOnCnt.dataNs: ''
calling GetDataValues(IEDBiogasCHP/DGEN1.TotWh)
14:23:46.851 [openiec61850-osi-server-7-thread-1] DEBUG com.beanit.openiec61850.ServerAssociation - Got a GetDataValues request for node: IEDBiogasCHP/DGEN1.TotWh [MX]
IEDBiogasCHP/DGEN1.TotWh.instMag [MX]
IEDBiogasCHP/DGEN1.TotWh.instMag.i: 0
IEDBiogasCHP/DGEN1.TotWh.instMag.f: 0.0
IEDBiogasCHP/DGEN1.TotWh.mag [MX]
IEDBiogasCHP/DGEN1.TotWh.mag.i: 0
IEDBiogasCHP/DGEN1.TotWh.mag.f: 0.0
IEDBiogasCHP/DGEN1.TotWh.range: 0
IEDBiogasCHP/DGEN1.TotWh.q: 0x00 0x00
IEDBiogasCHP/DGEN1.TotWh.t: Thu Jan 01 01:00:00 CET 1970
14:23:46.851 [openiec61850-osi-server-7-thread-1] DEBUG com.beanit.openiec61850.ServerAssociation - sub BDA is:IEDBiogasCHP/DGEN1.TotWh.instMag.i: 0
14:23:46.852 [openiec61850-osi-server-7-thread-1] DEBUG com.beanit.openiec61850.ServerAssociation - sub BDA is:IEDBiogasCHP/DGEN1.TotWh.instMag.f: 0.0
14:23:46.852 [openiec61850-osi-server-7-thread-1] DEBUG com.beanit.openiec61850.ServerAssociation - sub BDA is:IEDBiogasCHP/DGEN1.TotWh.mag.i: 0
14:23:46.852 [openiec61850-osi-server-7-thread-1] DEBUG com.beanit.openiec61850.ServerAssociation - sub BDA is:IEDBiogasCHP/DGEN1.TotWh.mag.f: 0.0
14:23:46.852 [openiec61850-osi-server-7-thread-1] DEBUG com.beanit.openiec61850.ServerAssociation - sub BDA is:IEDBiogasCHP/DGEN1.TotWh.range: 0
14:23:46.852 [openiec61850-osi-server-7-thread-1] DEBUG com.beanit.openiec61850.ServerAssociation - sub BDA is:IEDBiogasCHP/DGEN1.TotWh.q: 0x00 0x00
14:23:46.852 [openiec61850-osi-server-7-thread-1] DEBUG com.beanit.openiec61850.ServerAssociation - sub BDA is:IEDBiogasCHP/DGEN1.TotWh.t: Thu Jan 01 01:00:00 CET 1970
calling GetDataValues(IEDBiogasCHP/DGEN1.TotWh.instMag)
14:23:46.852 [openiec61850-osi-server-7-thread-1] DEBUG com.beanit.openiec61850.ServerAssociation - Got a GetDataValues request for node: IEDBiogasCHP/DGEN1.TotWh.instMag [MX]
IEDBiogasCHP/DGEN1.TotWh.instMag.i: 0
IEDBiogasCHP/DGEN1.TotWh.instMag.f: 0.0
14:23:46.852 [openiec61850-osi-server-7-thread-1] DEBUG com.beanit.openiec61850.ServerAssociation - sub BDA is:IEDBiogasCHP/DGEN1.TotWh.instMag.i: 0
14:23:46.852 [openiec61850-osi-server-7-thread-1] DEBUG com.beanit.openiec61850.ServerAssociation - sub BDA is:IEDBiogasCHP/DGEN1.TotWh.instMag.f: 0.0
calling GetDataValues(IEDBiogasCHP/DGEN1.TotWh.instMag.i)
14:23:46.852 [openiec61850-osi-server-7-thread-1] DEBUG com.beanit.openiec61850.ServerAssociation - Got a GetDataValues request for node: IEDBiogasCHP/DGEN1.TotWh.instMag.i: 0
calling GetDataValues(IEDBiogasCHP/DGEN1.TotWh.instMag.f)
14:23:46.852 [openiec61850-osi-server-7-thread-1] DEBUG com.beanit.openiec61850.ServerAssociation - Got a GetDataValues request for node: IEDBiogasCHP/DGEN1.TotWh.instMag.f: 0.0
calling GetDataValues(IEDBiogasCHP/DGEN1.TotWh.mag)
14:23:46.852 [openiec61850-osi-server-7-thread-1] DEBUG com.beanit.openiec61850.ServerAssociation - Got a GetDataValues request for node: IEDBiogasCHP/DGEN1.TotWh.mag [MX]
IEDBiogasCHP/DGEN1.TotWh.mag.i: 0
IEDBiogasCHP/DGEN1.TotWh.mag.f: 0.0
14:23:46.852 [openiec61850-osi-server-7-thread-1] DEBUG com.beanit.openiec61850.ServerAssociation - sub BDA is:IEDBiogasCHP/DGEN1.TotWh.mag.i: 0
14:23:46.852 [openiec61850-osi-server-7-thread-1] DEBUG com.beanit.openiec61850.ServerAssociation - sub BDA is:IEDBiogasCHP/DGEN1.TotWh.mag.f: 0.0
calling GetDataValues(IEDBiogasCHP/DGEN1.TotWh.mag.i)
14:23:46.852 [openiec61850-osi-server-7-thread-1] DEBUG com.beanit.openiec61850.ServerAssociation - Got a GetDataValues request for node: IEDBiogasCHP/DGEN1.TotWh.mag.i: 0
calling GetDataValues(IEDBiogasCHP/DGEN1.TotWh.mag.f)
14:23:46.853 [openiec61850-osi-server-7-thread-1] DEBUG com.beanit.openiec61850.ServerAssociation - Got a GetDataValues request for node: IEDBiogasCHP/DGEN1.TotWh.mag.f: 0.0
calling GetDataValues(IEDBiogasCHP/DGEN1.TotWh.range)
14:23:46.853 [openiec61850-osi-server-7-thread-1] DEBUG com.beanit.openiec61850.ServerAssociation - Got a GetDataValues request for node: IEDBiogasCHP/DGEN1.TotWh.range: 0
calling GetDataValues(IEDBiogasCHP/DGEN1.TotWh.q)
14:23:46.853 [openiec61850-osi-server-7-thread-1] DEBUG com.beanit.openiec61850.ServerAssociation - Got a GetDataValues request for node: IEDBiogasCHP/DGEN1.TotWh.q: 0x00 0x00
calling GetDataValues(IEDBiogasCHP/DGEN1.TotWh.t)
14:23:46.853 [openiec61850-osi-server-7-thread-1] DEBUG com.beanit.openiec61850.ServerAssociation - Got a GetDataValues request for node: IEDBiogasCHP/DGEN1.TotWh.t: Thu Jan 01 01:00:00 CET 1970
calling GetDataValues(IEDBiogasCHP/DGEN1.TotWh)
14:23:46.853 [openiec61850-osi-server-7-thread-1] DEBUG com.beanit.openiec61850.ServerAssociation - Got a GetDataValues request for node: IEDBiogasCHP/DGEN1.TotWh [SV]
IEDBiogasCHP/DGEN1.TotWh.subEna: false
IEDBiogasCHP/DGEN1.TotWh.subMag [SV]
IEDBiogasCHP/DGEN1.TotWh.subMag.i: 0
IEDBiogasCHP/DGEN1.TotWh.subMag.f: 0.0
IEDBiogasCHP/DGEN1.TotWh.subQ: 0x00 0x00
IEDBiogasCHP/DGEN1.TotWh.subID: ''
14:23:46.853 [openiec61850-osi-server-7-thread-1] DEBUG com.beanit.openiec61850.ServerAssociation - sub BDA is:IEDBiogasCHP/DGEN1.TotWh.subEna: false
14:23:46.853 [openiec61850-osi-server-7-thread-1] DEBUG com.beanit.openiec61850.ServerAssociation - sub BDA is:IEDBiogasCHP/DGEN1.TotWh.subMag.i: 0
14:23:46.853 [openiec61850-osi-server-7-thread-1] DEBUG com.beanit.openiec61850.ServerAssociation - sub BDA is:IEDBiogasCHP/DGEN1.TotWh.subMag.f: 0.0
14:23:46.853 [openiec61850-osi-server-7-thread-1] DEBUG com.beanit.openiec61850.ServerAssociation - sub BDA is:IEDBiogasCHP/DGEN1.TotWh.subQ: 0x00 0x00
14:23:46.853 [openiec61850-osi-server-7-thread-1] DEBUG com.beanit.openiec61850.ServerAssociation - sub BDA is:IEDBiogasCHP/DGEN1.TotWh.subID: ''
calling GetDataValues(IEDBiogasCHP/DGEN1.TotWh.subEna)
14:23:46.853 [openiec61850-osi-server-7-thread-1] DEBUG com.beanit.openiec61850.ServerAssociation - Got a GetDataValues request for node: IEDBiogasCHP/DGEN1.TotWh.subEna: false
calling GetDataValues(IEDBiogasCHP/DGEN1.TotWh.subMag)
14:23:46.854 [openiec61850-osi-server-7-thread-1] DEBUG com.beanit.openiec61850.ServerAssociation - Got a GetDataValues request for node: IEDBiogasCHP/DGEN1.TotWh.subMag [SV]
IEDBiogasCHP/DGEN1.TotWh.subMag.i: 0
IEDBiogasCHP/DGEN1.TotWh.subMag.f: 0.0
14:23:46.854 [openiec61850-osi-server-7-thread-1] DEBUG com.beanit.openiec61850.ServerAssociation - sub BDA is:IEDBiogasCHP/DGEN1.TotWh.subMag.i: 0
14:23:46.854 [openiec61850-osi-server-7-thread-1] DEBUG com.beanit.openiec61850.ServerAssociation - sub BDA is:IEDBiogasCHP/DGEN1.TotWh.subMag.f: 0.0
calling GetDataValues(IEDBiogasCHP/DGEN1.TotWh.subMag.i)
14:23:46.854 [openiec61850-osi-server-7-thread-1] DEBUG com.beanit.openiec61850.ServerAssociation - Got a GetDataValues request for node: IEDBiogasCHP/DGEN1.TotWh.subMag.i: 0
calling GetDataValues(IEDBiogasCHP/DGEN1.TotWh.subMag.f)
14:23:46.854 [openiec61850-osi-server-7-thread-1] DEBUG com.beanit.openiec61850.ServerAssociation - Got a GetDataValues request for node: IEDBiogasCHP/DGEN1.TotWh.subMag.f: 0.0
calling GetDataValues(IEDBiogasCHP/DGEN1.TotWh.subQ)
14:23:46.854 [openiec61850-osi-server-7-thread-1] DEBUG com.beanit.openiec61850.ServerAssociation - Got a GetDataValues request for node: IEDBiogasCHP/DGEN1.TotWh.subQ: 0x00 0x00
calling GetDataValues(IEDBiogasCHP/DGEN1.TotWh.subID)
14:23:46.854 [openiec61850-osi-server-7-thread-1] DEBUG com.beanit.openiec61850.ServerAssociation - Got a GetDataValues request for node: IEDBiogasCHP/DGEN1.TotWh.subID: ''
calling GetDataValues(IEDBiogasCHP/DGEN1.TotWh)
14:23:46.854 [openiec61850-osi-server-7-thread-1] DEBUG com.beanit.openiec61850.ServerAssociation - Got a GetDataValues request for node: IEDBiogasCHP/DGEN1.TotWh [CF]
IEDBiogasCHP/DGEN1.TotWh.units [CF]
IEDBiogasCHP/DGEN1.TotWh.units.SIUnit: 0
IEDBiogasCHP/DGEN1.TotWh.units.multiplier: 0
IEDBiogasCHP/DGEN1.TotWh.db: 0
IEDBiogasCHP/DGEN1.TotWh.zeroDb: 0
IEDBiogasCHP/DGEN1.TotWh.sVC [CF]
IEDBiogasCHP/DGEN1.TotWh.sVC.scaleFactor: 0.0
IEDBiogasCHP/DGEN1.TotWh.sVC.offset: 0.0
IEDBiogasCHP/DGEN1.TotWh.rangeC [CF]
IEDBiogasCHP/DGEN1.TotWh.rangeC.hhLim [CF]
IEDBiogasCHP/DGEN1.TotWh.rangeC.hhLim.i: 0
IEDBiogasCHP/DGEN1.TotWh.rangeC.hhLim.f: 0.0
IEDBiogasCHP/DGEN1.TotWh.rangeC.hLim [CF]
IEDBiogasCHP/DGEN1.TotWh.rangeC.hLim.i: 0
IEDBiogasCHP/DGEN1.TotWh.rangeC.hLim.f: 0.0
IEDBiogasCHP/DGEN1.TotWh.rangeC.lLim [CF]
IEDBiogasCHP/DGEN1.TotWh.rangeC.lLim.i: 0
IEDBiogasCHP/DGEN1.TotWh.rangeC.lLim.f: 0.0
IEDBiogasCHP/DGEN1.TotWh.rangeC.llLim [CF]
IEDBiogasCHP/DGEN1.TotWh.rangeC.llLim.i: 0
IEDBiogasCHP/DGEN1.TotWh.rangeC.llLim.f: 0.0
IEDBiogasCHP/DGEN1.TotWh.rangeC.min [CF]
IEDBiogasCHP/DGEN1.TotWh.rangeC.min.i: 0
IEDBiogasCHP/DGEN1.TotWh.rangeC.min.f: 0.0
IEDBiogasCHP/DGEN1.TotWh.rangeC.max [CF]
IEDBiogasCHP/DGEN1.TotWh.rangeC.max.i: 0
IEDBiogasCHP/DGEN1.TotWh.rangeC.max.f: 0.0
IEDBiogasCHP/DGEN1.TotWh.smpRate: 0
14:23:46.854 [openiec61850-osi-server-7-thread-1] DEBUG com.beanit.openiec61850.ServerAssociation - sub BDA is:IEDBiogasCHP/DGEN1.TotWh.units.SIUnit: 0
14:23:46.854 [openiec61850-osi-server-7-thread-1] DEBUG com.beanit.openiec61850.ServerAssociation - sub BDA is:IEDBiogasCHP/DGEN1.TotWh.units.multiplier: 0
14:23:46.854 [openiec61850-osi-server-7-thread-1] DEBUG com.beanit.openiec61850.ServerAssociation - sub BDA is:IEDBiogasCHP/DGEN1.TotWh.db: 0
14:23:46.854 [openiec61850-osi-server-7-thread-1] DEBUG com.beanit.openiec61850.ServerAssociation - sub BDA is:IEDBiogasCHP/DGEN1.TotWh.zeroDb: 0
14:23:46.854 [openiec61850-osi-server-7-thread-1] DEBUG com.beanit.openiec61850.ServerAssociation - sub BDA is:IEDBiogasCHP/DGEN1.TotWh.sVC.scaleFactor: 0.0
14:23:46.854 [openiec61850-osi-server-7-thread-1] DEBUG com.beanit.openiec61850.ServerAssociation - sub BDA is:IEDBiogasCHP/DGEN1.TotWh.sVC.offset: 0.0
14:23:46.854 [openiec61850-osi-server-7-thread-1] DEBUG com.beanit.openiec61850.ServerAssociation - sub BDA is:IEDBiogasCHP/DGEN1.TotWh.rangeC.hhLim.i: 0
14:23:46.854 [openiec61850-osi-server-7-thread-1] DEBUG com.beanit.openiec61850.ServerAssociation - sub BDA is:IEDBiogasCHP/DGEN1.TotWh.rangeC.hhLim.f: 0.0
14:23:46.854 [openiec61850-osi-server-7-thread-1] DEBUG com.beanit.openiec61850.ServerAssociation - sub BDA is:IEDBiogasCHP/DGEN1.TotWh.rangeC.hLim.i: 0
14:23:46.854 [openiec61850-osi-server-7-thread-1] DEBUG com.beanit.openiec61850.ServerAssociation - sub BDA is:IEDBiogasCHP/DGEN1.TotWh.rangeC.hLim.f: 0.0
14:23:46.854 [openiec61850-osi-server-7-thread-1] DEBUG com.beanit.openiec61850.ServerAssociation - sub BDA is:IEDBiogasCHP/DGEN1.TotWh.rangeC.lLim.i: 0
14:23:46.855 [openiec61850-osi-server-7-thread-1] DEBUG com.beanit.openiec61850.ServerAssociation - sub BDA is:IEDBiogasCHP/DGEN1.TotWh.rangeC.lLim.f: 0.0
14:23:46.855 [openiec61850-osi-server-7-thread-1] DEBUG com.beanit.openiec61850.ServerAssociation - sub BDA is:IEDBiogasCHP/DGEN1.TotWh.rangeC.llLim.i: 0
14:23:46.855 [openiec61850-osi-server-7-thread-1] DEBUG com.beanit.openiec61850.ServerAssociation - sub BDA is:IEDBiogasCHP/DGEN1.TotWh.rangeC.llLim.f: 0.0
14:23:46.855 [openiec61850-osi-server-7-thread-1] DEBUG com.beanit.openiec61850.ServerAssociation - sub BDA is:IEDBiogasCHP/DGEN1.TotWh.rangeC.min.i: 0
14:23:46.855 [openiec61850-osi-server-7-thread-1] DEBUG com.beanit.openiec61850.ServerAssociation - sub BDA is:IEDBiogasCHP/DGEN1.TotWh.rangeC.min.f: 0.0
14:23:46.855 [openiec61850-osi-server-7-thread-1] DEBUG com.beanit.openiec61850.ServerAssociation - sub BDA is:IEDBiogasCHP/DGEN1.TotWh.rangeC.max.i: 0
14:23:46.855 [openiec61850-osi-server-7-thread-1] DEBUG com.beanit.openiec61850.ServerAssociation - sub BDA is:IEDBiogasCHP/DGEN1.TotWh.rangeC.max.f: 0.0
14:23:46.855 [openiec61850-osi-server-7-thread-1] DEBUG com.beanit.openiec61850.ServerAssociation - sub BDA is:IEDBiogasCHP/DGEN1.TotWh.smpRate: 0
calling GetDataValues(IEDBiogasCHP/DGEN1.TotWh.units)
14:23:46.855 [openiec61850-osi-server-7-thread-1] DEBUG com.beanit.openiec61850.ServerAssociation - Got a GetDataValues request for node: IEDBiogasCHP/DGEN1.TotWh.units [CF]
IEDBiogasCHP/DGEN1.TotWh.units.SIUnit: 0
IEDBiogasCHP/DGEN1.TotWh.units.multiplier: 0
14:23:46.855 [openiec61850-osi-server-7-thread-1] DEBUG com.beanit.openiec61850.ServerAssociation - sub BDA is:IEDBiogasCHP/DGEN1.TotWh.units.SIUnit: 0
14:23:46.855 [openiec61850-osi-server-7-thread-1] DEBUG com.beanit.openiec61850.ServerAssociation - sub BDA is:IEDBiogasCHP/DGEN1.TotWh.units.multiplier: 0
calling GetDataValues(IEDBiogasCHP/DGEN1.TotWh.units.SIUnit)
14:23:46.855 [openiec61850-osi-server-7-thread-1] DEBUG com.beanit.openiec61850.ServerAssociation - Got a GetDataValues request for node: IEDBiogasCHP/DGEN1.TotWh.units.SIUnit: 0
calling GetDataValues(IEDBiogasCHP/DGEN1.TotWh.units.multiplier)
14:23:46.855 [openiec61850-osi-server-7-thread-1] DEBUG com.beanit.openiec61850.ServerAssociation - Got a GetDataValues request for node: IEDBiogasCHP/DGEN1.TotWh.units.multiplier: 0
calling GetDataValues(IEDBiogasCHP/DGEN1.TotWh.db)
14:23:46.855 [openiec61850-osi-server-7-thread-1] DEBUG com.beanit.openiec61850.ServerAssociation - Got a GetDataValues request for node: IEDBiogasCHP/DGEN1.TotWh.db: 0
calling GetDataValues(IEDBiogasCHP/DGEN1.TotWh.zeroDb)
14:23:46.855 [openiec61850-osi-server-7-thread-1] DEBUG com.beanit.openiec61850.ServerAssociation - Got a GetDataValues request for node: IEDBiogasCHP/DGEN1.TotWh.zeroDb: 0
calling GetDataValues(IEDBiogasCHP/DGEN1.TotWh.sVC)
14:23:46.855 [openiec61850-osi-server-7-thread-1] DEBUG com.beanit.openiec61850.ServerAssociation - Got a GetDataValues request for node: IEDBiogasCHP/DGEN1.TotWh.sVC [CF]
IEDBiogasCHP/DGEN1.TotWh.sVC.scaleFactor: 0.0
IEDBiogasCHP/DGEN1.TotWh.sVC.offset: 0.0
14:23:46.856 [openiec61850-osi-server-7-thread-1] DEBUG com.beanit.openiec61850.ServerAssociation - sub BDA is:IEDBiogasCHP/DGEN1.TotWh.sVC.scaleFactor: 0.0
14:23:46.856 [openiec61850-osi-server-7-thread-1] DEBUG com.beanit.openiec61850.ServerAssociation - sub BDA is:IEDBiogasCHP/DGEN1.TotWh.sVC.offset: 0.0
calling GetDataValues(IEDBiogasCHP/DGEN1.TotWh.sVC.scaleFactor)
14:23:46.856 [openiec61850-osi-server-7-thread-1] DEBUG com.beanit.openiec61850.ServerAssociation - Got a GetDataValues request for node: IEDBiogasCHP/DGEN1.TotWh.sVC.scaleFactor: 0.0
calling GetDataValues(IEDBiogasCHP/DGEN1.TotWh.sVC.offset)
14:23:46.856 [openiec61850-osi-server-7-thread-1] DEBUG com.beanit.openiec61850.ServerAssociation - Got a GetDataValues request for node: IEDBiogasCHP/DGEN1.TotWh.sVC.offset: 0.0
calling GetDataValues(IEDBiogasCHP/DGEN1.TotWh.rangeC)
14:23:46.856 [openiec61850-osi-server-7-thread-1] DEBUG com.beanit.openiec61850.ServerAssociation - Got a GetDataValues request for node: IEDBiogasCHP/DGEN1.TotWh.rangeC [CF]
IEDBiogasCHP/DGEN1.TotWh.rangeC.hhLim [CF]
IEDBiogasCHP/DGEN1.TotWh.rangeC.hhLim.i: 0
IEDBiogasCHP/DGEN1.TotWh.rangeC.hhLim.f: 0.0
IEDBiogasCHP/DGEN1.TotWh.rangeC.hLim [CF]
IEDBiogasCHP/DGEN1.TotWh.rangeC.hLim.i: 0
IEDBiogasCHP/DGEN1.TotWh.rangeC.hLim.f: 0.0
IEDBiogasCHP/DGEN1.TotWh.rangeC.lLim [CF]
IEDBiogasCHP/DGEN1.TotWh.rangeC.lLim.i: 0
IEDBiogasCHP/DGEN1.TotWh.rangeC.lLim.f: 0.0
IEDBiogasCHP/DGEN1.TotWh.rangeC.llLim [CF]
IEDBiogasCHP/DGEN1.TotWh.rangeC.llLim.i: 0
IEDBiogasCHP/DGEN1.TotWh.rangeC.llLim.f: 0.0
IEDBiogasCHP/DGEN1.TotWh.rangeC.min [CF]
IEDBiogasCHP/DGEN1.TotWh.rangeC.min.i: 0
IEDBiogasCHP/DGEN1.TotWh.rangeC.min.f: 0.0
IEDBiogasCHP/DGEN1.TotWh.rangeC.max [CF]
IEDBiogasCHP/DGEN1.TotWh.rangeC.max.i: 0
IEDBiogasCHP/DGEN1.TotWh.rangeC.max.f: 0.0
14:23:46.856 [openiec61850-osi-server-7-thread-1] DEBUG com.beanit.openiec61850.ServerAssociation - sub BDA is:IEDBiogasCHP/DGEN1.TotWh.rangeC.hhLim.i: 0
14:23:46.856 [openiec61850-osi-server-7-thread-1] DEBUG com.beanit.openiec61850.ServerAssociation - sub BDA is:IEDBiogasCHP/DGEN1.TotWh.rangeC.hhLim.f: 0.0
14:23:46.856 [openiec61850-osi-server-7-thread-1] DEBUG com.beanit.openiec61850.ServerAssociation - sub BDA is:IEDBiogasCHP/DGEN1.TotWh.rangeC.hLim.i: 0
14:23:46.856 [openiec61850-osi-server-7-thread-1] DEBUG com.beanit.openiec61850.ServerAssociation - sub BDA is:IEDBiogasCHP/DGEN1.TotWh.rangeC.hLim.f: 0.0
14:23:46.856 [openiec61850-osi-server-7-thread-1] DEBUG com.beanit.openiec61850.ServerAssociation - sub BDA is:IEDBiogasCHP/DGEN1.TotWh.rangeC.lLim.i: 0
14:23:46.856 [openiec61850-osi-server-7-thread-1] DEBUG com.beanit.openiec61850.ServerAssociation - sub BDA is:IEDBiogasCHP/DGEN1.TotWh.rangeC.lLim.f: 0.0
14:23:46.856 [openiec61850-osi-server-7-thread-1] DEBUG com.beanit.openiec61850.ServerAssociation - sub BDA is:IEDBiogasCHP/DGEN1.TotWh.rangeC.llLim.i: 0
14:23:46.856 [openiec61850-osi-server-7-thread-1] DEBUG com.beanit.openiec61850.ServerAssociation - sub BDA is:IEDBiogasCHP/DGEN1.TotWh.rangeC.llLim.f: 0.0
14:23:46.856 [openiec61850-osi-server-7-thread-1] DEBUG com.beanit.openiec61850.ServerAssociation - sub BDA is:IEDBiogasCHP/DGEN1.TotWh.rangeC.min.i: 0
14:23:46.856 [openiec61850-osi-server-7-thread-1] DEBUG com.beanit.openiec61850.ServerAssociation - sub BDA is:IEDBiogasCHP/DGEN1.TotWh.rangeC.min.f: 0.0
14:23:46.856 [openiec61850-osi-server-7-thread-1] DEBUG com.beanit.openiec61850.ServerAssociation - sub BDA is:IEDBiogasCHP/DGEN1.TotWh.rangeC.max.i: 0
14:23:46.856 [openiec61850-osi-server-7-thread-1] DEBUG com.beanit.openiec61850.ServerAssociation - sub BDA is:IEDBiogasCHP/DGEN1.TotWh.rangeC.max.f: 0.0
calling GetDataValues(IEDBiogasCHP/DGEN1.TotWh.rangeC.hhLim)
14:23:46.856 [openiec61850-osi-server-7-thread-1] DEBUG com.beanit.openiec61850.ServerAssociation - Got a GetDataValues request for node: IEDBiogasCHP/DGEN1.TotWh.rangeC.hhLim [CF]
IEDBiogasCHP/DGEN1.TotWh.rangeC.hhLim.i: 0
IEDBiogasCHP/DGEN1.TotWh.rangeC.hhLim.f: 0.0
14:23:46.856 [openiec61850-osi-server-7-thread-1] DEBUG com.beanit.openiec61850.ServerAssociation - sub BDA is:IEDBiogasCHP/DGEN1.TotWh.rangeC.hhLim.i: 0
14:23:46.856 [openiec61850-osi-server-7-thread-1] DEBUG com.beanit.openiec61850.ServerAssociation - sub BDA is:IEDBiogasCHP/DGEN1.TotWh.rangeC.hhLim.f: 0.0
calling GetDataValues(IEDBiogasCHP/DGEN1.TotWh.rangeC.hhLim.i)
14:23:46.857 [openiec61850-osi-server-7-thread-1] DEBUG com.beanit.openiec61850.ServerAssociation - Got a GetDataValues request for node: IEDBiogasCHP/DGEN1.TotWh.rangeC.hhLim.i: 0
calling GetDataValues(IEDBiogasCHP/DGEN1.TotWh.rangeC.hhLim.f)
14:23:46.857 [openiec61850-osi-server-7-thread-1] DEBUG com.beanit.openiec61850.ServerAssociation - Got a GetDataValues request for node: IEDBiogasCHP/DGEN1.TotWh.rangeC.hhLim.f: 0.0
calling GetDataValues(IEDBiogasCHP/DGEN1.TotWh.rangeC.hLim)
14:23:46.857 [openiec61850-osi-server-7-thread-1] DEBUG com.beanit.openiec61850.ServerAssociation - Got a GetDataValues request for node: IEDBiogasCHP/DGEN1.TotWh.rangeC.hLim [CF]
IEDBiogasCHP/DGEN1.TotWh.rangeC.hLim.i: 0
IEDBiogasCHP/DGEN1.TotWh.rangeC.hLim.f: 0.0
14:23:46.857 [openiec61850-osi-server-7-thread-1] DEBUG com.beanit.openiec61850.ServerAssociation - sub BDA is:IEDBiogasCHP/DGEN1.TotWh.rangeC.hLim.i: 0
14:23:46.857 [openiec61850-osi-server-7-thread-1] DEBUG com.beanit.openiec61850.ServerAssociation - sub BDA is:IEDBiogasCHP/DGEN1.TotWh.rangeC.hLim.f: 0.0
calling GetDataValues(IEDBiogasCHP/DGEN1.TotWh.rangeC.hLim.i)
14:23:46.857 [openiec61850-osi-server-7-thread-1] DEBUG com.beanit.openiec61850.ServerAssociation - Got a GetDataValues request for node: IEDBiogasCHP/DGEN1.TotWh.rangeC.hLim.i: 0
calling GetDataValues(IEDBiogasCHP/DGEN1.TotWh.rangeC.hLim.f)
14:23:46.857 [openiec61850-osi-server-7-thread-1] DEBUG com.beanit.openiec61850.ServerAssociation - Got a GetDataValues request for node: IEDBiogasCHP/DGEN1.TotWh.rangeC.hLim.f: 0.0
calling GetDataValues(IEDBiogasCHP/DGEN1.TotWh.rangeC.lLim)
14:23:46.857 [openiec61850-osi-server-7-thread-1] DEBUG com.beanit.openiec61850.ServerAssociation - Got a GetDataValues request for node: IEDBiogasCHP/DGEN1.TotWh.rangeC.lLim [CF]
IEDBiogasCHP/DGEN1.TotWh.rangeC.lLim.i: 0
IEDBiogasCHP/DGEN1.TotWh.rangeC.lLim.f: 0.0
14:23:46.858 [openiec61850-osi-server-7-thread-1] DEBUG com.beanit.openiec61850.ServerAssociation - sub BDA is:IEDBiogasCHP/DGEN1.TotWh.rangeC.lLim.i: 0
14:23:46.858 [openiec61850-osi-server-7-thread-1] DEBUG com.beanit.openiec61850.ServerAssociation - sub BDA is:IEDBiogasCHP/DGEN1.TotWh.rangeC.lLim.f: 0.0
calling GetDataValues(IEDBiogasCHP/DGEN1.TotWh.rangeC.lLim.i)
14:23:46.858 [openiec61850-osi-server-7-thread-1] DEBUG com.beanit.openiec61850.ServerAssociation - Got a GetDataValues request for node: IEDBiogasCHP/DGEN1.TotWh.rangeC.lLim.i: 0
calling GetDataValues(IEDBiogasCHP/DGEN1.TotWh.rangeC.lLim.f)
14:23:46.858 [openiec61850-osi-server-7-thread-1] DEBUG com.beanit.openiec61850.ServerAssociation - Got a GetDataValues request for node: IEDBiogasCHP/DGEN1.TotWh.rangeC.lLim.f: 0.0
calling GetDataValues(IEDBiogasCHP/DGEN1.TotWh.rangeC.llLim)
14:23:46.858 [openiec61850-osi-server-7-thread-1] DEBUG com.beanit.openiec61850.ServerAssociation - Got a GetDataValues request for node: IEDBiogasCHP/DGEN1.TotWh.rangeC.llLim [CF]
IEDBiogasCHP/DGEN1.TotWh.rangeC.llLim.i: 0
IEDBiogasCHP/DGEN1.TotWh.rangeC.llLim.f: 0.0
14:23:46.858 [openiec61850-osi-server-7-thread-1] DEBUG com.beanit.openiec61850.ServerAssociation - sub BDA is:IEDBiogasCHP/DGEN1.TotWh.rangeC.llLim.i: 0
14:23:46.858 [openiec61850-osi-server-7-thread-1] DEBUG com.beanit.openiec61850.ServerAssociation - sub BDA is:IEDBiogasCHP/DGEN1.TotWh.rangeC.llLim.f: 0.0
calling GetDataValues(IEDBiogasCHP/DGEN1.TotWh.rangeC.llLim.i)
14:23:46.858 [openiec61850-osi-server-7-thread-1] DEBUG com.beanit.openiec61850.ServerAssociation - Got a GetDataValues request for node: IEDBiogasCHP/DGEN1.TotWh.rangeC.llLim.i: 0
calling GetDataValues(IEDBiogasCHP/DGEN1.TotWh.rangeC.llLim.f)
14:23:46.858 [openiec61850-osi-server-7-thread-1] DEBUG com.beanit.openiec61850.ServerAssociation - Got a GetDataValues request for node: IEDBiogasCHP/DGEN1.TotWh.rangeC.llLim.f: 0.0
calling GetDataValues(IEDBiogasCHP/DGEN1.TotWh.rangeC.min)
14:23:46.858 [openiec61850-osi-server-7-thread-1] DEBUG com.beanit.openiec61850.ServerAssociation - Got a GetDataValues request for node: IEDBiogasCHP/DGEN1.TotWh.rangeC.min [CF]
IEDBiogasCHP/DGEN1.TotWh.rangeC.min.i: 0
IEDBiogasCHP/DGEN1.TotWh.rangeC.min.f: 0.0
14:23:46.858 [openiec61850-osi-server-7-thread-1] DEBUG com.beanit.openiec61850.ServerAssociation - sub BDA is:IEDBiogasCHP/DGEN1.TotWh.rangeC.min.i: 0
14:23:46.858 [openiec61850-osi-server-7-thread-1] DEBUG com.beanit.openiec61850.ServerAssociation - sub BDA is:IEDBiogasCHP/DGEN1.TotWh.rangeC.min.f: 0.0
calling GetDataValues(IEDBiogasCHP/DGEN1.TotWh.rangeC.min.i)
14:23:46.859 [openiec61850-osi-server-7-thread-1] DEBUG com.beanit.openiec61850.ServerAssociation - Got a GetDataValues request for node: IEDBiogasCHP/DGEN1.TotWh.rangeC.min.i: 0
calling GetDataValues(IEDBiogasCHP/DGEN1.TotWh.rangeC.min.f)
14:23:46.859 [openiec61850-osi-server-7-thread-1] DEBUG com.beanit.openiec61850.ServerAssociation - Got a GetDataValues request for node: IEDBiogasCHP/DGEN1.TotWh.rangeC.min.f: 0.0
calling GetDataValues(IEDBiogasCHP/DGEN1.TotWh.rangeC.max)
14:23:46.859 [openiec61850-osi-server-7-thread-1] DEBUG com.beanit.openiec61850.ServerAssociation - Got a GetDataValues request for node: IEDBiogasCHP/DGEN1.TotWh.rangeC.max [CF]
IEDBiogasCHP/DGEN1.TotWh.rangeC.max.i: 0
IEDBiogasCHP/DGEN1.TotWh.rangeC.max.f: 0.0
14:23:46.859 [openiec61850-osi-server-7-thread-1] DEBUG com.beanit.openiec61850.ServerAssociation - sub BDA is:IEDBiogasCHP/DGEN1.TotWh.rangeC.max.i: 0
14:23:46.859 [openiec61850-osi-server-7-thread-1] DEBUG com.beanit.openiec61850.ServerAssociation - sub BDA is:IEDBiogasCHP/DGEN1.TotWh.rangeC.max.f: 0.0
calling GetDataValues(IEDBiogasCHP/DGEN1.TotWh.rangeC.max.i)
14:23:46.859 [openiec61850-osi-server-7-thread-1] DEBUG com.beanit.openiec61850.ServerAssociation - Got a GetDataValues request for node: IEDBiogasCHP/DGEN1.TotWh.rangeC.max.i: 0
calling GetDataValues(IEDBiogasCHP/DGEN1.TotWh.rangeC.max.f)
14:23:46.859 [openiec61850-osi-server-7-thread-1] DEBUG com.beanit.openiec61850.ServerAssociation - Got a GetDataValues request for node: IEDBiogasCHP/DGEN1.TotWh.rangeC.max.f: 0.0
calling GetDataValues(IEDBiogasCHP/DGEN1.TotWh.smpRate)
14:23:46.859 [openiec61850-osi-server-7-thread-1] DEBUG com.beanit.openiec61850.ServerAssociation - Got a GetDataValues request for node: IEDBiogasCHP/DGEN1.TotWh.smpRate: 0
calling GetDataValues(IEDBiogasCHP/DGEN1.TotWh)
14:23:46.859 [openiec61850-osi-server-7-thread-1] DEBUG com.beanit.openiec61850.ServerAssociation - Got a GetDataValues request for node: IEDBiogasCHP/DGEN1.TotWh [DC]
IEDBiogasCHP/DGEN1.TotWh.d: ''
IEDBiogasCHP/DGEN1.TotWh.dU: 
14:23:46.860 [openiec61850-osi-server-7-thread-1] DEBUG com.beanit.openiec61850.ServerAssociation - sub BDA is:IEDBiogasCHP/DGEN1.TotWh.d: ''
14:23:46.860 [openiec61850-osi-server-7-thread-1] DEBUG com.beanit.openiec61850.ServerAssociation - sub BDA is:IEDBiogasCHP/DGEN1.TotWh.dU: 
calling GetDataValues(IEDBiogasCHP/DGEN1.TotWh.d)
14:23:46.860 [openiec61850-osi-server-7-thread-1] DEBUG com.beanit.openiec61850.ServerAssociation - Got a GetDataValues request for node: IEDBiogasCHP/DGEN1.TotWh.d: ''
calling GetDataValues(IEDBiogasCHP/DGEN1.TotWh.dU)
14:23:46.860 [openiec61850-osi-server-7-thread-1] DEBUG com.beanit.openiec61850.ServerAssociation - Got a GetDataValues request for node: IEDBiogasCHP/DGEN1.TotWh.dU: 
calling GetDataValues(IEDBiogasCHP/DGEN1.TotWh)
14:23:46.860 [openiec61850-osi-server-7-thread-1] DEBUG com.beanit.openiec61850.ServerAssociation - Got a GetDataValues request for node: IEDBiogasCHP/DGEN1.TotWh [EX]
IEDBiogasCHP/DGEN1.TotWh.cdcNs: ''
IEDBiogasCHP/DGEN1.TotWh.cdcName: ''
IEDBiogasCHP/DGEN1.TotWh.dataNs: ''
14:23:46.860 [openiec61850-osi-server-7-thread-1] DEBUG com.beanit.openiec61850.ServerAssociation - sub BDA is:IEDBiogasCHP/DGEN1.TotWh.cdcNs: ''
14:23:46.860 [openiec61850-osi-server-7-thread-1] DEBUG com.beanit.openiec61850.ServerAssociation - sub BDA is:IEDBiogasCHP/DGEN1.TotWh.cdcName: ''
14:23:46.860 [openiec61850-osi-server-7-thread-1] DEBUG com.beanit.openiec61850.ServerAssociation - sub BDA is:IEDBiogasCHP/DGEN1.TotWh.dataNs: ''
calling GetDataValues(IEDBiogasCHP/DGEN1.TotWh.cdcNs)
14:23:46.860 [openiec61850-osi-server-7-thread-1] DEBUG com.beanit.openiec61850.ServerAssociation - Got a GetDataValues request for node: IEDBiogasCHP/DGEN1.TotWh.cdcNs: ''
calling GetDataValues(IEDBiogasCHP/DGEN1.TotWh.cdcName)
14:23:46.860 [openiec61850-osi-server-7-thread-1] DEBUG com.beanit.openiec61850.ServerAssociation - Got a GetDataValues request for node: IEDBiogasCHP/DGEN1.TotWh.cdcName: ''
calling GetDataValues(IEDBiogasCHP/DGEN1.TotWh.dataNs)
14:23:46.860 [openiec61850-osi-server-7-thread-1] DEBUG com.beanit.openiec61850.ServerAssociation - Got a GetDataValues request for node: IEDBiogasCHP/DGEN1.TotWh.dataNs: ''
calling GetDataValues(IEDBiogasCHP/DGEN1.PerWh)
14:23:46.861 [openiec61850-osi-server-7-thread-1] DEBUG com.beanit.openiec61850.ServerAssociation - Got a GetDataValues request for node: IEDBiogasCHP/DGEN1.PerWh [MX]
IEDBiogasCHP/DGEN1.PerWh.instMag [MX]
IEDBiogasCHP/DGEN1.PerWh.instMag.i: 0
IEDBiogasCHP/DGEN1.PerWh.instMag.f: 0.0
IEDBiogasCHP/DGEN1.PerWh.mag [MX]
IEDBiogasCHP/DGEN1.PerWh.mag.i: 0
IEDBiogasCHP/DGEN1.PerWh.mag.f: 0.0
IEDBiogasCHP/DGEN1.PerWh.range: 0
IEDBiogasCHP/DGEN1.PerWh.q: 0x00 0x00
IEDBiogasCHP/DGEN1.PerWh.t: Thu Jan 01 01:00:00 CET 1970
14:23:46.861 [openiec61850-osi-server-7-thread-1] DEBUG com.beanit.openiec61850.ServerAssociation - sub BDA is:IEDBiogasCHP/DGEN1.PerWh.instMag.i: 0
14:23:46.861 [openiec61850-osi-server-7-thread-1] DEBUG com.beanit.openiec61850.ServerAssociation - sub BDA is:IEDBiogasCHP/DGEN1.PerWh.instMag.f: 0.0
14:23:46.861 [openiec61850-osi-server-7-thread-1] DEBUG com.beanit.openiec61850.ServerAssociation - sub BDA is:IEDBiogasCHP/DGEN1.PerWh.mag.i: 0
14:23:46.861 [openiec61850-osi-server-7-thread-1] DEBUG com.beanit.openiec61850.ServerAssociation - sub BDA is:IEDBiogasCHP/DGEN1.PerWh.mag.f: 0.0
14:23:46.861 [openiec61850-osi-server-7-thread-1] DEBUG com.beanit.openiec61850.ServerAssociation - sub BDA is:IEDBiogasCHP/DGEN1.PerWh.range: 0
14:23:46.861 [openiec61850-osi-server-7-thread-1] DEBUG com.beanit.openiec61850.ServerAssociation - sub BDA is:IEDBiogasCHP/DGEN1.PerWh.q: 0x00 0x00
14:23:46.861 [openiec61850-osi-server-7-thread-1] DEBUG com.beanit.openiec61850.ServerAssociation - sub BDA is:IEDBiogasCHP/DGEN1.PerWh.t: Thu Jan 01 01:00:00 CET 1970
calling GetDataValues(IEDBiogasCHP/DGEN1.PerWh.instMag)
14:23:46.861 [openiec61850-osi-server-7-thread-1] DEBUG com.beanit.openiec61850.ServerAssociation - Got a GetDataValues request for node: IEDBiogasCHP/DGEN1.PerWh.instMag [MX]
IEDBiogasCHP/DGEN1.PerWh.instMag.i: 0
IEDBiogasCHP/DGEN1.PerWh.instMag.f: 0.0
14:23:46.861 [openiec61850-osi-server-7-thread-1] DEBUG com.beanit.openiec61850.ServerAssociation - sub BDA is:IEDBiogasCHP/DGEN1.PerWh.instMag.i: 0
14:23:46.861 [openiec61850-osi-server-7-thread-1] DEBUG com.beanit.openiec61850.ServerAssociation - sub BDA is:IEDBiogasCHP/DGEN1.PerWh.instMag.f: 0.0
calling GetDataValues(IEDBiogasCHP/DGEN1.PerWh.instMag.i)
14:23:46.861 [openiec61850-osi-server-7-thread-1] DEBUG com.beanit.openiec61850.ServerAssociation - Got a GetDataValues request for node: IEDBiogasCHP/DGEN1.PerWh.instMag.i: 0
calling GetDataValues(IEDBiogasCHP/DGEN1.PerWh.instMag.f)
14:23:46.861 [openiec61850-osi-server-7-thread-1] DEBUG com.beanit.openiec61850.ServerAssociation - Got a GetDataValues request for node: IEDBiogasCHP/DGEN1.PerWh.instMag.f: 0.0
calling GetDataValues(IEDBiogasCHP/DGEN1.PerWh.mag)
14:23:46.861 [openiec61850-osi-server-7-thread-1] DEBUG com.beanit.openiec61850.ServerAssociation - Got a GetDataValues request for node: IEDBiogasCHP/DGEN1.PerWh.mag [MX]
IEDBiogasCHP/DGEN1.PerWh.mag.i: 0
IEDBiogasCHP/DGEN1.PerWh.mag.f: 0.0
14:23:46.861 [openiec61850-osi-server-7-thread-1] DEBUG com.beanit.openiec61850.ServerAssociation - sub BDA is:IEDBiogasCHP/DGEN1.PerWh.mag.i: 0
14:23:46.862 [openiec61850-osi-server-7-thread-1] DEBUG com.beanit.openiec61850.ServerAssociation - sub BDA is:IEDBiogasCHP/DGEN1.PerWh.mag.f: 0.0
calling GetDataValues(IEDBiogasCHP/DGEN1.PerWh.mag.i)
14:23:46.862 [openiec61850-osi-server-7-thread-1] DEBUG com.beanit.openiec61850.ServerAssociation - Got a GetDataValues request for node: IEDBiogasCHP/DGEN1.PerWh.mag.i: 0
calling GetDataValues(IEDBiogasCHP/DGEN1.PerWh.mag.f)
14:23:46.862 [openiec61850-osi-server-7-thread-1] DEBUG com.beanit.openiec61850.ServerAssociation - Got a GetDataValues request for node: IEDBiogasCHP/DGEN1.PerWh.mag.f: 0.0
calling GetDataValues(IEDBiogasCHP/DGEN1.PerWh.range)
14:23:46.862 [openiec61850-osi-server-7-thread-1] DEBUG com.beanit.openiec61850.ServerAssociation - Got a GetDataValues request for node: IEDBiogasCHP/DGEN1.PerWh.range: 0
calling GetDataValues(IEDBiogasCHP/DGEN1.PerWh.q)
14:23:46.862 [openiec61850-osi-server-7-thread-1] DEBUG com.beanit.openiec61850.ServerAssociation - Got a GetDataValues request for node: IEDBiogasCHP/DGEN1.PerWh.q: 0x00 0x00
calling GetDataValues(IEDBiogasCHP/DGEN1.PerWh.t)
14:23:46.862 [openiec61850-osi-server-7-thread-1] DEBUG com.beanit.openiec61850.ServerAssociation - Got a GetDataValues request for node: IEDBiogasCHP/DGEN1.PerWh.t: Thu Jan 01 01:00:00 CET 1970
calling GetDataValues(IEDBiogasCHP/DGEN1.PerWh)
14:23:46.862 [openiec61850-osi-server-7-thread-1] DEBUG com.beanit.openiec61850.ServerAssociation - Got a GetDataValues request for node: IEDBiogasCHP/DGEN1.PerWh [SV]
IEDBiogasCHP/DGEN1.PerWh.subEna: false
IEDBiogasCHP/DGEN1.PerWh.subMag [SV]
IEDBiogasCHP/DGEN1.PerWh.subMag.i: 0
IEDBiogasCHP/DGEN1.PerWh.subMag.f: 0.0
IEDBiogasCHP/DGEN1.PerWh.subQ: 0x00 0x00
IEDBiogasCHP/DGEN1.PerWh.subID: ''
14:23:46.862 [openiec61850-osi-server-7-thread-1] DEBUG com.beanit.openiec61850.ServerAssociation - sub BDA is:IEDBiogasCHP/DGEN1.PerWh.subEna: false
14:23:46.862 [openiec61850-osi-server-7-thread-1] DEBUG com.beanit.openiec61850.ServerAssociation - sub BDA is:IEDBiogasCHP/DGEN1.PerWh.subMag.i: 0
14:23:46.862 [openiec61850-osi-server-7-thread-1] DEBUG com.beanit.openiec61850.ServerAssociation - sub BDA is:IEDBiogasCHP/DGEN1.PerWh.subMag.f: 0.0
14:23:46.862 [openiec61850-osi-server-7-thread-1] DEBUG com.beanit.openiec61850.ServerAssociation - sub BDA is:IEDBiogasCHP/DGEN1.PerWh.subQ: 0x00 0x00
14:23:46.862 [openiec61850-osi-server-7-thread-1] DEBUG com.beanit.openiec61850.ServerAssociation - sub BDA is:IEDBiogasCHP/DGEN1.PerWh.subID: ''
calling GetDataValues(IEDBiogasCHP/DGEN1.PerWh.subEna)
14:23:46.863 [openiec61850-osi-server-7-thread-1] DEBUG com.beanit.openiec61850.ServerAssociation - Got a GetDataValues request for node: IEDBiogasCHP/DGEN1.PerWh.subEna: false
calling GetDataValues(IEDBiogasCHP/DGEN1.PerWh.subMag)
14:23:46.863 [openiec61850-osi-server-7-thread-1] DEBUG com.beanit.openiec61850.ServerAssociation - Got a GetDataValues request for node: IEDBiogasCHP/DGEN1.PerWh.subMag [SV]
IEDBiogasCHP/DGEN1.PerWh.subMag.i: 0
IEDBiogasCHP/DGEN1.PerWh.subMag.f: 0.0
14:23:46.863 [openiec61850-osi-server-7-thread-1] DEBUG com.beanit.openiec61850.ServerAssociation - sub BDA is:IEDBiogasCHP/DGEN1.PerWh.subMag.i: 0
14:23:46.863 [openiec61850-osi-server-7-thread-1] DEBUG com.beanit.openiec61850.ServerAssociation - sub BDA is:IEDBiogasCHP/DGEN1.PerWh.subMag.f: 0.0
calling GetDataValues(IEDBiogasCHP/DGEN1.PerWh.subMag.i)
14:23:46.863 [openiec61850-osi-server-7-thread-1] DEBUG com.beanit.openiec61850.ServerAssociation - Got a GetDataValues request for node: IEDBiogasCHP/DGEN1.PerWh.subMag.i: 0
calling GetDataValues(IEDBiogasCHP/DGEN1.PerWh.subMag.f)
14:23:46.863 [openiec61850-osi-server-7-thread-1] DEBUG com.beanit.openiec61850.ServerAssociation - Got a GetDataValues request for node: IEDBiogasCHP/DGEN1.PerWh.subMag.f: 0.0
calling GetDataValues(IEDBiogasCHP/DGEN1.PerWh.subQ)
14:23:46.863 [openiec61850-osi-server-7-thread-1] DEBUG com.beanit.openiec61850.ServerAssociation - Got a GetDataValues request for node: IEDBiogasCHP/DGEN1.PerWh.subQ: 0x00 0x00
calling GetDataValues(IEDBiogasCHP/DGEN1.PerWh.subID)
14:23:46.863 [openiec61850-osi-server-7-thread-1] DEBUG com.beanit.openiec61850.ServerAssociation - Got a GetDataValues request for node: IEDBiogasCHP/DGEN1.PerWh.subID: ''
calling GetDataValues(IEDBiogasCHP/DGEN1.PerWh)
14:23:46.864 [openiec61850-osi-server-7-thread-1] DEBUG com.beanit.openiec61850.ServerAssociation - Got a GetDataValues request for node: IEDBiogasCHP/DGEN1.PerWh [CF]
IEDBiogasCHP/DGEN1.PerWh.units [CF]
IEDBiogasCHP/DGEN1.PerWh.units.SIUnit: 0
IEDBiogasCHP/DGEN1.PerWh.units.multiplier: 0
IEDBiogasCHP/DGEN1.PerWh.db: 0
IEDBiogasCHP/DGEN1.PerWh.zeroDb: 0
IEDBiogasCHP/DGEN1.PerWh.sVC [CF]
IEDBiogasCHP/DGEN1.PerWh.sVC.scaleFactor: 0.0
IEDBiogasCHP/DGEN1.PerWh.sVC.offset: 0.0
IEDBiogasCHP/DGEN1.PerWh.rangeC [CF]
IEDBiogasCHP/DGEN1.PerWh.rangeC.hhLim [CF]
IEDBiogasCHP/DGEN1.PerWh.rangeC.hhLim.i: 0
IEDBiogasCHP/DGEN1.PerWh.rangeC.hhLim.f: 0.0
IEDBiogasCHP/DGEN1.PerWh.rangeC.hLim [CF]
IEDBiogasCHP/DGEN1.PerWh.rangeC.hLim.i: 0
IEDBiogasCHP/DGEN1.PerWh.rangeC.hLim.f: 0.0
IEDBiogasCHP/DGEN1.PerWh.rangeC.lLim [CF]
IEDBiogasCHP/DGEN1.PerWh.rangeC.lLim.i: 0
IEDBiogasCHP/DGEN1.PerWh.rangeC.lLim.f: 0.0
IEDBiogasCHP/DGEN1.PerWh.rangeC.llLim [CF]
IEDBiogasCHP/DGEN1.PerWh.rangeC.llLim.i: 0
IEDBiogasCHP/DGEN1.PerWh.rangeC.llLim.f: 0.0
IEDBiogasCHP/DGEN1.PerWh.rangeC.min [CF]
IEDBiogasCHP/DGEN1.PerWh.rangeC.min.i: 0
IEDBiogasCHP/DGEN1.PerWh.rangeC.min.f: 0.0
IEDBiogasCHP/DGEN1.PerWh.rangeC.max [CF]
IEDBiogasCHP/DGEN1.PerWh.rangeC.max.i: 0
IEDBiogasCHP/DGEN1.PerWh.rangeC.max.f: 0.0
IEDBiogasCHP/DGEN1.PerWh.smpRate: 0
14:23:46.864 [openiec61850-osi-server-7-thread-1] DEBUG com.beanit.openiec61850.ServerAssociation - sub BDA is:IEDBiogasCHP/DGEN1.PerWh.units.SIUnit: 0
14:23:46.864 [openiec61850-osi-server-7-thread-1] DEBUG com.beanit.openiec61850.ServerAssociation - sub BDA is:IEDBiogasCHP/DGEN1.PerWh.units.multiplier: 0
14:23:46.864 [openiec61850-osi-server-7-thread-1] DEBUG com.beanit.openiec61850.ServerAssociation - sub BDA is:IEDBiogasCHP/DGEN1.PerWh.db: 0
14:23:46.864 [openiec61850-osi-server-7-thread-1] DEBUG com.beanit.openiec61850.ServerAssociation - sub BDA is:IEDBiogasCHP/DGEN1.PerWh.zeroDb: 0
14:23:46.864 [openiec61850-osi-server-7-thread-1] DEBUG com.beanit.openiec61850.ServerAssociation - sub BDA is:IEDBiogasCHP/DGEN1.PerWh.sVC.scaleFactor: 0.0
14:23:46.864 [openiec61850-osi-server-7-thread-1] DEBUG com.beanit.openiec61850.ServerAssociation - sub BDA is:IEDBiogasCHP/DGEN1.PerWh.sVC.offset: 0.0
14:23:46.864 [openiec61850-osi-server-7-thread-1] DEBUG com.beanit.openiec61850.ServerAssociation - sub BDA is:IEDBiogasCHP/DGEN1.PerWh.rangeC.hhLim.i: 0
14:23:46.864 [openiec61850-osi-server-7-thread-1] DEBUG com.beanit.openiec61850.ServerAssociation - sub BDA is:IEDBiogasCHP/DGEN1.PerWh.rangeC.hhLim.f: 0.0
14:23:46.864 [openiec61850-osi-server-7-thread-1] DEBUG com.beanit.openiec61850.ServerAssociation - sub BDA is:IEDBiogasCHP/DGEN1.PerWh.rangeC.hLim.i: 0
14:23:46.864 [openiec61850-osi-server-7-thread-1] DEBUG com.beanit.openiec61850.ServerAssociation - sub BDA is:IEDBiogasCHP/DGEN1.PerWh.rangeC.hLim.f: 0.0
14:23:46.864 [openiec61850-osi-server-7-thread-1] DEBUG com.beanit.openiec61850.ServerAssociation - sub BDA is:IEDBiogasCHP/DGEN1.PerWh.rangeC.lLim.i: 0
14:23:46.864 [openiec61850-osi-server-7-thread-1] DEBUG com.beanit.openiec61850.ServerAssociation - sub BDA is:IEDBiogasCHP/DGEN1.PerWh.rangeC.lLim.f: 0.0
14:23:46.864 [openiec61850-osi-server-7-thread-1] DEBUG com.beanit.openiec61850.ServerAssociation - sub BDA is:IEDBiogasCHP/DGEN1.PerWh.rangeC.llLim.i: 0
14:23:46.864 [openiec61850-osi-server-7-thread-1] DEBUG com.beanit.openiec61850.ServerAssociation - sub BDA is:IEDBiogasCHP/DGEN1.PerWh.rangeC.llLim.f: 0.0
14:23:46.864 [openiec61850-osi-server-7-thread-1] DEBUG com.beanit.openiec61850.ServerAssociation - sub BDA is:IEDBiogasCHP/DGEN1.PerWh.rangeC.min.i: 0
14:23:46.864 [openiec61850-osi-server-7-thread-1] DEBUG com.beanit.openiec61850.ServerAssociation - sub BDA is:IEDBiogasCHP/DGEN1.PerWh.rangeC.min.f: 0.0
14:23:46.864 [openiec61850-osi-server-7-thread-1] DEBUG com.beanit.openiec61850.ServerAssociation - sub BDA is:IEDBiogasCHP/DGEN1.PerWh.rangeC.max.i: 0
14:23:46.864 [openiec61850-osi-server-7-thread-1] DEBUG com.beanit.openiec61850.ServerAssociation - sub BDA is:IEDBiogasCHP/DGEN1.PerWh.rangeC.max.f: 0.0
14:23:46.864 [openiec61850-osi-server-7-thread-1] DEBUG com.beanit.openiec61850.ServerAssociation - sub BDA is:IEDBiogasCHP/DGEN1.PerWh.smpRate: 0
calling GetDataValues(IEDBiogasCHP/DGEN1.PerWh.units)
14:23:46.864 [openiec61850-osi-server-7-thread-1] DEBUG com.beanit.openiec61850.ServerAssociation - Got a GetDataValues request for node: IEDBiogasCHP/DGEN1.PerWh.units [CF]
IEDBiogasCHP/DGEN1.PerWh.units.SIUnit: 0
IEDBiogasCHP/DGEN1.PerWh.units.multiplier: 0
14:23:46.864 [openiec61850-osi-server-7-thread-1] DEBUG com.beanit.openiec61850.ServerAssociation - sub BDA is:IEDBiogasCHP/DGEN1.PerWh.units.SIUnit: 0
14:23:46.864 [openiec61850-osi-server-7-thread-1] DEBUG com.beanit.openiec61850.ServerAssociation - sub BDA is:IEDBiogasCHP/DGEN1.PerWh.units.multiplier: 0
calling GetDataValues(IEDBiogasCHP/DGEN1.PerWh.units.SIUnit)
14:23:46.864 [openiec61850-osi-server-7-thread-1] DEBUG com.beanit.openiec61850.ServerAssociation - Got a GetDataValues request for node: IEDBiogasCHP/DGEN1.PerWh.units.SIUnit: 0
calling GetDataValues(IEDBiogasCHP/DGEN1.PerWh.units.multiplier)
14:23:46.864 [openiec61850-osi-server-7-thread-1] DEBUG com.beanit.openiec61850.ServerAssociation - Got a GetDataValues request for node: IEDBiogasCHP/DGEN1.PerWh.units.multiplier: 0
calling GetDataValues(IEDBiogasCHP/DGEN1.PerWh.db)
14:23:46.865 [openiec61850-osi-server-7-thread-1] DEBUG com.beanit.openiec61850.ServerAssociation - Got a GetDataValues request for node: IEDBiogasCHP/DGEN1.PerWh.db: 0
calling GetDataValues(IEDBiogasCHP/DGEN1.PerWh.zeroDb)
14:23:46.865 [openiec61850-osi-server-7-thread-1] DEBUG com.beanit.openiec61850.ServerAssociation - Got a GetDataValues request for node: IEDBiogasCHP/DGEN1.PerWh.zeroDb: 0
calling GetDataValues(IEDBiogasCHP/DGEN1.PerWh.sVC)
14:23:46.865 [openiec61850-osi-server-7-thread-1] DEBUG com.beanit.openiec61850.ServerAssociation - Got a GetDataValues request for node: IEDBiogasCHP/DGEN1.PerWh.sVC [CF]
IEDBiogasCHP/DGEN1.PerWh.sVC.scaleFactor: 0.0
IEDBiogasCHP/DGEN1.PerWh.sVC.offset: 0.0
14:23:46.865 [openiec61850-osi-server-7-thread-1] DEBUG com.beanit.openiec61850.ServerAssociation - sub BDA is:IEDBiogasCHP/DGEN1.PerWh.sVC.scaleFactor: 0.0
14:23:46.865 [openiec61850-osi-server-7-thread-1] DEBUG com.beanit.openiec61850.ServerAssociation - sub BDA is:IEDBiogasCHP/DGEN1.PerWh.sVC.offset: 0.0
calling GetDataValues(IEDBiogasCHP/DGEN1.PerWh.sVC.scaleFactor)
14:23:46.865 [openiec61850-osi-server-7-thread-1] DEBUG com.beanit.openiec61850.ServerAssociation - Got a GetDataValues request for node: IEDBiogasCHP/DGEN1.PerWh.sVC.scaleFactor: 0.0
calling GetDataValues(IEDBiogasCHP/DGEN1.PerWh.sVC.offset)
14:23:46.865 [openiec61850-osi-server-7-thread-1] DEBUG com.beanit.openiec61850.ServerAssociation - Got a GetDataValues request for node: IEDBiogasCHP/DGEN1.PerWh.sVC.offset: 0.0
calling GetDataValues(IEDBiogasCHP/DGEN1.PerWh.rangeC)
14:23:46.865 [openiec61850-osi-server-7-thread-1] DEBUG com.beanit.openiec61850.ServerAssociation - Got a GetDataValues request for node: IEDBiogasCHP/DGEN1.PerWh.rangeC [CF]
IEDBiogasCHP/DGEN1.PerWh.rangeC.hhLim [CF]
IEDBiogasCHP/DGEN1.PerWh.rangeC.hhLim.i: 0
IEDBiogasCHP/DGEN1.PerWh.rangeC.hhLim.f: 0.0
IEDBiogasCHP/DGEN1.PerWh.rangeC.hLim [CF]
IEDBiogasCHP/DGEN1.PerWh.rangeC.hLim.i: 0
IEDBiogasCHP/DGEN1.PerWh.rangeC.hLim.f: 0.0
IEDBiogasCHP/DGEN1.PerWh.rangeC.lLim [CF]
IEDBiogasCHP/DGEN1.PerWh.rangeC.lLim.i: 0
IEDBiogasCHP/DGEN1.PerWh.rangeC.lLim.f: 0.0
IEDBiogasCHP/DGEN1.PerWh.rangeC.llLim [CF]
IEDBiogasCHP/DGEN1.PerWh.rangeC.llLim.i: 0
IEDBiogasCHP/DGEN1.PerWh.rangeC.llLim.f: 0.0
IEDBiogasCHP/DGEN1.PerWh.rangeC.min [CF]
IEDBiogasCHP/DGEN1.PerWh.rangeC.min.i: 0
IEDBiogasCHP/DGEN1.PerWh.rangeC.min.f: 0.0
IEDBiogasCHP/DGEN1.PerWh.rangeC.max [CF]
IEDBiogasCHP/DGEN1.PerWh.rangeC.max.i: 0
IEDBiogasCHP/DGEN1.PerWh.rangeC.max.f: 0.0
14:23:46.865 [openiec61850-osi-server-7-thread-1] DEBUG com.beanit.openiec61850.ServerAssociation - sub BDA is:IEDBiogasCHP/DGEN1.PerWh.rangeC.hhLim.i: 0
14:23:46.865 [openiec61850-osi-server-7-thread-1] DEBUG com.beanit.openiec61850.ServerAssociation - sub BDA is:IEDBiogasCHP/DGEN1.PerWh.rangeC.hhLim.f: 0.0
14:23:46.865 [openiec61850-osi-server-7-thread-1] DEBUG com.beanit.openiec61850.ServerAssociation - sub BDA is:IEDBiogasCHP/DGEN1.PerWh.rangeC.hLim.i: 0
14:23:46.865 [openiec61850-osi-server-7-thread-1] DEBUG com.beanit.openiec61850.ServerAssociation - sub BDA is:IEDBiogasCHP/DGEN1.PerWh.rangeC.hLim.f: 0.0
14:23:46.865 [openiec61850-osi-server-7-thread-1] DEBUG com.beanit.openiec61850.ServerAssociation - sub BDA is:IEDBiogasCHP/DGEN1.PerWh.rangeC.lLim.i: 0
14:23:46.865 [openiec61850-osi-server-7-thread-1] DEBUG com.beanit.openiec61850.ServerAssociation - sub BDA is:IEDBiogasCHP/DGEN1.PerWh.rangeC.lLim.f: 0.0
14:23:46.865 [openiec61850-osi-server-7-thread-1] DEBUG com.beanit.openiec61850.ServerAssociation - sub BDA is:IEDBiogasCHP/DGEN1.PerWh.rangeC.llLim.i: 0
14:23:46.865 [openiec61850-osi-server-7-thread-1] DEBUG com.beanit.openiec61850.ServerAssociation - sub BDA is:IEDBiogasCHP/DGEN1.PerWh.rangeC.llLim.f: 0.0
14:23:46.865 [openiec61850-osi-server-7-thread-1] DEBUG com.beanit.openiec61850.ServerAssociation - sub BDA is:IEDBiogasCHP/DGEN1.PerWh.rangeC.min.i: 0
14:23:46.865 [openiec61850-osi-server-7-thread-1] DEBUG com.beanit.openiec61850.ServerAssociation - sub BDA is:IEDBiogasCHP/DGEN1.PerWh.rangeC.min.f: 0.0
14:23:46.865 [openiec61850-osi-server-7-thread-1] DEBUG com.beanit.openiec61850.ServerAssociation - sub BDA is:IEDBiogasCHP/DGEN1.PerWh.rangeC.max.i: 0
14:23:46.865 [openiec61850-osi-server-7-thread-1] DEBUG com.beanit.openiec61850.ServerAssociation - sub BDA is:IEDBiogasCHP/DGEN1.PerWh.rangeC.max.f: 0.0
calling GetDataValues(IEDBiogasCHP/DGEN1.PerWh.rangeC.hhLim)
14:23:46.866 [openiec61850-osi-server-7-thread-1] DEBUG com.beanit.openiec61850.ServerAssociation - Got a GetDataValues request for node: IEDBiogasCHP/DGEN1.PerWh.rangeC.hhLim [CF]
IEDBiogasCHP/DGEN1.PerWh.rangeC.hhLim.i: 0
IEDBiogasCHP/DGEN1.PerWh.rangeC.hhLim.f: 0.0
14:23:46.866 [openiec61850-osi-server-7-thread-1] DEBUG com.beanit.openiec61850.ServerAssociation - sub BDA is:IEDBiogasCHP/DGEN1.PerWh.rangeC.hhLim.i: 0
14:23:46.866 [openiec61850-osi-server-7-thread-1] DEBUG com.beanit.openiec61850.ServerAssociation - sub BDA is:IEDBiogasCHP/DGEN1.PerWh.rangeC.hhLim.f: 0.0
calling GetDataValues(IEDBiogasCHP/DGEN1.PerWh.rangeC.hhLim.i)
14:23:46.866 [openiec61850-osi-server-7-thread-1] DEBUG com.beanit.openiec61850.ServerAssociation - Got a GetDataValues request for node: IEDBiogasCHP/DGEN1.PerWh.rangeC.hhLim.i: 0
calling GetDataValues(IEDBiogasCHP/DGEN1.PerWh.rangeC.hhLim.f)
14:23:46.866 [openiec61850-osi-server-7-thread-1] DEBUG com.beanit.openiec61850.ServerAssociation - Got a GetDataValues request for node: IEDBiogasCHP/DGEN1.PerWh.rangeC.hhLim.f: 0.0
calling GetDataValues(IEDBiogasCHP/DGEN1.PerWh.rangeC.hLim)
14:23:46.866 [openiec61850-osi-server-7-thread-1] DEBUG com.beanit.openiec61850.ServerAssociation - Got a GetDataValues request for node: IEDBiogasCHP/DGEN1.PerWh.rangeC.hLim [CF]
IEDBiogasCHP/DGEN1.PerWh.rangeC.hLim.i: 0
IEDBiogasCHP/DGEN1.PerWh.rangeC.hLim.f: 0.0
14:23:46.866 [openiec61850-osi-server-7-thread-1] DEBUG com.beanit.openiec61850.ServerAssociation - sub BDA is:IEDBiogasCHP/DGEN1.PerWh.rangeC.hLim.i: 0
14:23:46.866 [openiec61850-osi-server-7-thread-1] DEBUG com.beanit.openiec61850.ServerAssociation - sub BDA is:IEDBiogasCHP/DGEN1.PerWh.rangeC.hLim.f: 0.0
calling GetDataValues(IEDBiogasCHP/DGEN1.PerWh.rangeC.hLim.i)
14:23:46.866 [openiec61850-osi-server-7-thread-1] DEBUG com.beanit.openiec61850.ServerAssociation - Got a GetDataValues request for node: IEDBiogasCHP/DGEN1.PerWh.rangeC.hLim.i: 0
calling GetDataValues(IEDBiogasCHP/DGEN1.PerWh.rangeC.hLim.f)
14:23:46.866 [openiec61850-osi-server-7-thread-1] DEBUG com.beanit.openiec61850.ServerAssociation - Got a GetDataValues request for node: IEDBiogasCHP/DGEN1.PerWh.rangeC.hLim.f: 0.0
calling GetDataValues(IEDBiogasCHP/DGEN1.PerWh.rangeC.lLim)
14:23:46.867 [openiec61850-osi-server-7-thread-1] DEBUG com.beanit.openiec61850.ServerAssociation - Got a GetDataValues request for node: IEDBiogasCHP/DGEN1.PerWh.rangeC.lLim [CF]
IEDBiogasCHP/DGEN1.PerWh.rangeC.lLim.i: 0
IEDBiogasCHP/DGEN1.PerWh.rangeC.lLim.f: 0.0
14:23:46.867 [openiec61850-osi-server-7-thread-1] DEBUG com.beanit.openiec61850.ServerAssociation - sub BDA is:IEDBiogasCHP/DGEN1.PerWh.rangeC.lLim.i: 0
14:23:46.867 [openiec61850-osi-server-7-thread-1] DEBUG com.beanit.openiec61850.ServerAssociation - sub BDA is:IEDBiogasCHP/DGEN1.PerWh.rangeC.lLim.f: 0.0
calling GetDataValues(IEDBiogasCHP/DGEN1.PerWh.rangeC.lLim.i)
14:23:46.867 [openiec61850-osi-server-7-thread-1] DEBUG com.beanit.openiec61850.ServerAssociation - Got a GetDataValues request for node: IEDBiogasCHP/DGEN1.PerWh.rangeC.lLim.i: 0
calling GetDataValues(IEDBiogasCHP/DGEN1.PerWh.rangeC.lLim.f)
14:23:46.867 [openiec61850-osi-server-7-thread-1] DEBUG com.beanit.openiec61850.ServerAssociation - Got a GetDataValues request for node: IEDBiogasCHP/DGEN1.PerWh.rangeC.lLim.f: 0.0
calling GetDataValues(IEDBiogasCHP/DGEN1.PerWh.rangeC.llLim)
14:23:46.867 [openiec61850-osi-server-7-thread-1] DEBUG com.beanit.openiec61850.ServerAssociation - Got a GetDataValues request for node: IEDBiogasCHP/DGEN1.PerWh.rangeC.llLim [CF]
IEDBiogasCHP/DGEN1.PerWh.rangeC.llLim.i: 0
IEDBiogasCHP/DGEN1.PerWh.rangeC.llLim.f: 0.0
14:23:46.867 [openiec61850-osi-server-7-thread-1] DEBUG com.beanit.openiec61850.ServerAssociation - sub BDA is:IEDBiogasCHP/DGEN1.PerWh.rangeC.llLim.i: 0
14:23:46.867 [openiec61850-osi-server-7-thread-1] DEBUG com.beanit.openiec61850.ServerAssociation - sub BDA is:IEDBiogasCHP/DGEN1.PerWh.rangeC.llLim.f: 0.0
calling GetDataValues(IEDBiogasCHP/DGEN1.PerWh.rangeC.llLim.i)
14:23:46.867 [openiec61850-osi-server-7-thread-1] DEBUG com.beanit.openiec61850.ServerAssociation - Got a GetDataValues request for node: IEDBiogasCHP/DGEN1.PerWh.rangeC.llLim.i: 0
calling GetDataValues(IEDBiogasCHP/DGEN1.PerWh.rangeC.llLim.f)
14:23:46.867 [openiec61850-osi-server-7-thread-1] DEBUG com.beanit.openiec61850.ServerAssociation - Got a GetDataValues request for node: IEDBiogasCHP/DGEN1.PerWh.rangeC.llLim.f: 0.0
calling GetDataValues(IEDBiogasCHP/DGEN1.PerWh.rangeC.min)
14:23:46.867 [openiec61850-osi-server-7-thread-1] DEBUG com.beanit.openiec61850.ServerAssociation - Got a GetDataValues request for node: IEDBiogasCHP/DGEN1.PerWh.rangeC.min [CF]
IEDBiogasCHP/DGEN1.PerWh.rangeC.min.i: 0
IEDBiogasCHP/DGEN1.PerWh.rangeC.min.f: 0.0
14:23:46.867 [openiec61850-osi-server-7-thread-1] DEBUG com.beanit.openiec61850.ServerAssociation - sub BDA is:IEDBiogasCHP/DGEN1.PerWh.rangeC.min.i: 0
14:23:46.867 [openiec61850-osi-server-7-thread-1] DEBUG com.beanit.openiec61850.ServerAssociation - sub BDA is:IEDBiogasCHP/DGEN1.PerWh.rangeC.min.f: 0.0
calling GetDataValues(IEDBiogasCHP/DGEN1.PerWh.rangeC.min.i)
14:23:46.868 [openiec61850-osi-server-7-thread-1] DEBUG com.beanit.openiec61850.ServerAssociation - Got a GetDataValues request for node: IEDBiogasCHP/DGEN1.PerWh.rangeC.min.i: 0
calling GetDataValues(IEDBiogasCHP/DGEN1.PerWh.rangeC.min.f)
14:23:46.868 [openiec61850-osi-server-7-thread-1] DEBUG com.beanit.openiec61850.ServerAssociation - Got a GetDataValues request for node: IEDBiogasCHP/DGEN1.PerWh.rangeC.min.f: 0.0
calling GetDataValues(IEDBiogasCHP/DGEN1.PerWh.rangeC.max)
14:23:46.868 [openiec61850-osi-server-7-thread-1] DEBUG com.beanit.openiec61850.ServerAssociation - Got a GetDataValues request for node: IEDBiogasCHP/DGEN1.PerWh.rangeC.max [CF]
IEDBiogasCHP/DGEN1.PerWh.rangeC.max.i: 0
IEDBiogasCHP/DGEN1.PerWh.rangeC.max.f: 0.0
14:23:46.868 [openiec61850-osi-server-7-thread-1] DEBUG com.beanit.openiec61850.ServerAssociation - sub BDA is:IEDBiogasCHP/DGEN1.PerWh.rangeC.max.i: 0
14:23:46.868 [openiec61850-osi-server-7-thread-1] DEBUG com.beanit.openiec61850.ServerAssociation - sub BDA is:IEDBiogasCHP/DGEN1.PerWh.rangeC.max.f: 0.0
calling GetDataValues(IEDBiogasCHP/DGEN1.PerWh.rangeC.max.i)
14:23:46.868 [openiec61850-osi-server-7-thread-1] DEBUG com.beanit.openiec61850.ServerAssociation - Got a GetDataValues request for node: IEDBiogasCHP/DGEN1.PerWh.rangeC.max.i: 0
calling GetDataValues(IEDBiogasCHP/DGEN1.PerWh.rangeC.max.f)
14:23:46.868 [openiec61850-osi-server-7-thread-1] DEBUG com.beanit.openiec61850.ServerAssociation - Got a GetDataValues request for node: IEDBiogasCHP/DGEN1.PerWh.rangeC.max.f: 0.0
calling GetDataValues(IEDBiogasCHP/DGEN1.PerWh.smpRate)
14:23:46.868 [openiec61850-osi-server-7-thread-1] DEBUG com.beanit.openiec61850.ServerAssociation - Got a GetDataValues request for node: IEDBiogasCHP/DGEN1.PerWh.smpRate: 0
calling GetDataValues(IEDBiogasCHP/DGEN1.PerWh)
14:23:46.869 [openiec61850-osi-server-7-thread-1] DEBUG com.beanit.openiec61850.ServerAssociation - Got a GetDataValues request for node: IEDBiogasCHP/DGEN1.PerWh [DC]
IEDBiogasCHP/DGEN1.PerWh.d: ''
IEDBiogasCHP/DGEN1.PerWh.dU: 
14:23:46.869 [openiec61850-osi-server-7-thread-1] DEBUG com.beanit.openiec61850.ServerAssociation - sub BDA is:IEDBiogasCHP/DGEN1.PerWh.d: ''
14:23:46.869 [openiec61850-osi-server-7-thread-1] DEBUG com.beanit.openiec61850.ServerAssociation - sub BDA is:IEDBiogasCHP/DGEN1.PerWh.dU: 
calling GetDataValues(IEDBiogasCHP/DGEN1.PerWh.d)
14:23:46.869 [openiec61850-osi-server-7-thread-1] DEBUG com.beanit.openiec61850.ServerAssociation - Got a GetDataValues request for node: IEDBiogasCHP/DGEN1.PerWh.d: ''
calling GetDataValues(IEDBiogasCHP/DGEN1.PerWh.dU)
14:23:46.869 [openiec61850-osi-server-7-thread-1] DEBUG com.beanit.openiec61850.ServerAssociation - Got a GetDataValues request for node: IEDBiogasCHP/DGEN1.PerWh.dU: 
calling GetDataValues(IEDBiogasCHP/DGEN1.PerWh)
14:23:46.869 [openiec61850-osi-server-7-thread-1] DEBUG com.beanit.openiec61850.ServerAssociation - Got a GetDataValues request for node: IEDBiogasCHP/DGEN1.PerWh [EX]
IEDBiogasCHP/DGEN1.PerWh.cdcNs: ''
IEDBiogasCHP/DGEN1.PerWh.cdcName: ''
IEDBiogasCHP/DGEN1.PerWh.dataNs: ''
14:23:46.869 [openiec61850-osi-server-7-thread-1] DEBUG com.beanit.openiec61850.ServerAssociation - sub BDA is:IEDBiogasCHP/DGEN1.PerWh.cdcNs: ''
14:23:46.869 [openiec61850-osi-server-7-thread-1] DEBUG com.beanit.openiec61850.ServerAssociation - sub BDA is:IEDBiogasCHP/DGEN1.PerWh.cdcName: ''
14:23:46.869 [openiec61850-osi-server-7-thread-1] DEBUG com.beanit.openiec61850.ServerAssociation - sub BDA is:IEDBiogasCHP/DGEN1.PerWh.dataNs: ''
calling GetDataValues(IEDBiogasCHP/DGEN1.PerWh.cdcNs)
14:23:46.869 [openiec61850-osi-server-7-thread-1] DEBUG com.beanit.openiec61850.ServerAssociation - Got a GetDataValues request for node: IEDBiogasCHP/DGEN1.PerWh.cdcNs: ''
calling GetDataValues(IEDBiogasCHP/DGEN1.PerWh.cdcName)
14:23:46.869 [openiec61850-osi-server-7-thread-1] DEBUG com.beanit.openiec61850.ServerAssociation - Got a GetDataValues request for node: IEDBiogasCHP/DGEN1.PerWh.cdcName: ''
calling GetDataValues(IEDBiogasCHP/DGEN1.PerWh.dataNs)
14:23:46.870 [openiec61850-osi-server-7-thread-1] DEBUG com.beanit.openiec61850.ServerAssociation - Got a GetDataValues request for node: IEDBiogasCHP/DGEN1.PerWh.dataNs: ''
calling GetDataValues(IEDBiogasCHP/DGEN1.TotStrCnt)
14:23:46.870 [openiec61850-osi-server-7-thread-1] DEBUG com.beanit.openiec61850.ServerAssociation - Got a GetDataValues request for node: IEDBiogasCHP/DGEN1.TotStrCnt [ST]
IEDBiogasCHP/DGEN1.TotStrCnt.actVal: 0
IEDBiogasCHP/DGEN1.TotStrCnt.frVal: 0
IEDBiogasCHP/DGEN1.TotStrCnt.frTm: Thu Jan 01 01:00:00 CET 1970
IEDBiogasCHP/DGEN1.TotStrCnt.q: 0x00 0x00
IEDBiogasCHP/DGEN1.TotStrCnt.t: Thu Jan 01 01:00:00 CET 1970
14:23:46.870 [openiec61850-osi-server-7-thread-1] DEBUG com.beanit.openiec61850.ServerAssociation - sub BDA is:IEDBiogasCHP/DGEN1.TotStrCnt.actVal: 0
14:23:46.870 [openiec61850-osi-server-7-thread-1] DEBUG com.beanit.openiec61850.ServerAssociation - sub BDA is:IEDBiogasCHP/DGEN1.TotStrCnt.frVal: 0
14:23:46.870 [openiec61850-osi-server-7-thread-1] DEBUG com.beanit.openiec61850.ServerAssociation - sub BDA is:IEDBiogasCHP/DGEN1.TotStrCnt.frTm: Thu Jan 01 01:00:00 CET 1970
14:23:46.870 [openiec61850-osi-server-7-thread-1] DEBUG com.beanit.openiec61850.ServerAssociation - sub BDA is:IEDBiogasCHP/DGEN1.TotStrCnt.q: 0x00 0x00
14:23:46.870 [openiec61850-osi-server-7-thread-1] DEBUG com.beanit.openiec61850.ServerAssociation - sub BDA is:IEDBiogasCHP/DGEN1.TotStrCnt.t: Thu Jan 01 01:00:00 CET 1970
calling GetDataValues(IEDBiogasCHP/DGEN1.TotStrCnt.actVal)
14:23:46.870 [openiec61850-osi-server-7-thread-1] DEBUG com.beanit.openiec61850.ServerAssociation - Got a GetDataValues request for node: IEDBiogasCHP/DGEN1.TotStrCnt.actVal: 0
calling GetDataValues(IEDBiogasCHP/DGEN1.TotStrCnt.frVal)
14:23:46.870 [openiec61850-osi-server-7-thread-1] DEBUG com.beanit.openiec61850.ServerAssociation - Got a GetDataValues request for node: IEDBiogasCHP/DGEN1.TotStrCnt.frVal: 0
calling GetDataValues(IEDBiogasCHP/DGEN1.TotStrCnt.frTm)
14:23:46.870 [openiec61850-osi-server-7-thread-1] DEBUG com.beanit.openiec61850.ServerAssociation - Got a GetDataValues request for node: IEDBiogasCHP/DGEN1.TotStrCnt.frTm: Thu Jan 01 01:00:00 CET 1970
calling GetDataValues(IEDBiogasCHP/DGEN1.TotStrCnt.q)
14:23:46.871 [openiec61850-osi-server-7-thread-1] DEBUG com.beanit.openiec61850.ServerAssociation - Got a GetDataValues request for node: IEDBiogasCHP/DGEN1.TotStrCnt.q: 0x00 0x00
calling GetDataValues(IEDBiogasCHP/DGEN1.TotStrCnt.t)
14:23:46.871 [openiec61850-osi-server-7-thread-1] DEBUG com.beanit.openiec61850.ServerAssociation - Got a GetDataValues request for node: IEDBiogasCHP/DGEN1.TotStrCnt.t: Thu Jan 01 01:00:00 CET 1970
calling GetDataValues(IEDBiogasCHP/DGEN1.TotStrCnt)
14:23:46.871 [openiec61850-osi-server-7-thread-1] DEBUG com.beanit.openiec61850.ServerAssociation - Got a GetDataValues request for node: IEDBiogasCHP/DGEN1.TotStrCnt [CF]
IEDBiogasCHP/DGEN1.TotStrCnt.units [CF]
IEDBiogasCHP/DGEN1.TotStrCnt.units.SIUnit: 0
IEDBiogasCHP/DGEN1.TotStrCnt.units.multiplier: 0
IEDBiogasCHP/DGEN1.TotStrCnt.pulsQty: 0.0
IEDBiogasCHP/DGEN1.TotStrCnt.frEna: false
IEDBiogasCHP/DGEN1.TotStrCnt.strTm: Thu Jan 01 01:00:00 CET 1970
IEDBiogasCHP/DGEN1.TotStrCnt.frPd: 0
IEDBiogasCHP/DGEN1.TotStrCnt.frRs: false
14:23:46.871 [openiec61850-osi-server-7-thread-1] DEBUG com.beanit.openiec61850.ServerAssociation - sub BDA is:IEDBiogasCHP/DGEN1.TotStrCnt.units.SIUnit: 0
14:23:46.871 [openiec61850-osi-server-7-thread-1] DEBUG com.beanit.openiec61850.ServerAssociation - sub BDA is:IEDBiogasCHP/DGEN1.TotStrCnt.units.multiplier: 0
14:23:46.871 [openiec61850-osi-server-7-thread-1] DEBUG com.beanit.openiec61850.ServerAssociation - sub BDA is:IEDBiogasCHP/DGEN1.TotStrCnt.pulsQty: 0.0
14:23:46.871 [openiec61850-osi-server-7-thread-1] DEBUG com.beanit.openiec61850.ServerAssociation - sub BDA is:IEDBiogasCHP/DGEN1.TotStrCnt.frEna: false
14:23:46.871 [openiec61850-osi-server-7-thread-1] DEBUG com.beanit.openiec61850.ServerAssociation - sub BDA is:IEDBiogasCHP/DGEN1.TotStrCnt.strTm: Thu Jan 01 01:00:00 CET 1970
14:23:46.871 [openiec61850-osi-server-7-thread-1] DEBUG com.beanit.openiec61850.ServerAssociation - sub BDA is:IEDBiogasCHP/DGEN1.TotStrCnt.frPd: 0
14:23:46.871 [openiec61850-osi-server-7-thread-1] DEBUG com.beanit.openiec61850.ServerAssociation - sub BDA is:IEDBiogasCHP/DGEN1.TotStrCnt.frRs: false
calling GetDataValues(IEDBiogasCHP/DGEN1.TotStrCnt.units)
14:23:46.871 [openiec61850-osi-server-7-thread-1] DEBUG com.beanit.openiec61850.ServerAssociation - Got a GetDataValues request for node: IEDBiogasCHP/DGEN1.TotStrCnt.units [CF]
IEDBiogasCHP/DGEN1.TotStrCnt.units.SIUnit: 0
IEDBiogasCHP/DGEN1.TotStrCnt.units.multiplier: 0
14:23:46.871 [openiec61850-osi-server-7-thread-1] DEBUG com.beanit.openiec61850.ServerAssociation - sub BDA is:IEDBiogasCHP/DGEN1.TotStrCnt.units.SIUnit: 0
14:23:46.871 [openiec61850-osi-server-7-thread-1] DEBUG com.beanit.openiec61850.ServerAssociation - sub BDA is:IEDBiogasCHP/DGEN1.TotStrCnt.units.multiplier: 0
calling GetDataValues(IEDBiogasCHP/DGEN1.TotStrCnt.units.SIUnit)
14:23:46.871 [openiec61850-osi-server-7-thread-1] DEBUG com.beanit.openiec61850.ServerAssociation - Got a GetDataValues request for node: IEDBiogasCHP/DGEN1.TotStrCnt.units.SIUnit: 0
calling GetDataValues(IEDBiogasCHP/DGEN1.TotStrCnt.units.multiplier)
14:23:46.872 [openiec61850-osi-server-7-thread-1] DEBUG com.beanit.openiec61850.ServerAssociation - Got a GetDataValues request for node: IEDBiogasCHP/DGEN1.TotStrCnt.units.multiplier: 0
calling GetDataValues(IEDBiogasCHP/DGEN1.TotStrCnt.pulsQty)
14:23:46.872 [openiec61850-osi-server-7-thread-1] DEBUG com.beanit.openiec61850.ServerAssociation - Got a GetDataValues request for node: IEDBiogasCHP/DGEN1.TotStrCnt.pulsQty: 0.0
calling GetDataValues(IEDBiogasCHP/DGEN1.TotStrCnt.frEna)
14:23:46.872 [openiec61850-osi-server-7-thread-1] DEBUG com.beanit.openiec61850.ServerAssociation - Got a GetDataValues request for node: IEDBiogasCHP/DGEN1.TotStrCnt.frEna: false
calling GetDataValues(IEDBiogasCHP/DGEN1.TotStrCnt.strTm)
14:23:46.872 [openiec61850-osi-server-7-thread-1] DEBUG com.beanit.openiec61850.ServerAssociation - Got a GetDataValues request for node: IEDBiogasCHP/DGEN1.TotStrCnt.strTm: Thu Jan 01 01:00:00 CET 1970
calling GetDataValues(IEDBiogasCHP/DGEN1.TotStrCnt.frPd)
14:23:46.872 [openiec61850-osi-server-7-thread-1] DEBUG com.beanit.openiec61850.ServerAssociation - Got a GetDataValues request for node: IEDBiogasCHP/DGEN1.TotStrCnt.frPd: 0
calling GetDataValues(IEDBiogasCHP/DGEN1.TotStrCnt.frRs)
14:23:46.872 [openiec61850-osi-server-7-thread-1] DEBUG com.beanit.openiec61850.ServerAssociation - Got a GetDataValues request for node: IEDBiogasCHP/DGEN1.TotStrCnt.frRs: false
calling GetDataValues(IEDBiogasCHP/DGEN1.TotStrCnt)
14:23:46.873 [openiec61850-osi-server-7-thread-1] DEBUG com.beanit.openiec61850.ServerAssociation - Got a GetDataValues request for node: IEDBiogasCHP/DGEN1.TotStrCnt [DC]
IEDBiogasCHP/DGEN1.TotStrCnt.d: ''
IEDBiogasCHP/DGEN1.TotStrCnt.dU: 
14:23:46.873 [openiec61850-osi-server-7-thread-1] DEBUG com.beanit.openiec61850.ServerAssociation - sub BDA is:IEDBiogasCHP/DGEN1.TotStrCnt.d: ''
14:23:46.873 [openiec61850-osi-server-7-thread-1] DEBUG com.beanit.openiec61850.ServerAssociation - sub BDA is:IEDBiogasCHP/DGEN1.TotStrCnt.dU: 
calling GetDataValues(IEDBiogasCHP/DGEN1.TotStrCnt.d)
14:23:46.873 [openiec61850-osi-server-7-thread-1] DEBUG com.beanit.openiec61850.ServerAssociation - Got a GetDataValues request for node: IEDBiogasCHP/DGEN1.TotStrCnt.d: ''
calling GetDataValues(IEDBiogasCHP/DGEN1.TotStrCnt.dU)
14:23:46.873 [openiec61850-osi-server-7-thread-1] DEBUG com.beanit.openiec61850.ServerAssociation - Got a GetDataValues request for node: IEDBiogasCHP/DGEN1.TotStrCnt.dU: 
calling GetDataValues(IEDBiogasCHP/DGEN1.TotStrCnt)
14:23:46.873 [openiec61850-osi-server-7-thread-1] DEBUG com.beanit.openiec61850.ServerAssociation - Got a GetDataValues request for node: IEDBiogasCHP/DGEN1.TotStrCnt [EX]
IEDBiogasCHP/DGEN1.TotStrCnt.cdcNs: ''
IEDBiogasCHP/DGEN1.TotStrCnt.cdcName: ''
IEDBiogasCHP/DGEN1.TotStrCnt.dataNs: ''
14:23:46.873 [openiec61850-osi-server-7-thread-1] DEBUG com.beanit.openiec61850.ServerAssociation - sub BDA is:IEDBiogasCHP/DGEN1.TotStrCnt.cdcNs: ''
14:23:46.873 [openiec61850-osi-server-7-thread-1] DEBUG com.beanit.openiec61850.ServerAssociation - sub BDA is:IEDBiogasCHP/DGEN1.TotStrCnt.cdcName: ''
14:23:46.873 [openiec61850-osi-server-7-thread-1] DEBUG com.beanit.openiec61850.ServerAssociation - sub BDA is:IEDBiogasCHP/DGEN1.TotStrCnt.dataNs: ''
calling GetDataValues(IEDBiogasCHP/DGEN1.TotStrCnt.cdcNs)
14:23:46.873 [openiec61850-osi-server-7-thread-1] DEBUG com.beanit.openiec61850.ServerAssociation - Got a GetDataValues request for node: IEDBiogasCHP/DGEN1.TotStrCnt.cdcNs: ''
calling GetDataValues(IEDBiogasCHP/DGEN1.TotStrCnt.cdcName)
14:23:46.873 [openiec61850-osi-server-7-thread-1] DEBUG com.beanit.openiec61850.ServerAssociation - Got a GetDataValues request for node: IEDBiogasCHP/DGEN1.TotStrCnt.cdcName: ''
calling GetDataValues(IEDBiogasCHP/DGEN1.TotStrCnt.dataNs)
14:23:46.873 [openiec61850-osi-server-7-thread-1] DEBUG com.beanit.openiec61850.ServerAssociation - Got a GetDataValues request for node: IEDBiogasCHP/DGEN1.TotStrCnt.dataNs: ''
calling GetDataValues(IEDBiogasCHP/DGEN1.GnStbTm)
14:23:46.874 [openiec61850-osi-server-7-thread-1] DEBUG com.beanit.openiec61850.ServerAssociation - Got a GetDataValues request for node: IEDBiogasCHP/DGEN1.GnStbTm [MX]
IEDBiogasCHP/DGEN1.GnStbTm.instMag [MX]
IEDBiogasCHP/DGEN1.GnStbTm.instMag.i: 0
IEDBiogasCHP/DGEN1.GnStbTm.instMag.f: 0.0
IEDBiogasCHP/DGEN1.GnStbTm.mag [MX]
IEDBiogasCHP/DGEN1.GnStbTm.mag.i: 0
IEDBiogasCHP/DGEN1.GnStbTm.mag.f: 0.0
IEDBiogasCHP/DGEN1.GnStbTm.range: 0
IEDBiogasCHP/DGEN1.GnStbTm.q: 0x00 0x00
IEDBiogasCHP/DGEN1.GnStbTm.t: Thu Jan 01 01:00:00 CET 1970
14:23:46.874 [openiec61850-osi-server-7-thread-1] DEBUG com.beanit.openiec61850.ServerAssociation - sub BDA is:IEDBiogasCHP/DGEN1.GnStbTm.instMag.i: 0
14:23:46.874 [openiec61850-osi-server-7-thread-1] DEBUG com.beanit.openiec61850.ServerAssociation - sub BDA is:IEDBiogasCHP/DGEN1.GnStbTm.instMag.f: 0.0
14:23:46.874 [openiec61850-osi-server-7-thread-1] DEBUG com.beanit.openiec61850.ServerAssociation - sub BDA is:IEDBiogasCHP/DGEN1.GnStbTm.mag.i: 0
14:23:46.874 [openiec61850-osi-server-7-thread-1] DEBUG com.beanit.openiec61850.ServerAssociation - sub BDA is:IEDBiogasCHP/DGEN1.GnStbTm.mag.f: 0.0
14:23:46.874 [openiec61850-osi-server-7-thread-1] DEBUG com.beanit.openiec61850.ServerAssociation - sub BDA is:IEDBiogasCHP/DGEN1.GnStbTm.range: 0
14:23:46.874 [openiec61850-osi-server-7-thread-1] DEBUG com.beanit.openiec61850.ServerAssociation - sub BDA is:IEDBiogasCHP/DGEN1.GnStbTm.q: 0x00 0x00
14:23:46.874 [openiec61850-osi-server-7-thread-1] DEBUG com.beanit.openiec61850.ServerAssociation - sub BDA is:IEDBiogasCHP/DGEN1.GnStbTm.t: Thu Jan 01 01:00:00 CET 1970
calling GetDataValues(IEDBiogasCHP/DGEN1.GnStbTm.instMag)
14:23:46.874 [openiec61850-osi-server-7-thread-1] DEBUG com.beanit.openiec61850.ServerAssociation - Got a GetDataValues request for node: IEDBiogasCHP/DGEN1.GnStbTm.instMag [MX]
IEDBiogasCHP/DGEN1.GnStbTm.instMag.i: 0
IEDBiogasCHP/DGEN1.GnStbTm.instMag.f: 0.0
14:23:46.874 [openiec61850-osi-server-7-thread-1] DEBUG com.beanit.openiec61850.ServerAssociation - sub BDA is:IEDBiogasCHP/DGEN1.GnStbTm.instMag.i: 0
14:23:46.874 [openiec61850-osi-server-7-thread-1] DEBUG com.beanit.openiec61850.ServerAssociation - sub BDA is:IEDBiogasCHP/DGEN1.GnStbTm.instMag.f: 0.0
calling GetDataValues(IEDBiogasCHP/DGEN1.GnStbTm.instMag.i)
14:23:46.874 [openiec61850-osi-server-7-thread-1] DEBUG com.beanit.openiec61850.ServerAssociation - Got a GetDataValues request for node: IEDBiogasCHP/DGEN1.GnStbTm.instMag.i: 0
calling GetDataValues(IEDBiogasCHP/DGEN1.GnStbTm.instMag.f)
14:23:46.874 [openiec61850-osi-server-7-thread-1] DEBUG com.beanit.openiec61850.ServerAssociation - Got a GetDataValues request for node: IEDBiogasCHP/DGEN1.GnStbTm.instMag.f: 0.0
calling GetDataValues(IEDBiogasCHP/DGEN1.GnStbTm.mag)
14:23:46.875 [openiec61850-osi-server-7-thread-1] DEBUG com.beanit.openiec61850.ServerAssociation - Got a GetDataValues request for node: IEDBiogasCHP/DGEN1.GnStbTm.mag [MX]
IEDBiogasCHP/DGEN1.GnStbTm.mag.i: 0
IEDBiogasCHP/DGEN1.GnStbTm.mag.f: 0.0
14:23:46.875 [openiec61850-osi-server-7-thread-1] DEBUG com.beanit.openiec61850.ServerAssociation - sub BDA is:IEDBiogasCHP/DGEN1.GnStbTm.mag.i: 0
14:23:46.875 [openiec61850-osi-server-7-thread-1] DEBUG com.beanit.openiec61850.ServerAssociation - sub BDA is:IEDBiogasCHP/DGEN1.GnStbTm.mag.f: 0.0
calling GetDataValues(IEDBiogasCHP/DGEN1.GnStbTm.mag.i)
14:23:46.875 [openiec61850-osi-server-7-thread-1] DEBUG com.beanit.openiec61850.ServerAssociation - Got a GetDataValues request for node: IEDBiogasCHP/DGEN1.GnStbTm.mag.i: 0
calling GetDataValues(IEDBiogasCHP/DGEN1.GnStbTm.mag.f)
14:23:46.875 [openiec61850-osi-server-7-thread-1] DEBUG com.beanit.openiec61850.ServerAssociation - Got a GetDataValues request for node: IEDBiogasCHP/DGEN1.GnStbTm.mag.f: 0.0
calling GetDataValues(IEDBiogasCHP/DGEN1.GnStbTm.range)
14:23:46.875 [openiec61850-osi-server-7-thread-1] DEBUG com.beanit.openiec61850.ServerAssociation - Got a GetDataValues request for node: IEDBiogasCHP/DGEN1.GnStbTm.range: 0
calling GetDataValues(IEDBiogasCHP/DGEN1.GnStbTm.q)
14:23:46.875 [openiec61850-osi-server-7-thread-1] DEBUG com.beanit.openiec61850.ServerAssociation - Got a GetDataValues request for node: IEDBiogasCHP/DGEN1.GnStbTm.q: 0x00 0x00
calling GetDataValues(IEDBiogasCHP/DGEN1.GnStbTm.t)
14:23:46.875 [openiec61850-osi-server-7-thread-1] DEBUG com.beanit.openiec61850.ServerAssociation - Got a GetDataValues request for node: IEDBiogasCHP/DGEN1.GnStbTm.t: Thu Jan 01 01:00:00 CET 1970
calling GetDataValues(IEDBiogasCHP/DGEN1.GnStbTm)
14:23:46.876 [openiec61850-osi-server-7-thread-1] DEBUG com.beanit.openiec61850.ServerAssociation - Got a GetDataValues request for node: IEDBiogasCHP/DGEN1.GnStbTm [SV]
IEDBiogasCHP/DGEN1.GnStbTm.subEna: false
IEDBiogasCHP/DGEN1.GnStbTm.subMag [SV]
IEDBiogasCHP/DGEN1.GnStbTm.subMag.i: 0
IEDBiogasCHP/DGEN1.GnStbTm.subMag.f: 0.0
IEDBiogasCHP/DGEN1.GnStbTm.subQ: 0x00 0x00
IEDBiogasCHP/DGEN1.GnStbTm.subID: ''
14:23:46.876 [openiec61850-osi-server-7-thread-1] DEBUG com.beanit.openiec61850.ServerAssociation - sub BDA is:IEDBiogasCHP/DGEN1.GnStbTm.subEna: false
14:23:46.876 [openiec61850-osi-server-7-thread-1] DEBUG com.beanit.openiec61850.ServerAssociation - sub BDA is:IEDBiogasCHP/DGEN1.GnStbTm.subMag.i: 0
14:23:46.876 [openiec61850-osi-server-7-thread-1] DEBUG com.beanit.openiec61850.ServerAssociation - sub BDA is:IEDBiogasCHP/DGEN1.GnStbTm.subMag.f: 0.0
14:23:46.876 [openiec61850-osi-server-7-thread-1] DEBUG com.beanit.openiec61850.ServerAssociation - sub BDA is:IEDBiogasCHP/DGEN1.GnStbTm.subQ: 0x00 0x00
14:23:46.876 [openiec61850-osi-server-7-thread-1] DEBUG com.beanit.openiec61850.ServerAssociation - sub BDA is:IEDBiogasCHP/DGEN1.GnStbTm.subID: ''
calling GetDataValues(IEDBiogasCHP/DGEN1.GnStbTm.subEna)
14:23:46.876 [openiec61850-osi-server-7-thread-1] DEBUG com.beanit.openiec61850.ServerAssociation - Got a GetDataValues request for node: IEDBiogasCHP/DGEN1.GnStbTm.subEna: false
calling GetDataValues(IEDBiogasCHP/DGEN1.GnStbTm.subMag)
14:23:46.876 [openiec61850-osi-server-7-thread-1] DEBUG com.beanit.openiec61850.ServerAssociation - Got a GetDataValues request for node: IEDBiogasCHP/DGEN1.GnStbTm.subMag [SV]
IEDBiogasCHP/DGEN1.GnStbTm.subMag.i: 0
IEDBiogasCHP/DGEN1.GnStbTm.subMag.f: 0.0
14:23:46.876 [openiec61850-osi-server-7-thread-1] DEBUG com.beanit.openiec61850.ServerAssociation - sub BDA is:IEDBiogasCHP/DGEN1.GnStbTm.subMag.i: 0
14:23:46.876 [openiec61850-osi-server-7-thread-1] DEBUG com.beanit.openiec61850.ServerAssociation - sub BDA is:IEDBiogasCHP/DGEN1.GnStbTm.subMag.f: 0.0
calling GetDataValues(IEDBiogasCHP/DGEN1.GnStbTm.subMag.i)
14:23:46.876 [openiec61850-osi-server-7-thread-1] DEBUG com.beanit.openiec61850.ServerAssociation - Got a GetDataValues request for node: IEDBiogasCHP/DGEN1.GnStbTm.subMag.i: 0
calling GetDataValues(IEDBiogasCHP/DGEN1.GnStbTm.subMag.f)
14:23:46.876 [openiec61850-osi-server-7-thread-1] DEBUG com.beanit.openiec61850.ServerAssociation - Got a GetDataValues request for node: IEDBiogasCHP/DGEN1.GnStbTm.subMag.f: 0.0
calling GetDataValues(IEDBiogasCHP/DGEN1.GnStbTm.subQ)
14:23:46.877 [openiec61850-osi-server-7-thread-1] DEBUG com.beanit.openiec61850.ServerAssociation - Got a GetDataValues request for node: IEDBiogasCHP/DGEN1.GnStbTm.subQ: 0x00 0x00
calling GetDataValues(IEDBiogasCHP/DGEN1.GnStbTm.subID)
14:23:46.877 [openiec61850-osi-server-7-thread-1] DEBUG com.beanit.openiec61850.ServerAssociation - Got a GetDataValues request for node: IEDBiogasCHP/DGEN1.GnStbTm.subID: ''
calling GetDataValues(IEDBiogasCHP/DGEN1.GnStbTm)
14:23:46.877 [openiec61850-osi-server-7-thread-1] DEBUG com.beanit.openiec61850.ServerAssociation - Got a GetDataValues request for node: IEDBiogasCHP/DGEN1.GnStbTm [CF]
IEDBiogasCHP/DGEN1.GnStbTm.units [CF]
IEDBiogasCHP/DGEN1.GnStbTm.units.SIUnit: 0
IEDBiogasCHP/DGEN1.GnStbTm.units.multiplier: 0
IEDBiogasCHP/DGEN1.GnStbTm.db: 0
IEDBiogasCHP/DGEN1.GnStbTm.zeroDb: 0
IEDBiogasCHP/DGEN1.GnStbTm.sVC [CF]
IEDBiogasCHP/DGEN1.GnStbTm.sVC.scaleFactor: 0.0
IEDBiogasCHP/DGEN1.GnStbTm.sVC.offset: 0.0
IEDBiogasCHP/DGEN1.GnStbTm.rangeC [CF]
IEDBiogasCHP/DGEN1.GnStbTm.rangeC.hhLim [CF]
IEDBiogasCHP/DGEN1.GnStbTm.rangeC.hhLim.i: 0
IEDBiogasCHP/DGEN1.GnStbTm.rangeC.hhLim.f: 0.0
IEDBiogasCHP/DGEN1.GnStbTm.rangeC.hLim [CF]
IEDBiogasCHP/DGEN1.GnStbTm.rangeC.hLim.i: 0
IEDBiogasCHP/DGEN1.GnStbTm.rangeC.hLim.f: 0.0
IEDBiogasCHP/DGEN1.GnStbTm.rangeC.lLim [CF]
IEDBiogasCHP/DGEN1.GnStbTm.rangeC.lLim.i: 0
IEDBiogasCHP/DGEN1.GnStbTm.rangeC.lLim.f: 0.0
IEDBiogasCHP/DGEN1.GnStbTm.rangeC.llLim [CF]
IEDBiogasCHP/DGEN1.GnStbTm.rangeC.llLim.i: 0
IEDBiogasCHP/DGEN1.GnStbTm.rangeC.llLim.f: 0.0
IEDBiogasCHP/DGEN1.GnStbTm.rangeC.min [CF]
IEDBiogasCHP/DGEN1.GnStbTm.rangeC.min.i: 0
IEDBiogasCHP/DGEN1.GnStbTm.rangeC.min.f: 0.0
IEDBiogasCHP/DGEN1.GnStbTm.rangeC.max [CF]
IEDBiogasCHP/DGEN1.GnStbTm.rangeC.max.i: 0
IEDBiogasCHP/DGEN1.GnStbTm.rangeC.max.f: 0.0
IEDBiogasCHP/DGEN1.GnStbTm.smpRate: 0
14:23:46.877 [openiec61850-osi-server-7-thread-1] DEBUG com.beanit.openiec61850.ServerAssociation - sub BDA is:IEDBiogasCHP/DGEN1.GnStbTm.units.SIUnit: 0
14:23:46.877 [openiec61850-osi-server-7-thread-1] DEBUG com.beanit.openiec61850.ServerAssociation - sub BDA is:IEDBiogasCHP/DGEN1.GnStbTm.units.multiplier: 0
14:23:46.877 [openiec61850-osi-server-7-thread-1] DEBUG com.beanit.openiec61850.ServerAssociation - sub BDA is:IEDBiogasCHP/DGEN1.GnStbTm.db: 0
14:23:46.877 [openiec61850-osi-server-7-thread-1] DEBUG com.beanit.openiec61850.ServerAssociation - sub BDA is:IEDBiogasCHP/DGEN1.GnStbTm.zeroDb: 0
14:23:46.877 [openiec61850-osi-server-7-thread-1] DEBUG com.beanit.openiec61850.ServerAssociation - sub BDA is:IEDBiogasCHP/DGEN1.GnStbTm.sVC.scaleFactor: 0.0
14:23:46.877 [openiec61850-osi-server-7-thread-1] DEBUG com.beanit.openiec61850.ServerAssociation - sub BDA is:IEDBiogasCHP/DGEN1.GnStbTm.sVC.offset: 0.0
14:23:46.877 [openiec61850-osi-server-7-thread-1] DEBUG com.beanit.openiec61850.ServerAssociation - sub BDA is:IEDBiogasCHP/DGEN1.GnStbTm.rangeC.hhLim.i: 0
14:23:46.877 [openiec61850-osi-server-7-thread-1] DEBUG com.beanit.openiec61850.ServerAssociation - sub BDA is:IEDBiogasCHP/DGEN1.GnStbTm.rangeC.hhLim.f: 0.0
14:23:46.877 [openiec61850-osi-server-7-thread-1] DEBUG com.beanit.openiec61850.ServerAssociation - sub BDA is:IEDBiogasCHP/DGEN1.GnStbTm.rangeC.hLim.i: 0
14:23:46.877 [openiec61850-osi-server-7-thread-1] DEBUG com.beanit.openiec61850.ServerAssociation - sub BDA is:IEDBiogasCHP/DGEN1.GnStbTm.rangeC.hLim.f: 0.0
14:23:46.877 [openiec61850-osi-server-7-thread-1] DEBUG com.beanit.openiec61850.ServerAssociation - sub BDA is:IEDBiogasCHP/DGEN1.GnStbTm.rangeC.lLim.i: 0
14:23:46.877 [openiec61850-osi-server-7-thread-1] DEBUG com.beanit.openiec61850.ServerAssociation - sub BDA is:IEDBiogasCHP/DGEN1.GnStbTm.rangeC.lLim.f: 0.0
14:23:46.877 [openiec61850-osi-server-7-thread-1] DEBUG com.beanit.openiec61850.ServerAssociation - sub BDA is:IEDBiogasCHP/DGEN1.GnStbTm.rangeC.llLim.i: 0
14:23:46.877 [openiec61850-osi-server-7-thread-1] DEBUG com.beanit.openiec61850.ServerAssociation - sub BDA is:IEDBiogasCHP/DGEN1.GnStbTm.rangeC.llLim.f: 0.0
14:23:46.877 [openiec61850-osi-server-7-thread-1] DEBUG com.beanit.openiec61850.ServerAssociation - sub BDA is:IEDBiogasCHP/DGEN1.GnStbTm.rangeC.min.i: 0
14:23:46.877 [openiec61850-osi-server-7-thread-1] DEBUG com.beanit.openiec61850.ServerAssociation - sub BDA is:IEDBiogasCHP/DGEN1.GnStbTm.rangeC.min.f: 0.0
14:23:46.877 [openiec61850-osi-server-7-thread-1] DEBUG com.beanit.openiec61850.ServerAssociation - sub BDA is:IEDBiogasCHP/DGEN1.GnStbTm.rangeC.max.i: 0
14:23:46.877 [openiec61850-osi-server-7-thread-1] DEBUG com.beanit.openiec61850.ServerAssociation - sub BDA is:IEDBiogasCHP/DGEN1.GnStbTm.rangeC.max.f: 0.0
14:23:46.877 [openiec61850-osi-server-7-thread-1] DEBUG com.beanit.openiec61850.ServerAssociation - sub BDA is:IEDBiogasCHP/DGEN1.GnStbTm.smpRate: 0
calling GetDataValues(IEDBiogasCHP/DGEN1.GnStbTm.units)
14:23:46.877 [openiec61850-osi-server-7-thread-1] DEBUG com.beanit.openiec61850.ServerAssociation - Got a GetDataValues request for node: IEDBiogasCHP/DGEN1.GnStbTm.units [CF]
IEDBiogasCHP/DGEN1.GnStbTm.units.SIUnit: 0
IEDBiogasCHP/DGEN1.GnStbTm.units.multiplier: 0
14:23:46.877 [openiec61850-osi-server-7-thread-1] DEBUG com.beanit.openiec61850.ServerAssociation - sub BDA is:IEDBiogasCHP/DGEN1.GnStbTm.units.SIUnit: 0
14:23:46.877 [openiec61850-osi-server-7-thread-1] DEBUG com.beanit.openiec61850.ServerAssociation - sub BDA is:IEDBiogasCHP/DGEN1.GnStbTm.units.multiplier: 0
calling GetDataValues(IEDBiogasCHP/DGEN1.GnStbTm.units.SIUnit)
14:23:46.878 [openiec61850-osi-server-7-thread-1] DEBUG com.beanit.openiec61850.ServerAssociation - Got a GetDataValues request for node: IEDBiogasCHP/DGEN1.GnStbTm.units.SIUnit: 0
calling GetDataValues(IEDBiogasCHP/DGEN1.GnStbTm.units.multiplier)
14:23:46.878 [openiec61850-osi-server-7-thread-1] DEBUG com.beanit.openiec61850.ServerAssociation - Got a GetDataValues request for node: IEDBiogasCHP/DGEN1.GnStbTm.units.multiplier: 0
calling GetDataValues(IEDBiogasCHP/DGEN1.GnStbTm.db)
14:23:46.878 [openiec61850-osi-server-7-thread-1] DEBUG com.beanit.openiec61850.ServerAssociation - Got a GetDataValues request for node: IEDBiogasCHP/DGEN1.GnStbTm.db: 0
calling GetDataValues(IEDBiogasCHP/DGEN1.GnStbTm.zeroDb)
14:23:46.878 [openiec61850-osi-server-7-thread-1] DEBUG com.beanit.openiec61850.ServerAssociation - Got a GetDataValues request for node: IEDBiogasCHP/DGEN1.GnStbTm.zeroDb: 0
calling GetDataValues(IEDBiogasCHP/DGEN1.GnStbTm.sVC)
14:23:46.878 [openiec61850-osi-server-7-thread-1] DEBUG com.beanit.openiec61850.ServerAssociation - Got a GetDataValues request for node: IEDBiogasCHP/DGEN1.GnStbTm.sVC [CF]
IEDBiogasCHP/DGEN1.GnStbTm.sVC.scaleFactor: 0.0
IEDBiogasCHP/DGEN1.GnStbTm.sVC.offset: 0.0
14:23:46.878 [openiec61850-osi-server-7-thread-1] DEBUG com.beanit.openiec61850.ServerAssociation - sub BDA is:IEDBiogasCHP/DGEN1.GnStbTm.sVC.scaleFactor: 0.0
14:23:46.878 [openiec61850-osi-server-7-thread-1] DEBUG com.beanit.openiec61850.ServerAssociation - sub BDA is:IEDBiogasCHP/DGEN1.GnStbTm.sVC.offset: 0.0
calling GetDataValues(IEDBiogasCHP/DGEN1.GnStbTm.sVC.scaleFactor)
14:23:46.878 [openiec61850-osi-server-7-thread-1] DEBUG com.beanit.openiec61850.ServerAssociation - Got a GetDataValues request for node: IEDBiogasCHP/DGEN1.GnStbTm.sVC.scaleFactor: 0.0
calling GetDataValues(IEDBiogasCHP/DGEN1.GnStbTm.sVC.offset)
14:23:46.878 [openiec61850-osi-server-7-thread-1] DEBUG com.beanit.openiec61850.ServerAssociation - Got a GetDataValues request for node: IEDBiogasCHP/DGEN1.GnStbTm.sVC.offset: 0.0
calling GetDataValues(IEDBiogasCHP/DGEN1.GnStbTm.rangeC)
14:23:46.879 [openiec61850-osi-server-7-thread-1] DEBUG com.beanit.openiec61850.ServerAssociation - Got a GetDataValues request for node: IEDBiogasCHP/DGEN1.GnStbTm.rangeC [CF]
IEDBiogasCHP/DGEN1.GnStbTm.rangeC.hhLim [CF]
IEDBiogasCHP/DGEN1.GnStbTm.rangeC.hhLim.i: 0
IEDBiogasCHP/DGEN1.GnStbTm.rangeC.hhLim.f: 0.0
IEDBiogasCHP/DGEN1.GnStbTm.rangeC.hLim [CF]
IEDBiogasCHP/DGEN1.GnStbTm.rangeC.hLim.i: 0
IEDBiogasCHP/DGEN1.GnStbTm.rangeC.hLim.f: 0.0
IEDBiogasCHP/DGEN1.GnStbTm.rangeC.lLim [CF]
IEDBiogasCHP/DGEN1.GnStbTm.rangeC.lLim.i: 0
IEDBiogasCHP/DGEN1.GnStbTm.rangeC.lLim.f: 0.0
IEDBiogasCHP/DGEN1.GnStbTm.rangeC.llLim [CF]
IEDBiogasCHP/DGEN1.GnStbTm.rangeC.llLim.i: 0
IEDBiogasCHP/DGEN1.GnStbTm.rangeC.llLim.f: 0.0
IEDBiogasCHP/DGEN1.GnStbTm.rangeC.min [CF]
IEDBiogasCHP/DGEN1.GnStbTm.rangeC.min.i: 0
IEDBiogasCHP/DGEN1.GnStbTm.rangeC.min.f: 0.0
IEDBiogasCHP/DGEN1.GnStbTm.rangeC.max [CF]
IEDBiogasCHP/DGEN1.GnStbTm.rangeC.max.i: 0
IEDBiogasCHP/DGEN1.GnStbTm.rangeC.max.f: 0.0
14:23:46.879 [openiec61850-osi-server-7-thread-1] DEBUG com.beanit.openiec61850.ServerAssociation - sub BDA is:IEDBiogasCHP/DGEN1.GnStbTm.rangeC.hhLim.i: 0
14:23:46.879 [openiec61850-osi-server-7-thread-1] DEBUG com.beanit.openiec61850.ServerAssociation - sub BDA is:IEDBiogasCHP/DGEN1.GnStbTm.rangeC.hhLim.f: 0.0
14:23:46.879 [openiec61850-osi-server-7-thread-1] DEBUG com.beanit.openiec61850.ServerAssociation - sub BDA is:IEDBiogasCHP/DGEN1.GnStbTm.rangeC.hLim.i: 0
14:23:46.879 [openiec61850-osi-server-7-thread-1] DEBUG com.beanit.openiec61850.ServerAssociation - sub BDA is:IEDBiogasCHP/DGEN1.GnStbTm.rangeC.hLim.f: 0.0
14:23:46.879 [openiec61850-osi-server-7-thread-1] DEBUG com.beanit.openiec61850.ServerAssociation - sub BDA is:IEDBiogasCHP/DGEN1.GnStbTm.rangeC.lLim.i: 0
14:23:46.879 [openiec61850-osi-server-7-thread-1] DEBUG com.beanit.openiec61850.ServerAssociation - sub BDA is:IEDBiogasCHP/DGEN1.GnStbTm.rangeC.lLim.f: 0.0
14:23:46.879 [openiec61850-osi-server-7-thread-1] DEBUG com.beanit.openiec61850.ServerAssociation - sub BDA is:IEDBiogasCHP/DGEN1.GnStbTm.rangeC.llLim.i: 0
14:23:46.879 [openiec61850-osi-server-7-thread-1] DEBUG com.beanit.openiec61850.ServerAssociation - sub BDA is:IEDBiogasCHP/DGEN1.GnStbTm.rangeC.llLim.f: 0.0
14:23:46.879 [openiec61850-osi-server-7-thread-1] DEBUG com.beanit.openiec61850.ServerAssociation - sub BDA is:IEDBiogasCHP/DGEN1.GnStbTm.rangeC.min.i: 0
14:23:46.879 [openiec61850-osi-server-7-thread-1] DEBUG com.beanit.openiec61850.ServerAssociation - sub BDA is:IEDBiogasCHP/DGEN1.GnStbTm.rangeC.min.f: 0.0
14:23:46.879 [openiec61850-osi-server-7-thread-1] DEBUG com.beanit.openiec61850.ServerAssociation - sub BDA is:IEDBiogasCHP/DGEN1.GnStbTm.rangeC.max.i: 0
14:23:46.879 [openiec61850-osi-server-7-thread-1] DEBUG com.beanit.openiec61850.ServerAssociation - sub BDA is:IEDBiogasCHP/DGEN1.GnStbTm.rangeC.max.f: 0.0
calling GetDataValues(IEDBiogasCHP/DGEN1.GnStbTm.rangeC.hhLim)
14:23:46.879 [openiec61850-osi-server-7-thread-1] DEBUG com.beanit.openiec61850.ServerAssociation - Got a GetDataValues request for node: IEDBiogasCHP/DGEN1.GnStbTm.rangeC.hhLim [CF]
IEDBiogasCHP/DGEN1.GnStbTm.rangeC.hhLim.i: 0
IEDBiogasCHP/DGEN1.GnStbTm.rangeC.hhLim.f: 0.0
14:23:46.879 [openiec61850-osi-server-7-thread-1] DEBUG com.beanit.openiec61850.ServerAssociation - sub BDA is:IEDBiogasCHP/DGEN1.GnStbTm.rangeC.hhLim.i: 0
14:23:46.879 [openiec61850-osi-server-7-thread-1] DEBUG com.beanit.openiec61850.ServerAssociation - sub BDA is:IEDBiogasCHP/DGEN1.GnStbTm.rangeC.hhLim.f: 0.0
calling GetDataValues(IEDBiogasCHP/DGEN1.GnStbTm.rangeC.hhLim.i)
14:23:46.879 [openiec61850-osi-server-7-thread-1] DEBUG com.beanit.openiec61850.ServerAssociation - Got a GetDataValues request for node: IEDBiogasCHP/DGEN1.GnStbTm.rangeC.hhLim.i: 0
calling GetDataValues(IEDBiogasCHP/DGEN1.GnStbTm.rangeC.hhLim.f)
14:23:46.879 [openiec61850-osi-server-7-thread-1] DEBUG com.beanit.openiec61850.ServerAssociation - Got a GetDataValues request for node: IEDBiogasCHP/DGEN1.GnStbTm.rangeC.hhLim.f: 0.0
calling GetDataValues(IEDBiogasCHP/DGEN1.GnStbTm.rangeC.hLim)
14:23:46.879 [openiec61850-osi-server-7-thread-1] DEBUG com.beanit.openiec61850.ServerAssociation - Got a GetDataValues request for node: IEDBiogasCHP/DGEN1.GnStbTm.rangeC.hLim [CF]
IEDBiogasCHP/DGEN1.GnStbTm.rangeC.hLim.i: 0
IEDBiogasCHP/DGEN1.GnStbTm.rangeC.hLim.f: 0.0
14:23:46.879 [openiec61850-osi-server-7-thread-1] DEBUG com.beanit.openiec61850.ServerAssociation - sub BDA is:IEDBiogasCHP/DGEN1.GnStbTm.rangeC.hLim.i: 0
14:23:46.879 [openiec61850-osi-server-7-thread-1] DEBUG com.beanit.openiec61850.ServerAssociation - sub BDA is:IEDBiogasCHP/DGEN1.GnStbTm.rangeC.hLim.f: 0.0
calling GetDataValues(IEDBiogasCHP/DGEN1.GnStbTm.rangeC.hLim.i)
14:23:46.880 [openiec61850-osi-server-7-thread-1] DEBUG com.beanit.openiec61850.ServerAssociation - Got a GetDataValues request for node: IEDBiogasCHP/DGEN1.GnStbTm.rangeC.hLim.i: 0
calling GetDataValues(IEDBiogasCHP/DGEN1.GnStbTm.rangeC.hLim.f)
14:23:46.880 [openiec61850-osi-server-7-thread-1] DEBUG com.beanit.openiec61850.ServerAssociation - Got a GetDataValues request for node: IEDBiogasCHP/DGEN1.GnStbTm.rangeC.hLim.f: 0.0
calling GetDataValues(IEDBiogasCHP/DGEN1.GnStbTm.rangeC.lLim)
14:23:46.880 [openiec61850-osi-server-7-thread-1] DEBUG com.beanit.openiec61850.ServerAssociation - Got a GetDataValues request for node: IEDBiogasCHP/DGEN1.GnStbTm.rangeC.lLim [CF]
IEDBiogasCHP/DGEN1.GnStbTm.rangeC.lLim.i: 0
IEDBiogasCHP/DGEN1.GnStbTm.rangeC.lLim.f: 0.0
14:23:46.880 [openiec61850-osi-server-7-thread-1] DEBUG com.beanit.openiec61850.ServerAssociation - sub BDA is:IEDBiogasCHP/DGEN1.GnStbTm.rangeC.lLim.i: 0
14:23:46.880 [openiec61850-osi-server-7-thread-1] DEBUG com.beanit.openiec61850.ServerAssociation - sub BDA is:IEDBiogasCHP/DGEN1.GnStbTm.rangeC.lLim.f: 0.0
calling GetDataValues(IEDBiogasCHP/DGEN1.GnStbTm.rangeC.lLim.i)
14:23:46.880 [openiec61850-osi-server-7-thread-1] DEBUG com.beanit.openiec61850.ServerAssociation - Got a GetDataValues request for node: IEDBiogasCHP/DGEN1.GnStbTm.rangeC.lLim.i: 0
calling GetDataValues(IEDBiogasCHP/DGEN1.GnStbTm.rangeC.lLim.f)
14:23:46.880 [openiec61850-osi-server-7-thread-1] DEBUG com.beanit.openiec61850.ServerAssociation - Got a GetDataValues request for node: IEDBiogasCHP/DGEN1.GnStbTm.rangeC.lLim.f: 0.0
calling GetDataValues(IEDBiogasCHP/DGEN1.GnStbTm.rangeC.llLim)
14:23:46.880 [openiec61850-osi-server-7-thread-1] DEBUG com.beanit.openiec61850.ServerAssociation - Got a GetDataValues request for node: IEDBiogasCHP/DGEN1.GnStbTm.rangeC.llLim [CF]
IEDBiogasCHP/DGEN1.GnStbTm.rangeC.llLim.i: 0
IEDBiogasCHP/DGEN1.GnStbTm.rangeC.llLim.f: 0.0
14:23:46.880 [openiec61850-osi-server-7-thread-1] DEBUG com.beanit.openiec61850.ServerAssociation - sub BDA is:IEDBiogasCHP/DGEN1.GnStbTm.rangeC.llLim.i: 0
14:23:46.880 [openiec61850-osi-server-7-thread-1] DEBUG com.beanit.openiec61850.ServerAssociation - sub BDA is:IEDBiogasCHP/DGEN1.GnStbTm.rangeC.llLim.f: 0.0
calling GetDataValues(IEDBiogasCHP/DGEN1.GnStbTm.rangeC.llLim.i)
14:23:46.881 [openiec61850-osi-server-7-thread-1] DEBUG com.beanit.openiec61850.ServerAssociation - Got a GetDataValues request for node: IEDBiogasCHP/DGEN1.GnStbTm.rangeC.llLim.i: 0
calling GetDataValues(IEDBiogasCHP/DGEN1.GnStbTm.rangeC.llLim.f)
14:23:46.881 [openiec61850-osi-server-7-thread-1] DEBUG com.beanit.openiec61850.ServerAssociation - Got a GetDataValues request for node: IEDBiogasCHP/DGEN1.GnStbTm.rangeC.llLim.f: 0.0
calling GetDataValues(IEDBiogasCHP/DGEN1.GnStbTm.rangeC.min)
14:23:46.881 [openiec61850-osi-server-7-thread-1] DEBUG com.beanit.openiec61850.ServerAssociation - Got a GetDataValues request for node: IEDBiogasCHP/DGEN1.GnStbTm.rangeC.min [CF]
IEDBiogasCHP/DGEN1.GnStbTm.rangeC.min.i: 0
IEDBiogasCHP/DGEN1.GnStbTm.rangeC.min.f: 0.0
14:23:46.881 [openiec61850-osi-server-7-thread-1] DEBUG com.beanit.openiec61850.ServerAssociation - sub BDA is:IEDBiogasCHP/DGEN1.GnStbTm.rangeC.min.i: 0
14:23:46.881 [openiec61850-osi-server-7-thread-1] DEBUG com.beanit.openiec61850.ServerAssociation - sub BDA is:IEDBiogasCHP/DGEN1.GnStbTm.rangeC.min.f: 0.0
calling GetDataValues(IEDBiogasCHP/DGEN1.GnStbTm.rangeC.min.i)
14:23:46.881 [openiec61850-osi-server-7-thread-1] DEBUG com.beanit.openiec61850.ServerAssociation - Got a GetDataValues request for node: IEDBiogasCHP/DGEN1.GnStbTm.rangeC.min.i: 0
calling GetDataValues(IEDBiogasCHP/DGEN1.GnStbTm.rangeC.min.f)
14:23:46.881 [openiec61850-osi-server-7-thread-1] DEBUG com.beanit.openiec61850.ServerAssociation - Got a GetDataValues request for node: IEDBiogasCHP/DGEN1.GnStbTm.rangeC.min.f: 0.0
calling GetDataValues(IEDBiogasCHP/DGEN1.GnStbTm.rangeC.max)
14:23:46.881 [openiec61850-osi-server-7-thread-1] DEBUG com.beanit.openiec61850.ServerAssociation - Got a GetDataValues request for node: IEDBiogasCHP/DGEN1.GnStbTm.rangeC.max [CF]
IEDBiogasCHP/DGEN1.GnStbTm.rangeC.max.i: 0
IEDBiogasCHP/DGEN1.GnStbTm.rangeC.max.f: 0.0
14:23:46.881 [openiec61850-osi-server-7-thread-1] DEBUG com.beanit.openiec61850.ServerAssociation - sub BDA is:IEDBiogasCHP/DGEN1.GnStbTm.rangeC.max.i: 0
14:23:46.881 [openiec61850-osi-server-7-thread-1] DEBUG com.beanit.openiec61850.ServerAssociation - sub BDA is:IEDBiogasCHP/DGEN1.GnStbTm.rangeC.max.f: 0.0
calling GetDataValues(IEDBiogasCHP/DGEN1.GnStbTm.rangeC.max.i)
14:23:46.882 [openiec61850-osi-server-7-thread-1] DEBUG com.beanit.openiec61850.ServerAssociation - Got a GetDataValues request for node: IEDBiogasCHP/DGEN1.GnStbTm.rangeC.max.i: 0
calling GetDataValues(IEDBiogasCHP/DGEN1.GnStbTm.rangeC.max.f)
14:23:46.882 [openiec61850-osi-server-7-thread-1] DEBUG com.beanit.openiec61850.ServerAssociation - Got a GetDataValues request for node: IEDBiogasCHP/DGEN1.GnStbTm.rangeC.max.f: 0.0
calling GetDataValues(IEDBiogasCHP/DGEN1.GnStbTm.smpRate)
14:23:46.882 [openiec61850-osi-server-7-thread-1] DEBUG com.beanit.openiec61850.ServerAssociation - Got a GetDataValues request for node: IEDBiogasCHP/DGEN1.GnStbTm.smpRate: 0
calling GetDataValues(IEDBiogasCHP/DGEN1.GnStbTm)
14:23:46.882 [openiec61850-osi-server-7-thread-1] DEBUG com.beanit.openiec61850.ServerAssociation - Got a GetDataValues request for node: IEDBiogasCHP/DGEN1.GnStbTm [DC]
IEDBiogasCHP/DGEN1.GnStbTm.d: ''
IEDBiogasCHP/DGEN1.GnStbTm.dU: 
14:23:46.882 [openiec61850-osi-server-7-thread-1] DEBUG com.beanit.openiec61850.ServerAssociation - sub BDA is:IEDBiogasCHP/DGEN1.GnStbTm.d: ''
14:23:46.882 [openiec61850-osi-server-7-thread-1] DEBUG com.beanit.openiec61850.ServerAssociation - sub BDA is:IEDBiogasCHP/DGEN1.GnStbTm.dU: 
calling GetDataValues(IEDBiogasCHP/DGEN1.GnStbTm.d)
14:23:46.882 [openiec61850-osi-server-7-thread-1] DEBUG com.beanit.openiec61850.ServerAssociation - Got a GetDataValues request for node: IEDBiogasCHP/DGEN1.GnStbTm.d: ''
calling GetDataValues(IEDBiogasCHP/DGEN1.GnStbTm.dU)
14:23:46.882 [openiec61850-osi-server-7-thread-1] DEBUG com.beanit.openiec61850.ServerAssociation - Got a GetDataValues request for node: IEDBiogasCHP/DGEN1.GnStbTm.dU: 
calling GetDataValues(IEDBiogasCHP/DGEN1.GnStbTm)
14:23:46.882 [openiec61850-osi-server-7-thread-1] DEBUG com.beanit.openiec61850.ServerAssociation - Got a GetDataValues request for node: IEDBiogasCHP/DGEN1.GnStbTm [EX]
IEDBiogasCHP/DGEN1.GnStbTm.cdcNs: ''
IEDBiogasCHP/DGEN1.GnStbTm.cdcName: ''
IEDBiogasCHP/DGEN1.GnStbTm.dataNs: ''
14:23:46.882 [openiec61850-osi-server-7-thread-1] DEBUG com.beanit.openiec61850.ServerAssociation - sub BDA is:IEDBiogasCHP/DGEN1.GnStbTm.cdcNs: ''
14:23:46.882 [openiec61850-osi-server-7-thread-1] DEBUG com.beanit.openiec61850.ServerAssociation - sub BDA is:IEDBiogasCHP/DGEN1.GnStbTm.cdcName: ''
14:23:46.882 [openiec61850-osi-server-7-thread-1] DEBUG com.beanit.openiec61850.ServerAssociation - sub BDA is:IEDBiogasCHP/DGEN1.GnStbTm.dataNs: ''
calling GetDataValues(IEDBiogasCHP/DGEN1.GnStbTm.cdcNs)
14:23:46.883 [openiec61850-osi-server-7-thread-1] DEBUG com.beanit.openiec61850.ServerAssociation - Got a GetDataValues request for node: IEDBiogasCHP/DGEN1.GnStbTm.cdcNs: ''
calling GetDataValues(IEDBiogasCHP/DGEN1.GnStbTm.cdcName)
14:23:46.883 [openiec61850-osi-server-7-thread-1] DEBUG com.beanit.openiec61850.ServerAssociation - Got a GetDataValues request for node: IEDBiogasCHP/DGEN1.GnStbTm.cdcName: ''
calling GetDataValues(IEDBiogasCHP/DGEN1.GnStbTm.dataNs)
14:23:46.883 [openiec61850-osi-server-7-thread-1] DEBUG com.beanit.openiec61850.ServerAssociation - Got a GetDataValues request for node: IEDBiogasCHP/DGEN1.GnStbTm.dataNs: ''
calling GetDataValues(IEDBiogasCHP/DGEN1.GnCoolDnTm)
14:23:46.883 [openiec61850-osi-server-7-thread-1] DEBUG com.beanit.openiec61850.ServerAssociation - Got a GetDataValues request for node: IEDBiogasCHP/DGEN1.GnCoolDnTm [MX]
IEDBiogasCHP/DGEN1.GnCoolDnTm.instMag [MX]
IEDBiogasCHP/DGEN1.GnCoolDnTm.instMag.i: 0
IEDBiogasCHP/DGEN1.GnCoolDnTm.instMag.f: 0.0
IEDBiogasCHP/DGEN1.GnCoolDnTm.mag [MX]
IEDBiogasCHP/DGEN1.GnCoolDnTm.mag.i: 0
IEDBiogasCHP/DGEN1.GnCoolDnTm.mag.f: 0.0
IEDBiogasCHP/DGEN1.GnCoolDnTm.range: 0
IEDBiogasCHP/DGEN1.GnCoolDnTm.q: 0x00 0x00
IEDBiogasCHP/DGEN1.GnCoolDnTm.t: Thu Jan 01 01:00:00 CET 1970
14:23:46.883 [openiec61850-osi-server-7-thread-1] DEBUG com.beanit.openiec61850.ServerAssociation - sub BDA is:IEDBiogasCHP/DGEN1.GnCoolDnTm.instMag.i: 0
14:23:46.883 [openiec61850-osi-server-7-thread-1] DEBUG com.beanit.openiec61850.ServerAssociation - sub BDA is:IEDBiogasCHP/DGEN1.GnCoolDnTm.instMag.f: 0.0
14:23:46.883 [openiec61850-osi-server-7-thread-1] DEBUG com.beanit.openiec61850.ServerAssociation - sub BDA is:IEDBiogasCHP/DGEN1.GnCoolDnTm.mag.i: 0
14:23:46.883 [openiec61850-osi-server-7-thread-1] DEBUG com.beanit.openiec61850.ServerAssociation - sub BDA is:IEDBiogasCHP/DGEN1.GnCoolDnTm.mag.f: 0.0
14:23:46.883 [openiec61850-osi-server-7-thread-1] DEBUG com.beanit.openiec61850.ServerAssociation - sub BDA is:IEDBiogasCHP/DGEN1.GnCoolDnTm.range: 0
14:23:46.883 [openiec61850-osi-server-7-thread-1] DEBUG com.beanit.openiec61850.ServerAssociation - sub BDA is:IEDBiogasCHP/DGEN1.GnCoolDnTm.q: 0x00 0x00
14:23:46.883 [openiec61850-osi-server-7-thread-1] DEBUG com.beanit.openiec61850.ServerAssociation - sub BDA is:IEDBiogasCHP/DGEN1.GnCoolDnTm.t: Thu Jan 01 01:00:00 CET 1970
calling GetDataValues(IEDBiogasCHP/DGEN1.GnCoolDnTm.instMag)
14:23:46.884 [openiec61850-osi-server-7-thread-1] DEBUG com.beanit.openiec61850.ServerAssociation - Got a GetDataValues request for node: IEDBiogasCHP/DGEN1.GnCoolDnTm.instMag [MX]
IEDBiogasCHP/DGEN1.GnCoolDnTm.instMag.i: 0
IEDBiogasCHP/DGEN1.GnCoolDnTm.instMag.f: 0.0
14:23:46.884 [openiec61850-osi-server-7-thread-1] DEBUG com.beanit.openiec61850.ServerAssociation - sub BDA is:IEDBiogasCHP/DGEN1.GnCoolDnTm.instMag.i: 0
14:23:46.884 [openiec61850-osi-server-7-thread-1] DEBUG com.beanit.openiec61850.ServerAssociation - sub BDA is:IEDBiogasCHP/DGEN1.GnCoolDnTm.instMag.f: 0.0
calling GetDataValues(IEDBiogasCHP/DGEN1.GnCoolDnTm.instMag.i)
14:23:46.884 [openiec61850-osi-server-7-thread-1] DEBUG com.beanit.openiec61850.ServerAssociation - Got a GetDataValues request for node: IEDBiogasCHP/DGEN1.GnCoolDnTm.instMag.i: 0
calling GetDataValues(IEDBiogasCHP/DGEN1.GnCoolDnTm.instMag.f)
14:23:46.884 [openiec61850-osi-server-7-thread-1] DEBUG com.beanit.openiec61850.ServerAssociation - Got a GetDataValues request for node: IEDBiogasCHP/DGEN1.GnCoolDnTm.instMag.f: 0.0
calling GetDataValues(IEDBiogasCHP/DGEN1.GnCoolDnTm.mag)
14:23:46.884 [openiec61850-osi-server-7-thread-1] DEBUG com.beanit.openiec61850.ServerAssociation - Got a GetDataValues request for node: IEDBiogasCHP/DGEN1.GnCoolDnTm.mag [MX]
IEDBiogasCHP/DGEN1.GnCoolDnTm.mag.i: 0
IEDBiogasCHP/DGEN1.GnCoolDnTm.mag.f: 0.0
14:23:46.884 [openiec61850-osi-server-7-thread-1] DEBUG com.beanit.openiec61850.ServerAssociation - sub BDA is:IEDBiogasCHP/DGEN1.GnCoolDnTm.mag.i: 0
14:23:46.884 [openiec61850-osi-server-7-thread-1] DEBUG com.beanit.openiec61850.ServerAssociation - sub BDA is:IEDBiogasCHP/DGEN1.GnCoolDnTm.mag.f: 0.0
calling GetDataValues(IEDBiogasCHP/DGEN1.GnCoolDnTm.mag.i)
14:23:46.884 [openiec61850-osi-server-7-thread-1] DEBUG com.beanit.openiec61850.ServerAssociation - Got a GetDataValues request for node: IEDBiogasCHP/DGEN1.GnCoolDnTm.mag.i: 0
calling GetDataValues(IEDBiogasCHP/DGEN1.GnCoolDnTm.mag.f)
14:23:46.884 [openiec61850-osi-server-7-thread-1] DEBUG com.beanit.openiec61850.ServerAssociation - Got a GetDataValues request for node: IEDBiogasCHP/DGEN1.GnCoolDnTm.mag.f: 0.0
calling GetDataValues(IEDBiogasCHP/DGEN1.GnCoolDnTm.range)
14:23:46.884 [openiec61850-osi-server-7-thread-1] DEBUG com.beanit.openiec61850.ServerAssociation - Got a GetDataValues request for node: IEDBiogasCHP/DGEN1.GnCoolDnTm.range: 0
calling GetDataValues(IEDBiogasCHP/DGEN1.GnCoolDnTm.q)
14:23:46.885 [openiec61850-osi-server-7-thread-1] DEBUG com.beanit.openiec61850.ServerAssociation - Got a GetDataValues request for node: IEDBiogasCHP/DGEN1.GnCoolDnTm.q: 0x00 0x00
calling GetDataValues(IEDBiogasCHP/DGEN1.GnCoolDnTm.t)
14:23:46.885 [openiec61850-osi-server-7-thread-1] DEBUG com.beanit.openiec61850.ServerAssociation - Got a GetDataValues request for node: IEDBiogasCHP/DGEN1.GnCoolDnTm.t: Thu Jan 01 01:00:00 CET 1970
calling GetDataValues(IEDBiogasCHP/DGEN1.GnCoolDnTm)
14:23:46.885 [openiec61850-osi-server-7-thread-1] DEBUG com.beanit.openiec61850.ServerAssociation - Got a GetDataValues request for node: IEDBiogasCHP/DGEN1.GnCoolDnTm [SV]
IEDBiogasCHP/DGEN1.GnCoolDnTm.subEna: false
IEDBiogasCHP/DGEN1.GnCoolDnTm.subMag [SV]
IEDBiogasCHP/DGEN1.GnCoolDnTm.subMag.i: 0
IEDBiogasCHP/DGEN1.GnCoolDnTm.subMag.f: 0.0
IEDBiogasCHP/DGEN1.GnCoolDnTm.subQ: 0x00 0x00
IEDBiogasCHP/DGEN1.GnCoolDnTm.subID: ''
14:23:46.885 [openiec61850-osi-server-7-thread-1] DEBUG com.beanit.openiec61850.ServerAssociation - sub BDA is:IEDBiogasCHP/DGEN1.GnCoolDnTm.subEna: false
14:23:46.885 [openiec61850-osi-server-7-thread-1] DEBUG com.beanit.openiec61850.ServerAssociation - sub BDA is:IEDBiogasCHP/DGEN1.GnCoolDnTm.subMag.i: 0
14:23:46.885 [openiec61850-osi-server-7-thread-1] DEBUG com.beanit.openiec61850.ServerAssociation - sub BDA is:IEDBiogasCHP/DGEN1.GnCoolDnTm.subMag.f: 0.0
14:23:46.885 [openiec61850-osi-server-7-thread-1] DEBUG com.beanit.openiec61850.ServerAssociation - sub BDA is:IEDBiogasCHP/DGEN1.GnCoolDnTm.subQ: 0x00 0x00
14:23:46.885 [openiec61850-osi-server-7-thread-1] DEBUG com.beanit.openiec61850.ServerAssociation - sub BDA is:IEDBiogasCHP/DGEN1.GnCoolDnTm.subID: ''
calling GetDataValues(IEDBiogasCHP/DGEN1.GnCoolDnTm.subEna)
14:23:46.885 [openiec61850-osi-server-7-thread-1] DEBUG com.beanit.openiec61850.ServerAssociation - Got a GetDataValues request for node: IEDBiogasCHP/DGEN1.GnCoolDnTm.subEna: false
calling GetDataValues(IEDBiogasCHP/DGEN1.GnCoolDnTm.subMag)
14:23:46.885 [openiec61850-osi-server-7-thread-1] DEBUG com.beanit.openiec61850.ServerAssociation - Got a GetDataValues request for node: IEDBiogasCHP/DGEN1.GnCoolDnTm.subMag [SV]
IEDBiogasCHP/DGEN1.GnCoolDnTm.subMag.i: 0
IEDBiogasCHP/DGEN1.GnCoolDnTm.subMag.f: 0.0
14:23:46.885 [openiec61850-osi-server-7-thread-1] DEBUG com.beanit.openiec61850.ServerAssociation - sub BDA is:IEDBiogasCHP/DGEN1.GnCoolDnTm.subMag.i: 0
14:23:46.885 [openiec61850-osi-server-7-thread-1] DEBUG com.beanit.openiec61850.ServerAssociation - sub BDA is:IEDBiogasCHP/DGEN1.GnCoolDnTm.subMag.f: 0.0
calling GetDataValues(IEDBiogasCHP/DGEN1.GnCoolDnTm.subMag.i)
14:23:46.886 [openiec61850-osi-server-7-thread-1] DEBUG com.beanit.openiec61850.ServerAssociation - Got a GetDataValues request for node: IEDBiogasCHP/DGEN1.GnCoolDnTm.subMag.i: 0
calling GetDataValues(IEDBiogasCHP/DGEN1.GnCoolDnTm.subMag.f)
14:23:46.886 [openiec61850-osi-server-7-thread-1] DEBUG com.beanit.openiec61850.ServerAssociation - Got a GetDataValues request for node: IEDBiogasCHP/DGEN1.GnCoolDnTm.subMag.f: 0.0
calling GetDataValues(IEDBiogasCHP/DGEN1.GnCoolDnTm.subQ)
14:23:46.886 [openiec61850-osi-server-7-thread-1] DEBUG com.beanit.openiec61850.ServerAssociation - Got a GetDataValues request for node: IEDBiogasCHP/DGEN1.GnCoolDnTm.subQ: 0x00 0x00
calling GetDataValues(IEDBiogasCHP/DGEN1.GnCoolDnTm.subID)
14:23:46.886 [openiec61850-osi-server-7-thread-1] DEBUG com.beanit.openiec61850.ServerAssociation - Got a GetDataValues request for node: IEDBiogasCHP/DGEN1.GnCoolDnTm.subID: ''
calling GetDataValues(IEDBiogasCHP/DGEN1.GnCoolDnTm)
14:23:46.886 [openiec61850-osi-server-7-thread-1] DEBUG com.beanit.openiec61850.ServerAssociation - Got a GetDataValues request for node: IEDBiogasCHP/DGEN1.GnCoolDnTm [CF]
IEDBiogasCHP/DGEN1.GnCoolDnTm.units [CF]
IEDBiogasCHP/DGEN1.GnCoolDnTm.units.SIUnit: 0
IEDBiogasCHP/DGEN1.GnCoolDnTm.units.multiplier: 0
IEDBiogasCHP/DGEN1.GnCoolDnTm.db: 0
IEDBiogasCHP/DGEN1.GnCoolDnTm.zeroDb: 0
IEDBiogasCHP/DGEN1.GnCoolDnTm.sVC [CF]
IEDBiogasCHP/DGEN1.GnCoolDnTm.sVC.scaleFactor: 0.0
IEDBiogasCHP/DGEN1.GnCoolDnTm.sVC.offset: 0.0
IEDBiogasCHP/DGEN1.GnCoolDnTm.rangeC [CF]
IEDBiogasCHP/DGEN1.GnCoolDnTm.rangeC.hhLim [CF]
IEDBiogasCHP/DGEN1.GnCoolDnTm.rangeC.hhLim.i: 0
IEDBiogasCHP/DGEN1.GnCoolDnTm.rangeC.hhLim.f: 0.0
IEDBiogasCHP/DGEN1.GnCoolDnTm.rangeC.hLim [CF]
IEDBiogasCHP/DGEN1.GnCoolDnTm.rangeC.hLim.i: 0
IEDBiogasCHP/DGEN1.GnCoolDnTm.rangeC.hLim.f: 0.0
IEDBiogasCHP/DGEN1.GnCoolDnTm.rangeC.lLim [CF]
IEDBiogasCHP/DGEN1.GnCoolDnTm.rangeC.lLim.i: 0
IEDBiogasCHP/DGEN1.GnCoolDnTm.rangeC.lLim.f: 0.0
IEDBiogasCHP/DGEN1.GnCoolDnTm.rangeC.llLim [CF]
IEDBiogasCHP/DGEN1.GnCoolDnTm.rangeC.llLim.i: 0
IEDBiogasCHP/DGEN1.GnCoolDnTm.rangeC.llLim.f: 0.0
IEDBiogasCHP/DGEN1.GnCoolDnTm.rangeC.min [CF]
IEDBiogasCHP/DGEN1.GnCoolDnTm.rangeC.min.i: 0
IEDBiogasCHP/DGEN1.GnCoolDnTm.rangeC.min.f: 0.0
IEDBiogasCHP/DGEN1.GnCoolDnTm.rangeC.max [CF]
IEDBiogasCHP/DGEN1.GnCoolDnTm.rangeC.max.i: 0
IEDBiogasCHP/DGEN1.GnCoolDnTm.rangeC.max.f: 0.0
IEDBiogasCHP/DGEN1.GnCoolDnTm.smpRate: 0
14:23:46.886 [openiec61850-osi-server-7-thread-1] DEBUG com.beanit.openiec61850.ServerAssociation - sub BDA is:IEDBiogasCHP/DGEN1.GnCoolDnTm.units.SIUnit: 0
14:23:46.886 [openiec61850-osi-server-7-thread-1] DEBUG com.beanit.openiec61850.ServerAssociation - sub BDA is:IEDBiogasCHP/DGEN1.GnCoolDnTm.units.multiplier: 0
14:23:46.886 [openiec61850-osi-server-7-thread-1] DEBUG com.beanit.openiec61850.ServerAssociation - sub BDA is:IEDBiogasCHP/DGEN1.GnCoolDnTm.db: 0
14:23:46.886 [openiec61850-osi-server-7-thread-1] DEBUG com.beanit.openiec61850.ServerAssociation - sub BDA is:IEDBiogasCHP/DGEN1.GnCoolDnTm.zeroDb: 0
14:23:46.886 [openiec61850-osi-server-7-thread-1] DEBUG com.beanit.openiec61850.ServerAssociation - sub BDA is:IEDBiogasCHP/DGEN1.GnCoolDnTm.sVC.scaleFactor: 0.0
14:23:46.886 [openiec61850-osi-server-7-thread-1] DEBUG com.beanit.openiec61850.ServerAssociation - sub BDA is:IEDBiogasCHP/DGEN1.GnCoolDnTm.sVC.offset: 0.0
14:23:46.886 [openiec61850-osi-server-7-thread-1] DEBUG com.beanit.openiec61850.ServerAssociation - sub BDA is:IEDBiogasCHP/DGEN1.GnCoolDnTm.rangeC.hhLim.i: 0
14:23:46.886 [openiec61850-osi-server-7-thread-1] DEBUG com.beanit.openiec61850.ServerAssociation - sub BDA is:IEDBiogasCHP/DGEN1.GnCoolDnTm.rangeC.hhLim.f: 0.0
14:23:46.886 [openiec61850-osi-server-7-thread-1] DEBUG com.beanit.openiec61850.ServerAssociation - sub BDA is:IEDBiogasCHP/DGEN1.GnCoolDnTm.rangeC.hLim.i: 0
14:23:46.886 [openiec61850-osi-server-7-thread-1] DEBUG com.beanit.openiec61850.ServerAssociation - sub BDA is:IEDBiogasCHP/DGEN1.GnCoolDnTm.rangeC.hLim.f: 0.0
14:23:46.886 [openiec61850-osi-server-7-thread-1] DEBUG com.beanit.openiec61850.ServerAssociation - sub BDA is:IEDBiogasCHP/DGEN1.GnCoolDnTm.rangeC.lLim.i: 0
14:23:46.886 [openiec61850-osi-server-7-thread-1] DEBUG com.beanit.openiec61850.ServerAssociation - sub BDA is:IEDBiogasCHP/DGEN1.GnCoolDnTm.rangeC.lLim.f: 0.0
14:23:46.886 [openiec61850-osi-server-7-thread-1] DEBUG com.beanit.openiec61850.ServerAssociation - sub BDA is:IEDBiogasCHP/DGEN1.GnCoolDnTm.rangeC.llLim.i: 0
14:23:46.886 [openiec61850-osi-server-7-thread-1] DEBUG com.beanit.openiec61850.ServerAssociation - sub BDA is:IEDBiogasCHP/DGEN1.GnCoolDnTm.rangeC.llLim.f: 0.0
14:23:46.886 [openiec61850-osi-server-7-thread-1] DEBUG com.beanit.openiec61850.ServerAssociation - sub BDA is:IEDBiogasCHP/DGEN1.GnCoolDnTm.rangeC.min.i: 0
14:23:46.886 [openiec61850-osi-server-7-thread-1] DEBUG com.beanit.openiec61850.ServerAssociation - sub BDA is:IEDBiogasCHP/DGEN1.GnCoolDnTm.rangeC.min.f: 0.0
14:23:46.887 [openiec61850-osi-server-7-thread-1] DEBUG com.beanit.openiec61850.ServerAssociation - sub BDA is:IEDBiogasCHP/DGEN1.GnCoolDnTm.rangeC.max.i: 0
14:23:46.887 [openiec61850-osi-server-7-thread-1] DEBUG com.beanit.openiec61850.ServerAssociation - sub BDA is:IEDBiogasCHP/DGEN1.GnCoolDnTm.rangeC.max.f: 0.0
14:23:46.887 [openiec61850-osi-server-7-thread-1] DEBUG com.beanit.openiec61850.ServerAssociation - sub BDA is:IEDBiogasCHP/DGEN1.GnCoolDnTm.smpRate: 0
calling GetDataValues(IEDBiogasCHP/DGEN1.GnCoolDnTm.units)
14:23:46.887 [openiec61850-osi-server-7-thread-1] DEBUG com.beanit.openiec61850.ServerAssociation - Got a GetDataValues request for node: IEDBiogasCHP/DGEN1.GnCoolDnTm.units [CF]
IEDBiogasCHP/DGEN1.GnCoolDnTm.units.SIUnit: 0
IEDBiogasCHP/DGEN1.GnCoolDnTm.units.multiplier: 0
14:23:46.887 [openiec61850-osi-server-7-thread-1] DEBUG com.beanit.openiec61850.ServerAssociation - sub BDA is:IEDBiogasCHP/DGEN1.GnCoolDnTm.units.SIUnit: 0
14:23:46.887 [openiec61850-osi-server-7-thread-1] DEBUG com.beanit.openiec61850.ServerAssociation - sub BDA is:IEDBiogasCHP/DGEN1.GnCoolDnTm.units.multiplier: 0
calling GetDataValues(IEDBiogasCHP/DGEN1.GnCoolDnTm.units.SIUnit)
14:23:46.887 [openiec61850-osi-server-7-thread-1] DEBUG com.beanit.openiec61850.ServerAssociation - Got a GetDataValues request for node: IEDBiogasCHP/DGEN1.GnCoolDnTm.units.SIUnit: 0
calling GetDataValues(IEDBiogasCHP/DGEN1.GnCoolDnTm.units.multiplier)
14:23:46.887 [openiec61850-osi-server-7-thread-1] DEBUG com.beanit.openiec61850.ServerAssociation - Got a GetDataValues request for node: IEDBiogasCHP/DGEN1.GnCoolDnTm.units.multiplier: 0
calling GetDataValues(IEDBiogasCHP/DGEN1.GnCoolDnTm.db)
14:23:46.887 [openiec61850-osi-server-7-thread-1] DEBUG com.beanit.openiec61850.ServerAssociation - Got a GetDataValues request for node: IEDBiogasCHP/DGEN1.GnCoolDnTm.db: 0
calling GetDataValues(IEDBiogasCHP/DGEN1.GnCoolDnTm.zeroDb)
14:23:46.888 [openiec61850-osi-server-7-thread-1] DEBUG com.beanit.openiec61850.ServerAssociation - Got a GetDataValues request for node: IEDBiogasCHP/DGEN1.GnCoolDnTm.zeroDb: 0
calling GetDataValues(IEDBiogasCHP/DGEN1.GnCoolDnTm.sVC)
14:23:46.888 [openiec61850-osi-server-7-thread-1] DEBUG com.beanit.openiec61850.ServerAssociation - Got a GetDataValues request for node: IEDBiogasCHP/DGEN1.GnCoolDnTm.sVC [CF]
IEDBiogasCHP/DGEN1.GnCoolDnTm.sVC.scaleFactor: 0.0
IEDBiogasCHP/DGEN1.GnCoolDnTm.sVC.offset: 0.0
14:23:46.888 [openiec61850-osi-server-7-thread-1] DEBUG com.beanit.openiec61850.ServerAssociation - sub BDA is:IEDBiogasCHP/DGEN1.GnCoolDnTm.sVC.scaleFactor: 0.0
14:23:46.888 [openiec61850-osi-server-7-thread-1] DEBUG com.beanit.openiec61850.ServerAssociation - sub BDA is:IEDBiogasCHP/DGEN1.GnCoolDnTm.sVC.offset: 0.0
calling GetDataValues(IEDBiogasCHP/DGEN1.GnCoolDnTm.sVC.scaleFactor)
14:23:46.888 [openiec61850-osi-server-7-thread-1] DEBUG com.beanit.openiec61850.ServerAssociation - Got a GetDataValues request for node: IEDBiogasCHP/DGEN1.GnCoolDnTm.sVC.scaleFactor: 0.0
calling GetDataValues(IEDBiogasCHP/DGEN1.GnCoolDnTm.sVC.offset)
14:23:46.888 [openiec61850-osi-server-7-thread-1] DEBUG com.beanit.openiec61850.ServerAssociation - Got a GetDataValues request for node: IEDBiogasCHP/DGEN1.GnCoolDnTm.sVC.offset: 0.0
calling GetDataValues(IEDBiogasCHP/DGEN1.GnCoolDnTm.rangeC)
14:23:46.888 [openiec61850-osi-server-7-thread-1] DEBUG com.beanit.openiec61850.ServerAssociation - Got a GetDataValues request for node: IEDBiogasCHP/DGEN1.GnCoolDnTm.rangeC [CF]
IEDBiogasCHP/DGEN1.GnCoolDnTm.rangeC.hhLim [CF]
IEDBiogasCHP/DGEN1.GnCoolDnTm.rangeC.hhLim.i: 0
IEDBiogasCHP/DGEN1.GnCoolDnTm.rangeC.hhLim.f: 0.0
IEDBiogasCHP/DGEN1.GnCoolDnTm.rangeC.hLim [CF]
IEDBiogasCHP/DGEN1.GnCoolDnTm.rangeC.hLim.i: 0
IEDBiogasCHP/DGEN1.GnCoolDnTm.rangeC.hLim.f: 0.0
IEDBiogasCHP/DGEN1.GnCoolDnTm.rangeC.lLim [CF]
IEDBiogasCHP/DGEN1.GnCoolDnTm.rangeC.lLim.i: 0
IEDBiogasCHP/DGEN1.GnCoolDnTm.rangeC.lLim.f: 0.0
IEDBiogasCHP/DGEN1.GnCoolDnTm.rangeC.llLim [CF]
IEDBiogasCHP/DGEN1.GnCoolDnTm.rangeC.llLim.i: 0
IEDBiogasCHP/DGEN1.GnCoolDnTm.rangeC.llLim.f: 0.0
IEDBiogasCHP/DGEN1.GnCoolDnTm.rangeC.min [CF]
IEDBiogasCHP/DGEN1.GnCoolDnTm.rangeC.min.i: 0
IEDBiogasCHP/DGEN1.GnCoolDnTm.rangeC.min.f: 0.0
IEDBiogasCHP/DGEN1.GnCoolDnTm.rangeC.max [CF]
IEDBiogasCHP/DGEN1.GnCoolDnTm.rangeC.max.i: 0
IEDBiogasCHP/DGEN1.GnCoolDnTm.rangeC.max.f: 0.0
14:23:46.888 [openiec61850-osi-server-7-thread-1] DEBUG com.beanit.openiec61850.ServerAssociation - sub BDA is:IEDBiogasCHP/DGEN1.GnCoolDnTm.rangeC.hhLim.i: 0
14:23:46.888 [openiec61850-osi-server-7-thread-1] DEBUG com.beanit.openiec61850.ServerAssociation - sub BDA is:IEDBiogasCHP/DGEN1.GnCoolDnTm.rangeC.hhLim.f: 0.0
14:23:46.888 [openiec61850-osi-server-7-thread-1] DEBUG com.beanit.openiec61850.ServerAssociation - sub BDA is:IEDBiogasCHP/DGEN1.GnCoolDnTm.rangeC.hLim.i: 0
14:23:46.888 [openiec61850-osi-server-7-thread-1] DEBUG com.beanit.openiec61850.ServerAssociation - sub BDA is:IEDBiogasCHP/DGEN1.GnCoolDnTm.rangeC.hLim.f: 0.0
14:23:46.888 [openiec61850-osi-server-7-thread-1] DEBUG com.beanit.openiec61850.ServerAssociation - sub BDA is:IEDBiogasCHP/DGEN1.GnCoolDnTm.rangeC.lLim.i: 0
14:23:46.888 [openiec61850-osi-server-7-thread-1] DEBUG com.beanit.openiec61850.ServerAssociation - sub BDA is:IEDBiogasCHP/DGEN1.GnCoolDnTm.rangeC.lLim.f: 0.0
14:23:46.888 [openiec61850-osi-server-7-thread-1] DEBUG com.beanit.openiec61850.ServerAssociation - sub BDA is:IEDBiogasCHP/DGEN1.GnCoolDnTm.rangeC.llLim.i: 0
14:23:46.888 [openiec61850-osi-server-7-thread-1] DEBUG com.beanit.openiec61850.ServerAssociation - sub BDA is:IEDBiogasCHP/DGEN1.GnCoolDnTm.rangeC.llLim.f: 0.0
14:23:46.888 [openiec61850-osi-server-7-thread-1] DEBUG com.beanit.openiec61850.ServerAssociation - sub BDA is:IEDBiogasCHP/DGEN1.GnCoolDnTm.rangeC.min.i: 0
14:23:46.888 [openiec61850-osi-server-7-thread-1] DEBUG com.beanit.openiec61850.ServerAssociation - sub BDA is:IEDBiogasCHP/DGEN1.GnCoolDnTm.rangeC.min.f: 0.0
14:23:46.888 [openiec61850-osi-server-7-thread-1] DEBUG com.beanit.openiec61850.ServerAssociation - sub BDA is:IEDBiogasCHP/DGEN1.GnCoolDnTm.rangeC.max.i: 0
14:23:46.888 [openiec61850-osi-server-7-thread-1] DEBUG com.beanit.openiec61850.ServerAssociation - sub BDA is:IEDBiogasCHP/DGEN1.GnCoolDnTm.rangeC.max.f: 0.0
calling GetDataValues(IEDBiogasCHP/DGEN1.GnCoolDnTm.rangeC.hhLim)
14:23:46.889 [openiec61850-osi-server-7-thread-1] DEBUG com.beanit.openiec61850.ServerAssociation - Got a GetDataValues request for node: IEDBiogasCHP/DGEN1.GnCoolDnTm.rangeC.hhLim [CF]
IEDBiogasCHP/DGEN1.GnCoolDnTm.rangeC.hhLim.i: 0
IEDBiogasCHP/DGEN1.GnCoolDnTm.rangeC.hhLim.f: 0.0
14:23:46.889 [openiec61850-osi-server-7-thread-1] DEBUG com.beanit.openiec61850.ServerAssociation - sub BDA is:IEDBiogasCHP/DGEN1.GnCoolDnTm.rangeC.hhLim.i: 0
14:23:46.889 [openiec61850-osi-server-7-thread-1] DEBUG com.beanit.openiec61850.ServerAssociation - sub BDA is:IEDBiogasCHP/DGEN1.GnCoolDnTm.rangeC.hhLim.f: 0.0
calling GetDataValues(IEDBiogasCHP/DGEN1.GnCoolDnTm.rangeC.hhLim.i)
14:23:46.889 [openiec61850-osi-server-7-thread-1] DEBUG com.beanit.openiec61850.ServerAssociation - Got a GetDataValues request for node: IEDBiogasCHP/DGEN1.GnCoolDnTm.rangeC.hhLim.i: 0
calling GetDataValues(IEDBiogasCHP/DGEN1.GnCoolDnTm.rangeC.hhLim.f)
14:23:46.889 [openiec61850-osi-server-7-thread-1] DEBUG com.beanit.openiec61850.ServerAssociation - Got a GetDataValues request for node: IEDBiogasCHP/DGEN1.GnCoolDnTm.rangeC.hhLim.f: 0.0
calling GetDataValues(IEDBiogasCHP/DGEN1.GnCoolDnTm.rangeC.hLim)
14:23:46.889 [openiec61850-osi-server-7-thread-1] DEBUG com.beanit.openiec61850.ServerAssociation - Got a GetDataValues request for node: IEDBiogasCHP/DGEN1.GnCoolDnTm.rangeC.hLim [CF]
IEDBiogasCHP/DGEN1.GnCoolDnTm.rangeC.hLim.i: 0
IEDBiogasCHP/DGEN1.GnCoolDnTm.rangeC.hLim.f: 0.0
14:23:46.889 [openiec61850-osi-server-7-thread-1] DEBUG com.beanit.openiec61850.ServerAssociation - sub BDA is:IEDBiogasCHP/DGEN1.GnCoolDnTm.rangeC.hLim.i: 0
14:23:46.889 [openiec61850-osi-server-7-thread-1] DEBUG com.beanit.openiec61850.ServerAssociation - sub BDA is:IEDBiogasCHP/DGEN1.GnCoolDnTm.rangeC.hLim.f: 0.0
calling GetDataValues(IEDBiogasCHP/DGEN1.GnCoolDnTm.rangeC.hLim.i)
14:23:46.889 [openiec61850-osi-server-7-thread-1] DEBUG com.beanit.openiec61850.ServerAssociation - Got a GetDataValues request for node: IEDBiogasCHP/DGEN1.GnCoolDnTm.rangeC.hLim.i: 0
calling GetDataValues(IEDBiogasCHP/DGEN1.GnCoolDnTm.rangeC.hLim.f)
14:23:46.889 [openiec61850-osi-server-7-thread-1] DEBUG com.beanit.openiec61850.ServerAssociation - Got a GetDataValues request for node: IEDBiogasCHP/DGEN1.GnCoolDnTm.rangeC.hLim.f: 0.0
calling GetDataValues(IEDBiogasCHP/DGEN1.GnCoolDnTm.rangeC.lLim)
14:23:46.890 [openiec61850-osi-server-7-thread-1] DEBUG com.beanit.openiec61850.ServerAssociation - Got a GetDataValues request for node: IEDBiogasCHP/DGEN1.GnCoolDnTm.rangeC.lLim [CF]
IEDBiogasCHP/DGEN1.GnCoolDnTm.rangeC.lLim.i: 0
IEDBiogasCHP/DGEN1.GnCoolDnTm.rangeC.lLim.f: 0.0
14:23:46.890 [openiec61850-osi-server-7-thread-1] DEBUG com.beanit.openiec61850.ServerAssociation - sub BDA is:IEDBiogasCHP/DGEN1.GnCoolDnTm.rangeC.lLim.i: 0
14:23:46.890 [openiec61850-osi-server-7-thread-1] DEBUG com.beanit.openiec61850.ServerAssociation - sub BDA is:IEDBiogasCHP/DGEN1.GnCoolDnTm.rangeC.lLim.f: 0.0
calling GetDataValues(IEDBiogasCHP/DGEN1.GnCoolDnTm.rangeC.lLim.i)
14:23:46.890 [openiec61850-osi-server-7-thread-1] DEBUG com.beanit.openiec61850.ServerAssociation - Got a GetDataValues request for node: IEDBiogasCHP/DGEN1.GnCoolDnTm.rangeC.lLim.i: 0
calling GetDataValues(IEDBiogasCHP/DGEN1.GnCoolDnTm.rangeC.lLim.f)
14:23:46.890 [openiec61850-osi-server-7-thread-1] DEBUG com.beanit.openiec61850.ServerAssociation - Got a GetDataValues request for node: IEDBiogasCHP/DGEN1.GnCoolDnTm.rangeC.lLim.f: 0.0
calling GetDataValues(IEDBiogasCHP/DGEN1.GnCoolDnTm.rangeC.llLim)
14:23:46.890 [openiec61850-osi-server-7-thread-1] DEBUG com.beanit.openiec61850.ServerAssociation - Got a GetDataValues request for node: IEDBiogasCHP/DGEN1.GnCoolDnTm.rangeC.llLim [CF]
IEDBiogasCHP/DGEN1.GnCoolDnTm.rangeC.llLim.i: 0
IEDBiogasCHP/DGEN1.GnCoolDnTm.rangeC.llLim.f: 0.0
14:23:46.890 [openiec61850-osi-server-7-thread-1] DEBUG com.beanit.openiec61850.ServerAssociation - sub BDA is:IEDBiogasCHP/DGEN1.GnCoolDnTm.rangeC.llLim.i: 0
14:23:46.890 [openiec61850-osi-server-7-thread-1] DEBUG com.beanit.openiec61850.ServerAssociation - sub BDA is:IEDBiogasCHP/DGEN1.GnCoolDnTm.rangeC.llLim.f: 0.0
calling GetDataValues(IEDBiogasCHP/DGEN1.GnCoolDnTm.rangeC.llLim.i)
14:23:46.890 [openiec61850-osi-server-7-thread-1] DEBUG com.beanit.openiec61850.ServerAssociation - Got a GetDataValues request for node: IEDBiogasCHP/DGEN1.GnCoolDnTm.rangeC.llLim.i: 0
calling GetDataValues(IEDBiogasCHP/DGEN1.GnCoolDnTm.rangeC.llLim.f)
14:23:46.890 [openiec61850-osi-server-7-thread-1] DEBUG com.beanit.openiec61850.ServerAssociation - Got a GetDataValues request for node: IEDBiogasCHP/DGEN1.GnCoolDnTm.rangeC.llLim.f: 0.0
calling GetDataValues(IEDBiogasCHP/DGEN1.GnCoolDnTm.rangeC.min)
14:23:46.891 [openiec61850-osi-server-7-thread-1] DEBUG com.beanit.openiec61850.ServerAssociation - Got a GetDataValues request for node: IEDBiogasCHP/DGEN1.GnCoolDnTm.rangeC.min [CF]
IEDBiogasCHP/DGEN1.GnCoolDnTm.rangeC.min.i: 0
IEDBiogasCHP/DGEN1.GnCoolDnTm.rangeC.min.f: 0.0
14:23:46.891 [openiec61850-osi-server-7-thread-1] DEBUG com.beanit.openiec61850.ServerAssociation - sub BDA is:IEDBiogasCHP/DGEN1.GnCoolDnTm.rangeC.min.i: 0
14:23:46.891 [openiec61850-osi-server-7-thread-1] DEBUG com.beanit.openiec61850.ServerAssociation - sub BDA is:IEDBiogasCHP/DGEN1.GnCoolDnTm.rangeC.min.f: 0.0
calling GetDataValues(IEDBiogasCHP/DGEN1.GnCoolDnTm.rangeC.min.i)
14:23:46.891 [openiec61850-osi-server-7-thread-1] DEBUG com.beanit.openiec61850.ServerAssociation - Got a GetDataValues request for node: IEDBiogasCHP/DGEN1.GnCoolDnTm.rangeC.min.i: 0
calling GetDataValues(IEDBiogasCHP/DGEN1.GnCoolDnTm.rangeC.min.f)
14:23:46.891 [openiec61850-osi-server-7-thread-1] DEBUG com.beanit.openiec61850.ServerAssociation - Got a GetDataValues request for node: IEDBiogasCHP/DGEN1.GnCoolDnTm.rangeC.min.f: 0.0
calling GetDataValues(IEDBiogasCHP/DGEN1.GnCoolDnTm.rangeC.max)
14:23:46.891 [openiec61850-osi-server-7-thread-1] DEBUG com.beanit.openiec61850.ServerAssociation - Got a GetDataValues request for node: IEDBiogasCHP/DGEN1.GnCoolDnTm.rangeC.max [CF]
IEDBiogasCHP/DGEN1.GnCoolDnTm.rangeC.max.i: 0
IEDBiogasCHP/DGEN1.GnCoolDnTm.rangeC.max.f: 0.0
14:23:46.891 [openiec61850-osi-server-7-thread-1] DEBUG com.beanit.openiec61850.ServerAssociation - sub BDA is:IEDBiogasCHP/DGEN1.GnCoolDnTm.rangeC.max.i: 0
14:23:46.891 [openiec61850-osi-server-7-thread-1] DEBUG com.beanit.openiec61850.ServerAssociation - sub BDA is:IEDBiogasCHP/DGEN1.GnCoolDnTm.rangeC.max.f: 0.0
calling GetDataValues(IEDBiogasCHP/DGEN1.GnCoolDnTm.rangeC.max.i)
14:23:46.891 [openiec61850-osi-server-7-thread-1] DEBUG com.beanit.openiec61850.ServerAssociation - Got a GetDataValues request for node: IEDBiogasCHP/DGEN1.GnCoolDnTm.rangeC.max.i: 0
calling GetDataValues(IEDBiogasCHP/DGEN1.GnCoolDnTm.rangeC.max.f)
14:23:46.891 [openiec61850-osi-server-7-thread-1] DEBUG com.beanit.openiec61850.ServerAssociation - Got a GetDataValues request for node: IEDBiogasCHP/DGEN1.GnCoolDnTm.rangeC.max.f: 0.0
calling GetDataValues(IEDBiogasCHP/DGEN1.GnCoolDnTm.smpRate)
14:23:46.892 [openiec61850-osi-server-7-thread-1] DEBUG com.beanit.openiec61850.ServerAssociation - Got a GetDataValues request for node: IEDBiogasCHP/DGEN1.GnCoolDnTm.smpRate: 0
calling GetDataValues(IEDBiogasCHP/DGEN1.GnCoolDnTm)
14:23:46.892 [openiec61850-osi-server-7-thread-1] DEBUG com.beanit.openiec61850.ServerAssociation - Got a GetDataValues request for node: IEDBiogasCHP/DGEN1.GnCoolDnTm [DC]
IEDBiogasCHP/DGEN1.GnCoolDnTm.d: ''
IEDBiogasCHP/DGEN1.GnCoolDnTm.dU: 
14:23:46.892 [openiec61850-osi-server-7-thread-1] DEBUG com.beanit.openiec61850.ServerAssociation - sub BDA is:IEDBiogasCHP/DGEN1.GnCoolDnTm.d: ''
14:23:46.892 [openiec61850-osi-server-7-thread-1] DEBUG com.beanit.openiec61850.ServerAssociation - sub BDA is:IEDBiogasCHP/DGEN1.GnCoolDnTm.dU: 
calling GetDataValues(IEDBiogasCHP/DGEN1.GnCoolDnTm.d)
14:23:46.892 [openiec61850-osi-server-7-thread-1] DEBUG com.beanit.openiec61850.ServerAssociation - Got a GetDataValues request for node: IEDBiogasCHP/DGEN1.GnCoolDnTm.d: ''
calling GetDataValues(IEDBiogasCHP/DGEN1.GnCoolDnTm.dU)
14:23:46.892 [openiec61850-osi-server-7-thread-1] DEBUG com.beanit.openiec61850.ServerAssociation - Got a GetDataValues request for node: IEDBiogasCHP/DGEN1.GnCoolDnTm.dU: 
calling GetDataValues(IEDBiogasCHP/DGEN1.GnCoolDnTm)
14:23:46.892 [openiec61850-osi-server-7-thread-1] DEBUG com.beanit.openiec61850.ServerAssociation - Got a GetDataValues request for node: IEDBiogasCHP/DGEN1.GnCoolDnTm [EX]
IEDBiogasCHP/DGEN1.GnCoolDnTm.cdcNs: ''
IEDBiogasCHP/DGEN1.GnCoolDnTm.cdcName: ''
IEDBiogasCHP/DGEN1.GnCoolDnTm.dataNs: ''
14:23:46.892 [openiec61850-osi-server-7-thread-1] DEBUG com.beanit.openiec61850.ServerAssociation - sub BDA is:IEDBiogasCHP/DGEN1.GnCoolDnTm.cdcNs: ''
14:23:46.892 [openiec61850-osi-server-7-thread-1] DEBUG com.beanit.openiec61850.ServerAssociation - sub BDA is:IEDBiogasCHP/DGEN1.GnCoolDnTm.cdcName: ''
14:23:46.892 [openiec61850-osi-server-7-thread-1] DEBUG com.beanit.openiec61850.ServerAssociation - sub BDA is:IEDBiogasCHP/DGEN1.GnCoolDnTm.dataNs: ''
calling GetDataValues(IEDBiogasCHP/DGEN1.GnCoolDnTm.cdcNs)
14:23:46.892 [openiec61850-osi-server-7-thread-1] DEBUG com.beanit.openiec61850.ServerAssociation - Got a GetDataValues request for node: IEDBiogasCHP/DGEN1.GnCoolDnTm.cdcNs: ''
calling GetDataValues(IEDBiogasCHP/DGEN1.GnCoolDnTm.cdcName)
14:23:46.892 [openiec61850-osi-server-7-thread-1] DEBUG com.beanit.openiec61850.ServerAssociation - Got a GetDataValues request for node: IEDBiogasCHP/DGEN1.GnCoolDnTm.cdcName: ''
calling GetDataValues(IEDBiogasCHP/DGEN1.GnCoolDnTm.dataNs)
14:23:46.892 [openiec61850-osi-server-7-thread-1] DEBUG com.beanit.openiec61850.ServerAssociation - Got a GetDataValues request for node: IEDBiogasCHP/DGEN1.GnCoolDnTm.dataNs: ''
calling GetDataValues(IEDBiogasCHP/DGEN1.GnCtl)
14:23:46.893 [openiec61850-osi-server-7-thread-1] DEBUG com.beanit.openiec61850.ServerAssociation - Got a GetDataValues request for node: IEDBiogasCHP/DGEN1.GnCtl [ST]
IEDBiogasCHP/DGEN1.GnCtl.origin [ST]
IEDBiogasCHP/DGEN1.GnCtl.origin.orCat: 0
IEDBiogasCHP/DGEN1.GnCtl.origin.orIdent: []
IEDBiogasCHP/DGEN1.GnCtl.ctlNum: 0
IEDBiogasCHP/DGEN1.GnCtl.stVal: 0x40
IEDBiogasCHP/DGEN1.GnCtl.q: 0x00 0x00
IEDBiogasCHP/DGEN1.GnCtl.t: Thu Jan 01 01:00:00 CET 1970
IEDBiogasCHP/DGEN1.GnCtl.stSeld: false
14:23:46.893 [openiec61850-osi-server-7-thread-1] DEBUG com.beanit.openiec61850.ServerAssociation - sub BDA is:IEDBiogasCHP/DGEN1.GnCtl.origin.orCat: 0
14:23:46.893 [openiec61850-osi-server-7-thread-1] DEBUG com.beanit.openiec61850.ServerAssociation - sub BDA is:IEDBiogasCHP/DGEN1.GnCtl.origin.orIdent: []
14:23:46.893 [openiec61850-osi-server-7-thread-1] DEBUG com.beanit.openiec61850.ServerAssociation - sub BDA is:IEDBiogasCHP/DGEN1.GnCtl.ctlNum: 0
14:23:46.893 [openiec61850-osi-server-7-thread-1] DEBUG com.beanit.openiec61850.ServerAssociation - sub BDA is:IEDBiogasCHP/DGEN1.GnCtl.stVal: 0x40
14:23:46.893 [openiec61850-osi-server-7-thread-1] DEBUG com.beanit.openiec61850.ServerAssociation - sub BDA is:IEDBiogasCHP/DGEN1.GnCtl.q: 0x00 0x00
14:23:46.893 [openiec61850-osi-server-7-thread-1] DEBUG com.beanit.openiec61850.ServerAssociation - sub BDA is:IEDBiogasCHP/DGEN1.GnCtl.t: Thu Jan 01 01:00:00 CET 1970
14:23:46.893 [openiec61850-osi-server-7-thread-1] DEBUG com.beanit.openiec61850.ServerAssociation - sub BDA is:IEDBiogasCHP/DGEN1.GnCtl.stSeld: false
calling GetDataValues(IEDBiogasCHP/DGEN1.GnCtl.origin)
14:23:46.893 [openiec61850-osi-server-7-thread-1] DEBUG com.beanit.openiec61850.ServerAssociation - Got a GetDataValues request for node: IEDBiogasCHP/DGEN1.GnCtl.origin [ST]
IEDBiogasCHP/DGEN1.GnCtl.origin.orCat: 0
IEDBiogasCHP/DGEN1.GnCtl.origin.orIdent: []
14:23:46.893 [openiec61850-osi-server-7-thread-1] DEBUG com.beanit.openiec61850.ServerAssociation - sub BDA is:IEDBiogasCHP/DGEN1.GnCtl.origin.orCat: 0
14:23:46.893 [openiec61850-osi-server-7-thread-1] DEBUG com.beanit.openiec61850.ServerAssociation - sub BDA is:IEDBiogasCHP/DGEN1.GnCtl.origin.orIdent: []
calling GetDataValues(IEDBiogasCHP/DGEN1.GnCtl.origin.orCat)
14:23:46.893 [openiec61850-osi-server-7-thread-1] DEBUG com.beanit.openiec61850.ServerAssociation - Got a GetDataValues request for node: IEDBiogasCHP/DGEN1.GnCtl.origin.orCat: 0
calling GetDataValues(IEDBiogasCHP/DGEN1.GnCtl.origin.orIdent)
14:23:46.893 [openiec61850-osi-server-7-thread-1] DEBUG com.beanit.openiec61850.ServerAssociation - Got a GetDataValues request for node: IEDBiogasCHP/DGEN1.GnCtl.origin.orIdent: []
calling GetDataValues(IEDBiogasCHP/DGEN1.GnCtl.ctlNum)
14:23:46.893 [openiec61850-osi-server-7-thread-1] DEBUG com.beanit.openiec61850.ServerAssociation - Got a GetDataValues request for node: IEDBiogasCHP/DGEN1.GnCtl.ctlNum: 0
calling GetDataValues(IEDBiogasCHP/DGEN1.GnCtl.stVal)
14:23:46.894 [openiec61850-osi-server-7-thread-1] DEBUG com.beanit.openiec61850.ServerAssociation - Got a GetDataValues request for node: IEDBiogasCHP/DGEN1.GnCtl.stVal: 0x40
calling GetDataValues(IEDBiogasCHP/DGEN1.GnCtl.q)
14:23:46.894 [openiec61850-osi-server-7-thread-1] DEBUG com.beanit.openiec61850.ServerAssociation - Got a GetDataValues request for node: IEDBiogasCHP/DGEN1.GnCtl.q: 0x00 0x00
calling GetDataValues(IEDBiogasCHP/DGEN1.GnCtl.t)
14:23:46.894 [openiec61850-osi-server-7-thread-1] DEBUG com.beanit.openiec61850.ServerAssociation - Got a GetDataValues request for node: IEDBiogasCHP/DGEN1.GnCtl.t: Thu Jan 01 01:00:00 CET 1970
calling GetDataValues(IEDBiogasCHP/DGEN1.GnCtl.stSeld)
14:23:46.894 [openiec61850-osi-server-7-thread-1] DEBUG com.beanit.openiec61850.ServerAssociation - Got a GetDataValues request for node: IEDBiogasCHP/DGEN1.GnCtl.stSeld: false
calling GetDataValues(IEDBiogasCHP/DGEN1.GnCtl)
14:23:46.894 [openiec61850-osi-server-7-thread-1] DEBUG com.beanit.openiec61850.ServerAssociation - Got a GetDataValues request for node: IEDBiogasCHP/DGEN1.GnCtl [SV]
IEDBiogasCHP/DGEN1.GnCtl.subEna: false
IEDBiogasCHP/DGEN1.GnCtl.subVal: 0x40
IEDBiogasCHP/DGEN1.GnCtl.subQ: 0x00 0x00
IEDBiogasCHP/DGEN1.GnCtl.subID: ''
14:23:46.894 [openiec61850-osi-server-7-thread-1] DEBUG com.beanit.openiec61850.ServerAssociation - sub BDA is:IEDBiogasCHP/DGEN1.GnCtl.subEna: false
14:23:46.894 [openiec61850-osi-server-7-thread-1] DEBUG com.beanit.openiec61850.ServerAssociation - sub BDA is:IEDBiogasCHP/DGEN1.GnCtl.subVal: 0x40
14:23:46.894 [openiec61850-osi-server-7-thread-1] DEBUG com.beanit.openiec61850.ServerAssociation - sub BDA is:IEDBiogasCHP/DGEN1.GnCtl.subQ: 0x00 0x00
14:23:46.894 [openiec61850-osi-server-7-thread-1] DEBUG com.beanit.openiec61850.ServerAssociation - sub BDA is:IEDBiogasCHP/DGEN1.GnCtl.subID: ''
calling GetDataValues(IEDBiogasCHP/DGEN1.GnCtl.subEna)
14:23:46.894 [openiec61850-osi-server-7-thread-1] DEBUG com.beanit.openiec61850.ServerAssociation - Got a GetDataValues request for node: IEDBiogasCHP/DGEN1.GnCtl.subEna: false
calling GetDataValues(IEDBiogasCHP/DGEN1.GnCtl.subVal)
14:23:46.895 [openiec61850-osi-server-7-thread-1] DEBUG com.beanit.openiec61850.ServerAssociation - Got a GetDataValues request for node: IEDBiogasCHP/DGEN1.GnCtl.subVal: 0x40
calling GetDataValues(IEDBiogasCHP/DGEN1.GnCtl.subQ)
14:23:46.895 [openiec61850-osi-server-7-thread-1] DEBUG com.beanit.openiec61850.ServerAssociation - Got a GetDataValues request for node: IEDBiogasCHP/DGEN1.GnCtl.subQ: 0x00 0x00
calling GetDataValues(IEDBiogasCHP/DGEN1.GnCtl.subID)
14:23:46.895 [openiec61850-osi-server-7-thread-1] DEBUG com.beanit.openiec61850.ServerAssociation - Got a GetDataValues request for node: IEDBiogasCHP/DGEN1.GnCtl.subID: ''
calling GetDataValues(IEDBiogasCHP/DGEN1.GnCtl)
14:23:46.895 [openiec61850-osi-server-7-thread-1] DEBUG com.beanit.openiec61850.ServerAssociation - Got a GetDataValues request for node: IEDBiogasCHP/DGEN1.GnCtl [CF]
IEDBiogasCHP/DGEN1.GnCtl.pulseConfig [CF]
IEDBiogasCHP/DGEN1.GnCtl.pulseConfig.cmdQual: 0
IEDBiogasCHP/DGEN1.GnCtl.pulseConfig.onDur: 0
IEDBiogasCHP/DGEN1.GnCtl.pulseConfig.offDur: 0
IEDBiogasCHP/DGEN1.GnCtl.pulseConfig.numPls: 0
IEDBiogasCHP/DGEN1.GnCtl.ctlModel: 0
IEDBiogasCHP/DGEN1.GnCtl.sboTimeout: 0
IEDBiogasCHP/DGEN1.GnCtl.sboClass: 0
14:23:46.895 [openiec61850-osi-server-7-thread-1] DEBUG com.beanit.openiec61850.ServerAssociation - sub BDA is:IEDBiogasCHP/DGEN1.GnCtl.pulseConfig.cmdQual: 0
14:23:46.895 [openiec61850-osi-server-7-thread-1] DEBUG com.beanit.openiec61850.ServerAssociation - sub BDA is:IEDBiogasCHP/DGEN1.GnCtl.pulseConfig.onDur: 0
14:23:46.895 [openiec61850-osi-server-7-thread-1] DEBUG com.beanit.openiec61850.ServerAssociation - sub BDA is:IEDBiogasCHP/DGEN1.GnCtl.pulseConfig.offDur: 0
14:23:46.895 [openiec61850-osi-server-7-thread-1] DEBUG com.beanit.openiec61850.ServerAssociation - sub BDA is:IEDBiogasCHP/DGEN1.GnCtl.pulseConfig.numPls: 0
14:23:46.895 [openiec61850-osi-server-7-thread-1] DEBUG com.beanit.openiec61850.ServerAssociation - sub BDA is:IEDBiogasCHP/DGEN1.GnCtl.ctlModel: 0
14:23:46.895 [openiec61850-osi-server-7-thread-1] DEBUG com.beanit.openiec61850.ServerAssociation - sub BDA is:IEDBiogasCHP/DGEN1.GnCtl.sboTimeout: 0
14:23:46.895 [openiec61850-osi-server-7-thread-1] DEBUG com.beanit.openiec61850.ServerAssociation - sub BDA is:IEDBiogasCHP/DGEN1.GnCtl.sboClass: 0
calling GetDataValues(IEDBiogasCHP/DGEN1.GnCtl.pulseConfig)
14:23:46.895 [openiec61850-osi-server-7-thread-1] DEBUG com.beanit.openiec61850.ServerAssociation - Got a GetDataValues request for node: IEDBiogasCHP/DGEN1.GnCtl.pulseConfig [CF]
IEDBiogasCHP/DGEN1.GnCtl.pulseConfig.cmdQual: 0
IEDBiogasCHP/DGEN1.GnCtl.pulseConfig.onDur: 0
IEDBiogasCHP/DGEN1.GnCtl.pulseConfig.offDur: 0
IEDBiogasCHP/DGEN1.GnCtl.pulseConfig.numPls: 0
14:23:46.895 [openiec61850-osi-server-7-thread-1] DEBUG com.beanit.openiec61850.ServerAssociation - sub BDA is:IEDBiogasCHP/DGEN1.GnCtl.pulseConfig.cmdQual: 0
14:23:46.895 [openiec61850-osi-server-7-thread-1] DEBUG com.beanit.openiec61850.ServerAssociation - sub BDA is:IEDBiogasCHP/DGEN1.GnCtl.pulseConfig.onDur: 0
14:23:46.895 [openiec61850-osi-server-7-thread-1] DEBUG com.beanit.openiec61850.ServerAssociation - sub BDA is:IEDBiogasCHP/DGEN1.GnCtl.pulseConfig.offDur: 0
14:23:46.895 [openiec61850-osi-server-7-thread-1] DEBUG com.beanit.openiec61850.ServerAssociation - sub BDA is:IEDBiogasCHP/DGEN1.GnCtl.pulseConfig.numPls: 0
calling GetDataValues(IEDBiogasCHP/DGEN1.GnCtl.pulseConfig.cmdQual)
14:23:46.895 [openiec61850-osi-server-7-thread-1] DEBUG com.beanit.openiec61850.ServerAssociation - Got a GetDataValues request for node: IEDBiogasCHP/DGEN1.GnCtl.pulseConfig.cmdQual: 0
calling GetDataValues(IEDBiogasCHP/DGEN1.GnCtl.pulseConfig.onDur)
14:23:46.896 [openiec61850-osi-server-7-thread-1] DEBUG com.beanit.openiec61850.ServerAssociation - Got a GetDataValues request for node: IEDBiogasCHP/DGEN1.GnCtl.pulseConfig.onDur: 0
calling GetDataValues(IEDBiogasCHP/DGEN1.GnCtl.pulseConfig.offDur)
14:23:46.896 [openiec61850-osi-server-7-thread-1] DEBUG com.beanit.openiec61850.ServerAssociation - Got a GetDataValues request for node: IEDBiogasCHP/DGEN1.GnCtl.pulseConfig.offDur: 0
calling GetDataValues(IEDBiogasCHP/DGEN1.GnCtl.pulseConfig.numPls)
14:23:46.896 [openiec61850-osi-server-7-thread-1] DEBUG com.beanit.openiec61850.ServerAssociation - Got a GetDataValues request for node: IEDBiogasCHP/DGEN1.GnCtl.pulseConfig.numPls: 0
calling GetDataValues(IEDBiogasCHP/DGEN1.GnCtl.ctlModel)
14:23:46.896 [openiec61850-osi-server-7-thread-1] DEBUG com.beanit.openiec61850.ServerAssociation - Got a GetDataValues request for node: IEDBiogasCHP/DGEN1.GnCtl.ctlModel: 0
calling GetDataValues(IEDBiogasCHP/DGEN1.GnCtl.sboTimeout)
14:23:46.896 [openiec61850-osi-server-7-thread-1] DEBUG com.beanit.openiec61850.ServerAssociation - Got a GetDataValues request for node: IEDBiogasCHP/DGEN1.GnCtl.sboTimeout: 0
calling GetDataValues(IEDBiogasCHP/DGEN1.GnCtl.sboClass)
14:23:46.896 [openiec61850-osi-server-7-thread-1] DEBUG com.beanit.openiec61850.ServerAssociation - Got a GetDataValues request for node: IEDBiogasCHP/DGEN1.GnCtl.sboClass: 0
calling GetDataValues(IEDBiogasCHP/DGEN1.GnCtl)
14:23:46.896 [openiec61850-osi-server-7-thread-1] DEBUG com.beanit.openiec61850.ServerAssociation - Got a GetDataValues request for node: IEDBiogasCHP/DGEN1.GnCtl [DC]
IEDBiogasCHP/DGEN1.GnCtl.d: ''
IEDBiogasCHP/DGEN1.GnCtl.dU: 
14:23:46.896 [openiec61850-osi-server-7-thread-1] DEBUG com.beanit.openiec61850.ServerAssociation - sub BDA is:IEDBiogasCHP/DGEN1.GnCtl.d: ''
14:23:46.896 [openiec61850-osi-server-7-thread-1] DEBUG com.beanit.openiec61850.ServerAssociation - sub BDA is:IEDBiogasCHP/DGEN1.GnCtl.dU: 
calling GetDataValues(IEDBiogasCHP/DGEN1.GnCtl.d)
14:23:46.897 [openiec61850-osi-server-7-thread-1] DEBUG com.beanit.openiec61850.ServerAssociation - Got a GetDataValues request for node: IEDBiogasCHP/DGEN1.GnCtl.d: ''
calling GetDataValues(IEDBiogasCHP/DGEN1.GnCtl.dU)
14:23:46.897 [openiec61850-osi-server-7-thread-1] DEBUG com.beanit.openiec61850.ServerAssociation - Got a GetDataValues request for node: IEDBiogasCHP/DGEN1.GnCtl.dU: 
calling GetDataValues(IEDBiogasCHP/DGEN1.GnCtl)
14:23:46.897 [openiec61850-osi-server-7-thread-1] DEBUG com.beanit.openiec61850.ServerAssociation - Got a GetDataValues request for node: IEDBiogasCHP/DGEN1.GnCtl [EX]
IEDBiogasCHP/DGEN1.GnCtl.cdcNs: ''
IEDBiogasCHP/DGEN1.GnCtl.cdcName: ''
IEDBiogasCHP/DGEN1.GnCtl.dataNs: ''
14:23:46.897 [openiec61850-osi-server-7-thread-1] DEBUG com.beanit.openiec61850.ServerAssociation - sub BDA is:IEDBiogasCHP/DGEN1.GnCtl.cdcNs: ''
14:23:46.897 [openiec61850-osi-server-7-thread-1] DEBUG com.beanit.openiec61850.ServerAssociation - sub BDA is:IEDBiogasCHP/DGEN1.GnCtl.cdcName: ''
14:23:46.897 [openiec61850-osi-server-7-thread-1] DEBUG com.beanit.openiec61850.ServerAssociation - sub BDA is:IEDBiogasCHP/DGEN1.GnCtl.dataNs: ''
calling GetDataValues(IEDBiogasCHP/DGEN1.GnCtl.cdcNs)
14:23:46.897 [openiec61850-osi-server-7-thread-1] DEBUG com.beanit.openiec61850.ServerAssociation - Got a GetDataValues request for node: IEDBiogasCHP/DGEN1.GnCtl.cdcNs: ''
calling GetDataValues(IEDBiogasCHP/DGEN1.GnCtl.cdcName)
14:23:46.897 [openiec61850-osi-server-7-thread-1] DEBUG com.beanit.openiec61850.ServerAssociation - Got a GetDataValues request for node: IEDBiogasCHP/DGEN1.GnCtl.cdcName: ''
calling GetDataValues(IEDBiogasCHP/DGEN1.GnCtl.dataNs)
14:23:46.897 [openiec61850-osi-server-7-thread-1] DEBUG com.beanit.openiec61850.ServerAssociation - Got a GetDataValues request for node: IEDBiogasCHP/DGEN1.GnCtl.dataNs: ''
calling GetDataValues(IEDBiogasCHP/DGEN1.GnRL)
14:23:46.897 [openiec61850-osi-server-7-thread-1] DEBUG com.beanit.openiec61850.ServerAssociation - Got a GetDataValues request for node: IEDBiogasCHP/DGEN1.GnRL [ST]
IEDBiogasCHP/DGEN1.GnRL.origin [ST]
IEDBiogasCHP/DGEN1.GnRL.origin.orCat: 0
IEDBiogasCHP/DGEN1.GnRL.origin.orIdent: []
IEDBiogasCHP/DGEN1.GnRL.ctlNum: 0
IEDBiogasCHP/DGEN1.GnRL.stVal: 0x40
IEDBiogasCHP/DGEN1.GnRL.q: 0x00 0x00
IEDBiogasCHP/DGEN1.GnRL.t: Thu Jan 01 01:00:00 CET 1970
IEDBiogasCHP/DGEN1.GnRL.stSeld: false
14:23:46.898 [openiec61850-osi-server-7-thread-1] DEBUG com.beanit.openiec61850.ServerAssociation - sub BDA is:IEDBiogasCHP/DGEN1.GnRL.origin.orCat: 0
14:23:46.898 [openiec61850-osi-server-7-thread-1] DEBUG com.beanit.openiec61850.ServerAssociation - sub BDA is:IEDBiogasCHP/DGEN1.GnRL.origin.orIdent: []
14:23:46.898 [openiec61850-osi-server-7-thread-1] DEBUG com.beanit.openiec61850.ServerAssociation - sub BDA is:IEDBiogasCHP/DGEN1.GnRL.ctlNum: 0
14:23:46.898 [openiec61850-osi-server-7-thread-1] DEBUG com.beanit.openiec61850.ServerAssociation - sub BDA is:IEDBiogasCHP/DGEN1.GnRL.stVal: 0x40
14:23:46.898 [openiec61850-osi-server-7-thread-1] DEBUG com.beanit.openiec61850.ServerAssociation - sub BDA is:IEDBiogasCHP/DGEN1.GnRL.q: 0x00 0x00
14:23:46.898 [openiec61850-osi-server-7-thread-1] DEBUG com.beanit.openiec61850.ServerAssociation - sub BDA is:IEDBiogasCHP/DGEN1.GnRL.t: Thu Jan 01 01:00:00 CET 1970
14:23:46.898 [openiec61850-osi-server-7-thread-1] DEBUG com.beanit.openiec61850.ServerAssociation - sub BDA is:IEDBiogasCHP/DGEN1.GnRL.stSeld: false
calling GetDataValues(IEDBiogasCHP/DGEN1.GnRL.origin)
14:23:46.898 [openiec61850-osi-server-7-thread-1] DEBUG com.beanit.openiec61850.ServerAssociation - Got a GetDataValues request for node: IEDBiogasCHP/DGEN1.GnRL.origin [ST]
IEDBiogasCHP/DGEN1.GnRL.origin.orCat: 0
IEDBiogasCHP/DGEN1.GnRL.origin.orIdent: []
14:23:46.898 [openiec61850-osi-server-7-thread-1] DEBUG com.beanit.openiec61850.ServerAssociation - sub BDA is:IEDBiogasCHP/DGEN1.GnRL.origin.orCat: 0
14:23:46.898 [openiec61850-osi-server-7-thread-1] DEBUG com.beanit.openiec61850.ServerAssociation - sub BDA is:IEDBiogasCHP/DGEN1.GnRL.origin.orIdent: []
calling GetDataValues(IEDBiogasCHP/DGEN1.GnRL.origin.orCat)
14:23:46.898 [openiec61850-osi-server-7-thread-1] DEBUG com.beanit.openiec61850.ServerAssociation - Got a GetDataValues request for node: IEDBiogasCHP/DGEN1.GnRL.origin.orCat: 0
calling GetDataValues(IEDBiogasCHP/DGEN1.GnRL.origin.orIdent)
14:23:46.898 [openiec61850-osi-server-7-thread-1] DEBUG com.beanit.openiec61850.ServerAssociation - Got a GetDataValues request for node: IEDBiogasCHP/DGEN1.GnRL.origin.orIdent: []
calling GetDataValues(IEDBiogasCHP/DGEN1.GnRL.ctlNum)
14:23:46.898 [openiec61850-osi-server-7-thread-1] DEBUG com.beanit.openiec61850.ServerAssociation - Got a GetDataValues request for node: IEDBiogasCHP/DGEN1.GnRL.ctlNum: 0
calling GetDataValues(IEDBiogasCHP/DGEN1.GnRL.stVal)
14:23:46.898 [openiec61850-osi-server-7-thread-1] DEBUG com.beanit.openiec61850.ServerAssociation - Got a GetDataValues request for node: IEDBiogasCHP/DGEN1.GnRL.stVal: 0x40
calling GetDataValues(IEDBiogasCHP/DGEN1.GnRL.q)
14:23:46.899 [openiec61850-osi-server-7-thread-1] DEBUG com.beanit.openiec61850.ServerAssociation - Got a GetDataValues request for node: IEDBiogasCHP/DGEN1.GnRL.q: 0x00 0x00
calling GetDataValues(IEDBiogasCHP/DGEN1.GnRL.t)
14:23:46.899 [openiec61850-osi-server-7-thread-1] DEBUG com.beanit.openiec61850.ServerAssociation - Got a GetDataValues request for node: IEDBiogasCHP/DGEN1.GnRL.t: Thu Jan 01 01:00:00 CET 1970
calling GetDataValues(IEDBiogasCHP/DGEN1.GnRL.stSeld)
14:23:46.899 [openiec61850-osi-server-7-thread-1] DEBUG com.beanit.openiec61850.ServerAssociation - Got a GetDataValues request for node: IEDBiogasCHP/DGEN1.GnRL.stSeld: false
calling GetDataValues(IEDBiogasCHP/DGEN1.GnRL)
14:23:46.899 [openiec61850-osi-server-7-thread-1] DEBUG com.beanit.openiec61850.ServerAssociation - Got a GetDataValues request for node: IEDBiogasCHP/DGEN1.GnRL [SV]
IEDBiogasCHP/DGEN1.GnRL.subEna: false
IEDBiogasCHP/DGEN1.GnRL.subVal: 0x40
IEDBiogasCHP/DGEN1.GnRL.subQ: 0x00 0x00
IEDBiogasCHP/DGEN1.GnRL.subID: ''
14:23:46.899 [openiec61850-osi-server-7-thread-1] DEBUG com.beanit.openiec61850.ServerAssociation - sub BDA is:IEDBiogasCHP/DGEN1.GnRL.subEna: false
14:23:46.899 [openiec61850-osi-server-7-thread-1] DEBUG com.beanit.openiec61850.ServerAssociation - sub BDA is:IEDBiogasCHP/DGEN1.GnRL.subVal: 0x40
14:23:46.899 [openiec61850-osi-server-7-thread-1] DEBUG com.beanit.openiec61850.ServerAssociation - sub BDA is:IEDBiogasCHP/DGEN1.GnRL.subQ: 0x00 0x00
14:23:46.899 [openiec61850-osi-server-7-thread-1] DEBUG com.beanit.openiec61850.ServerAssociation - sub BDA is:IEDBiogasCHP/DGEN1.GnRL.subID: ''
calling GetDataValues(IEDBiogasCHP/DGEN1.GnRL.subEna)
14:23:46.899 [openiec61850-osi-server-7-thread-1] DEBUG com.beanit.openiec61850.ServerAssociation - Got a GetDataValues request for node: IEDBiogasCHP/DGEN1.GnRL.subEna: false
calling GetDataValues(IEDBiogasCHP/DGEN1.GnRL.subVal)
14:23:46.899 [openiec61850-osi-server-7-thread-1] DEBUG com.beanit.openiec61850.ServerAssociation - Got a GetDataValues request for node: IEDBiogasCHP/DGEN1.GnRL.subVal: 0x40
calling GetDataValues(IEDBiogasCHP/DGEN1.GnRL.subQ)
14:23:46.900 [openiec61850-osi-server-7-thread-1] DEBUG com.beanit.openiec61850.ServerAssociation - Got a GetDataValues request for node: IEDBiogasCHP/DGEN1.GnRL.subQ: 0x00 0x00
calling GetDataValues(IEDBiogasCHP/DGEN1.GnRL.subID)
14:23:46.900 [openiec61850-osi-server-7-thread-1] DEBUG com.beanit.openiec61850.ServerAssociation - Got a GetDataValues request for node: IEDBiogasCHP/DGEN1.GnRL.subID: ''
calling GetDataValues(IEDBiogasCHP/DGEN1.GnRL)
14:23:46.900 [openiec61850-osi-server-7-thread-1] DEBUG com.beanit.openiec61850.ServerAssociation - Got a GetDataValues request for node: IEDBiogasCHP/DGEN1.GnRL [CF]
IEDBiogasCHP/DGEN1.GnRL.pulseConfig [CF]
IEDBiogasCHP/DGEN1.GnRL.pulseConfig.cmdQual: 0
IEDBiogasCHP/DGEN1.GnRL.pulseConfig.onDur: 0
IEDBiogasCHP/DGEN1.GnRL.pulseConfig.offDur: 0
IEDBiogasCHP/DGEN1.GnRL.pulseConfig.numPls: 0
IEDBiogasCHP/DGEN1.GnRL.ctlModel: 0
IEDBiogasCHP/DGEN1.GnRL.sboTimeout: 0
IEDBiogasCHP/DGEN1.GnRL.sboClass: 0
14:23:46.900 [openiec61850-osi-server-7-thread-1] DEBUG com.beanit.openiec61850.ServerAssociation - sub BDA is:IEDBiogasCHP/DGEN1.GnRL.pulseConfig.cmdQual: 0
14:23:46.900 [openiec61850-osi-server-7-thread-1] DEBUG com.beanit.openiec61850.ServerAssociation - sub BDA is:IEDBiogasCHP/DGEN1.GnRL.pulseConfig.onDur: 0
14:23:46.900 [openiec61850-osi-server-7-thread-1] DEBUG com.beanit.openiec61850.ServerAssociation - sub BDA is:IEDBiogasCHP/DGEN1.GnRL.pulseConfig.offDur: 0
14:23:46.900 [openiec61850-osi-server-7-thread-1] DEBUG com.beanit.openiec61850.ServerAssociation - sub BDA is:IEDBiogasCHP/DGEN1.GnRL.pulseConfig.numPls: 0
14:23:46.900 [openiec61850-osi-server-7-thread-1] DEBUG com.beanit.openiec61850.ServerAssociation - sub BDA is:IEDBiogasCHP/DGEN1.GnRL.ctlModel: 0
14:23:46.900 [openiec61850-osi-server-7-thread-1] DEBUG com.beanit.openiec61850.ServerAssociation - sub BDA is:IEDBiogasCHP/DGEN1.GnRL.sboTimeout: 0
14:23:46.900 [openiec61850-osi-server-7-thread-1] DEBUG com.beanit.openiec61850.ServerAssociation - sub BDA is:IEDBiogasCHP/DGEN1.GnRL.sboClass: 0
calling GetDataValues(IEDBiogasCHP/DGEN1.GnRL.pulseConfig)
14:23:46.900 [openiec61850-osi-server-7-thread-1] DEBUG com.beanit.openiec61850.ServerAssociation - Got a GetDataValues request for node: IEDBiogasCHP/DGEN1.GnRL.pulseConfig [CF]
IEDBiogasCHP/DGEN1.GnRL.pulseConfig.cmdQual: 0
IEDBiogasCHP/DGEN1.GnRL.pulseConfig.onDur: 0
IEDBiogasCHP/DGEN1.GnRL.pulseConfig.offDur: 0
IEDBiogasCHP/DGEN1.GnRL.pulseConfig.numPls: 0
14:23:46.900 [openiec61850-osi-server-7-thread-1] DEBUG com.beanit.openiec61850.ServerAssociation - sub BDA is:IEDBiogasCHP/DGEN1.GnRL.pulseConfig.cmdQual: 0
14:23:46.900 [openiec61850-osi-server-7-thread-1] DEBUG com.beanit.openiec61850.ServerAssociation - sub BDA is:IEDBiogasCHP/DGEN1.GnRL.pulseConfig.onDur: 0
14:23:46.900 [openiec61850-osi-server-7-thread-1] DEBUG com.beanit.openiec61850.ServerAssociation - sub BDA is:IEDBiogasCHP/DGEN1.GnRL.pulseConfig.offDur: 0
14:23:46.900 [openiec61850-osi-server-7-thread-1] DEBUG com.beanit.openiec61850.ServerAssociation - sub BDA is:IEDBiogasCHP/DGEN1.GnRL.pulseConfig.numPls: 0
calling GetDataValues(IEDBiogasCHP/DGEN1.GnRL.pulseConfig.cmdQual)
14:23:46.900 [openiec61850-osi-server-7-thread-1] DEBUG com.beanit.openiec61850.ServerAssociation - Got a GetDataValues request for node: IEDBiogasCHP/DGEN1.GnRL.pulseConfig.cmdQual: 0
calling GetDataValues(IEDBiogasCHP/DGEN1.GnRL.pulseConfig.onDur)
14:23:46.900 [openiec61850-osi-server-7-thread-1] DEBUG com.beanit.openiec61850.ServerAssociation - Got a GetDataValues request for node: IEDBiogasCHP/DGEN1.GnRL.pulseConfig.onDur: 0
calling GetDataValues(IEDBiogasCHP/DGEN1.GnRL.pulseConfig.offDur)
14:23:46.900 [openiec61850-osi-server-7-thread-1] DEBUG com.beanit.openiec61850.ServerAssociation - Got a GetDataValues request for node: IEDBiogasCHP/DGEN1.GnRL.pulseConfig.offDur: 0
calling GetDataValues(IEDBiogasCHP/DGEN1.GnRL.pulseConfig.numPls)
14:23:46.901 [openiec61850-osi-server-7-thread-1] DEBUG com.beanit.openiec61850.ServerAssociation - Got a GetDataValues request for node: IEDBiogasCHP/DGEN1.GnRL.pulseConfig.numPls: 0
calling GetDataValues(IEDBiogasCHP/DGEN1.GnRL.ctlModel)
14:23:46.901 [openiec61850-osi-server-7-thread-1] DEBUG com.beanit.openiec61850.ServerAssociation - Got a GetDataValues request for node: IEDBiogasCHP/DGEN1.GnRL.ctlModel: 0
calling GetDataValues(IEDBiogasCHP/DGEN1.GnRL.sboTimeout)
14:23:46.901 [openiec61850-osi-server-7-thread-1] DEBUG com.beanit.openiec61850.ServerAssociation - Got a GetDataValues request for node: IEDBiogasCHP/DGEN1.GnRL.sboTimeout: 0
calling GetDataValues(IEDBiogasCHP/DGEN1.GnRL.sboClass)
14:23:46.901 [openiec61850-osi-server-7-thread-1] DEBUG com.beanit.openiec61850.ServerAssociation - Got a GetDataValues request for node: IEDBiogasCHP/DGEN1.GnRL.sboClass: 0
calling GetDataValues(IEDBiogasCHP/DGEN1.GnRL)
14:23:46.901 [openiec61850-osi-server-7-thread-1] DEBUG com.beanit.openiec61850.ServerAssociation - Got a GetDataValues request for node: IEDBiogasCHP/DGEN1.GnRL [DC]
IEDBiogasCHP/DGEN1.GnRL.d: ''
IEDBiogasCHP/DGEN1.GnRL.dU: 
14:23:46.901 [openiec61850-osi-server-7-thread-1] DEBUG com.beanit.openiec61850.ServerAssociation - sub BDA is:IEDBiogasCHP/DGEN1.GnRL.d: ''
14:23:46.901 [openiec61850-osi-server-7-thread-1] DEBUG com.beanit.openiec61850.ServerAssociation - sub BDA is:IEDBiogasCHP/DGEN1.GnRL.dU: 
calling GetDataValues(IEDBiogasCHP/DGEN1.GnRL.d)
14:23:46.901 [openiec61850-osi-server-7-thread-1] DEBUG com.beanit.openiec61850.ServerAssociation - Got a GetDataValues request for node: IEDBiogasCHP/DGEN1.GnRL.d: ''
calling GetDataValues(IEDBiogasCHP/DGEN1.GnRL.dU)
14:23:46.901 [openiec61850-osi-server-7-thread-1] DEBUG com.beanit.openiec61850.ServerAssociation - Got a GetDataValues request for node: IEDBiogasCHP/DGEN1.GnRL.dU: 
calling GetDataValues(IEDBiogasCHP/DGEN1.GnRL)
14:23:46.902 [openiec61850-osi-server-7-thread-1] DEBUG com.beanit.openiec61850.ServerAssociation - Got a GetDataValues request for node: IEDBiogasCHP/DGEN1.GnRL [EX]
IEDBiogasCHP/DGEN1.GnRL.cdcNs: ''
IEDBiogasCHP/DGEN1.GnRL.cdcName: ''
IEDBiogasCHP/DGEN1.GnRL.dataNs: ''
14:23:46.902 [openiec61850-osi-server-7-thread-1] DEBUG com.beanit.openiec61850.ServerAssociation - sub BDA is:IEDBiogasCHP/DGEN1.GnRL.cdcNs: ''
14:23:46.902 [openiec61850-osi-server-7-thread-1] DEBUG com.beanit.openiec61850.ServerAssociation - sub BDA is:IEDBiogasCHP/DGEN1.GnRL.cdcName: ''
14:23:46.902 [openiec61850-osi-server-7-thread-1] DEBUG com.beanit.openiec61850.ServerAssociation - sub BDA is:IEDBiogasCHP/DGEN1.GnRL.dataNs: ''
calling GetDataValues(IEDBiogasCHP/DGEN1.GnRL.cdcNs)
14:23:46.902 [openiec61850-osi-server-7-thread-1] DEBUG com.beanit.openiec61850.ServerAssociation - Got a GetDataValues request for node: IEDBiogasCHP/DGEN1.GnRL.cdcNs: ''
calling GetDataValues(IEDBiogasCHP/DGEN1.GnRL.cdcName)
14:23:46.902 [openiec61850-osi-server-7-thread-1] DEBUG com.beanit.openiec61850.ServerAssociation - Got a GetDataValues request for node: IEDBiogasCHP/DGEN1.GnRL.cdcName: ''
calling GetDataValues(IEDBiogasCHP/DGEN1.GnRL.dataNs)
14:23:46.902 [openiec61850-osi-server-7-thread-1] DEBUG com.beanit.openiec61850.ServerAssociation - Got a GetDataValues request for node: IEDBiogasCHP/DGEN1.GnRL.dataNs: ''
calling GetDataValues(IEDBiogasCHP/DGEN1.GnBlk)
14:23:46.902 [openiec61850-osi-server-7-thread-1] DEBUG com.beanit.openiec61850.ServerAssociation - Got a GetDataValues request for node: IEDBiogasCHP/DGEN1.GnBlk [ST]
IEDBiogasCHP/DGEN1.GnBlk.origin [ST]
IEDBiogasCHP/DGEN1.GnBlk.origin.orCat: 0
IEDBiogasCHP/DGEN1.GnBlk.origin.orIdent: []
IEDBiogasCHP/DGEN1.GnBlk.ctlNum: 0
IEDBiogasCHP/DGEN1.GnBlk.stVal: false
IEDBiogasCHP/DGEN1.GnBlk.q: 0x00 0x00
IEDBiogasCHP/DGEN1.GnBlk.t: Thu Jan 01 01:00:00 CET 1970
IEDBiogasCHP/DGEN1.GnBlk.stSeld: false
14:23:46.902 [openiec61850-osi-server-7-thread-1] DEBUG com.beanit.openiec61850.ServerAssociation - sub BDA is:IEDBiogasCHP/DGEN1.GnBlk.origin.orCat: 0
14:23:46.902 [openiec61850-osi-server-7-thread-1] DEBUG com.beanit.openiec61850.ServerAssociation - sub BDA is:IEDBiogasCHP/DGEN1.GnBlk.origin.orIdent: []
14:23:46.902 [openiec61850-osi-server-7-thread-1] DEBUG com.beanit.openiec61850.ServerAssociation - sub BDA is:IEDBiogasCHP/DGEN1.GnBlk.ctlNum: 0
14:23:46.902 [openiec61850-osi-server-7-thread-1] DEBUG com.beanit.openiec61850.ServerAssociation - sub BDA is:IEDBiogasCHP/DGEN1.GnBlk.stVal: false
14:23:46.902 [openiec61850-osi-server-7-thread-1] DEBUG com.beanit.openiec61850.ServerAssociation - sub BDA is:IEDBiogasCHP/DGEN1.GnBlk.q: 0x00 0x00
14:23:46.902 [openiec61850-osi-server-7-thread-1] DEBUG com.beanit.openiec61850.ServerAssociation - sub BDA is:IEDBiogasCHP/DGEN1.GnBlk.t: Thu Jan 01 01:00:00 CET 1970
14:23:46.902 [openiec61850-osi-server-7-thread-1] DEBUG com.beanit.openiec61850.ServerAssociation - sub BDA is:IEDBiogasCHP/DGEN1.GnBlk.stSeld: false
calling GetDataValues(IEDBiogasCHP/DGEN1.GnBlk.origin)
14:23:46.903 [openiec61850-osi-server-7-thread-1] DEBUG com.beanit.openiec61850.ServerAssociation - Got a GetDataValues request for node: IEDBiogasCHP/DGEN1.GnBlk.origin [ST]
IEDBiogasCHP/DGEN1.GnBlk.origin.orCat: 0
IEDBiogasCHP/DGEN1.GnBlk.origin.orIdent: []
14:23:46.903 [openiec61850-osi-server-7-thread-1] DEBUG com.beanit.openiec61850.ServerAssociation - sub BDA is:IEDBiogasCHP/DGEN1.GnBlk.origin.orCat: 0
14:23:46.903 [openiec61850-osi-server-7-thread-1] DEBUG com.beanit.openiec61850.ServerAssociation - sub BDA is:IEDBiogasCHP/DGEN1.GnBlk.origin.orIdent: []
calling GetDataValues(IEDBiogasCHP/DGEN1.GnBlk.origin.orCat)
14:23:46.903 [openiec61850-osi-server-7-thread-1] DEBUG com.beanit.openiec61850.ServerAssociation - Got a GetDataValues request for node: IEDBiogasCHP/DGEN1.GnBlk.origin.orCat: 0
calling GetDataValues(IEDBiogasCHP/DGEN1.GnBlk.origin.orIdent)
14:23:46.903 [openiec61850-osi-server-7-thread-1] DEBUG com.beanit.openiec61850.ServerAssociation - Got a GetDataValues request for node: IEDBiogasCHP/DGEN1.GnBlk.origin.orIdent: []
calling GetDataValues(IEDBiogasCHP/DGEN1.GnBlk.ctlNum)
14:23:46.903 [openiec61850-osi-server-7-thread-1] DEBUG com.beanit.openiec61850.ServerAssociation - Got a GetDataValues request for node: IEDBiogasCHP/DGEN1.GnBlk.ctlNum: 0
calling GetDataValues(IEDBiogasCHP/DGEN1.GnBlk.stVal)
14:23:46.903 [openiec61850-osi-server-7-thread-1] DEBUG com.beanit.openiec61850.ServerAssociation - Got a GetDataValues request for node: IEDBiogasCHP/DGEN1.GnBlk.stVal: false
calling GetDataValues(IEDBiogasCHP/DGEN1.GnBlk.q)
14:23:46.903 [openiec61850-osi-server-7-thread-1] DEBUG com.beanit.openiec61850.ServerAssociation - Got a GetDataValues request for node: IEDBiogasCHP/DGEN1.GnBlk.q: 0x00 0x00
calling GetDataValues(IEDBiogasCHP/DGEN1.GnBlk.t)
14:23:46.904 [openiec61850-osi-server-7-thread-1] DEBUG com.beanit.openiec61850.ServerAssociation - Got a GetDataValues request for node: IEDBiogasCHP/DGEN1.GnBlk.t: Thu Jan 01 01:00:00 CET 1970
calling GetDataValues(IEDBiogasCHP/DGEN1.GnBlk.stSeld)
14:23:46.904 [openiec61850-osi-server-7-thread-1] DEBUG com.beanit.openiec61850.ServerAssociation - Got a GetDataValues request for node: IEDBiogasCHP/DGEN1.GnBlk.stSeld: false
calling GetDataValues(IEDBiogasCHP/DGEN1.GnBlk)
14:23:46.904 [openiec61850-osi-server-7-thread-1] DEBUG com.beanit.openiec61850.ServerAssociation - Got a GetDataValues request for node: IEDBiogasCHP/DGEN1.GnBlk [SV]
IEDBiogasCHP/DGEN1.GnBlk.subEna: false
IEDBiogasCHP/DGEN1.GnBlk.subVal: false
IEDBiogasCHP/DGEN1.GnBlk.subQ: 0x00 0x00
IEDBiogasCHP/DGEN1.GnBlk.subID: ''
14:23:46.904 [openiec61850-osi-server-7-thread-1] DEBUG com.beanit.openiec61850.ServerAssociation - sub BDA is:IEDBiogasCHP/DGEN1.GnBlk.subEna: false
14:23:46.904 [openiec61850-osi-server-7-thread-1] DEBUG com.beanit.openiec61850.ServerAssociation - sub BDA is:IEDBiogasCHP/DGEN1.GnBlk.subVal: false
14:23:46.904 [openiec61850-osi-server-7-thread-1] DEBUG com.beanit.openiec61850.ServerAssociation - sub BDA is:IEDBiogasCHP/DGEN1.GnBlk.subQ: 0x00 0x00
14:23:46.904 [openiec61850-osi-server-7-thread-1] DEBUG com.beanit.openiec61850.ServerAssociation - sub BDA is:IEDBiogasCHP/DGEN1.GnBlk.subID: ''
calling GetDataValues(IEDBiogasCHP/DGEN1.GnBlk.subEna)
14:23:46.904 [openiec61850-osi-server-7-thread-1] DEBUG com.beanit.openiec61850.ServerAssociation - Got a GetDataValues request for node: IEDBiogasCHP/DGEN1.GnBlk.subEna: false
calling GetDataValues(IEDBiogasCHP/DGEN1.GnBlk.subVal)
14:23:46.904 [openiec61850-osi-server-7-thread-1] DEBUG com.beanit.openiec61850.ServerAssociation - Got a GetDataValues request for node: IEDBiogasCHP/DGEN1.GnBlk.subVal: false
calling GetDataValues(IEDBiogasCHP/DGEN1.GnBlk.subQ)
14:23:46.904 [openiec61850-osi-server-7-thread-1] DEBUG com.beanit.openiec61850.ServerAssociation - Got a GetDataValues request for node: IEDBiogasCHP/DGEN1.GnBlk.subQ: 0x00 0x00
calling GetDataValues(IEDBiogasCHP/DGEN1.GnBlk.subID)
14:23:46.904 [openiec61850-osi-server-7-thread-1] DEBUG com.beanit.openiec61850.ServerAssociation - Got a GetDataValues request for node: IEDBiogasCHP/DGEN1.GnBlk.subID: ''
calling GetDataValues(IEDBiogasCHP/DGEN1.GnBlk)
14:23:46.905 [openiec61850-osi-server-7-thread-1] DEBUG com.beanit.openiec61850.ServerAssociation - Got a GetDataValues request for node: IEDBiogasCHP/DGEN1.GnBlk [CF]
IEDBiogasCHP/DGEN1.GnBlk.pulseConfig [CF]
IEDBiogasCHP/DGEN1.GnBlk.pulseConfig.cmdQual: 0
IEDBiogasCHP/DGEN1.GnBlk.pulseConfig.onDur: 0
IEDBiogasCHP/DGEN1.GnBlk.pulseConfig.offDur: 0
IEDBiogasCHP/DGEN1.GnBlk.pulseConfig.numPls: 0
IEDBiogasCHP/DGEN1.GnBlk.ctlModel: 0
IEDBiogasCHP/DGEN1.GnBlk.sboTimeout: 0
IEDBiogasCHP/DGEN1.GnBlk.sboClass: 0
14:23:46.905 [openiec61850-osi-server-7-thread-1] DEBUG com.beanit.openiec61850.ServerAssociation - sub BDA is:IEDBiogasCHP/DGEN1.GnBlk.pulseConfig.cmdQual: 0
14:23:46.905 [openiec61850-osi-server-7-thread-1] DEBUG com.beanit.openiec61850.ServerAssociation - sub BDA is:IEDBiogasCHP/DGEN1.GnBlk.pulseConfig.onDur: 0
14:23:46.905 [openiec61850-osi-server-7-thread-1] DEBUG com.beanit.openiec61850.ServerAssociation - sub BDA is:IEDBiogasCHP/DGEN1.GnBlk.pulseConfig.offDur: 0
14:23:46.905 [openiec61850-osi-server-7-thread-1] DEBUG com.beanit.openiec61850.ServerAssociation - sub BDA is:IEDBiogasCHP/DGEN1.GnBlk.pulseConfig.numPls: 0
14:23:46.905 [openiec61850-osi-server-7-thread-1] DEBUG com.beanit.openiec61850.ServerAssociation - sub BDA is:IEDBiogasCHP/DGEN1.GnBlk.ctlModel: 0
14:23:46.905 [openiec61850-osi-server-7-thread-1] DEBUG com.beanit.openiec61850.ServerAssociation - sub BDA is:IEDBiogasCHP/DGEN1.GnBlk.sboTimeout: 0
14:23:46.905 [openiec61850-osi-server-7-thread-1] DEBUG com.beanit.openiec61850.ServerAssociation - sub BDA is:IEDBiogasCHP/DGEN1.GnBlk.sboClass: 0
calling GetDataValues(IEDBiogasCHP/DGEN1.GnBlk.pulseConfig)
14:23:46.905 [openiec61850-osi-server-7-thread-1] DEBUG com.beanit.openiec61850.ServerAssociation - Got a GetDataValues request for node: IEDBiogasCHP/DGEN1.GnBlk.pulseConfig [CF]
IEDBiogasCHP/DGEN1.GnBlk.pulseConfig.cmdQual: 0
IEDBiogasCHP/DGEN1.GnBlk.pulseConfig.onDur: 0
IEDBiogasCHP/DGEN1.GnBlk.pulseConfig.offDur: 0
IEDBiogasCHP/DGEN1.GnBlk.pulseConfig.numPls: 0
14:23:46.905 [openiec61850-osi-server-7-thread-1] DEBUG com.beanit.openiec61850.ServerAssociation - sub BDA is:IEDBiogasCHP/DGEN1.GnBlk.pulseConfig.cmdQual: 0
14:23:46.905 [openiec61850-osi-server-7-thread-1] DEBUG com.beanit.openiec61850.ServerAssociation - sub BDA is:IEDBiogasCHP/DGEN1.GnBlk.pulseConfig.onDur: 0
14:23:46.905 [openiec61850-osi-server-7-thread-1] DEBUG com.beanit.openiec61850.ServerAssociation - sub BDA is:IEDBiogasCHP/DGEN1.GnBlk.pulseConfig.offDur: 0
14:23:46.905 [openiec61850-osi-server-7-thread-1] DEBUG com.beanit.openiec61850.ServerAssociation - sub BDA is:IEDBiogasCHP/DGEN1.GnBlk.pulseConfig.numPls: 0
calling GetDataValues(IEDBiogasCHP/DGEN1.GnBlk.pulseConfig.cmdQual)
14:23:46.905 [openiec61850-osi-server-7-thread-1] DEBUG com.beanit.openiec61850.ServerAssociation - Got a GetDataValues request for node: IEDBiogasCHP/DGEN1.GnBlk.pulseConfig.cmdQual: 0
calling GetDataValues(IEDBiogasCHP/DGEN1.GnBlk.pulseConfig.onDur)
14:23:46.905 [openiec61850-osi-server-7-thread-1] DEBUG com.beanit.openiec61850.ServerAssociation - Got a GetDataValues request for node: IEDBiogasCHP/DGEN1.GnBlk.pulseConfig.onDur: 0
calling GetDataValues(IEDBiogasCHP/DGEN1.GnBlk.pulseConfig.offDur)
14:23:46.905 [openiec61850-osi-server-7-thread-1] DEBUG com.beanit.openiec61850.ServerAssociation - Got a GetDataValues request for node: IEDBiogasCHP/DGEN1.GnBlk.pulseConfig.offDur: 0
calling GetDataValues(IEDBiogasCHP/DGEN1.GnBlk.pulseConfig.numPls)
14:23:46.906 [openiec61850-osi-server-7-thread-1] DEBUG com.beanit.openiec61850.ServerAssociation - Got a GetDataValues request for node: IEDBiogasCHP/DGEN1.GnBlk.pulseConfig.numPls: 0
calling GetDataValues(IEDBiogasCHP/DGEN1.GnBlk.ctlModel)
14:23:46.906 [openiec61850-osi-server-7-thread-1] DEBUG com.beanit.openiec61850.ServerAssociation - Got a GetDataValues request for node: IEDBiogasCHP/DGEN1.GnBlk.ctlModel: 0
calling GetDataValues(IEDBiogasCHP/DGEN1.GnBlk.sboTimeout)
14:23:46.906 [openiec61850-osi-server-7-thread-1] DEBUG com.beanit.openiec61850.ServerAssociation - Got a GetDataValues request for node: IEDBiogasCHP/DGEN1.GnBlk.sboTimeout: 0
calling GetDataValues(IEDBiogasCHP/DGEN1.GnBlk.sboClass)
14:23:46.906 [openiec61850-osi-server-7-thread-1] DEBUG com.beanit.openiec61850.ServerAssociation - Got a GetDataValues request for node: IEDBiogasCHP/DGEN1.GnBlk.sboClass: 0
calling GetDataValues(IEDBiogasCHP/DGEN1.GnBlk)
14:23:46.906 [openiec61850-osi-server-7-thread-1] DEBUG com.beanit.openiec61850.ServerAssociation - Got a GetDataValues request for node: IEDBiogasCHP/DGEN1.GnBlk [DC]
IEDBiogasCHP/DGEN1.GnBlk.d: ''
IEDBiogasCHP/DGEN1.GnBlk.dU: 
14:23:46.906 [openiec61850-osi-server-7-thread-1] DEBUG com.beanit.openiec61850.ServerAssociation - sub BDA is:IEDBiogasCHP/DGEN1.GnBlk.d: ''
14:23:46.906 [openiec61850-osi-server-7-thread-1] DEBUG com.beanit.openiec61850.ServerAssociation - sub BDA is:IEDBiogasCHP/DGEN1.GnBlk.dU: 
calling GetDataValues(IEDBiogasCHP/DGEN1.GnBlk.d)
14:23:46.906 [openiec61850-osi-server-7-thread-1] DEBUG com.beanit.openiec61850.ServerAssociation - Got a GetDataValues request for node: IEDBiogasCHP/DGEN1.GnBlk.d: ''
calling GetDataValues(IEDBiogasCHP/DGEN1.GnBlk.dU)
14:23:46.906 [openiec61850-osi-server-7-thread-1] DEBUG com.beanit.openiec61850.ServerAssociation - Got a GetDataValues request for node: IEDBiogasCHP/DGEN1.GnBlk.dU: 
calling GetDataValues(IEDBiogasCHP/DGEN1.GnBlk)
14:23:46.907 [openiec61850-osi-server-7-thread-1] DEBUG com.beanit.openiec61850.ServerAssociation - Got a GetDataValues request for node: IEDBiogasCHP/DGEN1.GnBlk [EX]
IEDBiogasCHP/DGEN1.GnBlk.cdcNs: ''
IEDBiogasCHP/DGEN1.GnBlk.cdcName: ''
IEDBiogasCHP/DGEN1.GnBlk.dataNs: ''
14:23:46.907 [openiec61850-osi-server-7-thread-1] DEBUG com.beanit.openiec61850.ServerAssociation - sub BDA is:IEDBiogasCHP/DGEN1.GnBlk.cdcNs: ''
14:23:46.907 [openiec61850-osi-server-7-thread-1] DEBUG com.beanit.openiec61850.ServerAssociation - sub BDA is:IEDBiogasCHP/DGEN1.GnBlk.cdcName: ''
14:23:46.907 [openiec61850-osi-server-7-thread-1] DEBUG com.beanit.openiec61850.ServerAssociation - sub BDA is:IEDBiogasCHP/DGEN1.GnBlk.dataNs: ''
calling GetDataValues(IEDBiogasCHP/DGEN1.GnBlk.cdcNs)
14:23:46.907 [openiec61850-osi-server-7-thread-1] DEBUG com.beanit.openiec61850.ServerAssociation - Got a GetDataValues request for node: IEDBiogasCHP/DGEN1.GnBlk.cdcNs: ''
calling GetDataValues(IEDBiogasCHP/DGEN1.GnBlk.cdcName)
14:23:46.907 [openiec61850-osi-server-7-thread-1] DEBUG com.beanit.openiec61850.ServerAssociation - Got a GetDataValues request for node: IEDBiogasCHP/DGEN1.GnBlk.cdcName: ''
calling GetDataValues(IEDBiogasCHP/DGEN1.GnBlk.dataNs)
14:23:46.907 [openiec61850-osi-server-7-thread-1] DEBUG com.beanit.openiec61850.ServerAssociation - Got a GetDataValues request for node: IEDBiogasCHP/DGEN1.GnBlk.dataNs: ''
calling GetDataValues(IEDBiogasCHP/DGEN1.ucrb)
14:23:46.907 [openiec61850-osi-server-7-thread-1] DEBUG com.beanit.openiec61850.ServerAssociation - Got a GetDataValues request for node: IEDBiogasCHP/DGEN1.ucrb [RP]
IEDBiogasCHP/DGEN1.ucrb.RptID: IEDBiogasCHP/DGEN1$ucrb
IEDBiogasCHP/DGEN1.ucrb.RptEna: false
IEDBiogasCHP/DGEN1.ucrb.Resv: false
IEDBiogasCHP/DGEN1.ucrb.DatSet: IEDBiogasCHP/DGEN1$DS_DGEN
IEDBiogasCHP/DGEN1.ucrb.ConfRev: 1
IEDBiogasCHP/DGEN1.ucrb.OptFlds: 0x78 0x00
IEDBiogasCHP/DGEN1.ucrb.BufTm: 1000
IEDBiogasCHP/DGEN1.ucrb.SqNum: 0
IEDBiogasCHP/DGEN1.ucrb.TrgOps: 0x74, data change: true, data update: true, quality change:true, integrity period: false, GI: true
IEDBiogasCHP/DGEN1.ucrb.IntgPd: 5000
IEDBiogasCHP/DGEN1.ucrb.GI: false
IEDBiogasCHP/DGEN1.ucrb.Owner: []
14:23:46.907 [openiec61850-osi-server-7-thread-1] DEBUG com.beanit.openiec61850.ServerAssociation - sub BDA is:IEDBiogasCHP/DGEN1.ucrb.RptID: IEDBiogasCHP/DGEN1$ucrb
14:23:46.907 [openiec61850-osi-server-7-thread-1] DEBUG com.beanit.openiec61850.ServerAssociation - sub BDA is:IEDBiogasCHP/DGEN1.ucrb.RptEna: false
14:23:46.907 [openiec61850-osi-server-7-thread-1] DEBUG com.beanit.openiec61850.ServerAssociation - sub BDA is:IEDBiogasCHP/DGEN1.ucrb.Resv: false
14:23:46.907 [openiec61850-osi-server-7-thread-1] DEBUG com.beanit.openiec61850.ServerAssociation - sub BDA is:IEDBiogasCHP/DGEN1.ucrb.DatSet: IEDBiogasCHP/DGEN1$DS_DGEN
14:23:46.907 [openiec61850-osi-server-7-thread-1] DEBUG com.beanit.openiec61850.ServerAssociation - sub BDA is:IEDBiogasCHP/DGEN1.ucrb.ConfRev: 1
14:23:46.907 [openiec61850-osi-server-7-thread-1] DEBUG com.beanit.openiec61850.ServerAssociation - sub BDA is:IEDBiogasCHP/DGEN1.ucrb.OptFlds: 0x78 0x00
14:23:46.907 [openiec61850-osi-server-7-thread-1] DEBUG com.beanit.openiec61850.ServerAssociation - sub BDA is:IEDBiogasCHP/DGEN1.ucrb.BufTm: 1000
14:23:46.907 [openiec61850-osi-server-7-thread-1] DEBUG com.beanit.openiec61850.ServerAssociation - sub BDA is:IEDBiogasCHP/DGEN1.ucrb.SqNum: 0
14:23:46.907 [openiec61850-osi-server-7-thread-1] DEBUG com.beanit.openiec61850.ServerAssociation - sub BDA is:IEDBiogasCHP/DGEN1.ucrb.TrgOps: 0x74, data change: true, data update: true, quality change:true, integrity period: false, GI: true
14:23:46.907 [openiec61850-osi-server-7-thread-1] DEBUG com.beanit.openiec61850.ServerAssociation - sub BDA is:IEDBiogasCHP/DGEN1.ucrb.IntgPd: 5000
14:23:46.907 [openiec61850-osi-server-7-thread-1] DEBUG com.beanit.openiec61850.ServerAssociation - sub BDA is:IEDBiogasCHP/DGEN1.ucrb.GI: false
14:23:46.907 [openiec61850-osi-server-7-thread-1] DEBUG com.beanit.openiec61850.ServerAssociation - sub BDA is:IEDBiogasCHP/DGEN1.ucrb.Owner: []
calling GetDataValues(IEDBiogasCHP/DGEN1.ucrb.RptID)
14:23:46.907 [openiec61850-osi-server-7-thread-1] DEBUG com.beanit.openiec61850.ServerAssociation - Got a GetDataValues request for node: IEDBiogasCHP/DGEN1.ucrb.RptID: IEDBiogasCHP/DGEN1$ucrb
calling GetDataValues(IEDBiogasCHP/DGEN1.ucrb.RptEna)
14:23:46.908 [openiec61850-osi-server-7-thread-1] DEBUG com.beanit.openiec61850.ServerAssociation - Got a GetDataValues request for node: IEDBiogasCHP/DGEN1.ucrb.RptEna: false
calling GetDataValues(IEDBiogasCHP/DGEN1.ucrb.Resv)
14:23:46.908 [openiec61850-osi-server-7-thread-1] DEBUG com.beanit.openiec61850.ServerAssociation - Got a GetDataValues request for node: IEDBiogasCHP/DGEN1.ucrb.Resv: false
calling GetDataValues(IEDBiogasCHP/DGEN1.ucrb.DatSet)
14:23:46.908 [openiec61850-osi-server-7-thread-1] DEBUG com.beanit.openiec61850.ServerAssociation - Got a GetDataValues request for node: IEDBiogasCHP/DGEN1.ucrb.DatSet: IEDBiogasCHP/DGEN1$DS_DGEN
calling GetDataValues(IEDBiogasCHP/DGEN1.ucrb.ConfRev)
14:23:46.908 [openiec61850-osi-server-7-thread-1] DEBUG com.beanit.openiec61850.ServerAssociation - Got a GetDataValues request for node: IEDBiogasCHP/DGEN1.ucrb.ConfRev: 1
calling GetDataValues(IEDBiogasCHP/DGEN1.ucrb.OptFlds)
14:23:46.908 [openiec61850-osi-server-7-thread-1] DEBUG com.beanit.openiec61850.ServerAssociation - Got a GetDataValues request for node: IEDBiogasCHP/DGEN1.ucrb.OptFlds: 0x78 0x00
calling GetDataValues(IEDBiogasCHP/DGEN1.ucrb.BufTm)
14:23:46.908 [openiec61850-osi-server-7-thread-1] DEBUG com.beanit.openiec61850.ServerAssociation - Got a GetDataValues request for node: IEDBiogasCHP/DGEN1.ucrb.BufTm: 1000
calling GetDataValues(IEDBiogasCHP/DGEN1.ucrb.SqNum)
14:23:46.908 [openiec61850-osi-server-7-thread-1] DEBUG com.beanit.openiec61850.ServerAssociation - Got a GetDataValues request for node: IEDBiogasCHP/DGEN1.ucrb.SqNum: 0
calling GetDataValues(IEDBiogasCHP/DGEN1.ucrb.TrgOps)
14:23:46.909 [openiec61850-osi-server-7-thread-1] DEBUG com.beanit.openiec61850.ServerAssociation - Got a GetDataValues request for node: IEDBiogasCHP/DGEN1.ucrb.TrgOps: 0x74, data change: true, data update: true, quality change:true, integrity period: false, GI: true
calling GetDataValues(IEDBiogasCHP/DGEN1.ucrb.IntgPd)
14:23:46.909 [openiec61850-osi-server-7-thread-1] DEBUG com.beanit.openiec61850.ServerAssociation - Got a GetDataValues request for node: IEDBiogasCHP/DGEN1.ucrb.IntgPd: 5000
calling GetDataValues(IEDBiogasCHP/DGEN1.ucrb.GI)
14:23:46.909 [openiec61850-osi-server-7-thread-1] DEBUG com.beanit.openiec61850.ServerAssociation - Got a GetDataValues request for node: IEDBiogasCHP/DGEN1.ucrb.GI: false
calling GetDataValues(IEDBiogasCHP/DGEN1.ucrb.Owner)
14:23:46.909 [openiec61850-osi-server-7-thread-1] DEBUG com.beanit.openiec61850.ServerAssociation - Got a GetDataValues request for node: IEDBiogasCHP/DGEN1.ucrb.Owner: []
calling GetDataValues(IEDBiogasCHP/DSCH1.Mod)
14:23:46.909 [openiec61850-osi-server-7-thread-1] DEBUG com.beanit.openiec61850.ServerAssociation - Got a GetDataValues request for node: IEDBiogasCHP/DSCH1.Mod [ST]
IEDBiogasCHP/DSCH1.Mod.origin [ST]
IEDBiogasCHP/DSCH1.Mod.origin.orCat: 0
IEDBiogasCHP/DSCH1.Mod.origin.orIdent: []
IEDBiogasCHP/DSCH1.Mod.ctlNum: 0
IEDBiogasCHP/DSCH1.Mod.stVal: 0
IEDBiogasCHP/DSCH1.Mod.q: 0x00 0x00
IEDBiogasCHP/DSCH1.Mod.t: Thu Jan 01 01:00:00 CET 1970
IEDBiogasCHP/DSCH1.Mod.stSeld: false
14:23:46.909 [openiec61850-osi-server-7-thread-1] DEBUG com.beanit.openiec61850.ServerAssociation - sub BDA is:IEDBiogasCHP/DSCH1.Mod.origin.orCat: 0
14:23:46.909 [openiec61850-osi-server-7-thread-1] DEBUG com.beanit.openiec61850.ServerAssociation - sub BDA is:IEDBiogasCHP/DSCH1.Mod.origin.orIdent: []
14:23:46.909 [openiec61850-osi-server-7-thread-1] DEBUG com.beanit.openiec61850.ServerAssociation - sub BDA is:IEDBiogasCHP/DSCH1.Mod.ctlNum: 0
14:23:46.909 [openiec61850-osi-server-7-thread-1] DEBUG com.beanit.openiec61850.ServerAssociation - sub BDA is:IEDBiogasCHP/DSCH1.Mod.stVal: 0
14:23:46.909 [openiec61850-osi-server-7-thread-1] DEBUG com.beanit.openiec61850.ServerAssociation - sub BDA is:IEDBiogasCHP/DSCH1.Mod.q: 0x00 0x00
14:23:46.909 [openiec61850-osi-server-7-thread-1] DEBUG com.beanit.openiec61850.ServerAssociation - sub BDA is:IEDBiogasCHP/DSCH1.Mod.t: Thu Jan 01 01:00:00 CET 1970
14:23:46.909 [openiec61850-osi-server-7-thread-1] DEBUG com.beanit.openiec61850.ServerAssociation - sub BDA is:IEDBiogasCHP/DSCH1.Mod.stSeld: false
calling GetDataValues(IEDBiogasCHP/DSCH1.Mod.origin)
14:23:46.910 [openiec61850-osi-server-7-thread-1] DEBUG com.beanit.openiec61850.ServerAssociation - Got a GetDataValues request for node: IEDBiogasCHP/DSCH1.Mod.origin [ST]
IEDBiogasCHP/DSCH1.Mod.origin.orCat: 0
IEDBiogasCHP/DSCH1.Mod.origin.orIdent: []
14:23:46.910 [openiec61850-osi-server-7-thread-1] DEBUG com.beanit.openiec61850.ServerAssociation - sub BDA is:IEDBiogasCHP/DSCH1.Mod.origin.orCat: 0
14:23:46.910 [openiec61850-osi-server-7-thread-1] DEBUG com.beanit.openiec61850.ServerAssociation - sub BDA is:IEDBiogasCHP/DSCH1.Mod.origin.orIdent: []
calling GetDataValues(IEDBiogasCHP/DSCH1.Mod.origin.orCat)
14:23:46.910 [openiec61850-osi-server-7-thread-1] DEBUG com.beanit.openiec61850.ServerAssociation - Got a GetDataValues request for node: IEDBiogasCHP/DSCH1.Mod.origin.orCat: 0
calling GetDataValues(IEDBiogasCHP/DSCH1.Mod.origin.orIdent)
14:23:46.910 [openiec61850-osi-server-7-thread-1] DEBUG com.beanit.openiec61850.ServerAssociation - Got a GetDataValues request for node: IEDBiogasCHP/DSCH1.Mod.origin.orIdent: []
calling GetDataValues(IEDBiogasCHP/DSCH1.Mod.ctlNum)
14:23:46.910 [openiec61850-osi-server-7-thread-1] DEBUG com.beanit.openiec61850.ServerAssociation - Got a GetDataValues request for node: IEDBiogasCHP/DSCH1.Mod.ctlNum: 0
calling GetDataValues(IEDBiogasCHP/DSCH1.Mod.stVal)
14:23:46.910 [openiec61850-osi-server-7-thread-1] DEBUG com.beanit.openiec61850.ServerAssociation - Got a GetDataValues request for node: IEDBiogasCHP/DSCH1.Mod.stVal: 0
calling GetDataValues(IEDBiogasCHP/DSCH1.Mod.q)
14:23:46.910 [openiec61850-osi-server-7-thread-1] DEBUG com.beanit.openiec61850.ServerAssociation - Got a GetDataValues request for node: IEDBiogasCHP/DSCH1.Mod.q: 0x00 0x00
calling GetDataValues(IEDBiogasCHP/DSCH1.Mod.t)
14:23:46.910 [openiec61850-osi-server-7-thread-1] DEBUG com.beanit.openiec61850.ServerAssociation - Got a GetDataValues request for node: IEDBiogasCHP/DSCH1.Mod.t: Thu Jan 01 01:00:00 CET 1970
calling GetDataValues(IEDBiogasCHP/DSCH1.Mod.stSeld)
14:23:46.911 [openiec61850-osi-server-7-thread-1] DEBUG com.beanit.openiec61850.ServerAssociation - Got a GetDataValues request for node: IEDBiogasCHP/DSCH1.Mod.stSeld: false
calling GetDataValues(IEDBiogasCHP/DSCH1.Mod)
14:23:46.911 [openiec61850-osi-server-7-thread-1] DEBUG com.beanit.openiec61850.ServerAssociation - Got a GetDataValues request for node: IEDBiogasCHP/DSCH1.Mod [SV]
IEDBiogasCHP/DSCH1.Mod.subEna: false
IEDBiogasCHP/DSCH1.Mod.subVal: 0
IEDBiogasCHP/DSCH1.Mod.subQ: 0x00 0x00
IEDBiogasCHP/DSCH1.Mod.subID: ''
14:23:46.911 [openiec61850-osi-server-7-thread-1] DEBUG com.beanit.openiec61850.ServerAssociation - sub BDA is:IEDBiogasCHP/DSCH1.Mod.subEna: false
14:23:46.911 [openiec61850-osi-server-7-thread-1] DEBUG com.beanit.openiec61850.ServerAssociation - sub BDA is:IEDBiogasCHP/DSCH1.Mod.subVal: 0
14:23:46.911 [openiec61850-osi-server-7-thread-1] DEBUG com.beanit.openiec61850.ServerAssociation - sub BDA is:IEDBiogasCHP/DSCH1.Mod.subQ: 0x00 0x00
14:23:46.911 [openiec61850-osi-server-7-thread-1] DEBUG com.beanit.openiec61850.ServerAssociation - sub BDA is:IEDBiogasCHP/DSCH1.Mod.subID: ''
calling GetDataValues(IEDBiogasCHP/DSCH1.Mod.subEna)
14:23:46.911 [openiec61850-osi-server-7-thread-1] DEBUG com.beanit.openiec61850.ServerAssociation - Got a GetDataValues request for node: IEDBiogasCHP/DSCH1.Mod.subEna: false
calling GetDataValues(IEDBiogasCHP/DSCH1.Mod.subVal)
14:23:46.911 [openiec61850-osi-server-7-thread-1] DEBUG com.beanit.openiec61850.ServerAssociation - Got a GetDataValues request for node: IEDBiogasCHP/DSCH1.Mod.subVal: 0
calling GetDataValues(IEDBiogasCHP/DSCH1.Mod.subQ)
14:23:46.911 [openiec61850-osi-server-7-thread-1] DEBUG com.beanit.openiec61850.ServerAssociation - Got a GetDataValues request for node: IEDBiogasCHP/DSCH1.Mod.subQ: 0x00 0x00
calling GetDataValues(IEDBiogasCHP/DSCH1.Mod.subID)
14:23:46.911 [openiec61850-osi-server-7-thread-1] DEBUG com.beanit.openiec61850.ServerAssociation - Got a GetDataValues request for node: IEDBiogasCHP/DSCH1.Mod.subID: ''
calling GetDataValues(IEDBiogasCHP/DSCH1.Mod)
14:23:46.912 [openiec61850-osi-server-7-thread-1] DEBUG com.beanit.openiec61850.ServerAssociation - Got a GetDataValues request for node: IEDBiogasCHP/DSCH1.Mod [CF]
IEDBiogasCHP/DSCH1.Mod.ctlModel: 0
IEDBiogasCHP/DSCH1.Mod.sboTimeout: 0
IEDBiogasCHP/DSCH1.Mod.sboClass: 0
IEDBiogasCHP/DSCH1.Mod.minVal: 0
IEDBiogasCHP/DSCH1.Mod.maxVal: 0
IEDBiogasCHP/DSCH1.Mod.stepSize: 0
14:23:46.912 [openiec61850-osi-server-7-thread-1] DEBUG com.beanit.openiec61850.ServerAssociation - sub BDA is:IEDBiogasCHP/DSCH1.Mod.ctlModel: 0
14:23:46.912 [openiec61850-osi-server-7-thread-1] DEBUG com.beanit.openiec61850.ServerAssociation - sub BDA is:IEDBiogasCHP/DSCH1.Mod.sboTimeout: 0
14:23:46.912 [openiec61850-osi-server-7-thread-1] DEBUG com.beanit.openiec61850.ServerAssociation - sub BDA is:IEDBiogasCHP/DSCH1.Mod.sboClass: 0
14:23:46.912 [openiec61850-osi-server-7-thread-1] DEBUG com.beanit.openiec61850.ServerAssociation - sub BDA is:IEDBiogasCHP/DSCH1.Mod.minVal: 0
14:23:46.912 [openiec61850-osi-server-7-thread-1] DEBUG com.beanit.openiec61850.ServerAssociation - sub BDA is:IEDBiogasCHP/DSCH1.Mod.maxVal: 0
14:23:46.912 [openiec61850-osi-server-7-thread-1] DEBUG com.beanit.openiec61850.ServerAssociation - sub BDA is:IEDBiogasCHP/DSCH1.Mod.stepSize: 0
calling GetDataValues(IEDBiogasCHP/DSCH1.Mod.ctlModel)
14:23:46.912 [openiec61850-osi-server-7-thread-1] DEBUG com.beanit.openiec61850.ServerAssociation - Got a GetDataValues request for node: IEDBiogasCHP/DSCH1.Mod.ctlModel: 0
calling GetDataValues(IEDBiogasCHP/DSCH1.Mod.sboTimeout)
14:23:46.912 [openiec61850-osi-server-7-thread-1] DEBUG com.beanit.openiec61850.ServerAssociation - Got a GetDataValues request for node: IEDBiogasCHP/DSCH1.Mod.sboTimeout: 0
calling GetDataValues(IEDBiogasCHP/DSCH1.Mod.sboClass)
14:23:46.912 [openiec61850-osi-server-7-thread-1] DEBUG com.beanit.openiec61850.ServerAssociation - Got a GetDataValues request for node: IEDBiogasCHP/DSCH1.Mod.sboClass: 0
calling GetDataValues(IEDBiogasCHP/DSCH1.Mod.minVal)
14:23:46.912 [openiec61850-osi-server-7-thread-1] DEBUG com.beanit.openiec61850.ServerAssociation - Got a GetDataValues request for node: IEDBiogasCHP/DSCH1.Mod.minVal: 0
calling GetDataValues(IEDBiogasCHP/DSCH1.Mod.maxVal)
14:23:46.912 [openiec61850-osi-server-7-thread-1] DEBUG com.beanit.openiec61850.ServerAssociation - Got a GetDataValues request for node: IEDBiogasCHP/DSCH1.Mod.maxVal: 0
calling GetDataValues(IEDBiogasCHP/DSCH1.Mod.stepSize)
14:23:46.912 [openiec61850-osi-server-7-thread-1] DEBUG com.beanit.openiec61850.ServerAssociation - Got a GetDataValues request for node: IEDBiogasCHP/DSCH1.Mod.stepSize: 0
calling GetDataValues(IEDBiogasCHP/DSCH1.Mod)
14:23:46.912 [openiec61850-osi-server-7-thread-1] DEBUG com.beanit.openiec61850.ServerAssociation - Got a GetDataValues request for node: IEDBiogasCHP/DSCH1.Mod [DC]
IEDBiogasCHP/DSCH1.Mod.d: ''
IEDBiogasCHP/DSCH1.Mod.dU: 
14:23:46.913 [openiec61850-osi-server-7-thread-1] DEBUG com.beanit.openiec61850.ServerAssociation - sub BDA is:IEDBiogasCHP/DSCH1.Mod.d: ''
14:23:46.913 [openiec61850-osi-server-7-thread-1] DEBUG com.beanit.openiec61850.ServerAssociation - sub BDA is:IEDBiogasCHP/DSCH1.Mod.dU: 
calling GetDataValues(IEDBiogasCHP/DSCH1.Mod.d)
14:23:46.913 [openiec61850-osi-server-7-thread-1] DEBUG com.beanit.openiec61850.ServerAssociation - Got a GetDataValues request for node: IEDBiogasCHP/DSCH1.Mod.d: ''
calling GetDataValues(IEDBiogasCHP/DSCH1.Mod.dU)
14:23:46.913 [openiec61850-osi-server-7-thread-1] DEBUG com.beanit.openiec61850.ServerAssociation - Got a GetDataValues request for node: IEDBiogasCHP/DSCH1.Mod.dU: 
calling GetDataValues(IEDBiogasCHP/DSCH1.Mod)
14:23:46.913 [openiec61850-osi-server-7-thread-1] DEBUG com.beanit.openiec61850.ServerAssociation - Got a GetDataValues request for node: IEDBiogasCHP/DSCH1.Mod [EX]
IEDBiogasCHP/DSCH1.Mod.cdcNs: ''
IEDBiogasCHP/DSCH1.Mod.cdcName: ''
IEDBiogasCHP/DSCH1.Mod.dataNs: ''
14:23:46.913 [openiec61850-osi-server-7-thread-1] DEBUG com.beanit.openiec61850.ServerAssociation - sub BDA is:IEDBiogasCHP/DSCH1.Mod.cdcNs: ''
14:23:46.913 [openiec61850-osi-server-7-thread-1] DEBUG com.beanit.openiec61850.ServerAssociation - sub BDA is:IEDBiogasCHP/DSCH1.Mod.cdcName: ''
14:23:46.913 [openiec61850-osi-server-7-thread-1] DEBUG com.beanit.openiec61850.ServerAssociation - sub BDA is:IEDBiogasCHP/DSCH1.Mod.dataNs: ''
calling GetDataValues(IEDBiogasCHP/DSCH1.Mod.cdcNs)
14:23:46.913 [openiec61850-osi-server-7-thread-1] DEBUG com.beanit.openiec61850.ServerAssociation - Got a GetDataValues request for node: IEDBiogasCHP/DSCH1.Mod.cdcNs: ''
calling GetDataValues(IEDBiogasCHP/DSCH1.Mod.cdcName)
14:23:46.913 [openiec61850-osi-server-7-thread-1] DEBUG com.beanit.openiec61850.ServerAssociation - Got a GetDataValues request for node: IEDBiogasCHP/DSCH1.Mod.cdcName: ''
calling GetDataValues(IEDBiogasCHP/DSCH1.Mod.dataNs)
14:23:46.913 [openiec61850-osi-server-7-thread-1] DEBUG com.beanit.openiec61850.ServerAssociation - Got a GetDataValues request for node: IEDBiogasCHP/DSCH1.Mod.dataNs: ''
calling GetDataValues(IEDBiogasCHP/DSCH1.Beh)
14:23:46.914 [openiec61850-osi-server-7-thread-1] DEBUG com.beanit.openiec61850.ServerAssociation - Got a GetDataValues request for node: IEDBiogasCHP/DSCH1.Beh [ST]
IEDBiogasCHP/DSCH1.Beh.stVal: 0
IEDBiogasCHP/DSCH1.Beh.q: 0x00 0x00
IEDBiogasCHP/DSCH1.Beh.t: Thu Jan 01 01:00:00 CET 1970
14:23:46.914 [openiec61850-osi-server-7-thread-1] DEBUG com.beanit.openiec61850.ServerAssociation - sub BDA is:IEDBiogasCHP/DSCH1.Beh.stVal: 0
14:23:46.914 [openiec61850-osi-server-7-thread-1] DEBUG com.beanit.openiec61850.ServerAssociation - sub BDA is:IEDBiogasCHP/DSCH1.Beh.q: 0x00 0x00
14:23:46.914 [openiec61850-osi-server-7-thread-1] DEBUG com.beanit.openiec61850.ServerAssociation - sub BDA is:IEDBiogasCHP/DSCH1.Beh.t: Thu Jan 01 01:00:00 CET 1970
calling GetDataValues(IEDBiogasCHP/DSCH1.Beh.stVal)
14:23:46.914 [openiec61850-osi-server-7-thread-1] DEBUG com.beanit.openiec61850.ServerAssociation - Got a GetDataValues request for node: IEDBiogasCHP/DSCH1.Beh.stVal: 0
calling GetDataValues(IEDBiogasCHP/DSCH1.Beh.q)
14:23:46.914 [openiec61850-osi-server-7-thread-1] DEBUG com.beanit.openiec61850.ServerAssociation - Got a GetDataValues request for node: IEDBiogasCHP/DSCH1.Beh.q: 0x00 0x00
calling GetDataValues(IEDBiogasCHP/DSCH1.Beh.t)
14:23:46.914 [openiec61850-osi-server-7-thread-1] DEBUG com.beanit.openiec61850.ServerAssociation - Got a GetDataValues request for node: IEDBiogasCHP/DSCH1.Beh.t: Thu Jan 01 01:00:00 CET 1970
calling GetDataValues(IEDBiogasCHP/DSCH1.Beh)
14:23:46.914 [openiec61850-osi-server-7-thread-1] DEBUG com.beanit.openiec61850.ServerAssociation - Got a GetDataValues request for node: IEDBiogasCHP/DSCH1.Beh [SV]
IEDBiogasCHP/DSCH1.Beh.subEna: false
IEDBiogasCHP/DSCH1.Beh.subVal: 0
IEDBiogasCHP/DSCH1.Beh.subQ: 0x00 0x00
IEDBiogasCHP/DSCH1.Beh.subID: ''
14:23:46.914 [openiec61850-osi-server-7-thread-1] DEBUG com.beanit.openiec61850.ServerAssociation - sub BDA is:IEDBiogasCHP/DSCH1.Beh.subEna: false
14:23:46.914 [openiec61850-osi-server-7-thread-1] DEBUG com.beanit.openiec61850.ServerAssociation - sub BDA is:IEDBiogasCHP/DSCH1.Beh.subVal: 0
14:23:46.914 [openiec61850-osi-server-7-thread-1] DEBUG com.beanit.openiec61850.ServerAssociation - sub BDA is:IEDBiogasCHP/DSCH1.Beh.subQ: 0x00 0x00
14:23:46.914 [openiec61850-osi-server-7-thread-1] DEBUG com.beanit.openiec61850.ServerAssociation - sub BDA is:IEDBiogasCHP/DSCH1.Beh.subID: ''
calling GetDataValues(IEDBiogasCHP/DSCH1.Beh.subEna)
14:23:46.915 [openiec61850-osi-server-7-thread-1] DEBUG com.beanit.openiec61850.ServerAssociation - Got a GetDataValues request for node: IEDBiogasCHP/DSCH1.Beh.subEna: false
calling GetDataValues(IEDBiogasCHP/DSCH1.Beh.subVal)
14:23:46.915 [openiec61850-osi-server-7-thread-1] DEBUG com.beanit.openiec61850.ServerAssociation - Got a GetDataValues request for node: IEDBiogasCHP/DSCH1.Beh.subVal: 0
calling GetDataValues(IEDBiogasCHP/DSCH1.Beh.subQ)
14:23:46.915 [openiec61850-osi-server-7-thread-1] DEBUG com.beanit.openiec61850.ServerAssociation - Got a GetDataValues request for node: IEDBiogasCHP/DSCH1.Beh.subQ: 0x00 0x00
calling GetDataValues(IEDBiogasCHP/DSCH1.Beh.subID)
14:23:46.915 [openiec61850-osi-server-7-thread-1] DEBUG com.beanit.openiec61850.ServerAssociation - Got a GetDataValues request for node: IEDBiogasCHP/DSCH1.Beh.subID: ''
calling GetDataValues(IEDBiogasCHP/DSCH1.Beh)
14:23:46.915 [openiec61850-osi-server-7-thread-1] DEBUG com.beanit.openiec61850.ServerAssociation - Got a GetDataValues request for node: IEDBiogasCHP/DSCH1.Beh [DC]
IEDBiogasCHP/DSCH1.Beh.d: ''
IEDBiogasCHP/DSCH1.Beh.dU: 
14:23:46.915 [openiec61850-osi-server-7-thread-1] DEBUG com.beanit.openiec61850.ServerAssociation - sub BDA is:IEDBiogasCHP/DSCH1.Beh.d: ''
14:23:46.915 [openiec61850-osi-server-7-thread-1] DEBUG com.beanit.openiec61850.ServerAssociation - sub BDA is:IEDBiogasCHP/DSCH1.Beh.dU: 
calling GetDataValues(IEDBiogasCHP/DSCH1.Beh.d)
14:23:46.915 [openiec61850-osi-server-7-thread-1] DEBUG com.beanit.openiec61850.ServerAssociation - Got a GetDataValues request for node: IEDBiogasCHP/DSCH1.Beh.d: ''
calling GetDataValues(IEDBiogasCHP/DSCH1.Beh.dU)
14:23:46.915 [openiec61850-osi-server-7-thread-1] DEBUG com.beanit.openiec61850.ServerAssociation - Got a GetDataValues request for node: IEDBiogasCHP/DSCH1.Beh.dU: 
calling GetDataValues(IEDBiogasCHP/DSCH1.Beh)
14:23:46.916 [openiec61850-osi-server-7-thread-1] DEBUG com.beanit.openiec61850.ServerAssociation - Got a GetDataValues request for node: IEDBiogasCHP/DSCH1.Beh [EX]
IEDBiogasCHP/DSCH1.Beh.cdcNs: ''
IEDBiogasCHP/DSCH1.Beh.cdcName: ''
IEDBiogasCHP/DSCH1.Beh.dataNs: ''
14:23:46.916 [openiec61850-osi-server-7-thread-1] DEBUG com.beanit.openiec61850.ServerAssociation - sub BDA is:IEDBiogasCHP/DSCH1.Beh.cdcNs: ''
14:23:46.916 [openiec61850-osi-server-7-thread-1] DEBUG com.beanit.openiec61850.ServerAssociation - sub BDA is:IEDBiogasCHP/DSCH1.Beh.cdcName: ''
14:23:46.916 [openiec61850-osi-server-7-thread-1] DEBUG com.beanit.openiec61850.ServerAssociation - sub BDA is:IEDBiogasCHP/DSCH1.Beh.dataNs: ''
calling GetDataValues(IEDBiogasCHP/DSCH1.Beh.cdcNs)
14:23:46.916 [openiec61850-osi-server-7-thread-1] DEBUG com.beanit.openiec61850.ServerAssociation - Got a GetDataValues request for node: IEDBiogasCHP/DSCH1.Beh.cdcNs: ''
calling GetDataValues(IEDBiogasCHP/DSCH1.Beh.cdcName)
14:23:46.916 [openiec61850-osi-server-7-thread-1] DEBUG com.beanit.openiec61850.ServerAssociation - Got a GetDataValues request for node: IEDBiogasCHP/DSCH1.Beh.cdcName: ''
calling GetDataValues(IEDBiogasCHP/DSCH1.Beh.dataNs)
14:23:46.916 [openiec61850-osi-server-7-thread-1] DEBUG com.beanit.openiec61850.ServerAssociation - Got a GetDataValues request for node: IEDBiogasCHP/DSCH1.Beh.dataNs: ''
calling GetDataValues(IEDBiogasCHP/DSCH1.Health)
14:23:46.916 [openiec61850-osi-server-7-thread-1] DEBUG com.beanit.openiec61850.ServerAssociation - Got a GetDataValues request for node: IEDBiogasCHP/DSCH1.Health [ST]
IEDBiogasCHP/DSCH1.Health.stVal: 0
IEDBiogasCHP/DSCH1.Health.q: 0x00 0x00
IEDBiogasCHP/DSCH1.Health.t: Thu Jan 01 01:00:00 CET 1970
14:23:46.916 [openiec61850-osi-server-7-thread-1] DEBUG com.beanit.openiec61850.ServerAssociation - sub BDA is:IEDBiogasCHP/DSCH1.Health.stVal: 0
14:23:46.916 [openiec61850-osi-server-7-thread-1] DEBUG com.beanit.openiec61850.ServerAssociation - sub BDA is:IEDBiogasCHP/DSCH1.Health.q: 0x00 0x00
14:23:46.916 [openiec61850-osi-server-7-thread-1] DEBUG com.beanit.openiec61850.ServerAssociation - sub BDA is:IEDBiogasCHP/DSCH1.Health.t: Thu Jan 01 01:00:00 CET 1970
calling GetDataValues(IEDBiogasCHP/DSCH1.Health.stVal)
14:23:46.916 [openiec61850-osi-server-7-thread-1] DEBUG com.beanit.openiec61850.ServerAssociation - Got a GetDataValues request for node: IEDBiogasCHP/DSCH1.Health.stVal: 0
calling GetDataValues(IEDBiogasCHP/DSCH1.Health.q)
14:23:46.917 [openiec61850-osi-server-7-thread-1] DEBUG com.beanit.openiec61850.ServerAssociation - Got a GetDataValues request for node: IEDBiogasCHP/DSCH1.Health.q: 0x00 0x00
calling GetDataValues(IEDBiogasCHP/DSCH1.Health.t)
14:23:46.917 [openiec61850-osi-server-7-thread-1] DEBUG com.beanit.openiec61850.ServerAssociation - Got a GetDataValues request for node: IEDBiogasCHP/DSCH1.Health.t: Thu Jan 01 01:00:00 CET 1970
calling GetDataValues(IEDBiogasCHP/DSCH1.Health)
14:23:46.917 [openiec61850-osi-server-7-thread-1] DEBUG com.beanit.openiec61850.ServerAssociation - Got a GetDataValues request for node: IEDBiogasCHP/DSCH1.Health [SV]
IEDBiogasCHP/DSCH1.Health.subEna: false
IEDBiogasCHP/DSCH1.Health.subVal: 0
IEDBiogasCHP/DSCH1.Health.subQ: 0x00 0x00
IEDBiogasCHP/DSCH1.Health.subID: ''
14:23:46.917 [openiec61850-osi-server-7-thread-1] DEBUG com.beanit.openiec61850.ServerAssociation - sub BDA is:IEDBiogasCHP/DSCH1.Health.subEna: false
14:23:46.917 [openiec61850-osi-server-7-thread-1] DEBUG com.beanit.openiec61850.ServerAssociation - sub BDA is:IEDBiogasCHP/DSCH1.Health.subVal: 0
14:23:46.917 [openiec61850-osi-server-7-thread-1] DEBUG com.beanit.openiec61850.ServerAssociation - sub BDA is:IEDBiogasCHP/DSCH1.Health.subQ: 0x00 0x00
14:23:46.917 [openiec61850-osi-server-7-thread-1] DEBUG com.beanit.openiec61850.ServerAssociation - sub BDA is:IEDBiogasCHP/DSCH1.Health.subID: ''
calling GetDataValues(IEDBiogasCHP/DSCH1.Health.subEna)
14:23:46.917 [openiec61850-osi-server-7-thread-1] DEBUG com.beanit.openiec61850.ServerAssociation - Got a GetDataValues request for node: IEDBiogasCHP/DSCH1.Health.subEna: false
calling GetDataValues(IEDBiogasCHP/DSCH1.Health.subVal)
14:23:46.917 [openiec61850-osi-server-7-thread-1] DEBUG com.beanit.openiec61850.ServerAssociation - Got a GetDataValues request for node: IEDBiogasCHP/DSCH1.Health.subVal: 0
calling GetDataValues(IEDBiogasCHP/DSCH1.Health.subQ)
14:23:46.918 [openiec61850-osi-server-7-thread-1] DEBUG com.beanit.openiec61850.ServerAssociation - Got a GetDataValues request for node: IEDBiogasCHP/DSCH1.Health.subQ: 0x00 0x00
calling GetDataValues(IEDBiogasCHP/DSCH1.Health.subID)
14:23:46.918 [openiec61850-osi-server-7-thread-1] DEBUG com.beanit.openiec61850.ServerAssociation - Got a GetDataValues request for node: IEDBiogasCHP/DSCH1.Health.subID: ''
calling GetDataValues(IEDBiogasCHP/DSCH1.Health)
14:23:46.918 [openiec61850-osi-server-7-thread-1] DEBUG com.beanit.openiec61850.ServerAssociation - Got a GetDataValues request for node: IEDBiogasCHP/DSCH1.Health [DC]
IEDBiogasCHP/DSCH1.Health.d: ''
IEDBiogasCHP/DSCH1.Health.dU: 
14:23:46.918 [openiec61850-osi-server-7-thread-1] DEBUG com.beanit.openiec61850.ServerAssociation - sub BDA is:IEDBiogasCHP/DSCH1.Health.d: ''
14:23:46.918 [openiec61850-osi-server-7-thread-1] DEBUG com.beanit.openiec61850.ServerAssociation - sub BDA is:IEDBiogasCHP/DSCH1.Health.dU: 
calling GetDataValues(IEDBiogasCHP/DSCH1.Health.d)
14:23:46.918 [openiec61850-osi-server-7-thread-1] DEBUG com.beanit.openiec61850.ServerAssociation - Got a GetDataValues request for node: IEDBiogasCHP/DSCH1.Health.d: ''
calling GetDataValues(IEDBiogasCHP/DSCH1.Health.dU)
14:23:46.918 [openiec61850-osi-server-7-thread-1] DEBUG com.beanit.openiec61850.ServerAssociation - Got a GetDataValues request for node: IEDBiogasCHP/DSCH1.Health.dU: 
calling GetDataValues(IEDBiogasCHP/DSCH1.Health)
14:23:46.919 [openiec61850-osi-server-7-thread-1] DEBUG com.beanit.openiec61850.ServerAssociation - Got a GetDataValues request for node: IEDBiogasCHP/DSCH1.Health [EX]
IEDBiogasCHP/DSCH1.Health.cdcNs: ''
IEDBiogasCHP/DSCH1.Health.cdcName: ''
IEDBiogasCHP/DSCH1.Health.dataNs: ''
14:23:46.919 [openiec61850-osi-server-7-thread-1] DEBUG com.beanit.openiec61850.ServerAssociation - sub BDA is:IEDBiogasCHP/DSCH1.Health.cdcNs: ''
14:23:46.919 [openiec61850-osi-server-7-thread-1] DEBUG com.beanit.openiec61850.ServerAssociation - sub BDA is:IEDBiogasCHP/DSCH1.Health.cdcName: ''
14:23:46.919 [openiec61850-osi-server-7-thread-1] DEBUG com.beanit.openiec61850.ServerAssociation - sub BDA is:IEDBiogasCHP/DSCH1.Health.dataNs: ''
calling GetDataValues(IEDBiogasCHP/DSCH1.Health.cdcNs)
14:23:46.919 [openiec61850-osi-server-7-thread-1] DEBUG com.beanit.openiec61850.ServerAssociation - Got a GetDataValues request for node: IEDBiogasCHP/DSCH1.Health.cdcNs: ''
calling GetDataValues(IEDBiogasCHP/DSCH1.Health.cdcName)
14:23:46.919 [openiec61850-osi-server-7-thread-1] DEBUG com.beanit.openiec61850.ServerAssociation - Got a GetDataValues request for node: IEDBiogasCHP/DSCH1.Health.cdcName: ''
calling GetDataValues(IEDBiogasCHP/DSCH1.Health.dataNs)
14:23:46.919 [openiec61850-osi-server-7-thread-1] DEBUG com.beanit.openiec61850.ServerAssociation - Got a GetDataValues request for node: IEDBiogasCHP/DSCH1.Health.dataNs: ''
calling GetDataValues(IEDBiogasCHP/DSCH1.NamPlt)
14:23:46.919 [openiec61850-osi-server-7-thread-1] DEBUG com.beanit.openiec61850.ServerAssociation - Got a GetDataValues request for node: IEDBiogasCHP/DSCH1.NamPlt [DC]
IEDBiogasCHP/DSCH1.NamPlt.vendor: ''
IEDBiogasCHP/DSCH1.NamPlt.swRev: ''
IEDBiogasCHP/DSCH1.NamPlt.d: ''
IEDBiogasCHP/DSCH1.NamPlt.dU: 
IEDBiogasCHP/DSCH1.NamPlt.configRev: ''
14:23:46.919 [openiec61850-osi-server-7-thread-1] DEBUG com.beanit.openiec61850.ServerAssociation - sub BDA is:IEDBiogasCHP/DSCH1.NamPlt.vendor: ''
14:23:46.919 [openiec61850-osi-server-7-thread-1] DEBUG com.beanit.openiec61850.ServerAssociation - sub BDA is:IEDBiogasCHP/DSCH1.NamPlt.swRev: ''
14:23:46.919 [openiec61850-osi-server-7-thread-1] DEBUG com.beanit.openiec61850.ServerAssociation - sub BDA is:IEDBiogasCHP/DSCH1.NamPlt.d: ''
14:23:46.919 [openiec61850-osi-server-7-thread-1] DEBUG com.beanit.openiec61850.ServerAssociation - sub BDA is:IEDBiogasCHP/DSCH1.NamPlt.dU: 
14:23:46.919 [openiec61850-osi-server-7-thread-1] DEBUG com.beanit.openiec61850.ServerAssociation - sub BDA is:IEDBiogasCHP/DSCH1.NamPlt.configRev: ''
calling GetDataValues(IEDBiogasCHP/DSCH1.NamPlt.vendor)
14:23:46.919 [openiec61850-osi-server-7-thread-1] DEBUG com.beanit.openiec61850.ServerAssociation - Got a GetDataValues request for node: IEDBiogasCHP/DSCH1.NamPlt.vendor: ''
calling GetDataValues(IEDBiogasCHP/DSCH1.NamPlt.swRev)
14:23:46.920 [openiec61850-osi-server-7-thread-1] DEBUG com.beanit.openiec61850.ServerAssociation - Got a GetDataValues request for node: IEDBiogasCHP/DSCH1.NamPlt.swRev: ''
calling GetDataValues(IEDBiogasCHP/DSCH1.NamPlt.d)
14:23:46.920 [openiec61850-osi-server-7-thread-1] DEBUG com.beanit.openiec61850.ServerAssociation - Got a GetDataValues request for node: IEDBiogasCHP/DSCH1.NamPlt.d: ''
calling GetDataValues(IEDBiogasCHP/DSCH1.NamPlt.dU)
14:23:46.920 [openiec61850-osi-server-7-thread-1] DEBUG com.beanit.openiec61850.ServerAssociation - Got a GetDataValues request for node: IEDBiogasCHP/DSCH1.NamPlt.dU: 
calling GetDataValues(IEDBiogasCHP/DSCH1.NamPlt.configRev)
14:23:46.920 [openiec61850-osi-server-7-thread-1] DEBUG com.beanit.openiec61850.ServerAssociation - Got a GetDataValues request for node: IEDBiogasCHP/DSCH1.NamPlt.configRev: ''
calling GetDataValues(IEDBiogasCHP/DSCH1.NamPlt)
14:23:46.920 [openiec61850-osi-server-7-thread-1] DEBUG com.beanit.openiec61850.ServerAssociation - Got a GetDataValues request for node: IEDBiogasCHP/DSCH1.NamPlt [EX]
IEDBiogasCHP/DSCH1.NamPlt.ldNs: ''
IEDBiogasCHP/DSCH1.NamPlt.lnNs: ''
IEDBiogasCHP/DSCH1.NamPlt.cdcNs: ''
IEDBiogasCHP/DSCH1.NamPlt.cdcName: ''
IEDBiogasCHP/DSCH1.NamPlt.dataNs: ''
14:23:46.920 [openiec61850-osi-server-7-thread-1] DEBUG com.beanit.openiec61850.ServerAssociation - sub BDA is:IEDBiogasCHP/DSCH1.NamPlt.ldNs: ''
14:23:46.920 [openiec61850-osi-server-7-thread-1] DEBUG com.beanit.openiec61850.ServerAssociation - sub BDA is:IEDBiogasCHP/DSCH1.NamPlt.lnNs: ''
14:23:46.920 [openiec61850-osi-server-7-thread-1] DEBUG com.beanit.openiec61850.ServerAssociation - sub BDA is:IEDBiogasCHP/DSCH1.NamPlt.cdcNs: ''
14:23:46.920 [openiec61850-osi-server-7-thread-1] DEBUG com.beanit.openiec61850.ServerAssociation - sub BDA is:IEDBiogasCHP/DSCH1.NamPlt.cdcName: ''
14:23:46.920 [openiec61850-osi-server-7-thread-1] DEBUG com.beanit.openiec61850.ServerAssociation - sub BDA is:IEDBiogasCHP/DSCH1.NamPlt.dataNs: ''
calling GetDataValues(IEDBiogasCHP/DSCH1.NamPlt.ldNs)
14:23:46.920 [openiec61850-osi-server-7-thread-1] DEBUG com.beanit.openiec61850.ServerAssociation - Got a GetDataValues request for node: IEDBiogasCHP/DSCH1.NamPlt.ldNs: ''
calling GetDataValues(IEDBiogasCHP/DSCH1.NamPlt.lnNs)
14:23:46.920 [openiec61850-osi-server-7-thread-1] DEBUG com.beanit.openiec61850.ServerAssociation - Got a GetDataValues request for node: IEDBiogasCHP/DSCH1.NamPlt.lnNs: ''
calling GetDataValues(IEDBiogasCHP/DSCH1.NamPlt.cdcNs)
14:23:46.921 [openiec61850-osi-server-7-thread-1] DEBUG com.beanit.openiec61850.ServerAssociation - Got a GetDataValues request for node: IEDBiogasCHP/DSCH1.NamPlt.cdcNs: ''
calling GetDataValues(IEDBiogasCHP/DSCH1.NamPlt.cdcName)
14:23:46.921 [openiec61850-osi-server-7-thread-1] DEBUG com.beanit.openiec61850.ServerAssociation - Got a GetDataValues request for node: IEDBiogasCHP/DSCH1.NamPlt.cdcName: ''
calling GetDataValues(IEDBiogasCHP/DSCH1.NamPlt.dataNs)
14:23:46.921 [openiec61850-osi-server-7-thread-1] DEBUG com.beanit.openiec61850.ServerAssociation - Got a GetDataValues request for node: IEDBiogasCHP/DSCH1.NamPlt.dataNs: ''
calling GetDataValues(IEDBiogasCHP/DSCH1.SchdSt)
14:23:46.921 [openiec61850-osi-server-7-thread-1] DEBUG com.beanit.openiec61850.ServerAssociation - Got a GetDataValues request for node: IEDBiogasCHP/DSCH1.SchdSt [ST]
IEDBiogasCHP/DSCH1.SchdSt.stVal: 0
IEDBiogasCHP/DSCH1.SchdSt.q: 0x00 0x00
IEDBiogasCHP/DSCH1.SchdSt.t: Thu Jan 01 01:00:00 CET 1970
14:23:46.921 [openiec61850-osi-server-7-thread-1] DEBUG com.beanit.openiec61850.ServerAssociation - sub BDA is:IEDBiogasCHP/DSCH1.SchdSt.stVal: 0
14:23:46.921 [openiec61850-osi-server-7-thread-1] DEBUG com.beanit.openiec61850.ServerAssociation - sub BDA is:IEDBiogasCHP/DSCH1.SchdSt.q: 0x00 0x00
14:23:46.921 [openiec61850-osi-server-7-thread-1] DEBUG com.beanit.openiec61850.ServerAssociation - sub BDA is:IEDBiogasCHP/DSCH1.SchdSt.t: Thu Jan 01 01:00:00 CET 1970
calling GetDataValues(IEDBiogasCHP/DSCH1.SchdSt.stVal)
14:23:46.921 [openiec61850-osi-server-7-thread-1] DEBUG com.beanit.openiec61850.ServerAssociation - Got a GetDataValues request for node: IEDBiogasCHP/DSCH1.SchdSt.stVal: 0
calling GetDataValues(IEDBiogasCHP/DSCH1.SchdSt.q)
14:23:46.921 [openiec61850-osi-server-7-thread-1] DEBUG com.beanit.openiec61850.ServerAssociation - Got a GetDataValues request for node: IEDBiogasCHP/DSCH1.SchdSt.q: 0x00 0x00
calling GetDataValues(IEDBiogasCHP/DSCH1.SchdSt.t)
14:23:46.922 [openiec61850-osi-server-7-thread-1] DEBUG com.beanit.openiec61850.ServerAssociation - Got a GetDataValues request for node: IEDBiogasCHP/DSCH1.SchdSt.t: Thu Jan 01 01:00:00 CET 1970
calling GetDataValues(IEDBiogasCHP/DSCH1.SchdSt)
14:23:46.922 [openiec61850-osi-server-7-thread-1] DEBUG com.beanit.openiec61850.ServerAssociation - Got a GetDataValues request for node: IEDBiogasCHP/DSCH1.SchdSt [SV]
IEDBiogasCHP/DSCH1.SchdSt.subEna: false
IEDBiogasCHP/DSCH1.SchdSt.subVal: 0
IEDBiogasCHP/DSCH1.SchdSt.subQ: 0x00 0x00
IEDBiogasCHP/DSCH1.SchdSt.subID: ''
14:23:46.922 [openiec61850-osi-server-7-thread-1] DEBUG com.beanit.openiec61850.ServerAssociation - sub BDA is:IEDBiogasCHP/DSCH1.SchdSt.subEna: false
14:23:46.922 [openiec61850-osi-server-7-thread-1] DEBUG com.beanit.openiec61850.ServerAssociation - sub BDA is:IEDBiogasCHP/DSCH1.SchdSt.subVal: 0
14:23:46.922 [openiec61850-osi-server-7-thread-1] DEBUG com.beanit.openiec61850.ServerAssociation - sub BDA is:IEDBiogasCHP/DSCH1.SchdSt.subQ: 0x00 0x00
14:23:46.922 [openiec61850-osi-server-7-thread-1] DEBUG com.beanit.openiec61850.ServerAssociation - sub BDA is:IEDBiogasCHP/DSCH1.SchdSt.subID: ''
calling GetDataValues(IEDBiogasCHP/DSCH1.SchdSt.subEna)
14:23:46.922 [openiec61850-osi-server-7-thread-1] DEBUG com.beanit.openiec61850.ServerAssociation - Got a GetDataValues request for node: IEDBiogasCHP/DSCH1.SchdSt.subEna: false
calling GetDataValues(IEDBiogasCHP/DSCH1.SchdSt.subVal)
14:23:46.922 [openiec61850-osi-server-7-thread-1] DEBUG com.beanit.openiec61850.ServerAssociation - Got a GetDataValues request for node: IEDBiogasCHP/DSCH1.SchdSt.subVal: 0
calling GetDataValues(IEDBiogasCHP/DSCH1.SchdSt.subQ)
14:23:46.922 [openiec61850-osi-server-7-thread-1] DEBUG com.beanit.openiec61850.ServerAssociation - Got a GetDataValues request for node: IEDBiogasCHP/DSCH1.SchdSt.subQ: 0x00 0x00
calling GetDataValues(IEDBiogasCHP/DSCH1.SchdSt.subID)
14:23:46.922 [openiec61850-osi-server-7-thread-1] DEBUG com.beanit.openiec61850.ServerAssociation - Got a GetDataValues request for node: IEDBiogasCHP/DSCH1.SchdSt.subID: ''
calling GetDataValues(IEDBiogasCHP/DSCH1.SchdSt)
14:23:46.923 [openiec61850-osi-server-7-thread-1] DEBUG com.beanit.openiec61850.ServerAssociation - Got a GetDataValues request for node: IEDBiogasCHP/DSCH1.SchdSt [DC]
IEDBiogasCHP/DSCH1.SchdSt.d: ''
IEDBiogasCHP/DSCH1.SchdSt.dU: 
14:23:46.923 [openiec61850-osi-server-7-thread-1] DEBUG com.beanit.openiec61850.ServerAssociation - sub BDA is:IEDBiogasCHP/DSCH1.SchdSt.d: ''
14:23:46.923 [openiec61850-osi-server-7-thread-1] DEBUG com.beanit.openiec61850.ServerAssociation - sub BDA is:IEDBiogasCHP/DSCH1.SchdSt.dU: 
calling GetDataValues(IEDBiogasCHP/DSCH1.SchdSt.d)
14:23:46.923 [openiec61850-osi-server-7-thread-1] DEBUG com.beanit.openiec61850.ServerAssociation - Got a GetDataValues request for node: IEDBiogasCHP/DSCH1.SchdSt.d: ''
calling GetDataValues(IEDBiogasCHP/DSCH1.SchdSt.dU)
14:23:46.923 [openiec61850-osi-server-7-thread-1] DEBUG com.beanit.openiec61850.ServerAssociation - Got a GetDataValues request for node: IEDBiogasCHP/DSCH1.SchdSt.dU: 
calling GetDataValues(IEDBiogasCHP/DSCH1.SchdSt)
14:23:46.923 [openiec61850-osi-server-7-thread-1] DEBUG com.beanit.openiec61850.ServerAssociation - Got a GetDataValues request for node: IEDBiogasCHP/DSCH1.SchdSt [EX]
IEDBiogasCHP/DSCH1.SchdSt.cdcNs: ''
IEDBiogasCHP/DSCH1.SchdSt.cdcName: ''
IEDBiogasCHP/DSCH1.SchdSt.dataNs: ''
14:23:46.923 [openiec61850-osi-server-7-thread-1] DEBUG com.beanit.openiec61850.ServerAssociation - sub BDA is:IEDBiogasCHP/DSCH1.SchdSt.cdcNs: ''
14:23:46.923 [openiec61850-osi-server-7-thread-1] DEBUG com.beanit.openiec61850.ServerAssociation - sub BDA is:IEDBiogasCHP/DSCH1.SchdSt.cdcName: ''
14:23:46.923 [openiec61850-osi-server-7-thread-1] DEBUG com.beanit.openiec61850.ServerAssociation - sub BDA is:IEDBiogasCHP/DSCH1.SchdSt.dataNs: ''
calling GetDataValues(IEDBiogasCHP/DSCH1.SchdSt.cdcNs)
14:23:46.923 [openiec61850-osi-server-7-thread-1] DEBUG com.beanit.openiec61850.ServerAssociation - Got a GetDataValues request for node: IEDBiogasCHP/DSCH1.SchdSt.cdcNs: ''
calling GetDataValues(IEDBiogasCHP/DSCH1.SchdSt.cdcName)
14:23:46.923 [openiec61850-osi-server-7-thread-1] DEBUG com.beanit.openiec61850.ServerAssociation - Got a GetDataValues request for node: IEDBiogasCHP/DSCH1.SchdSt.cdcName: ''
calling GetDataValues(IEDBiogasCHP/DSCH1.SchdSt.dataNs)
14:23:46.923 [openiec61850-osi-server-7-thread-1] DEBUG com.beanit.openiec61850.ServerAssociation - Got a GetDataValues request for node: IEDBiogasCHP/DSCH1.SchdSt.dataNs: ''
calling GetDataValues(IEDBiogasCHP/DSCH1.SchdId)
14:23:46.924 [openiec61850-osi-server-7-thread-1] DEBUG com.beanit.openiec61850.ServerAssociation - Got a GetDataValues request for node: IEDBiogasCHP/DSCH1.SchdId [SP]
IEDBiogasCHP/DSCH1.SchdId.setVal: 0
14:23:46.924 [openiec61850-osi-server-7-thread-1] DEBUG com.beanit.openiec61850.ServerAssociation - sub BDA is:IEDBiogasCHP/DSCH1.SchdId.setVal: 0
calling GetDataValues(IEDBiogasCHP/DSCH1.SchdId.setVal)
14:23:46.924 [openiec61850-osi-server-7-thread-1] DEBUG com.beanit.openiec61850.ServerAssociation - Got a GetDataValues request for node: IEDBiogasCHP/DSCH1.SchdId.setVal: 0
calling GetDataValues(IEDBiogasCHP/DSCH1.SchdId)
14:23:46.924 [openiec61850-osi-server-7-thread-1] DEBUG com.beanit.openiec61850.ServerAssociation - Got a GetDataValues request for node: IEDBiogasCHP/DSCH1.SchdId [CF]
IEDBiogasCHP/DSCH1.SchdId.minVal: 0
IEDBiogasCHP/DSCH1.SchdId.maxVal: 0
IEDBiogasCHP/DSCH1.SchdId.stepSize: 0
14:23:46.924 [openiec61850-osi-server-7-thread-1] DEBUG com.beanit.openiec61850.ServerAssociation - sub BDA is:IEDBiogasCHP/DSCH1.SchdId.minVal: 0
14:23:46.924 [openiec61850-osi-server-7-thread-1] DEBUG com.beanit.openiec61850.ServerAssociation - sub BDA is:IEDBiogasCHP/DSCH1.SchdId.maxVal: 0
14:23:46.924 [openiec61850-osi-server-7-thread-1] DEBUG com.beanit.openiec61850.ServerAssociation - sub BDA is:IEDBiogasCHP/DSCH1.SchdId.stepSize: 0
calling GetDataValues(IEDBiogasCHP/DSCH1.SchdId.minVal)
14:23:46.924 [openiec61850-osi-server-7-thread-1] DEBUG com.beanit.openiec61850.ServerAssociation - Got a GetDataValues request for node: IEDBiogasCHP/DSCH1.SchdId.minVal: 0
calling GetDataValues(IEDBiogasCHP/DSCH1.SchdId.maxVal)
14:23:46.924 [openiec61850-osi-server-7-thread-1] DEBUG com.beanit.openiec61850.ServerAssociation - Got a GetDataValues request for node: IEDBiogasCHP/DSCH1.SchdId.maxVal: 0
calling GetDataValues(IEDBiogasCHP/DSCH1.SchdId.stepSize)
14:23:46.925 [openiec61850-osi-server-7-thread-1] DEBUG com.beanit.openiec61850.ServerAssociation - Got a GetDataValues request for node: IEDBiogasCHP/DSCH1.SchdId.stepSize: 0
calling GetDataValues(IEDBiogasCHP/DSCH1.SchdId)
14:23:46.925 [openiec61850-osi-server-7-thread-1] DEBUG com.beanit.openiec61850.ServerAssociation - Got a GetDataValues request for node: IEDBiogasCHP/DSCH1.SchdId [DC]
IEDBiogasCHP/DSCH1.SchdId.d: ''
IEDBiogasCHP/DSCH1.SchdId.dU: 
14:23:46.925 [openiec61850-osi-server-7-thread-1] DEBUG com.beanit.openiec61850.ServerAssociation - sub BDA is:IEDBiogasCHP/DSCH1.SchdId.d: ''
14:23:46.925 [openiec61850-osi-server-7-thread-1] DEBUG com.beanit.openiec61850.ServerAssociation - sub BDA is:IEDBiogasCHP/DSCH1.SchdId.dU: 
calling GetDataValues(IEDBiogasCHP/DSCH1.SchdId.d)
14:23:46.925 [openiec61850-osi-server-7-thread-1] DEBUG com.beanit.openiec61850.ServerAssociation - Got a GetDataValues request for node: IEDBiogasCHP/DSCH1.SchdId.d: ''
calling GetDataValues(IEDBiogasCHP/DSCH1.SchdId.dU)
14:23:46.925 [openiec61850-osi-server-7-thread-1] DEBUG com.beanit.openiec61850.ServerAssociation - Got a GetDataValues request for node: IEDBiogasCHP/DSCH1.SchdId.dU: 
calling GetDataValues(IEDBiogasCHP/DSCH1.SchdId)
14:23:46.925 [openiec61850-osi-server-7-thread-1] DEBUG com.beanit.openiec61850.ServerAssociation - Got a GetDataValues request for node: IEDBiogasCHP/DSCH1.SchdId [EX]
IEDBiogasCHP/DSCH1.SchdId.cdcNs: ''
IEDBiogasCHP/DSCH1.SchdId.cdcName: ''
IEDBiogasCHP/DSCH1.SchdId.dataNs: ''
14:23:46.925 [openiec61850-osi-server-7-thread-1] DEBUG com.beanit.openiec61850.ServerAssociation - sub BDA is:IEDBiogasCHP/DSCH1.SchdId.cdcNs: ''
14:23:46.925 [openiec61850-osi-server-7-thread-1] DEBUG com.beanit.openiec61850.ServerAssociation - sub BDA is:IEDBiogasCHP/DSCH1.SchdId.cdcName: ''
14:23:46.925 [openiec61850-osi-server-7-thread-1] DEBUG com.beanit.openiec61850.ServerAssociation - sub BDA is:IEDBiogasCHP/DSCH1.SchdId.dataNs: ''
calling GetDataValues(IEDBiogasCHP/DSCH1.SchdId.cdcNs)
14:23:46.925 [openiec61850-osi-server-7-thread-1] DEBUG com.beanit.openiec61850.ServerAssociation - Got a GetDataValues request for node: IEDBiogasCHP/DSCH1.SchdId.cdcNs: ''
calling GetDataValues(IEDBiogasCHP/DSCH1.SchdId.cdcName)
14:23:46.925 [openiec61850-osi-server-7-thread-1] DEBUG com.beanit.openiec61850.ServerAssociation - Got a GetDataValues request for node: IEDBiogasCHP/DSCH1.SchdId.cdcName: ''
calling GetDataValues(IEDBiogasCHP/DSCH1.SchdId.dataNs)
14:23:46.926 [openiec61850-osi-server-7-thread-1] DEBUG com.beanit.openiec61850.ServerAssociation - Got a GetDataValues request for node: IEDBiogasCHP/DSCH1.SchdId.dataNs: ''
calling GetDataValues(IEDBiogasCHP/DSCH1.SchdCat)
14:23:46.926 [openiec61850-osi-server-7-thread-1] DEBUG com.beanit.openiec61850.ServerAssociation - Got a GetDataValues request for node: IEDBiogasCHP/DSCH1.SchdCat [SP]
IEDBiogasCHP/DSCH1.SchdCat.setVal: 0
14:23:46.926 [openiec61850-osi-server-7-thread-1] DEBUG com.beanit.openiec61850.ServerAssociation - sub BDA is:IEDBiogasCHP/DSCH1.SchdCat.setVal: 0
calling GetDataValues(IEDBiogasCHP/DSCH1.SchdCat.setVal)
14:23:46.926 [openiec61850-osi-server-7-thread-1] DEBUG com.beanit.openiec61850.ServerAssociation - Got a GetDataValues request for node: IEDBiogasCHP/DSCH1.SchdCat.setVal: 0
calling GetDataValues(IEDBiogasCHP/DSCH1.SchdCat)
14:23:46.926 [openiec61850-osi-server-7-thread-1] DEBUG com.beanit.openiec61850.ServerAssociation - Got a GetDataValues request for node: IEDBiogasCHP/DSCH1.SchdCat [CF]
IEDBiogasCHP/DSCH1.SchdCat.minVal: 0
IEDBiogasCHP/DSCH1.SchdCat.maxVal: 0
IEDBiogasCHP/DSCH1.SchdCat.stepSize: 0
14:23:46.926 [openiec61850-osi-server-7-thread-1] DEBUG com.beanit.openiec61850.ServerAssociation - sub BDA is:IEDBiogasCHP/DSCH1.SchdCat.minVal: 0
14:23:46.926 [openiec61850-osi-server-7-thread-1] DEBUG com.beanit.openiec61850.ServerAssociation - sub BDA is:IEDBiogasCHP/DSCH1.SchdCat.maxVal: 0
14:23:46.926 [openiec61850-osi-server-7-thread-1] DEBUG com.beanit.openiec61850.ServerAssociation - sub BDA is:IEDBiogasCHP/DSCH1.SchdCat.stepSize: 0
calling GetDataValues(IEDBiogasCHP/DSCH1.SchdCat.minVal)
14:23:46.926 [openiec61850-osi-server-7-thread-1] DEBUG com.beanit.openiec61850.ServerAssociation - Got a GetDataValues request for node: IEDBiogasCHP/DSCH1.SchdCat.minVal: 0
calling GetDataValues(IEDBiogasCHP/DSCH1.SchdCat.maxVal)
14:23:46.927 [openiec61850-osi-server-7-thread-1] DEBUG com.beanit.openiec61850.ServerAssociation - Got a GetDataValues request for node: IEDBiogasCHP/DSCH1.SchdCat.maxVal: 0
calling GetDataValues(IEDBiogasCHP/DSCH1.SchdCat.stepSize)
14:23:46.927 [openiec61850-osi-server-7-thread-1] DEBUG com.beanit.openiec61850.ServerAssociation - Got a GetDataValues request for node: IEDBiogasCHP/DSCH1.SchdCat.stepSize: 0
calling GetDataValues(IEDBiogasCHP/DSCH1.SchdCat)
14:23:46.927 [openiec61850-osi-server-7-thread-1] DEBUG com.beanit.openiec61850.ServerAssociation - Got a GetDataValues request for node: IEDBiogasCHP/DSCH1.SchdCat [DC]
IEDBiogasCHP/DSCH1.SchdCat.d: ''
IEDBiogasCHP/DSCH1.SchdCat.dU: 
14:23:46.927 [openiec61850-osi-server-7-thread-1] DEBUG com.beanit.openiec61850.ServerAssociation - sub BDA is:IEDBiogasCHP/DSCH1.SchdCat.d: ''
14:23:46.927 [openiec61850-osi-server-7-thread-1] DEBUG com.beanit.openiec61850.ServerAssociation - sub BDA is:IEDBiogasCHP/DSCH1.SchdCat.dU: 
calling GetDataValues(IEDBiogasCHP/DSCH1.SchdCat.d)
14:23:46.927 [openiec61850-osi-server-7-thread-1] DEBUG com.beanit.openiec61850.ServerAssociation - Got a GetDataValues request for node: IEDBiogasCHP/DSCH1.SchdCat.d: ''
calling GetDataValues(IEDBiogasCHP/DSCH1.SchdCat.dU)
14:23:46.927 [openiec61850-osi-server-7-thread-1] DEBUG com.beanit.openiec61850.ServerAssociation - Got a GetDataValues request for node: IEDBiogasCHP/DSCH1.SchdCat.dU: 
calling GetDataValues(IEDBiogasCHP/DSCH1.SchdCat)
14:23:46.927 [openiec61850-osi-server-7-thread-1] DEBUG com.beanit.openiec61850.ServerAssociation - Got a GetDataValues request for node: IEDBiogasCHP/DSCH1.SchdCat [EX]
IEDBiogasCHP/DSCH1.SchdCat.cdcNs: ''
IEDBiogasCHP/DSCH1.SchdCat.cdcName: ''
IEDBiogasCHP/DSCH1.SchdCat.dataNs: ''
14:23:46.927 [openiec61850-osi-server-7-thread-1] DEBUG com.beanit.openiec61850.ServerAssociation - sub BDA is:IEDBiogasCHP/DSCH1.SchdCat.cdcNs: ''
14:23:46.927 [openiec61850-osi-server-7-thread-1] DEBUG com.beanit.openiec61850.ServerAssociation - sub BDA is:IEDBiogasCHP/DSCH1.SchdCat.cdcName: ''
14:23:46.927 [openiec61850-osi-server-7-thread-1] DEBUG com.beanit.openiec61850.ServerAssociation - sub BDA is:IEDBiogasCHP/DSCH1.SchdCat.dataNs: ''
calling GetDataValues(IEDBiogasCHP/DSCH1.SchdCat.cdcNs)
14:23:46.927 [openiec61850-osi-server-7-thread-1] DEBUG com.beanit.openiec61850.ServerAssociation - Got a GetDataValues request for node: IEDBiogasCHP/DSCH1.SchdCat.cdcNs: ''
calling GetDataValues(IEDBiogasCHP/DSCH1.SchdCat.cdcName)
14:23:46.928 [openiec61850-osi-server-7-thread-1] DEBUG com.beanit.openiec61850.ServerAssociation - Got a GetDataValues request for node: IEDBiogasCHP/DSCH1.SchdCat.cdcName: ''
calling GetDataValues(IEDBiogasCHP/DSCH1.SchdCat.dataNs)
14:23:46.928 [openiec61850-osi-server-7-thread-1] DEBUG com.beanit.openiec61850.ServerAssociation - Got a GetDataValues request for node: IEDBiogasCHP/DSCH1.SchdCat.dataNs: ''
calling GetDataValues(IEDBiogasCHP/DSCH1.SchdTyp)
14:23:46.928 [openiec61850-osi-server-7-thread-1] DEBUG com.beanit.openiec61850.ServerAssociation - Got a GetDataValues request for node: IEDBiogasCHP/DSCH1.SchdTyp [SP]
IEDBiogasCHP/DSCH1.SchdTyp.setVal: 0
14:23:46.928 [openiec61850-osi-server-7-thread-1] DEBUG com.beanit.openiec61850.ServerAssociation - sub BDA is:IEDBiogasCHP/DSCH1.SchdTyp.setVal: 0
calling GetDataValues(IEDBiogasCHP/DSCH1.SchdTyp.setVal)
14:23:46.928 [openiec61850-osi-server-7-thread-1] DEBUG com.beanit.openiec61850.ServerAssociation - Got a GetDataValues request for node: IEDBiogasCHP/DSCH1.SchdTyp.setVal: 0
calling GetDataValues(IEDBiogasCHP/DSCH1.SchdTyp)
14:23:46.928 [openiec61850-osi-server-7-thread-1] DEBUG com.beanit.openiec61850.ServerAssociation - Got a GetDataValues request for node: IEDBiogasCHP/DSCH1.SchdTyp [CF]
IEDBiogasCHP/DSCH1.SchdTyp.minVal: 0
IEDBiogasCHP/DSCH1.SchdTyp.maxVal: 0
IEDBiogasCHP/DSCH1.SchdTyp.stepSize: 0
14:23:46.928 [openiec61850-osi-server-7-thread-1] DEBUG com.beanit.openiec61850.ServerAssociation - sub BDA is:IEDBiogasCHP/DSCH1.SchdTyp.minVal: 0
14:23:46.928 [openiec61850-osi-server-7-thread-1] DEBUG com.beanit.openiec61850.ServerAssociation - sub BDA is:IEDBiogasCHP/DSCH1.SchdTyp.maxVal: 0
14:23:46.928 [openiec61850-osi-server-7-thread-1] DEBUG com.beanit.openiec61850.ServerAssociation - sub BDA is:IEDBiogasCHP/DSCH1.SchdTyp.stepSize: 0
calling GetDataValues(IEDBiogasCHP/DSCH1.SchdTyp.minVal)
14:23:46.928 [openiec61850-osi-server-7-thread-1] DEBUG com.beanit.openiec61850.ServerAssociation - Got a GetDataValues request for node: IEDBiogasCHP/DSCH1.SchdTyp.minVal: 0
calling GetDataValues(IEDBiogasCHP/DSCH1.SchdTyp.maxVal)
14:23:46.928 [openiec61850-osi-server-7-thread-1] DEBUG com.beanit.openiec61850.ServerAssociation - Got a GetDataValues request for node: IEDBiogasCHP/DSCH1.SchdTyp.maxVal: 0
calling GetDataValues(IEDBiogasCHP/DSCH1.SchdTyp.stepSize)
14:23:46.929 [openiec61850-osi-server-7-thread-1] DEBUG com.beanit.openiec61850.ServerAssociation - Got a GetDataValues request for node: IEDBiogasCHP/DSCH1.SchdTyp.stepSize: 0
calling GetDataValues(IEDBiogasCHP/DSCH1.SchdTyp)
14:23:46.929 [openiec61850-osi-server-7-thread-1] DEBUG com.beanit.openiec61850.ServerAssociation - Got a GetDataValues request for node: IEDBiogasCHP/DSCH1.SchdTyp [DC]
IEDBiogasCHP/DSCH1.SchdTyp.d: ''
IEDBiogasCHP/DSCH1.SchdTyp.dU: 
14:23:46.929 [openiec61850-osi-server-7-thread-1] DEBUG com.beanit.openiec61850.ServerAssociation - sub BDA is:IEDBiogasCHP/DSCH1.SchdTyp.d: ''
14:23:46.929 [openiec61850-osi-server-7-thread-1] DEBUG com.beanit.openiec61850.ServerAssociation - sub BDA is:IEDBiogasCHP/DSCH1.SchdTyp.dU: 
calling GetDataValues(IEDBiogasCHP/DSCH1.SchdTyp.d)
14:23:46.929 [openiec61850-osi-server-7-thread-1] DEBUG com.beanit.openiec61850.ServerAssociation - Got a GetDataValues request for node: IEDBiogasCHP/DSCH1.SchdTyp.d: ''
calling GetDataValues(IEDBiogasCHP/DSCH1.SchdTyp.dU)
14:23:46.929 [openiec61850-osi-server-7-thread-1] DEBUG com.beanit.openiec61850.ServerAssociation - Got a GetDataValues request for node: IEDBiogasCHP/DSCH1.SchdTyp.dU: 
calling GetDataValues(IEDBiogasCHP/DSCH1.SchdTyp)
14:23:46.929 [openiec61850-osi-server-7-thread-1] DEBUG com.beanit.openiec61850.ServerAssociation - Got a GetDataValues request for node: IEDBiogasCHP/DSCH1.SchdTyp [EX]
IEDBiogasCHP/DSCH1.SchdTyp.cdcNs: ''
IEDBiogasCHP/DSCH1.SchdTyp.cdcName: ''
IEDBiogasCHP/DSCH1.SchdTyp.dataNs: ''
14:23:46.929 [openiec61850-osi-server-7-thread-1] DEBUG com.beanit.openiec61850.ServerAssociation - sub BDA is:IEDBiogasCHP/DSCH1.SchdTyp.cdcNs: ''
14:23:46.929 [openiec61850-osi-server-7-thread-1] DEBUG com.beanit.openiec61850.ServerAssociation - sub BDA is:IEDBiogasCHP/DSCH1.SchdTyp.cdcName: ''
14:23:46.929 [openiec61850-osi-server-7-thread-1] DEBUG com.beanit.openiec61850.ServerAssociation - sub BDA is:IEDBiogasCHP/DSCH1.SchdTyp.dataNs: ''
calling GetDataValues(IEDBiogasCHP/DSCH1.SchdTyp.cdcNs)
14:23:46.930 [openiec61850-osi-server-7-thread-1] DEBUG com.beanit.openiec61850.ServerAssociation - Got a GetDataValues request for node: IEDBiogasCHP/DSCH1.SchdTyp.cdcNs: ''
calling GetDataValues(IEDBiogasCHP/DSCH1.SchdTyp.cdcName)
14:23:46.930 [openiec61850-osi-server-7-thread-1] DEBUG com.beanit.openiec61850.ServerAssociation - Got a GetDataValues request for node: IEDBiogasCHP/DSCH1.SchdTyp.cdcName: ''
calling GetDataValues(IEDBiogasCHP/DSCH1.SchdTyp.dataNs)
14:23:46.930 [openiec61850-osi-server-7-thread-1] DEBUG com.beanit.openiec61850.ServerAssociation - Got a GetDataValues request for node: IEDBiogasCHP/DSCH1.SchdTyp.dataNs: ''
calling GetDataValues(IEDBiogasCHP/DSCH1.SchdAbsTm)
14:23:46.931 [openiec61850-osi-server-7-thread-1] DEBUG com.beanit.openiec61850.ServerAssociation - Got a GetDataValues request for node: IEDBiogasCHP/DSCH1.SchdAbsTm [SP]
IEDBiogasCHP/DSCH1.SchdAbsTm.numPts: 0
IEDBiogasCHP/DSCH1.SchdAbsTm.val [SP]
IEDBiogasCHP/DSCH1.SchdAbsTm.val(0): 0.0
IEDBiogasCHP/DSCH1.SchdAbsTm.val(1): 0.0
IEDBiogasCHP/DSCH1.SchdAbsTm.val(2): 0.0
IEDBiogasCHP/DSCH1.SchdAbsTm.val(3): 0.0
IEDBiogasCHP/DSCH1.SchdAbsTm.val(4): 0.0
IEDBiogasCHP/DSCH1.SchdAbsTm.val(5): 0.0
IEDBiogasCHP/DSCH1.SchdAbsTm.val(6): 0.0
IEDBiogasCHP/DSCH1.SchdAbsTm.val(7): 0.0
IEDBiogasCHP/DSCH1.SchdAbsTm.val(8): 0.0
IEDBiogasCHP/DSCH1.SchdAbsTm.val(9): 0.0
IEDBiogasCHP/DSCH1.SchdAbsTm.val(10): 0.0
IEDBiogasCHP/DSCH1.SchdAbsTm.val(11): 0.0
IEDBiogasCHP/DSCH1.SchdAbsTm.val(12): 0.0
IEDBiogasCHP/DSCH1.SchdAbsTm.val(13): 0.0
IEDBiogasCHP/DSCH1.SchdAbsTm.val(14): 0.0
IEDBiogasCHP/DSCH1.SchdAbsTm.val(15): 0.0
IEDBiogasCHP/DSCH1.SchdAbsTm.val(16): 0.0
IEDBiogasCHP/DSCH1.SchdAbsTm.val(17): 0.0
IEDBiogasCHP/DSCH1.SchdAbsTm.val(18): 0.0
IEDBiogasCHP/DSCH1.SchdAbsTm.val(19): 0.0
IEDBiogasCHP/DSCH1.SchdAbsTm.val(20): 0.0
IEDBiogasCHP/DSCH1.SchdAbsTm.val(21): 0.0
IEDBiogasCHP/DSCH1.SchdAbsTm.val(22): 0.0
IEDBiogasCHP/DSCH1.SchdAbsTm.val(23): 0.0
IEDBiogasCHP/DSCH1.SchdAbsTm.val(24): 0.0
IEDBiogasCHP/DSCH1.SchdAbsTm.val(25): 0.0
IEDBiogasCHP/DSCH1.SchdAbsTm.val(26): 0.0
IEDBiogasCHP/DSCH1.SchdAbsTm.val(27): 0.0
IEDBiogasCHP/DSCH1.SchdAbsTm.val(28): 0.0
IEDBiogasCHP/DSCH1.SchdAbsTm.val(29): 0.0
IEDBiogasCHP/DSCH1.SchdAbsTm.val(30): 0.0
IEDBiogasCHP/DSCH1.SchdAbsTm.val(31): 0.0
IEDBiogasCHP/DSCH1.SchdAbsTm.val(32): 0.0
IEDBiogasCHP/DSCH1.SchdAbsTm.val(33): 0.0
IEDBiogasCHP/DSCH1.SchdAbsTm.val(34): 0.0
IEDBiogasCHP/DSCH1.SchdAbsTm.val(35): 0.0
IEDBiogasCHP/DSCH1.SchdAbsTm.val(36): 0.0
IEDBiogasCHP/DSCH1.SchdAbsTm.val(37): 0.0
IEDBiogasCHP/DSCH1.SchdAbsTm.val(38): 0.0
IEDBiogasCHP/DSCH1.SchdAbsTm.val(39): 0.0
IEDBiogasCHP/DSCH1.SchdAbsTm.val(40): 0.0
IEDBiogasCHP/DSCH1.SchdAbsTm.val(41): 0.0
IEDBiogasCHP/DSCH1.SchdAbsTm.val(42): 0.0
IEDBiogasCHP/DSCH1.SchdAbsTm.val(43): 0.0
IEDBiogasCHP/DSCH1.SchdAbsTm.val(44): 0.0
IEDBiogasCHP/DSCH1.SchdAbsTm.val(45): 0.0
IEDBiogasCHP/DSCH1.SchdAbsTm.val(46): 0.0
IEDBiogasCHP/DSCH1.SchdAbsTm.val(47): 0.0
IEDBiogasCHP/DSCH1.SchdAbsTm.val(48): 0.0
IEDBiogasCHP/DSCH1.SchdAbsTm.val(49): 0.0
IEDBiogasCHP/DSCH1.SchdAbsTm.val(50): 0.0
IEDBiogasCHP/DSCH1.SchdAbsTm.val(51): 0.0
IEDBiogasCHP/DSCH1.SchdAbsTm.val(52): 0.0
IEDBiogasCHP/DSCH1.SchdAbsTm.val(53): 0.0
IEDBiogasCHP/DSCH1.SchdAbsTm.val(54): 0.0
IEDBiogasCHP/DSCH1.SchdAbsTm.val(55): 0.0
IEDBiogasCHP/DSCH1.SchdAbsTm.val(56): 0.0
IEDBiogasCHP/DSCH1.SchdAbsTm.val(57): 0.0
IEDBiogasCHP/DSCH1.SchdAbsTm.val(58): 0.0
IEDBiogasCHP/DSCH1.SchdAbsTm.val(59): 0.0
IEDBiogasCHP/DSCH1.SchdAbsTm.val(60): 0.0
IEDBiogasCHP/DSCH1.SchdAbsTm.val(61): 0.0
IEDBiogasCHP/DSCH1.SchdAbsTm.val(62): 0.0
IEDBiogasCHP/DSCH1.SchdAbsTm.val(63): 0.0
IEDBiogasCHP/DSCH1.SchdAbsTm.val(64): 0.0
IEDBiogasCHP/DSCH1.SchdAbsTm.val(65): 0.0
IEDBiogasCHP/DSCH1.SchdAbsTm.val(66): 0.0
IEDBiogasCHP/DSCH1.SchdAbsTm.val(67): 0.0
IEDBiogasCHP/DSCH1.SchdAbsTm.val(68): 0.0
IEDBiogasCHP/DSCH1.SchdAbsTm.val(69): 0.0
IEDBiogasCHP/DSCH1.SchdAbsTm.val(70): 0.0
IEDBiogasCHP/DSCH1.SchdAbsTm.val(71): 0.0
IEDBiogasCHP/DSCH1.SchdAbsTm.val(72): 0.0
IEDBiogasCHP/DSCH1.SchdAbsTm.val(73): 0.0
IEDBiogasCHP/DSCH1.SchdAbsTm.val(74): 0.0
IEDBiogasCHP/DSCH1.SchdAbsTm.val(75): 0.0
IEDBiogasCHP/DSCH1.SchdAbsTm.val(76): 0.0
IEDBiogasCHP/DSCH1.SchdAbsTm.val(77): 0.0
IEDBiogasCHP/DSCH1.SchdAbsTm.val(78): 0.0
IEDBiogasCHP/DSCH1.SchdAbsTm.val(79): 0.0
IEDBiogasCHP/DSCH1.SchdAbsTm.val(80): 0.0
IEDBiogasCHP/DSCH1.SchdAbsTm.val(81): 0.0
IEDBiogasCHP/DSCH1.SchdAbsTm.val(82): 0.0
IEDBiogasCHP/DSCH1.SchdAbsTm.val(83): 0.0
IEDBiogasCHP/DSCH1.SchdAbsTm.val(84): 0.0
IEDBiogasCHP/DSCH1.SchdAbsTm.val(85): 0.0
IEDBiogasCHP/DSCH1.SchdAbsTm.val(86): 0.0
IEDBiogasCHP/DSCH1.SchdAbsTm.val(87): 0.0
IEDBiogasCHP/DSCH1.SchdAbsTm.val(88): 0.0
IEDBiogasCHP/DSCH1.SchdAbsTm.val(89): 0.0
IEDBiogasCHP/DSCH1.SchdAbsTm.val(90): 0.0
IEDBiogasCHP/DSCH1.SchdAbsTm.val(91): 0.0
IEDBiogasCHP/DSCH1.SchdAbsTm.val(92): 0.0
IEDBiogasCHP/DSCH1.SchdAbsTm.val(93): 0.0
IEDBiogasCHP/DSCH1.SchdAbsTm.val(94): 0.0
IEDBiogasCHP/DSCH1.SchdAbsTm.val(95): 0.0
IEDBiogasCHP/DSCH1.SchdAbsTm.rmpTyp: 0
IEDBiogasCHP/DSCH1.SchdAbsTm.time [SP]
IEDBiogasCHP/DSCH1.SchdAbsTm.time(0): Thu Jan 01 01:00:00 CET 1970
IEDBiogasCHP/DSCH1.SchdAbsTm.time(1): Thu Jan 01 01:00:00 CET 1970
IEDBiogasCHP/DSCH1.SchdAbsTm.time(2): Thu Jan 01 01:00:00 CET 1970
IEDBiogasCHP/DSCH1.SchdAbsTm.time(3): Thu Jan 01 01:00:00 CET 1970
IEDBiogasCHP/DSCH1.SchdAbsTm.time(4): Thu Jan 01 01:00:00 CET 1970
IEDBiogasCHP/DSCH1.SchdAbsTm.time(5): Thu Jan 01 01:00:00 CET 1970
IEDBiogasCHP/DSCH1.SchdAbsTm.time(6): Thu Jan 01 01:00:00 CET 1970
IEDBiogasCHP/DSCH1.SchdAbsTm.time(7): Thu Jan 01 01:00:00 CET 1970
IEDBiogasCHP/DSCH1.SchdAbsTm.time(8): Thu Jan 01 01:00:00 CET 1970
IEDBiogasCHP/DSCH1.SchdAbsTm.time(9): Thu Jan 01 01:00:00 CET 1970
IEDBiogasCHP/DSCH1.SchdAbsTm.time(10): Thu Jan 01 01:00:00 CET 1970
IEDBiogasCHP/DSCH1.SchdAbsTm.time(11): Thu Jan 01 01:00:00 CET 1970
IEDBiogasCHP/DSCH1.SchdAbsTm.time(12): Thu Jan 01 01:00:00 CET 1970
IEDBiogasCHP/DSCH1.SchdAbsTm.time(13): Thu Jan 01 01:00:00 CET 1970
IEDBiogasCHP/DSCH1.SchdAbsTm.time(14): Thu Jan 01 01:00:00 CET 1970
IEDBiogasCHP/DSCH1.SchdAbsTm.time(15): Thu Jan 01 01:00:00 CET 1970
IEDBiogasCHP/DSCH1.SchdAbsTm.time(16): Thu Jan 01 01:00:00 CET 1970
IEDBiogasCHP/DSCH1.SchdAbsTm.time(17): Thu Jan 01 01:00:00 CET 1970
IEDBiogasCHP/DSCH1.SchdAbsTm.time(18): Thu Jan 01 01:00:00 CET 1970
IEDBiogasCHP/DSCH1.SchdAbsTm.time(19): Thu Jan 01 01:00:00 CET 1970
IEDBiogasCHP/DSCH1.SchdAbsTm.time(20): Thu Jan 01 01:00:00 CET 1970
IEDBiogasCHP/DSCH1.SchdAbsTm.time(21): Thu Jan 01 01:00:00 CET 1970
IEDBiogasCHP/DSCH1.SchdAbsTm.time(22): Thu Jan 01 01:00:00 CET 1970
IEDBiogasCHP/DSCH1.SchdAbsTm.time(23): Thu Jan 01 01:00:00 CET 1970
IEDBiogasCHP/DSCH1.SchdAbsTm.time(24): Thu Jan 01 01:00:00 CET 1970
IEDBiogasCHP/DSCH1.SchdAbsTm.time(25): Thu Jan 01 01:00:00 CET 1970
IEDBiogasCHP/DSCH1.SchdAbsTm.time(26): Thu Jan 01 01:00:00 CET 1970
IEDBiogasCHP/DSCH1.SchdAbsTm.time(27): Thu Jan 01 01:00:00 CET 1970
IEDBiogasCHP/DSCH1.SchdAbsTm.time(28): Thu Jan 01 01:00:00 CET 1970
IEDBiogasCHP/DSCH1.SchdAbsTm.time(29): Thu Jan 01 01:00:00 CET 1970
IEDBiogasCHP/DSCH1.SchdAbsTm.time(30): Thu Jan 01 01:00:00 CET 1970
IEDBiogasCHP/DSCH1.SchdAbsTm.time(31): Thu Jan 01 01:00:00 CET 1970
IEDBiogasCHP/DSCH1.SchdAbsTm.time(32): Thu Jan 01 01:00:00 CET 1970
IEDBiogasCHP/DSCH1.SchdAbsTm.time(33): Thu Jan 01 01:00:00 CET 1970
IEDBiogasCHP/DSCH1.SchdAbsTm.time(34): Thu Jan 01 01:00:00 CET 1970
IEDBiogasCHP/DSCH1.SchdAbsTm.time(35): Thu Jan 01 01:00:00 CET 1970
IEDBiogasCHP/DSCH1.SchdAbsTm.time(36): Thu Jan 01 01:00:00 CET 1970
IEDBiogasCHP/DSCH1.SchdAbsTm.time(37): Thu Jan 01 01:00:00 CET 1970
IEDBiogasCHP/DSCH1.SchdAbsTm.time(38): Thu Jan 01 01:00:00 CET 1970
IEDBiogasCHP/DSCH1.SchdAbsTm.time(39): Thu Jan 01 01:00:00 CET 1970
IEDBiogasCHP/DSCH1.SchdAbsTm.time(40): Thu Jan 01 01:00:00 CET 1970
IEDBiogasCHP/DSCH1.SchdAbsTm.time(41): Thu Jan 01 01:00:00 CET 1970
IEDBiogasCHP/DSCH1.SchdAbsTm.time(42): Thu Jan 01 01:00:00 CET 1970
IEDBiogasCHP/DSCH1.SchdAbsTm.time(43): Thu Jan 01 01:00:00 CET 1970
IEDBiogasCHP/DSCH1.SchdAbsTm.time(44): Thu Jan 01 01:00:00 CET 1970
IEDBiogasCHP/DSCH1.SchdAbsTm.time(45): Thu Jan 01 01:00:00 CET 1970
IEDBiogasCHP/DSCH1.SchdAbsTm.time(46): Thu Jan 01 01:00:00 CET 1970
IEDBiogasCHP/DSCH1.SchdAbsTm.time(47): Thu Jan 01 01:00:00 CET 1970
IEDBiogasCHP/DSCH1.SchdAbsTm.time(48): Thu Jan 01 01:00:00 CET 1970
IEDBiogasCHP/DSCH1.SchdAbsTm.time(49): Thu Jan 01 01:00:00 CET 1970
IEDBiogasCHP/DSCH1.SchdAbsTm.time(50): Thu Jan 01 01:00:00 CET 1970
IEDBiogasCHP/DSCH1.SchdAbsTm.time(51): Thu Jan 01 01:00:00 CET 1970
IEDBiogasCHP/DSCH1.SchdAbsTm.time(52): Thu Jan 01 01:00:00 CET 1970
IEDBiogasCHP/DSCH1.SchdAbsTm.time(53): Thu Jan 01 01:00:00 CET 1970
IEDBiogasCHP/DSCH1.SchdAbsTm.time(54): Thu Jan 01 01:00:00 CET 1970
IEDBiogasCHP/DSCH1.SchdAbsTm.time(55): Thu Jan 01 01:00:00 CET 1970
IEDBiogasCHP/DSCH1.SchdAbsTm.time(56): Thu Jan 01 01:00:00 CET 1970
IEDBiogasCHP/DSCH1.SchdAbsTm.time(57): Thu Jan 01 01:00:00 CET 1970
IEDBiogasCHP/DSCH1.SchdAbsTm.time(58): Thu Jan 01 01:00:00 CET 1970
IEDBiogasCHP/DSCH1.SchdAbsTm.time(59): Thu Jan 01 01:00:00 CET 1970
IEDBiogasCHP/DSCH1.SchdAbsTm.time(60): Thu Jan 01 01:00:00 CET 1970
IEDBiogasCHP/DSCH1.SchdAbsTm.time(61): Thu Jan 01 01:00:00 CET 1970
IEDBiogasCHP/DSCH1.SchdAbsTm.time(62): Thu Jan 01 01:00:00 CET 1970
IEDBiogasCHP/DSCH1.SchdAbsTm.time(63): Thu Jan 01 01:00:00 CET 1970
IEDBiogasCHP/DSCH1.SchdAbsTm.time(64): Thu Jan 01 01:00:00 CET 1970
IEDBiogasCHP/DSCH1.SchdAbsTm.time(65): Thu Jan 01 01:00:00 CET 1970
IEDBiogasCHP/DSCH1.SchdAbsTm.time(66): Thu Jan 01 01:00:00 CET 1970
IEDBiogasCHP/DSCH1.SchdAbsTm.time(67): Thu Jan 01 01:00:00 CET 1970
IEDBiogasCHP/DSCH1.SchdAbsTm.time(68): Thu Jan 01 01:00:00 CET 1970
IEDBiogasCHP/DSCH1.SchdAbsTm.time(69): Thu Jan 01 01:00:00 CET 1970
IEDBiogasCHP/DSCH1.SchdAbsTm.time(70): Thu Jan 01 01:00:00 CET 1970
IEDBiogasCHP/DSCH1.SchdAbsTm.time(71): Thu Jan 01 01:00:00 CET 1970
IEDBiogasCHP/DSCH1.SchdAbsTm.time(72): Thu Jan 01 01:00:00 CET 1970
IEDBiogasCHP/DSCH1.SchdAbsTm.time(73): Thu Jan 01 01:00:00 CET 1970
IEDBiogasCHP/DSCH1.SchdAbsTm.time(74): Thu Jan 01 01:00:00 CET 1970
IEDBiogasCHP/DSCH1.SchdAbsTm.time(75): Thu Jan 01 01:00:00 CET 1970
IEDBiogasCHP/DSCH1.SchdAbsTm.time(76): Thu Jan 01 01:00:00 CET 1970
IEDBiogasCHP/DSCH1.SchdAbsTm.time(77): Thu Jan 01 01:00:00 CET 1970
IEDBiogasCHP/DSCH1.SchdAbsTm.time(78): Thu Jan 01 01:00:00 CET 1970
IEDBiogasCHP/DSCH1.SchdAbsTm.time(79): Thu Jan 01 01:00:00 CET 1970
IEDBiogasCHP/DSCH1.SchdAbsTm.time(80): Thu Jan 01 01:00:00 CET 1970
IEDBiogasCHP/DSCH1.SchdAbsTm.time(81): Thu Jan 01 01:00:00 CET 1970
IEDBiogasCHP/DSCH1.SchdAbsTm.time(82): Thu Jan 01 01:00:00 CET 1970
IEDBiogasCHP/DSCH1.SchdAbsTm.time(83): Thu Jan 01 01:00:00 CET 1970
IEDBiogasCHP/DSCH1.SchdAbsTm.time(84): Thu Jan 01 01:00:00 CET 1970
IEDBiogasCHP/DSCH1.SchdAbsTm.time(85): Thu Jan 01 01:00:00 CET 1970
IEDBiogasCHP/DSCH1.SchdAbsTm.time(86): Thu Jan 01 01:00:00 CET 1970
IEDBiogasCHP/DSCH1.SchdAbsTm.time(87): Thu Jan 01 01:00:00 CET 1970
IEDBiogasCHP/DSCH1.SchdAbsTm.time(88): Thu Jan 01 01:00:00 CET 1970
IEDBiogasCHP/DSCH1.SchdAbsTm.time(89): Thu Jan 01 01:00:00 CET 1970
IEDBiogasCHP/DSCH1.SchdAbsTm.time(90): Thu Jan 01 01:00:00 CET 1970
IEDBiogasCHP/DSCH1.SchdAbsTm.time(91): Thu Jan 01 01:00:00 CET 1970
IEDBiogasCHP/DSCH1.SchdAbsTm.time(92): Thu Jan 01 01:00:00 CET 1970
IEDBiogasCHP/DSCH1.SchdAbsTm.time(93): Thu Jan 01 01:00:00 CET 1970
IEDBiogasCHP/DSCH1.SchdAbsTm.time(94): Thu Jan 01 01:00:00 CET 1970
IEDBiogasCHP/DSCH1.SchdAbsTm.time(95): Thu Jan 01 01:00:00 CET 1970
14:23:46.932 [openiec61850-osi-server-7-thread-1] DEBUG com.beanit.openiec61850.ServerAssociation - sub BDA is:IEDBiogasCHP/DSCH1.SchdAbsTm.numPts: 0
14:23:46.932 [openiec61850-osi-server-7-thread-1] DEBUG com.beanit.openiec61850.ServerAssociation - sub BDA is:IEDBiogasCHP/DSCH1.SchdAbsTm.val(0): 0.0
14:23:46.932 [openiec61850-osi-server-7-thread-1] DEBUG com.beanit.openiec61850.ServerAssociation - sub BDA is:IEDBiogasCHP/DSCH1.SchdAbsTm.val(1): 0.0
14:23:46.932 [openiec61850-osi-server-7-thread-1] DEBUG com.beanit.openiec61850.ServerAssociation - sub BDA is:IEDBiogasCHP/DSCH1.SchdAbsTm.val(2): 0.0
14:23:46.932 [openiec61850-osi-server-7-thread-1] DEBUG com.beanit.openiec61850.ServerAssociation - sub BDA is:IEDBiogasCHP/DSCH1.SchdAbsTm.val(3): 0.0
14:23:46.932 [openiec61850-osi-server-7-thread-1] DEBUG com.beanit.openiec61850.ServerAssociation - sub BDA is:IEDBiogasCHP/DSCH1.SchdAbsTm.val(4): 0.0
14:23:46.932 [openiec61850-osi-server-7-thread-1] DEBUG com.beanit.openiec61850.ServerAssociation - sub BDA is:IEDBiogasCHP/DSCH1.SchdAbsTm.val(5): 0.0
14:23:46.932 [openiec61850-osi-server-7-thread-1] DEBUG com.beanit.openiec61850.ServerAssociation - sub BDA is:IEDBiogasCHP/DSCH1.SchdAbsTm.val(6): 0.0
14:23:46.932 [openiec61850-osi-server-7-thread-1] DEBUG com.beanit.openiec61850.ServerAssociation - sub BDA is:IEDBiogasCHP/DSCH1.SchdAbsTm.val(7): 0.0
14:23:46.932 [openiec61850-osi-server-7-thread-1] DEBUG com.beanit.openiec61850.ServerAssociation - sub BDA is:IEDBiogasCHP/DSCH1.SchdAbsTm.val(8): 0.0
14:23:46.932 [openiec61850-osi-server-7-thread-1] DEBUG com.beanit.openiec61850.ServerAssociation - sub BDA is:IEDBiogasCHP/DSCH1.SchdAbsTm.val(9): 0.0
14:23:46.932 [openiec61850-osi-server-7-thread-1] DEBUG com.beanit.openiec61850.ServerAssociation - sub BDA is:IEDBiogasCHP/DSCH1.SchdAbsTm.val(10): 0.0
14:23:46.932 [openiec61850-osi-server-7-thread-1] DEBUG com.beanit.openiec61850.ServerAssociation - sub BDA is:IEDBiogasCHP/DSCH1.SchdAbsTm.val(11): 0.0
14:23:46.932 [openiec61850-osi-server-7-thread-1] DEBUG com.beanit.openiec61850.ServerAssociation - sub BDA is:IEDBiogasCHP/DSCH1.SchdAbsTm.val(12): 0.0
14:23:46.932 [openiec61850-osi-server-7-thread-1] DEBUG com.beanit.openiec61850.ServerAssociation - sub BDA is:IEDBiogasCHP/DSCH1.SchdAbsTm.val(13): 0.0
14:23:46.932 [openiec61850-osi-server-7-thread-1] DEBUG com.beanit.openiec61850.ServerAssociation - sub BDA is:IEDBiogasCHP/DSCH1.SchdAbsTm.val(14): 0.0
14:23:46.932 [openiec61850-osi-server-7-thread-1] DEBUG com.beanit.openiec61850.ServerAssociation - sub BDA is:IEDBiogasCHP/DSCH1.SchdAbsTm.val(15): 0.0
14:23:46.932 [openiec61850-osi-server-7-thread-1] DEBUG com.beanit.openiec61850.ServerAssociation - sub BDA is:IEDBiogasCHP/DSCH1.SchdAbsTm.val(16): 0.0
14:23:46.932 [openiec61850-osi-server-7-thread-1] DEBUG com.beanit.openiec61850.ServerAssociation - sub BDA is:IEDBiogasCHP/DSCH1.SchdAbsTm.val(17): 0.0
14:23:46.932 [openiec61850-osi-server-7-thread-1] DEBUG com.beanit.openiec61850.ServerAssociation - sub BDA is:IEDBiogasCHP/DSCH1.SchdAbsTm.val(18): 0.0
14:23:46.932 [openiec61850-osi-server-7-thread-1] DEBUG com.beanit.openiec61850.ServerAssociation - sub BDA is:IEDBiogasCHP/DSCH1.SchdAbsTm.val(19): 0.0
14:23:46.932 [openiec61850-osi-server-7-thread-1] DEBUG com.beanit.openiec61850.ServerAssociation - sub BDA is:IEDBiogasCHP/DSCH1.SchdAbsTm.val(20): 0.0
14:23:46.932 [openiec61850-osi-server-7-thread-1] DEBUG com.beanit.openiec61850.ServerAssociation - sub BDA is:IEDBiogasCHP/DSCH1.SchdAbsTm.val(21): 0.0
14:23:46.932 [openiec61850-osi-server-7-thread-1] DEBUG com.beanit.openiec61850.ServerAssociation - sub BDA is:IEDBiogasCHP/DSCH1.SchdAbsTm.val(22): 0.0
14:23:46.932 [openiec61850-osi-server-7-thread-1] DEBUG com.beanit.openiec61850.ServerAssociation - sub BDA is:IEDBiogasCHP/DSCH1.SchdAbsTm.val(23): 0.0
14:23:46.932 [openiec61850-osi-server-7-thread-1] DEBUG com.beanit.openiec61850.ServerAssociation - sub BDA is:IEDBiogasCHP/DSCH1.SchdAbsTm.val(24): 0.0
14:23:46.932 [openiec61850-osi-server-7-thread-1] DEBUG com.beanit.openiec61850.ServerAssociation - sub BDA is:IEDBiogasCHP/DSCH1.SchdAbsTm.val(25): 0.0
14:23:46.932 [openiec61850-osi-server-7-thread-1] DEBUG com.beanit.openiec61850.ServerAssociation - sub BDA is:IEDBiogasCHP/DSCH1.SchdAbsTm.val(26): 0.0
14:23:46.932 [openiec61850-osi-server-7-thread-1] DEBUG com.beanit.openiec61850.ServerAssociation - sub BDA is:IEDBiogasCHP/DSCH1.SchdAbsTm.val(27): 0.0
14:23:46.932 [openiec61850-osi-server-7-thread-1] DEBUG com.beanit.openiec61850.ServerAssociation - sub BDA is:IEDBiogasCHP/DSCH1.SchdAbsTm.val(28): 0.0
14:23:46.932 [openiec61850-osi-server-7-thread-1] DEBUG com.beanit.openiec61850.ServerAssociation - sub BDA is:IEDBiogasCHP/DSCH1.SchdAbsTm.val(29): 0.0
14:23:46.932 [openiec61850-osi-server-7-thread-1] DEBUG com.beanit.openiec61850.ServerAssociation - sub BDA is:IEDBiogasCHP/DSCH1.SchdAbsTm.val(30): 0.0
14:23:46.932 [openiec61850-osi-server-7-thread-1] DEBUG com.beanit.openiec61850.ServerAssociation - sub BDA is:IEDBiogasCHP/DSCH1.SchdAbsTm.val(31): 0.0
14:23:46.932 [openiec61850-osi-server-7-thread-1] DEBUG com.beanit.openiec61850.ServerAssociation - sub BDA is:IEDBiogasCHP/DSCH1.SchdAbsTm.val(32): 0.0
14:23:46.932 [openiec61850-osi-server-7-thread-1] DEBUG com.beanit.openiec61850.ServerAssociation - sub BDA is:IEDBiogasCHP/DSCH1.SchdAbsTm.val(33): 0.0
14:23:46.932 [openiec61850-osi-server-7-thread-1] DEBUG com.beanit.openiec61850.ServerAssociation - sub BDA is:IEDBiogasCHP/DSCH1.SchdAbsTm.val(34): 0.0
14:23:46.932 [openiec61850-osi-server-7-thread-1] DEBUG com.beanit.openiec61850.ServerAssociation - sub BDA is:IEDBiogasCHP/DSCH1.SchdAbsTm.val(35): 0.0
14:23:46.932 [openiec61850-osi-server-7-thread-1] DEBUG com.beanit.openiec61850.ServerAssociation - sub BDA is:IEDBiogasCHP/DSCH1.SchdAbsTm.val(36): 0.0
14:23:46.932 [openiec61850-osi-server-7-thread-1] DEBUG com.beanit.openiec61850.ServerAssociation - sub BDA is:IEDBiogasCHP/DSCH1.SchdAbsTm.val(37): 0.0
14:23:46.932 [openiec61850-osi-server-7-thread-1] DEBUG com.beanit.openiec61850.ServerAssociation - sub BDA is:IEDBiogasCHP/DSCH1.SchdAbsTm.val(38): 0.0
14:23:46.932 [openiec61850-osi-server-7-thread-1] DEBUG com.beanit.openiec61850.ServerAssociation - sub BDA is:IEDBiogasCHP/DSCH1.SchdAbsTm.val(39): 0.0
14:23:46.932 [openiec61850-osi-server-7-thread-1] DEBUG com.beanit.openiec61850.ServerAssociation - sub BDA is:IEDBiogasCHP/DSCH1.SchdAbsTm.val(40): 0.0
14:23:46.932 [openiec61850-osi-server-7-thread-1] DEBUG com.beanit.openiec61850.ServerAssociation - sub BDA is:IEDBiogasCHP/DSCH1.SchdAbsTm.val(41): 0.0
14:23:46.932 [openiec61850-osi-server-7-thread-1] DEBUG com.beanit.openiec61850.ServerAssociation - sub BDA is:IEDBiogasCHP/DSCH1.SchdAbsTm.val(42): 0.0
14:23:46.932 [openiec61850-osi-server-7-thread-1] DEBUG com.beanit.openiec61850.ServerAssociation - sub BDA is:IEDBiogasCHP/DSCH1.SchdAbsTm.val(43): 0.0
14:23:46.932 [openiec61850-osi-server-7-thread-1] DEBUG com.beanit.openiec61850.ServerAssociation - sub BDA is:IEDBiogasCHP/DSCH1.SchdAbsTm.val(44): 0.0
14:23:46.932 [openiec61850-osi-server-7-thread-1] DEBUG com.beanit.openiec61850.ServerAssociation - sub BDA is:IEDBiogasCHP/DSCH1.SchdAbsTm.val(45): 0.0
14:23:46.932 [openiec61850-osi-server-7-thread-1] DEBUG com.beanit.openiec61850.ServerAssociation - sub BDA is:IEDBiogasCHP/DSCH1.SchdAbsTm.val(46): 0.0
14:23:46.932 [openiec61850-osi-server-7-thread-1] DEBUG com.beanit.openiec61850.ServerAssociation - sub BDA is:IEDBiogasCHP/DSCH1.SchdAbsTm.val(47): 0.0
14:23:46.932 [openiec61850-osi-server-7-thread-1] DEBUG com.beanit.openiec61850.ServerAssociation - sub BDA is:IEDBiogasCHP/DSCH1.SchdAbsTm.val(48): 0.0
14:23:46.932 [openiec61850-osi-server-7-thread-1] DEBUG com.beanit.openiec61850.ServerAssociation - sub BDA is:IEDBiogasCHP/DSCH1.SchdAbsTm.val(49): 0.0
14:23:46.932 [openiec61850-osi-server-7-thread-1] DEBUG com.beanit.openiec61850.ServerAssociation - sub BDA is:IEDBiogasCHP/DSCH1.SchdAbsTm.val(50): 0.0
14:23:46.932 [openiec61850-osi-server-7-thread-1] DEBUG com.beanit.openiec61850.ServerAssociation - sub BDA is:IEDBiogasCHP/DSCH1.SchdAbsTm.val(51): 0.0
14:23:46.932 [openiec61850-osi-server-7-thread-1] DEBUG com.beanit.openiec61850.ServerAssociation - sub BDA is:IEDBiogasCHP/DSCH1.SchdAbsTm.val(52): 0.0
14:23:46.932 [openiec61850-osi-server-7-thread-1] DEBUG com.beanit.openiec61850.ServerAssociation - sub BDA is:IEDBiogasCHP/DSCH1.SchdAbsTm.val(53): 0.0
14:23:46.932 [openiec61850-osi-server-7-thread-1] DEBUG com.beanit.openiec61850.ServerAssociation - sub BDA is:IEDBiogasCHP/DSCH1.SchdAbsTm.val(54): 0.0
14:23:46.932 [openiec61850-osi-server-7-thread-1] DEBUG com.beanit.openiec61850.ServerAssociation - sub BDA is:IEDBiogasCHP/DSCH1.SchdAbsTm.val(55): 0.0
14:23:46.932 [openiec61850-osi-server-7-thread-1] DEBUG com.beanit.openiec61850.ServerAssociation - sub BDA is:IEDBiogasCHP/DSCH1.SchdAbsTm.val(56): 0.0
14:23:46.932 [openiec61850-osi-server-7-thread-1] DEBUG com.beanit.openiec61850.ServerAssociation - sub BDA is:IEDBiogasCHP/DSCH1.SchdAbsTm.val(57): 0.0
14:23:46.932 [openiec61850-osi-server-7-thread-1] DEBUG com.beanit.openiec61850.ServerAssociation - sub BDA is:IEDBiogasCHP/DSCH1.SchdAbsTm.val(58): 0.0
14:23:46.932 [openiec61850-osi-server-7-thread-1] DEBUG com.beanit.openiec61850.ServerAssociation - sub BDA is:IEDBiogasCHP/DSCH1.SchdAbsTm.val(59): 0.0
14:23:46.932 [openiec61850-osi-server-7-thread-1] DEBUG com.beanit.openiec61850.ServerAssociation - sub BDA is:IEDBiogasCHP/DSCH1.SchdAbsTm.val(60): 0.0
14:23:46.932 [openiec61850-osi-server-7-thread-1] DEBUG com.beanit.openiec61850.ServerAssociation - sub BDA is:IEDBiogasCHP/DSCH1.SchdAbsTm.val(61): 0.0
14:23:46.932 [openiec61850-osi-server-7-thread-1] DEBUG com.beanit.openiec61850.ServerAssociation - sub BDA is:IEDBiogasCHP/DSCH1.SchdAbsTm.val(62): 0.0
14:23:46.932 [openiec61850-osi-server-7-thread-1] DEBUG com.beanit.openiec61850.ServerAssociation - sub BDA is:IEDBiogasCHP/DSCH1.SchdAbsTm.val(63): 0.0
14:23:46.932 [openiec61850-osi-server-7-thread-1] DEBUG com.beanit.openiec61850.ServerAssociation - sub BDA is:IEDBiogasCHP/DSCH1.SchdAbsTm.val(64): 0.0
14:23:46.932 [openiec61850-osi-server-7-thread-1] DEBUG com.beanit.openiec61850.ServerAssociation - sub BDA is:IEDBiogasCHP/DSCH1.SchdAbsTm.val(65): 0.0
14:23:46.932 [openiec61850-osi-server-7-thread-1] DEBUG com.beanit.openiec61850.ServerAssociation - sub BDA is:IEDBiogasCHP/DSCH1.SchdAbsTm.val(66): 0.0
14:23:46.932 [openiec61850-osi-server-7-thread-1] DEBUG com.beanit.openiec61850.ServerAssociation - sub BDA is:IEDBiogasCHP/DSCH1.SchdAbsTm.val(67): 0.0
14:23:46.932 [openiec61850-osi-server-7-thread-1] DEBUG com.beanit.openiec61850.ServerAssociation - sub BDA is:IEDBiogasCHP/DSCH1.SchdAbsTm.val(68): 0.0
14:23:46.932 [openiec61850-osi-server-7-thread-1] DEBUG com.beanit.openiec61850.ServerAssociation - sub BDA is:IEDBiogasCHP/DSCH1.SchdAbsTm.val(69): 0.0
14:23:46.932 [openiec61850-osi-server-7-thread-1] DEBUG com.beanit.openiec61850.ServerAssociation - sub BDA is:IEDBiogasCHP/DSCH1.SchdAbsTm.val(70): 0.0
14:23:46.932 [openiec61850-osi-server-7-thread-1] DEBUG com.beanit.openiec61850.ServerAssociation - sub BDA is:IEDBiogasCHP/DSCH1.SchdAbsTm.val(71): 0.0
14:23:46.932 [openiec61850-osi-server-7-thread-1] DEBUG com.beanit.openiec61850.ServerAssociation - sub BDA is:IEDBiogasCHP/DSCH1.SchdAbsTm.val(72): 0.0
14:23:46.932 [openiec61850-osi-server-7-thread-1] DEBUG com.beanit.openiec61850.ServerAssociation - sub BDA is:IEDBiogasCHP/DSCH1.SchdAbsTm.val(73): 0.0
14:23:46.932 [openiec61850-osi-server-7-thread-1] DEBUG com.beanit.openiec61850.ServerAssociation - sub BDA is:IEDBiogasCHP/DSCH1.SchdAbsTm.val(74): 0.0
14:23:46.932 [openiec61850-osi-server-7-thread-1] DEBUG com.beanit.openiec61850.ServerAssociation - sub BDA is:IEDBiogasCHP/DSCH1.SchdAbsTm.val(75): 0.0
14:23:46.932 [openiec61850-osi-server-7-thread-1] DEBUG com.beanit.openiec61850.ServerAssociation - sub BDA is:IEDBiogasCHP/DSCH1.SchdAbsTm.val(76): 0.0
14:23:46.932 [openiec61850-osi-server-7-thread-1] DEBUG com.beanit.openiec61850.ServerAssociation - sub BDA is:IEDBiogasCHP/DSCH1.SchdAbsTm.val(77): 0.0
14:23:46.932 [openiec61850-osi-server-7-thread-1] DEBUG com.beanit.openiec61850.ServerAssociation - sub BDA is:IEDBiogasCHP/DSCH1.SchdAbsTm.val(78): 0.0
14:23:46.932 [openiec61850-osi-server-7-thread-1] DEBUG com.beanit.openiec61850.ServerAssociation - sub BDA is:IEDBiogasCHP/DSCH1.SchdAbsTm.val(79): 0.0
14:23:46.932 [openiec61850-osi-server-7-thread-1] DEBUG com.beanit.openiec61850.ServerAssociation - sub BDA is:IEDBiogasCHP/DSCH1.SchdAbsTm.val(80): 0.0
14:23:46.932 [openiec61850-osi-server-7-thread-1] DEBUG com.beanit.openiec61850.ServerAssociation - sub BDA is:IEDBiogasCHP/DSCH1.SchdAbsTm.val(81): 0.0
14:23:46.932 [openiec61850-osi-server-7-thread-1] DEBUG com.beanit.openiec61850.ServerAssociation - sub BDA is:IEDBiogasCHP/DSCH1.SchdAbsTm.val(82): 0.0
14:23:46.932 [openiec61850-osi-server-7-thread-1] DEBUG com.beanit.openiec61850.ServerAssociation - sub BDA is:IEDBiogasCHP/DSCH1.SchdAbsTm.val(83): 0.0
14:23:46.932 [openiec61850-osi-server-7-thread-1] DEBUG com.beanit.openiec61850.ServerAssociation - sub BDA is:IEDBiogasCHP/DSCH1.SchdAbsTm.val(84): 0.0
14:23:46.932 [openiec61850-osi-server-7-thread-1] DEBUG com.beanit.openiec61850.ServerAssociation - sub BDA is:IEDBiogasCHP/DSCH1.SchdAbsTm.val(85): 0.0
14:23:46.932 [openiec61850-osi-server-7-thread-1] DEBUG com.beanit.openiec61850.ServerAssociation - sub BDA is:IEDBiogasCHP/DSCH1.SchdAbsTm.val(86): 0.0
14:23:46.932 [openiec61850-osi-server-7-thread-1] DEBUG com.beanit.openiec61850.ServerAssociation - sub BDA is:IEDBiogasCHP/DSCH1.SchdAbsTm.val(87): 0.0
14:23:46.932 [openiec61850-osi-server-7-thread-1] DEBUG com.beanit.openiec61850.ServerAssociation - sub BDA is:IEDBiogasCHP/DSCH1.SchdAbsTm.val(88): 0.0
14:23:46.932 [openiec61850-osi-server-7-thread-1] DEBUG com.beanit.openiec61850.ServerAssociation - sub BDA is:IEDBiogasCHP/DSCH1.SchdAbsTm.val(89): 0.0
14:23:46.932 [openiec61850-osi-server-7-thread-1] DEBUG com.beanit.openiec61850.ServerAssociation - sub BDA is:IEDBiogasCHP/DSCH1.SchdAbsTm.val(90): 0.0
14:23:46.932 [openiec61850-osi-server-7-thread-1] DEBUG com.beanit.openiec61850.ServerAssociation - sub BDA is:IEDBiogasCHP/DSCH1.SchdAbsTm.val(91): 0.0
14:23:46.932 [openiec61850-osi-server-7-thread-1] DEBUG com.beanit.openiec61850.ServerAssociation - sub BDA is:IEDBiogasCHP/DSCH1.SchdAbsTm.val(92): 0.0
14:23:46.932 [openiec61850-osi-server-7-thread-1] DEBUG com.beanit.openiec61850.ServerAssociation - sub BDA is:IEDBiogasCHP/DSCH1.SchdAbsTm.val(93): 0.0
14:23:46.932 [openiec61850-osi-server-7-thread-1] DEBUG com.beanit.openiec61850.ServerAssociation - sub BDA is:IEDBiogasCHP/DSCH1.SchdAbsTm.val(94): 0.0
14:23:46.932 [openiec61850-osi-server-7-thread-1] DEBUG com.beanit.openiec61850.ServerAssociation - sub BDA is:IEDBiogasCHP/DSCH1.SchdAbsTm.val(95): 0.0
14:23:46.932 [openiec61850-osi-server-7-thread-1] DEBUG com.beanit.openiec61850.ServerAssociation - sub BDA is:IEDBiogasCHP/DSCH1.SchdAbsTm.rmpTyp: 0
14:23:46.933 [openiec61850-osi-server-7-thread-1] DEBUG com.beanit.openiec61850.ServerAssociation - sub BDA is:IEDBiogasCHP/DSCH1.SchdAbsTm.time(0): Thu Jan 01 01:00:00 CET 1970
14:23:46.933 [openiec61850-osi-server-7-thread-1] DEBUG com.beanit.openiec61850.ServerAssociation - sub BDA is:IEDBiogasCHP/DSCH1.SchdAbsTm.time(1): Thu Jan 01 01:00:00 CET 1970
14:23:46.933 [openiec61850-osi-server-7-thread-1] DEBUG com.beanit.openiec61850.ServerAssociation - sub BDA is:IEDBiogasCHP/DSCH1.SchdAbsTm.time(2): Thu Jan 01 01:00:00 CET 1970
14:23:46.933 [openiec61850-osi-server-7-thread-1] DEBUG com.beanit.openiec61850.ServerAssociation - sub BDA is:IEDBiogasCHP/DSCH1.SchdAbsTm.time(3): Thu Jan 01 01:00:00 CET 1970
14:23:46.933 [openiec61850-osi-server-7-thread-1] DEBUG com.beanit.openiec61850.ServerAssociation - sub BDA is:IEDBiogasCHP/DSCH1.SchdAbsTm.time(4): Thu Jan 01 01:00:00 CET 1970
14:23:46.933 [openiec61850-osi-server-7-thread-1] DEBUG com.beanit.openiec61850.ServerAssociation - sub BDA is:IEDBiogasCHP/DSCH1.SchdAbsTm.time(5): Thu Jan 01 01:00:00 CET 1970
14:23:46.933 [openiec61850-osi-server-7-thread-1] DEBUG com.beanit.openiec61850.ServerAssociation - sub BDA is:IEDBiogasCHP/DSCH1.SchdAbsTm.time(6): Thu Jan 01 01:00:00 CET 1970
14:23:46.933 [openiec61850-osi-server-7-thread-1] DEBUG com.beanit.openiec61850.ServerAssociation - sub BDA is:IEDBiogasCHP/DSCH1.SchdAbsTm.time(7): Thu Jan 01 01:00:00 CET 1970
14:23:46.933 [openiec61850-osi-server-7-thread-1] DEBUG com.beanit.openiec61850.ServerAssociation - sub BDA is:IEDBiogasCHP/DSCH1.SchdAbsTm.time(8): Thu Jan 01 01:00:00 CET 1970
14:23:46.933 [openiec61850-osi-server-7-thread-1] DEBUG com.beanit.openiec61850.ServerAssociation - sub BDA is:IEDBiogasCHP/DSCH1.SchdAbsTm.time(9): Thu Jan 01 01:00:00 CET 1970
14:23:46.933 [openiec61850-osi-server-7-thread-1] DEBUG com.beanit.openiec61850.ServerAssociation - sub BDA is:IEDBiogasCHP/DSCH1.SchdAbsTm.time(10): Thu Jan 01 01:00:00 CET 1970
14:23:46.933 [openiec61850-osi-server-7-thread-1] DEBUG com.beanit.openiec61850.ServerAssociation - sub BDA is:IEDBiogasCHP/DSCH1.SchdAbsTm.time(11): Thu Jan 01 01:00:00 CET 1970
14:23:46.933 [openiec61850-osi-server-7-thread-1] DEBUG com.beanit.openiec61850.ServerAssociation - sub BDA is:IEDBiogasCHP/DSCH1.SchdAbsTm.time(12): Thu Jan 01 01:00:00 CET 1970
14:23:46.933 [openiec61850-osi-server-7-thread-1] DEBUG com.beanit.openiec61850.ServerAssociation - sub BDA is:IEDBiogasCHP/DSCH1.SchdAbsTm.time(13): Thu Jan 01 01:00:00 CET 1970
14:23:46.933 [openiec61850-osi-server-7-thread-1] DEBUG com.beanit.openiec61850.ServerAssociation - sub BDA is:IEDBiogasCHP/DSCH1.SchdAbsTm.time(14): Thu Jan 01 01:00:00 CET 1970
14:23:46.933 [openiec61850-osi-server-7-thread-1] DEBUG com.beanit.openiec61850.ServerAssociation - sub BDA is:IEDBiogasCHP/DSCH1.SchdAbsTm.time(15): Thu Jan 01 01:00:00 CET 1970
14:23:46.933 [openiec61850-osi-server-7-thread-1] DEBUG com.beanit.openiec61850.ServerAssociation - sub BDA is:IEDBiogasCHP/DSCH1.SchdAbsTm.time(16): Thu Jan 01 01:00:00 CET 1970
14:23:46.933 [openiec61850-osi-server-7-thread-1] DEBUG com.beanit.openiec61850.ServerAssociation - sub BDA is:IEDBiogasCHP/DSCH1.SchdAbsTm.time(17): Thu Jan 01 01:00:00 CET 1970
14:23:46.933 [openiec61850-osi-server-7-thread-1] DEBUG com.beanit.openiec61850.ServerAssociation - sub BDA is:IEDBiogasCHP/DSCH1.SchdAbsTm.time(18): Thu Jan 01 01:00:00 CET 1970
14:23:46.933 [openiec61850-osi-server-7-thread-1] DEBUG com.beanit.openiec61850.ServerAssociation - sub BDA is:IEDBiogasCHP/DSCH1.SchdAbsTm.time(19): Thu Jan 01 01:00:00 CET 1970
14:23:46.933 [openiec61850-osi-server-7-thread-1] DEBUG com.beanit.openiec61850.ServerAssociation - sub BDA is:IEDBiogasCHP/DSCH1.SchdAbsTm.time(20): Thu Jan 01 01:00:00 CET 1970
14:23:46.933 [openiec61850-osi-server-7-thread-1] DEBUG com.beanit.openiec61850.ServerAssociation - sub BDA is:IEDBiogasCHP/DSCH1.SchdAbsTm.time(21): Thu Jan 01 01:00:00 CET 1970
14:23:46.933 [openiec61850-osi-server-7-thread-1] DEBUG com.beanit.openiec61850.ServerAssociation - sub BDA is:IEDBiogasCHP/DSCH1.SchdAbsTm.time(22): Thu Jan 01 01:00:00 CET 1970
14:23:46.933 [openiec61850-osi-server-7-thread-1] DEBUG com.beanit.openiec61850.ServerAssociation - sub BDA is:IEDBiogasCHP/DSCH1.SchdAbsTm.time(23): Thu Jan 01 01:00:00 CET 1970
14:23:46.933 [openiec61850-osi-server-7-thread-1] DEBUG com.beanit.openiec61850.ServerAssociation - sub BDA is:IEDBiogasCHP/DSCH1.SchdAbsTm.time(24): Thu Jan 01 01:00:00 CET 1970
14:23:46.933 [openiec61850-osi-server-7-thread-1] DEBUG com.beanit.openiec61850.ServerAssociation - sub BDA is:IEDBiogasCHP/DSCH1.SchdAbsTm.time(25): Thu Jan 01 01:00:00 CET 1970
14:23:46.933 [openiec61850-osi-server-7-thread-1] DEBUG com.beanit.openiec61850.ServerAssociation - sub BDA is:IEDBiogasCHP/DSCH1.SchdAbsTm.time(26): Thu Jan 01 01:00:00 CET 1970
14:23:46.933 [openiec61850-osi-server-7-thread-1] DEBUG com.beanit.openiec61850.ServerAssociation - sub BDA is:IEDBiogasCHP/DSCH1.SchdAbsTm.time(27): Thu Jan 01 01:00:00 CET 1970
14:23:46.933 [openiec61850-osi-server-7-thread-1] DEBUG com.beanit.openiec61850.ServerAssociation - sub BDA is:IEDBiogasCHP/DSCH1.SchdAbsTm.time(28): Thu Jan 01 01:00:00 CET 1970
14:23:46.933 [openiec61850-osi-server-7-thread-1] DEBUG com.beanit.openiec61850.ServerAssociation - sub BDA is:IEDBiogasCHP/DSCH1.SchdAbsTm.time(29): Thu Jan 01 01:00:00 CET 1970
14:23:46.933 [openiec61850-osi-server-7-thread-1] DEBUG com.beanit.openiec61850.ServerAssociation - sub BDA is:IEDBiogasCHP/DSCH1.SchdAbsTm.time(30): Thu Jan 01 01:00:00 CET 1970
14:23:46.933 [openiec61850-osi-server-7-thread-1] DEBUG com.beanit.openiec61850.ServerAssociation - sub BDA is:IEDBiogasCHP/DSCH1.SchdAbsTm.time(31): Thu Jan 01 01:00:00 CET 1970
14:23:46.933 [openiec61850-osi-server-7-thread-1] DEBUG com.beanit.openiec61850.ServerAssociation - sub BDA is:IEDBiogasCHP/DSCH1.SchdAbsTm.time(32): Thu Jan 01 01:00:00 CET 1970
14:23:46.933 [openiec61850-osi-server-7-thread-1] DEBUG com.beanit.openiec61850.ServerAssociation - sub BDA is:IEDBiogasCHP/DSCH1.SchdAbsTm.time(33): Thu Jan 01 01:00:00 CET 1970
14:23:46.933 [openiec61850-osi-server-7-thread-1] DEBUG com.beanit.openiec61850.ServerAssociation - sub BDA is:IEDBiogasCHP/DSCH1.SchdAbsTm.time(34): Thu Jan 01 01:00:00 CET 1970
14:23:46.933 [openiec61850-osi-server-7-thread-1] DEBUG com.beanit.openiec61850.ServerAssociation - sub BDA is:IEDBiogasCHP/DSCH1.SchdAbsTm.time(35): Thu Jan 01 01:00:00 CET 1970
14:23:46.933 [openiec61850-osi-server-7-thread-1] DEBUG com.beanit.openiec61850.ServerAssociation - sub BDA is:IEDBiogasCHP/DSCH1.SchdAbsTm.time(36): Thu Jan 01 01:00:00 CET 1970
14:23:46.933 [openiec61850-osi-server-7-thread-1] DEBUG com.beanit.openiec61850.ServerAssociation - sub BDA is:IEDBiogasCHP/DSCH1.SchdAbsTm.time(37): Thu Jan 01 01:00:00 CET 1970
14:23:46.933 [openiec61850-osi-server-7-thread-1] DEBUG com.beanit.openiec61850.ServerAssociation - sub BDA is:IEDBiogasCHP/DSCH1.SchdAbsTm.time(38): Thu Jan 01 01:00:00 CET 1970
14:23:46.933 [openiec61850-osi-server-7-thread-1] DEBUG com.beanit.openiec61850.ServerAssociation - sub BDA is:IEDBiogasCHP/DSCH1.SchdAbsTm.time(39): Thu Jan 01 01:00:00 CET 1970
14:23:46.933 [openiec61850-osi-server-7-thread-1] DEBUG com.beanit.openiec61850.ServerAssociation - sub BDA is:IEDBiogasCHP/DSCH1.SchdAbsTm.time(40): Thu Jan 01 01:00:00 CET 1970
14:23:46.933 [openiec61850-osi-server-7-thread-1] DEBUG com.beanit.openiec61850.ServerAssociation - sub BDA is:IEDBiogasCHP/DSCH1.SchdAbsTm.time(41): Thu Jan 01 01:00:00 CET 1970
14:23:46.933 [openiec61850-osi-server-7-thread-1] DEBUG com.beanit.openiec61850.ServerAssociation - sub BDA is:IEDBiogasCHP/DSCH1.SchdAbsTm.time(42): Thu Jan 01 01:00:00 CET 1970
14:23:46.933 [openiec61850-osi-server-7-thread-1] DEBUG com.beanit.openiec61850.ServerAssociation - sub BDA is:IEDBiogasCHP/DSCH1.SchdAbsTm.time(43): Thu Jan 01 01:00:00 CET 1970
14:23:46.933 [openiec61850-osi-server-7-thread-1] DEBUG com.beanit.openiec61850.ServerAssociation - sub BDA is:IEDBiogasCHP/DSCH1.SchdAbsTm.time(44): Thu Jan 01 01:00:00 CET 1970
14:23:46.933 [openiec61850-osi-server-7-thread-1] DEBUG com.beanit.openiec61850.ServerAssociation - sub BDA is:IEDBiogasCHP/DSCH1.SchdAbsTm.time(45): Thu Jan 01 01:00:00 CET 1970
14:23:46.933 [openiec61850-osi-server-7-thread-1] DEBUG com.beanit.openiec61850.ServerAssociation - sub BDA is:IEDBiogasCHP/DSCH1.SchdAbsTm.time(46): Thu Jan 01 01:00:00 CET 1970
14:23:46.934 [openiec61850-osi-server-7-thread-1] DEBUG com.beanit.openiec61850.ServerAssociation - sub BDA is:IEDBiogasCHP/DSCH1.SchdAbsTm.time(47): Thu Jan 01 01:00:00 CET 1970
14:23:46.934 [openiec61850-osi-server-7-thread-1] DEBUG com.beanit.openiec61850.ServerAssociation - sub BDA is:IEDBiogasCHP/DSCH1.SchdAbsTm.time(48): Thu Jan 01 01:00:00 CET 1970
14:23:46.934 [openiec61850-osi-server-7-thread-1] DEBUG com.beanit.openiec61850.ServerAssociation - sub BDA is:IEDBiogasCHP/DSCH1.SchdAbsTm.time(49): Thu Jan 01 01:00:00 CET 1970
14:23:46.934 [openiec61850-osi-server-7-thread-1] DEBUG com.beanit.openiec61850.ServerAssociation - sub BDA is:IEDBiogasCHP/DSCH1.SchdAbsTm.time(50): Thu Jan 01 01:00:00 CET 1970
14:23:46.934 [openiec61850-osi-server-7-thread-1] DEBUG com.beanit.openiec61850.ServerAssociation - sub BDA is:IEDBiogasCHP/DSCH1.SchdAbsTm.time(51): Thu Jan 01 01:00:00 CET 1970
14:23:46.934 [openiec61850-osi-server-7-thread-1] DEBUG com.beanit.openiec61850.ServerAssociation - sub BDA is:IEDBiogasCHP/DSCH1.SchdAbsTm.time(52): Thu Jan 01 01:00:00 CET 1970
14:23:46.934 [openiec61850-osi-server-7-thread-1] DEBUG com.beanit.openiec61850.ServerAssociation - sub BDA is:IEDBiogasCHP/DSCH1.SchdAbsTm.time(53): Thu Jan 01 01:00:00 CET 1970
14:23:46.934 [openiec61850-osi-server-7-thread-1] DEBUG com.beanit.openiec61850.ServerAssociation - sub BDA is:IEDBiogasCHP/DSCH1.SchdAbsTm.time(54): Thu Jan 01 01:00:00 CET 1970
14:23:46.934 [openiec61850-osi-server-7-thread-1] DEBUG com.beanit.openiec61850.ServerAssociation - sub BDA is:IEDBiogasCHP/DSCH1.SchdAbsTm.time(55): Thu Jan 01 01:00:00 CET 1970
14:23:46.934 [openiec61850-osi-server-7-thread-1] DEBUG com.beanit.openiec61850.ServerAssociation - sub BDA is:IEDBiogasCHP/DSCH1.SchdAbsTm.time(56): Thu Jan 01 01:00:00 CET 1970
14:23:46.934 [openiec61850-osi-server-7-thread-1] DEBUG com.beanit.openiec61850.ServerAssociation - sub BDA is:IEDBiogasCHP/DSCH1.SchdAbsTm.time(57): Thu Jan 01 01:00:00 CET 1970
14:23:46.934 [openiec61850-osi-server-7-thread-1] DEBUG com.beanit.openiec61850.ServerAssociation - sub BDA is:IEDBiogasCHP/DSCH1.SchdAbsTm.time(58): Thu Jan 01 01:00:00 CET 1970
14:23:46.934 [openiec61850-osi-server-7-thread-1] DEBUG com.beanit.openiec61850.ServerAssociation - sub BDA is:IEDBiogasCHP/DSCH1.SchdAbsTm.time(59): Thu Jan 01 01:00:00 CET 1970
14:23:46.934 [openiec61850-osi-server-7-thread-1] DEBUG com.beanit.openiec61850.ServerAssociation - sub BDA is:IEDBiogasCHP/DSCH1.SchdAbsTm.time(60): Thu Jan 01 01:00:00 CET 1970
14:23:46.934 [openiec61850-osi-server-7-thread-1] DEBUG com.beanit.openiec61850.ServerAssociation - sub BDA is:IEDBiogasCHP/DSCH1.SchdAbsTm.time(61): Thu Jan 01 01:00:00 CET 1970
14:23:46.934 [openiec61850-osi-server-7-thread-1] DEBUG com.beanit.openiec61850.ServerAssociation - sub BDA is:IEDBiogasCHP/DSCH1.SchdAbsTm.time(62): Thu Jan 01 01:00:00 CET 1970
14:23:46.934 [openiec61850-osi-server-7-thread-1] DEBUG com.beanit.openiec61850.ServerAssociation - sub BDA is:IEDBiogasCHP/DSCH1.SchdAbsTm.time(63): Thu Jan 01 01:00:00 CET 1970
14:23:46.934 [openiec61850-osi-server-7-thread-1] DEBUG com.beanit.openiec61850.ServerAssociation - sub BDA is:IEDBiogasCHP/DSCH1.SchdAbsTm.time(64): Thu Jan 01 01:00:00 CET 1970
14:23:46.934 [openiec61850-osi-server-7-thread-1] DEBUG com.beanit.openiec61850.ServerAssociation - sub BDA is:IEDBiogasCHP/DSCH1.SchdAbsTm.time(65): Thu Jan 01 01:00:00 CET 1970
14:23:46.934 [openiec61850-osi-server-7-thread-1] DEBUG com.beanit.openiec61850.ServerAssociation - sub BDA is:IEDBiogasCHP/DSCH1.SchdAbsTm.time(66): Thu Jan 01 01:00:00 CET 1970
14:23:46.934 [openiec61850-osi-server-7-thread-1] DEBUG com.beanit.openiec61850.ServerAssociation - sub BDA is:IEDBiogasCHP/DSCH1.SchdAbsTm.time(67): Thu Jan 01 01:00:00 CET 1970
14:23:46.934 [openiec61850-osi-server-7-thread-1] DEBUG com.beanit.openiec61850.ServerAssociation - sub BDA is:IEDBiogasCHP/DSCH1.SchdAbsTm.time(68): Thu Jan 01 01:00:00 CET 1970
14:23:46.934 [openiec61850-osi-server-7-thread-1] DEBUG com.beanit.openiec61850.ServerAssociation - sub BDA is:IEDBiogasCHP/DSCH1.SchdAbsTm.time(69): Thu Jan 01 01:00:00 CET 1970
14:23:46.934 [openiec61850-osi-server-7-thread-1] DEBUG com.beanit.openiec61850.ServerAssociation - sub BDA is:IEDBiogasCHP/DSCH1.SchdAbsTm.time(70): Thu Jan 01 01:00:00 CET 1970
14:23:46.934 [openiec61850-osi-server-7-thread-1] DEBUG com.beanit.openiec61850.ServerAssociation - sub BDA is:IEDBiogasCHP/DSCH1.SchdAbsTm.time(71): Thu Jan 01 01:00:00 CET 1970
14:23:46.934 [openiec61850-osi-server-7-thread-1] DEBUG com.beanit.openiec61850.ServerAssociation - sub BDA is:IEDBiogasCHP/DSCH1.SchdAbsTm.time(72): Thu Jan 01 01:00:00 CET 1970
14:23:46.934 [openiec61850-osi-server-7-thread-1] DEBUG com.beanit.openiec61850.ServerAssociation - sub BDA is:IEDBiogasCHP/DSCH1.SchdAbsTm.time(73): Thu Jan 01 01:00:00 CET 1970
14:23:46.934 [openiec61850-osi-server-7-thread-1] DEBUG com.beanit.openiec61850.ServerAssociation - sub BDA is:IEDBiogasCHP/DSCH1.SchdAbsTm.time(74): Thu Jan 01 01:00:00 CET 1970
14:23:46.934 [openiec61850-osi-server-7-thread-1] DEBUG com.beanit.openiec61850.ServerAssociation - sub BDA is:IEDBiogasCHP/DSCH1.SchdAbsTm.time(75): Thu Jan 01 01:00:00 CET 1970
14:23:46.934 [openiec61850-osi-server-7-thread-1] DEBUG com.beanit.openiec61850.ServerAssociation - sub BDA is:IEDBiogasCHP/DSCH1.SchdAbsTm.time(76): Thu Jan 01 01:00:00 CET 1970
14:23:46.934 [openiec61850-osi-server-7-thread-1] DEBUG com.beanit.openiec61850.ServerAssociation - sub BDA is:IEDBiogasCHP/DSCH1.SchdAbsTm.time(77): Thu Jan 01 01:00:00 CET 1970
14:23:46.934 [openiec61850-osi-server-7-thread-1] DEBUG com.beanit.openiec61850.ServerAssociation - sub BDA is:IEDBiogasCHP/DSCH1.SchdAbsTm.time(78): Thu Jan 01 01:00:00 CET 1970
14:23:46.934 [openiec61850-osi-server-7-thread-1] DEBUG com.beanit.openiec61850.ServerAssociation - sub BDA is:IEDBiogasCHP/DSCH1.SchdAbsTm.time(79): Thu Jan 01 01:00:00 CET 1970
14:23:46.934 [openiec61850-osi-server-7-thread-1] DEBUG com.beanit.openiec61850.ServerAssociation - sub BDA is:IEDBiogasCHP/DSCH1.SchdAbsTm.time(80): Thu Jan 01 01:00:00 CET 1970
14:23:46.934 [openiec61850-osi-server-7-thread-1] DEBUG com.beanit.openiec61850.ServerAssociation - sub BDA is:IEDBiogasCHP/DSCH1.SchdAbsTm.time(81): Thu Jan 01 01:00:00 CET 1970
14:23:46.934 [openiec61850-osi-server-7-thread-1] DEBUG com.beanit.openiec61850.ServerAssociation - sub BDA is:IEDBiogasCHP/DSCH1.SchdAbsTm.time(82): Thu Jan 01 01:00:00 CET 1970
14:23:46.934 [openiec61850-osi-server-7-thread-1] DEBUG com.beanit.openiec61850.ServerAssociation - sub BDA is:IEDBiogasCHP/DSCH1.SchdAbsTm.time(83): Thu Jan 01 01:00:00 CET 1970
14:23:46.934 [openiec61850-osi-server-7-thread-1] DEBUG com.beanit.openiec61850.ServerAssociation - sub BDA is:IEDBiogasCHP/DSCH1.SchdAbsTm.time(84): Thu Jan 01 01:00:00 CET 1970
14:23:46.934 [openiec61850-osi-server-7-thread-1] DEBUG com.beanit.openiec61850.ServerAssociation - sub BDA is:IEDBiogasCHP/DSCH1.SchdAbsTm.time(85): Thu Jan 01 01:00:00 CET 1970
14:23:46.934 [openiec61850-osi-server-7-thread-1] DEBUG com.beanit.openiec61850.ServerAssociation - sub BDA is:IEDBiogasCHP/DSCH1.SchdAbsTm.time(86): Thu Jan 01 01:00:00 CET 1970
14:23:46.934 [openiec61850-osi-server-7-thread-1] DEBUG com.beanit.openiec61850.ServerAssociation - sub BDA is:IEDBiogasCHP/DSCH1.SchdAbsTm.time(87): Thu Jan 01 01:00:00 CET 1970
14:23:46.934 [openiec61850-osi-server-7-thread-1] DEBUG com.beanit.openiec61850.ServerAssociation - sub BDA is:IEDBiogasCHP/DSCH1.SchdAbsTm.time(88): Thu Jan 01 01:00:00 CET 1970
14:23:46.934 [openiec61850-osi-server-7-thread-1] DEBUG com.beanit.openiec61850.ServerAssociation - sub BDA is:IEDBiogasCHP/DSCH1.SchdAbsTm.time(89): Thu Jan 01 01:00:00 CET 1970
14:23:46.934 [openiec61850-osi-server-7-thread-1] DEBUG com.beanit.openiec61850.ServerAssociation - sub BDA is:IEDBiogasCHP/DSCH1.SchdAbsTm.time(90): Thu Jan 01 01:00:00 CET 1970
14:23:46.934 [openiec61850-osi-server-7-thread-1] DEBUG com.beanit.openiec61850.ServerAssociation - sub BDA is:IEDBiogasCHP/DSCH1.SchdAbsTm.time(91): Thu Jan 01 01:00:00 CET 1970
14:23:46.935 [openiec61850-osi-server-7-thread-1] DEBUG com.beanit.openiec61850.ServerAssociation - sub BDA is:IEDBiogasCHP/DSCH1.SchdAbsTm.time(92): Thu Jan 01 01:00:00 CET 1970
14:23:46.935 [openiec61850-osi-server-7-thread-1] DEBUG com.beanit.openiec61850.ServerAssociation - sub BDA is:IEDBiogasCHP/DSCH1.SchdAbsTm.time(93): Thu Jan 01 01:00:00 CET 1970
14:23:46.935 [openiec61850-osi-server-7-thread-1] DEBUG com.beanit.openiec61850.ServerAssociation - sub BDA is:IEDBiogasCHP/DSCH1.SchdAbsTm.time(94): Thu Jan 01 01:00:00 CET 1970
14:23:46.935 [openiec61850-osi-server-7-thread-1] DEBUG com.beanit.openiec61850.ServerAssociation - sub BDA is:IEDBiogasCHP/DSCH1.SchdAbsTm.time(95): Thu Jan 01 01:00:00 CET 1970
calling GetDataValues(IEDBiogasCHP/DSCH1.SchdAbsTm.numPts)
14:23:46.935 [openiec61850-osi-server-7-thread-1] DEBUG com.beanit.openiec61850.ServerAssociation - Got a GetDataValues request for node: IEDBiogasCHP/DSCH1.SchdAbsTm.numPts: 0
calling GetDataValues(IEDBiogasCHP/DSCH1.SchdAbsTm.val)
14:23:46.935 [openiec61850-osi-server-7-thread-1] DEBUG com.beanit.openiec61850.ServerAssociation - Got a GetDataValues request for node: IEDBiogasCHP/DSCH1.SchdAbsTm.val [SP]
IEDBiogasCHP/DSCH1.SchdAbsTm.val(0): 0.0
IEDBiogasCHP/DSCH1.SchdAbsTm.val(1): 0.0
IEDBiogasCHP/DSCH1.SchdAbsTm.val(2): 0.0
IEDBiogasCHP/DSCH1.SchdAbsTm.val(3): 0.0
IEDBiogasCHP/DSCH1.SchdAbsTm.val(4): 0.0
IEDBiogasCHP/DSCH1.SchdAbsTm.val(5): 0.0
IEDBiogasCHP/DSCH1.SchdAbsTm.val(6): 0.0
IEDBiogasCHP/DSCH1.SchdAbsTm.val(7): 0.0
IEDBiogasCHP/DSCH1.SchdAbsTm.val(8): 0.0
IEDBiogasCHP/DSCH1.SchdAbsTm.val(9): 0.0
IEDBiogasCHP/DSCH1.SchdAbsTm.val(10): 0.0
IEDBiogasCHP/DSCH1.SchdAbsTm.val(11): 0.0
IEDBiogasCHP/DSCH1.SchdAbsTm.val(12): 0.0
IEDBiogasCHP/DSCH1.SchdAbsTm.val(13): 0.0
IEDBiogasCHP/DSCH1.SchdAbsTm.val(14): 0.0
IEDBiogasCHP/DSCH1.SchdAbsTm.val(15): 0.0
IEDBiogasCHP/DSCH1.SchdAbsTm.val(16): 0.0
IEDBiogasCHP/DSCH1.SchdAbsTm.val(17): 0.0
IEDBiogasCHP/DSCH1.SchdAbsTm.val(18): 0.0
IEDBiogasCHP/DSCH1.SchdAbsTm.val(19): 0.0
IEDBiogasCHP/DSCH1.SchdAbsTm.val(20): 0.0
IEDBiogasCHP/DSCH1.SchdAbsTm.val(21): 0.0
IEDBiogasCHP/DSCH1.SchdAbsTm.val(22): 0.0
IEDBiogasCHP/DSCH1.SchdAbsTm.val(23): 0.0
IEDBiogasCHP/DSCH1.SchdAbsTm.val(24): 0.0
IEDBiogasCHP/DSCH1.SchdAbsTm.val(25): 0.0
IEDBiogasCHP/DSCH1.SchdAbsTm.val(26): 0.0
IEDBiogasCHP/DSCH1.SchdAbsTm.val(27): 0.0
IEDBiogasCHP/DSCH1.SchdAbsTm.val(28): 0.0
IEDBiogasCHP/DSCH1.SchdAbsTm.val(29): 0.0
IEDBiogasCHP/DSCH1.SchdAbsTm.val(30): 0.0
IEDBiogasCHP/DSCH1.SchdAbsTm.val(31): 0.0
IEDBiogasCHP/DSCH1.SchdAbsTm.val(32): 0.0
IEDBiogasCHP/DSCH1.SchdAbsTm.val(33): 0.0
IEDBiogasCHP/DSCH1.SchdAbsTm.val(34): 0.0
IEDBiogasCHP/DSCH1.SchdAbsTm.val(35): 0.0
IEDBiogasCHP/DSCH1.SchdAbsTm.val(36): 0.0
IEDBiogasCHP/DSCH1.SchdAbsTm.val(37): 0.0
IEDBiogasCHP/DSCH1.SchdAbsTm.val(38): 0.0
IEDBiogasCHP/DSCH1.SchdAbsTm.val(39): 0.0
IEDBiogasCHP/DSCH1.SchdAbsTm.val(40): 0.0
IEDBiogasCHP/DSCH1.SchdAbsTm.val(41): 0.0
IEDBiogasCHP/DSCH1.SchdAbsTm.val(42): 0.0
IEDBiogasCHP/DSCH1.SchdAbsTm.val(43): 0.0
IEDBiogasCHP/DSCH1.SchdAbsTm.val(44): 0.0
IEDBiogasCHP/DSCH1.SchdAbsTm.val(45): 0.0
IEDBiogasCHP/DSCH1.SchdAbsTm.val(46): 0.0
IEDBiogasCHP/DSCH1.SchdAbsTm.val(47): 0.0
IEDBiogasCHP/DSCH1.SchdAbsTm.val(48): 0.0
IEDBiogasCHP/DSCH1.SchdAbsTm.val(49): 0.0
IEDBiogasCHP/DSCH1.SchdAbsTm.val(50): 0.0
IEDBiogasCHP/DSCH1.SchdAbsTm.val(51): 0.0
IEDBiogasCHP/DSCH1.SchdAbsTm.val(52): 0.0
IEDBiogasCHP/DSCH1.SchdAbsTm.val(53): 0.0
IEDBiogasCHP/DSCH1.SchdAbsTm.val(54): 0.0
IEDBiogasCHP/DSCH1.SchdAbsTm.val(55): 0.0
IEDBiogasCHP/DSCH1.SchdAbsTm.val(56): 0.0
IEDBiogasCHP/DSCH1.SchdAbsTm.val(57): 0.0
IEDBiogasCHP/DSCH1.SchdAbsTm.val(58): 0.0
IEDBiogasCHP/DSCH1.SchdAbsTm.val(59): 0.0
IEDBiogasCHP/DSCH1.SchdAbsTm.val(60): 0.0
IEDBiogasCHP/DSCH1.SchdAbsTm.val(61): 0.0
IEDBiogasCHP/DSCH1.SchdAbsTm.val(62): 0.0
IEDBiogasCHP/DSCH1.SchdAbsTm.val(63): 0.0
IEDBiogasCHP/DSCH1.SchdAbsTm.val(64): 0.0
IEDBiogasCHP/DSCH1.SchdAbsTm.val(65): 0.0
IEDBiogasCHP/DSCH1.SchdAbsTm.val(66): 0.0
IEDBiogasCHP/DSCH1.SchdAbsTm.val(67): 0.0
IEDBiogasCHP/DSCH1.SchdAbsTm.val(68): 0.0
IEDBiogasCHP/DSCH1.SchdAbsTm.val(69): 0.0
IEDBiogasCHP/DSCH1.SchdAbsTm.val(70): 0.0
IEDBiogasCHP/DSCH1.SchdAbsTm.val(71): 0.0
IEDBiogasCHP/DSCH1.SchdAbsTm.val(72): 0.0
IEDBiogasCHP/DSCH1.SchdAbsTm.val(73): 0.0
IEDBiogasCHP/DSCH1.SchdAbsTm.val(74): 0.0
IEDBiogasCHP/DSCH1.SchdAbsTm.val(75): 0.0
IEDBiogasCHP/DSCH1.SchdAbsTm.val(76): 0.0
IEDBiogasCHP/DSCH1.SchdAbsTm.val(77): 0.0
IEDBiogasCHP/DSCH1.SchdAbsTm.val(78): 0.0
IEDBiogasCHP/DSCH1.SchdAbsTm.val(79): 0.0
IEDBiogasCHP/DSCH1.SchdAbsTm.val(80): 0.0
IEDBiogasCHP/DSCH1.SchdAbsTm.val(81): 0.0
IEDBiogasCHP/DSCH1.SchdAbsTm.val(82): 0.0
IEDBiogasCHP/DSCH1.SchdAbsTm.val(83): 0.0
IEDBiogasCHP/DSCH1.SchdAbsTm.val(84): 0.0
IEDBiogasCHP/DSCH1.SchdAbsTm.val(85): 0.0
IEDBiogasCHP/DSCH1.SchdAbsTm.val(86): 0.0
IEDBiogasCHP/DSCH1.SchdAbsTm.val(87): 0.0
IEDBiogasCHP/DSCH1.SchdAbsTm.val(88): 0.0
IEDBiogasCHP/DSCH1.SchdAbsTm.val(89): 0.0
IEDBiogasCHP/DSCH1.SchdAbsTm.val(90): 0.0
IEDBiogasCHP/DSCH1.SchdAbsTm.val(91): 0.0
IEDBiogasCHP/DSCH1.SchdAbsTm.val(92): 0.0
IEDBiogasCHP/DSCH1.SchdAbsTm.val(93): 0.0
IEDBiogasCHP/DSCH1.SchdAbsTm.val(94): 0.0
IEDBiogasCHP/DSCH1.SchdAbsTm.val(95): 0.0
14:23:46.936 [openiec61850-osi-server-7-thread-1] DEBUG com.beanit.openiec61850.ServerAssociation - sub BDA is:IEDBiogasCHP/DSCH1.SchdAbsTm.val(0): 0.0
14:23:46.936 [openiec61850-osi-server-7-thread-1] DEBUG com.beanit.openiec61850.ServerAssociation - sub BDA is:IEDBiogasCHP/DSCH1.SchdAbsTm.val(1): 0.0
14:23:46.936 [openiec61850-osi-server-7-thread-1] DEBUG com.beanit.openiec61850.ServerAssociation - sub BDA is:IEDBiogasCHP/DSCH1.SchdAbsTm.val(2): 0.0
14:23:46.936 [openiec61850-osi-server-7-thread-1] DEBUG com.beanit.openiec61850.ServerAssociation - sub BDA is:IEDBiogasCHP/DSCH1.SchdAbsTm.val(3): 0.0
14:23:46.936 [openiec61850-osi-server-7-thread-1] DEBUG com.beanit.openiec61850.ServerAssociation - sub BDA is:IEDBiogasCHP/DSCH1.SchdAbsTm.val(4): 0.0
14:23:46.936 [openiec61850-osi-server-7-thread-1] DEBUG com.beanit.openiec61850.ServerAssociation - sub BDA is:IEDBiogasCHP/DSCH1.SchdAbsTm.val(5): 0.0
14:23:46.936 [openiec61850-osi-server-7-thread-1] DEBUG com.beanit.openiec61850.ServerAssociation - sub BDA is:IEDBiogasCHP/DSCH1.SchdAbsTm.val(6): 0.0
14:23:46.936 [openiec61850-osi-server-7-thread-1] DEBUG com.beanit.openiec61850.ServerAssociation - sub BDA is:IEDBiogasCHP/DSCH1.SchdAbsTm.val(7): 0.0
14:23:46.936 [openiec61850-osi-server-7-thread-1] DEBUG com.beanit.openiec61850.ServerAssociation - sub BDA is:IEDBiogasCHP/DSCH1.SchdAbsTm.val(8): 0.0
14:23:46.936 [openiec61850-osi-server-7-thread-1] DEBUG com.beanit.openiec61850.ServerAssociation - sub BDA is:IEDBiogasCHP/DSCH1.SchdAbsTm.val(9): 0.0
14:23:46.936 [openiec61850-osi-server-7-thread-1] DEBUG com.beanit.openiec61850.ServerAssociation - sub BDA is:IEDBiogasCHP/DSCH1.SchdAbsTm.val(10): 0.0
14:23:46.936 [openiec61850-osi-server-7-thread-1] DEBUG com.beanit.openiec61850.ServerAssociation - sub BDA is:IEDBiogasCHP/DSCH1.SchdAbsTm.val(11): 0.0
14:23:46.936 [openiec61850-osi-server-7-thread-1] DEBUG com.beanit.openiec61850.ServerAssociation - sub BDA is:IEDBiogasCHP/DSCH1.SchdAbsTm.val(12): 0.0
14:23:46.936 [openiec61850-osi-server-7-thread-1] DEBUG com.beanit.openiec61850.ServerAssociation - sub BDA is:IEDBiogasCHP/DSCH1.SchdAbsTm.val(13): 0.0
14:23:46.936 [openiec61850-osi-server-7-thread-1] DEBUG com.beanit.openiec61850.ServerAssociation - sub BDA is:IEDBiogasCHP/DSCH1.SchdAbsTm.val(14): 0.0
14:23:46.936 [openiec61850-osi-server-7-thread-1] DEBUG com.beanit.openiec61850.ServerAssociation - sub BDA is:IEDBiogasCHP/DSCH1.SchdAbsTm.val(15): 0.0
14:23:46.936 [openiec61850-osi-server-7-thread-1] DEBUG com.beanit.openiec61850.ServerAssociation - sub BDA is:IEDBiogasCHP/DSCH1.SchdAbsTm.val(16): 0.0
14:23:46.936 [openiec61850-osi-server-7-thread-1] DEBUG com.beanit.openiec61850.ServerAssociation - sub BDA is:IEDBiogasCHP/DSCH1.SchdAbsTm.val(17): 0.0
14:23:46.936 [openiec61850-osi-server-7-thread-1] DEBUG com.beanit.openiec61850.ServerAssociation - sub BDA is:IEDBiogasCHP/DSCH1.SchdAbsTm.val(18): 0.0
14:23:46.936 [openiec61850-osi-server-7-thread-1] DEBUG com.beanit.openiec61850.ServerAssociation - sub BDA is:IEDBiogasCHP/DSCH1.SchdAbsTm.val(19): 0.0
14:23:46.936 [openiec61850-osi-server-7-thread-1] DEBUG com.beanit.openiec61850.ServerAssociation - sub BDA is:IEDBiogasCHP/DSCH1.SchdAbsTm.val(20): 0.0
14:23:46.936 [openiec61850-osi-server-7-thread-1] DEBUG com.beanit.openiec61850.ServerAssociation - sub BDA is:IEDBiogasCHP/DSCH1.SchdAbsTm.val(21): 0.0
14:23:46.936 [openiec61850-osi-server-7-thread-1] DEBUG com.beanit.openiec61850.ServerAssociation - sub BDA is:IEDBiogasCHP/DSCH1.SchdAbsTm.val(22): 0.0
14:23:46.936 [openiec61850-osi-server-7-thread-1] DEBUG com.beanit.openiec61850.ServerAssociation - sub BDA is:IEDBiogasCHP/DSCH1.SchdAbsTm.val(23): 0.0
14:23:46.936 [openiec61850-osi-server-7-thread-1] DEBUG com.beanit.openiec61850.ServerAssociation - sub BDA is:IEDBiogasCHP/DSCH1.SchdAbsTm.val(24): 0.0
14:23:46.936 [openiec61850-osi-server-7-thread-1] DEBUG com.beanit.openiec61850.ServerAssociation - sub BDA is:IEDBiogasCHP/DSCH1.SchdAbsTm.val(25): 0.0
14:23:46.936 [openiec61850-osi-server-7-thread-1] DEBUG com.beanit.openiec61850.ServerAssociation - sub BDA is:IEDBiogasCHP/DSCH1.SchdAbsTm.val(26): 0.0
14:23:46.936 [openiec61850-osi-server-7-thread-1] DEBUG com.beanit.openiec61850.ServerAssociation - sub BDA is:IEDBiogasCHP/DSCH1.SchdAbsTm.val(27): 0.0
14:23:46.936 [openiec61850-osi-server-7-thread-1] DEBUG com.beanit.openiec61850.ServerAssociation - sub BDA is:IEDBiogasCHP/DSCH1.SchdAbsTm.val(28): 0.0
14:23:46.936 [openiec61850-osi-server-7-thread-1] DEBUG com.beanit.openiec61850.ServerAssociation - sub BDA is:IEDBiogasCHP/DSCH1.SchdAbsTm.val(29): 0.0
14:23:46.936 [openiec61850-osi-server-7-thread-1] DEBUG com.beanit.openiec61850.ServerAssociation - sub BDA is:IEDBiogasCHP/DSCH1.SchdAbsTm.val(30): 0.0
14:23:46.936 [openiec61850-osi-server-7-thread-1] DEBUG com.beanit.openiec61850.ServerAssociation - sub BDA is:IEDBiogasCHP/DSCH1.SchdAbsTm.val(31): 0.0
14:23:46.936 [openiec61850-osi-server-7-thread-1] DEBUG com.beanit.openiec61850.ServerAssociation - sub BDA is:IEDBiogasCHP/DSCH1.SchdAbsTm.val(32): 0.0
14:23:46.936 [openiec61850-osi-server-7-thread-1] DEBUG com.beanit.openiec61850.ServerAssociation - sub BDA is:IEDBiogasCHP/DSCH1.SchdAbsTm.val(33): 0.0
14:23:46.936 [openiec61850-osi-server-7-thread-1] DEBUG com.beanit.openiec61850.ServerAssociation - sub BDA is:IEDBiogasCHP/DSCH1.SchdAbsTm.val(34): 0.0
14:23:46.936 [openiec61850-osi-server-7-thread-1] DEBUG com.beanit.openiec61850.ServerAssociation - sub BDA is:IEDBiogasCHP/DSCH1.SchdAbsTm.val(35): 0.0
14:23:46.936 [openiec61850-osi-server-7-thread-1] DEBUG com.beanit.openiec61850.ServerAssociation - sub BDA is:IEDBiogasCHP/DSCH1.SchdAbsTm.val(36): 0.0
14:23:46.936 [openiec61850-osi-server-7-thread-1] DEBUG com.beanit.openiec61850.ServerAssociation - sub BDA is:IEDBiogasCHP/DSCH1.SchdAbsTm.val(37): 0.0
14:23:46.936 [openiec61850-osi-server-7-thread-1] DEBUG com.beanit.openiec61850.ServerAssociation - sub BDA is:IEDBiogasCHP/DSCH1.SchdAbsTm.val(38): 0.0
14:23:46.936 [openiec61850-osi-server-7-thread-1] DEBUG com.beanit.openiec61850.ServerAssociation - sub BDA is:IEDBiogasCHP/DSCH1.SchdAbsTm.val(39): 0.0
14:23:46.936 [openiec61850-osi-server-7-thread-1] DEBUG com.beanit.openiec61850.ServerAssociation - sub BDA is:IEDBiogasCHP/DSCH1.SchdAbsTm.val(40): 0.0
14:23:46.936 [openiec61850-osi-server-7-thread-1] DEBUG com.beanit.openiec61850.ServerAssociation - sub BDA is:IEDBiogasCHP/DSCH1.SchdAbsTm.val(41): 0.0
14:23:46.936 [openiec61850-osi-server-7-thread-1] DEBUG com.beanit.openiec61850.ServerAssociation - sub BDA is:IEDBiogasCHP/DSCH1.SchdAbsTm.val(42): 0.0
14:23:46.936 [openiec61850-osi-server-7-thread-1] DEBUG com.beanit.openiec61850.ServerAssociation - sub BDA is:IEDBiogasCHP/DSCH1.SchdAbsTm.val(43): 0.0
14:23:46.936 [openiec61850-osi-server-7-thread-1] DEBUG com.beanit.openiec61850.ServerAssociation - sub BDA is:IEDBiogasCHP/DSCH1.SchdAbsTm.val(44): 0.0
14:23:46.936 [openiec61850-osi-server-7-thread-1] DEBUG com.beanit.openiec61850.ServerAssociation - sub BDA is:IEDBiogasCHP/DSCH1.SchdAbsTm.val(45): 0.0
14:23:46.936 [openiec61850-osi-server-7-thread-1] DEBUG com.beanit.openiec61850.ServerAssociation - sub BDA is:IEDBiogasCHP/DSCH1.SchdAbsTm.val(46): 0.0
14:23:46.936 [openiec61850-osi-server-7-thread-1] DEBUG com.beanit.openiec61850.ServerAssociation - sub BDA is:IEDBiogasCHP/DSCH1.SchdAbsTm.val(47): 0.0
14:23:46.936 [openiec61850-osi-server-7-thread-1] DEBUG com.beanit.openiec61850.ServerAssociation - sub BDA is:IEDBiogasCHP/DSCH1.SchdAbsTm.val(48): 0.0
14:23:46.936 [openiec61850-osi-server-7-thread-1] DEBUG com.beanit.openiec61850.ServerAssociation - sub BDA is:IEDBiogasCHP/DSCH1.SchdAbsTm.val(49): 0.0
14:23:46.936 [openiec61850-osi-server-7-thread-1] DEBUG com.beanit.openiec61850.ServerAssociation - sub BDA is:IEDBiogasCHP/DSCH1.SchdAbsTm.val(50): 0.0
14:23:46.936 [openiec61850-osi-server-7-thread-1] DEBUG com.beanit.openiec61850.ServerAssociation - sub BDA is:IEDBiogasCHP/DSCH1.SchdAbsTm.val(51): 0.0
14:23:46.936 [openiec61850-osi-server-7-thread-1] DEBUG com.beanit.openiec61850.ServerAssociation - sub BDA is:IEDBiogasCHP/DSCH1.SchdAbsTm.val(52): 0.0
14:23:46.936 [openiec61850-osi-server-7-thread-1] DEBUG com.beanit.openiec61850.ServerAssociation - sub BDA is:IEDBiogasCHP/DSCH1.SchdAbsTm.val(53): 0.0
14:23:46.936 [openiec61850-osi-server-7-thread-1] DEBUG com.beanit.openiec61850.ServerAssociation - sub BDA is:IEDBiogasCHP/DSCH1.SchdAbsTm.val(54): 0.0
14:23:46.936 [openiec61850-osi-server-7-thread-1] DEBUG com.beanit.openiec61850.ServerAssociation - sub BDA is:IEDBiogasCHP/DSCH1.SchdAbsTm.val(55): 0.0
14:23:46.936 [openiec61850-osi-server-7-thread-1] DEBUG com.beanit.openiec61850.ServerAssociation - sub BDA is:IEDBiogasCHP/DSCH1.SchdAbsTm.val(56): 0.0
14:23:46.936 [openiec61850-osi-server-7-thread-1] DEBUG com.beanit.openiec61850.ServerAssociation - sub BDA is:IEDBiogasCHP/DSCH1.SchdAbsTm.val(57): 0.0
14:23:46.936 [openiec61850-osi-server-7-thread-1] DEBUG com.beanit.openiec61850.ServerAssociation - sub BDA is:IEDBiogasCHP/DSCH1.SchdAbsTm.val(58): 0.0
14:23:46.936 [openiec61850-osi-server-7-thread-1] DEBUG com.beanit.openiec61850.ServerAssociation - sub BDA is:IEDBiogasCHP/DSCH1.SchdAbsTm.val(59): 0.0
14:23:46.936 [openiec61850-osi-server-7-thread-1] DEBUG com.beanit.openiec61850.ServerAssociation - sub BDA is:IEDBiogasCHP/DSCH1.SchdAbsTm.val(60): 0.0
14:23:46.936 [openiec61850-osi-server-7-thread-1] DEBUG com.beanit.openiec61850.ServerAssociation - sub BDA is:IEDBiogasCHP/DSCH1.SchdAbsTm.val(61): 0.0
14:23:46.936 [openiec61850-osi-server-7-thread-1] DEBUG com.beanit.openiec61850.ServerAssociation - sub BDA is:IEDBiogasCHP/DSCH1.SchdAbsTm.val(62): 0.0
14:23:46.936 [openiec61850-osi-server-7-thread-1] DEBUG com.beanit.openiec61850.ServerAssociation - sub BDA is:IEDBiogasCHP/DSCH1.SchdAbsTm.val(63): 0.0
14:23:46.936 [openiec61850-osi-server-7-thread-1] DEBUG com.beanit.openiec61850.ServerAssociation - sub BDA is:IEDBiogasCHP/DSCH1.SchdAbsTm.val(64): 0.0
14:23:46.936 [openiec61850-osi-server-7-thread-1] DEBUG com.beanit.openiec61850.ServerAssociation - sub BDA is:IEDBiogasCHP/DSCH1.SchdAbsTm.val(65): 0.0
14:23:46.936 [openiec61850-osi-server-7-thread-1] DEBUG com.beanit.openiec61850.ServerAssociation - sub BDA is:IEDBiogasCHP/DSCH1.SchdAbsTm.val(66): 0.0
14:23:46.936 [openiec61850-osi-server-7-thread-1] DEBUG com.beanit.openiec61850.ServerAssociation - sub BDA is:IEDBiogasCHP/DSCH1.SchdAbsTm.val(67): 0.0
14:23:46.936 [openiec61850-osi-server-7-thread-1] DEBUG com.beanit.openiec61850.ServerAssociation - sub BDA is:IEDBiogasCHP/DSCH1.SchdAbsTm.val(68): 0.0
14:23:46.936 [openiec61850-osi-server-7-thread-1] DEBUG com.beanit.openiec61850.ServerAssociation - sub BDA is:IEDBiogasCHP/DSCH1.SchdAbsTm.val(69): 0.0
14:23:46.936 [openiec61850-osi-server-7-thread-1] DEBUG com.beanit.openiec61850.ServerAssociation - sub BDA is:IEDBiogasCHP/DSCH1.SchdAbsTm.val(70): 0.0
14:23:46.936 [openiec61850-osi-server-7-thread-1] DEBUG com.beanit.openiec61850.ServerAssociation - sub BDA is:IEDBiogasCHP/DSCH1.SchdAbsTm.val(71): 0.0
14:23:46.936 [openiec61850-osi-server-7-thread-1] DEBUG com.beanit.openiec61850.ServerAssociation - sub BDA is:IEDBiogasCHP/DSCH1.SchdAbsTm.val(72): 0.0
14:23:46.936 [openiec61850-osi-server-7-thread-1] DEBUG com.beanit.openiec61850.ServerAssociation - sub BDA is:IEDBiogasCHP/DSCH1.SchdAbsTm.val(73): 0.0
14:23:46.936 [openiec61850-osi-server-7-thread-1] DEBUG com.beanit.openiec61850.ServerAssociation - sub BDA is:IEDBiogasCHP/DSCH1.SchdAbsTm.val(74): 0.0
14:23:46.936 [openiec61850-osi-server-7-thread-1] DEBUG com.beanit.openiec61850.ServerAssociation - sub BDA is:IEDBiogasCHP/DSCH1.SchdAbsTm.val(75): 0.0
14:23:46.936 [openiec61850-osi-server-7-thread-1] DEBUG com.beanit.openiec61850.ServerAssociation - sub BDA is:IEDBiogasCHP/DSCH1.SchdAbsTm.val(76): 0.0
14:23:46.936 [openiec61850-osi-server-7-thread-1] DEBUG com.beanit.openiec61850.ServerAssociation - sub BDA is:IEDBiogasCHP/DSCH1.SchdAbsTm.val(77): 0.0
14:23:46.936 [openiec61850-osi-server-7-thread-1] DEBUG com.beanit.openiec61850.ServerAssociation - sub BDA is:IEDBiogasCHP/DSCH1.SchdAbsTm.val(78): 0.0
14:23:46.936 [openiec61850-osi-server-7-thread-1] DEBUG com.beanit.openiec61850.ServerAssociation - sub BDA is:IEDBiogasCHP/DSCH1.SchdAbsTm.val(79): 0.0
14:23:46.936 [openiec61850-osi-server-7-thread-1] DEBUG com.beanit.openiec61850.ServerAssociation - sub BDA is:IEDBiogasCHP/DSCH1.SchdAbsTm.val(80): 0.0
14:23:46.936 [openiec61850-osi-server-7-thread-1] DEBUG com.beanit.openiec61850.ServerAssociation - sub BDA is:IEDBiogasCHP/DSCH1.SchdAbsTm.val(81): 0.0
14:23:46.936 [openiec61850-osi-server-7-thread-1] DEBUG com.beanit.openiec61850.ServerAssociation - sub BDA is:IEDBiogasCHP/DSCH1.SchdAbsTm.val(82): 0.0
14:23:46.936 [openiec61850-osi-server-7-thread-1] DEBUG com.beanit.openiec61850.ServerAssociation - sub BDA is:IEDBiogasCHP/DSCH1.SchdAbsTm.val(83): 0.0
14:23:46.936 [openiec61850-osi-server-7-thread-1] DEBUG com.beanit.openiec61850.ServerAssociation - sub BDA is:IEDBiogasCHP/DSCH1.SchdAbsTm.val(84): 0.0
14:23:46.936 [openiec61850-osi-server-7-thread-1] DEBUG com.beanit.openiec61850.ServerAssociation - sub BDA is:IEDBiogasCHP/DSCH1.SchdAbsTm.val(85): 0.0
14:23:46.936 [openiec61850-osi-server-7-thread-1] DEBUG com.beanit.openiec61850.ServerAssociation - sub BDA is:IEDBiogasCHP/DSCH1.SchdAbsTm.val(86): 0.0
14:23:46.936 [openiec61850-osi-server-7-thread-1] DEBUG com.beanit.openiec61850.ServerAssociation - sub BDA is:IEDBiogasCHP/DSCH1.SchdAbsTm.val(87): 0.0
14:23:46.936 [openiec61850-osi-server-7-thread-1] DEBUG com.beanit.openiec61850.ServerAssociation - sub BDA is:IEDBiogasCHP/DSCH1.SchdAbsTm.val(88): 0.0
14:23:46.936 [openiec61850-osi-server-7-thread-1] DEBUG com.beanit.openiec61850.ServerAssociation - sub BDA is:IEDBiogasCHP/DSCH1.SchdAbsTm.val(89): 0.0
14:23:46.936 [openiec61850-osi-server-7-thread-1] DEBUG com.beanit.openiec61850.ServerAssociation - sub BDA is:IEDBiogasCHP/DSCH1.SchdAbsTm.val(90): 0.0
14:23:46.936 [openiec61850-osi-server-7-thread-1] DEBUG com.beanit.openiec61850.ServerAssociation - sub BDA is:IEDBiogasCHP/DSCH1.SchdAbsTm.val(91): 0.0
14:23:46.936 [openiec61850-osi-server-7-thread-1] DEBUG com.beanit.openiec61850.ServerAssociation - sub BDA is:IEDBiogasCHP/DSCH1.SchdAbsTm.val(92): 0.0
14:23:46.936 [openiec61850-osi-server-7-thread-1] DEBUG com.beanit.openiec61850.ServerAssociation - sub BDA is:IEDBiogasCHP/DSCH1.SchdAbsTm.val(93): 0.0
14:23:46.936 [openiec61850-osi-server-7-thread-1] DEBUG com.beanit.openiec61850.ServerAssociation - sub BDA is:IEDBiogasCHP/DSCH1.SchdAbsTm.val(94): 0.0
14:23:46.936 [openiec61850-osi-server-7-thread-1] DEBUG com.beanit.openiec61850.ServerAssociation - sub BDA is:IEDBiogasCHP/DSCH1.SchdAbsTm.val(95): 0.0
calling GetDataValues(IEDBiogasCHP/DSCH1.SchdAbsTm.val(0))
14:23:46.936 [openiec61850-osi-server-7-thread-1] DEBUG com.beanit.openiec61850.ServerAssociation - Got a GetDataValues request for node: IEDBiogasCHP/DSCH1.SchdAbsTm.val(0): 0.0
calling GetDataValues(IEDBiogasCHP/DSCH1.SchdAbsTm.val(1))
14:23:46.937 [openiec61850-osi-server-7-thread-1] DEBUG com.beanit.openiec61850.ServerAssociation - Got a GetDataValues request for node: IEDBiogasCHP/DSCH1.SchdAbsTm.val(1): 0.0
calling GetDataValues(IEDBiogasCHP/DSCH1.SchdAbsTm.val(2))
14:23:46.937 [openiec61850-osi-server-7-thread-1] DEBUG com.beanit.openiec61850.ServerAssociation - Got a GetDataValues request for node: IEDBiogasCHP/DSCH1.SchdAbsTm.val(2): 0.0
calling GetDataValues(IEDBiogasCHP/DSCH1.SchdAbsTm.val(3))
14:23:46.937 [openiec61850-osi-server-7-thread-1] DEBUG com.beanit.openiec61850.ServerAssociation - Got a GetDataValues request for node: IEDBiogasCHP/DSCH1.SchdAbsTm.val(3): 0.0
calling GetDataValues(IEDBiogasCHP/DSCH1.SchdAbsTm.val(4))
14:23:46.937 [openiec61850-osi-server-7-thread-1] DEBUG com.beanit.openiec61850.ServerAssociation - Got a GetDataValues request for node: IEDBiogasCHP/DSCH1.SchdAbsTm.val(4): 0.0
calling GetDataValues(IEDBiogasCHP/DSCH1.SchdAbsTm.val(5))
14:23:46.937 [openiec61850-osi-server-7-thread-1] DEBUG com.beanit.openiec61850.ServerAssociation - Got a GetDataValues request for node: IEDBiogasCHP/DSCH1.SchdAbsTm.val(5): 0.0
calling GetDataValues(IEDBiogasCHP/DSCH1.SchdAbsTm.val(6))
14:23:46.937 [openiec61850-osi-server-7-thread-1] DEBUG com.beanit.openiec61850.ServerAssociation - Got a GetDataValues request for node: IEDBiogasCHP/DSCH1.SchdAbsTm.val(6): 0.0
calling GetDataValues(IEDBiogasCHP/DSCH1.SchdAbsTm.val(7))
14:23:46.938 [openiec61850-osi-server-7-thread-1] DEBUG com.beanit.openiec61850.ServerAssociation - Got a GetDataValues request for node: IEDBiogasCHP/DSCH1.SchdAbsTm.val(7): 0.0
calling GetDataValues(IEDBiogasCHP/DSCH1.SchdAbsTm.val(8))
14:23:46.938 [openiec61850-osi-server-7-thread-1] DEBUG com.beanit.openiec61850.ServerAssociation - Got a GetDataValues request for node: IEDBiogasCHP/DSCH1.SchdAbsTm.val(8): 0.0
calling GetDataValues(IEDBiogasCHP/DSCH1.SchdAbsTm.val(9))
14:23:46.938 [openiec61850-osi-server-7-thread-1] DEBUG com.beanit.openiec61850.ServerAssociation - Got a GetDataValues request for node: IEDBiogasCHP/DSCH1.SchdAbsTm.val(9): 0.0
calling GetDataValues(IEDBiogasCHP/DSCH1.SchdAbsTm.val(10))
14:23:46.938 [openiec61850-osi-server-7-thread-1] DEBUG com.beanit.openiec61850.ServerAssociation - Got a GetDataValues request for node: IEDBiogasCHP/DSCH1.SchdAbsTm.val(10): 0.0
calling GetDataValues(IEDBiogasCHP/DSCH1.SchdAbsTm.val(11))
14:23:46.938 [openiec61850-osi-server-7-thread-1] DEBUG com.beanit.openiec61850.ServerAssociation - Got a GetDataValues request for node: IEDBiogasCHP/DSCH1.SchdAbsTm.val(11): 0.0
calling GetDataValues(IEDBiogasCHP/DSCH1.SchdAbsTm.val(12))
14:23:46.938 [openiec61850-osi-server-7-thread-1] DEBUG com.beanit.openiec61850.ServerAssociation - Got a GetDataValues request for node: IEDBiogasCHP/DSCH1.SchdAbsTm.val(12): 0.0
calling GetDataValues(IEDBiogasCHP/DSCH1.SchdAbsTm.val(13))
14:23:46.939 [openiec61850-osi-server-7-thread-1] DEBUG com.beanit.openiec61850.ServerAssociation - Got a GetDataValues request for node: IEDBiogasCHP/DSCH1.SchdAbsTm.val(13): 0.0
calling GetDataValues(IEDBiogasCHP/DSCH1.SchdAbsTm.val(14))
14:23:46.939 [openiec61850-osi-server-7-thread-1] DEBUG com.beanit.openiec61850.ServerAssociation - Got a GetDataValues request for node: IEDBiogasCHP/DSCH1.SchdAbsTm.val(14): 0.0
calling GetDataValues(IEDBiogasCHP/DSCH1.SchdAbsTm.val(15))
14:23:46.939 [openiec61850-osi-server-7-thread-1] DEBUG com.beanit.openiec61850.ServerAssociation - Got a GetDataValues request for node: IEDBiogasCHP/DSCH1.SchdAbsTm.val(15): 0.0
calling GetDataValues(IEDBiogasCHP/DSCH1.SchdAbsTm.val(16))
14:23:46.939 [openiec61850-osi-server-7-thread-1] DEBUG com.beanit.openiec61850.ServerAssociation - Got a GetDataValues request for node: IEDBiogasCHP/DSCH1.SchdAbsTm.val(16): 0.0
calling GetDataValues(IEDBiogasCHP/DSCH1.SchdAbsTm.val(17))
14:23:46.939 [openiec61850-osi-server-7-thread-1] DEBUG com.beanit.openiec61850.ServerAssociation - Got a GetDataValues request for node: IEDBiogasCHP/DSCH1.SchdAbsTm.val(17): 0.0
calling GetDataValues(IEDBiogasCHP/DSCH1.SchdAbsTm.val(18))
14:23:46.939 [openiec61850-osi-server-7-thread-1] DEBUG com.beanit.openiec61850.ServerAssociation - Got a GetDataValues request for node: IEDBiogasCHP/DSCH1.SchdAbsTm.val(18): 0.0
calling GetDataValues(IEDBiogasCHP/DSCH1.SchdAbsTm.val(19))
14:23:46.939 [openiec61850-osi-server-7-thread-1] DEBUG com.beanit.openiec61850.ServerAssociation - Got a GetDataValues request for node: IEDBiogasCHP/DSCH1.SchdAbsTm.val(19): 0.0
calling GetDataValues(IEDBiogasCHP/DSCH1.SchdAbsTm.val(20))
14:23:46.939 [openiec61850-osi-server-7-thread-1] DEBUG com.beanit.openiec61850.ServerAssociation - Got a GetDataValues request for node: IEDBiogasCHP/DSCH1.SchdAbsTm.val(20): 0.0
calling GetDataValues(IEDBiogasCHP/DSCH1.SchdAbsTm.val(21))
14:23:46.940 [openiec61850-osi-server-7-thread-1] DEBUG com.beanit.openiec61850.ServerAssociation - Got a GetDataValues request for node: IEDBiogasCHP/DSCH1.SchdAbsTm.val(21): 0.0
calling GetDataValues(IEDBiogasCHP/DSCH1.SchdAbsTm.val(22))
14:23:46.940 [openiec61850-osi-server-7-thread-1] DEBUG com.beanit.openiec61850.ServerAssociation - Got a GetDataValues request for node: IEDBiogasCHP/DSCH1.SchdAbsTm.val(22): 0.0
calling GetDataValues(IEDBiogasCHP/DSCH1.SchdAbsTm.val(23))
14:23:46.940 [openiec61850-osi-server-7-thread-1] DEBUG com.beanit.openiec61850.ServerAssociation - Got a GetDataValues request for node: IEDBiogasCHP/DSCH1.SchdAbsTm.val(23): 0.0
calling GetDataValues(IEDBiogasCHP/DSCH1.SchdAbsTm.val(24))
14:23:46.940 [openiec61850-osi-server-7-thread-1] DEBUG com.beanit.openiec61850.ServerAssociation - Got a GetDataValues request for node: IEDBiogasCHP/DSCH1.SchdAbsTm.val(24): 0.0
calling GetDataValues(IEDBiogasCHP/DSCH1.SchdAbsTm.val(25))
14:23:46.940 [openiec61850-osi-server-7-thread-1] DEBUG com.beanit.openiec61850.ServerAssociation - Got a GetDataValues request for node: IEDBiogasCHP/DSCH1.SchdAbsTm.val(25): 0.0
calling GetDataValues(IEDBiogasCHP/DSCH1.SchdAbsTm.val(26))
14:23:46.940 [openiec61850-osi-server-7-thread-1] DEBUG com.beanit.openiec61850.ServerAssociation - Got a GetDataValues request for node: IEDBiogasCHP/DSCH1.SchdAbsTm.val(26): 0.0
calling GetDataValues(IEDBiogasCHP/DSCH1.SchdAbsTm.val(27))
14:23:46.940 [openiec61850-osi-server-7-thread-1] DEBUG com.beanit.openiec61850.ServerAssociation - Got a GetDataValues request for node: IEDBiogasCHP/DSCH1.SchdAbsTm.val(27): 0.0
calling GetDataValues(IEDBiogasCHP/DSCH1.SchdAbsTm.val(28))
14:23:46.941 [openiec61850-osi-server-7-thread-1] DEBUG com.beanit.openiec61850.ServerAssociation - Got a GetDataValues request for node: IEDBiogasCHP/DSCH1.SchdAbsTm.val(28): 0.0
calling GetDataValues(IEDBiogasCHP/DSCH1.SchdAbsTm.val(29))
14:23:46.941 [openiec61850-osi-server-7-thread-1] DEBUG com.beanit.openiec61850.ServerAssociation - Got a GetDataValues request for node: IEDBiogasCHP/DSCH1.SchdAbsTm.val(29): 0.0
calling GetDataValues(IEDBiogasCHP/DSCH1.SchdAbsTm.val(30))
14:23:46.941 [openiec61850-osi-server-7-thread-1] DEBUG com.beanit.openiec61850.ServerAssociation - Got a GetDataValues request for node: IEDBiogasCHP/DSCH1.SchdAbsTm.val(30): 0.0
calling GetDataValues(IEDBiogasCHP/DSCH1.SchdAbsTm.val(31))
14:23:46.941 [openiec61850-osi-server-7-thread-1] DEBUG com.beanit.openiec61850.ServerAssociation - Got a GetDataValues request for node: IEDBiogasCHP/DSCH1.SchdAbsTm.val(31): 0.0
calling GetDataValues(IEDBiogasCHP/DSCH1.SchdAbsTm.val(32))
14:23:46.941 [openiec61850-osi-server-7-thread-1] DEBUG com.beanit.openiec61850.ServerAssociation - Got a GetDataValues request for node: IEDBiogasCHP/DSCH1.SchdAbsTm.val(32): 0.0
calling GetDataValues(IEDBiogasCHP/DSCH1.SchdAbsTm.val(33))
14:23:46.941 [openiec61850-osi-server-7-thread-1] DEBUG com.beanit.openiec61850.ServerAssociation - Got a GetDataValues request for node: IEDBiogasCHP/DSCH1.SchdAbsTm.val(33): 0.0
calling GetDataValues(IEDBiogasCHP/DSCH1.SchdAbsTm.val(34))
14:23:46.942 [openiec61850-osi-server-7-thread-1] DEBUG com.beanit.openiec61850.ServerAssociation - Got a GetDataValues request for node: IEDBiogasCHP/DSCH1.SchdAbsTm.val(34): 0.0
calling GetDataValues(IEDBiogasCHP/DSCH1.SchdAbsTm.val(35))
14:23:46.942 [openiec61850-osi-server-7-thread-1] DEBUG com.beanit.openiec61850.ServerAssociation - Got a GetDataValues request for node: IEDBiogasCHP/DSCH1.SchdAbsTm.val(35): 0.0
calling GetDataValues(IEDBiogasCHP/DSCH1.SchdAbsTm.val(36))
14:23:46.942 [openiec61850-osi-server-7-thread-1] DEBUG com.beanit.openiec61850.ServerAssociation - Got a GetDataValues request for node: IEDBiogasCHP/DSCH1.SchdAbsTm.val(36): 0.0
calling GetDataValues(IEDBiogasCHP/DSCH1.SchdAbsTm.val(37))
14:23:46.942 [openiec61850-osi-server-7-thread-1] DEBUG com.beanit.openiec61850.ServerAssociation - Got a GetDataValues request for node: IEDBiogasCHP/DSCH1.SchdAbsTm.val(37): 0.0
calling GetDataValues(IEDBiogasCHP/DSCH1.SchdAbsTm.val(38))
14:23:46.942 [openiec61850-osi-server-7-thread-1] DEBUG com.beanit.openiec61850.ServerAssociation - Got a GetDataValues request for node: IEDBiogasCHP/DSCH1.SchdAbsTm.val(38): 0.0
calling GetDataValues(IEDBiogasCHP/DSCH1.SchdAbsTm.val(39))
14:23:46.942 [openiec61850-osi-server-7-thread-1] DEBUG com.beanit.openiec61850.ServerAssociation - Got a GetDataValues request for node: IEDBiogasCHP/DSCH1.SchdAbsTm.val(39): 0.0
calling GetDataValues(IEDBiogasCHP/DSCH1.SchdAbsTm.val(40))
14:23:46.942 [openiec61850-osi-server-7-thread-1] DEBUG com.beanit.openiec61850.ServerAssociation - Got a GetDataValues request for node: IEDBiogasCHP/DSCH1.SchdAbsTm.val(40): 0.0
calling GetDataValues(IEDBiogasCHP/DSCH1.SchdAbsTm.val(41))
14:23:46.943 [openiec61850-osi-server-7-thread-1] DEBUG com.beanit.openiec61850.ServerAssociation - Got a GetDataValues request for node: IEDBiogasCHP/DSCH1.SchdAbsTm.val(41): 0.0
calling GetDataValues(IEDBiogasCHP/DSCH1.SchdAbsTm.val(42))
14:23:46.943 [openiec61850-osi-server-7-thread-1] DEBUG com.beanit.openiec61850.ServerAssociation - Got a GetDataValues request for node: IEDBiogasCHP/DSCH1.SchdAbsTm.val(42): 0.0
calling GetDataValues(IEDBiogasCHP/DSCH1.SchdAbsTm.val(43))
14:23:46.943 [openiec61850-osi-server-7-thread-1] DEBUG com.beanit.openiec61850.ServerAssociation - Got a GetDataValues request for node: IEDBiogasCHP/DSCH1.SchdAbsTm.val(43): 0.0
calling GetDataValues(IEDBiogasCHP/DSCH1.SchdAbsTm.val(44))
14:23:46.943 [openiec61850-osi-server-7-thread-1] DEBUG com.beanit.openiec61850.ServerAssociation - Got a GetDataValues request for node: IEDBiogasCHP/DSCH1.SchdAbsTm.val(44): 0.0
calling GetDataValues(IEDBiogasCHP/DSCH1.SchdAbsTm.val(45))
14:23:46.943 [openiec61850-osi-server-7-thread-1] DEBUG com.beanit.openiec61850.ServerAssociation - Got a GetDataValues request for node: IEDBiogasCHP/DSCH1.SchdAbsTm.val(45): 0.0
calling GetDataValues(IEDBiogasCHP/DSCH1.SchdAbsTm.val(46))
14:23:46.943 [openiec61850-osi-server-7-thread-1] DEBUG com.beanit.openiec61850.ServerAssociation - Got a GetDataValues request for node: IEDBiogasCHP/DSCH1.SchdAbsTm.val(46): 0.0
calling GetDataValues(IEDBiogasCHP/DSCH1.SchdAbsTm.val(47))
14:23:46.944 [openiec61850-osi-server-7-thread-1] DEBUG com.beanit.openiec61850.ServerAssociation - Got a GetDataValues request for node: IEDBiogasCHP/DSCH1.SchdAbsTm.val(47): 0.0
calling GetDataValues(IEDBiogasCHP/DSCH1.SchdAbsTm.val(48))
14:23:46.944 [openiec61850-osi-server-7-thread-1] DEBUG com.beanit.openiec61850.ServerAssociation - Got a GetDataValues request for node: IEDBiogasCHP/DSCH1.SchdAbsTm.val(48): 0.0
calling GetDataValues(IEDBiogasCHP/DSCH1.SchdAbsTm.val(49))
14:23:46.944 [openiec61850-osi-server-7-thread-1] DEBUG com.beanit.openiec61850.ServerAssociation - Got a GetDataValues request for node: IEDBiogasCHP/DSCH1.SchdAbsTm.val(49): 0.0
calling GetDataValues(IEDBiogasCHP/DSCH1.SchdAbsTm.val(50))
14:23:46.944 [openiec61850-osi-server-7-thread-1] DEBUG com.beanit.openiec61850.ServerAssociation - Got a GetDataValues request for node: IEDBiogasCHP/DSCH1.SchdAbsTm.val(50): 0.0
calling GetDataValues(IEDBiogasCHP/DSCH1.SchdAbsTm.val(51))
14:23:46.944 [openiec61850-osi-server-7-thread-1] DEBUG com.beanit.openiec61850.ServerAssociation - Got a GetDataValues request for node: IEDBiogasCHP/DSCH1.SchdAbsTm.val(51): 0.0
calling GetDataValues(IEDBiogasCHP/DSCH1.SchdAbsTm.val(52))
14:23:46.944 [openiec61850-osi-server-7-thread-1] DEBUG com.beanit.openiec61850.ServerAssociation - Got a GetDataValues request for node: IEDBiogasCHP/DSCH1.SchdAbsTm.val(52): 0.0
calling GetDataValues(IEDBiogasCHP/DSCH1.SchdAbsTm.val(53))
14:23:46.944 [openiec61850-osi-server-7-thread-1] DEBUG com.beanit.openiec61850.ServerAssociation - Got a GetDataValues request for node: IEDBiogasCHP/DSCH1.SchdAbsTm.val(53): 0.0
calling GetDataValues(IEDBiogasCHP/DSCH1.SchdAbsTm.val(54))
14:23:46.945 [openiec61850-osi-server-7-thread-1] DEBUG com.beanit.openiec61850.ServerAssociation - Got a GetDataValues request for node: IEDBiogasCHP/DSCH1.SchdAbsTm.val(54): 0.0
calling GetDataValues(IEDBiogasCHP/DSCH1.SchdAbsTm.val(55))
14:23:46.945 [openiec61850-osi-server-7-thread-1] DEBUG com.beanit.openiec61850.ServerAssociation - Got a GetDataValues request for node: IEDBiogasCHP/DSCH1.SchdAbsTm.val(55): 0.0
calling GetDataValues(IEDBiogasCHP/DSCH1.SchdAbsTm.val(56))
14:23:46.945 [openiec61850-osi-server-7-thread-1] DEBUG com.beanit.openiec61850.ServerAssociation - Got a GetDataValues request for node: IEDBiogasCHP/DSCH1.SchdAbsTm.val(56): 0.0
calling GetDataValues(IEDBiogasCHP/DSCH1.SchdAbsTm.val(57))
14:23:46.945 [openiec61850-osi-server-7-thread-1] DEBUG com.beanit.openiec61850.ServerAssociation - Got a GetDataValues request for node: IEDBiogasCHP/DSCH1.SchdAbsTm.val(57): 0.0
calling GetDataValues(IEDBiogasCHP/DSCH1.SchdAbsTm.val(58))
14:23:46.945 [openiec61850-osi-server-7-thread-1] DEBUG com.beanit.openiec61850.ServerAssociation - Got a GetDataValues request for node: IEDBiogasCHP/DSCH1.SchdAbsTm.val(58): 0.0
calling GetDataValues(IEDBiogasCHP/DSCH1.SchdAbsTm.val(59))
14:23:46.945 [openiec61850-osi-server-7-thread-1] DEBUG com.beanit.openiec61850.ServerAssociation - Got a GetDataValues request for node: IEDBiogasCHP/DSCH1.SchdAbsTm.val(59): 0.0
calling GetDataValues(IEDBiogasCHP/DSCH1.SchdAbsTm.val(60))
14:23:46.945 [openiec61850-osi-server-7-thread-1] DEBUG com.beanit.openiec61850.ServerAssociation - Got a GetDataValues request for node: IEDBiogasCHP/DSCH1.SchdAbsTm.val(60): 0.0
calling GetDataValues(IEDBiogasCHP/DSCH1.SchdAbsTm.val(61))
14:23:46.946 [openiec61850-osi-server-7-thread-1] DEBUG com.beanit.openiec61850.ServerAssociation - Got a GetDataValues request for node: IEDBiogasCHP/DSCH1.SchdAbsTm.val(61): 0.0
calling GetDataValues(IEDBiogasCHP/DSCH1.SchdAbsTm.val(62))
14:23:46.946 [openiec61850-osi-server-7-thread-1] DEBUG com.beanit.openiec61850.ServerAssociation - Got a GetDataValues request for node: IEDBiogasCHP/DSCH1.SchdAbsTm.val(62): 0.0
calling GetDataValues(IEDBiogasCHP/DSCH1.SchdAbsTm.val(63))
14:23:46.946 [openiec61850-osi-server-7-thread-1] DEBUG com.beanit.openiec61850.ServerAssociation - Got a GetDataValues request for node: IEDBiogasCHP/DSCH1.SchdAbsTm.val(63): 0.0
calling GetDataValues(IEDBiogasCHP/DSCH1.SchdAbsTm.val(64))
14:23:46.946 [openiec61850-osi-server-7-thread-1] DEBUG com.beanit.openiec61850.ServerAssociation - Got a GetDataValues request for node: IEDBiogasCHP/DSCH1.SchdAbsTm.val(64): 0.0
calling GetDataValues(IEDBiogasCHP/DSCH1.SchdAbsTm.val(65))
14:23:46.946 [openiec61850-osi-server-7-thread-1] DEBUG com.beanit.openiec61850.ServerAssociation - Got a GetDataValues request for node: IEDBiogasCHP/DSCH1.SchdAbsTm.val(65): 0.0
calling GetDataValues(IEDBiogasCHP/DSCH1.SchdAbsTm.val(66))
14:23:46.946 [openiec61850-osi-server-7-thread-1] DEBUG com.beanit.openiec61850.ServerAssociation - Got a GetDataValues request for node: IEDBiogasCHP/DSCH1.SchdAbsTm.val(66): 0.0
calling GetDataValues(IEDBiogasCHP/DSCH1.SchdAbsTm.val(67))
14:23:46.947 [openiec61850-osi-server-7-thread-1] DEBUG com.beanit.openiec61850.ServerAssociation - Got a GetDataValues request for node: IEDBiogasCHP/DSCH1.SchdAbsTm.val(67): 0.0
calling GetDataValues(IEDBiogasCHP/DSCH1.SchdAbsTm.val(68))
14:23:46.947 [openiec61850-osi-server-7-thread-1] DEBUG com.beanit.openiec61850.ServerAssociation - Got a GetDataValues request for node: IEDBiogasCHP/DSCH1.SchdAbsTm.val(68): 0.0
calling GetDataValues(IEDBiogasCHP/DSCH1.SchdAbsTm.val(69))
14:23:46.947 [openiec61850-osi-server-7-thread-1] DEBUG com.beanit.openiec61850.ServerAssociation - Got a GetDataValues request for node: IEDBiogasCHP/DSCH1.SchdAbsTm.val(69): 0.0
calling GetDataValues(IEDBiogasCHP/DSCH1.SchdAbsTm.val(70))
14:23:46.947 [openiec61850-osi-server-7-thread-1] DEBUG com.beanit.openiec61850.ServerAssociation - Got a GetDataValues request for node: IEDBiogasCHP/DSCH1.SchdAbsTm.val(70): 0.0
calling GetDataValues(IEDBiogasCHP/DSCH1.SchdAbsTm.val(71))
14:23:46.947 [openiec61850-osi-server-7-thread-1] DEBUG com.beanit.openiec61850.ServerAssociation - Got a GetDataValues request for node: IEDBiogasCHP/DSCH1.SchdAbsTm.val(71): 0.0
calling GetDataValues(IEDBiogasCHP/DSCH1.SchdAbsTm.val(72))
14:23:46.947 [openiec61850-osi-server-7-thread-1] DEBUG com.beanit.openiec61850.ServerAssociation - Got a GetDataValues request for node: IEDBiogasCHP/DSCH1.SchdAbsTm.val(72): 0.0
calling GetDataValues(IEDBiogasCHP/DSCH1.SchdAbsTm.val(73))
14:23:46.947 [openiec61850-osi-server-7-thread-1] DEBUG com.beanit.openiec61850.ServerAssociation - Got a GetDataValues request for node: IEDBiogasCHP/DSCH1.SchdAbsTm.val(73): 0.0
calling GetDataValues(IEDBiogasCHP/DSCH1.SchdAbsTm.val(74))
14:23:46.948 [openiec61850-osi-server-7-thread-1] DEBUG com.beanit.openiec61850.ServerAssociation - Got a GetDataValues request for node: IEDBiogasCHP/DSCH1.SchdAbsTm.val(74): 0.0
calling GetDataValues(IEDBiogasCHP/DSCH1.SchdAbsTm.val(75))
14:23:46.948 [openiec61850-osi-server-7-thread-1] DEBUG com.beanit.openiec61850.ServerAssociation - Got a GetDataValues request for node: IEDBiogasCHP/DSCH1.SchdAbsTm.val(75): 0.0
calling GetDataValues(IEDBiogasCHP/DSCH1.SchdAbsTm.val(76))
14:23:46.948 [openiec61850-osi-server-7-thread-1] DEBUG com.beanit.openiec61850.ServerAssociation - Got a GetDataValues request for node: IEDBiogasCHP/DSCH1.SchdAbsTm.val(76): 0.0
calling GetDataValues(IEDBiogasCHP/DSCH1.SchdAbsTm.val(77))
14:23:46.948 [openiec61850-osi-server-7-thread-1] DEBUG com.beanit.openiec61850.ServerAssociation - Got a GetDataValues request for node: IEDBiogasCHP/DSCH1.SchdAbsTm.val(77): 0.0
calling GetDataValues(IEDBiogasCHP/DSCH1.SchdAbsTm.val(78))
14:23:46.948 [openiec61850-osi-server-7-thread-1] DEBUG com.beanit.openiec61850.ServerAssociation - Got a GetDataValues request for node: IEDBiogasCHP/DSCH1.SchdAbsTm.val(78): 0.0
calling GetDataValues(IEDBiogasCHP/DSCH1.SchdAbsTm.val(79))
14:23:46.948 [openiec61850-osi-server-7-thread-1] DEBUG com.beanit.openiec61850.ServerAssociation - Got a GetDataValues request for node: IEDBiogasCHP/DSCH1.SchdAbsTm.val(79): 0.0
calling GetDataValues(IEDBiogasCHP/DSCH1.SchdAbsTm.val(80))
14:23:46.948 [openiec61850-osi-server-7-thread-1] DEBUG com.beanit.openiec61850.ServerAssociation - Got a GetDataValues request for node: IEDBiogasCHP/DSCH1.SchdAbsTm.val(80): 0.0
calling GetDataValues(IEDBiogasCHP/DSCH1.SchdAbsTm.val(81))
14:23:46.949 [openiec61850-osi-server-7-thread-1] DEBUG com.beanit.openiec61850.ServerAssociation - Got a GetDataValues request for node: IEDBiogasCHP/DSCH1.SchdAbsTm.val(81): 0.0
calling GetDataValues(IEDBiogasCHP/DSCH1.SchdAbsTm.val(82))
14:23:46.949 [openiec61850-osi-server-7-thread-1] DEBUG com.beanit.openiec61850.ServerAssociation - Got a GetDataValues request for node: IEDBiogasCHP/DSCH1.SchdAbsTm.val(82): 0.0
calling GetDataValues(IEDBiogasCHP/DSCH1.SchdAbsTm.val(83))
14:23:46.949 [openiec61850-osi-server-7-thread-1] DEBUG com.beanit.openiec61850.ServerAssociation - Got a GetDataValues request for node: IEDBiogasCHP/DSCH1.SchdAbsTm.val(83): 0.0
calling GetDataValues(IEDBiogasCHP/DSCH1.SchdAbsTm.val(84))
14:23:46.949 [openiec61850-osi-server-7-thread-1] DEBUG com.beanit.openiec61850.ServerAssociation - Got a GetDataValues request for node: IEDBiogasCHP/DSCH1.SchdAbsTm.val(84): 0.0
calling GetDataValues(IEDBiogasCHP/DSCH1.SchdAbsTm.val(85))
14:23:46.949 [openiec61850-osi-server-7-thread-1] DEBUG com.beanit.openiec61850.ServerAssociation - Got a GetDataValues request for node: IEDBiogasCHP/DSCH1.SchdAbsTm.val(85): 0.0
calling GetDataValues(IEDBiogasCHP/DSCH1.SchdAbsTm.val(86))
14:23:46.949 [openiec61850-osi-server-7-thread-1] DEBUG com.beanit.openiec61850.ServerAssociation - Got a GetDataValues request for node: IEDBiogasCHP/DSCH1.SchdAbsTm.val(86): 0.0
calling GetDataValues(IEDBiogasCHP/DSCH1.SchdAbsTm.val(87))
14:23:46.949 [openiec61850-osi-server-7-thread-1] DEBUG com.beanit.openiec61850.ServerAssociation - Got a GetDataValues request for node: IEDBiogasCHP/DSCH1.SchdAbsTm.val(87): 0.0
calling GetDataValues(IEDBiogasCHP/DSCH1.SchdAbsTm.val(88))
14:23:46.950 [openiec61850-osi-server-7-thread-1] DEBUG com.beanit.openiec61850.ServerAssociation - Got a GetDataValues request for node: IEDBiogasCHP/DSCH1.SchdAbsTm.val(88): 0.0
calling GetDataValues(IEDBiogasCHP/DSCH1.SchdAbsTm.val(89))
14:23:46.950 [openiec61850-osi-server-7-thread-1] DEBUG com.beanit.openiec61850.ServerAssociation - Got a GetDataValues request for node: IEDBiogasCHP/DSCH1.SchdAbsTm.val(89): 0.0
calling GetDataValues(IEDBiogasCHP/DSCH1.SchdAbsTm.val(90))
14:23:46.950 [openiec61850-osi-server-7-thread-1] DEBUG com.beanit.openiec61850.ServerAssociation - Got a GetDataValues request for node: IEDBiogasCHP/DSCH1.SchdAbsTm.val(90): 0.0
calling GetDataValues(IEDBiogasCHP/DSCH1.SchdAbsTm.val(91))
14:23:46.950 [openiec61850-osi-server-7-thread-1] DEBUG com.beanit.openiec61850.ServerAssociation - Got a GetDataValues request for node: IEDBiogasCHP/DSCH1.SchdAbsTm.val(91): 0.0
calling GetDataValues(IEDBiogasCHP/DSCH1.SchdAbsTm.val(92))
14:23:46.950 [openiec61850-osi-server-7-thread-1] DEBUG com.beanit.openiec61850.ServerAssociation - Got a GetDataValues request for node: IEDBiogasCHP/DSCH1.SchdAbsTm.val(92): 0.0
calling GetDataValues(IEDBiogasCHP/DSCH1.SchdAbsTm.val(93))
14:23:46.950 [openiec61850-osi-server-7-thread-1] DEBUG com.beanit.openiec61850.ServerAssociation - Got a GetDataValues request for node: IEDBiogasCHP/DSCH1.SchdAbsTm.val(93): 0.0
calling GetDataValues(IEDBiogasCHP/DSCH1.SchdAbsTm.val(94))
14:23:46.950 [openiec61850-osi-server-7-thread-1] DEBUG com.beanit.openiec61850.ServerAssociation - Got a GetDataValues request for node: IEDBiogasCHP/DSCH1.SchdAbsTm.val(94): 0.0
calling GetDataValues(IEDBiogasCHP/DSCH1.SchdAbsTm.val(95))
14:23:46.951 [openiec61850-osi-server-7-thread-1] DEBUG com.beanit.openiec61850.ServerAssociation - Got a GetDataValues request for node: IEDBiogasCHP/DSCH1.SchdAbsTm.val(95): 0.0
calling GetDataValues(IEDBiogasCHP/DSCH1.SchdAbsTm.rmpTyp)
14:23:46.951 [openiec61850-osi-server-7-thread-1] DEBUG com.beanit.openiec61850.ServerAssociation - Got a GetDataValues request for node: IEDBiogasCHP/DSCH1.SchdAbsTm.rmpTyp: 0
calling GetDataValues(IEDBiogasCHP/DSCH1.SchdAbsTm.time)
14:23:46.951 [openiec61850-osi-server-7-thread-1] DEBUG com.beanit.openiec61850.ServerAssociation - Got a GetDataValues request for node: IEDBiogasCHP/DSCH1.SchdAbsTm.time [SP]
IEDBiogasCHP/DSCH1.SchdAbsTm.time(0): Thu Jan 01 01:00:00 CET 1970
IEDBiogasCHP/DSCH1.SchdAbsTm.time(1): Thu Jan 01 01:00:00 CET 1970
IEDBiogasCHP/DSCH1.SchdAbsTm.time(2): Thu Jan 01 01:00:00 CET 1970
IEDBiogasCHP/DSCH1.SchdAbsTm.time(3): Thu Jan 01 01:00:00 CET 1970
IEDBiogasCHP/DSCH1.SchdAbsTm.time(4): Thu Jan 01 01:00:00 CET 1970
IEDBiogasCHP/DSCH1.SchdAbsTm.time(5): Thu Jan 01 01:00:00 CET 1970
IEDBiogasCHP/DSCH1.SchdAbsTm.time(6): Thu Jan 01 01:00:00 CET 1970
IEDBiogasCHP/DSCH1.SchdAbsTm.time(7): Thu Jan 01 01:00:00 CET 1970
IEDBiogasCHP/DSCH1.SchdAbsTm.time(8): Thu Jan 01 01:00:00 CET 1970
IEDBiogasCHP/DSCH1.SchdAbsTm.time(9): Thu Jan 01 01:00:00 CET 1970
IEDBiogasCHP/DSCH1.SchdAbsTm.time(10): Thu Jan 01 01:00:00 CET 1970
IEDBiogasCHP/DSCH1.SchdAbsTm.time(11): Thu Jan 01 01:00:00 CET 1970
IEDBiogasCHP/DSCH1.SchdAbsTm.time(12): Thu Jan 01 01:00:00 CET 1970
IEDBiogasCHP/DSCH1.SchdAbsTm.time(13): Thu Jan 01 01:00:00 CET 1970
IEDBiogasCHP/DSCH1.SchdAbsTm.time(14): Thu Jan 01 01:00:00 CET 1970
IEDBiogasCHP/DSCH1.SchdAbsTm.time(15): Thu Jan 01 01:00:00 CET 1970
IEDBiogasCHP/DSCH1.SchdAbsTm.time(16): Thu Jan 01 01:00:00 CET 1970
IEDBiogasCHP/DSCH1.SchdAbsTm.time(17): Thu Jan 01 01:00:00 CET 1970
IEDBiogasCHP/DSCH1.SchdAbsTm.time(18): Thu Jan 01 01:00:00 CET 1970
IEDBiogasCHP/DSCH1.SchdAbsTm.time(19): Thu Jan 01 01:00:00 CET 1970
IEDBiogasCHP/DSCH1.SchdAbsTm.time(20): Thu Jan 01 01:00:00 CET 1970
IEDBiogasCHP/DSCH1.SchdAbsTm.time(21): Thu Jan 01 01:00:00 CET 1970
IEDBiogasCHP/DSCH1.SchdAbsTm.time(22): Thu Jan 01 01:00:00 CET 1970
IEDBiogasCHP/DSCH1.SchdAbsTm.time(23): Thu Jan 01 01:00:00 CET 1970
IEDBiogasCHP/DSCH1.SchdAbsTm.time(24): Thu Jan 01 01:00:00 CET 1970
IEDBiogasCHP/DSCH1.SchdAbsTm.time(25): Thu Jan 01 01:00:00 CET 1970
IEDBiogasCHP/DSCH1.SchdAbsTm.time(26): Thu Jan 01 01:00:00 CET 1970
IEDBiogasCHP/DSCH1.SchdAbsTm.time(27): Thu Jan 01 01:00:00 CET 1970
IEDBiogasCHP/DSCH1.SchdAbsTm.time(28): Thu Jan 01 01:00:00 CET 1970
IEDBiogasCHP/DSCH1.SchdAbsTm.time(29): Thu Jan 01 01:00:00 CET 1970
IEDBiogasCHP/DSCH1.SchdAbsTm.time(30): Thu Jan 01 01:00:00 CET 1970
IEDBiogasCHP/DSCH1.SchdAbsTm.time(31): Thu Jan 01 01:00:00 CET 1970
IEDBiogasCHP/DSCH1.SchdAbsTm.time(32): Thu Jan 01 01:00:00 CET 1970
IEDBiogasCHP/DSCH1.SchdAbsTm.time(33): Thu Jan 01 01:00:00 CET 1970
IEDBiogasCHP/DSCH1.SchdAbsTm.time(34): Thu Jan 01 01:00:00 CET 1970
IEDBiogasCHP/DSCH1.SchdAbsTm.time(35): Thu Jan 01 01:00:00 CET 1970
IEDBiogasCHP/DSCH1.SchdAbsTm.time(36): Thu Jan 01 01:00:00 CET 1970
IEDBiogasCHP/DSCH1.SchdAbsTm.time(37): Thu Jan 01 01:00:00 CET 1970
IEDBiogasCHP/DSCH1.SchdAbsTm.time(38): Thu Jan 01 01:00:00 CET 1970
IEDBiogasCHP/DSCH1.SchdAbsTm.time(39): Thu Jan 01 01:00:00 CET 1970
IEDBiogasCHP/DSCH1.SchdAbsTm.time(40): Thu Jan 01 01:00:00 CET 1970
IEDBiogasCHP/DSCH1.SchdAbsTm.time(41): Thu Jan 01 01:00:00 CET 1970
IEDBiogasCHP/DSCH1.SchdAbsTm.time(42): Thu Jan 01 01:00:00 CET 1970
IEDBiogasCHP/DSCH1.SchdAbsTm.time(43): Thu Jan 01 01:00:00 CET 1970
IEDBiogasCHP/DSCH1.SchdAbsTm.time(44): Thu Jan 01 01:00:00 CET 1970
IEDBiogasCHP/DSCH1.SchdAbsTm.time(45): Thu Jan 01 01:00:00 CET 1970
IEDBiogasCHP/DSCH1.SchdAbsTm.time(46): Thu Jan 01 01:00:00 CET 1970
IEDBiogasCHP/DSCH1.SchdAbsTm.time(47): Thu Jan 01 01:00:00 CET 1970
IEDBiogasCHP/DSCH1.SchdAbsTm.time(48): Thu Jan 01 01:00:00 CET 1970
IEDBiogasCHP/DSCH1.SchdAbsTm.time(49): Thu Jan 01 01:00:00 CET 1970
IEDBiogasCHP/DSCH1.SchdAbsTm.time(50): Thu Jan 01 01:00:00 CET 1970
IEDBiogasCHP/DSCH1.SchdAbsTm.time(51): Thu Jan 01 01:00:00 CET 1970
IEDBiogasCHP/DSCH1.SchdAbsTm.time(52): Thu Jan 01 01:00:00 CET 1970
IEDBiogasCHP/DSCH1.SchdAbsTm.time(53): Thu Jan 01 01:00:00 CET 1970
IEDBiogasCHP/DSCH1.SchdAbsTm.time(54): Thu Jan 01 01:00:00 CET 1970
IEDBiogasCHP/DSCH1.SchdAbsTm.time(55): Thu Jan 01 01:00:00 CET 1970
IEDBiogasCHP/DSCH1.SchdAbsTm.time(56): Thu Jan 01 01:00:00 CET 1970
IEDBiogasCHP/DSCH1.SchdAbsTm.time(57): Thu Jan 01 01:00:00 CET 1970
IEDBiogasCHP/DSCH1.SchdAbsTm.time(58): Thu Jan 01 01:00:00 CET 1970
IEDBiogasCHP/DSCH1.SchdAbsTm.time(59): Thu Jan 01 01:00:00 CET 1970
IEDBiogasCHP/DSCH1.SchdAbsTm.time(60): Thu Jan 01 01:00:00 CET 1970
IEDBiogasCHP/DSCH1.SchdAbsTm.time(61): Thu Jan 01 01:00:00 CET 1970
IEDBiogasCHP/DSCH1.SchdAbsTm.time(62): Thu Jan 01 01:00:00 CET 1970
IEDBiogasCHP/DSCH1.SchdAbsTm.time(63): Thu Jan 01 01:00:00 CET 1970
IEDBiogasCHP/DSCH1.SchdAbsTm.time(64): Thu Jan 01 01:00:00 CET 1970
IEDBiogasCHP/DSCH1.SchdAbsTm.time(65): Thu Jan 01 01:00:00 CET 1970
IEDBiogasCHP/DSCH1.SchdAbsTm.time(66): Thu Jan 01 01:00:00 CET 1970
IEDBiogasCHP/DSCH1.SchdAbsTm.time(67): Thu Jan 01 01:00:00 CET 1970
IEDBiogasCHP/DSCH1.SchdAbsTm.time(68): Thu Jan 01 01:00:00 CET 1970
IEDBiogasCHP/DSCH1.SchdAbsTm.time(69): Thu Jan 01 01:00:00 CET 1970
IEDBiogasCHP/DSCH1.SchdAbsTm.time(70): Thu Jan 01 01:00:00 CET 1970
IEDBiogasCHP/DSCH1.SchdAbsTm.time(71): Thu Jan 01 01:00:00 CET 1970
IEDBiogasCHP/DSCH1.SchdAbsTm.time(72): Thu Jan 01 01:00:00 CET 1970
IEDBiogasCHP/DSCH1.SchdAbsTm.time(73): Thu Jan 01 01:00:00 CET 1970
IEDBiogasCHP/DSCH1.SchdAbsTm.time(74): Thu Jan 01 01:00:00 CET 1970
IEDBiogasCHP/DSCH1.SchdAbsTm.time(75): Thu Jan 01 01:00:00 CET 1970
IEDBiogasCHP/DSCH1.SchdAbsTm.time(76): Thu Jan 01 01:00:00 CET 1970
IEDBiogasCHP/DSCH1.SchdAbsTm.time(77): Thu Jan 01 01:00:00 CET 1970
IEDBiogasCHP/DSCH1.SchdAbsTm.time(78): Thu Jan 01 01:00:00 CET 1970
IEDBiogasCHP/DSCH1.SchdAbsTm.time(79): Thu Jan 01 01:00:00 CET 1970
IEDBiogasCHP/DSCH1.SchdAbsTm.time(80): Thu Jan 01 01:00:00 CET 1970
IEDBiogasCHP/DSCH1.SchdAbsTm.time(81): Thu Jan 01 01:00:00 CET 1970
IEDBiogasCHP/DSCH1.SchdAbsTm.time(82): Thu Jan 01 01:00:00 CET 1970
IEDBiogasCHP/DSCH1.SchdAbsTm.time(83): Thu Jan 01 01:00:00 CET 1970
IEDBiogasCHP/DSCH1.SchdAbsTm.time(84): Thu Jan 01 01:00:00 CET 1970
IEDBiogasCHP/DSCH1.SchdAbsTm.time(85): Thu Jan 01 01:00:00 CET 1970
IEDBiogasCHP/DSCH1.SchdAbsTm.time(86): Thu Jan 01 01:00:00 CET 1970
IEDBiogasCHP/DSCH1.SchdAbsTm.time(87): Thu Jan 01 01:00:00 CET 1970
IEDBiogasCHP/DSCH1.SchdAbsTm.time(88): Thu Jan 01 01:00:00 CET 1970
IEDBiogasCHP/DSCH1.SchdAbsTm.time(89): Thu Jan 01 01:00:00 CET 1970
IEDBiogasCHP/DSCH1.SchdAbsTm.time(90): Thu Jan 01 01:00:00 CET 1970
IEDBiogasCHP/DSCH1.SchdAbsTm.time(91): Thu Jan 01 01:00:00 CET 1970
IEDBiogasCHP/DSCH1.SchdAbsTm.time(92): Thu Jan 01 01:00:00 CET 1970
IEDBiogasCHP/DSCH1.SchdAbsTm.time(93): Thu Jan 01 01:00:00 CET 1970
IEDBiogasCHP/DSCH1.SchdAbsTm.time(94): Thu Jan 01 01:00:00 CET 1970
IEDBiogasCHP/DSCH1.SchdAbsTm.time(95): Thu Jan 01 01:00:00 CET 1970
14:23:46.951 [openiec61850-osi-server-7-thread-1] DEBUG com.beanit.openiec61850.ServerAssociation - sub BDA is:IEDBiogasCHP/DSCH1.SchdAbsTm.time(0): Thu Jan 01 01:00:00 CET 1970
14:23:46.951 [openiec61850-osi-server-7-thread-1] DEBUG com.beanit.openiec61850.ServerAssociation - sub BDA is:IEDBiogasCHP/DSCH1.SchdAbsTm.time(1): Thu Jan 01 01:00:00 CET 1970
14:23:46.951 [openiec61850-osi-server-7-thread-1] DEBUG com.beanit.openiec61850.ServerAssociation - sub BDA is:IEDBiogasCHP/DSCH1.SchdAbsTm.time(2): Thu Jan 01 01:00:00 CET 1970
14:23:46.952 [openiec61850-osi-server-7-thread-1] DEBUG com.beanit.openiec61850.ServerAssociation - sub BDA is:IEDBiogasCHP/DSCH1.SchdAbsTm.time(3): Thu Jan 01 01:00:00 CET 1970
14:23:46.952 [openiec61850-osi-server-7-thread-1] DEBUG com.beanit.openiec61850.ServerAssociation - sub BDA is:IEDBiogasCHP/DSCH1.SchdAbsTm.time(4): Thu Jan 01 01:00:00 CET 1970
14:23:46.952 [openiec61850-osi-server-7-thread-1] DEBUG com.beanit.openiec61850.ServerAssociation - sub BDA is:IEDBiogasCHP/DSCH1.SchdAbsTm.time(5): Thu Jan 01 01:00:00 CET 1970
14:23:46.952 [openiec61850-osi-server-7-thread-1] DEBUG com.beanit.openiec61850.ServerAssociation - sub BDA is:IEDBiogasCHP/DSCH1.SchdAbsTm.time(6): Thu Jan 01 01:00:00 CET 1970
14:23:46.952 [openiec61850-osi-server-7-thread-1] DEBUG com.beanit.openiec61850.ServerAssociation - sub BDA is:IEDBiogasCHP/DSCH1.SchdAbsTm.time(7): Thu Jan 01 01:00:00 CET 1970
14:23:46.952 [openiec61850-osi-server-7-thread-1] DEBUG com.beanit.openiec61850.ServerAssociation - sub BDA is:IEDBiogasCHP/DSCH1.SchdAbsTm.time(8): Thu Jan 01 01:00:00 CET 1970
14:23:46.952 [openiec61850-osi-server-7-thread-1] DEBUG com.beanit.openiec61850.ServerAssociation - sub BDA is:IEDBiogasCHP/DSCH1.SchdAbsTm.time(9): Thu Jan 01 01:00:00 CET 1970
14:23:46.952 [openiec61850-osi-server-7-thread-1] DEBUG com.beanit.openiec61850.ServerAssociation - sub BDA is:IEDBiogasCHP/DSCH1.SchdAbsTm.time(10): Thu Jan 01 01:00:00 CET 1970
14:23:46.952 [openiec61850-osi-server-7-thread-1] DEBUG com.beanit.openiec61850.ServerAssociation - sub BDA is:IEDBiogasCHP/DSCH1.SchdAbsTm.time(11): Thu Jan 01 01:00:00 CET 1970
14:23:46.952 [openiec61850-osi-server-7-thread-1] DEBUG com.beanit.openiec61850.ServerAssociation - sub BDA is:IEDBiogasCHP/DSCH1.SchdAbsTm.time(12): Thu Jan 01 01:00:00 CET 1970
14:23:46.952 [openiec61850-osi-server-7-thread-1] DEBUG com.beanit.openiec61850.ServerAssociation - sub BDA is:IEDBiogasCHP/DSCH1.SchdAbsTm.time(13): Thu Jan 01 01:00:00 CET 1970
14:23:46.952 [openiec61850-osi-server-7-thread-1] DEBUG com.beanit.openiec61850.ServerAssociation - sub BDA is:IEDBiogasCHP/DSCH1.SchdAbsTm.time(14): Thu Jan 01 01:00:00 CET 1970
14:23:46.952 [openiec61850-osi-server-7-thread-1] DEBUG com.beanit.openiec61850.ServerAssociation - sub BDA is:IEDBiogasCHP/DSCH1.SchdAbsTm.time(15): Thu Jan 01 01:00:00 CET 1970
14:23:46.952 [openiec61850-osi-server-7-thread-1] DEBUG com.beanit.openiec61850.ServerAssociation - sub BDA is:IEDBiogasCHP/DSCH1.SchdAbsTm.time(16): Thu Jan 01 01:00:00 CET 1970
14:23:46.952 [openiec61850-osi-server-7-thread-1] DEBUG com.beanit.openiec61850.ServerAssociation - sub BDA is:IEDBiogasCHP/DSCH1.SchdAbsTm.time(17): Thu Jan 01 01:00:00 CET 1970
14:23:46.952 [openiec61850-osi-server-7-thread-1] DEBUG com.beanit.openiec61850.ServerAssociation - sub BDA is:IEDBiogasCHP/DSCH1.SchdAbsTm.time(18): Thu Jan 01 01:00:00 CET 1970
14:23:46.952 [openiec61850-osi-server-7-thread-1] DEBUG com.beanit.openiec61850.ServerAssociation - sub BDA is:IEDBiogasCHP/DSCH1.SchdAbsTm.time(19): Thu Jan 01 01:00:00 CET 1970
14:23:46.952 [openiec61850-osi-server-7-thread-1] DEBUG com.beanit.openiec61850.ServerAssociation - sub BDA is:IEDBiogasCHP/DSCH1.SchdAbsTm.time(20): Thu Jan 01 01:00:00 CET 1970
14:23:46.952 [openiec61850-osi-server-7-thread-1] DEBUG com.beanit.openiec61850.ServerAssociation - sub BDA is:IEDBiogasCHP/DSCH1.SchdAbsTm.time(21): Thu Jan 01 01:00:00 CET 1970
14:23:46.952 [openiec61850-osi-server-7-thread-1] DEBUG com.beanit.openiec61850.ServerAssociation - sub BDA is:IEDBiogasCHP/DSCH1.SchdAbsTm.time(22): Thu Jan 01 01:00:00 CET 1970
14:23:46.952 [openiec61850-osi-server-7-thread-1] DEBUG com.beanit.openiec61850.ServerAssociation - sub BDA is:IEDBiogasCHP/DSCH1.SchdAbsTm.time(23): Thu Jan 01 01:00:00 CET 1970
14:23:46.952 [openiec61850-osi-server-7-thread-1] DEBUG com.beanit.openiec61850.ServerAssociation - sub BDA is:IEDBiogasCHP/DSCH1.SchdAbsTm.time(24): Thu Jan 01 01:00:00 CET 1970
14:23:46.952 [openiec61850-osi-server-7-thread-1] DEBUG com.beanit.openiec61850.ServerAssociation - sub BDA is:IEDBiogasCHP/DSCH1.SchdAbsTm.time(25): Thu Jan 01 01:00:00 CET 1970
14:23:46.952 [openiec61850-osi-server-7-thread-1] DEBUG com.beanit.openiec61850.ServerAssociation - sub BDA is:IEDBiogasCHP/DSCH1.SchdAbsTm.time(26): Thu Jan 01 01:00:00 CET 1970
14:23:46.952 [openiec61850-osi-server-7-thread-1] DEBUG com.beanit.openiec61850.ServerAssociation - sub BDA is:IEDBiogasCHP/DSCH1.SchdAbsTm.time(27): Thu Jan 01 01:00:00 CET 1970
14:23:46.952 [openiec61850-osi-server-7-thread-1] DEBUG com.beanit.openiec61850.ServerAssociation - sub BDA is:IEDBiogasCHP/DSCH1.SchdAbsTm.time(28): Thu Jan 01 01:00:00 CET 1970
14:23:46.952 [openiec61850-osi-server-7-thread-1] DEBUG com.beanit.openiec61850.ServerAssociation - sub BDA is:IEDBiogasCHP/DSCH1.SchdAbsTm.time(29): Thu Jan 01 01:00:00 CET 1970
14:23:46.952 [openiec61850-osi-server-7-thread-1] DEBUG com.beanit.openiec61850.ServerAssociation - sub BDA is:IEDBiogasCHP/DSCH1.SchdAbsTm.time(30): Thu Jan 01 01:00:00 CET 1970
14:23:46.952 [openiec61850-osi-server-7-thread-1] DEBUG com.beanit.openiec61850.ServerAssociation - sub BDA is:IEDBiogasCHP/DSCH1.SchdAbsTm.time(31): Thu Jan 01 01:00:00 CET 1970
14:23:46.952 [openiec61850-osi-server-7-thread-1] DEBUG com.beanit.openiec61850.ServerAssociation - sub BDA is:IEDBiogasCHP/DSCH1.SchdAbsTm.time(32): Thu Jan 01 01:00:00 CET 1970
14:23:46.952 [openiec61850-osi-server-7-thread-1] DEBUG com.beanit.openiec61850.ServerAssociation - sub BDA is:IEDBiogasCHP/DSCH1.SchdAbsTm.time(33): Thu Jan 01 01:00:00 CET 1970
14:23:46.952 [openiec61850-osi-server-7-thread-1] DEBUG com.beanit.openiec61850.ServerAssociation - sub BDA is:IEDBiogasCHP/DSCH1.SchdAbsTm.time(34): Thu Jan 01 01:00:00 CET 1970
14:23:46.952 [openiec61850-osi-server-7-thread-1] DEBUG com.beanit.openiec61850.ServerAssociation - sub BDA is:IEDBiogasCHP/DSCH1.SchdAbsTm.time(35): Thu Jan 01 01:00:00 CET 1970
14:23:46.952 [openiec61850-osi-server-7-thread-1] DEBUG com.beanit.openiec61850.ServerAssociation - sub BDA is:IEDBiogasCHP/DSCH1.SchdAbsTm.time(36): Thu Jan 01 01:00:00 CET 1970
14:23:46.952 [openiec61850-osi-server-7-thread-1] DEBUG com.beanit.openiec61850.ServerAssociation - sub BDA is:IEDBiogasCHP/DSCH1.SchdAbsTm.time(37): Thu Jan 01 01:00:00 CET 1970
14:23:46.952 [openiec61850-osi-server-7-thread-1] DEBUG com.beanit.openiec61850.ServerAssociation - sub BDA is:IEDBiogasCHP/DSCH1.SchdAbsTm.time(38): Thu Jan 01 01:00:00 CET 1970
14:23:46.952 [openiec61850-osi-server-7-thread-1] DEBUG com.beanit.openiec61850.ServerAssociation - sub BDA is:IEDBiogasCHP/DSCH1.SchdAbsTm.time(39): Thu Jan 01 01:00:00 CET 1970
14:23:46.952 [openiec61850-osi-server-7-thread-1] DEBUG com.beanit.openiec61850.ServerAssociation - sub BDA is:IEDBiogasCHP/DSCH1.SchdAbsTm.time(40): Thu Jan 01 01:00:00 CET 1970
14:23:46.952 [openiec61850-osi-server-7-thread-1] DEBUG com.beanit.openiec61850.ServerAssociation - sub BDA is:IEDBiogasCHP/DSCH1.SchdAbsTm.time(41): Thu Jan 01 01:00:00 CET 1970
14:23:46.952 [openiec61850-osi-server-7-thread-1] DEBUG com.beanit.openiec61850.ServerAssociation - sub BDA is:IEDBiogasCHP/DSCH1.SchdAbsTm.time(42): Thu Jan 01 01:00:00 CET 1970
14:23:46.952 [openiec61850-osi-server-7-thread-1] DEBUG com.beanit.openiec61850.ServerAssociation - sub BDA is:IEDBiogasCHP/DSCH1.SchdAbsTm.time(43): Thu Jan 01 01:00:00 CET 1970
14:23:46.952 [openiec61850-osi-server-7-thread-1] DEBUG com.beanit.openiec61850.ServerAssociation - sub BDA is:IEDBiogasCHP/DSCH1.SchdAbsTm.time(44): Thu Jan 01 01:00:00 CET 1970
14:23:46.952 [openiec61850-osi-server-7-thread-1] DEBUG com.beanit.openiec61850.ServerAssociation - sub BDA is:IEDBiogasCHP/DSCH1.SchdAbsTm.time(45): Thu Jan 01 01:00:00 CET 1970
14:23:46.952 [openiec61850-osi-server-7-thread-1] DEBUG com.beanit.openiec61850.ServerAssociation - sub BDA is:IEDBiogasCHP/DSCH1.SchdAbsTm.time(46): Thu Jan 01 01:00:00 CET 1970
14:23:46.952 [openiec61850-osi-server-7-thread-1] DEBUG com.beanit.openiec61850.ServerAssociation - sub BDA is:IEDBiogasCHP/DSCH1.SchdAbsTm.time(47): Thu Jan 01 01:00:00 CET 1970
14:23:46.952 [openiec61850-osi-server-7-thread-1] DEBUG com.beanit.openiec61850.ServerAssociation - sub BDA is:IEDBiogasCHP/DSCH1.SchdAbsTm.time(48): Thu Jan 01 01:00:00 CET 1970
14:23:46.952 [openiec61850-osi-server-7-thread-1] DEBUG com.beanit.openiec61850.ServerAssociation - sub BDA is:IEDBiogasCHP/DSCH1.SchdAbsTm.time(49): Thu Jan 01 01:00:00 CET 1970
14:23:46.952 [openiec61850-osi-server-7-thread-1] DEBUG com.beanit.openiec61850.ServerAssociation - sub BDA is:IEDBiogasCHP/DSCH1.SchdAbsTm.time(50): Thu Jan 01 01:00:00 CET 1970
14:23:46.952 [openiec61850-osi-server-7-thread-1] DEBUG com.beanit.openiec61850.ServerAssociation - sub BDA is:IEDBiogasCHP/DSCH1.SchdAbsTm.time(51): Thu Jan 01 01:00:00 CET 1970
14:23:46.952 [openiec61850-osi-server-7-thread-1] DEBUG com.beanit.openiec61850.ServerAssociation - sub BDA is:IEDBiogasCHP/DSCH1.SchdAbsTm.time(52): Thu Jan 01 01:00:00 CET 1970
14:23:46.952 [openiec61850-osi-server-7-thread-1] DEBUG com.beanit.openiec61850.ServerAssociation - sub BDA is:IEDBiogasCHP/DSCH1.SchdAbsTm.time(53): Thu Jan 01 01:00:00 CET 1970
14:23:46.952 [openiec61850-osi-server-7-thread-1] DEBUG com.beanit.openiec61850.ServerAssociation - sub BDA is:IEDBiogasCHP/DSCH1.SchdAbsTm.time(54): Thu Jan 01 01:00:00 CET 1970
14:23:46.952 [openiec61850-osi-server-7-thread-1] DEBUG com.beanit.openiec61850.ServerAssociation - sub BDA is:IEDBiogasCHP/DSCH1.SchdAbsTm.time(55): Thu Jan 01 01:00:00 CET 1970
14:23:46.952 [openiec61850-osi-server-7-thread-1] DEBUG com.beanit.openiec61850.ServerAssociation - sub BDA is:IEDBiogasCHP/DSCH1.SchdAbsTm.time(56): Thu Jan 01 01:00:00 CET 1970
14:23:46.952 [openiec61850-osi-server-7-thread-1] DEBUG com.beanit.openiec61850.ServerAssociation - sub BDA is:IEDBiogasCHP/DSCH1.SchdAbsTm.time(57): Thu Jan 01 01:00:00 CET 1970
14:23:46.952 [openiec61850-osi-server-7-thread-1] DEBUG com.beanit.openiec61850.ServerAssociation - sub BDA is:IEDBiogasCHP/DSCH1.SchdAbsTm.time(58): Thu Jan 01 01:00:00 CET 1970
14:23:46.952 [openiec61850-osi-server-7-thread-1] DEBUG com.beanit.openiec61850.ServerAssociation - sub BDA is:IEDBiogasCHP/DSCH1.SchdAbsTm.time(59): Thu Jan 01 01:00:00 CET 1970
14:23:46.952 [openiec61850-osi-server-7-thread-1] DEBUG com.beanit.openiec61850.ServerAssociation - sub BDA is:IEDBiogasCHP/DSCH1.SchdAbsTm.time(60): Thu Jan 01 01:00:00 CET 1970
14:23:46.952 [openiec61850-osi-server-7-thread-1] DEBUG com.beanit.openiec61850.ServerAssociation - sub BDA is:IEDBiogasCHP/DSCH1.SchdAbsTm.time(61): Thu Jan 01 01:00:00 CET 1970
14:23:46.952 [openiec61850-osi-server-7-thread-1] DEBUG com.beanit.openiec61850.ServerAssociation - sub BDA is:IEDBiogasCHP/DSCH1.SchdAbsTm.time(62): Thu Jan 01 01:00:00 CET 1970
14:23:46.952 [openiec61850-osi-server-7-thread-1] DEBUG com.beanit.openiec61850.ServerAssociation - sub BDA is:IEDBiogasCHP/DSCH1.SchdAbsTm.time(63): Thu Jan 01 01:00:00 CET 1970
14:23:46.952 [openiec61850-osi-server-7-thread-1] DEBUG com.beanit.openiec61850.ServerAssociation - sub BDA is:IEDBiogasCHP/DSCH1.SchdAbsTm.time(64): Thu Jan 01 01:00:00 CET 1970
14:23:46.952 [openiec61850-osi-server-7-thread-1] DEBUG com.beanit.openiec61850.ServerAssociation - sub BDA is:IEDBiogasCHP/DSCH1.SchdAbsTm.time(65): Thu Jan 01 01:00:00 CET 1970
14:23:46.952 [openiec61850-osi-server-7-thread-1] DEBUG com.beanit.openiec61850.ServerAssociation - sub BDA is:IEDBiogasCHP/DSCH1.SchdAbsTm.time(66): Thu Jan 01 01:00:00 CET 1970
14:23:46.952 [openiec61850-osi-server-7-thread-1] DEBUG com.beanit.openiec61850.ServerAssociation - sub BDA is:IEDBiogasCHP/DSCH1.SchdAbsTm.time(67): Thu Jan 01 01:00:00 CET 1970
14:23:46.952 [openiec61850-osi-server-7-thread-1] DEBUG com.beanit.openiec61850.ServerAssociation - sub BDA is:IEDBiogasCHP/DSCH1.SchdAbsTm.time(68): Thu Jan 01 01:00:00 CET 1970
14:23:46.952 [openiec61850-osi-server-7-thread-1] DEBUG com.beanit.openiec61850.ServerAssociation - sub BDA is:IEDBiogasCHP/DSCH1.SchdAbsTm.time(69): Thu Jan 01 01:00:00 CET 1970
14:23:46.952 [openiec61850-osi-server-7-thread-1] DEBUG com.beanit.openiec61850.ServerAssociation - sub BDA is:IEDBiogasCHP/DSCH1.SchdAbsTm.time(70): Thu Jan 01 01:00:00 CET 1970
14:23:46.952 [openiec61850-osi-server-7-thread-1] DEBUG com.beanit.openiec61850.ServerAssociation - sub BDA is:IEDBiogasCHP/DSCH1.SchdAbsTm.time(71): Thu Jan 01 01:00:00 CET 1970
14:23:46.952 [openiec61850-osi-server-7-thread-1] DEBUG com.beanit.openiec61850.ServerAssociation - sub BDA is:IEDBiogasCHP/DSCH1.SchdAbsTm.time(72): Thu Jan 01 01:00:00 CET 1970
14:23:46.952 [openiec61850-osi-server-7-thread-1] DEBUG com.beanit.openiec61850.ServerAssociation - sub BDA is:IEDBiogasCHP/DSCH1.SchdAbsTm.time(73): Thu Jan 01 01:00:00 CET 1970
14:23:46.952 [openiec61850-osi-server-7-thread-1] DEBUG com.beanit.openiec61850.ServerAssociation - sub BDA is:IEDBiogasCHP/DSCH1.SchdAbsTm.time(74): Thu Jan 01 01:00:00 CET 1970
14:23:46.952 [openiec61850-osi-server-7-thread-1] DEBUG com.beanit.openiec61850.ServerAssociation - sub BDA is:IEDBiogasCHP/DSCH1.SchdAbsTm.time(75): Thu Jan 01 01:00:00 CET 1970
14:23:46.952 [openiec61850-osi-server-7-thread-1] DEBUG com.beanit.openiec61850.ServerAssociation - sub BDA is:IEDBiogasCHP/DSCH1.SchdAbsTm.time(76): Thu Jan 01 01:00:00 CET 1970
14:23:46.952 [openiec61850-osi-server-7-thread-1] DEBUG com.beanit.openiec61850.ServerAssociation - sub BDA is:IEDBiogasCHP/DSCH1.SchdAbsTm.time(77): Thu Jan 01 01:00:00 CET 1970
14:23:46.952 [openiec61850-osi-server-7-thread-1] DEBUG com.beanit.openiec61850.ServerAssociation - sub BDA is:IEDBiogasCHP/DSCH1.SchdAbsTm.time(78): Thu Jan 01 01:00:00 CET 1970
14:23:46.952 [openiec61850-osi-server-7-thread-1] DEBUG com.beanit.openiec61850.ServerAssociation - sub BDA is:IEDBiogasCHP/DSCH1.SchdAbsTm.time(79): Thu Jan 01 01:00:00 CET 1970
14:23:46.952 [openiec61850-osi-server-7-thread-1] DEBUG com.beanit.openiec61850.ServerAssociation - sub BDA is:IEDBiogasCHP/DSCH1.SchdAbsTm.time(80): Thu Jan 01 01:00:00 CET 1970
14:23:46.952 [openiec61850-osi-server-7-thread-1] DEBUG com.beanit.openiec61850.ServerAssociation - sub BDA is:IEDBiogasCHP/DSCH1.SchdAbsTm.time(81): Thu Jan 01 01:00:00 CET 1970
14:23:46.952 [openiec61850-osi-server-7-thread-1] DEBUG com.beanit.openiec61850.ServerAssociation - sub BDA is:IEDBiogasCHP/DSCH1.SchdAbsTm.time(82): Thu Jan 01 01:00:00 CET 1970
14:23:46.952 [openiec61850-osi-server-7-thread-1] DEBUG com.beanit.openiec61850.ServerAssociation - sub BDA is:IEDBiogasCHP/DSCH1.SchdAbsTm.time(83): Thu Jan 01 01:00:00 CET 1970
14:23:46.952 [openiec61850-osi-server-7-thread-1] DEBUG com.beanit.openiec61850.ServerAssociation - sub BDA is:IEDBiogasCHP/DSCH1.SchdAbsTm.time(84): Thu Jan 01 01:00:00 CET 1970
14:23:46.952 [openiec61850-osi-server-7-thread-1] DEBUG com.beanit.openiec61850.ServerAssociation - sub BDA is:IEDBiogasCHP/DSCH1.SchdAbsTm.time(85): Thu Jan 01 01:00:00 CET 1970
14:23:46.952 [openiec61850-osi-server-7-thread-1] DEBUG com.beanit.openiec61850.ServerAssociation - sub BDA is:IEDBiogasCHP/DSCH1.SchdAbsTm.time(86): Thu Jan 01 01:00:00 CET 1970
14:23:46.952 [openiec61850-osi-server-7-thread-1] DEBUG com.beanit.openiec61850.ServerAssociation - sub BDA is:IEDBiogasCHP/DSCH1.SchdAbsTm.time(87): Thu Jan 01 01:00:00 CET 1970
14:23:46.952 [openiec61850-osi-server-7-thread-1] DEBUG com.beanit.openiec61850.ServerAssociation - sub BDA is:IEDBiogasCHP/DSCH1.SchdAbsTm.time(88): Thu Jan 01 01:00:00 CET 1970
14:23:46.952 [openiec61850-osi-server-7-thread-1] DEBUG com.beanit.openiec61850.ServerAssociation - sub BDA is:IEDBiogasCHP/DSCH1.SchdAbsTm.time(89): Thu Jan 01 01:00:00 CET 1970
14:23:46.952 [openiec61850-osi-server-7-thread-1] DEBUG com.beanit.openiec61850.ServerAssociation - sub BDA is:IEDBiogasCHP/DSCH1.SchdAbsTm.time(90): Thu Jan 01 01:00:00 CET 1970
14:23:46.952 [openiec61850-osi-server-7-thread-1] DEBUG com.beanit.openiec61850.ServerAssociation - sub BDA is:IEDBiogasCHP/DSCH1.SchdAbsTm.time(91): Thu Jan 01 01:00:00 CET 1970
14:23:46.952 [openiec61850-osi-server-7-thread-1] DEBUG com.beanit.openiec61850.ServerAssociation - sub BDA is:IEDBiogasCHP/DSCH1.SchdAbsTm.time(92): Thu Jan 01 01:00:00 CET 1970
14:23:46.952 [openiec61850-osi-server-7-thread-1] DEBUG com.beanit.openiec61850.ServerAssociation - sub BDA is:IEDBiogasCHP/DSCH1.SchdAbsTm.time(93): Thu Jan 01 01:00:00 CET 1970
14:23:46.952 [openiec61850-osi-server-7-thread-1] DEBUG com.beanit.openiec61850.ServerAssociation - sub BDA is:IEDBiogasCHP/DSCH1.SchdAbsTm.time(94): Thu Jan 01 01:00:00 CET 1970
14:23:46.952 [openiec61850-osi-server-7-thread-1] DEBUG com.beanit.openiec61850.ServerAssociation - sub BDA is:IEDBiogasCHP/DSCH1.SchdAbsTm.time(95): Thu Jan 01 01:00:00 CET 1970
calling GetDataValues(IEDBiogasCHP/DSCH1.SchdAbsTm.time(0))
14:23:46.953 [openiec61850-osi-server-7-thread-1] DEBUG com.beanit.openiec61850.ServerAssociation - Got a GetDataValues request for node: IEDBiogasCHP/DSCH1.SchdAbsTm.time(0): Thu Jan 01 01:00:00 CET 1970
calling GetDataValues(IEDBiogasCHP/DSCH1.SchdAbsTm.time(1))
14:23:46.953 [openiec61850-osi-server-7-thread-1] DEBUG com.beanit.openiec61850.ServerAssociation - Got a GetDataValues request for node: IEDBiogasCHP/DSCH1.SchdAbsTm.time(1): Thu Jan 01 01:00:00 CET 1970
calling GetDataValues(IEDBiogasCHP/DSCH1.SchdAbsTm.time(2))
14:23:46.953 [openiec61850-osi-server-7-thread-1] DEBUG com.beanit.openiec61850.ServerAssociation - Got a GetDataValues request for node: IEDBiogasCHP/DSCH1.SchdAbsTm.time(2): Thu Jan 01 01:00:00 CET 1970
calling GetDataValues(IEDBiogasCHP/DSCH1.SchdAbsTm.time(3))
14:23:46.953 [openiec61850-osi-server-7-thread-1] DEBUG com.beanit.openiec61850.ServerAssociation - Got a GetDataValues request for node: IEDBiogasCHP/DSCH1.SchdAbsTm.time(3): Thu Jan 01 01:00:00 CET 1970
calling GetDataValues(IEDBiogasCHP/DSCH1.SchdAbsTm.time(4))
14:23:46.953 [openiec61850-osi-server-7-thread-1] DEBUG com.beanit.openiec61850.ServerAssociation - Got a GetDataValues request for node: IEDBiogasCHP/DSCH1.SchdAbsTm.time(4): Thu Jan 01 01:00:00 CET 1970
calling GetDataValues(IEDBiogasCHP/DSCH1.SchdAbsTm.time(5))
14:23:46.953 [openiec61850-osi-server-7-thread-1] DEBUG com.beanit.openiec61850.ServerAssociation - Got a GetDataValues request for node: IEDBiogasCHP/DSCH1.SchdAbsTm.time(5): Thu Jan 01 01:00:00 CET 1970
calling GetDataValues(IEDBiogasCHP/DSCH1.SchdAbsTm.time(6))
14:23:46.953 [openiec61850-osi-server-7-thread-1] DEBUG com.beanit.openiec61850.ServerAssociation - Got a GetDataValues request for node: IEDBiogasCHP/DSCH1.SchdAbsTm.time(6): Thu Jan 01 01:00:00 CET 1970
calling GetDataValues(IEDBiogasCHP/DSCH1.SchdAbsTm.time(7))
14:23:46.954 [openiec61850-osi-server-7-thread-1] DEBUG com.beanit.openiec61850.ServerAssociation - Got a GetDataValues request for node: IEDBiogasCHP/DSCH1.SchdAbsTm.time(7): Thu Jan 01 01:00:00 CET 1970
calling GetDataValues(IEDBiogasCHP/DSCH1.SchdAbsTm.time(8))
14:23:46.954 [openiec61850-osi-server-7-thread-1] DEBUG com.beanit.openiec61850.ServerAssociation - Got a GetDataValues request for node: IEDBiogasCHP/DSCH1.SchdAbsTm.time(8): Thu Jan 01 01:00:00 CET 1970
calling GetDataValues(IEDBiogasCHP/DSCH1.SchdAbsTm.time(9))
14:23:46.954 [openiec61850-osi-server-7-thread-1] DEBUG com.beanit.openiec61850.ServerAssociation - Got a GetDataValues request for node: IEDBiogasCHP/DSCH1.SchdAbsTm.time(9): Thu Jan 01 01:00:00 CET 1970
calling GetDataValues(IEDBiogasCHP/DSCH1.SchdAbsTm.time(10))
14:23:46.954 [openiec61850-osi-server-7-thread-1] DEBUG com.beanit.openiec61850.ServerAssociation - Got a GetDataValues request for node: IEDBiogasCHP/DSCH1.SchdAbsTm.time(10): Thu Jan 01 01:00:00 CET 1970
calling GetDataValues(IEDBiogasCHP/DSCH1.SchdAbsTm.time(11))
14:23:46.954 [openiec61850-osi-server-7-thread-1] DEBUG com.beanit.openiec61850.ServerAssociation - Got a GetDataValues request for node: IEDBiogasCHP/DSCH1.SchdAbsTm.time(11): Thu Jan 01 01:00:00 CET 1970
calling GetDataValues(IEDBiogasCHP/DSCH1.SchdAbsTm.time(12))
14:23:46.954 [openiec61850-osi-server-7-thread-1] DEBUG com.beanit.openiec61850.ServerAssociation - Got a GetDataValues request for node: IEDBiogasCHP/DSCH1.SchdAbsTm.time(12): Thu Jan 01 01:00:00 CET 1970
calling GetDataValues(IEDBiogasCHP/DSCH1.SchdAbsTm.time(13))
14:23:46.955 [openiec61850-osi-server-7-thread-1] DEBUG com.beanit.openiec61850.ServerAssociation - Got a GetDataValues request for node: IEDBiogasCHP/DSCH1.SchdAbsTm.time(13): Thu Jan 01 01:00:00 CET 1970
calling GetDataValues(IEDBiogasCHP/DSCH1.SchdAbsTm.time(14))
14:23:46.955 [openiec61850-osi-server-7-thread-1] DEBUG com.beanit.openiec61850.ServerAssociation - Got a GetDataValues request for node: IEDBiogasCHP/DSCH1.SchdAbsTm.time(14): Thu Jan 01 01:00:00 CET 1970
calling GetDataValues(IEDBiogasCHP/DSCH1.SchdAbsTm.time(15))
14:23:46.955 [openiec61850-osi-server-7-thread-1] DEBUG com.beanit.openiec61850.ServerAssociation - Got a GetDataValues request for node: IEDBiogasCHP/DSCH1.SchdAbsTm.time(15): Thu Jan 01 01:00:00 CET 1970
calling GetDataValues(IEDBiogasCHP/DSCH1.SchdAbsTm.time(16))
14:23:46.955 [openiec61850-osi-server-7-thread-1] DEBUG com.beanit.openiec61850.ServerAssociation - Got a GetDataValues request for node: IEDBiogasCHP/DSCH1.SchdAbsTm.time(16): Thu Jan 01 01:00:00 CET 1970
calling GetDataValues(IEDBiogasCHP/DSCH1.SchdAbsTm.time(17))
14:23:46.955 [openiec61850-osi-server-7-thread-1] DEBUG com.beanit.openiec61850.ServerAssociation - Got a GetDataValues request for node: IEDBiogasCHP/DSCH1.SchdAbsTm.time(17): Thu Jan 01 01:00:00 CET 1970
calling GetDataValues(IEDBiogasCHP/DSCH1.SchdAbsTm.time(18))
14:23:46.955 [openiec61850-osi-server-7-thread-1] DEBUG com.beanit.openiec61850.ServerAssociation - Got a GetDataValues request for node: IEDBiogasCHP/DSCH1.SchdAbsTm.time(18): Thu Jan 01 01:00:00 CET 1970
calling GetDataValues(IEDBiogasCHP/DSCH1.SchdAbsTm.time(19))
14:23:46.955 [openiec61850-osi-server-7-thread-1] DEBUG com.beanit.openiec61850.ServerAssociation - Got a GetDataValues request for node: IEDBiogasCHP/DSCH1.SchdAbsTm.time(19): Thu Jan 01 01:00:00 CET 1970
calling GetDataValues(IEDBiogasCHP/DSCH1.SchdAbsTm.time(20))
14:23:46.956 [openiec61850-osi-server-7-thread-1] DEBUG com.beanit.openiec61850.ServerAssociation - Got a GetDataValues request for node: IEDBiogasCHP/DSCH1.SchdAbsTm.time(20): Thu Jan 01 01:00:00 CET 1970
calling GetDataValues(IEDBiogasCHP/DSCH1.SchdAbsTm.time(21))
14:23:46.956 [openiec61850-osi-server-7-thread-1] DEBUG com.beanit.openiec61850.ServerAssociation - Got a GetDataValues request for node: IEDBiogasCHP/DSCH1.SchdAbsTm.time(21): Thu Jan 01 01:00:00 CET 1970
calling GetDataValues(IEDBiogasCHP/DSCH1.SchdAbsTm.time(22))
14:23:46.956 [openiec61850-osi-server-7-thread-1] DEBUG com.beanit.openiec61850.ServerAssociation - Got a GetDataValues request for node: IEDBiogasCHP/DSCH1.SchdAbsTm.time(22): Thu Jan 01 01:00:00 CET 1970
calling GetDataValues(IEDBiogasCHP/DSCH1.SchdAbsTm.time(23))
14:23:46.956 [openiec61850-osi-server-7-thread-1] DEBUG com.beanit.openiec61850.ServerAssociation - Got a GetDataValues request for node: IEDBiogasCHP/DSCH1.SchdAbsTm.time(23): Thu Jan 01 01:00:00 CET 1970
calling GetDataValues(IEDBiogasCHP/DSCH1.SchdAbsTm.time(24))
14:23:46.956 [openiec61850-osi-server-7-thread-1] DEBUG com.beanit.openiec61850.ServerAssociation - Got a GetDataValues request for node: IEDBiogasCHP/DSCH1.SchdAbsTm.time(24): Thu Jan 01 01:00:00 CET 1970
calling GetDataValues(IEDBiogasCHP/DSCH1.SchdAbsTm.time(25))
14:23:46.956 [openiec61850-osi-server-7-thread-1] DEBUG com.beanit.openiec61850.ServerAssociation - Got a GetDataValues request for node: IEDBiogasCHP/DSCH1.SchdAbsTm.time(25): Thu Jan 01 01:00:00 CET 1970
calling GetDataValues(IEDBiogasCHP/DSCH1.SchdAbsTm.time(26))
14:23:46.956 [openiec61850-osi-server-7-thread-1] DEBUG com.beanit.openiec61850.ServerAssociation - Got a GetDataValues request for node: IEDBiogasCHP/DSCH1.SchdAbsTm.time(26): Thu Jan 01 01:00:00 CET 1970
calling GetDataValues(IEDBiogasCHP/DSCH1.SchdAbsTm.time(27))
14:23:46.957 [openiec61850-osi-server-7-thread-1] DEBUG com.beanit.openiec61850.ServerAssociation - Got a GetDataValues request for node: IEDBiogasCHP/DSCH1.SchdAbsTm.time(27): Thu Jan 01 01:00:00 CET 1970
calling GetDataValues(IEDBiogasCHP/DSCH1.SchdAbsTm.time(28))
14:23:46.957 [openiec61850-osi-server-7-thread-1] DEBUG com.beanit.openiec61850.ServerAssociation - Got a GetDataValues request for node: IEDBiogasCHP/DSCH1.SchdAbsTm.time(28): Thu Jan 01 01:00:00 CET 1970
calling GetDataValues(IEDBiogasCHP/DSCH1.SchdAbsTm.time(29))
14:23:46.957 [openiec61850-osi-server-7-thread-1] DEBUG com.beanit.openiec61850.ServerAssociation - Got a GetDataValues request for node: IEDBiogasCHP/DSCH1.SchdAbsTm.time(29): Thu Jan 01 01:00:00 CET 1970
calling GetDataValues(IEDBiogasCHP/DSCH1.SchdAbsTm.time(30))
14:23:46.957 [openiec61850-osi-server-7-thread-1] DEBUG com.beanit.openiec61850.ServerAssociation - Got a GetDataValues request for node: IEDBiogasCHP/DSCH1.SchdAbsTm.time(30): Thu Jan 01 01:00:00 CET 1970
calling GetDataValues(IEDBiogasCHP/DSCH1.SchdAbsTm.time(31))
14:23:46.957 [openiec61850-osi-server-7-thread-1] DEBUG com.beanit.openiec61850.ServerAssociation - Got a GetDataValues request for node: IEDBiogasCHP/DSCH1.SchdAbsTm.time(31): Thu Jan 01 01:00:00 CET 1970
calling GetDataValues(IEDBiogasCHP/DSCH1.SchdAbsTm.time(32))
14:23:46.957 [openiec61850-osi-server-7-thread-1] DEBUG com.beanit.openiec61850.ServerAssociation - Got a GetDataValues request for node: IEDBiogasCHP/DSCH1.SchdAbsTm.time(32): Thu Jan 01 01:00:00 CET 1970
calling GetDataValues(IEDBiogasCHP/DSCH1.SchdAbsTm.time(33))
14:23:46.957 [openiec61850-osi-server-7-thread-1] DEBUG com.beanit.openiec61850.ServerAssociation - Got a GetDataValues request for node: IEDBiogasCHP/DSCH1.SchdAbsTm.time(33): Thu Jan 01 01:00:00 CET 1970
calling GetDataValues(IEDBiogasCHP/DSCH1.SchdAbsTm.time(34))
14:23:46.958 [openiec61850-osi-server-7-thread-1] DEBUG com.beanit.openiec61850.ServerAssociation - Got a GetDataValues request for node: IEDBiogasCHP/DSCH1.SchdAbsTm.time(34): Thu Jan 01 01:00:00 CET 1970
calling GetDataValues(IEDBiogasCHP/DSCH1.SchdAbsTm.time(35))
14:23:46.958 [openiec61850-osi-server-7-thread-1] DEBUG com.beanit.openiec61850.ServerAssociation - Got a GetDataValues request for node: IEDBiogasCHP/DSCH1.SchdAbsTm.time(35): Thu Jan 01 01:00:00 CET 1970
calling GetDataValues(IEDBiogasCHP/DSCH1.SchdAbsTm.time(36))
14:23:46.958 [openiec61850-osi-server-7-thread-1] DEBUG com.beanit.openiec61850.ServerAssociation - Got a GetDataValues request for node: IEDBiogasCHP/DSCH1.SchdAbsTm.time(36): Thu Jan 01 01:00:00 CET 1970
calling GetDataValues(IEDBiogasCHP/DSCH1.SchdAbsTm.time(37))
14:23:46.958 [openiec61850-osi-server-7-thread-1] DEBUG com.beanit.openiec61850.ServerAssociation - Got a GetDataValues request for node: IEDBiogasCHP/DSCH1.SchdAbsTm.time(37): Thu Jan 01 01:00:00 CET 1970
calling GetDataValues(IEDBiogasCHP/DSCH1.SchdAbsTm.time(38))
14:23:46.958 [openiec61850-osi-server-7-thread-1] DEBUG com.beanit.openiec61850.ServerAssociation - Got a GetDataValues request for node: IEDBiogasCHP/DSCH1.SchdAbsTm.time(38): Thu Jan 01 01:00:00 CET 1970
calling GetDataValues(IEDBiogasCHP/DSCH1.SchdAbsTm.time(39))
14:23:46.958 [openiec61850-osi-server-7-thread-1] DEBUG com.beanit.openiec61850.ServerAssociation - Got a GetDataValues request for node: IEDBiogasCHP/DSCH1.SchdAbsTm.time(39): Thu Jan 01 01:00:00 CET 1970
calling GetDataValues(IEDBiogasCHP/DSCH1.SchdAbsTm.time(40))
14:23:46.958 [openiec61850-osi-server-7-thread-1] DEBUG com.beanit.openiec61850.ServerAssociation - Got a GetDataValues request for node: IEDBiogasCHP/DSCH1.SchdAbsTm.time(40): Thu Jan 01 01:00:00 CET 1970
calling GetDataValues(IEDBiogasCHP/DSCH1.SchdAbsTm.time(41))
14:23:46.959 [openiec61850-osi-server-7-thread-1] DEBUG com.beanit.openiec61850.ServerAssociation - Got a GetDataValues request for node: IEDBiogasCHP/DSCH1.SchdAbsTm.time(41): Thu Jan 01 01:00:00 CET 1970
calling GetDataValues(IEDBiogasCHP/DSCH1.SchdAbsTm.time(42))
14:23:46.959 [openiec61850-osi-server-7-thread-1] DEBUG com.beanit.openiec61850.ServerAssociation - Got a GetDataValues request for node: IEDBiogasCHP/DSCH1.SchdAbsTm.time(42): Thu Jan 01 01:00:00 CET 1970
calling GetDataValues(IEDBiogasCHP/DSCH1.SchdAbsTm.time(43))
14:23:46.959 [openiec61850-osi-server-7-thread-1] DEBUG com.beanit.openiec61850.ServerAssociation - Got a GetDataValues request for node: IEDBiogasCHP/DSCH1.SchdAbsTm.time(43): Thu Jan 01 01:00:00 CET 1970
calling GetDataValues(IEDBiogasCHP/DSCH1.SchdAbsTm.time(44))
14:23:46.959 [openiec61850-osi-server-7-thread-1] DEBUG com.beanit.openiec61850.ServerAssociation - Got a GetDataValues request for node: IEDBiogasCHP/DSCH1.SchdAbsTm.time(44): Thu Jan 01 01:00:00 CET 1970
calling GetDataValues(IEDBiogasCHP/DSCH1.SchdAbsTm.time(45))
14:23:46.959 [openiec61850-osi-server-7-thread-1] DEBUG com.beanit.openiec61850.ServerAssociation - Got a GetDataValues request for node: IEDBiogasCHP/DSCH1.SchdAbsTm.time(45): Thu Jan 01 01:00:00 CET 1970
calling GetDataValues(IEDBiogasCHP/DSCH1.SchdAbsTm.time(46))
14:23:46.959 [openiec61850-osi-server-7-thread-1] DEBUG com.beanit.openiec61850.ServerAssociation - Got a GetDataValues request for node: IEDBiogasCHP/DSCH1.SchdAbsTm.time(46): Thu Jan 01 01:00:00 CET 1970
calling GetDataValues(IEDBiogasCHP/DSCH1.SchdAbsTm.time(47))
14:23:46.959 [openiec61850-osi-server-7-thread-1] DEBUG com.beanit.openiec61850.ServerAssociation - Got a GetDataValues request for node: IEDBiogasCHP/DSCH1.SchdAbsTm.time(47): Thu Jan 01 01:00:00 CET 1970
calling GetDataValues(IEDBiogasCHP/DSCH1.SchdAbsTm.time(48))
14:23:46.960 [openiec61850-osi-server-7-thread-1] DEBUG com.beanit.openiec61850.ServerAssociation - Got a GetDataValues request for node: IEDBiogasCHP/DSCH1.SchdAbsTm.time(48): Thu Jan 01 01:00:00 CET 1970
calling GetDataValues(IEDBiogasCHP/DSCH1.SchdAbsTm.time(49))
14:23:46.960 [openiec61850-osi-server-7-thread-1] DEBUG com.beanit.openiec61850.ServerAssociation - Got a GetDataValues request for node: IEDBiogasCHP/DSCH1.SchdAbsTm.time(49): Thu Jan 01 01:00:00 CET 1970
calling GetDataValues(IEDBiogasCHP/DSCH1.SchdAbsTm.time(50))
14:23:46.960 [openiec61850-osi-server-7-thread-1] DEBUG com.beanit.openiec61850.ServerAssociation - Got a GetDataValues request for node: IEDBiogasCHP/DSCH1.SchdAbsTm.time(50): Thu Jan 01 01:00:00 CET 1970
calling GetDataValues(IEDBiogasCHP/DSCH1.SchdAbsTm.time(51))
14:23:46.960 [openiec61850-osi-server-7-thread-1] DEBUG com.beanit.openiec61850.ServerAssociation - Got a GetDataValues request for node: IEDBiogasCHP/DSCH1.SchdAbsTm.time(51): Thu Jan 01 01:00:00 CET 1970
calling GetDataValues(IEDBiogasCHP/DSCH1.SchdAbsTm.time(52))
14:23:46.960 [openiec61850-osi-server-7-thread-1] DEBUG com.beanit.openiec61850.ServerAssociation - Got a GetDataValues request for node: IEDBiogasCHP/DSCH1.SchdAbsTm.time(52): Thu Jan 01 01:00:00 CET 1970
calling GetDataValues(IEDBiogasCHP/DSCH1.SchdAbsTm.time(53))
14:23:46.960 [openiec61850-osi-server-7-thread-1] DEBUG com.beanit.openiec61850.ServerAssociation - Got a GetDataValues request for node: IEDBiogasCHP/DSCH1.SchdAbsTm.time(53): Thu Jan 01 01:00:00 CET 1970
calling GetDataValues(IEDBiogasCHP/DSCH1.SchdAbsTm.time(54))
14:23:46.960 [openiec61850-osi-server-7-thread-1] DEBUG com.beanit.openiec61850.ServerAssociation - Got a GetDataValues request for node: IEDBiogasCHP/DSCH1.SchdAbsTm.time(54): Thu Jan 01 01:00:00 CET 1970
calling GetDataValues(IEDBiogasCHP/DSCH1.SchdAbsTm.time(55))
14:23:46.961 [openiec61850-osi-server-7-thread-1] DEBUG com.beanit.openiec61850.ServerAssociation - Got a GetDataValues request for node: IEDBiogasCHP/DSCH1.SchdAbsTm.time(55): Thu Jan 01 01:00:00 CET 1970
calling GetDataValues(IEDBiogasCHP/DSCH1.SchdAbsTm.time(56))
14:23:46.961 [openiec61850-osi-server-7-thread-1] DEBUG com.beanit.openiec61850.ServerAssociation - Got a GetDataValues request for node: IEDBiogasCHP/DSCH1.SchdAbsTm.time(56): Thu Jan 01 01:00:00 CET 1970
calling GetDataValues(IEDBiogasCHP/DSCH1.SchdAbsTm.time(57))
14:23:46.961 [openiec61850-osi-server-7-thread-1] DEBUG com.beanit.openiec61850.ServerAssociation - Got a GetDataValues request for node: IEDBiogasCHP/DSCH1.SchdAbsTm.time(57): Thu Jan 01 01:00:00 CET 1970
calling GetDataValues(IEDBiogasCHP/DSCH1.SchdAbsTm.time(58))
14:23:46.961 [openiec61850-osi-server-7-thread-1] DEBUG com.beanit.openiec61850.ServerAssociation - Got a GetDataValues request for node: IEDBiogasCHP/DSCH1.SchdAbsTm.time(58): Thu Jan 01 01:00:00 CET 1970
calling GetDataValues(IEDBiogasCHP/DSCH1.SchdAbsTm.time(59))
14:23:46.961 [openiec61850-osi-server-7-thread-1] DEBUG com.beanit.openiec61850.ServerAssociation - Got a GetDataValues request for node: IEDBiogasCHP/DSCH1.SchdAbsTm.time(59): Thu Jan 01 01:00:00 CET 1970
calling GetDataValues(IEDBiogasCHP/DSCH1.SchdAbsTm.time(60))
14:23:46.961 [openiec61850-osi-server-7-thread-1] DEBUG com.beanit.openiec61850.ServerAssociation - Got a GetDataValues request for node: IEDBiogasCHP/DSCH1.SchdAbsTm.time(60): Thu Jan 01 01:00:00 CET 1970
calling GetDataValues(IEDBiogasCHP/DSCH1.SchdAbsTm.time(61))
14:23:46.961 [openiec61850-osi-server-7-thread-1] DEBUG com.beanit.openiec61850.ServerAssociation - Got a GetDataValues request for node: IEDBiogasCHP/DSCH1.SchdAbsTm.time(61): Thu Jan 01 01:00:00 CET 1970
calling GetDataValues(IEDBiogasCHP/DSCH1.SchdAbsTm.time(62))
14:23:46.961 [openiec61850-osi-server-7-thread-1] DEBUG com.beanit.openiec61850.ServerAssociation - Got a GetDataValues request for node: IEDBiogasCHP/DSCH1.SchdAbsTm.time(62): Thu Jan 01 01:00:00 CET 1970
calling GetDataValues(IEDBiogasCHP/DSCH1.SchdAbsTm.time(63))
14:23:46.962 [openiec61850-osi-server-7-thread-1] DEBUG com.beanit.openiec61850.ServerAssociation - Got a GetDataValues request for node: IEDBiogasCHP/DSCH1.SchdAbsTm.time(63): Thu Jan 01 01:00:00 CET 1970
calling GetDataValues(IEDBiogasCHP/DSCH1.SchdAbsTm.time(64))
14:23:46.962 [openiec61850-osi-server-7-thread-1] DEBUG com.beanit.openiec61850.ServerAssociation - Got a GetDataValues request for node: IEDBiogasCHP/DSCH1.SchdAbsTm.time(64): Thu Jan 01 01:00:00 CET 1970
calling GetDataValues(IEDBiogasCHP/DSCH1.SchdAbsTm.time(65))
14:23:46.962 [openiec61850-osi-server-7-thread-1] DEBUG com.beanit.openiec61850.ServerAssociation - Got a GetDataValues request for node: IEDBiogasCHP/DSCH1.SchdAbsTm.time(65): Thu Jan 01 01:00:00 CET 1970
calling GetDataValues(IEDBiogasCHP/DSCH1.SchdAbsTm.time(66))
14:23:46.962 [openiec61850-osi-server-7-thread-1] DEBUG com.beanit.openiec61850.ServerAssociation - Got a GetDataValues request for node: IEDBiogasCHP/DSCH1.SchdAbsTm.time(66): Thu Jan 01 01:00:00 CET 1970
calling GetDataValues(IEDBiogasCHP/DSCH1.SchdAbsTm.time(67))
14:23:46.962 [openiec61850-osi-server-7-thread-1] DEBUG com.beanit.openiec61850.ServerAssociation - Got a GetDataValues request for node: IEDBiogasCHP/DSCH1.SchdAbsTm.time(67): Thu Jan 01 01:00:00 CET 1970
calling GetDataValues(IEDBiogasCHP/DSCH1.SchdAbsTm.time(68))
14:23:46.962 [openiec61850-osi-server-7-thread-1] DEBUG com.beanit.openiec61850.ServerAssociation - Got a GetDataValues request for node: IEDBiogasCHP/DSCH1.SchdAbsTm.time(68): Thu Jan 01 01:00:00 CET 1970
calling GetDataValues(IEDBiogasCHP/DSCH1.SchdAbsTm.time(69))
14:23:46.962 [openiec61850-osi-server-7-thread-1] DEBUG com.beanit.openiec61850.ServerAssociation - Got a GetDataValues request for node: IEDBiogasCHP/DSCH1.SchdAbsTm.time(69): Thu Jan 01 01:00:00 CET 1970
calling GetDataValues(IEDBiogasCHP/DSCH1.SchdAbsTm.time(70))
14:23:46.963 [openiec61850-osi-server-7-thread-1] DEBUG com.beanit.openiec61850.ServerAssociation - Got a GetDataValues request for node: IEDBiogasCHP/DSCH1.SchdAbsTm.time(70): Thu Jan 01 01:00:00 CET 1970
calling GetDataValues(IEDBiogasCHP/DSCH1.SchdAbsTm.time(71))
14:23:46.963 [openiec61850-osi-server-7-thread-1] DEBUG com.beanit.openiec61850.ServerAssociation - Got a GetDataValues request for node: IEDBiogasCHP/DSCH1.SchdAbsTm.time(71): Thu Jan 01 01:00:00 CET 1970
calling GetDataValues(IEDBiogasCHP/DSCH1.SchdAbsTm.time(72))
14:23:46.963 [openiec61850-osi-server-7-thread-1] DEBUG com.beanit.openiec61850.ServerAssociation - Got a GetDataValues request for node: IEDBiogasCHP/DSCH1.SchdAbsTm.time(72): Thu Jan 01 01:00:00 CET 1970
calling GetDataValues(IEDBiogasCHP/DSCH1.SchdAbsTm.time(73))
14:23:46.963 [openiec61850-osi-server-7-thread-1] DEBUG com.beanit.openiec61850.ServerAssociation - Got a GetDataValues request for node: IEDBiogasCHP/DSCH1.SchdAbsTm.time(73): Thu Jan 01 01:00:00 CET 1970
calling GetDataValues(IEDBiogasCHP/DSCH1.SchdAbsTm.time(74))
14:23:46.963 [openiec61850-osi-server-7-thread-1] DEBUG com.beanit.openiec61850.ServerAssociation - Got a GetDataValues request for node: IEDBiogasCHP/DSCH1.SchdAbsTm.time(74): Thu Jan 01 01:00:00 CET 1970
calling GetDataValues(IEDBiogasCHP/DSCH1.SchdAbsTm.time(75))
14:23:46.963 [openiec61850-osi-server-7-thread-1] DEBUG com.beanit.openiec61850.ServerAssociation - Got a GetDataValues request for node: IEDBiogasCHP/DSCH1.SchdAbsTm.time(75): Thu Jan 01 01:00:00 CET 1970
calling GetDataValues(IEDBiogasCHP/DSCH1.SchdAbsTm.time(76))
14:23:46.963 [openiec61850-osi-server-7-thread-1] DEBUG com.beanit.openiec61850.ServerAssociation - Got a GetDataValues request for node: IEDBiogasCHP/DSCH1.SchdAbsTm.time(76): Thu Jan 01 01:00:00 CET 1970
calling GetDataValues(IEDBiogasCHP/DSCH1.SchdAbsTm.time(77))
14:23:46.964 [openiec61850-osi-server-7-thread-1] DEBUG com.beanit.openiec61850.ServerAssociation - Got a GetDataValues request for node: IEDBiogasCHP/DSCH1.SchdAbsTm.time(77): Thu Jan 01 01:00:00 CET 1970
calling GetDataValues(IEDBiogasCHP/DSCH1.SchdAbsTm.time(78))
14:23:46.964 [openiec61850-osi-server-7-thread-1] DEBUG com.beanit.openiec61850.ServerAssociation - Got a GetDataValues request for node: IEDBiogasCHP/DSCH1.SchdAbsTm.time(78): Thu Jan 01 01:00:00 CET 1970
calling GetDataValues(IEDBiogasCHP/DSCH1.SchdAbsTm.time(79))
14:23:46.964 [openiec61850-osi-server-7-thread-1] DEBUG com.beanit.openiec61850.ServerAssociation - Got a GetDataValues request for node: IEDBiogasCHP/DSCH1.SchdAbsTm.time(79): Thu Jan 01 01:00:00 CET 1970
calling GetDataValues(IEDBiogasCHP/DSCH1.SchdAbsTm.time(80))
14:23:46.964 [openiec61850-osi-server-7-thread-1] DEBUG com.beanit.openiec61850.ServerAssociation - Got a GetDataValues request for node: IEDBiogasCHP/DSCH1.SchdAbsTm.time(80): Thu Jan 01 01:00:00 CET 1970
calling GetDataValues(IEDBiogasCHP/DSCH1.SchdAbsTm.time(81))
14:23:46.964 [openiec61850-osi-server-7-thread-1] DEBUG com.beanit.openiec61850.ServerAssociation - Got a GetDataValues request for node: IEDBiogasCHP/DSCH1.SchdAbsTm.time(81): Thu Jan 01 01:00:00 CET 1970
calling GetDataValues(IEDBiogasCHP/DSCH1.SchdAbsTm.time(82))
14:23:46.964 [openiec61850-osi-server-7-thread-1] DEBUG com.beanit.openiec61850.ServerAssociation - Got a GetDataValues request for node: IEDBiogasCHP/DSCH1.SchdAbsTm.time(82): Thu Jan 01 01:00:00 CET 1970
calling GetDataValues(IEDBiogasCHP/DSCH1.SchdAbsTm.time(83))
14:23:46.964 [openiec61850-osi-server-7-thread-1] DEBUG com.beanit.openiec61850.ServerAssociation - Got a GetDataValues request for node: IEDBiogasCHP/DSCH1.SchdAbsTm.time(83): Thu Jan 01 01:00:00 CET 1970
calling GetDataValues(IEDBiogasCHP/DSCH1.SchdAbsTm.time(84))
14:23:46.965 [openiec61850-osi-server-7-thread-1] DEBUG com.beanit.openiec61850.ServerAssociation - Got a GetDataValues request for node: IEDBiogasCHP/DSCH1.SchdAbsTm.time(84): Thu Jan 01 01:00:00 CET 1970
calling GetDataValues(IEDBiogasCHP/DSCH1.SchdAbsTm.time(85))
14:23:46.965 [openiec61850-osi-server-7-thread-1] DEBUG com.beanit.openiec61850.ServerAssociation - Got a GetDataValues request for node: IEDBiogasCHP/DSCH1.SchdAbsTm.time(85): Thu Jan 01 01:00:00 CET 1970
calling GetDataValues(IEDBiogasCHP/DSCH1.SchdAbsTm.time(86))
14:23:46.965 [openiec61850-osi-server-7-thread-1] DEBUG com.beanit.openiec61850.ServerAssociation - Got a GetDataValues request for node: IEDBiogasCHP/DSCH1.SchdAbsTm.time(86): Thu Jan 01 01:00:00 CET 1970
calling GetDataValues(IEDBiogasCHP/DSCH1.SchdAbsTm.time(87))
14:23:46.965 [openiec61850-osi-server-7-thread-1] DEBUG com.beanit.openiec61850.ServerAssociation - Got a GetDataValues request for node: IEDBiogasCHP/DSCH1.SchdAbsTm.time(87): Thu Jan 01 01:00:00 CET 1970
calling GetDataValues(IEDBiogasCHP/DSCH1.SchdAbsTm.time(88))
14:23:46.965 [openiec61850-osi-server-7-thread-1] DEBUG com.beanit.openiec61850.ServerAssociation - Got a GetDataValues request for node: IEDBiogasCHP/DSCH1.SchdAbsTm.time(88): Thu Jan 01 01:00:00 CET 1970
calling GetDataValues(IEDBiogasCHP/DSCH1.SchdAbsTm.time(89))
14:23:46.965 [openiec61850-osi-server-7-thread-1] DEBUG com.beanit.openiec61850.ServerAssociation - Got a GetDataValues request for node: IEDBiogasCHP/DSCH1.SchdAbsTm.time(89): Thu Jan 01 01:00:00 CET 1970
calling GetDataValues(IEDBiogasCHP/DSCH1.SchdAbsTm.time(90))
14:23:46.966 [openiec61850-osi-server-7-thread-1] DEBUG com.beanit.openiec61850.ServerAssociation - Got a GetDataValues request for node: IEDBiogasCHP/DSCH1.SchdAbsTm.time(90): Thu Jan 01 01:00:00 CET 1970
calling GetDataValues(IEDBiogasCHP/DSCH1.SchdAbsTm.time(91))
14:23:46.966 [openiec61850-osi-server-7-thread-1] DEBUG com.beanit.openiec61850.ServerAssociation - Got a GetDataValues request for node: IEDBiogasCHP/DSCH1.SchdAbsTm.time(91): Thu Jan 01 01:00:00 CET 1970
calling GetDataValues(IEDBiogasCHP/DSCH1.SchdAbsTm.time(92))
14:23:46.966 [openiec61850-osi-server-7-thread-1] DEBUG com.beanit.openiec61850.ServerAssociation - Got a GetDataValues request for node: IEDBiogasCHP/DSCH1.SchdAbsTm.time(92): Thu Jan 01 01:00:00 CET 1970
calling GetDataValues(IEDBiogasCHP/DSCH1.SchdAbsTm.time(93))
14:23:46.966 [openiec61850-osi-server-7-thread-1] DEBUG com.beanit.openiec61850.ServerAssociation - Got a GetDataValues request for node: IEDBiogasCHP/DSCH1.SchdAbsTm.time(93): Thu Jan 01 01:00:00 CET 1970
calling GetDataValues(IEDBiogasCHP/DSCH1.SchdAbsTm.time(94))
14:23:46.966 [openiec61850-osi-server-7-thread-1] DEBUG com.beanit.openiec61850.ServerAssociation - Got a GetDataValues request for node: IEDBiogasCHP/DSCH1.SchdAbsTm.time(94): Thu Jan 01 01:00:00 CET 1970
calling GetDataValues(IEDBiogasCHP/DSCH1.SchdAbsTm.time(95))
14:23:46.966 [openiec61850-osi-server-7-thread-1] DEBUG com.beanit.openiec61850.ServerAssociation - Got a GetDataValues request for node: IEDBiogasCHP/DSCH1.SchdAbsTm.time(95): Thu Jan 01 01:00:00 CET 1970
calling GetDataValues(IEDBiogasCHP/DSCH1.SchdAbsTm)
14:23:46.966 [openiec61850-osi-server-7-thread-1] DEBUG com.beanit.openiec61850.ServerAssociation - Got a GetDataValues request for node: IEDBiogasCHP/DSCH1.SchdAbsTm [DC]
IEDBiogasCHP/DSCH1.SchdAbsTm.d: ''
IEDBiogasCHP/DSCH1.SchdAbsTm.dU: 
14:23:46.967 [openiec61850-osi-server-7-thread-1] DEBUG com.beanit.openiec61850.ServerAssociation - sub BDA is:IEDBiogasCHP/DSCH1.SchdAbsTm.d: ''
14:23:46.967 [openiec61850-osi-server-7-thread-1] DEBUG com.beanit.openiec61850.ServerAssociation - sub BDA is:IEDBiogasCHP/DSCH1.SchdAbsTm.dU: 
calling GetDataValues(IEDBiogasCHP/DSCH1.SchdAbsTm.d)
14:23:46.967 [openiec61850-osi-server-7-thread-1] DEBUG com.beanit.openiec61850.ServerAssociation - Got a GetDataValues request for node: IEDBiogasCHP/DSCH1.SchdAbsTm.d: ''
calling GetDataValues(IEDBiogasCHP/DSCH1.SchdAbsTm.dU)
14:23:46.967 [openiec61850-osi-server-7-thread-1] DEBUG com.beanit.openiec61850.ServerAssociation - Got a GetDataValues request for node: IEDBiogasCHP/DSCH1.SchdAbsTm.dU: 
calling GetDataValues(IEDBiogasCHP/DSCH1.SchdAbsTm)
14:23:46.967 [openiec61850-osi-server-7-thread-1] DEBUG com.beanit.openiec61850.ServerAssociation - Got a GetDataValues request for node: IEDBiogasCHP/DSCH1.SchdAbsTm [EX]
IEDBiogasCHP/DSCH1.SchdAbsTm.cdcNs: ''
IEDBiogasCHP/DSCH1.SchdAbsTm.cdcName: ''
IEDBiogasCHP/DSCH1.SchdAbsTm.dataNs: ''
14:23:46.967 [openiec61850-osi-server-7-thread-1] DEBUG com.beanit.openiec61850.ServerAssociation - sub BDA is:IEDBiogasCHP/DSCH1.SchdAbsTm.cdcNs: ''
14:23:46.967 [openiec61850-osi-server-7-thread-1] DEBUG com.beanit.openiec61850.ServerAssociation - sub BDA is:IEDBiogasCHP/DSCH1.SchdAbsTm.cdcName: ''
14:23:46.967 [openiec61850-osi-server-7-thread-1] DEBUG com.beanit.openiec61850.ServerAssociation - sub BDA is:IEDBiogasCHP/DSCH1.SchdAbsTm.dataNs: ''
calling GetDataValues(IEDBiogasCHP/DSCH1.SchdAbsTm.cdcNs)
14:23:46.967 [openiec61850-osi-server-7-thread-1] DEBUG com.beanit.openiec61850.ServerAssociation - Got a GetDataValues request for node: IEDBiogasCHP/DSCH1.SchdAbsTm.cdcNs: ''
calling GetDataValues(IEDBiogasCHP/DSCH1.SchdAbsTm.cdcName)
14:23:46.967 [openiec61850-osi-server-7-thread-1] DEBUG com.beanit.openiec61850.ServerAssociation - Got a GetDataValues request for node: IEDBiogasCHP/DSCH1.SchdAbsTm.cdcName: ''
calling GetDataValues(IEDBiogasCHP/DSCH1.SchdAbsTm.dataNs)
14:23:46.967 [openiec61850-osi-server-7-thread-1] DEBUG com.beanit.openiec61850.ServerAssociation - Got a GetDataValues request for node: IEDBiogasCHP/DSCH1.SchdAbsTm.dataNs: ''
calling GetDataValues(IEDBiogasCHP/MFLW1.Mod)
14:23:46.968 [openiec61850-osi-server-7-thread-1] DEBUG com.beanit.openiec61850.ServerAssociation - Got a GetDataValues request for node: IEDBiogasCHP/MFLW1.Mod [ST]
IEDBiogasCHP/MFLW1.Mod.origin [ST]
IEDBiogasCHP/MFLW1.Mod.origin.orCat: 0
IEDBiogasCHP/MFLW1.Mod.origin.orIdent: []
IEDBiogasCHP/MFLW1.Mod.ctlNum: 0
IEDBiogasCHP/MFLW1.Mod.stVal: 0
IEDBiogasCHP/MFLW1.Mod.q: 0x00 0x00
IEDBiogasCHP/MFLW1.Mod.t: Thu Jan 01 01:00:00 CET 1970
IEDBiogasCHP/MFLW1.Mod.stSeld: false
14:23:46.968 [openiec61850-osi-server-7-thread-1] DEBUG com.beanit.openiec61850.ServerAssociation - sub BDA is:IEDBiogasCHP/MFLW1.Mod.origin.orCat: 0
14:23:46.968 [openiec61850-osi-server-7-thread-1] DEBUG com.beanit.openiec61850.ServerAssociation - sub BDA is:IEDBiogasCHP/MFLW1.Mod.origin.orIdent: []
14:23:46.968 [openiec61850-osi-server-7-thread-1] DEBUG com.beanit.openiec61850.ServerAssociation - sub BDA is:IEDBiogasCHP/MFLW1.Mod.ctlNum: 0
14:23:46.968 [openiec61850-osi-server-7-thread-1] DEBUG com.beanit.openiec61850.ServerAssociation - sub BDA is:IEDBiogasCHP/MFLW1.Mod.stVal: 0
14:23:46.968 [openiec61850-osi-server-7-thread-1] DEBUG com.beanit.openiec61850.ServerAssociation - sub BDA is:IEDBiogasCHP/MFLW1.Mod.q: 0x00 0x00
14:23:46.968 [openiec61850-osi-server-7-thread-1] DEBUG com.beanit.openiec61850.ServerAssociation - sub BDA is:IEDBiogasCHP/MFLW1.Mod.t: Thu Jan 01 01:00:00 CET 1970
14:23:46.968 [openiec61850-osi-server-7-thread-1] DEBUG com.beanit.openiec61850.ServerAssociation - sub BDA is:IEDBiogasCHP/MFLW1.Mod.stSeld: false
calling GetDataValues(IEDBiogasCHP/MFLW1.Mod.origin)
14:23:46.968 [openiec61850-osi-server-7-thread-1] DEBUG com.beanit.openiec61850.ServerAssociation - Got a GetDataValues request for node: IEDBiogasCHP/MFLW1.Mod.origin [ST]
IEDBiogasCHP/MFLW1.Mod.origin.orCat: 0
IEDBiogasCHP/MFLW1.Mod.origin.orIdent: []
14:23:46.968 [openiec61850-osi-server-7-thread-1] DEBUG com.beanit.openiec61850.ServerAssociation - sub BDA is:IEDBiogasCHP/MFLW1.Mod.origin.orCat: 0
14:23:46.968 [openiec61850-osi-server-7-thread-1] DEBUG com.beanit.openiec61850.ServerAssociation - sub BDA is:IEDBiogasCHP/MFLW1.Mod.origin.orIdent: []
calling GetDataValues(IEDBiogasCHP/MFLW1.Mod.origin.orCat)
14:23:46.968 [openiec61850-osi-server-7-thread-1] DEBUG com.beanit.openiec61850.ServerAssociation - Got a GetDataValues request for node: IEDBiogasCHP/MFLW1.Mod.origin.orCat: 0
calling GetDataValues(IEDBiogasCHP/MFLW1.Mod.origin.orIdent)
14:23:46.968 [openiec61850-osi-server-7-thread-1] DEBUG com.beanit.openiec61850.ServerAssociation - Got a GetDataValues request for node: IEDBiogasCHP/MFLW1.Mod.origin.orIdent: []
calling GetDataValues(IEDBiogasCHP/MFLW1.Mod.ctlNum)
14:23:46.968 [openiec61850-osi-server-7-thread-1] DEBUG com.beanit.openiec61850.ServerAssociation - Got a GetDataValues request for node: IEDBiogasCHP/MFLW1.Mod.ctlNum: 0
calling GetDataValues(IEDBiogasCHP/MFLW1.Mod.stVal)
14:23:46.968 [openiec61850-osi-server-7-thread-1] DEBUG com.beanit.openiec61850.ServerAssociation - Got a GetDataValues request for node: IEDBiogasCHP/MFLW1.Mod.stVal: 0
calling GetDataValues(IEDBiogasCHP/MFLW1.Mod.q)
14:23:46.969 [openiec61850-osi-server-7-thread-1] DEBUG com.beanit.openiec61850.ServerAssociation - Got a GetDataValues request for node: IEDBiogasCHP/MFLW1.Mod.q: 0x00 0x00
calling GetDataValues(IEDBiogasCHP/MFLW1.Mod.t)
14:23:46.969 [openiec61850-osi-server-7-thread-1] DEBUG com.beanit.openiec61850.ServerAssociation - Got a GetDataValues request for node: IEDBiogasCHP/MFLW1.Mod.t: Thu Jan 01 01:00:00 CET 1970
calling GetDataValues(IEDBiogasCHP/MFLW1.Mod.stSeld)
14:23:46.969 [openiec61850-osi-server-7-thread-1] DEBUG com.beanit.openiec61850.ServerAssociation - Got a GetDataValues request for node: IEDBiogasCHP/MFLW1.Mod.stSeld: false
calling GetDataValues(IEDBiogasCHP/MFLW1.Mod)
14:23:46.969 [openiec61850-osi-server-7-thread-1] DEBUG com.beanit.openiec61850.ServerAssociation - Got a GetDataValues request for node: IEDBiogasCHP/MFLW1.Mod [SV]
IEDBiogasCHP/MFLW1.Mod.subEna: false
IEDBiogasCHP/MFLW1.Mod.subVal: 0
IEDBiogasCHP/MFLW1.Mod.subQ: 0x00 0x00
IEDBiogasCHP/MFLW1.Mod.subID: ''
14:23:46.969 [openiec61850-osi-server-7-thread-1] DEBUG com.beanit.openiec61850.ServerAssociation - sub BDA is:IEDBiogasCHP/MFLW1.Mod.subEna: false
14:23:46.969 [openiec61850-osi-server-7-thread-1] DEBUG com.beanit.openiec61850.ServerAssociation - sub BDA is:IEDBiogasCHP/MFLW1.Mod.subVal: 0
14:23:46.969 [openiec61850-osi-server-7-thread-1] DEBUG com.beanit.openiec61850.ServerAssociation - sub BDA is:IEDBiogasCHP/MFLW1.Mod.subQ: 0x00 0x00
14:23:46.969 [openiec61850-osi-server-7-thread-1] DEBUG com.beanit.openiec61850.ServerAssociation - sub BDA is:IEDBiogasCHP/MFLW1.Mod.subID: ''
calling GetDataValues(IEDBiogasCHP/MFLW1.Mod.subEna)
14:23:46.969 [openiec61850-osi-server-7-thread-1] DEBUG com.beanit.openiec61850.ServerAssociation - Got a GetDataValues request for node: IEDBiogasCHP/MFLW1.Mod.subEna: false
calling GetDataValues(IEDBiogasCHP/MFLW1.Mod.subVal)
14:23:46.969 [openiec61850-osi-server-7-thread-1] DEBUG com.beanit.openiec61850.ServerAssociation - Got a GetDataValues request for node: IEDBiogasCHP/MFLW1.Mod.subVal: 0
calling GetDataValues(IEDBiogasCHP/MFLW1.Mod.subQ)
14:23:46.970 [openiec61850-osi-server-7-thread-1] DEBUG com.beanit.openiec61850.ServerAssociation - Got a GetDataValues request for node: IEDBiogasCHP/MFLW1.Mod.subQ: 0x00 0x00
calling GetDataValues(IEDBiogasCHP/MFLW1.Mod.subID)
14:23:46.970 [openiec61850-osi-server-7-thread-1] DEBUG com.beanit.openiec61850.ServerAssociation - Got a GetDataValues request for node: IEDBiogasCHP/MFLW1.Mod.subID: ''
calling GetDataValues(IEDBiogasCHP/MFLW1.Mod)
14:23:46.970 [openiec61850-osi-server-7-thread-1] DEBUG com.beanit.openiec61850.ServerAssociation - Got a GetDataValues request for node: IEDBiogasCHP/MFLW1.Mod [CF]
IEDBiogasCHP/MFLW1.Mod.ctlModel: 0
IEDBiogasCHP/MFLW1.Mod.sboTimeout: 0
IEDBiogasCHP/MFLW1.Mod.sboClass: 0
IEDBiogasCHP/MFLW1.Mod.minVal: 0
IEDBiogasCHP/MFLW1.Mod.maxVal: 0
IEDBiogasCHP/MFLW1.Mod.stepSize: 0
14:23:46.970 [openiec61850-osi-server-7-thread-1] DEBUG com.beanit.openiec61850.ServerAssociation - sub BDA is:IEDBiogasCHP/MFLW1.Mod.ctlModel: 0
14:23:46.970 [openiec61850-osi-server-7-thread-1] DEBUG com.beanit.openiec61850.ServerAssociation - sub BDA is:IEDBiogasCHP/MFLW1.Mod.sboTimeout: 0
14:23:46.970 [openiec61850-osi-server-7-thread-1] DEBUG com.beanit.openiec61850.ServerAssociation - sub BDA is:IEDBiogasCHP/MFLW1.Mod.sboClass: 0
14:23:46.970 [openiec61850-osi-server-7-thread-1] DEBUG com.beanit.openiec61850.ServerAssociation - sub BDA is:IEDBiogasCHP/MFLW1.Mod.minVal: 0
14:23:46.970 [openiec61850-osi-server-7-thread-1] DEBUG com.beanit.openiec61850.ServerAssociation - sub BDA is:IEDBiogasCHP/MFLW1.Mod.maxVal: 0
14:23:46.970 [openiec61850-osi-server-7-thread-1] DEBUG com.beanit.openiec61850.ServerAssociation - sub BDA is:IEDBiogasCHP/MFLW1.Mod.stepSize: 0
calling GetDataValues(IEDBiogasCHP/MFLW1.Mod.ctlModel)
14:23:46.970 [openiec61850-osi-server-7-thread-1] DEBUG com.beanit.openiec61850.ServerAssociation - Got a GetDataValues request for node: IEDBiogasCHP/MFLW1.Mod.ctlModel: 0
calling GetDataValues(IEDBiogasCHP/MFLW1.Mod.sboTimeout)
14:23:46.970 [openiec61850-osi-server-7-thread-1] DEBUG com.beanit.openiec61850.ServerAssociation - Got a GetDataValues request for node: IEDBiogasCHP/MFLW1.Mod.sboTimeout: 0
calling GetDataValues(IEDBiogasCHP/MFLW1.Mod.sboClass)
14:23:46.970 [openiec61850-osi-server-7-thread-1] DEBUG com.beanit.openiec61850.ServerAssociation - Got a GetDataValues request for node: IEDBiogasCHP/MFLW1.Mod.sboClass: 0
calling GetDataValues(IEDBiogasCHP/MFLW1.Mod.minVal)
14:23:46.971 [openiec61850-osi-server-7-thread-1] DEBUG com.beanit.openiec61850.ServerAssociation - Got a GetDataValues request for node: IEDBiogasCHP/MFLW1.Mod.minVal: 0
calling GetDataValues(IEDBiogasCHP/MFLW1.Mod.maxVal)
14:23:46.971 [openiec61850-osi-server-7-thread-1] DEBUG com.beanit.openiec61850.ServerAssociation - Got a GetDataValues request for node: IEDBiogasCHP/MFLW1.Mod.maxVal: 0
calling GetDataValues(IEDBiogasCHP/MFLW1.Mod.stepSize)
14:23:46.971 [openiec61850-osi-server-7-thread-1] DEBUG com.beanit.openiec61850.ServerAssociation - Got a GetDataValues request for node: IEDBiogasCHP/MFLW1.Mod.stepSize: 0
calling GetDataValues(IEDBiogasCHP/MFLW1.Mod)
14:23:46.971 [openiec61850-osi-server-7-thread-1] DEBUG com.beanit.openiec61850.ServerAssociation - Got a GetDataValues request for node: IEDBiogasCHP/MFLW1.Mod [DC]
IEDBiogasCHP/MFLW1.Mod.d: ''
IEDBiogasCHP/MFLW1.Mod.dU: 
14:23:46.971 [openiec61850-osi-server-7-thread-1] DEBUG com.beanit.openiec61850.ServerAssociation - sub BDA is:IEDBiogasCHP/MFLW1.Mod.d: ''
14:23:46.971 [openiec61850-osi-server-7-thread-1] DEBUG com.beanit.openiec61850.ServerAssociation - sub BDA is:IEDBiogasCHP/MFLW1.Mod.dU: 
calling GetDataValues(IEDBiogasCHP/MFLW1.Mod.d)
14:23:46.971 [openiec61850-osi-server-7-thread-1] DEBUG com.beanit.openiec61850.ServerAssociation - Got a GetDataValues request for node: IEDBiogasCHP/MFLW1.Mod.d: ''
calling GetDataValues(IEDBiogasCHP/MFLW1.Mod.dU)
14:23:46.971 [openiec61850-osi-server-7-thread-1] DEBUG com.beanit.openiec61850.ServerAssociation - Got a GetDataValues request for node: IEDBiogasCHP/MFLW1.Mod.dU: 
calling GetDataValues(IEDBiogasCHP/MFLW1.Mod)
14:23:46.971 [openiec61850-osi-server-7-thread-1] DEBUG com.beanit.openiec61850.ServerAssociation - Got a GetDataValues request for node: IEDBiogasCHP/MFLW1.Mod [EX]
IEDBiogasCHP/MFLW1.Mod.cdcNs: ''
IEDBiogasCHP/MFLW1.Mod.cdcName: ''
IEDBiogasCHP/MFLW1.Mod.dataNs: ''
14:23:46.971 [openiec61850-osi-server-7-thread-1] DEBUG com.beanit.openiec61850.ServerAssociation - sub BDA is:IEDBiogasCHP/MFLW1.Mod.cdcNs: ''
14:23:46.971 [openiec61850-osi-server-7-thread-1] DEBUG com.beanit.openiec61850.ServerAssociation - sub BDA is:IEDBiogasCHP/MFLW1.Mod.cdcName: ''
14:23:46.971 [openiec61850-osi-server-7-thread-1] DEBUG com.beanit.openiec61850.ServerAssociation - sub BDA is:IEDBiogasCHP/MFLW1.Mod.dataNs: ''
calling GetDataValues(IEDBiogasCHP/MFLW1.Mod.cdcNs)
14:23:46.972 [openiec61850-osi-server-7-thread-1] DEBUG com.beanit.openiec61850.ServerAssociation - Got a GetDataValues request for node: IEDBiogasCHP/MFLW1.Mod.cdcNs: ''
calling GetDataValues(IEDBiogasCHP/MFLW1.Mod.cdcName)
14:23:46.972 [openiec61850-osi-server-7-thread-1] DEBUG com.beanit.openiec61850.ServerAssociation - Got a GetDataValues request for node: IEDBiogasCHP/MFLW1.Mod.cdcName: ''
calling GetDataValues(IEDBiogasCHP/MFLW1.Mod.dataNs)
14:23:46.972 [openiec61850-osi-server-7-thread-1] DEBUG com.beanit.openiec61850.ServerAssociation - Got a GetDataValues request for node: IEDBiogasCHP/MFLW1.Mod.dataNs: ''
calling GetDataValues(IEDBiogasCHP/MFLW1.Beh)
14:23:46.972 [openiec61850-osi-server-7-thread-1] DEBUG com.beanit.openiec61850.ServerAssociation - Got a GetDataValues request for node: IEDBiogasCHP/MFLW1.Beh [ST]
IEDBiogasCHP/MFLW1.Beh.stVal: 0
IEDBiogasCHP/MFLW1.Beh.q: 0x00 0x00
IEDBiogasCHP/MFLW1.Beh.t: Thu Jan 01 01:00:00 CET 1970
14:23:46.972 [openiec61850-osi-server-7-thread-1] DEBUG com.beanit.openiec61850.ServerAssociation - sub BDA is:IEDBiogasCHP/MFLW1.Beh.stVal: 0
14:23:46.972 [openiec61850-osi-server-7-thread-1] DEBUG com.beanit.openiec61850.ServerAssociation - sub BDA is:IEDBiogasCHP/MFLW1.Beh.q: 0x00 0x00
14:23:46.972 [openiec61850-osi-server-7-thread-1] DEBUG com.beanit.openiec61850.ServerAssociation - sub BDA is:IEDBiogasCHP/MFLW1.Beh.t: Thu Jan 01 01:00:00 CET 1970
calling GetDataValues(IEDBiogasCHP/MFLW1.Beh.stVal)
14:23:46.972 [openiec61850-osi-server-7-thread-1] DEBUG com.beanit.openiec61850.ServerAssociation - Got a GetDataValues request for node: IEDBiogasCHP/MFLW1.Beh.stVal: 0
calling GetDataValues(IEDBiogasCHP/MFLW1.Beh.q)
14:23:46.972 [openiec61850-osi-server-7-thread-1] DEBUG com.beanit.openiec61850.ServerAssociation - Got a GetDataValues request for node: IEDBiogasCHP/MFLW1.Beh.q: 0x00 0x00
calling GetDataValues(IEDBiogasCHP/MFLW1.Beh.t)
14:23:46.972 [openiec61850-osi-server-7-thread-1] DEBUG com.beanit.openiec61850.ServerAssociation - Got a GetDataValues request for node: IEDBiogasCHP/MFLW1.Beh.t: Thu Jan 01 01:00:00 CET 1970
calling GetDataValues(IEDBiogasCHP/MFLW1.Beh)
14:23:46.973 [openiec61850-osi-server-7-thread-1] DEBUG com.beanit.openiec61850.ServerAssociation - Got a GetDataValues request for node: IEDBiogasCHP/MFLW1.Beh [SV]
IEDBiogasCHP/MFLW1.Beh.subEna: false
IEDBiogasCHP/MFLW1.Beh.subVal: 0
IEDBiogasCHP/MFLW1.Beh.subQ: 0x00 0x00
IEDBiogasCHP/MFLW1.Beh.subID: ''
14:23:46.973 [openiec61850-osi-server-7-thread-1] DEBUG com.beanit.openiec61850.ServerAssociation - sub BDA is:IEDBiogasCHP/MFLW1.Beh.subEna: false
14:23:46.973 [openiec61850-osi-server-7-thread-1] DEBUG com.beanit.openiec61850.ServerAssociation - sub BDA is:IEDBiogasCHP/MFLW1.Beh.subVal: 0
14:23:46.973 [openiec61850-osi-server-7-thread-1] DEBUG com.beanit.openiec61850.ServerAssociation - sub BDA is:IEDBiogasCHP/MFLW1.Beh.subQ: 0x00 0x00
14:23:46.973 [openiec61850-osi-server-7-thread-1] DEBUG com.beanit.openiec61850.ServerAssociation - sub BDA is:IEDBiogasCHP/MFLW1.Beh.subID: ''
calling GetDataValues(IEDBiogasCHP/MFLW1.Beh.subEna)
14:23:46.973 [openiec61850-osi-server-7-thread-1] DEBUG com.beanit.openiec61850.ServerAssociation - Got a GetDataValues request for node: IEDBiogasCHP/MFLW1.Beh.subEna: false
calling GetDataValues(IEDBiogasCHP/MFLW1.Beh.subVal)
14:23:46.973 [openiec61850-osi-server-7-thread-1] DEBUG com.beanit.openiec61850.ServerAssociation - Got a GetDataValues request for node: IEDBiogasCHP/MFLW1.Beh.subVal: 0
calling GetDataValues(IEDBiogasCHP/MFLW1.Beh.subQ)
14:23:46.973 [openiec61850-osi-server-7-thread-1] DEBUG com.beanit.openiec61850.ServerAssociation - Got a GetDataValues request for node: IEDBiogasCHP/MFLW1.Beh.subQ: 0x00 0x00
calling GetDataValues(IEDBiogasCHP/MFLW1.Beh.subID)
14:23:46.973 [openiec61850-osi-server-7-thread-1] DEBUG com.beanit.openiec61850.ServerAssociation - Got a GetDataValues request for node: IEDBiogasCHP/MFLW1.Beh.subID: ''
calling GetDataValues(IEDBiogasCHP/MFLW1.Beh)
14:23:46.973 [openiec61850-osi-server-7-thread-1] DEBUG com.beanit.openiec61850.ServerAssociation - Got a GetDataValues request for node: IEDBiogasCHP/MFLW1.Beh [DC]
IEDBiogasCHP/MFLW1.Beh.d: ''
IEDBiogasCHP/MFLW1.Beh.dU: 
14:23:46.973 [openiec61850-osi-server-7-thread-1] DEBUG com.beanit.openiec61850.ServerAssociation - sub BDA is:IEDBiogasCHP/MFLW1.Beh.d: ''
14:23:46.973 [openiec61850-osi-server-7-thread-1] DEBUG com.beanit.openiec61850.ServerAssociation - sub BDA is:IEDBiogasCHP/MFLW1.Beh.dU: 
calling GetDataValues(IEDBiogasCHP/MFLW1.Beh.d)
14:23:46.974 [openiec61850-osi-server-7-thread-1] DEBUG com.beanit.openiec61850.ServerAssociation - Got a GetDataValues request for node: IEDBiogasCHP/MFLW1.Beh.d: ''
calling GetDataValues(IEDBiogasCHP/MFLW1.Beh.dU)
14:23:46.974 [openiec61850-osi-server-7-thread-1] DEBUG com.beanit.openiec61850.ServerAssociation - Got a GetDataValues request for node: IEDBiogasCHP/MFLW1.Beh.dU: 
calling GetDataValues(IEDBiogasCHP/MFLW1.Beh)
14:23:46.974 [openiec61850-osi-server-7-thread-1] DEBUG com.beanit.openiec61850.ServerAssociation - Got a GetDataValues request for node: IEDBiogasCHP/MFLW1.Beh [EX]
IEDBiogasCHP/MFLW1.Beh.cdcNs: ''
IEDBiogasCHP/MFLW1.Beh.cdcName: ''
IEDBiogasCHP/MFLW1.Beh.dataNs: ''
14:23:46.974 [openiec61850-osi-server-7-thread-1] DEBUG com.beanit.openiec61850.ServerAssociation - sub BDA is:IEDBiogasCHP/MFLW1.Beh.cdcNs: ''
14:23:46.974 [openiec61850-osi-server-7-thread-1] DEBUG com.beanit.openiec61850.ServerAssociation - sub BDA is:IEDBiogasCHP/MFLW1.Beh.cdcName: ''
14:23:46.974 [openiec61850-osi-server-7-thread-1] DEBUG com.beanit.openiec61850.ServerAssociation - sub BDA is:IEDBiogasCHP/MFLW1.Beh.dataNs: ''
calling GetDataValues(IEDBiogasCHP/MFLW1.Beh.cdcNs)
14:23:46.974 [openiec61850-osi-server-7-thread-1] DEBUG com.beanit.openiec61850.ServerAssociation - Got a GetDataValues request for node: IEDBiogasCHP/MFLW1.Beh.cdcNs: ''
calling GetDataValues(IEDBiogasCHP/MFLW1.Beh.cdcName)
14:23:46.974 [openiec61850-osi-server-7-thread-1] DEBUG com.beanit.openiec61850.ServerAssociation - Got a GetDataValues request for node: IEDBiogasCHP/MFLW1.Beh.cdcName: ''
calling GetDataValues(IEDBiogasCHP/MFLW1.Beh.dataNs)
14:23:46.974 [openiec61850-osi-server-7-thread-1] DEBUG com.beanit.openiec61850.ServerAssociation - Got a GetDataValues request for node: IEDBiogasCHP/MFLW1.Beh.dataNs: ''
calling GetDataValues(IEDBiogasCHP/MFLW1.Health)
14:23:46.975 [openiec61850-osi-server-7-thread-1] DEBUG com.beanit.openiec61850.ServerAssociation - Got a GetDataValues request for node: IEDBiogasCHP/MFLW1.Health [ST]
IEDBiogasCHP/MFLW1.Health.stVal: 0
IEDBiogasCHP/MFLW1.Health.q: 0x00 0x00
IEDBiogasCHP/MFLW1.Health.t: Thu Jan 01 01:00:00 CET 1970
14:23:46.975 [openiec61850-osi-server-7-thread-1] DEBUG com.beanit.openiec61850.ServerAssociation - sub BDA is:IEDBiogasCHP/MFLW1.Health.stVal: 0
14:23:46.975 [openiec61850-osi-server-7-thread-1] DEBUG com.beanit.openiec61850.ServerAssociation - sub BDA is:IEDBiogasCHP/MFLW1.Health.q: 0x00 0x00
14:23:46.975 [openiec61850-osi-server-7-thread-1] DEBUG com.beanit.openiec61850.ServerAssociation - sub BDA is:IEDBiogasCHP/MFLW1.Health.t: Thu Jan 01 01:00:00 CET 1970
calling GetDataValues(IEDBiogasCHP/MFLW1.Health.stVal)
14:23:46.975 [openiec61850-osi-server-7-thread-1] DEBUG com.beanit.openiec61850.ServerAssociation - Got a GetDataValues request for node: IEDBiogasCHP/MFLW1.Health.stVal: 0
calling GetDataValues(IEDBiogasCHP/MFLW1.Health.q)
14:23:46.975 [openiec61850-osi-server-7-thread-1] DEBUG com.beanit.openiec61850.ServerAssociation - Got a GetDataValues request for node: IEDBiogasCHP/MFLW1.Health.q: 0x00 0x00
calling GetDataValues(IEDBiogasCHP/MFLW1.Health.t)
14:23:46.975 [openiec61850-osi-server-7-thread-1] DEBUG com.beanit.openiec61850.ServerAssociation - Got a GetDataValues request for node: IEDBiogasCHP/MFLW1.Health.t: Thu Jan 01 01:00:00 CET 1970
calling GetDataValues(IEDBiogasCHP/MFLW1.Health)
14:23:46.975 [openiec61850-osi-server-7-thread-1] DEBUG com.beanit.openiec61850.ServerAssociation - Got a GetDataValues request for node: IEDBiogasCHP/MFLW1.Health [SV]
IEDBiogasCHP/MFLW1.Health.subEna: false
IEDBiogasCHP/MFLW1.Health.subVal: 0
IEDBiogasCHP/MFLW1.Health.subQ: 0x00 0x00
IEDBiogasCHP/MFLW1.Health.subID: ''
14:23:46.975 [openiec61850-osi-server-7-thread-1] DEBUG com.beanit.openiec61850.ServerAssociation - sub BDA is:IEDBiogasCHP/MFLW1.Health.subEna: false
14:23:46.975 [openiec61850-osi-server-7-thread-1] DEBUG com.beanit.openiec61850.ServerAssociation - sub BDA is:IEDBiogasCHP/MFLW1.Health.subVal: 0
14:23:46.975 [openiec61850-osi-server-7-thread-1] DEBUG com.beanit.openiec61850.ServerAssociation - sub BDA is:IEDBiogasCHP/MFLW1.Health.subQ: 0x00 0x00
14:23:46.975 [openiec61850-osi-server-7-thread-1] DEBUG com.beanit.openiec61850.ServerAssociation - sub BDA is:IEDBiogasCHP/MFLW1.Health.subID: ''
calling GetDataValues(IEDBiogasCHP/MFLW1.Health.subEna)
14:23:46.975 [openiec61850-osi-server-7-thread-1] DEBUG com.beanit.openiec61850.ServerAssociation - Got a GetDataValues request for node: IEDBiogasCHP/MFLW1.Health.subEna: false
calling GetDataValues(IEDBiogasCHP/MFLW1.Health.subVal)
14:23:46.976 [openiec61850-osi-server-7-thread-1] DEBUG com.beanit.openiec61850.ServerAssociation - Got a GetDataValues request for node: IEDBiogasCHP/MFLW1.Health.subVal: 0
calling GetDataValues(IEDBiogasCHP/MFLW1.Health.subQ)
14:23:46.976 [openiec61850-osi-server-7-thread-1] DEBUG com.beanit.openiec61850.ServerAssociation - Got a GetDataValues request for node: IEDBiogasCHP/MFLW1.Health.subQ: 0x00 0x00
calling GetDataValues(IEDBiogasCHP/MFLW1.Health.subID)
14:23:46.976 [openiec61850-osi-server-7-thread-1] DEBUG com.beanit.openiec61850.ServerAssociation - Got a GetDataValues request for node: IEDBiogasCHP/MFLW1.Health.subID: ''
calling GetDataValues(IEDBiogasCHP/MFLW1.Health)
14:23:46.976 [openiec61850-osi-server-7-thread-1] DEBUG com.beanit.openiec61850.ServerAssociation - Got a GetDataValues request for node: IEDBiogasCHP/MFLW1.Health [DC]
IEDBiogasCHP/MFLW1.Health.d: ''
IEDBiogasCHP/MFLW1.Health.dU: 
14:23:46.976 [openiec61850-osi-server-7-thread-1] DEBUG com.beanit.openiec61850.ServerAssociation - sub BDA is:IEDBiogasCHP/MFLW1.Health.d: ''
14:23:46.976 [openiec61850-osi-server-7-thread-1] DEBUG com.beanit.openiec61850.ServerAssociation - sub BDA is:IEDBiogasCHP/MFLW1.Health.dU: 
calling GetDataValues(IEDBiogasCHP/MFLW1.Health.d)
14:23:46.976 [openiec61850-osi-server-7-thread-1] DEBUG com.beanit.openiec61850.ServerAssociation - Got a GetDataValues request for node: IEDBiogasCHP/MFLW1.Health.d: ''
calling GetDataValues(IEDBiogasCHP/MFLW1.Health.dU)
14:23:46.976 [openiec61850-osi-server-7-thread-1] DEBUG com.beanit.openiec61850.ServerAssociation - Got a GetDataValues request for node: IEDBiogasCHP/MFLW1.Health.dU: 
calling GetDataValues(IEDBiogasCHP/MFLW1.Health)
14:23:46.976 [openiec61850-osi-server-7-thread-1] DEBUG com.beanit.openiec61850.ServerAssociation - Got a GetDataValues request for node: IEDBiogasCHP/MFLW1.Health [EX]
IEDBiogasCHP/MFLW1.Health.cdcNs: ''
IEDBiogasCHP/MFLW1.Health.cdcName: ''
IEDBiogasCHP/MFLW1.Health.dataNs: ''
14:23:46.976 [openiec61850-osi-server-7-thread-1] DEBUG com.beanit.openiec61850.ServerAssociation - sub BDA is:IEDBiogasCHP/MFLW1.Health.cdcNs: ''
14:23:46.976 [openiec61850-osi-server-7-thread-1] DEBUG com.beanit.openiec61850.ServerAssociation - sub BDA is:IEDBiogasCHP/MFLW1.Health.cdcName: ''
14:23:46.976 [openiec61850-osi-server-7-thread-1] DEBUG com.beanit.openiec61850.ServerAssociation - sub BDA is:IEDBiogasCHP/MFLW1.Health.dataNs: ''
calling GetDataValues(IEDBiogasCHP/MFLW1.Health.cdcNs)
14:23:46.977 [openiec61850-osi-server-7-thread-1] DEBUG com.beanit.openiec61850.ServerAssociation - Got a GetDataValues request for node: IEDBiogasCHP/MFLW1.Health.cdcNs: ''
calling GetDataValues(IEDBiogasCHP/MFLW1.Health.cdcName)
14:23:46.977 [openiec61850-osi-server-7-thread-1] DEBUG com.beanit.openiec61850.ServerAssociation - Got a GetDataValues request for node: IEDBiogasCHP/MFLW1.Health.cdcName: ''
calling GetDataValues(IEDBiogasCHP/MFLW1.Health.dataNs)
14:23:46.977 [openiec61850-osi-server-7-thread-1] DEBUG com.beanit.openiec61850.ServerAssociation - Got a GetDataValues request for node: IEDBiogasCHP/MFLW1.Health.dataNs: ''
calling GetDataValues(IEDBiogasCHP/MFLW1.NamPlt)
14:23:46.977 [openiec61850-osi-server-7-thread-1] DEBUG com.beanit.openiec61850.ServerAssociation - Got a GetDataValues request for node: IEDBiogasCHP/MFLW1.NamPlt [DC]
IEDBiogasCHP/MFLW1.NamPlt.vendor: ''
IEDBiogasCHP/MFLW1.NamPlt.swRev: ''
IEDBiogasCHP/MFLW1.NamPlt.d: ''
IEDBiogasCHP/MFLW1.NamPlt.dU: 
IEDBiogasCHP/MFLW1.NamPlt.configRev: ''
14:23:46.977 [openiec61850-osi-server-7-thread-1] DEBUG com.beanit.openiec61850.ServerAssociation - sub BDA is:IEDBiogasCHP/MFLW1.NamPlt.vendor: ''
14:23:46.977 [openiec61850-osi-server-7-thread-1] DEBUG com.beanit.openiec61850.ServerAssociation - sub BDA is:IEDBiogasCHP/MFLW1.NamPlt.swRev: ''
14:23:46.977 [openiec61850-osi-server-7-thread-1] DEBUG com.beanit.openiec61850.ServerAssociation - sub BDA is:IEDBiogasCHP/MFLW1.NamPlt.d: ''
14:23:46.977 [openiec61850-osi-server-7-thread-1] DEBUG com.beanit.openiec61850.ServerAssociation - sub BDA is:IEDBiogasCHP/MFLW1.NamPlt.dU: 
14:23:46.977 [openiec61850-osi-server-7-thread-1] DEBUG com.beanit.openiec61850.ServerAssociation - sub BDA is:IEDBiogasCHP/MFLW1.NamPlt.configRev: ''
calling GetDataValues(IEDBiogasCHP/MFLW1.NamPlt.vendor)
14:23:46.977 [openiec61850-osi-server-7-thread-1] DEBUG com.beanit.openiec61850.ServerAssociation - Got a GetDataValues request for node: IEDBiogasCHP/MFLW1.NamPlt.vendor: ''
calling GetDataValues(IEDBiogasCHP/MFLW1.NamPlt.swRev)
14:23:46.977 [openiec61850-osi-server-7-thread-1] DEBUG com.beanit.openiec61850.ServerAssociation - Got a GetDataValues request for node: IEDBiogasCHP/MFLW1.NamPlt.swRev: ''
calling GetDataValues(IEDBiogasCHP/MFLW1.NamPlt.d)
14:23:46.977 [openiec61850-osi-server-7-thread-1] DEBUG com.beanit.openiec61850.ServerAssociation - Got a GetDataValues request for node: IEDBiogasCHP/MFLW1.NamPlt.d: ''
calling GetDataValues(IEDBiogasCHP/MFLW1.NamPlt.dU)
14:23:46.978 [openiec61850-osi-server-7-thread-1] DEBUG com.beanit.openiec61850.ServerAssociation - Got a GetDataValues request for node: IEDBiogasCHP/MFLW1.NamPlt.dU: 
calling GetDataValues(IEDBiogasCHP/MFLW1.NamPlt.configRev)
14:23:46.978 [openiec61850-osi-server-7-thread-1] DEBUG com.beanit.openiec61850.ServerAssociation - Got a GetDataValues request for node: IEDBiogasCHP/MFLW1.NamPlt.configRev: ''
calling GetDataValues(IEDBiogasCHP/MFLW1.NamPlt)
14:23:46.978 [openiec61850-osi-server-7-thread-1] DEBUG com.beanit.openiec61850.ServerAssociation - Got a GetDataValues request for node: IEDBiogasCHP/MFLW1.NamPlt [EX]
IEDBiogasCHP/MFLW1.NamPlt.ldNs: ''
IEDBiogasCHP/MFLW1.NamPlt.lnNs: ''
IEDBiogasCHP/MFLW1.NamPlt.cdcNs: ''
IEDBiogasCHP/MFLW1.NamPlt.cdcName: ''
IEDBiogasCHP/MFLW1.NamPlt.dataNs: ''
14:23:46.978 [openiec61850-osi-server-7-thread-1] DEBUG com.beanit.openiec61850.ServerAssociation - sub BDA is:IEDBiogasCHP/MFLW1.NamPlt.ldNs: ''
14:23:46.978 [openiec61850-osi-server-7-thread-1] DEBUG com.beanit.openiec61850.ServerAssociation - sub BDA is:IEDBiogasCHP/MFLW1.NamPlt.lnNs: ''
14:23:46.978 [openiec61850-osi-server-7-thread-1] DEBUG com.beanit.openiec61850.ServerAssociation - sub BDA is:IEDBiogasCHP/MFLW1.NamPlt.cdcNs: ''
14:23:46.978 [openiec61850-osi-server-7-thread-1] DEBUG com.beanit.openiec61850.ServerAssociation - sub BDA is:IEDBiogasCHP/MFLW1.NamPlt.cdcName: ''
14:23:46.978 [openiec61850-osi-server-7-thread-1] DEBUG com.beanit.openiec61850.ServerAssociation - sub BDA is:IEDBiogasCHP/MFLW1.NamPlt.dataNs: ''
calling GetDataValues(IEDBiogasCHP/MFLW1.NamPlt.ldNs)
14:23:46.978 [openiec61850-osi-server-7-thread-1] DEBUG com.beanit.openiec61850.ServerAssociation - Got a GetDataValues request for node: IEDBiogasCHP/MFLW1.NamPlt.ldNs: ''
calling GetDataValues(IEDBiogasCHP/MFLW1.NamPlt.lnNs)
14:23:46.978 [openiec61850-osi-server-7-thread-1] DEBUG com.beanit.openiec61850.ServerAssociation - Got a GetDataValues request for node: IEDBiogasCHP/MFLW1.NamPlt.lnNs: ''
calling GetDataValues(IEDBiogasCHP/MFLW1.NamPlt.cdcNs)
14:23:46.978 [openiec61850-osi-server-7-thread-1] DEBUG com.beanit.openiec61850.ServerAssociation - Got a GetDataValues request for node: IEDBiogasCHP/MFLW1.NamPlt.cdcNs: ''
calling GetDataValues(IEDBiogasCHP/MFLW1.NamPlt.cdcName)
14:23:46.979 [openiec61850-osi-server-7-thread-1] DEBUG com.beanit.openiec61850.ServerAssociation - Got a GetDataValues request for node: IEDBiogasCHP/MFLW1.NamPlt.cdcName: ''
calling GetDataValues(IEDBiogasCHP/MFLW1.NamPlt.dataNs)
14:23:46.979 [openiec61850-osi-server-7-thread-1] DEBUG com.beanit.openiec61850.ServerAssociation - Got a GetDataValues request for node: IEDBiogasCHP/MFLW1.NamPlt.dataNs: ''
calling GetDataValues(IEDBiogasCHP/MFLW1.MatTyp)
14:23:46.979 [openiec61850-osi-server-7-thread-1] DEBUG com.beanit.openiec61850.ServerAssociation - Got a GetDataValues request for node: IEDBiogasCHP/MFLW1.MatTyp [SP]
IEDBiogasCHP/MFLW1.MatTyp.setVal: 0
14:23:46.979 [openiec61850-osi-server-7-thread-1] DEBUG com.beanit.openiec61850.ServerAssociation - sub BDA is:IEDBiogasCHP/MFLW1.MatTyp.setVal: 0
calling GetDataValues(IEDBiogasCHP/MFLW1.MatTyp.setVal)
14:23:46.979 [openiec61850-osi-server-7-thread-1] DEBUG com.beanit.openiec61850.ServerAssociation - Got a GetDataValues request for node: IEDBiogasCHP/MFLW1.MatTyp.setVal: 0
calling GetDataValues(IEDBiogasCHP/MFLW1.MatTyp)
14:23:46.979 [openiec61850-osi-server-7-thread-1] DEBUG com.beanit.openiec61850.ServerAssociation - Got a GetDataValues request for node: IEDBiogasCHP/MFLW1.MatTyp [CF]
IEDBiogasCHP/MFLW1.MatTyp.minVal: 0
IEDBiogasCHP/MFLW1.MatTyp.maxVal: 0
IEDBiogasCHP/MFLW1.MatTyp.stepSize: 0
14:23:46.979 [openiec61850-osi-server-7-thread-1] DEBUG com.beanit.openiec61850.ServerAssociation - sub BDA is:IEDBiogasCHP/MFLW1.MatTyp.minVal: 0
14:23:46.979 [openiec61850-osi-server-7-thread-1] DEBUG com.beanit.openiec61850.ServerAssociation - sub BDA is:IEDBiogasCHP/MFLW1.MatTyp.maxVal: 0
14:23:46.979 [openiec61850-osi-server-7-thread-1] DEBUG com.beanit.openiec61850.ServerAssociation - sub BDA is:IEDBiogasCHP/MFLW1.MatTyp.stepSize: 0
calling GetDataValues(IEDBiogasCHP/MFLW1.MatTyp.minVal)
14:23:46.979 [openiec61850-osi-server-7-thread-1] DEBUG com.beanit.openiec61850.ServerAssociation - Got a GetDataValues request for node: IEDBiogasCHP/MFLW1.MatTyp.minVal: 0
calling GetDataValues(IEDBiogasCHP/MFLW1.MatTyp.maxVal)
14:23:46.979 [openiec61850-osi-server-7-thread-1] DEBUG com.beanit.openiec61850.ServerAssociation - Got a GetDataValues request for node: IEDBiogasCHP/MFLW1.MatTyp.maxVal: 0
calling GetDataValues(IEDBiogasCHP/MFLW1.MatTyp.stepSize)
14:23:46.980 [openiec61850-osi-server-7-thread-1] DEBUG com.beanit.openiec61850.ServerAssociation - Got a GetDataValues request for node: IEDBiogasCHP/MFLW1.MatTyp.stepSize: 0
calling GetDataValues(IEDBiogasCHP/MFLW1.MatTyp)
14:23:46.980 [openiec61850-osi-server-7-thread-1] DEBUG com.beanit.openiec61850.ServerAssociation - Got a GetDataValues request for node: IEDBiogasCHP/MFLW1.MatTyp [DC]
IEDBiogasCHP/MFLW1.MatTyp.d: ''
IEDBiogasCHP/MFLW1.MatTyp.dU: 
14:23:46.980 [openiec61850-osi-server-7-thread-1] DEBUG com.beanit.openiec61850.ServerAssociation - sub BDA is:IEDBiogasCHP/MFLW1.MatTyp.d: ''
14:23:46.980 [openiec61850-osi-server-7-thread-1] DEBUG com.beanit.openiec61850.ServerAssociation - sub BDA is:IEDBiogasCHP/MFLW1.MatTyp.dU: 
calling GetDataValues(IEDBiogasCHP/MFLW1.MatTyp.d)
14:23:46.980 [openiec61850-osi-server-7-thread-1] DEBUG com.beanit.openiec61850.ServerAssociation - Got a GetDataValues request for node: IEDBiogasCHP/MFLW1.MatTyp.d: ''
calling GetDataValues(IEDBiogasCHP/MFLW1.MatTyp.dU)
14:23:46.980 [openiec61850-osi-server-7-thread-1] DEBUG com.beanit.openiec61850.ServerAssociation - Got a GetDataValues request for node: IEDBiogasCHP/MFLW1.MatTyp.dU: 
calling GetDataValues(IEDBiogasCHP/MFLW1.MatTyp)
14:23:46.980 [openiec61850-osi-server-7-thread-1] DEBUG com.beanit.openiec61850.ServerAssociation - Got a GetDataValues request for node: IEDBiogasCHP/MFLW1.MatTyp [EX]
IEDBiogasCHP/MFLW1.MatTyp.cdcNs: ''
IEDBiogasCHP/MFLW1.MatTyp.cdcName: ''
IEDBiogasCHP/MFLW1.MatTyp.dataNs: ''
14:23:46.980 [openiec61850-osi-server-7-thread-1] DEBUG com.beanit.openiec61850.ServerAssociation - sub BDA is:IEDBiogasCHP/MFLW1.MatTyp.cdcNs: ''
14:23:46.980 [openiec61850-osi-server-7-thread-1] DEBUG com.beanit.openiec61850.ServerAssociation - sub BDA is:IEDBiogasCHP/MFLW1.MatTyp.cdcName: ''
14:23:46.980 [openiec61850-osi-server-7-thread-1] DEBUG com.beanit.openiec61850.ServerAssociation - sub BDA is:IEDBiogasCHP/MFLW1.MatTyp.dataNs: ''
calling GetDataValues(IEDBiogasCHP/MFLW1.MatTyp.cdcNs)
14:23:46.980 [openiec61850-osi-server-7-thread-1] DEBUG com.beanit.openiec61850.ServerAssociation - Got a GetDataValues request for node: IEDBiogasCHP/MFLW1.MatTyp.cdcNs: ''
calling GetDataValues(IEDBiogasCHP/MFLW1.MatTyp.cdcName)
14:23:46.980 [openiec61850-osi-server-7-thread-1] DEBUG com.beanit.openiec61850.ServerAssociation - Got a GetDataValues request for node: IEDBiogasCHP/MFLW1.MatTyp.cdcName: ''
calling GetDataValues(IEDBiogasCHP/MFLW1.MatTyp.dataNs)
14:23:46.981 [openiec61850-osi-server-7-thread-1] DEBUG com.beanit.openiec61850.ServerAssociation - Got a GetDataValues request for node: IEDBiogasCHP/MFLW1.MatTyp.dataNs: ''
calling GetDataValues(IEDBiogasCHP/MFLW1.MaxFlwSpd)
14:23:46.981 [openiec61850-osi-server-7-thread-1] DEBUG com.beanit.openiec61850.ServerAssociation - Got a GetDataValues request for node: IEDBiogasCHP/MFLW1.MaxFlwSpd [SP]
IEDBiogasCHP/MFLW1.MaxFlwSpd.setMag [SP]
IEDBiogasCHP/MFLW1.MaxFlwSpd.setMag.i: 0
IEDBiogasCHP/MFLW1.MaxFlwSpd.setMag.f: 0.0
14:23:46.981 [openiec61850-osi-server-7-thread-1] DEBUG com.beanit.openiec61850.ServerAssociation - sub BDA is:IEDBiogasCHP/MFLW1.MaxFlwSpd.setMag.i: 0
14:23:46.981 [openiec61850-osi-server-7-thread-1] DEBUG com.beanit.openiec61850.ServerAssociation - sub BDA is:IEDBiogasCHP/MFLW1.MaxFlwSpd.setMag.f: 0.0
calling GetDataValues(IEDBiogasCHP/MFLW1.MaxFlwSpd.setMag)
14:23:46.981 [openiec61850-osi-server-7-thread-1] DEBUG com.beanit.openiec61850.ServerAssociation - Got a GetDataValues request for node: IEDBiogasCHP/MFLW1.MaxFlwSpd.setMag [SP]
IEDBiogasCHP/MFLW1.MaxFlwSpd.setMag.i: 0
IEDBiogasCHP/MFLW1.MaxFlwSpd.setMag.f: 0.0
14:23:46.981 [openiec61850-osi-server-7-thread-1] DEBUG com.beanit.openiec61850.ServerAssociation - sub BDA is:IEDBiogasCHP/MFLW1.MaxFlwSpd.setMag.i: 0
14:23:46.981 [openiec61850-osi-server-7-thread-1] DEBUG com.beanit.openiec61850.ServerAssociation - sub BDA is:IEDBiogasCHP/MFLW1.MaxFlwSpd.setMag.f: 0.0
calling GetDataValues(IEDBiogasCHP/MFLW1.MaxFlwSpd.setMag.i)
14:23:46.981 [openiec61850-osi-server-7-thread-1] DEBUG com.beanit.openiec61850.ServerAssociation - Got a GetDataValues request for node: IEDBiogasCHP/MFLW1.MaxFlwSpd.setMag.i: 0
calling GetDataValues(IEDBiogasCHP/MFLW1.MaxFlwSpd.setMag.f)
14:23:46.981 [openiec61850-osi-server-7-thread-1] DEBUG com.beanit.openiec61850.ServerAssociation - Got a GetDataValues request for node: IEDBiogasCHP/MFLW1.MaxFlwSpd.setMag.f: 0.0
calling GetDataValues(IEDBiogasCHP/MFLW1.MaxFlwSpd)
14:23:46.981 [openiec61850-osi-server-7-thread-1] DEBUG com.beanit.openiec61850.ServerAssociation - Got a GetDataValues request for node: IEDBiogasCHP/MFLW1.MaxFlwSpd [CF]
IEDBiogasCHP/MFLW1.MaxFlwSpd.units [CF]
IEDBiogasCHP/MFLW1.MaxFlwSpd.units.SIUnit: 0
IEDBiogasCHP/MFLW1.MaxFlwSpd.units.multiplier: 0
IEDBiogasCHP/MFLW1.MaxFlwSpd.sVC [CF]
IEDBiogasCHP/MFLW1.MaxFlwSpd.sVC.scaleFactor: 0.0
IEDBiogasCHP/MFLW1.MaxFlwSpd.sVC.offset: 0.0
IEDBiogasCHP/MFLW1.MaxFlwSpd.minVal [CF]
IEDBiogasCHP/MFLW1.MaxFlwSpd.minVal.i: 0
IEDBiogasCHP/MFLW1.MaxFlwSpd.minVal.f: 0.0
IEDBiogasCHP/MFLW1.MaxFlwSpd.maxVal [CF]
IEDBiogasCHP/MFLW1.MaxFlwSpd.maxVal.i: 0
IEDBiogasCHP/MFLW1.MaxFlwSpd.maxVal.f: 0.0
IEDBiogasCHP/MFLW1.MaxFlwSpd.stepSize [CF]
IEDBiogasCHP/MFLW1.MaxFlwSpd.stepSize.i: 0
IEDBiogasCHP/MFLW1.MaxFlwSpd.stepSize.f: 0.0
14:23:46.981 [openiec61850-osi-server-7-thread-1] DEBUG com.beanit.openiec61850.ServerAssociation - sub BDA is:IEDBiogasCHP/MFLW1.MaxFlwSpd.units.SIUnit: 0
14:23:46.981 [openiec61850-osi-server-7-thread-1] DEBUG com.beanit.openiec61850.ServerAssociation - sub BDA is:IEDBiogasCHP/MFLW1.MaxFlwSpd.units.multiplier: 0
14:23:46.981 [openiec61850-osi-server-7-thread-1] DEBUG com.beanit.openiec61850.ServerAssociation - sub BDA is:IEDBiogasCHP/MFLW1.MaxFlwSpd.sVC.scaleFactor: 0.0
14:23:46.981 [openiec61850-osi-server-7-thread-1] DEBUG com.beanit.openiec61850.ServerAssociation - sub BDA is:IEDBiogasCHP/MFLW1.MaxFlwSpd.sVC.offset: 0.0
14:23:46.981 [openiec61850-osi-server-7-thread-1] DEBUG com.beanit.openiec61850.ServerAssociation - sub BDA is:IEDBiogasCHP/MFLW1.MaxFlwSpd.minVal.i: 0
14:23:46.981 [openiec61850-osi-server-7-thread-1] DEBUG com.beanit.openiec61850.ServerAssociation - sub BDA is:IEDBiogasCHP/MFLW1.MaxFlwSpd.minVal.f: 0.0
14:23:46.981 [openiec61850-osi-server-7-thread-1] DEBUG com.beanit.openiec61850.ServerAssociation - sub BDA is:IEDBiogasCHP/MFLW1.MaxFlwSpd.maxVal.i: 0
14:23:46.981 [openiec61850-osi-server-7-thread-1] DEBUG com.beanit.openiec61850.ServerAssociation - sub BDA is:IEDBiogasCHP/MFLW1.MaxFlwSpd.maxVal.f: 0.0
14:23:46.981 [openiec61850-osi-server-7-thread-1] DEBUG com.beanit.openiec61850.ServerAssociation - sub BDA is:IEDBiogasCHP/MFLW1.MaxFlwSpd.stepSize.i: 0
14:23:46.981 [openiec61850-osi-server-7-thread-1] DEBUG com.beanit.openiec61850.ServerAssociation - sub BDA is:IEDBiogasCHP/MFLW1.MaxFlwSpd.stepSize.f: 0.0
calling GetDataValues(IEDBiogasCHP/MFLW1.MaxFlwSpd.units)
14:23:46.982 [openiec61850-osi-server-7-thread-1] DEBUG com.beanit.openiec61850.ServerAssociation - Got a GetDataValues request for node: IEDBiogasCHP/MFLW1.MaxFlwSpd.units [CF]
IEDBiogasCHP/MFLW1.MaxFlwSpd.units.SIUnit: 0
IEDBiogasCHP/MFLW1.MaxFlwSpd.units.multiplier: 0
14:23:46.982 [openiec61850-osi-server-7-thread-1] DEBUG com.beanit.openiec61850.ServerAssociation - sub BDA is:IEDBiogasCHP/MFLW1.MaxFlwSpd.units.SIUnit: 0
14:23:46.982 [openiec61850-osi-server-7-thread-1] DEBUG com.beanit.openiec61850.ServerAssociation - sub BDA is:IEDBiogasCHP/MFLW1.MaxFlwSpd.units.multiplier: 0
calling GetDataValues(IEDBiogasCHP/MFLW1.MaxFlwSpd.units.SIUnit)
14:23:46.982 [openiec61850-osi-server-7-thread-1] DEBUG com.beanit.openiec61850.ServerAssociation - Got a GetDataValues request for node: IEDBiogasCHP/MFLW1.MaxFlwSpd.units.SIUnit: 0
calling GetDataValues(IEDBiogasCHP/MFLW1.MaxFlwSpd.units.multiplier)
14:23:46.982 [openiec61850-osi-server-7-thread-1] DEBUG com.beanit.openiec61850.ServerAssociation - Got a GetDataValues request for node: IEDBiogasCHP/MFLW1.MaxFlwSpd.units.multiplier: 0
calling GetDataValues(IEDBiogasCHP/MFLW1.MaxFlwSpd.sVC)
14:23:46.982 [openiec61850-osi-server-7-thread-1] DEBUG com.beanit.openiec61850.ServerAssociation - Got a GetDataValues request for node: IEDBiogasCHP/MFLW1.MaxFlwSpd.sVC [CF]
IEDBiogasCHP/MFLW1.MaxFlwSpd.sVC.scaleFactor: 0.0
IEDBiogasCHP/MFLW1.MaxFlwSpd.sVC.offset: 0.0
14:23:46.982 [openiec61850-osi-server-7-thread-1] DEBUG com.beanit.openiec61850.ServerAssociation - sub BDA is:IEDBiogasCHP/MFLW1.MaxFlwSpd.sVC.scaleFactor: 0.0
14:23:46.982 [openiec61850-osi-server-7-thread-1] DEBUG com.beanit.openiec61850.ServerAssociation - sub BDA is:IEDBiogasCHP/MFLW1.MaxFlwSpd.sVC.offset: 0.0
calling GetDataValues(IEDBiogasCHP/MFLW1.MaxFlwSpd.sVC.scaleFactor)
14:23:46.982 [openiec61850-osi-server-7-thread-1] DEBUG com.beanit.openiec61850.ServerAssociation - Got a GetDataValues request for node: IEDBiogasCHP/MFLW1.MaxFlwSpd.sVC.scaleFactor: 0.0
calling GetDataValues(IEDBiogasCHP/MFLW1.MaxFlwSpd.sVC.offset)
14:23:46.982 [openiec61850-osi-server-7-thread-1] DEBUG com.beanit.openiec61850.ServerAssociation - Got a GetDataValues request for node: IEDBiogasCHP/MFLW1.MaxFlwSpd.sVC.offset: 0.0
calling GetDataValues(IEDBiogasCHP/MFLW1.MaxFlwSpd.minVal)
14:23:46.983 [openiec61850-osi-server-7-thread-1] DEBUG com.beanit.openiec61850.ServerAssociation - Got a GetDataValues request for node: IEDBiogasCHP/MFLW1.MaxFlwSpd.minVal [CF]
IEDBiogasCHP/MFLW1.MaxFlwSpd.minVal.i: 0
IEDBiogasCHP/MFLW1.MaxFlwSpd.minVal.f: 0.0
14:23:46.983 [openiec61850-osi-server-7-thread-1] DEBUG com.beanit.openiec61850.ServerAssociation - sub BDA is:IEDBiogasCHP/MFLW1.MaxFlwSpd.minVal.i: 0
14:23:46.983 [openiec61850-osi-server-7-thread-1] DEBUG com.beanit.openiec61850.ServerAssociation - sub BDA is:IEDBiogasCHP/MFLW1.MaxFlwSpd.minVal.f: 0.0
calling GetDataValues(IEDBiogasCHP/MFLW1.MaxFlwSpd.minVal.i)
14:23:46.983 [openiec61850-osi-server-7-thread-1] DEBUG com.beanit.openiec61850.ServerAssociation - Got a GetDataValues request for node: IEDBiogasCHP/MFLW1.MaxFlwSpd.minVal.i: 0
calling GetDataValues(IEDBiogasCHP/MFLW1.MaxFlwSpd.minVal.f)
14:23:46.983 [openiec61850-osi-server-7-thread-1] DEBUG com.beanit.openiec61850.ServerAssociation - Got a GetDataValues request for node: IEDBiogasCHP/MFLW1.MaxFlwSpd.minVal.f: 0.0
calling GetDataValues(IEDBiogasCHP/MFLW1.MaxFlwSpd.maxVal)
14:23:46.983 [openiec61850-osi-server-7-thread-1] DEBUG com.beanit.openiec61850.ServerAssociation - Got a GetDataValues request for node: IEDBiogasCHP/MFLW1.MaxFlwSpd.maxVal [CF]
IEDBiogasCHP/MFLW1.MaxFlwSpd.maxVal.i: 0
IEDBiogasCHP/MFLW1.MaxFlwSpd.maxVal.f: 0.0
14:23:46.983 [openiec61850-osi-server-7-thread-1] DEBUG com.beanit.openiec61850.ServerAssociation - sub BDA is:IEDBiogasCHP/MFLW1.MaxFlwSpd.maxVal.i: 0
14:23:46.983 [openiec61850-osi-server-7-thread-1] DEBUG com.beanit.openiec61850.ServerAssociation - sub BDA is:IEDBiogasCHP/MFLW1.MaxFlwSpd.maxVal.f: 0.0
calling GetDataValues(IEDBiogasCHP/MFLW1.MaxFlwSpd.maxVal.i)
14:23:46.983 [openiec61850-osi-server-7-thread-1] DEBUG com.beanit.openiec61850.ServerAssociation - Got a GetDataValues request for node: IEDBiogasCHP/MFLW1.MaxFlwSpd.maxVal.i: 0
calling GetDataValues(IEDBiogasCHP/MFLW1.MaxFlwSpd.maxVal.f)
14:23:46.983 [openiec61850-osi-server-7-thread-1] DEBUG com.beanit.openiec61850.ServerAssociation - Got a GetDataValues request for node: IEDBiogasCHP/MFLW1.MaxFlwSpd.maxVal.f: 0.0
calling GetDataValues(IEDBiogasCHP/MFLW1.MaxFlwSpd.stepSize)
14:23:46.983 [openiec61850-osi-server-7-thread-1] DEBUG com.beanit.openiec61850.ServerAssociation - Got a GetDataValues request for node: IEDBiogasCHP/MFLW1.MaxFlwSpd.stepSize [CF]
IEDBiogasCHP/MFLW1.MaxFlwSpd.stepSize.i: 0
IEDBiogasCHP/MFLW1.MaxFlwSpd.stepSize.f: 0.0
14:23:46.984 [openiec61850-osi-server-7-thread-1] DEBUG com.beanit.openiec61850.ServerAssociation - sub BDA is:IEDBiogasCHP/MFLW1.MaxFlwSpd.stepSize.i: 0
14:23:46.984 [openiec61850-osi-server-7-thread-1] DEBUG com.beanit.openiec61850.ServerAssociation - sub BDA is:IEDBiogasCHP/MFLW1.MaxFlwSpd.stepSize.f: 0.0
calling GetDataValues(IEDBiogasCHP/MFLW1.MaxFlwSpd.stepSize.i)
14:23:46.984 [openiec61850-osi-server-7-thread-1] DEBUG com.beanit.openiec61850.ServerAssociation - Got a GetDataValues request for node: IEDBiogasCHP/MFLW1.MaxFlwSpd.stepSize.i: 0
calling GetDataValues(IEDBiogasCHP/MFLW1.MaxFlwSpd.stepSize.f)
14:23:46.984 [openiec61850-osi-server-7-thread-1] DEBUG com.beanit.openiec61850.ServerAssociation - Got a GetDataValues request for node: IEDBiogasCHP/MFLW1.MaxFlwSpd.stepSize.f: 0.0
calling GetDataValues(IEDBiogasCHP/MFLW1.MaxFlwSpd)
14:23:46.984 [openiec61850-osi-server-7-thread-1] DEBUG com.beanit.openiec61850.ServerAssociation - Got a GetDataValues request for node: IEDBiogasCHP/MFLW1.MaxFlwSpd [DC]
IEDBiogasCHP/MFLW1.MaxFlwSpd.d: ''
IEDBiogasCHP/MFLW1.MaxFlwSpd.dU: 
14:23:46.984 [openiec61850-osi-server-7-thread-1] DEBUG com.beanit.openiec61850.ServerAssociation - sub BDA is:IEDBiogasCHP/MFLW1.MaxFlwSpd.d: ''
14:23:46.984 [openiec61850-osi-server-7-thread-1] DEBUG com.beanit.openiec61850.ServerAssociation - sub BDA is:IEDBiogasCHP/MFLW1.MaxFlwSpd.dU: 
calling GetDataValues(IEDBiogasCHP/MFLW1.MaxFlwSpd.d)
14:23:46.984 [openiec61850-osi-server-7-thread-1] DEBUG com.beanit.openiec61850.ServerAssociation - Got a GetDataValues request for node: IEDBiogasCHP/MFLW1.MaxFlwSpd.d: ''
calling GetDataValues(IEDBiogasCHP/MFLW1.MaxFlwSpd.dU)
14:23:46.984 [openiec61850-osi-server-7-thread-1] DEBUG com.beanit.openiec61850.ServerAssociation - Got a GetDataValues request for node: IEDBiogasCHP/MFLW1.MaxFlwSpd.dU: 
calling GetDataValues(IEDBiogasCHP/MFLW1.MaxFlwSpd)
14:23:46.985 [openiec61850-osi-server-7-thread-1] DEBUG com.beanit.openiec61850.ServerAssociation - Got a GetDataValues request for node: IEDBiogasCHP/MFLW1.MaxFlwSpd [EX]
IEDBiogasCHP/MFLW1.MaxFlwSpd.cdcNs: ''
IEDBiogasCHP/MFLW1.MaxFlwSpd.cdcName: ''
IEDBiogasCHP/MFLW1.MaxFlwSpd.dataNs: ''
14:23:46.985 [openiec61850-osi-server-7-thread-1] DEBUG com.beanit.openiec61850.ServerAssociation - sub BDA is:IEDBiogasCHP/MFLW1.MaxFlwSpd.cdcNs: ''
14:23:46.985 [openiec61850-osi-server-7-thread-1] DEBUG com.beanit.openiec61850.ServerAssociation - sub BDA is:IEDBiogasCHP/MFLW1.MaxFlwSpd.cdcName: ''
14:23:46.985 [openiec61850-osi-server-7-thread-1] DEBUG com.beanit.openiec61850.ServerAssociation - sub BDA is:IEDBiogasCHP/MFLW1.MaxFlwSpd.dataNs: ''
calling GetDataValues(IEDBiogasCHP/MFLW1.MaxFlwSpd.cdcNs)
14:23:46.985 [openiec61850-osi-server-7-thread-1] DEBUG com.beanit.openiec61850.ServerAssociation - Got a GetDataValues request for node: IEDBiogasCHP/MFLW1.MaxFlwSpd.cdcNs: ''
calling GetDataValues(IEDBiogasCHP/MFLW1.MaxFlwSpd.cdcName)
14:23:46.985 [openiec61850-osi-server-7-thread-1] DEBUG com.beanit.openiec61850.ServerAssociation - Got a GetDataValues request for node: IEDBiogasCHP/MFLW1.MaxFlwSpd.cdcName: ''
calling GetDataValues(IEDBiogasCHP/MFLW1.MaxFlwSpd.dataNs)
14:23:46.985 [openiec61850-osi-server-7-thread-1] DEBUG com.beanit.openiec61850.ServerAssociation - Got a GetDataValues request for node: IEDBiogasCHP/MFLW1.MaxFlwSpd.dataNs: ''
calling GetDataValues(IEDBiogasCHP/MFLW1.MinFlwSpd)
14:23:46.985 [openiec61850-osi-server-7-thread-1] DEBUG com.beanit.openiec61850.ServerAssociation - Got a GetDataValues request for node: IEDBiogasCHP/MFLW1.MinFlwSpd [SP]
IEDBiogasCHP/MFLW1.MinFlwSpd.setMag [SP]
IEDBiogasCHP/MFLW1.MinFlwSpd.setMag.i: 0
IEDBiogasCHP/MFLW1.MinFlwSpd.setMag.f: 0.0
14:23:46.985 [openiec61850-osi-server-7-thread-1] DEBUG com.beanit.openiec61850.ServerAssociation - sub BDA is:IEDBiogasCHP/MFLW1.MinFlwSpd.setMag.i: 0
14:23:46.985 [openiec61850-osi-server-7-thread-1] DEBUG com.beanit.openiec61850.ServerAssociation - sub BDA is:IEDBiogasCHP/MFLW1.MinFlwSpd.setMag.f: 0.0
calling GetDataValues(IEDBiogasCHP/MFLW1.MinFlwSpd.setMag)
14:23:46.985 [openiec61850-osi-server-7-thread-1] DEBUG com.beanit.openiec61850.ServerAssociation - Got a GetDataValues request for node: IEDBiogasCHP/MFLW1.MinFlwSpd.setMag [SP]
IEDBiogasCHP/MFLW1.MinFlwSpd.setMag.i: 0
IEDBiogasCHP/MFLW1.MinFlwSpd.setMag.f: 0.0
14:23:46.985 [openiec61850-osi-server-7-thread-1] DEBUG com.beanit.openiec61850.ServerAssociation - sub BDA is:IEDBiogasCHP/MFLW1.MinFlwSpd.setMag.i: 0
14:23:46.985 [openiec61850-osi-server-7-thread-1] DEBUG com.beanit.openiec61850.ServerAssociation - sub BDA is:IEDBiogasCHP/MFLW1.MinFlwSpd.setMag.f: 0.0
calling GetDataValues(IEDBiogasCHP/MFLW1.MinFlwSpd.setMag.i)
14:23:46.986 [openiec61850-osi-server-7-thread-1] DEBUG com.beanit.openiec61850.ServerAssociation - Got a GetDataValues request for node: IEDBiogasCHP/MFLW1.MinFlwSpd.setMag.i: 0
calling GetDataValues(IEDBiogasCHP/MFLW1.MinFlwSpd.setMag.f)
14:23:46.986 [openiec61850-osi-server-7-thread-1] DEBUG com.beanit.openiec61850.ServerAssociation - Got a GetDataValues request for node: IEDBiogasCHP/MFLW1.MinFlwSpd.setMag.f: 0.0
calling GetDataValues(IEDBiogasCHP/MFLW1.MinFlwSpd)
14:23:46.986 [openiec61850-osi-server-7-thread-1] DEBUG com.beanit.openiec61850.ServerAssociation - Got a GetDataValues request for node: IEDBiogasCHP/MFLW1.MinFlwSpd [CF]
IEDBiogasCHP/MFLW1.MinFlwSpd.units [CF]
IEDBiogasCHP/MFLW1.MinFlwSpd.units.SIUnit: 0
IEDBiogasCHP/MFLW1.MinFlwSpd.units.multiplier: 0
IEDBiogasCHP/MFLW1.MinFlwSpd.sVC [CF]
IEDBiogasCHP/MFLW1.MinFlwSpd.sVC.scaleFactor: 0.0
IEDBiogasCHP/MFLW1.MinFlwSpd.sVC.offset: 0.0
IEDBiogasCHP/MFLW1.MinFlwSpd.minVal [CF]
IEDBiogasCHP/MFLW1.MinFlwSpd.minVal.i: 0
IEDBiogasCHP/MFLW1.MinFlwSpd.minVal.f: 0.0
IEDBiogasCHP/MFLW1.MinFlwSpd.maxVal [CF]
IEDBiogasCHP/MFLW1.MinFlwSpd.maxVal.i: 0
IEDBiogasCHP/MFLW1.MinFlwSpd.maxVal.f: 0.0
IEDBiogasCHP/MFLW1.MinFlwSpd.stepSize [CF]
IEDBiogasCHP/MFLW1.MinFlwSpd.stepSize.i: 0
IEDBiogasCHP/MFLW1.MinFlwSpd.stepSize.f: 0.0
14:23:46.986 [openiec61850-osi-server-7-thread-1] DEBUG com.beanit.openiec61850.ServerAssociation - sub BDA is:IEDBiogasCHP/MFLW1.MinFlwSpd.units.SIUnit: 0
14:23:46.986 [openiec61850-osi-server-7-thread-1] DEBUG com.beanit.openiec61850.ServerAssociation - sub BDA is:IEDBiogasCHP/MFLW1.MinFlwSpd.units.multiplier: 0
14:23:46.986 [openiec61850-osi-server-7-thread-1] DEBUG com.beanit.openiec61850.ServerAssociation - sub BDA is:IEDBiogasCHP/MFLW1.MinFlwSpd.sVC.scaleFactor: 0.0
14:23:46.986 [openiec61850-osi-server-7-thread-1] DEBUG com.beanit.openiec61850.ServerAssociation - sub BDA is:IEDBiogasCHP/MFLW1.MinFlwSpd.sVC.offset: 0.0
14:23:46.986 [openiec61850-osi-server-7-thread-1] DEBUG com.beanit.openiec61850.ServerAssociation - sub BDA is:IEDBiogasCHP/MFLW1.MinFlwSpd.minVal.i: 0
14:23:46.986 [openiec61850-osi-server-7-thread-1] DEBUG com.beanit.openiec61850.ServerAssociation - sub BDA is:IEDBiogasCHP/MFLW1.MinFlwSpd.minVal.f: 0.0
14:23:46.986 [openiec61850-osi-server-7-thread-1] DEBUG com.beanit.openiec61850.ServerAssociation - sub BDA is:IEDBiogasCHP/MFLW1.MinFlwSpd.maxVal.i: 0
14:23:46.986 [openiec61850-osi-server-7-thread-1] DEBUG com.beanit.openiec61850.ServerAssociation - sub BDA is:IEDBiogasCHP/MFLW1.MinFlwSpd.maxVal.f: 0.0
14:23:46.986 [openiec61850-osi-server-7-thread-1] DEBUG com.beanit.openiec61850.ServerAssociation - sub BDA is:IEDBiogasCHP/MFLW1.MinFlwSpd.stepSize.i: 0
14:23:46.986 [openiec61850-osi-server-7-thread-1] DEBUG com.beanit.openiec61850.ServerAssociation - sub BDA is:IEDBiogasCHP/MFLW1.MinFlwSpd.stepSize.f: 0.0
calling GetDataValues(IEDBiogasCHP/MFLW1.MinFlwSpd.units)
14:23:46.986 [openiec61850-osi-server-7-thread-1] DEBUG com.beanit.openiec61850.ServerAssociation - Got a GetDataValues request for node: IEDBiogasCHP/MFLW1.MinFlwSpd.units [CF]
IEDBiogasCHP/MFLW1.MinFlwSpd.units.SIUnit: 0
IEDBiogasCHP/MFLW1.MinFlwSpd.units.multiplier: 0
14:23:46.986 [openiec61850-osi-server-7-thread-1] DEBUG com.beanit.openiec61850.ServerAssociation - sub BDA is:IEDBiogasCHP/MFLW1.MinFlwSpd.units.SIUnit: 0
14:23:46.986 [openiec61850-osi-server-7-thread-1] DEBUG com.beanit.openiec61850.ServerAssociation - sub BDA is:IEDBiogasCHP/MFLW1.MinFlwSpd.units.multiplier: 0
calling GetDataValues(IEDBiogasCHP/MFLW1.MinFlwSpd.units.SIUnit)
14:23:46.986 [openiec61850-osi-server-7-thread-1] DEBUG com.beanit.openiec61850.ServerAssociation - Got a GetDataValues request for node: IEDBiogasCHP/MFLW1.MinFlwSpd.units.SIUnit: 0
calling GetDataValues(IEDBiogasCHP/MFLW1.MinFlwSpd.units.multiplier)
14:23:46.987 [openiec61850-osi-server-7-thread-1] DEBUG com.beanit.openiec61850.ServerAssociation - Got a GetDataValues request for node: IEDBiogasCHP/MFLW1.MinFlwSpd.units.multiplier: 0
calling GetDataValues(IEDBiogasCHP/MFLW1.MinFlwSpd.sVC)
14:23:46.987 [openiec61850-osi-server-7-thread-1] DEBUG com.beanit.openiec61850.ServerAssociation - Got a GetDataValues request for node: IEDBiogasCHP/MFLW1.MinFlwSpd.sVC [CF]
IEDBiogasCHP/MFLW1.MinFlwSpd.sVC.scaleFactor: 0.0
IEDBiogasCHP/MFLW1.MinFlwSpd.sVC.offset: 0.0
14:23:46.987 [openiec61850-osi-server-7-thread-1] DEBUG com.beanit.openiec61850.ServerAssociation - sub BDA is:IEDBiogasCHP/MFLW1.MinFlwSpd.sVC.scaleFactor: 0.0
14:23:46.987 [openiec61850-osi-server-7-thread-1] DEBUG com.beanit.openiec61850.ServerAssociation - sub BDA is:IEDBiogasCHP/MFLW1.MinFlwSpd.sVC.offset: 0.0
calling GetDataValues(IEDBiogasCHP/MFLW1.MinFlwSpd.sVC.scaleFactor)
14:23:46.987 [openiec61850-osi-server-7-thread-1] DEBUG com.beanit.openiec61850.ServerAssociation - Got a GetDataValues request for node: IEDBiogasCHP/MFLW1.MinFlwSpd.sVC.scaleFactor: 0.0
calling GetDataValues(IEDBiogasCHP/MFLW1.MinFlwSpd.sVC.offset)
14:23:46.987 [openiec61850-osi-server-7-thread-1] DEBUG com.beanit.openiec61850.ServerAssociation - Got a GetDataValues request for node: IEDBiogasCHP/MFLW1.MinFlwSpd.sVC.offset: 0.0
calling GetDataValues(IEDBiogasCHP/MFLW1.MinFlwSpd.minVal)
14:23:46.987 [openiec61850-osi-server-7-thread-1] DEBUG com.beanit.openiec61850.ServerAssociation - Got a GetDataValues request for node: IEDBiogasCHP/MFLW1.MinFlwSpd.minVal [CF]
IEDBiogasCHP/MFLW1.MinFlwSpd.minVal.i: 0
IEDBiogasCHP/MFLW1.MinFlwSpd.minVal.f: 0.0
14:23:46.987 [openiec61850-osi-server-7-thread-1] DEBUG com.beanit.openiec61850.ServerAssociation - sub BDA is:IEDBiogasCHP/MFLW1.MinFlwSpd.minVal.i: 0
14:23:46.987 [openiec61850-osi-server-7-thread-1] DEBUG com.beanit.openiec61850.ServerAssociation - sub BDA is:IEDBiogasCHP/MFLW1.MinFlwSpd.minVal.f: 0.0
calling GetDataValues(IEDBiogasCHP/MFLW1.MinFlwSpd.minVal.i)
14:23:46.987 [openiec61850-osi-server-7-thread-1] DEBUG com.beanit.openiec61850.ServerAssociation - Got a GetDataValues request for node: IEDBiogasCHP/MFLW1.MinFlwSpd.minVal.i: 0
calling GetDataValues(IEDBiogasCHP/MFLW1.MinFlwSpd.minVal.f)
14:23:46.987 [openiec61850-osi-server-7-thread-1] DEBUG com.beanit.openiec61850.ServerAssociation - Got a GetDataValues request for node: IEDBiogasCHP/MFLW1.MinFlwSpd.minVal.f: 0.0
calling GetDataValues(IEDBiogasCHP/MFLW1.MinFlwSpd.maxVal)
14:23:46.988 [openiec61850-osi-server-7-thread-1] DEBUG com.beanit.openiec61850.ServerAssociation - Got a GetDataValues request for node: IEDBiogasCHP/MFLW1.MinFlwSpd.maxVal [CF]
IEDBiogasCHP/MFLW1.MinFlwSpd.maxVal.i: 0
IEDBiogasCHP/MFLW1.MinFlwSpd.maxVal.f: 0.0
14:23:46.988 [openiec61850-osi-server-7-thread-1] DEBUG com.beanit.openiec61850.ServerAssociation - sub BDA is:IEDBiogasCHP/MFLW1.MinFlwSpd.maxVal.i: 0
14:23:46.988 [openiec61850-osi-server-7-thread-1] DEBUG com.beanit.openiec61850.ServerAssociation - sub BDA is:IEDBiogasCHP/MFLW1.MinFlwSpd.maxVal.f: 0.0
calling GetDataValues(IEDBiogasCHP/MFLW1.MinFlwSpd.maxVal.i)
14:23:46.988 [openiec61850-osi-server-7-thread-1] DEBUG com.beanit.openiec61850.ServerAssociation - Got a GetDataValues request for node: IEDBiogasCHP/MFLW1.MinFlwSpd.maxVal.i: 0
calling GetDataValues(IEDBiogasCHP/MFLW1.MinFlwSpd.maxVal.f)
14:23:46.988 [openiec61850-osi-server-7-thread-1] DEBUG com.beanit.openiec61850.ServerAssociation - Got a GetDataValues request for node: IEDBiogasCHP/MFLW1.MinFlwSpd.maxVal.f: 0.0
calling GetDataValues(IEDBiogasCHP/MFLW1.MinFlwSpd.stepSize)
14:23:46.988 [openiec61850-osi-server-7-thread-1] DEBUG com.beanit.openiec61850.ServerAssociation - Got a GetDataValues request for node: IEDBiogasCHP/MFLW1.MinFlwSpd.stepSize [CF]
IEDBiogasCHP/MFLW1.MinFlwSpd.stepSize.i: 0
IEDBiogasCHP/MFLW1.MinFlwSpd.stepSize.f: 0.0
14:23:46.988 [openiec61850-osi-server-7-thread-1] DEBUG com.beanit.openiec61850.ServerAssociation - sub BDA is:IEDBiogasCHP/MFLW1.MinFlwSpd.stepSize.i: 0
14:23:46.988 [openiec61850-osi-server-7-thread-1] DEBUG com.beanit.openiec61850.ServerAssociation - sub BDA is:IEDBiogasCHP/MFLW1.MinFlwSpd.stepSize.f: 0.0
calling GetDataValues(IEDBiogasCHP/MFLW1.MinFlwSpd.stepSize.i)
14:23:46.988 [openiec61850-osi-server-7-thread-1] DEBUG com.beanit.openiec61850.ServerAssociation - Got a GetDataValues request for node: IEDBiogasCHP/MFLW1.MinFlwSpd.stepSize.i: 0
calling GetDataValues(IEDBiogasCHP/MFLW1.MinFlwSpd.stepSize.f)
14:23:46.988 [openiec61850-osi-server-7-thread-1] DEBUG com.beanit.openiec61850.ServerAssociation - Got a GetDataValues request for node: IEDBiogasCHP/MFLW1.MinFlwSpd.stepSize.f: 0.0
calling GetDataValues(IEDBiogasCHP/MFLW1.MinFlwSpd)
14:23:46.988 [openiec61850-osi-server-7-thread-1] DEBUG com.beanit.openiec61850.ServerAssociation - Got a GetDataValues request for node: IEDBiogasCHP/MFLW1.MinFlwSpd [DC]
IEDBiogasCHP/MFLW1.MinFlwSpd.d: ''
IEDBiogasCHP/MFLW1.MinFlwSpd.dU: 
14:23:46.988 [openiec61850-osi-server-7-thread-1] DEBUG com.beanit.openiec61850.ServerAssociation - sub BDA is:IEDBiogasCHP/MFLW1.MinFlwSpd.d: ''
14:23:46.988 [openiec61850-osi-server-7-thread-1] DEBUG com.beanit.openiec61850.ServerAssociation - sub BDA is:IEDBiogasCHP/MFLW1.MinFlwSpd.dU: 
calling GetDataValues(IEDBiogasCHP/MFLW1.MinFlwSpd.d)
14:23:46.989 [openiec61850-osi-server-7-thread-1] DEBUG com.beanit.openiec61850.ServerAssociation - Got a GetDataValues request for node: IEDBiogasCHP/MFLW1.MinFlwSpd.d: ''
calling GetDataValues(IEDBiogasCHP/MFLW1.MinFlwSpd.dU)
14:23:46.989 [openiec61850-osi-server-7-thread-1] DEBUG com.beanit.openiec61850.ServerAssociation - Got a GetDataValues request for node: IEDBiogasCHP/MFLW1.MinFlwSpd.dU: 
calling GetDataValues(IEDBiogasCHP/MFLW1.MinFlwSpd)
14:23:46.989 [openiec61850-osi-server-7-thread-1] DEBUG com.beanit.openiec61850.ServerAssociation - Got a GetDataValues request for node: IEDBiogasCHP/MFLW1.MinFlwSpd [EX]
IEDBiogasCHP/MFLW1.MinFlwSpd.cdcNs: ''
IEDBiogasCHP/MFLW1.MinFlwSpd.cdcName: ''
IEDBiogasCHP/MFLW1.MinFlwSpd.dataNs: ''
14:23:46.989 [openiec61850-osi-server-7-thread-1] DEBUG com.beanit.openiec61850.ServerAssociation - sub BDA is:IEDBiogasCHP/MFLW1.MinFlwSpd.cdcNs: ''
14:23:46.989 [openiec61850-osi-server-7-thread-1] DEBUG com.beanit.openiec61850.ServerAssociation - sub BDA is:IEDBiogasCHP/MFLW1.MinFlwSpd.cdcName: ''
14:23:46.989 [openiec61850-osi-server-7-thread-1] DEBUG com.beanit.openiec61850.ServerAssociation - sub BDA is:IEDBiogasCHP/MFLW1.MinFlwSpd.dataNs: ''
calling GetDataValues(IEDBiogasCHP/MFLW1.MinFlwSpd.cdcNs)
14:23:46.989 [openiec61850-osi-server-7-thread-1] DEBUG com.beanit.openiec61850.ServerAssociation - Got a GetDataValues request for node: IEDBiogasCHP/MFLW1.MinFlwSpd.cdcNs: ''
calling GetDataValues(IEDBiogasCHP/MFLW1.MinFlwSpd.cdcName)
14:23:46.989 [openiec61850-osi-server-7-thread-1] DEBUG com.beanit.openiec61850.ServerAssociation - Got a GetDataValues request for node: IEDBiogasCHP/MFLW1.MinFlwSpd.cdcName: ''
calling GetDataValues(IEDBiogasCHP/MFLW1.MinFlwSpd.dataNs)
14:23:46.989 [openiec61850-osi-server-7-thread-1] DEBUG com.beanit.openiec61850.ServerAssociation - Got a GetDataValues request for node: IEDBiogasCHP/MFLW1.MinFlwSpd.dataNs: ''
calling GetDataValues(IEDBiogasCHP/MFLW1.MinXsecArea)
14:23:46.989 [openiec61850-osi-server-7-thread-1] DEBUG com.beanit.openiec61850.ServerAssociation - Got a GetDataValues request for node: IEDBiogasCHP/MFLW1.MinXsecArea [SP]
IEDBiogasCHP/MFLW1.MinXsecArea.setMag [SP]
IEDBiogasCHP/MFLW1.MinXsecArea.setMag.i: 0
IEDBiogasCHP/MFLW1.MinXsecArea.setMag.f: 0.0
14:23:46.989 [openiec61850-osi-server-7-thread-1] DEBUG com.beanit.openiec61850.ServerAssociation - sub BDA is:IEDBiogasCHP/MFLW1.MinXsecArea.setMag.i: 0
14:23:46.989 [openiec61850-osi-server-7-thread-1] DEBUG com.beanit.openiec61850.ServerAssociation - sub BDA is:IEDBiogasCHP/MFLW1.MinXsecArea.setMag.f: 0.0
calling GetDataValues(IEDBiogasCHP/MFLW1.MinXsecArea.setMag)
14:23:46.990 [openiec61850-osi-server-7-thread-1] DEBUG com.beanit.openiec61850.ServerAssociation - Got a GetDataValues request for node: IEDBiogasCHP/MFLW1.MinXsecArea.setMag [SP]
IEDBiogasCHP/MFLW1.MinXsecArea.setMag.i: 0
IEDBiogasCHP/MFLW1.MinXsecArea.setMag.f: 0.0
14:23:46.990 [openiec61850-osi-server-7-thread-1] DEBUG com.beanit.openiec61850.ServerAssociation - sub BDA is:IEDBiogasCHP/MFLW1.MinXsecArea.setMag.i: 0
14:23:46.990 [openiec61850-osi-server-7-thread-1] DEBUG com.beanit.openiec61850.ServerAssociation - sub BDA is:IEDBiogasCHP/MFLW1.MinXsecArea.setMag.f: 0.0
calling GetDataValues(IEDBiogasCHP/MFLW1.MinXsecArea.setMag.i)
14:23:46.990 [openiec61850-osi-server-7-thread-1] DEBUG com.beanit.openiec61850.ServerAssociation - Got a GetDataValues request for node: IEDBiogasCHP/MFLW1.MinXsecArea.setMag.i: 0
calling GetDataValues(IEDBiogasCHP/MFLW1.MinXsecArea.setMag.f)
14:23:46.990 [openiec61850-osi-server-7-thread-1] DEBUG com.beanit.openiec61850.ServerAssociation - Got a GetDataValues request for node: IEDBiogasCHP/MFLW1.MinXsecArea.setMag.f: 0.0
calling GetDataValues(IEDBiogasCHP/MFLW1.MinXsecArea)
14:23:46.990 [openiec61850-osi-server-7-thread-1] DEBUG com.beanit.openiec61850.ServerAssociation - Got a GetDataValues request for node: IEDBiogasCHP/MFLW1.MinXsecArea [CF]
IEDBiogasCHP/MFLW1.MinXsecArea.units [CF]
IEDBiogasCHP/MFLW1.MinXsecArea.units.SIUnit: 0
IEDBiogasCHP/MFLW1.MinXsecArea.units.multiplier: 0
IEDBiogasCHP/MFLW1.MinXsecArea.sVC [CF]
IEDBiogasCHP/MFLW1.MinXsecArea.sVC.scaleFactor: 0.0
IEDBiogasCHP/MFLW1.MinXsecArea.sVC.offset: 0.0
IEDBiogasCHP/MFLW1.MinXsecArea.minVal [CF]
IEDBiogasCHP/MFLW1.MinXsecArea.minVal.i: 0
IEDBiogasCHP/MFLW1.MinXsecArea.minVal.f: 0.0
IEDBiogasCHP/MFLW1.MinXsecArea.maxVal [CF]
IEDBiogasCHP/MFLW1.MinXsecArea.maxVal.i: 0
IEDBiogasCHP/MFLW1.MinXsecArea.maxVal.f: 0.0
IEDBiogasCHP/MFLW1.MinXsecArea.stepSize [CF]
IEDBiogasCHP/MFLW1.MinXsecArea.stepSize.i: 0
IEDBiogasCHP/MFLW1.MinXsecArea.stepSize.f: 0.0
14:23:46.990 [openiec61850-osi-server-7-thread-1] DEBUG com.beanit.openiec61850.ServerAssociation - sub BDA is:IEDBiogasCHP/MFLW1.MinXsecArea.units.SIUnit: 0
14:23:46.990 [openiec61850-osi-server-7-thread-1] DEBUG com.beanit.openiec61850.ServerAssociation - sub BDA is:IEDBiogasCHP/MFLW1.MinXsecArea.units.multiplier: 0
14:23:46.990 [openiec61850-osi-server-7-thread-1] DEBUG com.beanit.openiec61850.ServerAssociation - sub BDA is:IEDBiogasCHP/MFLW1.MinXsecArea.sVC.scaleFactor: 0.0
14:23:46.990 [openiec61850-osi-server-7-thread-1] DEBUG com.beanit.openiec61850.ServerAssociation - sub BDA is:IEDBiogasCHP/MFLW1.MinXsecArea.sVC.offset: 0.0
14:23:46.990 [openiec61850-osi-server-7-thread-1] DEBUG com.beanit.openiec61850.ServerAssociation - sub BDA is:IEDBiogasCHP/MFLW1.MinXsecArea.minVal.i: 0
14:23:46.990 [openiec61850-osi-server-7-thread-1] DEBUG com.beanit.openiec61850.ServerAssociation - sub BDA is:IEDBiogasCHP/MFLW1.MinXsecArea.minVal.f: 0.0
14:23:46.990 [openiec61850-osi-server-7-thread-1] DEBUG com.beanit.openiec61850.ServerAssociation - sub BDA is:IEDBiogasCHP/MFLW1.MinXsecArea.maxVal.i: 0
14:23:46.990 [openiec61850-osi-server-7-thread-1] DEBUG com.beanit.openiec61850.ServerAssociation - sub BDA is:IEDBiogasCHP/MFLW1.MinXsecArea.maxVal.f: 0.0
14:23:46.990 [openiec61850-osi-server-7-thread-1] DEBUG com.beanit.openiec61850.ServerAssociation - sub BDA is:IEDBiogasCHP/MFLW1.MinXsecArea.stepSize.i: 0
14:23:46.990 [openiec61850-osi-server-7-thread-1] DEBUG com.beanit.openiec61850.ServerAssociation - sub BDA is:IEDBiogasCHP/MFLW1.MinXsecArea.stepSize.f: 0.0
calling GetDataValues(IEDBiogasCHP/MFLW1.MinXsecArea.units)
14:23:46.990 [openiec61850-osi-server-7-thread-1] DEBUG com.beanit.openiec61850.ServerAssociation - Got a GetDataValues request for node: IEDBiogasCHP/MFLW1.MinXsecArea.units [CF]
IEDBiogasCHP/MFLW1.MinXsecArea.units.SIUnit: 0
IEDBiogasCHP/MFLW1.MinXsecArea.units.multiplier: 0
14:23:46.990 [openiec61850-osi-server-7-thread-1] DEBUG com.beanit.openiec61850.ServerAssociation - sub BDA is:IEDBiogasCHP/MFLW1.MinXsecArea.units.SIUnit: 0
14:23:46.990 [openiec61850-osi-server-7-thread-1] DEBUG com.beanit.openiec61850.ServerAssociation - sub BDA is:IEDBiogasCHP/MFLW1.MinXsecArea.units.multiplier: 0
calling GetDataValues(IEDBiogasCHP/MFLW1.MinXsecArea.units.SIUnit)
14:23:46.991 [openiec61850-osi-server-7-thread-1] DEBUG com.beanit.openiec61850.ServerAssociation - Got a GetDataValues request for node: IEDBiogasCHP/MFLW1.MinXsecArea.units.SIUnit: 0
calling GetDataValues(IEDBiogasCHP/MFLW1.MinXsecArea.units.multiplier)
14:23:46.991 [openiec61850-osi-server-7-thread-1] DEBUG com.beanit.openiec61850.ServerAssociation - Got a GetDataValues request for node: IEDBiogasCHP/MFLW1.MinXsecArea.units.multiplier: 0
calling GetDataValues(IEDBiogasCHP/MFLW1.MinXsecArea.sVC)
14:23:46.991 [openiec61850-osi-server-7-thread-1] DEBUG com.beanit.openiec61850.ServerAssociation - Got a GetDataValues request for node: IEDBiogasCHP/MFLW1.MinXsecArea.sVC [CF]
IEDBiogasCHP/MFLW1.MinXsecArea.sVC.scaleFactor: 0.0
IEDBiogasCHP/MFLW1.MinXsecArea.sVC.offset: 0.0
14:23:46.991 [openiec61850-osi-server-7-thread-1] DEBUG com.beanit.openiec61850.ServerAssociation - sub BDA is:IEDBiogasCHP/MFLW1.MinXsecArea.sVC.scaleFactor: 0.0
14:23:46.991 [openiec61850-osi-server-7-thread-1] DEBUG com.beanit.openiec61850.ServerAssociation - sub BDA is:IEDBiogasCHP/MFLW1.MinXsecArea.sVC.offset: 0.0
calling GetDataValues(IEDBiogasCHP/MFLW1.MinXsecArea.sVC.scaleFactor)
14:23:46.991 [openiec61850-osi-server-7-thread-1] DEBUG com.beanit.openiec61850.ServerAssociation - Got a GetDataValues request for node: IEDBiogasCHP/MFLW1.MinXsecArea.sVC.scaleFactor: 0.0
calling GetDataValues(IEDBiogasCHP/MFLW1.MinXsecArea.sVC.offset)
14:23:46.991 [openiec61850-osi-server-7-thread-1] DEBUG com.beanit.openiec61850.ServerAssociation - Got a GetDataValues request for node: IEDBiogasCHP/MFLW1.MinXsecArea.sVC.offset: 0.0
calling GetDataValues(IEDBiogasCHP/MFLW1.MinXsecArea.minVal)
14:23:46.991 [openiec61850-osi-server-7-thread-1] DEBUG com.beanit.openiec61850.ServerAssociation - Got a GetDataValues request for node: IEDBiogasCHP/MFLW1.MinXsecArea.minVal [CF]
IEDBiogasCHP/MFLW1.MinXsecArea.minVal.i: 0
IEDBiogasCHP/MFLW1.MinXsecArea.minVal.f: 0.0
14:23:46.991 [openiec61850-osi-server-7-thread-1] DEBUG com.beanit.openiec61850.ServerAssociation - sub BDA is:IEDBiogasCHP/MFLW1.MinXsecArea.minVal.i: 0
14:23:46.991 [openiec61850-osi-server-7-thread-1] DEBUG com.beanit.openiec61850.ServerAssociation - sub BDA is:IEDBiogasCHP/MFLW1.MinXsecArea.minVal.f: 0.0
calling GetDataValues(IEDBiogasCHP/MFLW1.MinXsecArea.minVal.i)
14:23:46.991 [openiec61850-osi-server-7-thread-1] DEBUG com.beanit.openiec61850.ServerAssociation - Got a GetDataValues request for node: IEDBiogasCHP/MFLW1.MinXsecArea.minVal.i: 0
calling GetDataValues(IEDBiogasCHP/MFLW1.MinXsecArea.minVal.f)
14:23:46.992 [openiec61850-osi-server-7-thread-1] DEBUG com.beanit.openiec61850.ServerAssociation - Got a GetDataValues request for node: IEDBiogasCHP/MFLW1.MinXsecArea.minVal.f: 0.0
calling GetDataValues(IEDBiogasCHP/MFLW1.MinXsecArea.maxVal)
14:23:46.992 [openiec61850-osi-server-7-thread-1] DEBUG com.beanit.openiec61850.ServerAssociation - Got a GetDataValues request for node: IEDBiogasCHP/MFLW1.MinXsecArea.maxVal [CF]
IEDBiogasCHP/MFLW1.MinXsecArea.maxVal.i: 0
IEDBiogasCHP/MFLW1.MinXsecArea.maxVal.f: 0.0
14:23:46.992 [openiec61850-osi-server-7-thread-1] DEBUG com.beanit.openiec61850.ServerAssociation - sub BDA is:IEDBiogasCHP/MFLW1.MinXsecArea.maxVal.i: 0
14:23:46.992 [openiec61850-osi-server-7-thread-1] DEBUG com.beanit.openiec61850.ServerAssociation - sub BDA is:IEDBiogasCHP/MFLW1.MinXsecArea.maxVal.f: 0.0
calling GetDataValues(IEDBiogasCHP/MFLW1.MinXsecArea.maxVal.i)
14:23:46.992 [openiec61850-osi-server-7-thread-1] DEBUG com.beanit.openiec61850.ServerAssociation - Got a GetDataValues request for node: IEDBiogasCHP/MFLW1.MinXsecArea.maxVal.i: 0
calling GetDataValues(IEDBiogasCHP/MFLW1.MinXsecArea.maxVal.f)
14:23:46.992 [openiec61850-osi-server-7-thread-1] DEBUG com.beanit.openiec61850.ServerAssociation - Got a GetDataValues request for node: IEDBiogasCHP/MFLW1.MinXsecArea.maxVal.f: 0.0
calling GetDataValues(IEDBiogasCHP/MFLW1.MinXsecArea.stepSize)
14:23:46.992 [openiec61850-osi-server-7-thread-1] DEBUG com.beanit.openiec61850.ServerAssociation - Got a GetDataValues request for node: IEDBiogasCHP/MFLW1.MinXsecArea.stepSize [CF]
IEDBiogasCHP/MFLW1.MinXsecArea.stepSize.i: 0
IEDBiogasCHP/MFLW1.MinXsecArea.stepSize.f: 0.0
14:23:46.992 [openiec61850-osi-server-7-thread-1] DEBUG com.beanit.openiec61850.ServerAssociation - sub BDA is:IEDBiogasCHP/MFLW1.MinXsecArea.stepSize.i: 0
14:23:46.992 [openiec61850-osi-server-7-thread-1] DEBUG com.beanit.openiec61850.ServerAssociation - sub BDA is:IEDBiogasCHP/MFLW1.MinXsecArea.stepSize.f: 0.0
calling GetDataValues(IEDBiogasCHP/MFLW1.MinXsecArea.stepSize.i)
14:23:46.992 [openiec61850-osi-server-7-thread-1] DEBUG com.beanit.openiec61850.ServerAssociation - Got a GetDataValues request for node: IEDBiogasCHP/MFLW1.MinXsecArea.stepSize.i: 0
calling GetDataValues(IEDBiogasCHP/MFLW1.MinXsecArea.stepSize.f)
14:23:46.993 [openiec61850-osi-server-7-thread-1] DEBUG com.beanit.openiec61850.ServerAssociation - Got a GetDataValues request for node: IEDBiogasCHP/MFLW1.MinXsecArea.stepSize.f: 0.0
calling GetDataValues(IEDBiogasCHP/MFLW1.MinXsecArea)
14:23:46.993 [openiec61850-osi-server-7-thread-1] DEBUG com.beanit.openiec61850.ServerAssociation - Got a GetDataValues request for node: IEDBiogasCHP/MFLW1.MinXsecArea [DC]
IEDBiogasCHP/MFLW1.MinXsecArea.d: ''
IEDBiogasCHP/MFLW1.MinXsecArea.dU: 
14:23:46.993 [openiec61850-osi-server-7-thread-1] DEBUG com.beanit.openiec61850.ServerAssociation - sub BDA is:IEDBiogasCHP/MFLW1.MinXsecArea.d: ''
14:23:46.993 [openiec61850-osi-server-7-thread-1] DEBUG com.beanit.openiec61850.ServerAssociation - sub BDA is:IEDBiogasCHP/MFLW1.MinXsecArea.dU: 
calling GetDataValues(IEDBiogasCHP/MFLW1.MinXsecArea.d)
14:23:46.993 [openiec61850-osi-server-7-thread-1] DEBUG com.beanit.openiec61850.ServerAssociation - Got a GetDataValues request for node: IEDBiogasCHP/MFLW1.MinXsecArea.d: ''
calling GetDataValues(IEDBiogasCHP/MFLW1.MinXsecArea.dU)
14:23:46.993 [openiec61850-osi-server-7-thread-1] DEBUG com.beanit.openiec61850.ServerAssociation - Got a GetDataValues request for node: IEDBiogasCHP/MFLW1.MinXsecArea.dU: 
calling GetDataValues(IEDBiogasCHP/MFLW1.MinXsecArea)
14:23:46.993 [openiec61850-osi-server-7-thread-1] DEBUG com.beanit.openiec61850.ServerAssociation - Got a GetDataValues request for node: IEDBiogasCHP/MFLW1.MinXsecArea [EX]
IEDBiogasCHP/MFLW1.MinXsecArea.cdcNs: ''
IEDBiogasCHP/MFLW1.MinXsecArea.cdcName: ''
IEDBiogasCHP/MFLW1.MinXsecArea.dataNs: ''
14:23:46.993 [openiec61850-osi-server-7-thread-1] DEBUG com.beanit.openiec61850.ServerAssociation - sub BDA is:IEDBiogasCHP/MFLW1.MinXsecArea.cdcNs: ''
14:23:46.993 [openiec61850-osi-server-7-thread-1] DEBUG com.beanit.openiec61850.ServerAssociation - sub BDA is:IEDBiogasCHP/MFLW1.MinXsecArea.cdcName: ''
14:23:46.993 [openiec61850-osi-server-7-thread-1] DEBUG com.beanit.openiec61850.ServerAssociation - sub BDA is:IEDBiogasCHP/MFLW1.MinXsecArea.dataNs: ''
calling GetDataValues(IEDBiogasCHP/MFLW1.MinXsecArea.cdcNs)
14:23:46.993 [openiec61850-osi-server-7-thread-1] DEBUG com.beanit.openiec61850.ServerAssociation - Got a GetDataValues request for node: IEDBiogasCHP/MFLW1.MinXsecArea.cdcNs: ''
calling GetDataValues(IEDBiogasCHP/MFLW1.MinXsecArea.cdcName)
14:23:46.994 [openiec61850-osi-server-7-thread-1] DEBUG com.beanit.openiec61850.ServerAssociation - Got a GetDataValues request for node: IEDBiogasCHP/MFLW1.MinXsecArea.cdcName: ''
calling GetDataValues(IEDBiogasCHP/MFLW1.MinXsecArea.dataNs)
14:23:46.994 [openiec61850-osi-server-7-thread-1] DEBUG com.beanit.openiec61850.ServerAssociation - Got a GetDataValues request for node: IEDBiogasCHP/MFLW1.MinXsecArea.dataNs: ''
calling GetDataValues(IEDBiogasCHP/MFLW1.FlwRte)
14:23:46.994 [openiec61850-osi-server-7-thread-1] DEBUG com.beanit.openiec61850.ServerAssociation - Got a GetDataValues request for node: IEDBiogasCHP/MFLW1.FlwRte [MX]
IEDBiogasCHP/MFLW1.FlwRte.instMag [MX]
IEDBiogasCHP/MFLW1.FlwRte.instMag.i: 0
IEDBiogasCHP/MFLW1.FlwRte.instMag.f: 0.0
IEDBiogasCHP/MFLW1.FlwRte.mag [MX]
IEDBiogasCHP/MFLW1.FlwRte.mag.i: 0
IEDBiogasCHP/MFLW1.FlwRte.mag.f: 0.0
IEDBiogasCHP/MFLW1.FlwRte.range: 0
IEDBiogasCHP/MFLW1.FlwRte.q: 0x00 0x00
IEDBiogasCHP/MFLW1.FlwRte.t: Thu Jan 01 01:00:00 CET 1970
14:23:46.994 [openiec61850-osi-server-7-thread-1] DEBUG com.beanit.openiec61850.ServerAssociation - sub BDA is:IEDBiogasCHP/MFLW1.FlwRte.instMag.i: 0
14:23:46.994 [openiec61850-osi-server-7-thread-1] DEBUG com.beanit.openiec61850.ServerAssociation - sub BDA is:IEDBiogasCHP/MFLW1.FlwRte.instMag.f: 0.0
14:23:46.994 [openiec61850-osi-server-7-thread-1] DEBUG com.beanit.openiec61850.ServerAssociation - sub BDA is:IEDBiogasCHP/MFLW1.FlwRte.mag.i: 0
14:23:46.994 [openiec61850-osi-server-7-thread-1] DEBUG com.beanit.openiec61850.ServerAssociation - sub BDA is:IEDBiogasCHP/MFLW1.FlwRte.mag.f: 0.0
14:23:46.994 [openiec61850-osi-server-7-thread-1] DEBUG com.beanit.openiec61850.ServerAssociation - sub BDA is:IEDBiogasCHP/MFLW1.FlwRte.range: 0
14:23:46.994 [openiec61850-osi-server-7-thread-1] DEBUG com.beanit.openiec61850.ServerAssociation - sub BDA is:IEDBiogasCHP/MFLW1.FlwRte.q: 0x00 0x00
14:23:46.994 [openiec61850-osi-server-7-thread-1] DEBUG com.beanit.openiec61850.ServerAssociation - sub BDA is:IEDBiogasCHP/MFLW1.FlwRte.t: Thu Jan 01 01:00:00 CET 1970
calling GetDataValues(IEDBiogasCHP/MFLW1.FlwRte.instMag)
14:23:46.994 [openiec61850-osi-server-7-thread-1] DEBUG com.beanit.openiec61850.ServerAssociation - Got a GetDataValues request for node: IEDBiogasCHP/MFLW1.FlwRte.instMag [MX]
IEDBiogasCHP/MFLW1.FlwRte.instMag.i: 0
IEDBiogasCHP/MFLW1.FlwRte.instMag.f: 0.0
14:23:46.994 [openiec61850-osi-server-7-thread-1] DEBUG com.beanit.openiec61850.ServerAssociation - sub BDA is:IEDBiogasCHP/MFLW1.FlwRte.instMag.i: 0
14:23:46.994 [openiec61850-osi-server-7-thread-1] DEBUG com.beanit.openiec61850.ServerAssociation - sub BDA is:IEDBiogasCHP/MFLW1.FlwRte.instMag.f: 0.0
calling GetDataValues(IEDBiogasCHP/MFLW1.FlwRte.instMag.i)
14:23:46.994 [openiec61850-osi-server-7-thread-1] DEBUG com.beanit.openiec61850.ServerAssociation - Got a GetDataValues request for node: IEDBiogasCHP/MFLW1.FlwRte.instMag.i: 0
calling GetDataValues(IEDBiogasCHP/MFLW1.FlwRte.instMag.f)
14:23:46.994 [openiec61850-osi-server-7-thread-1] DEBUG com.beanit.openiec61850.ServerAssociation - Got a GetDataValues request for node: IEDBiogasCHP/MFLW1.FlwRte.instMag.f: 0.0
calling GetDataValues(IEDBiogasCHP/MFLW1.FlwRte.mag)
14:23:46.995 [openiec61850-osi-server-7-thread-1] DEBUG com.beanit.openiec61850.ServerAssociation - Got a GetDataValues request for node: IEDBiogasCHP/MFLW1.FlwRte.mag [MX]
IEDBiogasCHP/MFLW1.FlwRte.mag.i: 0
IEDBiogasCHP/MFLW1.FlwRte.mag.f: 0.0
14:23:46.995 [openiec61850-osi-server-7-thread-1] DEBUG com.beanit.openiec61850.ServerAssociation - sub BDA is:IEDBiogasCHP/MFLW1.FlwRte.mag.i: 0
14:23:46.995 [openiec61850-osi-server-7-thread-1] DEBUG com.beanit.openiec61850.ServerAssociation - sub BDA is:IEDBiogasCHP/MFLW1.FlwRte.mag.f: 0.0
calling GetDataValues(IEDBiogasCHP/MFLW1.FlwRte.mag.i)
14:23:46.995 [openiec61850-osi-server-7-thread-1] DEBUG com.beanit.openiec61850.ServerAssociation - Got a GetDataValues request for node: IEDBiogasCHP/MFLW1.FlwRte.mag.i: 0
calling GetDataValues(IEDBiogasCHP/MFLW1.FlwRte.mag.f)
14:23:46.995 [openiec61850-osi-server-7-thread-1] DEBUG com.beanit.openiec61850.ServerAssociation - Got a GetDataValues request for node: IEDBiogasCHP/MFLW1.FlwRte.mag.f: 0.0
calling GetDataValues(IEDBiogasCHP/MFLW1.FlwRte.range)
14:23:46.995 [openiec61850-osi-server-7-thread-1] DEBUG com.beanit.openiec61850.ServerAssociation - Got a GetDataValues request for node: IEDBiogasCHP/MFLW1.FlwRte.range: 0
calling GetDataValues(IEDBiogasCHP/MFLW1.FlwRte.q)
14:23:46.995 [openiec61850-osi-server-7-thread-1] DEBUG com.beanit.openiec61850.ServerAssociation - Got a GetDataValues request for node: IEDBiogasCHP/MFLW1.FlwRte.q: 0x00 0x00
calling GetDataValues(IEDBiogasCHP/MFLW1.FlwRte.t)
14:23:46.995 [openiec61850-osi-server-7-thread-1] DEBUG com.beanit.openiec61850.ServerAssociation - Got a GetDataValues request for node: IEDBiogasCHP/MFLW1.FlwRte.t: Thu Jan 01 01:00:00 CET 1970
calling GetDataValues(IEDBiogasCHP/MFLW1.FlwRte)
14:23:46.996 [openiec61850-osi-server-7-thread-1] DEBUG com.beanit.openiec61850.ServerAssociation - Got a GetDataValues request for node: IEDBiogasCHP/MFLW1.FlwRte [SV]
IEDBiogasCHP/MFLW1.FlwRte.subEna: false
IEDBiogasCHP/MFLW1.FlwRte.subMag [SV]
IEDBiogasCHP/MFLW1.FlwRte.subMag.i: 0
IEDBiogasCHP/MFLW1.FlwRte.subMag.f: 0.0
IEDBiogasCHP/MFLW1.FlwRte.subQ: 0x00 0x00
IEDBiogasCHP/MFLW1.FlwRte.subID: ''
14:23:46.996 [openiec61850-osi-server-7-thread-1] DEBUG com.beanit.openiec61850.ServerAssociation - sub BDA is:IEDBiogasCHP/MFLW1.FlwRte.subEna: false
14:23:46.996 [openiec61850-osi-server-7-thread-1] DEBUG com.beanit.openiec61850.ServerAssociation - sub BDA is:IEDBiogasCHP/MFLW1.FlwRte.subMag.i: 0
14:23:46.996 [openiec61850-osi-server-7-thread-1] DEBUG com.beanit.openiec61850.ServerAssociation - sub BDA is:IEDBiogasCHP/MFLW1.FlwRte.subMag.f: 0.0
14:23:46.996 [openiec61850-osi-server-7-thread-1] DEBUG com.beanit.openiec61850.ServerAssociation - sub BDA is:IEDBiogasCHP/MFLW1.FlwRte.subQ: 0x00 0x00
14:23:46.996 [openiec61850-osi-server-7-thread-1] DEBUG com.beanit.openiec61850.ServerAssociation - sub BDA is:IEDBiogasCHP/MFLW1.FlwRte.subID: ''
calling GetDataValues(IEDBiogasCHP/MFLW1.FlwRte.subEna)
14:23:46.996 [openiec61850-osi-server-7-thread-1] DEBUG com.beanit.openiec61850.ServerAssociation - Got a GetDataValues request for node: IEDBiogasCHP/MFLW1.FlwRte.subEna: false
calling GetDataValues(IEDBiogasCHP/MFLW1.FlwRte.subMag)
14:23:46.996 [openiec61850-osi-server-7-thread-1] DEBUG com.beanit.openiec61850.ServerAssociation - Got a GetDataValues request for node: IEDBiogasCHP/MFLW1.FlwRte.subMag [SV]
IEDBiogasCHP/MFLW1.FlwRte.subMag.i: 0
IEDBiogasCHP/MFLW1.FlwRte.subMag.f: 0.0
14:23:46.996 [openiec61850-osi-server-7-thread-1] DEBUG com.beanit.openiec61850.ServerAssociation - sub BDA is:IEDBiogasCHP/MFLW1.FlwRte.subMag.i: 0
14:23:46.996 [openiec61850-osi-server-7-thread-1] DEBUG com.beanit.openiec61850.ServerAssociation - sub BDA is:IEDBiogasCHP/MFLW1.FlwRte.subMag.f: 0.0
calling GetDataValues(IEDBiogasCHP/MFLW1.FlwRte.subMag.i)
14:23:46.996 [openiec61850-osi-server-7-thread-1] DEBUG com.beanit.openiec61850.ServerAssociation - Got a GetDataValues request for node: IEDBiogasCHP/MFLW1.FlwRte.subMag.i: 0
calling GetDataValues(IEDBiogasCHP/MFLW1.FlwRte.subMag.f)
14:23:46.997 [openiec61850-osi-server-7-thread-1] DEBUG com.beanit.openiec61850.ServerAssociation - Got a GetDataValues request for node: IEDBiogasCHP/MFLW1.FlwRte.subMag.f: 0.0
calling GetDataValues(IEDBiogasCHP/MFLW1.FlwRte.subQ)
14:23:46.997 [openiec61850-osi-server-7-thread-1] DEBUG com.beanit.openiec61850.ServerAssociation - Got a GetDataValues request for node: IEDBiogasCHP/MFLW1.FlwRte.subQ: 0x00 0x00
calling GetDataValues(IEDBiogasCHP/MFLW1.FlwRte.subID)
14:23:46.997 [openiec61850-osi-server-7-thread-1] DEBUG com.beanit.openiec61850.ServerAssociation - Got a GetDataValues request for node: IEDBiogasCHP/MFLW1.FlwRte.subID: ''
calling GetDataValues(IEDBiogasCHP/MFLW1.FlwRte)
14:23:46.997 [openiec61850-osi-server-7-thread-1] DEBUG com.beanit.openiec61850.ServerAssociation - Got a GetDataValues request for node: IEDBiogasCHP/MFLW1.FlwRte [CF]
IEDBiogasCHP/MFLW1.FlwRte.units [CF]
IEDBiogasCHP/MFLW1.FlwRte.units.SIUnit: 0
IEDBiogasCHP/MFLW1.FlwRte.units.multiplier: 0
IEDBiogasCHP/MFLW1.FlwRte.db: 0
IEDBiogasCHP/MFLW1.FlwRte.zeroDb: 0
IEDBiogasCHP/MFLW1.FlwRte.sVC [CF]
IEDBiogasCHP/MFLW1.FlwRte.sVC.scaleFactor: 0.0
IEDBiogasCHP/MFLW1.FlwRte.sVC.offset: 0.0
IEDBiogasCHP/MFLW1.FlwRte.rangeC [CF]
IEDBiogasCHP/MFLW1.FlwRte.rangeC.hhLim [CF]
IEDBiogasCHP/MFLW1.FlwRte.rangeC.hhLim.i: 0
IEDBiogasCHP/MFLW1.FlwRte.rangeC.hhLim.f: 0.0
IEDBiogasCHP/MFLW1.FlwRte.rangeC.hLim [CF]
IEDBiogasCHP/MFLW1.FlwRte.rangeC.hLim.i: 0
IEDBiogasCHP/MFLW1.FlwRte.rangeC.hLim.f: 0.0
IEDBiogasCHP/MFLW1.FlwRte.rangeC.lLim [CF]
IEDBiogasCHP/MFLW1.FlwRte.rangeC.lLim.i: 0
IEDBiogasCHP/MFLW1.FlwRte.rangeC.lLim.f: 0.0
IEDBiogasCHP/MFLW1.FlwRte.rangeC.llLim [CF]
IEDBiogasCHP/MFLW1.FlwRte.rangeC.llLim.i: 0
IEDBiogasCHP/MFLW1.FlwRte.rangeC.llLim.f: 0.0
IEDBiogasCHP/MFLW1.FlwRte.rangeC.min [CF]
IEDBiogasCHP/MFLW1.FlwRte.rangeC.min.i: 0
IEDBiogasCHP/MFLW1.FlwRte.rangeC.min.f: 0.0
IEDBiogasCHP/MFLW1.FlwRte.rangeC.max [CF]
IEDBiogasCHP/MFLW1.FlwRte.rangeC.max.i: 0
IEDBiogasCHP/MFLW1.FlwRte.rangeC.max.f: 0.0
IEDBiogasCHP/MFLW1.FlwRte.smpRate: 0
14:23:46.997 [openiec61850-osi-server-7-thread-1] DEBUG com.beanit.openiec61850.ServerAssociation - sub BDA is:IEDBiogasCHP/MFLW1.FlwRte.units.SIUnit: 0
14:23:46.997 [openiec61850-osi-server-7-thread-1] DEBUG com.beanit.openiec61850.ServerAssociation - sub BDA is:IEDBiogasCHP/MFLW1.FlwRte.units.multiplier: 0
14:23:46.997 [openiec61850-osi-server-7-thread-1] DEBUG com.beanit.openiec61850.ServerAssociation - sub BDA is:IEDBiogasCHP/MFLW1.FlwRte.db: 0
14:23:46.997 [openiec61850-osi-server-7-thread-1] DEBUG com.beanit.openiec61850.ServerAssociation - sub BDA is:IEDBiogasCHP/MFLW1.FlwRte.zeroDb: 0
14:23:46.997 [openiec61850-osi-server-7-thread-1] DEBUG com.beanit.openiec61850.ServerAssociation - sub BDA is:IEDBiogasCHP/MFLW1.FlwRte.sVC.scaleFactor: 0.0
14:23:46.997 [openiec61850-osi-server-7-thread-1] DEBUG com.beanit.openiec61850.ServerAssociation - sub BDA is:IEDBiogasCHP/MFLW1.FlwRte.sVC.offset: 0.0
14:23:46.997 [openiec61850-osi-server-7-thread-1] DEBUG com.beanit.openiec61850.ServerAssociation - sub BDA is:IEDBiogasCHP/MFLW1.FlwRte.rangeC.hhLim.i: 0
14:23:46.997 [openiec61850-osi-server-7-thread-1] DEBUG com.beanit.openiec61850.ServerAssociation - sub BDA is:IEDBiogasCHP/MFLW1.FlwRte.rangeC.hhLim.f: 0.0
14:23:46.997 [openiec61850-osi-server-7-thread-1] DEBUG com.beanit.openiec61850.ServerAssociation - sub BDA is:IEDBiogasCHP/MFLW1.FlwRte.rangeC.hLim.i: 0
14:23:46.997 [openiec61850-osi-server-7-thread-1] DEBUG com.beanit.openiec61850.ServerAssociation - sub BDA is:IEDBiogasCHP/MFLW1.FlwRte.rangeC.hLim.f: 0.0
14:23:46.997 [openiec61850-osi-server-7-thread-1] DEBUG com.beanit.openiec61850.ServerAssociation - sub BDA is:IEDBiogasCHP/MFLW1.FlwRte.rangeC.lLim.i: 0
14:23:46.997 [openiec61850-osi-server-7-thread-1] DEBUG com.beanit.openiec61850.ServerAssociation - sub BDA is:IEDBiogasCHP/MFLW1.FlwRte.rangeC.lLim.f: 0.0
14:23:46.997 [openiec61850-osi-server-7-thread-1] DEBUG com.beanit.openiec61850.ServerAssociation - sub BDA is:IEDBiogasCHP/MFLW1.FlwRte.rangeC.llLim.i: 0
14:23:46.997 [openiec61850-osi-server-7-thread-1] DEBUG com.beanit.openiec61850.ServerAssociation - sub BDA is:IEDBiogasCHP/MFLW1.FlwRte.rangeC.llLim.f: 0.0
14:23:46.997 [openiec61850-osi-server-7-thread-1] DEBUG com.beanit.openiec61850.ServerAssociation - sub BDA is:IEDBiogasCHP/MFLW1.FlwRte.rangeC.min.i: 0
14:23:46.997 [openiec61850-osi-server-7-thread-1] DEBUG com.beanit.openiec61850.ServerAssociation - sub BDA is:IEDBiogasCHP/MFLW1.FlwRte.rangeC.min.f: 0.0
14:23:46.997 [openiec61850-osi-server-7-thread-1] DEBUG com.beanit.openiec61850.ServerAssociation - sub BDA is:IEDBiogasCHP/MFLW1.FlwRte.rangeC.max.i: 0
14:23:46.997 [openiec61850-osi-server-7-thread-1] DEBUG com.beanit.openiec61850.ServerAssociation - sub BDA is:IEDBiogasCHP/MFLW1.FlwRte.rangeC.max.f: 0.0
14:23:46.997 [openiec61850-osi-server-7-thread-1] DEBUG com.beanit.openiec61850.ServerAssociation - sub BDA is:IEDBiogasCHP/MFLW1.FlwRte.smpRate: 0
calling GetDataValues(IEDBiogasCHP/MFLW1.FlwRte.units)
14:23:46.998 [openiec61850-osi-server-7-thread-1] DEBUG com.beanit.openiec61850.ServerAssociation - Got a GetDataValues request for node: IEDBiogasCHP/MFLW1.FlwRte.units [CF]
IEDBiogasCHP/MFLW1.FlwRte.units.SIUnit: 0
IEDBiogasCHP/MFLW1.FlwRte.units.multiplier: 0
14:23:46.998 [openiec61850-osi-server-7-thread-1] DEBUG com.beanit.openiec61850.ServerAssociation - sub BDA is:IEDBiogasCHP/MFLW1.FlwRte.units.SIUnit: 0
14:23:46.998 [openiec61850-osi-server-7-thread-1] DEBUG com.beanit.openiec61850.ServerAssociation - sub BDA is:IEDBiogasCHP/MFLW1.FlwRte.units.multiplier: 0
calling GetDataValues(IEDBiogasCHP/MFLW1.FlwRte.units.SIUnit)
14:23:46.998 [openiec61850-osi-server-7-thread-1] DEBUG com.beanit.openiec61850.ServerAssociation - Got a GetDataValues request for node: IEDBiogasCHP/MFLW1.FlwRte.units.SIUnit: 0
calling GetDataValues(IEDBiogasCHP/MFLW1.FlwRte.units.multiplier)
14:23:46.998 [openiec61850-osi-server-7-thread-1] DEBUG com.beanit.openiec61850.ServerAssociation - Got a GetDataValues request for node: IEDBiogasCHP/MFLW1.FlwRte.units.multiplier: 0
calling GetDataValues(IEDBiogasCHP/MFLW1.FlwRte.db)
14:23:46.998 [openiec61850-osi-server-7-thread-1] DEBUG com.beanit.openiec61850.ServerAssociation - Got a GetDataValues request for node: IEDBiogasCHP/MFLW1.FlwRte.db: 0
calling GetDataValues(IEDBiogasCHP/MFLW1.FlwRte.zeroDb)
14:23:46.998 [openiec61850-osi-server-7-thread-1] DEBUG com.beanit.openiec61850.ServerAssociation - Got a GetDataValues request for node: IEDBiogasCHP/MFLW1.FlwRte.zeroDb: 0
calling GetDataValues(IEDBiogasCHP/MFLW1.FlwRte.sVC)
14:23:46.998 [openiec61850-osi-server-7-thread-1] DEBUG com.beanit.openiec61850.ServerAssociation - Got a GetDataValues request for node: IEDBiogasCHP/MFLW1.FlwRte.sVC [CF]
IEDBiogasCHP/MFLW1.FlwRte.sVC.scaleFactor: 0.0
IEDBiogasCHP/MFLW1.FlwRte.sVC.offset: 0.0
14:23:46.998 [openiec61850-osi-server-7-thread-1] DEBUG com.beanit.openiec61850.ServerAssociation - sub BDA is:IEDBiogasCHP/MFLW1.FlwRte.sVC.scaleFactor: 0.0
14:23:46.998 [openiec61850-osi-server-7-thread-1] DEBUG com.beanit.openiec61850.ServerAssociation - sub BDA is:IEDBiogasCHP/MFLW1.FlwRte.sVC.offset: 0.0
calling GetDataValues(IEDBiogasCHP/MFLW1.FlwRte.sVC.scaleFactor)
14:23:46.999 [openiec61850-osi-server-7-thread-1] DEBUG com.beanit.openiec61850.ServerAssociation - Got a GetDataValues request for node: IEDBiogasCHP/MFLW1.FlwRte.sVC.scaleFactor: 0.0
calling GetDataValues(IEDBiogasCHP/MFLW1.FlwRte.sVC.offset)
14:23:46.999 [openiec61850-osi-server-7-thread-1] DEBUG com.beanit.openiec61850.ServerAssociation - Got a GetDataValues request for node: IEDBiogasCHP/MFLW1.FlwRte.sVC.offset: 0.0
calling GetDataValues(IEDBiogasCHP/MFLW1.FlwRte.rangeC)
14:23:46.999 [openiec61850-osi-server-7-thread-1] DEBUG com.beanit.openiec61850.ServerAssociation - Got a GetDataValues request for node: IEDBiogasCHP/MFLW1.FlwRte.rangeC [CF]
IEDBiogasCHP/MFLW1.FlwRte.rangeC.hhLim [CF]
IEDBiogasCHP/MFLW1.FlwRte.rangeC.hhLim.i: 0
IEDBiogasCHP/MFLW1.FlwRte.rangeC.hhLim.f: 0.0
IEDBiogasCHP/MFLW1.FlwRte.rangeC.hLim [CF]
IEDBiogasCHP/MFLW1.FlwRte.rangeC.hLim.i: 0
IEDBiogasCHP/MFLW1.FlwRte.rangeC.hLim.f: 0.0
IEDBiogasCHP/MFLW1.FlwRte.rangeC.lLim [CF]
IEDBiogasCHP/MFLW1.FlwRte.rangeC.lLim.i: 0
IEDBiogasCHP/MFLW1.FlwRte.rangeC.lLim.f: 0.0
IEDBiogasCHP/MFLW1.FlwRte.rangeC.llLim [CF]
IEDBiogasCHP/MFLW1.FlwRte.rangeC.llLim.i: 0
IEDBiogasCHP/MFLW1.FlwRte.rangeC.llLim.f: 0.0
IEDBiogasCHP/MFLW1.FlwRte.rangeC.min [CF]
IEDBiogasCHP/MFLW1.FlwRte.rangeC.min.i: 0
IEDBiogasCHP/MFLW1.FlwRte.rangeC.min.f: 0.0
IEDBiogasCHP/MFLW1.FlwRte.rangeC.max [CF]
IEDBiogasCHP/MFLW1.FlwRte.rangeC.max.i: 0
IEDBiogasCHP/MFLW1.FlwRte.rangeC.max.f: 0.0
14:23:46.999 [openiec61850-osi-server-7-thread-1] DEBUG com.beanit.openiec61850.ServerAssociation - sub BDA is:IEDBiogasCHP/MFLW1.FlwRte.rangeC.hhLim.i: 0
14:23:46.999 [openiec61850-osi-server-7-thread-1] DEBUG com.beanit.openiec61850.ServerAssociation - sub BDA is:IEDBiogasCHP/MFLW1.FlwRte.rangeC.hhLim.f: 0.0
14:23:46.999 [openiec61850-osi-server-7-thread-1] DEBUG com.beanit.openiec61850.ServerAssociation - sub BDA is:IEDBiogasCHP/MFLW1.FlwRte.rangeC.hLim.i: 0
14:23:46.999 [openiec61850-osi-server-7-thread-1] DEBUG com.beanit.openiec61850.ServerAssociation - sub BDA is:IEDBiogasCHP/MFLW1.FlwRte.rangeC.hLim.f: 0.0
14:23:46.999 [openiec61850-osi-server-7-thread-1] DEBUG com.beanit.openiec61850.ServerAssociation - sub BDA is:IEDBiogasCHP/MFLW1.FlwRte.rangeC.lLim.i: 0
14:23:46.999 [openiec61850-osi-server-7-thread-1] DEBUG com.beanit.openiec61850.ServerAssociation - sub BDA is:IEDBiogasCHP/MFLW1.FlwRte.rangeC.lLim.f: 0.0
14:23:46.999 [openiec61850-osi-server-7-thread-1] DEBUG com.beanit.openiec61850.ServerAssociation - sub BDA is:IEDBiogasCHP/MFLW1.FlwRte.rangeC.llLim.i: 0
14:23:46.999 [openiec61850-osi-server-7-thread-1] DEBUG com.beanit.openiec61850.ServerAssociation - sub BDA is:IEDBiogasCHP/MFLW1.FlwRte.rangeC.llLim.f: 0.0
14:23:46.999 [openiec61850-osi-server-7-thread-1] DEBUG com.beanit.openiec61850.ServerAssociation - sub BDA is:IEDBiogasCHP/MFLW1.FlwRte.rangeC.min.i: 0
14:23:46.999 [openiec61850-osi-server-7-thread-1] DEBUG com.beanit.openiec61850.ServerAssociation - sub BDA is:IEDBiogasCHP/MFLW1.FlwRte.rangeC.min.f: 0.0
14:23:46.999 [openiec61850-osi-server-7-thread-1] DEBUG com.beanit.openiec61850.ServerAssociation - sub BDA is:IEDBiogasCHP/MFLW1.FlwRte.rangeC.max.i: 0
14:23:46.999 [openiec61850-osi-server-7-thread-1] DEBUG com.beanit.openiec61850.ServerAssociation - sub BDA is:IEDBiogasCHP/MFLW1.FlwRte.rangeC.max.f: 0.0
calling GetDataValues(IEDBiogasCHP/MFLW1.FlwRte.rangeC.hhLim)
14:23:46.999 [openiec61850-osi-server-7-thread-1] DEBUG com.beanit.openiec61850.ServerAssociation - Got a GetDataValues request for node: IEDBiogasCHP/MFLW1.FlwRte.rangeC.hhLim [CF]
IEDBiogasCHP/MFLW1.FlwRte.rangeC.hhLim.i: 0
IEDBiogasCHP/MFLW1.FlwRte.rangeC.hhLim.f: 0.0
14:23:46.999 [openiec61850-osi-server-7-thread-1] DEBUG com.beanit.openiec61850.ServerAssociation - sub BDA is:IEDBiogasCHP/MFLW1.FlwRte.rangeC.hhLim.i: 0
14:23:46.999 [openiec61850-osi-server-7-thread-1] DEBUG com.beanit.openiec61850.ServerAssociation - sub BDA is:IEDBiogasCHP/MFLW1.FlwRte.rangeC.hhLim.f: 0.0
calling GetDataValues(IEDBiogasCHP/MFLW1.FlwRte.rangeC.hhLim.i)
14:23:47.000 [openiec61850-osi-server-7-thread-1] DEBUG com.beanit.openiec61850.ServerAssociation - Got a GetDataValues request for node: IEDBiogasCHP/MFLW1.FlwRte.rangeC.hhLim.i: 0
calling GetDataValues(IEDBiogasCHP/MFLW1.FlwRte.rangeC.hhLim.f)
14:23:47.000 [openiec61850-osi-server-7-thread-1] DEBUG com.beanit.openiec61850.ServerAssociation - Got a GetDataValues request for node: IEDBiogasCHP/MFLW1.FlwRte.rangeC.hhLim.f: 0.0
calling GetDataValues(IEDBiogasCHP/MFLW1.FlwRte.rangeC.hLim)
14:23:47.000 [openiec61850-osi-server-7-thread-1] DEBUG com.beanit.openiec61850.ServerAssociation - Got a GetDataValues request for node: IEDBiogasCHP/MFLW1.FlwRte.rangeC.hLim [CF]
IEDBiogasCHP/MFLW1.FlwRte.rangeC.hLim.i: 0
IEDBiogasCHP/MFLW1.FlwRte.rangeC.hLim.f: 0.0
14:23:47.000 [openiec61850-osi-server-7-thread-1] DEBUG com.beanit.openiec61850.ServerAssociation - sub BDA is:IEDBiogasCHP/MFLW1.FlwRte.rangeC.hLim.i: 0
14:23:47.000 [openiec61850-osi-server-7-thread-1] DEBUG com.beanit.openiec61850.ServerAssociation - sub BDA is:IEDBiogasCHP/MFLW1.FlwRte.rangeC.hLim.f: 0.0
calling GetDataValues(IEDBiogasCHP/MFLW1.FlwRte.rangeC.hLim.i)
14:23:47.000 [openiec61850-osi-server-7-thread-1] DEBUG com.beanit.openiec61850.ServerAssociation - Got a GetDataValues request for node: IEDBiogasCHP/MFLW1.FlwRte.rangeC.hLim.i: 0
calling GetDataValues(IEDBiogasCHP/MFLW1.FlwRte.rangeC.hLim.f)
14:23:47.000 [openiec61850-osi-server-7-thread-1] DEBUG com.beanit.openiec61850.ServerAssociation - Got a GetDataValues request for node: IEDBiogasCHP/MFLW1.FlwRte.rangeC.hLim.f: 0.0
calling GetDataValues(IEDBiogasCHP/MFLW1.FlwRte.rangeC.lLim)
14:23:47.000 [openiec61850-osi-server-7-thread-1] DEBUG com.beanit.openiec61850.ServerAssociation - Got a GetDataValues request for node: IEDBiogasCHP/MFLW1.FlwRte.rangeC.lLim [CF]
IEDBiogasCHP/MFLW1.FlwRte.rangeC.lLim.i: 0
IEDBiogasCHP/MFLW1.FlwRte.rangeC.lLim.f: 0.0
14:23:47.000 [openiec61850-osi-server-7-thread-1] DEBUG com.beanit.openiec61850.ServerAssociation - sub BDA is:IEDBiogasCHP/MFLW1.FlwRte.rangeC.lLim.i: 0
14:23:47.000 [openiec61850-osi-server-7-thread-1] DEBUG com.beanit.openiec61850.ServerAssociation - sub BDA is:IEDBiogasCHP/MFLW1.FlwRte.rangeC.lLim.f: 0.0
calling GetDataValues(IEDBiogasCHP/MFLW1.FlwRte.rangeC.lLim.i)
14:23:47.001 [openiec61850-osi-server-7-thread-1] DEBUG com.beanit.openiec61850.ServerAssociation - Got a GetDataValues request for node: IEDBiogasCHP/MFLW1.FlwRte.rangeC.lLim.i: 0
calling GetDataValues(IEDBiogasCHP/MFLW1.FlwRte.rangeC.lLim.f)
14:23:47.001 [openiec61850-osi-server-7-thread-1] DEBUG com.beanit.openiec61850.ServerAssociation - Got a GetDataValues request for node: IEDBiogasCHP/MFLW1.FlwRte.rangeC.lLim.f: 0.0
calling GetDataValues(IEDBiogasCHP/MFLW1.FlwRte.rangeC.llLim)
14:23:47.001 [openiec61850-osi-server-7-thread-1] DEBUG com.beanit.openiec61850.ServerAssociation - Got a GetDataValues request for node: IEDBiogasCHP/MFLW1.FlwRte.rangeC.llLim [CF]
IEDBiogasCHP/MFLW1.FlwRte.rangeC.llLim.i: 0
IEDBiogasCHP/MFLW1.FlwRte.rangeC.llLim.f: 0.0
14:23:47.001 [openiec61850-osi-server-7-thread-1] DEBUG com.beanit.openiec61850.ServerAssociation - sub BDA is:IEDBiogasCHP/MFLW1.FlwRte.rangeC.llLim.i: 0
14:23:47.001 [openiec61850-osi-server-7-thread-1] DEBUG com.beanit.openiec61850.ServerAssociation - sub BDA is:IEDBiogasCHP/MFLW1.FlwRte.rangeC.llLim.f: 0.0
calling GetDataValues(IEDBiogasCHP/MFLW1.FlwRte.rangeC.llLim.i)
14:23:47.001 [openiec61850-osi-server-7-thread-1] DEBUG com.beanit.openiec61850.ServerAssociation - Got a GetDataValues request for node: IEDBiogasCHP/MFLW1.FlwRte.rangeC.llLim.i: 0
calling GetDataValues(IEDBiogasCHP/MFLW1.FlwRte.rangeC.llLim.f)
14:23:47.001 [openiec61850-osi-server-7-thread-1] DEBUG com.beanit.openiec61850.ServerAssociation - Got a GetDataValues request for node: IEDBiogasCHP/MFLW1.FlwRte.rangeC.llLim.f: 0.0
calling GetDataValues(IEDBiogasCHP/MFLW1.FlwRte.rangeC.min)
14:23:47.001 [openiec61850-osi-server-7-thread-1] DEBUG com.beanit.openiec61850.ServerAssociation - Got a GetDataValues request for node: IEDBiogasCHP/MFLW1.FlwRte.rangeC.min [CF]
IEDBiogasCHP/MFLW1.FlwRte.rangeC.min.i: 0
IEDBiogasCHP/MFLW1.FlwRte.rangeC.min.f: 0.0
14:23:47.001 [openiec61850-osi-server-7-thread-1] DEBUG com.beanit.openiec61850.ServerAssociation - sub BDA is:IEDBiogasCHP/MFLW1.FlwRte.rangeC.min.i: 0
14:23:47.001 [openiec61850-osi-server-7-thread-1] DEBUG com.beanit.openiec61850.ServerAssociation - sub BDA is:IEDBiogasCHP/MFLW1.FlwRte.rangeC.min.f: 0.0
calling GetDataValues(IEDBiogasCHP/MFLW1.FlwRte.rangeC.min.i)
14:23:47.002 [openiec61850-osi-server-7-thread-1] DEBUG com.beanit.openiec61850.ServerAssociation - Got a GetDataValues request for node: IEDBiogasCHP/MFLW1.FlwRte.rangeC.min.i: 0
calling GetDataValues(IEDBiogasCHP/MFLW1.FlwRte.rangeC.min.f)
14:23:47.002 [openiec61850-osi-server-7-thread-1] DEBUG com.beanit.openiec61850.ServerAssociation - Got a GetDataValues request for node: IEDBiogasCHP/MFLW1.FlwRte.rangeC.min.f: 0.0
calling GetDataValues(IEDBiogasCHP/MFLW1.FlwRte.rangeC.max)
14:23:47.002 [openiec61850-osi-server-7-thread-1] DEBUG com.beanit.openiec61850.ServerAssociation - Got a GetDataValues request for node: IEDBiogasCHP/MFLW1.FlwRte.rangeC.max [CF]
IEDBiogasCHP/MFLW1.FlwRte.rangeC.max.i: 0
IEDBiogasCHP/MFLW1.FlwRte.rangeC.max.f: 0.0
14:23:47.002 [openiec61850-osi-server-7-thread-1] DEBUG com.beanit.openiec61850.ServerAssociation - sub BDA is:IEDBiogasCHP/MFLW1.FlwRte.rangeC.max.i: 0
14:23:47.002 [openiec61850-osi-server-7-thread-1] DEBUG com.beanit.openiec61850.ServerAssociation - sub BDA is:IEDBiogasCHP/MFLW1.FlwRte.rangeC.max.f: 0.0
calling GetDataValues(IEDBiogasCHP/MFLW1.FlwRte.rangeC.max.i)
14:23:47.002 [openiec61850-osi-server-7-thread-1] DEBUG com.beanit.openiec61850.ServerAssociation - Got a GetDataValues request for node: IEDBiogasCHP/MFLW1.FlwRte.rangeC.max.i: 0
calling GetDataValues(IEDBiogasCHP/MFLW1.FlwRte.rangeC.max.f)
14:23:47.002 [openiec61850-osi-server-7-thread-1] DEBUG com.beanit.openiec61850.ServerAssociation - Got a GetDataValues request for node: IEDBiogasCHP/MFLW1.FlwRte.rangeC.max.f: 0.0
calling GetDataValues(IEDBiogasCHP/MFLW1.FlwRte.smpRate)
14:23:47.003 [openiec61850-osi-server-7-thread-1] DEBUG com.beanit.openiec61850.ServerAssociation - Got a GetDataValues request for node: IEDBiogasCHP/MFLW1.FlwRte.smpRate: 0
calling GetDataValues(IEDBiogasCHP/MFLW1.FlwRte)
14:23:47.003 [openiec61850-osi-server-7-thread-1] DEBUG com.beanit.openiec61850.ServerAssociation - Got a GetDataValues request for node: IEDBiogasCHP/MFLW1.FlwRte [DC]
IEDBiogasCHP/MFLW1.FlwRte.d: ''
IEDBiogasCHP/MFLW1.FlwRte.dU: 
14:23:47.003 [openiec61850-osi-server-7-thread-1] DEBUG com.beanit.openiec61850.ServerAssociation - sub BDA is:IEDBiogasCHP/MFLW1.FlwRte.d: ''
14:23:47.003 [openiec61850-osi-server-7-thread-1] DEBUG com.beanit.openiec61850.ServerAssociation - sub BDA is:IEDBiogasCHP/MFLW1.FlwRte.dU: 
calling GetDataValues(IEDBiogasCHP/MFLW1.FlwRte.d)
14:23:47.003 [openiec61850-osi-server-7-thread-1] DEBUG com.beanit.openiec61850.ServerAssociation - Got a GetDataValues request for node: IEDBiogasCHP/MFLW1.FlwRte.d: ''
calling GetDataValues(IEDBiogasCHP/MFLW1.FlwRte.dU)
14:23:47.003 [openiec61850-osi-server-7-thread-1] DEBUG com.beanit.openiec61850.ServerAssociation - Got a GetDataValues request for node: IEDBiogasCHP/MFLW1.FlwRte.dU: 
calling GetDataValues(IEDBiogasCHP/MFLW1.FlwRte)
14:23:47.003 [openiec61850-osi-server-7-thread-1] DEBUG com.beanit.openiec61850.ServerAssociation - Got a GetDataValues request for node: IEDBiogasCHP/MFLW1.FlwRte [EX]
IEDBiogasCHP/MFLW1.FlwRte.cdcNs: ''
IEDBiogasCHP/MFLW1.FlwRte.cdcName: ''
IEDBiogasCHP/MFLW1.FlwRte.dataNs: ''
14:23:47.003 [openiec61850-osi-server-7-thread-1] DEBUG com.beanit.openiec61850.ServerAssociation - sub BDA is:IEDBiogasCHP/MFLW1.FlwRte.cdcNs: ''
14:23:47.003 [openiec61850-osi-server-7-thread-1] DEBUG com.beanit.openiec61850.ServerAssociation - sub BDA is:IEDBiogasCHP/MFLW1.FlwRte.cdcName: ''
14:23:47.003 [openiec61850-osi-server-7-thread-1] DEBUG com.beanit.openiec61850.ServerAssociation - sub BDA is:IEDBiogasCHP/MFLW1.FlwRte.dataNs: ''
calling GetDataValues(IEDBiogasCHP/MFLW1.FlwRte.cdcNs)
14:23:47.003 [openiec61850-osi-server-7-thread-1] DEBUG com.beanit.openiec61850.ServerAssociation - Got a GetDataValues request for node: IEDBiogasCHP/MFLW1.FlwRte.cdcNs: ''
calling GetDataValues(IEDBiogasCHP/MFLW1.FlwRte.cdcName)
14:23:47.004 [openiec61850-osi-server-7-thread-1] DEBUG com.beanit.openiec61850.ServerAssociation - Got a GetDataValues request for node: IEDBiogasCHP/MFLW1.FlwRte.cdcName: ''
calling GetDataValues(IEDBiogasCHP/MFLW1.FlwRte.dataNs)
14:23:47.004 [openiec61850-osi-server-7-thread-1] DEBUG com.beanit.openiec61850.ServerAssociation - Got a GetDataValues request for node: IEDBiogasCHP/MFLW1.FlwRte.dataNs: ''
calling GetDataValues(IEDBiogasCHP/MFLW1.FanSpd)
14:23:47.004 [openiec61850-osi-server-7-thread-1] DEBUG com.beanit.openiec61850.ServerAssociation - Got a GetDataValues request for node: IEDBiogasCHP/MFLW1.FanSpd [MX]
IEDBiogasCHP/MFLW1.FanSpd.instMag [MX]
IEDBiogasCHP/MFLW1.FanSpd.instMag.i: 0
IEDBiogasCHP/MFLW1.FanSpd.instMag.f: 0.0
IEDBiogasCHP/MFLW1.FanSpd.mag [MX]
IEDBiogasCHP/MFLW1.FanSpd.mag.i: 0
IEDBiogasCHP/MFLW1.FanSpd.mag.f: 0.0
IEDBiogasCHP/MFLW1.FanSpd.range: 0
IEDBiogasCHP/MFLW1.FanSpd.q: 0x00 0x00
IEDBiogasCHP/MFLW1.FanSpd.t: Thu Jan 01 01:00:00 CET 1970
14:23:47.004 [openiec61850-osi-server-7-thread-1] DEBUG com.beanit.openiec61850.ServerAssociation - sub BDA is:IEDBiogasCHP/MFLW1.FanSpd.instMag.i: 0
14:23:47.004 [openiec61850-osi-server-7-thread-1] DEBUG com.beanit.openiec61850.ServerAssociation - sub BDA is:IEDBiogasCHP/MFLW1.FanSpd.instMag.f: 0.0
14:23:47.004 [openiec61850-osi-server-7-thread-1] DEBUG com.beanit.openiec61850.ServerAssociation - sub BDA is:IEDBiogasCHP/MFLW1.FanSpd.mag.i: 0
14:23:47.004 [openiec61850-osi-server-7-thread-1] DEBUG com.beanit.openiec61850.ServerAssociation - sub BDA is:IEDBiogasCHP/MFLW1.FanSpd.mag.f: 0.0
14:23:47.004 [openiec61850-osi-server-7-thread-1] DEBUG com.beanit.openiec61850.ServerAssociation - sub BDA is:IEDBiogasCHP/MFLW1.FanSpd.range: 0
14:23:47.004 [openiec61850-osi-server-7-thread-1] DEBUG com.beanit.openiec61850.ServerAssociation - sub BDA is:IEDBiogasCHP/MFLW1.FanSpd.q: 0x00 0x00
14:23:47.004 [openiec61850-osi-server-7-thread-1] DEBUG com.beanit.openiec61850.ServerAssociation - sub BDA is:IEDBiogasCHP/MFLW1.FanSpd.t: Thu Jan 01 01:00:00 CET 1970
calling GetDataValues(IEDBiogasCHP/MFLW1.FanSpd.instMag)
14:23:47.004 [openiec61850-osi-server-7-thread-1] DEBUG com.beanit.openiec61850.ServerAssociation - Got a GetDataValues request for node: IEDBiogasCHP/MFLW1.FanSpd.instMag [MX]
IEDBiogasCHP/MFLW1.FanSpd.instMag.i: 0
IEDBiogasCHP/MFLW1.FanSpd.instMag.f: 0.0
14:23:47.004 [openiec61850-osi-server-7-thread-1] DEBUG com.beanit.openiec61850.ServerAssociation - sub BDA is:IEDBiogasCHP/MFLW1.FanSpd.instMag.i: 0
14:23:47.004 [openiec61850-osi-server-7-thread-1] DEBUG com.beanit.openiec61850.ServerAssociation - sub BDA is:IEDBiogasCHP/MFLW1.FanSpd.instMag.f: 0.0
calling GetDataValues(IEDBiogasCHP/MFLW1.FanSpd.instMag.i)
14:23:47.004 [openiec61850-osi-server-7-thread-1] DEBUG com.beanit.openiec61850.ServerAssociation - Got a GetDataValues request for node: IEDBiogasCHP/MFLW1.FanSpd.instMag.i: 0
calling GetDataValues(IEDBiogasCHP/MFLW1.FanSpd.instMag.f)
14:23:47.005 [openiec61850-osi-server-7-thread-1] DEBUG com.beanit.openiec61850.ServerAssociation - Got a GetDataValues request for node: IEDBiogasCHP/MFLW1.FanSpd.instMag.f: 0.0
calling GetDataValues(IEDBiogasCHP/MFLW1.FanSpd.mag)
14:23:47.005 [openiec61850-osi-server-7-thread-1] DEBUG com.beanit.openiec61850.ServerAssociation - Got a GetDataValues request for node: IEDBiogasCHP/MFLW1.FanSpd.mag [MX]
IEDBiogasCHP/MFLW1.FanSpd.mag.i: 0
IEDBiogasCHP/MFLW1.FanSpd.mag.f: 0.0
14:23:47.005 [openiec61850-osi-server-7-thread-1] DEBUG com.beanit.openiec61850.ServerAssociation - sub BDA is:IEDBiogasCHP/MFLW1.FanSpd.mag.i: 0
14:23:47.005 [openiec61850-osi-server-7-thread-1] DEBUG com.beanit.openiec61850.ServerAssociation - sub BDA is:IEDBiogasCHP/MFLW1.FanSpd.mag.f: 0.0
calling GetDataValues(IEDBiogasCHP/MFLW1.FanSpd.mag.i)
14:23:47.005 [openiec61850-osi-server-7-thread-1] DEBUG com.beanit.openiec61850.ServerAssociation - Got a GetDataValues request for node: IEDBiogasCHP/MFLW1.FanSpd.mag.i: 0
calling GetDataValues(IEDBiogasCHP/MFLW1.FanSpd.mag.f)
14:23:47.005 [openiec61850-osi-server-7-thread-1] DEBUG com.beanit.openiec61850.ServerAssociation - Got a GetDataValues request for node: IEDBiogasCHP/MFLW1.FanSpd.mag.f: 0.0
calling GetDataValues(IEDBiogasCHP/MFLW1.FanSpd.range)
14:23:47.005 [openiec61850-osi-server-7-thread-1] DEBUG com.beanit.openiec61850.ServerAssociation - Got a GetDataValues request for node: IEDBiogasCHP/MFLW1.FanSpd.range: 0
calling GetDataValues(IEDBiogasCHP/MFLW1.FanSpd.q)
14:23:47.005 [openiec61850-osi-server-7-thread-1] DEBUG com.beanit.openiec61850.ServerAssociation - Got a GetDataValues request for node: IEDBiogasCHP/MFLW1.FanSpd.q: 0x00 0x00
calling GetDataValues(IEDBiogasCHP/MFLW1.FanSpd.t)
14:23:47.006 [openiec61850-osi-server-7-thread-1] DEBUG com.beanit.openiec61850.ServerAssociation - Got a GetDataValues request for node: IEDBiogasCHP/MFLW1.FanSpd.t: Thu Jan 01 01:00:00 CET 1970
calling GetDataValues(IEDBiogasCHP/MFLW1.FanSpd)
14:23:47.006 [openiec61850-osi-server-7-thread-1] DEBUG com.beanit.openiec61850.ServerAssociation - Got a GetDataValues request for node: IEDBiogasCHP/MFLW1.FanSpd [SV]
IEDBiogasCHP/MFLW1.FanSpd.subEna: false
IEDBiogasCHP/MFLW1.FanSpd.subMag [SV]
IEDBiogasCHP/MFLW1.FanSpd.subMag.i: 0
IEDBiogasCHP/MFLW1.FanSpd.subMag.f: 0.0
IEDBiogasCHP/MFLW1.FanSpd.subQ: 0x00 0x00
IEDBiogasCHP/MFLW1.FanSpd.subID: ''
14:23:47.006 [openiec61850-osi-server-7-thread-1] DEBUG com.beanit.openiec61850.ServerAssociation - sub BDA is:IEDBiogasCHP/MFLW1.FanSpd.subEna: false
14:23:47.006 [openiec61850-osi-server-7-thread-1] DEBUG com.beanit.openiec61850.ServerAssociation - sub BDA is:IEDBiogasCHP/MFLW1.FanSpd.subMag.i: 0
14:23:47.006 [openiec61850-osi-server-7-thread-1] DEBUG com.beanit.openiec61850.ServerAssociation - sub BDA is:IEDBiogasCHP/MFLW1.FanSpd.subMag.f: 0.0
14:23:47.006 [openiec61850-osi-server-7-thread-1] DEBUG com.beanit.openiec61850.ServerAssociation - sub BDA is:IEDBiogasCHP/MFLW1.FanSpd.subQ: 0x00 0x00
14:23:47.006 [openiec61850-osi-server-7-thread-1] DEBUG com.beanit.openiec61850.ServerAssociation - sub BDA is:IEDBiogasCHP/MFLW1.FanSpd.subID: ''
calling GetDataValues(IEDBiogasCHP/MFLW1.FanSpd.subEna)
14:23:47.006 [openiec61850-osi-server-7-thread-1] DEBUG com.beanit.openiec61850.ServerAssociation - Got a GetDataValues request for node: IEDBiogasCHP/MFLW1.FanSpd.subEna: false
calling GetDataValues(IEDBiogasCHP/MFLW1.FanSpd.subMag)
14:23:47.006 [openiec61850-osi-server-7-thread-1] DEBUG com.beanit.openiec61850.ServerAssociation - Got a GetDataValues request for node: IEDBiogasCHP/MFLW1.FanSpd.subMag [SV]
IEDBiogasCHP/MFLW1.FanSpd.subMag.i: 0
IEDBiogasCHP/MFLW1.FanSpd.subMag.f: 0.0
14:23:47.006 [openiec61850-osi-server-7-thread-1] DEBUG com.beanit.openiec61850.ServerAssociation - sub BDA is:IEDBiogasCHP/MFLW1.FanSpd.subMag.i: 0
14:23:47.006 [openiec61850-osi-server-7-thread-1] DEBUG com.beanit.openiec61850.ServerAssociation - sub BDA is:IEDBiogasCHP/MFLW1.FanSpd.subMag.f: 0.0
calling GetDataValues(IEDBiogasCHP/MFLW1.FanSpd.subMag.i)
14:23:47.006 [openiec61850-osi-server-7-thread-1] DEBUG com.beanit.openiec61850.ServerAssociation - Got a GetDataValues request for node: IEDBiogasCHP/MFLW1.FanSpd.subMag.i: 0
calling GetDataValues(IEDBiogasCHP/MFLW1.FanSpd.subMag.f)
14:23:47.006 [openiec61850-osi-server-7-thread-1] DEBUG com.beanit.openiec61850.ServerAssociation - Got a GetDataValues request for node: IEDBiogasCHP/MFLW1.FanSpd.subMag.f: 0.0
calling GetDataValues(IEDBiogasCHP/MFLW1.FanSpd.subQ)
14:23:47.007 [openiec61850-osi-server-7-thread-1] DEBUG com.beanit.openiec61850.ServerAssociation - Got a GetDataValues request for node: IEDBiogasCHP/MFLW1.FanSpd.subQ: 0x00 0x00
calling GetDataValues(IEDBiogasCHP/MFLW1.FanSpd.subID)
14:23:47.007 [openiec61850-osi-server-7-thread-1] DEBUG com.beanit.openiec61850.ServerAssociation - Got a GetDataValues request for node: IEDBiogasCHP/MFLW1.FanSpd.subID: ''
calling GetDataValues(IEDBiogasCHP/MFLW1.FanSpd)
14:23:47.007 [openiec61850-osi-server-7-thread-1] DEBUG com.beanit.openiec61850.ServerAssociation - Got a GetDataValues request for node: IEDBiogasCHP/MFLW1.FanSpd [CF]
IEDBiogasCHP/MFLW1.FanSpd.units [CF]
IEDBiogasCHP/MFLW1.FanSpd.units.SIUnit: 0
IEDBiogasCHP/MFLW1.FanSpd.units.multiplier: 0
IEDBiogasCHP/MFLW1.FanSpd.db: 0
IEDBiogasCHP/MFLW1.FanSpd.zeroDb: 0
IEDBiogasCHP/MFLW1.FanSpd.sVC [CF]
IEDBiogasCHP/MFLW1.FanSpd.sVC.scaleFactor: 0.0
IEDBiogasCHP/MFLW1.FanSpd.sVC.offset: 0.0
IEDBiogasCHP/MFLW1.FanSpd.rangeC [CF]
IEDBiogasCHP/MFLW1.FanSpd.rangeC.hhLim [CF]
IEDBiogasCHP/MFLW1.FanSpd.rangeC.hhLim.i: 0
IEDBiogasCHP/MFLW1.FanSpd.rangeC.hhLim.f: 0.0
IEDBiogasCHP/MFLW1.FanSpd.rangeC.hLim [CF]
IEDBiogasCHP/MFLW1.FanSpd.rangeC.hLim.i: 0
IEDBiogasCHP/MFLW1.FanSpd.rangeC.hLim.f: 0.0
IEDBiogasCHP/MFLW1.FanSpd.rangeC.lLim [CF]
IEDBiogasCHP/MFLW1.FanSpd.rangeC.lLim.i: 0
IEDBiogasCHP/MFLW1.FanSpd.rangeC.lLim.f: 0.0
IEDBiogasCHP/MFLW1.FanSpd.rangeC.llLim [CF]
IEDBiogasCHP/MFLW1.FanSpd.rangeC.llLim.i: 0
IEDBiogasCHP/MFLW1.FanSpd.rangeC.llLim.f: 0.0
IEDBiogasCHP/MFLW1.FanSpd.rangeC.min [CF]
IEDBiogasCHP/MFLW1.FanSpd.rangeC.min.i: 0
IEDBiogasCHP/MFLW1.FanSpd.rangeC.min.f: 0.0
IEDBiogasCHP/MFLW1.FanSpd.rangeC.max [CF]
IEDBiogasCHP/MFLW1.FanSpd.rangeC.max.i: 0
IEDBiogasCHP/MFLW1.FanSpd.rangeC.max.f: 0.0
IEDBiogasCHP/MFLW1.FanSpd.smpRate: 0
14:23:47.007 [openiec61850-osi-server-7-thread-1] DEBUG com.beanit.openiec61850.ServerAssociation - sub BDA is:IEDBiogasCHP/MFLW1.FanSpd.units.SIUnit: 0
14:23:47.007 [openiec61850-osi-server-7-thread-1] DEBUG com.beanit.openiec61850.ServerAssociation - sub BDA is:IEDBiogasCHP/MFLW1.FanSpd.units.multiplier: 0
14:23:47.007 [openiec61850-osi-server-7-thread-1] DEBUG com.beanit.openiec61850.ServerAssociation - sub BDA is:IEDBiogasCHP/MFLW1.FanSpd.db: 0
14:23:47.007 [openiec61850-osi-server-7-thread-1] DEBUG com.beanit.openiec61850.ServerAssociation - sub BDA is:IEDBiogasCHP/MFLW1.FanSpd.zeroDb: 0
14:23:47.007 [openiec61850-osi-server-7-thread-1] DEBUG com.beanit.openiec61850.ServerAssociation - sub BDA is:IEDBiogasCHP/MFLW1.FanSpd.sVC.scaleFactor: 0.0
14:23:47.007 [openiec61850-osi-server-7-thread-1] DEBUG com.beanit.openiec61850.ServerAssociation - sub BDA is:IEDBiogasCHP/MFLW1.FanSpd.sVC.offset: 0.0
14:23:47.007 [openiec61850-osi-server-7-thread-1] DEBUG com.beanit.openiec61850.ServerAssociation - sub BDA is:IEDBiogasCHP/MFLW1.FanSpd.rangeC.hhLim.i: 0
14:23:47.007 [openiec61850-osi-server-7-thread-1] DEBUG com.beanit.openiec61850.ServerAssociation - sub BDA is:IEDBiogasCHP/MFLW1.FanSpd.rangeC.hhLim.f: 0.0
14:23:47.007 [openiec61850-osi-server-7-thread-1] DEBUG com.beanit.openiec61850.ServerAssociation - sub BDA is:IEDBiogasCHP/MFLW1.FanSpd.rangeC.hLim.i: 0
14:23:47.007 [openiec61850-osi-server-7-thread-1] DEBUG com.beanit.openiec61850.ServerAssociation - sub BDA is:IEDBiogasCHP/MFLW1.FanSpd.rangeC.hLim.f: 0.0
14:23:47.007 [openiec61850-osi-server-7-thread-1] DEBUG com.beanit.openiec61850.ServerAssociation - sub BDA is:IEDBiogasCHP/MFLW1.FanSpd.rangeC.lLim.i: 0
14:23:47.007 [openiec61850-osi-server-7-thread-1] DEBUG com.beanit.openiec61850.ServerAssociation - sub BDA is:IEDBiogasCHP/MFLW1.FanSpd.rangeC.lLim.f: 0.0
14:23:47.007 [openiec61850-osi-server-7-thread-1] DEBUG com.beanit.openiec61850.ServerAssociation - sub BDA is:IEDBiogasCHP/MFLW1.FanSpd.rangeC.llLim.i: 0
14:23:47.007 [openiec61850-osi-server-7-thread-1] DEBUG com.beanit.openiec61850.ServerAssociation - sub BDA is:IEDBiogasCHP/MFLW1.FanSpd.rangeC.llLim.f: 0.0
14:23:47.007 [openiec61850-osi-server-7-thread-1] DEBUG com.beanit.openiec61850.ServerAssociation - sub BDA is:IEDBiogasCHP/MFLW1.FanSpd.rangeC.min.i: 0
14:23:47.007 [openiec61850-osi-server-7-thread-1] DEBUG com.beanit.openiec61850.ServerAssociation - sub BDA is:IEDBiogasCHP/MFLW1.FanSpd.rangeC.min.f: 0.0
14:23:47.007 [openiec61850-osi-server-7-thread-1] DEBUG com.beanit.openiec61850.ServerAssociation - sub BDA is:IEDBiogasCHP/MFLW1.FanSpd.rangeC.max.i: 0
14:23:47.007 [openiec61850-osi-server-7-thread-1] DEBUG com.beanit.openiec61850.ServerAssociation - sub BDA is:IEDBiogasCHP/MFLW1.FanSpd.rangeC.max.f: 0.0
14:23:47.007 [openiec61850-osi-server-7-thread-1] DEBUG com.beanit.openiec61850.ServerAssociation - sub BDA is:IEDBiogasCHP/MFLW1.FanSpd.smpRate: 0
calling GetDataValues(IEDBiogasCHP/MFLW1.FanSpd.units)
14:23:47.008 [openiec61850-osi-server-7-thread-1] DEBUG com.beanit.openiec61850.ServerAssociation - Got a GetDataValues request for node: IEDBiogasCHP/MFLW1.FanSpd.units [CF]
IEDBiogasCHP/MFLW1.FanSpd.units.SIUnit: 0
IEDBiogasCHP/MFLW1.FanSpd.units.multiplier: 0
14:23:47.008 [openiec61850-osi-server-7-thread-1] DEBUG com.beanit.openiec61850.ServerAssociation - sub BDA is:IEDBiogasCHP/MFLW1.FanSpd.units.SIUnit: 0
14:23:47.008 [openiec61850-osi-server-7-thread-1] DEBUG com.beanit.openiec61850.ServerAssociation - sub BDA is:IEDBiogasCHP/MFLW1.FanSpd.units.multiplier: 0
calling GetDataValues(IEDBiogasCHP/MFLW1.FanSpd.units.SIUnit)
14:23:47.008 [openiec61850-osi-server-7-thread-1] DEBUG com.beanit.openiec61850.ServerAssociation - Got a GetDataValues request for node: IEDBiogasCHP/MFLW1.FanSpd.units.SIUnit: 0
calling GetDataValues(IEDBiogasCHP/MFLW1.FanSpd.units.multiplier)
14:23:47.008 [openiec61850-osi-server-7-thread-1] DEBUG com.beanit.openiec61850.ServerAssociation - Got a GetDataValues request for node: IEDBiogasCHP/MFLW1.FanSpd.units.multiplier: 0
calling GetDataValues(IEDBiogasCHP/MFLW1.FanSpd.db)
14:23:47.008 [openiec61850-osi-server-7-thread-1] DEBUG com.beanit.openiec61850.ServerAssociation - Got a GetDataValues request for node: IEDBiogasCHP/MFLW1.FanSpd.db: 0
calling GetDataValues(IEDBiogasCHP/MFLW1.FanSpd.zeroDb)
14:23:47.008 [openiec61850-osi-server-7-thread-1] DEBUG com.beanit.openiec61850.ServerAssociation - Got a GetDataValues request for node: IEDBiogasCHP/MFLW1.FanSpd.zeroDb: 0
calling GetDataValues(IEDBiogasCHP/MFLW1.FanSpd.sVC)
14:23:47.008 [openiec61850-osi-server-7-thread-1] DEBUG com.beanit.openiec61850.ServerAssociation - Got a GetDataValues request for node: IEDBiogasCHP/MFLW1.FanSpd.sVC [CF]
IEDBiogasCHP/MFLW1.FanSpd.sVC.scaleFactor: 0.0
IEDBiogasCHP/MFLW1.FanSpd.sVC.offset: 0.0
14:23:47.008 [openiec61850-osi-server-7-thread-1] DEBUG com.beanit.openiec61850.ServerAssociation - sub BDA is:IEDBiogasCHP/MFLW1.FanSpd.sVC.scaleFactor: 0.0
14:23:47.008 [openiec61850-osi-server-7-thread-1] DEBUG com.beanit.openiec61850.ServerAssociation - sub BDA is:IEDBiogasCHP/MFLW1.FanSpd.sVC.offset: 0.0
calling GetDataValues(IEDBiogasCHP/MFLW1.FanSpd.sVC.scaleFactor)
14:23:47.009 [openiec61850-osi-server-7-thread-1] DEBUG com.beanit.openiec61850.ServerAssociation - Got a GetDataValues request for node: IEDBiogasCHP/MFLW1.FanSpd.sVC.scaleFactor: 0.0
calling GetDataValues(IEDBiogasCHP/MFLW1.FanSpd.sVC.offset)
14:23:47.009 [openiec61850-osi-server-7-thread-1] DEBUG com.beanit.openiec61850.ServerAssociation - Got a GetDataValues request for node: IEDBiogasCHP/MFLW1.FanSpd.sVC.offset: 0.0
calling GetDataValues(IEDBiogasCHP/MFLW1.FanSpd.rangeC)
14:23:47.009 [openiec61850-osi-server-7-thread-1] DEBUG com.beanit.openiec61850.ServerAssociation - Got a GetDataValues request for node: IEDBiogasCHP/MFLW1.FanSpd.rangeC [CF]
IEDBiogasCHP/MFLW1.FanSpd.rangeC.hhLim [CF]
IEDBiogasCHP/MFLW1.FanSpd.rangeC.hhLim.i: 0
IEDBiogasCHP/MFLW1.FanSpd.rangeC.hhLim.f: 0.0
IEDBiogasCHP/MFLW1.FanSpd.rangeC.hLim [CF]
IEDBiogasCHP/MFLW1.FanSpd.rangeC.hLim.i: 0
IEDBiogasCHP/MFLW1.FanSpd.rangeC.hLim.f: 0.0
IEDBiogasCHP/MFLW1.FanSpd.rangeC.lLim [CF]
IEDBiogasCHP/MFLW1.FanSpd.rangeC.lLim.i: 0
IEDBiogasCHP/MFLW1.FanSpd.rangeC.lLim.f: 0.0
IEDBiogasCHP/MFLW1.FanSpd.rangeC.llLim [CF]
IEDBiogasCHP/MFLW1.FanSpd.rangeC.llLim.i: 0
IEDBiogasCHP/MFLW1.FanSpd.rangeC.llLim.f: 0.0
IEDBiogasCHP/MFLW1.FanSpd.rangeC.min [CF]
IEDBiogasCHP/MFLW1.FanSpd.rangeC.min.i: 0
IEDBiogasCHP/MFLW1.FanSpd.rangeC.min.f: 0.0
IEDBiogasCHP/MFLW1.FanSpd.rangeC.max [CF]
IEDBiogasCHP/MFLW1.FanSpd.rangeC.max.i: 0
IEDBiogasCHP/MFLW1.FanSpd.rangeC.max.f: 0.0
14:23:47.009 [openiec61850-osi-server-7-thread-1] DEBUG com.beanit.openiec61850.ServerAssociation - sub BDA is:IEDBiogasCHP/MFLW1.FanSpd.rangeC.hhLim.i: 0
14:23:47.009 [openiec61850-osi-server-7-thread-1] DEBUG com.beanit.openiec61850.ServerAssociation - sub BDA is:IEDBiogasCHP/MFLW1.FanSpd.rangeC.hhLim.f: 0.0
14:23:47.009 [openiec61850-osi-server-7-thread-1] DEBUG com.beanit.openiec61850.ServerAssociation - sub BDA is:IEDBiogasCHP/MFLW1.FanSpd.rangeC.hLim.i: 0
14:23:47.009 [openiec61850-osi-server-7-thread-1] DEBUG com.beanit.openiec61850.ServerAssociation - sub BDA is:IEDBiogasCHP/MFLW1.FanSpd.rangeC.hLim.f: 0.0
14:23:47.009 [openiec61850-osi-server-7-thread-1] DEBUG com.beanit.openiec61850.ServerAssociation - sub BDA is:IEDBiogasCHP/MFLW1.FanSpd.rangeC.lLim.i: 0
14:23:47.009 [openiec61850-osi-server-7-thread-1] DEBUG com.beanit.openiec61850.ServerAssociation - sub BDA is:IEDBiogasCHP/MFLW1.FanSpd.rangeC.lLim.f: 0.0
14:23:47.009 [openiec61850-osi-server-7-thread-1] DEBUG com.beanit.openiec61850.ServerAssociation - sub BDA is:IEDBiogasCHP/MFLW1.FanSpd.rangeC.llLim.i: 0
14:23:47.009 [openiec61850-osi-server-7-thread-1] DEBUG com.beanit.openiec61850.ServerAssociation - sub BDA is:IEDBiogasCHP/MFLW1.FanSpd.rangeC.llLim.f: 0.0
14:23:47.009 [openiec61850-osi-server-7-thread-1] DEBUG com.beanit.openiec61850.ServerAssociation - sub BDA is:IEDBiogasCHP/MFLW1.FanSpd.rangeC.min.i: 0
14:23:47.009 [openiec61850-osi-server-7-thread-1] DEBUG com.beanit.openiec61850.ServerAssociation - sub BDA is:IEDBiogasCHP/MFLW1.FanSpd.rangeC.min.f: 0.0
14:23:47.009 [openiec61850-osi-server-7-thread-1] DEBUG com.beanit.openiec61850.ServerAssociation - sub BDA is:IEDBiogasCHP/MFLW1.FanSpd.rangeC.max.i: 0
14:23:47.009 [openiec61850-osi-server-7-thread-1] DEBUG com.beanit.openiec61850.ServerAssociation - sub BDA is:IEDBiogasCHP/MFLW1.FanSpd.rangeC.max.f: 0.0
calling GetDataValues(IEDBiogasCHP/MFLW1.FanSpd.rangeC.hhLim)
14:23:47.009 [openiec61850-osi-server-7-thread-1] DEBUG com.beanit.openiec61850.ServerAssociation - Got a GetDataValues request for node: IEDBiogasCHP/MFLW1.FanSpd.rangeC.hhLim [CF]
IEDBiogasCHP/MFLW1.FanSpd.rangeC.hhLim.i: 0
IEDBiogasCHP/MFLW1.FanSpd.rangeC.hhLim.f: 0.0
14:23:47.009 [openiec61850-osi-server-7-thread-1] DEBUG com.beanit.openiec61850.ServerAssociation - sub BDA is:IEDBiogasCHP/MFLW1.FanSpd.rangeC.hhLim.i: 0
14:23:47.009 [openiec61850-osi-server-7-thread-1] DEBUG com.beanit.openiec61850.ServerAssociation - sub BDA is:IEDBiogasCHP/MFLW1.FanSpd.rangeC.hhLim.f: 0.0
calling GetDataValues(IEDBiogasCHP/MFLW1.FanSpd.rangeC.hhLim.i)
14:23:47.009 [openiec61850-osi-server-7-thread-1] DEBUG com.beanit.openiec61850.ServerAssociation - Got a GetDataValues request for node: IEDBiogasCHP/MFLW1.FanSpd.rangeC.hhLim.i: 0
calling GetDataValues(IEDBiogasCHP/MFLW1.FanSpd.rangeC.hhLim.f)
14:23:47.010 [openiec61850-osi-server-7-thread-1] DEBUG com.beanit.openiec61850.ServerAssociation - Got a GetDataValues request for node: IEDBiogasCHP/MFLW1.FanSpd.rangeC.hhLim.f: 0.0
calling GetDataValues(IEDBiogasCHP/MFLW1.FanSpd.rangeC.hLim)
14:23:47.010 [openiec61850-osi-server-7-thread-1] DEBUG com.beanit.openiec61850.ServerAssociation - Got a GetDataValues request for node: IEDBiogasCHP/MFLW1.FanSpd.rangeC.hLim [CF]
IEDBiogasCHP/MFLW1.FanSpd.rangeC.hLim.i: 0
IEDBiogasCHP/MFLW1.FanSpd.rangeC.hLim.f: 0.0
14:23:47.010 [openiec61850-osi-server-7-thread-1] DEBUG com.beanit.openiec61850.ServerAssociation - sub BDA is:IEDBiogasCHP/MFLW1.FanSpd.rangeC.hLim.i: 0
14:23:47.010 [openiec61850-osi-server-7-thread-1] DEBUG com.beanit.openiec61850.ServerAssociation - sub BDA is:IEDBiogasCHP/MFLW1.FanSpd.rangeC.hLim.f: 0.0
calling GetDataValues(IEDBiogasCHP/MFLW1.FanSpd.rangeC.hLim.i)
14:23:47.010 [openiec61850-osi-server-7-thread-1] DEBUG com.beanit.openiec61850.ServerAssociation - Got a GetDataValues request for node: IEDBiogasCHP/MFLW1.FanSpd.rangeC.hLim.i: 0
calling GetDataValues(IEDBiogasCHP/MFLW1.FanSpd.rangeC.hLim.f)
14:23:47.010 [openiec61850-osi-server-7-thread-1] DEBUG com.beanit.openiec61850.ServerAssociation - Got a GetDataValues request for node: IEDBiogasCHP/MFLW1.FanSpd.rangeC.hLim.f: 0.0
calling GetDataValues(IEDBiogasCHP/MFLW1.FanSpd.rangeC.lLim)
14:23:47.010 [openiec61850-osi-server-7-thread-1] DEBUG com.beanit.openiec61850.ServerAssociation - Got a GetDataValues request for node: IEDBiogasCHP/MFLW1.FanSpd.rangeC.lLim [CF]
IEDBiogasCHP/MFLW1.FanSpd.rangeC.lLim.i: 0
IEDBiogasCHP/MFLW1.FanSpd.rangeC.lLim.f: 0.0
14:23:47.010 [openiec61850-osi-server-7-thread-1] DEBUG com.beanit.openiec61850.ServerAssociation - sub BDA is:IEDBiogasCHP/MFLW1.FanSpd.rangeC.lLim.i: 0
14:23:47.010 [openiec61850-osi-server-7-thread-1] DEBUG com.beanit.openiec61850.ServerAssociation - sub BDA is:IEDBiogasCHP/MFLW1.FanSpd.rangeC.lLim.f: 0.0
calling GetDataValues(IEDBiogasCHP/MFLW1.FanSpd.rangeC.lLim.i)
14:23:47.010 [openiec61850-osi-server-7-thread-1] DEBUG com.beanit.openiec61850.ServerAssociation - Got a GetDataValues request for node: IEDBiogasCHP/MFLW1.FanSpd.rangeC.lLim.i: 0
calling GetDataValues(IEDBiogasCHP/MFLW1.FanSpd.rangeC.lLim.f)
14:23:47.011 [openiec61850-osi-server-7-thread-1] DEBUG com.beanit.openiec61850.ServerAssociation - Got a GetDataValues request for node: IEDBiogasCHP/MFLW1.FanSpd.rangeC.lLim.f: 0.0
calling GetDataValues(IEDBiogasCHP/MFLW1.FanSpd.rangeC.llLim)
14:23:47.011 [openiec61850-osi-server-7-thread-1] DEBUG com.beanit.openiec61850.ServerAssociation - Got a GetDataValues request for node: IEDBiogasCHP/MFLW1.FanSpd.rangeC.llLim [CF]
IEDBiogasCHP/MFLW1.FanSpd.rangeC.llLim.i: 0
IEDBiogasCHP/MFLW1.FanSpd.rangeC.llLim.f: 0.0
14:23:47.011 [openiec61850-osi-server-7-thread-1] DEBUG com.beanit.openiec61850.ServerAssociation - sub BDA is:IEDBiogasCHP/MFLW1.FanSpd.rangeC.llLim.i: 0
14:23:47.011 [openiec61850-osi-server-7-thread-1] DEBUG com.beanit.openiec61850.ServerAssociation - sub BDA is:IEDBiogasCHP/MFLW1.FanSpd.rangeC.llLim.f: 0.0
calling GetDataValues(IEDBiogasCHP/MFLW1.FanSpd.rangeC.llLim.i)
14:23:47.011 [openiec61850-osi-server-7-thread-1] DEBUG com.beanit.openiec61850.ServerAssociation - Got a GetDataValues request for node: IEDBiogasCHP/MFLW1.FanSpd.rangeC.llLim.i: 0
calling GetDataValues(IEDBiogasCHP/MFLW1.FanSpd.rangeC.llLim.f)
14:23:47.011 [openiec61850-osi-server-7-thread-1] DEBUG com.beanit.openiec61850.ServerAssociation - Got a GetDataValues request for node: IEDBiogasCHP/MFLW1.FanSpd.rangeC.llLim.f: 0.0
calling GetDataValues(IEDBiogasCHP/MFLW1.FanSpd.rangeC.min)
14:23:47.011 [openiec61850-osi-server-7-thread-1] DEBUG com.beanit.openiec61850.ServerAssociation - Got a GetDataValues request for node: IEDBiogasCHP/MFLW1.FanSpd.rangeC.min [CF]
IEDBiogasCHP/MFLW1.FanSpd.rangeC.min.i: 0
IEDBiogasCHP/MFLW1.FanSpd.rangeC.min.f: 0.0
14:23:47.011 [openiec61850-osi-server-7-thread-1] DEBUG com.beanit.openiec61850.ServerAssociation - sub BDA is:IEDBiogasCHP/MFLW1.FanSpd.rangeC.min.i: 0
14:23:47.011 [openiec61850-osi-server-7-thread-1] DEBUG com.beanit.openiec61850.ServerAssociation - sub BDA is:IEDBiogasCHP/MFLW1.FanSpd.rangeC.min.f: 0.0
calling GetDataValues(IEDBiogasCHP/MFLW1.FanSpd.rangeC.min.i)
14:23:47.011 [openiec61850-osi-server-7-thread-1] DEBUG com.beanit.openiec61850.ServerAssociation - Got a GetDataValues request for node: IEDBiogasCHP/MFLW1.FanSpd.rangeC.min.i: 0
calling GetDataValues(IEDBiogasCHP/MFLW1.FanSpd.rangeC.min.f)
14:23:47.012 [openiec61850-osi-server-7-thread-1] DEBUG com.beanit.openiec61850.ServerAssociation - Got a GetDataValues request for node: IEDBiogasCHP/MFLW1.FanSpd.rangeC.min.f: 0.0
calling GetDataValues(IEDBiogasCHP/MFLW1.FanSpd.rangeC.max)
14:23:47.012 [openiec61850-osi-server-7-thread-1] DEBUG com.beanit.openiec61850.ServerAssociation - Got a GetDataValues request for node: IEDBiogasCHP/MFLW1.FanSpd.rangeC.max [CF]
IEDBiogasCHP/MFLW1.FanSpd.rangeC.max.i: 0
IEDBiogasCHP/MFLW1.FanSpd.rangeC.max.f: 0.0
14:23:47.012 [openiec61850-osi-server-7-thread-1] DEBUG com.beanit.openiec61850.ServerAssociation - sub BDA is:IEDBiogasCHP/MFLW1.FanSpd.rangeC.max.i: 0
14:23:47.012 [openiec61850-osi-server-7-thread-1] DEBUG com.beanit.openiec61850.ServerAssociation - sub BDA is:IEDBiogasCHP/MFLW1.FanSpd.rangeC.max.f: 0.0
calling GetDataValues(IEDBiogasCHP/MFLW1.FanSpd.rangeC.max.i)
14:23:47.012 [openiec61850-osi-server-7-thread-1] DEBUG com.beanit.openiec61850.ServerAssociation - Got a GetDataValues request for node: IEDBiogasCHP/MFLW1.FanSpd.rangeC.max.i: 0
calling GetDataValues(IEDBiogasCHP/MFLW1.FanSpd.rangeC.max.f)
14:23:47.012 [openiec61850-osi-server-7-thread-1] DEBUG com.beanit.openiec61850.ServerAssociation - Got a GetDataValues request for node: IEDBiogasCHP/MFLW1.FanSpd.rangeC.max.f: 0.0
calling GetDataValues(IEDBiogasCHP/MFLW1.FanSpd.smpRate)
14:23:47.012 [openiec61850-osi-server-7-thread-1] DEBUG com.beanit.openiec61850.ServerAssociation - Got a GetDataValues request for node: IEDBiogasCHP/MFLW1.FanSpd.smpRate: 0
calling GetDataValues(IEDBiogasCHP/MFLW1.FanSpd)
14:23:47.013 [openiec61850-osi-server-7-thread-1] DEBUG com.beanit.openiec61850.ServerAssociation - Got a GetDataValues request for node: IEDBiogasCHP/MFLW1.FanSpd [DC]
IEDBiogasCHP/MFLW1.FanSpd.d: ''
IEDBiogasCHP/MFLW1.FanSpd.dU: 
14:23:47.013 [openiec61850-osi-server-7-thread-1] DEBUG com.beanit.openiec61850.ServerAssociation - sub BDA is:IEDBiogasCHP/MFLW1.FanSpd.d: ''
14:23:47.013 [openiec61850-osi-server-7-thread-1] DEBUG com.beanit.openiec61850.ServerAssociation - sub BDA is:IEDBiogasCHP/MFLW1.FanSpd.dU: 
calling GetDataValues(IEDBiogasCHP/MFLW1.FanSpd.d)
14:23:47.013 [openiec61850-osi-server-7-thread-1] DEBUG com.beanit.openiec61850.ServerAssociation - Got a GetDataValues request for node: IEDBiogasCHP/MFLW1.FanSpd.d: ''
calling GetDataValues(IEDBiogasCHP/MFLW1.FanSpd.dU)
14:23:47.013 [openiec61850-osi-server-7-thread-1] DEBUG com.beanit.openiec61850.ServerAssociation - Got a GetDataValues request for node: IEDBiogasCHP/MFLW1.FanSpd.dU: 
calling GetDataValues(IEDBiogasCHP/MFLW1.FanSpd)
14:23:47.013 [openiec61850-osi-server-7-thread-1] DEBUG com.beanit.openiec61850.ServerAssociation - Got a GetDataValues request for node: IEDBiogasCHP/MFLW1.FanSpd [EX]
IEDBiogasCHP/MFLW1.FanSpd.cdcNs: ''
IEDBiogasCHP/MFLW1.FanSpd.cdcName: ''
IEDBiogasCHP/MFLW1.FanSpd.dataNs: ''
14:23:47.013 [openiec61850-osi-server-7-thread-1] DEBUG com.beanit.openiec61850.ServerAssociation - sub BDA is:IEDBiogasCHP/MFLW1.FanSpd.cdcNs: ''
14:23:47.013 [openiec61850-osi-server-7-thread-1] DEBUG com.beanit.openiec61850.ServerAssociation - sub BDA is:IEDBiogasCHP/MFLW1.FanSpd.cdcName: ''
14:23:47.013 [openiec61850-osi-server-7-thread-1] DEBUG com.beanit.openiec61850.ServerAssociation - sub BDA is:IEDBiogasCHP/MFLW1.FanSpd.dataNs: ''
calling GetDataValues(IEDBiogasCHP/MFLW1.FanSpd.cdcNs)
14:23:47.013 [openiec61850-osi-server-7-thread-1] DEBUG com.beanit.openiec61850.ServerAssociation - Got a GetDataValues request for node: IEDBiogasCHP/MFLW1.FanSpd.cdcNs: ''
calling GetDataValues(IEDBiogasCHP/MFLW1.FanSpd.cdcName)
14:23:47.013 [openiec61850-osi-server-7-thread-1] DEBUG com.beanit.openiec61850.ServerAssociation - Got a GetDataValues request for node: IEDBiogasCHP/MFLW1.FanSpd.cdcName: ''
calling GetDataValues(IEDBiogasCHP/MFLW1.FanSpd.dataNs)
14:23:47.014 [openiec61850-osi-server-7-thread-1] DEBUG com.beanit.openiec61850.ServerAssociation - Got a GetDataValues request for node: IEDBiogasCHP/MFLW1.FanSpd.dataNs: ''
calling GetDataValues(IEDBiogasCHP/MMXU1.Mod)
14:23:47.014 [openiec61850-osi-server-7-thread-1] DEBUG com.beanit.openiec61850.ServerAssociation - Got a GetDataValues request for node: IEDBiogasCHP/MMXU1.Mod [ST]
IEDBiogasCHP/MMXU1.Mod.origin [ST]
IEDBiogasCHP/MMXU1.Mod.origin.orCat: 0
IEDBiogasCHP/MMXU1.Mod.origin.orIdent: []
IEDBiogasCHP/MMXU1.Mod.ctlNum: 0
IEDBiogasCHP/MMXU1.Mod.stVal: 0
IEDBiogasCHP/MMXU1.Mod.q: 0x00 0x00
IEDBiogasCHP/MMXU1.Mod.t: Thu Jan 01 01:00:00 CET 1970
IEDBiogasCHP/MMXU1.Mod.stSeld: false
14:23:47.014 [openiec61850-osi-server-7-thread-1] DEBUG com.beanit.openiec61850.ServerAssociation - sub BDA is:IEDBiogasCHP/MMXU1.Mod.origin.orCat: 0
14:23:47.014 [openiec61850-osi-server-7-thread-1] DEBUG com.beanit.openiec61850.ServerAssociation - sub BDA is:IEDBiogasCHP/MMXU1.Mod.origin.orIdent: []
14:23:47.014 [openiec61850-osi-server-7-thread-1] DEBUG com.beanit.openiec61850.ServerAssociation - sub BDA is:IEDBiogasCHP/MMXU1.Mod.ctlNum: 0
14:23:47.014 [openiec61850-osi-server-7-thread-1] DEBUG com.beanit.openiec61850.ServerAssociation - sub BDA is:IEDBiogasCHP/MMXU1.Mod.stVal: 0
14:23:47.014 [openiec61850-osi-server-7-thread-1] DEBUG com.beanit.openiec61850.ServerAssociation - sub BDA is:IEDBiogasCHP/MMXU1.Mod.q: 0x00 0x00
14:23:47.014 [openiec61850-osi-server-7-thread-1] DEBUG com.beanit.openiec61850.ServerAssociation - sub BDA is:IEDBiogasCHP/MMXU1.Mod.t: Thu Jan 01 01:00:00 CET 1970
14:23:47.014 [openiec61850-osi-server-7-thread-1] DEBUG com.beanit.openiec61850.ServerAssociation - sub BDA is:IEDBiogasCHP/MMXU1.Mod.stSeld: false
calling GetDataValues(IEDBiogasCHP/MMXU1.Mod.origin)
14:23:47.014 [openiec61850-osi-server-7-thread-1] DEBUG com.beanit.openiec61850.ServerAssociation - Got a GetDataValues request for node: IEDBiogasCHP/MMXU1.Mod.origin [ST]
IEDBiogasCHP/MMXU1.Mod.origin.orCat: 0
IEDBiogasCHP/MMXU1.Mod.origin.orIdent: []
14:23:47.014 [openiec61850-osi-server-7-thread-1] DEBUG com.beanit.openiec61850.ServerAssociation - sub BDA is:IEDBiogasCHP/MMXU1.Mod.origin.orCat: 0
14:23:47.014 [openiec61850-osi-server-7-thread-1] DEBUG com.beanit.openiec61850.ServerAssociation - sub BDA is:IEDBiogasCHP/MMXU1.Mod.origin.orIdent: []
calling GetDataValues(IEDBiogasCHP/MMXU1.Mod.origin.orCat)
14:23:47.014 [openiec61850-osi-server-7-thread-1] DEBUG com.beanit.openiec61850.ServerAssociation - Got a GetDataValues request for node: IEDBiogasCHP/MMXU1.Mod.origin.orCat: 0
calling GetDataValues(IEDBiogasCHP/MMXU1.Mod.origin.orIdent)
14:23:47.014 [openiec61850-osi-server-7-thread-1] DEBUG com.beanit.openiec61850.ServerAssociation - Got a GetDataValues request for node: IEDBiogasCHP/MMXU1.Mod.origin.orIdent: []
calling GetDataValues(IEDBiogasCHP/MMXU1.Mod.ctlNum)
14:23:47.015 [openiec61850-osi-server-7-thread-1] DEBUG com.beanit.openiec61850.ServerAssociation - Got a GetDataValues request for node: IEDBiogasCHP/MMXU1.Mod.ctlNum: 0
calling GetDataValues(IEDBiogasCHP/MMXU1.Mod.stVal)
14:23:47.015 [openiec61850-osi-server-7-thread-1] DEBUG com.beanit.openiec61850.ServerAssociation - Got a GetDataValues request for node: IEDBiogasCHP/MMXU1.Mod.stVal: 0
calling GetDataValues(IEDBiogasCHP/MMXU1.Mod.q)
14:23:47.015 [openiec61850-osi-server-7-thread-1] DEBUG com.beanit.openiec61850.ServerAssociation - Got a GetDataValues request for node: IEDBiogasCHP/MMXU1.Mod.q: 0x00 0x00
calling GetDataValues(IEDBiogasCHP/MMXU1.Mod.t)
14:23:47.015 [openiec61850-osi-server-7-thread-1] DEBUG com.beanit.openiec61850.ServerAssociation - Got a GetDataValues request for node: IEDBiogasCHP/MMXU1.Mod.t: Thu Jan 01 01:00:00 CET 1970
calling GetDataValues(IEDBiogasCHP/MMXU1.Mod.stSeld)
14:23:47.015 [openiec61850-osi-server-7-thread-1] DEBUG com.beanit.openiec61850.ServerAssociation - Got a GetDataValues request for node: IEDBiogasCHP/MMXU1.Mod.stSeld: false
calling GetDataValues(IEDBiogasCHP/MMXU1.Mod)
14:23:47.015 [openiec61850-osi-server-7-thread-1] DEBUG com.beanit.openiec61850.ServerAssociation - Got a GetDataValues request for node: IEDBiogasCHP/MMXU1.Mod [SV]
IEDBiogasCHP/MMXU1.Mod.subEna: false
IEDBiogasCHP/MMXU1.Mod.subVal: 0
IEDBiogasCHP/MMXU1.Mod.subQ: 0x00 0x00
IEDBiogasCHP/MMXU1.Mod.subID: ''
14:23:47.015 [openiec61850-osi-server-7-thread-1] DEBUG com.beanit.openiec61850.ServerAssociation - sub BDA is:IEDBiogasCHP/MMXU1.Mod.subEna: false
14:23:47.015 [openiec61850-osi-server-7-thread-1] DEBUG com.beanit.openiec61850.ServerAssociation - sub BDA is:IEDBiogasCHP/MMXU1.Mod.subVal: 0
14:23:47.015 [openiec61850-osi-server-7-thread-1] DEBUG com.beanit.openiec61850.ServerAssociation - sub BDA is:IEDBiogasCHP/MMXU1.Mod.subQ: 0x00 0x00
14:23:47.015 [openiec61850-osi-server-7-thread-1] DEBUG com.beanit.openiec61850.ServerAssociation - sub BDA is:IEDBiogasCHP/MMXU1.Mod.subID: ''
calling GetDataValues(IEDBiogasCHP/MMXU1.Mod.subEna)
14:23:47.016 [openiec61850-osi-server-7-thread-1] DEBUG com.beanit.openiec61850.ServerAssociation - Got a GetDataValues request for node: IEDBiogasCHP/MMXU1.Mod.subEna: false
calling GetDataValues(IEDBiogasCHP/MMXU1.Mod.subVal)
14:23:47.016 [openiec61850-osi-server-7-thread-1] DEBUG com.beanit.openiec61850.ServerAssociation - Got a GetDataValues request for node: IEDBiogasCHP/MMXU1.Mod.subVal: 0
calling GetDataValues(IEDBiogasCHP/MMXU1.Mod.subQ)
14:23:47.016 [openiec61850-osi-server-7-thread-1] DEBUG com.beanit.openiec61850.ServerAssociation - Got a GetDataValues request for node: IEDBiogasCHP/MMXU1.Mod.subQ: 0x00 0x00
calling GetDataValues(IEDBiogasCHP/MMXU1.Mod.subID)
14:23:47.016 [openiec61850-osi-server-7-thread-1] DEBUG com.beanit.openiec61850.ServerAssociation - Got a GetDataValues request for node: IEDBiogasCHP/MMXU1.Mod.subID: ''
calling GetDataValues(IEDBiogasCHP/MMXU1.Mod)
14:23:47.016 [openiec61850-osi-server-7-thread-1] DEBUG com.beanit.openiec61850.ServerAssociation - Got a GetDataValues request for node: IEDBiogasCHP/MMXU1.Mod [CF]
IEDBiogasCHP/MMXU1.Mod.ctlModel: 0
IEDBiogasCHP/MMXU1.Mod.sboTimeout: 0
IEDBiogasCHP/MMXU1.Mod.sboClass: 0
IEDBiogasCHP/MMXU1.Mod.minVal: 0
IEDBiogasCHP/MMXU1.Mod.maxVal: 0
IEDBiogasCHP/MMXU1.Mod.stepSize: 0
14:23:47.016 [openiec61850-osi-server-7-thread-1] DEBUG com.beanit.openiec61850.ServerAssociation - sub BDA is:IEDBiogasCHP/MMXU1.Mod.ctlModel: 0
14:23:47.016 [openiec61850-osi-server-7-thread-1] DEBUG com.beanit.openiec61850.ServerAssociation - sub BDA is:IEDBiogasCHP/MMXU1.Mod.sboTimeout: 0
14:23:47.016 [openiec61850-osi-server-7-thread-1] DEBUG com.beanit.openiec61850.ServerAssociation - sub BDA is:IEDBiogasCHP/MMXU1.Mod.sboClass: 0
14:23:47.016 [openiec61850-osi-server-7-thread-1] DEBUG com.beanit.openiec61850.ServerAssociation - sub BDA is:IEDBiogasCHP/MMXU1.Mod.minVal: 0
14:23:47.016 [openiec61850-osi-server-7-thread-1] DEBUG com.beanit.openiec61850.ServerAssociation - sub BDA is:IEDBiogasCHP/MMXU1.Mod.maxVal: 0
14:23:47.016 [openiec61850-osi-server-7-thread-1] DEBUG com.beanit.openiec61850.ServerAssociation - sub BDA is:IEDBiogasCHP/MMXU1.Mod.stepSize: 0
calling GetDataValues(IEDBiogasCHP/MMXU1.Mod.ctlModel)
14:23:47.016 [openiec61850-osi-server-7-thread-1] DEBUG com.beanit.openiec61850.ServerAssociation - Got a GetDataValues request for node: IEDBiogasCHP/MMXU1.Mod.ctlModel: 0
calling GetDataValues(IEDBiogasCHP/MMXU1.Mod.sboTimeout)
14:23:47.017 [openiec61850-osi-server-7-thread-1] DEBUG com.beanit.openiec61850.ServerAssociation - Got a GetDataValues request for node: IEDBiogasCHP/MMXU1.Mod.sboTimeout: 0
calling GetDataValues(IEDBiogasCHP/MMXU1.Mod.sboClass)
14:23:47.017 [openiec61850-osi-server-7-thread-1] DEBUG com.beanit.openiec61850.ServerAssociation - Got a GetDataValues request for node: IEDBiogasCHP/MMXU1.Mod.sboClass: 0
calling GetDataValues(IEDBiogasCHP/MMXU1.Mod.minVal)
14:23:47.017 [openiec61850-osi-server-7-thread-1] DEBUG com.beanit.openiec61850.ServerAssociation - Got a GetDataValues request for node: IEDBiogasCHP/MMXU1.Mod.minVal: 0
calling GetDataValues(IEDBiogasCHP/MMXU1.Mod.maxVal)
14:23:47.017 [openiec61850-osi-server-7-thread-1] DEBUG com.beanit.openiec61850.ServerAssociation - Got a GetDataValues request for node: IEDBiogasCHP/MMXU1.Mod.maxVal: 0
calling GetDataValues(IEDBiogasCHP/MMXU1.Mod.stepSize)
14:23:47.017 [openiec61850-osi-server-7-thread-1] DEBUG com.beanit.openiec61850.ServerAssociation - Got a GetDataValues request for node: IEDBiogasCHP/MMXU1.Mod.stepSize: 0
calling GetDataValues(IEDBiogasCHP/MMXU1.Mod)
14:23:47.017 [openiec61850-osi-server-7-thread-1] DEBUG com.beanit.openiec61850.ServerAssociation - Got a GetDataValues request for node: IEDBiogasCHP/MMXU1.Mod [DC]
IEDBiogasCHP/MMXU1.Mod.d: ''
IEDBiogasCHP/MMXU1.Mod.dU: 
14:23:47.017 [openiec61850-osi-server-7-thread-1] DEBUG com.beanit.openiec61850.ServerAssociation - sub BDA is:IEDBiogasCHP/MMXU1.Mod.d: ''
14:23:47.017 [openiec61850-osi-server-7-thread-1] DEBUG com.beanit.openiec61850.ServerAssociation - sub BDA is:IEDBiogasCHP/MMXU1.Mod.dU: 
calling GetDataValues(IEDBiogasCHP/MMXU1.Mod.d)
14:23:47.018 [openiec61850-osi-server-7-thread-1] DEBUG com.beanit.openiec61850.ServerAssociation - Got a GetDataValues request for node: IEDBiogasCHP/MMXU1.Mod.d: ''
calling GetDataValues(IEDBiogasCHP/MMXU1.Mod.dU)
14:23:47.018 [openiec61850-osi-server-7-thread-1] DEBUG com.beanit.openiec61850.ServerAssociation - Got a GetDataValues request for node: IEDBiogasCHP/MMXU1.Mod.dU: 
calling GetDataValues(IEDBiogasCHP/MMXU1.Mod)
14:23:47.018 [openiec61850-osi-server-7-thread-1] DEBUG com.beanit.openiec61850.ServerAssociation - Got a GetDataValues request for node: IEDBiogasCHP/MMXU1.Mod [EX]
IEDBiogasCHP/MMXU1.Mod.cdcNs: ''
IEDBiogasCHP/MMXU1.Mod.cdcName: ''
IEDBiogasCHP/MMXU1.Mod.dataNs: ''
14:23:47.018 [openiec61850-osi-server-7-thread-1] DEBUG com.beanit.openiec61850.ServerAssociation - sub BDA is:IEDBiogasCHP/MMXU1.Mod.cdcNs: ''
14:23:47.018 [openiec61850-osi-server-7-thread-1] DEBUG com.beanit.openiec61850.ServerAssociation - sub BDA is:IEDBiogasCHP/MMXU1.Mod.cdcName: ''
14:23:47.018 [openiec61850-osi-server-7-thread-1] DEBUG com.beanit.openiec61850.ServerAssociation - sub BDA is:IEDBiogasCHP/MMXU1.Mod.dataNs: ''
calling GetDataValues(IEDBiogasCHP/MMXU1.Mod.cdcNs)
14:23:47.018 [openiec61850-osi-server-7-thread-1] DEBUG com.beanit.openiec61850.ServerAssociation - Got a GetDataValues request for node: IEDBiogasCHP/MMXU1.Mod.cdcNs: ''
calling GetDataValues(IEDBiogasCHP/MMXU1.Mod.cdcName)
14:23:47.018 [openiec61850-osi-server-7-thread-1] DEBUG com.beanit.openiec61850.ServerAssociation - Got a GetDataValues request for node: IEDBiogasCHP/MMXU1.Mod.cdcName: ''
calling GetDataValues(IEDBiogasCHP/MMXU1.Mod.dataNs)
14:23:47.018 [openiec61850-osi-server-7-thread-1] DEBUG com.beanit.openiec61850.ServerAssociation - Got a GetDataValues request for node: IEDBiogasCHP/MMXU1.Mod.dataNs: ''
calling GetDataValues(IEDBiogasCHP/MMXU1.Beh)
14:23:47.019 [openiec61850-osi-server-7-thread-1] DEBUG com.beanit.openiec61850.ServerAssociation - Got a GetDataValues request for node: IEDBiogasCHP/MMXU1.Beh [ST]
IEDBiogasCHP/MMXU1.Beh.stVal: 0
IEDBiogasCHP/MMXU1.Beh.q: 0x00 0x00
IEDBiogasCHP/MMXU1.Beh.t: Thu Jan 01 01:00:00 CET 1970
14:23:47.019 [openiec61850-osi-server-7-thread-1] DEBUG com.beanit.openiec61850.ServerAssociation - sub BDA is:IEDBiogasCHP/MMXU1.Beh.stVal: 0
14:23:47.019 [openiec61850-osi-server-7-thread-1] DEBUG com.beanit.openiec61850.ServerAssociation - sub BDA is:IEDBiogasCHP/MMXU1.Beh.q: 0x00 0x00
14:23:47.019 [openiec61850-osi-server-7-thread-1] DEBUG com.beanit.openiec61850.ServerAssociation - sub BDA is:IEDBiogasCHP/MMXU1.Beh.t: Thu Jan 01 01:00:00 CET 1970
calling GetDataValues(IEDBiogasCHP/MMXU1.Beh.stVal)
14:23:47.019 [openiec61850-osi-server-7-thread-1] DEBUG com.beanit.openiec61850.ServerAssociation - Got a GetDataValues request for node: IEDBiogasCHP/MMXU1.Beh.stVal: 0
calling GetDataValues(IEDBiogasCHP/MMXU1.Beh.q)
14:23:47.019 [openiec61850-osi-server-7-thread-1] DEBUG com.beanit.openiec61850.ServerAssociation - Got a GetDataValues request for node: IEDBiogasCHP/MMXU1.Beh.q: 0x00 0x00
calling GetDataValues(IEDBiogasCHP/MMXU1.Beh.t)
14:23:47.019 [openiec61850-osi-server-7-thread-1] DEBUG com.beanit.openiec61850.ServerAssociation - Got a GetDataValues request for node: IEDBiogasCHP/MMXU1.Beh.t: Thu Jan 01 01:00:00 CET 1970
calling GetDataValues(IEDBiogasCHP/MMXU1.Beh)
14:23:47.019 [openiec61850-osi-server-7-thread-1] DEBUG com.beanit.openiec61850.ServerAssociation - Got a GetDataValues request for node: IEDBiogasCHP/MMXU1.Beh [SV]
IEDBiogasCHP/MMXU1.Beh.subEna: false
IEDBiogasCHP/MMXU1.Beh.subVal: 0
IEDBiogasCHP/MMXU1.Beh.subQ: 0x00 0x00
IEDBiogasCHP/MMXU1.Beh.subID: ''
14:23:47.019 [openiec61850-osi-server-7-thread-1] DEBUG com.beanit.openiec61850.ServerAssociation - sub BDA is:IEDBiogasCHP/MMXU1.Beh.subEna: false
14:23:47.019 [openiec61850-osi-server-7-thread-1] DEBUG com.beanit.openiec61850.ServerAssociation - sub BDA is:IEDBiogasCHP/MMXU1.Beh.subVal: 0
14:23:47.019 [openiec61850-osi-server-7-thread-1] DEBUG com.beanit.openiec61850.ServerAssociation - sub BDA is:IEDBiogasCHP/MMXU1.Beh.subQ: 0x00 0x00
14:23:47.019 [openiec61850-osi-server-7-thread-1] DEBUG com.beanit.openiec61850.ServerAssociation - sub BDA is:IEDBiogasCHP/MMXU1.Beh.subID: ''
calling GetDataValues(IEDBiogasCHP/MMXU1.Beh.subEna)
14:23:47.019 [openiec61850-osi-server-7-thread-1] DEBUG com.beanit.openiec61850.ServerAssociation - Got a GetDataValues request for node: IEDBiogasCHP/MMXU1.Beh.subEna: false
calling GetDataValues(IEDBiogasCHP/MMXU1.Beh.subVal)
14:23:47.020 [openiec61850-osi-server-7-thread-1] DEBUG com.beanit.openiec61850.ServerAssociation - Got a GetDataValues request for node: IEDBiogasCHP/MMXU1.Beh.subVal: 0
calling GetDataValues(IEDBiogasCHP/MMXU1.Beh.subQ)
14:23:47.020 [openiec61850-osi-server-7-thread-1] DEBUG com.beanit.openiec61850.ServerAssociation - Got a GetDataValues request for node: IEDBiogasCHP/MMXU1.Beh.subQ: 0x00 0x00
calling GetDataValues(IEDBiogasCHP/MMXU1.Beh.subID)
14:23:47.020 [openiec61850-osi-server-7-thread-1] DEBUG com.beanit.openiec61850.ServerAssociation - Got a GetDataValues request for node: IEDBiogasCHP/MMXU1.Beh.subID: ''
calling GetDataValues(IEDBiogasCHP/MMXU1.Beh)
14:23:47.020 [openiec61850-osi-server-7-thread-1] DEBUG com.beanit.openiec61850.ServerAssociation - Got a GetDataValues request for node: IEDBiogasCHP/MMXU1.Beh [DC]
IEDBiogasCHP/MMXU1.Beh.d: ''
IEDBiogasCHP/MMXU1.Beh.dU: 
14:23:47.020 [openiec61850-osi-server-7-thread-1] DEBUG com.beanit.openiec61850.ServerAssociation - sub BDA is:IEDBiogasCHP/MMXU1.Beh.d: ''
14:23:47.020 [openiec61850-osi-server-7-thread-1] DEBUG com.beanit.openiec61850.ServerAssociation - sub BDA is:IEDBiogasCHP/MMXU1.Beh.dU: 
calling GetDataValues(IEDBiogasCHP/MMXU1.Beh.d)
14:23:47.020 [openiec61850-osi-server-7-thread-1] DEBUG com.beanit.openiec61850.ServerAssociation - Got a GetDataValues request for node: IEDBiogasCHP/MMXU1.Beh.d: ''
calling GetDataValues(IEDBiogasCHP/MMXU1.Beh.dU)
14:23:47.020 [openiec61850-osi-server-7-thread-1] DEBUG com.beanit.openiec61850.ServerAssociation - Got a GetDataValues request for node: IEDBiogasCHP/MMXU1.Beh.dU: 
calling GetDataValues(IEDBiogasCHP/MMXU1.Beh)
14:23:47.020 [openiec61850-osi-server-7-thread-1] DEBUG com.beanit.openiec61850.ServerAssociation - Got a GetDataValues request for node: IEDBiogasCHP/MMXU1.Beh [EX]
IEDBiogasCHP/MMXU1.Beh.cdcNs: ''
IEDBiogasCHP/MMXU1.Beh.cdcName: ''
IEDBiogasCHP/MMXU1.Beh.dataNs: ''
14:23:47.020 [openiec61850-osi-server-7-thread-1] DEBUG com.beanit.openiec61850.ServerAssociation - sub BDA is:IEDBiogasCHP/MMXU1.Beh.cdcNs: ''
14:23:47.020 [openiec61850-osi-server-7-thread-1] DEBUG com.beanit.openiec61850.ServerAssociation - sub BDA is:IEDBiogasCHP/MMXU1.Beh.cdcName: ''
14:23:47.020 [openiec61850-osi-server-7-thread-1] DEBUG com.beanit.openiec61850.ServerAssociation - sub BDA is:IEDBiogasCHP/MMXU1.Beh.dataNs: ''
calling GetDataValues(IEDBiogasCHP/MMXU1.Beh.cdcNs)
14:23:47.021 [openiec61850-osi-server-7-thread-1] DEBUG com.beanit.openiec61850.ServerAssociation - Got a GetDataValues request for node: IEDBiogasCHP/MMXU1.Beh.cdcNs: ''
calling GetDataValues(IEDBiogasCHP/MMXU1.Beh.cdcName)
14:23:47.021 [openiec61850-osi-server-7-thread-1] DEBUG com.beanit.openiec61850.ServerAssociation - Got a GetDataValues request for node: IEDBiogasCHP/MMXU1.Beh.cdcName: ''
calling GetDataValues(IEDBiogasCHP/MMXU1.Beh.dataNs)
14:23:47.021 [openiec61850-osi-server-7-thread-1] DEBUG com.beanit.openiec61850.ServerAssociation - Got a GetDataValues request for node: IEDBiogasCHP/MMXU1.Beh.dataNs: ''
calling GetDataValues(IEDBiogasCHP/MMXU1.Health)
14:23:47.021 [openiec61850-osi-server-7-thread-1] DEBUG com.beanit.openiec61850.ServerAssociation - Got a GetDataValues request for node: IEDBiogasCHP/MMXU1.Health [ST]
IEDBiogasCHP/MMXU1.Health.stVal: 0
IEDBiogasCHP/MMXU1.Health.q: 0x00 0x00
IEDBiogasCHP/MMXU1.Health.t: Thu Jan 01 01:00:00 CET 1970
14:23:47.021 [openiec61850-osi-server-7-thread-1] DEBUG com.beanit.openiec61850.ServerAssociation - sub BDA is:IEDBiogasCHP/MMXU1.Health.stVal: 0
14:23:47.021 [openiec61850-osi-server-7-thread-1] DEBUG com.beanit.openiec61850.ServerAssociation - sub BDA is:IEDBiogasCHP/MMXU1.Health.q: 0x00 0x00
14:23:47.021 [openiec61850-osi-server-7-thread-1] DEBUG com.beanit.openiec61850.ServerAssociation - sub BDA is:IEDBiogasCHP/MMXU1.Health.t: Thu Jan 01 01:00:00 CET 1970
calling GetDataValues(IEDBiogasCHP/MMXU1.Health.stVal)
14:23:47.021 [openiec61850-osi-server-7-thread-1] DEBUG com.beanit.openiec61850.ServerAssociation - Got a GetDataValues request for node: IEDBiogasCHP/MMXU1.Health.stVal: 0
calling GetDataValues(IEDBiogasCHP/MMXU1.Health.q)
14:23:47.021 [openiec61850-osi-server-7-thread-1] DEBUG com.beanit.openiec61850.ServerAssociation - Got a GetDataValues request for node: IEDBiogasCHP/MMXU1.Health.q: 0x00 0x00
calling GetDataValues(IEDBiogasCHP/MMXU1.Health.t)
14:23:47.022 [openiec61850-osi-server-7-thread-1] DEBUG com.beanit.openiec61850.ServerAssociation - Got a GetDataValues request for node: IEDBiogasCHP/MMXU1.Health.t: Thu Jan 01 01:00:00 CET 1970
calling GetDataValues(IEDBiogasCHP/MMXU1.Health)
14:23:47.022 [openiec61850-osi-server-7-thread-1] DEBUG com.beanit.openiec61850.ServerAssociation - Got a GetDataValues request for node: IEDBiogasCHP/MMXU1.Health [SV]
IEDBiogasCHP/MMXU1.Health.subEna: false
IEDBiogasCHP/MMXU1.Health.subVal: 0
IEDBiogasCHP/MMXU1.Health.subQ: 0x00 0x00
IEDBiogasCHP/MMXU1.Health.subID: ''
14:23:47.022 [openiec61850-osi-server-7-thread-1] DEBUG com.beanit.openiec61850.ServerAssociation - sub BDA is:IEDBiogasCHP/MMXU1.Health.subEna: false
14:23:47.022 [openiec61850-osi-server-7-thread-1] DEBUG com.beanit.openiec61850.ServerAssociation - sub BDA is:IEDBiogasCHP/MMXU1.Health.subVal: 0
14:23:47.022 [openiec61850-osi-server-7-thread-1] DEBUG com.beanit.openiec61850.ServerAssociation - sub BDA is:IEDBiogasCHP/MMXU1.Health.subQ: 0x00 0x00
14:23:47.022 [openiec61850-osi-server-7-thread-1] DEBUG com.beanit.openiec61850.ServerAssociation - sub BDA is:IEDBiogasCHP/MMXU1.Health.subID: ''
calling GetDataValues(IEDBiogasCHP/MMXU1.Health.subEna)
14:23:47.022 [openiec61850-osi-server-7-thread-1] DEBUG com.beanit.openiec61850.ServerAssociation - Got a GetDataValues request for node: IEDBiogasCHP/MMXU1.Health.subEna: false
calling GetDataValues(IEDBiogasCHP/MMXU1.Health.subVal)
14:23:47.022 [openiec61850-osi-server-7-thread-1] DEBUG com.beanit.openiec61850.ServerAssociation - Got a GetDataValues request for node: IEDBiogasCHP/MMXU1.Health.subVal: 0
calling GetDataValues(IEDBiogasCHP/MMXU1.Health.subQ)
14:23:47.022 [openiec61850-osi-server-7-thread-1] DEBUG com.beanit.openiec61850.ServerAssociation - Got a GetDataValues request for node: IEDBiogasCHP/MMXU1.Health.subQ: 0x00 0x00
calling GetDataValues(IEDBiogasCHP/MMXU1.Health.subID)
14:23:47.022 [openiec61850-osi-server-7-thread-1] DEBUG com.beanit.openiec61850.ServerAssociation - Got a GetDataValues request for node: IEDBiogasCHP/MMXU1.Health.subID: ''
calling GetDataValues(IEDBiogasCHP/MMXU1.Health)
14:23:47.022 [openiec61850-osi-server-7-thread-1] DEBUG com.beanit.openiec61850.ServerAssociation - Got a GetDataValues request for node: IEDBiogasCHP/MMXU1.Health [DC]
IEDBiogasCHP/MMXU1.Health.d: ''
IEDBiogasCHP/MMXU1.Health.dU: 
14:23:47.022 [openiec61850-osi-server-7-thread-1] DEBUG com.beanit.openiec61850.ServerAssociation - sub BDA is:IEDBiogasCHP/MMXU1.Health.d: ''
14:23:47.022 [openiec61850-osi-server-7-thread-1] DEBUG com.beanit.openiec61850.ServerAssociation - sub BDA is:IEDBiogasCHP/MMXU1.Health.dU: 
calling GetDataValues(IEDBiogasCHP/MMXU1.Health.d)
14:23:47.023 [openiec61850-osi-server-7-thread-1] DEBUG com.beanit.openiec61850.ServerAssociation - Got a GetDataValues request for node: IEDBiogasCHP/MMXU1.Health.d: ''
calling GetDataValues(IEDBiogasCHP/MMXU1.Health.dU)
14:23:47.023 [openiec61850-osi-server-7-thread-1] DEBUG com.beanit.openiec61850.ServerAssociation - Got a GetDataValues request for node: IEDBiogasCHP/MMXU1.Health.dU: 
calling GetDataValues(IEDBiogasCHP/MMXU1.Health)
14:23:47.023 [openiec61850-osi-server-7-thread-1] DEBUG com.beanit.openiec61850.ServerAssociation - Got a GetDataValues request for node: IEDBiogasCHP/MMXU1.Health [EX]
IEDBiogasCHP/MMXU1.Health.cdcNs: ''
IEDBiogasCHP/MMXU1.Health.cdcName: ''
IEDBiogasCHP/MMXU1.Health.dataNs: ''
14:23:47.023 [openiec61850-osi-server-7-thread-1] DEBUG com.beanit.openiec61850.ServerAssociation - sub BDA is:IEDBiogasCHP/MMXU1.Health.cdcNs: ''
14:23:47.023 [openiec61850-osi-server-7-thread-1] DEBUG com.beanit.openiec61850.ServerAssociation - sub BDA is:IEDBiogasCHP/MMXU1.Health.cdcName: ''
14:23:47.023 [openiec61850-osi-server-7-thread-1] DEBUG com.beanit.openiec61850.ServerAssociation - sub BDA is:IEDBiogasCHP/MMXU1.Health.dataNs: ''
calling GetDataValues(IEDBiogasCHP/MMXU1.Health.cdcNs)
14:23:47.023 [openiec61850-osi-server-7-thread-1] DEBUG com.beanit.openiec61850.ServerAssociation - Got a GetDataValues request for node: IEDBiogasCHP/MMXU1.Health.cdcNs: ''
calling GetDataValues(IEDBiogasCHP/MMXU1.Health.cdcName)
14:23:47.023 [openiec61850-osi-server-7-thread-1] DEBUG com.beanit.openiec61850.ServerAssociation - Got a GetDataValues request for node: IEDBiogasCHP/MMXU1.Health.cdcName: ''
calling GetDataValues(IEDBiogasCHP/MMXU1.Health.dataNs)
14:23:47.023 [openiec61850-osi-server-7-thread-1] DEBUG com.beanit.openiec61850.ServerAssociation - Got a GetDataValues request for node: IEDBiogasCHP/MMXU1.Health.dataNs: ''
calling GetDataValues(IEDBiogasCHP/MMXU1.NamPlt)
14:23:47.023 [openiec61850-osi-server-7-thread-1] DEBUG com.beanit.openiec61850.ServerAssociation - Got a GetDataValues request for node: IEDBiogasCHP/MMXU1.NamPlt [DC]
IEDBiogasCHP/MMXU1.NamPlt.vendor: ''
IEDBiogasCHP/MMXU1.NamPlt.swRev: ''
IEDBiogasCHP/MMXU1.NamPlt.d: ''
IEDBiogasCHP/MMXU1.NamPlt.dU: 
IEDBiogasCHP/MMXU1.NamPlt.configRev: ''
14:23:47.023 [openiec61850-osi-server-7-thread-1] DEBUG com.beanit.openiec61850.ServerAssociation - sub BDA is:IEDBiogasCHP/MMXU1.NamPlt.vendor: ''
14:23:47.023 [openiec61850-osi-server-7-thread-1] DEBUG com.beanit.openiec61850.ServerAssociation - sub BDA is:IEDBiogasCHP/MMXU1.NamPlt.swRev: ''
14:23:47.023 [openiec61850-osi-server-7-thread-1] DEBUG com.beanit.openiec61850.ServerAssociation - sub BDA is:IEDBiogasCHP/MMXU1.NamPlt.d: ''
14:23:47.023 [openiec61850-osi-server-7-thread-1] DEBUG com.beanit.openiec61850.ServerAssociation - sub BDA is:IEDBiogasCHP/MMXU1.NamPlt.dU: 
14:23:47.023 [openiec61850-osi-server-7-thread-1] DEBUG com.beanit.openiec61850.ServerAssociation - sub BDA is:IEDBiogasCHP/MMXU1.NamPlt.configRev: ''
calling GetDataValues(IEDBiogasCHP/MMXU1.NamPlt.vendor)
14:23:47.024 [openiec61850-osi-server-7-thread-1] DEBUG com.beanit.openiec61850.ServerAssociation - Got a GetDataValues request for node: IEDBiogasCHP/MMXU1.NamPlt.vendor: ''
calling GetDataValues(IEDBiogasCHP/MMXU1.NamPlt.swRev)
14:23:47.024 [openiec61850-osi-server-7-thread-1] DEBUG com.beanit.openiec61850.ServerAssociation - Got a GetDataValues request for node: IEDBiogasCHP/MMXU1.NamPlt.swRev: ''
calling GetDataValues(IEDBiogasCHP/MMXU1.NamPlt.d)
14:23:47.024 [openiec61850-osi-server-7-thread-1] DEBUG com.beanit.openiec61850.ServerAssociation - Got a GetDataValues request for node: IEDBiogasCHP/MMXU1.NamPlt.d: ''
calling GetDataValues(IEDBiogasCHP/MMXU1.NamPlt.dU)
14:23:47.024 [openiec61850-osi-server-7-thread-1] DEBUG com.beanit.openiec61850.ServerAssociation - Got a GetDataValues request for node: IEDBiogasCHP/MMXU1.NamPlt.dU: 
calling GetDataValues(IEDBiogasCHP/MMXU1.NamPlt.configRev)
14:23:47.024 [openiec61850-osi-server-7-thread-1] DEBUG com.beanit.openiec61850.ServerAssociation - Got a GetDataValues request for node: IEDBiogasCHP/MMXU1.NamPlt.configRev: ''
calling GetDataValues(IEDBiogasCHP/MMXU1.NamPlt)
14:23:47.024 [openiec61850-osi-server-7-thread-1] DEBUG com.beanit.openiec61850.ServerAssociation - Got a GetDataValues request for node: IEDBiogasCHP/MMXU1.NamPlt [EX]
IEDBiogasCHP/MMXU1.NamPlt.ldNs: ''
IEDBiogasCHP/MMXU1.NamPlt.lnNs: ''
IEDBiogasCHP/MMXU1.NamPlt.cdcNs: ''
IEDBiogasCHP/MMXU1.NamPlt.cdcName: ''
IEDBiogasCHP/MMXU1.NamPlt.dataNs: ''
14:23:47.024 [openiec61850-osi-server-7-thread-1] DEBUG com.beanit.openiec61850.ServerAssociation - sub BDA is:IEDBiogasCHP/MMXU1.NamPlt.ldNs: ''
14:23:47.024 [openiec61850-osi-server-7-thread-1] DEBUG com.beanit.openiec61850.ServerAssociation - sub BDA is:IEDBiogasCHP/MMXU1.NamPlt.lnNs: ''
14:23:47.024 [openiec61850-osi-server-7-thread-1] DEBUG com.beanit.openiec61850.ServerAssociation - sub BDA is:IEDBiogasCHP/MMXU1.NamPlt.cdcNs: ''
14:23:47.024 [openiec61850-osi-server-7-thread-1] DEBUG com.beanit.openiec61850.ServerAssociation - sub BDA is:IEDBiogasCHP/MMXU1.NamPlt.cdcName: ''
14:23:47.024 [openiec61850-osi-server-7-thread-1] DEBUG com.beanit.openiec61850.ServerAssociation - sub BDA is:IEDBiogasCHP/MMXU1.NamPlt.dataNs: ''
calling GetDataValues(IEDBiogasCHP/MMXU1.NamPlt.ldNs)
14:23:47.025 [openiec61850-osi-server-7-thread-1] DEBUG com.beanit.openiec61850.ServerAssociation - Got a GetDataValues request for node: IEDBiogasCHP/MMXU1.NamPlt.ldNs: ''
calling GetDataValues(IEDBiogasCHP/MMXU1.NamPlt.lnNs)
14:23:47.025 [openiec61850-osi-server-7-thread-1] DEBUG com.beanit.openiec61850.ServerAssociation - Got a GetDataValues request for node: IEDBiogasCHP/MMXU1.NamPlt.lnNs: ''
calling GetDataValues(IEDBiogasCHP/MMXU1.NamPlt.cdcNs)
14:23:47.025 [openiec61850-osi-server-7-thread-1] DEBUG com.beanit.openiec61850.ServerAssociation - Got a GetDataValues request for node: IEDBiogasCHP/MMXU1.NamPlt.cdcNs: ''
calling GetDataValues(IEDBiogasCHP/MMXU1.NamPlt.cdcName)
14:23:47.025 [openiec61850-osi-server-7-thread-1] DEBUG com.beanit.openiec61850.ServerAssociation - Got a GetDataValues request for node: IEDBiogasCHP/MMXU1.NamPlt.cdcName: ''
calling GetDataValues(IEDBiogasCHP/MMXU1.NamPlt.dataNs)
14:23:47.025 [openiec61850-osi-server-7-thread-1] DEBUG com.beanit.openiec61850.ServerAssociation - Got a GetDataValues request for node: IEDBiogasCHP/MMXU1.NamPlt.dataNs: ''
calling GetDataValues(IEDBiogasCHP/MMXU1.EEHealth)
14:23:47.025 [openiec61850-osi-server-7-thread-1] DEBUG com.beanit.openiec61850.ServerAssociation - Got a GetDataValues request for node: IEDBiogasCHP/MMXU1.EEHealth [ST]
IEDBiogasCHP/MMXU1.EEHealth.stVal: 0
IEDBiogasCHP/MMXU1.EEHealth.q: 0x00 0x00
IEDBiogasCHP/MMXU1.EEHealth.t: Thu Jan 01 01:00:00 CET 1970
14:23:47.025 [openiec61850-osi-server-7-thread-1] DEBUG com.beanit.openiec61850.ServerAssociation - sub BDA is:IEDBiogasCHP/MMXU1.EEHealth.stVal: 0
14:23:47.025 [openiec61850-osi-server-7-thread-1] DEBUG com.beanit.openiec61850.ServerAssociation - sub BDA is:IEDBiogasCHP/MMXU1.EEHealth.q: 0x00 0x00
14:23:47.025 [openiec61850-osi-server-7-thread-1] DEBUG com.beanit.openiec61850.ServerAssociation - sub BDA is:IEDBiogasCHP/MMXU1.EEHealth.t: Thu Jan 01 01:00:00 CET 1970
calling GetDataValues(IEDBiogasCHP/MMXU1.EEHealth.stVal)
14:23:47.025 [openiec61850-osi-server-7-thread-1] DEBUG com.beanit.openiec61850.ServerAssociation - Got a GetDataValues request for node: IEDBiogasCHP/MMXU1.EEHealth.stVal: 0
calling GetDataValues(IEDBiogasCHP/MMXU1.EEHealth.q)
14:23:47.025 [openiec61850-osi-server-7-thread-1] DEBUG com.beanit.openiec61850.ServerAssociation - Got a GetDataValues request for node: IEDBiogasCHP/MMXU1.EEHealth.q: 0x00 0x00
calling GetDataValues(IEDBiogasCHP/MMXU1.EEHealth.t)
14:23:47.026 [openiec61850-osi-server-7-thread-1] DEBUG com.beanit.openiec61850.ServerAssociation - Got a GetDataValues request for node: IEDBiogasCHP/MMXU1.EEHealth.t: Thu Jan 01 01:00:00 CET 1970
calling GetDataValues(IEDBiogasCHP/MMXU1.EEHealth)
14:23:47.026 [openiec61850-osi-server-7-thread-1] DEBUG com.beanit.openiec61850.ServerAssociation - Got a GetDataValues request for node: IEDBiogasCHP/MMXU1.EEHealth [SV]
IEDBiogasCHP/MMXU1.EEHealth.subEna: false
IEDBiogasCHP/MMXU1.EEHealth.subVal: 0
IEDBiogasCHP/MMXU1.EEHealth.subQ: 0x00 0x00
IEDBiogasCHP/MMXU1.EEHealth.subID: ''
14:23:47.026 [openiec61850-osi-server-7-thread-1] DEBUG com.beanit.openiec61850.ServerAssociation - sub BDA is:IEDBiogasCHP/MMXU1.EEHealth.subEna: false
14:23:47.026 [openiec61850-osi-server-7-thread-1] DEBUG com.beanit.openiec61850.ServerAssociation - sub BDA is:IEDBiogasCHP/MMXU1.EEHealth.subVal: 0
14:23:47.026 [openiec61850-osi-server-7-thread-1] DEBUG com.beanit.openiec61850.ServerAssociation - sub BDA is:IEDBiogasCHP/MMXU1.EEHealth.subQ: 0x00 0x00
14:23:47.026 [openiec61850-osi-server-7-thread-1] DEBUG com.beanit.openiec61850.ServerAssociation - sub BDA is:IEDBiogasCHP/MMXU1.EEHealth.subID: ''
calling GetDataValues(IEDBiogasCHP/MMXU1.EEHealth.subEna)
14:23:47.026 [openiec61850-osi-server-7-thread-1] DEBUG com.beanit.openiec61850.ServerAssociation - Got a GetDataValues request for node: IEDBiogasCHP/MMXU1.EEHealth.subEna: false
calling GetDataValues(IEDBiogasCHP/MMXU1.EEHealth.subVal)
14:23:47.026 [openiec61850-osi-server-7-thread-1] DEBUG com.beanit.openiec61850.ServerAssociation - Got a GetDataValues request for node: IEDBiogasCHP/MMXU1.EEHealth.subVal: 0
calling GetDataValues(IEDBiogasCHP/MMXU1.EEHealth.subQ)
14:23:47.026 [openiec61850-osi-server-7-thread-1] DEBUG com.beanit.openiec61850.ServerAssociation - Got a GetDataValues request for node: IEDBiogasCHP/MMXU1.EEHealth.subQ: 0x00 0x00
calling GetDataValues(IEDBiogasCHP/MMXU1.EEHealth.subID)
14:23:47.026 [openiec61850-osi-server-7-thread-1] DEBUG com.beanit.openiec61850.ServerAssociation - Got a GetDataValues request for node: IEDBiogasCHP/MMXU1.EEHealth.subID: ''
calling GetDataValues(IEDBiogasCHP/MMXU1.EEHealth)
14:23:47.026 [openiec61850-osi-server-7-thread-1] DEBUG com.beanit.openiec61850.ServerAssociation - Got a GetDataValues request for node: IEDBiogasCHP/MMXU1.EEHealth [DC]
IEDBiogasCHP/MMXU1.EEHealth.d: ''
IEDBiogasCHP/MMXU1.EEHealth.dU: 
14:23:47.026 [openiec61850-osi-server-7-thread-1] DEBUG com.beanit.openiec61850.ServerAssociation - sub BDA is:IEDBiogasCHP/MMXU1.EEHealth.d: ''
14:23:47.026 [openiec61850-osi-server-7-thread-1] DEBUG com.beanit.openiec61850.ServerAssociation - sub BDA is:IEDBiogasCHP/MMXU1.EEHealth.dU: 
calling GetDataValues(IEDBiogasCHP/MMXU1.EEHealth.d)
14:23:47.027 [openiec61850-osi-server-7-thread-1] DEBUG com.beanit.openiec61850.ServerAssociation - Got a GetDataValues request for node: IEDBiogasCHP/MMXU1.EEHealth.d: ''
calling GetDataValues(IEDBiogasCHP/MMXU1.EEHealth.dU)
14:23:47.027 [openiec61850-osi-server-7-thread-1] DEBUG com.beanit.openiec61850.ServerAssociation - Got a GetDataValues request for node: IEDBiogasCHP/MMXU1.EEHealth.dU: 
calling GetDataValues(IEDBiogasCHP/MMXU1.EEHealth)
14:23:47.027 [openiec61850-osi-server-7-thread-1] DEBUG com.beanit.openiec61850.ServerAssociation - Got a GetDataValues request for node: IEDBiogasCHP/MMXU1.EEHealth [EX]
IEDBiogasCHP/MMXU1.EEHealth.cdcNs: ''
IEDBiogasCHP/MMXU1.EEHealth.cdcName: ''
IEDBiogasCHP/MMXU1.EEHealth.dataNs: ''
14:23:47.027 [openiec61850-osi-server-7-thread-1] DEBUG com.beanit.openiec61850.ServerAssociation - sub BDA is:IEDBiogasCHP/MMXU1.EEHealth.cdcNs: ''
14:23:47.027 [openiec61850-osi-server-7-thread-1] DEBUG com.beanit.openiec61850.ServerAssociation - sub BDA is:IEDBiogasCHP/MMXU1.EEHealth.cdcName: ''
14:23:47.027 [openiec61850-osi-server-7-thread-1] DEBUG com.beanit.openiec61850.ServerAssociation - sub BDA is:IEDBiogasCHP/MMXU1.EEHealth.dataNs: ''
calling GetDataValues(IEDBiogasCHP/MMXU1.EEHealth.cdcNs)
14:23:47.027 [openiec61850-osi-server-7-thread-1] DEBUG com.beanit.openiec61850.ServerAssociation - Got a GetDataValues request for node: IEDBiogasCHP/MMXU1.EEHealth.cdcNs: ''
calling GetDataValues(IEDBiogasCHP/MMXU1.EEHealth.cdcName)
14:23:47.027 [openiec61850-osi-server-7-thread-1] DEBUG com.beanit.openiec61850.ServerAssociation - Got a GetDataValues request for node: IEDBiogasCHP/MMXU1.EEHealth.cdcName: ''
calling GetDataValues(IEDBiogasCHP/MMXU1.EEHealth.dataNs)
14:23:47.027 [openiec61850-osi-server-7-thread-1] DEBUG com.beanit.openiec61850.ServerAssociation - Got a GetDataValues request for node: IEDBiogasCHP/MMXU1.EEHealth.dataNs: ''
calling GetDataValues(IEDBiogasCHP/MMXU1.TotW)
14:23:47.028 [openiec61850-osi-server-7-thread-1] DEBUG com.beanit.openiec61850.ServerAssociation - Got a GetDataValues request for node: IEDBiogasCHP/MMXU1.TotW [MX]
IEDBiogasCHP/MMXU1.TotW.instMag [MX]
IEDBiogasCHP/MMXU1.TotW.instMag.i: 0
IEDBiogasCHP/MMXU1.TotW.instMag.f: 0.0
IEDBiogasCHP/MMXU1.TotW.mag [MX]
IEDBiogasCHP/MMXU1.TotW.mag.i: 0
IEDBiogasCHP/MMXU1.TotW.mag.f: 0.0
IEDBiogasCHP/MMXU1.TotW.range: 0
IEDBiogasCHP/MMXU1.TotW.q: 0x00 0x00
IEDBiogasCHP/MMXU1.TotW.t: Thu Jan 01 01:00:00 CET 1970
14:23:47.028 [openiec61850-osi-server-7-thread-1] DEBUG com.beanit.openiec61850.ServerAssociation - sub BDA is:IEDBiogasCHP/MMXU1.TotW.instMag.i: 0
14:23:47.028 [openiec61850-osi-server-7-thread-1] DEBUG com.beanit.openiec61850.ServerAssociation - sub BDA is:IEDBiogasCHP/MMXU1.TotW.instMag.f: 0.0
14:23:47.028 [openiec61850-osi-server-7-thread-1] DEBUG com.beanit.openiec61850.ServerAssociation - sub BDA is:IEDBiogasCHP/MMXU1.TotW.mag.i: 0
14:23:47.028 [openiec61850-osi-server-7-thread-1] DEBUG com.beanit.openiec61850.ServerAssociation - sub BDA is:IEDBiogasCHP/MMXU1.TotW.mag.f: 0.0
14:23:47.028 [openiec61850-osi-server-7-thread-1] DEBUG com.beanit.openiec61850.ServerAssociation - sub BDA is:IEDBiogasCHP/MMXU1.TotW.range: 0
14:23:47.028 [openiec61850-osi-server-7-thread-1] DEBUG com.beanit.openiec61850.ServerAssociation - sub BDA is:IEDBiogasCHP/MMXU1.TotW.q: 0x00 0x00
14:23:47.028 [openiec61850-osi-server-7-thread-1] DEBUG com.beanit.openiec61850.ServerAssociation - sub BDA is:IEDBiogasCHP/MMXU1.TotW.t: Thu Jan 01 01:00:00 CET 1970
calling GetDataValues(IEDBiogasCHP/MMXU1.TotW.instMag)
14:23:47.028 [openiec61850-osi-server-7-thread-1] DEBUG com.beanit.openiec61850.ServerAssociation - Got a GetDataValues request for node: IEDBiogasCHP/MMXU1.TotW.instMag [MX]
IEDBiogasCHP/MMXU1.TotW.instMag.i: 0
IEDBiogasCHP/MMXU1.TotW.instMag.f: 0.0
14:23:47.028 [openiec61850-osi-server-7-thread-1] DEBUG com.beanit.openiec61850.ServerAssociation - sub BDA is:IEDBiogasCHP/MMXU1.TotW.instMag.i: 0
14:23:47.028 [openiec61850-osi-server-7-thread-1] DEBUG com.beanit.openiec61850.ServerAssociation - sub BDA is:IEDBiogasCHP/MMXU1.TotW.instMag.f: 0.0
calling GetDataValues(IEDBiogasCHP/MMXU1.TotW.instMag.i)
14:23:47.028 [openiec61850-osi-server-7-thread-1] DEBUG com.beanit.openiec61850.ServerAssociation - Got a GetDataValues request for node: IEDBiogasCHP/MMXU1.TotW.instMag.i: 0
calling GetDataValues(IEDBiogasCHP/MMXU1.TotW.instMag.f)
14:23:47.028 [openiec61850-osi-server-7-thread-1] DEBUG com.beanit.openiec61850.ServerAssociation - Got a GetDataValues request for node: IEDBiogasCHP/MMXU1.TotW.instMag.f: 0.0
calling GetDataValues(IEDBiogasCHP/MMXU1.TotW.mag)
14:23:47.028 [openiec61850-osi-server-7-thread-1] DEBUG com.beanit.openiec61850.ServerAssociation - Got a GetDataValues request for node: IEDBiogasCHP/MMXU1.TotW.mag [MX]
IEDBiogasCHP/MMXU1.TotW.mag.i: 0
IEDBiogasCHP/MMXU1.TotW.mag.f: 0.0
14:23:47.028 [openiec61850-osi-server-7-thread-1] DEBUG com.beanit.openiec61850.ServerAssociation - sub BDA is:IEDBiogasCHP/MMXU1.TotW.mag.i: 0
14:23:47.028 [openiec61850-osi-server-7-thread-1] DEBUG com.beanit.openiec61850.ServerAssociation - sub BDA is:IEDBiogasCHP/MMXU1.TotW.mag.f: 0.0
calling GetDataValues(IEDBiogasCHP/MMXU1.TotW.mag.i)
14:23:47.028 [openiec61850-osi-server-7-thread-1] DEBUG com.beanit.openiec61850.ServerAssociation - Got a GetDataValues request for node: IEDBiogasCHP/MMXU1.TotW.mag.i: 0
calling GetDataValues(IEDBiogasCHP/MMXU1.TotW.mag.f)
14:23:47.028 [openiec61850-osi-server-7-thread-1] DEBUG com.beanit.openiec61850.ServerAssociation - Got a GetDataValues request for node: IEDBiogasCHP/MMXU1.TotW.mag.f: 0.0
calling GetDataValues(IEDBiogasCHP/MMXU1.TotW.range)
14:23:47.029 [openiec61850-osi-server-7-thread-1] DEBUG com.beanit.openiec61850.ServerAssociation - Got a GetDataValues request for node: IEDBiogasCHP/MMXU1.TotW.range: 0
calling GetDataValues(IEDBiogasCHP/MMXU1.TotW.q)
14:23:47.029 [openiec61850-osi-server-7-thread-1] DEBUG com.beanit.openiec61850.ServerAssociation - Got a GetDataValues request for node: IEDBiogasCHP/MMXU1.TotW.q: 0x00 0x00
calling GetDataValues(IEDBiogasCHP/MMXU1.TotW.t)
14:23:47.029 [openiec61850-osi-server-7-thread-1] DEBUG com.beanit.openiec61850.ServerAssociation - Got a GetDataValues request for node: IEDBiogasCHP/MMXU1.TotW.t: Thu Jan 01 01:00:00 CET 1970
calling GetDataValues(IEDBiogasCHP/MMXU1.TotW)
14:23:47.029 [openiec61850-osi-server-7-thread-1] DEBUG com.beanit.openiec61850.ServerAssociation - Got a GetDataValues request for node: IEDBiogasCHP/MMXU1.TotW [SV]
IEDBiogasCHP/MMXU1.TotW.subEna: false
IEDBiogasCHP/MMXU1.TotW.subMag [SV]
IEDBiogasCHP/MMXU1.TotW.subMag.i: 0
IEDBiogasCHP/MMXU1.TotW.subMag.f: 0.0
IEDBiogasCHP/MMXU1.TotW.subQ: 0x00 0x00
IEDBiogasCHP/MMXU1.TotW.subID: ''
14:23:47.029 [openiec61850-osi-server-7-thread-1] DEBUG com.beanit.openiec61850.ServerAssociation - sub BDA is:IEDBiogasCHP/MMXU1.TotW.subEna: false
14:23:47.029 [openiec61850-osi-server-7-thread-1] DEBUG com.beanit.openiec61850.ServerAssociation - sub BDA is:IEDBiogasCHP/MMXU1.TotW.subMag.i: 0
14:23:47.029 [openiec61850-osi-server-7-thread-1] DEBUG com.beanit.openiec61850.ServerAssociation - sub BDA is:IEDBiogasCHP/MMXU1.TotW.subMag.f: 0.0
14:23:47.029 [openiec61850-osi-server-7-thread-1] DEBUG com.beanit.openiec61850.ServerAssociation - sub BDA is:IEDBiogasCHP/MMXU1.TotW.subQ: 0x00 0x00
14:23:47.029 [openiec61850-osi-server-7-thread-1] DEBUG com.beanit.openiec61850.ServerAssociation - sub BDA is:IEDBiogasCHP/MMXU1.TotW.subID: ''
calling GetDataValues(IEDBiogasCHP/MMXU1.TotW.subEna)
14:23:47.029 [openiec61850-osi-server-7-thread-1] DEBUG com.beanit.openiec61850.ServerAssociation - Got a GetDataValues request for node: IEDBiogasCHP/MMXU1.TotW.subEna: false
calling GetDataValues(IEDBiogasCHP/MMXU1.TotW.subMag)
14:23:47.029 [openiec61850-osi-server-7-thread-1] DEBUG com.beanit.openiec61850.ServerAssociation - Got a GetDataValues request for node: IEDBiogasCHP/MMXU1.TotW.subMag [SV]
IEDBiogasCHP/MMXU1.TotW.subMag.i: 0
IEDBiogasCHP/MMXU1.TotW.subMag.f: 0.0
14:23:47.029 [openiec61850-osi-server-7-thread-1] DEBUG com.beanit.openiec61850.ServerAssociation - sub BDA is:IEDBiogasCHP/MMXU1.TotW.subMag.i: 0
14:23:47.029 [openiec61850-osi-server-7-thread-1] DEBUG com.beanit.openiec61850.ServerAssociation - sub BDA is:IEDBiogasCHP/MMXU1.TotW.subMag.f: 0.0
calling GetDataValues(IEDBiogasCHP/MMXU1.TotW.subMag.i)
14:23:47.030 [openiec61850-osi-server-7-thread-1] DEBUG com.beanit.openiec61850.ServerAssociation - Got a GetDataValues request for node: IEDBiogasCHP/MMXU1.TotW.subMag.i: 0
calling GetDataValues(IEDBiogasCHP/MMXU1.TotW.subMag.f)
14:23:47.030 [openiec61850-osi-server-7-thread-1] DEBUG com.beanit.openiec61850.ServerAssociation - Got a GetDataValues request for node: IEDBiogasCHP/MMXU1.TotW.subMag.f: 0.0
calling GetDataValues(IEDBiogasCHP/MMXU1.TotW.subQ)
14:23:47.030 [openiec61850-osi-server-7-thread-1] DEBUG com.beanit.openiec61850.ServerAssociation - Got a GetDataValues request for node: IEDBiogasCHP/MMXU1.TotW.subQ: 0x00 0x00
calling GetDataValues(IEDBiogasCHP/MMXU1.TotW.subID)
14:23:47.030 [openiec61850-osi-server-7-thread-1] DEBUG com.beanit.openiec61850.ServerAssociation - Got a GetDataValues request for node: IEDBiogasCHP/MMXU1.TotW.subID: ''
calling GetDataValues(IEDBiogasCHP/MMXU1.TotW)
14:23:47.030 [openiec61850-osi-server-7-thread-1] DEBUG com.beanit.openiec61850.ServerAssociation - Got a GetDataValues request for node: IEDBiogasCHP/MMXU1.TotW [CF]
IEDBiogasCHP/MMXU1.TotW.units [CF]
IEDBiogasCHP/MMXU1.TotW.units.SIUnit: 0
IEDBiogasCHP/MMXU1.TotW.units.multiplier: 0
IEDBiogasCHP/MMXU1.TotW.db: 0
IEDBiogasCHP/MMXU1.TotW.zeroDb: 0
IEDBiogasCHP/MMXU1.TotW.sVC [CF]
IEDBiogasCHP/MMXU1.TotW.sVC.scaleFactor: 0.0
IEDBiogasCHP/MMXU1.TotW.sVC.offset: 0.0
IEDBiogasCHP/MMXU1.TotW.rangeC [CF]
IEDBiogasCHP/MMXU1.TotW.rangeC.hhLim [CF]
IEDBiogasCHP/MMXU1.TotW.rangeC.hhLim.i: 0
IEDBiogasCHP/MMXU1.TotW.rangeC.hhLim.f: 0.0
IEDBiogasCHP/MMXU1.TotW.rangeC.hLim [CF]
IEDBiogasCHP/MMXU1.TotW.rangeC.hLim.i: 0
IEDBiogasCHP/MMXU1.TotW.rangeC.hLim.f: 0.0
IEDBiogasCHP/MMXU1.TotW.rangeC.lLim [CF]
IEDBiogasCHP/MMXU1.TotW.rangeC.lLim.i: 0
IEDBiogasCHP/MMXU1.TotW.rangeC.lLim.f: 0.0
IEDBiogasCHP/MMXU1.TotW.rangeC.llLim [CF]
IEDBiogasCHP/MMXU1.TotW.rangeC.llLim.i: 0
IEDBiogasCHP/MMXU1.TotW.rangeC.llLim.f: 0.0
IEDBiogasCHP/MMXU1.TotW.rangeC.min [CF]
IEDBiogasCHP/MMXU1.TotW.rangeC.min.i: 0
IEDBiogasCHP/MMXU1.TotW.rangeC.min.f: 0.0
IEDBiogasCHP/MMXU1.TotW.rangeC.max [CF]
IEDBiogasCHP/MMXU1.TotW.rangeC.max.i: 0
IEDBiogasCHP/MMXU1.TotW.rangeC.max.f: 0.0
IEDBiogasCHP/MMXU1.TotW.smpRate: 0
14:23:47.030 [openiec61850-osi-server-7-thread-1] DEBUG com.beanit.openiec61850.ServerAssociation - sub BDA is:IEDBiogasCHP/MMXU1.TotW.units.SIUnit: 0
14:23:47.030 [openiec61850-osi-server-7-thread-1] DEBUG com.beanit.openiec61850.ServerAssociation - sub BDA is:IEDBiogasCHP/MMXU1.TotW.units.multiplier: 0
14:23:47.030 [openiec61850-osi-server-7-thread-1] DEBUG com.beanit.openiec61850.ServerAssociation - sub BDA is:IEDBiogasCHP/MMXU1.TotW.db: 0
14:23:47.030 [openiec61850-osi-server-7-thread-1] DEBUG com.beanit.openiec61850.ServerAssociation - sub BDA is:IEDBiogasCHP/MMXU1.TotW.zeroDb: 0
14:23:47.030 [openiec61850-osi-server-7-thread-1] DEBUG com.beanit.openiec61850.ServerAssociation - sub BDA is:IEDBiogasCHP/MMXU1.TotW.sVC.scaleFactor: 0.0
14:23:47.030 [openiec61850-osi-server-7-thread-1] DEBUG com.beanit.openiec61850.ServerAssociation - sub BDA is:IEDBiogasCHP/MMXU1.TotW.sVC.offset: 0.0
14:23:47.030 [openiec61850-osi-server-7-thread-1] DEBUG com.beanit.openiec61850.ServerAssociation - sub BDA is:IEDBiogasCHP/MMXU1.TotW.rangeC.hhLim.i: 0
14:23:47.030 [openiec61850-osi-server-7-thread-1] DEBUG com.beanit.openiec61850.ServerAssociation - sub BDA is:IEDBiogasCHP/MMXU1.TotW.rangeC.hhLim.f: 0.0
14:23:47.030 [openiec61850-osi-server-7-thread-1] DEBUG com.beanit.openiec61850.ServerAssociation - sub BDA is:IEDBiogasCHP/MMXU1.TotW.rangeC.hLim.i: 0
14:23:47.030 [openiec61850-osi-server-7-thread-1] DEBUG com.beanit.openiec61850.ServerAssociation - sub BDA is:IEDBiogasCHP/MMXU1.TotW.rangeC.hLim.f: 0.0
14:23:47.030 [openiec61850-osi-server-7-thread-1] DEBUG com.beanit.openiec61850.ServerAssociation - sub BDA is:IEDBiogasCHP/MMXU1.TotW.rangeC.lLim.i: 0
14:23:47.030 [openiec61850-osi-server-7-thread-1] DEBUG com.beanit.openiec61850.ServerAssociation - sub BDA is:IEDBiogasCHP/MMXU1.TotW.rangeC.lLim.f: 0.0
14:23:47.030 [openiec61850-osi-server-7-thread-1] DEBUG com.beanit.openiec61850.ServerAssociation - sub BDA is:IEDBiogasCHP/MMXU1.TotW.rangeC.llLim.i: 0
14:23:47.030 [openiec61850-osi-server-7-thread-1] DEBUG com.beanit.openiec61850.ServerAssociation - sub BDA is:IEDBiogasCHP/MMXU1.TotW.rangeC.llLim.f: 0.0
14:23:47.030 [openiec61850-osi-server-7-thread-1] DEBUG com.beanit.openiec61850.ServerAssociation - sub BDA is:IEDBiogasCHP/MMXU1.TotW.rangeC.min.i: 0
14:23:47.030 [openiec61850-osi-server-7-thread-1] DEBUG com.beanit.openiec61850.ServerAssociation - sub BDA is:IEDBiogasCHP/MMXU1.TotW.rangeC.min.f: 0.0
14:23:47.030 [openiec61850-osi-server-7-thread-1] DEBUG com.beanit.openiec61850.ServerAssociation - sub BDA is:IEDBiogasCHP/MMXU1.TotW.rangeC.max.i: 0
14:23:47.030 [openiec61850-osi-server-7-thread-1] DEBUG com.beanit.openiec61850.ServerAssociation - sub BDA is:IEDBiogasCHP/MMXU1.TotW.rangeC.max.f: 0.0
14:23:47.030 [openiec61850-osi-server-7-thread-1] DEBUG com.beanit.openiec61850.ServerAssociation - sub BDA is:IEDBiogasCHP/MMXU1.TotW.smpRate: 0
calling GetDataValues(IEDBiogasCHP/MMXU1.TotW.units)
14:23:47.030 [openiec61850-osi-server-7-thread-1] DEBUG com.beanit.openiec61850.ServerAssociation - Got a GetDataValues request for node: IEDBiogasCHP/MMXU1.TotW.units [CF]
IEDBiogasCHP/MMXU1.TotW.units.SIUnit: 0
IEDBiogasCHP/MMXU1.TotW.units.multiplier: 0
14:23:47.031 [openiec61850-osi-server-7-thread-1] DEBUG com.beanit.openiec61850.ServerAssociation - sub BDA is:IEDBiogasCHP/MMXU1.TotW.units.SIUnit: 0
14:23:47.031 [openiec61850-osi-server-7-thread-1] DEBUG com.beanit.openiec61850.ServerAssociation - sub BDA is:IEDBiogasCHP/MMXU1.TotW.units.multiplier: 0
calling GetDataValues(IEDBiogasCHP/MMXU1.TotW.units.SIUnit)
14:23:47.031 [openiec61850-osi-server-7-thread-1] DEBUG com.beanit.openiec61850.ServerAssociation - Got a GetDataValues request for node: IEDBiogasCHP/MMXU1.TotW.units.SIUnit: 0
calling GetDataValues(IEDBiogasCHP/MMXU1.TotW.units.multiplier)
14:23:47.031 [openiec61850-osi-server-7-thread-1] DEBUG com.beanit.openiec61850.ServerAssociation - Got a GetDataValues request for node: IEDBiogasCHP/MMXU1.TotW.units.multiplier: 0
calling GetDataValues(IEDBiogasCHP/MMXU1.TotW.db)
14:23:47.031 [openiec61850-osi-server-7-thread-1] DEBUG com.beanit.openiec61850.ServerAssociation - Got a GetDataValues request for node: IEDBiogasCHP/MMXU1.TotW.db: 0
calling GetDataValues(IEDBiogasCHP/MMXU1.TotW.zeroDb)
14:23:47.031 [openiec61850-osi-server-7-thread-1] DEBUG com.beanit.openiec61850.ServerAssociation - Got a GetDataValues request for node: IEDBiogasCHP/MMXU1.TotW.zeroDb: 0
calling GetDataValues(IEDBiogasCHP/MMXU1.TotW.sVC)
14:23:47.031 [openiec61850-osi-server-7-thread-1] DEBUG com.beanit.openiec61850.ServerAssociation - Got a GetDataValues request for node: IEDBiogasCHP/MMXU1.TotW.sVC [CF]
IEDBiogasCHP/MMXU1.TotW.sVC.scaleFactor: 0.0
IEDBiogasCHP/MMXU1.TotW.sVC.offset: 0.0
14:23:47.031 [openiec61850-osi-server-7-thread-1] DEBUG com.beanit.openiec61850.ServerAssociation - sub BDA is:IEDBiogasCHP/MMXU1.TotW.sVC.scaleFactor: 0.0
14:23:47.031 [openiec61850-osi-server-7-thread-1] DEBUG com.beanit.openiec61850.ServerAssociation - sub BDA is:IEDBiogasCHP/MMXU1.TotW.sVC.offset: 0.0
calling GetDataValues(IEDBiogasCHP/MMXU1.TotW.sVC.scaleFactor)
14:23:47.032 [openiec61850-osi-server-7-thread-1] DEBUG com.beanit.openiec61850.ServerAssociation - Got a GetDataValues request for node: IEDBiogasCHP/MMXU1.TotW.sVC.scaleFactor: 0.0
calling GetDataValues(IEDBiogasCHP/MMXU1.TotW.sVC.offset)
14:23:47.032 [openiec61850-osi-server-7-thread-1] DEBUG com.beanit.openiec61850.ServerAssociation - Got a GetDataValues request for node: IEDBiogasCHP/MMXU1.TotW.sVC.offset: 0.0
calling GetDataValues(IEDBiogasCHP/MMXU1.TotW.rangeC)
14:23:47.032 [openiec61850-osi-server-7-thread-1] DEBUG com.beanit.openiec61850.ServerAssociation - Got a GetDataValues request for node: IEDBiogasCHP/MMXU1.TotW.rangeC [CF]
IEDBiogasCHP/MMXU1.TotW.rangeC.hhLim [CF]
IEDBiogasCHP/MMXU1.TotW.rangeC.hhLim.i: 0
IEDBiogasCHP/MMXU1.TotW.rangeC.hhLim.f: 0.0
IEDBiogasCHP/MMXU1.TotW.rangeC.hLim [CF]
IEDBiogasCHP/MMXU1.TotW.rangeC.hLim.i: 0
IEDBiogasCHP/MMXU1.TotW.rangeC.hLim.f: 0.0
IEDBiogasCHP/MMXU1.TotW.rangeC.lLim [CF]
IEDBiogasCHP/MMXU1.TotW.rangeC.lLim.i: 0
IEDBiogasCHP/MMXU1.TotW.rangeC.lLim.f: 0.0
IEDBiogasCHP/MMXU1.TotW.rangeC.llLim [CF]
IEDBiogasCHP/MMXU1.TotW.rangeC.llLim.i: 0
IEDBiogasCHP/MMXU1.TotW.rangeC.llLim.f: 0.0
IEDBiogasCHP/MMXU1.TotW.rangeC.min [CF]
IEDBiogasCHP/MMXU1.TotW.rangeC.min.i: 0
IEDBiogasCHP/MMXU1.TotW.rangeC.min.f: 0.0
IEDBiogasCHP/MMXU1.TotW.rangeC.max [CF]
IEDBiogasCHP/MMXU1.TotW.rangeC.max.i: 0
IEDBiogasCHP/MMXU1.TotW.rangeC.max.f: 0.0
14:23:47.032 [openiec61850-osi-server-7-thread-1] DEBUG com.beanit.openiec61850.ServerAssociation - sub BDA is:IEDBiogasCHP/MMXU1.TotW.rangeC.hhLim.i: 0
14:23:47.032 [openiec61850-osi-server-7-thread-1] DEBUG com.beanit.openiec61850.ServerAssociation - sub BDA is:IEDBiogasCHP/MMXU1.TotW.rangeC.hhLim.f: 0.0
14:23:47.032 [openiec61850-osi-server-7-thread-1] DEBUG com.beanit.openiec61850.ServerAssociation - sub BDA is:IEDBiogasCHP/MMXU1.TotW.rangeC.hLim.i: 0
14:23:47.032 [openiec61850-osi-server-7-thread-1] DEBUG com.beanit.openiec61850.ServerAssociation - sub BDA is:IEDBiogasCHP/MMXU1.TotW.rangeC.hLim.f: 0.0
14:23:47.032 [openiec61850-osi-server-7-thread-1] DEBUG com.beanit.openiec61850.ServerAssociation - sub BDA is:IEDBiogasCHP/MMXU1.TotW.rangeC.lLim.i: 0
14:23:47.032 [openiec61850-osi-server-7-thread-1] DEBUG com.beanit.openiec61850.ServerAssociation - sub BDA is:IEDBiogasCHP/MMXU1.TotW.rangeC.lLim.f: 0.0
14:23:47.032 [openiec61850-osi-server-7-thread-1] DEBUG com.beanit.openiec61850.ServerAssociation - sub BDA is:IEDBiogasCHP/MMXU1.TotW.rangeC.llLim.i: 0
14:23:47.032 [openiec61850-osi-server-7-thread-1] DEBUG com.beanit.openiec61850.ServerAssociation - sub BDA is:IEDBiogasCHP/MMXU1.TotW.rangeC.llLim.f: 0.0
14:23:47.032 [openiec61850-osi-server-7-thread-1] DEBUG com.beanit.openiec61850.ServerAssociation - sub BDA is:IEDBiogasCHP/MMXU1.TotW.rangeC.min.i: 0
14:23:47.032 [openiec61850-osi-server-7-thread-1] DEBUG com.beanit.openiec61850.ServerAssociation - sub BDA is:IEDBiogasCHP/MMXU1.TotW.rangeC.min.f: 0.0
14:23:47.032 [openiec61850-osi-server-7-thread-1] DEBUG com.beanit.openiec61850.ServerAssociation - sub BDA is:IEDBiogasCHP/MMXU1.TotW.rangeC.max.i: 0
14:23:47.032 [openiec61850-osi-server-7-thread-1] DEBUG com.beanit.openiec61850.ServerAssociation - sub BDA is:IEDBiogasCHP/MMXU1.TotW.rangeC.max.f: 0.0
calling GetDataValues(IEDBiogasCHP/MMXU1.TotW.rangeC.hhLim)
14:23:47.032 [openiec61850-osi-server-7-thread-1] DEBUG com.beanit.openiec61850.ServerAssociation - Got a GetDataValues request for node: IEDBiogasCHP/MMXU1.TotW.rangeC.hhLim [CF]
IEDBiogasCHP/MMXU1.TotW.rangeC.hhLim.i: 0
IEDBiogasCHP/MMXU1.TotW.rangeC.hhLim.f: 0.0
14:23:47.032 [openiec61850-osi-server-7-thread-1] DEBUG com.beanit.openiec61850.ServerAssociation - sub BDA is:IEDBiogasCHP/MMXU1.TotW.rangeC.hhLim.i: 0
14:23:47.032 [openiec61850-osi-server-7-thread-1] DEBUG com.beanit.openiec61850.ServerAssociation - sub BDA is:IEDBiogasCHP/MMXU1.TotW.rangeC.hhLim.f: 0.0
calling GetDataValues(IEDBiogasCHP/MMXU1.TotW.rangeC.hhLim.i)
14:23:47.032 [openiec61850-osi-server-7-thread-1] DEBUG com.beanit.openiec61850.ServerAssociation - Got a GetDataValues request for node: IEDBiogasCHP/MMXU1.TotW.rangeC.hhLim.i: 0
calling GetDataValues(IEDBiogasCHP/MMXU1.TotW.rangeC.hhLim.f)
14:23:47.033 [openiec61850-osi-server-7-thread-1] DEBUG com.beanit.openiec61850.ServerAssociation - Got a GetDataValues request for node: IEDBiogasCHP/MMXU1.TotW.rangeC.hhLim.f: 0.0
calling GetDataValues(IEDBiogasCHP/MMXU1.TotW.rangeC.hLim)
14:23:47.033 [openiec61850-osi-server-7-thread-1] DEBUG com.beanit.openiec61850.ServerAssociation - Got a GetDataValues request for node: IEDBiogasCHP/MMXU1.TotW.rangeC.hLim [CF]
IEDBiogasCHP/MMXU1.TotW.rangeC.hLim.i: 0
IEDBiogasCHP/MMXU1.TotW.rangeC.hLim.f: 0.0
14:23:47.033 [openiec61850-osi-server-7-thread-1] DEBUG com.beanit.openiec61850.ServerAssociation - sub BDA is:IEDBiogasCHP/MMXU1.TotW.rangeC.hLim.i: 0
14:23:47.033 [openiec61850-osi-server-7-thread-1] DEBUG com.beanit.openiec61850.ServerAssociation - sub BDA is:IEDBiogasCHP/MMXU1.TotW.rangeC.hLim.f: 0.0
calling GetDataValues(IEDBiogasCHP/MMXU1.TotW.rangeC.hLim.i)
14:23:47.033 [openiec61850-osi-server-7-thread-1] DEBUG com.beanit.openiec61850.ServerAssociation - Got a GetDataValues request for node: IEDBiogasCHP/MMXU1.TotW.rangeC.hLim.i: 0
calling GetDataValues(IEDBiogasCHP/MMXU1.TotW.rangeC.hLim.f)
14:23:47.033 [openiec61850-osi-server-7-thread-1] DEBUG com.beanit.openiec61850.ServerAssociation - Got a GetDataValues request for node: IEDBiogasCHP/MMXU1.TotW.rangeC.hLim.f: 0.0
calling GetDataValues(IEDBiogasCHP/MMXU1.TotW.rangeC.lLim)
14:23:47.033 [openiec61850-osi-server-7-thread-1] DEBUG com.beanit.openiec61850.ServerAssociation - Got a GetDataValues request for node: IEDBiogasCHP/MMXU1.TotW.rangeC.lLim [CF]
IEDBiogasCHP/MMXU1.TotW.rangeC.lLim.i: 0
IEDBiogasCHP/MMXU1.TotW.rangeC.lLim.f: 0.0
14:23:47.033 [openiec61850-osi-server-7-thread-1] DEBUG com.beanit.openiec61850.ServerAssociation - sub BDA is:IEDBiogasCHP/MMXU1.TotW.rangeC.lLim.i: 0
14:23:47.033 [openiec61850-osi-server-7-thread-1] DEBUG com.beanit.openiec61850.ServerAssociation - sub BDA is:IEDBiogasCHP/MMXU1.TotW.rangeC.lLim.f: 0.0
calling GetDataValues(IEDBiogasCHP/MMXU1.TotW.rangeC.lLim.i)
14:23:47.033 [openiec61850-osi-server-7-thread-1] DEBUG com.beanit.openiec61850.ServerAssociation - Got a GetDataValues request for node: IEDBiogasCHP/MMXU1.TotW.rangeC.lLim.i: 0
calling GetDataValues(IEDBiogasCHP/MMXU1.TotW.rangeC.lLim.f)
14:23:47.034 [openiec61850-osi-server-7-thread-1] DEBUG com.beanit.openiec61850.ServerAssociation - Got a GetDataValues request for node: IEDBiogasCHP/MMXU1.TotW.rangeC.lLim.f: 0.0
calling GetDataValues(IEDBiogasCHP/MMXU1.TotW.rangeC.llLim)
14:23:47.034 [openiec61850-osi-server-7-thread-1] DEBUG com.beanit.openiec61850.ServerAssociation - Got a GetDataValues request for node: IEDBiogasCHP/MMXU1.TotW.rangeC.llLim [CF]
IEDBiogasCHP/MMXU1.TotW.rangeC.llLim.i: 0
IEDBiogasCHP/MMXU1.TotW.rangeC.llLim.f: 0.0
14:23:47.034 [openiec61850-osi-server-7-thread-1] DEBUG com.beanit.openiec61850.ServerAssociation - sub BDA is:IEDBiogasCHP/MMXU1.TotW.rangeC.llLim.i: 0
14:23:47.034 [openiec61850-osi-server-7-thread-1] DEBUG com.beanit.openiec61850.ServerAssociation - sub BDA is:IEDBiogasCHP/MMXU1.TotW.rangeC.llLim.f: 0.0
calling GetDataValues(IEDBiogasCHP/MMXU1.TotW.rangeC.llLim.i)
14:23:47.034 [openiec61850-osi-server-7-thread-1] DEBUG com.beanit.openiec61850.ServerAssociation - Got a GetDataValues request for node: IEDBiogasCHP/MMXU1.TotW.rangeC.llLim.i: 0
calling GetDataValues(IEDBiogasCHP/MMXU1.TotW.rangeC.llLim.f)
14:23:47.034 [openiec61850-osi-server-7-thread-1] DEBUG com.beanit.openiec61850.ServerAssociation - Got a GetDataValues request for node: IEDBiogasCHP/MMXU1.TotW.rangeC.llLim.f: 0.0
calling GetDataValues(IEDBiogasCHP/MMXU1.TotW.rangeC.min)
14:23:47.034 [openiec61850-osi-server-7-thread-1] DEBUG com.beanit.openiec61850.ServerAssociation - Got a GetDataValues request for node: IEDBiogasCHP/MMXU1.TotW.rangeC.min [CF]
IEDBiogasCHP/MMXU1.TotW.rangeC.min.i: 0
IEDBiogasCHP/MMXU1.TotW.rangeC.min.f: 0.0
14:23:47.034 [openiec61850-osi-server-7-thread-1] DEBUG com.beanit.openiec61850.ServerAssociation - sub BDA is:IEDBiogasCHP/MMXU1.TotW.rangeC.min.i: 0
14:23:47.034 [openiec61850-osi-server-7-thread-1] DEBUG com.beanit.openiec61850.ServerAssociation - sub BDA is:IEDBiogasCHP/MMXU1.TotW.rangeC.min.f: 0.0
calling GetDataValues(IEDBiogasCHP/MMXU1.TotW.rangeC.min.i)
14:23:47.034 [openiec61850-osi-server-7-thread-1] DEBUG com.beanit.openiec61850.ServerAssociation - Got a GetDataValues request for node: IEDBiogasCHP/MMXU1.TotW.rangeC.min.i: 0
calling GetDataValues(IEDBiogasCHP/MMXU1.TotW.rangeC.min.f)
14:23:47.035 [openiec61850-osi-server-7-thread-1] DEBUG com.beanit.openiec61850.ServerAssociation - Got a GetDataValues request for node: IEDBiogasCHP/MMXU1.TotW.rangeC.min.f: 0.0
calling GetDataValues(IEDBiogasCHP/MMXU1.TotW.rangeC.max)
14:23:47.035 [openiec61850-osi-server-7-thread-1] DEBUG com.beanit.openiec61850.ServerAssociation - Got a GetDataValues request for node: IEDBiogasCHP/MMXU1.TotW.rangeC.max [CF]
IEDBiogasCHP/MMXU1.TotW.rangeC.max.i: 0
IEDBiogasCHP/MMXU1.TotW.rangeC.max.f: 0.0
14:23:47.035 [openiec61850-osi-server-7-thread-1] DEBUG com.beanit.openiec61850.ServerAssociation - sub BDA is:IEDBiogasCHP/MMXU1.TotW.rangeC.max.i: 0
14:23:47.035 [openiec61850-osi-server-7-thread-1] DEBUG com.beanit.openiec61850.ServerAssociation - sub BDA is:IEDBiogasCHP/MMXU1.TotW.rangeC.max.f: 0.0
calling GetDataValues(IEDBiogasCHP/MMXU1.TotW.rangeC.max.i)
14:23:47.035 [openiec61850-osi-server-7-thread-1] DEBUG com.beanit.openiec61850.ServerAssociation - Got a GetDataValues request for node: IEDBiogasCHP/MMXU1.TotW.rangeC.max.i: 0
calling GetDataValues(IEDBiogasCHP/MMXU1.TotW.rangeC.max.f)
14:23:47.035 [openiec61850-osi-server-7-thread-1] DEBUG com.beanit.openiec61850.ServerAssociation - Got a GetDataValues request for node: IEDBiogasCHP/MMXU1.TotW.rangeC.max.f: 0.0
calling GetDataValues(IEDBiogasCHP/MMXU1.TotW.smpRate)
14:23:47.035 [openiec61850-osi-server-7-thread-1] DEBUG com.beanit.openiec61850.ServerAssociation - Got a GetDataValues request for node: IEDBiogasCHP/MMXU1.TotW.smpRate: 0
calling GetDataValues(IEDBiogasCHP/MMXU1.TotW)
14:23:47.035 [openiec61850-osi-server-7-thread-1] DEBUG com.beanit.openiec61850.ServerAssociation - Got a GetDataValues request for node: IEDBiogasCHP/MMXU1.TotW [DC]
IEDBiogasCHP/MMXU1.TotW.d: ''
IEDBiogasCHP/MMXU1.TotW.dU: 
14:23:47.035 [openiec61850-osi-server-7-thread-1] DEBUG com.beanit.openiec61850.ServerAssociation - sub BDA is:IEDBiogasCHP/MMXU1.TotW.d: ''
14:23:47.035 [openiec61850-osi-server-7-thread-1] DEBUG com.beanit.openiec61850.ServerAssociation - sub BDA is:IEDBiogasCHP/MMXU1.TotW.dU: 
calling GetDataValues(IEDBiogasCHP/MMXU1.TotW.d)
14:23:47.036 [openiec61850-osi-server-7-thread-1] DEBUG com.beanit.openiec61850.ServerAssociation - Got a GetDataValues request for node: IEDBiogasCHP/MMXU1.TotW.d: ''
calling GetDataValues(IEDBiogasCHP/MMXU1.TotW.dU)
14:23:47.036 [openiec61850-osi-server-7-thread-1] DEBUG com.beanit.openiec61850.ServerAssociation - Got a GetDataValues request for node: IEDBiogasCHP/MMXU1.TotW.dU: 
calling GetDataValues(IEDBiogasCHP/MMXU1.TotW)
14:23:47.036 [openiec61850-osi-server-7-thread-1] DEBUG com.beanit.openiec61850.ServerAssociation - Got a GetDataValues request for node: IEDBiogasCHP/MMXU1.TotW [EX]
IEDBiogasCHP/MMXU1.TotW.cdcNs: ''
IEDBiogasCHP/MMXU1.TotW.cdcName: ''
IEDBiogasCHP/MMXU1.TotW.dataNs: ''
14:23:47.036 [openiec61850-osi-server-7-thread-1] DEBUG com.beanit.openiec61850.ServerAssociation - sub BDA is:IEDBiogasCHP/MMXU1.TotW.cdcNs: ''
14:23:47.036 [openiec61850-osi-server-7-thread-1] DEBUG com.beanit.openiec61850.ServerAssociation - sub BDA is:IEDBiogasCHP/MMXU1.TotW.cdcName: ''
14:23:47.036 [openiec61850-osi-server-7-thread-1] DEBUG com.beanit.openiec61850.ServerAssociation - sub BDA is:IEDBiogasCHP/MMXU1.TotW.dataNs: ''
calling GetDataValues(IEDBiogasCHP/MMXU1.TotW.cdcNs)
14:23:47.036 [openiec61850-osi-server-7-thread-1] DEBUG com.beanit.openiec61850.ServerAssociation - Got a GetDataValues request for node: IEDBiogasCHP/MMXU1.TotW.cdcNs: ''
calling GetDataValues(IEDBiogasCHP/MMXU1.TotW.cdcName)
14:23:47.036 [openiec61850-osi-server-7-thread-1] DEBUG com.beanit.openiec61850.ServerAssociation - Got a GetDataValues request for node: IEDBiogasCHP/MMXU1.TotW.cdcName: ''
calling GetDataValues(IEDBiogasCHP/MMXU1.TotW.dataNs)
14:23:47.036 [openiec61850-osi-server-7-thread-1] DEBUG com.beanit.openiec61850.ServerAssociation - Got a GetDataValues request for node: IEDBiogasCHP/MMXU1.TotW.dataNs: ''
calling GetDataValues(IEDBiogasCHP/MMXU1.TotVAr)
14:23:47.036 [openiec61850-osi-server-7-thread-1] DEBUG com.beanit.openiec61850.ServerAssociation - Got a GetDataValues request for node: IEDBiogasCHP/MMXU1.TotVAr [MX]
IEDBiogasCHP/MMXU1.TotVAr.instMag [MX]
IEDBiogasCHP/MMXU1.TotVAr.instMag.i: 0
IEDBiogasCHP/MMXU1.TotVAr.instMag.f: 0.0
IEDBiogasCHP/MMXU1.TotVAr.mag [MX]
IEDBiogasCHP/MMXU1.TotVAr.mag.i: 0
IEDBiogasCHP/MMXU1.TotVAr.mag.f: 0.0
IEDBiogasCHP/MMXU1.TotVAr.range: 0
IEDBiogasCHP/MMXU1.TotVAr.q: 0x00 0x00
IEDBiogasCHP/MMXU1.TotVAr.t: Thu Jan 01 01:00:00 CET 1970
14:23:47.037 [openiec61850-osi-server-7-thread-1] DEBUG com.beanit.openiec61850.ServerAssociation - sub BDA is:IEDBiogasCHP/MMXU1.TotVAr.instMag.i: 0
14:23:47.037 [openiec61850-osi-server-7-thread-1] DEBUG com.beanit.openiec61850.ServerAssociation - sub BDA is:IEDBiogasCHP/MMXU1.TotVAr.instMag.f: 0.0
14:23:47.037 [openiec61850-osi-server-7-thread-1] DEBUG com.beanit.openiec61850.ServerAssociation - sub BDA is:IEDBiogasCHP/MMXU1.TotVAr.mag.i: 0
14:23:47.037 [openiec61850-osi-server-7-thread-1] DEBUG com.beanit.openiec61850.ServerAssociation - sub BDA is:IEDBiogasCHP/MMXU1.TotVAr.mag.f: 0.0
14:23:47.037 [openiec61850-osi-server-7-thread-1] DEBUG com.beanit.openiec61850.ServerAssociation - sub BDA is:IEDBiogasCHP/MMXU1.TotVAr.range: 0
14:23:47.037 [openiec61850-osi-server-7-thread-1] DEBUG com.beanit.openiec61850.ServerAssociation - sub BDA is:IEDBiogasCHP/MMXU1.TotVAr.q: 0x00 0x00
14:23:47.037 [openiec61850-osi-server-7-thread-1] DEBUG com.beanit.openiec61850.ServerAssociation - sub BDA is:IEDBiogasCHP/MMXU1.TotVAr.t: Thu Jan 01 01:00:00 CET 1970
calling GetDataValues(IEDBiogasCHP/MMXU1.TotVAr.instMag)
14:23:47.037 [openiec61850-osi-server-7-thread-1] DEBUG com.beanit.openiec61850.ServerAssociation - Got a GetDataValues request for node: IEDBiogasCHP/MMXU1.TotVAr.instMag [MX]
IEDBiogasCHP/MMXU1.TotVAr.instMag.i: 0
IEDBiogasCHP/MMXU1.TotVAr.instMag.f: 0.0
14:23:47.037 [openiec61850-osi-server-7-thread-1] DEBUG com.beanit.openiec61850.ServerAssociation - sub BDA is:IEDBiogasCHP/MMXU1.TotVAr.instMag.i: 0
14:23:47.037 [openiec61850-osi-server-7-thread-1] DEBUG com.beanit.openiec61850.ServerAssociation - sub BDA is:IEDBiogasCHP/MMXU1.TotVAr.instMag.f: 0.0
calling GetDataValues(IEDBiogasCHP/MMXU1.TotVAr.instMag.i)
14:23:47.037 [openiec61850-osi-server-7-thread-1] DEBUG com.beanit.openiec61850.ServerAssociation - Got a GetDataValues request for node: IEDBiogasCHP/MMXU1.TotVAr.instMag.i: 0
calling GetDataValues(IEDBiogasCHP/MMXU1.TotVAr.instMag.f)
14:23:47.037 [openiec61850-osi-server-7-thread-1] DEBUG com.beanit.openiec61850.ServerAssociation - Got a GetDataValues request for node: IEDBiogasCHP/MMXU1.TotVAr.instMag.f: 0.0
calling GetDataValues(IEDBiogasCHP/MMXU1.TotVAr.mag)
14:23:47.037 [openiec61850-osi-server-7-thread-1] DEBUG com.beanit.openiec61850.ServerAssociation - Got a GetDataValues request for node: IEDBiogasCHP/MMXU1.TotVAr.mag [MX]
IEDBiogasCHP/MMXU1.TotVAr.mag.i: 0
IEDBiogasCHP/MMXU1.TotVAr.mag.f: 0.0
14:23:47.037 [openiec61850-osi-server-7-thread-1] DEBUG com.beanit.openiec61850.ServerAssociation - sub BDA is:IEDBiogasCHP/MMXU1.TotVAr.mag.i: 0
14:23:47.037 [openiec61850-osi-server-7-thread-1] DEBUG com.beanit.openiec61850.ServerAssociation - sub BDA is:IEDBiogasCHP/MMXU1.TotVAr.mag.f: 0.0
calling GetDataValues(IEDBiogasCHP/MMXU1.TotVAr.mag.i)
14:23:47.037 [openiec61850-osi-server-7-thread-1] DEBUG com.beanit.openiec61850.ServerAssociation - Got a GetDataValues request for node: IEDBiogasCHP/MMXU1.TotVAr.mag.i: 0
calling GetDataValues(IEDBiogasCHP/MMXU1.TotVAr.mag.f)
14:23:47.038 [openiec61850-osi-server-7-thread-1] DEBUG com.beanit.openiec61850.ServerAssociation - Got a GetDataValues request for node: IEDBiogasCHP/MMXU1.TotVAr.mag.f: 0.0
calling GetDataValues(IEDBiogasCHP/MMXU1.TotVAr.range)
14:23:47.038 [openiec61850-osi-server-7-thread-1] DEBUG com.beanit.openiec61850.ServerAssociation - Got a GetDataValues request for node: IEDBiogasCHP/MMXU1.TotVAr.range: 0
calling GetDataValues(IEDBiogasCHP/MMXU1.TotVAr.q)
14:23:47.038 [openiec61850-osi-server-7-thread-1] DEBUG com.beanit.openiec61850.ServerAssociation - Got a GetDataValues request for node: IEDBiogasCHP/MMXU1.TotVAr.q: 0x00 0x00
calling GetDataValues(IEDBiogasCHP/MMXU1.TotVAr.t)
14:23:47.038 [openiec61850-osi-server-7-thread-1] DEBUG com.beanit.openiec61850.ServerAssociation - Got a GetDataValues request for node: IEDBiogasCHP/MMXU1.TotVAr.t: Thu Jan 01 01:00:00 CET 1970
calling GetDataValues(IEDBiogasCHP/MMXU1.TotVAr)
14:23:47.038 [openiec61850-osi-server-7-thread-1] DEBUG com.beanit.openiec61850.ServerAssociation - Got a GetDataValues request for node: IEDBiogasCHP/MMXU1.TotVAr [SV]
IEDBiogasCHP/MMXU1.TotVAr.subEna: false
IEDBiogasCHP/MMXU1.TotVAr.subMag [SV]
IEDBiogasCHP/MMXU1.TotVAr.subMag.i: 0
IEDBiogasCHP/MMXU1.TotVAr.subMag.f: 0.0
IEDBiogasCHP/MMXU1.TotVAr.subQ: 0x00 0x00
IEDBiogasCHP/MMXU1.TotVAr.subID: ''
14:23:47.038 [openiec61850-osi-server-7-thread-1] DEBUG com.beanit.openiec61850.ServerAssociation - sub BDA is:IEDBiogasCHP/MMXU1.TotVAr.subEna: false
14:23:47.038 [openiec61850-osi-server-7-thread-1] DEBUG com.beanit.openiec61850.ServerAssociation - sub BDA is:IEDBiogasCHP/MMXU1.TotVAr.subMag.i: 0
14:23:47.038 [openiec61850-osi-server-7-thread-1] DEBUG com.beanit.openiec61850.ServerAssociation - sub BDA is:IEDBiogasCHP/MMXU1.TotVAr.subMag.f: 0.0
14:23:47.038 [openiec61850-osi-server-7-thread-1] DEBUG com.beanit.openiec61850.ServerAssociation - sub BDA is:IEDBiogasCHP/MMXU1.TotVAr.subQ: 0x00 0x00
14:23:47.038 [openiec61850-osi-server-7-thread-1] DEBUG com.beanit.openiec61850.ServerAssociation - sub BDA is:IEDBiogasCHP/MMXU1.TotVAr.subID: ''
calling GetDataValues(IEDBiogasCHP/MMXU1.TotVAr.subEna)
14:23:47.038 [openiec61850-osi-server-7-thread-1] DEBUG com.beanit.openiec61850.ServerAssociation - Got a GetDataValues request for node: IEDBiogasCHP/MMXU1.TotVAr.subEna: false
calling GetDataValues(IEDBiogasCHP/MMXU1.TotVAr.subMag)
14:23:47.039 [openiec61850-osi-server-7-thread-1] DEBUG com.beanit.openiec61850.ServerAssociation - Got a GetDataValues request for node: IEDBiogasCHP/MMXU1.TotVAr.subMag [SV]
IEDBiogasCHP/MMXU1.TotVAr.subMag.i: 0
IEDBiogasCHP/MMXU1.TotVAr.subMag.f: 0.0
14:23:47.039 [openiec61850-osi-server-7-thread-1] DEBUG com.beanit.openiec61850.ServerAssociation - sub BDA is:IEDBiogasCHP/MMXU1.TotVAr.subMag.i: 0
14:23:47.039 [openiec61850-osi-server-7-thread-1] DEBUG com.beanit.openiec61850.ServerAssociation - sub BDA is:IEDBiogasCHP/MMXU1.TotVAr.subMag.f: 0.0
calling GetDataValues(IEDBiogasCHP/MMXU1.TotVAr.subMag.i)
14:23:47.039 [openiec61850-osi-server-7-thread-1] DEBUG com.beanit.openiec61850.ServerAssociation - Got a GetDataValues request for node: IEDBiogasCHP/MMXU1.TotVAr.subMag.i: 0
calling GetDataValues(IEDBiogasCHP/MMXU1.TotVAr.subMag.f)
14:23:47.039 [openiec61850-osi-server-7-thread-1] DEBUG com.beanit.openiec61850.ServerAssociation - Got a GetDataValues request for node: IEDBiogasCHP/MMXU1.TotVAr.subMag.f: 0.0
calling GetDataValues(IEDBiogasCHP/MMXU1.TotVAr.subQ)
14:23:47.039 [openiec61850-osi-server-7-thread-1] DEBUG com.beanit.openiec61850.ServerAssociation - Got a GetDataValues request for node: IEDBiogasCHP/MMXU1.TotVAr.subQ: 0x00 0x00
calling GetDataValues(IEDBiogasCHP/MMXU1.TotVAr.subID)
14:23:47.039 [openiec61850-osi-server-7-thread-1] DEBUG com.beanit.openiec61850.ServerAssociation - Got a GetDataValues request for node: IEDBiogasCHP/MMXU1.TotVAr.subID: ''
calling GetDataValues(IEDBiogasCHP/MMXU1.TotVAr)
14:23:47.040 [openiec61850-osi-server-7-thread-1] DEBUG com.beanit.openiec61850.ServerAssociation - Got a GetDataValues request for node: IEDBiogasCHP/MMXU1.TotVAr [CF]
IEDBiogasCHP/MMXU1.TotVAr.units [CF]
IEDBiogasCHP/MMXU1.TotVAr.units.SIUnit: 0
IEDBiogasCHP/MMXU1.TotVAr.units.multiplier: 0
IEDBiogasCHP/MMXU1.TotVAr.db: 0
IEDBiogasCHP/MMXU1.TotVAr.zeroDb: 0
IEDBiogasCHP/MMXU1.TotVAr.sVC [CF]
IEDBiogasCHP/MMXU1.TotVAr.sVC.scaleFactor: 0.0
IEDBiogasCHP/MMXU1.TotVAr.sVC.offset: 0.0
IEDBiogasCHP/MMXU1.TotVAr.rangeC [CF]
IEDBiogasCHP/MMXU1.TotVAr.rangeC.hhLim [CF]
IEDBiogasCHP/MMXU1.TotVAr.rangeC.hhLim.i: 0
IEDBiogasCHP/MMXU1.TotVAr.rangeC.hhLim.f: 0.0
IEDBiogasCHP/MMXU1.TotVAr.rangeC.hLim [CF]
IEDBiogasCHP/MMXU1.TotVAr.rangeC.hLim.i: 0
IEDBiogasCHP/MMXU1.TotVAr.rangeC.hLim.f: 0.0
IEDBiogasCHP/MMXU1.TotVAr.rangeC.lLim [CF]
IEDBiogasCHP/MMXU1.TotVAr.rangeC.lLim.i: 0
IEDBiogasCHP/MMXU1.TotVAr.rangeC.lLim.f: 0.0
IEDBiogasCHP/MMXU1.TotVAr.rangeC.llLim [CF]
IEDBiogasCHP/MMXU1.TotVAr.rangeC.llLim.i: 0
IEDBiogasCHP/MMXU1.TotVAr.rangeC.llLim.f: 0.0
IEDBiogasCHP/MMXU1.TotVAr.rangeC.min [CF]
IEDBiogasCHP/MMXU1.TotVAr.rangeC.min.i: 0
IEDBiogasCHP/MMXU1.TotVAr.rangeC.min.f: 0.0
IEDBiogasCHP/MMXU1.TotVAr.rangeC.max [CF]
IEDBiogasCHP/MMXU1.TotVAr.rangeC.max.i: 0
IEDBiogasCHP/MMXU1.TotVAr.rangeC.max.f: 0.0
IEDBiogasCHP/MMXU1.TotVAr.smpRate: 0
14:23:47.040 [openiec61850-osi-server-7-thread-1] DEBUG com.beanit.openiec61850.ServerAssociation - sub BDA is:IEDBiogasCHP/MMXU1.TotVAr.units.SIUnit: 0
14:23:47.040 [openiec61850-osi-server-7-thread-1] DEBUG com.beanit.openiec61850.ServerAssociation - sub BDA is:IEDBiogasCHP/MMXU1.TotVAr.units.multiplier: 0
14:23:47.040 [openiec61850-osi-server-7-thread-1] DEBUG com.beanit.openiec61850.ServerAssociation - sub BDA is:IEDBiogasCHP/MMXU1.TotVAr.db: 0
14:23:47.040 [openiec61850-osi-server-7-thread-1] DEBUG com.beanit.openiec61850.ServerAssociation - sub BDA is:IEDBiogasCHP/MMXU1.TotVAr.zeroDb: 0
14:23:47.040 [openiec61850-osi-server-7-thread-1] DEBUG com.beanit.openiec61850.ServerAssociation - sub BDA is:IEDBiogasCHP/MMXU1.TotVAr.sVC.scaleFactor: 0.0
14:23:47.040 [openiec61850-osi-server-7-thread-1] DEBUG com.beanit.openiec61850.ServerAssociation - sub BDA is:IEDBiogasCHP/MMXU1.TotVAr.sVC.offset: 0.0
14:23:47.040 [openiec61850-osi-server-7-thread-1] DEBUG com.beanit.openiec61850.ServerAssociation - sub BDA is:IEDBiogasCHP/MMXU1.TotVAr.rangeC.hhLim.i: 0
14:23:47.040 [openiec61850-osi-server-7-thread-1] DEBUG com.beanit.openiec61850.ServerAssociation - sub BDA is:IEDBiogasCHP/MMXU1.TotVAr.rangeC.hhLim.f: 0.0
14:23:47.040 [openiec61850-osi-server-7-thread-1] DEBUG com.beanit.openiec61850.ServerAssociation - sub BDA is:IEDBiogasCHP/MMXU1.TotVAr.rangeC.hLim.i: 0
14:23:47.040 [openiec61850-osi-server-7-thread-1] DEBUG com.beanit.openiec61850.ServerAssociation - sub BDA is:IEDBiogasCHP/MMXU1.TotVAr.rangeC.hLim.f: 0.0
14:23:47.040 [openiec61850-osi-server-7-thread-1] DEBUG com.beanit.openiec61850.ServerAssociation - sub BDA is:IEDBiogasCHP/MMXU1.TotVAr.rangeC.lLim.i: 0
14:23:47.040 [openiec61850-osi-server-7-thread-1] DEBUG com.beanit.openiec61850.ServerAssociation - sub BDA is:IEDBiogasCHP/MMXU1.TotVAr.rangeC.lLim.f: 0.0
14:23:47.040 [openiec61850-osi-server-7-thread-1] DEBUG com.beanit.openiec61850.ServerAssociation - sub BDA is:IEDBiogasCHP/MMXU1.TotVAr.rangeC.llLim.i: 0
14:23:47.040 [openiec61850-osi-server-7-thread-1] DEBUG com.beanit.openiec61850.ServerAssociation - sub BDA is:IEDBiogasCHP/MMXU1.TotVAr.rangeC.llLim.f: 0.0
14:23:47.040 [openiec61850-osi-server-7-thread-1] DEBUG com.beanit.openiec61850.ServerAssociation - sub BDA is:IEDBiogasCHP/MMXU1.TotVAr.rangeC.min.i: 0
14:23:47.040 [openiec61850-osi-server-7-thread-1] DEBUG com.beanit.openiec61850.ServerAssociation - sub BDA is:IEDBiogasCHP/MMXU1.TotVAr.rangeC.min.f: 0.0
14:23:47.040 [openiec61850-osi-server-7-thread-1] DEBUG com.beanit.openiec61850.ServerAssociation - sub BDA is:IEDBiogasCHP/MMXU1.TotVAr.rangeC.max.i: 0
14:23:47.040 [openiec61850-osi-server-7-thread-1] DEBUG com.beanit.openiec61850.ServerAssociation - sub BDA is:IEDBiogasCHP/MMXU1.TotVAr.rangeC.max.f: 0.0
14:23:47.040 [openiec61850-osi-server-7-thread-1] DEBUG com.beanit.openiec61850.ServerAssociation - sub BDA is:IEDBiogasCHP/MMXU1.TotVAr.smpRate: 0
calling GetDataValues(IEDBiogasCHP/MMXU1.TotVAr.units)
14:23:47.040 [openiec61850-osi-server-7-thread-1] DEBUG com.beanit.openiec61850.ServerAssociation - Got a GetDataValues request for node: IEDBiogasCHP/MMXU1.TotVAr.units [CF]
IEDBiogasCHP/MMXU1.TotVAr.units.SIUnit: 0
IEDBiogasCHP/MMXU1.TotVAr.units.multiplier: 0
14:23:47.040 [openiec61850-osi-server-7-thread-1] DEBUG com.beanit.openiec61850.ServerAssociation - sub BDA is:IEDBiogasCHP/MMXU1.TotVAr.units.SIUnit: 0
14:23:47.040 [openiec61850-osi-server-7-thread-1] DEBUG com.beanit.openiec61850.ServerAssociation - sub BDA is:IEDBiogasCHP/MMXU1.TotVAr.units.multiplier: 0
calling GetDataValues(IEDBiogasCHP/MMXU1.TotVAr.units.SIUnit)
14:23:47.040 [openiec61850-osi-server-7-thread-1] DEBUG com.beanit.openiec61850.ServerAssociation - Got a GetDataValues request for node: IEDBiogasCHP/MMXU1.TotVAr.units.SIUnit: 0
calling GetDataValues(IEDBiogasCHP/MMXU1.TotVAr.units.multiplier)
14:23:47.040 [openiec61850-osi-server-7-thread-1] DEBUG com.beanit.openiec61850.ServerAssociation - Got a GetDataValues request for node: IEDBiogasCHP/MMXU1.TotVAr.units.multiplier: 0
calling GetDataValues(IEDBiogasCHP/MMXU1.TotVAr.db)
14:23:47.040 [openiec61850-osi-server-7-thread-1] DEBUG com.beanit.openiec61850.ServerAssociation - Got a GetDataValues request for node: IEDBiogasCHP/MMXU1.TotVAr.db: 0
calling GetDataValues(IEDBiogasCHP/MMXU1.TotVAr.zeroDb)
14:23:47.041 [openiec61850-osi-server-7-thread-1] DEBUG com.beanit.openiec61850.ServerAssociation - Got a GetDataValues request for node: IEDBiogasCHP/MMXU1.TotVAr.zeroDb: 0
calling GetDataValues(IEDBiogasCHP/MMXU1.TotVAr.sVC)
14:23:47.041 [openiec61850-osi-server-7-thread-1] DEBUG com.beanit.openiec61850.ServerAssociation - Got a GetDataValues request for node: IEDBiogasCHP/MMXU1.TotVAr.sVC [CF]
IEDBiogasCHP/MMXU1.TotVAr.sVC.scaleFactor: 0.0
IEDBiogasCHP/MMXU1.TotVAr.sVC.offset: 0.0
14:23:47.041 [openiec61850-osi-server-7-thread-1] DEBUG com.beanit.openiec61850.ServerAssociation - sub BDA is:IEDBiogasCHP/MMXU1.TotVAr.sVC.scaleFactor: 0.0
14:23:47.041 [openiec61850-osi-server-7-thread-1] DEBUG com.beanit.openiec61850.ServerAssociation - sub BDA is:IEDBiogasCHP/MMXU1.TotVAr.sVC.offset: 0.0
calling GetDataValues(IEDBiogasCHP/MMXU1.TotVAr.sVC.scaleFactor)
14:23:47.041 [openiec61850-osi-server-7-thread-1] DEBUG com.beanit.openiec61850.ServerAssociation - Got a GetDataValues request for node: IEDBiogasCHP/MMXU1.TotVAr.sVC.scaleFactor: 0.0
calling GetDataValues(IEDBiogasCHP/MMXU1.TotVAr.sVC.offset)
14:23:47.041 [openiec61850-osi-server-7-thread-1] DEBUG com.beanit.openiec61850.ServerAssociation - Got a GetDataValues request for node: IEDBiogasCHP/MMXU1.TotVAr.sVC.offset: 0.0
calling GetDataValues(IEDBiogasCHP/MMXU1.TotVAr.rangeC)
14:23:47.041 [openiec61850-osi-server-7-thread-1] DEBUG com.beanit.openiec61850.ServerAssociation - Got a GetDataValues request for node: IEDBiogasCHP/MMXU1.TotVAr.rangeC [CF]
IEDBiogasCHP/MMXU1.TotVAr.rangeC.hhLim [CF]
IEDBiogasCHP/MMXU1.TotVAr.rangeC.hhLim.i: 0
IEDBiogasCHP/MMXU1.TotVAr.rangeC.hhLim.f: 0.0
IEDBiogasCHP/MMXU1.TotVAr.rangeC.hLim [CF]
IEDBiogasCHP/MMXU1.TotVAr.rangeC.hLim.i: 0
IEDBiogasCHP/MMXU1.TotVAr.rangeC.hLim.f: 0.0
IEDBiogasCHP/MMXU1.TotVAr.rangeC.lLim [CF]
IEDBiogasCHP/MMXU1.TotVAr.rangeC.lLim.i: 0
IEDBiogasCHP/MMXU1.TotVAr.rangeC.lLim.f: 0.0
IEDBiogasCHP/MMXU1.TotVAr.rangeC.llLim [CF]
IEDBiogasCHP/MMXU1.TotVAr.rangeC.llLim.i: 0
IEDBiogasCHP/MMXU1.TotVAr.rangeC.llLim.f: 0.0
IEDBiogasCHP/MMXU1.TotVAr.rangeC.min [CF]
IEDBiogasCHP/MMXU1.TotVAr.rangeC.min.i: 0
IEDBiogasCHP/MMXU1.TotVAr.rangeC.min.f: 0.0
IEDBiogasCHP/MMXU1.TotVAr.rangeC.max [CF]
IEDBiogasCHP/MMXU1.TotVAr.rangeC.max.i: 0
IEDBiogasCHP/MMXU1.TotVAr.rangeC.max.f: 0.0
14:23:47.041 [openiec61850-osi-server-7-thread-1] DEBUG com.beanit.openiec61850.ServerAssociation - sub BDA is:IEDBiogasCHP/MMXU1.TotVAr.rangeC.hhLim.i: 0
14:23:47.041 [openiec61850-osi-server-7-thread-1] DEBUG com.beanit.openiec61850.ServerAssociation - sub BDA is:IEDBiogasCHP/MMXU1.TotVAr.rangeC.hhLim.f: 0.0
14:23:47.041 [openiec61850-osi-server-7-thread-1] DEBUG com.beanit.openiec61850.ServerAssociation - sub BDA is:IEDBiogasCHP/MMXU1.TotVAr.rangeC.hLim.i: 0
14:23:47.041 [openiec61850-osi-server-7-thread-1] DEBUG com.beanit.openiec61850.ServerAssociation - sub BDA is:IEDBiogasCHP/MMXU1.TotVAr.rangeC.hLim.f: 0.0
14:23:47.041 [openiec61850-osi-server-7-thread-1] DEBUG com.beanit.openiec61850.ServerAssociation - sub BDA is:IEDBiogasCHP/MMXU1.TotVAr.rangeC.lLim.i: 0
14:23:47.041 [openiec61850-osi-server-7-thread-1] DEBUG com.beanit.openiec61850.ServerAssociation - sub BDA is:IEDBiogasCHP/MMXU1.TotVAr.rangeC.lLim.f: 0.0
14:23:47.041 [openiec61850-osi-server-7-thread-1] DEBUG com.beanit.openiec61850.ServerAssociation - sub BDA is:IEDBiogasCHP/MMXU1.TotVAr.rangeC.llLim.i: 0
14:23:47.041 [openiec61850-osi-server-7-thread-1] DEBUG com.beanit.openiec61850.ServerAssociation - sub BDA is:IEDBiogasCHP/MMXU1.TotVAr.rangeC.llLim.f: 0.0
14:23:47.041 [openiec61850-osi-server-7-thread-1] DEBUG com.beanit.openiec61850.ServerAssociation - sub BDA is:IEDBiogasCHP/MMXU1.TotVAr.rangeC.min.i: 0
14:23:47.041 [openiec61850-osi-server-7-thread-1] DEBUG com.beanit.openiec61850.ServerAssociation - sub BDA is:IEDBiogasCHP/MMXU1.TotVAr.rangeC.min.f: 0.0
14:23:47.041 [openiec61850-osi-server-7-thread-1] DEBUG com.beanit.openiec61850.ServerAssociation - sub BDA is:IEDBiogasCHP/MMXU1.TotVAr.rangeC.max.i: 0
14:23:47.041 [openiec61850-osi-server-7-thread-1] DEBUG com.beanit.openiec61850.ServerAssociation - sub BDA is:IEDBiogasCHP/MMXU1.TotVAr.rangeC.max.f: 0.0
calling GetDataValues(IEDBiogasCHP/MMXU1.TotVAr.rangeC.hhLim)
14:23:47.042 [openiec61850-osi-server-7-thread-1] DEBUG com.beanit.openiec61850.ServerAssociation - Got a GetDataValues request for node: IEDBiogasCHP/MMXU1.TotVAr.rangeC.hhLim [CF]
IEDBiogasCHP/MMXU1.TotVAr.rangeC.hhLim.i: 0
IEDBiogasCHP/MMXU1.TotVAr.rangeC.hhLim.f: 0.0
14:23:47.042 [openiec61850-osi-server-7-thread-1] DEBUG com.beanit.openiec61850.ServerAssociation - sub BDA is:IEDBiogasCHP/MMXU1.TotVAr.rangeC.hhLim.i: 0
14:23:47.042 [openiec61850-osi-server-7-thread-1] DEBUG com.beanit.openiec61850.ServerAssociation - sub BDA is:IEDBiogasCHP/MMXU1.TotVAr.rangeC.hhLim.f: 0.0
calling GetDataValues(IEDBiogasCHP/MMXU1.TotVAr.rangeC.hhLim.i)
14:23:47.042 [openiec61850-osi-server-7-thread-1] DEBUG com.beanit.openiec61850.ServerAssociation - Got a GetDataValues request for node: IEDBiogasCHP/MMXU1.TotVAr.rangeC.hhLim.i: 0
calling GetDataValues(IEDBiogasCHP/MMXU1.TotVAr.rangeC.hhLim.f)
14:23:47.042 [openiec61850-osi-server-7-thread-1] DEBUG com.beanit.openiec61850.ServerAssociation - Got a GetDataValues request for node: IEDBiogasCHP/MMXU1.TotVAr.rangeC.hhLim.f: 0.0
calling GetDataValues(IEDBiogasCHP/MMXU1.TotVAr.rangeC.hLim)
14:23:47.042 [openiec61850-osi-server-7-thread-1] DEBUG com.beanit.openiec61850.ServerAssociation - Got a GetDataValues request for node: IEDBiogasCHP/MMXU1.TotVAr.rangeC.hLim [CF]
IEDBiogasCHP/MMXU1.TotVAr.rangeC.hLim.i: 0
IEDBiogasCHP/MMXU1.TotVAr.rangeC.hLim.f: 0.0
14:23:47.042 [openiec61850-osi-server-7-thread-1] DEBUG com.beanit.openiec61850.ServerAssociation - sub BDA is:IEDBiogasCHP/MMXU1.TotVAr.rangeC.hLim.i: 0
14:23:47.042 [openiec61850-osi-server-7-thread-1] DEBUG com.beanit.openiec61850.ServerAssociation - sub BDA is:IEDBiogasCHP/MMXU1.TotVAr.rangeC.hLim.f: 0.0
calling GetDataValues(IEDBiogasCHP/MMXU1.TotVAr.rangeC.hLim.i)
14:23:47.042 [openiec61850-osi-server-7-thread-1] DEBUG com.beanit.openiec61850.ServerAssociation - Got a GetDataValues request for node: IEDBiogasCHP/MMXU1.TotVAr.rangeC.hLim.i: 0
calling GetDataValues(IEDBiogasCHP/MMXU1.TotVAr.rangeC.hLim.f)
14:23:47.042 [openiec61850-osi-server-7-thread-1] DEBUG com.beanit.openiec61850.ServerAssociation - Got a GetDataValues request for node: IEDBiogasCHP/MMXU1.TotVAr.rangeC.hLim.f: 0.0
calling GetDataValues(IEDBiogasCHP/MMXU1.TotVAr.rangeC.lLim)
14:23:47.043 [openiec61850-osi-server-7-thread-1] DEBUG com.beanit.openiec61850.ServerAssociation - Got a GetDataValues request for node: IEDBiogasCHP/MMXU1.TotVAr.rangeC.lLim [CF]
IEDBiogasCHP/MMXU1.TotVAr.rangeC.lLim.i: 0
IEDBiogasCHP/MMXU1.TotVAr.rangeC.lLim.f: 0.0
14:23:47.043 [openiec61850-osi-server-7-thread-1] DEBUG com.beanit.openiec61850.ServerAssociation - sub BDA is:IEDBiogasCHP/MMXU1.TotVAr.rangeC.lLim.i: 0
14:23:47.043 [openiec61850-osi-server-7-thread-1] DEBUG com.beanit.openiec61850.ServerAssociation - sub BDA is:IEDBiogasCHP/MMXU1.TotVAr.rangeC.lLim.f: 0.0
calling GetDataValues(IEDBiogasCHP/MMXU1.TotVAr.rangeC.lLim.i)
14:23:47.043 [openiec61850-osi-server-7-thread-1] DEBUG com.beanit.openiec61850.ServerAssociation - Got a GetDataValues request for node: IEDBiogasCHP/MMXU1.TotVAr.rangeC.lLim.i: 0
calling GetDataValues(IEDBiogasCHP/MMXU1.TotVAr.rangeC.lLim.f)
14:23:47.043 [openiec61850-osi-server-7-thread-1] DEBUG com.beanit.openiec61850.ServerAssociation - Got a GetDataValues request for node: IEDBiogasCHP/MMXU1.TotVAr.rangeC.lLim.f: 0.0
calling GetDataValues(IEDBiogasCHP/MMXU1.TotVAr.rangeC.llLim)
14:23:47.043 [openiec61850-osi-server-7-thread-1] DEBUG com.beanit.openiec61850.ServerAssociation - Got a GetDataValues request for node: IEDBiogasCHP/MMXU1.TotVAr.rangeC.llLim [CF]
IEDBiogasCHP/MMXU1.TotVAr.rangeC.llLim.i: 0
IEDBiogasCHP/MMXU1.TotVAr.rangeC.llLim.f: 0.0
14:23:47.043 [openiec61850-osi-server-7-thread-1] DEBUG com.beanit.openiec61850.ServerAssociation - sub BDA is:IEDBiogasCHP/MMXU1.TotVAr.rangeC.llLim.i: 0
14:23:47.043 [openiec61850-osi-server-7-thread-1] DEBUG com.beanit.openiec61850.ServerAssociation - sub BDA is:IEDBiogasCHP/MMXU1.TotVAr.rangeC.llLim.f: 0.0
calling GetDataValues(IEDBiogasCHP/MMXU1.TotVAr.rangeC.llLim.i)
14:23:47.043 [openiec61850-osi-server-7-thread-1] DEBUG com.beanit.openiec61850.ServerAssociation - Got a GetDataValues request for node: IEDBiogasCHP/MMXU1.TotVAr.rangeC.llLim.i: 0
calling GetDataValues(IEDBiogasCHP/MMXU1.TotVAr.rangeC.llLim.f)
14:23:47.043 [openiec61850-osi-server-7-thread-1] DEBUG com.beanit.openiec61850.ServerAssociation - Got a GetDataValues request for node: IEDBiogasCHP/MMXU1.TotVAr.rangeC.llLim.f: 0.0
calling GetDataValues(IEDBiogasCHP/MMXU1.TotVAr.rangeC.min)
14:23:47.043 [openiec61850-osi-server-7-thread-1] DEBUG com.beanit.openiec61850.ServerAssociation - Got a GetDataValues request for node: IEDBiogasCHP/MMXU1.TotVAr.rangeC.min [CF]
IEDBiogasCHP/MMXU1.TotVAr.rangeC.min.i: 0
IEDBiogasCHP/MMXU1.TotVAr.rangeC.min.f: 0.0
14:23:47.043 [openiec61850-osi-server-7-thread-1] DEBUG com.beanit.openiec61850.ServerAssociation - sub BDA is:IEDBiogasCHP/MMXU1.TotVAr.rangeC.min.i: 0
14:23:47.043 [openiec61850-osi-server-7-thread-1] DEBUG com.beanit.openiec61850.ServerAssociation - sub BDA is:IEDBiogasCHP/MMXU1.TotVAr.rangeC.min.f: 0.0
calling GetDataValues(IEDBiogasCHP/MMXU1.TotVAr.rangeC.min.i)
14:23:47.044 [openiec61850-osi-server-7-thread-1] DEBUG com.beanit.openiec61850.ServerAssociation - Got a GetDataValues request for node: IEDBiogasCHP/MMXU1.TotVAr.rangeC.min.i: 0
calling GetDataValues(IEDBiogasCHP/MMXU1.TotVAr.rangeC.min.f)
14:23:47.044 [openiec61850-osi-server-7-thread-1] DEBUG com.beanit.openiec61850.ServerAssociation - Got a GetDataValues request for node: IEDBiogasCHP/MMXU1.TotVAr.rangeC.min.f: 0.0
calling GetDataValues(IEDBiogasCHP/MMXU1.TotVAr.rangeC.max)
14:23:47.044 [openiec61850-osi-server-7-thread-1] DEBUG com.beanit.openiec61850.ServerAssociation - Got a GetDataValues request for node: IEDBiogasCHP/MMXU1.TotVAr.rangeC.max [CF]
IEDBiogasCHP/MMXU1.TotVAr.rangeC.max.i: 0
IEDBiogasCHP/MMXU1.TotVAr.rangeC.max.f: 0.0
14:23:47.044 [openiec61850-osi-server-7-thread-1] DEBUG com.beanit.openiec61850.ServerAssociation - sub BDA is:IEDBiogasCHP/MMXU1.TotVAr.rangeC.max.i: 0
14:23:47.044 [openiec61850-osi-server-7-thread-1] DEBUG com.beanit.openiec61850.ServerAssociation - sub BDA is:IEDBiogasCHP/MMXU1.TotVAr.rangeC.max.f: 0.0
calling GetDataValues(IEDBiogasCHP/MMXU1.TotVAr.rangeC.max.i)
14:23:47.044 [openiec61850-osi-server-7-thread-1] DEBUG com.beanit.openiec61850.ServerAssociation - Got a GetDataValues request for node: IEDBiogasCHP/MMXU1.TotVAr.rangeC.max.i: 0
calling GetDataValues(IEDBiogasCHP/MMXU1.TotVAr.rangeC.max.f)
14:23:47.044 [openiec61850-osi-server-7-thread-1] DEBUG com.beanit.openiec61850.ServerAssociation - Got a GetDataValues request for node: IEDBiogasCHP/MMXU1.TotVAr.rangeC.max.f: 0.0
calling GetDataValues(IEDBiogasCHP/MMXU1.TotVAr.smpRate)
14:23:47.044 [openiec61850-osi-server-7-thread-1] DEBUG com.beanit.openiec61850.ServerAssociation - Got a GetDataValues request for node: IEDBiogasCHP/MMXU1.TotVAr.smpRate: 0
calling GetDataValues(IEDBiogasCHP/MMXU1.TotVAr)
14:23:47.044 [openiec61850-osi-server-7-thread-1] DEBUG com.beanit.openiec61850.ServerAssociation - Got a GetDataValues request for node: IEDBiogasCHP/MMXU1.TotVAr [DC]
IEDBiogasCHP/MMXU1.TotVAr.d: ''
IEDBiogasCHP/MMXU1.TotVAr.dU: 
14:23:47.045 [openiec61850-osi-server-7-thread-1] DEBUG com.beanit.openiec61850.ServerAssociation - sub BDA is:IEDBiogasCHP/MMXU1.TotVAr.d: ''
14:23:47.045 [openiec61850-osi-server-7-thread-1] DEBUG com.beanit.openiec61850.ServerAssociation - sub BDA is:IEDBiogasCHP/MMXU1.TotVAr.dU: 
calling GetDataValues(IEDBiogasCHP/MMXU1.TotVAr.d)
14:23:47.045 [openiec61850-osi-server-7-thread-1] DEBUG com.beanit.openiec61850.ServerAssociation - Got a GetDataValues request for node: IEDBiogasCHP/MMXU1.TotVAr.d: ''
calling GetDataValues(IEDBiogasCHP/MMXU1.TotVAr.dU)
14:23:47.045 [openiec61850-osi-server-7-thread-1] DEBUG com.beanit.openiec61850.ServerAssociation - Got a GetDataValues request for node: IEDBiogasCHP/MMXU1.TotVAr.dU: 
calling GetDataValues(IEDBiogasCHP/MMXU1.TotVAr)
14:23:47.045 [openiec61850-osi-server-7-thread-1] DEBUG com.beanit.openiec61850.ServerAssociation - Got a GetDataValues request for node: IEDBiogasCHP/MMXU1.TotVAr [EX]
IEDBiogasCHP/MMXU1.TotVAr.cdcNs: ''
IEDBiogasCHP/MMXU1.TotVAr.cdcName: ''
IEDBiogasCHP/MMXU1.TotVAr.dataNs: ''
14:23:47.045 [openiec61850-osi-server-7-thread-1] DEBUG com.beanit.openiec61850.ServerAssociation - sub BDA is:IEDBiogasCHP/MMXU1.TotVAr.cdcNs: ''
14:23:47.045 [openiec61850-osi-server-7-thread-1] DEBUG com.beanit.openiec61850.ServerAssociation - sub BDA is:IEDBiogasCHP/MMXU1.TotVAr.cdcName: ''
14:23:47.045 [openiec61850-osi-server-7-thread-1] DEBUG com.beanit.openiec61850.ServerAssociation - sub BDA is:IEDBiogasCHP/MMXU1.TotVAr.dataNs: ''
calling GetDataValues(IEDBiogasCHP/MMXU1.TotVAr.cdcNs)
14:23:47.045 [openiec61850-osi-server-7-thread-1] DEBUG com.beanit.openiec61850.ServerAssociation - Got a GetDataValues request for node: IEDBiogasCHP/MMXU1.TotVAr.cdcNs: ''
calling GetDataValues(IEDBiogasCHP/MMXU1.TotVAr.cdcName)
14:23:47.045 [openiec61850-osi-server-7-thread-1] DEBUG com.beanit.openiec61850.ServerAssociation - Got a GetDataValues request for node: IEDBiogasCHP/MMXU1.TotVAr.cdcName: ''
calling GetDataValues(IEDBiogasCHP/MMXU1.TotVAr.dataNs)
14:23:47.045 [openiec61850-osi-server-7-thread-1] DEBUG com.beanit.openiec61850.ServerAssociation - Got a GetDataValues request for node: IEDBiogasCHP/MMXU1.TotVAr.dataNs: ''
calling GetDataValues(IEDBiogasCHP/MMXU1.TotVA)
14:23:47.045 [openiec61850-osi-server-7-thread-1] DEBUG com.beanit.openiec61850.ServerAssociation - Got a GetDataValues request for node: IEDBiogasCHP/MMXU1.TotVA [MX]
IEDBiogasCHP/MMXU1.TotVA.instMag [MX]
IEDBiogasCHP/MMXU1.TotVA.instMag.i: 0
IEDBiogasCHP/MMXU1.TotVA.instMag.f: 0.0
IEDBiogasCHP/MMXU1.TotVA.mag [MX]
IEDBiogasCHP/MMXU1.TotVA.mag.i: 0
IEDBiogasCHP/MMXU1.TotVA.mag.f: 0.0
IEDBiogasCHP/MMXU1.TotVA.range: 0
IEDBiogasCHP/MMXU1.TotVA.q: 0x00 0x00
IEDBiogasCHP/MMXU1.TotVA.t: Thu Jan 01 01:00:00 CET 1970
14:23:47.045 [openiec61850-osi-server-7-thread-1] DEBUG com.beanit.openiec61850.ServerAssociation - sub BDA is:IEDBiogasCHP/MMXU1.TotVA.instMag.i: 0
14:23:47.045 [openiec61850-osi-server-7-thread-1] DEBUG com.beanit.openiec61850.ServerAssociation - sub BDA is:IEDBiogasCHP/MMXU1.TotVA.instMag.f: 0.0
14:23:47.045 [openiec61850-osi-server-7-thread-1] DEBUG com.beanit.openiec61850.ServerAssociation - sub BDA is:IEDBiogasCHP/MMXU1.TotVA.mag.i: 0
14:23:47.045 [openiec61850-osi-server-7-thread-1] DEBUG com.beanit.openiec61850.ServerAssociation - sub BDA is:IEDBiogasCHP/MMXU1.TotVA.mag.f: 0.0
14:23:47.046 [openiec61850-osi-server-7-thread-1] DEBUG com.beanit.openiec61850.ServerAssociation - sub BDA is:IEDBiogasCHP/MMXU1.TotVA.range: 0
14:23:47.046 [openiec61850-osi-server-7-thread-1] DEBUG com.beanit.openiec61850.ServerAssociation - sub BDA is:IEDBiogasCHP/MMXU1.TotVA.q: 0x00 0x00
14:23:47.046 [openiec61850-osi-server-7-thread-1] DEBUG com.beanit.openiec61850.ServerAssociation - sub BDA is:IEDBiogasCHP/MMXU1.TotVA.t: Thu Jan 01 01:00:00 CET 1970
calling GetDataValues(IEDBiogasCHP/MMXU1.TotVA.instMag)
14:23:47.046 [openiec61850-osi-server-7-thread-1] DEBUG com.beanit.openiec61850.ServerAssociation - Got a GetDataValues request for node: IEDBiogasCHP/MMXU1.TotVA.instMag [MX]
IEDBiogasCHP/MMXU1.TotVA.instMag.i: 0
IEDBiogasCHP/MMXU1.TotVA.instMag.f: 0.0
14:23:47.046 [openiec61850-osi-server-7-thread-1] DEBUG com.beanit.openiec61850.ServerAssociation - sub BDA is:IEDBiogasCHP/MMXU1.TotVA.instMag.i: 0
14:23:47.046 [openiec61850-osi-server-7-thread-1] DEBUG com.beanit.openiec61850.ServerAssociation - sub BDA is:IEDBiogasCHP/MMXU1.TotVA.instMag.f: 0.0
calling GetDataValues(IEDBiogasCHP/MMXU1.TotVA.instMag.i)
14:23:47.046 [openiec61850-osi-server-7-thread-1] DEBUG com.beanit.openiec61850.ServerAssociation - Got a GetDataValues request for node: IEDBiogasCHP/MMXU1.TotVA.instMag.i: 0
calling GetDataValues(IEDBiogasCHP/MMXU1.TotVA.instMag.f)
14:23:47.046 [openiec61850-osi-server-7-thread-1] DEBUG com.beanit.openiec61850.ServerAssociation - Got a GetDataValues request for node: IEDBiogasCHP/MMXU1.TotVA.instMag.f: 0.0
calling GetDataValues(IEDBiogasCHP/MMXU1.TotVA.mag)
14:23:47.046 [openiec61850-osi-server-7-thread-1] DEBUG com.beanit.openiec61850.ServerAssociation - Got a GetDataValues request for node: IEDBiogasCHP/MMXU1.TotVA.mag [MX]
IEDBiogasCHP/MMXU1.TotVA.mag.i: 0
IEDBiogasCHP/MMXU1.TotVA.mag.f: 0.0
14:23:47.046 [openiec61850-osi-server-7-thread-1] DEBUG com.beanit.openiec61850.ServerAssociation - sub BDA is:IEDBiogasCHP/MMXU1.TotVA.mag.i: 0
14:23:47.046 [openiec61850-osi-server-7-thread-1] DEBUG com.beanit.openiec61850.ServerAssociation - sub BDA is:IEDBiogasCHP/MMXU1.TotVA.mag.f: 0.0
calling GetDataValues(IEDBiogasCHP/MMXU1.TotVA.mag.i)
14:23:47.046 [openiec61850-osi-server-7-thread-1] DEBUG com.beanit.openiec61850.ServerAssociation - Got a GetDataValues request for node: IEDBiogasCHP/MMXU1.TotVA.mag.i: 0
calling GetDataValues(IEDBiogasCHP/MMXU1.TotVA.mag.f)
14:23:47.046 [openiec61850-osi-server-7-thread-1] DEBUG com.beanit.openiec61850.ServerAssociation - Got a GetDataValues request for node: IEDBiogasCHP/MMXU1.TotVA.mag.f: 0.0
calling GetDataValues(IEDBiogasCHP/MMXU1.TotVA.range)
14:23:47.047 [openiec61850-osi-server-7-thread-1] DEBUG com.beanit.openiec61850.ServerAssociation - Got a GetDataValues request for node: IEDBiogasCHP/MMXU1.TotVA.range: 0
calling GetDataValues(IEDBiogasCHP/MMXU1.TotVA.q)
14:23:47.047 [openiec61850-osi-server-7-thread-1] DEBUG com.beanit.openiec61850.ServerAssociation - Got a GetDataValues request for node: IEDBiogasCHP/MMXU1.TotVA.q: 0x00 0x00
calling GetDataValues(IEDBiogasCHP/MMXU1.TotVA.t)
14:23:47.047 [openiec61850-osi-server-7-thread-1] DEBUG com.beanit.openiec61850.ServerAssociation - Got a GetDataValues request for node: IEDBiogasCHP/MMXU1.TotVA.t: Thu Jan 01 01:00:00 CET 1970
calling GetDataValues(IEDBiogasCHP/MMXU1.TotVA)
14:23:47.047 [openiec61850-osi-server-7-thread-1] DEBUG com.beanit.openiec61850.ServerAssociation - Got a GetDataValues request for node: IEDBiogasCHP/MMXU1.TotVA [SV]
IEDBiogasCHP/MMXU1.TotVA.subEna: false
IEDBiogasCHP/MMXU1.TotVA.subMag [SV]
IEDBiogasCHP/MMXU1.TotVA.subMag.i: 0
IEDBiogasCHP/MMXU1.TotVA.subMag.f: 0.0
IEDBiogasCHP/MMXU1.TotVA.subQ: 0x00 0x00
IEDBiogasCHP/MMXU1.TotVA.subID: ''
14:23:47.047 [openiec61850-osi-server-7-thread-1] DEBUG com.beanit.openiec61850.ServerAssociation - sub BDA is:IEDBiogasCHP/MMXU1.TotVA.subEna: false
14:23:47.047 [openiec61850-osi-server-7-thread-1] DEBUG com.beanit.openiec61850.ServerAssociation - sub BDA is:IEDBiogasCHP/MMXU1.TotVA.subMag.i: 0
14:23:47.047 [openiec61850-osi-server-7-thread-1] DEBUG com.beanit.openiec61850.ServerAssociation - sub BDA is:IEDBiogasCHP/MMXU1.TotVA.subMag.f: 0.0
14:23:47.047 [openiec61850-osi-server-7-thread-1] DEBUG com.beanit.openiec61850.ServerAssociation - sub BDA is:IEDBiogasCHP/MMXU1.TotVA.subQ: 0x00 0x00
14:23:47.047 [openiec61850-osi-server-7-thread-1] DEBUG com.beanit.openiec61850.ServerAssociation - sub BDA is:IEDBiogasCHP/MMXU1.TotVA.subID: ''
calling GetDataValues(IEDBiogasCHP/MMXU1.TotVA.subEna)
14:23:47.047 [openiec61850-osi-server-7-thread-1] DEBUG com.beanit.openiec61850.ServerAssociation - Got a GetDataValues request for node: IEDBiogasCHP/MMXU1.TotVA.subEna: false
calling GetDataValues(IEDBiogasCHP/MMXU1.TotVA.subMag)
14:23:47.047 [openiec61850-osi-server-7-thread-1] DEBUG com.beanit.openiec61850.ServerAssociation - Got a GetDataValues request for node: IEDBiogasCHP/MMXU1.TotVA.subMag [SV]
IEDBiogasCHP/MMXU1.TotVA.subMag.i: 0
IEDBiogasCHP/MMXU1.TotVA.subMag.f: 0.0
14:23:47.047 [openiec61850-osi-server-7-thread-1] DEBUG com.beanit.openiec61850.ServerAssociation - sub BDA is:IEDBiogasCHP/MMXU1.TotVA.subMag.i: 0
14:23:47.047 [openiec61850-osi-server-7-thread-1] DEBUG com.beanit.openiec61850.ServerAssociation - sub BDA is:IEDBiogasCHP/MMXU1.TotVA.subMag.f: 0.0
calling GetDataValues(IEDBiogasCHP/MMXU1.TotVA.subMag.i)
14:23:47.047 [openiec61850-osi-server-7-thread-1] DEBUG com.beanit.openiec61850.ServerAssociation - Got a GetDataValues request for node: IEDBiogasCHP/MMXU1.TotVA.subMag.i: 0
calling GetDataValues(IEDBiogasCHP/MMXU1.TotVA.subMag.f)
14:23:47.048 [openiec61850-osi-server-7-thread-1] DEBUG com.beanit.openiec61850.ServerAssociation - Got a GetDataValues request for node: IEDBiogasCHP/MMXU1.TotVA.subMag.f: 0.0
calling GetDataValues(IEDBiogasCHP/MMXU1.TotVA.subQ)
14:23:47.048 [openiec61850-osi-server-7-thread-1] DEBUG com.beanit.openiec61850.ServerAssociation - Got a GetDataValues request for node: IEDBiogasCHP/MMXU1.TotVA.subQ: 0x00 0x00
calling GetDataValues(IEDBiogasCHP/MMXU1.TotVA.subID)
14:23:47.048 [openiec61850-osi-server-7-thread-1] DEBUG com.beanit.openiec61850.ServerAssociation - Got a GetDataValues request for node: IEDBiogasCHP/MMXU1.TotVA.subID: ''
calling GetDataValues(IEDBiogasCHP/MMXU1.TotVA)
14:23:47.048 [openiec61850-osi-server-7-thread-1] DEBUG com.beanit.openiec61850.ServerAssociation - Got a GetDataValues request for node: IEDBiogasCHP/MMXU1.TotVA [CF]
IEDBiogasCHP/MMXU1.TotVA.units [CF]
IEDBiogasCHP/MMXU1.TotVA.units.SIUnit: 0
IEDBiogasCHP/MMXU1.TotVA.units.multiplier: 0
IEDBiogasCHP/MMXU1.TotVA.db: 0
IEDBiogasCHP/MMXU1.TotVA.zeroDb: 0
IEDBiogasCHP/MMXU1.TotVA.sVC [CF]
IEDBiogasCHP/MMXU1.TotVA.sVC.scaleFactor: 0.0
IEDBiogasCHP/MMXU1.TotVA.sVC.offset: 0.0
IEDBiogasCHP/MMXU1.TotVA.rangeC [CF]
IEDBiogasCHP/MMXU1.TotVA.rangeC.hhLim [CF]
IEDBiogasCHP/MMXU1.TotVA.rangeC.hhLim.i: 0
IEDBiogasCHP/MMXU1.TotVA.rangeC.hhLim.f: 0.0
IEDBiogasCHP/MMXU1.TotVA.rangeC.hLim [CF]
IEDBiogasCHP/MMXU1.TotVA.rangeC.hLim.i: 0
IEDBiogasCHP/MMXU1.TotVA.rangeC.hLim.f: 0.0
IEDBiogasCHP/MMXU1.TotVA.rangeC.lLim [CF]
IEDBiogasCHP/MMXU1.TotVA.rangeC.lLim.i: 0
IEDBiogasCHP/MMXU1.TotVA.rangeC.lLim.f: 0.0
IEDBiogasCHP/MMXU1.TotVA.rangeC.llLim [CF]
IEDBiogasCHP/MMXU1.TotVA.rangeC.llLim.i: 0
IEDBiogasCHP/MMXU1.TotVA.rangeC.llLim.f: 0.0
IEDBiogasCHP/MMXU1.TotVA.rangeC.min [CF]
IEDBiogasCHP/MMXU1.TotVA.rangeC.min.i: 0
IEDBiogasCHP/MMXU1.TotVA.rangeC.min.f: 0.0
IEDBiogasCHP/MMXU1.TotVA.rangeC.max [CF]
IEDBiogasCHP/MMXU1.TotVA.rangeC.max.i: 0
IEDBiogasCHP/MMXU1.TotVA.rangeC.max.f: 0.0
IEDBiogasCHP/MMXU1.TotVA.smpRate: 0
14:23:47.048 [openiec61850-osi-server-7-thread-1] DEBUG com.beanit.openiec61850.ServerAssociation - sub BDA is:IEDBiogasCHP/MMXU1.TotVA.units.SIUnit: 0
14:23:47.048 [openiec61850-osi-server-7-thread-1] DEBUG com.beanit.openiec61850.ServerAssociation - sub BDA is:IEDBiogasCHP/MMXU1.TotVA.units.multiplier: 0
14:23:47.048 [openiec61850-osi-server-7-thread-1] DEBUG com.beanit.openiec61850.ServerAssociation - sub BDA is:IEDBiogasCHP/MMXU1.TotVA.db: 0
14:23:47.048 [openiec61850-osi-server-7-thread-1] DEBUG com.beanit.openiec61850.ServerAssociation - sub BDA is:IEDBiogasCHP/MMXU1.TotVA.zeroDb: 0
14:23:47.048 [openiec61850-osi-server-7-thread-1] DEBUG com.beanit.openiec61850.ServerAssociation - sub BDA is:IEDBiogasCHP/MMXU1.TotVA.sVC.scaleFactor: 0.0
14:23:47.048 [openiec61850-osi-server-7-thread-1] DEBUG com.beanit.openiec61850.ServerAssociation - sub BDA is:IEDBiogasCHP/MMXU1.TotVA.sVC.offset: 0.0
14:23:47.048 [openiec61850-osi-server-7-thread-1] DEBUG com.beanit.openiec61850.ServerAssociation - sub BDA is:IEDBiogasCHP/MMXU1.TotVA.rangeC.hhLim.i: 0
14:23:47.048 [openiec61850-osi-server-7-thread-1] DEBUG com.beanit.openiec61850.ServerAssociation - sub BDA is:IEDBiogasCHP/MMXU1.TotVA.rangeC.hhLim.f: 0.0
14:23:47.048 [openiec61850-osi-server-7-thread-1] DEBUG com.beanit.openiec61850.ServerAssociation - sub BDA is:IEDBiogasCHP/MMXU1.TotVA.rangeC.hLim.i: 0
14:23:47.048 [openiec61850-osi-server-7-thread-1] DEBUG com.beanit.openiec61850.ServerAssociation - sub BDA is:IEDBiogasCHP/MMXU1.TotVA.rangeC.hLim.f: 0.0
14:23:47.048 [openiec61850-osi-server-7-thread-1] DEBUG com.beanit.openiec61850.ServerAssociation - sub BDA is:IEDBiogasCHP/MMXU1.TotVA.rangeC.lLim.i: 0
14:23:47.048 [openiec61850-osi-server-7-thread-1] DEBUG com.beanit.openiec61850.ServerAssociation - sub BDA is:IEDBiogasCHP/MMXU1.TotVA.rangeC.lLim.f: 0.0
14:23:47.048 [openiec61850-osi-server-7-thread-1] DEBUG com.beanit.openiec61850.ServerAssociation - sub BDA is:IEDBiogasCHP/MMXU1.TotVA.rangeC.llLim.i: 0
14:23:47.048 [openiec61850-osi-server-7-thread-1] DEBUG com.beanit.openiec61850.ServerAssociation - sub BDA is:IEDBiogasCHP/MMXU1.TotVA.rangeC.llLim.f: 0.0
14:23:47.048 [openiec61850-osi-server-7-thread-1] DEBUG com.beanit.openiec61850.ServerAssociation - sub BDA is:IEDBiogasCHP/MMXU1.TotVA.rangeC.min.i: 0
14:23:47.048 [openiec61850-osi-server-7-thread-1] DEBUG com.beanit.openiec61850.ServerAssociation - sub BDA is:IEDBiogasCHP/MMXU1.TotVA.rangeC.min.f: 0.0
14:23:47.048 [openiec61850-osi-server-7-thread-1] DEBUG com.beanit.openiec61850.ServerAssociation - sub BDA is:IEDBiogasCHP/MMXU1.TotVA.rangeC.max.i: 0
14:23:47.048 [openiec61850-osi-server-7-thread-1] DEBUG com.beanit.openiec61850.ServerAssociation - sub BDA is:IEDBiogasCHP/MMXU1.TotVA.rangeC.max.f: 0.0
14:23:47.048 [openiec61850-osi-server-7-thread-1] DEBUG com.beanit.openiec61850.ServerAssociation - sub BDA is:IEDBiogasCHP/MMXU1.TotVA.smpRate: 0
calling GetDataValues(IEDBiogasCHP/MMXU1.TotVA.units)
14:23:47.048 [openiec61850-osi-server-7-thread-1] DEBUG com.beanit.openiec61850.ServerAssociation - Got a GetDataValues request for node: IEDBiogasCHP/MMXU1.TotVA.units [CF]
IEDBiogasCHP/MMXU1.TotVA.units.SIUnit: 0
IEDBiogasCHP/MMXU1.TotVA.units.multiplier: 0
14:23:47.048 [openiec61850-osi-server-7-thread-1] DEBUG com.beanit.openiec61850.ServerAssociation - sub BDA is:IEDBiogasCHP/MMXU1.TotVA.units.SIUnit: 0
14:23:47.048 [openiec61850-osi-server-7-thread-1] DEBUG com.beanit.openiec61850.ServerAssociation - sub BDA is:IEDBiogasCHP/MMXU1.TotVA.units.multiplier: 0
calling GetDataValues(IEDBiogasCHP/MMXU1.TotVA.units.SIUnit)
14:23:47.048 [openiec61850-osi-server-7-thread-1] DEBUG com.beanit.openiec61850.ServerAssociation - Got a GetDataValues request for node: IEDBiogasCHP/MMXU1.TotVA.units.SIUnit: 0
calling GetDataValues(IEDBiogasCHP/MMXU1.TotVA.units.multiplier)
14:23:47.049 [openiec61850-osi-server-7-thread-1] DEBUG com.beanit.openiec61850.ServerAssociation - Got a GetDataValues request for node: IEDBiogasCHP/MMXU1.TotVA.units.multiplier: 0
calling GetDataValues(IEDBiogasCHP/MMXU1.TotVA.db)
14:23:47.049 [openiec61850-osi-server-7-thread-1] DEBUG com.beanit.openiec61850.ServerAssociation - Got a GetDataValues request for node: IEDBiogasCHP/MMXU1.TotVA.db: 0
calling GetDataValues(IEDBiogasCHP/MMXU1.TotVA.zeroDb)
14:23:47.049 [openiec61850-osi-server-7-thread-1] DEBUG com.beanit.openiec61850.ServerAssociation - Got a GetDataValues request for node: IEDBiogasCHP/MMXU1.TotVA.zeroDb: 0
calling GetDataValues(IEDBiogasCHP/MMXU1.TotVA.sVC)
14:23:47.049 [openiec61850-osi-server-7-thread-1] DEBUG com.beanit.openiec61850.ServerAssociation - Got a GetDataValues request for node: IEDBiogasCHP/MMXU1.TotVA.sVC [CF]
IEDBiogasCHP/MMXU1.TotVA.sVC.scaleFactor: 0.0
IEDBiogasCHP/MMXU1.TotVA.sVC.offset: 0.0
14:23:47.049 [openiec61850-osi-server-7-thread-1] DEBUG com.beanit.openiec61850.ServerAssociation - sub BDA is:IEDBiogasCHP/MMXU1.TotVA.sVC.scaleFactor: 0.0
14:23:47.049 [openiec61850-osi-server-7-thread-1] DEBUG com.beanit.openiec61850.ServerAssociation - sub BDA is:IEDBiogasCHP/MMXU1.TotVA.sVC.offset: 0.0
calling GetDataValues(IEDBiogasCHP/MMXU1.TotVA.sVC.scaleFactor)
14:23:47.049 [openiec61850-osi-server-7-thread-1] DEBUG com.beanit.openiec61850.ServerAssociation - Got a GetDataValues request for node: IEDBiogasCHP/MMXU1.TotVA.sVC.scaleFactor: 0.0
calling GetDataValues(IEDBiogasCHP/MMXU1.TotVA.sVC.offset)
14:23:47.049 [openiec61850-osi-server-7-thread-1] DEBUG com.beanit.openiec61850.ServerAssociation - Got a GetDataValues request for node: IEDBiogasCHP/MMXU1.TotVA.sVC.offset: 0.0
calling GetDataValues(IEDBiogasCHP/MMXU1.TotVA.rangeC)
14:23:47.049 [openiec61850-osi-server-7-thread-1] DEBUG com.beanit.openiec61850.ServerAssociation - Got a GetDataValues request for node: IEDBiogasCHP/MMXU1.TotVA.rangeC [CF]
IEDBiogasCHP/MMXU1.TotVA.rangeC.hhLim [CF]
IEDBiogasCHP/MMXU1.TotVA.rangeC.hhLim.i: 0
IEDBiogasCHP/MMXU1.TotVA.rangeC.hhLim.f: 0.0
IEDBiogasCHP/MMXU1.TotVA.rangeC.hLim [CF]
IEDBiogasCHP/MMXU1.TotVA.rangeC.hLim.i: 0
IEDBiogasCHP/MMXU1.TotVA.rangeC.hLim.f: 0.0
IEDBiogasCHP/MMXU1.TotVA.rangeC.lLim [CF]
IEDBiogasCHP/MMXU1.TotVA.rangeC.lLim.i: 0
IEDBiogasCHP/MMXU1.TotVA.rangeC.lLim.f: 0.0
IEDBiogasCHP/MMXU1.TotVA.rangeC.llLim [CF]
IEDBiogasCHP/MMXU1.TotVA.rangeC.llLim.i: 0
IEDBiogasCHP/MMXU1.TotVA.rangeC.llLim.f: 0.0
IEDBiogasCHP/MMXU1.TotVA.rangeC.min [CF]
IEDBiogasCHP/MMXU1.TotVA.rangeC.min.i: 0
IEDBiogasCHP/MMXU1.TotVA.rangeC.min.f: 0.0
IEDBiogasCHP/MMXU1.TotVA.rangeC.max [CF]
IEDBiogasCHP/MMXU1.TotVA.rangeC.max.i: 0
IEDBiogasCHP/MMXU1.TotVA.rangeC.max.f: 0.0
14:23:47.049 [openiec61850-osi-server-7-thread-1] DEBUG com.beanit.openiec61850.ServerAssociation - sub BDA is:IEDBiogasCHP/MMXU1.TotVA.rangeC.hhLim.i: 0
14:23:47.049 [openiec61850-osi-server-7-thread-1] DEBUG com.beanit.openiec61850.ServerAssociation - sub BDA is:IEDBiogasCHP/MMXU1.TotVA.rangeC.hhLim.f: 0.0
14:23:47.049 [openiec61850-osi-server-7-thread-1] DEBUG com.beanit.openiec61850.ServerAssociation - sub BDA is:IEDBiogasCHP/MMXU1.TotVA.rangeC.hLim.i: 0
14:23:47.049 [openiec61850-osi-server-7-thread-1] DEBUG com.beanit.openiec61850.ServerAssociation - sub BDA is:IEDBiogasCHP/MMXU1.TotVA.rangeC.hLim.f: 0.0
14:23:47.049 [openiec61850-osi-server-7-thread-1] DEBUG com.beanit.openiec61850.ServerAssociation - sub BDA is:IEDBiogasCHP/MMXU1.TotVA.rangeC.lLim.i: 0
14:23:47.049 [openiec61850-osi-server-7-thread-1] DEBUG com.beanit.openiec61850.ServerAssociation - sub BDA is:IEDBiogasCHP/MMXU1.TotVA.rangeC.lLim.f: 0.0
14:23:47.049 [openiec61850-osi-server-7-thread-1] DEBUG com.beanit.openiec61850.ServerAssociation - sub BDA is:IEDBiogasCHP/MMXU1.TotVA.rangeC.llLim.i: 0
14:23:47.049 [openiec61850-osi-server-7-thread-1] DEBUG com.beanit.openiec61850.ServerAssociation - sub BDA is:IEDBiogasCHP/MMXU1.TotVA.rangeC.llLim.f: 0.0
14:23:47.049 [openiec61850-osi-server-7-thread-1] DEBUG com.beanit.openiec61850.ServerAssociation - sub BDA is:IEDBiogasCHP/MMXU1.TotVA.rangeC.min.i: 0
14:23:47.049 [openiec61850-osi-server-7-thread-1] DEBUG com.beanit.openiec61850.ServerAssociation - sub BDA is:IEDBiogasCHP/MMXU1.TotVA.rangeC.min.f: 0.0
14:23:47.049 [openiec61850-osi-server-7-thread-1] DEBUG com.beanit.openiec61850.ServerAssociation - sub BDA is:IEDBiogasCHP/MMXU1.TotVA.rangeC.max.i: 0
14:23:47.049 [openiec61850-osi-server-7-thread-1] DEBUG com.beanit.openiec61850.ServerAssociation - sub BDA is:IEDBiogasCHP/MMXU1.TotVA.rangeC.max.f: 0.0
calling GetDataValues(IEDBiogasCHP/MMXU1.TotVA.rangeC.hhLim)
14:23:47.050 [openiec61850-osi-server-7-thread-1] DEBUG com.beanit.openiec61850.ServerAssociation - Got a GetDataValues request for node: IEDBiogasCHP/MMXU1.TotVA.rangeC.hhLim [CF]
IEDBiogasCHP/MMXU1.TotVA.rangeC.hhLim.i: 0
IEDBiogasCHP/MMXU1.TotVA.rangeC.hhLim.f: 0.0
14:23:47.050 [openiec61850-osi-server-7-thread-1] DEBUG com.beanit.openiec61850.ServerAssociation - sub BDA is:IEDBiogasCHP/MMXU1.TotVA.rangeC.hhLim.i: 0
14:23:47.050 [openiec61850-osi-server-7-thread-1] DEBUG com.beanit.openiec61850.ServerAssociation - sub BDA is:IEDBiogasCHP/MMXU1.TotVA.rangeC.hhLim.f: 0.0
calling GetDataValues(IEDBiogasCHP/MMXU1.TotVA.rangeC.hhLim.i)
14:23:47.050 [openiec61850-osi-server-7-thread-1] DEBUG com.beanit.openiec61850.ServerAssociation - Got a GetDataValues request for node: IEDBiogasCHP/MMXU1.TotVA.rangeC.hhLim.i: 0
calling GetDataValues(IEDBiogasCHP/MMXU1.TotVA.rangeC.hhLim.f)
14:23:47.050 [openiec61850-osi-server-7-thread-1] DEBUG com.beanit.openiec61850.ServerAssociation - Got a GetDataValues request for node: IEDBiogasCHP/MMXU1.TotVA.rangeC.hhLim.f: 0.0
calling GetDataValues(IEDBiogasCHP/MMXU1.TotVA.rangeC.hLim)
14:23:47.050 [openiec61850-osi-server-7-thread-1] DEBUG com.beanit.openiec61850.ServerAssociation - Got a GetDataValues request for node: IEDBiogasCHP/MMXU1.TotVA.rangeC.hLim [CF]
IEDBiogasCHP/MMXU1.TotVA.rangeC.hLim.i: 0
IEDBiogasCHP/MMXU1.TotVA.rangeC.hLim.f: 0.0
14:23:47.050 [openiec61850-osi-server-7-thread-1] DEBUG com.beanit.openiec61850.ServerAssociation - sub BDA is:IEDBiogasCHP/MMXU1.TotVA.rangeC.hLim.i: 0
14:23:47.050 [openiec61850-osi-server-7-thread-1] DEBUG com.beanit.openiec61850.ServerAssociation - sub BDA is:IEDBiogasCHP/MMXU1.TotVA.rangeC.hLim.f: 0.0
calling GetDataValues(IEDBiogasCHP/MMXU1.TotVA.rangeC.hLim.i)
14:23:47.050 [openiec61850-osi-server-7-thread-1] DEBUG com.beanit.openiec61850.ServerAssociation - Got a GetDataValues request for node: IEDBiogasCHP/MMXU1.TotVA.rangeC.hLim.i: 0
calling GetDataValues(IEDBiogasCHP/MMXU1.TotVA.rangeC.hLim.f)
14:23:47.050 [openiec61850-osi-server-7-thread-1] DEBUG com.beanit.openiec61850.ServerAssociation - Got a GetDataValues request for node: IEDBiogasCHP/MMXU1.TotVA.rangeC.hLim.f: 0.0
calling GetDataValues(IEDBiogasCHP/MMXU1.TotVA.rangeC.lLim)
14:23:47.050 [openiec61850-osi-server-7-thread-1] DEBUG com.beanit.openiec61850.ServerAssociation - Got a GetDataValues request for node: IEDBiogasCHP/MMXU1.TotVA.rangeC.lLim [CF]
IEDBiogasCHP/MMXU1.TotVA.rangeC.lLim.i: 0
IEDBiogasCHP/MMXU1.TotVA.rangeC.lLim.f: 0.0
14:23:47.050 [openiec61850-osi-server-7-thread-1] DEBUG com.beanit.openiec61850.ServerAssociation - sub BDA is:IEDBiogasCHP/MMXU1.TotVA.rangeC.lLim.i: 0
14:23:47.050 [openiec61850-osi-server-7-thread-1] DEBUG com.beanit.openiec61850.ServerAssociation - sub BDA is:IEDBiogasCHP/MMXU1.TotVA.rangeC.lLim.f: 0.0
calling GetDataValues(IEDBiogasCHP/MMXU1.TotVA.rangeC.lLim.i)
14:23:47.051 [openiec61850-osi-server-7-thread-1] DEBUG com.beanit.openiec61850.ServerAssociation - Got a GetDataValues request for node: IEDBiogasCHP/MMXU1.TotVA.rangeC.lLim.i: 0
calling GetDataValues(IEDBiogasCHP/MMXU1.TotVA.rangeC.lLim.f)
14:23:47.051 [openiec61850-osi-server-7-thread-1] DEBUG com.beanit.openiec61850.ServerAssociation - Got a GetDataValues request for node: IEDBiogasCHP/MMXU1.TotVA.rangeC.lLim.f: 0.0
calling GetDataValues(IEDBiogasCHP/MMXU1.TotVA.rangeC.llLim)
14:23:47.051 [openiec61850-osi-server-7-thread-1] DEBUG com.beanit.openiec61850.ServerAssociation - Got a GetDataValues request for node: IEDBiogasCHP/MMXU1.TotVA.rangeC.llLim [CF]
IEDBiogasCHP/MMXU1.TotVA.rangeC.llLim.i: 0
IEDBiogasCHP/MMXU1.TotVA.rangeC.llLim.f: 0.0
14:23:47.051 [openiec61850-osi-server-7-thread-1] DEBUG com.beanit.openiec61850.ServerAssociation - sub BDA is:IEDBiogasCHP/MMXU1.TotVA.rangeC.llLim.i: 0
14:23:47.051 [openiec61850-osi-server-7-thread-1] DEBUG com.beanit.openiec61850.ServerAssociation - sub BDA is:IEDBiogasCHP/MMXU1.TotVA.rangeC.llLim.f: 0.0
calling GetDataValues(IEDBiogasCHP/MMXU1.TotVA.rangeC.llLim.i)
14:23:47.051 [openiec61850-osi-server-7-thread-1] DEBUG com.beanit.openiec61850.ServerAssociation - Got a GetDataValues request for node: IEDBiogasCHP/MMXU1.TotVA.rangeC.llLim.i: 0
calling GetDataValues(IEDBiogasCHP/MMXU1.TotVA.rangeC.llLim.f)
14:23:47.051 [openiec61850-osi-server-7-thread-1] DEBUG com.beanit.openiec61850.ServerAssociation - Got a GetDataValues request for node: IEDBiogasCHP/MMXU1.TotVA.rangeC.llLim.f: 0.0
calling GetDataValues(IEDBiogasCHP/MMXU1.TotVA.rangeC.min)
14:23:47.051 [openiec61850-osi-server-7-thread-1] DEBUG com.beanit.openiec61850.ServerAssociation - Got a GetDataValues request for node: IEDBiogasCHP/MMXU1.TotVA.rangeC.min [CF]
IEDBiogasCHP/MMXU1.TotVA.rangeC.min.i: 0
IEDBiogasCHP/MMXU1.TotVA.rangeC.min.f: 0.0
14:23:47.051 [openiec61850-osi-server-7-thread-1] DEBUG com.beanit.openiec61850.ServerAssociation - sub BDA is:IEDBiogasCHP/MMXU1.TotVA.rangeC.min.i: 0
14:23:47.051 [openiec61850-osi-server-7-thread-1] DEBUG com.beanit.openiec61850.ServerAssociation - sub BDA is:IEDBiogasCHP/MMXU1.TotVA.rangeC.min.f: 0.0
calling GetDataValues(IEDBiogasCHP/MMXU1.TotVA.rangeC.min.i)
14:23:47.051 [openiec61850-osi-server-7-thread-1] DEBUG com.beanit.openiec61850.ServerAssociation - Got a GetDataValues request for node: IEDBiogasCHP/MMXU1.TotVA.rangeC.min.i: 0
calling GetDataValues(IEDBiogasCHP/MMXU1.TotVA.rangeC.min.f)
14:23:47.052 [openiec61850-osi-server-7-thread-1] DEBUG com.beanit.openiec61850.ServerAssociation - Got a GetDataValues request for node: IEDBiogasCHP/MMXU1.TotVA.rangeC.min.f: 0.0
calling GetDataValues(IEDBiogasCHP/MMXU1.TotVA.rangeC.max)
14:23:47.052 [openiec61850-osi-server-7-thread-1] DEBUG com.beanit.openiec61850.ServerAssociation - Got a GetDataValues request for node: IEDBiogasCHP/MMXU1.TotVA.rangeC.max [CF]
IEDBiogasCHP/MMXU1.TotVA.rangeC.max.i: 0
IEDBiogasCHP/MMXU1.TotVA.rangeC.max.f: 0.0
14:23:47.052 [openiec61850-osi-server-7-thread-1] DEBUG com.beanit.openiec61850.ServerAssociation - sub BDA is:IEDBiogasCHP/MMXU1.TotVA.rangeC.max.i: 0
14:23:47.052 [openiec61850-osi-server-7-thread-1] DEBUG com.beanit.openiec61850.ServerAssociation - sub BDA is:IEDBiogasCHP/MMXU1.TotVA.rangeC.max.f: 0.0
calling GetDataValues(IEDBiogasCHP/MMXU1.TotVA.rangeC.max.i)
14:23:47.052 [openiec61850-osi-server-7-thread-1] DEBUG com.beanit.openiec61850.ServerAssociation - Got a GetDataValues request for node: IEDBiogasCHP/MMXU1.TotVA.rangeC.max.i: 0
calling GetDataValues(IEDBiogasCHP/MMXU1.TotVA.rangeC.max.f)
14:23:47.052 [openiec61850-osi-server-7-thread-1] DEBUG com.beanit.openiec61850.ServerAssociation - Got a GetDataValues request for node: IEDBiogasCHP/MMXU1.TotVA.rangeC.max.f: 0.0
calling GetDataValues(IEDBiogasCHP/MMXU1.TotVA.smpRate)
14:23:47.052 [openiec61850-osi-server-7-thread-1] DEBUG com.beanit.openiec61850.ServerAssociation - Got a GetDataValues request for node: IEDBiogasCHP/MMXU1.TotVA.smpRate: 0
calling GetDataValues(IEDBiogasCHP/MMXU1.TotVA)
14:23:47.052 [openiec61850-osi-server-7-thread-1] DEBUG com.beanit.openiec61850.ServerAssociation - Got a GetDataValues request for node: IEDBiogasCHP/MMXU1.TotVA [DC]
IEDBiogasCHP/MMXU1.TotVA.d: ''
IEDBiogasCHP/MMXU1.TotVA.dU: 
14:23:47.052 [openiec61850-osi-server-7-thread-1] DEBUG com.beanit.openiec61850.ServerAssociation - sub BDA is:IEDBiogasCHP/MMXU1.TotVA.d: ''
14:23:47.052 [openiec61850-osi-server-7-thread-1] DEBUG com.beanit.openiec61850.ServerAssociation - sub BDA is:IEDBiogasCHP/MMXU1.TotVA.dU: 
calling GetDataValues(IEDBiogasCHP/MMXU1.TotVA.d)
14:23:47.052 [openiec61850-osi-server-7-thread-1] DEBUG com.beanit.openiec61850.ServerAssociation - Got a GetDataValues request for node: IEDBiogasCHP/MMXU1.TotVA.d: ''
calling GetDataValues(IEDBiogasCHP/MMXU1.TotVA.dU)
14:23:47.053 [openiec61850-osi-server-7-thread-1] DEBUG com.beanit.openiec61850.ServerAssociation - Got a GetDataValues request for node: IEDBiogasCHP/MMXU1.TotVA.dU: 
calling GetDataValues(IEDBiogasCHP/MMXU1.TotVA)
14:23:47.053 [openiec61850-osi-server-7-thread-1] DEBUG com.beanit.openiec61850.ServerAssociation - Got a GetDataValues request for node: IEDBiogasCHP/MMXU1.TotVA [EX]
IEDBiogasCHP/MMXU1.TotVA.cdcNs: ''
IEDBiogasCHP/MMXU1.TotVA.cdcName: ''
IEDBiogasCHP/MMXU1.TotVA.dataNs: ''
14:23:47.053 [openiec61850-osi-server-7-thread-1] DEBUG com.beanit.openiec61850.ServerAssociation - sub BDA is:IEDBiogasCHP/MMXU1.TotVA.cdcNs: ''
14:23:47.053 [openiec61850-osi-server-7-thread-1] DEBUG com.beanit.openiec61850.ServerAssociation - sub BDA is:IEDBiogasCHP/MMXU1.TotVA.cdcName: ''
14:23:47.053 [openiec61850-osi-server-7-thread-1] DEBUG com.beanit.openiec61850.ServerAssociation - sub BDA is:IEDBiogasCHP/MMXU1.TotVA.dataNs: ''
calling GetDataValues(IEDBiogasCHP/MMXU1.TotVA.cdcNs)
14:23:47.053 [openiec61850-osi-server-7-thread-1] DEBUG com.beanit.openiec61850.ServerAssociation - Got a GetDataValues request for node: IEDBiogasCHP/MMXU1.TotVA.cdcNs: ''
calling GetDataValues(IEDBiogasCHP/MMXU1.TotVA.cdcName)
14:23:47.053 [openiec61850-osi-server-7-thread-1] DEBUG com.beanit.openiec61850.ServerAssociation - Got a GetDataValues request for node: IEDBiogasCHP/MMXU1.TotVA.cdcName: ''
calling GetDataValues(IEDBiogasCHP/MMXU1.TotVA.dataNs)
14:23:47.053 [openiec61850-osi-server-7-thread-1] DEBUG com.beanit.openiec61850.ServerAssociation - Got a GetDataValues request for node: IEDBiogasCHP/MMXU1.TotVA.dataNs: ''
calling GetDataValues(IEDBiogasCHP/MMXU1.TotPF)
14:23:47.053 [openiec61850-osi-server-7-thread-1] DEBUG com.beanit.openiec61850.ServerAssociation - Got a GetDataValues request for node: IEDBiogasCHP/MMXU1.TotPF [MX]
IEDBiogasCHP/MMXU1.TotPF.instMag [MX]
IEDBiogasCHP/MMXU1.TotPF.instMag.i: 0
IEDBiogasCHP/MMXU1.TotPF.instMag.f: 0.0
IEDBiogasCHP/MMXU1.TotPF.mag [MX]
IEDBiogasCHP/MMXU1.TotPF.mag.i: 0
IEDBiogasCHP/MMXU1.TotPF.mag.f: 0.0
IEDBiogasCHP/MMXU1.TotPF.range: 0
IEDBiogasCHP/MMXU1.TotPF.q: 0x00 0x00
IEDBiogasCHP/MMXU1.TotPF.t: Thu Jan 01 01:00:00 CET 1970
14:23:47.053 [openiec61850-osi-server-7-thread-1] DEBUG com.beanit.openiec61850.ServerAssociation - sub BDA is:IEDBiogasCHP/MMXU1.TotPF.instMag.i: 0
14:23:47.053 [openiec61850-osi-server-7-thread-1] DEBUG com.beanit.openiec61850.ServerAssociation - sub BDA is:IEDBiogasCHP/MMXU1.TotPF.instMag.f: 0.0
14:23:47.053 [openiec61850-osi-server-7-thread-1] DEBUG com.beanit.openiec61850.ServerAssociation - sub BDA is:IEDBiogasCHP/MMXU1.TotPF.mag.i: 0
14:23:47.053 [openiec61850-osi-server-7-thread-1] DEBUG com.beanit.openiec61850.ServerAssociation - sub BDA is:IEDBiogasCHP/MMXU1.TotPF.mag.f: 0.0
14:23:47.053 [openiec61850-osi-server-7-thread-1] DEBUG com.beanit.openiec61850.ServerAssociation - sub BDA is:IEDBiogasCHP/MMXU1.TotPF.range: 0
14:23:47.053 [openiec61850-osi-server-7-thread-1] DEBUG com.beanit.openiec61850.ServerAssociation - sub BDA is:IEDBiogasCHP/MMXU1.TotPF.q: 0x00 0x00
14:23:47.053 [openiec61850-osi-server-7-thread-1] DEBUG com.beanit.openiec61850.ServerAssociation - sub BDA is:IEDBiogasCHP/MMXU1.TotPF.t: Thu Jan 01 01:00:00 CET 1970
calling GetDataValues(IEDBiogasCHP/MMXU1.TotPF.instMag)
14:23:47.053 [openiec61850-osi-server-7-thread-1] DEBUG com.beanit.openiec61850.ServerAssociation - Got a GetDataValues request for node: IEDBiogasCHP/MMXU1.TotPF.instMag [MX]
IEDBiogasCHP/MMXU1.TotPF.instMag.i: 0
IEDBiogasCHP/MMXU1.TotPF.instMag.f: 0.0
14:23:47.053 [openiec61850-osi-server-7-thread-1] DEBUG com.beanit.openiec61850.ServerAssociation - sub BDA is:IEDBiogasCHP/MMXU1.TotPF.instMag.i: 0
14:23:47.053 [openiec61850-osi-server-7-thread-1] DEBUG com.beanit.openiec61850.ServerAssociation - sub BDA is:IEDBiogasCHP/MMXU1.TotPF.instMag.f: 0.0
calling GetDataValues(IEDBiogasCHP/MMXU1.TotPF.instMag.i)
14:23:47.054 [openiec61850-osi-server-7-thread-1] DEBUG com.beanit.openiec61850.ServerAssociation - Got a GetDataValues request for node: IEDBiogasCHP/MMXU1.TotPF.instMag.i: 0
calling GetDataValues(IEDBiogasCHP/MMXU1.TotPF.instMag.f)
14:23:47.054 [openiec61850-osi-server-7-thread-1] DEBUG com.beanit.openiec61850.ServerAssociation - Got a GetDataValues request for node: IEDBiogasCHP/MMXU1.TotPF.instMag.f: 0.0
calling GetDataValues(IEDBiogasCHP/MMXU1.TotPF.mag)
14:23:47.054 [openiec61850-osi-server-7-thread-1] DEBUG com.beanit.openiec61850.ServerAssociation - Got a GetDataValues request for node: IEDBiogasCHP/MMXU1.TotPF.mag [MX]
IEDBiogasCHP/MMXU1.TotPF.mag.i: 0
IEDBiogasCHP/MMXU1.TotPF.mag.f: 0.0
14:23:47.054 [openiec61850-osi-server-7-thread-1] DEBUG com.beanit.openiec61850.ServerAssociation - sub BDA is:IEDBiogasCHP/MMXU1.TotPF.mag.i: 0
14:23:47.054 [openiec61850-osi-server-7-thread-1] DEBUG com.beanit.openiec61850.ServerAssociation - sub BDA is:IEDBiogasCHP/MMXU1.TotPF.mag.f: 0.0
calling GetDataValues(IEDBiogasCHP/MMXU1.TotPF.mag.i)
14:23:47.054 [openiec61850-osi-server-7-thread-1] DEBUG com.beanit.openiec61850.ServerAssociation - Got a GetDataValues request for node: IEDBiogasCHP/MMXU1.TotPF.mag.i: 0
calling GetDataValues(IEDBiogasCHP/MMXU1.TotPF.mag.f)
14:23:47.054 [openiec61850-osi-server-7-thread-1] DEBUG com.beanit.openiec61850.ServerAssociation - Got a GetDataValues request for node: IEDBiogasCHP/MMXU1.TotPF.mag.f: 0.0
calling GetDataValues(IEDBiogasCHP/MMXU1.TotPF.range)
14:23:47.054 [openiec61850-osi-server-7-thread-1] DEBUG com.beanit.openiec61850.ServerAssociation - Got a GetDataValues request for node: IEDBiogasCHP/MMXU1.TotPF.range: 0
calling GetDataValues(IEDBiogasCHP/MMXU1.TotPF.q)
14:23:47.055 [openiec61850-osi-server-7-thread-1] DEBUG com.beanit.openiec61850.ServerAssociation - Got a GetDataValues request for node: IEDBiogasCHP/MMXU1.TotPF.q: 0x00 0x00
calling GetDataValues(IEDBiogasCHP/MMXU1.TotPF.t)
14:23:47.055 [openiec61850-osi-server-7-thread-1] DEBUG com.beanit.openiec61850.ServerAssociation - Got a GetDataValues request for node: IEDBiogasCHP/MMXU1.TotPF.t: Thu Jan 01 01:00:00 CET 1970
calling GetDataValues(IEDBiogasCHP/MMXU1.TotPF)
14:23:47.055 [openiec61850-osi-server-7-thread-1] DEBUG com.beanit.openiec61850.ServerAssociation - Got a GetDataValues request for node: IEDBiogasCHP/MMXU1.TotPF [SV]
IEDBiogasCHP/MMXU1.TotPF.subEna: false
IEDBiogasCHP/MMXU1.TotPF.subMag [SV]
IEDBiogasCHP/MMXU1.TotPF.subMag.i: 0
IEDBiogasCHP/MMXU1.TotPF.subMag.f: 0.0
IEDBiogasCHP/MMXU1.TotPF.subQ: 0x00 0x00
IEDBiogasCHP/MMXU1.TotPF.subID: ''
14:23:47.055 [openiec61850-osi-server-7-thread-1] DEBUG com.beanit.openiec61850.ServerAssociation - sub BDA is:IEDBiogasCHP/MMXU1.TotPF.subEna: false
14:23:47.055 [openiec61850-osi-server-7-thread-1] DEBUG com.beanit.openiec61850.ServerAssociation - sub BDA is:IEDBiogasCHP/MMXU1.TotPF.subMag.i: 0
14:23:47.055 [openiec61850-osi-server-7-thread-1] DEBUG com.beanit.openiec61850.ServerAssociation - sub BDA is:IEDBiogasCHP/MMXU1.TotPF.subMag.f: 0.0
14:23:47.055 [openiec61850-osi-server-7-thread-1] DEBUG com.beanit.openiec61850.ServerAssociation - sub BDA is:IEDBiogasCHP/MMXU1.TotPF.subQ: 0x00 0x00
14:23:47.055 [openiec61850-osi-server-7-thread-1] DEBUG com.beanit.openiec61850.ServerAssociation - sub BDA is:IEDBiogasCHP/MMXU1.TotPF.subID: ''
calling GetDataValues(IEDBiogasCHP/MMXU1.TotPF.subEna)
14:23:47.055 [openiec61850-osi-server-7-thread-1] DEBUG com.beanit.openiec61850.ServerAssociation - Got a GetDataValues request for node: IEDBiogasCHP/MMXU1.TotPF.subEna: false
calling GetDataValues(IEDBiogasCHP/MMXU1.TotPF.subMag)
14:23:47.055 [openiec61850-osi-server-7-thread-1] DEBUG com.beanit.openiec61850.ServerAssociation - Got a GetDataValues request for node: IEDBiogasCHP/MMXU1.TotPF.subMag [SV]
IEDBiogasCHP/MMXU1.TotPF.subMag.i: 0
IEDBiogasCHP/MMXU1.TotPF.subMag.f: 0.0
14:23:47.055 [openiec61850-osi-server-7-thread-1] DEBUG com.beanit.openiec61850.ServerAssociation - sub BDA is:IEDBiogasCHP/MMXU1.TotPF.subMag.i: 0
14:23:47.055 [openiec61850-osi-server-7-thread-1] DEBUG com.beanit.openiec61850.ServerAssociation - sub BDA is:IEDBiogasCHP/MMXU1.TotPF.subMag.f: 0.0
calling GetDataValues(IEDBiogasCHP/MMXU1.TotPF.subMag.i)
14:23:47.055 [openiec61850-osi-server-7-thread-1] DEBUG com.beanit.openiec61850.ServerAssociation - Got a GetDataValues request for node: IEDBiogasCHP/MMXU1.TotPF.subMag.i: 0
calling GetDataValues(IEDBiogasCHP/MMXU1.TotPF.subMag.f)
14:23:47.055 [openiec61850-osi-server-7-thread-1] DEBUG com.beanit.openiec61850.ServerAssociation - Got a GetDataValues request for node: IEDBiogasCHP/MMXU1.TotPF.subMag.f: 0.0
calling GetDataValues(IEDBiogasCHP/MMXU1.TotPF.subQ)
14:23:47.056 [openiec61850-osi-server-7-thread-1] DEBUG com.beanit.openiec61850.ServerAssociation - Got a GetDataValues request for node: IEDBiogasCHP/MMXU1.TotPF.subQ: 0x00 0x00
calling GetDataValues(IEDBiogasCHP/MMXU1.TotPF.subID)
14:23:47.056 [openiec61850-osi-server-7-thread-1] DEBUG com.beanit.openiec61850.ServerAssociation - Got a GetDataValues request for node: IEDBiogasCHP/MMXU1.TotPF.subID: ''
calling GetDataValues(IEDBiogasCHP/MMXU1.TotPF)
14:23:47.056 [openiec61850-osi-server-7-thread-1] DEBUG com.beanit.openiec61850.ServerAssociation - Got a GetDataValues request for node: IEDBiogasCHP/MMXU1.TotPF [CF]
IEDBiogasCHP/MMXU1.TotPF.units [CF]
IEDBiogasCHP/MMXU1.TotPF.units.SIUnit: 0
IEDBiogasCHP/MMXU1.TotPF.units.multiplier: 0
IEDBiogasCHP/MMXU1.TotPF.db: 0
IEDBiogasCHP/MMXU1.TotPF.zeroDb: 0
IEDBiogasCHP/MMXU1.TotPF.sVC [CF]
IEDBiogasCHP/MMXU1.TotPF.sVC.scaleFactor: 0.0
IEDBiogasCHP/MMXU1.TotPF.sVC.offset: 0.0
IEDBiogasCHP/MMXU1.TotPF.rangeC [CF]
IEDBiogasCHP/MMXU1.TotPF.rangeC.hhLim [CF]
IEDBiogasCHP/MMXU1.TotPF.rangeC.hhLim.i: 0
IEDBiogasCHP/MMXU1.TotPF.rangeC.hhLim.f: 0.0
IEDBiogasCHP/MMXU1.TotPF.rangeC.hLim [CF]
IEDBiogasCHP/MMXU1.TotPF.rangeC.hLim.i: 0
IEDBiogasCHP/MMXU1.TotPF.rangeC.hLim.f: 0.0
IEDBiogasCHP/MMXU1.TotPF.rangeC.lLim [CF]
IEDBiogasCHP/MMXU1.TotPF.rangeC.lLim.i: 0
IEDBiogasCHP/MMXU1.TotPF.rangeC.lLim.f: 0.0
IEDBiogasCHP/MMXU1.TotPF.rangeC.llLim [CF]
IEDBiogasCHP/MMXU1.TotPF.rangeC.llLim.i: 0
IEDBiogasCHP/MMXU1.TotPF.rangeC.llLim.f: 0.0
IEDBiogasCHP/MMXU1.TotPF.rangeC.min [CF]
IEDBiogasCHP/MMXU1.TotPF.rangeC.min.i: 0
IEDBiogasCHP/MMXU1.TotPF.rangeC.min.f: 0.0
IEDBiogasCHP/MMXU1.TotPF.rangeC.max [CF]
IEDBiogasCHP/MMXU1.TotPF.rangeC.max.i: 0
IEDBiogasCHP/MMXU1.TotPF.rangeC.max.f: 0.0
IEDBiogasCHP/MMXU1.TotPF.smpRate: 0
14:23:47.056 [openiec61850-osi-server-7-thread-1] DEBUG com.beanit.openiec61850.ServerAssociation - sub BDA is:IEDBiogasCHP/MMXU1.TotPF.units.SIUnit: 0
14:23:47.056 [openiec61850-osi-server-7-thread-1] DEBUG com.beanit.openiec61850.ServerAssociation - sub BDA is:IEDBiogasCHP/MMXU1.TotPF.units.multiplier: 0
14:23:47.056 [openiec61850-osi-server-7-thread-1] DEBUG com.beanit.openiec61850.ServerAssociation - sub BDA is:IEDBiogasCHP/MMXU1.TotPF.db: 0
14:23:47.056 [openiec61850-osi-server-7-thread-1] DEBUG com.beanit.openiec61850.ServerAssociation - sub BDA is:IEDBiogasCHP/MMXU1.TotPF.zeroDb: 0
14:23:47.056 [openiec61850-osi-server-7-thread-1] DEBUG com.beanit.openiec61850.ServerAssociation - sub BDA is:IEDBiogasCHP/MMXU1.TotPF.sVC.scaleFactor: 0.0
14:23:47.056 [openiec61850-osi-server-7-thread-1] DEBUG com.beanit.openiec61850.ServerAssociation - sub BDA is:IEDBiogasCHP/MMXU1.TotPF.sVC.offset: 0.0
14:23:47.056 [openiec61850-osi-server-7-thread-1] DEBUG com.beanit.openiec61850.ServerAssociation - sub BDA is:IEDBiogasCHP/MMXU1.TotPF.rangeC.hhLim.i: 0
14:23:47.056 [openiec61850-osi-server-7-thread-1] DEBUG com.beanit.openiec61850.ServerAssociation - sub BDA is:IEDBiogasCHP/MMXU1.TotPF.rangeC.hhLim.f: 0.0
14:23:47.056 [openiec61850-osi-server-7-thread-1] DEBUG com.beanit.openiec61850.ServerAssociation - sub BDA is:IEDBiogasCHP/MMXU1.TotPF.rangeC.hLim.i: 0
14:23:47.056 [openiec61850-osi-server-7-thread-1] DEBUG com.beanit.openiec61850.ServerAssociation - sub BDA is:IEDBiogasCHP/MMXU1.TotPF.rangeC.hLim.f: 0.0
14:23:47.056 [openiec61850-osi-server-7-thread-1] DEBUG com.beanit.openiec61850.ServerAssociation - sub BDA is:IEDBiogasCHP/MMXU1.TotPF.rangeC.lLim.i: 0
14:23:47.056 [openiec61850-osi-server-7-thread-1] DEBUG com.beanit.openiec61850.ServerAssociation - sub BDA is:IEDBiogasCHP/MMXU1.TotPF.rangeC.lLim.f: 0.0
14:23:47.056 [openiec61850-osi-server-7-thread-1] DEBUG com.beanit.openiec61850.ServerAssociation - sub BDA is:IEDBiogasCHP/MMXU1.TotPF.rangeC.llLim.i: 0
14:23:47.056 [openiec61850-osi-server-7-thread-1] DEBUG com.beanit.openiec61850.ServerAssociation - sub BDA is:IEDBiogasCHP/MMXU1.TotPF.rangeC.llLim.f: 0.0
14:23:47.056 [openiec61850-osi-server-7-thread-1] DEBUG com.beanit.openiec61850.ServerAssociation - sub BDA is:IEDBiogasCHP/MMXU1.TotPF.rangeC.min.i: 0
14:23:47.056 [openiec61850-osi-server-7-thread-1] DEBUG com.beanit.openiec61850.ServerAssociation - sub BDA is:IEDBiogasCHP/MMXU1.TotPF.rangeC.min.f: 0.0
14:23:47.056 [openiec61850-osi-server-7-thread-1] DEBUG com.beanit.openiec61850.ServerAssociation - sub BDA is:IEDBiogasCHP/MMXU1.TotPF.rangeC.max.i: 0
14:23:47.056 [openiec61850-osi-server-7-thread-1] DEBUG com.beanit.openiec61850.ServerAssociation - sub BDA is:IEDBiogasCHP/MMXU1.TotPF.rangeC.max.f: 0.0
14:23:47.056 [openiec61850-osi-server-7-thread-1] DEBUG com.beanit.openiec61850.ServerAssociation - sub BDA is:IEDBiogasCHP/MMXU1.TotPF.smpRate: 0
calling GetDataValues(IEDBiogasCHP/MMXU1.TotPF.units)
14:23:47.056 [openiec61850-osi-server-7-thread-1] DEBUG com.beanit.openiec61850.ServerAssociation - Got a GetDataValues request for node: IEDBiogasCHP/MMXU1.TotPF.units [CF]
IEDBiogasCHP/MMXU1.TotPF.units.SIUnit: 0
IEDBiogasCHP/MMXU1.TotPF.units.multiplier: 0
14:23:47.056 [openiec61850-osi-server-7-thread-1] DEBUG com.beanit.openiec61850.ServerAssociation - sub BDA is:IEDBiogasCHP/MMXU1.TotPF.units.SIUnit: 0
14:23:47.056 [openiec61850-osi-server-7-thread-1] DEBUG com.beanit.openiec61850.ServerAssociation - sub BDA is:IEDBiogasCHP/MMXU1.TotPF.units.multiplier: 0
calling GetDataValues(IEDBiogasCHP/MMXU1.TotPF.units.SIUnit)
14:23:47.056 [openiec61850-osi-server-7-thread-1] DEBUG com.beanit.openiec61850.ServerAssociation - Got a GetDataValues request for node: IEDBiogasCHP/MMXU1.TotPF.units.SIUnit: 0
calling GetDataValues(IEDBiogasCHP/MMXU1.TotPF.units.multiplier)
14:23:47.056 [openiec61850-osi-server-7-thread-1] DEBUG com.beanit.openiec61850.ServerAssociation - Got a GetDataValues request for node: IEDBiogasCHP/MMXU1.TotPF.units.multiplier: 0
calling GetDataValues(IEDBiogasCHP/MMXU1.TotPF.db)
14:23:47.057 [openiec61850-osi-server-7-thread-1] DEBUG com.beanit.openiec61850.ServerAssociation - Got a GetDataValues request for node: IEDBiogasCHP/MMXU1.TotPF.db: 0
calling GetDataValues(IEDBiogasCHP/MMXU1.TotPF.zeroDb)
14:23:47.057 [openiec61850-osi-server-7-thread-1] DEBUG com.beanit.openiec61850.ServerAssociation - Got a GetDataValues request for node: IEDBiogasCHP/MMXU1.TotPF.zeroDb: 0
calling GetDataValues(IEDBiogasCHP/MMXU1.TotPF.sVC)
14:23:47.057 [openiec61850-osi-server-7-thread-1] DEBUG com.beanit.openiec61850.ServerAssociation - Got a GetDataValues request for node: IEDBiogasCHP/MMXU1.TotPF.sVC [CF]
IEDBiogasCHP/MMXU1.TotPF.sVC.scaleFactor: 0.0
IEDBiogasCHP/MMXU1.TotPF.sVC.offset: 0.0
14:23:47.057 [openiec61850-osi-server-7-thread-1] DEBUG com.beanit.openiec61850.ServerAssociation - sub BDA is:IEDBiogasCHP/MMXU1.TotPF.sVC.scaleFactor: 0.0
14:23:47.057 [openiec61850-osi-server-7-thread-1] DEBUG com.beanit.openiec61850.ServerAssociation - sub BDA is:IEDBiogasCHP/MMXU1.TotPF.sVC.offset: 0.0
calling GetDataValues(IEDBiogasCHP/MMXU1.TotPF.sVC.scaleFactor)
14:23:47.057 [openiec61850-osi-server-7-thread-1] DEBUG com.beanit.openiec61850.ServerAssociation - Got a GetDataValues request for node: IEDBiogasCHP/MMXU1.TotPF.sVC.scaleFactor: 0.0
calling GetDataValues(IEDBiogasCHP/MMXU1.TotPF.sVC.offset)
14:23:47.057 [openiec61850-osi-server-7-thread-1] DEBUG com.beanit.openiec61850.ServerAssociation - Got a GetDataValues request for node: IEDBiogasCHP/MMXU1.TotPF.sVC.offset: 0.0
calling GetDataValues(IEDBiogasCHP/MMXU1.TotPF.rangeC)
14:23:47.057 [openiec61850-osi-server-7-thread-1] DEBUG com.beanit.openiec61850.ServerAssociation - Got a GetDataValues request for node: IEDBiogasCHP/MMXU1.TotPF.rangeC [CF]
IEDBiogasCHP/MMXU1.TotPF.rangeC.hhLim [CF]
IEDBiogasCHP/MMXU1.TotPF.rangeC.hhLim.i: 0
IEDBiogasCHP/MMXU1.TotPF.rangeC.hhLim.f: 0.0
IEDBiogasCHP/MMXU1.TotPF.rangeC.hLim [CF]
IEDBiogasCHP/MMXU1.TotPF.rangeC.hLim.i: 0
IEDBiogasCHP/MMXU1.TotPF.rangeC.hLim.f: 0.0
IEDBiogasCHP/MMXU1.TotPF.rangeC.lLim [CF]
IEDBiogasCHP/MMXU1.TotPF.rangeC.lLim.i: 0
IEDBiogasCHP/MMXU1.TotPF.rangeC.lLim.f: 0.0
IEDBiogasCHP/MMXU1.TotPF.rangeC.llLim [CF]
IEDBiogasCHP/MMXU1.TotPF.rangeC.llLim.i: 0
IEDBiogasCHP/MMXU1.TotPF.rangeC.llLim.f: 0.0
IEDBiogasCHP/MMXU1.TotPF.rangeC.min [CF]
IEDBiogasCHP/MMXU1.TotPF.rangeC.min.i: 0
IEDBiogasCHP/MMXU1.TotPF.rangeC.min.f: 0.0
IEDBiogasCHP/MMXU1.TotPF.rangeC.max [CF]
IEDBiogasCHP/MMXU1.TotPF.rangeC.max.i: 0
IEDBiogasCHP/MMXU1.TotPF.rangeC.max.f: 0.0
14:23:47.057 [openiec61850-osi-server-7-thread-1] DEBUG com.beanit.openiec61850.ServerAssociation - sub BDA is:IEDBiogasCHP/MMXU1.TotPF.rangeC.hhLim.i: 0
14:23:47.057 [openiec61850-osi-server-7-thread-1] DEBUG com.beanit.openiec61850.ServerAssociation - sub BDA is:IEDBiogasCHP/MMXU1.TotPF.rangeC.hhLim.f: 0.0
14:23:47.057 [openiec61850-osi-server-7-thread-1] DEBUG com.beanit.openiec61850.ServerAssociation - sub BDA is:IEDBiogasCHP/MMXU1.TotPF.rangeC.hLim.i: 0
14:23:47.057 [openiec61850-osi-server-7-thread-1] DEBUG com.beanit.openiec61850.ServerAssociation - sub BDA is:IEDBiogasCHP/MMXU1.TotPF.rangeC.hLim.f: 0.0
14:23:47.057 [openiec61850-osi-server-7-thread-1] DEBUG com.beanit.openiec61850.ServerAssociation - sub BDA is:IEDBiogasCHP/MMXU1.TotPF.rangeC.lLim.i: 0
14:23:47.057 [openiec61850-osi-server-7-thread-1] DEBUG com.beanit.openiec61850.ServerAssociation - sub BDA is:IEDBiogasCHP/MMXU1.TotPF.rangeC.lLim.f: 0.0
14:23:47.057 [openiec61850-osi-server-7-thread-1] DEBUG com.beanit.openiec61850.ServerAssociation - sub BDA is:IEDBiogasCHP/MMXU1.TotPF.rangeC.llLim.i: 0
14:23:47.057 [openiec61850-osi-server-7-thread-1] DEBUG com.beanit.openiec61850.ServerAssociation - sub BDA is:IEDBiogasCHP/MMXU1.TotPF.rangeC.llLim.f: 0.0
14:23:47.057 [openiec61850-osi-server-7-thread-1] DEBUG com.beanit.openiec61850.ServerAssociation - sub BDA is:IEDBiogasCHP/MMXU1.TotPF.rangeC.min.i: 0
14:23:47.057 [openiec61850-osi-server-7-thread-1] DEBUG com.beanit.openiec61850.ServerAssociation - sub BDA is:IEDBiogasCHP/MMXU1.TotPF.rangeC.min.f: 0.0
14:23:47.057 [openiec61850-osi-server-7-thread-1] DEBUG com.beanit.openiec61850.ServerAssociation - sub BDA is:IEDBiogasCHP/MMXU1.TotPF.rangeC.max.i: 0
14:23:47.057 [openiec61850-osi-server-7-thread-1] DEBUG com.beanit.openiec61850.ServerAssociation - sub BDA is:IEDBiogasCHP/MMXU1.TotPF.rangeC.max.f: 0.0
calling GetDataValues(IEDBiogasCHP/MMXU1.TotPF.rangeC.hhLim)
14:23:47.057 [openiec61850-osi-server-7-thread-1] DEBUG com.beanit.openiec61850.ServerAssociation - Got a GetDataValues request for node: IEDBiogasCHP/MMXU1.TotPF.rangeC.hhLim [CF]
IEDBiogasCHP/MMXU1.TotPF.rangeC.hhLim.i: 0
IEDBiogasCHP/MMXU1.TotPF.rangeC.hhLim.f: 0.0
14:23:47.057 [openiec61850-osi-server-7-thread-1] DEBUG com.beanit.openiec61850.ServerAssociation - sub BDA is:IEDBiogasCHP/MMXU1.TotPF.rangeC.hhLim.i: 0
14:23:47.057 [openiec61850-osi-server-7-thread-1] DEBUG com.beanit.openiec61850.ServerAssociation - sub BDA is:IEDBiogasCHP/MMXU1.TotPF.rangeC.hhLim.f: 0.0
calling GetDataValues(IEDBiogasCHP/MMXU1.TotPF.rangeC.hhLim.i)
14:23:47.058 [openiec61850-osi-server-7-thread-1] DEBUG com.beanit.openiec61850.ServerAssociation - Got a GetDataValues request for node: IEDBiogasCHP/MMXU1.TotPF.rangeC.hhLim.i: 0
calling GetDataValues(IEDBiogasCHP/MMXU1.TotPF.rangeC.hhLim.f)
14:23:47.058 [openiec61850-osi-server-7-thread-1] DEBUG com.beanit.openiec61850.ServerAssociation - Got a GetDataValues request for node: IEDBiogasCHP/MMXU1.TotPF.rangeC.hhLim.f: 0.0
calling GetDataValues(IEDBiogasCHP/MMXU1.TotPF.rangeC.hLim)
14:23:47.058 [openiec61850-osi-server-7-thread-1] DEBUG com.beanit.openiec61850.ServerAssociation - Got a GetDataValues request for node: IEDBiogasCHP/MMXU1.TotPF.rangeC.hLim [CF]
IEDBiogasCHP/MMXU1.TotPF.rangeC.hLim.i: 0
IEDBiogasCHP/MMXU1.TotPF.rangeC.hLim.f: 0.0
14:23:47.058 [openiec61850-osi-server-7-thread-1] DEBUG com.beanit.openiec61850.ServerAssociation - sub BDA is:IEDBiogasCHP/MMXU1.TotPF.rangeC.hLim.i: 0
14:23:47.058 [openiec61850-osi-server-7-thread-1] DEBUG com.beanit.openiec61850.ServerAssociation - sub BDA is:IEDBiogasCHP/MMXU1.TotPF.rangeC.hLim.f: 0.0
calling GetDataValues(IEDBiogasCHP/MMXU1.TotPF.rangeC.hLim.i)
14:23:47.058 [openiec61850-osi-server-7-thread-1] DEBUG com.beanit.openiec61850.ServerAssociation - Got a GetDataValues request for node: IEDBiogasCHP/MMXU1.TotPF.rangeC.hLim.i: 0
calling GetDataValues(IEDBiogasCHP/MMXU1.TotPF.rangeC.hLim.f)
14:23:47.058 [openiec61850-osi-server-7-thread-1] DEBUG com.beanit.openiec61850.ServerAssociation - Got a GetDataValues request for node: IEDBiogasCHP/MMXU1.TotPF.rangeC.hLim.f: 0.0
calling GetDataValues(IEDBiogasCHP/MMXU1.TotPF.rangeC.lLim)
14:23:47.058 [openiec61850-osi-server-7-thread-1] DEBUG com.beanit.openiec61850.ServerAssociation - Got a GetDataValues request for node: IEDBiogasCHP/MMXU1.TotPF.rangeC.lLim [CF]
IEDBiogasCHP/MMXU1.TotPF.rangeC.lLim.i: 0
IEDBiogasCHP/MMXU1.TotPF.rangeC.lLim.f: 0.0
14:23:47.058 [openiec61850-osi-server-7-thread-1] DEBUG com.beanit.openiec61850.ServerAssociation - sub BDA is:IEDBiogasCHP/MMXU1.TotPF.rangeC.lLim.i: 0
14:23:47.058 [openiec61850-osi-server-7-thread-1] DEBUG com.beanit.openiec61850.ServerAssociation - sub BDA is:IEDBiogasCHP/MMXU1.TotPF.rangeC.lLim.f: 0.0
calling GetDataValues(IEDBiogasCHP/MMXU1.TotPF.rangeC.lLim.i)
14:23:47.058 [openiec61850-osi-server-7-thread-1] DEBUG com.beanit.openiec61850.ServerAssociation - Got a GetDataValues request for node: IEDBiogasCHP/MMXU1.TotPF.rangeC.lLim.i: 0
calling GetDataValues(IEDBiogasCHP/MMXU1.TotPF.rangeC.lLim.f)
14:23:47.058 [openiec61850-osi-server-7-thread-1] DEBUG com.beanit.openiec61850.ServerAssociation - Got a GetDataValues request for node: IEDBiogasCHP/MMXU1.TotPF.rangeC.lLim.f: 0.0
calling GetDataValues(IEDBiogasCHP/MMXU1.TotPF.rangeC.llLim)
14:23:47.059 [openiec61850-osi-server-7-thread-1] DEBUG com.beanit.openiec61850.ServerAssociation - Got a GetDataValues request for node: IEDBiogasCHP/MMXU1.TotPF.rangeC.llLim [CF]
IEDBiogasCHP/MMXU1.TotPF.rangeC.llLim.i: 0
IEDBiogasCHP/MMXU1.TotPF.rangeC.llLim.f: 0.0
14:23:47.059 [openiec61850-osi-server-7-thread-1] DEBUG com.beanit.openiec61850.ServerAssociation - sub BDA is:IEDBiogasCHP/MMXU1.TotPF.rangeC.llLim.i: 0
14:23:47.059 [openiec61850-osi-server-7-thread-1] DEBUG com.beanit.openiec61850.ServerAssociation - sub BDA is:IEDBiogasCHP/MMXU1.TotPF.rangeC.llLim.f: 0.0
calling GetDataValues(IEDBiogasCHP/MMXU1.TotPF.rangeC.llLim.i)
14:23:47.059 [openiec61850-osi-server-7-thread-1] DEBUG com.beanit.openiec61850.ServerAssociation - Got a GetDataValues request for node: IEDBiogasCHP/MMXU1.TotPF.rangeC.llLim.i: 0
calling GetDataValues(IEDBiogasCHP/MMXU1.TotPF.rangeC.llLim.f)
14:23:47.059 [openiec61850-osi-server-7-thread-1] DEBUG com.beanit.openiec61850.ServerAssociation - Got a GetDataValues request for node: IEDBiogasCHP/MMXU1.TotPF.rangeC.llLim.f: 0.0
calling GetDataValues(IEDBiogasCHP/MMXU1.TotPF.rangeC.min)
14:23:47.059 [openiec61850-osi-server-7-thread-1] DEBUG com.beanit.openiec61850.ServerAssociation - Got a GetDataValues request for node: IEDBiogasCHP/MMXU1.TotPF.rangeC.min [CF]
IEDBiogasCHP/MMXU1.TotPF.rangeC.min.i: 0
IEDBiogasCHP/MMXU1.TotPF.rangeC.min.f: 0.0
14:23:47.059 [openiec61850-osi-server-7-thread-1] DEBUG com.beanit.openiec61850.ServerAssociation - sub BDA is:IEDBiogasCHP/MMXU1.TotPF.rangeC.min.i: 0
14:23:47.059 [openiec61850-osi-server-7-thread-1] DEBUG com.beanit.openiec61850.ServerAssociation - sub BDA is:IEDBiogasCHP/MMXU1.TotPF.rangeC.min.f: 0.0
calling GetDataValues(IEDBiogasCHP/MMXU1.TotPF.rangeC.min.i)
14:23:47.059 [openiec61850-osi-server-7-thread-1] DEBUG com.beanit.openiec61850.ServerAssociation - Got a GetDataValues request for node: IEDBiogasCHP/MMXU1.TotPF.rangeC.min.i: 0
calling GetDataValues(IEDBiogasCHP/MMXU1.TotPF.rangeC.min.f)
14:23:47.059 [openiec61850-osi-server-7-thread-1] DEBUG com.beanit.openiec61850.ServerAssociation - Got a GetDataValues request for node: IEDBiogasCHP/MMXU1.TotPF.rangeC.min.f: 0.0
calling GetDataValues(IEDBiogasCHP/MMXU1.TotPF.rangeC.max)
14:23:47.060 [openiec61850-osi-server-7-thread-1] DEBUG com.beanit.openiec61850.ServerAssociation - Got a GetDataValues request for node: IEDBiogasCHP/MMXU1.TotPF.rangeC.max [CF]
IEDBiogasCHP/MMXU1.TotPF.rangeC.max.i: 0
IEDBiogasCHP/MMXU1.TotPF.rangeC.max.f: 0.0
14:23:47.060 [openiec61850-osi-server-7-thread-1] DEBUG com.beanit.openiec61850.ServerAssociation - sub BDA is:IEDBiogasCHP/MMXU1.TotPF.rangeC.max.i: 0
14:23:47.060 [openiec61850-osi-server-7-thread-1] DEBUG com.beanit.openiec61850.ServerAssociation - sub BDA is:IEDBiogasCHP/MMXU1.TotPF.rangeC.max.f: 0.0
calling GetDataValues(IEDBiogasCHP/MMXU1.TotPF.rangeC.max.i)
14:23:47.060 [openiec61850-osi-server-7-thread-1] DEBUG com.beanit.openiec61850.ServerAssociation - Got a GetDataValues request for node: IEDBiogasCHP/MMXU1.TotPF.rangeC.max.i: 0
calling GetDataValues(IEDBiogasCHP/MMXU1.TotPF.rangeC.max.f)
14:23:47.060 [openiec61850-osi-server-7-thread-1] DEBUG com.beanit.openiec61850.ServerAssociation - Got a GetDataValues request for node: IEDBiogasCHP/MMXU1.TotPF.rangeC.max.f: 0.0
calling GetDataValues(IEDBiogasCHP/MMXU1.TotPF.smpRate)
14:23:47.060 [openiec61850-osi-server-7-thread-1] DEBUG com.beanit.openiec61850.ServerAssociation - Got a GetDataValues request for node: IEDBiogasCHP/MMXU1.TotPF.smpRate: 0
calling GetDataValues(IEDBiogasCHP/MMXU1.TotPF)
14:23:47.060 [openiec61850-osi-server-7-thread-1] DEBUG com.beanit.openiec61850.ServerAssociation - Got a GetDataValues request for node: IEDBiogasCHP/MMXU1.TotPF [DC]
IEDBiogasCHP/MMXU1.TotPF.d: ''
IEDBiogasCHP/MMXU1.TotPF.dU: 
14:23:47.060 [openiec61850-osi-server-7-thread-1] DEBUG com.beanit.openiec61850.ServerAssociation - sub BDA is:IEDBiogasCHP/MMXU1.TotPF.d: ''
14:23:47.060 [openiec61850-osi-server-7-thread-1] DEBUG com.beanit.openiec61850.ServerAssociation - sub BDA is:IEDBiogasCHP/MMXU1.TotPF.dU: 
calling GetDataValues(IEDBiogasCHP/MMXU1.TotPF.d)
14:23:47.060 [openiec61850-osi-server-7-thread-1] DEBUG com.beanit.openiec61850.ServerAssociation - Got a GetDataValues request for node: IEDBiogasCHP/MMXU1.TotPF.d: ''
calling GetDataValues(IEDBiogasCHP/MMXU1.TotPF.dU)
14:23:47.060 [openiec61850-osi-server-7-thread-1] DEBUG com.beanit.openiec61850.ServerAssociation - Got a GetDataValues request for node: IEDBiogasCHP/MMXU1.TotPF.dU: 
calling GetDataValues(IEDBiogasCHP/MMXU1.TotPF)
14:23:47.060 [openiec61850-osi-server-7-thread-1] DEBUG com.beanit.openiec61850.ServerAssociation - Got a GetDataValues request for node: IEDBiogasCHP/MMXU1.TotPF [EX]
IEDBiogasCHP/MMXU1.TotPF.cdcNs: ''
IEDBiogasCHP/MMXU1.TotPF.cdcName: ''
IEDBiogasCHP/MMXU1.TotPF.dataNs: ''
14:23:47.060 [openiec61850-osi-server-7-thread-1] DEBUG com.beanit.openiec61850.ServerAssociation - sub BDA is:IEDBiogasCHP/MMXU1.TotPF.cdcNs: ''
14:23:47.060 [openiec61850-osi-server-7-thread-1] DEBUG com.beanit.openiec61850.ServerAssociation - sub BDA is:IEDBiogasCHP/MMXU1.TotPF.cdcName: ''
14:23:47.060 [openiec61850-osi-server-7-thread-1] DEBUG com.beanit.openiec61850.ServerAssociation - sub BDA is:IEDBiogasCHP/MMXU1.TotPF.dataNs: ''
calling GetDataValues(IEDBiogasCHP/MMXU1.TotPF.cdcNs)
14:23:47.061 [openiec61850-osi-server-7-thread-1] DEBUG com.beanit.openiec61850.ServerAssociation - Got a GetDataValues request for node: IEDBiogasCHP/MMXU1.TotPF.cdcNs: ''
calling GetDataValues(IEDBiogasCHP/MMXU1.TotPF.cdcName)
14:23:47.061 [openiec61850-osi-server-7-thread-1] DEBUG com.beanit.openiec61850.ServerAssociation - Got a GetDataValues request for node: IEDBiogasCHP/MMXU1.TotPF.cdcName: ''
calling GetDataValues(IEDBiogasCHP/MMXU1.TotPF.dataNs)
14:23:47.061 [openiec61850-osi-server-7-thread-1] DEBUG com.beanit.openiec61850.ServerAssociation - Got a GetDataValues request for node: IEDBiogasCHP/MMXU1.TotPF.dataNs: ''
calling GetDataValues(IEDBiogasCHP/MMXU1.Hz)
14:23:47.061 [openiec61850-osi-server-7-thread-1] DEBUG com.beanit.openiec61850.ServerAssociation - Got a GetDataValues request for node: IEDBiogasCHP/MMXU1.Hz [MX]
IEDBiogasCHP/MMXU1.Hz.instMag [MX]
IEDBiogasCHP/MMXU1.Hz.instMag.i: 0
IEDBiogasCHP/MMXU1.Hz.instMag.f: 0.0
IEDBiogasCHP/MMXU1.Hz.mag [MX]
IEDBiogasCHP/MMXU1.Hz.mag.i: 0
IEDBiogasCHP/MMXU1.Hz.mag.f: 0.0
IEDBiogasCHP/MMXU1.Hz.range: 0
IEDBiogasCHP/MMXU1.Hz.q: 0x00 0x00
IEDBiogasCHP/MMXU1.Hz.t: Thu Jan 01 01:00:00 CET 1970
14:23:47.061 [openiec61850-osi-server-7-thread-1] DEBUG com.beanit.openiec61850.ServerAssociation - sub BDA is:IEDBiogasCHP/MMXU1.Hz.instMag.i: 0
14:23:47.061 [openiec61850-osi-server-7-thread-1] DEBUG com.beanit.openiec61850.ServerAssociation - sub BDA is:IEDBiogasCHP/MMXU1.Hz.instMag.f: 0.0
14:23:47.061 [openiec61850-osi-server-7-thread-1] DEBUG com.beanit.openiec61850.ServerAssociation - sub BDA is:IEDBiogasCHP/MMXU1.Hz.mag.i: 0
14:23:47.061 [openiec61850-osi-server-7-thread-1] DEBUG com.beanit.openiec61850.ServerAssociation - sub BDA is:IEDBiogasCHP/MMXU1.Hz.mag.f: 0.0
14:23:47.061 [openiec61850-osi-server-7-thread-1] DEBUG com.beanit.openiec61850.ServerAssociation - sub BDA is:IEDBiogasCHP/MMXU1.Hz.range: 0
14:23:47.061 [openiec61850-osi-server-7-thread-1] DEBUG com.beanit.openiec61850.ServerAssociation - sub BDA is:IEDBiogasCHP/MMXU1.Hz.q: 0x00 0x00
14:23:47.061 [openiec61850-osi-server-7-thread-1] DEBUG com.beanit.openiec61850.ServerAssociation - sub BDA is:IEDBiogasCHP/MMXU1.Hz.t: Thu Jan 01 01:00:00 CET 1970
calling GetDataValues(IEDBiogasCHP/MMXU1.Hz.instMag)
14:23:47.061 [openiec61850-osi-server-7-thread-1] DEBUG com.beanit.openiec61850.ServerAssociation - Got a GetDataValues request for node: IEDBiogasCHP/MMXU1.Hz.instMag [MX]
IEDBiogasCHP/MMXU1.Hz.instMag.i: 0
IEDBiogasCHP/MMXU1.Hz.instMag.f: 0.0
14:23:47.061 [openiec61850-osi-server-7-thread-1] DEBUG com.beanit.openiec61850.ServerAssociation - sub BDA is:IEDBiogasCHP/MMXU1.Hz.instMag.i: 0
14:23:47.061 [openiec61850-osi-server-7-thread-1] DEBUG com.beanit.openiec61850.ServerAssociation - sub BDA is:IEDBiogasCHP/MMXU1.Hz.instMag.f: 0.0
calling GetDataValues(IEDBiogasCHP/MMXU1.Hz.instMag.i)
14:23:47.061 [openiec61850-osi-server-7-thread-1] DEBUG com.beanit.openiec61850.ServerAssociation - Got a GetDataValues request for node: IEDBiogasCHP/MMXU1.Hz.instMag.i: 0
calling GetDataValues(IEDBiogasCHP/MMXU1.Hz.instMag.f)
14:23:47.061 [openiec61850-osi-server-7-thread-1] DEBUG com.beanit.openiec61850.ServerAssociation - Got a GetDataValues request for node: IEDBiogasCHP/MMXU1.Hz.instMag.f: 0.0
calling GetDataValues(IEDBiogasCHP/MMXU1.Hz.mag)
14:23:47.062 [openiec61850-osi-server-7-thread-1] DEBUG com.beanit.openiec61850.ServerAssociation - Got a GetDataValues request for node: IEDBiogasCHP/MMXU1.Hz.mag [MX]
IEDBiogasCHP/MMXU1.Hz.mag.i: 0
IEDBiogasCHP/MMXU1.Hz.mag.f: 0.0
14:23:47.062 [openiec61850-osi-server-7-thread-1] DEBUG com.beanit.openiec61850.ServerAssociation - sub BDA is:IEDBiogasCHP/MMXU1.Hz.mag.i: 0
14:23:47.062 [openiec61850-osi-server-7-thread-1] DEBUG com.beanit.openiec61850.ServerAssociation - sub BDA is:IEDBiogasCHP/MMXU1.Hz.mag.f: 0.0
calling GetDataValues(IEDBiogasCHP/MMXU1.Hz.mag.i)
14:23:47.062 [openiec61850-osi-server-7-thread-1] DEBUG com.beanit.openiec61850.ServerAssociation - Got a GetDataValues request for node: IEDBiogasCHP/MMXU1.Hz.mag.i: 0
calling GetDataValues(IEDBiogasCHP/MMXU1.Hz.mag.f)
14:23:47.062 [openiec61850-osi-server-7-thread-1] DEBUG com.beanit.openiec61850.ServerAssociation - Got a GetDataValues request for node: IEDBiogasCHP/MMXU1.Hz.mag.f: 0.0
calling GetDataValues(IEDBiogasCHP/MMXU1.Hz.range)
14:23:47.062 [openiec61850-osi-server-7-thread-1] DEBUG com.beanit.openiec61850.ServerAssociation - Got a GetDataValues request for node: IEDBiogasCHP/MMXU1.Hz.range: 0
calling GetDataValues(IEDBiogasCHP/MMXU1.Hz.q)
14:23:47.062 [openiec61850-osi-server-7-thread-1] DEBUG com.beanit.openiec61850.ServerAssociation - Got a GetDataValues request for node: IEDBiogasCHP/MMXU1.Hz.q: 0x00 0x00
calling GetDataValues(IEDBiogasCHP/MMXU1.Hz.t)
14:23:47.062 [openiec61850-osi-server-7-thread-1] DEBUG com.beanit.openiec61850.ServerAssociation - Got a GetDataValues request for node: IEDBiogasCHP/MMXU1.Hz.t: Thu Jan 01 01:00:00 CET 1970
calling GetDataValues(IEDBiogasCHP/MMXU1.Hz)
14:23:47.062 [openiec61850-osi-server-7-thread-1] DEBUG com.beanit.openiec61850.ServerAssociation - Got a GetDataValues request for node: IEDBiogasCHP/MMXU1.Hz [SV]
IEDBiogasCHP/MMXU1.Hz.subEna: false
IEDBiogasCHP/MMXU1.Hz.subMag [SV]
IEDBiogasCHP/MMXU1.Hz.subMag.i: 0
IEDBiogasCHP/MMXU1.Hz.subMag.f: 0.0
IEDBiogasCHP/MMXU1.Hz.subQ: 0x00 0x00
IEDBiogasCHP/MMXU1.Hz.subID: ''
14:23:47.062 [openiec61850-osi-server-7-thread-1] DEBUG com.beanit.openiec61850.ServerAssociation - sub BDA is:IEDBiogasCHP/MMXU1.Hz.subEna: false
14:23:47.062 [openiec61850-osi-server-7-thread-1] DEBUG com.beanit.openiec61850.ServerAssociation - sub BDA is:IEDBiogasCHP/MMXU1.Hz.subMag.i: 0
14:23:47.062 [openiec61850-osi-server-7-thread-1] DEBUG com.beanit.openiec61850.ServerAssociation - sub BDA is:IEDBiogasCHP/MMXU1.Hz.subMag.f: 0.0
14:23:47.062 [openiec61850-osi-server-7-thread-1] DEBUG com.beanit.openiec61850.ServerAssociation - sub BDA is:IEDBiogasCHP/MMXU1.Hz.subQ: 0x00 0x00
14:23:47.062 [openiec61850-osi-server-7-thread-1] DEBUG com.beanit.openiec61850.ServerAssociation - sub BDA is:IEDBiogasCHP/MMXU1.Hz.subID: ''
calling GetDataValues(IEDBiogasCHP/MMXU1.Hz.subEna)
14:23:47.063 [openiec61850-osi-server-7-thread-1] DEBUG com.beanit.openiec61850.ServerAssociation - Got a GetDataValues request for node: IEDBiogasCHP/MMXU1.Hz.subEna: false
calling GetDataValues(IEDBiogasCHP/MMXU1.Hz.subMag)
14:23:47.063 [openiec61850-osi-server-7-thread-1] DEBUG com.beanit.openiec61850.ServerAssociation - Got a GetDataValues request for node: IEDBiogasCHP/MMXU1.Hz.subMag [SV]
IEDBiogasCHP/MMXU1.Hz.subMag.i: 0
IEDBiogasCHP/MMXU1.Hz.subMag.f: 0.0
14:23:47.063 [openiec61850-osi-server-7-thread-1] DEBUG com.beanit.openiec61850.ServerAssociation - sub BDA is:IEDBiogasCHP/MMXU1.Hz.subMag.i: 0
14:23:47.063 [openiec61850-osi-server-7-thread-1] DEBUG com.beanit.openiec61850.ServerAssociation - sub BDA is:IEDBiogasCHP/MMXU1.Hz.subMag.f: 0.0
calling GetDataValues(IEDBiogasCHP/MMXU1.Hz.subMag.i)
14:23:47.063 [openiec61850-osi-server-7-thread-1] DEBUG com.beanit.openiec61850.ServerAssociation - Got a GetDataValues request for node: IEDBiogasCHP/MMXU1.Hz.subMag.i: 0
calling GetDataValues(IEDBiogasCHP/MMXU1.Hz.subMag.f)
14:23:47.063 [openiec61850-osi-server-7-thread-1] DEBUG com.beanit.openiec61850.ServerAssociation - Got a GetDataValues request for node: IEDBiogasCHP/MMXU1.Hz.subMag.f: 0.0
calling GetDataValues(IEDBiogasCHP/MMXU1.Hz.subQ)
14:23:47.063 [openiec61850-osi-server-7-thread-1] DEBUG com.beanit.openiec61850.ServerAssociation - Got a GetDataValues request for node: IEDBiogasCHP/MMXU1.Hz.subQ: 0x00 0x00
calling GetDataValues(IEDBiogasCHP/MMXU1.Hz.subID)
14:23:47.063 [openiec61850-osi-server-7-thread-1] DEBUG com.beanit.openiec61850.ServerAssociation - Got a GetDataValues request for node: IEDBiogasCHP/MMXU1.Hz.subID: ''
calling GetDataValues(IEDBiogasCHP/MMXU1.Hz)
14:23:47.063 [openiec61850-osi-server-7-thread-1] DEBUG com.beanit.openiec61850.ServerAssociation - Got a GetDataValues request for node: IEDBiogasCHP/MMXU1.Hz [CF]
IEDBiogasCHP/MMXU1.Hz.units [CF]
IEDBiogasCHP/MMXU1.Hz.units.SIUnit: 0
IEDBiogasCHP/MMXU1.Hz.units.multiplier: 0
IEDBiogasCHP/MMXU1.Hz.db: 0
IEDBiogasCHP/MMXU1.Hz.zeroDb: 0
IEDBiogasCHP/MMXU1.Hz.sVC [CF]
IEDBiogasCHP/MMXU1.Hz.sVC.scaleFactor: 0.0
IEDBiogasCHP/MMXU1.Hz.sVC.offset: 0.0
IEDBiogasCHP/MMXU1.Hz.rangeC [CF]
IEDBiogasCHP/MMXU1.Hz.rangeC.hhLim [CF]
IEDBiogasCHP/MMXU1.Hz.rangeC.hhLim.i: 0
IEDBiogasCHP/MMXU1.Hz.rangeC.hhLim.f: 0.0
IEDBiogasCHP/MMXU1.Hz.rangeC.hLim [CF]
IEDBiogasCHP/MMXU1.Hz.rangeC.hLim.i: 0
IEDBiogasCHP/MMXU1.Hz.rangeC.hLim.f: 0.0
IEDBiogasCHP/MMXU1.Hz.rangeC.lLim [CF]
IEDBiogasCHP/MMXU1.Hz.rangeC.lLim.i: 0
IEDBiogasCHP/MMXU1.Hz.rangeC.lLim.f: 0.0
IEDBiogasCHP/MMXU1.Hz.rangeC.llLim [CF]
IEDBiogasCHP/MMXU1.Hz.rangeC.llLim.i: 0
IEDBiogasCHP/MMXU1.Hz.rangeC.llLim.f: 0.0
IEDBiogasCHP/MMXU1.Hz.rangeC.min [CF]
IEDBiogasCHP/MMXU1.Hz.rangeC.min.i: 0
IEDBiogasCHP/MMXU1.Hz.rangeC.min.f: 0.0
IEDBiogasCHP/MMXU1.Hz.rangeC.max [CF]
IEDBiogasCHP/MMXU1.Hz.rangeC.max.i: 0
IEDBiogasCHP/MMXU1.Hz.rangeC.max.f: 0.0
IEDBiogasCHP/MMXU1.Hz.smpRate: 0
14:23:47.063 [openiec61850-osi-server-7-thread-1] DEBUG com.beanit.openiec61850.ServerAssociation - sub BDA is:IEDBiogasCHP/MMXU1.Hz.units.SIUnit: 0
14:23:47.063 [openiec61850-osi-server-7-thread-1] DEBUG com.beanit.openiec61850.ServerAssociation - sub BDA is:IEDBiogasCHP/MMXU1.Hz.units.multiplier: 0
14:23:47.063 [openiec61850-osi-server-7-thread-1] DEBUG com.beanit.openiec61850.ServerAssociation - sub BDA is:IEDBiogasCHP/MMXU1.Hz.db: 0
14:23:47.063 [openiec61850-osi-server-7-thread-1] DEBUG com.beanit.openiec61850.ServerAssociation - sub BDA is:IEDBiogasCHP/MMXU1.Hz.zeroDb: 0
14:23:47.063 [openiec61850-osi-server-7-thread-1] DEBUG com.beanit.openiec61850.ServerAssociation - sub BDA is:IEDBiogasCHP/MMXU1.Hz.sVC.scaleFactor: 0.0
14:23:47.063 [openiec61850-osi-server-7-thread-1] DEBUG com.beanit.openiec61850.ServerAssociation - sub BDA is:IEDBiogasCHP/MMXU1.Hz.sVC.offset: 0.0
14:23:47.063 [openiec61850-osi-server-7-thread-1] DEBUG com.beanit.openiec61850.ServerAssociation - sub BDA is:IEDBiogasCHP/MMXU1.Hz.rangeC.hhLim.i: 0
14:23:47.063 [openiec61850-osi-server-7-thread-1] DEBUG com.beanit.openiec61850.ServerAssociation - sub BDA is:IEDBiogasCHP/MMXU1.Hz.rangeC.hhLim.f: 0.0
14:23:47.063 [openiec61850-osi-server-7-thread-1] DEBUG com.beanit.openiec61850.ServerAssociation - sub BDA is:IEDBiogasCHP/MMXU1.Hz.rangeC.hLim.i: 0
14:23:47.063 [openiec61850-osi-server-7-thread-1] DEBUG com.beanit.openiec61850.ServerAssociation - sub BDA is:IEDBiogasCHP/MMXU1.Hz.rangeC.hLim.f: 0.0
14:23:47.063 [openiec61850-osi-server-7-thread-1] DEBUG com.beanit.openiec61850.ServerAssociation - sub BDA is:IEDBiogasCHP/MMXU1.Hz.rangeC.lLim.i: 0
14:23:47.063 [openiec61850-osi-server-7-thread-1] DEBUG com.beanit.openiec61850.ServerAssociation - sub BDA is:IEDBiogasCHP/MMXU1.Hz.rangeC.lLim.f: 0.0
14:23:47.063 [openiec61850-osi-server-7-thread-1] DEBUG com.beanit.openiec61850.ServerAssociation - sub BDA is:IEDBiogasCHP/MMXU1.Hz.rangeC.llLim.i: 0
14:23:47.063 [openiec61850-osi-server-7-thread-1] DEBUG com.beanit.openiec61850.ServerAssociation - sub BDA is:IEDBiogasCHP/MMXU1.Hz.rangeC.llLim.f: 0.0
14:23:47.064 [openiec61850-osi-server-7-thread-1] DEBUG com.beanit.openiec61850.ServerAssociation - sub BDA is:IEDBiogasCHP/MMXU1.Hz.rangeC.min.i: 0
14:23:47.064 [openiec61850-osi-server-7-thread-1] DEBUG com.beanit.openiec61850.ServerAssociation - sub BDA is:IEDBiogasCHP/MMXU1.Hz.rangeC.min.f: 0.0
14:23:47.064 [openiec61850-osi-server-7-thread-1] DEBUG com.beanit.openiec61850.ServerAssociation - sub BDA is:IEDBiogasCHP/MMXU1.Hz.rangeC.max.i: 0
14:23:47.064 [openiec61850-osi-server-7-thread-1] DEBUG com.beanit.openiec61850.ServerAssociation - sub BDA is:IEDBiogasCHP/MMXU1.Hz.rangeC.max.f: 0.0
14:23:47.064 [openiec61850-osi-server-7-thread-1] DEBUG com.beanit.openiec61850.ServerAssociation - sub BDA is:IEDBiogasCHP/MMXU1.Hz.smpRate: 0
calling GetDataValues(IEDBiogasCHP/MMXU1.Hz.units)
14:23:47.064 [openiec61850-osi-server-7-thread-1] DEBUG com.beanit.openiec61850.ServerAssociation - Got a GetDataValues request for node: IEDBiogasCHP/MMXU1.Hz.units [CF]
IEDBiogasCHP/MMXU1.Hz.units.SIUnit: 0
IEDBiogasCHP/MMXU1.Hz.units.multiplier: 0
14:23:47.064 [openiec61850-osi-server-7-thread-1] DEBUG com.beanit.openiec61850.ServerAssociation - sub BDA is:IEDBiogasCHP/MMXU1.Hz.units.SIUnit: 0
14:23:47.064 [openiec61850-osi-server-7-thread-1] DEBUG com.beanit.openiec61850.ServerAssociation - sub BDA is:IEDBiogasCHP/MMXU1.Hz.units.multiplier: 0
calling GetDataValues(IEDBiogasCHP/MMXU1.Hz.units.SIUnit)
14:23:47.064 [openiec61850-osi-server-7-thread-1] DEBUG com.beanit.openiec61850.ServerAssociation - Got a GetDataValues request for node: IEDBiogasCHP/MMXU1.Hz.units.SIUnit: 0
calling GetDataValues(IEDBiogasCHP/MMXU1.Hz.units.multiplier)
14:23:47.064 [openiec61850-osi-server-7-thread-1] DEBUG com.beanit.openiec61850.ServerAssociation - Got a GetDataValues request for node: IEDBiogasCHP/MMXU1.Hz.units.multiplier: 0
calling GetDataValues(IEDBiogasCHP/MMXU1.Hz.db)
14:23:47.064 [openiec61850-osi-server-7-thread-1] DEBUG com.beanit.openiec61850.ServerAssociation - Got a GetDataValues request for node: IEDBiogasCHP/MMXU1.Hz.db: 0
calling GetDataValues(IEDBiogasCHP/MMXU1.Hz.zeroDb)
14:23:47.064 [openiec61850-osi-server-7-thread-1] DEBUG com.beanit.openiec61850.ServerAssociation - Got a GetDataValues request for node: IEDBiogasCHP/MMXU1.Hz.zeroDb: 0
calling GetDataValues(IEDBiogasCHP/MMXU1.Hz.sVC)
14:23:47.064 [openiec61850-osi-server-7-thread-1] DEBUG com.beanit.openiec61850.ServerAssociation - Got a GetDataValues request for node: IEDBiogasCHP/MMXU1.Hz.sVC [CF]
IEDBiogasCHP/MMXU1.Hz.sVC.scaleFactor: 0.0
IEDBiogasCHP/MMXU1.Hz.sVC.offset: 0.0
14:23:47.064 [openiec61850-osi-server-7-thread-1] DEBUG com.beanit.openiec61850.ServerAssociation - sub BDA is:IEDBiogasCHP/MMXU1.Hz.sVC.scaleFactor: 0.0
14:23:47.064 [openiec61850-osi-server-7-thread-1] DEBUG com.beanit.openiec61850.ServerAssociation - sub BDA is:IEDBiogasCHP/MMXU1.Hz.sVC.offset: 0.0
calling GetDataValues(IEDBiogasCHP/MMXU1.Hz.sVC.scaleFactor)
14:23:47.064 [openiec61850-osi-server-7-thread-1] DEBUG com.beanit.openiec61850.ServerAssociation - Got a GetDataValues request for node: IEDBiogasCHP/MMXU1.Hz.sVC.scaleFactor: 0.0
calling GetDataValues(IEDBiogasCHP/MMXU1.Hz.sVC.offset)
14:23:47.065 [openiec61850-osi-server-7-thread-1] DEBUG com.beanit.openiec61850.ServerAssociation - Got a GetDataValues request for node: IEDBiogasCHP/MMXU1.Hz.sVC.offset: 0.0
calling GetDataValues(IEDBiogasCHP/MMXU1.Hz.rangeC)
14:23:47.065 [openiec61850-osi-server-7-thread-1] DEBUG com.beanit.openiec61850.ServerAssociation - Got a GetDataValues request for node: IEDBiogasCHP/MMXU1.Hz.rangeC [CF]
IEDBiogasCHP/MMXU1.Hz.rangeC.hhLim [CF]
IEDBiogasCHP/MMXU1.Hz.rangeC.hhLim.i: 0
IEDBiogasCHP/MMXU1.Hz.rangeC.hhLim.f: 0.0
IEDBiogasCHP/MMXU1.Hz.rangeC.hLim [CF]
IEDBiogasCHP/MMXU1.Hz.rangeC.hLim.i: 0
IEDBiogasCHP/MMXU1.Hz.rangeC.hLim.f: 0.0
IEDBiogasCHP/MMXU1.Hz.rangeC.lLim [CF]
IEDBiogasCHP/MMXU1.Hz.rangeC.lLim.i: 0
IEDBiogasCHP/MMXU1.Hz.rangeC.lLim.f: 0.0
IEDBiogasCHP/MMXU1.Hz.rangeC.llLim [CF]
IEDBiogasCHP/MMXU1.Hz.rangeC.llLim.i: 0
IEDBiogasCHP/MMXU1.Hz.rangeC.llLim.f: 0.0
IEDBiogasCHP/MMXU1.Hz.rangeC.min [CF]
IEDBiogasCHP/MMXU1.Hz.rangeC.min.i: 0
IEDBiogasCHP/MMXU1.Hz.rangeC.min.f: 0.0
IEDBiogasCHP/MMXU1.Hz.rangeC.max [CF]
IEDBiogasCHP/MMXU1.Hz.rangeC.max.i: 0
IEDBiogasCHP/MMXU1.Hz.rangeC.max.f: 0.0
14:23:47.065 [openiec61850-osi-server-7-thread-1] DEBUG com.beanit.openiec61850.ServerAssociation - sub BDA is:IEDBiogasCHP/MMXU1.Hz.rangeC.hhLim.i: 0
14:23:47.065 [openiec61850-osi-server-7-thread-1] DEBUG com.beanit.openiec61850.ServerAssociation - sub BDA is:IEDBiogasCHP/MMXU1.Hz.rangeC.hhLim.f: 0.0
14:23:47.065 [openiec61850-osi-server-7-thread-1] DEBUG com.beanit.openiec61850.ServerAssociation - sub BDA is:IEDBiogasCHP/MMXU1.Hz.rangeC.hLim.i: 0
14:23:47.065 [openiec61850-osi-server-7-thread-1] DEBUG com.beanit.openiec61850.ServerAssociation - sub BDA is:IEDBiogasCHP/MMXU1.Hz.rangeC.hLim.f: 0.0
14:23:47.065 [openiec61850-osi-server-7-thread-1] DEBUG com.beanit.openiec61850.ServerAssociation - sub BDA is:IEDBiogasCHP/MMXU1.Hz.rangeC.lLim.i: 0
14:23:47.065 [openiec61850-osi-server-7-thread-1] DEBUG com.beanit.openiec61850.ServerAssociation - sub BDA is:IEDBiogasCHP/MMXU1.Hz.rangeC.lLim.f: 0.0
14:23:47.065 [openiec61850-osi-server-7-thread-1] DEBUG com.beanit.openiec61850.ServerAssociation - sub BDA is:IEDBiogasCHP/MMXU1.Hz.rangeC.llLim.i: 0
14:23:47.065 [openiec61850-osi-server-7-thread-1] DEBUG com.beanit.openiec61850.ServerAssociation - sub BDA is:IEDBiogasCHP/MMXU1.Hz.rangeC.llLim.f: 0.0
14:23:47.065 [openiec61850-osi-server-7-thread-1] DEBUG com.beanit.openiec61850.ServerAssociation - sub BDA is:IEDBiogasCHP/MMXU1.Hz.rangeC.min.i: 0
14:23:47.065 [openiec61850-osi-server-7-thread-1] DEBUG com.beanit.openiec61850.ServerAssociation - sub BDA is:IEDBiogasCHP/MMXU1.Hz.rangeC.min.f: 0.0
14:23:47.065 [openiec61850-osi-server-7-thread-1] DEBUG com.beanit.openiec61850.ServerAssociation - sub BDA is:IEDBiogasCHP/MMXU1.Hz.rangeC.max.i: 0
14:23:47.065 [openiec61850-osi-server-7-thread-1] DEBUG com.beanit.openiec61850.ServerAssociation - sub BDA is:IEDBiogasCHP/MMXU1.Hz.rangeC.max.f: 0.0
calling GetDataValues(IEDBiogasCHP/MMXU1.Hz.rangeC.hhLim)
14:23:47.065 [openiec61850-osi-server-7-thread-1] DEBUG com.beanit.openiec61850.ServerAssociation - Got a GetDataValues request for node: IEDBiogasCHP/MMXU1.Hz.rangeC.hhLim [CF]
IEDBiogasCHP/MMXU1.Hz.rangeC.hhLim.i: 0
IEDBiogasCHP/MMXU1.Hz.rangeC.hhLim.f: 0.0
14:23:47.065 [openiec61850-osi-server-7-thread-1] DEBUG com.beanit.openiec61850.ServerAssociation - sub BDA is:IEDBiogasCHP/MMXU1.Hz.rangeC.hhLim.i: 0
14:23:47.065 [openiec61850-osi-server-7-thread-1] DEBUG com.beanit.openiec61850.ServerAssociation - sub BDA is:IEDBiogasCHP/MMXU1.Hz.rangeC.hhLim.f: 0.0
calling GetDataValues(IEDBiogasCHP/MMXU1.Hz.rangeC.hhLim.i)
14:23:47.065 [openiec61850-osi-server-7-thread-1] DEBUG com.beanit.openiec61850.ServerAssociation - Got a GetDataValues request for node: IEDBiogasCHP/MMXU1.Hz.rangeC.hhLim.i: 0
calling GetDataValues(IEDBiogasCHP/MMXU1.Hz.rangeC.hhLim.f)
14:23:47.065 [openiec61850-osi-server-7-thread-1] DEBUG com.beanit.openiec61850.ServerAssociation - Got a GetDataValues request for node: IEDBiogasCHP/MMXU1.Hz.rangeC.hhLim.f: 0.0
calling GetDataValues(IEDBiogasCHP/MMXU1.Hz.rangeC.hLim)
14:23:47.065 [openiec61850-osi-server-7-thread-1] DEBUG com.beanit.openiec61850.ServerAssociation - Got a GetDataValues request for node: IEDBiogasCHP/MMXU1.Hz.rangeC.hLim [CF]
IEDBiogasCHP/MMXU1.Hz.rangeC.hLim.i: 0
IEDBiogasCHP/MMXU1.Hz.rangeC.hLim.f: 0.0
14:23:47.065 [openiec61850-osi-server-7-thread-1] DEBUG com.beanit.openiec61850.ServerAssociation - sub BDA is:IEDBiogasCHP/MMXU1.Hz.rangeC.hLim.i: 0
14:23:47.065 [openiec61850-osi-server-7-thread-1] DEBUG com.beanit.openiec61850.ServerAssociation - sub BDA is:IEDBiogasCHP/MMXU1.Hz.rangeC.hLim.f: 0.0
calling GetDataValues(IEDBiogasCHP/MMXU1.Hz.rangeC.hLim.i)
14:23:47.066 [openiec61850-osi-server-7-thread-1] DEBUG com.beanit.openiec61850.ServerAssociation - Got a GetDataValues request for node: IEDBiogasCHP/MMXU1.Hz.rangeC.hLim.i: 0
calling GetDataValues(IEDBiogasCHP/MMXU1.Hz.rangeC.hLim.f)
14:23:47.066 [openiec61850-osi-server-7-thread-1] DEBUG com.beanit.openiec61850.ServerAssociation - Got a GetDataValues request for node: IEDBiogasCHP/MMXU1.Hz.rangeC.hLim.f: 0.0
calling GetDataValues(IEDBiogasCHP/MMXU1.Hz.rangeC.lLim)
14:23:47.066 [openiec61850-osi-server-7-thread-1] DEBUG com.beanit.openiec61850.ServerAssociation - Got a GetDataValues request for node: IEDBiogasCHP/MMXU1.Hz.rangeC.lLim [CF]
IEDBiogasCHP/MMXU1.Hz.rangeC.lLim.i: 0
IEDBiogasCHP/MMXU1.Hz.rangeC.lLim.f: 0.0
14:23:47.066 [openiec61850-osi-server-7-thread-1] DEBUG com.beanit.openiec61850.ServerAssociation - sub BDA is:IEDBiogasCHP/MMXU1.Hz.rangeC.lLim.i: 0
14:23:47.066 [openiec61850-osi-server-7-thread-1] DEBUG com.beanit.openiec61850.ServerAssociation - sub BDA is:IEDBiogasCHP/MMXU1.Hz.rangeC.lLim.f: 0.0
calling GetDataValues(IEDBiogasCHP/MMXU1.Hz.rangeC.lLim.i)
14:23:47.066 [openiec61850-osi-server-7-thread-1] DEBUG com.beanit.openiec61850.ServerAssociation - Got a GetDataValues request for node: IEDBiogasCHP/MMXU1.Hz.rangeC.lLim.i: 0
calling GetDataValues(IEDBiogasCHP/MMXU1.Hz.rangeC.lLim.f)
14:23:47.066 [openiec61850-osi-server-7-thread-1] DEBUG com.beanit.openiec61850.ServerAssociation - Got a GetDataValues request for node: IEDBiogasCHP/MMXU1.Hz.rangeC.lLim.f: 0.0
calling GetDataValues(IEDBiogasCHP/MMXU1.Hz.rangeC.llLim)
14:23:47.066 [openiec61850-osi-server-7-thread-1] DEBUG com.beanit.openiec61850.ServerAssociation - Got a GetDataValues request for node: IEDBiogasCHP/MMXU1.Hz.rangeC.llLim [CF]
IEDBiogasCHP/MMXU1.Hz.rangeC.llLim.i: 0
IEDBiogasCHP/MMXU1.Hz.rangeC.llLim.f: 0.0
14:23:47.066 [openiec61850-osi-server-7-thread-1] DEBUG com.beanit.openiec61850.ServerAssociation - sub BDA is:IEDBiogasCHP/MMXU1.Hz.rangeC.llLim.i: 0
14:23:47.066 [openiec61850-osi-server-7-thread-1] DEBUG com.beanit.openiec61850.ServerAssociation - sub BDA is:IEDBiogasCHP/MMXU1.Hz.rangeC.llLim.f: 0.0
calling GetDataValues(IEDBiogasCHP/MMXU1.Hz.rangeC.llLim.i)
14:23:47.066 [openiec61850-osi-server-7-thread-1] DEBUG com.beanit.openiec61850.ServerAssociation - Got a GetDataValues request for node: IEDBiogasCHP/MMXU1.Hz.rangeC.llLim.i: 0
calling GetDataValues(IEDBiogasCHP/MMXU1.Hz.rangeC.llLim.f)
14:23:47.067 [openiec61850-osi-server-7-thread-1] DEBUG com.beanit.openiec61850.ServerAssociation - Got a GetDataValues request for node: IEDBiogasCHP/MMXU1.Hz.rangeC.llLim.f: 0.0
calling GetDataValues(IEDBiogasCHP/MMXU1.Hz.rangeC.min)
14:23:47.067 [openiec61850-osi-server-7-thread-1] DEBUG com.beanit.openiec61850.ServerAssociation - Got a GetDataValues request for node: IEDBiogasCHP/MMXU1.Hz.rangeC.min [CF]
IEDBiogasCHP/MMXU1.Hz.rangeC.min.i: 0
IEDBiogasCHP/MMXU1.Hz.rangeC.min.f: 0.0
14:23:47.067 [openiec61850-osi-server-7-thread-1] DEBUG com.beanit.openiec61850.ServerAssociation - sub BDA is:IEDBiogasCHP/MMXU1.Hz.rangeC.min.i: 0
14:23:47.067 [openiec61850-osi-server-7-thread-1] DEBUG com.beanit.openiec61850.ServerAssociation - sub BDA is:IEDBiogasCHP/MMXU1.Hz.rangeC.min.f: 0.0
calling GetDataValues(IEDBiogasCHP/MMXU1.Hz.rangeC.min.i)
14:23:47.067 [openiec61850-osi-server-7-thread-1] DEBUG com.beanit.openiec61850.ServerAssociation - Got a GetDataValues request for node: IEDBiogasCHP/MMXU1.Hz.rangeC.min.i: 0
calling GetDataValues(IEDBiogasCHP/MMXU1.Hz.rangeC.min.f)
14:23:47.067 [openiec61850-osi-server-7-thread-1] DEBUG com.beanit.openiec61850.ServerAssociation - Got a GetDataValues request for node: IEDBiogasCHP/MMXU1.Hz.rangeC.min.f: 0.0
calling GetDataValues(IEDBiogasCHP/MMXU1.Hz.rangeC.max)
14:23:47.067 [openiec61850-osi-server-7-thread-1] DEBUG com.beanit.openiec61850.ServerAssociation - Got a GetDataValues request for node: IEDBiogasCHP/MMXU1.Hz.rangeC.max [CF]
IEDBiogasCHP/MMXU1.Hz.rangeC.max.i: 0
IEDBiogasCHP/MMXU1.Hz.rangeC.max.f: 0.0
14:23:47.067 [openiec61850-osi-server-7-thread-1] DEBUG com.beanit.openiec61850.ServerAssociation - sub BDA is:IEDBiogasCHP/MMXU1.Hz.rangeC.max.i: 0
14:23:47.067 [openiec61850-osi-server-7-thread-1] DEBUG com.beanit.openiec61850.ServerAssociation - sub BDA is:IEDBiogasCHP/MMXU1.Hz.rangeC.max.f: 0.0
calling GetDataValues(IEDBiogasCHP/MMXU1.Hz.rangeC.max.i)
14:23:47.067 [openiec61850-osi-server-7-thread-1] DEBUG com.beanit.openiec61850.ServerAssociation - Got a GetDataValues request for node: IEDBiogasCHP/MMXU1.Hz.rangeC.max.i: 0
calling GetDataValues(IEDBiogasCHP/MMXU1.Hz.rangeC.max.f)
14:23:47.067 [openiec61850-osi-server-7-thread-1] DEBUG com.beanit.openiec61850.ServerAssociation - Got a GetDataValues request for node: IEDBiogasCHP/MMXU1.Hz.rangeC.max.f: 0.0
calling GetDataValues(IEDBiogasCHP/MMXU1.Hz.smpRate)
14:23:47.067 [openiec61850-osi-server-7-thread-1] DEBUG com.beanit.openiec61850.ServerAssociation - Got a GetDataValues request for node: IEDBiogasCHP/MMXU1.Hz.smpRate: 0
calling GetDataValues(IEDBiogasCHP/MMXU1.Hz)
14:23:47.068 [openiec61850-osi-server-7-thread-1] DEBUG com.beanit.openiec61850.ServerAssociation - Got a GetDataValues request for node: IEDBiogasCHP/MMXU1.Hz [DC]
IEDBiogasCHP/MMXU1.Hz.d: ''
IEDBiogasCHP/MMXU1.Hz.dU: 
14:23:47.068 [openiec61850-osi-server-7-thread-1] DEBUG com.beanit.openiec61850.ServerAssociation - sub BDA is:IEDBiogasCHP/MMXU1.Hz.d: ''
14:23:47.068 [openiec61850-osi-server-7-thread-1] DEBUG com.beanit.openiec61850.ServerAssociation - sub BDA is:IEDBiogasCHP/MMXU1.Hz.dU: 
calling GetDataValues(IEDBiogasCHP/MMXU1.Hz.d)
14:23:47.068 [openiec61850-osi-server-7-thread-1] DEBUG com.beanit.openiec61850.ServerAssociation - Got a GetDataValues request for node: IEDBiogasCHP/MMXU1.Hz.d: ''
calling GetDataValues(IEDBiogasCHP/MMXU1.Hz.dU)
14:23:47.068 [openiec61850-osi-server-7-thread-1] DEBUG com.beanit.openiec61850.ServerAssociation - Got a GetDataValues request for node: IEDBiogasCHP/MMXU1.Hz.dU: 
calling GetDataValues(IEDBiogasCHP/MMXU1.Hz)
14:23:47.068 [openiec61850-osi-server-7-thread-1] DEBUG com.beanit.openiec61850.ServerAssociation - Got a GetDataValues request for node: IEDBiogasCHP/MMXU1.Hz [EX]
IEDBiogasCHP/MMXU1.Hz.cdcNs: ''
IEDBiogasCHP/MMXU1.Hz.cdcName: ''
IEDBiogasCHP/MMXU1.Hz.dataNs: ''
14:23:47.068 [openiec61850-osi-server-7-thread-1] DEBUG com.beanit.openiec61850.ServerAssociation - sub BDA is:IEDBiogasCHP/MMXU1.Hz.cdcNs: ''
14:23:47.068 [openiec61850-osi-server-7-thread-1] DEBUG com.beanit.openiec61850.ServerAssociation - sub BDA is:IEDBiogasCHP/MMXU1.Hz.cdcName: ''
14:23:47.068 [openiec61850-osi-server-7-thread-1] DEBUG com.beanit.openiec61850.ServerAssociation - sub BDA is:IEDBiogasCHP/MMXU1.Hz.dataNs: ''
calling GetDataValues(IEDBiogasCHP/MMXU1.Hz.cdcNs)
14:23:47.068 [openiec61850-osi-server-7-thread-1] DEBUG com.beanit.openiec61850.ServerAssociation - Got a GetDataValues request for node: IEDBiogasCHP/MMXU1.Hz.cdcNs: ''
calling GetDataValues(IEDBiogasCHP/MMXU1.Hz.cdcName)
14:23:47.068 [openiec61850-osi-server-7-thread-1] DEBUG com.beanit.openiec61850.ServerAssociation - Got a GetDataValues request for node: IEDBiogasCHP/MMXU1.Hz.cdcName: ''
calling GetDataValues(IEDBiogasCHP/MMXU1.Hz.dataNs)
14:23:47.068 [openiec61850-osi-server-7-thread-1] DEBUG com.beanit.openiec61850.ServerAssociation - Got a GetDataValues request for node: IEDBiogasCHP/MMXU1.Hz.dataNs: ''
calling GetDataValues(IEDBiogasCHP/MMXU1.PPV)
14:23:47.069 [openiec61850-osi-server-7-thread-1] DEBUG com.beanit.openiec61850.ServerAssociation - Got a GetDataValues request for node: IEDBiogasCHP/MMXU1.PPV [MX]
IEDBiogasCHP/MMXU1.PPV.phsAB [MX]
IEDBiogasCHP/MMXU1.PPV.phsAB.instCVal [MX]
IEDBiogasCHP/MMXU1.PPV.phsAB.instCVal.mag [MX]
IEDBiogasCHP/MMXU1.PPV.phsAB.instCVal.mag.i: 0
IEDBiogasCHP/MMXU1.PPV.phsAB.instCVal.mag.f: 0.0
IEDBiogasCHP/MMXU1.PPV.phsAB.instCVal.ang [MX]
IEDBiogasCHP/MMXU1.PPV.phsAB.instCVal.ang.i: 0
IEDBiogasCHP/MMXU1.PPV.phsAB.instCVal.ang.f: 0.0
IEDBiogasCHP/MMXU1.PPV.phsAB.cVal [MX]
IEDBiogasCHP/MMXU1.PPV.phsAB.cVal.mag [MX]
IEDBiogasCHP/MMXU1.PPV.phsAB.cVal.mag.i: 0
IEDBiogasCHP/MMXU1.PPV.phsAB.cVal.mag.f: 0.0
IEDBiogasCHP/MMXU1.PPV.phsAB.cVal.ang [MX]
IEDBiogasCHP/MMXU1.PPV.phsAB.cVal.ang.i: 0
IEDBiogasCHP/MMXU1.PPV.phsAB.cVal.ang.f: 0.0
IEDBiogasCHP/MMXU1.PPV.phsAB.range: 0
IEDBiogasCHP/MMXU1.PPV.phsAB.q: 0x00 0x00
IEDBiogasCHP/MMXU1.PPV.phsAB.t: Thu Jan 01 01:00:00 CET 1970
IEDBiogasCHP/MMXU1.PPV.phsBC [MX]
IEDBiogasCHP/MMXU1.PPV.phsBC.instCVal [MX]
IEDBiogasCHP/MMXU1.PPV.phsBC.instCVal.mag [MX]
IEDBiogasCHP/MMXU1.PPV.phsBC.instCVal.mag.i: 0
IEDBiogasCHP/MMXU1.PPV.phsBC.instCVal.mag.f: 0.0
IEDBiogasCHP/MMXU1.PPV.phsBC.instCVal.ang [MX]
IEDBiogasCHP/MMXU1.PPV.phsBC.instCVal.ang.i: 0
IEDBiogasCHP/MMXU1.PPV.phsBC.instCVal.ang.f: 0.0
IEDBiogasCHP/MMXU1.PPV.phsBC.cVal [MX]
IEDBiogasCHP/MMXU1.PPV.phsBC.cVal.mag [MX]
IEDBiogasCHP/MMXU1.PPV.phsBC.cVal.mag.i: 0
IEDBiogasCHP/MMXU1.PPV.phsBC.cVal.mag.f: 0.0
IEDBiogasCHP/MMXU1.PPV.phsBC.cVal.ang [MX]
IEDBiogasCHP/MMXU1.PPV.phsBC.cVal.ang.i: 0
IEDBiogasCHP/MMXU1.PPV.phsBC.cVal.ang.f: 0.0
IEDBiogasCHP/MMXU1.PPV.phsBC.range: 0
IEDBiogasCHP/MMXU1.PPV.phsBC.q: 0x00 0x00
IEDBiogasCHP/MMXU1.PPV.phsBC.t: Thu Jan 01 01:00:00 CET 1970
IEDBiogasCHP/MMXU1.PPV.phsCA [MX]
IEDBiogasCHP/MMXU1.PPV.phsCA.instCVal [MX]
IEDBiogasCHP/MMXU1.PPV.phsCA.instCVal.mag [MX]
IEDBiogasCHP/MMXU1.PPV.phsCA.instCVal.mag.i: 0
IEDBiogasCHP/MMXU1.PPV.phsCA.instCVal.mag.f: 0.0
IEDBiogasCHP/MMXU1.PPV.phsCA.instCVal.ang [MX]
IEDBiogasCHP/MMXU1.PPV.phsCA.instCVal.ang.i: 0
IEDBiogasCHP/MMXU1.PPV.phsCA.instCVal.ang.f: 0.0
IEDBiogasCHP/MMXU1.PPV.phsCA.cVal [MX]
IEDBiogasCHP/MMXU1.PPV.phsCA.cVal.mag [MX]
IEDBiogasCHP/MMXU1.PPV.phsCA.cVal.mag.i: 0
IEDBiogasCHP/MMXU1.PPV.phsCA.cVal.mag.f: 0.0
IEDBiogasCHP/MMXU1.PPV.phsCA.cVal.ang [MX]
IEDBiogasCHP/MMXU1.PPV.phsCA.cVal.ang.i: 0
IEDBiogasCHP/MMXU1.PPV.phsCA.cVal.ang.f: 0.0
IEDBiogasCHP/MMXU1.PPV.phsCA.range: 0
IEDBiogasCHP/MMXU1.PPV.phsCA.q: 0x00 0x00
IEDBiogasCHP/MMXU1.PPV.phsCA.t: Thu Jan 01 01:00:00 CET 1970
14:23:47.069 [openiec61850-osi-server-7-thread-1] DEBUG com.beanit.openiec61850.ServerAssociation - sub BDA is:IEDBiogasCHP/MMXU1.PPV.phsAB.instCVal.mag.i: 0
14:23:47.069 [openiec61850-osi-server-7-thread-1] DEBUG com.beanit.openiec61850.ServerAssociation - sub BDA is:IEDBiogasCHP/MMXU1.PPV.phsAB.instCVal.mag.f: 0.0
14:23:47.069 [openiec61850-osi-server-7-thread-1] DEBUG com.beanit.openiec61850.ServerAssociation - sub BDA is:IEDBiogasCHP/MMXU1.PPV.phsAB.instCVal.ang.i: 0
14:23:47.069 [openiec61850-osi-server-7-thread-1] DEBUG com.beanit.openiec61850.ServerAssociation - sub BDA is:IEDBiogasCHP/MMXU1.PPV.phsAB.instCVal.ang.f: 0.0
14:23:47.069 [openiec61850-osi-server-7-thread-1] DEBUG com.beanit.openiec61850.ServerAssociation - sub BDA is:IEDBiogasCHP/MMXU1.PPV.phsAB.cVal.mag.i: 0
14:23:47.069 [openiec61850-osi-server-7-thread-1] DEBUG com.beanit.openiec61850.ServerAssociation - sub BDA is:IEDBiogasCHP/MMXU1.PPV.phsAB.cVal.mag.f: 0.0
14:23:47.069 [openiec61850-osi-server-7-thread-1] DEBUG com.beanit.openiec61850.ServerAssociation - sub BDA is:IEDBiogasCHP/MMXU1.PPV.phsAB.cVal.ang.i: 0
14:23:47.069 [openiec61850-osi-server-7-thread-1] DEBUG com.beanit.openiec61850.ServerAssociation - sub BDA is:IEDBiogasCHP/MMXU1.PPV.phsAB.cVal.ang.f: 0.0
14:23:47.069 [openiec61850-osi-server-7-thread-1] DEBUG com.beanit.openiec61850.ServerAssociation - sub BDA is:IEDBiogasCHP/MMXU1.PPV.phsAB.range: 0
14:23:47.069 [openiec61850-osi-server-7-thread-1] DEBUG com.beanit.openiec61850.ServerAssociation - sub BDA is:IEDBiogasCHP/MMXU1.PPV.phsAB.q: 0x00 0x00
14:23:47.069 [openiec61850-osi-server-7-thread-1] DEBUG com.beanit.openiec61850.ServerAssociation - sub BDA is:IEDBiogasCHP/MMXU1.PPV.phsAB.t: Thu Jan 01 01:00:00 CET 1970
14:23:47.069 [openiec61850-osi-server-7-thread-1] DEBUG com.beanit.openiec61850.ServerAssociation - sub BDA is:IEDBiogasCHP/MMXU1.PPV.phsBC.instCVal.mag.i: 0
14:23:47.069 [openiec61850-osi-server-7-thread-1] DEBUG com.beanit.openiec61850.ServerAssociation - sub BDA is:IEDBiogasCHP/MMXU1.PPV.phsBC.instCVal.mag.f: 0.0
14:23:47.069 [openiec61850-osi-server-7-thread-1] DEBUG com.beanit.openiec61850.ServerAssociation - sub BDA is:IEDBiogasCHP/MMXU1.PPV.phsBC.instCVal.ang.i: 0
14:23:47.069 [openiec61850-osi-server-7-thread-1] DEBUG com.beanit.openiec61850.ServerAssociation - sub BDA is:IEDBiogasCHP/MMXU1.PPV.phsBC.instCVal.ang.f: 0.0
14:23:47.069 [openiec61850-osi-server-7-thread-1] DEBUG com.beanit.openiec61850.ServerAssociation - sub BDA is:IEDBiogasCHP/MMXU1.PPV.phsBC.cVal.mag.i: 0
14:23:47.069 [openiec61850-osi-server-7-thread-1] DEBUG com.beanit.openiec61850.ServerAssociation - sub BDA is:IEDBiogasCHP/MMXU1.PPV.phsBC.cVal.mag.f: 0.0
14:23:47.069 [openiec61850-osi-server-7-thread-1] DEBUG com.beanit.openiec61850.ServerAssociation - sub BDA is:IEDBiogasCHP/MMXU1.PPV.phsBC.cVal.ang.i: 0
14:23:47.069 [openiec61850-osi-server-7-thread-1] DEBUG com.beanit.openiec61850.ServerAssociation - sub BDA is:IEDBiogasCHP/MMXU1.PPV.phsBC.cVal.ang.f: 0.0
14:23:47.069 [openiec61850-osi-server-7-thread-1] DEBUG com.beanit.openiec61850.ServerAssociation - sub BDA is:IEDBiogasCHP/MMXU1.PPV.phsBC.range: 0
14:23:47.069 [openiec61850-osi-server-7-thread-1] DEBUG com.beanit.openiec61850.ServerAssociation - sub BDA is:IEDBiogasCHP/MMXU1.PPV.phsBC.q: 0x00 0x00
14:23:47.069 [openiec61850-osi-server-7-thread-1] DEBUG com.beanit.openiec61850.ServerAssociation - sub BDA is:IEDBiogasCHP/MMXU1.PPV.phsBC.t: Thu Jan 01 01:00:00 CET 1970
14:23:47.069 [openiec61850-osi-server-7-thread-1] DEBUG com.beanit.openiec61850.ServerAssociation - sub BDA is:IEDBiogasCHP/MMXU1.PPV.phsCA.instCVal.mag.i: 0
14:23:47.069 [openiec61850-osi-server-7-thread-1] DEBUG com.beanit.openiec61850.ServerAssociation - sub BDA is:IEDBiogasCHP/MMXU1.PPV.phsCA.instCVal.mag.f: 0.0
14:23:47.069 [openiec61850-osi-server-7-thread-1] DEBUG com.beanit.openiec61850.ServerAssociation - sub BDA is:IEDBiogasCHP/MMXU1.PPV.phsCA.instCVal.ang.i: 0
14:23:47.069 [openiec61850-osi-server-7-thread-1] DEBUG com.beanit.openiec61850.ServerAssociation - sub BDA is:IEDBiogasCHP/MMXU1.PPV.phsCA.instCVal.ang.f: 0.0
14:23:47.069 [openiec61850-osi-server-7-thread-1] DEBUG com.beanit.openiec61850.ServerAssociation - sub BDA is:IEDBiogasCHP/MMXU1.PPV.phsCA.cVal.mag.i: 0
14:23:47.069 [openiec61850-osi-server-7-thread-1] DEBUG com.beanit.openiec61850.ServerAssociation - sub BDA is:IEDBiogasCHP/MMXU1.PPV.phsCA.cVal.mag.f: 0.0
14:23:47.069 [openiec61850-osi-server-7-thread-1] DEBUG com.beanit.openiec61850.ServerAssociation - sub BDA is:IEDBiogasCHP/MMXU1.PPV.phsCA.cVal.ang.i: 0
14:23:47.069 [openiec61850-osi-server-7-thread-1] DEBUG com.beanit.openiec61850.ServerAssociation - sub BDA is:IEDBiogasCHP/MMXU1.PPV.phsCA.cVal.ang.f: 0.0
14:23:47.069 [openiec61850-osi-server-7-thread-1] DEBUG com.beanit.openiec61850.ServerAssociation - sub BDA is:IEDBiogasCHP/MMXU1.PPV.phsCA.range: 0
14:23:47.069 [openiec61850-osi-server-7-thread-1] DEBUG com.beanit.openiec61850.ServerAssociation - sub BDA is:IEDBiogasCHP/MMXU1.PPV.phsCA.q: 0x00 0x00
14:23:47.069 [openiec61850-osi-server-7-thread-1] DEBUG com.beanit.openiec61850.ServerAssociation - sub BDA is:IEDBiogasCHP/MMXU1.PPV.phsCA.t: Thu Jan 01 01:00:00 CET 1970
calling GetDataValues(IEDBiogasCHP/MMXU1.PPV.phsAB)
14:23:47.069 [openiec61850-osi-server-7-thread-1] DEBUG com.beanit.openiec61850.ServerAssociation - Got a GetDataValues request for node: IEDBiogasCHP/MMXU1.PPV.phsAB [MX]
IEDBiogasCHP/MMXU1.PPV.phsAB.instCVal [MX]
IEDBiogasCHP/MMXU1.PPV.phsAB.instCVal.mag [MX]
IEDBiogasCHP/MMXU1.PPV.phsAB.instCVal.mag.i: 0
IEDBiogasCHP/MMXU1.PPV.phsAB.instCVal.mag.f: 0.0
IEDBiogasCHP/MMXU1.PPV.phsAB.instCVal.ang [MX]
IEDBiogasCHP/MMXU1.PPV.phsAB.instCVal.ang.i: 0
IEDBiogasCHP/MMXU1.PPV.phsAB.instCVal.ang.f: 0.0
IEDBiogasCHP/MMXU1.PPV.phsAB.cVal [MX]
IEDBiogasCHP/MMXU1.PPV.phsAB.cVal.mag [MX]
IEDBiogasCHP/MMXU1.PPV.phsAB.cVal.mag.i: 0
IEDBiogasCHP/MMXU1.PPV.phsAB.cVal.mag.f: 0.0
IEDBiogasCHP/MMXU1.PPV.phsAB.cVal.ang [MX]
IEDBiogasCHP/MMXU1.PPV.phsAB.cVal.ang.i: 0
IEDBiogasCHP/MMXU1.PPV.phsAB.cVal.ang.f: 0.0
IEDBiogasCHP/MMXU1.PPV.phsAB.range: 0
IEDBiogasCHP/MMXU1.PPV.phsAB.q: 0x00 0x00
IEDBiogasCHP/MMXU1.PPV.phsAB.t: Thu Jan 01 01:00:00 CET 1970
14:23:47.069 [openiec61850-osi-server-7-thread-1] DEBUG com.beanit.openiec61850.ServerAssociation - sub BDA is:IEDBiogasCHP/MMXU1.PPV.phsAB.instCVal.mag.i: 0
14:23:47.069 [openiec61850-osi-server-7-thread-1] DEBUG com.beanit.openiec61850.ServerAssociation - sub BDA is:IEDBiogasCHP/MMXU1.PPV.phsAB.instCVal.mag.f: 0.0
14:23:47.069 [openiec61850-osi-server-7-thread-1] DEBUG com.beanit.openiec61850.ServerAssociation - sub BDA is:IEDBiogasCHP/MMXU1.PPV.phsAB.instCVal.ang.i: 0
14:23:47.069 [openiec61850-osi-server-7-thread-1] DEBUG com.beanit.openiec61850.ServerAssociation - sub BDA is:IEDBiogasCHP/MMXU1.PPV.phsAB.instCVal.ang.f: 0.0
14:23:47.069 [openiec61850-osi-server-7-thread-1] DEBUG com.beanit.openiec61850.ServerAssociation - sub BDA is:IEDBiogasCHP/MMXU1.PPV.phsAB.cVal.mag.i: 0
14:23:47.069 [openiec61850-osi-server-7-thread-1] DEBUG com.beanit.openiec61850.ServerAssociation - sub BDA is:IEDBiogasCHP/MMXU1.PPV.phsAB.cVal.mag.f: 0.0
14:23:47.069 [openiec61850-osi-server-7-thread-1] DEBUG com.beanit.openiec61850.ServerAssociation - sub BDA is:IEDBiogasCHP/MMXU1.PPV.phsAB.cVal.ang.i: 0
14:23:47.069 [openiec61850-osi-server-7-thread-1] DEBUG com.beanit.openiec61850.ServerAssociation - sub BDA is:IEDBiogasCHP/MMXU1.PPV.phsAB.cVal.ang.f: 0.0
14:23:47.069 [openiec61850-osi-server-7-thread-1] DEBUG com.beanit.openiec61850.ServerAssociation - sub BDA is:IEDBiogasCHP/MMXU1.PPV.phsAB.range: 0
14:23:47.069 [openiec61850-osi-server-7-thread-1] DEBUG com.beanit.openiec61850.ServerAssociation - sub BDA is:IEDBiogasCHP/MMXU1.PPV.phsAB.q: 0x00 0x00
14:23:47.069 [openiec61850-osi-server-7-thread-1] DEBUG com.beanit.openiec61850.ServerAssociation - sub BDA is:IEDBiogasCHP/MMXU1.PPV.phsAB.t: Thu Jan 01 01:00:00 CET 1970
calling GetDataValues(IEDBiogasCHP/MMXU1.PPV.phsAB.instCVal)
14:23:47.070 [openiec61850-osi-server-7-thread-1] DEBUG com.beanit.openiec61850.ServerAssociation - Got a GetDataValues request for node: IEDBiogasCHP/MMXU1.PPV.phsAB.instCVal [MX]
IEDBiogasCHP/MMXU1.PPV.phsAB.instCVal.mag [MX]
IEDBiogasCHP/MMXU1.PPV.phsAB.instCVal.mag.i: 0
IEDBiogasCHP/MMXU1.PPV.phsAB.instCVal.mag.f: 0.0
IEDBiogasCHP/MMXU1.PPV.phsAB.instCVal.ang [MX]
IEDBiogasCHP/MMXU1.PPV.phsAB.instCVal.ang.i: 0
IEDBiogasCHP/MMXU1.PPV.phsAB.instCVal.ang.f: 0.0
14:23:47.070 [openiec61850-osi-server-7-thread-1] DEBUG com.beanit.openiec61850.ServerAssociation - sub BDA is:IEDBiogasCHP/MMXU1.PPV.phsAB.instCVal.mag.i: 0
14:23:47.070 [openiec61850-osi-server-7-thread-1] DEBUG com.beanit.openiec61850.ServerAssociation - sub BDA is:IEDBiogasCHP/MMXU1.PPV.phsAB.instCVal.mag.f: 0.0
14:23:47.070 [openiec61850-osi-server-7-thread-1] DEBUG com.beanit.openiec61850.ServerAssociation - sub BDA is:IEDBiogasCHP/MMXU1.PPV.phsAB.instCVal.ang.i: 0
14:23:47.070 [openiec61850-osi-server-7-thread-1] DEBUG com.beanit.openiec61850.ServerAssociation - sub BDA is:IEDBiogasCHP/MMXU1.PPV.phsAB.instCVal.ang.f: 0.0
calling GetDataValues(IEDBiogasCHP/MMXU1.PPV.phsAB.instCVal.mag)
14:23:47.070 [openiec61850-osi-server-7-thread-1] DEBUG com.beanit.openiec61850.ServerAssociation - Got a GetDataValues request for node: IEDBiogasCHP/MMXU1.PPV.phsAB.instCVal.mag [MX]
IEDBiogasCHP/MMXU1.PPV.phsAB.instCVal.mag.i: 0
IEDBiogasCHP/MMXU1.PPV.phsAB.instCVal.mag.f: 0.0
14:23:47.070 [openiec61850-osi-server-7-thread-1] DEBUG com.beanit.openiec61850.ServerAssociation - sub BDA is:IEDBiogasCHP/MMXU1.PPV.phsAB.instCVal.mag.i: 0
14:23:47.070 [openiec61850-osi-server-7-thread-1] DEBUG com.beanit.openiec61850.ServerAssociation - sub BDA is:IEDBiogasCHP/MMXU1.PPV.phsAB.instCVal.mag.f: 0.0
calling GetDataValues(IEDBiogasCHP/MMXU1.PPV.phsAB.instCVal.mag.i)
14:23:47.070 [openiec61850-osi-server-7-thread-1] DEBUG com.beanit.openiec61850.ServerAssociation - Got a GetDataValues request for node: IEDBiogasCHP/MMXU1.PPV.phsAB.instCVal.mag.i: 0
calling GetDataValues(IEDBiogasCHP/MMXU1.PPV.phsAB.instCVal.mag.f)
14:23:47.070 [openiec61850-osi-server-7-thread-1] DEBUG com.beanit.openiec61850.ServerAssociation - Got a GetDataValues request for node: IEDBiogasCHP/MMXU1.PPV.phsAB.instCVal.mag.f: 0.0
calling GetDataValues(IEDBiogasCHP/MMXU1.PPV.phsAB.instCVal.ang)
14:23:47.070 [openiec61850-osi-server-7-thread-1] DEBUG com.beanit.openiec61850.ServerAssociation - Got a GetDataValues request for node: IEDBiogasCHP/MMXU1.PPV.phsAB.instCVal.ang [MX]
IEDBiogasCHP/MMXU1.PPV.phsAB.instCVal.ang.i: 0
IEDBiogasCHP/MMXU1.PPV.phsAB.instCVal.ang.f: 0.0
14:23:47.070 [openiec61850-osi-server-7-thread-1] DEBUG com.beanit.openiec61850.ServerAssociation - sub BDA is:IEDBiogasCHP/MMXU1.PPV.phsAB.instCVal.ang.i: 0
14:23:47.070 [openiec61850-osi-server-7-thread-1] DEBUG com.beanit.openiec61850.ServerAssociation - sub BDA is:IEDBiogasCHP/MMXU1.PPV.phsAB.instCVal.ang.f: 0.0
calling GetDataValues(IEDBiogasCHP/MMXU1.PPV.phsAB.instCVal.ang.i)
14:23:47.070 [openiec61850-osi-server-7-thread-1] DEBUG com.beanit.openiec61850.ServerAssociation - Got a GetDataValues request for node: IEDBiogasCHP/MMXU1.PPV.phsAB.instCVal.ang.i: 0
calling GetDataValues(IEDBiogasCHP/MMXU1.PPV.phsAB.instCVal.ang.f)
14:23:47.070 [openiec61850-osi-server-7-thread-1] DEBUG com.beanit.openiec61850.ServerAssociation - Got a GetDataValues request for node: IEDBiogasCHP/MMXU1.PPV.phsAB.instCVal.ang.f: 0.0
calling GetDataValues(IEDBiogasCHP/MMXU1.PPV.phsAB.cVal)
14:23:47.071 [openiec61850-osi-server-7-thread-1] DEBUG com.beanit.openiec61850.ServerAssociation - Got a GetDataValues request for node: IEDBiogasCHP/MMXU1.PPV.phsAB.cVal [MX]
IEDBiogasCHP/MMXU1.PPV.phsAB.cVal.mag [MX]
IEDBiogasCHP/MMXU1.PPV.phsAB.cVal.mag.i: 0
IEDBiogasCHP/MMXU1.PPV.phsAB.cVal.mag.f: 0.0
IEDBiogasCHP/MMXU1.PPV.phsAB.cVal.ang [MX]
IEDBiogasCHP/MMXU1.PPV.phsAB.cVal.ang.i: 0
IEDBiogasCHP/MMXU1.PPV.phsAB.cVal.ang.f: 0.0
14:23:47.071 [openiec61850-osi-server-7-thread-1] DEBUG com.beanit.openiec61850.ServerAssociation - sub BDA is:IEDBiogasCHP/MMXU1.PPV.phsAB.cVal.mag.i: 0
14:23:47.071 [openiec61850-osi-server-7-thread-1] DEBUG com.beanit.openiec61850.ServerAssociation - sub BDA is:IEDBiogasCHP/MMXU1.PPV.phsAB.cVal.mag.f: 0.0
14:23:47.071 [openiec61850-osi-server-7-thread-1] DEBUG com.beanit.openiec61850.ServerAssociation - sub BDA is:IEDBiogasCHP/MMXU1.PPV.phsAB.cVal.ang.i: 0
14:23:47.071 [openiec61850-osi-server-7-thread-1] DEBUG com.beanit.openiec61850.ServerAssociation - sub BDA is:IEDBiogasCHP/MMXU1.PPV.phsAB.cVal.ang.f: 0.0
calling GetDataValues(IEDBiogasCHP/MMXU1.PPV.phsAB.cVal.mag)
14:23:47.071 [openiec61850-osi-server-7-thread-1] DEBUG com.beanit.openiec61850.ServerAssociation - Got a GetDataValues request for node: IEDBiogasCHP/MMXU1.PPV.phsAB.cVal.mag [MX]
IEDBiogasCHP/MMXU1.PPV.phsAB.cVal.mag.i: 0
IEDBiogasCHP/MMXU1.PPV.phsAB.cVal.mag.f: 0.0
14:23:47.071 [openiec61850-osi-server-7-thread-1] DEBUG com.beanit.openiec61850.ServerAssociation - sub BDA is:IEDBiogasCHP/MMXU1.PPV.phsAB.cVal.mag.i: 0
14:23:47.071 [openiec61850-osi-server-7-thread-1] DEBUG com.beanit.openiec61850.ServerAssociation - sub BDA is:IEDBiogasCHP/MMXU1.PPV.phsAB.cVal.mag.f: 0.0
calling GetDataValues(IEDBiogasCHP/MMXU1.PPV.phsAB.cVal.mag.i)
14:23:47.071 [openiec61850-osi-server-7-thread-1] DEBUG com.beanit.openiec61850.ServerAssociation - Got a GetDataValues request for node: IEDBiogasCHP/MMXU1.PPV.phsAB.cVal.mag.i: 0
calling GetDataValues(IEDBiogasCHP/MMXU1.PPV.phsAB.cVal.mag.f)
14:23:47.071 [openiec61850-osi-server-7-thread-1] DEBUG com.beanit.openiec61850.ServerAssociation - Got a GetDataValues request for node: IEDBiogasCHP/MMXU1.PPV.phsAB.cVal.mag.f: 0.0
calling GetDataValues(IEDBiogasCHP/MMXU1.PPV.phsAB.cVal.ang)
14:23:47.071 [openiec61850-osi-server-7-thread-1] DEBUG com.beanit.openiec61850.ServerAssociation - Got a GetDataValues request for node: IEDBiogasCHP/MMXU1.PPV.phsAB.cVal.ang [MX]
IEDBiogasCHP/MMXU1.PPV.phsAB.cVal.ang.i: 0
IEDBiogasCHP/MMXU1.PPV.phsAB.cVal.ang.f: 0.0
14:23:47.071 [openiec61850-osi-server-7-thread-1] DEBUG com.beanit.openiec61850.ServerAssociation - sub BDA is:IEDBiogasCHP/MMXU1.PPV.phsAB.cVal.ang.i: 0
14:23:47.071 [openiec61850-osi-server-7-thread-1] DEBUG com.beanit.openiec61850.ServerAssociation - sub BDA is:IEDBiogasCHP/MMXU1.PPV.phsAB.cVal.ang.f: 0.0
calling GetDataValues(IEDBiogasCHP/MMXU1.PPV.phsAB.cVal.ang.i)
14:23:47.071 [openiec61850-osi-server-7-thread-1] DEBUG com.beanit.openiec61850.ServerAssociation - Got a GetDataValues request for node: IEDBiogasCHP/MMXU1.PPV.phsAB.cVal.ang.i: 0
calling GetDataValues(IEDBiogasCHP/MMXU1.PPV.phsAB.cVal.ang.f)
14:23:47.072 [openiec61850-osi-server-7-thread-1] DEBUG com.beanit.openiec61850.ServerAssociation - Got a GetDataValues request for node: IEDBiogasCHP/MMXU1.PPV.phsAB.cVal.ang.f: 0.0
calling GetDataValues(IEDBiogasCHP/MMXU1.PPV.phsAB.range)
14:23:47.072 [openiec61850-osi-server-7-thread-1] DEBUG com.beanit.openiec61850.ServerAssociation - Got a GetDataValues request for node: IEDBiogasCHP/MMXU1.PPV.phsAB.range: 0
calling GetDataValues(IEDBiogasCHP/MMXU1.PPV.phsAB.q)
14:23:47.072 [openiec61850-osi-server-7-thread-1] DEBUG com.beanit.openiec61850.ServerAssociation - Got a GetDataValues request for node: IEDBiogasCHP/MMXU1.PPV.phsAB.q: 0x00 0x00
calling GetDataValues(IEDBiogasCHP/MMXU1.PPV.phsAB.t)
14:23:47.072 [openiec61850-osi-server-7-thread-1] DEBUG com.beanit.openiec61850.ServerAssociation - Got a GetDataValues request for node: IEDBiogasCHP/MMXU1.PPV.phsAB.t: Thu Jan 01 01:00:00 CET 1970
calling GetDataValues(IEDBiogasCHP/MMXU1.PPV.phsBC)
14:23:47.072 [openiec61850-osi-server-7-thread-1] DEBUG com.beanit.openiec61850.ServerAssociation - Got a GetDataValues request for node: IEDBiogasCHP/MMXU1.PPV.phsBC [MX]
IEDBiogasCHP/MMXU1.PPV.phsBC.instCVal [MX]
IEDBiogasCHP/MMXU1.PPV.phsBC.instCVal.mag [MX]
IEDBiogasCHP/MMXU1.PPV.phsBC.instCVal.mag.i: 0
IEDBiogasCHP/MMXU1.PPV.phsBC.instCVal.mag.f: 0.0
IEDBiogasCHP/MMXU1.PPV.phsBC.instCVal.ang [MX]
IEDBiogasCHP/MMXU1.PPV.phsBC.instCVal.ang.i: 0
IEDBiogasCHP/MMXU1.PPV.phsBC.instCVal.ang.f: 0.0
IEDBiogasCHP/MMXU1.PPV.phsBC.cVal [MX]
IEDBiogasCHP/MMXU1.PPV.phsBC.cVal.mag [MX]
IEDBiogasCHP/MMXU1.PPV.phsBC.cVal.mag.i: 0
IEDBiogasCHP/MMXU1.PPV.phsBC.cVal.mag.f: 0.0
IEDBiogasCHP/MMXU1.PPV.phsBC.cVal.ang [MX]
IEDBiogasCHP/MMXU1.PPV.phsBC.cVal.ang.i: 0
IEDBiogasCHP/MMXU1.PPV.phsBC.cVal.ang.f: 0.0
IEDBiogasCHP/MMXU1.PPV.phsBC.range: 0
IEDBiogasCHP/MMXU1.PPV.phsBC.q: 0x00 0x00
IEDBiogasCHP/MMXU1.PPV.phsBC.t: Thu Jan 01 01:00:00 CET 1970
14:23:47.072 [openiec61850-osi-server-7-thread-1] DEBUG com.beanit.openiec61850.ServerAssociation - sub BDA is:IEDBiogasCHP/MMXU1.PPV.phsBC.instCVal.mag.i: 0
14:23:47.072 [openiec61850-osi-server-7-thread-1] DEBUG com.beanit.openiec61850.ServerAssociation - sub BDA is:IEDBiogasCHP/MMXU1.PPV.phsBC.instCVal.mag.f: 0.0
14:23:47.072 [openiec61850-osi-server-7-thread-1] DEBUG com.beanit.openiec61850.ServerAssociation - sub BDA is:IEDBiogasCHP/MMXU1.PPV.phsBC.instCVal.ang.i: 0
14:23:47.072 [openiec61850-osi-server-7-thread-1] DEBUG com.beanit.openiec61850.ServerAssociation - sub BDA is:IEDBiogasCHP/MMXU1.PPV.phsBC.instCVal.ang.f: 0.0
14:23:47.072 [openiec61850-osi-server-7-thread-1] DEBUG com.beanit.openiec61850.ServerAssociation - sub BDA is:IEDBiogasCHP/MMXU1.PPV.phsBC.cVal.mag.i: 0
14:23:47.072 [openiec61850-osi-server-7-thread-1] DEBUG com.beanit.openiec61850.ServerAssociation - sub BDA is:IEDBiogasCHP/MMXU1.PPV.phsBC.cVal.mag.f: 0.0
14:23:47.072 [openiec61850-osi-server-7-thread-1] DEBUG com.beanit.openiec61850.ServerAssociation - sub BDA is:IEDBiogasCHP/MMXU1.PPV.phsBC.cVal.ang.i: 0
14:23:47.072 [openiec61850-osi-server-7-thread-1] DEBUG com.beanit.openiec61850.ServerAssociation - sub BDA is:IEDBiogasCHP/MMXU1.PPV.phsBC.cVal.ang.f: 0.0
14:23:47.072 [openiec61850-osi-server-7-thread-1] DEBUG com.beanit.openiec61850.ServerAssociation - sub BDA is:IEDBiogasCHP/MMXU1.PPV.phsBC.range: 0
14:23:47.072 [openiec61850-osi-server-7-thread-1] DEBUG com.beanit.openiec61850.ServerAssociation - sub BDA is:IEDBiogasCHP/MMXU1.PPV.phsBC.q: 0x00 0x00
14:23:47.072 [openiec61850-osi-server-7-thread-1] DEBUG com.beanit.openiec61850.ServerAssociation - sub BDA is:IEDBiogasCHP/MMXU1.PPV.phsBC.t: Thu Jan 01 01:00:00 CET 1970
calling GetDataValues(IEDBiogasCHP/MMXU1.PPV.phsBC.instCVal)
14:23:47.072 [openiec61850-osi-server-7-thread-1] DEBUG com.beanit.openiec61850.ServerAssociation - Got a GetDataValues request for node: IEDBiogasCHP/MMXU1.PPV.phsBC.instCVal [MX]
IEDBiogasCHP/MMXU1.PPV.phsBC.instCVal.mag [MX]
IEDBiogasCHP/MMXU1.PPV.phsBC.instCVal.mag.i: 0
IEDBiogasCHP/MMXU1.PPV.phsBC.instCVal.mag.f: 0.0
IEDBiogasCHP/MMXU1.PPV.phsBC.instCVal.ang [MX]
IEDBiogasCHP/MMXU1.PPV.phsBC.instCVal.ang.i: 0
IEDBiogasCHP/MMXU1.PPV.phsBC.instCVal.ang.f: 0.0
14:23:47.072 [openiec61850-osi-server-7-thread-1] DEBUG com.beanit.openiec61850.ServerAssociation - sub BDA is:IEDBiogasCHP/MMXU1.PPV.phsBC.instCVal.mag.i: 0
14:23:47.072 [openiec61850-osi-server-7-thread-1] DEBUG com.beanit.openiec61850.ServerAssociation - sub BDA is:IEDBiogasCHP/MMXU1.PPV.phsBC.instCVal.mag.f: 0.0
14:23:47.072 [openiec61850-osi-server-7-thread-1] DEBUG com.beanit.openiec61850.ServerAssociation - sub BDA is:IEDBiogasCHP/MMXU1.PPV.phsBC.instCVal.ang.i: 0
14:23:47.072 [openiec61850-osi-server-7-thread-1] DEBUG com.beanit.openiec61850.ServerAssociation - sub BDA is:IEDBiogasCHP/MMXU1.PPV.phsBC.instCVal.ang.f: 0.0
calling GetDataValues(IEDBiogasCHP/MMXU1.PPV.phsBC.instCVal.mag)
14:23:47.072 [openiec61850-osi-server-7-thread-1] DEBUG com.beanit.openiec61850.ServerAssociation - Got a GetDataValues request for node: IEDBiogasCHP/MMXU1.PPV.phsBC.instCVal.mag [MX]
IEDBiogasCHP/MMXU1.PPV.phsBC.instCVal.mag.i: 0
IEDBiogasCHP/MMXU1.PPV.phsBC.instCVal.mag.f: 0.0
14:23:47.072 [openiec61850-osi-server-7-thread-1] DEBUG com.beanit.openiec61850.ServerAssociation - sub BDA is:IEDBiogasCHP/MMXU1.PPV.phsBC.instCVal.mag.i: 0
14:23:47.073 [openiec61850-osi-server-7-thread-1] DEBUG com.beanit.openiec61850.ServerAssociation - sub BDA is:IEDBiogasCHP/MMXU1.PPV.phsBC.instCVal.mag.f: 0.0
calling GetDataValues(IEDBiogasCHP/MMXU1.PPV.phsBC.instCVal.mag.i)
14:23:47.073 [openiec61850-osi-server-7-thread-1] DEBUG com.beanit.openiec61850.ServerAssociation - Got a GetDataValues request for node: IEDBiogasCHP/MMXU1.PPV.phsBC.instCVal.mag.i: 0
calling GetDataValues(IEDBiogasCHP/MMXU1.PPV.phsBC.instCVal.mag.f)
14:23:47.073 [openiec61850-osi-server-7-thread-1] DEBUG com.beanit.openiec61850.ServerAssociation - Got a GetDataValues request for node: IEDBiogasCHP/MMXU1.PPV.phsBC.instCVal.mag.f: 0.0
calling GetDataValues(IEDBiogasCHP/MMXU1.PPV.phsBC.instCVal.ang)
14:23:47.073 [openiec61850-osi-server-7-thread-1] DEBUG com.beanit.openiec61850.ServerAssociation - Got a GetDataValues request for node: IEDBiogasCHP/MMXU1.PPV.phsBC.instCVal.ang [MX]
IEDBiogasCHP/MMXU1.PPV.phsBC.instCVal.ang.i: 0
IEDBiogasCHP/MMXU1.PPV.phsBC.instCVal.ang.f: 0.0
14:23:47.073 [openiec61850-osi-server-7-thread-1] DEBUG com.beanit.openiec61850.ServerAssociation - sub BDA is:IEDBiogasCHP/MMXU1.PPV.phsBC.instCVal.ang.i: 0
14:23:47.073 [openiec61850-osi-server-7-thread-1] DEBUG com.beanit.openiec61850.ServerAssociation - sub BDA is:IEDBiogasCHP/MMXU1.PPV.phsBC.instCVal.ang.f: 0.0
calling GetDataValues(IEDBiogasCHP/MMXU1.PPV.phsBC.instCVal.ang.i)
14:23:47.073 [openiec61850-osi-server-7-thread-1] DEBUG com.beanit.openiec61850.ServerAssociation - Got a GetDataValues request for node: IEDBiogasCHP/MMXU1.PPV.phsBC.instCVal.ang.i: 0
calling GetDataValues(IEDBiogasCHP/MMXU1.PPV.phsBC.instCVal.ang.f)
14:23:47.073 [openiec61850-osi-server-7-thread-1] DEBUG com.beanit.openiec61850.ServerAssociation - Got a GetDataValues request for node: IEDBiogasCHP/MMXU1.PPV.phsBC.instCVal.ang.f: 0.0
calling GetDataValues(IEDBiogasCHP/MMXU1.PPV.phsBC.cVal)
14:23:47.074 [openiec61850-osi-server-7-thread-1] DEBUG com.beanit.openiec61850.ServerAssociation - Got a GetDataValues request for node: IEDBiogasCHP/MMXU1.PPV.phsBC.cVal [MX]
IEDBiogasCHP/MMXU1.PPV.phsBC.cVal.mag [MX]
IEDBiogasCHP/MMXU1.PPV.phsBC.cVal.mag.i: 0
IEDBiogasCHP/MMXU1.PPV.phsBC.cVal.mag.f: 0.0
IEDBiogasCHP/MMXU1.PPV.phsBC.cVal.ang [MX]
IEDBiogasCHP/MMXU1.PPV.phsBC.cVal.ang.i: 0
IEDBiogasCHP/MMXU1.PPV.phsBC.cVal.ang.f: 0.0
14:23:47.074 [openiec61850-osi-server-7-thread-1] DEBUG com.beanit.openiec61850.ServerAssociation - sub BDA is:IEDBiogasCHP/MMXU1.PPV.phsBC.cVal.mag.i: 0
14:23:47.074 [openiec61850-osi-server-7-thread-1] DEBUG com.beanit.openiec61850.ServerAssociation - sub BDA is:IEDBiogasCHP/MMXU1.PPV.phsBC.cVal.mag.f: 0.0
14:23:47.074 [openiec61850-osi-server-7-thread-1] DEBUG com.beanit.openiec61850.ServerAssociation - sub BDA is:IEDBiogasCHP/MMXU1.PPV.phsBC.cVal.ang.i: 0
14:23:47.074 [openiec61850-osi-server-7-thread-1] DEBUG com.beanit.openiec61850.ServerAssociation - sub BDA is:IEDBiogasCHP/MMXU1.PPV.phsBC.cVal.ang.f: 0.0
calling GetDataValues(IEDBiogasCHP/MMXU1.PPV.phsBC.cVal.mag)
14:23:47.074 [openiec61850-osi-server-7-thread-1] DEBUG com.beanit.openiec61850.ServerAssociation - Got a GetDataValues request for node: IEDBiogasCHP/MMXU1.PPV.phsBC.cVal.mag [MX]
IEDBiogasCHP/MMXU1.PPV.phsBC.cVal.mag.i: 0
IEDBiogasCHP/MMXU1.PPV.phsBC.cVal.mag.f: 0.0
14:23:47.074 [openiec61850-osi-server-7-thread-1] DEBUG com.beanit.openiec61850.ServerAssociation - sub BDA is:IEDBiogasCHP/MMXU1.PPV.phsBC.cVal.mag.i: 0
14:23:47.074 [openiec61850-osi-server-7-thread-1] DEBUG com.beanit.openiec61850.ServerAssociation - sub BDA is:IEDBiogasCHP/MMXU1.PPV.phsBC.cVal.mag.f: 0.0
calling GetDataValues(IEDBiogasCHP/MMXU1.PPV.phsBC.cVal.mag.i)
14:23:47.074 [openiec61850-osi-server-7-thread-1] DEBUG com.beanit.openiec61850.ServerAssociation - Got a GetDataValues request for node: IEDBiogasCHP/MMXU1.PPV.phsBC.cVal.mag.i: 0
calling GetDataValues(IEDBiogasCHP/MMXU1.PPV.phsBC.cVal.mag.f)
14:23:47.074 [openiec61850-osi-server-7-thread-1] DEBUG com.beanit.openiec61850.ServerAssociation - Got a GetDataValues request for node: IEDBiogasCHP/MMXU1.PPV.phsBC.cVal.mag.f: 0.0
calling GetDataValues(IEDBiogasCHP/MMXU1.PPV.phsBC.cVal.ang)
14:23:47.074 [openiec61850-osi-server-7-thread-1] DEBUG com.beanit.openiec61850.ServerAssociation - Got a GetDataValues request for node: IEDBiogasCHP/MMXU1.PPV.phsBC.cVal.ang [MX]
IEDBiogasCHP/MMXU1.PPV.phsBC.cVal.ang.i: 0
IEDBiogasCHP/MMXU1.PPV.phsBC.cVal.ang.f: 0.0
14:23:47.074 [openiec61850-osi-server-7-thread-1] DEBUG com.beanit.openiec61850.ServerAssociation - sub BDA is:IEDBiogasCHP/MMXU1.PPV.phsBC.cVal.ang.i: 0
14:23:47.074 [openiec61850-osi-server-7-thread-1] DEBUG com.beanit.openiec61850.ServerAssociation - sub BDA is:IEDBiogasCHP/MMXU1.PPV.phsBC.cVal.ang.f: 0.0
calling GetDataValues(IEDBiogasCHP/MMXU1.PPV.phsBC.cVal.ang.i)
14:23:47.074 [openiec61850-osi-server-7-thread-1] DEBUG com.beanit.openiec61850.ServerAssociation - Got a GetDataValues request for node: IEDBiogasCHP/MMXU1.PPV.phsBC.cVal.ang.i: 0
calling GetDataValues(IEDBiogasCHP/MMXU1.PPV.phsBC.cVal.ang.f)
14:23:47.075 [openiec61850-osi-server-7-thread-1] DEBUG com.beanit.openiec61850.ServerAssociation - Got a GetDataValues request for node: IEDBiogasCHP/MMXU1.PPV.phsBC.cVal.ang.f: 0.0
calling GetDataValues(IEDBiogasCHP/MMXU1.PPV.phsBC.range)
14:23:47.075 [openiec61850-osi-server-7-thread-1] DEBUG com.beanit.openiec61850.ServerAssociation - Got a GetDataValues request for node: IEDBiogasCHP/MMXU1.PPV.phsBC.range: 0
calling GetDataValues(IEDBiogasCHP/MMXU1.PPV.phsBC.q)
14:23:47.075 [openiec61850-osi-server-7-thread-1] DEBUG com.beanit.openiec61850.ServerAssociation - Got a GetDataValues request for node: IEDBiogasCHP/MMXU1.PPV.phsBC.q: 0x00 0x00
calling GetDataValues(IEDBiogasCHP/MMXU1.PPV.phsBC.t)
14:23:47.075 [openiec61850-osi-server-7-thread-1] DEBUG com.beanit.openiec61850.ServerAssociation - Got a GetDataValues request for node: IEDBiogasCHP/MMXU1.PPV.phsBC.t: Thu Jan 01 01:00:00 CET 1970
calling GetDataValues(IEDBiogasCHP/MMXU1.PPV.phsCA)
14:23:47.075 [openiec61850-osi-server-7-thread-1] DEBUG com.beanit.openiec61850.ServerAssociation - Got a GetDataValues request for node: IEDBiogasCHP/MMXU1.PPV.phsCA [MX]
IEDBiogasCHP/MMXU1.PPV.phsCA.instCVal [MX]
IEDBiogasCHP/MMXU1.PPV.phsCA.instCVal.mag [MX]
IEDBiogasCHP/MMXU1.PPV.phsCA.instCVal.mag.i: 0
IEDBiogasCHP/MMXU1.PPV.phsCA.instCVal.mag.f: 0.0
IEDBiogasCHP/MMXU1.PPV.phsCA.instCVal.ang [MX]
IEDBiogasCHP/MMXU1.PPV.phsCA.instCVal.ang.i: 0
IEDBiogasCHP/MMXU1.PPV.phsCA.instCVal.ang.f: 0.0
IEDBiogasCHP/MMXU1.PPV.phsCA.cVal [MX]
IEDBiogasCHP/MMXU1.PPV.phsCA.cVal.mag [MX]
IEDBiogasCHP/MMXU1.PPV.phsCA.cVal.mag.i: 0
IEDBiogasCHP/MMXU1.PPV.phsCA.cVal.mag.f: 0.0
IEDBiogasCHP/MMXU1.PPV.phsCA.cVal.ang [MX]
IEDBiogasCHP/MMXU1.PPV.phsCA.cVal.ang.i: 0
IEDBiogasCHP/MMXU1.PPV.phsCA.cVal.ang.f: 0.0
IEDBiogasCHP/MMXU1.PPV.phsCA.range: 0
IEDBiogasCHP/MMXU1.PPV.phsCA.q: 0x00 0x00
IEDBiogasCHP/MMXU1.PPV.phsCA.t: Thu Jan 01 01:00:00 CET 1970
14:23:47.075 [openiec61850-osi-server-7-thread-1] DEBUG com.beanit.openiec61850.ServerAssociation - sub BDA is:IEDBiogasCHP/MMXU1.PPV.phsCA.instCVal.mag.i: 0
14:23:47.075 [openiec61850-osi-server-7-thread-1] DEBUG com.beanit.openiec61850.ServerAssociation - sub BDA is:IEDBiogasCHP/MMXU1.PPV.phsCA.instCVal.mag.f: 0.0
14:23:47.075 [openiec61850-osi-server-7-thread-1] DEBUG com.beanit.openiec61850.ServerAssociation - sub BDA is:IEDBiogasCHP/MMXU1.PPV.phsCA.instCVal.ang.i: 0
14:23:47.075 [openiec61850-osi-server-7-thread-1] DEBUG com.beanit.openiec61850.ServerAssociation - sub BDA is:IEDBiogasCHP/MMXU1.PPV.phsCA.instCVal.ang.f: 0.0
14:23:47.075 [openiec61850-osi-server-7-thread-1] DEBUG com.beanit.openiec61850.ServerAssociation - sub BDA is:IEDBiogasCHP/MMXU1.PPV.phsCA.cVal.mag.i: 0
14:23:47.075 [openiec61850-osi-server-7-thread-1] DEBUG com.beanit.openiec61850.ServerAssociation - sub BDA is:IEDBiogasCHP/MMXU1.PPV.phsCA.cVal.mag.f: 0.0
14:23:47.075 [openiec61850-osi-server-7-thread-1] DEBUG com.beanit.openiec61850.ServerAssociation - sub BDA is:IEDBiogasCHP/MMXU1.PPV.phsCA.cVal.ang.i: 0
14:23:47.075 [openiec61850-osi-server-7-thread-1] DEBUG com.beanit.openiec61850.ServerAssociation - sub BDA is:IEDBiogasCHP/MMXU1.PPV.phsCA.cVal.ang.f: 0.0
14:23:47.075 [openiec61850-osi-server-7-thread-1] DEBUG com.beanit.openiec61850.ServerAssociation - sub BDA is:IEDBiogasCHP/MMXU1.PPV.phsCA.range: 0
14:23:47.075 [openiec61850-osi-server-7-thread-1] DEBUG com.beanit.openiec61850.ServerAssociation - sub BDA is:IEDBiogasCHP/MMXU1.PPV.phsCA.q: 0x00 0x00
14:23:47.075 [openiec61850-osi-server-7-thread-1] DEBUG com.beanit.openiec61850.ServerAssociation - sub BDA is:IEDBiogasCHP/MMXU1.PPV.phsCA.t: Thu Jan 01 01:00:00 CET 1970
calling GetDataValues(IEDBiogasCHP/MMXU1.PPV.phsCA.instCVal)
14:23:47.076 [openiec61850-osi-server-7-thread-1] DEBUG com.beanit.openiec61850.ServerAssociation - Got a GetDataValues request for node: IEDBiogasCHP/MMXU1.PPV.phsCA.instCVal [MX]
IEDBiogasCHP/MMXU1.PPV.phsCA.instCVal.mag [MX]
IEDBiogasCHP/MMXU1.PPV.phsCA.instCVal.mag.i: 0
IEDBiogasCHP/MMXU1.PPV.phsCA.instCVal.mag.f: 0.0
IEDBiogasCHP/MMXU1.PPV.phsCA.instCVal.ang [MX]
IEDBiogasCHP/MMXU1.PPV.phsCA.instCVal.ang.i: 0
IEDBiogasCHP/MMXU1.PPV.phsCA.instCVal.ang.f: 0.0
14:23:47.076 [openiec61850-osi-server-7-thread-1] DEBUG com.beanit.openiec61850.ServerAssociation - sub BDA is:IEDBiogasCHP/MMXU1.PPV.phsCA.instCVal.mag.i: 0
14:23:47.076 [openiec61850-osi-server-7-thread-1] DEBUG com.beanit.openiec61850.ServerAssociation - sub BDA is:IEDBiogasCHP/MMXU1.PPV.phsCA.instCVal.mag.f: 0.0
14:23:47.076 [openiec61850-osi-server-7-thread-1] DEBUG com.beanit.openiec61850.ServerAssociation - sub BDA is:IEDBiogasCHP/MMXU1.PPV.phsCA.instCVal.ang.i: 0
14:23:47.076 [openiec61850-osi-server-7-thread-1] DEBUG com.beanit.openiec61850.ServerAssociation - sub BDA is:IEDBiogasCHP/MMXU1.PPV.phsCA.instCVal.ang.f: 0.0
calling GetDataValues(IEDBiogasCHP/MMXU1.PPV.phsCA.instCVal.mag)
14:23:47.076 [openiec61850-osi-server-7-thread-1] DEBUG com.beanit.openiec61850.ServerAssociation - Got a GetDataValues request for node: IEDBiogasCHP/MMXU1.PPV.phsCA.instCVal.mag [MX]
IEDBiogasCHP/MMXU1.PPV.phsCA.instCVal.mag.i: 0
IEDBiogasCHP/MMXU1.PPV.phsCA.instCVal.mag.f: 0.0
14:23:47.076 [openiec61850-osi-server-7-thread-1] DEBUG com.beanit.openiec61850.ServerAssociation - sub BDA is:IEDBiogasCHP/MMXU1.PPV.phsCA.instCVal.mag.i: 0
14:23:47.076 [openiec61850-osi-server-7-thread-1] DEBUG com.beanit.openiec61850.ServerAssociation - sub BDA is:IEDBiogasCHP/MMXU1.PPV.phsCA.instCVal.mag.f: 0.0
calling GetDataValues(IEDBiogasCHP/MMXU1.PPV.phsCA.instCVal.mag.i)
14:23:47.076 [openiec61850-osi-server-7-thread-1] DEBUG com.beanit.openiec61850.ServerAssociation - Got a GetDataValues request for node: IEDBiogasCHP/MMXU1.PPV.phsCA.instCVal.mag.i: 0
calling GetDataValues(IEDBiogasCHP/MMXU1.PPV.phsCA.instCVal.mag.f)
14:23:47.076 [openiec61850-osi-server-7-thread-1] DEBUG com.beanit.openiec61850.ServerAssociation - Got a GetDataValues request for node: IEDBiogasCHP/MMXU1.PPV.phsCA.instCVal.mag.f: 0.0
calling GetDataValues(IEDBiogasCHP/MMXU1.PPV.phsCA.instCVal.ang)
14:23:47.076 [openiec61850-osi-server-7-thread-1] DEBUG com.beanit.openiec61850.ServerAssociation - Got a GetDataValues request for node: IEDBiogasCHP/MMXU1.PPV.phsCA.instCVal.ang [MX]
IEDBiogasCHP/MMXU1.PPV.phsCA.instCVal.ang.i: 0
IEDBiogasCHP/MMXU1.PPV.phsCA.instCVal.ang.f: 0.0
14:23:47.076 [openiec61850-osi-server-7-thread-1] DEBUG com.beanit.openiec61850.ServerAssociation - sub BDA is:IEDBiogasCHP/MMXU1.PPV.phsCA.instCVal.ang.i: 0
14:23:47.076 [openiec61850-osi-server-7-thread-1] DEBUG com.beanit.openiec61850.ServerAssociation - sub BDA is:IEDBiogasCHP/MMXU1.PPV.phsCA.instCVal.ang.f: 0.0
calling GetDataValues(IEDBiogasCHP/MMXU1.PPV.phsCA.instCVal.ang.i)
14:23:47.076 [openiec61850-osi-server-7-thread-1] DEBUG com.beanit.openiec61850.ServerAssociation - Got a GetDataValues request for node: IEDBiogasCHP/MMXU1.PPV.phsCA.instCVal.ang.i: 0
calling GetDataValues(IEDBiogasCHP/MMXU1.PPV.phsCA.instCVal.ang.f)
14:23:47.076 [openiec61850-osi-server-7-thread-1] DEBUG com.beanit.openiec61850.ServerAssociation - Got a GetDataValues request for node: IEDBiogasCHP/MMXU1.PPV.phsCA.instCVal.ang.f: 0.0
calling GetDataValues(IEDBiogasCHP/MMXU1.PPV.phsCA.cVal)
14:23:47.077 [openiec61850-osi-server-7-thread-1] DEBUG com.beanit.openiec61850.ServerAssociation - Got a GetDataValues request for node: IEDBiogasCHP/MMXU1.PPV.phsCA.cVal [MX]
IEDBiogasCHP/MMXU1.PPV.phsCA.cVal.mag [MX]
IEDBiogasCHP/MMXU1.PPV.phsCA.cVal.mag.i: 0
IEDBiogasCHP/MMXU1.PPV.phsCA.cVal.mag.f: 0.0
IEDBiogasCHP/MMXU1.PPV.phsCA.cVal.ang [MX]
IEDBiogasCHP/MMXU1.PPV.phsCA.cVal.ang.i: 0
IEDBiogasCHP/MMXU1.PPV.phsCA.cVal.ang.f: 0.0
14:23:47.077 [openiec61850-osi-server-7-thread-1] DEBUG com.beanit.openiec61850.ServerAssociation - sub BDA is:IEDBiogasCHP/MMXU1.PPV.phsCA.cVal.mag.i: 0
14:23:47.077 [openiec61850-osi-server-7-thread-1] DEBUG com.beanit.openiec61850.ServerAssociation - sub BDA is:IEDBiogasCHP/MMXU1.PPV.phsCA.cVal.mag.f: 0.0
14:23:47.077 [openiec61850-osi-server-7-thread-1] DEBUG com.beanit.openiec61850.ServerAssociation - sub BDA is:IEDBiogasCHP/MMXU1.PPV.phsCA.cVal.ang.i: 0
14:23:47.077 [openiec61850-osi-server-7-thread-1] DEBUG com.beanit.openiec61850.ServerAssociation - sub BDA is:IEDBiogasCHP/MMXU1.PPV.phsCA.cVal.ang.f: 0.0
calling GetDataValues(IEDBiogasCHP/MMXU1.PPV.phsCA.cVal.mag)
14:23:47.077 [openiec61850-osi-server-7-thread-1] DEBUG com.beanit.openiec61850.ServerAssociation - Got a GetDataValues request for node: IEDBiogasCHP/MMXU1.PPV.phsCA.cVal.mag [MX]
IEDBiogasCHP/MMXU1.PPV.phsCA.cVal.mag.i: 0
IEDBiogasCHP/MMXU1.PPV.phsCA.cVal.mag.f: 0.0
14:23:47.077 [openiec61850-osi-server-7-thread-1] DEBUG com.beanit.openiec61850.ServerAssociation - sub BDA is:IEDBiogasCHP/MMXU1.PPV.phsCA.cVal.mag.i: 0
14:23:47.077 [openiec61850-osi-server-7-thread-1] DEBUG com.beanit.openiec61850.ServerAssociation - sub BDA is:IEDBiogasCHP/MMXU1.PPV.phsCA.cVal.mag.f: 0.0
calling GetDataValues(IEDBiogasCHP/MMXU1.PPV.phsCA.cVal.mag.i)
14:23:47.077 [openiec61850-osi-server-7-thread-1] DEBUG com.beanit.openiec61850.ServerAssociation - Got a GetDataValues request for node: IEDBiogasCHP/MMXU1.PPV.phsCA.cVal.mag.i: 0
calling GetDataValues(IEDBiogasCHP/MMXU1.PPV.phsCA.cVal.mag.f)
14:23:47.077 [openiec61850-osi-server-7-thread-1] DEBUG com.beanit.openiec61850.ServerAssociation - Got a GetDataValues request for node: IEDBiogasCHP/MMXU1.PPV.phsCA.cVal.mag.f: 0.0
calling GetDataValues(IEDBiogasCHP/MMXU1.PPV.phsCA.cVal.ang)
14:23:47.077 [openiec61850-osi-server-7-thread-1] DEBUG com.beanit.openiec61850.ServerAssociation - Got a GetDataValues request for node: IEDBiogasCHP/MMXU1.PPV.phsCA.cVal.ang [MX]
IEDBiogasCHP/MMXU1.PPV.phsCA.cVal.ang.i: 0
IEDBiogasCHP/MMXU1.PPV.phsCA.cVal.ang.f: 0.0
14:23:47.077 [openiec61850-osi-server-7-thread-1] DEBUG com.beanit.openiec61850.ServerAssociation - sub BDA is:IEDBiogasCHP/MMXU1.PPV.phsCA.cVal.ang.i: 0
14:23:47.077 [openiec61850-osi-server-7-thread-1] DEBUG com.beanit.openiec61850.ServerAssociation - sub BDA is:IEDBiogasCHP/MMXU1.PPV.phsCA.cVal.ang.f: 0.0
calling GetDataValues(IEDBiogasCHP/MMXU1.PPV.phsCA.cVal.ang.i)
14:23:47.077 [openiec61850-osi-server-7-thread-1] DEBUG com.beanit.openiec61850.ServerAssociation - Got a GetDataValues request for node: IEDBiogasCHP/MMXU1.PPV.phsCA.cVal.ang.i: 0
calling GetDataValues(IEDBiogasCHP/MMXU1.PPV.phsCA.cVal.ang.f)
14:23:47.078 [openiec61850-osi-server-7-thread-1] DEBUG com.beanit.openiec61850.ServerAssociation - Got a GetDataValues request for node: IEDBiogasCHP/MMXU1.PPV.phsCA.cVal.ang.f: 0.0
calling GetDataValues(IEDBiogasCHP/MMXU1.PPV.phsCA.range)
14:23:47.078 [openiec61850-osi-server-7-thread-1] DEBUG com.beanit.openiec61850.ServerAssociation - Got a GetDataValues request for node: IEDBiogasCHP/MMXU1.PPV.phsCA.range: 0
calling GetDataValues(IEDBiogasCHP/MMXU1.PPV.phsCA.q)
14:23:47.078 [openiec61850-osi-server-7-thread-1] DEBUG com.beanit.openiec61850.ServerAssociation - Got a GetDataValues request for node: IEDBiogasCHP/MMXU1.PPV.phsCA.q: 0x00 0x00
calling GetDataValues(IEDBiogasCHP/MMXU1.PPV.phsCA.t)
14:23:47.078 [openiec61850-osi-server-7-thread-1] DEBUG com.beanit.openiec61850.ServerAssociation - Got a GetDataValues request for node: IEDBiogasCHP/MMXU1.PPV.phsCA.t: Thu Jan 01 01:00:00 CET 1970
calling GetDataValues(IEDBiogasCHP/MMXU1.PPV)
14:23:47.078 [openiec61850-osi-server-7-thread-1] DEBUG com.beanit.openiec61850.ServerAssociation - Got a GetDataValues request for node: IEDBiogasCHP/MMXU1.PPV [SV]
IEDBiogasCHP/MMXU1.PPV.phsAB [SV]
IEDBiogasCHP/MMXU1.PPV.phsAB.subEna: false
IEDBiogasCHP/MMXU1.PPV.phsAB.subCVal [SV]
IEDBiogasCHP/MMXU1.PPV.phsAB.subCVal.mag [SV]
IEDBiogasCHP/MMXU1.PPV.phsAB.subCVal.mag.i: 0
IEDBiogasCHP/MMXU1.PPV.phsAB.subCVal.mag.f: 0.0
IEDBiogasCHP/MMXU1.PPV.phsAB.subCVal.ang [SV]
IEDBiogasCHP/MMXU1.PPV.phsAB.subCVal.ang.i: 0
IEDBiogasCHP/MMXU1.PPV.phsAB.subCVal.ang.f: 0.0
IEDBiogasCHP/MMXU1.PPV.phsAB.subQ: 0x00 0x00
IEDBiogasCHP/MMXU1.PPV.phsAB.subID: ''
IEDBiogasCHP/MMXU1.PPV.phsBC [SV]
IEDBiogasCHP/MMXU1.PPV.phsBC.subEna: false
IEDBiogasCHP/MMXU1.PPV.phsBC.subCVal [SV]
IEDBiogasCHP/MMXU1.PPV.phsBC.subCVal.mag [SV]
IEDBiogasCHP/MMXU1.PPV.phsBC.subCVal.mag.i: 0
IEDBiogasCHP/MMXU1.PPV.phsBC.subCVal.mag.f: 0.0
IEDBiogasCHP/MMXU1.PPV.phsBC.subCVal.ang [SV]
IEDBiogasCHP/MMXU1.PPV.phsBC.subCVal.ang.i: 0
IEDBiogasCHP/MMXU1.PPV.phsBC.subCVal.ang.f: 0.0
IEDBiogasCHP/MMXU1.PPV.phsBC.subQ: 0x00 0x00
IEDBiogasCHP/MMXU1.PPV.phsBC.subID: ''
IEDBiogasCHP/MMXU1.PPV.phsCA [SV]
IEDBiogasCHP/MMXU1.PPV.phsCA.subEna: false
IEDBiogasCHP/MMXU1.PPV.phsCA.subCVal [SV]
IEDBiogasCHP/MMXU1.PPV.phsCA.subCVal.mag [SV]
IEDBiogasCHP/MMXU1.PPV.phsCA.subCVal.mag.i: 0
IEDBiogasCHP/MMXU1.PPV.phsCA.subCVal.mag.f: 0.0
IEDBiogasCHP/MMXU1.PPV.phsCA.subCVal.ang [SV]
IEDBiogasCHP/MMXU1.PPV.phsCA.subCVal.ang.i: 0
IEDBiogasCHP/MMXU1.PPV.phsCA.subCVal.ang.f: 0.0
IEDBiogasCHP/MMXU1.PPV.phsCA.subQ: 0x00 0x00
IEDBiogasCHP/MMXU1.PPV.phsCA.subID: ''
14:23:47.078 [openiec61850-osi-server-7-thread-1] DEBUG com.beanit.openiec61850.ServerAssociation - sub BDA is:IEDBiogasCHP/MMXU1.PPV.phsAB.subEna: false
14:23:47.078 [openiec61850-osi-server-7-thread-1] DEBUG com.beanit.openiec61850.ServerAssociation - sub BDA is:IEDBiogasCHP/MMXU1.PPV.phsAB.subCVal.mag.i: 0
14:23:47.078 [openiec61850-osi-server-7-thread-1] DEBUG com.beanit.openiec61850.ServerAssociation - sub BDA is:IEDBiogasCHP/MMXU1.PPV.phsAB.subCVal.mag.f: 0.0
14:23:47.078 [openiec61850-osi-server-7-thread-1] DEBUG com.beanit.openiec61850.ServerAssociation - sub BDA is:IEDBiogasCHP/MMXU1.PPV.phsAB.subCVal.ang.i: 0
14:23:47.078 [openiec61850-osi-server-7-thread-1] DEBUG com.beanit.openiec61850.ServerAssociation - sub BDA is:IEDBiogasCHP/MMXU1.PPV.phsAB.subCVal.ang.f: 0.0
14:23:47.078 [openiec61850-osi-server-7-thread-1] DEBUG com.beanit.openiec61850.ServerAssociation - sub BDA is:IEDBiogasCHP/MMXU1.PPV.phsAB.subQ: 0x00 0x00
14:23:47.078 [openiec61850-osi-server-7-thread-1] DEBUG com.beanit.openiec61850.ServerAssociation - sub BDA is:IEDBiogasCHP/MMXU1.PPV.phsAB.subID: ''
14:23:47.078 [openiec61850-osi-server-7-thread-1] DEBUG com.beanit.openiec61850.ServerAssociation - sub BDA is:IEDBiogasCHP/MMXU1.PPV.phsBC.subEna: false
14:23:47.078 [openiec61850-osi-server-7-thread-1] DEBUG com.beanit.openiec61850.ServerAssociation - sub BDA is:IEDBiogasCHP/MMXU1.PPV.phsBC.subCVal.mag.i: 0
14:23:47.078 [openiec61850-osi-server-7-thread-1] DEBUG com.beanit.openiec61850.ServerAssociation - sub BDA is:IEDBiogasCHP/MMXU1.PPV.phsBC.subCVal.mag.f: 0.0
14:23:47.078 [openiec61850-osi-server-7-thread-1] DEBUG com.beanit.openiec61850.ServerAssociation - sub BDA is:IEDBiogasCHP/MMXU1.PPV.phsBC.subCVal.ang.i: 0
14:23:47.078 [openiec61850-osi-server-7-thread-1] DEBUG com.beanit.openiec61850.ServerAssociation - sub BDA is:IEDBiogasCHP/MMXU1.PPV.phsBC.subCVal.ang.f: 0.0
14:23:47.078 [openiec61850-osi-server-7-thread-1] DEBUG com.beanit.openiec61850.ServerAssociation - sub BDA is:IEDBiogasCHP/MMXU1.PPV.phsBC.subQ: 0x00 0x00
14:23:47.078 [openiec61850-osi-server-7-thread-1] DEBUG com.beanit.openiec61850.ServerAssociation - sub BDA is:IEDBiogasCHP/MMXU1.PPV.phsBC.subID: ''
14:23:47.078 [openiec61850-osi-server-7-thread-1] DEBUG com.beanit.openiec61850.ServerAssociation - sub BDA is:IEDBiogasCHP/MMXU1.PPV.phsCA.subEna: false
14:23:47.078 [openiec61850-osi-server-7-thread-1] DEBUG com.beanit.openiec61850.ServerAssociation - sub BDA is:IEDBiogasCHP/MMXU1.PPV.phsCA.subCVal.mag.i: 0
14:23:47.078 [openiec61850-osi-server-7-thread-1] DEBUG com.beanit.openiec61850.ServerAssociation - sub BDA is:IEDBiogasCHP/MMXU1.PPV.phsCA.subCVal.mag.f: 0.0
14:23:47.078 [openiec61850-osi-server-7-thread-1] DEBUG com.beanit.openiec61850.ServerAssociation - sub BDA is:IEDBiogasCHP/MMXU1.PPV.phsCA.subCVal.ang.i: 0
14:23:47.078 [openiec61850-osi-server-7-thread-1] DEBUG com.beanit.openiec61850.ServerAssociation - sub BDA is:IEDBiogasCHP/MMXU1.PPV.phsCA.subCVal.ang.f: 0.0
14:23:47.078 [openiec61850-osi-server-7-thread-1] DEBUG com.beanit.openiec61850.ServerAssociation - sub BDA is:IEDBiogasCHP/MMXU1.PPV.phsCA.subQ: 0x00 0x00
14:23:47.078 [openiec61850-osi-server-7-thread-1] DEBUG com.beanit.openiec61850.ServerAssociation - sub BDA is:IEDBiogasCHP/MMXU1.PPV.phsCA.subID: ''
calling GetDataValues(IEDBiogasCHP/MMXU1.PPV.phsAB)
14:23:47.078 [openiec61850-osi-server-7-thread-1] DEBUG com.beanit.openiec61850.ServerAssociation - Got a GetDataValues request for node: IEDBiogasCHP/MMXU1.PPV.phsAB [SV]
IEDBiogasCHP/MMXU1.PPV.phsAB.subEna: false
IEDBiogasCHP/MMXU1.PPV.phsAB.subCVal [SV]
IEDBiogasCHP/MMXU1.PPV.phsAB.subCVal.mag [SV]
IEDBiogasCHP/MMXU1.PPV.phsAB.subCVal.mag.i: 0
IEDBiogasCHP/MMXU1.PPV.phsAB.subCVal.mag.f: 0.0
IEDBiogasCHP/MMXU1.PPV.phsAB.subCVal.ang [SV]
IEDBiogasCHP/MMXU1.PPV.phsAB.subCVal.ang.i: 0
IEDBiogasCHP/MMXU1.PPV.phsAB.subCVal.ang.f: 0.0
IEDBiogasCHP/MMXU1.PPV.phsAB.subQ: 0x00 0x00
IEDBiogasCHP/MMXU1.PPV.phsAB.subID: ''
14:23:47.079 [openiec61850-osi-server-7-thread-1] DEBUG com.beanit.openiec61850.ServerAssociation - sub BDA is:IEDBiogasCHP/MMXU1.PPV.phsAB.subEna: false
14:23:47.079 [openiec61850-osi-server-7-thread-1] DEBUG com.beanit.openiec61850.ServerAssociation - sub BDA is:IEDBiogasCHP/MMXU1.PPV.phsAB.subCVal.mag.i: 0
14:23:47.079 [openiec61850-osi-server-7-thread-1] DEBUG com.beanit.openiec61850.ServerAssociation - sub BDA is:IEDBiogasCHP/MMXU1.PPV.phsAB.subCVal.mag.f: 0.0
14:23:47.079 [openiec61850-osi-server-7-thread-1] DEBUG com.beanit.openiec61850.ServerAssociation - sub BDA is:IEDBiogasCHP/MMXU1.PPV.phsAB.subCVal.ang.i: 0
14:23:47.079 [openiec61850-osi-server-7-thread-1] DEBUG com.beanit.openiec61850.ServerAssociation - sub BDA is:IEDBiogasCHP/MMXU1.PPV.phsAB.subCVal.ang.f: 0.0
14:23:47.079 [openiec61850-osi-server-7-thread-1] DEBUG com.beanit.openiec61850.ServerAssociation - sub BDA is:IEDBiogasCHP/MMXU1.PPV.phsAB.subQ: 0x00 0x00
14:23:47.079 [openiec61850-osi-server-7-thread-1] DEBUG com.beanit.openiec61850.ServerAssociation - sub BDA is:IEDBiogasCHP/MMXU1.PPV.phsAB.subID: ''
calling GetDataValues(IEDBiogasCHP/MMXU1.PPV.phsAB.subEna)
14:23:47.079 [openiec61850-osi-server-7-thread-1] DEBUG com.beanit.openiec61850.ServerAssociation - Got a GetDataValues request for node: IEDBiogasCHP/MMXU1.PPV.phsAB.subEna: false
calling GetDataValues(IEDBiogasCHP/MMXU1.PPV.phsAB.subCVal)
14:23:47.079 [openiec61850-osi-server-7-thread-1] DEBUG com.beanit.openiec61850.ServerAssociation - Got a GetDataValues request for node: IEDBiogasCHP/MMXU1.PPV.phsAB.subCVal [SV]
IEDBiogasCHP/MMXU1.PPV.phsAB.subCVal.mag [SV]
IEDBiogasCHP/MMXU1.PPV.phsAB.subCVal.mag.i: 0
IEDBiogasCHP/MMXU1.PPV.phsAB.subCVal.mag.f: 0.0
IEDBiogasCHP/MMXU1.PPV.phsAB.subCVal.ang [SV]
IEDBiogasCHP/MMXU1.PPV.phsAB.subCVal.ang.i: 0
IEDBiogasCHP/MMXU1.PPV.phsAB.subCVal.ang.f: 0.0
14:23:47.079 [openiec61850-osi-server-7-thread-1] DEBUG com.beanit.openiec61850.ServerAssociation - sub BDA is:IEDBiogasCHP/MMXU1.PPV.phsAB.subCVal.mag.i: 0
14:23:47.079 [openiec61850-osi-server-7-thread-1] DEBUG com.beanit.openiec61850.ServerAssociation - sub BDA is:IEDBiogasCHP/MMXU1.PPV.phsAB.subCVal.mag.f: 0.0
14:23:47.079 [openiec61850-osi-server-7-thread-1] DEBUG com.beanit.openiec61850.ServerAssociation - sub BDA is:IEDBiogasCHP/MMXU1.PPV.phsAB.subCVal.ang.i: 0
14:23:47.079 [openiec61850-osi-server-7-thread-1] DEBUG com.beanit.openiec61850.ServerAssociation - sub BDA is:IEDBiogasCHP/MMXU1.PPV.phsAB.subCVal.ang.f: 0.0
calling GetDataValues(IEDBiogasCHP/MMXU1.PPV.phsAB.subCVal.mag)
14:23:47.079 [openiec61850-osi-server-7-thread-1] DEBUG com.beanit.openiec61850.ServerAssociation - Got a GetDataValues request for node: IEDBiogasCHP/MMXU1.PPV.phsAB.subCVal.mag [SV]
IEDBiogasCHP/MMXU1.PPV.phsAB.subCVal.mag.i: 0
IEDBiogasCHP/MMXU1.PPV.phsAB.subCVal.mag.f: 0.0
14:23:47.079 [openiec61850-osi-server-7-thread-1] DEBUG com.beanit.openiec61850.ServerAssociation - sub BDA is:IEDBiogasCHP/MMXU1.PPV.phsAB.subCVal.mag.i: 0
14:23:47.079 [openiec61850-osi-server-7-thread-1] DEBUG com.beanit.openiec61850.ServerAssociation - sub BDA is:IEDBiogasCHP/MMXU1.PPV.phsAB.subCVal.mag.f: 0.0
calling GetDataValues(IEDBiogasCHP/MMXU1.PPV.phsAB.subCVal.mag.i)
14:23:47.079 [openiec61850-osi-server-7-thread-1] DEBUG com.beanit.openiec61850.ServerAssociation - Got a GetDataValues request for node: IEDBiogasCHP/MMXU1.PPV.phsAB.subCVal.mag.i: 0
calling GetDataValues(IEDBiogasCHP/MMXU1.PPV.phsAB.subCVal.mag.f)
14:23:47.079 [openiec61850-osi-server-7-thread-1] DEBUG com.beanit.openiec61850.ServerAssociation - Got a GetDataValues request for node: IEDBiogasCHP/MMXU1.PPV.phsAB.subCVal.mag.f: 0.0
calling GetDataValues(IEDBiogasCHP/MMXU1.PPV.phsAB.subCVal.ang)
14:23:47.079 [openiec61850-osi-server-7-thread-1] DEBUG com.beanit.openiec61850.ServerAssociation - Got a GetDataValues request for node: IEDBiogasCHP/MMXU1.PPV.phsAB.subCVal.ang [SV]
IEDBiogasCHP/MMXU1.PPV.phsAB.subCVal.ang.i: 0
IEDBiogasCHP/MMXU1.PPV.phsAB.subCVal.ang.f: 0.0
14:23:47.079 [openiec61850-osi-server-7-thread-1] DEBUG com.beanit.openiec61850.ServerAssociation - sub BDA is:IEDBiogasCHP/MMXU1.PPV.phsAB.subCVal.ang.i: 0
14:23:47.079 [openiec61850-osi-server-7-thread-1] DEBUG com.beanit.openiec61850.ServerAssociation - sub BDA is:IEDBiogasCHP/MMXU1.PPV.phsAB.subCVal.ang.f: 0.0
calling GetDataValues(IEDBiogasCHP/MMXU1.PPV.phsAB.subCVal.ang.i)
14:23:47.080 [openiec61850-osi-server-7-thread-1] DEBUG com.beanit.openiec61850.ServerAssociation - Got a GetDataValues request for node: IEDBiogasCHP/MMXU1.PPV.phsAB.subCVal.ang.i: 0
calling GetDataValues(IEDBiogasCHP/MMXU1.PPV.phsAB.subCVal.ang.f)
14:23:47.080 [openiec61850-osi-server-7-thread-1] DEBUG com.beanit.openiec61850.ServerAssociation - Got a GetDataValues request for node: IEDBiogasCHP/MMXU1.PPV.phsAB.subCVal.ang.f: 0.0
calling GetDataValues(IEDBiogasCHP/MMXU1.PPV.phsAB.subQ)
14:23:47.080 [openiec61850-osi-server-7-thread-1] DEBUG com.beanit.openiec61850.ServerAssociation - Got a GetDataValues request for node: IEDBiogasCHP/MMXU1.PPV.phsAB.subQ: 0x00 0x00
calling GetDataValues(IEDBiogasCHP/MMXU1.PPV.phsAB.subID)
14:23:47.080 [openiec61850-osi-server-7-thread-1] DEBUG com.beanit.openiec61850.ServerAssociation - Got a GetDataValues request for node: IEDBiogasCHP/MMXU1.PPV.phsAB.subID: ''
calling GetDataValues(IEDBiogasCHP/MMXU1.PPV.phsBC)
14:23:47.080 [openiec61850-osi-server-7-thread-1] DEBUG com.beanit.openiec61850.ServerAssociation - Got a GetDataValues request for node: IEDBiogasCHP/MMXU1.PPV.phsBC [SV]
IEDBiogasCHP/MMXU1.PPV.phsBC.subEna: false
IEDBiogasCHP/MMXU1.PPV.phsBC.subCVal [SV]
IEDBiogasCHP/MMXU1.PPV.phsBC.subCVal.mag [SV]
IEDBiogasCHP/MMXU1.PPV.phsBC.subCVal.mag.i: 0
IEDBiogasCHP/MMXU1.PPV.phsBC.subCVal.mag.f: 0.0
IEDBiogasCHP/MMXU1.PPV.phsBC.subCVal.ang [SV]
IEDBiogasCHP/MMXU1.PPV.phsBC.subCVal.ang.i: 0
IEDBiogasCHP/MMXU1.PPV.phsBC.subCVal.ang.f: 0.0
IEDBiogasCHP/MMXU1.PPV.phsBC.subQ: 0x00 0x00
IEDBiogasCHP/MMXU1.PPV.phsBC.subID: ''
14:23:47.080 [openiec61850-osi-server-7-thread-1] DEBUG com.beanit.openiec61850.ServerAssociation - sub BDA is:IEDBiogasCHP/MMXU1.PPV.phsBC.subEna: false
14:23:47.080 [openiec61850-osi-server-7-thread-1] DEBUG com.beanit.openiec61850.ServerAssociation - sub BDA is:IEDBiogasCHP/MMXU1.PPV.phsBC.subCVal.mag.i: 0
14:23:47.080 [openiec61850-osi-server-7-thread-1] DEBUG com.beanit.openiec61850.ServerAssociation - sub BDA is:IEDBiogasCHP/MMXU1.PPV.phsBC.subCVal.mag.f: 0.0
14:23:47.080 [openiec61850-osi-server-7-thread-1] DEBUG com.beanit.openiec61850.ServerAssociation - sub BDA is:IEDBiogasCHP/MMXU1.PPV.phsBC.subCVal.ang.i: 0
14:23:47.080 [openiec61850-osi-server-7-thread-1] DEBUG com.beanit.openiec61850.ServerAssociation - sub BDA is:IEDBiogasCHP/MMXU1.PPV.phsBC.subCVal.ang.f: 0.0
14:23:47.080 [openiec61850-osi-server-7-thread-1] DEBUG com.beanit.openiec61850.ServerAssociation - sub BDA is:IEDBiogasCHP/MMXU1.PPV.phsBC.subQ: 0x00 0x00
14:23:47.080 [openiec61850-osi-server-7-thread-1] DEBUG com.beanit.openiec61850.ServerAssociation - sub BDA is:IEDBiogasCHP/MMXU1.PPV.phsBC.subID: ''
calling GetDataValues(IEDBiogasCHP/MMXU1.PPV.phsBC.subEna)
14:23:47.080 [openiec61850-osi-server-7-thread-1] DEBUG com.beanit.openiec61850.ServerAssociation - Got a GetDataValues request for node: IEDBiogasCHP/MMXU1.PPV.phsBC.subEna: false
calling GetDataValues(IEDBiogasCHP/MMXU1.PPV.phsBC.subCVal)
14:23:47.080 [openiec61850-osi-server-7-thread-1] DEBUG com.beanit.openiec61850.ServerAssociation - Got a GetDataValues request for node: IEDBiogasCHP/MMXU1.PPV.phsBC.subCVal [SV]
IEDBiogasCHP/MMXU1.PPV.phsBC.subCVal.mag [SV]
IEDBiogasCHP/MMXU1.PPV.phsBC.subCVal.mag.i: 0
IEDBiogasCHP/MMXU1.PPV.phsBC.subCVal.mag.f: 0.0
IEDBiogasCHP/MMXU1.PPV.phsBC.subCVal.ang [SV]
IEDBiogasCHP/MMXU1.PPV.phsBC.subCVal.ang.i: 0
IEDBiogasCHP/MMXU1.PPV.phsBC.subCVal.ang.f: 0.0
14:23:47.080 [openiec61850-osi-server-7-thread-1] DEBUG com.beanit.openiec61850.ServerAssociation - sub BDA is:IEDBiogasCHP/MMXU1.PPV.phsBC.subCVal.mag.i: 0
14:23:47.080 [openiec61850-osi-server-7-thread-1] DEBUG com.beanit.openiec61850.ServerAssociation - sub BDA is:IEDBiogasCHP/MMXU1.PPV.phsBC.subCVal.mag.f: 0.0
14:23:47.080 [openiec61850-osi-server-7-thread-1] DEBUG com.beanit.openiec61850.ServerAssociation - sub BDA is:IEDBiogasCHP/MMXU1.PPV.phsBC.subCVal.ang.i: 0
14:23:47.080 [openiec61850-osi-server-7-thread-1] DEBUG com.beanit.openiec61850.ServerAssociation - sub BDA is:IEDBiogasCHP/MMXU1.PPV.phsBC.subCVal.ang.f: 0.0
calling GetDataValues(IEDBiogasCHP/MMXU1.PPV.phsBC.subCVal.mag)
14:23:47.081 [openiec61850-osi-server-7-thread-1] DEBUG com.beanit.openiec61850.ServerAssociation - Got a GetDataValues request for node: IEDBiogasCHP/MMXU1.PPV.phsBC.subCVal.mag [SV]
IEDBiogasCHP/MMXU1.PPV.phsBC.subCVal.mag.i: 0
IEDBiogasCHP/MMXU1.PPV.phsBC.subCVal.mag.f: 0.0
14:23:47.081 [openiec61850-osi-server-7-thread-1] DEBUG com.beanit.openiec61850.ServerAssociation - sub BDA is:IEDBiogasCHP/MMXU1.PPV.phsBC.subCVal.mag.i: 0
14:23:47.081 [openiec61850-osi-server-7-thread-1] DEBUG com.beanit.openiec61850.ServerAssociation - sub BDA is:IEDBiogasCHP/MMXU1.PPV.phsBC.subCVal.mag.f: 0.0
calling GetDataValues(IEDBiogasCHP/MMXU1.PPV.phsBC.subCVal.mag.i)
14:23:47.081 [openiec61850-osi-server-7-thread-1] DEBUG com.beanit.openiec61850.ServerAssociation - Got a GetDataValues request for node: IEDBiogasCHP/MMXU1.PPV.phsBC.subCVal.mag.i: 0
calling GetDataValues(IEDBiogasCHP/MMXU1.PPV.phsBC.subCVal.mag.f)
14:23:47.081 [openiec61850-osi-server-7-thread-1] DEBUG com.beanit.openiec61850.ServerAssociation - Got a GetDataValues request for node: IEDBiogasCHP/MMXU1.PPV.phsBC.subCVal.mag.f: 0.0
calling GetDataValues(IEDBiogasCHP/MMXU1.PPV.phsBC.subCVal.ang)
14:23:47.081 [openiec61850-osi-server-7-thread-1] DEBUG com.beanit.openiec61850.ServerAssociation - Got a GetDataValues request for node: IEDBiogasCHP/MMXU1.PPV.phsBC.subCVal.ang [SV]
IEDBiogasCHP/MMXU1.PPV.phsBC.subCVal.ang.i: 0
IEDBiogasCHP/MMXU1.PPV.phsBC.subCVal.ang.f: 0.0
14:23:47.081 [openiec61850-osi-server-7-thread-1] DEBUG com.beanit.openiec61850.ServerAssociation - sub BDA is:IEDBiogasCHP/MMXU1.PPV.phsBC.subCVal.ang.i: 0
14:23:47.081 [openiec61850-osi-server-7-thread-1] DEBUG com.beanit.openiec61850.ServerAssociation - sub BDA is:IEDBiogasCHP/MMXU1.PPV.phsBC.subCVal.ang.f: 0.0
calling GetDataValues(IEDBiogasCHP/MMXU1.PPV.phsBC.subCVal.ang.i)
14:23:47.081 [openiec61850-osi-server-7-thread-1] DEBUG com.beanit.openiec61850.ServerAssociation - Got a GetDataValues request for node: IEDBiogasCHP/MMXU1.PPV.phsBC.subCVal.ang.i: 0
calling GetDataValues(IEDBiogasCHP/MMXU1.PPV.phsBC.subCVal.ang.f)
14:23:47.081 [openiec61850-osi-server-7-thread-1] DEBUG com.beanit.openiec61850.ServerAssociation - Got a GetDataValues request for node: IEDBiogasCHP/MMXU1.PPV.phsBC.subCVal.ang.f: 0.0
calling GetDataValues(IEDBiogasCHP/MMXU1.PPV.phsBC.subQ)
14:23:47.081 [openiec61850-osi-server-7-thread-1] DEBUG com.beanit.openiec61850.ServerAssociation - Got a GetDataValues request for node: IEDBiogasCHP/MMXU1.PPV.phsBC.subQ: 0x00 0x00
calling GetDataValues(IEDBiogasCHP/MMXU1.PPV.phsBC.subID)
14:23:47.081 [openiec61850-osi-server-7-thread-1] DEBUG com.beanit.openiec61850.ServerAssociation - Got a GetDataValues request for node: IEDBiogasCHP/MMXU1.PPV.phsBC.subID: ''
calling GetDataValues(IEDBiogasCHP/MMXU1.PPV.phsCA)
14:23:47.082 [openiec61850-osi-server-7-thread-1] DEBUG com.beanit.openiec61850.ServerAssociation - Got a GetDataValues request for node: IEDBiogasCHP/MMXU1.PPV.phsCA [SV]
IEDBiogasCHP/MMXU1.PPV.phsCA.subEna: false
IEDBiogasCHP/MMXU1.PPV.phsCA.subCVal [SV]
IEDBiogasCHP/MMXU1.PPV.phsCA.subCVal.mag [SV]
IEDBiogasCHP/MMXU1.PPV.phsCA.subCVal.mag.i: 0
IEDBiogasCHP/MMXU1.PPV.phsCA.subCVal.mag.f: 0.0
IEDBiogasCHP/MMXU1.PPV.phsCA.subCVal.ang [SV]
IEDBiogasCHP/MMXU1.PPV.phsCA.subCVal.ang.i: 0
IEDBiogasCHP/MMXU1.PPV.phsCA.subCVal.ang.f: 0.0
IEDBiogasCHP/MMXU1.PPV.phsCA.subQ: 0x00 0x00
IEDBiogasCHP/MMXU1.PPV.phsCA.subID: ''
14:23:47.082 [openiec61850-osi-server-7-thread-1] DEBUG com.beanit.openiec61850.ServerAssociation - sub BDA is:IEDBiogasCHP/MMXU1.PPV.phsCA.subEna: false
14:23:47.082 [openiec61850-osi-server-7-thread-1] DEBUG com.beanit.openiec61850.ServerAssociation - sub BDA is:IEDBiogasCHP/MMXU1.PPV.phsCA.subCVal.mag.i: 0
14:23:47.082 [openiec61850-osi-server-7-thread-1] DEBUG com.beanit.openiec61850.ServerAssociation - sub BDA is:IEDBiogasCHP/MMXU1.PPV.phsCA.subCVal.mag.f: 0.0
14:23:47.082 [openiec61850-osi-server-7-thread-1] DEBUG com.beanit.openiec61850.ServerAssociation - sub BDA is:IEDBiogasCHP/MMXU1.PPV.phsCA.subCVal.ang.i: 0
14:23:47.082 [openiec61850-osi-server-7-thread-1] DEBUG com.beanit.openiec61850.ServerAssociation - sub BDA is:IEDBiogasCHP/MMXU1.PPV.phsCA.subCVal.ang.f: 0.0
14:23:47.082 [openiec61850-osi-server-7-thread-1] DEBUG com.beanit.openiec61850.ServerAssociation - sub BDA is:IEDBiogasCHP/MMXU1.PPV.phsCA.subQ: 0x00 0x00
14:23:47.082 [openiec61850-osi-server-7-thread-1] DEBUG com.beanit.openiec61850.ServerAssociation - sub BDA is:IEDBiogasCHP/MMXU1.PPV.phsCA.subID: ''
calling GetDataValues(IEDBiogasCHP/MMXU1.PPV.phsCA.subEna)
14:23:47.082 [openiec61850-osi-server-7-thread-1] DEBUG com.beanit.openiec61850.ServerAssociation - Got a GetDataValues request for node: IEDBiogasCHP/MMXU1.PPV.phsCA.subEna: false
calling GetDataValues(IEDBiogasCHP/MMXU1.PPV.phsCA.subCVal)
14:23:47.082 [openiec61850-osi-server-7-thread-1] DEBUG com.beanit.openiec61850.ServerAssociation - Got a GetDataValues request for node: IEDBiogasCHP/MMXU1.PPV.phsCA.subCVal [SV]
IEDBiogasCHP/MMXU1.PPV.phsCA.subCVal.mag [SV]
IEDBiogasCHP/MMXU1.PPV.phsCA.subCVal.mag.i: 0
IEDBiogasCHP/MMXU1.PPV.phsCA.subCVal.mag.f: 0.0
IEDBiogasCHP/MMXU1.PPV.phsCA.subCVal.ang [SV]
IEDBiogasCHP/MMXU1.PPV.phsCA.subCVal.ang.i: 0
IEDBiogasCHP/MMXU1.PPV.phsCA.subCVal.ang.f: 0.0
14:23:47.082 [openiec61850-osi-server-7-thread-1] DEBUG com.beanit.openiec61850.ServerAssociation - sub BDA is:IEDBiogasCHP/MMXU1.PPV.phsCA.subCVal.mag.i: 0
14:23:47.082 [openiec61850-osi-server-7-thread-1] DEBUG com.beanit.openiec61850.ServerAssociation - sub BDA is:IEDBiogasCHP/MMXU1.PPV.phsCA.subCVal.mag.f: 0.0
14:23:47.082 [openiec61850-osi-server-7-thread-1] DEBUG com.beanit.openiec61850.ServerAssociation - sub BDA is:IEDBiogasCHP/MMXU1.PPV.phsCA.subCVal.ang.i: 0
14:23:47.082 [openiec61850-osi-server-7-thread-1] DEBUG com.beanit.openiec61850.ServerAssociation - sub BDA is:IEDBiogasCHP/MMXU1.PPV.phsCA.subCVal.ang.f: 0.0
calling GetDataValues(IEDBiogasCHP/MMXU1.PPV.phsCA.subCVal.mag)
14:23:47.082 [openiec61850-osi-server-7-thread-1] DEBUG com.beanit.openiec61850.ServerAssociation - Got a GetDataValues request for node: IEDBiogasCHP/MMXU1.PPV.phsCA.subCVal.mag [SV]
IEDBiogasCHP/MMXU1.PPV.phsCA.subCVal.mag.i: 0
IEDBiogasCHP/MMXU1.PPV.phsCA.subCVal.mag.f: 0.0
14:23:47.082 [openiec61850-osi-server-7-thread-1] DEBUG com.beanit.openiec61850.ServerAssociation - sub BDA is:IEDBiogasCHP/MMXU1.PPV.phsCA.subCVal.mag.i: 0
14:23:47.082 [openiec61850-osi-server-7-thread-1] DEBUG com.beanit.openiec61850.ServerAssociation - sub BDA is:IEDBiogasCHP/MMXU1.PPV.phsCA.subCVal.mag.f: 0.0
calling GetDataValues(IEDBiogasCHP/MMXU1.PPV.phsCA.subCVal.mag.i)
14:23:47.082 [openiec61850-osi-server-7-thread-1] DEBUG com.beanit.openiec61850.ServerAssociation - Got a GetDataValues request for node: IEDBiogasCHP/MMXU1.PPV.phsCA.subCVal.mag.i: 0
calling GetDataValues(IEDBiogasCHP/MMXU1.PPV.phsCA.subCVal.mag.f)
14:23:47.083 [openiec61850-osi-server-7-thread-1] DEBUG com.beanit.openiec61850.ServerAssociation - Got a GetDataValues request for node: IEDBiogasCHP/MMXU1.PPV.phsCA.subCVal.mag.f: 0.0
calling GetDataValues(IEDBiogasCHP/MMXU1.PPV.phsCA.subCVal.ang)
14:23:47.083 [openiec61850-osi-server-7-thread-1] DEBUG com.beanit.openiec61850.ServerAssociation - Got a GetDataValues request for node: IEDBiogasCHP/MMXU1.PPV.phsCA.subCVal.ang [SV]
IEDBiogasCHP/MMXU1.PPV.phsCA.subCVal.ang.i: 0
IEDBiogasCHP/MMXU1.PPV.phsCA.subCVal.ang.f: 0.0
14:23:47.083 [openiec61850-osi-server-7-thread-1] DEBUG com.beanit.openiec61850.ServerAssociation - sub BDA is:IEDBiogasCHP/MMXU1.PPV.phsCA.subCVal.ang.i: 0
14:23:47.083 [openiec61850-osi-server-7-thread-1] DEBUG com.beanit.openiec61850.ServerAssociation - sub BDA is:IEDBiogasCHP/MMXU1.PPV.phsCA.subCVal.ang.f: 0.0
calling GetDataValues(IEDBiogasCHP/MMXU1.PPV.phsCA.subCVal.ang.i)
14:23:47.083 [openiec61850-osi-server-7-thread-1] DEBUG com.beanit.openiec61850.ServerAssociation - Got a GetDataValues request for node: IEDBiogasCHP/MMXU1.PPV.phsCA.subCVal.ang.i: 0
calling GetDataValues(IEDBiogasCHP/MMXU1.PPV.phsCA.subCVal.ang.f)
14:23:47.083 [openiec61850-osi-server-7-thread-1] DEBUG com.beanit.openiec61850.ServerAssociation - Got a GetDataValues request for node: IEDBiogasCHP/MMXU1.PPV.phsCA.subCVal.ang.f: 0.0
calling GetDataValues(IEDBiogasCHP/MMXU1.PPV.phsCA.subQ)
14:23:47.083 [openiec61850-osi-server-7-thread-1] DEBUG com.beanit.openiec61850.ServerAssociation - Got a GetDataValues request for node: IEDBiogasCHP/MMXU1.PPV.phsCA.subQ: 0x00 0x00
calling GetDataValues(IEDBiogasCHP/MMXU1.PPV.phsCA.subID)
14:23:47.083 [openiec61850-osi-server-7-thread-1] DEBUG com.beanit.openiec61850.ServerAssociation - Got a GetDataValues request for node: IEDBiogasCHP/MMXU1.PPV.phsCA.subID: ''
calling GetDataValues(IEDBiogasCHP/MMXU1.PPV)
14:23:47.084 [openiec61850-osi-server-7-thread-1] DEBUG com.beanit.openiec61850.ServerAssociation - Got a GetDataValues request for node: IEDBiogasCHP/MMXU1.PPV [CF]
IEDBiogasCHP/MMXU1.PPV.angRef: 0
IEDBiogasCHP/MMXU1.PPV.phsAB [CF]
IEDBiogasCHP/MMXU1.PPV.phsAB.units [CF]
IEDBiogasCHP/MMXU1.PPV.phsAB.units.SIUnit: 0
IEDBiogasCHP/MMXU1.PPV.phsAB.units.multiplier: 0
IEDBiogasCHP/MMXU1.PPV.phsAB.db: 0
IEDBiogasCHP/MMXU1.PPV.phsAB.zeroDb: 0
IEDBiogasCHP/MMXU1.PPV.phsAB.rangeC [CF]
IEDBiogasCHP/MMXU1.PPV.phsAB.rangeC.hhLim [CF]
IEDBiogasCHP/MMXU1.PPV.phsAB.rangeC.hhLim.i: 0
IEDBiogasCHP/MMXU1.PPV.phsAB.rangeC.hhLim.f: 0.0
IEDBiogasCHP/MMXU1.PPV.phsAB.rangeC.hLim [CF]
IEDBiogasCHP/MMXU1.PPV.phsAB.rangeC.hLim.i: 0
IEDBiogasCHP/MMXU1.PPV.phsAB.rangeC.hLim.f: 0.0
IEDBiogasCHP/MMXU1.PPV.phsAB.rangeC.lLim [CF]
IEDBiogasCHP/MMXU1.PPV.phsAB.rangeC.lLim.i: 0
IEDBiogasCHP/MMXU1.PPV.phsAB.rangeC.lLim.f: 0.0
IEDBiogasCHP/MMXU1.PPV.phsAB.rangeC.llLim [CF]
IEDBiogasCHP/MMXU1.PPV.phsAB.rangeC.llLim.i: 0
IEDBiogasCHP/MMXU1.PPV.phsAB.rangeC.llLim.f: 0.0
IEDBiogasCHP/MMXU1.PPV.phsAB.rangeC.min [CF]
IEDBiogasCHP/MMXU1.PPV.phsAB.rangeC.min.i: 0
IEDBiogasCHP/MMXU1.PPV.phsAB.rangeC.min.f: 0.0
IEDBiogasCHP/MMXU1.PPV.phsAB.rangeC.max [CF]
IEDBiogasCHP/MMXU1.PPV.phsAB.rangeC.max.i: 0
IEDBiogasCHP/MMXU1.PPV.phsAB.rangeC.max.f: 0.0
IEDBiogasCHP/MMXU1.PPV.phsAB.magSVC [CF]
IEDBiogasCHP/MMXU1.PPV.phsAB.magSVC.scaleFactor: 0.0
IEDBiogasCHP/MMXU1.PPV.phsAB.magSVC.offset: 0.0
IEDBiogasCHP/MMXU1.PPV.phsAB.angSVC [CF]
IEDBiogasCHP/MMXU1.PPV.phsAB.angSVC.scaleFactor: 0.0
IEDBiogasCHP/MMXU1.PPV.phsAB.angSVC.offset: 0.0
IEDBiogasCHP/MMXU1.PPV.phsAB.angRef: 0
IEDBiogasCHP/MMXU1.PPV.phsAB.smpRate: 0
IEDBiogasCHP/MMXU1.PPV.phsBC [CF]
IEDBiogasCHP/MMXU1.PPV.phsBC.units [CF]
IEDBiogasCHP/MMXU1.PPV.phsBC.units.SIUnit: 0
IEDBiogasCHP/MMXU1.PPV.phsBC.units.multiplier: 0
IEDBiogasCHP/MMXU1.PPV.phsBC.db: 0
IEDBiogasCHP/MMXU1.PPV.phsBC.zeroDb: 0
IEDBiogasCHP/MMXU1.PPV.phsBC.rangeC [CF]
IEDBiogasCHP/MMXU1.PPV.phsBC.rangeC.hhLim [CF]
IEDBiogasCHP/MMXU1.PPV.phsBC.rangeC.hhLim.i: 0
IEDBiogasCHP/MMXU1.PPV.phsBC.rangeC.hhLim.f: 0.0
IEDBiogasCHP/MMXU1.PPV.phsBC.rangeC.hLim [CF]
IEDBiogasCHP/MMXU1.PPV.phsBC.rangeC.hLim.i: 0
IEDBiogasCHP/MMXU1.PPV.phsBC.rangeC.hLim.f: 0.0
IEDBiogasCHP/MMXU1.PPV.phsBC.rangeC.lLim [CF]
IEDBiogasCHP/MMXU1.PPV.phsBC.rangeC.lLim.i: 0
IEDBiogasCHP/MMXU1.PPV.phsBC.rangeC.lLim.f: 0.0
IEDBiogasCHP/MMXU1.PPV.phsBC.rangeC.llLim [CF]
IEDBiogasCHP/MMXU1.PPV.phsBC.rangeC.llLim.i: 0
IEDBiogasCHP/MMXU1.PPV.phsBC.rangeC.llLim.f: 0.0
IEDBiogasCHP/MMXU1.PPV.phsBC.rangeC.min [CF]
IEDBiogasCHP/MMXU1.PPV.phsBC.rangeC.min.i: 0
IEDBiogasCHP/MMXU1.PPV.phsBC.rangeC.min.f: 0.0
IEDBiogasCHP/MMXU1.PPV.phsBC.rangeC.max [CF]
IEDBiogasCHP/MMXU1.PPV.phsBC.rangeC.max.i: 0
IEDBiogasCHP/MMXU1.PPV.phsBC.rangeC.max.f: 0.0
IEDBiogasCHP/MMXU1.PPV.phsBC.magSVC [CF]
IEDBiogasCHP/MMXU1.PPV.phsBC.magSVC.scaleFactor: 0.0
IEDBiogasCHP/MMXU1.PPV.phsBC.magSVC.offset: 0.0
IEDBiogasCHP/MMXU1.PPV.phsBC.angSVC [CF]
IEDBiogasCHP/MMXU1.PPV.phsBC.angSVC.scaleFactor: 0.0
IEDBiogasCHP/MMXU1.PPV.phsBC.angSVC.offset: 0.0
IEDBiogasCHP/MMXU1.PPV.phsBC.angRef: 0
IEDBiogasCHP/MMXU1.PPV.phsBC.smpRate: 0
IEDBiogasCHP/MMXU1.PPV.phsCA [CF]
IEDBiogasCHP/MMXU1.PPV.phsCA.units [CF]
IEDBiogasCHP/MMXU1.PPV.phsCA.units.SIUnit: 0
IEDBiogasCHP/MMXU1.PPV.phsCA.units.multiplier: 0
IEDBiogasCHP/MMXU1.PPV.phsCA.db: 0
IEDBiogasCHP/MMXU1.PPV.phsCA.zeroDb: 0
IEDBiogasCHP/MMXU1.PPV.phsCA.rangeC [CF]
IEDBiogasCHP/MMXU1.PPV.phsCA.rangeC.hhLim [CF]
IEDBiogasCHP/MMXU1.PPV.phsCA.rangeC.hhLim.i: 0
IEDBiogasCHP/MMXU1.PPV.phsCA.rangeC.hhLim.f: 0.0
IEDBiogasCHP/MMXU1.PPV.phsCA.rangeC.hLim [CF]
IEDBiogasCHP/MMXU1.PPV.phsCA.rangeC.hLim.i: 0
IEDBiogasCHP/MMXU1.PPV.phsCA.rangeC.hLim.f: 0.0
IEDBiogasCHP/MMXU1.PPV.phsCA.rangeC.lLim [CF]
IEDBiogasCHP/MMXU1.PPV.phsCA.rangeC.lLim.i: 0
IEDBiogasCHP/MMXU1.PPV.phsCA.rangeC.lLim.f: 0.0
IEDBiogasCHP/MMXU1.PPV.phsCA.rangeC.llLim [CF]
IEDBiogasCHP/MMXU1.PPV.phsCA.rangeC.llLim.i: 0
IEDBiogasCHP/MMXU1.PPV.phsCA.rangeC.llLim.f: 0.0
IEDBiogasCHP/MMXU1.PPV.phsCA.rangeC.min [CF]
IEDBiogasCHP/MMXU1.PPV.phsCA.rangeC.min.i: 0
IEDBiogasCHP/MMXU1.PPV.phsCA.rangeC.min.f: 0.0
IEDBiogasCHP/MMXU1.PPV.phsCA.rangeC.max [CF]
IEDBiogasCHP/MMXU1.PPV.phsCA.rangeC.max.i: 0
IEDBiogasCHP/MMXU1.PPV.phsCA.rangeC.max.f: 0.0
IEDBiogasCHP/MMXU1.PPV.phsCA.magSVC [CF]
IEDBiogasCHP/MMXU1.PPV.phsCA.magSVC.scaleFactor: 0.0
IEDBiogasCHP/MMXU1.PPV.phsCA.magSVC.offset: 0.0
IEDBiogasCHP/MMXU1.PPV.phsCA.angSVC [CF]
IEDBiogasCHP/MMXU1.PPV.phsCA.angSVC.scaleFactor: 0.0
IEDBiogasCHP/MMXU1.PPV.phsCA.angSVC.offset: 0.0
IEDBiogasCHP/MMXU1.PPV.phsCA.angRef: 0
IEDBiogasCHP/MMXU1.PPV.phsCA.smpRate: 0
14:23:47.084 [openiec61850-osi-server-7-thread-1] DEBUG com.beanit.openiec61850.ServerAssociation - sub BDA is:IEDBiogasCHP/MMXU1.PPV.angRef: 0
14:23:47.084 [openiec61850-osi-server-7-thread-1] DEBUG com.beanit.openiec61850.ServerAssociation - sub BDA is:IEDBiogasCHP/MMXU1.PPV.phsAB.units.SIUnit: 0
14:23:47.084 [openiec61850-osi-server-7-thread-1] DEBUG com.beanit.openiec61850.ServerAssociation - sub BDA is:IEDBiogasCHP/MMXU1.PPV.phsAB.units.multiplier: 0
14:23:47.084 [openiec61850-osi-server-7-thread-1] DEBUG com.beanit.openiec61850.ServerAssociation - sub BDA is:IEDBiogasCHP/MMXU1.PPV.phsAB.db: 0
14:23:47.084 [openiec61850-osi-server-7-thread-1] DEBUG com.beanit.openiec61850.ServerAssociation - sub BDA is:IEDBiogasCHP/MMXU1.PPV.phsAB.zeroDb: 0
14:23:47.084 [openiec61850-osi-server-7-thread-1] DEBUG com.beanit.openiec61850.ServerAssociation - sub BDA is:IEDBiogasCHP/MMXU1.PPV.phsAB.rangeC.hhLim.i: 0
14:23:47.084 [openiec61850-osi-server-7-thread-1] DEBUG com.beanit.openiec61850.ServerAssociation - sub BDA is:IEDBiogasCHP/MMXU1.PPV.phsAB.rangeC.hhLim.f: 0.0
14:23:47.084 [openiec61850-osi-server-7-thread-1] DEBUG com.beanit.openiec61850.ServerAssociation - sub BDA is:IEDBiogasCHP/MMXU1.PPV.phsAB.rangeC.hLim.i: 0
14:23:47.084 [openiec61850-osi-server-7-thread-1] DEBUG com.beanit.openiec61850.ServerAssociation - sub BDA is:IEDBiogasCHP/MMXU1.PPV.phsAB.rangeC.hLim.f: 0.0
14:23:47.084 [openiec61850-osi-server-7-thread-1] DEBUG com.beanit.openiec61850.ServerAssociation - sub BDA is:IEDBiogasCHP/MMXU1.PPV.phsAB.rangeC.lLim.i: 0
14:23:47.084 [openiec61850-osi-server-7-thread-1] DEBUG com.beanit.openiec61850.ServerAssociation - sub BDA is:IEDBiogasCHP/MMXU1.PPV.phsAB.rangeC.lLim.f: 0.0
14:23:47.084 [openiec61850-osi-server-7-thread-1] DEBUG com.beanit.openiec61850.ServerAssociation - sub BDA is:IEDBiogasCHP/MMXU1.PPV.phsAB.rangeC.llLim.i: 0
14:23:47.084 [openiec61850-osi-server-7-thread-1] DEBUG com.beanit.openiec61850.ServerAssociation - sub BDA is:IEDBiogasCHP/MMXU1.PPV.phsAB.rangeC.llLim.f: 0.0
14:23:47.084 [openiec61850-osi-server-7-thread-1] DEBUG com.beanit.openiec61850.ServerAssociation - sub BDA is:IEDBiogasCHP/MMXU1.PPV.phsAB.rangeC.min.i: 0
14:23:47.084 [openiec61850-osi-server-7-thread-1] DEBUG com.beanit.openiec61850.ServerAssociation - sub BDA is:IEDBiogasCHP/MMXU1.PPV.phsAB.rangeC.min.f: 0.0
14:23:47.084 [openiec61850-osi-server-7-thread-1] DEBUG com.beanit.openiec61850.ServerAssociation - sub BDA is:IEDBiogasCHP/MMXU1.PPV.phsAB.rangeC.max.i: 0
14:23:47.084 [openiec61850-osi-server-7-thread-1] DEBUG com.beanit.openiec61850.ServerAssociation - sub BDA is:IEDBiogasCHP/MMXU1.PPV.phsAB.rangeC.max.f: 0.0
14:23:47.084 [openiec61850-osi-server-7-thread-1] DEBUG com.beanit.openiec61850.ServerAssociation - sub BDA is:IEDBiogasCHP/MMXU1.PPV.phsAB.magSVC.scaleFactor: 0.0
14:23:47.084 [openiec61850-osi-server-7-thread-1] DEBUG com.beanit.openiec61850.ServerAssociation - sub BDA is:IEDBiogasCHP/MMXU1.PPV.phsAB.magSVC.offset: 0.0
14:23:47.084 [openiec61850-osi-server-7-thread-1] DEBUG com.beanit.openiec61850.ServerAssociation - sub BDA is:IEDBiogasCHP/MMXU1.PPV.phsAB.angSVC.scaleFactor: 0.0
14:23:47.084 [openiec61850-osi-server-7-thread-1] DEBUG com.beanit.openiec61850.ServerAssociation - sub BDA is:IEDBiogasCHP/MMXU1.PPV.phsAB.angSVC.offset: 0.0
14:23:47.084 [openiec61850-osi-server-7-thread-1] DEBUG com.beanit.openiec61850.ServerAssociation - sub BDA is:IEDBiogasCHP/MMXU1.PPV.phsAB.angRef: 0
14:23:47.084 [openiec61850-osi-server-7-thread-1] DEBUG com.beanit.openiec61850.ServerAssociation - sub BDA is:IEDBiogasCHP/MMXU1.PPV.phsAB.smpRate: 0
14:23:47.084 [openiec61850-osi-server-7-thread-1] DEBUG com.beanit.openiec61850.ServerAssociation - sub BDA is:IEDBiogasCHP/MMXU1.PPV.phsBC.units.SIUnit: 0
14:23:47.084 [openiec61850-osi-server-7-thread-1] DEBUG com.beanit.openiec61850.ServerAssociation - sub BDA is:IEDBiogasCHP/MMXU1.PPV.phsBC.units.multiplier: 0
14:23:47.084 [openiec61850-osi-server-7-thread-1] DEBUG com.beanit.openiec61850.ServerAssociation - sub BDA is:IEDBiogasCHP/MMXU1.PPV.phsBC.db: 0
14:23:47.084 [openiec61850-osi-server-7-thread-1] DEBUG com.beanit.openiec61850.ServerAssociation - sub BDA is:IEDBiogasCHP/MMXU1.PPV.phsBC.zeroDb: 0
14:23:47.084 [openiec61850-osi-server-7-thread-1] DEBUG com.beanit.openiec61850.ServerAssociation - sub BDA is:IEDBiogasCHP/MMXU1.PPV.phsBC.rangeC.hhLim.i: 0
14:23:47.084 [openiec61850-osi-server-7-thread-1] DEBUG com.beanit.openiec61850.ServerAssociation - sub BDA is:IEDBiogasCHP/MMXU1.PPV.phsBC.rangeC.hhLim.f: 0.0
14:23:47.084 [openiec61850-osi-server-7-thread-1] DEBUG com.beanit.openiec61850.ServerAssociation - sub BDA is:IEDBiogasCHP/MMXU1.PPV.phsBC.rangeC.hLim.i: 0
14:23:47.084 [openiec61850-osi-server-7-thread-1] DEBUG com.beanit.openiec61850.ServerAssociation - sub BDA is:IEDBiogasCHP/MMXU1.PPV.phsBC.rangeC.hLim.f: 0.0
14:23:47.084 [openiec61850-osi-server-7-thread-1] DEBUG com.beanit.openiec61850.ServerAssociation - sub BDA is:IEDBiogasCHP/MMXU1.PPV.phsBC.rangeC.lLim.i: 0
14:23:47.084 [openiec61850-osi-server-7-thread-1] DEBUG com.beanit.openiec61850.ServerAssociation - sub BDA is:IEDBiogasCHP/MMXU1.PPV.phsBC.rangeC.lLim.f: 0.0
14:23:47.084 [openiec61850-osi-server-7-thread-1] DEBUG com.beanit.openiec61850.ServerAssociation - sub BDA is:IEDBiogasCHP/MMXU1.PPV.phsBC.rangeC.llLim.i: 0
14:23:47.084 [openiec61850-osi-server-7-thread-1] DEBUG com.beanit.openiec61850.ServerAssociation - sub BDA is:IEDBiogasCHP/MMXU1.PPV.phsBC.rangeC.llLim.f: 0.0
14:23:47.084 [openiec61850-osi-server-7-thread-1] DEBUG com.beanit.openiec61850.ServerAssociation - sub BDA is:IEDBiogasCHP/MMXU1.PPV.phsBC.rangeC.min.i: 0
14:23:47.084 [openiec61850-osi-server-7-thread-1] DEBUG com.beanit.openiec61850.ServerAssociation - sub BDA is:IEDBiogasCHP/MMXU1.PPV.phsBC.rangeC.min.f: 0.0
14:23:47.084 [openiec61850-osi-server-7-thread-1] DEBUG com.beanit.openiec61850.ServerAssociation - sub BDA is:IEDBiogasCHP/MMXU1.PPV.phsBC.rangeC.max.i: 0
14:23:47.084 [openiec61850-osi-server-7-thread-1] DEBUG com.beanit.openiec61850.ServerAssociation - sub BDA is:IEDBiogasCHP/MMXU1.PPV.phsBC.rangeC.max.f: 0.0
14:23:47.084 [openiec61850-osi-server-7-thread-1] DEBUG com.beanit.openiec61850.ServerAssociation - sub BDA is:IEDBiogasCHP/MMXU1.PPV.phsBC.magSVC.scaleFactor: 0.0
14:23:47.084 [openiec61850-osi-server-7-thread-1] DEBUG com.beanit.openiec61850.ServerAssociation - sub BDA is:IEDBiogasCHP/MMXU1.PPV.phsBC.magSVC.offset: 0.0
14:23:47.084 [openiec61850-osi-server-7-thread-1] DEBUG com.beanit.openiec61850.ServerAssociation - sub BDA is:IEDBiogasCHP/MMXU1.PPV.phsBC.angSVC.scaleFactor: 0.0
14:23:47.084 [openiec61850-osi-server-7-thread-1] DEBUG com.beanit.openiec61850.ServerAssociation - sub BDA is:IEDBiogasCHP/MMXU1.PPV.phsBC.angSVC.offset: 0.0
14:23:47.084 [openiec61850-osi-server-7-thread-1] DEBUG com.beanit.openiec61850.ServerAssociation - sub BDA is:IEDBiogasCHP/MMXU1.PPV.phsBC.angRef: 0
14:23:47.084 [openiec61850-osi-server-7-thread-1] DEBUG com.beanit.openiec61850.ServerAssociation - sub BDA is:IEDBiogasCHP/MMXU1.PPV.phsBC.smpRate: 0
14:23:47.084 [openiec61850-osi-server-7-thread-1] DEBUG com.beanit.openiec61850.ServerAssociation - sub BDA is:IEDBiogasCHP/MMXU1.PPV.phsCA.units.SIUnit: 0
14:23:47.084 [openiec61850-osi-server-7-thread-1] DEBUG com.beanit.openiec61850.ServerAssociation - sub BDA is:IEDBiogasCHP/MMXU1.PPV.phsCA.units.multiplier: 0
14:23:47.084 [openiec61850-osi-server-7-thread-1] DEBUG com.beanit.openiec61850.ServerAssociation - sub BDA is:IEDBiogasCHP/MMXU1.PPV.phsCA.db: 0
14:23:47.084 [openiec61850-osi-server-7-thread-1] DEBUG com.beanit.openiec61850.ServerAssociation - sub BDA is:IEDBiogasCHP/MMXU1.PPV.phsCA.zeroDb: 0
14:23:47.084 [openiec61850-osi-server-7-thread-1] DEBUG com.beanit.openiec61850.ServerAssociation - sub BDA is:IEDBiogasCHP/MMXU1.PPV.phsCA.rangeC.hhLim.i: 0
14:23:47.084 [openiec61850-osi-server-7-thread-1] DEBUG com.beanit.openiec61850.ServerAssociation - sub BDA is:IEDBiogasCHP/MMXU1.PPV.phsCA.rangeC.hhLim.f: 0.0
14:23:47.084 [openiec61850-osi-server-7-thread-1] DEBUG com.beanit.openiec61850.ServerAssociation - sub BDA is:IEDBiogasCHP/MMXU1.PPV.phsCA.rangeC.hLim.i: 0
14:23:47.084 [openiec61850-osi-server-7-thread-1] DEBUG com.beanit.openiec61850.ServerAssociation - sub BDA is:IEDBiogasCHP/MMXU1.PPV.phsCA.rangeC.hLim.f: 0.0
14:23:47.084 [openiec61850-osi-server-7-thread-1] DEBUG com.beanit.openiec61850.ServerAssociation - sub BDA is:IEDBiogasCHP/MMXU1.PPV.phsCA.rangeC.lLim.i: 0
14:23:47.084 [openiec61850-osi-server-7-thread-1] DEBUG com.beanit.openiec61850.ServerAssociation - sub BDA is:IEDBiogasCHP/MMXU1.PPV.phsCA.rangeC.lLim.f: 0.0
14:23:47.084 [openiec61850-osi-server-7-thread-1] DEBUG com.beanit.openiec61850.ServerAssociation - sub BDA is:IEDBiogasCHP/MMXU1.PPV.phsCA.rangeC.llLim.i: 0
14:23:47.084 [openiec61850-osi-server-7-thread-1] DEBUG com.beanit.openiec61850.ServerAssociation - sub BDA is:IEDBiogasCHP/MMXU1.PPV.phsCA.rangeC.llLim.f: 0.0
14:23:47.084 [openiec61850-osi-server-7-thread-1] DEBUG com.beanit.openiec61850.ServerAssociation - sub BDA is:IEDBiogasCHP/MMXU1.PPV.phsCA.rangeC.min.i: 0
14:23:47.084 [openiec61850-osi-server-7-thread-1] DEBUG com.beanit.openiec61850.ServerAssociation - sub BDA is:IEDBiogasCHP/MMXU1.PPV.phsCA.rangeC.min.f: 0.0
14:23:47.084 [openiec61850-osi-server-7-thread-1] DEBUG com.beanit.openiec61850.ServerAssociation - sub BDA is:IEDBiogasCHP/MMXU1.PPV.phsCA.rangeC.max.i: 0
14:23:47.084 [openiec61850-osi-server-7-thread-1] DEBUG com.beanit.openiec61850.ServerAssociation - sub BDA is:IEDBiogasCHP/MMXU1.PPV.phsCA.rangeC.max.f: 0.0
14:23:47.084 [openiec61850-osi-server-7-thread-1] DEBUG com.beanit.openiec61850.ServerAssociation - sub BDA is:IEDBiogasCHP/MMXU1.PPV.phsCA.magSVC.scaleFactor: 0.0
14:23:47.084 [openiec61850-osi-server-7-thread-1] DEBUG com.beanit.openiec61850.ServerAssociation - sub BDA is:IEDBiogasCHP/MMXU1.PPV.phsCA.magSVC.offset: 0.0
14:23:47.084 [openiec61850-osi-server-7-thread-1] DEBUG com.beanit.openiec61850.ServerAssociation - sub BDA is:IEDBiogasCHP/MMXU1.PPV.phsCA.angSVC.scaleFactor: 0.0
14:23:47.084 [openiec61850-osi-server-7-thread-1] DEBUG com.beanit.openiec61850.ServerAssociation - sub BDA is:IEDBiogasCHP/MMXU1.PPV.phsCA.angSVC.offset: 0.0
14:23:47.084 [openiec61850-osi-server-7-thread-1] DEBUG com.beanit.openiec61850.ServerAssociation - sub BDA is:IEDBiogasCHP/MMXU1.PPV.phsCA.angRef: 0
14:23:47.084 [openiec61850-osi-server-7-thread-1] DEBUG com.beanit.openiec61850.ServerAssociation - sub BDA is:IEDBiogasCHP/MMXU1.PPV.phsCA.smpRate: 0
calling GetDataValues(IEDBiogasCHP/MMXU1.PPV.angRef)
14:23:47.085 [openiec61850-osi-server-7-thread-1] DEBUG com.beanit.openiec61850.ServerAssociation - Got a GetDataValues request for node: IEDBiogasCHP/MMXU1.PPV.angRef: 0
calling GetDataValues(IEDBiogasCHP/MMXU1.PPV.phsAB)
14:23:47.085 [openiec61850-osi-server-7-thread-1] DEBUG com.beanit.openiec61850.ServerAssociation - Got a GetDataValues request for node: IEDBiogasCHP/MMXU1.PPV.phsAB [CF]
IEDBiogasCHP/MMXU1.PPV.phsAB.units [CF]
IEDBiogasCHP/MMXU1.PPV.phsAB.units.SIUnit: 0
IEDBiogasCHP/MMXU1.PPV.phsAB.units.multiplier: 0
IEDBiogasCHP/MMXU1.PPV.phsAB.db: 0
IEDBiogasCHP/MMXU1.PPV.phsAB.zeroDb: 0
IEDBiogasCHP/MMXU1.PPV.phsAB.rangeC [CF]
IEDBiogasCHP/MMXU1.PPV.phsAB.rangeC.hhLim [CF]
IEDBiogasCHP/MMXU1.PPV.phsAB.rangeC.hhLim.i: 0
IEDBiogasCHP/MMXU1.PPV.phsAB.rangeC.hhLim.f: 0.0
IEDBiogasCHP/MMXU1.PPV.phsAB.rangeC.hLim [CF]
IEDBiogasCHP/MMXU1.PPV.phsAB.rangeC.hLim.i: 0
IEDBiogasCHP/MMXU1.PPV.phsAB.rangeC.hLim.f: 0.0
IEDBiogasCHP/MMXU1.PPV.phsAB.rangeC.lLim [CF]
IEDBiogasCHP/MMXU1.PPV.phsAB.rangeC.lLim.i: 0
IEDBiogasCHP/MMXU1.PPV.phsAB.rangeC.lLim.f: 0.0
IEDBiogasCHP/MMXU1.PPV.phsAB.rangeC.llLim [CF]
IEDBiogasCHP/MMXU1.PPV.phsAB.rangeC.llLim.i: 0
IEDBiogasCHP/MMXU1.PPV.phsAB.rangeC.llLim.f: 0.0
IEDBiogasCHP/MMXU1.PPV.phsAB.rangeC.min [CF]
IEDBiogasCHP/MMXU1.PPV.phsAB.rangeC.min.i: 0
IEDBiogasCHP/MMXU1.PPV.phsAB.rangeC.min.f: 0.0
IEDBiogasCHP/MMXU1.PPV.phsAB.rangeC.max [CF]
IEDBiogasCHP/MMXU1.PPV.phsAB.rangeC.max.i: 0
IEDBiogasCHP/MMXU1.PPV.phsAB.rangeC.max.f: 0.0
IEDBiogasCHP/MMXU1.PPV.phsAB.magSVC [CF]
IEDBiogasCHP/MMXU1.PPV.phsAB.magSVC.scaleFactor: 0.0
IEDBiogasCHP/MMXU1.PPV.phsAB.magSVC.offset: 0.0
IEDBiogasCHP/MMXU1.PPV.phsAB.angSVC [CF]
IEDBiogasCHP/MMXU1.PPV.phsAB.angSVC.scaleFactor: 0.0
IEDBiogasCHP/MMXU1.PPV.phsAB.angSVC.offset: 0.0
IEDBiogasCHP/MMXU1.PPV.phsAB.angRef: 0
IEDBiogasCHP/MMXU1.PPV.phsAB.smpRate: 0
14:23:47.085 [openiec61850-osi-server-7-thread-1] DEBUG com.beanit.openiec61850.ServerAssociation - sub BDA is:IEDBiogasCHP/MMXU1.PPV.phsAB.units.SIUnit: 0
14:23:47.085 [openiec61850-osi-server-7-thread-1] DEBUG com.beanit.openiec61850.ServerAssociation - sub BDA is:IEDBiogasCHP/MMXU1.PPV.phsAB.units.multiplier: 0
14:23:47.085 [openiec61850-osi-server-7-thread-1] DEBUG com.beanit.openiec61850.ServerAssociation - sub BDA is:IEDBiogasCHP/MMXU1.PPV.phsAB.db: 0
14:23:47.085 [openiec61850-osi-server-7-thread-1] DEBUG com.beanit.openiec61850.ServerAssociation - sub BDA is:IEDBiogasCHP/MMXU1.PPV.phsAB.zeroDb: 0
14:23:47.085 [openiec61850-osi-server-7-thread-1] DEBUG com.beanit.openiec61850.ServerAssociation - sub BDA is:IEDBiogasCHP/MMXU1.PPV.phsAB.rangeC.hhLim.i: 0
14:23:47.085 [openiec61850-osi-server-7-thread-1] DEBUG com.beanit.openiec61850.ServerAssociation - sub BDA is:IEDBiogasCHP/MMXU1.PPV.phsAB.rangeC.hhLim.f: 0.0
14:23:47.085 [openiec61850-osi-server-7-thread-1] DEBUG com.beanit.openiec61850.ServerAssociation - sub BDA is:IEDBiogasCHP/MMXU1.PPV.phsAB.rangeC.hLim.i: 0
14:23:47.085 [openiec61850-osi-server-7-thread-1] DEBUG com.beanit.openiec61850.ServerAssociation - sub BDA is:IEDBiogasCHP/MMXU1.PPV.phsAB.rangeC.hLim.f: 0.0
14:23:47.085 [openiec61850-osi-server-7-thread-1] DEBUG com.beanit.openiec61850.ServerAssociation - sub BDA is:IEDBiogasCHP/MMXU1.PPV.phsAB.rangeC.lLim.i: 0
14:23:47.085 [openiec61850-osi-server-7-thread-1] DEBUG com.beanit.openiec61850.ServerAssociation - sub BDA is:IEDBiogasCHP/MMXU1.PPV.phsAB.rangeC.lLim.f: 0.0
14:23:47.085 [openiec61850-osi-server-7-thread-1] DEBUG com.beanit.openiec61850.ServerAssociation - sub BDA is:IEDBiogasCHP/MMXU1.PPV.phsAB.rangeC.llLim.i: 0
14:23:47.085 [openiec61850-osi-server-7-thread-1] DEBUG com.beanit.openiec61850.ServerAssociation - sub BDA is:IEDBiogasCHP/MMXU1.PPV.phsAB.rangeC.llLim.f: 0.0
14:23:47.085 [openiec61850-osi-server-7-thread-1] DEBUG com.beanit.openiec61850.ServerAssociation - sub BDA is:IEDBiogasCHP/MMXU1.PPV.phsAB.rangeC.min.i: 0
14:23:47.085 [openiec61850-osi-server-7-thread-1] DEBUG com.beanit.openiec61850.ServerAssociation - sub BDA is:IEDBiogasCHP/MMXU1.PPV.phsAB.rangeC.min.f: 0.0
14:23:47.085 [openiec61850-osi-server-7-thread-1] DEBUG com.beanit.openiec61850.ServerAssociation - sub BDA is:IEDBiogasCHP/MMXU1.PPV.phsAB.rangeC.max.i: 0
14:23:47.085 [openiec61850-osi-server-7-thread-1] DEBUG com.beanit.openiec61850.ServerAssociation - sub BDA is:IEDBiogasCHP/MMXU1.PPV.phsAB.rangeC.max.f: 0.0
14:23:47.085 [openiec61850-osi-server-7-thread-1] DEBUG com.beanit.openiec61850.ServerAssociation - sub BDA is:IEDBiogasCHP/MMXU1.PPV.phsAB.magSVC.scaleFactor: 0.0
14:23:47.085 [openiec61850-osi-server-7-thread-1] DEBUG com.beanit.openiec61850.ServerAssociation - sub BDA is:IEDBiogasCHP/MMXU1.PPV.phsAB.magSVC.offset: 0.0
14:23:47.085 [openiec61850-osi-server-7-thread-1] DEBUG com.beanit.openiec61850.ServerAssociation - sub BDA is:IEDBiogasCHP/MMXU1.PPV.phsAB.angSVC.scaleFactor: 0.0
14:23:47.085 [openiec61850-osi-server-7-thread-1] DEBUG com.beanit.openiec61850.ServerAssociation - sub BDA is:IEDBiogasCHP/MMXU1.PPV.phsAB.angSVC.offset: 0.0
14:23:47.085 [openiec61850-osi-server-7-thread-1] DEBUG com.beanit.openiec61850.ServerAssociation - sub BDA is:IEDBiogasCHP/MMXU1.PPV.phsAB.angRef: 0
14:23:47.085 [openiec61850-osi-server-7-thread-1] DEBUG com.beanit.openiec61850.ServerAssociation - sub BDA is:IEDBiogasCHP/MMXU1.PPV.phsAB.smpRate: 0
calling GetDataValues(IEDBiogasCHP/MMXU1.PPV.phsAB.units)
14:23:47.085 [openiec61850-osi-server-7-thread-1] DEBUG com.beanit.openiec61850.ServerAssociation - Got a GetDataValues request for node: IEDBiogasCHP/MMXU1.PPV.phsAB.units [CF]
IEDBiogasCHP/MMXU1.PPV.phsAB.units.SIUnit: 0
IEDBiogasCHP/MMXU1.PPV.phsAB.units.multiplier: 0
14:23:47.085 [openiec61850-osi-server-7-thread-1] DEBUG com.beanit.openiec61850.ServerAssociation - sub BDA is:IEDBiogasCHP/MMXU1.PPV.phsAB.units.SIUnit: 0
14:23:47.085 [openiec61850-osi-server-7-thread-1] DEBUG com.beanit.openiec61850.ServerAssociation - sub BDA is:IEDBiogasCHP/MMXU1.PPV.phsAB.units.multiplier: 0
calling GetDataValues(IEDBiogasCHP/MMXU1.PPV.phsAB.units.SIUnit)
14:23:47.085 [openiec61850-osi-server-7-thread-1] DEBUG com.beanit.openiec61850.ServerAssociation - Got a GetDataValues request for node: IEDBiogasCHP/MMXU1.PPV.phsAB.units.SIUnit: 0
calling GetDataValues(IEDBiogasCHP/MMXU1.PPV.phsAB.units.multiplier)
14:23:47.085 [openiec61850-osi-server-7-thread-1] DEBUG com.beanit.openiec61850.ServerAssociation - Got a GetDataValues request for node: IEDBiogasCHP/MMXU1.PPV.phsAB.units.multiplier: 0
calling GetDataValues(IEDBiogasCHP/MMXU1.PPV.phsAB.db)
14:23:47.085 [openiec61850-osi-server-7-thread-1] DEBUG com.beanit.openiec61850.ServerAssociation - Got a GetDataValues request for node: IEDBiogasCHP/MMXU1.PPV.phsAB.db: 0
calling GetDataValues(IEDBiogasCHP/MMXU1.PPV.phsAB.zeroDb)
14:23:47.086 [openiec61850-osi-server-7-thread-1] DEBUG com.beanit.openiec61850.ServerAssociation - Got a GetDataValues request for node: IEDBiogasCHP/MMXU1.PPV.phsAB.zeroDb: 0
calling GetDataValues(IEDBiogasCHP/MMXU1.PPV.phsAB.rangeC)
14:23:47.086 [openiec61850-osi-server-7-thread-1] DEBUG com.beanit.openiec61850.ServerAssociation - Got a GetDataValues request for node: IEDBiogasCHP/MMXU1.PPV.phsAB.rangeC [CF]
IEDBiogasCHP/MMXU1.PPV.phsAB.rangeC.hhLim [CF]
IEDBiogasCHP/MMXU1.PPV.phsAB.rangeC.hhLim.i: 0
IEDBiogasCHP/MMXU1.PPV.phsAB.rangeC.hhLim.f: 0.0
IEDBiogasCHP/MMXU1.PPV.phsAB.rangeC.hLim [CF]
IEDBiogasCHP/MMXU1.PPV.phsAB.rangeC.hLim.i: 0
IEDBiogasCHP/MMXU1.PPV.phsAB.rangeC.hLim.f: 0.0
IEDBiogasCHP/MMXU1.PPV.phsAB.rangeC.lLim [CF]
IEDBiogasCHP/MMXU1.PPV.phsAB.rangeC.lLim.i: 0
IEDBiogasCHP/MMXU1.PPV.phsAB.rangeC.lLim.f: 0.0
IEDBiogasCHP/MMXU1.PPV.phsAB.rangeC.llLim [CF]
IEDBiogasCHP/MMXU1.PPV.phsAB.rangeC.llLim.i: 0
IEDBiogasCHP/MMXU1.PPV.phsAB.rangeC.llLim.f: 0.0
IEDBiogasCHP/MMXU1.PPV.phsAB.rangeC.min [CF]
IEDBiogasCHP/MMXU1.PPV.phsAB.rangeC.min.i: 0
IEDBiogasCHP/MMXU1.PPV.phsAB.rangeC.min.f: 0.0
IEDBiogasCHP/MMXU1.PPV.phsAB.rangeC.max [CF]
IEDBiogasCHP/MMXU1.PPV.phsAB.rangeC.max.i: 0
IEDBiogasCHP/MMXU1.PPV.phsAB.rangeC.max.f: 0.0
14:23:47.086 [openiec61850-osi-server-7-thread-1] DEBUG com.beanit.openiec61850.ServerAssociation - sub BDA is:IEDBiogasCHP/MMXU1.PPV.phsAB.rangeC.hhLim.i: 0
14:23:47.086 [openiec61850-osi-server-7-thread-1] DEBUG com.beanit.openiec61850.ServerAssociation - sub BDA is:IEDBiogasCHP/MMXU1.PPV.phsAB.rangeC.hhLim.f: 0.0
14:23:47.086 [openiec61850-osi-server-7-thread-1] DEBUG com.beanit.openiec61850.ServerAssociation - sub BDA is:IEDBiogasCHP/MMXU1.PPV.phsAB.rangeC.hLim.i: 0
14:23:47.086 [openiec61850-osi-server-7-thread-1] DEBUG com.beanit.openiec61850.ServerAssociation - sub BDA is:IEDBiogasCHP/MMXU1.PPV.phsAB.rangeC.hLim.f: 0.0
14:23:47.086 [openiec61850-osi-server-7-thread-1] DEBUG com.beanit.openiec61850.ServerAssociation - sub BDA is:IEDBiogasCHP/MMXU1.PPV.phsAB.rangeC.lLim.i: 0
14:23:47.086 [openiec61850-osi-server-7-thread-1] DEBUG com.beanit.openiec61850.ServerAssociation - sub BDA is:IEDBiogasCHP/MMXU1.PPV.phsAB.rangeC.lLim.f: 0.0
14:23:47.086 [openiec61850-osi-server-7-thread-1] DEBUG com.beanit.openiec61850.ServerAssociation - sub BDA is:IEDBiogasCHP/MMXU1.PPV.phsAB.rangeC.llLim.i: 0
14:23:47.086 [openiec61850-osi-server-7-thread-1] DEBUG com.beanit.openiec61850.ServerAssociation - sub BDA is:IEDBiogasCHP/MMXU1.PPV.phsAB.rangeC.llLim.f: 0.0
14:23:47.086 [openiec61850-osi-server-7-thread-1] DEBUG com.beanit.openiec61850.ServerAssociation - sub BDA is:IEDBiogasCHP/MMXU1.PPV.phsAB.rangeC.min.i: 0
14:23:47.086 [openiec61850-osi-server-7-thread-1] DEBUG com.beanit.openiec61850.ServerAssociation - sub BDA is:IEDBiogasCHP/MMXU1.PPV.phsAB.rangeC.min.f: 0.0
14:23:47.086 [openiec61850-osi-server-7-thread-1] DEBUG com.beanit.openiec61850.ServerAssociation - sub BDA is:IEDBiogasCHP/MMXU1.PPV.phsAB.rangeC.max.i: 0
14:23:47.086 [openiec61850-osi-server-7-thread-1] DEBUG com.beanit.openiec61850.ServerAssociation - sub BDA is:IEDBiogasCHP/MMXU1.PPV.phsAB.rangeC.max.f: 0.0
calling GetDataValues(IEDBiogasCHP/MMXU1.PPV.phsAB.rangeC.hhLim)
14:23:47.086 [openiec61850-osi-server-7-thread-1] DEBUG com.beanit.openiec61850.ServerAssociation - Got a GetDataValues request for node: IEDBiogasCHP/MMXU1.PPV.phsAB.rangeC.hhLim [CF]
IEDBiogasCHP/MMXU1.PPV.phsAB.rangeC.hhLim.i: 0
IEDBiogasCHP/MMXU1.PPV.phsAB.rangeC.hhLim.f: 0.0
14:23:47.086 [openiec61850-osi-server-7-thread-1] DEBUG com.beanit.openiec61850.ServerAssociation - sub BDA is:IEDBiogasCHP/MMXU1.PPV.phsAB.rangeC.hhLim.i: 0
14:23:47.086 [openiec61850-osi-server-7-thread-1] DEBUG com.beanit.openiec61850.ServerAssociation - sub BDA is:IEDBiogasCHP/MMXU1.PPV.phsAB.rangeC.hhLim.f: 0.0
calling GetDataValues(IEDBiogasCHP/MMXU1.PPV.phsAB.rangeC.hhLim.i)
14:23:47.086 [openiec61850-osi-server-7-thread-1] DEBUG com.beanit.openiec61850.ServerAssociation - Got a GetDataValues request for node: IEDBiogasCHP/MMXU1.PPV.phsAB.rangeC.hhLim.i: 0
calling GetDataValues(IEDBiogasCHP/MMXU1.PPV.phsAB.rangeC.hhLim.f)
14:23:47.086 [openiec61850-osi-server-7-thread-1] DEBUG com.beanit.openiec61850.ServerAssociation - Got a GetDataValues request for node: IEDBiogasCHP/MMXU1.PPV.phsAB.rangeC.hhLim.f: 0.0
calling GetDataValues(IEDBiogasCHP/MMXU1.PPV.phsAB.rangeC.hLim)
14:23:47.086 [openiec61850-osi-server-7-thread-1] DEBUG com.beanit.openiec61850.ServerAssociation - Got a GetDataValues request for node: IEDBiogasCHP/MMXU1.PPV.phsAB.rangeC.hLim [CF]
IEDBiogasCHP/MMXU1.PPV.phsAB.rangeC.hLim.i: 0
IEDBiogasCHP/MMXU1.PPV.phsAB.rangeC.hLim.f: 0.0
14:23:47.086 [openiec61850-osi-server-7-thread-1] DEBUG com.beanit.openiec61850.ServerAssociation - sub BDA is:IEDBiogasCHP/MMXU1.PPV.phsAB.rangeC.hLim.i: 0
14:23:47.086 [openiec61850-osi-server-7-thread-1] DEBUG com.beanit.openiec61850.ServerAssociation - sub BDA is:IEDBiogasCHP/MMXU1.PPV.phsAB.rangeC.hLim.f: 0.0
calling GetDataValues(IEDBiogasCHP/MMXU1.PPV.phsAB.rangeC.hLim.i)
14:23:47.087 [openiec61850-osi-server-7-thread-1] DEBUG com.beanit.openiec61850.ServerAssociation - Got a GetDataValues request for node: IEDBiogasCHP/MMXU1.PPV.phsAB.rangeC.hLim.i: 0
calling GetDataValues(IEDBiogasCHP/MMXU1.PPV.phsAB.rangeC.hLim.f)
14:23:47.087 [openiec61850-osi-server-7-thread-1] DEBUG com.beanit.openiec61850.ServerAssociation - Got a GetDataValues request for node: IEDBiogasCHP/MMXU1.PPV.phsAB.rangeC.hLim.f: 0.0
calling GetDataValues(IEDBiogasCHP/MMXU1.PPV.phsAB.rangeC.lLim)
14:23:47.087 [openiec61850-osi-server-7-thread-1] DEBUG com.beanit.openiec61850.ServerAssociation - Got a GetDataValues request for node: IEDBiogasCHP/MMXU1.PPV.phsAB.rangeC.lLim [CF]
IEDBiogasCHP/MMXU1.PPV.phsAB.rangeC.lLim.i: 0
IEDBiogasCHP/MMXU1.PPV.phsAB.rangeC.lLim.f: 0.0
14:23:47.087 [openiec61850-osi-server-7-thread-1] DEBUG com.beanit.openiec61850.ServerAssociation - sub BDA is:IEDBiogasCHP/MMXU1.PPV.phsAB.rangeC.lLim.i: 0
14:23:47.087 [openiec61850-osi-server-7-thread-1] DEBUG com.beanit.openiec61850.ServerAssociation - sub BDA is:IEDBiogasCHP/MMXU1.PPV.phsAB.rangeC.lLim.f: 0.0
calling GetDataValues(IEDBiogasCHP/MMXU1.PPV.phsAB.rangeC.lLim.i)
14:23:47.087 [openiec61850-osi-server-7-thread-1] DEBUG com.beanit.openiec61850.ServerAssociation - Got a GetDataValues request for node: IEDBiogasCHP/MMXU1.PPV.phsAB.rangeC.lLim.i: 0
calling GetDataValues(IEDBiogasCHP/MMXU1.PPV.phsAB.rangeC.lLim.f)
14:23:47.087 [openiec61850-osi-server-7-thread-1] DEBUG com.beanit.openiec61850.ServerAssociation - Got a GetDataValues request for node: IEDBiogasCHP/MMXU1.PPV.phsAB.rangeC.lLim.f: 0.0
calling GetDataValues(IEDBiogasCHP/MMXU1.PPV.phsAB.rangeC.llLim)
14:23:47.087 [openiec61850-osi-server-7-thread-1] DEBUG com.beanit.openiec61850.ServerAssociation - Got a GetDataValues request for node: IEDBiogasCHP/MMXU1.PPV.phsAB.rangeC.llLim [CF]
IEDBiogasCHP/MMXU1.PPV.phsAB.rangeC.llLim.i: 0
IEDBiogasCHP/MMXU1.PPV.phsAB.rangeC.llLim.f: 0.0
14:23:47.087 [openiec61850-osi-server-7-thread-1] DEBUG com.beanit.openiec61850.ServerAssociation - sub BDA is:IEDBiogasCHP/MMXU1.PPV.phsAB.rangeC.llLim.i: 0
14:23:47.087 [openiec61850-osi-server-7-thread-1] DEBUG com.beanit.openiec61850.ServerAssociation - sub BDA is:IEDBiogasCHP/MMXU1.PPV.phsAB.rangeC.llLim.f: 0.0
calling GetDataValues(IEDBiogasCHP/MMXU1.PPV.phsAB.rangeC.llLim.i)
14:23:47.087 [openiec61850-osi-server-7-thread-1] DEBUG com.beanit.openiec61850.ServerAssociation - Got a GetDataValues request for node: IEDBiogasCHP/MMXU1.PPV.phsAB.rangeC.llLim.i: 0
calling GetDataValues(IEDBiogasCHP/MMXU1.PPV.phsAB.rangeC.llLim.f)
14:23:47.088 [openiec61850-osi-server-7-thread-1] DEBUG com.beanit.openiec61850.ServerAssociation - Got a GetDataValues request for node: IEDBiogasCHP/MMXU1.PPV.phsAB.rangeC.llLim.f: 0.0
calling GetDataValues(IEDBiogasCHP/MMXU1.PPV.phsAB.rangeC.min)
14:23:47.088 [openiec61850-osi-server-7-thread-1] DEBUG com.beanit.openiec61850.ServerAssociation - Got a GetDataValues request for node: IEDBiogasCHP/MMXU1.PPV.phsAB.rangeC.min [CF]
IEDBiogasCHP/MMXU1.PPV.phsAB.rangeC.min.i: 0
IEDBiogasCHP/MMXU1.PPV.phsAB.rangeC.min.f: 0.0
14:23:47.088 [openiec61850-osi-server-7-thread-1] DEBUG com.beanit.openiec61850.ServerAssociation - sub BDA is:IEDBiogasCHP/MMXU1.PPV.phsAB.rangeC.min.i: 0
14:23:47.088 [openiec61850-osi-server-7-thread-1] DEBUG com.beanit.openiec61850.ServerAssociation - sub BDA is:IEDBiogasCHP/MMXU1.PPV.phsAB.rangeC.min.f: 0.0
calling GetDataValues(IEDBiogasCHP/MMXU1.PPV.phsAB.rangeC.min.i)
14:23:47.088 [openiec61850-osi-server-7-thread-1] DEBUG com.beanit.openiec61850.ServerAssociation - Got a GetDataValues request for node: IEDBiogasCHP/MMXU1.PPV.phsAB.rangeC.min.i: 0
calling GetDataValues(IEDBiogasCHP/MMXU1.PPV.phsAB.rangeC.min.f)
14:23:47.088 [openiec61850-osi-server-7-thread-1] DEBUG com.beanit.openiec61850.ServerAssociation - Got a GetDataValues request for node: IEDBiogasCHP/MMXU1.PPV.phsAB.rangeC.min.f: 0.0
calling GetDataValues(IEDBiogasCHP/MMXU1.PPV.phsAB.rangeC.max)
14:23:47.088 [openiec61850-osi-server-7-thread-1] DEBUG com.beanit.openiec61850.ServerAssociation - Got a GetDataValues request for node: IEDBiogasCHP/MMXU1.PPV.phsAB.rangeC.max [CF]
IEDBiogasCHP/MMXU1.PPV.phsAB.rangeC.max.i: 0
IEDBiogasCHP/MMXU1.PPV.phsAB.rangeC.max.f: 0.0
14:23:47.088 [openiec61850-osi-server-7-thread-1] DEBUG com.beanit.openiec61850.ServerAssociation - sub BDA is:IEDBiogasCHP/MMXU1.PPV.phsAB.rangeC.max.i: 0
14:23:47.088 [openiec61850-osi-server-7-thread-1] DEBUG com.beanit.openiec61850.ServerAssociation - sub BDA is:IEDBiogasCHP/MMXU1.PPV.phsAB.rangeC.max.f: 0.0
calling GetDataValues(IEDBiogasCHP/MMXU1.PPV.phsAB.rangeC.max.i)
14:23:47.088 [openiec61850-osi-server-7-thread-1] DEBUG com.beanit.openiec61850.ServerAssociation - Got a GetDataValues request for node: IEDBiogasCHP/MMXU1.PPV.phsAB.rangeC.max.i: 0
calling GetDataValues(IEDBiogasCHP/MMXU1.PPV.phsAB.rangeC.max.f)
14:23:47.088 [openiec61850-osi-server-7-thread-1] DEBUG com.beanit.openiec61850.ServerAssociation - Got a GetDataValues request for node: IEDBiogasCHP/MMXU1.PPV.phsAB.rangeC.max.f: 0.0
calling GetDataValues(IEDBiogasCHP/MMXU1.PPV.phsAB.magSVC)
14:23:47.089 [openiec61850-osi-server-7-thread-1] DEBUG com.beanit.openiec61850.ServerAssociation - Got a GetDataValues request for node: IEDBiogasCHP/MMXU1.PPV.phsAB.magSVC [CF]
IEDBiogasCHP/MMXU1.PPV.phsAB.magSVC.scaleFactor: 0.0
IEDBiogasCHP/MMXU1.PPV.phsAB.magSVC.offset: 0.0
14:23:47.089 [openiec61850-osi-server-7-thread-1] DEBUG com.beanit.openiec61850.ServerAssociation - sub BDA is:IEDBiogasCHP/MMXU1.PPV.phsAB.magSVC.scaleFactor: 0.0
14:23:47.089 [openiec61850-osi-server-7-thread-1] DEBUG com.beanit.openiec61850.ServerAssociation - sub BDA is:IEDBiogasCHP/MMXU1.PPV.phsAB.magSVC.offset: 0.0
calling GetDataValues(IEDBiogasCHP/MMXU1.PPV.phsAB.magSVC.scaleFactor)
14:23:47.089 [openiec61850-osi-server-7-thread-1] DEBUG com.beanit.openiec61850.ServerAssociation - Got a GetDataValues request for node: IEDBiogasCHP/MMXU1.PPV.phsAB.magSVC.scaleFactor: 0.0
calling GetDataValues(IEDBiogasCHP/MMXU1.PPV.phsAB.magSVC.offset)
14:23:47.089 [openiec61850-osi-server-7-thread-1] DEBUG com.beanit.openiec61850.ServerAssociation - Got a GetDataValues request for node: IEDBiogasCHP/MMXU1.PPV.phsAB.magSVC.offset: 0.0
calling GetDataValues(IEDBiogasCHP/MMXU1.PPV.phsAB.angSVC)
14:23:47.089 [openiec61850-osi-server-7-thread-1] DEBUG com.beanit.openiec61850.ServerAssociation - Got a GetDataValues request for node: IEDBiogasCHP/MMXU1.PPV.phsAB.angSVC [CF]
IEDBiogasCHP/MMXU1.PPV.phsAB.angSVC.scaleFactor: 0.0
IEDBiogasCHP/MMXU1.PPV.phsAB.angSVC.offset: 0.0
14:23:47.089 [openiec61850-osi-server-7-thread-1] DEBUG com.beanit.openiec61850.ServerAssociation - sub BDA is:IEDBiogasCHP/MMXU1.PPV.phsAB.angSVC.scaleFactor: 0.0
14:23:47.089 [openiec61850-osi-server-7-thread-1] DEBUG com.beanit.openiec61850.ServerAssociation - sub BDA is:IEDBiogasCHP/MMXU1.PPV.phsAB.angSVC.offset: 0.0
calling GetDataValues(IEDBiogasCHP/MMXU1.PPV.phsAB.angSVC.scaleFactor)
14:23:47.089 [openiec61850-osi-server-7-thread-1] DEBUG com.beanit.openiec61850.ServerAssociation - Got a GetDataValues request for node: IEDBiogasCHP/MMXU1.PPV.phsAB.angSVC.scaleFactor: 0.0
calling GetDataValues(IEDBiogasCHP/MMXU1.PPV.phsAB.angSVC.offset)
14:23:47.089 [openiec61850-osi-server-7-thread-1] DEBUG com.beanit.openiec61850.ServerAssociation - Got a GetDataValues request for node: IEDBiogasCHP/MMXU1.PPV.phsAB.angSVC.offset: 0.0
calling GetDataValues(IEDBiogasCHP/MMXU1.PPV.phsAB.angRef)
14:23:47.089 [openiec61850-osi-server-7-thread-1] DEBUG com.beanit.openiec61850.ServerAssociation - Got a GetDataValues request for node: IEDBiogasCHP/MMXU1.PPV.phsAB.angRef: 0
calling GetDataValues(IEDBiogasCHP/MMXU1.PPV.phsAB.smpRate)
14:23:47.090 [openiec61850-osi-server-7-thread-1] DEBUG com.beanit.openiec61850.ServerAssociation - Got a GetDataValues request for node: IEDBiogasCHP/MMXU1.PPV.phsAB.smpRate: 0
calling GetDataValues(IEDBiogasCHP/MMXU1.PPV.phsBC)
14:23:47.090 [openiec61850-osi-server-7-thread-1] DEBUG com.beanit.openiec61850.ServerAssociation - Got a GetDataValues request for node: IEDBiogasCHP/MMXU1.PPV.phsBC [CF]
IEDBiogasCHP/MMXU1.PPV.phsBC.units [CF]
IEDBiogasCHP/MMXU1.PPV.phsBC.units.SIUnit: 0
IEDBiogasCHP/MMXU1.PPV.phsBC.units.multiplier: 0
IEDBiogasCHP/MMXU1.PPV.phsBC.db: 0
IEDBiogasCHP/MMXU1.PPV.phsBC.zeroDb: 0
IEDBiogasCHP/MMXU1.PPV.phsBC.rangeC [CF]
IEDBiogasCHP/MMXU1.PPV.phsBC.rangeC.hhLim [CF]
IEDBiogasCHP/MMXU1.PPV.phsBC.rangeC.hhLim.i: 0
IEDBiogasCHP/MMXU1.PPV.phsBC.rangeC.hhLim.f: 0.0
IEDBiogasCHP/MMXU1.PPV.phsBC.rangeC.hLim [CF]
IEDBiogasCHP/MMXU1.PPV.phsBC.rangeC.hLim.i: 0
IEDBiogasCHP/MMXU1.PPV.phsBC.rangeC.hLim.f: 0.0
IEDBiogasCHP/MMXU1.PPV.phsBC.rangeC.lLim [CF]
IEDBiogasCHP/MMXU1.PPV.phsBC.rangeC.lLim.i: 0
IEDBiogasCHP/MMXU1.PPV.phsBC.rangeC.lLim.f: 0.0
IEDBiogasCHP/MMXU1.PPV.phsBC.rangeC.llLim [CF]
IEDBiogasCHP/MMXU1.PPV.phsBC.rangeC.llLim.i: 0
IEDBiogasCHP/MMXU1.PPV.phsBC.rangeC.llLim.f: 0.0
IEDBiogasCHP/MMXU1.PPV.phsBC.rangeC.min [CF]
IEDBiogasCHP/MMXU1.PPV.phsBC.rangeC.min.i: 0
IEDBiogasCHP/MMXU1.PPV.phsBC.rangeC.min.f: 0.0
IEDBiogasCHP/MMXU1.PPV.phsBC.rangeC.max [CF]
IEDBiogasCHP/MMXU1.PPV.phsBC.rangeC.max.i: 0
IEDBiogasCHP/MMXU1.PPV.phsBC.rangeC.max.f: 0.0
IEDBiogasCHP/MMXU1.PPV.phsBC.magSVC [CF]
IEDBiogasCHP/MMXU1.PPV.phsBC.magSVC.scaleFactor: 0.0
IEDBiogasCHP/MMXU1.PPV.phsBC.magSVC.offset: 0.0
IEDBiogasCHP/MMXU1.PPV.phsBC.angSVC [CF]
IEDBiogasCHP/MMXU1.PPV.phsBC.angSVC.scaleFactor: 0.0
IEDBiogasCHP/MMXU1.PPV.phsBC.angSVC.offset: 0.0
IEDBiogasCHP/MMXU1.PPV.phsBC.angRef: 0
IEDBiogasCHP/MMXU1.PPV.phsBC.smpRate: 0
14:23:47.090 [openiec61850-osi-server-7-thread-1] DEBUG com.beanit.openiec61850.ServerAssociation - sub BDA is:IEDBiogasCHP/MMXU1.PPV.phsBC.units.SIUnit: 0
14:23:47.090 [openiec61850-osi-server-7-thread-1] DEBUG com.beanit.openiec61850.ServerAssociation - sub BDA is:IEDBiogasCHP/MMXU1.PPV.phsBC.units.multiplier: 0
14:23:47.090 [openiec61850-osi-server-7-thread-1] DEBUG com.beanit.openiec61850.ServerAssociation - sub BDA is:IEDBiogasCHP/MMXU1.PPV.phsBC.db: 0
14:23:47.090 [openiec61850-osi-server-7-thread-1] DEBUG com.beanit.openiec61850.ServerAssociation - sub BDA is:IEDBiogasCHP/MMXU1.PPV.phsBC.zeroDb: 0
14:23:47.090 [openiec61850-osi-server-7-thread-1] DEBUG com.beanit.openiec61850.ServerAssociation - sub BDA is:IEDBiogasCHP/MMXU1.PPV.phsBC.rangeC.hhLim.i: 0
14:23:47.090 [openiec61850-osi-server-7-thread-1] DEBUG com.beanit.openiec61850.ServerAssociation - sub BDA is:IEDBiogasCHP/MMXU1.PPV.phsBC.rangeC.hhLim.f: 0.0
14:23:47.090 [openiec61850-osi-server-7-thread-1] DEBUG com.beanit.openiec61850.ServerAssociation - sub BDA is:IEDBiogasCHP/MMXU1.PPV.phsBC.rangeC.hLim.i: 0
14:23:47.090 [openiec61850-osi-server-7-thread-1] DEBUG com.beanit.openiec61850.ServerAssociation - sub BDA is:IEDBiogasCHP/MMXU1.PPV.phsBC.rangeC.hLim.f: 0.0
14:23:47.090 [openiec61850-osi-server-7-thread-1] DEBUG com.beanit.openiec61850.ServerAssociation - sub BDA is:IEDBiogasCHP/MMXU1.PPV.phsBC.rangeC.lLim.i: 0
14:23:47.090 [openiec61850-osi-server-7-thread-1] DEBUG com.beanit.openiec61850.ServerAssociation - sub BDA is:IEDBiogasCHP/MMXU1.PPV.phsBC.rangeC.lLim.f: 0.0
14:23:47.090 [openiec61850-osi-server-7-thread-1] DEBUG com.beanit.openiec61850.ServerAssociation - sub BDA is:IEDBiogasCHP/MMXU1.PPV.phsBC.rangeC.llLim.i: 0
14:23:47.090 [openiec61850-osi-server-7-thread-1] DEBUG com.beanit.openiec61850.ServerAssociation - sub BDA is:IEDBiogasCHP/MMXU1.PPV.phsBC.rangeC.llLim.f: 0.0
14:23:47.090 [openiec61850-osi-server-7-thread-1] DEBUG com.beanit.openiec61850.ServerAssociation - sub BDA is:IEDBiogasCHP/MMXU1.PPV.phsBC.rangeC.min.i: 0
14:23:47.090 [openiec61850-osi-server-7-thread-1] DEBUG com.beanit.openiec61850.ServerAssociation - sub BDA is:IEDBiogasCHP/MMXU1.PPV.phsBC.rangeC.min.f: 0.0
14:23:47.090 [openiec61850-osi-server-7-thread-1] DEBUG com.beanit.openiec61850.ServerAssociation - sub BDA is:IEDBiogasCHP/MMXU1.PPV.phsBC.rangeC.max.i: 0
14:23:47.090 [openiec61850-osi-server-7-thread-1] DEBUG com.beanit.openiec61850.ServerAssociation - sub BDA is:IEDBiogasCHP/MMXU1.PPV.phsBC.rangeC.max.f: 0.0
14:23:47.090 [openiec61850-osi-server-7-thread-1] DEBUG com.beanit.openiec61850.ServerAssociation - sub BDA is:IEDBiogasCHP/MMXU1.PPV.phsBC.magSVC.scaleFactor: 0.0
14:23:47.090 [openiec61850-osi-server-7-thread-1] DEBUG com.beanit.openiec61850.ServerAssociation - sub BDA is:IEDBiogasCHP/MMXU1.PPV.phsBC.magSVC.offset: 0.0
14:23:47.090 [openiec61850-osi-server-7-thread-1] DEBUG com.beanit.openiec61850.ServerAssociation - sub BDA is:IEDBiogasCHP/MMXU1.PPV.phsBC.angSVC.scaleFactor: 0.0
14:23:47.090 [openiec61850-osi-server-7-thread-1] DEBUG com.beanit.openiec61850.ServerAssociation - sub BDA is:IEDBiogasCHP/MMXU1.PPV.phsBC.angSVC.offset: 0.0
14:23:47.090 [openiec61850-osi-server-7-thread-1] DEBUG com.beanit.openiec61850.ServerAssociation - sub BDA is:IEDBiogasCHP/MMXU1.PPV.phsBC.angRef: 0
14:23:47.090 [openiec61850-osi-server-7-thread-1] DEBUG com.beanit.openiec61850.ServerAssociation - sub BDA is:IEDBiogasCHP/MMXU1.PPV.phsBC.smpRate: 0
calling GetDataValues(IEDBiogasCHP/MMXU1.PPV.phsBC.units)
14:23:47.090 [openiec61850-osi-server-7-thread-1] DEBUG com.beanit.openiec61850.ServerAssociation - Got a GetDataValues request for node: IEDBiogasCHP/MMXU1.PPV.phsBC.units [CF]
IEDBiogasCHP/MMXU1.PPV.phsBC.units.SIUnit: 0
IEDBiogasCHP/MMXU1.PPV.phsBC.units.multiplier: 0
14:23:47.090 [openiec61850-osi-server-7-thread-1] DEBUG com.beanit.openiec61850.ServerAssociation - sub BDA is:IEDBiogasCHP/MMXU1.PPV.phsBC.units.SIUnit: 0
14:23:47.090 [openiec61850-osi-server-7-thread-1] DEBUG com.beanit.openiec61850.ServerAssociation - sub BDA is:IEDBiogasCHP/MMXU1.PPV.phsBC.units.multiplier: 0
calling GetDataValues(IEDBiogasCHP/MMXU1.PPV.phsBC.units.SIUnit)
14:23:47.090 [openiec61850-osi-server-7-thread-1] DEBUG com.beanit.openiec61850.ServerAssociation - Got a GetDataValues request for node: IEDBiogasCHP/MMXU1.PPV.phsBC.units.SIUnit: 0
calling GetDataValues(IEDBiogasCHP/MMXU1.PPV.phsBC.units.multiplier)
14:23:47.090 [openiec61850-osi-server-7-thread-1] DEBUG com.beanit.openiec61850.ServerAssociation - Got a GetDataValues request for node: IEDBiogasCHP/MMXU1.PPV.phsBC.units.multiplier: 0
calling GetDataValues(IEDBiogasCHP/MMXU1.PPV.phsBC.db)
14:23:47.090 [openiec61850-osi-server-7-thread-1] DEBUG com.beanit.openiec61850.ServerAssociation - Got a GetDataValues request for node: IEDBiogasCHP/MMXU1.PPV.phsBC.db: 0
calling GetDataValues(IEDBiogasCHP/MMXU1.PPV.phsBC.zeroDb)
14:23:47.091 [openiec61850-osi-server-7-thread-1] DEBUG com.beanit.openiec61850.ServerAssociation - Got a GetDataValues request for node: IEDBiogasCHP/MMXU1.PPV.phsBC.zeroDb: 0
calling GetDataValues(IEDBiogasCHP/MMXU1.PPV.phsBC.rangeC)
14:23:47.091 [openiec61850-osi-server-7-thread-1] DEBUG com.beanit.openiec61850.ServerAssociation - Got a GetDataValues request for node: IEDBiogasCHP/MMXU1.PPV.phsBC.rangeC [CF]
IEDBiogasCHP/MMXU1.PPV.phsBC.rangeC.hhLim [CF]
IEDBiogasCHP/MMXU1.PPV.phsBC.rangeC.hhLim.i: 0
IEDBiogasCHP/MMXU1.PPV.phsBC.rangeC.hhLim.f: 0.0
IEDBiogasCHP/MMXU1.PPV.phsBC.rangeC.hLim [CF]
IEDBiogasCHP/MMXU1.PPV.phsBC.rangeC.hLim.i: 0
IEDBiogasCHP/MMXU1.PPV.phsBC.rangeC.hLim.f: 0.0
IEDBiogasCHP/MMXU1.PPV.phsBC.rangeC.lLim [CF]
IEDBiogasCHP/MMXU1.PPV.phsBC.rangeC.lLim.i: 0
IEDBiogasCHP/MMXU1.PPV.phsBC.rangeC.lLim.f: 0.0
IEDBiogasCHP/MMXU1.PPV.phsBC.rangeC.llLim [CF]
IEDBiogasCHP/MMXU1.PPV.phsBC.rangeC.llLim.i: 0
IEDBiogasCHP/MMXU1.PPV.phsBC.rangeC.llLim.f: 0.0
IEDBiogasCHP/MMXU1.PPV.phsBC.rangeC.min [CF]
IEDBiogasCHP/MMXU1.PPV.phsBC.rangeC.min.i: 0
IEDBiogasCHP/MMXU1.PPV.phsBC.rangeC.min.f: 0.0
IEDBiogasCHP/MMXU1.PPV.phsBC.rangeC.max [CF]
IEDBiogasCHP/MMXU1.PPV.phsBC.rangeC.max.i: 0
IEDBiogasCHP/MMXU1.PPV.phsBC.rangeC.max.f: 0.0
14:23:47.091 [openiec61850-osi-server-7-thread-1] DEBUG com.beanit.openiec61850.ServerAssociation - sub BDA is:IEDBiogasCHP/MMXU1.PPV.phsBC.rangeC.hhLim.i: 0
14:23:47.091 [openiec61850-osi-server-7-thread-1] DEBUG com.beanit.openiec61850.ServerAssociation - sub BDA is:IEDBiogasCHP/MMXU1.PPV.phsBC.rangeC.hhLim.f: 0.0
14:23:47.091 [openiec61850-osi-server-7-thread-1] DEBUG com.beanit.openiec61850.ServerAssociation - sub BDA is:IEDBiogasCHP/MMXU1.PPV.phsBC.rangeC.hLim.i: 0
14:23:47.091 [openiec61850-osi-server-7-thread-1] DEBUG com.beanit.openiec61850.ServerAssociation - sub BDA is:IEDBiogasCHP/MMXU1.PPV.phsBC.rangeC.hLim.f: 0.0
14:23:47.091 [openiec61850-osi-server-7-thread-1] DEBUG com.beanit.openiec61850.ServerAssociation - sub BDA is:IEDBiogasCHP/MMXU1.PPV.phsBC.rangeC.lLim.i: 0
14:23:47.091 [openiec61850-osi-server-7-thread-1] DEBUG com.beanit.openiec61850.ServerAssociation - sub BDA is:IEDBiogasCHP/MMXU1.PPV.phsBC.rangeC.lLim.f: 0.0
14:23:47.091 [openiec61850-osi-server-7-thread-1] DEBUG com.beanit.openiec61850.ServerAssociation - sub BDA is:IEDBiogasCHP/MMXU1.PPV.phsBC.rangeC.llLim.i: 0
14:23:47.091 [openiec61850-osi-server-7-thread-1] DEBUG com.beanit.openiec61850.ServerAssociation - sub BDA is:IEDBiogasCHP/MMXU1.PPV.phsBC.rangeC.llLim.f: 0.0
14:23:47.091 [openiec61850-osi-server-7-thread-1] DEBUG com.beanit.openiec61850.ServerAssociation - sub BDA is:IEDBiogasCHP/MMXU1.PPV.phsBC.rangeC.min.i: 0
14:23:47.091 [openiec61850-osi-server-7-thread-1] DEBUG com.beanit.openiec61850.ServerAssociation - sub BDA is:IEDBiogasCHP/MMXU1.PPV.phsBC.rangeC.min.f: 0.0
14:23:47.091 [openiec61850-osi-server-7-thread-1] DEBUG com.beanit.openiec61850.ServerAssociation - sub BDA is:IEDBiogasCHP/MMXU1.PPV.phsBC.rangeC.max.i: 0
14:23:47.091 [openiec61850-osi-server-7-thread-1] DEBUG com.beanit.openiec61850.ServerAssociation - sub BDA is:IEDBiogasCHP/MMXU1.PPV.phsBC.rangeC.max.f: 0.0
calling GetDataValues(IEDBiogasCHP/MMXU1.PPV.phsBC.rangeC.hhLim)
14:23:47.091 [openiec61850-osi-server-7-thread-1] DEBUG com.beanit.openiec61850.ServerAssociation - Got a GetDataValues request for node: IEDBiogasCHP/MMXU1.PPV.phsBC.rangeC.hhLim [CF]
IEDBiogasCHP/MMXU1.PPV.phsBC.rangeC.hhLim.i: 0
IEDBiogasCHP/MMXU1.PPV.phsBC.rangeC.hhLim.f: 0.0
14:23:47.091 [openiec61850-osi-server-7-thread-1] DEBUG com.beanit.openiec61850.ServerAssociation - sub BDA is:IEDBiogasCHP/MMXU1.PPV.phsBC.rangeC.hhLim.i: 0
14:23:47.091 [openiec61850-osi-server-7-thread-1] DEBUG com.beanit.openiec61850.ServerAssociation - sub BDA is:IEDBiogasCHP/MMXU1.PPV.phsBC.rangeC.hhLim.f: 0.0
calling GetDataValues(IEDBiogasCHP/MMXU1.PPV.phsBC.rangeC.hhLim.i)
14:23:47.091 [openiec61850-osi-server-7-thread-1] DEBUG com.beanit.openiec61850.ServerAssociation - Got a GetDataValues request for node: IEDBiogasCHP/MMXU1.PPV.phsBC.rangeC.hhLim.i: 0
calling GetDataValues(IEDBiogasCHP/MMXU1.PPV.phsBC.rangeC.hhLim.f)
14:23:47.091 [openiec61850-osi-server-7-thread-1] DEBUG com.beanit.openiec61850.ServerAssociation - Got a GetDataValues request for node: IEDBiogasCHP/MMXU1.PPV.phsBC.rangeC.hhLim.f: 0.0
calling GetDataValues(IEDBiogasCHP/MMXU1.PPV.phsBC.rangeC.hLim)
14:23:47.091 [openiec61850-osi-server-7-thread-1] DEBUG com.beanit.openiec61850.ServerAssociation - Got a GetDataValues request for node: IEDBiogasCHP/MMXU1.PPV.phsBC.rangeC.hLim [CF]
IEDBiogasCHP/MMXU1.PPV.phsBC.rangeC.hLim.i: 0
IEDBiogasCHP/MMXU1.PPV.phsBC.rangeC.hLim.f: 0.0
14:23:47.091 [openiec61850-osi-server-7-thread-1] DEBUG com.beanit.openiec61850.ServerAssociation - sub BDA is:IEDBiogasCHP/MMXU1.PPV.phsBC.rangeC.hLim.i: 0
14:23:47.091 [openiec61850-osi-server-7-thread-1] DEBUG com.beanit.openiec61850.ServerAssociation - sub BDA is:IEDBiogasCHP/MMXU1.PPV.phsBC.rangeC.hLim.f: 0.0
calling GetDataValues(IEDBiogasCHP/MMXU1.PPV.phsBC.rangeC.hLim.i)
14:23:47.092 [openiec61850-osi-server-7-thread-1] DEBUG com.beanit.openiec61850.ServerAssociation - Got a GetDataValues request for node: IEDBiogasCHP/MMXU1.PPV.phsBC.rangeC.hLim.i: 0
calling GetDataValues(IEDBiogasCHP/MMXU1.PPV.phsBC.rangeC.hLim.f)
14:23:47.092 [openiec61850-osi-server-7-thread-1] DEBUG com.beanit.openiec61850.ServerAssociation - Got a GetDataValues request for node: IEDBiogasCHP/MMXU1.PPV.phsBC.rangeC.hLim.f: 0.0
calling GetDataValues(IEDBiogasCHP/MMXU1.PPV.phsBC.rangeC.lLim)
14:23:47.092 [openiec61850-osi-server-7-thread-1] DEBUG com.beanit.openiec61850.ServerAssociation - Got a GetDataValues request for node: IEDBiogasCHP/MMXU1.PPV.phsBC.rangeC.lLim [CF]
IEDBiogasCHP/MMXU1.PPV.phsBC.rangeC.lLim.i: 0
IEDBiogasCHP/MMXU1.PPV.phsBC.rangeC.lLim.f: 0.0
14:23:47.092 [openiec61850-osi-server-7-thread-1] DEBUG com.beanit.openiec61850.ServerAssociation - sub BDA is:IEDBiogasCHP/MMXU1.PPV.phsBC.rangeC.lLim.i: 0
14:23:47.092 [openiec61850-osi-server-7-thread-1] DEBUG com.beanit.openiec61850.ServerAssociation - sub BDA is:IEDBiogasCHP/MMXU1.PPV.phsBC.rangeC.lLim.f: 0.0
calling GetDataValues(IEDBiogasCHP/MMXU1.PPV.phsBC.rangeC.lLim.i)
14:23:47.092 [openiec61850-osi-server-7-thread-1] DEBUG com.beanit.openiec61850.ServerAssociation - Got a GetDataValues request for node: IEDBiogasCHP/MMXU1.PPV.phsBC.rangeC.lLim.i: 0
calling GetDataValues(IEDBiogasCHP/MMXU1.PPV.phsBC.rangeC.lLim.f)
14:23:47.092 [openiec61850-osi-server-7-thread-1] DEBUG com.beanit.openiec61850.ServerAssociation - Got a GetDataValues request for node: IEDBiogasCHP/MMXU1.PPV.phsBC.rangeC.lLim.f: 0.0
calling GetDataValues(IEDBiogasCHP/MMXU1.PPV.phsBC.rangeC.llLim)
14:23:47.092 [openiec61850-osi-server-7-thread-1] DEBUG com.beanit.openiec61850.ServerAssociation - Got a GetDataValues request for node: IEDBiogasCHP/MMXU1.PPV.phsBC.rangeC.llLim [CF]
IEDBiogasCHP/MMXU1.PPV.phsBC.rangeC.llLim.i: 0
IEDBiogasCHP/MMXU1.PPV.phsBC.rangeC.llLim.f: 0.0
14:23:47.092 [openiec61850-osi-server-7-thread-1] DEBUG com.beanit.openiec61850.ServerAssociation - sub BDA is:IEDBiogasCHP/MMXU1.PPV.phsBC.rangeC.llLim.i: 0
14:23:47.092 [openiec61850-osi-server-7-thread-1] DEBUG com.beanit.openiec61850.ServerAssociation - sub BDA is:IEDBiogasCHP/MMXU1.PPV.phsBC.rangeC.llLim.f: 0.0
calling GetDataValues(IEDBiogasCHP/MMXU1.PPV.phsBC.rangeC.llLim.i)
14:23:47.092 [openiec61850-osi-server-7-thread-1] DEBUG com.beanit.openiec61850.ServerAssociation - Got a GetDataValues request for node: IEDBiogasCHP/MMXU1.PPV.phsBC.rangeC.llLim.i: 0
calling GetDataValues(IEDBiogasCHP/MMXU1.PPV.phsBC.rangeC.llLim.f)
14:23:47.092 [openiec61850-osi-server-7-thread-1] DEBUG com.beanit.openiec61850.ServerAssociation - Got a GetDataValues request for node: IEDBiogasCHP/MMXU1.PPV.phsBC.rangeC.llLim.f: 0.0
calling GetDataValues(IEDBiogasCHP/MMXU1.PPV.phsBC.rangeC.min)
14:23:47.093 [openiec61850-osi-server-7-thread-1] DEBUG com.beanit.openiec61850.ServerAssociation - Got a GetDataValues request for node: IEDBiogasCHP/MMXU1.PPV.phsBC.rangeC.min [CF]
IEDBiogasCHP/MMXU1.PPV.phsBC.rangeC.min.i: 0
IEDBiogasCHP/MMXU1.PPV.phsBC.rangeC.min.f: 0.0
14:23:47.093 [openiec61850-osi-server-7-thread-1] DEBUG com.beanit.openiec61850.ServerAssociation - sub BDA is:IEDBiogasCHP/MMXU1.PPV.phsBC.rangeC.min.i: 0
14:23:47.093 [openiec61850-osi-server-7-thread-1] DEBUG com.beanit.openiec61850.ServerAssociation - sub BDA is:IEDBiogasCHP/MMXU1.PPV.phsBC.rangeC.min.f: 0.0
calling GetDataValues(IEDBiogasCHP/MMXU1.PPV.phsBC.rangeC.min.i)
14:23:47.093 [openiec61850-osi-server-7-thread-1] DEBUG com.beanit.openiec61850.ServerAssociation - Got a GetDataValues request for node: IEDBiogasCHP/MMXU1.PPV.phsBC.rangeC.min.i: 0
calling GetDataValues(IEDBiogasCHP/MMXU1.PPV.phsBC.rangeC.min.f)
14:23:47.093 [openiec61850-osi-server-7-thread-1] DEBUG com.beanit.openiec61850.ServerAssociation - Got a GetDataValues request for node: IEDBiogasCHP/MMXU1.PPV.phsBC.rangeC.min.f: 0.0
calling GetDataValues(IEDBiogasCHP/MMXU1.PPV.phsBC.rangeC.max)
14:23:47.093 [openiec61850-osi-server-7-thread-1] DEBUG com.beanit.openiec61850.ServerAssociation - Got a GetDataValues request for node: IEDBiogasCHP/MMXU1.PPV.phsBC.rangeC.max [CF]
IEDBiogasCHP/MMXU1.PPV.phsBC.rangeC.max.i: 0
IEDBiogasCHP/MMXU1.PPV.phsBC.rangeC.max.f: 0.0
14:23:47.093 [openiec61850-osi-server-7-thread-1] DEBUG com.beanit.openiec61850.ServerAssociation - sub BDA is:IEDBiogasCHP/MMXU1.PPV.phsBC.rangeC.max.i: 0
14:23:47.093 [openiec61850-osi-server-7-thread-1] DEBUG com.beanit.openiec61850.ServerAssociation - sub BDA is:IEDBiogasCHP/MMXU1.PPV.phsBC.rangeC.max.f: 0.0
calling GetDataValues(IEDBiogasCHP/MMXU1.PPV.phsBC.rangeC.max.i)
14:23:47.093 [openiec61850-osi-server-7-thread-1] DEBUG com.beanit.openiec61850.ServerAssociation - Got a GetDataValues request for node: IEDBiogasCHP/MMXU1.PPV.phsBC.rangeC.max.i: 0
calling GetDataValues(IEDBiogasCHP/MMXU1.PPV.phsBC.rangeC.max.f)
14:23:47.093 [openiec61850-osi-server-7-thread-1] DEBUG com.beanit.openiec61850.ServerAssociation - Got a GetDataValues request for node: IEDBiogasCHP/MMXU1.PPV.phsBC.rangeC.max.f: 0.0
calling GetDataValues(IEDBiogasCHP/MMXU1.PPV.phsBC.magSVC)
14:23:47.093 [openiec61850-osi-server-7-thread-1] DEBUG com.beanit.openiec61850.ServerAssociation - Got a GetDataValues request for node: IEDBiogasCHP/MMXU1.PPV.phsBC.magSVC [CF]
IEDBiogasCHP/MMXU1.PPV.phsBC.magSVC.scaleFactor: 0.0
IEDBiogasCHP/MMXU1.PPV.phsBC.magSVC.offset: 0.0
14:23:47.093 [openiec61850-osi-server-7-thread-1] DEBUG com.beanit.openiec61850.ServerAssociation - sub BDA is:IEDBiogasCHP/MMXU1.PPV.phsBC.magSVC.scaleFactor: 0.0
14:23:47.093 [openiec61850-osi-server-7-thread-1] DEBUG com.beanit.openiec61850.ServerAssociation - sub BDA is:IEDBiogasCHP/MMXU1.PPV.phsBC.magSVC.offset: 0.0
calling GetDataValues(IEDBiogasCHP/MMXU1.PPV.phsBC.magSVC.scaleFactor)
14:23:47.094 [openiec61850-osi-server-7-thread-1] DEBUG com.beanit.openiec61850.ServerAssociation - Got a GetDataValues request for node: IEDBiogasCHP/MMXU1.PPV.phsBC.magSVC.scaleFactor: 0.0
calling GetDataValues(IEDBiogasCHP/MMXU1.PPV.phsBC.magSVC.offset)
14:23:47.094 [openiec61850-osi-server-7-thread-1] DEBUG com.beanit.openiec61850.ServerAssociation - Got a GetDataValues request for node: IEDBiogasCHP/MMXU1.PPV.phsBC.magSVC.offset: 0.0
calling GetDataValues(IEDBiogasCHP/MMXU1.PPV.phsBC.angSVC)
14:23:47.094 [openiec61850-osi-server-7-thread-1] DEBUG com.beanit.openiec61850.ServerAssociation - Got a GetDataValues request for node: IEDBiogasCHP/MMXU1.PPV.phsBC.angSVC [CF]
IEDBiogasCHP/MMXU1.PPV.phsBC.angSVC.scaleFactor: 0.0
IEDBiogasCHP/MMXU1.PPV.phsBC.angSVC.offset: 0.0
14:23:47.094 [openiec61850-osi-server-7-thread-1] DEBUG com.beanit.openiec61850.ServerAssociation - sub BDA is:IEDBiogasCHP/MMXU1.PPV.phsBC.angSVC.scaleFactor: 0.0
14:23:47.094 [openiec61850-osi-server-7-thread-1] DEBUG com.beanit.openiec61850.ServerAssociation - sub BDA is:IEDBiogasCHP/MMXU1.PPV.phsBC.angSVC.offset: 0.0
calling GetDataValues(IEDBiogasCHP/MMXU1.PPV.phsBC.angSVC.scaleFactor)
14:23:47.094 [openiec61850-osi-server-7-thread-1] DEBUG com.beanit.openiec61850.ServerAssociation - Got a GetDataValues request for node: IEDBiogasCHP/MMXU1.PPV.phsBC.angSVC.scaleFactor: 0.0
calling GetDataValues(IEDBiogasCHP/MMXU1.PPV.phsBC.angSVC.offset)
14:23:47.094 [openiec61850-osi-server-7-thread-1] DEBUG com.beanit.openiec61850.ServerAssociation - Got a GetDataValues request for node: IEDBiogasCHP/MMXU1.PPV.phsBC.angSVC.offset: 0.0
calling GetDataValues(IEDBiogasCHP/MMXU1.PPV.phsBC.angRef)
14:23:47.094 [openiec61850-osi-server-7-thread-1] DEBUG com.beanit.openiec61850.ServerAssociation - Got a GetDataValues request for node: IEDBiogasCHP/MMXU1.PPV.phsBC.angRef: 0
calling GetDataValues(IEDBiogasCHP/MMXU1.PPV.phsBC.smpRate)
14:23:47.094 [openiec61850-osi-server-7-thread-1] DEBUG com.beanit.openiec61850.ServerAssociation - Got a GetDataValues request for node: IEDBiogasCHP/MMXU1.PPV.phsBC.smpRate: 0
calling GetDataValues(IEDBiogasCHP/MMXU1.PPV.phsCA)
14:23:47.095 [openiec61850-osi-server-7-thread-1] DEBUG com.beanit.openiec61850.ServerAssociation - Got a GetDataValues request for node: IEDBiogasCHP/MMXU1.PPV.phsCA [CF]
IEDBiogasCHP/MMXU1.PPV.phsCA.units [CF]
IEDBiogasCHP/MMXU1.PPV.phsCA.units.SIUnit: 0
IEDBiogasCHP/MMXU1.PPV.phsCA.units.multiplier: 0
IEDBiogasCHP/MMXU1.PPV.phsCA.db: 0
IEDBiogasCHP/MMXU1.PPV.phsCA.zeroDb: 0
IEDBiogasCHP/MMXU1.PPV.phsCA.rangeC [CF]
IEDBiogasCHP/MMXU1.PPV.phsCA.rangeC.hhLim [CF]
IEDBiogasCHP/MMXU1.PPV.phsCA.rangeC.hhLim.i: 0
IEDBiogasCHP/MMXU1.PPV.phsCA.rangeC.hhLim.f: 0.0
IEDBiogasCHP/MMXU1.PPV.phsCA.rangeC.hLim [CF]
IEDBiogasCHP/MMXU1.PPV.phsCA.rangeC.hLim.i: 0
IEDBiogasCHP/MMXU1.PPV.phsCA.rangeC.hLim.f: 0.0
IEDBiogasCHP/MMXU1.PPV.phsCA.rangeC.lLim [CF]
IEDBiogasCHP/MMXU1.PPV.phsCA.rangeC.lLim.i: 0
IEDBiogasCHP/MMXU1.PPV.phsCA.rangeC.lLim.f: 0.0
IEDBiogasCHP/MMXU1.PPV.phsCA.rangeC.llLim [CF]
IEDBiogasCHP/MMXU1.PPV.phsCA.rangeC.llLim.i: 0
IEDBiogasCHP/MMXU1.PPV.phsCA.rangeC.llLim.f: 0.0
IEDBiogasCHP/MMXU1.PPV.phsCA.rangeC.min [CF]
IEDBiogasCHP/MMXU1.PPV.phsCA.rangeC.min.i: 0
IEDBiogasCHP/MMXU1.PPV.phsCA.rangeC.min.f: 0.0
IEDBiogasCHP/MMXU1.PPV.phsCA.rangeC.max [CF]
IEDBiogasCHP/MMXU1.PPV.phsCA.rangeC.max.i: 0
IEDBiogasCHP/MMXU1.PPV.phsCA.rangeC.max.f: 0.0
IEDBiogasCHP/MMXU1.PPV.phsCA.magSVC [CF]
IEDBiogasCHP/MMXU1.PPV.phsCA.magSVC.scaleFactor: 0.0
IEDBiogasCHP/MMXU1.PPV.phsCA.magSVC.offset: 0.0
IEDBiogasCHP/MMXU1.PPV.phsCA.angSVC [CF]
IEDBiogasCHP/MMXU1.PPV.phsCA.angSVC.scaleFactor: 0.0
IEDBiogasCHP/MMXU1.PPV.phsCA.angSVC.offset: 0.0
IEDBiogasCHP/MMXU1.PPV.phsCA.angRef: 0
IEDBiogasCHP/MMXU1.PPV.phsCA.smpRate: 0
14:23:47.095 [openiec61850-osi-server-7-thread-1] DEBUG com.beanit.openiec61850.ServerAssociation - sub BDA is:IEDBiogasCHP/MMXU1.PPV.phsCA.units.SIUnit: 0
14:23:47.095 [openiec61850-osi-server-7-thread-1] DEBUG com.beanit.openiec61850.ServerAssociation - sub BDA is:IEDBiogasCHP/MMXU1.PPV.phsCA.units.multiplier: 0
14:23:47.095 [openiec61850-osi-server-7-thread-1] DEBUG com.beanit.openiec61850.ServerAssociation - sub BDA is:IEDBiogasCHP/MMXU1.PPV.phsCA.db: 0
14:23:47.095 [openiec61850-osi-server-7-thread-1] DEBUG com.beanit.openiec61850.ServerAssociation - sub BDA is:IEDBiogasCHP/MMXU1.PPV.phsCA.zeroDb: 0
14:23:47.095 [openiec61850-osi-server-7-thread-1] DEBUG com.beanit.openiec61850.ServerAssociation - sub BDA is:IEDBiogasCHP/MMXU1.PPV.phsCA.rangeC.hhLim.i: 0
14:23:47.095 [openiec61850-osi-server-7-thread-1] DEBUG com.beanit.openiec61850.ServerAssociation - sub BDA is:IEDBiogasCHP/MMXU1.PPV.phsCA.rangeC.hhLim.f: 0.0
14:23:47.095 [openiec61850-osi-server-7-thread-1] DEBUG com.beanit.openiec61850.ServerAssociation - sub BDA is:IEDBiogasCHP/MMXU1.PPV.phsCA.rangeC.hLim.i: 0
14:23:47.095 [openiec61850-osi-server-7-thread-1] DEBUG com.beanit.openiec61850.ServerAssociation - sub BDA is:IEDBiogasCHP/MMXU1.PPV.phsCA.rangeC.hLim.f: 0.0
14:23:47.095 [openiec61850-osi-server-7-thread-1] DEBUG com.beanit.openiec61850.ServerAssociation - sub BDA is:IEDBiogasCHP/MMXU1.PPV.phsCA.rangeC.lLim.i: 0
14:23:47.095 [openiec61850-osi-server-7-thread-1] DEBUG com.beanit.openiec61850.ServerAssociation - sub BDA is:IEDBiogasCHP/MMXU1.PPV.phsCA.rangeC.lLim.f: 0.0
14:23:47.095 [openiec61850-osi-server-7-thread-1] DEBUG com.beanit.openiec61850.ServerAssociation - sub BDA is:IEDBiogasCHP/MMXU1.PPV.phsCA.rangeC.llLim.i: 0
14:23:47.095 [openiec61850-osi-server-7-thread-1] DEBUG com.beanit.openiec61850.ServerAssociation - sub BDA is:IEDBiogasCHP/MMXU1.PPV.phsCA.rangeC.llLim.f: 0.0
14:23:47.095 [openiec61850-osi-server-7-thread-1] DEBUG com.beanit.openiec61850.ServerAssociation - sub BDA is:IEDBiogasCHP/MMXU1.PPV.phsCA.rangeC.min.i: 0
14:23:47.095 [openiec61850-osi-server-7-thread-1] DEBUG com.beanit.openiec61850.ServerAssociation - sub BDA is:IEDBiogasCHP/MMXU1.PPV.phsCA.rangeC.min.f: 0.0
14:23:47.095 [openiec61850-osi-server-7-thread-1] DEBUG com.beanit.openiec61850.ServerAssociation - sub BDA is:IEDBiogasCHP/MMXU1.PPV.phsCA.rangeC.max.i: 0
14:23:47.095 [openiec61850-osi-server-7-thread-1] DEBUG com.beanit.openiec61850.ServerAssociation - sub BDA is:IEDBiogasCHP/MMXU1.PPV.phsCA.rangeC.max.f: 0.0
14:23:47.095 [openiec61850-osi-server-7-thread-1] DEBUG com.beanit.openiec61850.ServerAssociation - sub BDA is:IEDBiogasCHP/MMXU1.PPV.phsCA.magSVC.scaleFactor: 0.0
14:23:47.095 [openiec61850-osi-server-7-thread-1] DEBUG com.beanit.openiec61850.ServerAssociation - sub BDA is:IEDBiogasCHP/MMXU1.PPV.phsCA.magSVC.offset: 0.0
14:23:47.095 [openiec61850-osi-server-7-thread-1] DEBUG com.beanit.openiec61850.ServerAssociation - sub BDA is:IEDBiogasCHP/MMXU1.PPV.phsCA.angSVC.scaleFactor: 0.0
14:23:47.095 [openiec61850-osi-server-7-thread-1] DEBUG com.beanit.openiec61850.ServerAssociation - sub BDA is:IEDBiogasCHP/MMXU1.PPV.phsCA.angSVC.offset: 0.0
14:23:47.095 [openiec61850-osi-server-7-thread-1] DEBUG com.beanit.openiec61850.ServerAssociation - sub BDA is:IEDBiogasCHP/MMXU1.PPV.phsCA.angRef: 0
14:23:47.095 [openiec61850-osi-server-7-thread-1] DEBUG com.beanit.openiec61850.ServerAssociation - sub BDA is:IEDBiogasCHP/MMXU1.PPV.phsCA.smpRate: 0
calling GetDataValues(IEDBiogasCHP/MMXU1.PPV.phsCA.units)
14:23:47.095 [openiec61850-osi-server-7-thread-1] DEBUG com.beanit.openiec61850.ServerAssociation - Got a GetDataValues request for node: IEDBiogasCHP/MMXU1.PPV.phsCA.units [CF]
IEDBiogasCHP/MMXU1.PPV.phsCA.units.SIUnit: 0
IEDBiogasCHP/MMXU1.PPV.phsCA.units.multiplier: 0
14:23:47.095 [openiec61850-osi-server-7-thread-1] DEBUG com.beanit.openiec61850.ServerAssociation - sub BDA is:IEDBiogasCHP/MMXU1.PPV.phsCA.units.SIUnit: 0
14:23:47.095 [openiec61850-osi-server-7-thread-1] DEBUG com.beanit.openiec61850.ServerAssociation - sub BDA is:IEDBiogasCHP/MMXU1.PPV.phsCA.units.multiplier: 0
calling GetDataValues(IEDBiogasCHP/MMXU1.PPV.phsCA.units.SIUnit)
14:23:47.095 [openiec61850-osi-server-7-thread-1] DEBUG com.beanit.openiec61850.ServerAssociation - Got a GetDataValues request for node: IEDBiogasCHP/MMXU1.PPV.phsCA.units.SIUnit: 0
calling GetDataValues(IEDBiogasCHP/MMXU1.PPV.phsCA.units.multiplier)
14:23:47.095 [openiec61850-osi-server-7-thread-1] DEBUG com.beanit.openiec61850.ServerAssociation - Got a GetDataValues request for node: IEDBiogasCHP/MMXU1.PPV.phsCA.units.multiplier: 0
calling GetDataValues(IEDBiogasCHP/MMXU1.PPV.phsCA.db)
14:23:47.095 [openiec61850-osi-server-7-thread-1] DEBUG com.beanit.openiec61850.ServerAssociation - Got a GetDataValues request for node: IEDBiogasCHP/MMXU1.PPV.phsCA.db: 0
calling GetDataValues(IEDBiogasCHP/MMXU1.PPV.phsCA.zeroDb)
14:23:47.095 [openiec61850-osi-server-7-thread-1] DEBUG com.beanit.openiec61850.ServerAssociation - Got a GetDataValues request for node: IEDBiogasCHP/MMXU1.PPV.phsCA.zeroDb: 0
calling GetDataValues(IEDBiogasCHP/MMXU1.PPV.phsCA.rangeC)
14:23:47.096 [openiec61850-osi-server-7-thread-1] DEBUG com.beanit.openiec61850.ServerAssociation - Got a GetDataValues request for node: IEDBiogasCHP/MMXU1.PPV.phsCA.rangeC [CF]
IEDBiogasCHP/MMXU1.PPV.phsCA.rangeC.hhLim [CF]
IEDBiogasCHP/MMXU1.PPV.phsCA.rangeC.hhLim.i: 0
IEDBiogasCHP/MMXU1.PPV.phsCA.rangeC.hhLim.f: 0.0
IEDBiogasCHP/MMXU1.PPV.phsCA.rangeC.hLim [CF]
IEDBiogasCHP/MMXU1.PPV.phsCA.rangeC.hLim.i: 0
IEDBiogasCHP/MMXU1.PPV.phsCA.rangeC.hLim.f: 0.0
IEDBiogasCHP/MMXU1.PPV.phsCA.rangeC.lLim [CF]
IEDBiogasCHP/MMXU1.PPV.phsCA.rangeC.lLim.i: 0
IEDBiogasCHP/MMXU1.PPV.phsCA.rangeC.lLim.f: 0.0
IEDBiogasCHP/MMXU1.PPV.phsCA.rangeC.llLim [CF]
IEDBiogasCHP/MMXU1.PPV.phsCA.rangeC.llLim.i: 0
IEDBiogasCHP/MMXU1.PPV.phsCA.rangeC.llLim.f: 0.0
IEDBiogasCHP/MMXU1.PPV.phsCA.rangeC.min [CF]
IEDBiogasCHP/MMXU1.PPV.phsCA.rangeC.min.i: 0
IEDBiogasCHP/MMXU1.PPV.phsCA.rangeC.min.f: 0.0
IEDBiogasCHP/MMXU1.PPV.phsCA.rangeC.max [CF]
IEDBiogasCHP/MMXU1.PPV.phsCA.rangeC.max.i: 0
IEDBiogasCHP/MMXU1.PPV.phsCA.rangeC.max.f: 0.0
14:23:47.096 [openiec61850-osi-server-7-thread-1] DEBUG com.beanit.openiec61850.ServerAssociation - sub BDA is:IEDBiogasCHP/MMXU1.PPV.phsCA.rangeC.hhLim.i: 0
14:23:47.096 [openiec61850-osi-server-7-thread-1] DEBUG com.beanit.openiec61850.ServerAssociation - sub BDA is:IEDBiogasCHP/MMXU1.PPV.phsCA.rangeC.hhLim.f: 0.0
14:23:47.096 [openiec61850-osi-server-7-thread-1] DEBUG com.beanit.openiec61850.ServerAssociation - sub BDA is:IEDBiogasCHP/MMXU1.PPV.phsCA.rangeC.hLim.i: 0
14:23:47.096 [openiec61850-osi-server-7-thread-1] DEBUG com.beanit.openiec61850.ServerAssociation - sub BDA is:IEDBiogasCHP/MMXU1.PPV.phsCA.rangeC.hLim.f: 0.0
14:23:47.096 [openiec61850-osi-server-7-thread-1] DEBUG com.beanit.openiec61850.ServerAssociation - sub BDA is:IEDBiogasCHP/MMXU1.PPV.phsCA.rangeC.lLim.i: 0
14:23:47.096 [openiec61850-osi-server-7-thread-1] DEBUG com.beanit.openiec61850.ServerAssociation - sub BDA is:IEDBiogasCHP/MMXU1.PPV.phsCA.rangeC.lLim.f: 0.0
14:23:47.096 [openiec61850-osi-server-7-thread-1] DEBUG com.beanit.openiec61850.ServerAssociation - sub BDA is:IEDBiogasCHP/MMXU1.PPV.phsCA.rangeC.llLim.i: 0
14:23:47.096 [openiec61850-osi-server-7-thread-1] DEBUG com.beanit.openiec61850.ServerAssociation - sub BDA is:IEDBiogasCHP/MMXU1.PPV.phsCA.rangeC.llLim.f: 0.0
14:23:47.096 [openiec61850-osi-server-7-thread-1] DEBUG com.beanit.openiec61850.ServerAssociation - sub BDA is:IEDBiogasCHP/MMXU1.PPV.phsCA.rangeC.min.i: 0
14:23:47.096 [openiec61850-osi-server-7-thread-1] DEBUG com.beanit.openiec61850.ServerAssociation - sub BDA is:IEDBiogasCHP/MMXU1.PPV.phsCA.rangeC.min.f: 0.0
14:23:47.096 [openiec61850-osi-server-7-thread-1] DEBUG com.beanit.openiec61850.ServerAssociation - sub BDA is:IEDBiogasCHP/MMXU1.PPV.phsCA.rangeC.max.i: 0
14:23:47.096 [openiec61850-osi-server-7-thread-1] DEBUG com.beanit.openiec61850.ServerAssociation - sub BDA is:IEDBiogasCHP/MMXU1.PPV.phsCA.rangeC.max.f: 0.0
calling GetDataValues(IEDBiogasCHP/MMXU1.PPV.phsCA.rangeC.hhLim)
14:23:47.096 [openiec61850-osi-server-7-thread-1] DEBUG com.beanit.openiec61850.ServerAssociation - Got a GetDataValues request for node: IEDBiogasCHP/MMXU1.PPV.phsCA.rangeC.hhLim [CF]
IEDBiogasCHP/MMXU1.PPV.phsCA.rangeC.hhLim.i: 0
IEDBiogasCHP/MMXU1.PPV.phsCA.rangeC.hhLim.f: 0.0
14:23:47.096 [openiec61850-osi-server-7-thread-1] DEBUG com.beanit.openiec61850.ServerAssociation - sub BDA is:IEDBiogasCHP/MMXU1.PPV.phsCA.rangeC.hhLim.i: 0
14:23:47.096 [openiec61850-osi-server-7-thread-1] DEBUG com.beanit.openiec61850.ServerAssociation - sub BDA is:IEDBiogasCHP/MMXU1.PPV.phsCA.rangeC.hhLim.f: 0.0
calling GetDataValues(IEDBiogasCHP/MMXU1.PPV.phsCA.rangeC.hhLim.i)
14:23:47.096 [openiec61850-osi-server-7-thread-1] DEBUG com.beanit.openiec61850.ServerAssociation - Got a GetDataValues request for node: IEDBiogasCHP/MMXU1.PPV.phsCA.rangeC.hhLim.i: 0
calling GetDataValues(IEDBiogasCHP/MMXU1.PPV.phsCA.rangeC.hhLim.f)
14:23:47.096 [openiec61850-osi-server-7-thread-1] DEBUG com.beanit.openiec61850.ServerAssociation - Got a GetDataValues request for node: IEDBiogasCHP/MMXU1.PPV.phsCA.rangeC.hhLim.f: 0.0
calling GetDataValues(IEDBiogasCHP/MMXU1.PPV.phsCA.rangeC.hLim)
14:23:47.096 [openiec61850-osi-server-7-thread-1] DEBUG com.beanit.openiec61850.ServerAssociation - Got a GetDataValues request for node: IEDBiogasCHP/MMXU1.PPV.phsCA.rangeC.hLim [CF]
IEDBiogasCHP/MMXU1.PPV.phsCA.rangeC.hLim.i: 0
IEDBiogasCHP/MMXU1.PPV.phsCA.rangeC.hLim.f: 0.0
14:23:47.096 [openiec61850-osi-server-7-thread-1] DEBUG com.beanit.openiec61850.ServerAssociation - sub BDA is:IEDBiogasCHP/MMXU1.PPV.phsCA.rangeC.hLim.i: 0
14:23:47.096 [openiec61850-osi-server-7-thread-1] DEBUG com.beanit.openiec61850.ServerAssociation - sub BDA is:IEDBiogasCHP/MMXU1.PPV.phsCA.rangeC.hLim.f: 0.0
calling GetDataValues(IEDBiogasCHP/MMXU1.PPV.phsCA.rangeC.hLim.i)
14:23:47.096 [openiec61850-osi-server-7-thread-1] DEBUG com.beanit.openiec61850.ServerAssociation - Got a GetDataValues request for node: IEDBiogasCHP/MMXU1.PPV.phsCA.rangeC.hLim.i: 0
calling GetDataValues(IEDBiogasCHP/MMXU1.PPV.phsCA.rangeC.hLim.f)
14:23:47.097 [openiec61850-osi-server-7-thread-1] DEBUG com.beanit.openiec61850.ServerAssociation - Got a GetDataValues request for node: IEDBiogasCHP/MMXU1.PPV.phsCA.rangeC.hLim.f: 0.0
calling GetDataValues(IEDBiogasCHP/MMXU1.PPV.phsCA.rangeC.lLim)
14:23:47.097 [openiec61850-osi-server-7-thread-1] DEBUG com.beanit.openiec61850.ServerAssociation - Got a GetDataValues request for node: IEDBiogasCHP/MMXU1.PPV.phsCA.rangeC.lLim [CF]
IEDBiogasCHP/MMXU1.PPV.phsCA.rangeC.lLim.i: 0
IEDBiogasCHP/MMXU1.PPV.phsCA.rangeC.lLim.f: 0.0
14:23:47.097 [openiec61850-osi-server-7-thread-1] DEBUG com.beanit.openiec61850.ServerAssociation - sub BDA is:IEDBiogasCHP/MMXU1.PPV.phsCA.rangeC.lLim.i: 0
14:23:47.097 [openiec61850-osi-server-7-thread-1] DEBUG com.beanit.openiec61850.ServerAssociation - sub BDA is:IEDBiogasCHP/MMXU1.PPV.phsCA.rangeC.lLim.f: 0.0
calling GetDataValues(IEDBiogasCHP/MMXU1.PPV.phsCA.rangeC.lLim.i)
14:23:47.097 [openiec61850-osi-server-7-thread-1] DEBUG com.beanit.openiec61850.ServerAssociation - Got a GetDataValues request for node: IEDBiogasCHP/MMXU1.PPV.phsCA.rangeC.lLim.i: 0
calling GetDataValues(IEDBiogasCHP/MMXU1.PPV.phsCA.rangeC.lLim.f)
14:23:47.097 [openiec61850-osi-server-7-thread-1] DEBUG com.beanit.openiec61850.ServerAssociation - Got a GetDataValues request for node: IEDBiogasCHP/MMXU1.PPV.phsCA.rangeC.lLim.f: 0.0
calling GetDataValues(IEDBiogasCHP/MMXU1.PPV.phsCA.rangeC.llLim)
14:23:47.097 [openiec61850-osi-server-7-thread-1] DEBUG com.beanit.openiec61850.ServerAssociation - Got a GetDataValues request for node: IEDBiogasCHP/MMXU1.PPV.phsCA.rangeC.llLim [CF]
IEDBiogasCHP/MMXU1.PPV.phsCA.rangeC.llLim.i: 0
IEDBiogasCHP/MMXU1.PPV.phsCA.rangeC.llLim.f: 0.0
14:23:47.097 [openiec61850-osi-server-7-thread-1] DEBUG com.beanit.openiec61850.ServerAssociation - sub BDA is:IEDBiogasCHP/MMXU1.PPV.phsCA.rangeC.llLim.i: 0
14:23:47.097 [openiec61850-osi-server-7-thread-1] DEBUG com.beanit.openiec61850.ServerAssociation - sub BDA is:IEDBiogasCHP/MMXU1.PPV.phsCA.rangeC.llLim.f: 0.0
calling GetDataValues(IEDBiogasCHP/MMXU1.PPV.phsCA.rangeC.llLim.i)
14:23:47.097 [openiec61850-osi-server-7-thread-1] DEBUG com.beanit.openiec61850.ServerAssociation - Got a GetDataValues request for node: IEDBiogasCHP/MMXU1.PPV.phsCA.rangeC.llLim.i: 0
calling GetDataValues(IEDBiogasCHP/MMXU1.PPV.phsCA.rangeC.llLim.f)
14:23:47.097 [openiec61850-osi-server-7-thread-1] DEBUG com.beanit.openiec61850.ServerAssociation - Got a GetDataValues request for node: IEDBiogasCHP/MMXU1.PPV.phsCA.rangeC.llLim.f: 0.0
calling GetDataValues(IEDBiogasCHP/MMXU1.PPV.phsCA.rangeC.min)
14:23:47.098 [openiec61850-osi-server-7-thread-1] DEBUG com.beanit.openiec61850.ServerAssociation - Got a GetDataValues request for node: IEDBiogasCHP/MMXU1.PPV.phsCA.rangeC.min [CF]
IEDBiogasCHP/MMXU1.PPV.phsCA.rangeC.min.i: 0
IEDBiogasCHP/MMXU1.PPV.phsCA.rangeC.min.f: 0.0
14:23:47.098 [openiec61850-osi-server-7-thread-1] DEBUG com.beanit.openiec61850.ServerAssociation - sub BDA is:IEDBiogasCHP/MMXU1.PPV.phsCA.rangeC.min.i: 0
14:23:47.098 [openiec61850-osi-server-7-thread-1] DEBUG com.beanit.openiec61850.ServerAssociation - sub BDA is:IEDBiogasCHP/MMXU1.PPV.phsCA.rangeC.min.f: 0.0
calling GetDataValues(IEDBiogasCHP/MMXU1.PPV.phsCA.rangeC.min.i)
14:23:47.098 [openiec61850-osi-server-7-thread-1] DEBUG com.beanit.openiec61850.ServerAssociation - Got a GetDataValues request for node: IEDBiogasCHP/MMXU1.PPV.phsCA.rangeC.min.i: 0
calling GetDataValues(IEDBiogasCHP/MMXU1.PPV.phsCA.rangeC.min.f)
14:23:47.098 [openiec61850-osi-server-7-thread-1] DEBUG com.beanit.openiec61850.ServerAssociation - Got a GetDataValues request for node: IEDBiogasCHP/MMXU1.PPV.phsCA.rangeC.min.f: 0.0
calling GetDataValues(IEDBiogasCHP/MMXU1.PPV.phsCA.rangeC.max)
14:23:47.098 [openiec61850-osi-server-7-thread-1] DEBUG com.beanit.openiec61850.ServerAssociation - Got a GetDataValues request for node: IEDBiogasCHP/MMXU1.PPV.phsCA.rangeC.max [CF]
IEDBiogasCHP/MMXU1.PPV.phsCA.rangeC.max.i: 0
IEDBiogasCHP/MMXU1.PPV.phsCA.rangeC.max.f: 0.0
14:23:47.098 [openiec61850-osi-server-7-thread-1] DEBUG com.beanit.openiec61850.ServerAssociation - sub BDA is:IEDBiogasCHP/MMXU1.PPV.phsCA.rangeC.max.i: 0
14:23:47.098 [openiec61850-osi-server-7-thread-1] DEBUG com.beanit.openiec61850.ServerAssociation - sub BDA is:IEDBiogasCHP/MMXU1.PPV.phsCA.rangeC.max.f: 0.0
calling GetDataValues(IEDBiogasCHP/MMXU1.PPV.phsCA.rangeC.max.i)
14:23:47.098 [openiec61850-osi-server-7-thread-1] DEBUG com.beanit.openiec61850.ServerAssociation - Got a GetDataValues request for node: IEDBiogasCHP/MMXU1.PPV.phsCA.rangeC.max.i: 0
calling GetDataValues(IEDBiogasCHP/MMXU1.PPV.phsCA.rangeC.max.f)
14:23:47.098 [openiec61850-osi-server-7-thread-1] DEBUG com.beanit.openiec61850.ServerAssociation - Got a GetDataValues request for node: IEDBiogasCHP/MMXU1.PPV.phsCA.rangeC.max.f: 0.0
calling GetDataValues(IEDBiogasCHP/MMXU1.PPV.phsCA.magSVC)
14:23:47.098 [openiec61850-osi-server-7-thread-1] DEBUG com.beanit.openiec61850.ServerAssociation - Got a GetDataValues request for node: IEDBiogasCHP/MMXU1.PPV.phsCA.magSVC [CF]
IEDBiogasCHP/MMXU1.PPV.phsCA.magSVC.scaleFactor: 0.0
IEDBiogasCHP/MMXU1.PPV.phsCA.magSVC.offset: 0.0
14:23:47.098 [openiec61850-osi-server-7-thread-1] DEBUG com.beanit.openiec61850.ServerAssociation - sub BDA is:IEDBiogasCHP/MMXU1.PPV.phsCA.magSVC.scaleFactor: 0.0
14:23:47.098 [openiec61850-osi-server-7-thread-1] DEBUG com.beanit.openiec61850.ServerAssociation - sub BDA is:IEDBiogasCHP/MMXU1.PPV.phsCA.magSVC.offset: 0.0
calling GetDataValues(IEDBiogasCHP/MMXU1.PPV.phsCA.magSVC.scaleFactor)
14:23:47.098 [openiec61850-osi-server-7-thread-1] DEBUG com.beanit.openiec61850.ServerAssociation - Got a GetDataValues request for node: IEDBiogasCHP/MMXU1.PPV.phsCA.magSVC.scaleFactor: 0.0
calling GetDataValues(IEDBiogasCHP/MMXU1.PPV.phsCA.magSVC.offset)
14:23:47.099 [openiec61850-osi-server-7-thread-1] DEBUG com.beanit.openiec61850.ServerAssociation - Got a GetDataValues request for node: IEDBiogasCHP/MMXU1.PPV.phsCA.magSVC.offset: 0.0
calling GetDataValues(IEDBiogasCHP/MMXU1.PPV.phsCA.angSVC)
14:23:47.099 [openiec61850-osi-server-7-thread-1] DEBUG com.beanit.openiec61850.ServerAssociation - Got a GetDataValues request for node: IEDBiogasCHP/MMXU1.PPV.phsCA.angSVC [CF]
IEDBiogasCHP/MMXU1.PPV.phsCA.angSVC.scaleFactor: 0.0
IEDBiogasCHP/MMXU1.PPV.phsCA.angSVC.offset: 0.0
14:23:47.099 [openiec61850-osi-server-7-thread-1] DEBUG com.beanit.openiec61850.ServerAssociation - sub BDA is:IEDBiogasCHP/MMXU1.PPV.phsCA.angSVC.scaleFactor: 0.0
14:23:47.099 [openiec61850-osi-server-7-thread-1] DEBUG com.beanit.openiec61850.ServerAssociation - sub BDA is:IEDBiogasCHP/MMXU1.PPV.phsCA.angSVC.offset: 0.0
calling GetDataValues(IEDBiogasCHP/MMXU1.PPV.phsCA.angSVC.scaleFactor)
14:23:47.099 [openiec61850-osi-server-7-thread-1] DEBUG com.beanit.openiec61850.ServerAssociation - Got a GetDataValues request for node: IEDBiogasCHP/MMXU1.PPV.phsCA.angSVC.scaleFactor: 0.0
calling GetDataValues(IEDBiogasCHP/MMXU1.PPV.phsCA.angSVC.offset)
14:23:47.099 [openiec61850-osi-server-7-thread-1] DEBUG com.beanit.openiec61850.ServerAssociation - Got a GetDataValues request for node: IEDBiogasCHP/MMXU1.PPV.phsCA.angSVC.offset: 0.0
calling GetDataValues(IEDBiogasCHP/MMXU1.PPV.phsCA.angRef)
14:23:47.099 [openiec61850-osi-server-7-thread-1] DEBUG com.beanit.openiec61850.ServerAssociation - Got a GetDataValues request for node: IEDBiogasCHP/MMXU1.PPV.phsCA.angRef: 0
calling GetDataValues(IEDBiogasCHP/MMXU1.PPV.phsCA.smpRate)
14:23:47.099 [openiec61850-osi-server-7-thread-1] DEBUG com.beanit.openiec61850.ServerAssociation - Got a GetDataValues request for node: IEDBiogasCHP/MMXU1.PPV.phsCA.smpRate: 0
calling GetDataValues(IEDBiogasCHP/MMXU1.PPV)
14:23:47.099 [openiec61850-osi-server-7-thread-1] DEBUG com.beanit.openiec61850.ServerAssociation - Got a GetDataValues request for node: IEDBiogasCHP/MMXU1.PPV [DC]
IEDBiogasCHP/MMXU1.PPV.d: ''
IEDBiogasCHP/MMXU1.PPV.dU: 
IEDBiogasCHP/MMXU1.PPV.phsAB [DC]
IEDBiogasCHP/MMXU1.PPV.phsAB.d: ''
IEDBiogasCHP/MMXU1.PPV.phsAB.dU: 
IEDBiogasCHP/MMXU1.PPV.phsBC [DC]
IEDBiogasCHP/MMXU1.PPV.phsBC.d: ''
IEDBiogasCHP/MMXU1.PPV.phsBC.dU: 
IEDBiogasCHP/MMXU1.PPV.phsCA [DC]
IEDBiogasCHP/MMXU1.PPV.phsCA.d: ''
IEDBiogasCHP/MMXU1.PPV.phsCA.dU: 
14:23:47.099 [openiec61850-osi-server-7-thread-1] DEBUG com.beanit.openiec61850.ServerAssociation - sub BDA is:IEDBiogasCHP/MMXU1.PPV.d: ''
14:23:47.099 [openiec61850-osi-server-7-thread-1] DEBUG com.beanit.openiec61850.ServerAssociation - sub BDA is:IEDBiogasCHP/MMXU1.PPV.dU: 
14:23:47.099 [openiec61850-osi-server-7-thread-1] DEBUG com.beanit.openiec61850.ServerAssociation - sub BDA is:IEDBiogasCHP/MMXU1.PPV.phsAB.d: ''
14:23:47.099 [openiec61850-osi-server-7-thread-1] DEBUG com.beanit.openiec61850.ServerAssociation - sub BDA is:IEDBiogasCHP/MMXU1.PPV.phsAB.dU: 
14:23:47.099 [openiec61850-osi-server-7-thread-1] DEBUG com.beanit.openiec61850.ServerAssociation - sub BDA is:IEDBiogasCHP/MMXU1.PPV.phsBC.d: ''
14:23:47.099 [openiec61850-osi-server-7-thread-1] DEBUG com.beanit.openiec61850.ServerAssociation - sub BDA is:IEDBiogasCHP/MMXU1.PPV.phsBC.dU: 
14:23:47.099 [openiec61850-osi-server-7-thread-1] DEBUG com.beanit.openiec61850.ServerAssociation - sub BDA is:IEDBiogasCHP/MMXU1.PPV.phsCA.d: ''
14:23:47.099 [openiec61850-osi-server-7-thread-1] DEBUG com.beanit.openiec61850.ServerAssociation - sub BDA is:IEDBiogasCHP/MMXU1.PPV.phsCA.dU: 
calling GetDataValues(IEDBiogasCHP/MMXU1.PPV.d)
14:23:47.100 [openiec61850-osi-server-7-thread-1] DEBUG com.beanit.openiec61850.ServerAssociation - Got a GetDataValues request for node: IEDBiogasCHP/MMXU1.PPV.d: ''
calling GetDataValues(IEDBiogasCHP/MMXU1.PPV.dU)
14:23:47.100 [openiec61850-osi-server-7-thread-1] DEBUG com.beanit.openiec61850.ServerAssociation - Got a GetDataValues request for node: IEDBiogasCHP/MMXU1.PPV.dU: 
calling GetDataValues(IEDBiogasCHP/MMXU1.PPV.phsAB)
14:23:47.100 [openiec61850-osi-server-7-thread-1] DEBUG com.beanit.openiec61850.ServerAssociation - Got a GetDataValues request for node: IEDBiogasCHP/MMXU1.PPV.phsAB [DC]
IEDBiogasCHP/MMXU1.PPV.phsAB.d: ''
IEDBiogasCHP/MMXU1.PPV.phsAB.dU: 
14:23:47.100 [openiec61850-osi-server-7-thread-1] DEBUG com.beanit.openiec61850.ServerAssociation - sub BDA is:IEDBiogasCHP/MMXU1.PPV.phsAB.d: ''
14:23:47.100 [openiec61850-osi-server-7-thread-1] DEBUG com.beanit.openiec61850.ServerAssociation - sub BDA is:IEDBiogasCHP/MMXU1.PPV.phsAB.dU: 
calling GetDataValues(IEDBiogasCHP/MMXU1.PPV.phsAB.d)
14:23:47.100 [openiec61850-osi-server-7-thread-1] DEBUG com.beanit.openiec61850.ServerAssociation - Got a GetDataValues request for node: IEDBiogasCHP/MMXU1.PPV.phsAB.d: ''
calling GetDataValues(IEDBiogasCHP/MMXU1.PPV.phsAB.dU)
14:23:47.100 [openiec61850-osi-server-7-thread-1] DEBUG com.beanit.openiec61850.ServerAssociation - Got a GetDataValues request for node: IEDBiogasCHP/MMXU1.PPV.phsAB.dU: 
calling GetDataValues(IEDBiogasCHP/MMXU1.PPV.phsBC)
14:23:47.100 [openiec61850-osi-server-7-thread-1] DEBUG com.beanit.openiec61850.ServerAssociation - Got a GetDataValues request for node: IEDBiogasCHP/MMXU1.PPV.phsBC [DC]
IEDBiogasCHP/MMXU1.PPV.phsBC.d: ''
IEDBiogasCHP/MMXU1.PPV.phsBC.dU: 
14:23:47.100 [openiec61850-osi-server-7-thread-1] DEBUG com.beanit.openiec61850.ServerAssociation - sub BDA is:IEDBiogasCHP/MMXU1.PPV.phsBC.d: ''
14:23:47.100 [openiec61850-osi-server-7-thread-1] DEBUG com.beanit.openiec61850.ServerAssociation - sub BDA is:IEDBiogasCHP/MMXU1.PPV.phsBC.dU: 
calling GetDataValues(IEDBiogasCHP/MMXU1.PPV.phsBC.d)
14:23:47.100 [openiec61850-osi-server-7-thread-1] DEBUG com.beanit.openiec61850.ServerAssociation - Got a GetDataValues request for node: IEDBiogasCHP/MMXU1.PPV.phsBC.d: ''
calling GetDataValues(IEDBiogasCHP/MMXU1.PPV.phsBC.dU)
14:23:47.101 [openiec61850-osi-server-7-thread-1] DEBUG com.beanit.openiec61850.ServerAssociation - Got a GetDataValues request for node: IEDBiogasCHP/MMXU1.PPV.phsBC.dU: 
calling GetDataValues(IEDBiogasCHP/MMXU1.PPV.phsCA)
14:23:47.101 [openiec61850-osi-server-7-thread-1] DEBUG com.beanit.openiec61850.ServerAssociation - Got a GetDataValues request for node: IEDBiogasCHP/MMXU1.PPV.phsCA [DC]
IEDBiogasCHP/MMXU1.PPV.phsCA.d: ''
IEDBiogasCHP/MMXU1.PPV.phsCA.dU: 
14:23:47.101 [openiec61850-osi-server-7-thread-1] DEBUG com.beanit.openiec61850.ServerAssociation - sub BDA is:IEDBiogasCHP/MMXU1.PPV.phsCA.d: ''
14:23:47.101 [openiec61850-osi-server-7-thread-1] DEBUG com.beanit.openiec61850.ServerAssociation - sub BDA is:IEDBiogasCHP/MMXU1.PPV.phsCA.dU: 
calling GetDataValues(IEDBiogasCHP/MMXU1.PPV.phsCA.d)
14:23:47.101 [openiec61850-osi-server-7-thread-1] DEBUG com.beanit.openiec61850.ServerAssociation - Got a GetDataValues request for node: IEDBiogasCHP/MMXU1.PPV.phsCA.d: ''
calling GetDataValues(IEDBiogasCHP/MMXU1.PPV.phsCA.dU)
14:23:47.101 [openiec61850-osi-server-7-thread-1] DEBUG com.beanit.openiec61850.ServerAssociation - Got a GetDataValues request for node: IEDBiogasCHP/MMXU1.PPV.phsCA.dU: 
calling GetDataValues(IEDBiogasCHP/MMXU1.PPV)
14:23:47.101 [openiec61850-osi-server-7-thread-1] DEBUG com.beanit.openiec61850.ServerAssociation - Got a GetDataValues request for node: IEDBiogasCHP/MMXU1.PPV [EX]
IEDBiogasCHP/MMXU1.PPV.cdcNs: ''
IEDBiogasCHP/MMXU1.PPV.cdcName: ''
IEDBiogasCHP/MMXU1.PPV.dataNs: ''
IEDBiogasCHP/MMXU1.PPV.phsAB [EX]
IEDBiogasCHP/MMXU1.PPV.phsAB.cdcNs: ''
IEDBiogasCHP/MMXU1.PPV.phsAB.cdcName: ''
IEDBiogasCHP/MMXU1.PPV.phsAB.dataNs: ''
IEDBiogasCHP/MMXU1.PPV.phsBC [EX]
IEDBiogasCHP/MMXU1.PPV.phsBC.cdcNs: ''
IEDBiogasCHP/MMXU1.PPV.phsBC.cdcName: ''
IEDBiogasCHP/MMXU1.PPV.phsBC.dataNs: ''
IEDBiogasCHP/MMXU1.PPV.phsCA [EX]
IEDBiogasCHP/MMXU1.PPV.phsCA.cdcNs: ''
IEDBiogasCHP/MMXU1.PPV.phsCA.cdcName: ''
IEDBiogasCHP/MMXU1.PPV.phsCA.dataNs: ''
14:23:47.101 [openiec61850-osi-server-7-thread-1] DEBUG com.beanit.openiec61850.ServerAssociation - sub BDA is:IEDBiogasCHP/MMXU1.PPV.cdcNs: ''
14:23:47.101 [openiec61850-osi-server-7-thread-1] DEBUG com.beanit.openiec61850.ServerAssociation - sub BDA is:IEDBiogasCHP/MMXU1.PPV.cdcName: ''
14:23:47.101 [openiec61850-osi-server-7-thread-1] DEBUG com.beanit.openiec61850.ServerAssociation - sub BDA is:IEDBiogasCHP/MMXU1.PPV.dataNs: ''
14:23:47.101 [openiec61850-osi-server-7-thread-1] DEBUG com.beanit.openiec61850.ServerAssociation - sub BDA is:IEDBiogasCHP/MMXU1.PPV.phsAB.cdcNs: ''
14:23:47.101 [openiec61850-osi-server-7-thread-1] DEBUG com.beanit.openiec61850.ServerAssociation - sub BDA is:IEDBiogasCHP/MMXU1.PPV.phsAB.cdcName: ''
14:23:47.101 [openiec61850-osi-server-7-thread-1] DEBUG com.beanit.openiec61850.ServerAssociation - sub BDA is:IEDBiogasCHP/MMXU1.PPV.phsAB.dataNs: ''
14:23:47.101 [openiec61850-osi-server-7-thread-1] DEBUG com.beanit.openiec61850.ServerAssociation - sub BDA is:IEDBiogasCHP/MMXU1.PPV.phsBC.cdcNs: ''
14:23:47.101 [openiec61850-osi-server-7-thread-1] DEBUG com.beanit.openiec61850.ServerAssociation - sub BDA is:IEDBiogasCHP/MMXU1.PPV.phsBC.cdcName: ''
14:23:47.101 [openiec61850-osi-server-7-thread-1] DEBUG com.beanit.openiec61850.ServerAssociation - sub BDA is:IEDBiogasCHP/MMXU1.PPV.phsBC.dataNs: ''
14:23:47.101 [openiec61850-osi-server-7-thread-1] DEBUG com.beanit.openiec61850.ServerAssociation - sub BDA is:IEDBiogasCHP/MMXU1.PPV.phsCA.cdcNs: ''
14:23:47.101 [openiec61850-osi-server-7-thread-1] DEBUG com.beanit.openiec61850.ServerAssociation - sub BDA is:IEDBiogasCHP/MMXU1.PPV.phsCA.cdcName: ''
14:23:47.101 [openiec61850-osi-server-7-thread-1] DEBUG com.beanit.openiec61850.ServerAssociation - sub BDA is:IEDBiogasCHP/MMXU1.PPV.phsCA.dataNs: ''
calling GetDataValues(IEDBiogasCHP/MMXU1.PPV.cdcNs)
14:23:47.101 [openiec61850-osi-server-7-thread-1] DEBUG com.beanit.openiec61850.ServerAssociation - Got a GetDataValues request for node: IEDBiogasCHP/MMXU1.PPV.cdcNs: ''
calling GetDataValues(IEDBiogasCHP/MMXU1.PPV.cdcName)
14:23:47.101 [openiec61850-osi-server-7-thread-1] DEBUG com.beanit.openiec61850.ServerAssociation - Got a GetDataValues request for node: IEDBiogasCHP/MMXU1.PPV.cdcName: ''
calling GetDataValues(IEDBiogasCHP/MMXU1.PPV.dataNs)
14:23:47.102 [openiec61850-osi-server-7-thread-1] DEBUG com.beanit.openiec61850.ServerAssociation - Got a GetDataValues request for node: IEDBiogasCHP/MMXU1.PPV.dataNs: ''
calling GetDataValues(IEDBiogasCHP/MMXU1.PPV.phsAB)
14:23:47.102 [openiec61850-osi-server-7-thread-1] DEBUG com.beanit.openiec61850.ServerAssociation - Got a GetDataValues request for node: IEDBiogasCHP/MMXU1.PPV.phsAB [EX]
IEDBiogasCHP/MMXU1.PPV.phsAB.cdcNs: ''
IEDBiogasCHP/MMXU1.PPV.phsAB.cdcName: ''
IEDBiogasCHP/MMXU1.PPV.phsAB.dataNs: ''
14:23:47.102 [openiec61850-osi-server-7-thread-1] DEBUG com.beanit.openiec61850.ServerAssociation - sub BDA is:IEDBiogasCHP/MMXU1.PPV.phsAB.cdcNs: ''
14:23:47.102 [openiec61850-osi-server-7-thread-1] DEBUG com.beanit.openiec61850.ServerAssociation - sub BDA is:IEDBiogasCHP/MMXU1.PPV.phsAB.cdcName: ''
14:23:47.102 [openiec61850-osi-server-7-thread-1] DEBUG com.beanit.openiec61850.ServerAssociation - sub BDA is:IEDBiogasCHP/MMXU1.PPV.phsAB.dataNs: ''
calling GetDataValues(IEDBiogasCHP/MMXU1.PPV.phsAB.cdcNs)
14:23:47.102 [openiec61850-osi-server-7-thread-1] DEBUG com.beanit.openiec61850.ServerAssociation - Got a GetDataValues request for node: IEDBiogasCHP/MMXU1.PPV.phsAB.cdcNs: ''
calling GetDataValues(IEDBiogasCHP/MMXU1.PPV.phsAB.cdcName)
14:23:47.102 [openiec61850-osi-server-7-thread-1] DEBUG com.beanit.openiec61850.ServerAssociation - Got a GetDataValues request for node: IEDBiogasCHP/MMXU1.PPV.phsAB.cdcName: ''
calling GetDataValues(IEDBiogasCHP/MMXU1.PPV.phsAB.dataNs)
14:23:47.102 [openiec61850-osi-server-7-thread-1] DEBUG com.beanit.openiec61850.ServerAssociation - Got a GetDataValues request for node: IEDBiogasCHP/MMXU1.PPV.phsAB.dataNs: ''
calling GetDataValues(IEDBiogasCHP/MMXU1.PPV.phsBC)
14:23:47.102 [openiec61850-osi-server-7-thread-1] DEBUG com.beanit.openiec61850.ServerAssociation - Got a GetDataValues request for node: IEDBiogasCHP/MMXU1.PPV.phsBC [EX]
IEDBiogasCHP/MMXU1.PPV.phsBC.cdcNs: ''
IEDBiogasCHP/MMXU1.PPV.phsBC.cdcName: ''
IEDBiogasCHP/MMXU1.PPV.phsBC.dataNs: ''
14:23:47.102 [openiec61850-osi-server-7-thread-1] DEBUG com.beanit.openiec61850.ServerAssociation - sub BDA is:IEDBiogasCHP/MMXU1.PPV.phsBC.cdcNs: ''
14:23:47.102 [openiec61850-osi-server-7-thread-1] DEBUG com.beanit.openiec61850.ServerAssociation - sub BDA is:IEDBiogasCHP/MMXU1.PPV.phsBC.cdcName: ''
14:23:47.102 [openiec61850-osi-server-7-thread-1] DEBUG com.beanit.openiec61850.ServerAssociation - sub BDA is:IEDBiogasCHP/MMXU1.PPV.phsBC.dataNs: ''
calling GetDataValues(IEDBiogasCHP/MMXU1.PPV.phsBC.cdcNs)
14:23:47.102 [openiec61850-osi-server-7-thread-1] DEBUG com.beanit.openiec61850.ServerAssociation - Got a GetDataValues request for node: IEDBiogasCHP/MMXU1.PPV.phsBC.cdcNs: ''
calling GetDataValues(IEDBiogasCHP/MMXU1.PPV.phsBC.cdcName)
14:23:47.102 [openiec61850-osi-server-7-thread-1] DEBUG com.beanit.openiec61850.ServerAssociation - Got a GetDataValues request for node: IEDBiogasCHP/MMXU1.PPV.phsBC.cdcName: ''
calling GetDataValues(IEDBiogasCHP/MMXU1.PPV.phsBC.dataNs)
14:23:47.103 [openiec61850-osi-server-7-thread-1] DEBUG com.beanit.openiec61850.ServerAssociation - Got a GetDataValues request for node: IEDBiogasCHP/MMXU1.PPV.phsBC.dataNs: ''
calling GetDataValues(IEDBiogasCHP/MMXU1.PPV.phsCA)
14:23:47.103 [openiec61850-osi-server-7-thread-1] DEBUG com.beanit.openiec61850.ServerAssociation - Got a GetDataValues request for node: IEDBiogasCHP/MMXU1.PPV.phsCA [EX]
IEDBiogasCHP/MMXU1.PPV.phsCA.cdcNs: ''
IEDBiogasCHP/MMXU1.PPV.phsCA.cdcName: ''
IEDBiogasCHP/MMXU1.PPV.phsCA.dataNs: ''
14:23:47.103 [openiec61850-osi-server-7-thread-1] DEBUG com.beanit.openiec61850.ServerAssociation - sub BDA is:IEDBiogasCHP/MMXU1.PPV.phsCA.cdcNs: ''
14:23:47.103 [openiec61850-osi-server-7-thread-1] DEBUG com.beanit.openiec61850.ServerAssociation - sub BDA is:IEDBiogasCHP/MMXU1.PPV.phsCA.cdcName: ''
14:23:47.103 [openiec61850-osi-server-7-thread-1] DEBUG com.beanit.openiec61850.ServerAssociation - sub BDA is:IEDBiogasCHP/MMXU1.PPV.phsCA.dataNs: ''
calling GetDataValues(IEDBiogasCHP/MMXU1.PPV.phsCA.cdcNs)
14:23:47.103 [openiec61850-osi-server-7-thread-1] DEBUG com.beanit.openiec61850.ServerAssociation - Got a GetDataValues request for node: IEDBiogasCHP/MMXU1.PPV.phsCA.cdcNs: ''
calling GetDataValues(IEDBiogasCHP/MMXU1.PPV.phsCA.cdcName)
14:23:47.103 [openiec61850-osi-server-7-thread-1] DEBUG com.beanit.openiec61850.ServerAssociation - Got a GetDataValues request for node: IEDBiogasCHP/MMXU1.PPV.phsCA.cdcName: ''
calling GetDataValues(IEDBiogasCHP/MMXU1.PPV.phsCA.dataNs)
14:23:47.103 [openiec61850-osi-server-7-thread-1] DEBUG com.beanit.openiec61850.ServerAssociation - Got a GetDataValues request for node: IEDBiogasCHP/MMXU1.PPV.phsCA.dataNs: ''
calling GetDataValues(IEDBiogasCHP/MMXU1.PhV)
14:23:47.104 [openiec61850-osi-server-7-thread-1] DEBUG com.beanit.openiec61850.ServerAssociation - Got a GetDataValues request for node: IEDBiogasCHP/MMXU1.PhV [MX]
IEDBiogasCHP/MMXU1.PhV.phsA [MX]
IEDBiogasCHP/MMXU1.PhV.phsA.instCVal [MX]
IEDBiogasCHP/MMXU1.PhV.phsA.instCVal.mag [MX]
IEDBiogasCHP/MMXU1.PhV.phsA.instCVal.mag.i: 0
IEDBiogasCHP/MMXU1.PhV.phsA.instCVal.mag.f: 0.0
IEDBiogasCHP/MMXU1.PhV.phsA.instCVal.ang [MX]
IEDBiogasCHP/MMXU1.PhV.phsA.instCVal.ang.i: 0
IEDBiogasCHP/MMXU1.PhV.phsA.instCVal.ang.f: 0.0
IEDBiogasCHP/MMXU1.PhV.phsA.cVal [MX]
IEDBiogasCHP/MMXU1.PhV.phsA.cVal.mag [MX]
IEDBiogasCHP/MMXU1.PhV.phsA.cVal.mag.i: 0
IEDBiogasCHP/MMXU1.PhV.phsA.cVal.mag.f: 0.0
IEDBiogasCHP/MMXU1.PhV.phsA.cVal.ang [MX]
IEDBiogasCHP/MMXU1.PhV.phsA.cVal.ang.i: 0
IEDBiogasCHP/MMXU1.PhV.phsA.cVal.ang.f: 0.0
IEDBiogasCHP/MMXU1.PhV.phsA.range: 0
IEDBiogasCHP/MMXU1.PhV.phsA.q: 0x00 0x00
IEDBiogasCHP/MMXU1.PhV.phsA.t: Thu Jan 01 01:00:00 CET 1970
IEDBiogasCHP/MMXU1.PhV.phsB [MX]
IEDBiogasCHP/MMXU1.PhV.phsB.instCVal [MX]
IEDBiogasCHP/MMXU1.PhV.phsB.instCVal.mag [MX]
IEDBiogasCHP/MMXU1.PhV.phsB.instCVal.mag.i: 0
IEDBiogasCHP/MMXU1.PhV.phsB.instCVal.mag.f: 0.0
IEDBiogasCHP/MMXU1.PhV.phsB.instCVal.ang [MX]
IEDBiogasCHP/MMXU1.PhV.phsB.instCVal.ang.i: 0
IEDBiogasCHP/MMXU1.PhV.phsB.instCVal.ang.f: 0.0
IEDBiogasCHP/MMXU1.PhV.phsB.cVal [MX]
IEDBiogasCHP/MMXU1.PhV.phsB.cVal.mag [MX]
IEDBiogasCHP/MMXU1.PhV.phsB.cVal.mag.i: 0
IEDBiogasCHP/MMXU1.PhV.phsB.cVal.mag.f: 0.0
IEDBiogasCHP/MMXU1.PhV.phsB.cVal.ang [MX]
IEDBiogasCHP/MMXU1.PhV.phsB.cVal.ang.i: 0
IEDBiogasCHP/MMXU1.PhV.phsB.cVal.ang.f: 0.0
IEDBiogasCHP/MMXU1.PhV.phsB.range: 0
IEDBiogasCHP/MMXU1.PhV.phsB.q: 0x00 0x00
IEDBiogasCHP/MMXU1.PhV.phsB.t: Thu Jan 01 01:00:00 CET 1970
IEDBiogasCHP/MMXU1.PhV.phsC [MX]
IEDBiogasCHP/MMXU1.PhV.phsC.instCVal [MX]
IEDBiogasCHP/MMXU1.PhV.phsC.instCVal.mag [MX]
IEDBiogasCHP/MMXU1.PhV.phsC.instCVal.mag.i: 0
IEDBiogasCHP/MMXU1.PhV.phsC.instCVal.mag.f: 0.0
IEDBiogasCHP/MMXU1.PhV.phsC.instCVal.ang [MX]
IEDBiogasCHP/MMXU1.PhV.phsC.instCVal.ang.i: 0
IEDBiogasCHP/MMXU1.PhV.phsC.instCVal.ang.f: 0.0
IEDBiogasCHP/MMXU1.PhV.phsC.cVal [MX]
IEDBiogasCHP/MMXU1.PhV.phsC.cVal.mag [MX]
IEDBiogasCHP/MMXU1.PhV.phsC.cVal.mag.i: 0
IEDBiogasCHP/MMXU1.PhV.phsC.cVal.mag.f: 0.0
IEDBiogasCHP/MMXU1.PhV.phsC.cVal.ang [MX]
IEDBiogasCHP/MMXU1.PhV.phsC.cVal.ang.i: 0
IEDBiogasCHP/MMXU1.PhV.phsC.cVal.ang.f: 0.0
IEDBiogasCHP/MMXU1.PhV.phsC.range: 0
IEDBiogasCHP/MMXU1.PhV.phsC.q: 0x00 0x00
IEDBiogasCHP/MMXU1.PhV.phsC.t: Thu Jan 01 01:00:00 CET 1970
IEDBiogasCHP/MMXU1.PhV.neut [MX]
IEDBiogasCHP/MMXU1.PhV.neut.instCVal [MX]
IEDBiogasCHP/MMXU1.PhV.neut.instCVal.mag [MX]
IEDBiogasCHP/MMXU1.PhV.neut.instCVal.mag.i: 0
IEDBiogasCHP/MMXU1.PhV.neut.instCVal.mag.f: 0.0
IEDBiogasCHP/MMXU1.PhV.neut.instCVal.ang [MX]
IEDBiogasCHP/MMXU1.PhV.neut.instCVal.ang.i: 0
IEDBiogasCHP/MMXU1.PhV.neut.instCVal.ang.f: 0.0
IEDBiogasCHP/MMXU1.PhV.neut.cVal [MX]
IEDBiogasCHP/MMXU1.PhV.neut.cVal.mag [MX]
IEDBiogasCHP/MMXU1.PhV.neut.cVal.mag.i: 0
IEDBiogasCHP/MMXU1.PhV.neut.cVal.mag.f: 0.0
IEDBiogasCHP/MMXU1.PhV.neut.cVal.ang [MX]
IEDBiogasCHP/MMXU1.PhV.neut.cVal.ang.i: 0
IEDBiogasCHP/MMXU1.PhV.neut.cVal.ang.f: 0.0
IEDBiogasCHP/MMXU1.PhV.neut.range: 0
IEDBiogasCHP/MMXU1.PhV.neut.q: 0x00 0x00
IEDBiogasCHP/MMXU1.PhV.neut.t: Thu Jan 01 01:00:00 CET 1970
IEDBiogasCHP/MMXU1.PhV.net [MX]
IEDBiogasCHP/MMXU1.PhV.net.instCVal [MX]
IEDBiogasCHP/MMXU1.PhV.net.instCVal.mag [MX]
IEDBiogasCHP/MMXU1.PhV.net.instCVal.mag.i: 0
IEDBiogasCHP/MMXU1.PhV.net.instCVal.mag.f: 0.0
IEDBiogasCHP/MMXU1.PhV.net.instCVal.ang [MX]
IEDBiogasCHP/MMXU1.PhV.net.instCVal.ang.i: 0
IEDBiogasCHP/MMXU1.PhV.net.instCVal.ang.f: 0.0
IEDBiogasCHP/MMXU1.PhV.net.cVal [MX]
IEDBiogasCHP/MMXU1.PhV.net.cVal.mag [MX]
IEDBiogasCHP/MMXU1.PhV.net.cVal.mag.i: 0
IEDBiogasCHP/MMXU1.PhV.net.cVal.mag.f: 0.0
IEDBiogasCHP/MMXU1.PhV.net.cVal.ang [MX]
IEDBiogasCHP/MMXU1.PhV.net.cVal.ang.i: 0
IEDBiogasCHP/MMXU1.PhV.net.cVal.ang.f: 0.0
IEDBiogasCHP/MMXU1.PhV.net.range: 0
IEDBiogasCHP/MMXU1.PhV.net.q: 0x00 0x00
IEDBiogasCHP/MMXU1.PhV.net.t: Thu Jan 01 01:00:00 CET 1970
IEDBiogasCHP/MMXU1.PhV.res [MX]
IEDBiogasCHP/MMXU1.PhV.res.instCVal [MX]
IEDBiogasCHP/MMXU1.PhV.res.instCVal.mag [MX]
IEDBiogasCHP/MMXU1.PhV.res.instCVal.mag.i: 0
IEDBiogasCHP/MMXU1.PhV.res.instCVal.mag.f: 0.0
IEDBiogasCHP/MMXU1.PhV.res.instCVal.ang [MX]
IEDBiogasCHP/MMXU1.PhV.res.instCVal.ang.i: 0
IEDBiogasCHP/MMXU1.PhV.res.instCVal.ang.f: 0.0
IEDBiogasCHP/MMXU1.PhV.res.cVal [MX]
IEDBiogasCHP/MMXU1.PhV.res.cVal.mag [MX]
IEDBiogasCHP/MMXU1.PhV.res.cVal.mag.i: 0
IEDBiogasCHP/MMXU1.PhV.res.cVal.mag.f: 0.0
IEDBiogasCHP/MMXU1.PhV.res.cVal.ang [MX]
IEDBiogasCHP/MMXU1.PhV.res.cVal.ang.i: 0
IEDBiogasCHP/MMXU1.PhV.res.cVal.ang.f: 0.0
IEDBiogasCHP/MMXU1.PhV.res.range: 0
IEDBiogasCHP/MMXU1.PhV.res.q: 0x00 0x00
IEDBiogasCHP/MMXU1.PhV.res.t: Thu Jan 01 01:00:00 CET 1970
14:23:47.104 [openiec61850-osi-server-7-thread-1] DEBUG com.beanit.openiec61850.ServerAssociation - sub BDA is:IEDBiogasCHP/MMXU1.PhV.phsA.instCVal.mag.i: 0
14:23:47.104 [openiec61850-osi-server-7-thread-1] DEBUG com.beanit.openiec61850.ServerAssociation - sub BDA is:IEDBiogasCHP/MMXU1.PhV.phsA.instCVal.mag.f: 0.0
14:23:47.104 [openiec61850-osi-server-7-thread-1] DEBUG com.beanit.openiec61850.ServerAssociation - sub BDA is:IEDBiogasCHP/MMXU1.PhV.phsA.instCVal.ang.i: 0
14:23:47.104 [openiec61850-osi-server-7-thread-1] DEBUG com.beanit.openiec61850.ServerAssociation - sub BDA is:IEDBiogasCHP/MMXU1.PhV.phsA.instCVal.ang.f: 0.0
14:23:47.104 [openiec61850-osi-server-7-thread-1] DEBUG com.beanit.openiec61850.ServerAssociation - sub BDA is:IEDBiogasCHP/MMXU1.PhV.phsA.cVal.mag.i: 0
14:23:47.104 [openiec61850-osi-server-7-thread-1] DEBUG com.beanit.openiec61850.ServerAssociation - sub BDA is:IEDBiogasCHP/MMXU1.PhV.phsA.cVal.mag.f: 0.0
14:23:47.104 [openiec61850-osi-server-7-thread-1] DEBUG com.beanit.openiec61850.ServerAssociation - sub BDA is:IEDBiogasCHP/MMXU1.PhV.phsA.cVal.ang.i: 0
14:23:47.104 [openiec61850-osi-server-7-thread-1] DEBUG com.beanit.openiec61850.ServerAssociation - sub BDA is:IEDBiogasCHP/MMXU1.PhV.phsA.cVal.ang.f: 0.0
14:23:47.104 [openiec61850-osi-server-7-thread-1] DEBUG com.beanit.openiec61850.ServerAssociation - sub BDA is:IEDBiogasCHP/MMXU1.PhV.phsA.range: 0
14:23:47.104 [openiec61850-osi-server-7-thread-1] DEBUG com.beanit.openiec61850.ServerAssociation - sub BDA is:IEDBiogasCHP/MMXU1.PhV.phsA.q: 0x00 0x00
14:23:47.104 [openiec61850-osi-server-7-thread-1] DEBUG com.beanit.openiec61850.ServerAssociation - sub BDA is:IEDBiogasCHP/MMXU1.PhV.phsA.t: Thu Jan 01 01:00:00 CET 1970
14:23:47.104 [openiec61850-osi-server-7-thread-1] DEBUG com.beanit.openiec61850.ServerAssociation - sub BDA is:IEDBiogasCHP/MMXU1.PhV.phsB.instCVal.mag.i: 0
14:23:47.104 [openiec61850-osi-server-7-thread-1] DEBUG com.beanit.openiec61850.ServerAssociation - sub BDA is:IEDBiogasCHP/MMXU1.PhV.phsB.instCVal.mag.f: 0.0
14:23:47.104 [openiec61850-osi-server-7-thread-1] DEBUG com.beanit.openiec61850.ServerAssociation - sub BDA is:IEDBiogasCHP/MMXU1.PhV.phsB.instCVal.ang.i: 0
14:23:47.104 [openiec61850-osi-server-7-thread-1] DEBUG com.beanit.openiec61850.ServerAssociation - sub BDA is:IEDBiogasCHP/MMXU1.PhV.phsB.instCVal.ang.f: 0.0
14:23:47.104 [openiec61850-osi-server-7-thread-1] DEBUG com.beanit.openiec61850.ServerAssociation - sub BDA is:IEDBiogasCHP/MMXU1.PhV.phsB.cVal.mag.i: 0
14:23:47.104 [openiec61850-osi-server-7-thread-1] DEBUG com.beanit.openiec61850.ServerAssociation - sub BDA is:IEDBiogasCHP/MMXU1.PhV.phsB.cVal.mag.f: 0.0
14:23:47.104 [openiec61850-osi-server-7-thread-1] DEBUG com.beanit.openiec61850.ServerAssociation - sub BDA is:IEDBiogasCHP/MMXU1.PhV.phsB.cVal.ang.i: 0
14:23:47.104 [openiec61850-osi-server-7-thread-1] DEBUG com.beanit.openiec61850.ServerAssociation - sub BDA is:IEDBiogasCHP/MMXU1.PhV.phsB.cVal.ang.f: 0.0
14:23:47.104 [openiec61850-osi-server-7-thread-1] DEBUG com.beanit.openiec61850.ServerAssociation - sub BDA is:IEDBiogasCHP/MMXU1.PhV.phsB.range: 0
14:23:47.104 [openiec61850-osi-server-7-thread-1] DEBUG com.beanit.openiec61850.ServerAssociation - sub BDA is:IEDBiogasCHP/MMXU1.PhV.phsB.q: 0x00 0x00
14:23:47.104 [openiec61850-osi-server-7-thread-1] DEBUG com.beanit.openiec61850.ServerAssociation - sub BDA is:IEDBiogasCHP/MMXU1.PhV.phsB.t: Thu Jan 01 01:00:00 CET 1970
14:23:47.104 [openiec61850-osi-server-7-thread-1] DEBUG com.beanit.openiec61850.ServerAssociation - sub BDA is:IEDBiogasCHP/MMXU1.PhV.phsC.instCVal.mag.i: 0
14:23:47.104 [openiec61850-osi-server-7-thread-1] DEBUG com.beanit.openiec61850.ServerAssociation - sub BDA is:IEDBiogasCHP/MMXU1.PhV.phsC.instCVal.mag.f: 0.0
14:23:47.104 [openiec61850-osi-server-7-thread-1] DEBUG com.beanit.openiec61850.ServerAssociation - sub BDA is:IEDBiogasCHP/MMXU1.PhV.phsC.instCVal.ang.i: 0
14:23:47.104 [openiec61850-osi-server-7-thread-1] DEBUG com.beanit.openiec61850.ServerAssociation - sub BDA is:IEDBiogasCHP/MMXU1.PhV.phsC.instCVal.ang.f: 0.0
14:23:47.104 [openiec61850-osi-server-7-thread-1] DEBUG com.beanit.openiec61850.ServerAssociation - sub BDA is:IEDBiogasCHP/MMXU1.PhV.phsC.cVal.mag.i: 0
14:23:47.104 [openiec61850-osi-server-7-thread-1] DEBUG com.beanit.openiec61850.ServerAssociation - sub BDA is:IEDBiogasCHP/MMXU1.PhV.phsC.cVal.mag.f: 0.0
14:23:47.104 [openiec61850-osi-server-7-thread-1] DEBUG com.beanit.openiec61850.ServerAssociation - sub BDA is:IEDBiogasCHP/MMXU1.PhV.phsC.cVal.ang.i: 0
14:23:47.104 [openiec61850-osi-server-7-thread-1] DEBUG com.beanit.openiec61850.ServerAssociation - sub BDA is:IEDBiogasCHP/MMXU1.PhV.phsC.cVal.ang.f: 0.0
14:23:47.104 [openiec61850-osi-server-7-thread-1] DEBUG com.beanit.openiec61850.ServerAssociation - sub BDA is:IEDBiogasCHP/MMXU1.PhV.phsC.range: 0
14:23:47.104 [openiec61850-osi-server-7-thread-1] DEBUG com.beanit.openiec61850.ServerAssociation - sub BDA is:IEDBiogasCHP/MMXU1.PhV.phsC.q: 0x00 0x00
14:23:47.104 [openiec61850-osi-server-7-thread-1] DEBUG com.beanit.openiec61850.ServerAssociation - sub BDA is:IEDBiogasCHP/MMXU1.PhV.phsC.t: Thu Jan 01 01:00:00 CET 1970
14:23:47.104 [openiec61850-osi-server-7-thread-1] DEBUG com.beanit.openiec61850.ServerAssociation - sub BDA is:IEDBiogasCHP/MMXU1.PhV.neut.instCVal.mag.i: 0
14:23:47.104 [openiec61850-osi-server-7-thread-1] DEBUG com.beanit.openiec61850.ServerAssociation - sub BDA is:IEDBiogasCHP/MMXU1.PhV.neut.instCVal.mag.f: 0.0
14:23:47.104 [openiec61850-osi-server-7-thread-1] DEBUG com.beanit.openiec61850.ServerAssociation - sub BDA is:IEDBiogasCHP/MMXU1.PhV.neut.instCVal.ang.i: 0
14:23:47.104 [openiec61850-osi-server-7-thread-1] DEBUG com.beanit.openiec61850.ServerAssociation - sub BDA is:IEDBiogasCHP/MMXU1.PhV.neut.instCVal.ang.f: 0.0
14:23:47.104 [openiec61850-osi-server-7-thread-1] DEBUG com.beanit.openiec61850.ServerAssociation - sub BDA is:IEDBiogasCHP/MMXU1.PhV.neut.cVal.mag.i: 0
14:23:47.104 [openiec61850-osi-server-7-thread-1] DEBUG com.beanit.openiec61850.ServerAssociation - sub BDA is:IEDBiogasCHP/MMXU1.PhV.neut.cVal.mag.f: 0.0
14:23:47.104 [openiec61850-osi-server-7-thread-1] DEBUG com.beanit.openiec61850.ServerAssociation - sub BDA is:IEDBiogasCHP/MMXU1.PhV.neut.cVal.ang.i: 0
14:23:47.104 [openiec61850-osi-server-7-thread-1] DEBUG com.beanit.openiec61850.ServerAssociation - sub BDA is:IEDBiogasCHP/MMXU1.PhV.neut.cVal.ang.f: 0.0
14:23:47.104 [openiec61850-osi-server-7-thread-1] DEBUG com.beanit.openiec61850.ServerAssociation - sub BDA is:IEDBiogasCHP/MMXU1.PhV.neut.range: 0
14:23:47.104 [openiec61850-osi-server-7-thread-1] DEBUG com.beanit.openiec61850.ServerAssociation - sub BDA is:IEDBiogasCHP/MMXU1.PhV.neut.q: 0x00 0x00
14:23:47.104 [openiec61850-osi-server-7-thread-1] DEBUG com.beanit.openiec61850.ServerAssociation - sub BDA is:IEDBiogasCHP/MMXU1.PhV.neut.t: Thu Jan 01 01:00:00 CET 1970
14:23:47.104 [openiec61850-osi-server-7-thread-1] DEBUG com.beanit.openiec61850.ServerAssociation - sub BDA is:IEDBiogasCHP/MMXU1.PhV.net.instCVal.mag.i: 0
14:23:47.104 [openiec61850-osi-server-7-thread-1] DEBUG com.beanit.openiec61850.ServerAssociation - sub BDA is:IEDBiogasCHP/MMXU1.PhV.net.instCVal.mag.f: 0.0
14:23:47.104 [openiec61850-osi-server-7-thread-1] DEBUG com.beanit.openiec61850.ServerAssociation - sub BDA is:IEDBiogasCHP/MMXU1.PhV.net.instCVal.ang.i: 0
14:23:47.104 [openiec61850-osi-server-7-thread-1] DEBUG com.beanit.openiec61850.ServerAssociation - sub BDA is:IEDBiogasCHP/MMXU1.PhV.net.instCVal.ang.f: 0.0
14:23:47.104 [openiec61850-osi-server-7-thread-1] DEBUG com.beanit.openiec61850.ServerAssociation - sub BDA is:IEDBiogasCHP/MMXU1.PhV.net.cVal.mag.i: 0
14:23:47.104 [openiec61850-osi-server-7-thread-1] DEBUG com.beanit.openiec61850.ServerAssociation - sub BDA is:IEDBiogasCHP/MMXU1.PhV.net.cVal.mag.f: 0.0
14:23:47.104 [openiec61850-osi-server-7-thread-1] DEBUG com.beanit.openiec61850.ServerAssociation - sub BDA is:IEDBiogasCHP/MMXU1.PhV.net.cVal.ang.i: 0
14:23:47.104 [openiec61850-osi-server-7-thread-1] DEBUG com.beanit.openiec61850.ServerAssociation - sub BDA is:IEDBiogasCHP/MMXU1.PhV.net.cVal.ang.f: 0.0
14:23:47.104 [openiec61850-osi-server-7-thread-1] DEBUG com.beanit.openiec61850.ServerAssociation - sub BDA is:IEDBiogasCHP/MMXU1.PhV.net.range: 0
14:23:47.104 [openiec61850-osi-server-7-thread-1] DEBUG com.beanit.openiec61850.ServerAssociation - sub BDA is:IEDBiogasCHP/MMXU1.PhV.net.q: 0x00 0x00
14:23:47.104 [openiec61850-osi-server-7-thread-1] DEBUG com.beanit.openiec61850.ServerAssociation - sub BDA is:IEDBiogasCHP/MMXU1.PhV.net.t: Thu Jan 01 01:00:00 CET 1970
14:23:47.104 [openiec61850-osi-server-7-thread-1] DEBUG com.beanit.openiec61850.ServerAssociation - sub BDA is:IEDBiogasCHP/MMXU1.PhV.res.instCVal.mag.i: 0
14:23:47.104 [openiec61850-osi-server-7-thread-1] DEBUG com.beanit.openiec61850.ServerAssociation - sub BDA is:IEDBiogasCHP/MMXU1.PhV.res.instCVal.mag.f: 0.0
14:23:47.104 [openiec61850-osi-server-7-thread-1] DEBUG com.beanit.openiec61850.ServerAssociation - sub BDA is:IEDBiogasCHP/MMXU1.PhV.res.instCVal.ang.i: 0
14:23:47.104 [openiec61850-osi-server-7-thread-1] DEBUG com.beanit.openiec61850.ServerAssociation - sub BDA is:IEDBiogasCHP/MMXU1.PhV.res.instCVal.ang.f: 0.0
14:23:47.104 [openiec61850-osi-server-7-thread-1] DEBUG com.beanit.openiec61850.ServerAssociation - sub BDA is:IEDBiogasCHP/MMXU1.PhV.res.cVal.mag.i: 0
14:23:47.104 [openiec61850-osi-server-7-thread-1] DEBUG com.beanit.openiec61850.ServerAssociation - sub BDA is:IEDBiogasCHP/MMXU1.PhV.res.cVal.mag.f: 0.0
14:23:47.104 [openiec61850-osi-server-7-thread-1] DEBUG com.beanit.openiec61850.ServerAssociation - sub BDA is:IEDBiogasCHP/MMXU1.PhV.res.cVal.ang.i: 0
14:23:47.104 [openiec61850-osi-server-7-thread-1] DEBUG com.beanit.openiec61850.ServerAssociation - sub BDA is:IEDBiogasCHP/MMXU1.PhV.res.cVal.ang.f: 0.0
14:23:47.104 [openiec61850-osi-server-7-thread-1] DEBUG com.beanit.openiec61850.ServerAssociation - sub BDA is:IEDBiogasCHP/MMXU1.PhV.res.range: 0
14:23:47.104 [openiec61850-osi-server-7-thread-1] DEBUG com.beanit.openiec61850.ServerAssociation - sub BDA is:IEDBiogasCHP/MMXU1.PhV.res.q: 0x00 0x00
14:23:47.104 [openiec61850-osi-server-7-thread-1] DEBUG com.beanit.openiec61850.ServerAssociation - sub BDA is:IEDBiogasCHP/MMXU1.PhV.res.t: Thu Jan 01 01:00:00 CET 1970
calling GetDataValues(IEDBiogasCHP/MMXU1.PhV.phsA)
14:23:47.104 [openiec61850-osi-server-7-thread-1] DEBUG com.beanit.openiec61850.ServerAssociation - Got a GetDataValues request for node: IEDBiogasCHP/MMXU1.PhV.phsA [MX]
IEDBiogasCHP/MMXU1.PhV.phsA.instCVal [MX]
IEDBiogasCHP/MMXU1.PhV.phsA.instCVal.mag [MX]
IEDBiogasCHP/MMXU1.PhV.phsA.instCVal.mag.i: 0
IEDBiogasCHP/MMXU1.PhV.phsA.instCVal.mag.f: 0.0
IEDBiogasCHP/MMXU1.PhV.phsA.instCVal.ang [MX]
IEDBiogasCHP/MMXU1.PhV.phsA.instCVal.ang.i: 0
IEDBiogasCHP/MMXU1.PhV.phsA.instCVal.ang.f: 0.0
IEDBiogasCHP/MMXU1.PhV.phsA.cVal [MX]
IEDBiogasCHP/MMXU1.PhV.phsA.cVal.mag [MX]
IEDBiogasCHP/MMXU1.PhV.phsA.cVal.mag.i: 0
IEDBiogasCHP/MMXU1.PhV.phsA.cVal.mag.f: 0.0
IEDBiogasCHP/MMXU1.PhV.phsA.cVal.ang [MX]
IEDBiogasCHP/MMXU1.PhV.phsA.cVal.ang.i: 0
IEDBiogasCHP/MMXU1.PhV.phsA.cVal.ang.f: 0.0
IEDBiogasCHP/MMXU1.PhV.phsA.range: 0
IEDBiogasCHP/MMXU1.PhV.phsA.q: 0x00 0x00
IEDBiogasCHP/MMXU1.PhV.phsA.t: Thu Jan 01 01:00:00 CET 1970
14:23:47.104 [openiec61850-osi-server-7-thread-1] DEBUG com.beanit.openiec61850.ServerAssociation - sub BDA is:IEDBiogasCHP/MMXU1.PhV.phsA.instCVal.mag.i: 0
14:23:47.104 [openiec61850-osi-server-7-thread-1] DEBUG com.beanit.openiec61850.ServerAssociation - sub BDA is:IEDBiogasCHP/MMXU1.PhV.phsA.instCVal.mag.f: 0.0
14:23:47.104 [openiec61850-osi-server-7-thread-1] DEBUG com.beanit.openiec61850.ServerAssociation - sub BDA is:IEDBiogasCHP/MMXU1.PhV.phsA.instCVal.ang.i: 0
14:23:47.104 [openiec61850-osi-server-7-thread-1] DEBUG com.beanit.openiec61850.ServerAssociation - sub BDA is:IEDBiogasCHP/MMXU1.PhV.phsA.instCVal.ang.f: 0.0
14:23:47.104 [openiec61850-osi-server-7-thread-1] DEBUG com.beanit.openiec61850.ServerAssociation - sub BDA is:IEDBiogasCHP/MMXU1.PhV.phsA.cVal.mag.i: 0
14:23:47.104 [openiec61850-osi-server-7-thread-1] DEBUG com.beanit.openiec61850.ServerAssociation - sub BDA is:IEDBiogasCHP/MMXU1.PhV.phsA.cVal.mag.f: 0.0
14:23:47.104 [openiec61850-osi-server-7-thread-1] DEBUG com.beanit.openiec61850.ServerAssociation - sub BDA is:IEDBiogasCHP/MMXU1.PhV.phsA.cVal.ang.i: 0
14:23:47.104 [openiec61850-osi-server-7-thread-1] DEBUG com.beanit.openiec61850.ServerAssociation - sub BDA is:IEDBiogasCHP/MMXU1.PhV.phsA.cVal.ang.f: 0.0
14:23:47.104 [openiec61850-osi-server-7-thread-1] DEBUG com.beanit.openiec61850.ServerAssociation - sub BDA is:IEDBiogasCHP/MMXU1.PhV.phsA.range: 0
14:23:47.104 [openiec61850-osi-server-7-thread-1] DEBUG com.beanit.openiec61850.ServerAssociation - sub BDA is:IEDBiogasCHP/MMXU1.PhV.phsA.q: 0x00 0x00
14:23:47.104 [openiec61850-osi-server-7-thread-1] DEBUG com.beanit.openiec61850.ServerAssociation - sub BDA is:IEDBiogasCHP/MMXU1.PhV.phsA.t: Thu Jan 01 01:00:00 CET 1970
calling GetDataValues(IEDBiogasCHP/MMXU1.PhV.phsA.instCVal)
14:23:47.104 [openiec61850-osi-server-7-thread-1] DEBUG com.beanit.openiec61850.ServerAssociation - Got a GetDataValues request for node: IEDBiogasCHP/MMXU1.PhV.phsA.instCVal [MX]
IEDBiogasCHP/MMXU1.PhV.phsA.instCVal.mag [MX]
IEDBiogasCHP/MMXU1.PhV.phsA.instCVal.mag.i: 0
IEDBiogasCHP/MMXU1.PhV.phsA.instCVal.mag.f: 0.0
IEDBiogasCHP/MMXU1.PhV.phsA.instCVal.ang [MX]
IEDBiogasCHP/MMXU1.PhV.phsA.instCVal.ang.i: 0
IEDBiogasCHP/MMXU1.PhV.phsA.instCVal.ang.f: 0.0
14:23:47.104 [openiec61850-osi-server-7-thread-1] DEBUG com.beanit.openiec61850.ServerAssociation - sub BDA is:IEDBiogasCHP/MMXU1.PhV.phsA.instCVal.mag.i: 0
14:23:47.104 [openiec61850-osi-server-7-thread-1] DEBUG com.beanit.openiec61850.ServerAssociation - sub BDA is:IEDBiogasCHP/MMXU1.PhV.phsA.instCVal.mag.f: 0.0
14:23:47.104 [openiec61850-osi-server-7-thread-1] DEBUG com.beanit.openiec61850.ServerAssociation - sub BDA is:IEDBiogasCHP/MMXU1.PhV.phsA.instCVal.ang.i: 0
14:23:47.104 [openiec61850-osi-server-7-thread-1] DEBUG com.beanit.openiec61850.ServerAssociation - sub BDA is:IEDBiogasCHP/MMXU1.PhV.phsA.instCVal.ang.f: 0.0
calling GetDataValues(IEDBiogasCHP/MMXU1.PhV.phsA.instCVal.mag)
14:23:47.105 [openiec61850-osi-server-7-thread-1] DEBUG com.beanit.openiec61850.ServerAssociation - Got a GetDataValues request for node: IEDBiogasCHP/MMXU1.PhV.phsA.instCVal.mag [MX]
IEDBiogasCHP/MMXU1.PhV.phsA.instCVal.mag.i: 0
IEDBiogasCHP/MMXU1.PhV.phsA.instCVal.mag.f: 0.0
14:23:47.105 [openiec61850-osi-server-7-thread-1] DEBUG com.beanit.openiec61850.ServerAssociation - sub BDA is:IEDBiogasCHP/MMXU1.PhV.phsA.instCVal.mag.i: 0
14:23:47.105 [openiec61850-osi-server-7-thread-1] DEBUG com.beanit.openiec61850.ServerAssociation - sub BDA is:IEDBiogasCHP/MMXU1.PhV.phsA.instCVal.mag.f: 0.0
calling GetDataValues(IEDBiogasCHP/MMXU1.PhV.phsA.instCVal.mag.i)
14:23:47.105 [openiec61850-osi-server-7-thread-1] DEBUG com.beanit.openiec61850.ServerAssociation - Got a GetDataValues request for node: IEDBiogasCHP/MMXU1.PhV.phsA.instCVal.mag.i: 0
calling GetDataValues(IEDBiogasCHP/MMXU1.PhV.phsA.instCVal.mag.f)
14:23:47.105 [openiec61850-osi-server-7-thread-1] DEBUG com.beanit.openiec61850.ServerAssociation - Got a GetDataValues request for node: IEDBiogasCHP/MMXU1.PhV.phsA.instCVal.mag.f: 0.0
calling GetDataValues(IEDBiogasCHP/MMXU1.PhV.phsA.instCVal.ang)
14:23:47.105 [openiec61850-osi-server-7-thread-1] DEBUG com.beanit.openiec61850.ServerAssociation - Got a GetDataValues request for node: IEDBiogasCHP/MMXU1.PhV.phsA.instCVal.ang [MX]
IEDBiogasCHP/MMXU1.PhV.phsA.instCVal.ang.i: 0
IEDBiogasCHP/MMXU1.PhV.phsA.instCVal.ang.f: 0.0
14:23:47.105 [openiec61850-osi-server-7-thread-1] DEBUG com.beanit.openiec61850.ServerAssociation - sub BDA is:IEDBiogasCHP/MMXU1.PhV.phsA.instCVal.ang.i: 0
14:23:47.105 [openiec61850-osi-server-7-thread-1] DEBUG com.beanit.openiec61850.ServerAssociation - sub BDA is:IEDBiogasCHP/MMXU1.PhV.phsA.instCVal.ang.f: 0.0
calling GetDataValues(IEDBiogasCHP/MMXU1.PhV.phsA.instCVal.ang.i)
14:23:47.105 [openiec61850-osi-server-7-thread-1] DEBUG com.beanit.openiec61850.ServerAssociation - Got a GetDataValues request for node: IEDBiogasCHP/MMXU1.PhV.phsA.instCVal.ang.i: 0
calling GetDataValues(IEDBiogasCHP/MMXU1.PhV.phsA.instCVal.ang.f)
14:23:47.105 [openiec61850-osi-server-7-thread-1] DEBUG com.beanit.openiec61850.ServerAssociation - Got a GetDataValues request for node: IEDBiogasCHP/MMXU1.PhV.phsA.instCVal.ang.f: 0.0
calling GetDataValues(IEDBiogasCHP/MMXU1.PhV.phsA.cVal)
14:23:47.105 [openiec61850-osi-server-7-thread-1] DEBUG com.beanit.openiec61850.ServerAssociation - Got a GetDataValues request for node: IEDBiogasCHP/MMXU1.PhV.phsA.cVal [MX]
IEDBiogasCHP/MMXU1.PhV.phsA.cVal.mag [MX]
IEDBiogasCHP/MMXU1.PhV.phsA.cVal.mag.i: 0
IEDBiogasCHP/MMXU1.PhV.phsA.cVal.mag.f: 0.0
IEDBiogasCHP/MMXU1.PhV.phsA.cVal.ang [MX]
IEDBiogasCHP/MMXU1.PhV.phsA.cVal.ang.i: 0
IEDBiogasCHP/MMXU1.PhV.phsA.cVal.ang.f: 0.0
14:23:47.105 [openiec61850-osi-server-7-thread-1] DEBUG com.beanit.openiec61850.ServerAssociation - sub BDA is:IEDBiogasCHP/MMXU1.PhV.phsA.cVal.mag.i: 0
14:23:47.105 [openiec61850-osi-server-7-thread-1] DEBUG com.beanit.openiec61850.ServerAssociation - sub BDA is:IEDBiogasCHP/MMXU1.PhV.phsA.cVal.mag.f: 0.0
14:23:47.105 [openiec61850-osi-server-7-thread-1] DEBUG com.beanit.openiec61850.ServerAssociation - sub BDA is:IEDBiogasCHP/MMXU1.PhV.phsA.cVal.ang.i: 0
14:23:47.105 [openiec61850-osi-server-7-thread-1] DEBUG com.beanit.openiec61850.ServerAssociation - sub BDA is:IEDBiogasCHP/MMXU1.PhV.phsA.cVal.ang.f: 0.0
calling GetDataValues(IEDBiogasCHP/MMXU1.PhV.phsA.cVal.mag)
14:23:47.106 [openiec61850-osi-server-7-thread-1] DEBUG com.beanit.openiec61850.ServerAssociation - Got a GetDataValues request for node: IEDBiogasCHP/MMXU1.PhV.phsA.cVal.mag [MX]
IEDBiogasCHP/MMXU1.PhV.phsA.cVal.mag.i: 0
IEDBiogasCHP/MMXU1.PhV.phsA.cVal.mag.f: 0.0
14:23:47.106 [openiec61850-osi-server-7-thread-1] DEBUG com.beanit.openiec61850.ServerAssociation - sub BDA is:IEDBiogasCHP/MMXU1.PhV.phsA.cVal.mag.i: 0
14:23:47.106 [openiec61850-osi-server-7-thread-1] DEBUG com.beanit.openiec61850.ServerAssociation - sub BDA is:IEDBiogasCHP/MMXU1.PhV.phsA.cVal.mag.f: 0.0
calling GetDataValues(IEDBiogasCHP/MMXU1.PhV.phsA.cVal.mag.i)
14:23:47.106 [openiec61850-osi-server-7-thread-1] DEBUG com.beanit.openiec61850.ServerAssociation - Got a GetDataValues request for node: IEDBiogasCHP/MMXU1.PhV.phsA.cVal.mag.i: 0
calling GetDataValues(IEDBiogasCHP/MMXU1.PhV.phsA.cVal.mag.f)
14:23:47.106 [openiec61850-osi-server-7-thread-1] DEBUG com.beanit.openiec61850.ServerAssociation - Got a GetDataValues request for node: IEDBiogasCHP/MMXU1.PhV.phsA.cVal.mag.f: 0.0
calling GetDataValues(IEDBiogasCHP/MMXU1.PhV.phsA.cVal.ang)
14:23:47.106 [openiec61850-osi-server-7-thread-1] DEBUG com.beanit.openiec61850.ServerAssociation - Got a GetDataValues request for node: IEDBiogasCHP/MMXU1.PhV.phsA.cVal.ang [MX]
IEDBiogasCHP/MMXU1.PhV.phsA.cVal.ang.i: 0
IEDBiogasCHP/MMXU1.PhV.phsA.cVal.ang.f: 0.0
14:23:47.106 [openiec61850-osi-server-7-thread-1] DEBUG com.beanit.openiec61850.ServerAssociation - sub BDA is:IEDBiogasCHP/MMXU1.PhV.phsA.cVal.ang.i: 0
14:23:47.106 [openiec61850-osi-server-7-thread-1] DEBUG com.beanit.openiec61850.ServerAssociation - sub BDA is:IEDBiogasCHP/MMXU1.PhV.phsA.cVal.ang.f: 0.0
calling GetDataValues(IEDBiogasCHP/MMXU1.PhV.phsA.cVal.ang.i)
14:23:47.106 [openiec61850-osi-server-7-thread-1] DEBUG com.beanit.openiec61850.ServerAssociation - Got a GetDataValues request for node: IEDBiogasCHP/MMXU1.PhV.phsA.cVal.ang.i: 0
calling GetDataValues(IEDBiogasCHP/MMXU1.PhV.phsA.cVal.ang.f)
14:23:47.106 [openiec61850-osi-server-7-thread-1] DEBUG com.beanit.openiec61850.ServerAssociation - Got a GetDataValues request for node: IEDBiogasCHP/MMXU1.PhV.phsA.cVal.ang.f: 0.0
calling GetDataValues(IEDBiogasCHP/MMXU1.PhV.phsA.range)
14:23:47.106 [openiec61850-osi-server-7-thread-1] DEBUG com.beanit.openiec61850.ServerAssociation - Got a GetDataValues request for node: IEDBiogasCHP/MMXU1.PhV.phsA.range: 0
calling GetDataValues(IEDBiogasCHP/MMXU1.PhV.phsA.q)
14:23:47.107 [openiec61850-osi-server-7-thread-1] DEBUG com.beanit.openiec61850.ServerAssociation - Got a GetDataValues request for node: IEDBiogasCHP/MMXU1.PhV.phsA.q: 0x00 0x00
calling GetDataValues(IEDBiogasCHP/MMXU1.PhV.phsA.t)
14:23:47.107 [openiec61850-osi-server-7-thread-1] DEBUG com.beanit.openiec61850.ServerAssociation - Got a GetDataValues request for node: IEDBiogasCHP/MMXU1.PhV.phsA.t: Thu Jan 01 01:00:00 CET 1970
calling GetDataValues(IEDBiogasCHP/MMXU1.PhV.phsB)
14:23:47.107 [openiec61850-osi-server-7-thread-1] DEBUG com.beanit.openiec61850.ServerAssociation - Got a GetDataValues request for node: IEDBiogasCHP/MMXU1.PhV.phsB [MX]
IEDBiogasCHP/MMXU1.PhV.phsB.instCVal [MX]
IEDBiogasCHP/MMXU1.PhV.phsB.instCVal.mag [MX]
IEDBiogasCHP/MMXU1.PhV.phsB.instCVal.mag.i: 0
IEDBiogasCHP/MMXU1.PhV.phsB.instCVal.mag.f: 0.0
IEDBiogasCHP/MMXU1.PhV.phsB.instCVal.ang [MX]
IEDBiogasCHP/MMXU1.PhV.phsB.instCVal.ang.i: 0
IEDBiogasCHP/MMXU1.PhV.phsB.instCVal.ang.f: 0.0
IEDBiogasCHP/MMXU1.PhV.phsB.cVal [MX]
IEDBiogasCHP/MMXU1.PhV.phsB.cVal.mag [MX]
IEDBiogasCHP/MMXU1.PhV.phsB.cVal.mag.i: 0
IEDBiogasCHP/MMXU1.PhV.phsB.cVal.mag.f: 0.0
IEDBiogasCHP/MMXU1.PhV.phsB.cVal.ang [MX]
IEDBiogasCHP/MMXU1.PhV.phsB.cVal.ang.i: 0
IEDBiogasCHP/MMXU1.PhV.phsB.cVal.ang.f: 0.0
IEDBiogasCHP/MMXU1.PhV.phsB.range: 0
IEDBiogasCHP/MMXU1.PhV.phsB.q: 0x00 0x00
IEDBiogasCHP/MMXU1.PhV.phsB.t: Thu Jan 01 01:00:00 CET 1970
14:23:47.107 [openiec61850-osi-server-7-thread-1] DEBUG com.beanit.openiec61850.ServerAssociation - sub BDA is:IEDBiogasCHP/MMXU1.PhV.phsB.instCVal.mag.i: 0
14:23:47.107 [openiec61850-osi-server-7-thread-1] DEBUG com.beanit.openiec61850.ServerAssociation - sub BDA is:IEDBiogasCHP/MMXU1.PhV.phsB.instCVal.mag.f: 0.0
14:23:47.107 [openiec61850-osi-server-7-thread-1] DEBUG com.beanit.openiec61850.ServerAssociation - sub BDA is:IEDBiogasCHP/MMXU1.PhV.phsB.instCVal.ang.i: 0
14:23:47.107 [openiec61850-osi-server-7-thread-1] DEBUG com.beanit.openiec61850.ServerAssociation - sub BDA is:IEDBiogasCHP/MMXU1.PhV.phsB.instCVal.ang.f: 0.0
14:23:47.107 [openiec61850-osi-server-7-thread-1] DEBUG com.beanit.openiec61850.ServerAssociation - sub BDA is:IEDBiogasCHP/MMXU1.PhV.phsB.cVal.mag.i: 0
14:23:47.107 [openiec61850-osi-server-7-thread-1] DEBUG com.beanit.openiec61850.ServerAssociation - sub BDA is:IEDBiogasCHP/MMXU1.PhV.phsB.cVal.mag.f: 0.0
14:23:47.107 [openiec61850-osi-server-7-thread-1] DEBUG com.beanit.openiec61850.ServerAssociation - sub BDA is:IEDBiogasCHP/MMXU1.PhV.phsB.cVal.ang.i: 0
14:23:47.107 [openiec61850-osi-server-7-thread-1] DEBUG com.beanit.openiec61850.ServerAssociation - sub BDA is:IEDBiogasCHP/MMXU1.PhV.phsB.cVal.ang.f: 0.0
14:23:47.107 [openiec61850-osi-server-7-thread-1] DEBUG com.beanit.openiec61850.ServerAssociation - sub BDA is:IEDBiogasCHP/MMXU1.PhV.phsB.range: 0
14:23:47.107 [openiec61850-osi-server-7-thread-1] DEBUG com.beanit.openiec61850.ServerAssociation - sub BDA is:IEDBiogasCHP/MMXU1.PhV.phsB.q: 0x00 0x00
14:23:47.107 [openiec61850-osi-server-7-thread-1] DEBUG com.beanit.openiec61850.ServerAssociation - sub BDA is:IEDBiogasCHP/MMXU1.PhV.phsB.t: Thu Jan 01 01:00:00 CET 1970
calling GetDataValues(IEDBiogasCHP/MMXU1.PhV.phsB.instCVal)
14:23:47.107 [openiec61850-osi-server-7-thread-1] DEBUG com.beanit.openiec61850.ServerAssociation - Got a GetDataValues request for node: IEDBiogasCHP/MMXU1.PhV.phsB.instCVal [MX]
IEDBiogasCHP/MMXU1.PhV.phsB.instCVal.mag [MX]
IEDBiogasCHP/MMXU1.PhV.phsB.instCVal.mag.i: 0
IEDBiogasCHP/MMXU1.PhV.phsB.instCVal.mag.f: 0.0
IEDBiogasCHP/MMXU1.PhV.phsB.instCVal.ang [MX]
IEDBiogasCHP/MMXU1.PhV.phsB.instCVal.ang.i: 0
IEDBiogasCHP/MMXU1.PhV.phsB.instCVal.ang.f: 0.0
14:23:47.107 [openiec61850-osi-server-7-thread-1] DEBUG com.beanit.openiec61850.ServerAssociation - sub BDA is:IEDBiogasCHP/MMXU1.PhV.phsB.instCVal.mag.i: 0
14:23:47.107 [openiec61850-osi-server-7-thread-1] DEBUG com.beanit.openiec61850.ServerAssociation - sub BDA is:IEDBiogasCHP/MMXU1.PhV.phsB.instCVal.mag.f: 0.0
14:23:47.107 [openiec61850-osi-server-7-thread-1] DEBUG com.beanit.openiec61850.ServerAssociation - sub BDA is:IEDBiogasCHP/MMXU1.PhV.phsB.instCVal.ang.i: 0
14:23:47.107 [openiec61850-osi-server-7-thread-1] DEBUG com.beanit.openiec61850.ServerAssociation - sub BDA is:IEDBiogasCHP/MMXU1.PhV.phsB.instCVal.ang.f: 0.0
calling GetDataValues(IEDBiogasCHP/MMXU1.PhV.phsB.instCVal.mag)
14:23:47.107 [openiec61850-osi-server-7-thread-1] DEBUG com.beanit.openiec61850.ServerAssociation - Got a GetDataValues request for node: IEDBiogasCHP/MMXU1.PhV.phsB.instCVal.mag [MX]
IEDBiogasCHP/MMXU1.PhV.phsB.instCVal.mag.i: 0
IEDBiogasCHP/MMXU1.PhV.phsB.instCVal.mag.f: 0.0
14:23:47.107 [openiec61850-osi-server-7-thread-1] DEBUG com.beanit.openiec61850.ServerAssociation - sub BDA is:IEDBiogasCHP/MMXU1.PhV.phsB.instCVal.mag.i: 0
14:23:47.107 [openiec61850-osi-server-7-thread-1] DEBUG com.beanit.openiec61850.ServerAssociation - sub BDA is:IEDBiogasCHP/MMXU1.PhV.phsB.instCVal.mag.f: 0.0
calling GetDataValues(IEDBiogasCHP/MMXU1.PhV.phsB.instCVal.mag.i)
14:23:47.107 [openiec61850-osi-server-7-thread-1] DEBUG com.beanit.openiec61850.ServerAssociation - Got a GetDataValues request for node: IEDBiogasCHP/MMXU1.PhV.phsB.instCVal.mag.i: 0
calling GetDataValues(IEDBiogasCHP/MMXU1.PhV.phsB.instCVal.mag.f)
14:23:47.108 [openiec61850-osi-server-7-thread-1] DEBUG com.beanit.openiec61850.ServerAssociation - Got a GetDataValues request for node: IEDBiogasCHP/MMXU1.PhV.phsB.instCVal.mag.f: 0.0
calling GetDataValues(IEDBiogasCHP/MMXU1.PhV.phsB.instCVal.ang)
14:23:47.108 [openiec61850-osi-server-7-thread-1] DEBUG com.beanit.openiec61850.ServerAssociation - Got a GetDataValues request for node: IEDBiogasCHP/MMXU1.PhV.phsB.instCVal.ang [MX]
IEDBiogasCHP/MMXU1.PhV.phsB.instCVal.ang.i: 0
IEDBiogasCHP/MMXU1.PhV.phsB.instCVal.ang.f: 0.0
14:23:47.108 [openiec61850-osi-server-7-thread-1] DEBUG com.beanit.openiec61850.ServerAssociation - sub BDA is:IEDBiogasCHP/MMXU1.PhV.phsB.instCVal.ang.i: 0
14:23:47.108 [openiec61850-osi-server-7-thread-1] DEBUG com.beanit.openiec61850.ServerAssociation - sub BDA is:IEDBiogasCHP/MMXU1.PhV.phsB.instCVal.ang.f: 0.0
calling GetDataValues(IEDBiogasCHP/MMXU1.PhV.phsB.instCVal.ang.i)
14:23:47.108 [openiec61850-osi-server-7-thread-1] DEBUG com.beanit.openiec61850.ServerAssociation - Got a GetDataValues request for node: IEDBiogasCHP/MMXU1.PhV.phsB.instCVal.ang.i: 0
calling GetDataValues(IEDBiogasCHP/MMXU1.PhV.phsB.instCVal.ang.f)
14:23:47.108 [openiec61850-osi-server-7-thread-1] DEBUG com.beanit.openiec61850.ServerAssociation - Got a GetDataValues request for node: IEDBiogasCHP/MMXU1.PhV.phsB.instCVal.ang.f: 0.0
calling GetDataValues(IEDBiogasCHP/MMXU1.PhV.phsB.cVal)
14:23:47.108 [openiec61850-osi-server-7-thread-1] DEBUG com.beanit.openiec61850.ServerAssociation - Got a GetDataValues request for node: IEDBiogasCHP/MMXU1.PhV.phsB.cVal [MX]
IEDBiogasCHP/MMXU1.PhV.phsB.cVal.mag [MX]
IEDBiogasCHP/MMXU1.PhV.phsB.cVal.mag.i: 0
IEDBiogasCHP/MMXU1.PhV.phsB.cVal.mag.f: 0.0
IEDBiogasCHP/MMXU1.PhV.phsB.cVal.ang [MX]
IEDBiogasCHP/MMXU1.PhV.phsB.cVal.ang.i: 0
IEDBiogasCHP/MMXU1.PhV.phsB.cVal.ang.f: 0.0
14:23:47.108 [openiec61850-osi-server-7-thread-1] DEBUG com.beanit.openiec61850.ServerAssociation - sub BDA is:IEDBiogasCHP/MMXU1.PhV.phsB.cVal.mag.i: 0
14:23:47.108 [openiec61850-osi-server-7-thread-1] DEBUG com.beanit.openiec61850.ServerAssociation - sub BDA is:IEDBiogasCHP/MMXU1.PhV.phsB.cVal.mag.f: 0.0
14:23:47.108 [openiec61850-osi-server-7-thread-1] DEBUG com.beanit.openiec61850.ServerAssociation - sub BDA is:IEDBiogasCHP/MMXU1.PhV.phsB.cVal.ang.i: 0
14:23:47.108 [openiec61850-osi-server-7-thread-1] DEBUG com.beanit.openiec61850.ServerAssociation - sub BDA is:IEDBiogasCHP/MMXU1.PhV.phsB.cVal.ang.f: 0.0
calling GetDataValues(IEDBiogasCHP/MMXU1.PhV.phsB.cVal.mag)
14:23:47.108 [openiec61850-osi-server-7-thread-1] DEBUG com.beanit.openiec61850.ServerAssociation - Got a GetDataValues request for node: IEDBiogasCHP/MMXU1.PhV.phsB.cVal.mag [MX]
IEDBiogasCHP/MMXU1.PhV.phsB.cVal.mag.i: 0
IEDBiogasCHP/MMXU1.PhV.phsB.cVal.mag.f: 0.0
14:23:47.108 [openiec61850-osi-server-7-thread-1] DEBUG com.beanit.openiec61850.ServerAssociation - sub BDA is:IEDBiogasCHP/MMXU1.PhV.phsB.cVal.mag.i: 0
14:23:47.108 [openiec61850-osi-server-7-thread-1] DEBUG com.beanit.openiec61850.ServerAssociation - sub BDA is:IEDBiogasCHP/MMXU1.PhV.phsB.cVal.mag.f: 0.0
calling GetDataValues(IEDBiogasCHP/MMXU1.PhV.phsB.cVal.mag.i)
14:23:47.108 [openiec61850-osi-server-7-thread-1] DEBUG com.beanit.openiec61850.ServerAssociation - Got a GetDataValues request for node: IEDBiogasCHP/MMXU1.PhV.phsB.cVal.mag.i: 0
calling GetDataValues(IEDBiogasCHP/MMXU1.PhV.phsB.cVal.mag.f)
14:23:47.109 [openiec61850-osi-server-7-thread-1] DEBUG com.beanit.openiec61850.ServerAssociation - Got a GetDataValues request for node: IEDBiogasCHP/MMXU1.PhV.phsB.cVal.mag.f: 0.0
calling GetDataValues(IEDBiogasCHP/MMXU1.PhV.phsB.cVal.ang)
14:23:47.109 [openiec61850-osi-server-7-thread-1] DEBUG com.beanit.openiec61850.ServerAssociation - Got a GetDataValues request for node: IEDBiogasCHP/MMXU1.PhV.phsB.cVal.ang [MX]
IEDBiogasCHP/MMXU1.PhV.phsB.cVal.ang.i: 0
IEDBiogasCHP/MMXU1.PhV.phsB.cVal.ang.f: 0.0
14:23:47.109 [openiec61850-osi-server-7-thread-1] DEBUG com.beanit.openiec61850.ServerAssociation - sub BDA is:IEDBiogasCHP/MMXU1.PhV.phsB.cVal.ang.i: 0
14:23:47.109 [openiec61850-osi-server-7-thread-1] DEBUG com.beanit.openiec61850.ServerAssociation - sub BDA is:IEDBiogasCHP/MMXU1.PhV.phsB.cVal.ang.f: 0.0
calling GetDataValues(IEDBiogasCHP/MMXU1.PhV.phsB.cVal.ang.i)
14:23:47.109 [openiec61850-osi-server-7-thread-1] DEBUG com.beanit.openiec61850.ServerAssociation - Got a GetDataValues request for node: IEDBiogasCHP/MMXU1.PhV.phsB.cVal.ang.i: 0
calling GetDataValues(IEDBiogasCHP/MMXU1.PhV.phsB.cVal.ang.f)
14:23:47.110 [openiec61850-osi-server-7-thread-1] DEBUG com.beanit.openiec61850.ServerAssociation - Got a GetDataValues request for node: IEDBiogasCHP/MMXU1.PhV.phsB.cVal.ang.f: 0.0
calling GetDataValues(IEDBiogasCHP/MMXU1.PhV.phsB.range)
14:23:47.111 [openiec61850-osi-server-7-thread-1] DEBUG com.beanit.openiec61850.ServerAssociation - Got a GetDataValues request for node: IEDBiogasCHP/MMXU1.PhV.phsB.range: 0
calling GetDataValues(IEDBiogasCHP/MMXU1.PhV.phsB.q)
14:23:47.111 [openiec61850-osi-server-7-thread-1] DEBUG com.beanit.openiec61850.ServerAssociation - Got a GetDataValues request for node: IEDBiogasCHP/MMXU1.PhV.phsB.q: 0x00 0x00
calling GetDataValues(IEDBiogasCHP/MMXU1.PhV.phsB.t)
14:23:47.111 [openiec61850-osi-server-7-thread-1] DEBUG com.beanit.openiec61850.ServerAssociation - Got a GetDataValues request for node: IEDBiogasCHP/MMXU1.PhV.phsB.t: Thu Jan 01 01:00:00 CET 1970
calling GetDataValues(IEDBiogasCHP/MMXU1.PhV.phsC)
14:23:47.111 [openiec61850-osi-server-7-thread-1] DEBUG com.beanit.openiec61850.ServerAssociation - Got a GetDataValues request for node: IEDBiogasCHP/MMXU1.PhV.phsC [MX]
IEDBiogasCHP/MMXU1.PhV.phsC.instCVal [MX]
IEDBiogasCHP/MMXU1.PhV.phsC.instCVal.mag [MX]
IEDBiogasCHP/MMXU1.PhV.phsC.instCVal.mag.i: 0
IEDBiogasCHP/MMXU1.PhV.phsC.instCVal.mag.f: 0.0
IEDBiogasCHP/MMXU1.PhV.phsC.instCVal.ang [MX]
IEDBiogasCHP/MMXU1.PhV.phsC.instCVal.ang.i: 0
IEDBiogasCHP/MMXU1.PhV.phsC.instCVal.ang.f: 0.0
IEDBiogasCHP/MMXU1.PhV.phsC.cVal [MX]
IEDBiogasCHP/MMXU1.PhV.phsC.cVal.mag [MX]
IEDBiogasCHP/MMXU1.PhV.phsC.cVal.mag.i: 0
IEDBiogasCHP/MMXU1.PhV.phsC.cVal.mag.f: 0.0
IEDBiogasCHP/MMXU1.PhV.phsC.cVal.ang [MX]
IEDBiogasCHP/MMXU1.PhV.phsC.cVal.ang.i: 0
IEDBiogasCHP/MMXU1.PhV.phsC.cVal.ang.f: 0.0
IEDBiogasCHP/MMXU1.PhV.phsC.range: 0
IEDBiogasCHP/MMXU1.PhV.phsC.q: 0x00 0x00
IEDBiogasCHP/MMXU1.PhV.phsC.t: Thu Jan 01 01:00:00 CET 1970
14:23:47.111 [openiec61850-osi-server-7-thread-1] DEBUG com.beanit.openiec61850.ServerAssociation - sub BDA is:IEDBiogasCHP/MMXU1.PhV.phsC.instCVal.mag.i: 0
14:23:47.111 [openiec61850-osi-server-7-thread-1] DEBUG com.beanit.openiec61850.ServerAssociation - sub BDA is:IEDBiogasCHP/MMXU1.PhV.phsC.instCVal.mag.f: 0.0
14:23:47.111 [openiec61850-osi-server-7-thread-1] DEBUG com.beanit.openiec61850.ServerAssociation - sub BDA is:IEDBiogasCHP/MMXU1.PhV.phsC.instCVal.ang.i: 0
14:23:47.111 [openiec61850-osi-server-7-thread-1] DEBUG com.beanit.openiec61850.ServerAssociation - sub BDA is:IEDBiogasCHP/MMXU1.PhV.phsC.instCVal.ang.f: 0.0
14:23:47.111 [openiec61850-osi-server-7-thread-1] DEBUG com.beanit.openiec61850.ServerAssociation - sub BDA is:IEDBiogasCHP/MMXU1.PhV.phsC.cVal.mag.i: 0
14:23:47.111 [openiec61850-osi-server-7-thread-1] DEBUG com.beanit.openiec61850.ServerAssociation - sub BDA is:IEDBiogasCHP/MMXU1.PhV.phsC.cVal.mag.f: 0.0
14:23:47.111 [openiec61850-osi-server-7-thread-1] DEBUG com.beanit.openiec61850.ServerAssociation - sub BDA is:IEDBiogasCHP/MMXU1.PhV.phsC.cVal.ang.i: 0
14:23:47.111 [openiec61850-osi-server-7-thread-1] DEBUG com.beanit.openiec61850.ServerAssociation - sub BDA is:IEDBiogasCHP/MMXU1.PhV.phsC.cVal.ang.f: 0.0
14:23:47.111 [openiec61850-osi-server-7-thread-1] DEBUG com.beanit.openiec61850.ServerAssociation - sub BDA is:IEDBiogasCHP/MMXU1.PhV.phsC.range: 0
14:23:47.111 [openiec61850-osi-server-7-thread-1] DEBUG com.beanit.openiec61850.ServerAssociation - sub BDA is:IEDBiogasCHP/MMXU1.PhV.phsC.q: 0x00 0x00
14:23:47.111 [openiec61850-osi-server-7-thread-1] DEBUG com.beanit.openiec61850.ServerAssociation - sub BDA is:IEDBiogasCHP/MMXU1.PhV.phsC.t: Thu Jan 01 01:00:00 CET 1970
calling GetDataValues(IEDBiogasCHP/MMXU1.PhV.phsC.instCVal)
14:23:47.111 [openiec61850-osi-server-7-thread-1] DEBUG com.beanit.openiec61850.ServerAssociation - Got a GetDataValues request for node: IEDBiogasCHP/MMXU1.PhV.phsC.instCVal [MX]
IEDBiogasCHP/MMXU1.PhV.phsC.instCVal.mag [MX]
IEDBiogasCHP/MMXU1.PhV.phsC.instCVal.mag.i: 0
IEDBiogasCHP/MMXU1.PhV.phsC.instCVal.mag.f: 0.0
IEDBiogasCHP/MMXU1.PhV.phsC.instCVal.ang [MX]
IEDBiogasCHP/MMXU1.PhV.phsC.instCVal.ang.i: 0
IEDBiogasCHP/MMXU1.PhV.phsC.instCVal.ang.f: 0.0
14:23:47.111 [openiec61850-osi-server-7-thread-1] DEBUG com.beanit.openiec61850.ServerAssociation - sub BDA is:IEDBiogasCHP/MMXU1.PhV.phsC.instCVal.mag.i: 0
14:23:47.111 [openiec61850-osi-server-7-thread-1] DEBUG com.beanit.openiec61850.ServerAssociation - sub BDA is:IEDBiogasCHP/MMXU1.PhV.phsC.instCVal.mag.f: 0.0
14:23:47.111 [openiec61850-osi-server-7-thread-1] DEBUG com.beanit.openiec61850.ServerAssociation - sub BDA is:IEDBiogasCHP/MMXU1.PhV.phsC.instCVal.ang.i: 0
14:23:47.111 [openiec61850-osi-server-7-thread-1] DEBUG com.beanit.openiec61850.ServerAssociation - sub BDA is:IEDBiogasCHP/MMXU1.PhV.phsC.instCVal.ang.f: 0.0
calling GetDataValues(IEDBiogasCHP/MMXU1.PhV.phsC.instCVal.mag)
14:23:47.112 [openiec61850-osi-server-7-thread-1] DEBUG com.beanit.openiec61850.ServerAssociation - Got a GetDataValues request for node: IEDBiogasCHP/MMXU1.PhV.phsC.instCVal.mag [MX]
IEDBiogasCHP/MMXU1.PhV.phsC.instCVal.mag.i: 0
IEDBiogasCHP/MMXU1.PhV.phsC.instCVal.mag.f: 0.0
14:23:47.112 [openiec61850-osi-server-7-thread-1] DEBUG com.beanit.openiec61850.ServerAssociation - sub BDA is:IEDBiogasCHP/MMXU1.PhV.phsC.instCVal.mag.i: 0
14:23:47.112 [openiec61850-osi-server-7-thread-1] DEBUG com.beanit.openiec61850.ServerAssociation - sub BDA is:IEDBiogasCHP/MMXU1.PhV.phsC.instCVal.mag.f: 0.0
calling GetDataValues(IEDBiogasCHP/MMXU1.PhV.phsC.instCVal.mag.i)
14:23:47.112 [openiec61850-osi-server-7-thread-1] DEBUG com.beanit.openiec61850.ServerAssociation - Got a GetDataValues request for node: IEDBiogasCHP/MMXU1.PhV.phsC.instCVal.mag.i: 0
calling GetDataValues(IEDBiogasCHP/MMXU1.PhV.phsC.instCVal.mag.f)
14:23:47.112 [openiec61850-osi-server-7-thread-1] DEBUG com.beanit.openiec61850.ServerAssociation - Got a GetDataValues request for node: IEDBiogasCHP/MMXU1.PhV.phsC.instCVal.mag.f: 0.0
calling GetDataValues(IEDBiogasCHP/MMXU1.PhV.phsC.instCVal.ang)
14:23:47.112 [openiec61850-osi-server-7-thread-1] DEBUG com.beanit.openiec61850.ServerAssociation - Got a GetDataValues request for node: IEDBiogasCHP/MMXU1.PhV.phsC.instCVal.ang [MX]
IEDBiogasCHP/MMXU1.PhV.phsC.instCVal.ang.i: 0
IEDBiogasCHP/MMXU1.PhV.phsC.instCVal.ang.f: 0.0
14:23:47.112 [openiec61850-osi-server-7-thread-1] DEBUG com.beanit.openiec61850.ServerAssociation - sub BDA is:IEDBiogasCHP/MMXU1.PhV.phsC.instCVal.ang.i: 0
14:23:47.112 [openiec61850-osi-server-7-thread-1] DEBUG com.beanit.openiec61850.ServerAssociation - sub BDA is:IEDBiogasCHP/MMXU1.PhV.phsC.instCVal.ang.f: 0.0
calling GetDataValues(IEDBiogasCHP/MMXU1.PhV.phsC.instCVal.ang.i)
14:23:47.112 [openiec61850-osi-server-7-thread-1] DEBUG com.beanit.openiec61850.ServerAssociation - Got a GetDataValues request for node: IEDBiogasCHP/MMXU1.PhV.phsC.instCVal.ang.i: 0
calling GetDataValues(IEDBiogasCHP/MMXU1.PhV.phsC.instCVal.ang.f)
14:23:47.112 [openiec61850-osi-server-7-thread-1] DEBUG com.beanit.openiec61850.ServerAssociation - Got a GetDataValues request for node: IEDBiogasCHP/MMXU1.PhV.phsC.instCVal.ang.f: 0.0
calling GetDataValues(IEDBiogasCHP/MMXU1.PhV.phsC.cVal)
14:23:47.112 [openiec61850-osi-server-7-thread-1] DEBUG com.beanit.openiec61850.ServerAssociation - Got a GetDataValues request for node: IEDBiogasCHP/MMXU1.PhV.phsC.cVal [MX]
IEDBiogasCHP/MMXU1.PhV.phsC.cVal.mag [MX]
IEDBiogasCHP/MMXU1.PhV.phsC.cVal.mag.i: 0
IEDBiogasCHP/MMXU1.PhV.phsC.cVal.mag.f: 0.0
IEDBiogasCHP/MMXU1.PhV.phsC.cVal.ang [MX]
IEDBiogasCHP/MMXU1.PhV.phsC.cVal.ang.i: 0
IEDBiogasCHP/MMXU1.PhV.phsC.cVal.ang.f: 0.0
14:23:47.112 [openiec61850-osi-server-7-thread-1] DEBUG com.beanit.openiec61850.ServerAssociation - sub BDA is:IEDBiogasCHP/MMXU1.PhV.phsC.cVal.mag.i: 0
14:23:47.112 [openiec61850-osi-server-7-thread-1] DEBUG com.beanit.openiec61850.ServerAssociation - sub BDA is:IEDBiogasCHP/MMXU1.PhV.phsC.cVal.mag.f: 0.0
14:23:47.112 [openiec61850-osi-server-7-thread-1] DEBUG com.beanit.openiec61850.ServerAssociation - sub BDA is:IEDBiogasCHP/MMXU1.PhV.phsC.cVal.ang.i: 0
14:23:47.112 [openiec61850-osi-server-7-thread-1] DEBUG com.beanit.openiec61850.ServerAssociation - sub BDA is:IEDBiogasCHP/MMXU1.PhV.phsC.cVal.ang.f: 0.0
calling GetDataValues(IEDBiogasCHP/MMXU1.PhV.phsC.cVal.mag)
14:23:47.113 [openiec61850-osi-server-7-thread-1] DEBUG com.beanit.openiec61850.ServerAssociation - Got a GetDataValues request for node: IEDBiogasCHP/MMXU1.PhV.phsC.cVal.mag [MX]
IEDBiogasCHP/MMXU1.PhV.phsC.cVal.mag.i: 0
IEDBiogasCHP/MMXU1.PhV.phsC.cVal.mag.f: 0.0
14:23:47.113 [openiec61850-osi-server-7-thread-1] DEBUG com.beanit.openiec61850.ServerAssociation - sub BDA is:IEDBiogasCHP/MMXU1.PhV.phsC.cVal.mag.i: 0
14:23:47.113 [openiec61850-osi-server-7-thread-1] DEBUG com.beanit.openiec61850.ServerAssociation - sub BDA is:IEDBiogasCHP/MMXU1.PhV.phsC.cVal.mag.f: 0.0
calling GetDataValues(IEDBiogasCHP/MMXU1.PhV.phsC.cVal.mag.i)
14:23:47.113 [openiec61850-osi-server-7-thread-1] DEBUG com.beanit.openiec61850.ServerAssociation - Got a GetDataValues request for node: IEDBiogasCHP/MMXU1.PhV.phsC.cVal.mag.i: 0
calling GetDataValues(IEDBiogasCHP/MMXU1.PhV.phsC.cVal.mag.f)
14:23:47.113 [openiec61850-osi-server-7-thread-1] DEBUG com.beanit.openiec61850.ServerAssociation - Got a GetDataValues request for node: IEDBiogasCHP/MMXU1.PhV.phsC.cVal.mag.f: 0.0
calling GetDataValues(IEDBiogasCHP/MMXU1.PhV.phsC.cVal.ang)
14:23:47.113 [openiec61850-osi-server-7-thread-1] DEBUG com.beanit.openiec61850.ServerAssociation - Got a GetDataValues request for node: IEDBiogasCHP/MMXU1.PhV.phsC.cVal.ang [MX]
IEDBiogasCHP/MMXU1.PhV.phsC.cVal.ang.i: 0
IEDBiogasCHP/MMXU1.PhV.phsC.cVal.ang.f: 0.0
14:23:47.113 [openiec61850-osi-server-7-thread-1] DEBUG com.beanit.openiec61850.ServerAssociation - sub BDA is:IEDBiogasCHP/MMXU1.PhV.phsC.cVal.ang.i: 0
14:23:47.113 [openiec61850-osi-server-7-thread-1] DEBUG com.beanit.openiec61850.ServerAssociation - sub BDA is:IEDBiogasCHP/MMXU1.PhV.phsC.cVal.ang.f: 0.0
calling GetDataValues(IEDBiogasCHP/MMXU1.PhV.phsC.cVal.ang.i)
14:23:47.113 [openiec61850-osi-server-7-thread-1] DEBUG com.beanit.openiec61850.ServerAssociation - Got a GetDataValues request for node: IEDBiogasCHP/MMXU1.PhV.phsC.cVal.ang.i: 0
calling GetDataValues(IEDBiogasCHP/MMXU1.PhV.phsC.cVal.ang.f)
14:23:47.113 [openiec61850-osi-server-7-thread-1] DEBUG com.beanit.openiec61850.ServerAssociation - Got a GetDataValues request for node: IEDBiogasCHP/MMXU1.PhV.phsC.cVal.ang.f: 0.0
calling GetDataValues(IEDBiogasCHP/MMXU1.PhV.phsC.range)
14:23:47.113 [openiec61850-osi-server-7-thread-1] DEBUG com.beanit.openiec61850.ServerAssociation - Got a GetDataValues request for node: IEDBiogasCHP/MMXU1.PhV.phsC.range: 0
calling GetDataValues(IEDBiogasCHP/MMXU1.PhV.phsC.q)
14:23:47.113 [openiec61850-osi-server-7-thread-1] DEBUG com.beanit.openiec61850.ServerAssociation - Got a GetDataValues request for node: IEDBiogasCHP/MMXU1.PhV.phsC.q: 0x00 0x00
calling GetDataValues(IEDBiogasCHP/MMXU1.PhV.phsC.t)
14:23:47.114 [openiec61850-osi-server-7-thread-1] DEBUG com.beanit.openiec61850.ServerAssociation - Got a GetDataValues request for node: IEDBiogasCHP/MMXU1.PhV.phsC.t: Thu Jan 01 01:00:00 CET 1970
calling GetDataValues(IEDBiogasCHP/MMXU1.PhV.neut)
14:23:47.114 [openiec61850-osi-server-7-thread-1] DEBUG com.beanit.openiec61850.ServerAssociation - Got a GetDataValues request for node: IEDBiogasCHP/MMXU1.PhV.neut [MX]
IEDBiogasCHP/MMXU1.PhV.neut.instCVal [MX]
IEDBiogasCHP/MMXU1.PhV.neut.instCVal.mag [MX]
IEDBiogasCHP/MMXU1.PhV.neut.instCVal.mag.i: 0
IEDBiogasCHP/MMXU1.PhV.neut.instCVal.mag.f: 0.0
IEDBiogasCHP/MMXU1.PhV.neut.instCVal.ang [MX]
IEDBiogasCHP/MMXU1.PhV.neut.instCVal.ang.i: 0
IEDBiogasCHP/MMXU1.PhV.neut.instCVal.ang.f: 0.0
IEDBiogasCHP/MMXU1.PhV.neut.cVal [MX]
IEDBiogasCHP/MMXU1.PhV.neut.cVal.mag [MX]
IEDBiogasCHP/MMXU1.PhV.neut.cVal.mag.i: 0
IEDBiogasCHP/MMXU1.PhV.neut.cVal.mag.f: 0.0
IEDBiogasCHP/MMXU1.PhV.neut.cVal.ang [MX]
IEDBiogasCHP/MMXU1.PhV.neut.cVal.ang.i: 0
IEDBiogasCHP/MMXU1.PhV.neut.cVal.ang.f: 0.0
IEDBiogasCHP/MMXU1.PhV.neut.range: 0
IEDBiogasCHP/MMXU1.PhV.neut.q: 0x00 0x00
IEDBiogasCHP/MMXU1.PhV.neut.t: Thu Jan 01 01:00:00 CET 1970
14:23:47.114 [openiec61850-osi-server-7-thread-1] DEBUG com.beanit.openiec61850.ServerAssociation - sub BDA is:IEDBiogasCHP/MMXU1.PhV.neut.instCVal.mag.i: 0
14:23:47.114 [openiec61850-osi-server-7-thread-1] DEBUG com.beanit.openiec61850.ServerAssociation - sub BDA is:IEDBiogasCHP/MMXU1.PhV.neut.instCVal.mag.f: 0.0
14:23:47.114 [openiec61850-osi-server-7-thread-1] DEBUG com.beanit.openiec61850.ServerAssociation - sub BDA is:IEDBiogasCHP/MMXU1.PhV.neut.instCVal.ang.i: 0
14:23:47.114 [openiec61850-osi-server-7-thread-1] DEBUG com.beanit.openiec61850.ServerAssociation - sub BDA is:IEDBiogasCHP/MMXU1.PhV.neut.instCVal.ang.f: 0.0
14:23:47.114 [openiec61850-osi-server-7-thread-1] DEBUG com.beanit.openiec61850.ServerAssociation - sub BDA is:IEDBiogasCHP/MMXU1.PhV.neut.cVal.mag.i: 0
14:23:47.114 [openiec61850-osi-server-7-thread-1] DEBUG com.beanit.openiec61850.ServerAssociation - sub BDA is:IEDBiogasCHP/MMXU1.PhV.neut.cVal.mag.f: 0.0
14:23:47.114 [openiec61850-osi-server-7-thread-1] DEBUG com.beanit.openiec61850.ServerAssociation - sub BDA is:IEDBiogasCHP/MMXU1.PhV.neut.cVal.ang.i: 0
14:23:47.114 [openiec61850-osi-server-7-thread-1] DEBUG com.beanit.openiec61850.ServerAssociation - sub BDA is:IEDBiogasCHP/MMXU1.PhV.neut.cVal.ang.f: 0.0
14:23:47.114 [openiec61850-osi-server-7-thread-1] DEBUG com.beanit.openiec61850.ServerAssociation - sub BDA is:IEDBiogasCHP/MMXU1.PhV.neut.range: 0
14:23:47.114 [openiec61850-osi-server-7-thread-1] DEBUG com.beanit.openiec61850.ServerAssociation - sub BDA is:IEDBiogasCHP/MMXU1.PhV.neut.q: 0x00 0x00
14:23:47.114 [openiec61850-osi-server-7-thread-1] DEBUG com.beanit.openiec61850.ServerAssociation - sub BDA is:IEDBiogasCHP/MMXU1.PhV.neut.t: Thu Jan 01 01:00:00 CET 1970
calling GetDataValues(IEDBiogasCHP/MMXU1.PhV.neut.instCVal)
14:23:47.114 [openiec61850-osi-server-7-thread-1] DEBUG com.beanit.openiec61850.ServerAssociation - Got a GetDataValues request for node: IEDBiogasCHP/MMXU1.PhV.neut.instCVal [MX]
IEDBiogasCHP/MMXU1.PhV.neut.instCVal.mag [MX]
IEDBiogasCHP/MMXU1.PhV.neut.instCVal.mag.i: 0
IEDBiogasCHP/MMXU1.PhV.neut.instCVal.mag.f: 0.0
IEDBiogasCHP/MMXU1.PhV.neut.instCVal.ang [MX]
IEDBiogasCHP/MMXU1.PhV.neut.instCVal.ang.i: 0
IEDBiogasCHP/MMXU1.PhV.neut.instCVal.ang.f: 0.0
14:23:47.114 [openiec61850-osi-server-7-thread-1] DEBUG com.beanit.openiec61850.ServerAssociation - sub BDA is:IEDBiogasCHP/MMXU1.PhV.neut.instCVal.mag.i: 0
14:23:47.114 [openiec61850-osi-server-7-thread-1] DEBUG com.beanit.openiec61850.ServerAssociation - sub BDA is:IEDBiogasCHP/MMXU1.PhV.neut.instCVal.mag.f: 0.0
14:23:47.114 [openiec61850-osi-server-7-thread-1] DEBUG com.beanit.openiec61850.ServerAssociation - sub BDA is:IEDBiogasCHP/MMXU1.PhV.neut.instCVal.ang.i: 0
14:23:47.114 [openiec61850-osi-server-7-thread-1] DEBUG com.beanit.openiec61850.ServerAssociation - sub BDA is:IEDBiogasCHP/MMXU1.PhV.neut.instCVal.ang.f: 0.0
calling GetDataValues(IEDBiogasCHP/MMXU1.PhV.neut.instCVal.mag)
14:23:47.114 [openiec61850-osi-server-7-thread-1] DEBUG com.beanit.openiec61850.ServerAssociation - Got a GetDataValues request for node: IEDBiogasCHP/MMXU1.PhV.neut.instCVal.mag [MX]
IEDBiogasCHP/MMXU1.PhV.neut.instCVal.mag.i: 0
IEDBiogasCHP/MMXU1.PhV.neut.instCVal.mag.f: 0.0
14:23:47.114 [openiec61850-osi-server-7-thread-1] DEBUG com.beanit.openiec61850.ServerAssociation - sub BDA is:IEDBiogasCHP/MMXU1.PhV.neut.instCVal.mag.i: 0
14:23:47.114 [openiec61850-osi-server-7-thread-1] DEBUG com.beanit.openiec61850.ServerAssociation - sub BDA is:IEDBiogasCHP/MMXU1.PhV.neut.instCVal.mag.f: 0.0
calling GetDataValues(IEDBiogasCHP/MMXU1.PhV.neut.instCVal.mag.i)
14:23:47.114 [openiec61850-osi-server-7-thread-1] DEBUG com.beanit.openiec61850.ServerAssociation - Got a GetDataValues request for node: IEDBiogasCHP/MMXU1.PhV.neut.instCVal.mag.i: 0
calling GetDataValues(IEDBiogasCHP/MMXU1.PhV.neut.instCVal.mag.f)
14:23:47.114 [openiec61850-osi-server-7-thread-1] DEBUG com.beanit.openiec61850.ServerAssociation - Got a GetDataValues request for node: IEDBiogasCHP/MMXU1.PhV.neut.instCVal.mag.f: 0.0
calling GetDataValues(IEDBiogasCHP/MMXU1.PhV.neut.instCVal.ang)
14:23:47.114 [openiec61850-osi-server-7-thread-1] DEBUG com.beanit.openiec61850.ServerAssociation - Got a GetDataValues request for node: IEDBiogasCHP/MMXU1.PhV.neut.instCVal.ang [MX]
IEDBiogasCHP/MMXU1.PhV.neut.instCVal.ang.i: 0
IEDBiogasCHP/MMXU1.PhV.neut.instCVal.ang.f: 0.0
14:23:47.115 [openiec61850-osi-server-7-thread-1] DEBUG com.beanit.openiec61850.ServerAssociation - sub BDA is:IEDBiogasCHP/MMXU1.PhV.neut.instCVal.ang.i: 0
14:23:47.115 [openiec61850-osi-server-7-thread-1] DEBUG com.beanit.openiec61850.ServerAssociation - sub BDA is:IEDBiogasCHP/MMXU1.PhV.neut.instCVal.ang.f: 0.0
calling GetDataValues(IEDBiogasCHP/MMXU1.PhV.neut.instCVal.ang.i)
14:23:47.115 [openiec61850-osi-server-7-thread-1] DEBUG com.beanit.openiec61850.ServerAssociation - Got a GetDataValues request for node: IEDBiogasCHP/MMXU1.PhV.neut.instCVal.ang.i: 0
calling GetDataValues(IEDBiogasCHP/MMXU1.PhV.neut.instCVal.ang.f)
14:23:47.115 [openiec61850-osi-server-7-thread-1] DEBUG com.beanit.openiec61850.ServerAssociation - Got a GetDataValues request for node: IEDBiogasCHP/MMXU1.PhV.neut.instCVal.ang.f: 0.0
calling GetDataValues(IEDBiogasCHP/MMXU1.PhV.neut.cVal)
14:23:47.115 [openiec61850-osi-server-7-thread-1] DEBUG com.beanit.openiec61850.ServerAssociation - Got a GetDataValues request for node: IEDBiogasCHP/MMXU1.PhV.neut.cVal [MX]
IEDBiogasCHP/MMXU1.PhV.neut.cVal.mag [MX]
IEDBiogasCHP/MMXU1.PhV.neut.cVal.mag.i: 0
IEDBiogasCHP/MMXU1.PhV.neut.cVal.mag.f: 0.0
IEDBiogasCHP/MMXU1.PhV.neut.cVal.ang [MX]
IEDBiogasCHP/MMXU1.PhV.neut.cVal.ang.i: 0
IEDBiogasCHP/MMXU1.PhV.neut.cVal.ang.f: 0.0
14:23:47.115 [openiec61850-osi-server-7-thread-1] DEBUG com.beanit.openiec61850.ServerAssociation - sub BDA is:IEDBiogasCHP/MMXU1.PhV.neut.cVal.mag.i: 0
14:23:47.115 [openiec61850-osi-server-7-thread-1] DEBUG com.beanit.openiec61850.ServerAssociation - sub BDA is:IEDBiogasCHP/MMXU1.PhV.neut.cVal.mag.f: 0.0
14:23:47.115 [openiec61850-osi-server-7-thread-1] DEBUG com.beanit.openiec61850.ServerAssociation - sub BDA is:IEDBiogasCHP/MMXU1.PhV.neut.cVal.ang.i: 0
14:23:47.115 [openiec61850-osi-server-7-thread-1] DEBUG com.beanit.openiec61850.ServerAssociation - sub BDA is:IEDBiogasCHP/MMXU1.PhV.neut.cVal.ang.f: 0.0
calling GetDataValues(IEDBiogasCHP/MMXU1.PhV.neut.cVal.mag)
14:23:47.115 [openiec61850-osi-server-7-thread-1] DEBUG com.beanit.openiec61850.ServerAssociation - Got a GetDataValues request for node: IEDBiogasCHP/MMXU1.PhV.neut.cVal.mag [MX]
IEDBiogasCHP/MMXU1.PhV.neut.cVal.mag.i: 0
IEDBiogasCHP/MMXU1.PhV.neut.cVal.mag.f: 0.0
14:23:47.115 [openiec61850-osi-server-7-thread-1] DEBUG com.beanit.openiec61850.ServerAssociation - sub BDA is:IEDBiogasCHP/MMXU1.PhV.neut.cVal.mag.i: 0
14:23:47.115 [openiec61850-osi-server-7-thread-1] DEBUG com.beanit.openiec61850.ServerAssociation - sub BDA is:IEDBiogasCHP/MMXU1.PhV.neut.cVal.mag.f: 0.0
calling GetDataValues(IEDBiogasCHP/MMXU1.PhV.neut.cVal.mag.i)
14:23:47.115 [openiec61850-osi-server-7-thread-1] DEBUG com.beanit.openiec61850.ServerAssociation - Got a GetDataValues request for node: IEDBiogasCHP/MMXU1.PhV.neut.cVal.mag.i: 0
calling GetDataValues(IEDBiogasCHP/MMXU1.PhV.neut.cVal.mag.f)
14:23:47.115 [openiec61850-osi-server-7-thread-1] DEBUG com.beanit.openiec61850.ServerAssociation - Got a GetDataValues request for node: IEDBiogasCHP/MMXU1.PhV.neut.cVal.mag.f: 0.0
calling GetDataValues(IEDBiogasCHP/MMXU1.PhV.neut.cVal.ang)
14:23:47.115 [openiec61850-osi-server-7-thread-1] DEBUG com.beanit.openiec61850.ServerAssociation - Got a GetDataValues request for node: IEDBiogasCHP/MMXU1.PhV.neut.cVal.ang [MX]
IEDBiogasCHP/MMXU1.PhV.neut.cVal.ang.i: 0
IEDBiogasCHP/MMXU1.PhV.neut.cVal.ang.f: 0.0
14:23:47.115 [openiec61850-osi-server-7-thread-1] DEBUG com.beanit.openiec61850.ServerAssociation - sub BDA is:IEDBiogasCHP/MMXU1.PhV.neut.cVal.ang.i: 0
14:23:47.115 [openiec61850-osi-server-7-thread-1] DEBUG com.beanit.openiec61850.ServerAssociation - sub BDA is:IEDBiogasCHP/MMXU1.PhV.neut.cVal.ang.f: 0.0
calling GetDataValues(IEDBiogasCHP/MMXU1.PhV.neut.cVal.ang.i)
14:23:47.116 [openiec61850-osi-server-7-thread-1] DEBUG com.beanit.openiec61850.ServerAssociation - Got a GetDataValues request for node: IEDBiogasCHP/MMXU1.PhV.neut.cVal.ang.i: 0
calling GetDataValues(IEDBiogasCHP/MMXU1.PhV.neut.cVal.ang.f)
14:23:47.116 [openiec61850-osi-server-7-thread-1] DEBUG com.beanit.openiec61850.ServerAssociation - Got a GetDataValues request for node: IEDBiogasCHP/MMXU1.PhV.neut.cVal.ang.f: 0.0
calling GetDataValues(IEDBiogasCHP/MMXU1.PhV.neut.range)
14:23:47.116 [openiec61850-osi-server-7-thread-1] DEBUG com.beanit.openiec61850.ServerAssociation - Got a GetDataValues request for node: IEDBiogasCHP/MMXU1.PhV.neut.range: 0
calling GetDataValues(IEDBiogasCHP/MMXU1.PhV.neut.q)
14:23:47.116 [openiec61850-osi-server-7-thread-1] DEBUG com.beanit.openiec61850.ServerAssociation - Got a GetDataValues request for node: IEDBiogasCHP/MMXU1.PhV.neut.q: 0x00 0x00
calling GetDataValues(IEDBiogasCHP/MMXU1.PhV.neut.t)
14:23:47.116 [openiec61850-osi-server-7-thread-1] DEBUG com.beanit.openiec61850.ServerAssociation - Got a GetDataValues request for node: IEDBiogasCHP/MMXU1.PhV.neut.t: Thu Jan 01 01:00:00 CET 1970
calling GetDataValues(IEDBiogasCHP/MMXU1.PhV.net)
14:23:47.116 [openiec61850-osi-server-7-thread-1] DEBUG com.beanit.openiec61850.ServerAssociation - Got a GetDataValues request for node: IEDBiogasCHP/MMXU1.PhV.net [MX]
IEDBiogasCHP/MMXU1.PhV.net.instCVal [MX]
IEDBiogasCHP/MMXU1.PhV.net.instCVal.mag [MX]
IEDBiogasCHP/MMXU1.PhV.net.instCVal.mag.i: 0
IEDBiogasCHP/MMXU1.PhV.net.instCVal.mag.f: 0.0
IEDBiogasCHP/MMXU1.PhV.net.instCVal.ang [MX]
IEDBiogasCHP/MMXU1.PhV.net.instCVal.ang.i: 0
IEDBiogasCHP/MMXU1.PhV.net.instCVal.ang.f: 0.0
IEDBiogasCHP/MMXU1.PhV.net.cVal [MX]
IEDBiogasCHP/MMXU1.PhV.net.cVal.mag [MX]
IEDBiogasCHP/MMXU1.PhV.net.cVal.mag.i: 0
IEDBiogasCHP/MMXU1.PhV.net.cVal.mag.f: 0.0
IEDBiogasCHP/MMXU1.PhV.net.cVal.ang [MX]
IEDBiogasCHP/MMXU1.PhV.net.cVal.ang.i: 0
IEDBiogasCHP/MMXU1.PhV.net.cVal.ang.f: 0.0
IEDBiogasCHP/MMXU1.PhV.net.range: 0
IEDBiogasCHP/MMXU1.PhV.net.q: 0x00 0x00
IEDBiogasCHP/MMXU1.PhV.net.t: Thu Jan 01 01:00:00 CET 1970
14:23:47.116 [openiec61850-osi-server-7-thread-1] DEBUG com.beanit.openiec61850.ServerAssociation - sub BDA is:IEDBiogasCHP/MMXU1.PhV.net.instCVal.mag.i: 0
14:23:47.116 [openiec61850-osi-server-7-thread-1] DEBUG com.beanit.openiec61850.ServerAssociation - sub BDA is:IEDBiogasCHP/MMXU1.PhV.net.instCVal.mag.f: 0.0
14:23:47.116 [openiec61850-osi-server-7-thread-1] DEBUG com.beanit.openiec61850.ServerAssociation - sub BDA is:IEDBiogasCHP/MMXU1.PhV.net.instCVal.ang.i: 0
14:23:47.116 [openiec61850-osi-server-7-thread-1] DEBUG com.beanit.openiec61850.ServerAssociation - sub BDA is:IEDBiogasCHP/MMXU1.PhV.net.instCVal.ang.f: 0.0
14:23:47.116 [openiec61850-osi-server-7-thread-1] DEBUG com.beanit.openiec61850.ServerAssociation - sub BDA is:IEDBiogasCHP/MMXU1.PhV.net.cVal.mag.i: 0
14:23:47.116 [openiec61850-osi-server-7-thread-1] DEBUG com.beanit.openiec61850.ServerAssociation - sub BDA is:IEDBiogasCHP/MMXU1.PhV.net.cVal.mag.f: 0.0
14:23:47.116 [openiec61850-osi-server-7-thread-1] DEBUG com.beanit.openiec61850.ServerAssociation - sub BDA is:IEDBiogasCHP/MMXU1.PhV.net.cVal.ang.i: 0
14:23:47.116 [openiec61850-osi-server-7-thread-1] DEBUG com.beanit.openiec61850.ServerAssociation - sub BDA is:IEDBiogasCHP/MMXU1.PhV.net.cVal.ang.f: 0.0
14:23:47.116 [openiec61850-osi-server-7-thread-1] DEBUG com.beanit.openiec61850.ServerAssociation - sub BDA is:IEDBiogasCHP/MMXU1.PhV.net.range: 0
14:23:47.116 [openiec61850-osi-server-7-thread-1] DEBUG com.beanit.openiec61850.ServerAssociation - sub BDA is:IEDBiogasCHP/MMXU1.PhV.net.q: 0x00 0x00
14:23:47.116 [openiec61850-osi-server-7-thread-1] DEBUG com.beanit.openiec61850.ServerAssociation - sub BDA is:IEDBiogasCHP/MMXU1.PhV.net.t: Thu Jan 01 01:00:00 CET 1970
calling GetDataValues(IEDBiogasCHP/MMXU1.PhV.net.instCVal)
14:23:47.117 [openiec61850-osi-server-7-thread-1] DEBUG com.beanit.openiec61850.ServerAssociation - Got a GetDataValues request for node: IEDBiogasCHP/MMXU1.PhV.net.instCVal [MX]
IEDBiogasCHP/MMXU1.PhV.net.instCVal.mag [MX]
IEDBiogasCHP/MMXU1.PhV.net.instCVal.mag.i: 0
IEDBiogasCHP/MMXU1.PhV.net.instCVal.mag.f: 0.0
IEDBiogasCHP/MMXU1.PhV.net.instCVal.ang [MX]
IEDBiogasCHP/MMXU1.PhV.net.instCVal.ang.i: 0
IEDBiogasCHP/MMXU1.PhV.net.instCVal.ang.f: 0.0
14:23:47.117 [openiec61850-osi-server-7-thread-1] DEBUG com.beanit.openiec61850.ServerAssociation - sub BDA is:IEDBiogasCHP/MMXU1.PhV.net.instCVal.mag.i: 0
14:23:47.117 [openiec61850-osi-server-7-thread-1] DEBUG com.beanit.openiec61850.ServerAssociation - sub BDA is:IEDBiogasCHP/MMXU1.PhV.net.instCVal.mag.f: 0.0
14:23:47.117 [openiec61850-osi-server-7-thread-1] DEBUG com.beanit.openiec61850.ServerAssociation - sub BDA is:IEDBiogasCHP/MMXU1.PhV.net.instCVal.ang.i: 0
14:23:47.117 [openiec61850-osi-server-7-thread-1] DEBUG com.beanit.openiec61850.ServerAssociation - sub BDA is:IEDBiogasCHP/MMXU1.PhV.net.instCVal.ang.f: 0.0
calling GetDataValues(IEDBiogasCHP/MMXU1.PhV.net.instCVal.mag)
14:23:47.117 [openiec61850-osi-server-7-thread-1] DEBUG com.beanit.openiec61850.ServerAssociation - Got a GetDataValues request for node: IEDBiogasCHP/MMXU1.PhV.net.instCVal.mag [MX]
IEDBiogasCHP/MMXU1.PhV.net.instCVal.mag.i: 0
IEDBiogasCHP/MMXU1.PhV.net.instCVal.mag.f: 0.0
14:23:47.117 [openiec61850-osi-server-7-thread-1] DEBUG com.beanit.openiec61850.ServerAssociation - sub BDA is:IEDBiogasCHP/MMXU1.PhV.net.instCVal.mag.i: 0
14:23:47.117 [openiec61850-osi-server-7-thread-1] DEBUG com.beanit.openiec61850.ServerAssociation - sub BDA is:IEDBiogasCHP/MMXU1.PhV.net.instCVal.mag.f: 0.0
calling GetDataValues(IEDBiogasCHP/MMXU1.PhV.net.instCVal.mag.i)
14:23:47.117 [openiec61850-osi-server-7-thread-1] DEBUG com.beanit.openiec61850.ServerAssociation - Got a GetDataValues request for node: IEDBiogasCHP/MMXU1.PhV.net.instCVal.mag.i: 0
calling GetDataValues(IEDBiogasCHP/MMXU1.PhV.net.instCVal.mag.f)
14:23:47.117 [openiec61850-osi-server-7-thread-1] DEBUG com.beanit.openiec61850.ServerAssociation - Got a GetDataValues request for node: IEDBiogasCHP/MMXU1.PhV.net.instCVal.mag.f: 0.0
calling GetDataValues(IEDBiogasCHP/MMXU1.PhV.net.instCVal.ang)
14:23:47.117 [openiec61850-osi-server-7-thread-1] DEBUG com.beanit.openiec61850.ServerAssociation - Got a GetDataValues request for node: IEDBiogasCHP/MMXU1.PhV.net.instCVal.ang [MX]
IEDBiogasCHP/MMXU1.PhV.net.instCVal.ang.i: 0
IEDBiogasCHP/MMXU1.PhV.net.instCVal.ang.f: 0.0
14:23:47.117 [openiec61850-osi-server-7-thread-1] DEBUG com.beanit.openiec61850.ServerAssociation - sub BDA is:IEDBiogasCHP/MMXU1.PhV.net.instCVal.ang.i: 0
14:23:47.117 [openiec61850-osi-server-7-thread-1] DEBUG com.beanit.openiec61850.ServerAssociation - sub BDA is:IEDBiogasCHP/MMXU1.PhV.net.instCVal.ang.f: 0.0
calling GetDataValues(IEDBiogasCHP/MMXU1.PhV.net.instCVal.ang.i)
14:23:47.117 [openiec61850-osi-server-7-thread-1] DEBUG com.beanit.openiec61850.ServerAssociation - Got a GetDataValues request for node: IEDBiogasCHP/MMXU1.PhV.net.instCVal.ang.i: 0
calling GetDataValues(IEDBiogasCHP/MMXU1.PhV.net.instCVal.ang.f)
14:23:47.117 [openiec61850-osi-server-7-thread-1] DEBUG com.beanit.openiec61850.ServerAssociation - Got a GetDataValues request for node: IEDBiogasCHP/MMXU1.PhV.net.instCVal.ang.f: 0.0
calling GetDataValues(IEDBiogasCHP/MMXU1.PhV.net.cVal)
14:23:47.117 [openiec61850-osi-server-7-thread-1] DEBUG com.beanit.openiec61850.ServerAssociation - Got a GetDataValues request for node: IEDBiogasCHP/MMXU1.PhV.net.cVal [MX]
IEDBiogasCHP/MMXU1.PhV.net.cVal.mag [MX]
IEDBiogasCHP/MMXU1.PhV.net.cVal.mag.i: 0
IEDBiogasCHP/MMXU1.PhV.net.cVal.mag.f: 0.0
IEDBiogasCHP/MMXU1.PhV.net.cVal.ang [MX]
IEDBiogasCHP/MMXU1.PhV.net.cVal.ang.i: 0
IEDBiogasCHP/MMXU1.PhV.net.cVal.ang.f: 0.0
14:23:47.117 [openiec61850-osi-server-7-thread-1] DEBUG com.beanit.openiec61850.ServerAssociation - sub BDA is:IEDBiogasCHP/MMXU1.PhV.net.cVal.mag.i: 0
14:23:47.117 [openiec61850-osi-server-7-thread-1] DEBUG com.beanit.openiec61850.ServerAssociation - sub BDA is:IEDBiogasCHP/MMXU1.PhV.net.cVal.mag.f: 0.0
14:23:47.117 [openiec61850-osi-server-7-thread-1] DEBUG com.beanit.openiec61850.ServerAssociation - sub BDA is:IEDBiogasCHP/MMXU1.PhV.net.cVal.ang.i: 0
14:23:47.117 [openiec61850-osi-server-7-thread-1] DEBUG com.beanit.openiec61850.ServerAssociation - sub BDA is:IEDBiogasCHP/MMXU1.PhV.net.cVal.ang.f: 0.0
calling GetDataValues(IEDBiogasCHP/MMXU1.PhV.net.cVal.mag)
14:23:47.118 [openiec61850-osi-server-7-thread-1] DEBUG com.beanit.openiec61850.ServerAssociation - Got a GetDataValues request for node: IEDBiogasCHP/MMXU1.PhV.net.cVal.mag [MX]
IEDBiogasCHP/MMXU1.PhV.net.cVal.mag.i: 0
IEDBiogasCHP/MMXU1.PhV.net.cVal.mag.f: 0.0
14:23:47.118 [openiec61850-osi-server-7-thread-1] DEBUG com.beanit.openiec61850.ServerAssociation - sub BDA is:IEDBiogasCHP/MMXU1.PhV.net.cVal.mag.i: 0
14:23:47.118 [openiec61850-osi-server-7-thread-1] DEBUG com.beanit.openiec61850.ServerAssociation - sub BDA is:IEDBiogasCHP/MMXU1.PhV.net.cVal.mag.f: 0.0
calling GetDataValues(IEDBiogasCHP/MMXU1.PhV.net.cVal.mag.i)
14:23:47.118 [openiec61850-osi-server-7-thread-1] DEBUG com.beanit.openiec61850.ServerAssociation - Got a GetDataValues request for node: IEDBiogasCHP/MMXU1.PhV.net.cVal.mag.i: 0
calling GetDataValues(IEDBiogasCHP/MMXU1.PhV.net.cVal.mag.f)
14:23:47.118 [openiec61850-osi-server-7-thread-1] DEBUG com.beanit.openiec61850.ServerAssociation - Got a GetDataValues request for node: IEDBiogasCHP/MMXU1.PhV.net.cVal.mag.f: 0.0
calling GetDataValues(IEDBiogasCHP/MMXU1.PhV.net.cVal.ang)
14:23:47.118 [openiec61850-osi-server-7-thread-1] DEBUG com.beanit.openiec61850.ServerAssociation - Got a GetDataValues request for node: IEDBiogasCHP/MMXU1.PhV.net.cVal.ang [MX]
IEDBiogasCHP/MMXU1.PhV.net.cVal.ang.i: 0
IEDBiogasCHP/MMXU1.PhV.net.cVal.ang.f: 0.0
14:23:47.118 [openiec61850-osi-server-7-thread-1] DEBUG com.beanit.openiec61850.ServerAssociation - sub BDA is:IEDBiogasCHP/MMXU1.PhV.net.cVal.ang.i: 0
14:23:47.118 [openiec61850-osi-server-7-thread-1] DEBUG com.beanit.openiec61850.ServerAssociation - sub BDA is:IEDBiogasCHP/MMXU1.PhV.net.cVal.ang.f: 0.0
calling GetDataValues(IEDBiogasCHP/MMXU1.PhV.net.cVal.ang.i)
14:23:47.118 [openiec61850-osi-server-7-thread-1] DEBUG com.beanit.openiec61850.ServerAssociation - Got a GetDataValues request for node: IEDBiogasCHP/MMXU1.PhV.net.cVal.ang.i: 0
calling GetDataValues(IEDBiogasCHP/MMXU1.PhV.net.cVal.ang.f)
14:23:47.118 [openiec61850-osi-server-7-thread-1] DEBUG com.beanit.openiec61850.ServerAssociation - Got a GetDataValues request for node: IEDBiogasCHP/MMXU1.PhV.net.cVal.ang.f: 0.0
calling GetDataValues(IEDBiogasCHP/MMXU1.PhV.net.range)
14:23:47.118 [openiec61850-osi-server-7-thread-1] DEBUG com.beanit.openiec61850.ServerAssociation - Got a GetDataValues request for node: IEDBiogasCHP/MMXU1.PhV.net.range: 0
calling GetDataValues(IEDBiogasCHP/MMXU1.PhV.net.q)
14:23:47.119 [openiec61850-osi-server-7-thread-1] DEBUG com.beanit.openiec61850.ServerAssociation - Got a GetDataValues request for node: IEDBiogasCHP/MMXU1.PhV.net.q: 0x00 0x00
calling GetDataValues(IEDBiogasCHP/MMXU1.PhV.net.t)
14:23:47.119 [openiec61850-osi-server-7-thread-1] DEBUG com.beanit.openiec61850.ServerAssociation - Got a GetDataValues request for node: IEDBiogasCHP/MMXU1.PhV.net.t: Thu Jan 01 01:00:00 CET 1970
calling GetDataValues(IEDBiogasCHP/MMXU1.PhV.res)
14:23:47.119 [openiec61850-osi-server-7-thread-1] DEBUG com.beanit.openiec61850.ServerAssociation - Got a GetDataValues request for node: IEDBiogasCHP/MMXU1.PhV.res [MX]
IEDBiogasCHP/MMXU1.PhV.res.instCVal [MX]
IEDBiogasCHP/MMXU1.PhV.res.instCVal.mag [MX]
IEDBiogasCHP/MMXU1.PhV.res.instCVal.mag.i: 0
IEDBiogasCHP/MMXU1.PhV.res.instCVal.mag.f: 0.0
IEDBiogasCHP/MMXU1.PhV.res.instCVal.ang [MX]
IEDBiogasCHP/MMXU1.PhV.res.instCVal.ang.i: 0
IEDBiogasCHP/MMXU1.PhV.res.instCVal.ang.f: 0.0
IEDBiogasCHP/MMXU1.PhV.res.cVal [MX]
IEDBiogasCHP/MMXU1.PhV.res.cVal.mag [MX]
IEDBiogasCHP/MMXU1.PhV.res.cVal.mag.i: 0
IEDBiogasCHP/MMXU1.PhV.res.cVal.mag.f: 0.0
IEDBiogasCHP/MMXU1.PhV.res.cVal.ang [MX]
IEDBiogasCHP/MMXU1.PhV.res.cVal.ang.i: 0
IEDBiogasCHP/MMXU1.PhV.res.cVal.ang.f: 0.0
IEDBiogasCHP/MMXU1.PhV.res.range: 0
IEDBiogasCHP/MMXU1.PhV.res.q: 0x00 0x00
IEDBiogasCHP/MMXU1.PhV.res.t: Thu Jan 01 01:00:00 CET 1970
14:23:47.119 [openiec61850-osi-server-7-thread-1] DEBUG com.beanit.openiec61850.ServerAssociation - sub BDA is:IEDBiogasCHP/MMXU1.PhV.res.instCVal.mag.i: 0
14:23:47.119 [openiec61850-osi-server-7-thread-1] DEBUG com.beanit.openiec61850.ServerAssociation - sub BDA is:IEDBiogasCHP/MMXU1.PhV.res.instCVal.mag.f: 0.0
14:23:47.119 [openiec61850-osi-server-7-thread-1] DEBUG com.beanit.openiec61850.ServerAssociation - sub BDA is:IEDBiogasCHP/MMXU1.PhV.res.instCVal.ang.i: 0
14:23:47.119 [openiec61850-osi-server-7-thread-1] DEBUG com.beanit.openiec61850.ServerAssociation - sub BDA is:IEDBiogasCHP/MMXU1.PhV.res.instCVal.ang.f: 0.0
14:23:47.119 [openiec61850-osi-server-7-thread-1] DEBUG com.beanit.openiec61850.ServerAssociation - sub BDA is:IEDBiogasCHP/MMXU1.PhV.res.cVal.mag.i: 0
14:23:47.119 [openiec61850-osi-server-7-thread-1] DEBUG com.beanit.openiec61850.ServerAssociation - sub BDA is:IEDBiogasCHP/MMXU1.PhV.res.cVal.mag.f: 0.0
14:23:47.119 [openiec61850-osi-server-7-thread-1] DEBUG com.beanit.openiec61850.ServerAssociation - sub BDA is:IEDBiogasCHP/MMXU1.PhV.res.cVal.ang.i: 0
14:23:47.119 [openiec61850-osi-server-7-thread-1] DEBUG com.beanit.openiec61850.ServerAssociation - sub BDA is:IEDBiogasCHP/MMXU1.PhV.res.cVal.ang.f: 0.0
14:23:47.119 [openiec61850-osi-server-7-thread-1] DEBUG com.beanit.openiec61850.ServerAssociation - sub BDA is:IEDBiogasCHP/MMXU1.PhV.res.range: 0
14:23:47.119 [openiec61850-osi-server-7-thread-1] DEBUG com.beanit.openiec61850.ServerAssociation - sub BDA is:IEDBiogasCHP/MMXU1.PhV.res.q: 0x00 0x00
14:23:47.119 [openiec61850-osi-server-7-thread-1] DEBUG com.beanit.openiec61850.ServerAssociation - sub BDA is:IEDBiogasCHP/MMXU1.PhV.res.t: Thu Jan 01 01:00:00 CET 1970
calling GetDataValues(IEDBiogasCHP/MMXU1.PhV.res.instCVal)
14:23:47.119 [openiec61850-osi-server-7-thread-1] DEBUG com.beanit.openiec61850.ServerAssociation - Got a GetDataValues request for node: IEDBiogasCHP/MMXU1.PhV.res.instCVal [MX]
IEDBiogasCHP/MMXU1.PhV.res.instCVal.mag [MX]
IEDBiogasCHP/MMXU1.PhV.res.instCVal.mag.i: 0
IEDBiogasCHP/MMXU1.PhV.res.instCVal.mag.f: 0.0
IEDBiogasCHP/MMXU1.PhV.res.instCVal.ang [MX]
IEDBiogasCHP/MMXU1.PhV.res.instCVal.ang.i: 0
IEDBiogasCHP/MMXU1.PhV.res.instCVal.ang.f: 0.0
14:23:47.119 [openiec61850-osi-server-7-thread-1] DEBUG com.beanit.openiec61850.ServerAssociation - sub BDA is:IEDBiogasCHP/MMXU1.PhV.res.instCVal.mag.i: 0
14:23:47.119 [openiec61850-osi-server-7-thread-1] DEBUG com.beanit.openiec61850.ServerAssociation - sub BDA is:IEDBiogasCHP/MMXU1.PhV.res.instCVal.mag.f: 0.0
14:23:47.119 [openiec61850-osi-server-7-thread-1] DEBUG com.beanit.openiec61850.ServerAssociation - sub BDA is:IEDBiogasCHP/MMXU1.PhV.res.instCVal.ang.i: 0
14:23:47.119 [openiec61850-osi-server-7-thread-1] DEBUG com.beanit.openiec61850.ServerAssociation - sub BDA is:IEDBiogasCHP/MMXU1.PhV.res.instCVal.ang.f: 0.0
calling GetDataValues(IEDBiogasCHP/MMXU1.PhV.res.instCVal.mag)
14:23:47.119 [openiec61850-osi-server-7-thread-1] DEBUG com.beanit.openiec61850.ServerAssociation - Got a GetDataValues request for node: IEDBiogasCHP/MMXU1.PhV.res.instCVal.mag [MX]
IEDBiogasCHP/MMXU1.PhV.res.instCVal.mag.i: 0
IEDBiogasCHP/MMXU1.PhV.res.instCVal.mag.f: 0.0
14:23:47.119 [openiec61850-osi-server-7-thread-1] DEBUG com.beanit.openiec61850.ServerAssociation - sub BDA is:IEDBiogasCHP/MMXU1.PhV.res.instCVal.mag.i: 0
14:23:47.119 [openiec61850-osi-server-7-thread-1] DEBUG com.beanit.openiec61850.ServerAssociation - sub BDA is:IEDBiogasCHP/MMXU1.PhV.res.instCVal.mag.f: 0.0
calling GetDataValues(IEDBiogasCHP/MMXU1.PhV.res.instCVal.mag.i)
14:23:47.119 [openiec61850-osi-server-7-thread-1] DEBUG com.beanit.openiec61850.ServerAssociation - Got a GetDataValues request for node: IEDBiogasCHP/MMXU1.PhV.res.instCVal.mag.i: 0
calling GetDataValues(IEDBiogasCHP/MMXU1.PhV.res.instCVal.mag.f)
14:23:47.119 [openiec61850-osi-server-7-thread-1] DEBUG com.beanit.openiec61850.ServerAssociation - Got a GetDataValues request for node: IEDBiogasCHP/MMXU1.PhV.res.instCVal.mag.f: 0.0
calling GetDataValues(IEDBiogasCHP/MMXU1.PhV.res.instCVal.ang)
14:23:47.120 [openiec61850-osi-server-7-thread-1] DEBUG com.beanit.openiec61850.ServerAssociation - Got a GetDataValues request for node: IEDBiogasCHP/MMXU1.PhV.res.instCVal.ang [MX]
IEDBiogasCHP/MMXU1.PhV.res.instCVal.ang.i: 0
IEDBiogasCHP/MMXU1.PhV.res.instCVal.ang.f: 0.0
14:23:47.120 [openiec61850-osi-server-7-thread-1] DEBUG com.beanit.openiec61850.ServerAssociation - sub BDA is:IEDBiogasCHP/MMXU1.PhV.res.instCVal.ang.i: 0
14:23:47.120 [openiec61850-osi-server-7-thread-1] DEBUG com.beanit.openiec61850.ServerAssociation - sub BDA is:IEDBiogasCHP/MMXU1.PhV.res.instCVal.ang.f: 0.0
calling GetDataValues(IEDBiogasCHP/MMXU1.PhV.res.instCVal.ang.i)
14:23:47.120 [openiec61850-osi-server-7-thread-1] DEBUG com.beanit.openiec61850.ServerAssociation - Got a GetDataValues request for node: IEDBiogasCHP/MMXU1.PhV.res.instCVal.ang.i: 0
calling GetDataValues(IEDBiogasCHP/MMXU1.PhV.res.instCVal.ang.f)
14:23:47.120 [openiec61850-osi-server-7-thread-1] DEBUG com.beanit.openiec61850.ServerAssociation - Got a GetDataValues request for node: IEDBiogasCHP/MMXU1.PhV.res.instCVal.ang.f: 0.0
calling GetDataValues(IEDBiogasCHP/MMXU1.PhV.res.cVal)
14:23:47.120 [openiec61850-osi-server-7-thread-1] DEBUG com.beanit.openiec61850.ServerAssociation - Got a GetDataValues request for node: IEDBiogasCHP/MMXU1.PhV.res.cVal [MX]
IEDBiogasCHP/MMXU1.PhV.res.cVal.mag [MX]
IEDBiogasCHP/MMXU1.PhV.res.cVal.mag.i: 0
IEDBiogasCHP/MMXU1.PhV.res.cVal.mag.f: 0.0
IEDBiogasCHP/MMXU1.PhV.res.cVal.ang [MX]
IEDBiogasCHP/MMXU1.PhV.res.cVal.ang.i: 0
IEDBiogasCHP/MMXU1.PhV.res.cVal.ang.f: 0.0
14:23:47.120 [openiec61850-osi-server-7-thread-1] DEBUG com.beanit.openiec61850.ServerAssociation - sub BDA is:IEDBiogasCHP/MMXU1.PhV.res.cVal.mag.i: 0
14:23:47.120 [openiec61850-osi-server-7-thread-1] DEBUG com.beanit.openiec61850.ServerAssociation - sub BDA is:IEDBiogasCHP/MMXU1.PhV.res.cVal.mag.f: 0.0
14:23:47.120 [openiec61850-osi-server-7-thread-1] DEBUG com.beanit.openiec61850.ServerAssociation - sub BDA is:IEDBiogasCHP/MMXU1.PhV.res.cVal.ang.i: 0
14:23:47.120 [openiec61850-osi-server-7-thread-1] DEBUG com.beanit.openiec61850.ServerAssociation - sub BDA is:IEDBiogasCHP/MMXU1.PhV.res.cVal.ang.f: 0.0
calling GetDataValues(IEDBiogasCHP/MMXU1.PhV.res.cVal.mag)
14:23:47.120 [openiec61850-osi-server-7-thread-1] DEBUG com.beanit.openiec61850.ServerAssociation - Got a GetDataValues request for node: IEDBiogasCHP/MMXU1.PhV.res.cVal.mag [MX]
IEDBiogasCHP/MMXU1.PhV.res.cVal.mag.i: 0
IEDBiogasCHP/MMXU1.PhV.res.cVal.mag.f: 0.0
14:23:47.120 [openiec61850-osi-server-7-thread-1] DEBUG com.beanit.openiec61850.ServerAssociation - sub BDA is:IEDBiogasCHP/MMXU1.PhV.res.cVal.mag.i: 0
14:23:47.120 [openiec61850-osi-server-7-thread-1] DEBUG com.beanit.openiec61850.ServerAssociation - sub BDA is:IEDBiogasCHP/MMXU1.PhV.res.cVal.mag.f: 0.0
calling GetDataValues(IEDBiogasCHP/MMXU1.PhV.res.cVal.mag.i)
14:23:47.120 [openiec61850-osi-server-7-thread-1] DEBUG com.beanit.openiec61850.ServerAssociation - Got a GetDataValues request for node: IEDBiogasCHP/MMXU1.PhV.res.cVal.mag.i: 0
calling GetDataValues(IEDBiogasCHP/MMXU1.PhV.res.cVal.mag.f)
14:23:47.120 [openiec61850-osi-server-7-thread-1] DEBUG com.beanit.openiec61850.ServerAssociation - Got a GetDataValues request for node: IEDBiogasCHP/MMXU1.PhV.res.cVal.mag.f: 0.0
calling GetDataValues(IEDBiogasCHP/MMXU1.PhV.res.cVal.ang)
14:23:47.120 [openiec61850-osi-server-7-thread-1] DEBUG com.beanit.openiec61850.ServerAssociation - Got a GetDataValues request for node: IEDBiogasCHP/MMXU1.PhV.res.cVal.ang [MX]
IEDBiogasCHP/MMXU1.PhV.res.cVal.ang.i: 0
IEDBiogasCHP/MMXU1.PhV.res.cVal.ang.f: 0.0
14:23:47.120 [openiec61850-osi-server-7-thread-1] DEBUG com.beanit.openiec61850.ServerAssociation - sub BDA is:IEDBiogasCHP/MMXU1.PhV.res.cVal.ang.i: 0
14:23:47.120 [openiec61850-osi-server-7-thread-1] DEBUG com.beanit.openiec61850.ServerAssociation - sub BDA is:IEDBiogasCHP/MMXU1.PhV.res.cVal.ang.f: 0.0
calling GetDataValues(IEDBiogasCHP/MMXU1.PhV.res.cVal.ang.i)
14:23:47.121 [openiec61850-osi-server-7-thread-1] DEBUG com.beanit.openiec61850.ServerAssociation - Got a GetDataValues request for node: IEDBiogasCHP/MMXU1.PhV.res.cVal.ang.i: 0
calling GetDataValues(IEDBiogasCHP/MMXU1.PhV.res.cVal.ang.f)
14:23:47.121 [openiec61850-osi-server-7-thread-1] DEBUG com.beanit.openiec61850.ServerAssociation - Got a GetDataValues request for node: IEDBiogasCHP/MMXU1.PhV.res.cVal.ang.f: 0.0
calling GetDataValues(IEDBiogasCHP/MMXU1.PhV.res.range)
14:23:47.121 [openiec61850-osi-server-7-thread-1] DEBUG com.beanit.openiec61850.ServerAssociation - Got a GetDataValues request for node: IEDBiogasCHP/MMXU1.PhV.res.range: 0
calling GetDataValues(IEDBiogasCHP/MMXU1.PhV.res.q)
14:23:47.121 [openiec61850-osi-server-7-thread-1] DEBUG com.beanit.openiec61850.ServerAssociation - Got a GetDataValues request for node: IEDBiogasCHP/MMXU1.PhV.res.q: 0x00 0x00
calling GetDataValues(IEDBiogasCHP/MMXU1.PhV.res.t)
14:23:47.121 [openiec61850-osi-server-7-thread-1] DEBUG com.beanit.openiec61850.ServerAssociation - Got a GetDataValues request for node: IEDBiogasCHP/MMXU1.PhV.res.t: Thu Jan 01 01:00:00 CET 1970
calling GetDataValues(IEDBiogasCHP/MMXU1.PhV)
14:23:47.121 [openiec61850-osi-server-7-thread-1] DEBUG com.beanit.openiec61850.ServerAssociation - Got a GetDataValues request for node: IEDBiogasCHP/MMXU1.PhV [SV]
IEDBiogasCHP/MMXU1.PhV.phsA [SV]
IEDBiogasCHP/MMXU1.PhV.phsA.subEna: false
IEDBiogasCHP/MMXU1.PhV.phsA.subCVal [SV]
IEDBiogasCHP/MMXU1.PhV.phsA.subCVal.mag [SV]
IEDBiogasCHP/MMXU1.PhV.phsA.subCVal.mag.i: 0
IEDBiogasCHP/MMXU1.PhV.phsA.subCVal.mag.f: 0.0
IEDBiogasCHP/MMXU1.PhV.phsA.subCVal.ang [SV]
IEDBiogasCHP/MMXU1.PhV.phsA.subCVal.ang.i: 0
IEDBiogasCHP/MMXU1.PhV.phsA.subCVal.ang.f: 0.0
IEDBiogasCHP/MMXU1.PhV.phsA.subQ: 0x00 0x00
IEDBiogasCHP/MMXU1.PhV.phsA.subID: ''
IEDBiogasCHP/MMXU1.PhV.phsB [SV]
IEDBiogasCHP/MMXU1.PhV.phsB.subEna: false
IEDBiogasCHP/MMXU1.PhV.phsB.subCVal [SV]
IEDBiogasCHP/MMXU1.PhV.phsB.subCVal.mag [SV]
IEDBiogasCHP/MMXU1.PhV.phsB.subCVal.mag.i: 0
IEDBiogasCHP/MMXU1.PhV.phsB.subCVal.mag.f: 0.0
IEDBiogasCHP/MMXU1.PhV.phsB.subCVal.ang [SV]
IEDBiogasCHP/MMXU1.PhV.phsB.subCVal.ang.i: 0
IEDBiogasCHP/MMXU1.PhV.phsB.subCVal.ang.f: 0.0
IEDBiogasCHP/MMXU1.PhV.phsB.subQ: 0x00 0x00
IEDBiogasCHP/MMXU1.PhV.phsB.subID: ''
IEDBiogasCHP/MMXU1.PhV.phsC [SV]
IEDBiogasCHP/MMXU1.PhV.phsC.subEna: false
IEDBiogasCHP/MMXU1.PhV.phsC.subCVal [SV]
IEDBiogasCHP/MMXU1.PhV.phsC.subCVal.mag [SV]
IEDBiogasCHP/MMXU1.PhV.phsC.subCVal.mag.i: 0
IEDBiogasCHP/MMXU1.PhV.phsC.subCVal.mag.f: 0.0
IEDBiogasCHP/MMXU1.PhV.phsC.subCVal.ang [SV]
IEDBiogasCHP/MMXU1.PhV.phsC.subCVal.ang.i: 0
IEDBiogasCHP/MMXU1.PhV.phsC.subCVal.ang.f: 0.0
IEDBiogasCHP/MMXU1.PhV.phsC.subQ: 0x00 0x00
IEDBiogasCHP/MMXU1.PhV.phsC.subID: ''
IEDBiogasCHP/MMXU1.PhV.neut [SV]
IEDBiogasCHP/MMXU1.PhV.neut.subEna: false
IEDBiogasCHP/MMXU1.PhV.neut.subCVal [SV]
IEDBiogasCHP/MMXU1.PhV.neut.subCVal.mag [SV]
IEDBiogasCHP/MMXU1.PhV.neut.subCVal.mag.i: 0
IEDBiogasCHP/MMXU1.PhV.neut.subCVal.mag.f: 0.0
IEDBiogasCHP/MMXU1.PhV.neut.subCVal.ang [SV]
IEDBiogasCHP/MMXU1.PhV.neut.subCVal.ang.i: 0
IEDBiogasCHP/MMXU1.PhV.neut.subCVal.ang.f: 0.0
IEDBiogasCHP/MMXU1.PhV.neut.subQ: 0x00 0x00
IEDBiogasCHP/MMXU1.PhV.neut.subID: ''
IEDBiogasCHP/MMXU1.PhV.net [SV]
IEDBiogasCHP/MMXU1.PhV.net.subEna: false
IEDBiogasCHP/MMXU1.PhV.net.subCVal [SV]
IEDBiogasCHP/MMXU1.PhV.net.subCVal.mag [SV]
IEDBiogasCHP/MMXU1.PhV.net.subCVal.mag.i: 0
IEDBiogasCHP/MMXU1.PhV.net.subCVal.mag.f: 0.0
IEDBiogasCHP/MMXU1.PhV.net.subCVal.ang [SV]
IEDBiogasCHP/MMXU1.PhV.net.subCVal.ang.i: 0
IEDBiogasCHP/MMXU1.PhV.net.subCVal.ang.f: 0.0
IEDBiogasCHP/MMXU1.PhV.net.subQ: 0x00 0x00
IEDBiogasCHP/MMXU1.PhV.net.subID: ''
IEDBiogasCHP/MMXU1.PhV.res [SV]
IEDBiogasCHP/MMXU1.PhV.res.subEna: false
IEDBiogasCHP/MMXU1.PhV.res.subCVal [SV]
IEDBiogasCHP/MMXU1.PhV.res.subCVal.mag [SV]
IEDBiogasCHP/MMXU1.PhV.res.subCVal.mag.i: 0
IEDBiogasCHP/MMXU1.PhV.res.subCVal.mag.f: 0.0
IEDBiogasCHP/MMXU1.PhV.res.subCVal.ang [SV]
IEDBiogasCHP/MMXU1.PhV.res.subCVal.ang.i: 0
IEDBiogasCHP/MMXU1.PhV.res.subCVal.ang.f: 0.0
IEDBiogasCHP/MMXU1.PhV.res.subQ: 0x00 0x00
IEDBiogasCHP/MMXU1.PhV.res.subID: ''
14:23:47.121 [openiec61850-osi-server-7-thread-1] DEBUG com.beanit.openiec61850.ServerAssociation - sub BDA is:IEDBiogasCHP/MMXU1.PhV.phsA.subEna: false
14:23:47.121 [openiec61850-osi-server-7-thread-1] DEBUG com.beanit.openiec61850.ServerAssociation - sub BDA is:IEDBiogasCHP/MMXU1.PhV.phsA.subCVal.mag.i: 0
14:23:47.121 [openiec61850-osi-server-7-thread-1] DEBUG com.beanit.openiec61850.ServerAssociation - sub BDA is:IEDBiogasCHP/MMXU1.PhV.phsA.subCVal.mag.f: 0.0
14:23:47.121 [openiec61850-osi-server-7-thread-1] DEBUG com.beanit.openiec61850.ServerAssociation - sub BDA is:IEDBiogasCHP/MMXU1.PhV.phsA.subCVal.ang.i: 0
14:23:47.121 [openiec61850-osi-server-7-thread-1] DEBUG com.beanit.openiec61850.ServerAssociation - sub BDA is:IEDBiogasCHP/MMXU1.PhV.phsA.subCVal.ang.f: 0.0
14:23:47.121 [openiec61850-osi-server-7-thread-1] DEBUG com.beanit.openiec61850.ServerAssociation - sub BDA is:IEDBiogasCHP/MMXU1.PhV.phsA.subQ: 0x00 0x00
14:23:47.121 [openiec61850-osi-server-7-thread-1] DEBUG com.beanit.openiec61850.ServerAssociation - sub BDA is:IEDBiogasCHP/MMXU1.PhV.phsA.subID: ''
14:23:47.121 [openiec61850-osi-server-7-thread-1] DEBUG com.beanit.openiec61850.ServerAssociation - sub BDA is:IEDBiogasCHP/MMXU1.PhV.phsB.subEna: false
14:23:47.121 [openiec61850-osi-server-7-thread-1] DEBUG com.beanit.openiec61850.ServerAssociation - sub BDA is:IEDBiogasCHP/MMXU1.PhV.phsB.subCVal.mag.i: 0
14:23:47.121 [openiec61850-osi-server-7-thread-1] DEBUG com.beanit.openiec61850.ServerAssociation - sub BDA is:IEDBiogasCHP/MMXU1.PhV.phsB.subCVal.mag.f: 0.0
14:23:47.121 [openiec61850-osi-server-7-thread-1] DEBUG com.beanit.openiec61850.ServerAssociation - sub BDA is:IEDBiogasCHP/MMXU1.PhV.phsB.subCVal.ang.i: 0
14:23:47.121 [openiec61850-osi-server-7-thread-1] DEBUG com.beanit.openiec61850.ServerAssociation - sub BDA is:IEDBiogasCHP/MMXU1.PhV.phsB.subCVal.ang.f: 0.0
14:23:47.121 [openiec61850-osi-server-7-thread-1] DEBUG com.beanit.openiec61850.ServerAssociation - sub BDA is:IEDBiogasCHP/MMXU1.PhV.phsB.subQ: 0x00 0x00
14:23:47.121 [openiec61850-osi-server-7-thread-1] DEBUG com.beanit.openiec61850.ServerAssociation - sub BDA is:IEDBiogasCHP/MMXU1.PhV.phsB.subID: ''
14:23:47.121 [openiec61850-osi-server-7-thread-1] DEBUG com.beanit.openiec61850.ServerAssociation - sub BDA is:IEDBiogasCHP/MMXU1.PhV.phsC.subEna: false
14:23:47.121 [openiec61850-osi-server-7-thread-1] DEBUG com.beanit.openiec61850.ServerAssociation - sub BDA is:IEDBiogasCHP/MMXU1.PhV.phsC.subCVal.mag.i: 0
14:23:47.121 [openiec61850-osi-server-7-thread-1] DEBUG com.beanit.openiec61850.ServerAssociation - sub BDA is:IEDBiogasCHP/MMXU1.PhV.phsC.subCVal.mag.f: 0.0
14:23:47.121 [openiec61850-osi-server-7-thread-1] DEBUG com.beanit.openiec61850.ServerAssociation - sub BDA is:IEDBiogasCHP/MMXU1.PhV.phsC.subCVal.ang.i: 0
14:23:47.121 [openiec61850-osi-server-7-thread-1] DEBUG com.beanit.openiec61850.ServerAssociation - sub BDA is:IEDBiogasCHP/MMXU1.PhV.phsC.subCVal.ang.f: 0.0
14:23:47.121 [openiec61850-osi-server-7-thread-1] DEBUG com.beanit.openiec61850.ServerAssociation - sub BDA is:IEDBiogasCHP/MMXU1.PhV.phsC.subQ: 0x00 0x00
14:23:47.121 [openiec61850-osi-server-7-thread-1] DEBUG com.beanit.openiec61850.ServerAssociation - sub BDA is:IEDBiogasCHP/MMXU1.PhV.phsC.subID: ''
14:23:47.121 [openiec61850-osi-server-7-thread-1] DEBUG com.beanit.openiec61850.ServerAssociation - sub BDA is:IEDBiogasCHP/MMXU1.PhV.neut.subEna: false
14:23:47.122 [openiec61850-osi-server-7-thread-1] DEBUG com.beanit.openiec61850.ServerAssociation - sub BDA is:IEDBiogasCHP/MMXU1.PhV.neut.subCVal.mag.i: 0
14:23:47.122 [openiec61850-osi-server-7-thread-1] DEBUG com.beanit.openiec61850.ServerAssociation - sub BDA is:IEDBiogasCHP/MMXU1.PhV.neut.subCVal.mag.f: 0.0
14:23:47.122 [openiec61850-osi-server-7-thread-1] DEBUG com.beanit.openiec61850.ServerAssociation - sub BDA is:IEDBiogasCHP/MMXU1.PhV.neut.subCVal.ang.i: 0
14:23:47.122 [openiec61850-osi-server-7-thread-1] DEBUG com.beanit.openiec61850.ServerAssociation - sub BDA is:IEDBiogasCHP/MMXU1.PhV.neut.subCVal.ang.f: 0.0
14:23:47.122 [openiec61850-osi-server-7-thread-1] DEBUG com.beanit.openiec61850.ServerAssociation - sub BDA is:IEDBiogasCHP/MMXU1.PhV.neut.subQ: 0x00 0x00
14:23:47.122 [openiec61850-osi-server-7-thread-1] DEBUG com.beanit.openiec61850.ServerAssociation - sub BDA is:IEDBiogasCHP/MMXU1.PhV.neut.subID: ''
14:23:47.122 [openiec61850-osi-server-7-thread-1] DEBUG com.beanit.openiec61850.ServerAssociation - sub BDA is:IEDBiogasCHP/MMXU1.PhV.net.subEna: false
14:23:47.122 [openiec61850-osi-server-7-thread-1] DEBUG com.beanit.openiec61850.ServerAssociation - sub BDA is:IEDBiogasCHP/MMXU1.PhV.net.subCVal.mag.i: 0
14:23:47.122 [openiec61850-osi-server-7-thread-1] DEBUG com.beanit.openiec61850.ServerAssociation - sub BDA is:IEDBiogasCHP/MMXU1.PhV.net.subCVal.mag.f: 0.0
14:23:47.122 [openiec61850-osi-server-7-thread-1] DEBUG com.beanit.openiec61850.ServerAssociation - sub BDA is:IEDBiogasCHP/MMXU1.PhV.net.subCVal.ang.i: 0
14:23:47.122 [openiec61850-osi-server-7-thread-1] DEBUG com.beanit.openiec61850.ServerAssociation - sub BDA is:IEDBiogasCHP/MMXU1.PhV.net.subCVal.ang.f: 0.0
14:23:47.122 [openiec61850-osi-server-7-thread-1] DEBUG com.beanit.openiec61850.ServerAssociation - sub BDA is:IEDBiogasCHP/MMXU1.PhV.net.subQ: 0x00 0x00
14:23:47.122 [openiec61850-osi-server-7-thread-1] DEBUG com.beanit.openiec61850.ServerAssociation - sub BDA is:IEDBiogasCHP/MMXU1.PhV.net.subID: ''
14:23:47.122 [openiec61850-osi-server-7-thread-1] DEBUG com.beanit.openiec61850.ServerAssociation - sub BDA is:IEDBiogasCHP/MMXU1.PhV.res.subEna: false
14:23:47.122 [openiec61850-osi-server-7-thread-1] DEBUG com.beanit.openiec61850.ServerAssociation - sub BDA is:IEDBiogasCHP/MMXU1.PhV.res.subCVal.mag.i: 0
14:23:47.122 [openiec61850-osi-server-7-thread-1] DEBUG com.beanit.openiec61850.ServerAssociation - sub BDA is:IEDBiogasCHP/MMXU1.PhV.res.subCVal.mag.f: 0.0
14:23:47.122 [openiec61850-osi-server-7-thread-1] DEBUG com.beanit.openiec61850.ServerAssociation - sub BDA is:IEDBiogasCHP/MMXU1.PhV.res.subCVal.ang.i: 0
14:23:47.122 [openiec61850-osi-server-7-thread-1] DEBUG com.beanit.openiec61850.ServerAssociation - sub BDA is:IEDBiogasCHP/MMXU1.PhV.res.subCVal.ang.f: 0.0
14:23:47.122 [openiec61850-osi-server-7-thread-1] DEBUG com.beanit.openiec61850.ServerAssociation - sub BDA is:IEDBiogasCHP/MMXU1.PhV.res.subQ: 0x00 0x00
14:23:47.122 [openiec61850-osi-server-7-thread-1] DEBUG com.beanit.openiec61850.ServerAssociation - sub BDA is:IEDBiogasCHP/MMXU1.PhV.res.subID: ''
calling GetDataValues(IEDBiogasCHP/MMXU1.PhV.phsA)
14:23:47.122 [openiec61850-osi-server-7-thread-1] DEBUG com.beanit.openiec61850.ServerAssociation - Got a GetDataValues request for node: IEDBiogasCHP/MMXU1.PhV.phsA [SV]
IEDBiogasCHP/MMXU1.PhV.phsA.subEna: false
IEDBiogasCHP/MMXU1.PhV.phsA.subCVal [SV]
IEDBiogasCHP/MMXU1.PhV.phsA.subCVal.mag [SV]
IEDBiogasCHP/MMXU1.PhV.phsA.subCVal.mag.i: 0
IEDBiogasCHP/MMXU1.PhV.phsA.subCVal.mag.f: 0.0
IEDBiogasCHP/MMXU1.PhV.phsA.subCVal.ang [SV]
IEDBiogasCHP/MMXU1.PhV.phsA.subCVal.ang.i: 0
IEDBiogasCHP/MMXU1.PhV.phsA.subCVal.ang.f: 0.0
IEDBiogasCHP/MMXU1.PhV.phsA.subQ: 0x00 0x00
IEDBiogasCHP/MMXU1.PhV.phsA.subID: ''
14:23:47.122 [openiec61850-osi-server-7-thread-1] DEBUG com.beanit.openiec61850.ServerAssociation - sub BDA is:IEDBiogasCHP/MMXU1.PhV.phsA.subEna: false
14:23:47.122 [openiec61850-osi-server-7-thread-1] DEBUG com.beanit.openiec61850.ServerAssociation - sub BDA is:IEDBiogasCHP/MMXU1.PhV.phsA.subCVal.mag.i: 0
14:23:47.122 [openiec61850-osi-server-7-thread-1] DEBUG com.beanit.openiec61850.ServerAssociation - sub BDA is:IEDBiogasCHP/MMXU1.PhV.phsA.subCVal.mag.f: 0.0
14:23:47.122 [openiec61850-osi-server-7-thread-1] DEBUG com.beanit.openiec61850.ServerAssociation - sub BDA is:IEDBiogasCHP/MMXU1.PhV.phsA.subCVal.ang.i: 0
14:23:47.122 [openiec61850-osi-server-7-thread-1] DEBUG com.beanit.openiec61850.ServerAssociation - sub BDA is:IEDBiogasCHP/MMXU1.PhV.phsA.subCVal.ang.f: 0.0
14:23:47.122 [openiec61850-osi-server-7-thread-1] DEBUG com.beanit.openiec61850.ServerAssociation - sub BDA is:IEDBiogasCHP/MMXU1.PhV.phsA.subQ: 0x00 0x00
14:23:47.122 [openiec61850-osi-server-7-thread-1] DEBUG com.beanit.openiec61850.ServerAssociation - sub BDA is:IEDBiogasCHP/MMXU1.PhV.phsA.subID: ''
calling GetDataValues(IEDBiogasCHP/MMXU1.PhV.phsA.subEna)
14:23:47.122 [openiec61850-osi-server-7-thread-1] DEBUG com.beanit.openiec61850.ServerAssociation - Got a GetDataValues request for node: IEDBiogasCHP/MMXU1.PhV.phsA.subEna: false
calling GetDataValues(IEDBiogasCHP/MMXU1.PhV.phsA.subCVal)
14:23:47.122 [openiec61850-osi-server-7-thread-1] DEBUG com.beanit.openiec61850.ServerAssociation - Got a GetDataValues request for node: IEDBiogasCHP/MMXU1.PhV.phsA.subCVal [SV]
IEDBiogasCHP/MMXU1.PhV.phsA.subCVal.mag [SV]
IEDBiogasCHP/MMXU1.PhV.phsA.subCVal.mag.i: 0
IEDBiogasCHP/MMXU1.PhV.phsA.subCVal.mag.f: 0.0
IEDBiogasCHP/MMXU1.PhV.phsA.subCVal.ang [SV]
IEDBiogasCHP/MMXU1.PhV.phsA.subCVal.ang.i: 0
IEDBiogasCHP/MMXU1.PhV.phsA.subCVal.ang.f: 0.0
14:23:47.122 [openiec61850-osi-server-7-thread-1] DEBUG com.beanit.openiec61850.ServerAssociation - sub BDA is:IEDBiogasCHP/MMXU1.PhV.phsA.subCVal.mag.i: 0
14:23:47.122 [openiec61850-osi-server-7-thread-1] DEBUG com.beanit.openiec61850.ServerAssociation - sub BDA is:IEDBiogasCHP/MMXU1.PhV.phsA.subCVal.mag.f: 0.0
14:23:47.122 [openiec61850-osi-server-7-thread-1] DEBUG com.beanit.openiec61850.ServerAssociation - sub BDA is:IEDBiogasCHP/MMXU1.PhV.phsA.subCVal.ang.i: 0
14:23:47.122 [openiec61850-osi-server-7-thread-1] DEBUG com.beanit.openiec61850.ServerAssociation - sub BDA is:IEDBiogasCHP/MMXU1.PhV.phsA.subCVal.ang.f: 0.0
calling GetDataValues(IEDBiogasCHP/MMXU1.PhV.phsA.subCVal.mag)
14:23:47.122 [openiec61850-osi-server-7-thread-1] DEBUG com.beanit.openiec61850.ServerAssociation - Got a GetDataValues request for node: IEDBiogasCHP/MMXU1.PhV.phsA.subCVal.mag [SV]
IEDBiogasCHP/MMXU1.PhV.phsA.subCVal.mag.i: 0
IEDBiogasCHP/MMXU1.PhV.phsA.subCVal.mag.f: 0.0
14:23:47.122 [openiec61850-osi-server-7-thread-1] DEBUG com.beanit.openiec61850.ServerAssociation - sub BDA is:IEDBiogasCHP/MMXU1.PhV.phsA.subCVal.mag.i: 0
14:23:47.122 [openiec61850-osi-server-7-thread-1] DEBUG com.beanit.openiec61850.ServerAssociation - sub BDA is:IEDBiogasCHP/MMXU1.PhV.phsA.subCVal.mag.f: 0.0
calling GetDataValues(IEDBiogasCHP/MMXU1.PhV.phsA.subCVal.mag.i)
14:23:47.123 [openiec61850-osi-server-7-thread-1] DEBUG com.beanit.openiec61850.ServerAssociation - Got a GetDataValues request for node: IEDBiogasCHP/MMXU1.PhV.phsA.subCVal.mag.i: 0
calling GetDataValues(IEDBiogasCHP/MMXU1.PhV.phsA.subCVal.mag.f)
14:23:47.123 [openiec61850-osi-server-7-thread-1] DEBUG com.beanit.openiec61850.ServerAssociation - Got a GetDataValues request for node: IEDBiogasCHP/MMXU1.PhV.phsA.subCVal.mag.f: 0.0
calling GetDataValues(IEDBiogasCHP/MMXU1.PhV.phsA.subCVal.ang)
14:23:47.123 [openiec61850-osi-server-7-thread-1] DEBUG com.beanit.openiec61850.ServerAssociation - Got a GetDataValues request for node: IEDBiogasCHP/MMXU1.PhV.phsA.subCVal.ang [SV]
IEDBiogasCHP/MMXU1.PhV.phsA.subCVal.ang.i: 0
IEDBiogasCHP/MMXU1.PhV.phsA.subCVal.ang.f: 0.0
14:23:47.123 [openiec61850-osi-server-7-thread-1] DEBUG com.beanit.openiec61850.ServerAssociation - sub BDA is:IEDBiogasCHP/MMXU1.PhV.phsA.subCVal.ang.i: 0
14:23:47.123 [openiec61850-osi-server-7-thread-1] DEBUG com.beanit.openiec61850.ServerAssociation - sub BDA is:IEDBiogasCHP/MMXU1.PhV.phsA.subCVal.ang.f: 0.0
calling GetDataValues(IEDBiogasCHP/MMXU1.PhV.phsA.subCVal.ang.i)
14:23:47.123 [openiec61850-osi-server-7-thread-1] DEBUG com.beanit.openiec61850.ServerAssociation - Got a GetDataValues request for node: IEDBiogasCHP/MMXU1.PhV.phsA.subCVal.ang.i: 0
calling GetDataValues(IEDBiogasCHP/MMXU1.PhV.phsA.subCVal.ang.f)
14:23:47.123 [openiec61850-osi-server-7-thread-1] DEBUG com.beanit.openiec61850.ServerAssociation - Got a GetDataValues request for node: IEDBiogasCHP/MMXU1.PhV.phsA.subCVal.ang.f: 0.0
calling GetDataValues(IEDBiogasCHP/MMXU1.PhV.phsA.subQ)
14:23:47.123 [openiec61850-osi-server-7-thread-1] DEBUG com.beanit.openiec61850.ServerAssociation - Got a GetDataValues request for node: IEDBiogasCHP/MMXU1.PhV.phsA.subQ: 0x00 0x00
calling GetDataValues(IEDBiogasCHP/MMXU1.PhV.phsA.subID)
14:23:47.123 [openiec61850-osi-server-7-thread-1] DEBUG com.beanit.openiec61850.ServerAssociation - Got a GetDataValues request for node: IEDBiogasCHP/MMXU1.PhV.phsA.subID: ''
calling GetDataValues(IEDBiogasCHP/MMXU1.PhV.phsB)
14:23:47.124 [openiec61850-osi-server-7-thread-1] DEBUG com.beanit.openiec61850.ServerAssociation - Got a GetDataValues request for node: IEDBiogasCHP/MMXU1.PhV.phsB [SV]
IEDBiogasCHP/MMXU1.PhV.phsB.subEna: false
IEDBiogasCHP/MMXU1.PhV.phsB.subCVal [SV]
IEDBiogasCHP/MMXU1.PhV.phsB.subCVal.mag [SV]
IEDBiogasCHP/MMXU1.PhV.phsB.subCVal.mag.i: 0
IEDBiogasCHP/MMXU1.PhV.phsB.subCVal.mag.f: 0.0
IEDBiogasCHP/MMXU1.PhV.phsB.subCVal.ang [SV]
IEDBiogasCHP/MMXU1.PhV.phsB.subCVal.ang.i: 0
IEDBiogasCHP/MMXU1.PhV.phsB.subCVal.ang.f: 0.0
IEDBiogasCHP/MMXU1.PhV.phsB.subQ: 0x00 0x00
IEDBiogasCHP/MMXU1.PhV.phsB.subID: ''
14:23:47.124 [openiec61850-osi-server-7-thread-1] DEBUG com.beanit.openiec61850.ServerAssociation - sub BDA is:IEDBiogasCHP/MMXU1.PhV.phsB.subEna: false
14:23:47.124 [openiec61850-osi-server-7-thread-1] DEBUG com.beanit.openiec61850.ServerAssociation - sub BDA is:IEDBiogasCHP/MMXU1.PhV.phsB.subCVal.mag.i: 0
14:23:47.124 [openiec61850-osi-server-7-thread-1] DEBUG com.beanit.openiec61850.ServerAssociation - sub BDA is:IEDBiogasCHP/MMXU1.PhV.phsB.subCVal.mag.f: 0.0
14:23:47.124 [openiec61850-osi-server-7-thread-1] DEBUG com.beanit.openiec61850.ServerAssociation - sub BDA is:IEDBiogasCHP/MMXU1.PhV.phsB.subCVal.ang.i: 0
14:23:47.124 [openiec61850-osi-server-7-thread-1] DEBUG com.beanit.openiec61850.ServerAssociation - sub BDA is:IEDBiogasCHP/MMXU1.PhV.phsB.subCVal.ang.f: 0.0
14:23:47.124 [openiec61850-osi-server-7-thread-1] DEBUG com.beanit.openiec61850.ServerAssociation - sub BDA is:IEDBiogasCHP/MMXU1.PhV.phsB.subQ: 0x00 0x00
14:23:47.124 [openiec61850-osi-server-7-thread-1] DEBUG com.beanit.openiec61850.ServerAssociation - sub BDA is:IEDBiogasCHP/MMXU1.PhV.phsB.subID: ''
calling GetDataValues(IEDBiogasCHP/MMXU1.PhV.phsB.subEna)
14:23:47.124 [openiec61850-osi-server-7-thread-1] DEBUG com.beanit.openiec61850.ServerAssociation - Got a GetDataValues request for node: IEDBiogasCHP/MMXU1.PhV.phsB.subEna: false
calling GetDataValues(IEDBiogasCHP/MMXU1.PhV.phsB.subCVal)
14:23:47.124 [openiec61850-osi-server-7-thread-1] DEBUG com.beanit.openiec61850.ServerAssociation - Got a GetDataValues request for node: IEDBiogasCHP/MMXU1.PhV.phsB.subCVal [SV]
IEDBiogasCHP/MMXU1.PhV.phsB.subCVal.mag [SV]
IEDBiogasCHP/MMXU1.PhV.phsB.subCVal.mag.i: 0
IEDBiogasCHP/MMXU1.PhV.phsB.subCVal.mag.f: 0.0
IEDBiogasCHP/MMXU1.PhV.phsB.subCVal.ang [SV]
IEDBiogasCHP/MMXU1.PhV.phsB.subCVal.ang.i: 0
IEDBiogasCHP/MMXU1.PhV.phsB.subCVal.ang.f: 0.0
14:23:47.124 [openiec61850-osi-server-7-thread-1] DEBUG com.beanit.openiec61850.ServerAssociation - sub BDA is:IEDBiogasCHP/MMXU1.PhV.phsB.subCVal.mag.i: 0
14:23:47.124 [openiec61850-osi-server-7-thread-1] DEBUG com.beanit.openiec61850.ServerAssociation - sub BDA is:IEDBiogasCHP/MMXU1.PhV.phsB.subCVal.mag.f: 0.0
14:23:47.124 [openiec61850-osi-server-7-thread-1] DEBUG com.beanit.openiec61850.ServerAssociation - sub BDA is:IEDBiogasCHP/MMXU1.PhV.phsB.subCVal.ang.i: 0
14:23:47.124 [openiec61850-osi-server-7-thread-1] DEBUG com.beanit.openiec61850.ServerAssociation - sub BDA is:IEDBiogasCHP/MMXU1.PhV.phsB.subCVal.ang.f: 0.0
calling GetDataValues(IEDBiogasCHP/MMXU1.PhV.phsB.subCVal.mag)
14:23:47.124 [openiec61850-osi-server-7-thread-1] DEBUG com.beanit.openiec61850.ServerAssociation - Got a GetDataValues request for node: IEDBiogasCHP/MMXU1.PhV.phsB.subCVal.mag [SV]
IEDBiogasCHP/MMXU1.PhV.phsB.subCVal.mag.i: 0
IEDBiogasCHP/MMXU1.PhV.phsB.subCVal.mag.f: 0.0
14:23:47.124 [openiec61850-osi-server-7-thread-1] DEBUG com.beanit.openiec61850.ServerAssociation - sub BDA is:IEDBiogasCHP/MMXU1.PhV.phsB.subCVal.mag.i: 0
14:23:47.124 [openiec61850-osi-server-7-thread-1] DEBUG com.beanit.openiec61850.ServerAssociation - sub BDA is:IEDBiogasCHP/MMXU1.PhV.phsB.subCVal.mag.f: 0.0
calling GetDataValues(IEDBiogasCHP/MMXU1.PhV.phsB.subCVal.mag.i)
14:23:47.124 [openiec61850-osi-server-7-thread-1] DEBUG com.beanit.openiec61850.ServerAssociation - Got a GetDataValues request for node: IEDBiogasCHP/MMXU1.PhV.phsB.subCVal.mag.i: 0
calling GetDataValues(IEDBiogasCHP/MMXU1.PhV.phsB.subCVal.mag.f)
14:23:47.125 [openiec61850-osi-server-7-thread-1] DEBUG com.beanit.openiec61850.ServerAssociation - Got a GetDataValues request for node: IEDBiogasCHP/MMXU1.PhV.phsB.subCVal.mag.f: 0.0
calling GetDataValues(IEDBiogasCHP/MMXU1.PhV.phsB.subCVal.ang)
14:23:47.125 [openiec61850-osi-server-7-thread-1] DEBUG com.beanit.openiec61850.ServerAssociation - Got a GetDataValues request for node: IEDBiogasCHP/MMXU1.PhV.phsB.subCVal.ang [SV]
IEDBiogasCHP/MMXU1.PhV.phsB.subCVal.ang.i: 0
IEDBiogasCHP/MMXU1.PhV.phsB.subCVal.ang.f: 0.0
14:23:47.125 [openiec61850-osi-server-7-thread-1] DEBUG com.beanit.openiec61850.ServerAssociation - sub BDA is:IEDBiogasCHP/MMXU1.PhV.phsB.subCVal.ang.i: 0
14:23:47.125 [openiec61850-osi-server-7-thread-1] DEBUG com.beanit.openiec61850.ServerAssociation - sub BDA is:IEDBiogasCHP/MMXU1.PhV.phsB.subCVal.ang.f: 0.0
calling GetDataValues(IEDBiogasCHP/MMXU1.PhV.phsB.subCVal.ang.i)
14:23:47.125 [openiec61850-osi-server-7-thread-1] DEBUG com.beanit.openiec61850.ServerAssociation - Got a GetDataValues request for node: IEDBiogasCHP/MMXU1.PhV.phsB.subCVal.ang.i: 0
calling GetDataValues(IEDBiogasCHP/MMXU1.PhV.phsB.subCVal.ang.f)
14:23:47.125 [openiec61850-osi-server-7-thread-1] DEBUG com.beanit.openiec61850.ServerAssociation - Got a GetDataValues request for node: IEDBiogasCHP/MMXU1.PhV.phsB.subCVal.ang.f: 0.0
calling GetDataValues(IEDBiogasCHP/MMXU1.PhV.phsB.subQ)
14:23:47.125 [openiec61850-osi-server-7-thread-1] DEBUG com.beanit.openiec61850.ServerAssociation - Got a GetDataValues request for node: IEDBiogasCHP/MMXU1.PhV.phsB.subQ: 0x00 0x00
calling GetDataValues(IEDBiogasCHP/MMXU1.PhV.phsB.subID)
14:23:47.125 [openiec61850-osi-server-7-thread-1] DEBUG com.beanit.openiec61850.ServerAssociation - Got a GetDataValues request for node: IEDBiogasCHP/MMXU1.PhV.phsB.subID: ''
calling GetDataValues(IEDBiogasCHP/MMXU1.PhV.phsC)
14:23:47.125 [openiec61850-osi-server-7-thread-1] DEBUG com.beanit.openiec61850.ServerAssociation - Got a GetDataValues request for node: IEDBiogasCHP/MMXU1.PhV.phsC [SV]
IEDBiogasCHP/MMXU1.PhV.phsC.subEna: false
IEDBiogasCHP/MMXU1.PhV.phsC.subCVal [SV]
IEDBiogasCHP/MMXU1.PhV.phsC.subCVal.mag [SV]
IEDBiogasCHP/MMXU1.PhV.phsC.subCVal.mag.i: 0
IEDBiogasCHP/MMXU1.PhV.phsC.subCVal.mag.f: 0.0
IEDBiogasCHP/MMXU1.PhV.phsC.subCVal.ang [SV]
IEDBiogasCHP/MMXU1.PhV.phsC.subCVal.ang.i: 0
IEDBiogasCHP/MMXU1.PhV.phsC.subCVal.ang.f: 0.0
IEDBiogasCHP/MMXU1.PhV.phsC.subQ: 0x00 0x00
IEDBiogasCHP/MMXU1.PhV.phsC.subID: ''
14:23:47.125 [openiec61850-osi-server-7-thread-1] DEBUG com.beanit.openiec61850.ServerAssociation - sub BDA is:IEDBiogasCHP/MMXU1.PhV.phsC.subEna: false
14:23:47.125 [openiec61850-osi-server-7-thread-1] DEBUG com.beanit.openiec61850.ServerAssociation - sub BDA is:IEDBiogasCHP/MMXU1.PhV.phsC.subCVal.mag.i: 0
14:23:47.125 [openiec61850-osi-server-7-thread-1] DEBUG com.beanit.openiec61850.ServerAssociation - sub BDA is:IEDBiogasCHP/MMXU1.PhV.phsC.subCVal.mag.f: 0.0
14:23:47.125 [openiec61850-osi-server-7-thread-1] DEBUG com.beanit.openiec61850.ServerAssociation - sub BDA is:IEDBiogasCHP/MMXU1.PhV.phsC.subCVal.ang.i: 0
14:23:47.125 [openiec61850-osi-server-7-thread-1] DEBUG com.beanit.openiec61850.ServerAssociation - sub BDA is:IEDBiogasCHP/MMXU1.PhV.phsC.subCVal.ang.f: 0.0
14:23:47.125 [openiec61850-osi-server-7-thread-1] DEBUG com.beanit.openiec61850.ServerAssociation - sub BDA is:IEDBiogasCHP/MMXU1.PhV.phsC.subQ: 0x00 0x00
14:23:47.125 [openiec61850-osi-server-7-thread-1] DEBUG com.beanit.openiec61850.ServerAssociation - sub BDA is:IEDBiogasCHP/MMXU1.PhV.phsC.subID: ''
calling GetDataValues(IEDBiogasCHP/MMXU1.PhV.phsC.subEna)
14:23:47.126 [openiec61850-osi-server-7-thread-1] DEBUG com.beanit.openiec61850.ServerAssociation - Got a GetDataValues request for node: IEDBiogasCHP/MMXU1.PhV.phsC.subEna: false
calling GetDataValues(IEDBiogasCHP/MMXU1.PhV.phsC.subCVal)
14:23:47.126 [openiec61850-osi-server-7-thread-1] DEBUG com.beanit.openiec61850.ServerAssociation - Got a GetDataValues request for node: IEDBiogasCHP/MMXU1.PhV.phsC.subCVal [SV]
IEDBiogasCHP/MMXU1.PhV.phsC.subCVal.mag [SV]
IEDBiogasCHP/MMXU1.PhV.phsC.subCVal.mag.i: 0
IEDBiogasCHP/MMXU1.PhV.phsC.subCVal.mag.f: 0.0
IEDBiogasCHP/MMXU1.PhV.phsC.subCVal.ang [SV]
IEDBiogasCHP/MMXU1.PhV.phsC.subCVal.ang.i: 0
IEDBiogasCHP/MMXU1.PhV.phsC.subCVal.ang.f: 0.0
14:23:47.126 [openiec61850-osi-server-7-thread-1] DEBUG com.beanit.openiec61850.ServerAssociation - sub BDA is:IEDBiogasCHP/MMXU1.PhV.phsC.subCVal.mag.i: 0
14:23:47.126 [openiec61850-osi-server-7-thread-1] DEBUG com.beanit.openiec61850.ServerAssociation - sub BDA is:IEDBiogasCHP/MMXU1.PhV.phsC.subCVal.mag.f: 0.0
14:23:47.126 [openiec61850-osi-server-7-thread-1] DEBUG com.beanit.openiec61850.ServerAssociation - sub BDA is:IEDBiogasCHP/MMXU1.PhV.phsC.subCVal.ang.i: 0
14:23:47.126 [openiec61850-osi-server-7-thread-1] DEBUG com.beanit.openiec61850.ServerAssociation - sub BDA is:IEDBiogasCHP/MMXU1.PhV.phsC.subCVal.ang.f: 0.0
calling GetDataValues(IEDBiogasCHP/MMXU1.PhV.phsC.subCVal.mag)
14:23:47.126 [openiec61850-osi-server-7-thread-1] DEBUG com.beanit.openiec61850.ServerAssociation - Got a GetDataValues request for node: IEDBiogasCHP/MMXU1.PhV.phsC.subCVal.mag [SV]
IEDBiogasCHP/MMXU1.PhV.phsC.subCVal.mag.i: 0
IEDBiogasCHP/MMXU1.PhV.phsC.subCVal.mag.f: 0.0
14:23:47.126 [openiec61850-osi-server-7-thread-1] DEBUG com.beanit.openiec61850.ServerAssociation - sub BDA is:IEDBiogasCHP/MMXU1.PhV.phsC.subCVal.mag.i: 0
14:23:47.126 [openiec61850-osi-server-7-thread-1] DEBUG com.beanit.openiec61850.ServerAssociation - sub BDA is:IEDBiogasCHP/MMXU1.PhV.phsC.subCVal.mag.f: 0.0
calling GetDataValues(IEDBiogasCHP/MMXU1.PhV.phsC.subCVal.mag.i)
14:23:47.126 [openiec61850-osi-server-7-thread-1] DEBUG com.beanit.openiec61850.ServerAssociation - Got a GetDataValues request for node: IEDBiogasCHP/MMXU1.PhV.phsC.subCVal.mag.i: 0
calling GetDataValues(IEDBiogasCHP/MMXU1.PhV.phsC.subCVal.mag.f)
14:23:47.126 [openiec61850-osi-server-7-thread-1] DEBUG com.beanit.openiec61850.ServerAssociation - Got a GetDataValues request for node: IEDBiogasCHP/MMXU1.PhV.phsC.subCVal.mag.f: 0.0
calling GetDataValues(IEDBiogasCHP/MMXU1.PhV.phsC.subCVal.ang)
14:23:47.126 [openiec61850-osi-server-7-thread-1] DEBUG com.beanit.openiec61850.ServerAssociation - Got a GetDataValues request for node: IEDBiogasCHP/MMXU1.PhV.phsC.subCVal.ang [SV]
IEDBiogasCHP/MMXU1.PhV.phsC.subCVal.ang.i: 0
IEDBiogasCHP/MMXU1.PhV.phsC.subCVal.ang.f: 0.0
14:23:47.126 [openiec61850-osi-server-7-thread-1] DEBUG com.beanit.openiec61850.ServerAssociation - sub BDA is:IEDBiogasCHP/MMXU1.PhV.phsC.subCVal.ang.i: 0
14:23:47.126 [openiec61850-osi-server-7-thread-1] DEBUG com.beanit.openiec61850.ServerAssociation - sub BDA is:IEDBiogasCHP/MMXU1.PhV.phsC.subCVal.ang.f: 0.0
calling GetDataValues(IEDBiogasCHP/MMXU1.PhV.phsC.subCVal.ang.i)
14:23:47.126 [openiec61850-osi-server-7-thread-1] DEBUG com.beanit.openiec61850.ServerAssociation - Got a GetDataValues request for node: IEDBiogasCHP/MMXU1.PhV.phsC.subCVal.ang.i: 0
calling GetDataValues(IEDBiogasCHP/MMXU1.PhV.phsC.subCVal.ang.f)
14:23:47.127 [openiec61850-osi-server-7-thread-1] DEBUG com.beanit.openiec61850.ServerAssociation - Got a GetDataValues request for node: IEDBiogasCHP/MMXU1.PhV.phsC.subCVal.ang.f: 0.0
calling GetDataValues(IEDBiogasCHP/MMXU1.PhV.phsC.subQ)
14:23:47.127 [openiec61850-osi-server-7-thread-1] DEBUG com.beanit.openiec61850.ServerAssociation - Got a GetDataValues request for node: IEDBiogasCHP/MMXU1.PhV.phsC.subQ: 0x00 0x00
calling GetDataValues(IEDBiogasCHP/MMXU1.PhV.phsC.subID)
14:23:47.127 [openiec61850-osi-server-7-thread-1] DEBUG com.beanit.openiec61850.ServerAssociation - Got a GetDataValues request for node: IEDBiogasCHP/MMXU1.PhV.phsC.subID: ''
calling GetDataValues(IEDBiogasCHP/MMXU1.PhV.neut)
14:23:47.127 [openiec61850-osi-server-7-thread-1] DEBUG com.beanit.openiec61850.ServerAssociation - Got a GetDataValues request for node: IEDBiogasCHP/MMXU1.PhV.neut [SV]
IEDBiogasCHP/MMXU1.PhV.neut.subEna: false
IEDBiogasCHP/MMXU1.PhV.neut.subCVal [SV]
IEDBiogasCHP/MMXU1.PhV.neut.subCVal.mag [SV]
IEDBiogasCHP/MMXU1.PhV.neut.subCVal.mag.i: 0
IEDBiogasCHP/MMXU1.PhV.neut.subCVal.mag.f: 0.0
IEDBiogasCHP/MMXU1.PhV.neut.subCVal.ang [SV]
IEDBiogasCHP/MMXU1.PhV.neut.subCVal.ang.i: 0
IEDBiogasCHP/MMXU1.PhV.neut.subCVal.ang.f: 0.0
IEDBiogasCHP/MMXU1.PhV.neut.subQ: 0x00 0x00
IEDBiogasCHP/MMXU1.PhV.neut.subID: ''
14:23:47.127 [openiec61850-osi-server-7-thread-1] DEBUG com.beanit.openiec61850.ServerAssociation - sub BDA is:IEDBiogasCHP/MMXU1.PhV.neut.subEna: false
14:23:47.127 [openiec61850-osi-server-7-thread-1] DEBUG com.beanit.openiec61850.ServerAssociation - sub BDA is:IEDBiogasCHP/MMXU1.PhV.neut.subCVal.mag.i: 0
14:23:47.127 [openiec61850-osi-server-7-thread-1] DEBUG com.beanit.openiec61850.ServerAssociation - sub BDA is:IEDBiogasCHP/MMXU1.PhV.neut.subCVal.mag.f: 0.0
14:23:47.127 [openiec61850-osi-server-7-thread-1] DEBUG com.beanit.openiec61850.ServerAssociation - sub BDA is:IEDBiogasCHP/MMXU1.PhV.neut.subCVal.ang.i: 0
14:23:47.127 [openiec61850-osi-server-7-thread-1] DEBUG com.beanit.openiec61850.ServerAssociation - sub BDA is:IEDBiogasCHP/MMXU1.PhV.neut.subCVal.ang.f: 0.0
14:23:47.127 [openiec61850-osi-server-7-thread-1] DEBUG com.beanit.openiec61850.ServerAssociation - sub BDA is:IEDBiogasCHP/MMXU1.PhV.neut.subQ: 0x00 0x00
14:23:47.127 [openiec61850-osi-server-7-thread-1] DEBUG com.beanit.openiec61850.ServerAssociation - sub BDA is:IEDBiogasCHP/MMXU1.PhV.neut.subID: ''
calling GetDataValues(IEDBiogasCHP/MMXU1.PhV.neut.subEna)
14:23:47.127 [openiec61850-osi-server-7-thread-1] DEBUG com.beanit.openiec61850.ServerAssociation - Got a GetDataValues request for node: IEDBiogasCHP/MMXU1.PhV.neut.subEna: false
calling GetDataValues(IEDBiogasCHP/MMXU1.PhV.neut.subCVal)
14:23:47.127 [openiec61850-osi-server-7-thread-1] DEBUG com.beanit.openiec61850.ServerAssociation - Got a GetDataValues request for node: IEDBiogasCHP/MMXU1.PhV.neut.subCVal [SV]
IEDBiogasCHP/MMXU1.PhV.neut.subCVal.mag [SV]
IEDBiogasCHP/MMXU1.PhV.neut.subCVal.mag.i: 0
IEDBiogasCHP/MMXU1.PhV.neut.subCVal.mag.f: 0.0
IEDBiogasCHP/MMXU1.PhV.neut.subCVal.ang [SV]
IEDBiogasCHP/MMXU1.PhV.neut.subCVal.ang.i: 0
IEDBiogasCHP/MMXU1.PhV.neut.subCVal.ang.f: 0.0
14:23:47.127 [openiec61850-osi-server-7-thread-1] DEBUG com.beanit.openiec61850.ServerAssociation - sub BDA is:IEDBiogasCHP/MMXU1.PhV.neut.subCVal.mag.i: 0
14:23:47.127 [openiec61850-osi-server-7-thread-1] DEBUG com.beanit.openiec61850.ServerAssociation - sub BDA is:IEDBiogasCHP/MMXU1.PhV.neut.subCVal.mag.f: 0.0
14:23:47.127 [openiec61850-osi-server-7-thread-1] DEBUG com.beanit.openiec61850.ServerAssociation - sub BDA is:IEDBiogasCHP/MMXU1.PhV.neut.subCVal.ang.i: 0
14:23:47.127 [openiec61850-osi-server-7-thread-1] DEBUG com.beanit.openiec61850.ServerAssociation - sub BDA is:IEDBiogasCHP/MMXU1.PhV.neut.subCVal.ang.f: 0.0
calling GetDataValues(IEDBiogasCHP/MMXU1.PhV.neut.subCVal.mag)
14:23:47.127 [openiec61850-osi-server-7-thread-1] DEBUG com.beanit.openiec61850.ServerAssociation - Got a GetDataValues request for node: IEDBiogasCHP/MMXU1.PhV.neut.subCVal.mag [SV]
IEDBiogasCHP/MMXU1.PhV.neut.subCVal.mag.i: 0
IEDBiogasCHP/MMXU1.PhV.neut.subCVal.mag.f: 0.0
14:23:47.127 [openiec61850-osi-server-7-thread-1] DEBUG com.beanit.openiec61850.ServerAssociation - sub BDA is:IEDBiogasCHP/MMXU1.PhV.neut.subCVal.mag.i: 0
14:23:47.128 [openiec61850-osi-server-7-thread-1] DEBUG com.beanit.openiec61850.ServerAssociation - sub BDA is:IEDBiogasCHP/MMXU1.PhV.neut.subCVal.mag.f: 0.0
calling GetDataValues(IEDBiogasCHP/MMXU1.PhV.neut.subCVal.mag.i)
14:23:47.128 [openiec61850-osi-server-7-thread-1] DEBUG com.beanit.openiec61850.ServerAssociation - Got a GetDataValues request for node: IEDBiogasCHP/MMXU1.PhV.neut.subCVal.mag.i: 0
calling GetDataValues(IEDBiogasCHP/MMXU1.PhV.neut.subCVal.mag.f)
14:23:47.128 [openiec61850-osi-server-7-thread-1] DEBUG com.beanit.openiec61850.ServerAssociation - Got a GetDataValues request for node: IEDBiogasCHP/MMXU1.PhV.neut.subCVal.mag.f: 0.0
calling GetDataValues(IEDBiogasCHP/MMXU1.PhV.neut.subCVal.ang)
14:23:47.128 [openiec61850-osi-server-7-thread-1] DEBUG com.beanit.openiec61850.ServerAssociation - Got a GetDataValues request for node: IEDBiogasCHP/MMXU1.PhV.neut.subCVal.ang [SV]
IEDBiogasCHP/MMXU1.PhV.neut.subCVal.ang.i: 0
IEDBiogasCHP/MMXU1.PhV.neut.subCVal.ang.f: 0.0
14:23:47.128 [openiec61850-osi-server-7-thread-1] DEBUG com.beanit.openiec61850.ServerAssociation - sub BDA is:IEDBiogasCHP/MMXU1.PhV.neut.subCVal.ang.i: 0
14:23:47.128 [openiec61850-osi-server-7-thread-1] DEBUG com.beanit.openiec61850.ServerAssociation - sub BDA is:IEDBiogasCHP/MMXU1.PhV.neut.subCVal.ang.f: 0.0
calling GetDataValues(IEDBiogasCHP/MMXU1.PhV.neut.subCVal.ang.i)
14:23:47.128 [openiec61850-osi-server-7-thread-1] DEBUG com.beanit.openiec61850.ServerAssociation - Got a GetDataValues request for node: IEDBiogasCHP/MMXU1.PhV.neut.subCVal.ang.i: 0
calling GetDataValues(IEDBiogasCHP/MMXU1.PhV.neut.subCVal.ang.f)
14:23:47.128 [openiec61850-osi-server-7-thread-1] DEBUG com.beanit.openiec61850.ServerAssociation - Got a GetDataValues request for node: IEDBiogasCHP/MMXU1.PhV.neut.subCVal.ang.f: 0.0
calling GetDataValues(IEDBiogasCHP/MMXU1.PhV.neut.subQ)
14:23:47.128 [openiec61850-osi-server-7-thread-1] DEBUG com.beanit.openiec61850.ServerAssociation - Got a GetDataValues request for node: IEDBiogasCHP/MMXU1.PhV.neut.subQ: 0x00 0x00
calling GetDataValues(IEDBiogasCHP/MMXU1.PhV.neut.subID)
14:23:47.128 [openiec61850-osi-server-7-thread-1] DEBUG com.beanit.openiec61850.ServerAssociation - Got a GetDataValues request for node: IEDBiogasCHP/MMXU1.PhV.neut.subID: ''
calling GetDataValues(IEDBiogasCHP/MMXU1.PhV.net)
14:23:47.129 [openiec61850-osi-server-7-thread-1] DEBUG com.beanit.openiec61850.ServerAssociation - Got a GetDataValues request for node: IEDBiogasCHP/MMXU1.PhV.net [SV]
IEDBiogasCHP/MMXU1.PhV.net.subEna: false
IEDBiogasCHP/MMXU1.PhV.net.subCVal [SV]
IEDBiogasCHP/MMXU1.PhV.net.subCVal.mag [SV]
IEDBiogasCHP/MMXU1.PhV.net.subCVal.mag.i: 0
IEDBiogasCHP/MMXU1.PhV.net.subCVal.mag.f: 0.0
IEDBiogasCHP/MMXU1.PhV.net.subCVal.ang [SV]
IEDBiogasCHP/MMXU1.PhV.net.subCVal.ang.i: 0
IEDBiogasCHP/MMXU1.PhV.net.subCVal.ang.f: 0.0
IEDBiogasCHP/MMXU1.PhV.net.subQ: 0x00 0x00
IEDBiogasCHP/MMXU1.PhV.net.subID: ''
14:23:47.129 [openiec61850-osi-server-7-thread-1] DEBUG com.beanit.openiec61850.ServerAssociation - sub BDA is:IEDBiogasCHP/MMXU1.PhV.net.subEna: false
14:23:47.129 [openiec61850-osi-server-7-thread-1] DEBUG com.beanit.openiec61850.ServerAssociation - sub BDA is:IEDBiogasCHP/MMXU1.PhV.net.subCVal.mag.i: 0
14:23:47.129 [openiec61850-osi-server-7-thread-1] DEBUG com.beanit.openiec61850.ServerAssociation - sub BDA is:IEDBiogasCHP/MMXU1.PhV.net.subCVal.mag.f: 0.0
14:23:47.129 [openiec61850-osi-server-7-thread-1] DEBUG com.beanit.openiec61850.ServerAssociation - sub BDA is:IEDBiogasCHP/MMXU1.PhV.net.subCVal.ang.i: 0
14:23:47.129 [openiec61850-osi-server-7-thread-1] DEBUG com.beanit.openiec61850.ServerAssociation - sub BDA is:IEDBiogasCHP/MMXU1.PhV.net.subCVal.ang.f: 0.0
14:23:47.129 [openiec61850-osi-server-7-thread-1] DEBUG com.beanit.openiec61850.ServerAssociation - sub BDA is:IEDBiogasCHP/MMXU1.PhV.net.subQ: 0x00 0x00
14:23:47.129 [openiec61850-osi-server-7-thread-1] DEBUG com.beanit.openiec61850.ServerAssociation - sub BDA is:IEDBiogasCHP/MMXU1.PhV.net.subID: ''
calling GetDataValues(IEDBiogasCHP/MMXU1.PhV.net.subEna)
14:23:47.129 [openiec61850-osi-server-7-thread-1] DEBUG com.beanit.openiec61850.ServerAssociation - Got a GetDataValues request for node: IEDBiogasCHP/MMXU1.PhV.net.subEna: false
calling GetDataValues(IEDBiogasCHP/MMXU1.PhV.net.subCVal)
14:23:47.129 [openiec61850-osi-server-7-thread-1] DEBUG com.beanit.openiec61850.ServerAssociation - Got a GetDataValues request for node: IEDBiogasCHP/MMXU1.PhV.net.subCVal [SV]
IEDBiogasCHP/MMXU1.PhV.net.subCVal.mag [SV]
IEDBiogasCHP/MMXU1.PhV.net.subCVal.mag.i: 0
IEDBiogasCHP/MMXU1.PhV.net.subCVal.mag.f: 0.0
IEDBiogasCHP/MMXU1.PhV.net.subCVal.ang [SV]
IEDBiogasCHP/MMXU1.PhV.net.subCVal.ang.i: 0
IEDBiogasCHP/MMXU1.PhV.net.subCVal.ang.f: 0.0
14:23:47.129 [openiec61850-osi-server-7-thread-1] DEBUG com.beanit.openiec61850.ServerAssociation - sub BDA is:IEDBiogasCHP/MMXU1.PhV.net.subCVal.mag.i: 0
14:23:47.129 [openiec61850-osi-server-7-thread-1] DEBUG com.beanit.openiec61850.ServerAssociation - sub BDA is:IEDBiogasCHP/MMXU1.PhV.net.subCVal.mag.f: 0.0
14:23:47.129 [openiec61850-osi-server-7-thread-1] DEBUG com.beanit.openiec61850.ServerAssociation - sub BDA is:IEDBiogasCHP/MMXU1.PhV.net.subCVal.ang.i: 0
14:23:47.129 [openiec61850-osi-server-7-thread-1] DEBUG com.beanit.openiec61850.ServerAssociation - sub BDA is:IEDBiogasCHP/MMXU1.PhV.net.subCVal.ang.f: 0.0
calling GetDataValues(IEDBiogasCHP/MMXU1.PhV.net.subCVal.mag)
14:23:47.129 [openiec61850-osi-server-7-thread-1] DEBUG com.beanit.openiec61850.ServerAssociation - Got a GetDataValues request for node: IEDBiogasCHP/MMXU1.PhV.net.subCVal.mag [SV]
IEDBiogasCHP/MMXU1.PhV.net.subCVal.mag.i: 0
IEDBiogasCHP/MMXU1.PhV.net.subCVal.mag.f: 0.0
14:23:47.129 [openiec61850-osi-server-7-thread-1] DEBUG com.beanit.openiec61850.ServerAssociation - sub BDA is:IEDBiogasCHP/MMXU1.PhV.net.subCVal.mag.i: 0
14:23:47.129 [openiec61850-osi-server-7-thread-1] DEBUG com.beanit.openiec61850.ServerAssociation - sub BDA is:IEDBiogasCHP/MMXU1.PhV.net.subCVal.mag.f: 0.0
calling GetDataValues(IEDBiogasCHP/MMXU1.PhV.net.subCVal.mag.i)
14:23:47.129 [openiec61850-osi-server-7-thread-1] DEBUG com.beanit.openiec61850.ServerAssociation - Got a GetDataValues request for node: IEDBiogasCHP/MMXU1.PhV.net.subCVal.mag.i: 0
calling GetDataValues(IEDBiogasCHP/MMXU1.PhV.net.subCVal.mag.f)
14:23:47.129 [openiec61850-osi-server-7-thread-1] DEBUG com.beanit.openiec61850.ServerAssociation - Got a GetDataValues request for node: IEDBiogasCHP/MMXU1.PhV.net.subCVal.mag.f: 0.0
calling GetDataValues(IEDBiogasCHP/MMXU1.PhV.net.subCVal.ang)
14:23:47.129 [openiec61850-osi-server-7-thread-1] DEBUG com.beanit.openiec61850.ServerAssociation - Got a GetDataValues request for node: IEDBiogasCHP/MMXU1.PhV.net.subCVal.ang [SV]
IEDBiogasCHP/MMXU1.PhV.net.subCVal.ang.i: 0
IEDBiogasCHP/MMXU1.PhV.net.subCVal.ang.f: 0.0
14:23:47.129 [openiec61850-osi-server-7-thread-1] DEBUG com.beanit.openiec61850.ServerAssociation - sub BDA is:IEDBiogasCHP/MMXU1.PhV.net.subCVal.ang.i: 0
14:23:47.129 [openiec61850-osi-server-7-thread-1] DEBUG com.beanit.openiec61850.ServerAssociation - sub BDA is:IEDBiogasCHP/MMXU1.PhV.net.subCVal.ang.f: 0.0
calling GetDataValues(IEDBiogasCHP/MMXU1.PhV.net.subCVal.ang.i)
14:23:47.130 [openiec61850-osi-server-7-thread-1] DEBUG com.beanit.openiec61850.ServerAssociation - Got a GetDataValues request for node: IEDBiogasCHP/MMXU1.PhV.net.subCVal.ang.i: 0
calling GetDataValues(IEDBiogasCHP/MMXU1.PhV.net.subCVal.ang.f)
14:23:47.130 [openiec61850-osi-server-7-thread-1] DEBUG com.beanit.openiec61850.ServerAssociation - Got a GetDataValues request for node: IEDBiogasCHP/MMXU1.PhV.net.subCVal.ang.f: 0.0
calling GetDataValues(IEDBiogasCHP/MMXU1.PhV.net.subQ)
14:23:47.130 [openiec61850-osi-server-7-thread-1] DEBUG com.beanit.openiec61850.ServerAssociation - Got a GetDataValues request for node: IEDBiogasCHP/MMXU1.PhV.net.subQ: 0x00 0x00
calling GetDataValues(IEDBiogasCHP/MMXU1.PhV.net.subID)
14:23:47.130 [openiec61850-osi-server-7-thread-1] DEBUG com.beanit.openiec61850.ServerAssociation - Got a GetDataValues request for node: IEDBiogasCHP/MMXU1.PhV.net.subID: ''
calling GetDataValues(IEDBiogasCHP/MMXU1.PhV.res)
14:23:47.130 [openiec61850-osi-server-7-thread-1] DEBUG com.beanit.openiec61850.ServerAssociation - Got a GetDataValues request for node: IEDBiogasCHP/MMXU1.PhV.res [SV]
IEDBiogasCHP/MMXU1.PhV.res.subEna: false
IEDBiogasCHP/MMXU1.PhV.res.subCVal [SV]
IEDBiogasCHP/MMXU1.PhV.res.subCVal.mag [SV]
IEDBiogasCHP/MMXU1.PhV.res.subCVal.mag.i: 0
IEDBiogasCHP/MMXU1.PhV.res.subCVal.mag.f: 0.0
IEDBiogasCHP/MMXU1.PhV.res.subCVal.ang [SV]
IEDBiogasCHP/MMXU1.PhV.res.subCVal.ang.i: 0
IEDBiogasCHP/MMXU1.PhV.res.subCVal.ang.f: 0.0
IEDBiogasCHP/MMXU1.PhV.res.subQ: 0x00 0x00
IEDBiogasCHP/MMXU1.PhV.res.subID: ''
14:23:47.130 [openiec61850-osi-server-7-thread-1] DEBUG com.beanit.openiec61850.ServerAssociation - sub BDA is:IEDBiogasCHP/MMXU1.PhV.res.subEna: false
14:23:47.130 [openiec61850-osi-server-7-thread-1] DEBUG com.beanit.openiec61850.ServerAssociation - sub BDA is:IEDBiogasCHP/MMXU1.PhV.res.subCVal.mag.i: 0
14:23:47.130 [openiec61850-osi-server-7-thread-1] DEBUG com.beanit.openiec61850.ServerAssociation - sub BDA is:IEDBiogasCHP/MMXU1.PhV.res.subCVal.mag.f: 0.0
14:23:47.130 [openiec61850-osi-server-7-thread-1] DEBUG com.beanit.openiec61850.ServerAssociation - sub BDA is:IEDBiogasCHP/MMXU1.PhV.res.subCVal.ang.i: 0
14:23:47.130 [openiec61850-osi-server-7-thread-1] DEBUG com.beanit.openiec61850.ServerAssociation - sub BDA is:IEDBiogasCHP/MMXU1.PhV.res.subCVal.ang.f: 0.0
14:23:47.130 [openiec61850-osi-server-7-thread-1] DEBUG com.beanit.openiec61850.ServerAssociation - sub BDA is:IEDBiogasCHP/MMXU1.PhV.res.subQ: 0x00 0x00
14:23:47.130 [openiec61850-osi-server-7-thread-1] DEBUG com.beanit.openiec61850.ServerAssociation - sub BDA is:IEDBiogasCHP/MMXU1.PhV.res.subID: ''
calling GetDataValues(IEDBiogasCHP/MMXU1.PhV.res.subEna)
14:23:47.130 [openiec61850-osi-server-7-thread-1] DEBUG com.beanit.openiec61850.ServerAssociation - Got a GetDataValues request for node: IEDBiogasCHP/MMXU1.PhV.res.subEna: false
calling GetDataValues(IEDBiogasCHP/MMXU1.PhV.res.subCVal)
14:23:47.130 [openiec61850-osi-server-7-thread-1] DEBUG com.beanit.openiec61850.ServerAssociation - Got a GetDataValues request for node: IEDBiogasCHP/MMXU1.PhV.res.subCVal [SV]
IEDBiogasCHP/MMXU1.PhV.res.subCVal.mag [SV]
IEDBiogasCHP/MMXU1.PhV.res.subCVal.mag.i: 0
IEDBiogasCHP/MMXU1.PhV.res.subCVal.mag.f: 0.0
IEDBiogasCHP/MMXU1.PhV.res.subCVal.ang [SV]
IEDBiogasCHP/MMXU1.PhV.res.subCVal.ang.i: 0
IEDBiogasCHP/MMXU1.PhV.res.subCVal.ang.f: 0.0
14:23:47.130 [openiec61850-osi-server-7-thread-1] DEBUG com.beanit.openiec61850.ServerAssociation - sub BDA is:IEDBiogasCHP/MMXU1.PhV.res.subCVal.mag.i: 0
14:23:47.130 [openiec61850-osi-server-7-thread-1] DEBUG com.beanit.openiec61850.ServerAssociation - sub BDA is:IEDBiogasCHP/MMXU1.PhV.res.subCVal.mag.f: 0.0
14:23:47.130 [openiec61850-osi-server-7-thread-1] DEBUG com.beanit.openiec61850.ServerAssociation - sub BDA is:IEDBiogasCHP/MMXU1.PhV.res.subCVal.ang.i: 0
14:23:47.130 [openiec61850-osi-server-7-thread-1] DEBUG com.beanit.openiec61850.ServerAssociation - sub BDA is:IEDBiogasCHP/MMXU1.PhV.res.subCVal.ang.f: 0.0
calling GetDataValues(IEDBiogasCHP/MMXU1.PhV.res.subCVal.mag)
14:23:47.131 [openiec61850-osi-server-7-thread-1] DEBUG com.beanit.openiec61850.ServerAssociation - Got a GetDataValues request for node: IEDBiogasCHP/MMXU1.PhV.res.subCVal.mag [SV]
IEDBiogasCHP/MMXU1.PhV.res.subCVal.mag.i: 0
IEDBiogasCHP/MMXU1.PhV.res.subCVal.mag.f: 0.0
14:23:47.131 [openiec61850-osi-server-7-thread-1] DEBUG com.beanit.openiec61850.ServerAssociation - sub BDA is:IEDBiogasCHP/MMXU1.PhV.res.subCVal.mag.i: 0
14:23:47.131 [openiec61850-osi-server-7-thread-1] DEBUG com.beanit.openiec61850.ServerAssociation - sub BDA is:IEDBiogasCHP/MMXU1.PhV.res.subCVal.mag.f: 0.0
calling GetDataValues(IEDBiogasCHP/MMXU1.PhV.res.subCVal.mag.i)
14:23:47.131 [openiec61850-osi-server-7-thread-1] DEBUG com.beanit.openiec61850.ServerAssociation - Got a GetDataValues request for node: IEDBiogasCHP/MMXU1.PhV.res.subCVal.mag.i: 0
calling GetDataValues(IEDBiogasCHP/MMXU1.PhV.res.subCVal.mag.f)
14:23:47.131 [openiec61850-osi-server-7-thread-1] DEBUG com.beanit.openiec61850.ServerAssociation - Got a GetDataValues request for node: IEDBiogasCHP/MMXU1.PhV.res.subCVal.mag.f: 0.0
calling GetDataValues(IEDBiogasCHP/MMXU1.PhV.res.subCVal.ang)
14:23:47.131 [openiec61850-osi-server-7-thread-1] DEBUG com.beanit.openiec61850.ServerAssociation - Got a GetDataValues request for node: IEDBiogasCHP/MMXU1.PhV.res.subCVal.ang [SV]
IEDBiogasCHP/MMXU1.PhV.res.subCVal.ang.i: 0
IEDBiogasCHP/MMXU1.PhV.res.subCVal.ang.f: 0.0
14:23:47.131 [openiec61850-osi-server-7-thread-1] DEBUG com.beanit.openiec61850.ServerAssociation - sub BDA is:IEDBiogasCHP/MMXU1.PhV.res.subCVal.ang.i: 0
14:23:47.131 [openiec61850-osi-server-7-thread-1] DEBUG com.beanit.openiec61850.ServerAssociation - sub BDA is:IEDBiogasCHP/MMXU1.PhV.res.subCVal.ang.f: 0.0
calling GetDataValues(IEDBiogasCHP/MMXU1.PhV.res.subCVal.ang.i)
14:23:47.131 [openiec61850-osi-server-7-thread-1] DEBUG com.beanit.openiec61850.ServerAssociation - Got a GetDataValues request for node: IEDBiogasCHP/MMXU1.PhV.res.subCVal.ang.i: 0
calling GetDataValues(IEDBiogasCHP/MMXU1.PhV.res.subCVal.ang.f)
14:23:47.131 [openiec61850-osi-server-7-thread-1] DEBUG com.beanit.openiec61850.ServerAssociation - Got a GetDataValues request for node: IEDBiogasCHP/MMXU1.PhV.res.subCVal.ang.f: 0.0
calling GetDataValues(IEDBiogasCHP/MMXU1.PhV.res.subQ)
14:23:47.131 [openiec61850-osi-server-7-thread-1] DEBUG com.beanit.openiec61850.ServerAssociation - Got a GetDataValues request for node: IEDBiogasCHP/MMXU1.PhV.res.subQ: 0x00 0x00
calling GetDataValues(IEDBiogasCHP/MMXU1.PhV.res.subID)
14:23:47.132 [openiec61850-osi-server-7-thread-1] DEBUG com.beanit.openiec61850.ServerAssociation - Got a GetDataValues request for node: IEDBiogasCHP/MMXU1.PhV.res.subID: ''
calling GetDataValues(IEDBiogasCHP/MMXU1.PhV)
14:23:47.132 [openiec61850-osi-server-7-thread-1] DEBUG com.beanit.openiec61850.ServerAssociation - Got a GetDataValues request for node: IEDBiogasCHP/MMXU1.PhV [CF]
IEDBiogasCHP/MMXU1.PhV.angRef: 0
IEDBiogasCHP/MMXU1.PhV.phsA [CF]
IEDBiogasCHP/MMXU1.PhV.phsA.units [CF]
IEDBiogasCHP/MMXU1.PhV.phsA.units.SIUnit: 0
IEDBiogasCHP/MMXU1.PhV.phsA.units.multiplier: 0
IEDBiogasCHP/MMXU1.PhV.phsA.db: 0
IEDBiogasCHP/MMXU1.PhV.phsA.zeroDb: 0
IEDBiogasCHP/MMXU1.PhV.phsA.rangeC [CF]
IEDBiogasCHP/MMXU1.PhV.phsA.rangeC.hhLim [CF]
IEDBiogasCHP/MMXU1.PhV.phsA.rangeC.hhLim.i: 0
IEDBiogasCHP/MMXU1.PhV.phsA.rangeC.hhLim.f: 0.0
IEDBiogasCHP/MMXU1.PhV.phsA.rangeC.hLim [CF]
IEDBiogasCHP/MMXU1.PhV.phsA.rangeC.hLim.i: 0
IEDBiogasCHP/MMXU1.PhV.phsA.rangeC.hLim.f: 0.0
IEDBiogasCHP/MMXU1.PhV.phsA.rangeC.lLim [CF]
IEDBiogasCHP/MMXU1.PhV.phsA.rangeC.lLim.i: 0
IEDBiogasCHP/MMXU1.PhV.phsA.rangeC.lLim.f: 0.0
IEDBiogasCHP/MMXU1.PhV.phsA.rangeC.llLim [CF]
IEDBiogasCHP/MMXU1.PhV.phsA.rangeC.llLim.i: 0
IEDBiogasCHP/MMXU1.PhV.phsA.rangeC.llLim.f: 0.0
IEDBiogasCHP/MMXU1.PhV.phsA.rangeC.min [CF]
IEDBiogasCHP/MMXU1.PhV.phsA.rangeC.min.i: 0
IEDBiogasCHP/MMXU1.PhV.phsA.rangeC.min.f: 0.0
IEDBiogasCHP/MMXU1.PhV.phsA.rangeC.max [CF]
IEDBiogasCHP/MMXU1.PhV.phsA.rangeC.max.i: 0
IEDBiogasCHP/MMXU1.PhV.phsA.rangeC.max.f: 0.0
IEDBiogasCHP/MMXU1.PhV.phsA.magSVC [CF]
IEDBiogasCHP/MMXU1.PhV.phsA.magSVC.scaleFactor: 0.0
IEDBiogasCHP/MMXU1.PhV.phsA.magSVC.offset: 0.0
IEDBiogasCHP/MMXU1.PhV.phsA.angSVC [CF]
IEDBiogasCHP/MMXU1.PhV.phsA.angSVC.scaleFactor: 0.0
IEDBiogasCHP/MMXU1.PhV.phsA.angSVC.offset: 0.0
IEDBiogasCHP/MMXU1.PhV.phsA.angRef: 0
IEDBiogasCHP/MMXU1.PhV.phsA.smpRate: 0
IEDBiogasCHP/MMXU1.PhV.phsB [CF]
IEDBiogasCHP/MMXU1.PhV.phsB.units [CF]
IEDBiogasCHP/MMXU1.PhV.phsB.units.SIUnit: 0
IEDBiogasCHP/MMXU1.PhV.phsB.units.multiplier: 0
IEDBiogasCHP/MMXU1.PhV.phsB.db: 0
IEDBiogasCHP/MMXU1.PhV.phsB.zeroDb: 0
IEDBiogasCHP/MMXU1.PhV.phsB.rangeC [CF]
IEDBiogasCHP/MMXU1.PhV.phsB.rangeC.hhLim [CF]
IEDBiogasCHP/MMXU1.PhV.phsB.rangeC.hhLim.i: 0
IEDBiogasCHP/MMXU1.PhV.phsB.rangeC.hhLim.f: 0.0
IEDBiogasCHP/MMXU1.PhV.phsB.rangeC.hLim [CF]
IEDBiogasCHP/MMXU1.PhV.phsB.rangeC.hLim.i: 0
IEDBiogasCHP/MMXU1.PhV.phsB.rangeC.hLim.f: 0.0
IEDBiogasCHP/MMXU1.PhV.phsB.rangeC.lLim [CF]
IEDBiogasCHP/MMXU1.PhV.phsB.rangeC.lLim.i: 0
IEDBiogasCHP/MMXU1.PhV.phsB.rangeC.lLim.f: 0.0
IEDBiogasCHP/MMXU1.PhV.phsB.rangeC.llLim [CF]
IEDBiogasCHP/MMXU1.PhV.phsB.rangeC.llLim.i: 0
IEDBiogasCHP/MMXU1.PhV.phsB.rangeC.llLim.f: 0.0
IEDBiogasCHP/MMXU1.PhV.phsB.rangeC.min [CF]
IEDBiogasCHP/MMXU1.PhV.phsB.rangeC.min.i: 0
IEDBiogasCHP/MMXU1.PhV.phsB.rangeC.min.f: 0.0
IEDBiogasCHP/MMXU1.PhV.phsB.rangeC.max [CF]
IEDBiogasCHP/MMXU1.PhV.phsB.rangeC.max.i: 0
IEDBiogasCHP/MMXU1.PhV.phsB.rangeC.max.f: 0.0
IEDBiogasCHP/MMXU1.PhV.phsB.magSVC [CF]
IEDBiogasCHP/MMXU1.PhV.phsB.magSVC.scaleFactor: 0.0
IEDBiogasCHP/MMXU1.PhV.phsB.magSVC.offset: 0.0
IEDBiogasCHP/MMXU1.PhV.phsB.angSVC [CF]
IEDBiogasCHP/MMXU1.PhV.phsB.angSVC.scaleFactor: 0.0
IEDBiogasCHP/MMXU1.PhV.phsB.angSVC.offset: 0.0
IEDBiogasCHP/MMXU1.PhV.phsB.angRef: 0
IEDBiogasCHP/MMXU1.PhV.phsB.smpRate: 0
IEDBiogasCHP/MMXU1.PhV.phsC [CF]
IEDBiogasCHP/MMXU1.PhV.phsC.units [CF]
IEDBiogasCHP/MMXU1.PhV.phsC.units.SIUnit: 0
IEDBiogasCHP/MMXU1.PhV.phsC.units.multiplier: 0
IEDBiogasCHP/MMXU1.PhV.phsC.db: 0
IEDBiogasCHP/MMXU1.PhV.phsC.zeroDb: 0
IEDBiogasCHP/MMXU1.PhV.phsC.rangeC [CF]
IEDBiogasCHP/MMXU1.PhV.phsC.rangeC.hhLim [CF]
IEDBiogasCHP/MMXU1.PhV.phsC.rangeC.hhLim.i: 0
IEDBiogasCHP/MMXU1.PhV.phsC.rangeC.hhLim.f: 0.0
IEDBiogasCHP/MMXU1.PhV.phsC.rangeC.hLim [CF]
IEDBiogasCHP/MMXU1.PhV.phsC.rangeC.hLim.i: 0
IEDBiogasCHP/MMXU1.PhV.phsC.rangeC.hLim.f: 0.0
IEDBiogasCHP/MMXU1.PhV.phsC.rangeC.lLim [CF]
IEDBiogasCHP/MMXU1.PhV.phsC.rangeC.lLim.i: 0
IEDBiogasCHP/MMXU1.PhV.phsC.rangeC.lLim.f: 0.0
IEDBiogasCHP/MMXU1.PhV.phsC.rangeC.llLim [CF]
IEDBiogasCHP/MMXU1.PhV.phsC.rangeC.llLim.i: 0
IEDBiogasCHP/MMXU1.PhV.phsC.rangeC.llLim.f: 0.0
IEDBiogasCHP/MMXU1.PhV.phsC.rangeC.min [CF]
IEDBiogasCHP/MMXU1.PhV.phsC.rangeC.min.i: 0
IEDBiogasCHP/MMXU1.PhV.phsC.rangeC.min.f: 0.0
IEDBiogasCHP/MMXU1.PhV.phsC.rangeC.max [CF]
IEDBiogasCHP/MMXU1.PhV.phsC.rangeC.max.i: 0
IEDBiogasCHP/MMXU1.PhV.phsC.rangeC.max.f: 0.0
IEDBiogasCHP/MMXU1.PhV.phsC.magSVC [CF]
IEDBiogasCHP/MMXU1.PhV.phsC.magSVC.scaleFactor: 0.0
IEDBiogasCHP/MMXU1.PhV.phsC.magSVC.offset: 0.0
IEDBiogasCHP/MMXU1.PhV.phsC.angSVC [CF]
IEDBiogasCHP/MMXU1.PhV.phsC.angSVC.scaleFactor: 0.0
IEDBiogasCHP/MMXU1.PhV.phsC.angSVC.offset: 0.0
IEDBiogasCHP/MMXU1.PhV.phsC.angRef: 0
IEDBiogasCHP/MMXU1.PhV.phsC.smpRate: 0
IEDBiogasCHP/MMXU1.PhV.neut [CF]
IEDBiogasCHP/MMXU1.PhV.neut.units [CF]
IEDBiogasCHP/MMXU1.PhV.neut.units.SIUnit: 0
IEDBiogasCHP/MMXU1.PhV.neut.units.multiplier: 0
IEDBiogasCHP/MMXU1.PhV.neut.db: 0
IEDBiogasCHP/MMXU1.PhV.neut.zeroDb: 0
IEDBiogasCHP/MMXU1.PhV.neut.rangeC [CF]
IEDBiogasCHP/MMXU1.PhV.neut.rangeC.hhLim [CF]
IEDBiogasCHP/MMXU1.PhV.neut.rangeC.hhLim.i: 0
IEDBiogasCHP/MMXU1.PhV.neut.rangeC.hhLim.f: 0.0
IEDBiogasCHP/MMXU1.PhV.neut.rangeC.hLim [CF]
IEDBiogasCHP/MMXU1.PhV.neut.rangeC.hLim.i: 0
IEDBiogasCHP/MMXU1.PhV.neut.rangeC.hLim.f: 0.0
IEDBiogasCHP/MMXU1.PhV.neut.rangeC.lLim [CF]
IEDBiogasCHP/MMXU1.PhV.neut.rangeC.lLim.i: 0
IEDBiogasCHP/MMXU1.PhV.neut.rangeC.lLim.f: 0.0
IEDBiogasCHP/MMXU1.PhV.neut.rangeC.llLim [CF]
IEDBiogasCHP/MMXU1.PhV.neut.rangeC.llLim.i: 0
IEDBiogasCHP/MMXU1.PhV.neut.rangeC.llLim.f: 0.0
IEDBiogasCHP/MMXU1.PhV.neut.rangeC.min [CF]
IEDBiogasCHP/MMXU1.PhV.neut.rangeC.min.i: 0
IEDBiogasCHP/MMXU1.PhV.neut.rangeC.min.f: 0.0
IEDBiogasCHP/MMXU1.PhV.neut.rangeC.max [CF]
IEDBiogasCHP/MMXU1.PhV.neut.rangeC.max.i: 0
IEDBiogasCHP/MMXU1.PhV.neut.rangeC.max.f: 0.0
IEDBiogasCHP/MMXU1.PhV.neut.magSVC [CF]
IEDBiogasCHP/MMXU1.PhV.neut.magSVC.scaleFactor: 0.0
IEDBiogasCHP/MMXU1.PhV.neut.magSVC.offset: 0.0
IEDBiogasCHP/MMXU1.PhV.neut.angSVC [CF]
IEDBiogasCHP/MMXU1.PhV.neut.angSVC.scaleFactor: 0.0
IEDBiogasCHP/MMXU1.PhV.neut.angSVC.offset: 0.0
IEDBiogasCHP/MMXU1.PhV.neut.angRef: 0
IEDBiogasCHP/MMXU1.PhV.neut.smpRate: 0
IEDBiogasCHP/MMXU1.PhV.net [CF]
IEDBiogasCHP/MMXU1.PhV.net.units [CF]
IEDBiogasCHP/MMXU1.PhV.net.units.SIUnit: 0
IEDBiogasCHP/MMXU1.PhV.net.units.multiplier: 0
IEDBiogasCHP/MMXU1.PhV.net.db: 0
IEDBiogasCHP/MMXU1.PhV.net.zeroDb: 0
IEDBiogasCHP/MMXU1.PhV.net.rangeC [CF]
IEDBiogasCHP/MMXU1.PhV.net.rangeC.hhLim [CF]
IEDBiogasCHP/MMXU1.PhV.net.rangeC.hhLim.i: 0
IEDBiogasCHP/MMXU1.PhV.net.rangeC.hhLim.f: 0.0
IEDBiogasCHP/MMXU1.PhV.net.rangeC.hLim [CF]
IEDBiogasCHP/MMXU1.PhV.net.rangeC.hLim.i: 0
IEDBiogasCHP/MMXU1.PhV.net.rangeC.hLim.f: 0.0
IEDBiogasCHP/MMXU1.PhV.net.rangeC.lLim [CF]
IEDBiogasCHP/MMXU1.PhV.net.rangeC.lLim.i: 0
IEDBiogasCHP/MMXU1.PhV.net.rangeC.lLim.f: 0.0
IEDBiogasCHP/MMXU1.PhV.net.rangeC.llLim [CF]
IEDBiogasCHP/MMXU1.PhV.net.rangeC.llLim.i: 0
IEDBiogasCHP/MMXU1.PhV.net.rangeC.llLim.f: 0.0
IEDBiogasCHP/MMXU1.PhV.net.rangeC.min [CF]
IEDBiogasCHP/MMXU1.PhV.net.rangeC.min.i: 0
IEDBiogasCHP/MMXU1.PhV.net.rangeC.min.f: 0.0
IEDBiogasCHP/MMXU1.PhV.net.rangeC.max [CF]
IEDBiogasCHP/MMXU1.PhV.net.rangeC.max.i: 0
IEDBiogasCHP/MMXU1.PhV.net.rangeC.max.f: 0.0
IEDBiogasCHP/MMXU1.PhV.net.magSVC [CF]
IEDBiogasCHP/MMXU1.PhV.net.magSVC.scaleFactor: 0.0
IEDBiogasCHP/MMXU1.PhV.net.magSVC.offset: 0.0
IEDBiogasCHP/MMXU1.PhV.net.angSVC [CF]
IEDBiogasCHP/MMXU1.PhV.net.angSVC.scaleFactor: 0.0
IEDBiogasCHP/MMXU1.PhV.net.angSVC.offset: 0.0
IEDBiogasCHP/MMXU1.PhV.net.angRef: 0
IEDBiogasCHP/MMXU1.PhV.net.smpRate: 0
IEDBiogasCHP/MMXU1.PhV.res [CF]
IEDBiogasCHP/MMXU1.PhV.res.units [CF]
IEDBiogasCHP/MMXU1.PhV.res.units.SIUnit: 0
IEDBiogasCHP/MMXU1.PhV.res.units.multiplier: 0
IEDBiogasCHP/MMXU1.PhV.res.db: 0
IEDBiogasCHP/MMXU1.PhV.res.zeroDb: 0
IEDBiogasCHP/MMXU1.PhV.res.rangeC [CF]
IEDBiogasCHP/MMXU1.PhV.res.rangeC.hhLim [CF]
IEDBiogasCHP/MMXU1.PhV.res.rangeC.hhLim.i: 0
IEDBiogasCHP/MMXU1.PhV.res.rangeC.hhLim.f: 0.0
IEDBiogasCHP/MMXU1.PhV.res.rangeC.hLim [CF]
IEDBiogasCHP/MMXU1.PhV.res.rangeC.hLim.i: 0
IEDBiogasCHP/MMXU1.PhV.res.rangeC.hLim.f: 0.0
IEDBiogasCHP/MMXU1.PhV.res.rangeC.lLim [CF]
IEDBiogasCHP/MMXU1.PhV.res.rangeC.lLim.i: 0
IEDBiogasCHP/MMXU1.PhV.res.rangeC.lLim.f: 0.0
IEDBiogasCHP/MMXU1.PhV.res.rangeC.llLim [CF]
IEDBiogasCHP/MMXU1.PhV.res.rangeC.llLim.i: 0
IEDBiogasCHP/MMXU1.PhV.res.rangeC.llLim.f: 0.0
IEDBiogasCHP/MMXU1.PhV.res.rangeC.min [CF]
IEDBiogasCHP/MMXU1.PhV.res.rangeC.min.i: 0
IEDBiogasCHP/MMXU1.PhV.res.rangeC.min.f: 0.0
IEDBiogasCHP/MMXU1.PhV.res.rangeC.max [CF]
IEDBiogasCHP/MMXU1.PhV.res.rangeC.max.i: 0
IEDBiogasCHP/MMXU1.PhV.res.rangeC.max.f: 0.0
IEDBiogasCHP/MMXU1.PhV.res.magSVC [CF]
IEDBiogasCHP/MMXU1.PhV.res.magSVC.scaleFactor: 0.0
IEDBiogasCHP/MMXU1.PhV.res.magSVC.offset: 0.0
IEDBiogasCHP/MMXU1.PhV.res.angSVC [CF]
IEDBiogasCHP/MMXU1.PhV.res.angSVC.scaleFactor: 0.0
IEDBiogasCHP/MMXU1.PhV.res.angSVC.offset: 0.0
IEDBiogasCHP/MMXU1.PhV.res.angRef: 0
IEDBiogasCHP/MMXU1.PhV.res.smpRate: 0
14:23:47.132 [openiec61850-osi-server-7-thread-1] DEBUG com.beanit.openiec61850.ServerAssociation - sub BDA is:IEDBiogasCHP/MMXU1.PhV.angRef: 0
14:23:47.132 [openiec61850-osi-server-7-thread-1] DEBUG com.beanit.openiec61850.ServerAssociation - sub BDA is:IEDBiogasCHP/MMXU1.PhV.phsA.units.SIUnit: 0
14:23:47.132 [openiec61850-osi-server-7-thread-1] DEBUG com.beanit.openiec61850.ServerAssociation - sub BDA is:IEDBiogasCHP/MMXU1.PhV.phsA.units.multiplier: 0
14:23:47.132 [openiec61850-osi-server-7-thread-1] DEBUG com.beanit.openiec61850.ServerAssociation - sub BDA is:IEDBiogasCHP/MMXU1.PhV.phsA.db: 0
14:23:47.132 [openiec61850-osi-server-7-thread-1] DEBUG com.beanit.openiec61850.ServerAssociation - sub BDA is:IEDBiogasCHP/MMXU1.PhV.phsA.zeroDb: 0
14:23:47.132 [openiec61850-osi-server-7-thread-1] DEBUG com.beanit.openiec61850.ServerAssociation - sub BDA is:IEDBiogasCHP/MMXU1.PhV.phsA.rangeC.hhLim.i: 0
14:23:47.132 [openiec61850-osi-server-7-thread-1] DEBUG com.beanit.openiec61850.ServerAssociation - sub BDA is:IEDBiogasCHP/MMXU1.PhV.phsA.rangeC.hhLim.f: 0.0
14:23:47.132 [openiec61850-osi-server-7-thread-1] DEBUG com.beanit.openiec61850.ServerAssociation - sub BDA is:IEDBiogasCHP/MMXU1.PhV.phsA.rangeC.hLim.i: 0
14:23:47.132 [openiec61850-osi-server-7-thread-1] DEBUG com.beanit.openiec61850.ServerAssociation - sub BDA is:IEDBiogasCHP/MMXU1.PhV.phsA.rangeC.hLim.f: 0.0
14:23:47.132 [openiec61850-osi-server-7-thread-1] DEBUG com.beanit.openiec61850.ServerAssociation - sub BDA is:IEDBiogasCHP/MMXU1.PhV.phsA.rangeC.lLim.i: 0
14:23:47.132 [openiec61850-osi-server-7-thread-1] DEBUG com.beanit.openiec61850.ServerAssociation - sub BDA is:IEDBiogasCHP/MMXU1.PhV.phsA.rangeC.lLim.f: 0.0
14:23:47.132 [openiec61850-osi-server-7-thread-1] DEBUG com.beanit.openiec61850.ServerAssociation - sub BDA is:IEDBiogasCHP/MMXU1.PhV.phsA.rangeC.llLim.i: 0
14:23:47.132 [openiec61850-osi-server-7-thread-1] DEBUG com.beanit.openiec61850.ServerAssociation - sub BDA is:IEDBiogasCHP/MMXU1.PhV.phsA.rangeC.llLim.f: 0.0
14:23:47.132 [openiec61850-osi-server-7-thread-1] DEBUG com.beanit.openiec61850.ServerAssociation - sub BDA is:IEDBiogasCHP/MMXU1.PhV.phsA.rangeC.min.i: 0
14:23:47.132 [openiec61850-osi-server-7-thread-1] DEBUG com.beanit.openiec61850.ServerAssociation - sub BDA is:IEDBiogasCHP/MMXU1.PhV.phsA.rangeC.min.f: 0.0
14:23:47.132 [openiec61850-osi-server-7-thread-1] DEBUG com.beanit.openiec61850.ServerAssociation - sub BDA is:IEDBiogasCHP/MMXU1.PhV.phsA.rangeC.max.i: 0
14:23:47.132 [openiec61850-osi-server-7-thread-1] DEBUG com.beanit.openiec61850.ServerAssociation - sub BDA is:IEDBiogasCHP/MMXU1.PhV.phsA.rangeC.max.f: 0.0
14:23:47.132 [openiec61850-osi-server-7-thread-1] DEBUG com.beanit.openiec61850.ServerAssociation - sub BDA is:IEDBiogasCHP/MMXU1.PhV.phsA.magSVC.scaleFactor: 0.0
14:23:47.132 [openiec61850-osi-server-7-thread-1] DEBUG com.beanit.openiec61850.ServerAssociation - sub BDA is:IEDBiogasCHP/MMXU1.PhV.phsA.magSVC.offset: 0.0
14:23:47.132 [openiec61850-osi-server-7-thread-1] DEBUG com.beanit.openiec61850.ServerAssociation - sub BDA is:IEDBiogasCHP/MMXU1.PhV.phsA.angSVC.scaleFactor: 0.0
14:23:47.132 [openiec61850-osi-server-7-thread-1] DEBUG com.beanit.openiec61850.ServerAssociation - sub BDA is:IEDBiogasCHP/MMXU1.PhV.phsA.angSVC.offset: 0.0
14:23:47.132 [openiec61850-osi-server-7-thread-1] DEBUG com.beanit.openiec61850.ServerAssociation - sub BDA is:IEDBiogasCHP/MMXU1.PhV.phsA.angRef: 0
14:23:47.132 [openiec61850-osi-server-7-thread-1] DEBUG com.beanit.openiec61850.ServerAssociation - sub BDA is:IEDBiogasCHP/MMXU1.PhV.phsA.smpRate: 0
14:23:47.132 [openiec61850-osi-server-7-thread-1] DEBUG com.beanit.openiec61850.ServerAssociation - sub BDA is:IEDBiogasCHP/MMXU1.PhV.phsB.units.SIUnit: 0
14:23:47.132 [openiec61850-osi-server-7-thread-1] DEBUG com.beanit.openiec61850.ServerAssociation - sub BDA is:IEDBiogasCHP/MMXU1.PhV.phsB.units.multiplier: 0
14:23:47.132 [openiec61850-osi-server-7-thread-1] DEBUG com.beanit.openiec61850.ServerAssociation - sub BDA is:IEDBiogasCHP/MMXU1.PhV.phsB.db: 0
14:23:47.132 [openiec61850-osi-server-7-thread-1] DEBUG com.beanit.openiec61850.ServerAssociation - sub BDA is:IEDBiogasCHP/MMXU1.PhV.phsB.zeroDb: 0
14:23:47.132 [openiec61850-osi-server-7-thread-1] DEBUG com.beanit.openiec61850.ServerAssociation - sub BDA is:IEDBiogasCHP/MMXU1.PhV.phsB.rangeC.hhLim.i: 0
14:23:47.132 [openiec61850-osi-server-7-thread-1] DEBUG com.beanit.openiec61850.ServerAssociation - sub BDA is:IEDBiogasCHP/MMXU1.PhV.phsB.rangeC.hhLim.f: 0.0
14:23:47.132 [openiec61850-osi-server-7-thread-1] DEBUG com.beanit.openiec61850.ServerAssociation - sub BDA is:IEDBiogasCHP/MMXU1.PhV.phsB.rangeC.hLim.i: 0
14:23:47.132 [openiec61850-osi-server-7-thread-1] DEBUG com.beanit.openiec61850.ServerAssociation - sub BDA is:IEDBiogasCHP/MMXU1.PhV.phsB.rangeC.hLim.f: 0.0
14:23:47.132 [openiec61850-osi-server-7-thread-1] DEBUG com.beanit.openiec61850.ServerAssociation - sub BDA is:IEDBiogasCHP/MMXU1.PhV.phsB.rangeC.lLim.i: 0
14:23:47.132 [openiec61850-osi-server-7-thread-1] DEBUG com.beanit.openiec61850.ServerAssociation - sub BDA is:IEDBiogasCHP/MMXU1.PhV.phsB.rangeC.lLim.f: 0.0
14:23:47.132 [openiec61850-osi-server-7-thread-1] DEBUG com.beanit.openiec61850.ServerAssociation - sub BDA is:IEDBiogasCHP/MMXU1.PhV.phsB.rangeC.llLim.i: 0
14:23:47.132 [openiec61850-osi-server-7-thread-1] DEBUG com.beanit.openiec61850.ServerAssociation - sub BDA is:IEDBiogasCHP/MMXU1.PhV.phsB.rangeC.llLim.f: 0.0
14:23:47.132 [openiec61850-osi-server-7-thread-1] DEBUG com.beanit.openiec61850.ServerAssociation - sub BDA is:IEDBiogasCHP/MMXU1.PhV.phsB.rangeC.min.i: 0
14:23:47.132 [openiec61850-osi-server-7-thread-1] DEBUG com.beanit.openiec61850.ServerAssociation - sub BDA is:IEDBiogasCHP/MMXU1.PhV.phsB.rangeC.min.f: 0.0
14:23:47.132 [openiec61850-osi-server-7-thread-1] DEBUG com.beanit.openiec61850.ServerAssociation - sub BDA is:IEDBiogasCHP/MMXU1.PhV.phsB.rangeC.max.i: 0
14:23:47.132 [openiec61850-osi-server-7-thread-1] DEBUG com.beanit.openiec61850.ServerAssociation - sub BDA is:IEDBiogasCHP/MMXU1.PhV.phsB.rangeC.max.f: 0.0
14:23:47.132 [openiec61850-osi-server-7-thread-1] DEBUG com.beanit.openiec61850.ServerAssociation - sub BDA is:IEDBiogasCHP/MMXU1.PhV.phsB.magSVC.scaleFactor: 0.0
14:23:47.132 [openiec61850-osi-server-7-thread-1] DEBUG com.beanit.openiec61850.ServerAssociation - sub BDA is:IEDBiogasCHP/MMXU1.PhV.phsB.magSVC.offset: 0.0
14:23:47.132 [openiec61850-osi-server-7-thread-1] DEBUG com.beanit.openiec61850.ServerAssociation - sub BDA is:IEDBiogasCHP/MMXU1.PhV.phsB.angSVC.scaleFactor: 0.0
14:23:47.132 [openiec61850-osi-server-7-thread-1] DEBUG com.beanit.openiec61850.ServerAssociation - sub BDA is:IEDBiogasCHP/MMXU1.PhV.phsB.angSVC.offset: 0.0
14:23:47.132 [openiec61850-osi-server-7-thread-1] DEBUG com.beanit.openiec61850.ServerAssociation - sub BDA is:IEDBiogasCHP/MMXU1.PhV.phsB.angRef: 0
14:23:47.132 [openiec61850-osi-server-7-thread-1] DEBUG com.beanit.openiec61850.ServerAssociation - sub BDA is:IEDBiogasCHP/MMXU1.PhV.phsB.smpRate: 0
14:23:47.132 [openiec61850-osi-server-7-thread-1] DEBUG com.beanit.openiec61850.ServerAssociation - sub BDA is:IEDBiogasCHP/MMXU1.PhV.phsC.units.SIUnit: 0
14:23:47.132 [openiec61850-osi-server-7-thread-1] DEBUG com.beanit.openiec61850.ServerAssociation - sub BDA is:IEDBiogasCHP/MMXU1.PhV.phsC.units.multiplier: 0
14:23:47.132 [openiec61850-osi-server-7-thread-1] DEBUG com.beanit.openiec61850.ServerAssociation - sub BDA is:IEDBiogasCHP/MMXU1.PhV.phsC.db: 0
14:23:47.132 [openiec61850-osi-server-7-thread-1] DEBUG com.beanit.openiec61850.ServerAssociation - sub BDA is:IEDBiogasCHP/MMXU1.PhV.phsC.zeroDb: 0
14:23:47.132 [openiec61850-osi-server-7-thread-1] DEBUG com.beanit.openiec61850.ServerAssociation - sub BDA is:IEDBiogasCHP/MMXU1.PhV.phsC.rangeC.hhLim.i: 0
14:23:47.132 [openiec61850-osi-server-7-thread-1] DEBUG com.beanit.openiec61850.ServerAssociation - sub BDA is:IEDBiogasCHP/MMXU1.PhV.phsC.rangeC.hhLim.f: 0.0
14:23:47.132 [openiec61850-osi-server-7-thread-1] DEBUG com.beanit.openiec61850.ServerAssociation - sub BDA is:IEDBiogasCHP/MMXU1.PhV.phsC.rangeC.hLim.i: 0
14:23:47.132 [openiec61850-osi-server-7-thread-1] DEBUG com.beanit.openiec61850.ServerAssociation - sub BDA is:IEDBiogasCHP/MMXU1.PhV.phsC.rangeC.hLim.f: 0.0
14:23:47.132 [openiec61850-osi-server-7-thread-1] DEBUG com.beanit.openiec61850.ServerAssociation - sub BDA is:IEDBiogasCHP/MMXU1.PhV.phsC.rangeC.lLim.i: 0
14:23:47.132 [openiec61850-osi-server-7-thread-1] DEBUG com.beanit.openiec61850.ServerAssociation - sub BDA is:IEDBiogasCHP/MMXU1.PhV.phsC.rangeC.lLim.f: 0.0
14:23:47.132 [openiec61850-osi-server-7-thread-1] DEBUG com.beanit.openiec61850.ServerAssociation - sub BDA is:IEDBiogasCHP/MMXU1.PhV.phsC.rangeC.llLim.i: 0
14:23:47.132 [openiec61850-osi-server-7-thread-1] DEBUG com.beanit.openiec61850.ServerAssociation - sub BDA is:IEDBiogasCHP/MMXU1.PhV.phsC.rangeC.llLim.f: 0.0
14:23:47.132 [openiec61850-osi-server-7-thread-1] DEBUG com.beanit.openiec61850.ServerAssociation - sub BDA is:IEDBiogasCHP/MMXU1.PhV.phsC.rangeC.min.i: 0
14:23:47.132 [openiec61850-osi-server-7-thread-1] DEBUG com.beanit.openiec61850.ServerAssociation - sub BDA is:IEDBiogasCHP/MMXU1.PhV.phsC.rangeC.min.f: 0.0
14:23:47.132 [openiec61850-osi-server-7-thread-1] DEBUG com.beanit.openiec61850.ServerAssociation - sub BDA is:IEDBiogasCHP/MMXU1.PhV.phsC.rangeC.max.i: 0
14:23:47.132 [openiec61850-osi-server-7-thread-1] DEBUG com.beanit.openiec61850.ServerAssociation - sub BDA is:IEDBiogasCHP/MMXU1.PhV.phsC.rangeC.max.f: 0.0
14:23:47.132 [openiec61850-osi-server-7-thread-1] DEBUG com.beanit.openiec61850.ServerAssociation - sub BDA is:IEDBiogasCHP/MMXU1.PhV.phsC.magSVC.scaleFactor: 0.0
14:23:47.132 [openiec61850-osi-server-7-thread-1] DEBUG com.beanit.openiec61850.ServerAssociation - sub BDA is:IEDBiogasCHP/MMXU1.PhV.phsC.magSVC.offset: 0.0
14:23:47.132 [openiec61850-osi-server-7-thread-1] DEBUG com.beanit.openiec61850.ServerAssociation - sub BDA is:IEDBiogasCHP/MMXU1.PhV.phsC.angSVC.scaleFactor: 0.0
14:23:47.132 [openiec61850-osi-server-7-thread-1] DEBUG com.beanit.openiec61850.ServerAssociation - sub BDA is:IEDBiogasCHP/MMXU1.PhV.phsC.angSVC.offset: 0.0
14:23:47.133 [openiec61850-osi-server-7-thread-1] DEBUG com.beanit.openiec61850.ServerAssociation - sub BDA is:IEDBiogasCHP/MMXU1.PhV.phsC.angRef: 0
14:23:47.133 [openiec61850-osi-server-7-thread-1] DEBUG com.beanit.openiec61850.ServerAssociation - sub BDA is:IEDBiogasCHP/MMXU1.PhV.phsC.smpRate: 0
14:23:47.133 [openiec61850-osi-server-7-thread-1] DEBUG com.beanit.openiec61850.ServerAssociation - sub BDA is:IEDBiogasCHP/MMXU1.PhV.neut.units.SIUnit: 0
14:23:47.133 [openiec61850-osi-server-7-thread-1] DEBUG com.beanit.openiec61850.ServerAssociation - sub BDA is:IEDBiogasCHP/MMXU1.PhV.neut.units.multiplier: 0
14:23:47.133 [openiec61850-osi-server-7-thread-1] DEBUG com.beanit.openiec61850.ServerAssociation - sub BDA is:IEDBiogasCHP/MMXU1.PhV.neut.db: 0
14:23:47.133 [openiec61850-osi-server-7-thread-1] DEBUG com.beanit.openiec61850.ServerAssociation - sub BDA is:IEDBiogasCHP/MMXU1.PhV.neut.zeroDb: 0
14:23:47.133 [openiec61850-osi-server-7-thread-1] DEBUG com.beanit.openiec61850.ServerAssociation - sub BDA is:IEDBiogasCHP/MMXU1.PhV.neut.rangeC.hhLim.i: 0
14:23:47.133 [openiec61850-osi-server-7-thread-1] DEBUG com.beanit.openiec61850.ServerAssociation - sub BDA is:IEDBiogasCHP/MMXU1.PhV.neut.rangeC.hhLim.f: 0.0
14:23:47.133 [openiec61850-osi-server-7-thread-1] DEBUG com.beanit.openiec61850.ServerAssociation - sub BDA is:IEDBiogasCHP/MMXU1.PhV.neut.rangeC.hLim.i: 0
14:23:47.133 [openiec61850-osi-server-7-thread-1] DEBUG com.beanit.openiec61850.ServerAssociation - sub BDA is:IEDBiogasCHP/MMXU1.PhV.neut.rangeC.hLim.f: 0.0
14:23:47.133 [openiec61850-osi-server-7-thread-1] DEBUG com.beanit.openiec61850.ServerAssociation - sub BDA is:IEDBiogasCHP/MMXU1.PhV.neut.rangeC.lLim.i: 0
14:23:47.133 [openiec61850-osi-server-7-thread-1] DEBUG com.beanit.openiec61850.ServerAssociation - sub BDA is:IEDBiogasCHP/MMXU1.PhV.neut.rangeC.lLim.f: 0.0
14:23:47.133 [openiec61850-osi-server-7-thread-1] DEBUG com.beanit.openiec61850.ServerAssociation - sub BDA is:IEDBiogasCHP/MMXU1.PhV.neut.rangeC.llLim.i: 0
14:23:47.133 [openiec61850-osi-server-7-thread-1] DEBUG com.beanit.openiec61850.ServerAssociation - sub BDA is:IEDBiogasCHP/MMXU1.PhV.neut.rangeC.llLim.f: 0.0
14:23:47.133 [openiec61850-osi-server-7-thread-1] DEBUG com.beanit.openiec61850.ServerAssociation - sub BDA is:IEDBiogasCHP/MMXU1.PhV.neut.rangeC.min.i: 0
14:23:47.133 [openiec61850-osi-server-7-thread-1] DEBUG com.beanit.openiec61850.ServerAssociation - sub BDA is:IEDBiogasCHP/MMXU1.PhV.neut.rangeC.min.f: 0.0
14:23:47.133 [openiec61850-osi-server-7-thread-1] DEBUG com.beanit.openiec61850.ServerAssociation - sub BDA is:IEDBiogasCHP/MMXU1.PhV.neut.rangeC.max.i: 0
14:23:47.133 [openiec61850-osi-server-7-thread-1] DEBUG com.beanit.openiec61850.ServerAssociation - sub BDA is:IEDBiogasCHP/MMXU1.PhV.neut.rangeC.max.f: 0.0
14:23:47.133 [openiec61850-osi-server-7-thread-1] DEBUG com.beanit.openiec61850.ServerAssociation - sub BDA is:IEDBiogasCHP/MMXU1.PhV.neut.magSVC.scaleFactor: 0.0
14:23:47.133 [openiec61850-osi-server-7-thread-1] DEBUG com.beanit.openiec61850.ServerAssociation - sub BDA is:IEDBiogasCHP/MMXU1.PhV.neut.magSVC.offset: 0.0
14:23:47.133 [openiec61850-osi-server-7-thread-1] DEBUG com.beanit.openiec61850.ServerAssociation - sub BDA is:IEDBiogasCHP/MMXU1.PhV.neut.angSVC.scaleFactor: 0.0
14:23:47.133 [openiec61850-osi-server-7-thread-1] DEBUG com.beanit.openiec61850.ServerAssociation - sub BDA is:IEDBiogasCHP/MMXU1.PhV.neut.angSVC.offset: 0.0
14:23:47.133 [openiec61850-osi-server-7-thread-1] DEBUG com.beanit.openiec61850.ServerAssociation - sub BDA is:IEDBiogasCHP/MMXU1.PhV.neut.angRef: 0
14:23:47.133 [openiec61850-osi-server-7-thread-1] DEBUG com.beanit.openiec61850.ServerAssociation - sub BDA is:IEDBiogasCHP/MMXU1.PhV.neut.smpRate: 0
14:23:47.133 [openiec61850-osi-server-7-thread-1] DEBUG com.beanit.openiec61850.ServerAssociation - sub BDA is:IEDBiogasCHP/MMXU1.PhV.net.units.SIUnit: 0
14:23:47.133 [openiec61850-osi-server-7-thread-1] DEBUG com.beanit.openiec61850.ServerAssociation - sub BDA is:IEDBiogasCHP/MMXU1.PhV.net.units.multiplier: 0
14:23:47.133 [openiec61850-osi-server-7-thread-1] DEBUG com.beanit.openiec61850.ServerAssociation - sub BDA is:IEDBiogasCHP/MMXU1.PhV.net.db: 0
14:23:47.133 [openiec61850-osi-server-7-thread-1] DEBUG com.beanit.openiec61850.ServerAssociation - sub BDA is:IEDBiogasCHP/MMXU1.PhV.net.zeroDb: 0
14:23:47.133 [openiec61850-osi-server-7-thread-1] DEBUG com.beanit.openiec61850.ServerAssociation - sub BDA is:IEDBiogasCHP/MMXU1.PhV.net.rangeC.hhLim.i: 0
14:23:47.133 [openiec61850-osi-server-7-thread-1] DEBUG com.beanit.openiec61850.ServerAssociation - sub BDA is:IEDBiogasCHP/MMXU1.PhV.net.rangeC.hhLim.f: 0.0
14:23:47.133 [openiec61850-osi-server-7-thread-1] DEBUG com.beanit.openiec61850.ServerAssociation - sub BDA is:IEDBiogasCHP/MMXU1.PhV.net.rangeC.hLim.i: 0
14:23:47.133 [openiec61850-osi-server-7-thread-1] DEBUG com.beanit.openiec61850.ServerAssociation - sub BDA is:IEDBiogasCHP/MMXU1.PhV.net.rangeC.hLim.f: 0.0
14:23:47.133 [openiec61850-osi-server-7-thread-1] DEBUG com.beanit.openiec61850.ServerAssociation - sub BDA is:IEDBiogasCHP/MMXU1.PhV.net.rangeC.lLim.i: 0
14:23:47.133 [openiec61850-osi-server-7-thread-1] DEBUG com.beanit.openiec61850.ServerAssociation - sub BDA is:IEDBiogasCHP/MMXU1.PhV.net.rangeC.lLim.f: 0.0
14:23:47.133 [openiec61850-osi-server-7-thread-1] DEBUG com.beanit.openiec61850.ServerAssociation - sub BDA is:IEDBiogasCHP/MMXU1.PhV.net.rangeC.llLim.i: 0
14:23:47.133 [openiec61850-osi-server-7-thread-1] DEBUG com.beanit.openiec61850.ServerAssociation - sub BDA is:IEDBiogasCHP/MMXU1.PhV.net.rangeC.llLim.f: 0.0
14:23:47.133 [openiec61850-osi-server-7-thread-1] DEBUG com.beanit.openiec61850.ServerAssociation - sub BDA is:IEDBiogasCHP/MMXU1.PhV.net.rangeC.min.i: 0
14:23:47.133 [openiec61850-osi-server-7-thread-1] DEBUG com.beanit.openiec61850.ServerAssociation - sub BDA is:IEDBiogasCHP/MMXU1.PhV.net.rangeC.min.f: 0.0
14:23:47.133 [openiec61850-osi-server-7-thread-1] DEBUG com.beanit.openiec61850.ServerAssociation - sub BDA is:IEDBiogasCHP/MMXU1.PhV.net.rangeC.max.i: 0
14:23:47.133 [openiec61850-osi-server-7-thread-1] DEBUG com.beanit.openiec61850.ServerAssociation - sub BDA is:IEDBiogasCHP/MMXU1.PhV.net.rangeC.max.f: 0.0
14:23:47.133 [openiec61850-osi-server-7-thread-1] DEBUG com.beanit.openiec61850.ServerAssociation - sub BDA is:IEDBiogasCHP/MMXU1.PhV.net.magSVC.scaleFactor: 0.0
14:23:47.133 [openiec61850-osi-server-7-thread-1] DEBUG com.beanit.openiec61850.ServerAssociation - sub BDA is:IEDBiogasCHP/MMXU1.PhV.net.magSVC.offset: 0.0
14:23:47.133 [openiec61850-osi-server-7-thread-1] DEBUG com.beanit.openiec61850.ServerAssociation - sub BDA is:IEDBiogasCHP/MMXU1.PhV.net.angSVC.scaleFactor: 0.0
14:23:47.133 [openiec61850-osi-server-7-thread-1] DEBUG com.beanit.openiec61850.ServerAssociation - sub BDA is:IEDBiogasCHP/MMXU1.PhV.net.angSVC.offset: 0.0
14:23:47.133 [openiec61850-osi-server-7-thread-1] DEBUG com.beanit.openiec61850.ServerAssociation - sub BDA is:IEDBiogasCHP/MMXU1.PhV.net.angRef: 0
14:23:47.133 [openiec61850-osi-server-7-thread-1] DEBUG com.beanit.openiec61850.ServerAssociation - sub BDA is:IEDBiogasCHP/MMXU1.PhV.net.smpRate: 0
14:23:47.133 [openiec61850-osi-server-7-thread-1] DEBUG com.beanit.openiec61850.ServerAssociation - sub BDA is:IEDBiogasCHP/MMXU1.PhV.res.units.SIUnit: 0
14:23:47.133 [openiec61850-osi-server-7-thread-1] DEBUG com.beanit.openiec61850.ServerAssociation - sub BDA is:IEDBiogasCHP/MMXU1.PhV.res.units.multiplier: 0
14:23:47.133 [openiec61850-osi-server-7-thread-1] DEBUG com.beanit.openiec61850.ServerAssociation - sub BDA is:IEDBiogasCHP/MMXU1.PhV.res.db: 0
14:23:47.133 [openiec61850-osi-server-7-thread-1] DEBUG com.beanit.openiec61850.ServerAssociation - sub BDA is:IEDBiogasCHP/MMXU1.PhV.res.zeroDb: 0
14:23:47.133 [openiec61850-osi-server-7-thread-1] DEBUG com.beanit.openiec61850.ServerAssociation - sub BDA is:IEDBiogasCHP/MMXU1.PhV.res.rangeC.hhLim.i: 0
14:23:47.133 [openiec61850-osi-server-7-thread-1] DEBUG com.beanit.openiec61850.ServerAssociation - sub BDA is:IEDBiogasCHP/MMXU1.PhV.res.rangeC.hhLim.f: 0.0
14:23:47.133 [openiec61850-osi-server-7-thread-1] DEBUG com.beanit.openiec61850.ServerAssociation - sub BDA is:IEDBiogasCHP/MMXU1.PhV.res.rangeC.hLim.i: 0
14:23:47.133 [openiec61850-osi-server-7-thread-1] DEBUG com.beanit.openiec61850.ServerAssociation - sub BDA is:IEDBiogasCHP/MMXU1.PhV.res.rangeC.hLim.f: 0.0
14:23:47.133 [openiec61850-osi-server-7-thread-1] DEBUG com.beanit.openiec61850.ServerAssociation - sub BDA is:IEDBiogasCHP/MMXU1.PhV.res.rangeC.lLim.i: 0
14:23:47.133 [openiec61850-osi-server-7-thread-1] DEBUG com.beanit.openiec61850.ServerAssociation - sub BDA is:IEDBiogasCHP/MMXU1.PhV.res.rangeC.lLim.f: 0.0
14:23:47.133 [openiec61850-osi-server-7-thread-1] DEBUG com.beanit.openiec61850.ServerAssociation - sub BDA is:IEDBiogasCHP/MMXU1.PhV.res.rangeC.llLim.i: 0
14:23:47.133 [openiec61850-osi-server-7-thread-1] DEBUG com.beanit.openiec61850.ServerAssociation - sub BDA is:IEDBiogasCHP/MMXU1.PhV.res.rangeC.llLim.f: 0.0
14:23:47.133 [openiec61850-osi-server-7-thread-1] DEBUG com.beanit.openiec61850.ServerAssociation - sub BDA is:IEDBiogasCHP/MMXU1.PhV.res.rangeC.min.i: 0
14:23:47.133 [openiec61850-osi-server-7-thread-1] DEBUG com.beanit.openiec61850.ServerAssociation - sub BDA is:IEDBiogasCHP/MMXU1.PhV.res.rangeC.min.f: 0.0
14:23:47.133 [openiec61850-osi-server-7-thread-1] DEBUG com.beanit.openiec61850.ServerAssociation - sub BDA is:IEDBiogasCHP/MMXU1.PhV.res.rangeC.max.i: 0
14:23:47.133 [openiec61850-osi-server-7-thread-1] DEBUG com.beanit.openiec61850.ServerAssociation - sub BDA is:IEDBiogasCHP/MMXU1.PhV.res.rangeC.max.f: 0.0
14:23:47.133 [openiec61850-osi-server-7-thread-1] DEBUG com.beanit.openiec61850.ServerAssociation - sub BDA is:IEDBiogasCHP/MMXU1.PhV.res.magSVC.scaleFactor: 0.0
14:23:47.133 [openiec61850-osi-server-7-thread-1] DEBUG com.beanit.openiec61850.ServerAssociation - sub BDA is:IEDBiogasCHP/MMXU1.PhV.res.magSVC.offset: 0.0
14:23:47.133 [openiec61850-osi-server-7-thread-1] DEBUG com.beanit.openiec61850.ServerAssociation - sub BDA is:IEDBiogasCHP/MMXU1.PhV.res.angSVC.scaleFactor: 0.0
14:23:47.133 [openiec61850-osi-server-7-thread-1] DEBUG com.beanit.openiec61850.ServerAssociation - sub BDA is:IEDBiogasCHP/MMXU1.PhV.res.angSVC.offset: 0.0
14:23:47.133 [openiec61850-osi-server-7-thread-1] DEBUG com.beanit.openiec61850.ServerAssociation - sub BDA is:IEDBiogasCHP/MMXU1.PhV.res.angRef: 0
14:23:47.133 [openiec61850-osi-server-7-thread-1] DEBUG com.beanit.openiec61850.ServerAssociation - sub BDA is:IEDBiogasCHP/MMXU1.PhV.res.smpRate: 0
calling GetDataValues(IEDBiogasCHP/MMXU1.PhV.angRef)
14:23:47.133 [openiec61850-osi-server-7-thread-1] DEBUG com.beanit.openiec61850.ServerAssociation - Got a GetDataValues request for node: IEDBiogasCHP/MMXU1.PhV.angRef: 0
calling GetDataValues(IEDBiogasCHP/MMXU1.PhV.phsA)
14:23:47.133 [openiec61850-osi-server-7-thread-1] DEBUG com.beanit.openiec61850.ServerAssociation - Got a GetDataValues request for node: IEDBiogasCHP/MMXU1.PhV.phsA [CF]
IEDBiogasCHP/MMXU1.PhV.phsA.units [CF]
IEDBiogasCHP/MMXU1.PhV.phsA.units.SIUnit: 0
IEDBiogasCHP/MMXU1.PhV.phsA.units.multiplier: 0
IEDBiogasCHP/MMXU1.PhV.phsA.db: 0
IEDBiogasCHP/MMXU1.PhV.phsA.zeroDb: 0
IEDBiogasCHP/MMXU1.PhV.phsA.rangeC [CF]
IEDBiogasCHP/MMXU1.PhV.phsA.rangeC.hhLim [CF]
IEDBiogasCHP/MMXU1.PhV.phsA.rangeC.hhLim.i: 0
IEDBiogasCHP/MMXU1.PhV.phsA.rangeC.hhLim.f: 0.0
IEDBiogasCHP/MMXU1.PhV.phsA.rangeC.hLim [CF]
IEDBiogasCHP/MMXU1.PhV.phsA.rangeC.hLim.i: 0
IEDBiogasCHP/MMXU1.PhV.phsA.rangeC.hLim.f: 0.0
IEDBiogasCHP/MMXU1.PhV.phsA.rangeC.lLim [CF]
IEDBiogasCHP/MMXU1.PhV.phsA.rangeC.lLim.i: 0
IEDBiogasCHP/MMXU1.PhV.phsA.rangeC.lLim.f: 0.0
IEDBiogasCHP/MMXU1.PhV.phsA.rangeC.llLim [CF]
IEDBiogasCHP/MMXU1.PhV.phsA.rangeC.llLim.i: 0
IEDBiogasCHP/MMXU1.PhV.phsA.rangeC.llLim.f: 0.0
IEDBiogasCHP/MMXU1.PhV.phsA.rangeC.min [CF]
IEDBiogasCHP/MMXU1.PhV.phsA.rangeC.min.i: 0
IEDBiogasCHP/MMXU1.PhV.phsA.rangeC.min.f: 0.0
IEDBiogasCHP/MMXU1.PhV.phsA.rangeC.max [CF]
IEDBiogasCHP/MMXU1.PhV.phsA.rangeC.max.i: 0
IEDBiogasCHP/MMXU1.PhV.phsA.rangeC.max.f: 0.0
IEDBiogasCHP/MMXU1.PhV.phsA.magSVC [CF]
IEDBiogasCHP/MMXU1.PhV.phsA.magSVC.scaleFactor: 0.0
IEDBiogasCHP/MMXU1.PhV.phsA.magSVC.offset: 0.0
IEDBiogasCHP/MMXU1.PhV.phsA.angSVC [CF]
IEDBiogasCHP/MMXU1.PhV.phsA.angSVC.scaleFactor: 0.0
IEDBiogasCHP/MMXU1.PhV.phsA.angSVC.offset: 0.0
IEDBiogasCHP/MMXU1.PhV.phsA.angRef: 0
IEDBiogasCHP/MMXU1.PhV.phsA.smpRate: 0
14:23:47.133 [openiec61850-osi-server-7-thread-1] DEBUG com.beanit.openiec61850.ServerAssociation - sub BDA is:IEDBiogasCHP/MMXU1.PhV.phsA.units.SIUnit: 0
14:23:47.133 [openiec61850-osi-server-7-thread-1] DEBUG com.beanit.openiec61850.ServerAssociation - sub BDA is:IEDBiogasCHP/MMXU1.PhV.phsA.units.multiplier: 0
14:23:47.133 [openiec61850-osi-server-7-thread-1] DEBUG com.beanit.openiec61850.ServerAssociation - sub BDA is:IEDBiogasCHP/MMXU1.PhV.phsA.db: 0
14:23:47.133 [openiec61850-osi-server-7-thread-1] DEBUG com.beanit.openiec61850.ServerAssociation - sub BDA is:IEDBiogasCHP/MMXU1.PhV.phsA.zeroDb: 0
14:23:47.133 [openiec61850-osi-server-7-thread-1] DEBUG com.beanit.openiec61850.ServerAssociation - sub BDA is:IEDBiogasCHP/MMXU1.PhV.phsA.rangeC.hhLim.i: 0
14:23:47.133 [openiec61850-osi-server-7-thread-1] DEBUG com.beanit.openiec61850.ServerAssociation - sub BDA is:IEDBiogasCHP/MMXU1.PhV.phsA.rangeC.hhLim.f: 0.0
14:23:47.133 [openiec61850-osi-server-7-thread-1] DEBUG com.beanit.openiec61850.ServerAssociation - sub BDA is:IEDBiogasCHP/MMXU1.PhV.phsA.rangeC.hLim.i: 0
14:23:47.133 [openiec61850-osi-server-7-thread-1] DEBUG com.beanit.openiec61850.ServerAssociation - sub BDA is:IEDBiogasCHP/MMXU1.PhV.phsA.rangeC.hLim.f: 0.0
14:23:47.133 [openiec61850-osi-server-7-thread-1] DEBUG com.beanit.openiec61850.ServerAssociation - sub BDA is:IEDBiogasCHP/MMXU1.PhV.phsA.rangeC.lLim.i: 0
14:23:47.133 [openiec61850-osi-server-7-thread-1] DEBUG com.beanit.openiec61850.ServerAssociation - sub BDA is:IEDBiogasCHP/MMXU1.PhV.phsA.rangeC.lLim.f: 0.0
14:23:47.133 [openiec61850-osi-server-7-thread-1] DEBUG com.beanit.openiec61850.ServerAssociation - sub BDA is:IEDBiogasCHP/MMXU1.PhV.phsA.rangeC.llLim.i: 0
14:23:47.133 [openiec61850-osi-server-7-thread-1] DEBUG com.beanit.openiec61850.ServerAssociation - sub BDA is:IEDBiogasCHP/MMXU1.PhV.phsA.rangeC.llLim.f: 0.0
14:23:47.133 [openiec61850-osi-server-7-thread-1] DEBUG com.beanit.openiec61850.ServerAssociation - sub BDA is:IEDBiogasCHP/MMXU1.PhV.phsA.rangeC.min.i: 0
14:23:47.133 [openiec61850-osi-server-7-thread-1] DEBUG com.beanit.openiec61850.ServerAssociation - sub BDA is:IEDBiogasCHP/MMXU1.PhV.phsA.rangeC.min.f: 0.0
14:23:47.133 [openiec61850-osi-server-7-thread-1] DEBUG com.beanit.openiec61850.ServerAssociation - sub BDA is:IEDBiogasCHP/MMXU1.PhV.phsA.rangeC.max.i: 0
14:23:47.133 [openiec61850-osi-server-7-thread-1] DEBUG com.beanit.openiec61850.ServerAssociation - sub BDA is:IEDBiogasCHP/MMXU1.PhV.phsA.rangeC.max.f: 0.0
14:23:47.133 [openiec61850-osi-server-7-thread-1] DEBUG com.beanit.openiec61850.ServerAssociation - sub BDA is:IEDBiogasCHP/MMXU1.PhV.phsA.magSVC.scaleFactor: 0.0
14:23:47.133 [openiec61850-osi-server-7-thread-1] DEBUG com.beanit.openiec61850.ServerAssociation - sub BDA is:IEDBiogasCHP/MMXU1.PhV.phsA.magSVC.offset: 0.0
14:23:47.133 [openiec61850-osi-server-7-thread-1] DEBUG com.beanit.openiec61850.ServerAssociation - sub BDA is:IEDBiogasCHP/MMXU1.PhV.phsA.angSVC.scaleFactor: 0.0
14:23:47.133 [openiec61850-osi-server-7-thread-1] DEBUG com.beanit.openiec61850.ServerAssociation - sub BDA is:IEDBiogasCHP/MMXU1.PhV.phsA.angSVC.offset: 0.0
14:23:47.133 [openiec61850-osi-server-7-thread-1] DEBUG com.beanit.openiec61850.ServerAssociation - sub BDA is:IEDBiogasCHP/MMXU1.PhV.phsA.angRef: 0
14:23:47.133 [openiec61850-osi-server-7-thread-1] DEBUG com.beanit.openiec61850.ServerAssociation - sub BDA is:IEDBiogasCHP/MMXU1.PhV.phsA.smpRate: 0
calling GetDataValues(IEDBiogasCHP/MMXU1.PhV.phsA.units)
14:23:47.134 [openiec61850-osi-server-7-thread-1] DEBUG com.beanit.openiec61850.ServerAssociation - Got a GetDataValues request for node: IEDBiogasCHP/MMXU1.PhV.phsA.units [CF]
IEDBiogasCHP/MMXU1.PhV.phsA.units.SIUnit: 0
IEDBiogasCHP/MMXU1.PhV.phsA.units.multiplier: 0
14:23:47.134 [openiec61850-osi-server-7-thread-1] DEBUG com.beanit.openiec61850.ServerAssociation - sub BDA is:IEDBiogasCHP/MMXU1.PhV.phsA.units.SIUnit: 0
14:23:47.134 [openiec61850-osi-server-7-thread-1] DEBUG com.beanit.openiec61850.ServerAssociation - sub BDA is:IEDBiogasCHP/MMXU1.PhV.phsA.units.multiplier: 0
calling GetDataValues(IEDBiogasCHP/MMXU1.PhV.phsA.units.SIUnit)
14:23:47.134 [openiec61850-osi-server-7-thread-1] DEBUG com.beanit.openiec61850.ServerAssociation - Got a GetDataValues request for node: IEDBiogasCHP/MMXU1.PhV.phsA.units.SIUnit: 0
calling GetDataValues(IEDBiogasCHP/MMXU1.PhV.phsA.units.multiplier)
14:23:47.134 [openiec61850-osi-server-7-thread-1] DEBUG com.beanit.openiec61850.ServerAssociation - Got a GetDataValues request for node: IEDBiogasCHP/MMXU1.PhV.phsA.units.multiplier: 0
calling GetDataValues(IEDBiogasCHP/MMXU1.PhV.phsA.db)
14:23:47.134 [openiec61850-osi-server-7-thread-1] DEBUG com.beanit.openiec61850.ServerAssociation - Got a GetDataValues request for node: IEDBiogasCHP/MMXU1.PhV.phsA.db: 0
calling GetDataValues(IEDBiogasCHP/MMXU1.PhV.phsA.zeroDb)
14:23:47.134 [openiec61850-osi-server-7-thread-1] DEBUG com.beanit.openiec61850.ServerAssociation - Got a GetDataValues request for node: IEDBiogasCHP/MMXU1.PhV.phsA.zeroDb: 0
calling GetDataValues(IEDBiogasCHP/MMXU1.PhV.phsA.rangeC)
14:23:47.134 [openiec61850-osi-server-7-thread-1] DEBUG com.beanit.openiec61850.ServerAssociation - Got a GetDataValues request for node: IEDBiogasCHP/MMXU1.PhV.phsA.rangeC [CF]
IEDBiogasCHP/MMXU1.PhV.phsA.rangeC.hhLim [CF]
IEDBiogasCHP/MMXU1.PhV.phsA.rangeC.hhLim.i: 0
IEDBiogasCHP/MMXU1.PhV.phsA.rangeC.hhLim.f: 0.0
IEDBiogasCHP/MMXU1.PhV.phsA.rangeC.hLim [CF]
IEDBiogasCHP/MMXU1.PhV.phsA.rangeC.hLim.i: 0
IEDBiogasCHP/MMXU1.PhV.phsA.rangeC.hLim.f: 0.0
IEDBiogasCHP/MMXU1.PhV.phsA.rangeC.lLim [CF]
IEDBiogasCHP/MMXU1.PhV.phsA.rangeC.lLim.i: 0
IEDBiogasCHP/MMXU1.PhV.phsA.rangeC.lLim.f: 0.0
IEDBiogasCHP/MMXU1.PhV.phsA.rangeC.llLim [CF]
IEDBiogasCHP/MMXU1.PhV.phsA.rangeC.llLim.i: 0
IEDBiogasCHP/MMXU1.PhV.phsA.rangeC.llLim.f: 0.0
IEDBiogasCHP/MMXU1.PhV.phsA.rangeC.min [CF]
IEDBiogasCHP/MMXU1.PhV.phsA.rangeC.min.i: 0
IEDBiogasCHP/MMXU1.PhV.phsA.rangeC.min.f: 0.0
IEDBiogasCHP/MMXU1.PhV.phsA.rangeC.max [CF]
IEDBiogasCHP/MMXU1.PhV.phsA.rangeC.max.i: 0
IEDBiogasCHP/MMXU1.PhV.phsA.rangeC.max.f: 0.0
14:23:47.134 [openiec61850-osi-server-7-thread-1] DEBUG com.beanit.openiec61850.ServerAssociation - sub BDA is:IEDBiogasCHP/MMXU1.PhV.phsA.rangeC.hhLim.i: 0
14:23:47.134 [openiec61850-osi-server-7-thread-1] DEBUG com.beanit.openiec61850.ServerAssociation - sub BDA is:IEDBiogasCHP/MMXU1.PhV.phsA.rangeC.hhLim.f: 0.0
14:23:47.134 [openiec61850-osi-server-7-thread-1] DEBUG com.beanit.openiec61850.ServerAssociation - sub BDA is:IEDBiogasCHP/MMXU1.PhV.phsA.rangeC.hLim.i: 0
14:23:47.134 [openiec61850-osi-server-7-thread-1] DEBUG com.beanit.openiec61850.ServerAssociation - sub BDA is:IEDBiogasCHP/MMXU1.PhV.phsA.rangeC.hLim.f: 0.0
14:23:47.134 [openiec61850-osi-server-7-thread-1] DEBUG com.beanit.openiec61850.ServerAssociation - sub BDA is:IEDBiogasCHP/MMXU1.PhV.phsA.rangeC.lLim.i: 0
14:23:47.134 [openiec61850-osi-server-7-thread-1] DEBUG com.beanit.openiec61850.ServerAssociation - sub BDA is:IEDBiogasCHP/MMXU1.PhV.phsA.rangeC.lLim.f: 0.0
14:23:47.134 [openiec61850-osi-server-7-thread-1] DEBUG com.beanit.openiec61850.ServerAssociation - sub BDA is:IEDBiogasCHP/MMXU1.PhV.phsA.rangeC.llLim.i: 0
14:23:47.134 [openiec61850-osi-server-7-thread-1] DEBUG com.beanit.openiec61850.ServerAssociation - sub BDA is:IEDBiogasCHP/MMXU1.PhV.phsA.rangeC.llLim.f: 0.0
14:23:47.134 [openiec61850-osi-server-7-thread-1] DEBUG com.beanit.openiec61850.ServerAssociation - sub BDA is:IEDBiogasCHP/MMXU1.PhV.phsA.rangeC.min.i: 0
14:23:47.134 [openiec61850-osi-server-7-thread-1] DEBUG com.beanit.openiec61850.ServerAssociation - sub BDA is:IEDBiogasCHP/MMXU1.PhV.phsA.rangeC.min.f: 0.0
14:23:47.134 [openiec61850-osi-server-7-thread-1] DEBUG com.beanit.openiec61850.ServerAssociation - sub BDA is:IEDBiogasCHP/MMXU1.PhV.phsA.rangeC.max.i: 0
14:23:47.134 [openiec61850-osi-server-7-thread-1] DEBUG com.beanit.openiec61850.ServerAssociation - sub BDA is:IEDBiogasCHP/MMXU1.PhV.phsA.rangeC.max.f: 0.0
calling GetDataValues(IEDBiogasCHP/MMXU1.PhV.phsA.rangeC.hhLim)
14:23:47.135 [openiec61850-osi-server-7-thread-1] DEBUG com.beanit.openiec61850.ServerAssociation - Got a GetDataValues request for node: IEDBiogasCHP/MMXU1.PhV.phsA.rangeC.hhLim [CF]
IEDBiogasCHP/MMXU1.PhV.phsA.rangeC.hhLim.i: 0
IEDBiogasCHP/MMXU1.PhV.phsA.rangeC.hhLim.f: 0.0
14:23:47.135 [openiec61850-osi-server-7-thread-1] DEBUG com.beanit.openiec61850.ServerAssociation - sub BDA is:IEDBiogasCHP/MMXU1.PhV.phsA.rangeC.hhLim.i: 0
14:23:47.135 [openiec61850-osi-server-7-thread-1] DEBUG com.beanit.openiec61850.ServerAssociation - sub BDA is:IEDBiogasCHP/MMXU1.PhV.phsA.rangeC.hhLim.f: 0.0
calling GetDataValues(IEDBiogasCHP/MMXU1.PhV.phsA.rangeC.hhLim.i)
14:23:47.135 [openiec61850-osi-server-7-thread-1] DEBUG com.beanit.openiec61850.ServerAssociation - Got a GetDataValues request for node: IEDBiogasCHP/MMXU1.PhV.phsA.rangeC.hhLim.i: 0
calling GetDataValues(IEDBiogasCHP/MMXU1.PhV.phsA.rangeC.hhLim.f)
14:23:47.135 [openiec61850-osi-server-7-thread-1] DEBUG com.beanit.openiec61850.ServerAssociation - Got a GetDataValues request for node: IEDBiogasCHP/MMXU1.PhV.phsA.rangeC.hhLim.f: 0.0
calling GetDataValues(IEDBiogasCHP/MMXU1.PhV.phsA.rangeC.hLim)
14:23:47.135 [openiec61850-osi-server-7-thread-1] DEBUG com.beanit.openiec61850.ServerAssociation - Got a GetDataValues request for node: IEDBiogasCHP/MMXU1.PhV.phsA.rangeC.hLim [CF]
IEDBiogasCHP/MMXU1.PhV.phsA.rangeC.hLim.i: 0
IEDBiogasCHP/MMXU1.PhV.phsA.rangeC.hLim.f: 0.0
14:23:47.135 [openiec61850-osi-server-7-thread-1] DEBUG com.beanit.openiec61850.ServerAssociation - sub BDA is:IEDBiogasCHP/MMXU1.PhV.phsA.rangeC.hLim.i: 0
14:23:47.135 [openiec61850-osi-server-7-thread-1] DEBUG com.beanit.openiec61850.ServerAssociation - sub BDA is:IEDBiogasCHP/MMXU1.PhV.phsA.rangeC.hLim.f: 0.0
calling GetDataValues(IEDBiogasCHP/MMXU1.PhV.phsA.rangeC.hLim.i)
14:23:47.135 [openiec61850-osi-server-7-thread-1] DEBUG com.beanit.openiec61850.ServerAssociation - Got a GetDataValues request for node: IEDBiogasCHP/MMXU1.PhV.phsA.rangeC.hLim.i: 0
calling GetDataValues(IEDBiogasCHP/MMXU1.PhV.phsA.rangeC.hLim.f)
14:23:47.135 [openiec61850-osi-server-7-thread-1] DEBUG com.beanit.openiec61850.ServerAssociation - Got a GetDataValues request for node: IEDBiogasCHP/MMXU1.PhV.phsA.rangeC.hLim.f: 0.0
calling GetDataValues(IEDBiogasCHP/MMXU1.PhV.phsA.rangeC.lLim)
14:23:47.135 [openiec61850-osi-server-7-thread-1] DEBUG com.beanit.openiec61850.ServerAssociation - Got a GetDataValues request for node: IEDBiogasCHP/MMXU1.PhV.phsA.rangeC.lLim [CF]
IEDBiogasCHP/MMXU1.PhV.phsA.rangeC.lLim.i: 0
IEDBiogasCHP/MMXU1.PhV.phsA.rangeC.lLim.f: 0.0
14:23:47.135 [openiec61850-osi-server-7-thread-1] DEBUG com.beanit.openiec61850.ServerAssociation - sub BDA is:IEDBiogasCHP/MMXU1.PhV.phsA.rangeC.lLim.i: 0
14:23:47.135 [openiec61850-osi-server-7-thread-1] DEBUG com.beanit.openiec61850.ServerAssociation - sub BDA is:IEDBiogasCHP/MMXU1.PhV.phsA.rangeC.lLim.f: 0.0
calling GetDataValues(IEDBiogasCHP/MMXU1.PhV.phsA.rangeC.lLim.i)
14:23:47.136 [openiec61850-osi-server-7-thread-1] DEBUG com.beanit.openiec61850.ServerAssociation - Got a GetDataValues request for node: IEDBiogasCHP/MMXU1.PhV.phsA.rangeC.lLim.i: 0
calling GetDataValues(IEDBiogasCHP/MMXU1.PhV.phsA.rangeC.lLim.f)
14:23:47.136 [openiec61850-osi-server-7-thread-1] DEBUG com.beanit.openiec61850.ServerAssociation - Got a GetDataValues request for node: IEDBiogasCHP/MMXU1.PhV.phsA.rangeC.lLim.f: 0.0
calling GetDataValues(IEDBiogasCHP/MMXU1.PhV.phsA.rangeC.llLim)
14:23:47.136 [openiec61850-osi-server-7-thread-1] DEBUG com.beanit.openiec61850.ServerAssociation - Got a GetDataValues request for node: IEDBiogasCHP/MMXU1.PhV.phsA.rangeC.llLim [CF]
IEDBiogasCHP/MMXU1.PhV.phsA.rangeC.llLim.i: 0
IEDBiogasCHP/MMXU1.PhV.phsA.rangeC.llLim.f: 0.0
14:23:47.136 [openiec61850-osi-server-7-thread-1] DEBUG com.beanit.openiec61850.ServerAssociation - sub BDA is:IEDBiogasCHP/MMXU1.PhV.phsA.rangeC.llLim.i: 0
14:23:47.136 [openiec61850-osi-server-7-thread-1] DEBUG com.beanit.openiec61850.ServerAssociation - sub BDA is:IEDBiogasCHP/MMXU1.PhV.phsA.rangeC.llLim.f: 0.0
calling GetDataValues(IEDBiogasCHP/MMXU1.PhV.phsA.rangeC.llLim.i)
14:23:47.136 [openiec61850-osi-server-7-thread-1] DEBUG com.beanit.openiec61850.ServerAssociation - Got a GetDataValues request for node: IEDBiogasCHP/MMXU1.PhV.phsA.rangeC.llLim.i: 0
calling GetDataValues(IEDBiogasCHP/MMXU1.PhV.phsA.rangeC.llLim.f)
14:23:47.136 [openiec61850-osi-server-7-thread-1] DEBUG com.beanit.openiec61850.ServerAssociation - Got a GetDataValues request for node: IEDBiogasCHP/MMXU1.PhV.phsA.rangeC.llLim.f: 0.0
calling GetDataValues(IEDBiogasCHP/MMXU1.PhV.phsA.rangeC.min)
14:23:47.136 [openiec61850-osi-server-7-thread-1] DEBUG com.beanit.openiec61850.ServerAssociation - Got a GetDataValues request for node: IEDBiogasCHP/MMXU1.PhV.phsA.rangeC.min [CF]
IEDBiogasCHP/MMXU1.PhV.phsA.rangeC.min.i: 0
IEDBiogasCHP/MMXU1.PhV.phsA.rangeC.min.f: 0.0
14:23:47.136 [openiec61850-osi-server-7-thread-1] DEBUG com.beanit.openiec61850.ServerAssociation - sub BDA is:IEDBiogasCHP/MMXU1.PhV.phsA.rangeC.min.i: 0
14:23:47.136 [openiec61850-osi-server-7-thread-1] DEBUG com.beanit.openiec61850.ServerAssociation - sub BDA is:IEDBiogasCHP/MMXU1.PhV.phsA.rangeC.min.f: 0.0
calling GetDataValues(IEDBiogasCHP/MMXU1.PhV.phsA.rangeC.min.i)
14:23:47.136 [openiec61850-osi-server-7-thread-1] DEBUG com.beanit.openiec61850.ServerAssociation - Got a GetDataValues request for node: IEDBiogasCHP/MMXU1.PhV.phsA.rangeC.min.i: 0
calling GetDataValues(IEDBiogasCHP/MMXU1.PhV.phsA.rangeC.min.f)
14:23:47.136 [openiec61850-osi-server-7-thread-1] DEBUG com.beanit.openiec61850.ServerAssociation - Got a GetDataValues request for node: IEDBiogasCHP/MMXU1.PhV.phsA.rangeC.min.f: 0.0
calling GetDataValues(IEDBiogasCHP/MMXU1.PhV.phsA.rangeC.max)
14:23:47.137 [openiec61850-osi-server-7-thread-1] DEBUG com.beanit.openiec61850.ServerAssociation - Got a GetDataValues request for node: IEDBiogasCHP/MMXU1.PhV.phsA.rangeC.max [CF]
IEDBiogasCHP/MMXU1.PhV.phsA.rangeC.max.i: 0
IEDBiogasCHP/MMXU1.PhV.phsA.rangeC.max.f: 0.0
14:23:47.137 [openiec61850-osi-server-7-thread-1] DEBUG com.beanit.openiec61850.ServerAssociation - sub BDA is:IEDBiogasCHP/MMXU1.PhV.phsA.rangeC.max.i: 0
14:23:47.137 [openiec61850-osi-server-7-thread-1] DEBUG com.beanit.openiec61850.ServerAssociation - sub BDA is:IEDBiogasCHP/MMXU1.PhV.phsA.rangeC.max.f: 0.0
calling GetDataValues(IEDBiogasCHP/MMXU1.PhV.phsA.rangeC.max.i)
14:23:47.137 [openiec61850-osi-server-7-thread-1] DEBUG com.beanit.openiec61850.ServerAssociation - Got a GetDataValues request for node: IEDBiogasCHP/MMXU1.PhV.phsA.rangeC.max.i: 0
calling GetDataValues(IEDBiogasCHP/MMXU1.PhV.phsA.rangeC.max.f)
14:23:47.137 [openiec61850-osi-server-7-thread-1] DEBUG com.beanit.openiec61850.ServerAssociation - Got a GetDataValues request for node: IEDBiogasCHP/MMXU1.PhV.phsA.rangeC.max.f: 0.0
calling GetDataValues(IEDBiogasCHP/MMXU1.PhV.phsA.magSVC)
14:23:47.137 [openiec61850-osi-server-7-thread-1] DEBUG com.beanit.openiec61850.ServerAssociation - Got a GetDataValues request for node: IEDBiogasCHP/MMXU1.PhV.phsA.magSVC [CF]
IEDBiogasCHP/MMXU1.PhV.phsA.magSVC.scaleFactor: 0.0
IEDBiogasCHP/MMXU1.PhV.phsA.magSVC.offset: 0.0
14:23:47.137 [openiec61850-osi-server-7-thread-1] DEBUG com.beanit.openiec61850.ServerAssociation - sub BDA is:IEDBiogasCHP/MMXU1.PhV.phsA.magSVC.scaleFactor: 0.0
14:23:47.137 [openiec61850-osi-server-7-thread-1] DEBUG com.beanit.openiec61850.ServerAssociation - sub BDA is:IEDBiogasCHP/MMXU1.PhV.phsA.magSVC.offset: 0.0
calling GetDataValues(IEDBiogasCHP/MMXU1.PhV.phsA.magSVC.scaleFactor)
14:23:47.137 [openiec61850-osi-server-7-thread-1] DEBUG com.beanit.openiec61850.ServerAssociation - Got a GetDataValues request for node: IEDBiogasCHP/MMXU1.PhV.phsA.magSVC.scaleFactor: 0.0
calling GetDataValues(IEDBiogasCHP/MMXU1.PhV.phsA.magSVC.offset)
14:23:47.137 [openiec61850-osi-server-7-thread-1] DEBUG com.beanit.openiec61850.ServerAssociation - Got a GetDataValues request for node: IEDBiogasCHP/MMXU1.PhV.phsA.magSVC.offset: 0.0
calling GetDataValues(IEDBiogasCHP/MMXU1.PhV.phsA.angSVC)
14:23:47.137 [openiec61850-osi-server-7-thread-1] DEBUG com.beanit.openiec61850.ServerAssociation - Got a GetDataValues request for node: IEDBiogasCHP/MMXU1.PhV.phsA.angSVC [CF]
IEDBiogasCHP/MMXU1.PhV.phsA.angSVC.scaleFactor: 0.0
IEDBiogasCHP/MMXU1.PhV.phsA.angSVC.offset: 0.0
14:23:47.137 [openiec61850-osi-server-7-thread-1] DEBUG com.beanit.openiec61850.ServerAssociation - sub BDA is:IEDBiogasCHP/MMXU1.PhV.phsA.angSVC.scaleFactor: 0.0
14:23:47.137 [openiec61850-osi-server-7-thread-1] DEBUG com.beanit.openiec61850.ServerAssociation - sub BDA is:IEDBiogasCHP/MMXU1.PhV.phsA.angSVC.offset: 0.0
calling GetDataValues(IEDBiogasCHP/MMXU1.PhV.phsA.angSVC.scaleFactor)
14:23:47.138 [openiec61850-osi-server-7-thread-1] DEBUG com.beanit.openiec61850.ServerAssociation - Got a GetDataValues request for node: IEDBiogasCHP/MMXU1.PhV.phsA.angSVC.scaleFactor: 0.0
calling GetDataValues(IEDBiogasCHP/MMXU1.PhV.phsA.angSVC.offset)
14:23:47.138 [openiec61850-osi-server-7-thread-1] DEBUG com.beanit.openiec61850.ServerAssociation - Got a GetDataValues request for node: IEDBiogasCHP/MMXU1.PhV.phsA.angSVC.offset: 0.0
calling GetDataValues(IEDBiogasCHP/MMXU1.PhV.phsA.angRef)
14:23:47.138 [openiec61850-osi-server-7-thread-1] DEBUG com.beanit.openiec61850.ServerAssociation - Got a GetDataValues request for node: IEDBiogasCHP/MMXU1.PhV.phsA.angRef: 0
calling GetDataValues(IEDBiogasCHP/MMXU1.PhV.phsA.smpRate)
14:23:47.138 [openiec61850-osi-server-7-thread-1] DEBUG com.beanit.openiec61850.ServerAssociation - Got a GetDataValues request for node: IEDBiogasCHP/MMXU1.PhV.phsA.smpRate: 0
calling GetDataValues(IEDBiogasCHP/MMXU1.PhV.phsB)
14:23:47.138 [openiec61850-osi-server-7-thread-1] DEBUG com.beanit.openiec61850.ServerAssociation - Got a GetDataValues request for node: IEDBiogasCHP/MMXU1.PhV.phsB [CF]
IEDBiogasCHP/MMXU1.PhV.phsB.units [CF]
IEDBiogasCHP/MMXU1.PhV.phsB.units.SIUnit: 0
IEDBiogasCHP/MMXU1.PhV.phsB.units.multiplier: 0
IEDBiogasCHP/MMXU1.PhV.phsB.db: 0
IEDBiogasCHP/MMXU1.PhV.phsB.zeroDb: 0
IEDBiogasCHP/MMXU1.PhV.phsB.rangeC [CF]
IEDBiogasCHP/MMXU1.PhV.phsB.rangeC.hhLim [CF]
IEDBiogasCHP/MMXU1.PhV.phsB.rangeC.hhLim.i: 0
IEDBiogasCHP/MMXU1.PhV.phsB.rangeC.hhLim.f: 0.0
IEDBiogasCHP/MMXU1.PhV.phsB.rangeC.hLim [CF]
IEDBiogasCHP/MMXU1.PhV.phsB.rangeC.hLim.i: 0
IEDBiogasCHP/MMXU1.PhV.phsB.rangeC.hLim.f: 0.0
IEDBiogasCHP/MMXU1.PhV.phsB.rangeC.lLim [CF]
IEDBiogasCHP/MMXU1.PhV.phsB.rangeC.lLim.i: 0
IEDBiogasCHP/MMXU1.PhV.phsB.rangeC.lLim.f: 0.0
IEDBiogasCHP/MMXU1.PhV.phsB.rangeC.llLim [CF]
IEDBiogasCHP/MMXU1.PhV.phsB.rangeC.llLim.i: 0
IEDBiogasCHP/MMXU1.PhV.phsB.rangeC.llLim.f: 0.0
IEDBiogasCHP/MMXU1.PhV.phsB.rangeC.min [CF]
IEDBiogasCHP/MMXU1.PhV.phsB.rangeC.min.i: 0
IEDBiogasCHP/MMXU1.PhV.phsB.rangeC.min.f: 0.0
IEDBiogasCHP/MMXU1.PhV.phsB.rangeC.max [CF]
IEDBiogasCHP/MMXU1.PhV.phsB.rangeC.max.i: 0
IEDBiogasCHP/MMXU1.PhV.phsB.rangeC.max.f: 0.0
IEDBiogasCHP/MMXU1.PhV.phsB.magSVC [CF]
IEDBiogasCHP/MMXU1.PhV.phsB.magSVC.scaleFactor: 0.0
IEDBiogasCHP/MMXU1.PhV.phsB.magSVC.offset: 0.0
IEDBiogasCHP/MMXU1.PhV.phsB.angSVC [CF]
IEDBiogasCHP/MMXU1.PhV.phsB.angSVC.scaleFactor: 0.0
IEDBiogasCHP/MMXU1.PhV.phsB.angSVC.offset: 0.0
IEDBiogasCHP/MMXU1.PhV.phsB.angRef: 0
IEDBiogasCHP/MMXU1.PhV.phsB.smpRate: 0
14:23:47.138 [openiec61850-osi-server-7-thread-1] DEBUG com.beanit.openiec61850.ServerAssociation - sub BDA is:IEDBiogasCHP/MMXU1.PhV.phsB.units.SIUnit: 0
14:23:47.138 [openiec61850-osi-server-7-thread-1] DEBUG com.beanit.openiec61850.ServerAssociation - sub BDA is:IEDBiogasCHP/MMXU1.PhV.phsB.units.multiplier: 0
14:23:47.138 [openiec61850-osi-server-7-thread-1] DEBUG com.beanit.openiec61850.ServerAssociation - sub BDA is:IEDBiogasCHP/MMXU1.PhV.phsB.db: 0
14:23:47.138 [openiec61850-osi-server-7-thread-1] DEBUG com.beanit.openiec61850.ServerAssociation - sub BDA is:IEDBiogasCHP/MMXU1.PhV.phsB.zeroDb: 0
14:23:47.138 [openiec61850-osi-server-7-thread-1] DEBUG com.beanit.openiec61850.ServerAssociation - sub BDA is:IEDBiogasCHP/MMXU1.PhV.phsB.rangeC.hhLim.i: 0
14:23:47.138 [openiec61850-osi-server-7-thread-1] DEBUG com.beanit.openiec61850.ServerAssociation - sub BDA is:IEDBiogasCHP/MMXU1.PhV.phsB.rangeC.hhLim.f: 0.0
14:23:47.138 [openiec61850-osi-server-7-thread-1] DEBUG com.beanit.openiec61850.ServerAssociation - sub BDA is:IEDBiogasCHP/MMXU1.PhV.phsB.rangeC.hLim.i: 0
14:23:47.138 [openiec61850-osi-server-7-thread-1] DEBUG com.beanit.openiec61850.ServerAssociation - sub BDA is:IEDBiogasCHP/MMXU1.PhV.phsB.rangeC.hLim.f: 0.0
14:23:47.138 [openiec61850-osi-server-7-thread-1] DEBUG com.beanit.openiec61850.ServerAssociation - sub BDA is:IEDBiogasCHP/MMXU1.PhV.phsB.rangeC.lLim.i: 0
14:23:47.138 [openiec61850-osi-server-7-thread-1] DEBUG com.beanit.openiec61850.ServerAssociation - sub BDA is:IEDBiogasCHP/MMXU1.PhV.phsB.rangeC.lLim.f: 0.0
14:23:47.138 [openiec61850-osi-server-7-thread-1] DEBUG com.beanit.openiec61850.ServerAssociation - sub BDA is:IEDBiogasCHP/MMXU1.PhV.phsB.rangeC.llLim.i: 0
14:23:47.138 [openiec61850-osi-server-7-thread-1] DEBUG com.beanit.openiec61850.ServerAssociation - sub BDA is:IEDBiogasCHP/MMXU1.PhV.phsB.rangeC.llLim.f: 0.0
14:23:47.138 [openiec61850-osi-server-7-thread-1] DEBUG com.beanit.openiec61850.ServerAssociation - sub BDA is:IEDBiogasCHP/MMXU1.PhV.phsB.rangeC.min.i: 0
14:23:47.138 [openiec61850-osi-server-7-thread-1] DEBUG com.beanit.openiec61850.ServerAssociation - sub BDA is:IEDBiogasCHP/MMXU1.PhV.phsB.rangeC.min.f: 0.0
14:23:47.138 [openiec61850-osi-server-7-thread-1] DEBUG com.beanit.openiec61850.ServerAssociation - sub BDA is:IEDBiogasCHP/MMXU1.PhV.phsB.rangeC.max.i: 0
14:23:47.138 [openiec61850-osi-server-7-thread-1] DEBUG com.beanit.openiec61850.ServerAssociation - sub BDA is:IEDBiogasCHP/MMXU1.PhV.phsB.rangeC.max.f: 0.0
14:23:47.138 [openiec61850-osi-server-7-thread-1] DEBUG com.beanit.openiec61850.ServerAssociation - sub BDA is:IEDBiogasCHP/MMXU1.PhV.phsB.magSVC.scaleFactor: 0.0
14:23:47.138 [openiec61850-osi-server-7-thread-1] DEBUG com.beanit.openiec61850.ServerAssociation - sub BDA is:IEDBiogasCHP/MMXU1.PhV.phsB.magSVC.offset: 0.0
14:23:47.138 [openiec61850-osi-server-7-thread-1] DEBUG com.beanit.openiec61850.ServerAssociation - sub BDA is:IEDBiogasCHP/MMXU1.PhV.phsB.angSVC.scaleFactor: 0.0
14:23:47.138 [openiec61850-osi-server-7-thread-1] DEBUG com.beanit.openiec61850.ServerAssociation - sub BDA is:IEDBiogasCHP/MMXU1.PhV.phsB.angSVC.offset: 0.0
14:23:47.138 [openiec61850-osi-server-7-thread-1] DEBUG com.beanit.openiec61850.ServerAssociation - sub BDA is:IEDBiogasCHP/MMXU1.PhV.phsB.angRef: 0
14:23:47.138 [openiec61850-osi-server-7-thread-1] DEBUG com.beanit.openiec61850.ServerAssociation - sub BDA is:IEDBiogasCHP/MMXU1.PhV.phsB.smpRate: 0
calling GetDataValues(IEDBiogasCHP/MMXU1.PhV.phsB.units)
14:23:47.138 [openiec61850-osi-server-7-thread-1] DEBUG com.beanit.openiec61850.ServerAssociation - Got a GetDataValues request for node: IEDBiogasCHP/MMXU1.PhV.phsB.units [CF]
IEDBiogasCHP/MMXU1.PhV.phsB.units.SIUnit: 0
IEDBiogasCHP/MMXU1.PhV.phsB.units.multiplier: 0
14:23:47.138 [openiec61850-osi-server-7-thread-1] DEBUG com.beanit.openiec61850.ServerAssociation - sub BDA is:IEDBiogasCHP/MMXU1.PhV.phsB.units.SIUnit: 0
14:23:47.138 [openiec61850-osi-server-7-thread-1] DEBUG com.beanit.openiec61850.ServerAssociation - sub BDA is:IEDBiogasCHP/MMXU1.PhV.phsB.units.multiplier: 0
calling GetDataValues(IEDBiogasCHP/MMXU1.PhV.phsB.units.SIUnit)
14:23:47.138 [openiec61850-osi-server-7-thread-1] DEBUG com.beanit.openiec61850.ServerAssociation - Got a GetDataValues request for node: IEDBiogasCHP/MMXU1.PhV.phsB.units.SIUnit: 0
calling GetDataValues(IEDBiogasCHP/MMXU1.PhV.phsB.units.multiplier)
14:23:47.139 [openiec61850-osi-server-7-thread-1] DEBUG com.beanit.openiec61850.ServerAssociation - Got a GetDataValues request for node: IEDBiogasCHP/MMXU1.PhV.phsB.units.multiplier: 0
calling GetDataValues(IEDBiogasCHP/MMXU1.PhV.phsB.db)
14:23:47.139 [openiec61850-osi-server-7-thread-1] DEBUG com.beanit.openiec61850.ServerAssociation - Got a GetDataValues request for node: IEDBiogasCHP/MMXU1.PhV.phsB.db: 0
calling GetDataValues(IEDBiogasCHP/MMXU1.PhV.phsB.zeroDb)
14:23:47.139 [openiec61850-osi-server-7-thread-1] DEBUG com.beanit.openiec61850.ServerAssociation - Got a GetDataValues request for node: IEDBiogasCHP/MMXU1.PhV.phsB.zeroDb: 0
calling GetDataValues(IEDBiogasCHP/MMXU1.PhV.phsB.rangeC)
14:23:47.139 [openiec61850-osi-server-7-thread-1] DEBUG com.beanit.openiec61850.ServerAssociation - Got a GetDataValues request for node: IEDBiogasCHP/MMXU1.PhV.phsB.rangeC [CF]
IEDBiogasCHP/MMXU1.PhV.phsB.rangeC.hhLim [CF]
IEDBiogasCHP/MMXU1.PhV.phsB.rangeC.hhLim.i: 0
IEDBiogasCHP/MMXU1.PhV.phsB.rangeC.hhLim.f: 0.0
IEDBiogasCHP/MMXU1.PhV.phsB.rangeC.hLim [CF]
IEDBiogasCHP/MMXU1.PhV.phsB.rangeC.hLim.i: 0
IEDBiogasCHP/MMXU1.PhV.phsB.rangeC.hLim.f: 0.0
IEDBiogasCHP/MMXU1.PhV.phsB.rangeC.lLim [CF]
IEDBiogasCHP/MMXU1.PhV.phsB.rangeC.lLim.i: 0
IEDBiogasCHP/MMXU1.PhV.phsB.rangeC.lLim.f: 0.0
IEDBiogasCHP/MMXU1.PhV.phsB.rangeC.llLim [CF]
IEDBiogasCHP/MMXU1.PhV.phsB.rangeC.llLim.i: 0
IEDBiogasCHP/MMXU1.PhV.phsB.rangeC.llLim.f: 0.0
IEDBiogasCHP/MMXU1.PhV.phsB.rangeC.min [CF]
IEDBiogasCHP/MMXU1.PhV.phsB.rangeC.min.i: 0
IEDBiogasCHP/MMXU1.PhV.phsB.rangeC.min.f: 0.0
IEDBiogasCHP/MMXU1.PhV.phsB.rangeC.max [CF]
IEDBiogasCHP/MMXU1.PhV.phsB.rangeC.max.i: 0
IEDBiogasCHP/MMXU1.PhV.phsB.rangeC.max.f: 0.0
14:23:47.139 [openiec61850-osi-server-7-thread-1] DEBUG com.beanit.openiec61850.ServerAssociation - sub BDA is:IEDBiogasCHP/MMXU1.PhV.phsB.rangeC.hhLim.i: 0
14:23:47.139 [openiec61850-osi-server-7-thread-1] DEBUG com.beanit.openiec61850.ServerAssociation - sub BDA is:IEDBiogasCHP/MMXU1.PhV.phsB.rangeC.hhLim.f: 0.0
14:23:47.139 [openiec61850-osi-server-7-thread-1] DEBUG com.beanit.openiec61850.ServerAssociation - sub BDA is:IEDBiogasCHP/MMXU1.PhV.phsB.rangeC.hLim.i: 0
14:23:47.139 [openiec61850-osi-server-7-thread-1] DEBUG com.beanit.openiec61850.ServerAssociation - sub BDA is:IEDBiogasCHP/MMXU1.PhV.phsB.rangeC.hLim.f: 0.0
14:23:47.139 [openiec61850-osi-server-7-thread-1] DEBUG com.beanit.openiec61850.ServerAssociation - sub BDA is:IEDBiogasCHP/MMXU1.PhV.phsB.rangeC.lLim.i: 0
14:23:47.139 [openiec61850-osi-server-7-thread-1] DEBUG com.beanit.openiec61850.ServerAssociation - sub BDA is:IEDBiogasCHP/MMXU1.PhV.phsB.rangeC.lLim.f: 0.0
14:23:47.139 [openiec61850-osi-server-7-thread-1] DEBUG com.beanit.openiec61850.ServerAssociation - sub BDA is:IEDBiogasCHP/MMXU1.PhV.phsB.rangeC.llLim.i: 0
14:23:47.139 [openiec61850-osi-server-7-thread-1] DEBUG com.beanit.openiec61850.ServerAssociation - sub BDA is:IEDBiogasCHP/MMXU1.PhV.phsB.rangeC.llLim.f: 0.0
14:23:47.139 [openiec61850-osi-server-7-thread-1] DEBUG com.beanit.openiec61850.ServerAssociation - sub BDA is:IEDBiogasCHP/MMXU1.PhV.phsB.rangeC.min.i: 0
14:23:47.139 [openiec61850-osi-server-7-thread-1] DEBUG com.beanit.openiec61850.ServerAssociation - sub BDA is:IEDBiogasCHP/MMXU1.PhV.phsB.rangeC.min.f: 0.0
14:23:47.139 [openiec61850-osi-server-7-thread-1] DEBUG com.beanit.openiec61850.ServerAssociation - sub BDA is:IEDBiogasCHP/MMXU1.PhV.phsB.rangeC.max.i: 0
14:23:47.139 [openiec61850-osi-server-7-thread-1] DEBUG com.beanit.openiec61850.ServerAssociation - sub BDA is:IEDBiogasCHP/MMXU1.PhV.phsB.rangeC.max.f: 0.0
calling GetDataValues(IEDBiogasCHP/MMXU1.PhV.phsB.rangeC.hhLim)
14:23:47.139 [openiec61850-osi-server-7-thread-1] DEBUG com.beanit.openiec61850.ServerAssociation - Got a GetDataValues request for node: IEDBiogasCHP/MMXU1.PhV.phsB.rangeC.hhLim [CF]
IEDBiogasCHP/MMXU1.PhV.phsB.rangeC.hhLim.i: 0
IEDBiogasCHP/MMXU1.PhV.phsB.rangeC.hhLim.f: 0.0
14:23:47.139 [openiec61850-osi-server-7-thread-1] DEBUG com.beanit.openiec61850.ServerAssociation - sub BDA is:IEDBiogasCHP/MMXU1.PhV.phsB.rangeC.hhLim.i: 0
14:23:47.139 [openiec61850-osi-server-7-thread-1] DEBUG com.beanit.openiec61850.ServerAssociation - sub BDA is:IEDBiogasCHP/MMXU1.PhV.phsB.rangeC.hhLim.f: 0.0
calling GetDataValues(IEDBiogasCHP/MMXU1.PhV.phsB.rangeC.hhLim.i)
14:23:47.139 [openiec61850-osi-server-7-thread-1] DEBUG com.beanit.openiec61850.ServerAssociation - Got a GetDataValues request for node: IEDBiogasCHP/MMXU1.PhV.phsB.rangeC.hhLim.i: 0
calling GetDataValues(IEDBiogasCHP/MMXU1.PhV.phsB.rangeC.hhLim.f)
14:23:47.139 [openiec61850-osi-server-7-thread-1] DEBUG com.beanit.openiec61850.ServerAssociation - Got a GetDataValues request for node: IEDBiogasCHP/MMXU1.PhV.phsB.rangeC.hhLim.f: 0.0
calling GetDataValues(IEDBiogasCHP/MMXU1.PhV.phsB.rangeC.hLim)
14:23:47.140 [openiec61850-osi-server-7-thread-1] DEBUG com.beanit.openiec61850.ServerAssociation - Got a GetDataValues request for node: IEDBiogasCHP/MMXU1.PhV.phsB.rangeC.hLim [CF]
IEDBiogasCHP/MMXU1.PhV.phsB.rangeC.hLim.i: 0
IEDBiogasCHP/MMXU1.PhV.phsB.rangeC.hLim.f: 0.0
14:23:47.140 [openiec61850-osi-server-7-thread-1] DEBUG com.beanit.openiec61850.ServerAssociation - sub BDA is:IEDBiogasCHP/MMXU1.PhV.phsB.rangeC.hLim.i: 0
14:23:47.140 [openiec61850-osi-server-7-thread-1] DEBUG com.beanit.openiec61850.ServerAssociation - sub BDA is:IEDBiogasCHP/MMXU1.PhV.phsB.rangeC.hLim.f: 0.0
calling GetDataValues(IEDBiogasCHP/MMXU1.PhV.phsB.rangeC.hLim.i)
14:23:47.140 [openiec61850-osi-server-7-thread-1] DEBUG com.beanit.openiec61850.ServerAssociation - Got a GetDataValues request for node: IEDBiogasCHP/MMXU1.PhV.phsB.rangeC.hLim.i: 0
calling GetDataValues(IEDBiogasCHP/MMXU1.PhV.phsB.rangeC.hLim.f)
14:23:47.140 [openiec61850-osi-server-7-thread-1] DEBUG com.beanit.openiec61850.ServerAssociation - Got a GetDataValues request for node: IEDBiogasCHP/MMXU1.PhV.phsB.rangeC.hLim.f: 0.0
calling GetDataValues(IEDBiogasCHP/MMXU1.PhV.phsB.rangeC.lLim)
14:23:47.140 [openiec61850-osi-server-7-thread-1] DEBUG com.beanit.openiec61850.ServerAssociation - Got a GetDataValues request for node: IEDBiogasCHP/MMXU1.PhV.phsB.rangeC.lLim [CF]
IEDBiogasCHP/MMXU1.PhV.phsB.rangeC.lLim.i: 0
IEDBiogasCHP/MMXU1.PhV.phsB.rangeC.lLim.f: 0.0
14:23:47.140 [openiec61850-osi-server-7-thread-1] DEBUG com.beanit.openiec61850.ServerAssociation - sub BDA is:IEDBiogasCHP/MMXU1.PhV.phsB.rangeC.lLim.i: 0
14:23:47.140 [openiec61850-osi-server-7-thread-1] DEBUG com.beanit.openiec61850.ServerAssociation - sub BDA is:IEDBiogasCHP/MMXU1.PhV.phsB.rangeC.lLim.f: 0.0
calling GetDataValues(IEDBiogasCHP/MMXU1.PhV.phsB.rangeC.lLim.i)
14:23:47.140 [openiec61850-osi-server-7-thread-1] DEBUG com.beanit.openiec61850.ServerAssociation - Got a GetDataValues request for node: IEDBiogasCHP/MMXU1.PhV.phsB.rangeC.lLim.i: 0
calling GetDataValues(IEDBiogasCHP/MMXU1.PhV.phsB.rangeC.lLim.f)
14:23:47.140 [openiec61850-osi-server-7-thread-1] DEBUG com.beanit.openiec61850.ServerAssociation - Got a GetDataValues request for node: IEDBiogasCHP/MMXU1.PhV.phsB.rangeC.lLim.f: 0.0
calling GetDataValues(IEDBiogasCHP/MMXU1.PhV.phsB.rangeC.llLim)
14:23:47.140 [openiec61850-osi-server-7-thread-1] DEBUG com.beanit.openiec61850.ServerAssociation - Got a GetDataValues request for node: IEDBiogasCHP/MMXU1.PhV.phsB.rangeC.llLim [CF]
IEDBiogasCHP/MMXU1.PhV.phsB.rangeC.llLim.i: 0
IEDBiogasCHP/MMXU1.PhV.phsB.rangeC.llLim.f: 0.0
14:23:47.140 [openiec61850-osi-server-7-thread-1] DEBUG com.beanit.openiec61850.ServerAssociation - sub BDA is:IEDBiogasCHP/MMXU1.PhV.phsB.rangeC.llLim.i: 0
14:23:47.140 [openiec61850-osi-server-7-thread-1] DEBUG com.beanit.openiec61850.ServerAssociation - sub BDA is:IEDBiogasCHP/MMXU1.PhV.phsB.rangeC.llLim.f: 0.0
calling GetDataValues(IEDBiogasCHP/MMXU1.PhV.phsB.rangeC.llLim.i)
14:23:47.141 [openiec61850-osi-server-7-thread-1] DEBUG com.beanit.openiec61850.ServerAssociation - Got a GetDataValues request for node: IEDBiogasCHP/MMXU1.PhV.phsB.rangeC.llLim.i: 0
calling GetDataValues(IEDBiogasCHP/MMXU1.PhV.phsB.rangeC.llLim.f)
14:23:47.141 [openiec61850-osi-server-7-thread-1] DEBUG com.beanit.openiec61850.ServerAssociation - Got a GetDataValues request for node: IEDBiogasCHP/MMXU1.PhV.phsB.rangeC.llLim.f: 0.0
calling GetDataValues(IEDBiogasCHP/MMXU1.PhV.phsB.rangeC.min)
14:23:47.141 [openiec61850-osi-server-7-thread-1] DEBUG com.beanit.openiec61850.ServerAssociation - Got a GetDataValues request for node: IEDBiogasCHP/MMXU1.PhV.phsB.rangeC.min [CF]
IEDBiogasCHP/MMXU1.PhV.phsB.rangeC.min.i: 0
IEDBiogasCHP/MMXU1.PhV.phsB.rangeC.min.f: 0.0
14:23:47.141 [openiec61850-osi-server-7-thread-1] DEBUG com.beanit.openiec61850.ServerAssociation - sub BDA is:IEDBiogasCHP/MMXU1.PhV.phsB.rangeC.min.i: 0
14:23:47.141 [openiec61850-osi-server-7-thread-1] DEBUG com.beanit.openiec61850.ServerAssociation - sub BDA is:IEDBiogasCHP/MMXU1.PhV.phsB.rangeC.min.f: 0.0
calling GetDataValues(IEDBiogasCHP/MMXU1.PhV.phsB.rangeC.min.i)
14:23:47.141 [openiec61850-osi-server-7-thread-1] DEBUG com.beanit.openiec61850.ServerAssociation - Got a GetDataValues request for node: IEDBiogasCHP/MMXU1.PhV.phsB.rangeC.min.i: 0
calling GetDataValues(IEDBiogasCHP/MMXU1.PhV.phsB.rangeC.min.f)
14:23:47.141 [openiec61850-osi-server-7-thread-1] DEBUG com.beanit.openiec61850.ServerAssociation - Got a GetDataValues request for node: IEDBiogasCHP/MMXU1.PhV.phsB.rangeC.min.f: 0.0
calling GetDataValues(IEDBiogasCHP/MMXU1.PhV.phsB.rangeC.max)
14:23:47.141 [openiec61850-osi-server-7-thread-1] DEBUG com.beanit.openiec61850.ServerAssociation - Got a GetDataValues request for node: IEDBiogasCHP/MMXU1.PhV.phsB.rangeC.max [CF]
IEDBiogasCHP/MMXU1.PhV.phsB.rangeC.max.i: 0
IEDBiogasCHP/MMXU1.PhV.phsB.rangeC.max.f: 0.0
14:23:47.141 [openiec61850-osi-server-7-thread-1] DEBUG com.beanit.openiec61850.ServerAssociation - sub BDA is:IEDBiogasCHP/MMXU1.PhV.phsB.rangeC.max.i: 0
14:23:47.141 [openiec61850-osi-server-7-thread-1] DEBUG com.beanit.openiec61850.ServerAssociation - sub BDA is:IEDBiogasCHP/MMXU1.PhV.phsB.rangeC.max.f: 0.0
calling GetDataValues(IEDBiogasCHP/MMXU1.PhV.phsB.rangeC.max.i)
14:23:47.141 [openiec61850-osi-server-7-thread-1] DEBUG com.beanit.openiec61850.ServerAssociation - Got a GetDataValues request for node: IEDBiogasCHP/MMXU1.PhV.phsB.rangeC.max.i: 0
calling GetDataValues(IEDBiogasCHP/MMXU1.PhV.phsB.rangeC.max.f)
14:23:47.141 [openiec61850-osi-server-7-thread-1] DEBUG com.beanit.openiec61850.ServerAssociation - Got a GetDataValues request for node: IEDBiogasCHP/MMXU1.PhV.phsB.rangeC.max.f: 0.0
calling GetDataValues(IEDBiogasCHP/MMXU1.PhV.phsB.magSVC)
14:23:47.142 [openiec61850-osi-server-7-thread-1] DEBUG com.beanit.openiec61850.ServerAssociation - Got a GetDataValues request for node: IEDBiogasCHP/MMXU1.PhV.phsB.magSVC [CF]
IEDBiogasCHP/MMXU1.PhV.phsB.magSVC.scaleFactor: 0.0
IEDBiogasCHP/MMXU1.PhV.phsB.magSVC.offset: 0.0
14:23:47.142 [openiec61850-osi-server-7-thread-1] DEBUG com.beanit.openiec61850.ServerAssociation - sub BDA is:IEDBiogasCHP/MMXU1.PhV.phsB.magSVC.scaleFactor: 0.0
14:23:47.142 [openiec61850-osi-server-7-thread-1] DEBUG com.beanit.openiec61850.ServerAssociation - sub BDA is:IEDBiogasCHP/MMXU1.PhV.phsB.magSVC.offset: 0.0
calling GetDataValues(IEDBiogasCHP/MMXU1.PhV.phsB.magSVC.scaleFactor)
14:23:47.142 [openiec61850-osi-server-7-thread-1] DEBUG com.beanit.openiec61850.ServerAssociation - Got a GetDataValues request for node: IEDBiogasCHP/MMXU1.PhV.phsB.magSVC.scaleFactor: 0.0
calling GetDataValues(IEDBiogasCHP/MMXU1.PhV.phsB.magSVC.offset)
14:23:47.142 [openiec61850-osi-server-7-thread-1] DEBUG com.beanit.openiec61850.ServerAssociation - Got a GetDataValues request for node: IEDBiogasCHP/MMXU1.PhV.phsB.magSVC.offset: 0.0
calling GetDataValues(IEDBiogasCHP/MMXU1.PhV.phsB.angSVC)
14:23:47.142 [openiec61850-osi-server-7-thread-1] DEBUG com.beanit.openiec61850.ServerAssociation - Got a GetDataValues request for node: IEDBiogasCHP/MMXU1.PhV.phsB.angSVC [CF]
IEDBiogasCHP/MMXU1.PhV.phsB.angSVC.scaleFactor: 0.0
IEDBiogasCHP/MMXU1.PhV.phsB.angSVC.offset: 0.0
14:23:47.142 [openiec61850-osi-server-7-thread-1] DEBUG com.beanit.openiec61850.ServerAssociation - sub BDA is:IEDBiogasCHP/MMXU1.PhV.phsB.angSVC.scaleFactor: 0.0
14:23:47.142 [openiec61850-osi-server-7-thread-1] DEBUG com.beanit.openiec61850.ServerAssociation - sub BDA is:IEDBiogasCHP/MMXU1.PhV.phsB.angSVC.offset: 0.0
calling GetDataValues(IEDBiogasCHP/MMXU1.PhV.phsB.angSVC.scaleFactor)
14:23:47.142 [openiec61850-osi-server-7-thread-1] DEBUG com.beanit.openiec61850.ServerAssociation - Got a GetDataValues request for node: IEDBiogasCHP/MMXU1.PhV.phsB.angSVC.scaleFactor: 0.0
calling GetDataValues(IEDBiogasCHP/MMXU1.PhV.phsB.angSVC.offset)
14:23:47.142 [openiec61850-osi-server-7-thread-1] DEBUG com.beanit.openiec61850.ServerAssociation - Got a GetDataValues request for node: IEDBiogasCHP/MMXU1.PhV.phsB.angSVC.offset: 0.0
calling GetDataValues(IEDBiogasCHP/MMXU1.PhV.phsB.angRef)
14:23:47.142 [openiec61850-osi-server-7-thread-1] DEBUG com.beanit.openiec61850.ServerAssociation - Got a GetDataValues request for node: IEDBiogasCHP/MMXU1.PhV.phsB.angRef: 0
calling GetDataValues(IEDBiogasCHP/MMXU1.PhV.phsB.smpRate)
14:23:47.142 [openiec61850-osi-server-7-thread-1] DEBUG com.beanit.openiec61850.ServerAssociation - Got a GetDataValues request for node: IEDBiogasCHP/MMXU1.PhV.phsB.smpRate: 0
calling GetDataValues(IEDBiogasCHP/MMXU1.PhV.phsC)
14:23:47.143 [openiec61850-osi-server-7-thread-1] DEBUG com.beanit.openiec61850.ServerAssociation - Got a GetDataValues request for node: IEDBiogasCHP/MMXU1.PhV.phsC [CF]
IEDBiogasCHP/MMXU1.PhV.phsC.units [CF]
IEDBiogasCHP/MMXU1.PhV.phsC.units.SIUnit: 0
IEDBiogasCHP/MMXU1.PhV.phsC.units.multiplier: 0
IEDBiogasCHP/MMXU1.PhV.phsC.db: 0
IEDBiogasCHP/MMXU1.PhV.phsC.zeroDb: 0
IEDBiogasCHP/MMXU1.PhV.phsC.rangeC [CF]
IEDBiogasCHP/MMXU1.PhV.phsC.rangeC.hhLim [CF]
IEDBiogasCHP/MMXU1.PhV.phsC.rangeC.hhLim.i: 0
IEDBiogasCHP/MMXU1.PhV.phsC.rangeC.hhLim.f: 0.0
IEDBiogasCHP/MMXU1.PhV.phsC.rangeC.hLim [CF]
IEDBiogasCHP/MMXU1.PhV.phsC.rangeC.hLim.i: 0
IEDBiogasCHP/MMXU1.PhV.phsC.rangeC.hLim.f: 0.0
IEDBiogasCHP/MMXU1.PhV.phsC.rangeC.lLim [CF]
IEDBiogasCHP/MMXU1.PhV.phsC.rangeC.lLim.i: 0
IEDBiogasCHP/MMXU1.PhV.phsC.rangeC.lLim.f: 0.0
IEDBiogasCHP/MMXU1.PhV.phsC.rangeC.llLim [CF]
IEDBiogasCHP/MMXU1.PhV.phsC.rangeC.llLim.i: 0
IEDBiogasCHP/MMXU1.PhV.phsC.rangeC.llLim.f: 0.0
IEDBiogasCHP/MMXU1.PhV.phsC.rangeC.min [CF]
IEDBiogasCHP/MMXU1.PhV.phsC.rangeC.min.i: 0
IEDBiogasCHP/MMXU1.PhV.phsC.rangeC.min.f: 0.0
IEDBiogasCHP/MMXU1.PhV.phsC.rangeC.max [CF]
IEDBiogasCHP/MMXU1.PhV.phsC.rangeC.max.i: 0
IEDBiogasCHP/MMXU1.PhV.phsC.rangeC.max.f: 0.0
IEDBiogasCHP/MMXU1.PhV.phsC.magSVC [CF]
IEDBiogasCHP/MMXU1.PhV.phsC.magSVC.scaleFactor: 0.0
IEDBiogasCHP/MMXU1.PhV.phsC.magSVC.offset: 0.0
IEDBiogasCHP/MMXU1.PhV.phsC.angSVC [CF]
IEDBiogasCHP/MMXU1.PhV.phsC.angSVC.scaleFactor: 0.0
IEDBiogasCHP/MMXU1.PhV.phsC.angSVC.offset: 0.0
IEDBiogasCHP/MMXU1.PhV.phsC.angRef: 0
IEDBiogasCHP/MMXU1.PhV.phsC.smpRate: 0
14:23:47.143 [openiec61850-osi-server-7-thread-1] DEBUG com.beanit.openiec61850.ServerAssociation - sub BDA is:IEDBiogasCHP/MMXU1.PhV.phsC.units.SIUnit: 0
14:23:47.143 [openiec61850-osi-server-7-thread-1] DEBUG com.beanit.openiec61850.ServerAssociation - sub BDA is:IEDBiogasCHP/MMXU1.PhV.phsC.units.multiplier: 0
14:23:47.143 [openiec61850-osi-server-7-thread-1] DEBUG com.beanit.openiec61850.ServerAssociation - sub BDA is:IEDBiogasCHP/MMXU1.PhV.phsC.db: 0
14:23:47.143 [openiec61850-osi-server-7-thread-1] DEBUG com.beanit.openiec61850.ServerAssociation - sub BDA is:IEDBiogasCHP/MMXU1.PhV.phsC.zeroDb: 0
14:23:47.143 [openiec61850-osi-server-7-thread-1] DEBUG com.beanit.openiec61850.ServerAssociation - sub BDA is:IEDBiogasCHP/MMXU1.PhV.phsC.rangeC.hhLim.i: 0
14:23:47.143 [openiec61850-osi-server-7-thread-1] DEBUG com.beanit.openiec61850.ServerAssociation - sub BDA is:IEDBiogasCHP/MMXU1.PhV.phsC.rangeC.hhLim.f: 0.0
14:23:47.143 [openiec61850-osi-server-7-thread-1] DEBUG com.beanit.openiec61850.ServerAssociation - sub BDA is:IEDBiogasCHP/MMXU1.PhV.phsC.rangeC.hLim.i: 0
14:23:47.143 [openiec61850-osi-server-7-thread-1] DEBUG com.beanit.openiec61850.ServerAssociation - sub BDA is:IEDBiogasCHP/MMXU1.PhV.phsC.rangeC.hLim.f: 0.0
14:23:47.143 [openiec61850-osi-server-7-thread-1] DEBUG com.beanit.openiec61850.ServerAssociation - sub BDA is:IEDBiogasCHP/MMXU1.PhV.phsC.rangeC.lLim.i: 0
14:23:47.143 [openiec61850-osi-server-7-thread-1] DEBUG com.beanit.openiec61850.ServerAssociation - sub BDA is:IEDBiogasCHP/MMXU1.PhV.phsC.rangeC.lLim.f: 0.0
14:23:47.143 [openiec61850-osi-server-7-thread-1] DEBUG com.beanit.openiec61850.ServerAssociation - sub BDA is:IEDBiogasCHP/MMXU1.PhV.phsC.rangeC.llLim.i: 0
14:23:47.143 [openiec61850-osi-server-7-thread-1] DEBUG com.beanit.openiec61850.ServerAssociation - sub BDA is:IEDBiogasCHP/MMXU1.PhV.phsC.rangeC.llLim.f: 0.0
14:23:47.143 [openiec61850-osi-server-7-thread-1] DEBUG com.beanit.openiec61850.ServerAssociation - sub BDA is:IEDBiogasCHP/MMXU1.PhV.phsC.rangeC.min.i: 0
14:23:47.143 [openiec61850-osi-server-7-thread-1] DEBUG com.beanit.openiec61850.ServerAssociation - sub BDA is:IEDBiogasCHP/MMXU1.PhV.phsC.rangeC.min.f: 0.0
14:23:47.143 [openiec61850-osi-server-7-thread-1] DEBUG com.beanit.openiec61850.ServerAssociation - sub BDA is:IEDBiogasCHP/MMXU1.PhV.phsC.rangeC.max.i: 0
14:23:47.143 [openiec61850-osi-server-7-thread-1] DEBUG com.beanit.openiec61850.ServerAssociation - sub BDA is:IEDBiogasCHP/MMXU1.PhV.phsC.rangeC.max.f: 0.0
14:23:47.143 [openiec61850-osi-server-7-thread-1] DEBUG com.beanit.openiec61850.ServerAssociation - sub BDA is:IEDBiogasCHP/MMXU1.PhV.phsC.magSVC.scaleFactor: 0.0
14:23:47.143 [openiec61850-osi-server-7-thread-1] DEBUG com.beanit.openiec61850.ServerAssociation - sub BDA is:IEDBiogasCHP/MMXU1.PhV.phsC.magSVC.offset: 0.0
14:23:47.143 [openiec61850-osi-server-7-thread-1] DEBUG com.beanit.openiec61850.ServerAssociation - sub BDA is:IEDBiogasCHP/MMXU1.PhV.phsC.angSVC.scaleFactor: 0.0
14:23:47.143 [openiec61850-osi-server-7-thread-1] DEBUG com.beanit.openiec61850.ServerAssociation - sub BDA is:IEDBiogasCHP/MMXU1.PhV.phsC.angSVC.offset: 0.0
14:23:47.143 [openiec61850-osi-server-7-thread-1] DEBUG com.beanit.openiec61850.ServerAssociation - sub BDA is:IEDBiogasCHP/MMXU1.PhV.phsC.angRef: 0
14:23:47.143 [openiec61850-osi-server-7-thread-1] DEBUG com.beanit.openiec61850.ServerAssociation - sub BDA is:IEDBiogasCHP/MMXU1.PhV.phsC.smpRate: 0
calling GetDataValues(IEDBiogasCHP/MMXU1.PhV.phsC.units)
14:23:47.143 [openiec61850-osi-server-7-thread-1] DEBUG com.beanit.openiec61850.ServerAssociation - Got a GetDataValues request for node: IEDBiogasCHP/MMXU1.PhV.phsC.units [CF]
IEDBiogasCHP/MMXU1.PhV.phsC.units.SIUnit: 0
IEDBiogasCHP/MMXU1.PhV.phsC.units.multiplier: 0
14:23:47.143 [openiec61850-osi-server-7-thread-1] DEBUG com.beanit.openiec61850.ServerAssociation - sub BDA is:IEDBiogasCHP/MMXU1.PhV.phsC.units.SIUnit: 0
14:23:47.143 [openiec61850-osi-server-7-thread-1] DEBUG com.beanit.openiec61850.ServerAssociation - sub BDA is:IEDBiogasCHP/MMXU1.PhV.phsC.units.multiplier: 0
calling GetDataValues(IEDBiogasCHP/MMXU1.PhV.phsC.units.SIUnit)
14:23:47.143 [openiec61850-osi-server-7-thread-1] DEBUG com.beanit.openiec61850.ServerAssociation - Got a GetDataValues request for node: IEDBiogasCHP/MMXU1.PhV.phsC.units.SIUnit: 0
calling GetDataValues(IEDBiogasCHP/MMXU1.PhV.phsC.units.multiplier)
14:23:47.143 [openiec61850-osi-server-7-thread-1] DEBUG com.beanit.openiec61850.ServerAssociation - Got a GetDataValues request for node: IEDBiogasCHP/MMXU1.PhV.phsC.units.multiplier: 0
calling GetDataValues(IEDBiogasCHP/MMXU1.PhV.phsC.db)
14:23:47.143 [openiec61850-osi-server-7-thread-1] DEBUG com.beanit.openiec61850.ServerAssociation - Got a GetDataValues request for node: IEDBiogasCHP/MMXU1.PhV.phsC.db: 0
calling GetDataValues(IEDBiogasCHP/MMXU1.PhV.phsC.zeroDb)
14:23:47.143 [openiec61850-osi-server-7-thread-1] DEBUG com.beanit.openiec61850.ServerAssociation - Got a GetDataValues request for node: IEDBiogasCHP/MMXU1.PhV.phsC.zeroDb: 0
calling GetDataValues(IEDBiogasCHP/MMXU1.PhV.phsC.rangeC)
14:23:47.144 [openiec61850-osi-server-7-thread-1] DEBUG com.beanit.openiec61850.ServerAssociation - Got a GetDataValues request for node: IEDBiogasCHP/MMXU1.PhV.phsC.rangeC [CF]
IEDBiogasCHP/MMXU1.PhV.phsC.rangeC.hhLim [CF]
IEDBiogasCHP/MMXU1.PhV.phsC.rangeC.hhLim.i: 0
IEDBiogasCHP/MMXU1.PhV.phsC.rangeC.hhLim.f: 0.0
IEDBiogasCHP/MMXU1.PhV.phsC.rangeC.hLim [CF]
IEDBiogasCHP/MMXU1.PhV.phsC.rangeC.hLim.i: 0
IEDBiogasCHP/MMXU1.PhV.phsC.rangeC.hLim.f: 0.0
IEDBiogasCHP/MMXU1.PhV.phsC.rangeC.lLim [CF]
IEDBiogasCHP/MMXU1.PhV.phsC.rangeC.lLim.i: 0
IEDBiogasCHP/MMXU1.PhV.phsC.rangeC.lLim.f: 0.0
IEDBiogasCHP/MMXU1.PhV.phsC.rangeC.llLim [CF]
IEDBiogasCHP/MMXU1.PhV.phsC.rangeC.llLim.i: 0
IEDBiogasCHP/MMXU1.PhV.phsC.rangeC.llLim.f: 0.0
IEDBiogasCHP/MMXU1.PhV.phsC.rangeC.min [CF]
IEDBiogasCHP/MMXU1.PhV.phsC.rangeC.min.i: 0
IEDBiogasCHP/MMXU1.PhV.phsC.rangeC.min.f: 0.0
IEDBiogasCHP/MMXU1.PhV.phsC.rangeC.max [CF]
IEDBiogasCHP/MMXU1.PhV.phsC.rangeC.max.i: 0
IEDBiogasCHP/MMXU1.PhV.phsC.rangeC.max.f: 0.0
14:23:47.144 [openiec61850-osi-server-7-thread-1] DEBUG com.beanit.openiec61850.ServerAssociation - sub BDA is:IEDBiogasCHP/MMXU1.PhV.phsC.rangeC.hhLim.i: 0
14:23:47.144 [openiec61850-osi-server-7-thread-1] DEBUG com.beanit.openiec61850.ServerAssociation - sub BDA is:IEDBiogasCHP/MMXU1.PhV.phsC.rangeC.hhLim.f: 0.0
14:23:47.144 [openiec61850-osi-server-7-thread-1] DEBUG com.beanit.openiec61850.ServerAssociation - sub BDA is:IEDBiogasCHP/MMXU1.PhV.phsC.rangeC.hLim.i: 0
14:23:47.144 [openiec61850-osi-server-7-thread-1] DEBUG com.beanit.openiec61850.ServerAssociation - sub BDA is:IEDBiogasCHP/MMXU1.PhV.phsC.rangeC.hLim.f: 0.0
14:23:47.144 [openiec61850-osi-server-7-thread-1] DEBUG com.beanit.openiec61850.ServerAssociation - sub BDA is:IEDBiogasCHP/MMXU1.PhV.phsC.rangeC.lLim.i: 0
14:23:47.144 [openiec61850-osi-server-7-thread-1] DEBUG com.beanit.openiec61850.ServerAssociation - sub BDA is:IEDBiogasCHP/MMXU1.PhV.phsC.rangeC.lLim.f: 0.0
14:23:47.144 [openiec61850-osi-server-7-thread-1] DEBUG com.beanit.openiec61850.ServerAssociation - sub BDA is:IEDBiogasCHP/MMXU1.PhV.phsC.rangeC.llLim.i: 0
14:23:47.144 [openiec61850-osi-server-7-thread-1] DEBUG com.beanit.openiec61850.ServerAssociation - sub BDA is:IEDBiogasCHP/MMXU1.PhV.phsC.rangeC.llLim.f: 0.0
14:23:47.144 [openiec61850-osi-server-7-thread-1] DEBUG com.beanit.openiec61850.ServerAssociation - sub BDA is:IEDBiogasCHP/MMXU1.PhV.phsC.rangeC.min.i: 0
14:23:47.144 [openiec61850-osi-server-7-thread-1] DEBUG com.beanit.openiec61850.ServerAssociation - sub BDA is:IEDBiogasCHP/MMXU1.PhV.phsC.rangeC.min.f: 0.0
14:23:47.144 [openiec61850-osi-server-7-thread-1] DEBUG com.beanit.openiec61850.ServerAssociation - sub BDA is:IEDBiogasCHP/MMXU1.PhV.phsC.rangeC.max.i: 0
14:23:47.144 [openiec61850-osi-server-7-thread-1] DEBUG com.beanit.openiec61850.ServerAssociation - sub BDA is:IEDBiogasCHP/MMXU1.PhV.phsC.rangeC.max.f: 0.0
calling GetDataValues(IEDBiogasCHP/MMXU1.PhV.phsC.rangeC.hhLim)
14:23:47.144 [openiec61850-osi-server-7-thread-1] DEBUG com.beanit.openiec61850.ServerAssociation - Got a GetDataValues request for node: IEDBiogasCHP/MMXU1.PhV.phsC.rangeC.hhLim [CF]
IEDBiogasCHP/MMXU1.PhV.phsC.rangeC.hhLim.i: 0
IEDBiogasCHP/MMXU1.PhV.phsC.rangeC.hhLim.f: 0.0
14:23:47.144 [openiec61850-osi-server-7-thread-1] DEBUG com.beanit.openiec61850.ServerAssociation - sub BDA is:IEDBiogasCHP/MMXU1.PhV.phsC.rangeC.hhLim.i: 0
14:23:47.144 [openiec61850-osi-server-7-thread-1] DEBUG com.beanit.openiec61850.ServerAssociation - sub BDA is:IEDBiogasCHP/MMXU1.PhV.phsC.rangeC.hhLim.f: 0.0
calling GetDataValues(IEDBiogasCHP/MMXU1.PhV.phsC.rangeC.hhLim.i)
14:23:47.144 [openiec61850-osi-server-7-thread-1] DEBUG com.beanit.openiec61850.ServerAssociation - Got a GetDataValues request for node: IEDBiogasCHP/MMXU1.PhV.phsC.rangeC.hhLim.i: 0
calling GetDataValues(IEDBiogasCHP/MMXU1.PhV.phsC.rangeC.hhLim.f)
14:23:47.144 [openiec61850-osi-server-7-thread-1] DEBUG com.beanit.openiec61850.ServerAssociation - Got a GetDataValues request for node: IEDBiogasCHP/MMXU1.PhV.phsC.rangeC.hhLim.f: 0.0
calling GetDataValues(IEDBiogasCHP/MMXU1.PhV.phsC.rangeC.hLim)
14:23:47.144 [openiec61850-osi-server-7-thread-1] DEBUG com.beanit.openiec61850.ServerAssociation - Got a GetDataValues request for node: IEDBiogasCHP/MMXU1.PhV.phsC.rangeC.hLim [CF]
IEDBiogasCHP/MMXU1.PhV.phsC.rangeC.hLim.i: 0
IEDBiogasCHP/MMXU1.PhV.phsC.rangeC.hLim.f: 0.0
14:23:47.144 [openiec61850-osi-server-7-thread-1] DEBUG com.beanit.openiec61850.ServerAssociation - sub BDA is:IEDBiogasCHP/MMXU1.PhV.phsC.rangeC.hLim.i: 0
14:23:47.144 [openiec61850-osi-server-7-thread-1] DEBUG com.beanit.openiec61850.ServerAssociation - sub BDA is:IEDBiogasCHP/MMXU1.PhV.phsC.rangeC.hLim.f: 0.0
calling GetDataValues(IEDBiogasCHP/MMXU1.PhV.phsC.rangeC.hLim.i)
14:23:47.144 [openiec61850-osi-server-7-thread-1] DEBUG com.beanit.openiec61850.ServerAssociation - Got a GetDataValues request for node: IEDBiogasCHP/MMXU1.PhV.phsC.rangeC.hLim.i: 0
calling GetDataValues(IEDBiogasCHP/MMXU1.PhV.phsC.rangeC.hLim.f)
14:23:47.144 [openiec61850-osi-server-7-thread-1] DEBUG com.beanit.openiec61850.ServerAssociation - Got a GetDataValues request for node: IEDBiogasCHP/MMXU1.PhV.phsC.rangeC.hLim.f: 0.0
calling GetDataValues(IEDBiogasCHP/MMXU1.PhV.phsC.rangeC.lLim)
14:23:47.145 [openiec61850-osi-server-7-thread-1] DEBUG com.beanit.openiec61850.ServerAssociation - Got a GetDataValues request for node: IEDBiogasCHP/MMXU1.PhV.phsC.rangeC.lLim [CF]
IEDBiogasCHP/MMXU1.PhV.phsC.rangeC.lLim.i: 0
IEDBiogasCHP/MMXU1.PhV.phsC.rangeC.lLim.f: 0.0
14:23:47.145 [openiec61850-osi-server-7-thread-1] DEBUG com.beanit.openiec61850.ServerAssociation - sub BDA is:IEDBiogasCHP/MMXU1.PhV.phsC.rangeC.lLim.i: 0
14:23:47.145 [openiec61850-osi-server-7-thread-1] DEBUG com.beanit.openiec61850.ServerAssociation - sub BDA is:IEDBiogasCHP/MMXU1.PhV.phsC.rangeC.lLim.f: 0.0
calling GetDataValues(IEDBiogasCHP/MMXU1.PhV.phsC.rangeC.lLim.i)
14:23:47.145 [openiec61850-osi-server-7-thread-1] DEBUG com.beanit.openiec61850.ServerAssociation - Got a GetDataValues request for node: IEDBiogasCHP/MMXU1.PhV.phsC.rangeC.lLim.i: 0
calling GetDataValues(IEDBiogasCHP/MMXU1.PhV.phsC.rangeC.lLim.f)
14:23:47.145 [openiec61850-osi-server-7-thread-1] DEBUG com.beanit.openiec61850.ServerAssociation - Got a GetDataValues request for node: IEDBiogasCHP/MMXU1.PhV.phsC.rangeC.lLim.f: 0.0
calling GetDataValues(IEDBiogasCHP/MMXU1.PhV.phsC.rangeC.llLim)
14:23:47.145 [openiec61850-osi-server-7-thread-1] DEBUG com.beanit.openiec61850.ServerAssociation - Got a GetDataValues request for node: IEDBiogasCHP/MMXU1.PhV.phsC.rangeC.llLim [CF]
IEDBiogasCHP/MMXU1.PhV.phsC.rangeC.llLim.i: 0
IEDBiogasCHP/MMXU1.PhV.phsC.rangeC.llLim.f: 0.0
14:23:47.145 [openiec61850-osi-server-7-thread-1] DEBUG com.beanit.openiec61850.ServerAssociation - sub BDA is:IEDBiogasCHP/MMXU1.PhV.phsC.rangeC.llLim.i: 0
14:23:47.145 [openiec61850-osi-server-7-thread-1] DEBUG com.beanit.openiec61850.ServerAssociation - sub BDA is:IEDBiogasCHP/MMXU1.PhV.phsC.rangeC.llLim.f: 0.0
calling GetDataValues(IEDBiogasCHP/MMXU1.PhV.phsC.rangeC.llLim.i)
14:23:47.145 [openiec61850-osi-server-7-thread-1] DEBUG com.beanit.openiec61850.ServerAssociation - Got a GetDataValues request for node: IEDBiogasCHP/MMXU1.PhV.phsC.rangeC.llLim.i: 0
calling GetDataValues(IEDBiogasCHP/MMXU1.PhV.phsC.rangeC.llLim.f)
14:23:47.145 [openiec61850-osi-server-7-thread-1] DEBUG com.beanit.openiec61850.ServerAssociation - Got a GetDataValues request for node: IEDBiogasCHP/MMXU1.PhV.phsC.rangeC.llLim.f: 0.0
calling GetDataValues(IEDBiogasCHP/MMXU1.PhV.phsC.rangeC.min)
14:23:47.145 [openiec61850-osi-server-7-thread-1] DEBUG com.beanit.openiec61850.ServerAssociation - Got a GetDataValues request for node: IEDBiogasCHP/MMXU1.PhV.phsC.rangeC.min [CF]
IEDBiogasCHP/MMXU1.PhV.phsC.rangeC.min.i: 0
IEDBiogasCHP/MMXU1.PhV.phsC.rangeC.min.f: 0.0
14:23:47.145 [openiec61850-osi-server-7-thread-1] DEBUG com.beanit.openiec61850.ServerAssociation - sub BDA is:IEDBiogasCHP/MMXU1.PhV.phsC.rangeC.min.i: 0
14:23:47.145 [openiec61850-osi-server-7-thread-1] DEBUG com.beanit.openiec61850.ServerAssociation - sub BDA is:IEDBiogasCHP/MMXU1.PhV.phsC.rangeC.min.f: 0.0
calling GetDataValues(IEDBiogasCHP/MMXU1.PhV.phsC.rangeC.min.i)
14:23:47.145 [openiec61850-osi-server-7-thread-1] DEBUG com.beanit.openiec61850.ServerAssociation - Got a GetDataValues request for node: IEDBiogasCHP/MMXU1.PhV.phsC.rangeC.min.i: 0
calling GetDataValues(IEDBiogasCHP/MMXU1.PhV.phsC.rangeC.min.f)
14:23:47.146 [openiec61850-osi-server-7-thread-1] DEBUG com.beanit.openiec61850.ServerAssociation - Got a GetDataValues request for node: IEDBiogasCHP/MMXU1.PhV.phsC.rangeC.min.f: 0.0
calling GetDataValues(IEDBiogasCHP/MMXU1.PhV.phsC.rangeC.max)
14:23:47.146 [openiec61850-osi-server-7-thread-1] DEBUG com.beanit.openiec61850.ServerAssociation - Got a GetDataValues request for node: IEDBiogasCHP/MMXU1.PhV.phsC.rangeC.max [CF]
IEDBiogasCHP/MMXU1.PhV.phsC.rangeC.max.i: 0
IEDBiogasCHP/MMXU1.PhV.phsC.rangeC.max.f: 0.0
14:23:47.146 [openiec61850-osi-server-7-thread-1] DEBUG com.beanit.openiec61850.ServerAssociation - sub BDA is:IEDBiogasCHP/MMXU1.PhV.phsC.rangeC.max.i: 0
14:23:47.146 [openiec61850-osi-server-7-thread-1] DEBUG com.beanit.openiec61850.ServerAssociation - sub BDA is:IEDBiogasCHP/MMXU1.PhV.phsC.rangeC.max.f: 0.0
calling GetDataValues(IEDBiogasCHP/MMXU1.PhV.phsC.rangeC.max.i)
14:23:47.146 [openiec61850-osi-server-7-thread-1] DEBUG com.beanit.openiec61850.ServerAssociation - Got a GetDataValues request for node: IEDBiogasCHP/MMXU1.PhV.phsC.rangeC.max.i: 0
calling GetDataValues(IEDBiogasCHP/MMXU1.PhV.phsC.rangeC.max.f)
14:23:47.146 [openiec61850-osi-server-7-thread-1] DEBUG com.beanit.openiec61850.ServerAssociation - Got a GetDataValues request for node: IEDBiogasCHP/MMXU1.PhV.phsC.rangeC.max.f: 0.0
calling GetDataValues(IEDBiogasCHP/MMXU1.PhV.phsC.magSVC)
14:23:47.146 [openiec61850-osi-server-7-thread-1] DEBUG com.beanit.openiec61850.ServerAssociation - Got a GetDataValues request for node: IEDBiogasCHP/MMXU1.PhV.phsC.magSVC [CF]
IEDBiogasCHP/MMXU1.PhV.phsC.magSVC.scaleFactor: 0.0
IEDBiogasCHP/MMXU1.PhV.phsC.magSVC.offset: 0.0
14:23:47.146 [openiec61850-osi-server-7-thread-1] DEBUG com.beanit.openiec61850.ServerAssociation - sub BDA is:IEDBiogasCHP/MMXU1.PhV.phsC.magSVC.scaleFactor: 0.0
14:23:47.146 [openiec61850-osi-server-7-thread-1] DEBUG com.beanit.openiec61850.ServerAssociation - sub BDA is:IEDBiogasCHP/MMXU1.PhV.phsC.magSVC.offset: 0.0
calling GetDataValues(IEDBiogasCHP/MMXU1.PhV.phsC.magSVC.scaleFactor)
14:23:47.146 [openiec61850-osi-server-7-thread-1] DEBUG com.beanit.openiec61850.ServerAssociation - Got a GetDataValues request for node: IEDBiogasCHP/MMXU1.PhV.phsC.magSVC.scaleFactor: 0.0
calling GetDataValues(IEDBiogasCHP/MMXU1.PhV.phsC.magSVC.offset)
14:23:47.146 [openiec61850-osi-server-7-thread-1] DEBUG com.beanit.openiec61850.ServerAssociation - Got a GetDataValues request for node: IEDBiogasCHP/MMXU1.PhV.phsC.magSVC.offset: 0.0
calling GetDataValues(IEDBiogasCHP/MMXU1.PhV.phsC.angSVC)
14:23:47.146 [openiec61850-osi-server-7-thread-1] DEBUG com.beanit.openiec61850.ServerAssociation - Got a GetDataValues request for node: IEDBiogasCHP/MMXU1.PhV.phsC.angSVC [CF]
IEDBiogasCHP/MMXU1.PhV.phsC.angSVC.scaleFactor: 0.0
IEDBiogasCHP/MMXU1.PhV.phsC.angSVC.offset: 0.0
14:23:47.146 [openiec61850-osi-server-7-thread-1] DEBUG com.beanit.openiec61850.ServerAssociation - sub BDA is:IEDBiogasCHP/MMXU1.PhV.phsC.angSVC.scaleFactor: 0.0
14:23:47.146 [openiec61850-osi-server-7-thread-1] DEBUG com.beanit.openiec61850.ServerAssociation - sub BDA is:IEDBiogasCHP/MMXU1.PhV.phsC.angSVC.offset: 0.0
calling GetDataValues(IEDBiogasCHP/MMXU1.PhV.phsC.angSVC.scaleFactor)
14:23:47.147 [openiec61850-osi-server-7-thread-1] DEBUG com.beanit.openiec61850.ServerAssociation - Got a GetDataValues request for node: IEDBiogasCHP/MMXU1.PhV.phsC.angSVC.scaleFactor: 0.0
calling GetDataValues(IEDBiogasCHP/MMXU1.PhV.phsC.angSVC.offset)
14:23:47.147 [openiec61850-osi-server-7-thread-1] DEBUG com.beanit.openiec61850.ServerAssociation - Got a GetDataValues request for node: IEDBiogasCHP/MMXU1.PhV.phsC.angSVC.offset: 0.0
calling GetDataValues(IEDBiogasCHP/MMXU1.PhV.phsC.angRef)
14:23:47.147 [openiec61850-osi-server-7-thread-1] DEBUG com.beanit.openiec61850.ServerAssociation - Got a GetDataValues request for node: IEDBiogasCHP/MMXU1.PhV.phsC.angRef: 0
calling GetDataValues(IEDBiogasCHP/MMXU1.PhV.phsC.smpRate)
14:23:47.147 [openiec61850-osi-server-7-thread-1] DEBUG com.beanit.openiec61850.ServerAssociation - Got a GetDataValues request for node: IEDBiogasCHP/MMXU1.PhV.phsC.smpRate: 0
calling GetDataValues(IEDBiogasCHP/MMXU1.PhV.neut)
14:23:47.147 [openiec61850-osi-server-7-thread-1] DEBUG com.beanit.openiec61850.ServerAssociation - Got a GetDataValues request for node: IEDBiogasCHP/MMXU1.PhV.neut [CF]
IEDBiogasCHP/MMXU1.PhV.neut.units [CF]
IEDBiogasCHP/MMXU1.PhV.neut.units.SIUnit: 0
IEDBiogasCHP/MMXU1.PhV.neut.units.multiplier: 0
IEDBiogasCHP/MMXU1.PhV.neut.db: 0
IEDBiogasCHP/MMXU1.PhV.neut.zeroDb: 0
IEDBiogasCHP/MMXU1.PhV.neut.rangeC [CF]
IEDBiogasCHP/MMXU1.PhV.neut.rangeC.hhLim [CF]
IEDBiogasCHP/MMXU1.PhV.neut.rangeC.hhLim.i: 0
IEDBiogasCHP/MMXU1.PhV.neut.rangeC.hhLim.f: 0.0
IEDBiogasCHP/MMXU1.PhV.neut.rangeC.hLim [CF]
IEDBiogasCHP/MMXU1.PhV.neut.rangeC.hLim.i: 0
IEDBiogasCHP/MMXU1.PhV.neut.rangeC.hLim.f: 0.0
IEDBiogasCHP/MMXU1.PhV.neut.rangeC.lLim [CF]
IEDBiogasCHP/MMXU1.PhV.neut.rangeC.lLim.i: 0
IEDBiogasCHP/MMXU1.PhV.neut.rangeC.lLim.f: 0.0
IEDBiogasCHP/MMXU1.PhV.neut.rangeC.llLim [CF]
IEDBiogasCHP/MMXU1.PhV.neut.rangeC.llLim.i: 0
IEDBiogasCHP/MMXU1.PhV.neut.rangeC.llLim.f: 0.0
IEDBiogasCHP/MMXU1.PhV.neut.rangeC.min [CF]
IEDBiogasCHP/MMXU1.PhV.neut.rangeC.min.i: 0
IEDBiogasCHP/MMXU1.PhV.neut.rangeC.min.f: 0.0
IEDBiogasCHP/MMXU1.PhV.neut.rangeC.max [CF]
IEDBiogasCHP/MMXU1.PhV.neut.rangeC.max.i: 0
IEDBiogasCHP/MMXU1.PhV.neut.rangeC.max.f: 0.0
IEDBiogasCHP/MMXU1.PhV.neut.magSVC [CF]
IEDBiogasCHP/MMXU1.PhV.neut.magSVC.scaleFactor: 0.0
IEDBiogasCHP/MMXU1.PhV.neut.magSVC.offset: 0.0
IEDBiogasCHP/MMXU1.PhV.neut.angSVC [CF]
IEDBiogasCHP/MMXU1.PhV.neut.angSVC.scaleFactor: 0.0
IEDBiogasCHP/MMXU1.PhV.neut.angSVC.offset: 0.0
IEDBiogasCHP/MMXU1.PhV.neut.angRef: 0
IEDBiogasCHP/MMXU1.PhV.neut.smpRate: 0
14:23:47.147 [openiec61850-osi-server-7-thread-1] DEBUG com.beanit.openiec61850.ServerAssociation - sub BDA is:IEDBiogasCHP/MMXU1.PhV.neut.units.SIUnit: 0
14:23:47.147 [openiec61850-osi-server-7-thread-1] DEBUG com.beanit.openiec61850.ServerAssociation - sub BDA is:IEDBiogasCHP/MMXU1.PhV.neut.units.multiplier: 0
14:23:47.147 [openiec61850-osi-server-7-thread-1] DEBUG com.beanit.openiec61850.ServerAssociation - sub BDA is:IEDBiogasCHP/MMXU1.PhV.neut.db: 0
14:23:47.147 [openiec61850-osi-server-7-thread-1] DEBUG com.beanit.openiec61850.ServerAssociation - sub BDA is:IEDBiogasCHP/MMXU1.PhV.neut.zeroDb: 0
14:23:47.147 [openiec61850-osi-server-7-thread-1] DEBUG com.beanit.openiec61850.ServerAssociation - sub BDA is:IEDBiogasCHP/MMXU1.PhV.neut.rangeC.hhLim.i: 0
14:23:47.147 [openiec61850-osi-server-7-thread-1] DEBUG com.beanit.openiec61850.ServerAssociation - sub BDA is:IEDBiogasCHP/MMXU1.PhV.neut.rangeC.hhLim.f: 0.0
14:23:47.147 [openiec61850-osi-server-7-thread-1] DEBUG com.beanit.openiec61850.ServerAssociation - sub BDA is:IEDBiogasCHP/MMXU1.PhV.neut.rangeC.hLim.i: 0
14:23:47.147 [openiec61850-osi-server-7-thread-1] DEBUG com.beanit.openiec61850.ServerAssociation - sub BDA is:IEDBiogasCHP/MMXU1.PhV.neut.rangeC.hLim.f: 0.0
14:23:47.147 [openiec61850-osi-server-7-thread-1] DEBUG com.beanit.openiec61850.ServerAssociation - sub BDA is:IEDBiogasCHP/MMXU1.PhV.neut.rangeC.lLim.i: 0
14:23:47.147 [openiec61850-osi-server-7-thread-1] DEBUG com.beanit.openiec61850.ServerAssociation - sub BDA is:IEDBiogasCHP/MMXU1.PhV.neut.rangeC.lLim.f: 0.0
14:23:47.147 [openiec61850-osi-server-7-thread-1] DEBUG com.beanit.openiec61850.ServerAssociation - sub BDA is:IEDBiogasCHP/MMXU1.PhV.neut.rangeC.llLim.i: 0
14:23:47.147 [openiec61850-osi-server-7-thread-1] DEBUG com.beanit.openiec61850.ServerAssociation - sub BDA is:IEDBiogasCHP/MMXU1.PhV.neut.rangeC.llLim.f: 0.0
14:23:47.147 [openiec61850-osi-server-7-thread-1] DEBUG com.beanit.openiec61850.ServerAssociation - sub BDA is:IEDBiogasCHP/MMXU1.PhV.neut.rangeC.min.i: 0
14:23:47.147 [openiec61850-osi-server-7-thread-1] DEBUG com.beanit.openiec61850.ServerAssociation - sub BDA is:IEDBiogasCHP/MMXU1.PhV.neut.rangeC.min.f: 0.0
14:23:47.147 [openiec61850-osi-server-7-thread-1] DEBUG com.beanit.openiec61850.ServerAssociation - sub BDA is:IEDBiogasCHP/MMXU1.PhV.neut.rangeC.max.i: 0
14:23:47.147 [openiec61850-osi-server-7-thread-1] DEBUG com.beanit.openiec61850.ServerAssociation - sub BDA is:IEDBiogasCHP/MMXU1.PhV.neut.rangeC.max.f: 0.0
14:23:47.147 [openiec61850-osi-server-7-thread-1] DEBUG com.beanit.openiec61850.ServerAssociation - sub BDA is:IEDBiogasCHP/MMXU1.PhV.neut.magSVC.scaleFactor: 0.0
14:23:47.147 [openiec61850-osi-server-7-thread-1] DEBUG com.beanit.openiec61850.ServerAssociation - sub BDA is:IEDBiogasCHP/MMXU1.PhV.neut.magSVC.offset: 0.0
14:23:47.147 [openiec61850-osi-server-7-thread-1] DEBUG com.beanit.openiec61850.ServerAssociation - sub BDA is:IEDBiogasCHP/MMXU1.PhV.neut.angSVC.scaleFactor: 0.0
14:23:47.147 [openiec61850-osi-server-7-thread-1] DEBUG com.beanit.openiec61850.ServerAssociation - sub BDA is:IEDBiogasCHP/MMXU1.PhV.neut.angSVC.offset: 0.0
14:23:47.147 [openiec61850-osi-server-7-thread-1] DEBUG com.beanit.openiec61850.ServerAssociation - sub BDA is:IEDBiogasCHP/MMXU1.PhV.neut.angRef: 0
14:23:47.147 [openiec61850-osi-server-7-thread-1] DEBUG com.beanit.openiec61850.ServerAssociation - sub BDA is:IEDBiogasCHP/MMXU1.PhV.neut.smpRate: 0
calling GetDataValues(IEDBiogasCHP/MMXU1.PhV.neut.units)
14:23:47.147 [openiec61850-osi-server-7-thread-1] DEBUG com.beanit.openiec61850.ServerAssociation - Got a GetDataValues request for node: IEDBiogasCHP/MMXU1.PhV.neut.units [CF]
IEDBiogasCHP/MMXU1.PhV.neut.units.SIUnit: 0
IEDBiogasCHP/MMXU1.PhV.neut.units.multiplier: 0
14:23:47.147 [openiec61850-osi-server-7-thread-1] DEBUG com.beanit.openiec61850.ServerAssociation - sub BDA is:IEDBiogasCHP/MMXU1.PhV.neut.units.SIUnit: 0
14:23:47.147 [openiec61850-osi-server-7-thread-1] DEBUG com.beanit.openiec61850.ServerAssociation - sub BDA is:IEDBiogasCHP/MMXU1.PhV.neut.units.multiplier: 0
calling GetDataValues(IEDBiogasCHP/MMXU1.PhV.neut.units.SIUnit)
14:23:47.148 [openiec61850-osi-server-7-thread-1] DEBUG com.beanit.openiec61850.ServerAssociation - Got a GetDataValues request for node: IEDBiogasCHP/MMXU1.PhV.neut.units.SIUnit: 0
calling GetDataValues(IEDBiogasCHP/MMXU1.PhV.neut.units.multiplier)
14:23:47.148 [openiec61850-osi-server-7-thread-1] DEBUG com.beanit.openiec61850.ServerAssociation - Got a GetDataValues request for node: IEDBiogasCHP/MMXU1.PhV.neut.units.multiplier: 0
calling GetDataValues(IEDBiogasCHP/MMXU1.PhV.neut.db)
14:23:47.148 [openiec61850-osi-server-7-thread-1] DEBUG com.beanit.openiec61850.ServerAssociation - Got a GetDataValues request for node: IEDBiogasCHP/MMXU1.PhV.neut.db: 0
calling GetDataValues(IEDBiogasCHP/MMXU1.PhV.neut.zeroDb)
14:23:47.148 [openiec61850-osi-server-7-thread-1] DEBUG com.beanit.openiec61850.ServerAssociation - Got a GetDataValues request for node: IEDBiogasCHP/MMXU1.PhV.neut.zeroDb: 0
calling GetDataValues(IEDBiogasCHP/MMXU1.PhV.neut.rangeC)
14:23:47.148 [openiec61850-osi-server-7-thread-1] DEBUG com.beanit.openiec61850.ServerAssociation - Got a GetDataValues request for node: IEDBiogasCHP/MMXU1.PhV.neut.rangeC [CF]
IEDBiogasCHP/MMXU1.PhV.neut.rangeC.hhLim [CF]
IEDBiogasCHP/MMXU1.PhV.neut.rangeC.hhLim.i: 0
IEDBiogasCHP/MMXU1.PhV.neut.rangeC.hhLim.f: 0.0
IEDBiogasCHP/MMXU1.PhV.neut.rangeC.hLim [CF]
IEDBiogasCHP/MMXU1.PhV.neut.rangeC.hLim.i: 0
IEDBiogasCHP/MMXU1.PhV.neut.rangeC.hLim.f: 0.0
IEDBiogasCHP/MMXU1.PhV.neut.rangeC.lLim [CF]
IEDBiogasCHP/MMXU1.PhV.neut.rangeC.lLim.i: 0
IEDBiogasCHP/MMXU1.PhV.neut.rangeC.lLim.f: 0.0
IEDBiogasCHP/MMXU1.PhV.neut.rangeC.llLim [CF]
IEDBiogasCHP/MMXU1.PhV.neut.rangeC.llLim.i: 0
IEDBiogasCHP/MMXU1.PhV.neut.rangeC.llLim.f: 0.0
IEDBiogasCHP/MMXU1.PhV.neut.rangeC.min [CF]
IEDBiogasCHP/MMXU1.PhV.neut.rangeC.min.i: 0
IEDBiogasCHP/MMXU1.PhV.neut.rangeC.min.f: 0.0
IEDBiogasCHP/MMXU1.PhV.neut.rangeC.max [CF]
IEDBiogasCHP/MMXU1.PhV.neut.rangeC.max.i: 0
IEDBiogasCHP/MMXU1.PhV.neut.rangeC.max.f: 0.0
14:23:47.148 [openiec61850-osi-server-7-thread-1] DEBUG com.beanit.openiec61850.ServerAssociation - sub BDA is:IEDBiogasCHP/MMXU1.PhV.neut.rangeC.hhLim.i: 0
14:23:47.148 [openiec61850-osi-server-7-thread-1] DEBUG com.beanit.openiec61850.ServerAssociation - sub BDA is:IEDBiogasCHP/MMXU1.PhV.neut.rangeC.hhLim.f: 0.0
14:23:47.148 [openiec61850-osi-server-7-thread-1] DEBUG com.beanit.openiec61850.ServerAssociation - sub BDA is:IEDBiogasCHP/MMXU1.PhV.neut.rangeC.hLim.i: 0
14:23:47.148 [openiec61850-osi-server-7-thread-1] DEBUG com.beanit.openiec61850.ServerAssociation - sub BDA is:IEDBiogasCHP/MMXU1.PhV.neut.rangeC.hLim.f: 0.0
14:23:47.148 [openiec61850-osi-server-7-thread-1] DEBUG com.beanit.openiec61850.ServerAssociation - sub BDA is:IEDBiogasCHP/MMXU1.PhV.neut.rangeC.lLim.i: 0
14:23:47.148 [openiec61850-osi-server-7-thread-1] DEBUG com.beanit.openiec61850.ServerAssociation - sub BDA is:IEDBiogasCHP/MMXU1.PhV.neut.rangeC.lLim.f: 0.0
14:23:47.148 [openiec61850-osi-server-7-thread-1] DEBUG com.beanit.openiec61850.ServerAssociation - sub BDA is:IEDBiogasCHP/MMXU1.PhV.neut.rangeC.llLim.i: 0
14:23:47.148 [openiec61850-osi-server-7-thread-1] DEBUG com.beanit.openiec61850.ServerAssociation - sub BDA is:IEDBiogasCHP/MMXU1.PhV.neut.rangeC.llLim.f: 0.0
14:23:47.148 [openiec61850-osi-server-7-thread-1] DEBUG com.beanit.openiec61850.ServerAssociation - sub BDA is:IEDBiogasCHP/MMXU1.PhV.neut.rangeC.min.i: 0
14:23:47.148 [openiec61850-osi-server-7-thread-1] DEBUG com.beanit.openiec61850.ServerAssociation - sub BDA is:IEDBiogasCHP/MMXU1.PhV.neut.rangeC.min.f: 0.0
14:23:47.148 [openiec61850-osi-server-7-thread-1] DEBUG com.beanit.openiec61850.ServerAssociation - sub BDA is:IEDBiogasCHP/MMXU1.PhV.neut.rangeC.max.i: 0
14:23:47.148 [openiec61850-osi-server-7-thread-1] DEBUG com.beanit.openiec61850.ServerAssociation - sub BDA is:IEDBiogasCHP/MMXU1.PhV.neut.rangeC.max.f: 0.0
calling GetDataValues(IEDBiogasCHP/MMXU1.PhV.neut.rangeC.hhLim)
14:23:47.148 [openiec61850-osi-server-7-thread-1] DEBUG com.beanit.openiec61850.ServerAssociation - Got a GetDataValues request for node: IEDBiogasCHP/MMXU1.PhV.neut.rangeC.hhLim [CF]
IEDBiogasCHP/MMXU1.PhV.neut.rangeC.hhLim.i: 0
IEDBiogasCHP/MMXU1.PhV.neut.rangeC.hhLim.f: 0.0
14:23:47.148 [openiec61850-osi-server-7-thread-1] DEBUG com.beanit.openiec61850.ServerAssociation - sub BDA is:IEDBiogasCHP/MMXU1.PhV.neut.rangeC.hhLim.i: 0
14:23:47.148 [openiec61850-osi-server-7-thread-1] DEBUG com.beanit.openiec61850.ServerAssociation - sub BDA is:IEDBiogasCHP/MMXU1.PhV.neut.rangeC.hhLim.f: 0.0
calling GetDataValues(IEDBiogasCHP/MMXU1.PhV.neut.rangeC.hhLim.i)
14:23:47.148 [openiec61850-osi-server-7-thread-1] DEBUG com.beanit.openiec61850.ServerAssociation - Got a GetDataValues request for node: IEDBiogasCHP/MMXU1.PhV.neut.rangeC.hhLim.i: 0
calling GetDataValues(IEDBiogasCHP/MMXU1.PhV.neut.rangeC.hhLim.f)
14:23:47.149 [openiec61850-osi-server-7-thread-1] DEBUG com.beanit.openiec61850.ServerAssociation - Got a GetDataValues request for node: IEDBiogasCHP/MMXU1.PhV.neut.rangeC.hhLim.f: 0.0
calling GetDataValues(IEDBiogasCHP/MMXU1.PhV.neut.rangeC.hLim)
14:23:47.149 [openiec61850-osi-server-7-thread-1] DEBUG com.beanit.openiec61850.ServerAssociation - Got a GetDataValues request for node: IEDBiogasCHP/MMXU1.PhV.neut.rangeC.hLim [CF]
IEDBiogasCHP/MMXU1.PhV.neut.rangeC.hLim.i: 0
IEDBiogasCHP/MMXU1.PhV.neut.rangeC.hLim.f: 0.0
14:23:47.149 [openiec61850-osi-server-7-thread-1] DEBUG com.beanit.openiec61850.ServerAssociation - sub BDA is:IEDBiogasCHP/MMXU1.PhV.neut.rangeC.hLim.i: 0
14:23:47.149 [openiec61850-osi-server-7-thread-1] DEBUG com.beanit.openiec61850.ServerAssociation - sub BDA is:IEDBiogasCHP/MMXU1.PhV.neut.rangeC.hLim.f: 0.0
calling GetDataValues(IEDBiogasCHP/MMXU1.PhV.neut.rangeC.hLim.i)
14:23:47.149 [openiec61850-osi-server-7-thread-1] DEBUG com.beanit.openiec61850.ServerAssociation - Got a GetDataValues request for node: IEDBiogasCHP/MMXU1.PhV.neut.rangeC.hLim.i: 0
calling GetDataValues(IEDBiogasCHP/MMXU1.PhV.neut.rangeC.hLim.f)
14:23:47.149 [openiec61850-osi-server-7-thread-1] DEBUG com.beanit.openiec61850.ServerAssociation - Got a GetDataValues request for node: IEDBiogasCHP/MMXU1.PhV.neut.rangeC.hLim.f: 0.0
calling GetDataValues(IEDBiogasCHP/MMXU1.PhV.neut.rangeC.lLim)
14:23:47.149 [openiec61850-osi-server-7-thread-1] DEBUG com.beanit.openiec61850.ServerAssociation - Got a GetDataValues request for node: IEDBiogasCHP/MMXU1.PhV.neut.rangeC.lLim [CF]
IEDBiogasCHP/MMXU1.PhV.neut.rangeC.lLim.i: 0
IEDBiogasCHP/MMXU1.PhV.neut.rangeC.lLim.f: 0.0
14:23:47.149 [openiec61850-osi-server-7-thread-1] DEBUG com.beanit.openiec61850.ServerAssociation - sub BDA is:IEDBiogasCHP/MMXU1.PhV.neut.rangeC.lLim.i: 0
14:23:47.149 [openiec61850-osi-server-7-thread-1] DEBUG com.beanit.openiec61850.ServerAssociation - sub BDA is:IEDBiogasCHP/MMXU1.PhV.neut.rangeC.lLim.f: 0.0
calling GetDataValues(IEDBiogasCHP/MMXU1.PhV.neut.rangeC.lLim.i)
14:23:47.149 [openiec61850-osi-server-7-thread-1] DEBUG com.beanit.openiec61850.ServerAssociation - Got a GetDataValues request for node: IEDBiogasCHP/MMXU1.PhV.neut.rangeC.lLim.i: 0
calling GetDataValues(IEDBiogasCHP/MMXU1.PhV.neut.rangeC.lLim.f)
14:23:47.149 [openiec61850-osi-server-7-thread-1] DEBUG com.beanit.openiec61850.ServerAssociation - Got a GetDataValues request for node: IEDBiogasCHP/MMXU1.PhV.neut.rangeC.lLim.f: 0.0
calling GetDataValues(IEDBiogasCHP/MMXU1.PhV.neut.rangeC.llLim)
14:23:47.149 [openiec61850-osi-server-7-thread-1] DEBUG com.beanit.openiec61850.ServerAssociation - Got a GetDataValues request for node: IEDBiogasCHP/MMXU1.PhV.neut.rangeC.llLim [CF]
IEDBiogasCHP/MMXU1.PhV.neut.rangeC.llLim.i: 0
IEDBiogasCHP/MMXU1.PhV.neut.rangeC.llLim.f: 0.0
14:23:47.149 [openiec61850-osi-server-7-thread-1] DEBUG com.beanit.openiec61850.ServerAssociation - sub BDA is:IEDBiogasCHP/MMXU1.PhV.neut.rangeC.llLim.i: 0
14:23:47.149 [openiec61850-osi-server-7-thread-1] DEBUG com.beanit.openiec61850.ServerAssociation - sub BDA is:IEDBiogasCHP/MMXU1.PhV.neut.rangeC.llLim.f: 0.0
calling GetDataValues(IEDBiogasCHP/MMXU1.PhV.neut.rangeC.llLim.i)
14:23:47.150 [openiec61850-osi-server-7-thread-1] DEBUG com.beanit.openiec61850.ServerAssociation - Got a GetDataValues request for node: IEDBiogasCHP/MMXU1.PhV.neut.rangeC.llLim.i: 0
calling GetDataValues(IEDBiogasCHP/MMXU1.PhV.neut.rangeC.llLim.f)
14:23:47.150 [openiec61850-osi-server-7-thread-1] DEBUG com.beanit.openiec61850.ServerAssociation - Got a GetDataValues request for node: IEDBiogasCHP/MMXU1.PhV.neut.rangeC.llLim.f: 0.0
calling GetDataValues(IEDBiogasCHP/MMXU1.PhV.neut.rangeC.min)
14:23:47.150 [openiec61850-osi-server-7-thread-1] DEBUG com.beanit.openiec61850.ServerAssociation - Got a GetDataValues request for node: IEDBiogasCHP/MMXU1.PhV.neut.rangeC.min [CF]
IEDBiogasCHP/MMXU1.PhV.neut.rangeC.min.i: 0
IEDBiogasCHP/MMXU1.PhV.neut.rangeC.min.f: 0.0
14:23:47.150 [openiec61850-osi-server-7-thread-1] DEBUG com.beanit.openiec61850.ServerAssociation - sub BDA is:IEDBiogasCHP/MMXU1.PhV.neut.rangeC.min.i: 0
14:23:47.150 [openiec61850-osi-server-7-thread-1] DEBUG com.beanit.openiec61850.ServerAssociation - sub BDA is:IEDBiogasCHP/MMXU1.PhV.neut.rangeC.min.f: 0.0
calling GetDataValues(IEDBiogasCHP/MMXU1.PhV.neut.rangeC.min.i)
14:23:47.150 [openiec61850-osi-server-7-thread-1] DEBUG com.beanit.openiec61850.ServerAssociation - Got a GetDataValues request for node: IEDBiogasCHP/MMXU1.PhV.neut.rangeC.min.i: 0
calling GetDataValues(IEDBiogasCHP/MMXU1.PhV.neut.rangeC.min.f)
14:23:47.150 [openiec61850-osi-server-7-thread-1] DEBUG com.beanit.openiec61850.ServerAssociation - Got a GetDataValues request for node: IEDBiogasCHP/MMXU1.PhV.neut.rangeC.min.f: 0.0
calling GetDataValues(IEDBiogasCHP/MMXU1.PhV.neut.rangeC.max)
14:23:47.150 [openiec61850-osi-server-7-thread-1] DEBUG com.beanit.openiec61850.ServerAssociation - Got a GetDataValues request for node: IEDBiogasCHP/MMXU1.PhV.neut.rangeC.max [CF]
IEDBiogasCHP/MMXU1.PhV.neut.rangeC.max.i: 0
IEDBiogasCHP/MMXU1.PhV.neut.rangeC.max.f: 0.0
14:23:47.150 [openiec61850-osi-server-7-thread-1] DEBUG com.beanit.openiec61850.ServerAssociation - sub BDA is:IEDBiogasCHP/MMXU1.PhV.neut.rangeC.max.i: 0
14:23:47.150 [openiec61850-osi-server-7-thread-1] DEBUG com.beanit.openiec61850.ServerAssociation - sub BDA is:IEDBiogasCHP/MMXU1.PhV.neut.rangeC.max.f: 0.0
calling GetDataValues(IEDBiogasCHP/MMXU1.PhV.neut.rangeC.max.i)
14:23:47.150 [openiec61850-osi-server-7-thread-1] DEBUG com.beanit.openiec61850.ServerAssociation - Got a GetDataValues request for node: IEDBiogasCHP/MMXU1.PhV.neut.rangeC.max.i: 0
calling GetDataValues(IEDBiogasCHP/MMXU1.PhV.neut.rangeC.max.f)
14:23:47.150 [openiec61850-osi-server-7-thread-1] DEBUG com.beanit.openiec61850.ServerAssociation - Got a GetDataValues request for node: IEDBiogasCHP/MMXU1.PhV.neut.rangeC.max.f: 0.0
calling GetDataValues(IEDBiogasCHP/MMXU1.PhV.neut.magSVC)
14:23:47.151 [openiec61850-osi-server-7-thread-1] DEBUG com.beanit.openiec61850.ServerAssociation - Got a GetDataValues request for node: IEDBiogasCHP/MMXU1.PhV.neut.magSVC [CF]
IEDBiogasCHP/MMXU1.PhV.neut.magSVC.scaleFactor: 0.0
IEDBiogasCHP/MMXU1.PhV.neut.magSVC.offset: 0.0
14:23:47.151 [openiec61850-osi-server-7-thread-1] DEBUG com.beanit.openiec61850.ServerAssociation - sub BDA is:IEDBiogasCHP/MMXU1.PhV.neut.magSVC.scaleFactor: 0.0
14:23:47.151 [openiec61850-osi-server-7-thread-1] DEBUG com.beanit.openiec61850.ServerAssociation - sub BDA is:IEDBiogasCHP/MMXU1.PhV.neut.magSVC.offset: 0.0
calling GetDataValues(IEDBiogasCHP/MMXU1.PhV.neut.magSVC.scaleFactor)
14:23:47.151 [openiec61850-osi-server-7-thread-1] DEBUG com.beanit.openiec61850.ServerAssociation - Got a GetDataValues request for node: IEDBiogasCHP/MMXU1.PhV.neut.magSVC.scaleFactor: 0.0
calling GetDataValues(IEDBiogasCHP/MMXU1.PhV.neut.magSVC.offset)
14:23:47.151 [openiec61850-osi-server-7-thread-1] DEBUG com.beanit.openiec61850.ServerAssociation - Got a GetDataValues request for node: IEDBiogasCHP/MMXU1.PhV.neut.magSVC.offset: 0.0
calling GetDataValues(IEDBiogasCHP/MMXU1.PhV.neut.angSVC)
14:23:47.151 [openiec61850-osi-server-7-thread-1] DEBUG com.beanit.openiec61850.ServerAssociation - Got a GetDataValues request for node: IEDBiogasCHP/MMXU1.PhV.neut.angSVC [CF]
IEDBiogasCHP/MMXU1.PhV.neut.angSVC.scaleFactor: 0.0
IEDBiogasCHP/MMXU1.PhV.neut.angSVC.offset: 0.0
14:23:47.151 [openiec61850-osi-server-7-thread-1] DEBUG com.beanit.openiec61850.ServerAssociation - sub BDA is:IEDBiogasCHP/MMXU1.PhV.neut.angSVC.scaleFactor: 0.0
14:23:47.151 [openiec61850-osi-server-7-thread-1] DEBUG com.beanit.openiec61850.ServerAssociation - sub BDA is:IEDBiogasCHP/MMXU1.PhV.neut.angSVC.offset: 0.0
calling GetDataValues(IEDBiogasCHP/MMXU1.PhV.neut.angSVC.scaleFactor)
14:23:47.151 [openiec61850-osi-server-7-thread-1] DEBUG com.beanit.openiec61850.ServerAssociation - Got a GetDataValues request for node: IEDBiogasCHP/MMXU1.PhV.neut.angSVC.scaleFactor: 0.0
calling GetDataValues(IEDBiogasCHP/MMXU1.PhV.neut.angSVC.offset)
14:23:47.151 [openiec61850-osi-server-7-thread-1] DEBUG com.beanit.openiec61850.ServerAssociation - Got a GetDataValues request for node: IEDBiogasCHP/MMXU1.PhV.neut.angSVC.offset: 0.0
calling GetDataValues(IEDBiogasCHP/MMXU1.PhV.neut.angRef)
14:23:47.151 [openiec61850-osi-server-7-thread-1] DEBUG com.beanit.openiec61850.ServerAssociation - Got a GetDataValues request for node: IEDBiogasCHP/MMXU1.PhV.neut.angRef: 0
calling GetDataValues(IEDBiogasCHP/MMXU1.PhV.neut.smpRate)
14:23:47.151 [openiec61850-osi-server-7-thread-1] DEBUG com.beanit.openiec61850.ServerAssociation - Got a GetDataValues request for node: IEDBiogasCHP/MMXU1.PhV.neut.smpRate: 0
calling GetDataValues(IEDBiogasCHP/MMXU1.PhV.net)
14:23:47.152 [openiec61850-osi-server-7-thread-1] DEBUG com.beanit.openiec61850.ServerAssociation - Got a GetDataValues request for node: IEDBiogasCHP/MMXU1.PhV.net [CF]
IEDBiogasCHP/MMXU1.PhV.net.units [CF]
IEDBiogasCHP/MMXU1.PhV.net.units.SIUnit: 0
IEDBiogasCHP/MMXU1.PhV.net.units.multiplier: 0
IEDBiogasCHP/MMXU1.PhV.net.db: 0
IEDBiogasCHP/MMXU1.PhV.net.zeroDb: 0
IEDBiogasCHP/MMXU1.PhV.net.rangeC [CF]
IEDBiogasCHP/MMXU1.PhV.net.rangeC.hhLim [CF]
IEDBiogasCHP/MMXU1.PhV.net.rangeC.hhLim.i: 0
IEDBiogasCHP/MMXU1.PhV.net.rangeC.hhLim.f: 0.0
IEDBiogasCHP/MMXU1.PhV.net.rangeC.hLim [CF]
IEDBiogasCHP/MMXU1.PhV.net.rangeC.hLim.i: 0
IEDBiogasCHP/MMXU1.PhV.net.rangeC.hLim.f: 0.0
IEDBiogasCHP/MMXU1.PhV.net.rangeC.lLim [CF]
IEDBiogasCHP/MMXU1.PhV.net.rangeC.lLim.i: 0
IEDBiogasCHP/MMXU1.PhV.net.rangeC.lLim.f: 0.0
IEDBiogasCHP/MMXU1.PhV.net.rangeC.llLim [CF]
IEDBiogasCHP/MMXU1.PhV.net.rangeC.llLim.i: 0
IEDBiogasCHP/MMXU1.PhV.net.rangeC.llLim.f: 0.0
IEDBiogasCHP/MMXU1.PhV.net.rangeC.min [CF]
IEDBiogasCHP/MMXU1.PhV.net.rangeC.min.i: 0
IEDBiogasCHP/MMXU1.PhV.net.rangeC.min.f: 0.0
IEDBiogasCHP/MMXU1.PhV.net.rangeC.max [CF]
IEDBiogasCHP/MMXU1.PhV.net.rangeC.max.i: 0
IEDBiogasCHP/MMXU1.PhV.net.rangeC.max.f: 0.0
IEDBiogasCHP/MMXU1.PhV.net.magSVC [CF]
IEDBiogasCHP/MMXU1.PhV.net.magSVC.scaleFactor: 0.0
IEDBiogasCHP/MMXU1.PhV.net.magSVC.offset: 0.0
IEDBiogasCHP/MMXU1.PhV.net.angSVC [CF]
IEDBiogasCHP/MMXU1.PhV.net.angSVC.scaleFactor: 0.0
IEDBiogasCHP/MMXU1.PhV.net.angSVC.offset: 0.0
IEDBiogasCHP/MMXU1.PhV.net.angRef: 0
IEDBiogasCHP/MMXU1.PhV.net.smpRate: 0
14:23:47.152 [openiec61850-osi-server-7-thread-1] DEBUG com.beanit.openiec61850.ServerAssociation - sub BDA is:IEDBiogasCHP/MMXU1.PhV.net.units.SIUnit: 0
14:23:47.152 [openiec61850-osi-server-7-thread-1] DEBUG com.beanit.openiec61850.ServerAssociation - sub BDA is:IEDBiogasCHP/MMXU1.PhV.net.units.multiplier: 0
14:23:47.152 [openiec61850-osi-server-7-thread-1] DEBUG com.beanit.openiec61850.ServerAssociation - sub BDA is:IEDBiogasCHP/MMXU1.PhV.net.db: 0
14:23:47.152 [openiec61850-osi-server-7-thread-1] DEBUG com.beanit.openiec61850.ServerAssociation - sub BDA is:IEDBiogasCHP/MMXU1.PhV.net.zeroDb: 0
14:23:47.152 [openiec61850-osi-server-7-thread-1] DEBUG com.beanit.openiec61850.ServerAssociation - sub BDA is:IEDBiogasCHP/MMXU1.PhV.net.rangeC.hhLim.i: 0
14:23:47.152 [openiec61850-osi-server-7-thread-1] DEBUG com.beanit.openiec61850.ServerAssociation - sub BDA is:IEDBiogasCHP/MMXU1.PhV.net.rangeC.hhLim.f: 0.0
14:23:47.152 [openiec61850-osi-server-7-thread-1] DEBUG com.beanit.openiec61850.ServerAssociation - sub BDA is:IEDBiogasCHP/MMXU1.PhV.net.rangeC.hLim.i: 0
14:23:47.152 [openiec61850-osi-server-7-thread-1] DEBUG com.beanit.openiec61850.ServerAssociation - sub BDA is:IEDBiogasCHP/MMXU1.PhV.net.rangeC.hLim.f: 0.0
14:23:47.152 [openiec61850-osi-server-7-thread-1] DEBUG com.beanit.openiec61850.ServerAssociation - sub BDA is:IEDBiogasCHP/MMXU1.PhV.net.rangeC.lLim.i: 0
14:23:47.152 [openiec61850-osi-server-7-thread-1] DEBUG com.beanit.openiec61850.ServerAssociation - sub BDA is:IEDBiogasCHP/MMXU1.PhV.net.rangeC.lLim.f: 0.0
14:23:47.152 [openiec61850-osi-server-7-thread-1] DEBUG com.beanit.openiec61850.ServerAssociation - sub BDA is:IEDBiogasCHP/MMXU1.PhV.net.rangeC.llLim.i: 0
14:23:47.152 [openiec61850-osi-server-7-thread-1] DEBUG com.beanit.openiec61850.ServerAssociation - sub BDA is:IEDBiogasCHP/MMXU1.PhV.net.rangeC.llLim.f: 0.0
14:23:47.152 [openiec61850-osi-server-7-thread-1] DEBUG com.beanit.openiec61850.ServerAssociation - sub BDA is:IEDBiogasCHP/MMXU1.PhV.net.rangeC.min.i: 0
14:23:47.152 [openiec61850-osi-server-7-thread-1] DEBUG com.beanit.openiec61850.ServerAssociation - sub BDA is:IEDBiogasCHP/MMXU1.PhV.net.rangeC.min.f: 0.0
14:23:47.152 [openiec61850-osi-server-7-thread-1] DEBUG com.beanit.openiec61850.ServerAssociation - sub BDA is:IEDBiogasCHP/MMXU1.PhV.net.rangeC.max.i: 0
14:23:47.152 [openiec61850-osi-server-7-thread-1] DEBUG com.beanit.openiec61850.ServerAssociation - sub BDA is:IEDBiogasCHP/MMXU1.PhV.net.rangeC.max.f: 0.0
14:23:47.152 [openiec61850-osi-server-7-thread-1] DEBUG com.beanit.openiec61850.ServerAssociation - sub BDA is:IEDBiogasCHP/MMXU1.PhV.net.magSVC.scaleFactor: 0.0
14:23:47.152 [openiec61850-osi-server-7-thread-1] DEBUG com.beanit.openiec61850.ServerAssociation - sub BDA is:IEDBiogasCHP/MMXU1.PhV.net.magSVC.offset: 0.0
14:23:47.152 [openiec61850-osi-server-7-thread-1] DEBUG com.beanit.openiec61850.ServerAssociation - sub BDA is:IEDBiogasCHP/MMXU1.PhV.net.angSVC.scaleFactor: 0.0
14:23:47.152 [openiec61850-osi-server-7-thread-1] DEBUG com.beanit.openiec61850.ServerAssociation - sub BDA is:IEDBiogasCHP/MMXU1.PhV.net.angSVC.offset: 0.0
14:23:47.152 [openiec61850-osi-server-7-thread-1] DEBUG com.beanit.openiec61850.ServerAssociation - sub BDA is:IEDBiogasCHP/MMXU1.PhV.net.angRef: 0
14:23:47.152 [openiec61850-osi-server-7-thread-1] DEBUG com.beanit.openiec61850.ServerAssociation - sub BDA is:IEDBiogasCHP/MMXU1.PhV.net.smpRate: 0
calling GetDataValues(IEDBiogasCHP/MMXU1.PhV.net.units)
14:23:47.152 [openiec61850-osi-server-7-thread-1] DEBUG com.beanit.openiec61850.ServerAssociation - Got a GetDataValues request for node: IEDBiogasCHP/MMXU1.PhV.net.units [CF]
IEDBiogasCHP/MMXU1.PhV.net.units.SIUnit: 0
IEDBiogasCHP/MMXU1.PhV.net.units.multiplier: 0
14:23:47.152 [openiec61850-osi-server-7-thread-1] DEBUG com.beanit.openiec61850.ServerAssociation - sub BDA is:IEDBiogasCHP/MMXU1.PhV.net.units.SIUnit: 0
14:23:47.152 [openiec61850-osi-server-7-thread-1] DEBUG com.beanit.openiec61850.ServerAssociation - sub BDA is:IEDBiogasCHP/MMXU1.PhV.net.units.multiplier: 0
calling GetDataValues(IEDBiogasCHP/MMXU1.PhV.net.units.SIUnit)
14:23:47.152 [openiec61850-osi-server-7-thread-1] DEBUG com.beanit.openiec61850.ServerAssociation - Got a GetDataValues request for node: IEDBiogasCHP/MMXU1.PhV.net.units.SIUnit: 0
calling GetDataValues(IEDBiogasCHP/MMXU1.PhV.net.units.multiplier)
14:23:47.152 [openiec61850-osi-server-7-thread-1] DEBUG com.beanit.openiec61850.ServerAssociation - Got a GetDataValues request for node: IEDBiogasCHP/MMXU1.PhV.net.units.multiplier: 0
calling GetDataValues(IEDBiogasCHP/MMXU1.PhV.net.db)
14:23:47.152 [openiec61850-osi-server-7-thread-1] DEBUG com.beanit.openiec61850.ServerAssociation - Got a GetDataValues request for node: IEDBiogasCHP/MMXU1.PhV.net.db: 0
calling GetDataValues(IEDBiogasCHP/MMXU1.PhV.net.zeroDb)
14:23:47.152 [openiec61850-osi-server-7-thread-1] DEBUG com.beanit.openiec61850.ServerAssociation - Got a GetDataValues request for node: IEDBiogasCHP/MMXU1.PhV.net.zeroDb: 0
calling GetDataValues(IEDBiogasCHP/MMXU1.PhV.net.rangeC)
14:23:47.152 [openiec61850-osi-server-7-thread-1] DEBUG com.beanit.openiec61850.ServerAssociation - Got a GetDataValues request for node: IEDBiogasCHP/MMXU1.PhV.net.rangeC [CF]
IEDBiogasCHP/MMXU1.PhV.net.rangeC.hhLim [CF]
IEDBiogasCHP/MMXU1.PhV.net.rangeC.hhLim.i: 0
IEDBiogasCHP/MMXU1.PhV.net.rangeC.hhLim.f: 0.0
IEDBiogasCHP/MMXU1.PhV.net.rangeC.hLim [CF]
IEDBiogasCHP/MMXU1.PhV.net.rangeC.hLim.i: 0
IEDBiogasCHP/MMXU1.PhV.net.rangeC.hLim.f: 0.0
IEDBiogasCHP/MMXU1.PhV.net.rangeC.lLim [CF]
IEDBiogasCHP/MMXU1.PhV.net.rangeC.lLim.i: 0
IEDBiogasCHP/MMXU1.PhV.net.rangeC.lLim.f: 0.0
IEDBiogasCHP/MMXU1.PhV.net.rangeC.llLim [CF]
IEDBiogasCHP/MMXU1.PhV.net.rangeC.llLim.i: 0
IEDBiogasCHP/MMXU1.PhV.net.rangeC.llLim.f: 0.0
IEDBiogasCHP/MMXU1.PhV.net.rangeC.min [CF]
IEDBiogasCHP/MMXU1.PhV.net.rangeC.min.i: 0
IEDBiogasCHP/MMXU1.PhV.net.rangeC.min.f: 0.0
IEDBiogasCHP/MMXU1.PhV.net.rangeC.max [CF]
IEDBiogasCHP/MMXU1.PhV.net.rangeC.max.i: 0
IEDBiogasCHP/MMXU1.PhV.net.rangeC.max.f: 0.0
14:23:47.152 [openiec61850-osi-server-7-thread-1] DEBUG com.beanit.openiec61850.ServerAssociation - sub BDA is:IEDBiogasCHP/MMXU1.PhV.net.rangeC.hhLim.i: 0
14:23:47.152 [openiec61850-osi-server-7-thread-1] DEBUG com.beanit.openiec61850.ServerAssociation - sub BDA is:IEDBiogasCHP/MMXU1.PhV.net.rangeC.hhLim.f: 0.0
14:23:47.152 [openiec61850-osi-server-7-thread-1] DEBUG com.beanit.openiec61850.ServerAssociation - sub BDA is:IEDBiogasCHP/MMXU1.PhV.net.rangeC.hLim.i: 0
14:23:47.152 [openiec61850-osi-server-7-thread-1] DEBUG com.beanit.openiec61850.ServerAssociation - sub BDA is:IEDBiogasCHP/MMXU1.PhV.net.rangeC.hLim.f: 0.0
14:23:47.152 [openiec61850-osi-server-7-thread-1] DEBUG com.beanit.openiec61850.ServerAssociation - sub BDA is:IEDBiogasCHP/MMXU1.PhV.net.rangeC.lLim.i: 0
14:23:47.152 [openiec61850-osi-server-7-thread-1] DEBUG com.beanit.openiec61850.ServerAssociation - sub BDA is:IEDBiogasCHP/MMXU1.PhV.net.rangeC.lLim.f: 0.0
14:23:47.152 [openiec61850-osi-server-7-thread-1] DEBUG com.beanit.openiec61850.ServerAssociation - sub BDA is:IEDBiogasCHP/MMXU1.PhV.net.rangeC.llLim.i: 0
14:23:47.152 [openiec61850-osi-server-7-thread-1] DEBUG com.beanit.openiec61850.ServerAssociation - sub BDA is:IEDBiogasCHP/MMXU1.PhV.net.rangeC.llLim.f: 0.0
14:23:47.152 [openiec61850-osi-server-7-thread-1] DEBUG com.beanit.openiec61850.ServerAssociation - sub BDA is:IEDBiogasCHP/MMXU1.PhV.net.rangeC.min.i: 0
14:23:47.152 [openiec61850-osi-server-7-thread-1] DEBUG com.beanit.openiec61850.ServerAssociation - sub BDA is:IEDBiogasCHP/MMXU1.PhV.net.rangeC.min.f: 0.0
14:23:47.152 [openiec61850-osi-server-7-thread-1] DEBUG com.beanit.openiec61850.ServerAssociation - sub BDA is:IEDBiogasCHP/MMXU1.PhV.net.rangeC.max.i: 0
14:23:47.152 [openiec61850-osi-server-7-thread-1] DEBUG com.beanit.openiec61850.ServerAssociation - sub BDA is:IEDBiogasCHP/MMXU1.PhV.net.rangeC.max.f: 0.0
calling GetDataValues(IEDBiogasCHP/MMXU1.PhV.net.rangeC.hhLim)
14:23:47.152 [openiec61850-osi-server-7-thread-1] DEBUG com.beanit.openiec61850.ServerAssociation - Got a GetDataValues request for node: IEDBiogasCHP/MMXU1.PhV.net.rangeC.hhLim [CF]
IEDBiogasCHP/MMXU1.PhV.net.rangeC.hhLim.i: 0
IEDBiogasCHP/MMXU1.PhV.net.rangeC.hhLim.f: 0.0
14:23:47.153 [openiec61850-osi-server-7-thread-1] DEBUG com.beanit.openiec61850.ServerAssociation - sub BDA is:IEDBiogasCHP/MMXU1.PhV.net.rangeC.hhLim.i: 0
14:23:47.153 [openiec61850-osi-server-7-thread-1] DEBUG com.beanit.openiec61850.ServerAssociation - sub BDA is:IEDBiogasCHP/MMXU1.PhV.net.rangeC.hhLim.f: 0.0
calling GetDataValues(IEDBiogasCHP/MMXU1.PhV.net.rangeC.hhLim.i)
14:23:47.153 [openiec61850-osi-server-7-thread-1] DEBUG com.beanit.openiec61850.ServerAssociation - Got a GetDataValues request for node: IEDBiogasCHP/MMXU1.PhV.net.rangeC.hhLim.i: 0
calling GetDataValues(IEDBiogasCHP/MMXU1.PhV.net.rangeC.hhLim.f)
14:23:47.153 [openiec61850-osi-server-7-thread-1] DEBUG com.beanit.openiec61850.ServerAssociation - Got a GetDataValues request for node: IEDBiogasCHP/MMXU1.PhV.net.rangeC.hhLim.f: 0.0
calling GetDataValues(IEDBiogasCHP/MMXU1.PhV.net.rangeC.hLim)
14:23:47.153 [openiec61850-osi-server-7-thread-1] DEBUG com.beanit.openiec61850.ServerAssociation - Got a GetDataValues request for node: IEDBiogasCHP/MMXU1.PhV.net.rangeC.hLim [CF]
IEDBiogasCHP/MMXU1.PhV.net.rangeC.hLim.i: 0
IEDBiogasCHP/MMXU1.PhV.net.rangeC.hLim.f: 0.0
14:23:47.153 [openiec61850-osi-server-7-thread-1] DEBUG com.beanit.openiec61850.ServerAssociation - sub BDA is:IEDBiogasCHP/MMXU1.PhV.net.rangeC.hLim.i: 0
14:23:47.153 [openiec61850-osi-server-7-thread-1] DEBUG com.beanit.openiec61850.ServerAssociation - sub BDA is:IEDBiogasCHP/MMXU1.PhV.net.rangeC.hLim.f: 0.0
calling GetDataValues(IEDBiogasCHP/MMXU1.PhV.net.rangeC.hLim.i)
14:23:47.153 [openiec61850-osi-server-7-thread-1] DEBUG com.beanit.openiec61850.ServerAssociation - Got a GetDataValues request for node: IEDBiogasCHP/MMXU1.PhV.net.rangeC.hLim.i: 0
calling GetDataValues(IEDBiogasCHP/MMXU1.PhV.net.rangeC.hLim.f)
14:23:47.153 [openiec61850-osi-server-7-thread-1] DEBUG com.beanit.openiec61850.ServerAssociation - Got a GetDataValues request for node: IEDBiogasCHP/MMXU1.PhV.net.rangeC.hLim.f: 0.0
calling GetDataValues(IEDBiogasCHP/MMXU1.PhV.net.rangeC.lLim)
14:23:47.153 [openiec61850-osi-server-7-thread-1] DEBUG com.beanit.openiec61850.ServerAssociation - Got a GetDataValues request for node: IEDBiogasCHP/MMXU1.PhV.net.rangeC.lLim [CF]
IEDBiogasCHP/MMXU1.PhV.net.rangeC.lLim.i: 0
IEDBiogasCHP/MMXU1.PhV.net.rangeC.lLim.f: 0.0
14:23:47.153 [openiec61850-osi-server-7-thread-1] DEBUG com.beanit.openiec61850.ServerAssociation - sub BDA is:IEDBiogasCHP/MMXU1.PhV.net.rangeC.lLim.i: 0
14:23:47.153 [openiec61850-osi-server-7-thread-1] DEBUG com.beanit.openiec61850.ServerAssociation - sub BDA is:IEDBiogasCHP/MMXU1.PhV.net.rangeC.lLim.f: 0.0
calling GetDataValues(IEDBiogasCHP/MMXU1.PhV.net.rangeC.lLim.i)
14:23:47.153 [openiec61850-osi-server-7-thread-1] DEBUG com.beanit.openiec61850.ServerAssociation - Got a GetDataValues request for node: IEDBiogasCHP/MMXU1.PhV.net.rangeC.lLim.i: 0
calling GetDataValues(IEDBiogasCHP/MMXU1.PhV.net.rangeC.lLim.f)
14:23:47.153 [openiec61850-osi-server-7-thread-1] DEBUG com.beanit.openiec61850.ServerAssociation - Got a GetDataValues request for node: IEDBiogasCHP/MMXU1.PhV.net.rangeC.lLim.f: 0.0
calling GetDataValues(IEDBiogasCHP/MMXU1.PhV.net.rangeC.llLim)
14:23:47.154 [openiec61850-osi-server-7-thread-1] DEBUG com.beanit.openiec61850.ServerAssociation - Got a GetDataValues request for node: IEDBiogasCHP/MMXU1.PhV.net.rangeC.llLim [CF]
IEDBiogasCHP/MMXU1.PhV.net.rangeC.llLim.i: 0
IEDBiogasCHP/MMXU1.PhV.net.rangeC.llLim.f: 0.0
14:23:47.154 [openiec61850-osi-server-7-thread-1] DEBUG com.beanit.openiec61850.ServerAssociation - sub BDA is:IEDBiogasCHP/MMXU1.PhV.net.rangeC.llLim.i: 0
14:23:47.154 [openiec61850-osi-server-7-thread-1] DEBUG com.beanit.openiec61850.ServerAssociation - sub BDA is:IEDBiogasCHP/MMXU1.PhV.net.rangeC.llLim.f: 0.0
calling GetDataValues(IEDBiogasCHP/MMXU1.PhV.net.rangeC.llLim.i)
14:23:47.154 [openiec61850-osi-server-7-thread-1] DEBUG com.beanit.openiec61850.ServerAssociation - Got a GetDataValues request for node: IEDBiogasCHP/MMXU1.PhV.net.rangeC.llLim.i: 0
calling GetDataValues(IEDBiogasCHP/MMXU1.PhV.net.rangeC.llLim.f)
14:23:47.154 [openiec61850-osi-server-7-thread-1] DEBUG com.beanit.openiec61850.ServerAssociation - Got a GetDataValues request for node: IEDBiogasCHP/MMXU1.PhV.net.rangeC.llLim.f: 0.0
calling GetDataValues(IEDBiogasCHP/MMXU1.PhV.net.rangeC.min)
14:23:47.154 [openiec61850-osi-server-7-thread-1] DEBUG com.beanit.openiec61850.ServerAssociation - Got a GetDataValues request for node: IEDBiogasCHP/MMXU1.PhV.net.rangeC.min [CF]
IEDBiogasCHP/MMXU1.PhV.net.rangeC.min.i: 0
IEDBiogasCHP/MMXU1.PhV.net.rangeC.min.f: 0.0
14:23:47.154 [openiec61850-osi-server-7-thread-1] DEBUG com.beanit.openiec61850.ServerAssociation - sub BDA is:IEDBiogasCHP/MMXU1.PhV.net.rangeC.min.i: 0
14:23:47.154 [openiec61850-osi-server-7-thread-1] DEBUG com.beanit.openiec61850.ServerAssociation - sub BDA is:IEDBiogasCHP/MMXU1.PhV.net.rangeC.min.f: 0.0
calling GetDataValues(IEDBiogasCHP/MMXU1.PhV.net.rangeC.min.i)
14:23:47.154 [openiec61850-osi-server-7-thread-1] DEBUG com.beanit.openiec61850.ServerAssociation - Got a GetDataValues request for node: IEDBiogasCHP/MMXU1.PhV.net.rangeC.min.i: 0
calling GetDataValues(IEDBiogasCHP/MMXU1.PhV.net.rangeC.min.f)
14:23:47.154 [openiec61850-osi-server-7-thread-1] DEBUG com.beanit.openiec61850.ServerAssociation - Got a GetDataValues request for node: IEDBiogasCHP/MMXU1.PhV.net.rangeC.min.f: 0.0
calling GetDataValues(IEDBiogasCHP/MMXU1.PhV.net.rangeC.max)
14:23:47.154 [openiec61850-osi-server-7-thread-1] DEBUG com.beanit.openiec61850.ServerAssociation - Got a GetDataValues request for node: IEDBiogasCHP/MMXU1.PhV.net.rangeC.max [CF]
IEDBiogasCHP/MMXU1.PhV.net.rangeC.max.i: 0
IEDBiogasCHP/MMXU1.PhV.net.rangeC.max.f: 0.0
14:23:47.154 [openiec61850-osi-server-7-thread-1] DEBUG com.beanit.openiec61850.ServerAssociation - sub BDA is:IEDBiogasCHP/MMXU1.PhV.net.rangeC.max.i: 0
14:23:47.154 [openiec61850-osi-server-7-thread-1] DEBUG com.beanit.openiec61850.ServerAssociation - sub BDA is:IEDBiogasCHP/MMXU1.PhV.net.rangeC.max.f: 0.0
calling GetDataValues(IEDBiogasCHP/MMXU1.PhV.net.rangeC.max.i)
14:23:47.154 [openiec61850-osi-server-7-thread-1] DEBUG com.beanit.openiec61850.ServerAssociation - Got a GetDataValues request for node: IEDBiogasCHP/MMXU1.PhV.net.rangeC.max.i: 0
calling GetDataValues(IEDBiogasCHP/MMXU1.PhV.net.rangeC.max.f)
14:23:47.155 [openiec61850-osi-server-7-thread-1] DEBUG com.beanit.openiec61850.ServerAssociation - Got a GetDataValues request for node: IEDBiogasCHP/MMXU1.PhV.net.rangeC.max.f: 0.0
calling GetDataValues(IEDBiogasCHP/MMXU1.PhV.net.magSVC)
14:23:47.155 [openiec61850-osi-server-7-thread-1] DEBUG com.beanit.openiec61850.ServerAssociation - Got a GetDataValues request for node: IEDBiogasCHP/MMXU1.PhV.net.magSVC [CF]
IEDBiogasCHP/MMXU1.PhV.net.magSVC.scaleFactor: 0.0
IEDBiogasCHP/MMXU1.PhV.net.magSVC.offset: 0.0
14:23:47.155 [openiec61850-osi-server-7-thread-1] DEBUG com.beanit.openiec61850.ServerAssociation - sub BDA is:IEDBiogasCHP/MMXU1.PhV.net.magSVC.scaleFactor: 0.0
14:23:47.155 [openiec61850-osi-server-7-thread-1] DEBUG com.beanit.openiec61850.ServerAssociation - sub BDA is:IEDBiogasCHP/MMXU1.PhV.net.magSVC.offset: 0.0
calling GetDataValues(IEDBiogasCHP/MMXU1.PhV.net.magSVC.scaleFactor)
14:23:47.155 [openiec61850-osi-server-7-thread-1] DEBUG com.beanit.openiec61850.ServerAssociation - Got a GetDataValues request for node: IEDBiogasCHP/MMXU1.PhV.net.magSVC.scaleFactor: 0.0
calling GetDataValues(IEDBiogasCHP/MMXU1.PhV.net.magSVC.offset)
14:23:47.155 [openiec61850-osi-server-7-thread-1] DEBUG com.beanit.openiec61850.ServerAssociation - Got a GetDataValues request for node: IEDBiogasCHP/MMXU1.PhV.net.magSVC.offset: 0.0
calling GetDataValues(IEDBiogasCHP/MMXU1.PhV.net.angSVC)
14:23:47.155 [openiec61850-osi-server-7-thread-1] DEBUG com.beanit.openiec61850.ServerAssociation - Got a GetDataValues request for node: IEDBiogasCHP/MMXU1.PhV.net.angSVC [CF]
IEDBiogasCHP/MMXU1.PhV.net.angSVC.scaleFactor: 0.0
IEDBiogasCHP/MMXU1.PhV.net.angSVC.offset: 0.0
14:23:47.155 [openiec61850-osi-server-7-thread-1] DEBUG com.beanit.openiec61850.ServerAssociation - sub BDA is:IEDBiogasCHP/MMXU1.PhV.net.angSVC.scaleFactor: 0.0
14:23:47.155 [openiec61850-osi-server-7-thread-1] DEBUG com.beanit.openiec61850.ServerAssociation - sub BDA is:IEDBiogasCHP/MMXU1.PhV.net.angSVC.offset: 0.0
calling GetDataValues(IEDBiogasCHP/MMXU1.PhV.net.angSVC.scaleFactor)
14:23:47.155 [openiec61850-osi-server-7-thread-1] DEBUG com.beanit.openiec61850.ServerAssociation - Got a GetDataValues request for node: IEDBiogasCHP/MMXU1.PhV.net.angSVC.scaleFactor: 0.0
calling GetDataValues(IEDBiogasCHP/MMXU1.PhV.net.angSVC.offset)
14:23:47.155 [openiec61850-osi-server-7-thread-1] DEBUG com.beanit.openiec61850.ServerAssociation - Got a GetDataValues request for node: IEDBiogasCHP/MMXU1.PhV.net.angSVC.offset: 0.0
calling GetDataValues(IEDBiogasCHP/MMXU1.PhV.net.angRef)
14:23:47.155 [openiec61850-osi-server-7-thread-1] DEBUG com.beanit.openiec61850.ServerAssociation - Got a GetDataValues request for node: IEDBiogasCHP/MMXU1.PhV.net.angRef: 0
calling GetDataValues(IEDBiogasCHP/MMXU1.PhV.net.smpRate)
14:23:47.155 [openiec61850-osi-server-7-thread-1] DEBUG com.beanit.openiec61850.ServerAssociation - Got a GetDataValues request for node: IEDBiogasCHP/MMXU1.PhV.net.smpRate: 0
calling GetDataValues(IEDBiogasCHP/MMXU1.PhV.res)
14:23:47.156 [openiec61850-osi-server-7-thread-1] DEBUG com.beanit.openiec61850.ServerAssociation - Got a GetDataValues request for node: IEDBiogasCHP/MMXU1.PhV.res [CF]
IEDBiogasCHP/MMXU1.PhV.res.units [CF]
IEDBiogasCHP/MMXU1.PhV.res.units.SIUnit: 0
IEDBiogasCHP/MMXU1.PhV.res.units.multiplier: 0
IEDBiogasCHP/MMXU1.PhV.res.db: 0
IEDBiogasCHP/MMXU1.PhV.res.zeroDb: 0
IEDBiogasCHP/MMXU1.PhV.res.rangeC [CF]
IEDBiogasCHP/MMXU1.PhV.res.rangeC.hhLim [CF]
IEDBiogasCHP/MMXU1.PhV.res.rangeC.hhLim.i: 0
IEDBiogasCHP/MMXU1.PhV.res.rangeC.hhLim.f: 0.0
IEDBiogasCHP/MMXU1.PhV.res.rangeC.hLim [CF]
IEDBiogasCHP/MMXU1.PhV.res.rangeC.hLim.i: 0
IEDBiogasCHP/MMXU1.PhV.res.rangeC.hLim.f: 0.0
IEDBiogasCHP/MMXU1.PhV.res.rangeC.lLim [CF]
IEDBiogasCHP/MMXU1.PhV.res.rangeC.lLim.i: 0
IEDBiogasCHP/MMXU1.PhV.res.rangeC.lLim.f: 0.0
IEDBiogasCHP/MMXU1.PhV.res.rangeC.llLim [CF]
IEDBiogasCHP/MMXU1.PhV.res.rangeC.llLim.i: 0
IEDBiogasCHP/MMXU1.PhV.res.rangeC.llLim.f: 0.0
IEDBiogasCHP/MMXU1.PhV.res.rangeC.min [CF]
IEDBiogasCHP/MMXU1.PhV.res.rangeC.min.i: 0
IEDBiogasCHP/MMXU1.PhV.res.rangeC.min.f: 0.0
IEDBiogasCHP/MMXU1.PhV.res.rangeC.max [CF]
IEDBiogasCHP/MMXU1.PhV.res.rangeC.max.i: 0
IEDBiogasCHP/MMXU1.PhV.res.rangeC.max.f: 0.0
IEDBiogasCHP/MMXU1.PhV.res.magSVC [CF]
IEDBiogasCHP/MMXU1.PhV.res.magSVC.scaleFactor: 0.0
IEDBiogasCHP/MMXU1.PhV.res.magSVC.offset: 0.0
IEDBiogasCHP/MMXU1.PhV.res.angSVC [CF]
IEDBiogasCHP/MMXU1.PhV.res.angSVC.scaleFactor: 0.0
IEDBiogasCHP/MMXU1.PhV.res.angSVC.offset: 0.0
IEDBiogasCHP/MMXU1.PhV.res.angRef: 0
IEDBiogasCHP/MMXU1.PhV.res.smpRate: 0
14:23:47.156 [openiec61850-osi-server-7-thread-1] DEBUG com.beanit.openiec61850.ServerAssociation - sub BDA is:IEDBiogasCHP/MMXU1.PhV.res.units.SIUnit: 0
14:23:47.156 [openiec61850-osi-server-7-thread-1] DEBUG com.beanit.openiec61850.ServerAssociation - sub BDA is:IEDBiogasCHP/MMXU1.PhV.res.units.multiplier: 0
14:23:47.156 [openiec61850-osi-server-7-thread-1] DEBUG com.beanit.openiec61850.ServerAssociation - sub BDA is:IEDBiogasCHP/MMXU1.PhV.res.db: 0
14:23:47.156 [openiec61850-osi-server-7-thread-1] DEBUG com.beanit.openiec61850.ServerAssociation - sub BDA is:IEDBiogasCHP/MMXU1.PhV.res.zeroDb: 0
14:23:47.156 [openiec61850-osi-server-7-thread-1] DEBUG com.beanit.openiec61850.ServerAssociation - sub BDA is:IEDBiogasCHP/MMXU1.PhV.res.rangeC.hhLim.i: 0
14:23:47.156 [openiec61850-osi-server-7-thread-1] DEBUG com.beanit.openiec61850.ServerAssociation - sub BDA is:IEDBiogasCHP/MMXU1.PhV.res.rangeC.hhLim.f: 0.0
14:23:47.156 [openiec61850-osi-server-7-thread-1] DEBUG com.beanit.openiec61850.ServerAssociation - sub BDA is:IEDBiogasCHP/MMXU1.PhV.res.rangeC.hLim.i: 0
14:23:47.156 [openiec61850-osi-server-7-thread-1] DEBUG com.beanit.openiec61850.ServerAssociation - sub BDA is:IEDBiogasCHP/MMXU1.PhV.res.rangeC.hLim.f: 0.0
14:23:47.156 [openiec61850-osi-server-7-thread-1] DEBUG com.beanit.openiec61850.ServerAssociation - sub BDA is:IEDBiogasCHP/MMXU1.PhV.res.rangeC.lLim.i: 0
14:23:47.156 [openiec61850-osi-server-7-thread-1] DEBUG com.beanit.openiec61850.ServerAssociation - sub BDA is:IEDBiogasCHP/MMXU1.PhV.res.rangeC.lLim.f: 0.0
14:23:47.156 [openiec61850-osi-server-7-thread-1] DEBUG com.beanit.openiec61850.ServerAssociation - sub BDA is:IEDBiogasCHP/MMXU1.PhV.res.rangeC.llLim.i: 0
14:23:47.156 [openiec61850-osi-server-7-thread-1] DEBUG com.beanit.openiec61850.ServerAssociation - sub BDA is:IEDBiogasCHP/MMXU1.PhV.res.rangeC.llLim.f: 0.0
14:23:47.156 [openiec61850-osi-server-7-thread-1] DEBUG com.beanit.openiec61850.ServerAssociation - sub BDA is:IEDBiogasCHP/MMXU1.PhV.res.rangeC.min.i: 0
14:23:47.156 [openiec61850-osi-server-7-thread-1] DEBUG com.beanit.openiec61850.ServerAssociation - sub BDA is:IEDBiogasCHP/MMXU1.PhV.res.rangeC.min.f: 0.0
14:23:47.156 [openiec61850-osi-server-7-thread-1] DEBUG com.beanit.openiec61850.ServerAssociation - sub BDA is:IEDBiogasCHP/MMXU1.PhV.res.rangeC.max.i: 0
14:23:47.156 [openiec61850-osi-server-7-thread-1] DEBUG com.beanit.openiec61850.ServerAssociation - sub BDA is:IEDBiogasCHP/MMXU1.PhV.res.rangeC.max.f: 0.0
14:23:47.156 [openiec61850-osi-server-7-thread-1] DEBUG com.beanit.openiec61850.ServerAssociation - sub BDA is:IEDBiogasCHP/MMXU1.PhV.res.magSVC.scaleFactor: 0.0
14:23:47.156 [openiec61850-osi-server-7-thread-1] DEBUG com.beanit.openiec61850.ServerAssociation - sub BDA is:IEDBiogasCHP/MMXU1.PhV.res.magSVC.offset: 0.0
14:23:47.156 [openiec61850-osi-server-7-thread-1] DEBUG com.beanit.openiec61850.ServerAssociation - sub BDA is:IEDBiogasCHP/MMXU1.PhV.res.angSVC.scaleFactor: 0.0
14:23:47.156 [openiec61850-osi-server-7-thread-1] DEBUG com.beanit.openiec61850.ServerAssociation - sub BDA is:IEDBiogasCHP/MMXU1.PhV.res.angSVC.offset: 0.0
14:23:47.156 [openiec61850-osi-server-7-thread-1] DEBUG com.beanit.openiec61850.ServerAssociation - sub BDA is:IEDBiogasCHP/MMXU1.PhV.res.angRef: 0
14:23:47.156 [openiec61850-osi-server-7-thread-1] DEBUG com.beanit.openiec61850.ServerAssociation - sub BDA is:IEDBiogasCHP/MMXU1.PhV.res.smpRate: 0
calling GetDataValues(IEDBiogasCHP/MMXU1.PhV.res.units)
14:23:47.156 [openiec61850-osi-server-7-thread-1] DEBUG com.beanit.openiec61850.ServerAssociation - Got a GetDataValues request for node: IEDBiogasCHP/MMXU1.PhV.res.units [CF]
IEDBiogasCHP/MMXU1.PhV.res.units.SIUnit: 0
IEDBiogasCHP/MMXU1.PhV.res.units.multiplier: 0
14:23:47.156 [openiec61850-osi-server-7-thread-1] DEBUG com.beanit.openiec61850.ServerAssociation - sub BDA is:IEDBiogasCHP/MMXU1.PhV.res.units.SIUnit: 0
14:23:47.156 [openiec61850-osi-server-7-thread-1] DEBUG com.beanit.openiec61850.ServerAssociation - sub BDA is:IEDBiogasCHP/MMXU1.PhV.res.units.multiplier: 0
calling GetDataValues(IEDBiogasCHP/MMXU1.PhV.res.units.SIUnit)
14:23:47.156 [openiec61850-osi-server-7-thread-1] DEBUG com.beanit.openiec61850.ServerAssociation - Got a GetDataValues request for node: IEDBiogasCHP/MMXU1.PhV.res.units.SIUnit: 0
calling GetDataValues(IEDBiogasCHP/MMXU1.PhV.res.units.multiplier)
14:23:47.156 [openiec61850-osi-server-7-thread-1] DEBUG com.beanit.openiec61850.ServerAssociation - Got a GetDataValues request for node: IEDBiogasCHP/MMXU1.PhV.res.units.multiplier: 0
calling GetDataValues(IEDBiogasCHP/MMXU1.PhV.res.db)
14:23:47.156 [openiec61850-osi-server-7-thread-1] DEBUG com.beanit.openiec61850.ServerAssociation - Got a GetDataValues request for node: IEDBiogasCHP/MMXU1.PhV.res.db: 0
calling GetDataValues(IEDBiogasCHP/MMXU1.PhV.res.zeroDb)
14:23:47.156 [openiec61850-osi-server-7-thread-1] DEBUG com.beanit.openiec61850.ServerAssociation - Got a GetDataValues request for node: IEDBiogasCHP/MMXU1.PhV.res.zeroDb: 0
calling GetDataValues(IEDBiogasCHP/MMXU1.PhV.res.rangeC)
14:23:47.156 [openiec61850-osi-server-7-thread-1] DEBUG com.beanit.openiec61850.ServerAssociation - Got a GetDataValues request for node: IEDBiogasCHP/MMXU1.PhV.res.rangeC [CF]
IEDBiogasCHP/MMXU1.PhV.res.rangeC.hhLim [CF]
IEDBiogasCHP/MMXU1.PhV.res.rangeC.hhLim.i: 0
IEDBiogasCHP/MMXU1.PhV.res.rangeC.hhLim.f: 0.0
IEDBiogasCHP/MMXU1.PhV.res.rangeC.hLim [CF]
IEDBiogasCHP/MMXU1.PhV.res.rangeC.hLim.i: 0
IEDBiogasCHP/MMXU1.PhV.res.rangeC.hLim.f: 0.0
IEDBiogasCHP/MMXU1.PhV.res.rangeC.lLim [CF]
IEDBiogasCHP/MMXU1.PhV.res.rangeC.lLim.i: 0
IEDBiogasCHP/MMXU1.PhV.res.rangeC.lLim.f: 0.0
IEDBiogasCHP/MMXU1.PhV.res.rangeC.llLim [CF]
IEDBiogasCHP/MMXU1.PhV.res.rangeC.llLim.i: 0
IEDBiogasCHP/MMXU1.PhV.res.rangeC.llLim.f: 0.0
IEDBiogasCHP/MMXU1.PhV.res.rangeC.min [CF]
IEDBiogasCHP/MMXU1.PhV.res.rangeC.min.i: 0
IEDBiogasCHP/MMXU1.PhV.res.rangeC.min.f: 0.0
IEDBiogasCHP/MMXU1.PhV.res.rangeC.max [CF]
IEDBiogasCHP/MMXU1.PhV.res.rangeC.max.i: 0
IEDBiogasCHP/MMXU1.PhV.res.rangeC.max.f: 0.0
14:23:47.157 [openiec61850-osi-server-7-thread-1] DEBUG com.beanit.openiec61850.ServerAssociation - sub BDA is:IEDBiogasCHP/MMXU1.PhV.res.rangeC.hhLim.i: 0
14:23:47.157 [openiec61850-osi-server-7-thread-1] DEBUG com.beanit.openiec61850.ServerAssociation - sub BDA is:IEDBiogasCHP/MMXU1.PhV.res.rangeC.hhLim.f: 0.0
14:23:47.157 [openiec61850-osi-server-7-thread-1] DEBUG com.beanit.openiec61850.ServerAssociation - sub BDA is:IEDBiogasCHP/MMXU1.PhV.res.rangeC.hLim.i: 0
14:23:47.157 [openiec61850-osi-server-7-thread-1] DEBUG com.beanit.openiec61850.ServerAssociation - sub BDA is:IEDBiogasCHP/MMXU1.PhV.res.rangeC.hLim.f: 0.0
14:23:47.157 [openiec61850-osi-server-7-thread-1] DEBUG com.beanit.openiec61850.ServerAssociation - sub BDA is:IEDBiogasCHP/MMXU1.PhV.res.rangeC.lLim.i: 0
14:23:47.157 [openiec61850-osi-server-7-thread-1] DEBUG com.beanit.openiec61850.ServerAssociation - sub BDA is:IEDBiogasCHP/MMXU1.PhV.res.rangeC.lLim.f: 0.0
14:23:47.157 [openiec61850-osi-server-7-thread-1] DEBUG com.beanit.openiec61850.ServerAssociation - sub BDA is:IEDBiogasCHP/MMXU1.PhV.res.rangeC.llLim.i: 0
14:23:47.157 [openiec61850-osi-server-7-thread-1] DEBUG com.beanit.openiec61850.ServerAssociation - sub BDA is:IEDBiogasCHP/MMXU1.PhV.res.rangeC.llLim.f: 0.0
14:23:47.157 [openiec61850-osi-server-7-thread-1] DEBUG com.beanit.openiec61850.ServerAssociation - sub BDA is:IEDBiogasCHP/MMXU1.PhV.res.rangeC.min.i: 0
14:23:47.157 [openiec61850-osi-server-7-thread-1] DEBUG com.beanit.openiec61850.ServerAssociation - sub BDA is:IEDBiogasCHP/MMXU1.PhV.res.rangeC.min.f: 0.0
14:23:47.157 [openiec61850-osi-server-7-thread-1] DEBUG com.beanit.openiec61850.ServerAssociation - sub BDA is:IEDBiogasCHP/MMXU1.PhV.res.rangeC.max.i: 0
14:23:47.157 [openiec61850-osi-server-7-thread-1] DEBUG com.beanit.openiec61850.ServerAssociation - sub BDA is:IEDBiogasCHP/MMXU1.PhV.res.rangeC.max.f: 0.0
calling GetDataValues(IEDBiogasCHP/MMXU1.PhV.res.rangeC.hhLim)
14:23:47.157 [openiec61850-osi-server-7-thread-1] DEBUG com.beanit.openiec61850.ServerAssociation - Got a GetDataValues request for node: IEDBiogasCHP/MMXU1.PhV.res.rangeC.hhLim [CF]
IEDBiogasCHP/MMXU1.PhV.res.rangeC.hhLim.i: 0
IEDBiogasCHP/MMXU1.PhV.res.rangeC.hhLim.f: 0.0
14:23:47.157 [openiec61850-osi-server-7-thread-1] DEBUG com.beanit.openiec61850.ServerAssociation - sub BDA is:IEDBiogasCHP/MMXU1.PhV.res.rangeC.hhLim.i: 0
14:23:47.157 [openiec61850-osi-server-7-thread-1] DEBUG com.beanit.openiec61850.ServerAssociation - sub BDA is:IEDBiogasCHP/MMXU1.PhV.res.rangeC.hhLim.f: 0.0
calling GetDataValues(IEDBiogasCHP/MMXU1.PhV.res.rangeC.hhLim.i)
14:23:47.157 [openiec61850-osi-server-7-thread-1] DEBUG com.beanit.openiec61850.ServerAssociation - Got a GetDataValues request for node: IEDBiogasCHP/MMXU1.PhV.res.rangeC.hhLim.i: 0
calling GetDataValues(IEDBiogasCHP/MMXU1.PhV.res.rangeC.hhLim.f)
14:23:47.157 [openiec61850-osi-server-7-thread-1] DEBUG com.beanit.openiec61850.ServerAssociation - Got a GetDataValues request for node: IEDBiogasCHP/MMXU1.PhV.res.rangeC.hhLim.f: 0.0
calling GetDataValues(IEDBiogasCHP/MMXU1.PhV.res.rangeC.hLim)
14:23:47.157 [openiec61850-osi-server-7-thread-1] DEBUG com.beanit.openiec61850.ServerAssociation - Got a GetDataValues request for node: IEDBiogasCHP/MMXU1.PhV.res.rangeC.hLim [CF]
IEDBiogasCHP/MMXU1.PhV.res.rangeC.hLim.i: 0
IEDBiogasCHP/MMXU1.PhV.res.rangeC.hLim.f: 0.0
14:23:47.157 [openiec61850-osi-server-7-thread-1] DEBUG com.beanit.openiec61850.ServerAssociation - sub BDA is:IEDBiogasCHP/MMXU1.PhV.res.rangeC.hLim.i: 0
14:23:47.157 [openiec61850-osi-server-7-thread-1] DEBUG com.beanit.openiec61850.ServerAssociation - sub BDA is:IEDBiogasCHP/MMXU1.PhV.res.rangeC.hLim.f: 0.0
calling GetDataValues(IEDBiogasCHP/MMXU1.PhV.res.rangeC.hLim.i)
14:23:47.157 [openiec61850-osi-server-7-thread-1] DEBUG com.beanit.openiec61850.ServerAssociation - Got a GetDataValues request for node: IEDBiogasCHP/MMXU1.PhV.res.rangeC.hLim.i: 0
calling GetDataValues(IEDBiogasCHP/MMXU1.PhV.res.rangeC.hLim.f)
14:23:47.157 [openiec61850-osi-server-7-thread-1] DEBUG com.beanit.openiec61850.ServerAssociation - Got a GetDataValues request for node: IEDBiogasCHP/MMXU1.PhV.res.rangeC.hLim.f: 0.0
calling GetDataValues(IEDBiogasCHP/MMXU1.PhV.res.rangeC.lLim)
14:23:47.158 [openiec61850-osi-server-7-thread-1] DEBUG com.beanit.openiec61850.ServerAssociation - Got a GetDataValues request for node: IEDBiogasCHP/MMXU1.PhV.res.rangeC.lLim [CF]
IEDBiogasCHP/MMXU1.PhV.res.rangeC.lLim.i: 0
IEDBiogasCHP/MMXU1.PhV.res.rangeC.lLim.f: 0.0
14:23:47.158 [openiec61850-osi-server-7-thread-1] DEBUG com.beanit.openiec61850.ServerAssociation - sub BDA is:IEDBiogasCHP/MMXU1.PhV.res.rangeC.lLim.i: 0
14:23:47.158 [openiec61850-osi-server-7-thread-1] DEBUG com.beanit.openiec61850.ServerAssociation - sub BDA is:IEDBiogasCHP/MMXU1.PhV.res.rangeC.lLim.f: 0.0
calling GetDataValues(IEDBiogasCHP/MMXU1.PhV.res.rangeC.lLim.i)
14:23:47.158 [openiec61850-osi-server-7-thread-1] DEBUG com.beanit.openiec61850.ServerAssociation - Got a GetDataValues request for node: IEDBiogasCHP/MMXU1.PhV.res.rangeC.lLim.i: 0
calling GetDataValues(IEDBiogasCHP/MMXU1.PhV.res.rangeC.lLim.f)
14:23:47.158 [openiec61850-osi-server-7-thread-1] DEBUG com.beanit.openiec61850.ServerAssociation - Got a GetDataValues request for node: IEDBiogasCHP/MMXU1.PhV.res.rangeC.lLim.f: 0.0
calling GetDataValues(IEDBiogasCHP/MMXU1.PhV.res.rangeC.llLim)
14:23:47.158 [openiec61850-osi-server-7-thread-1] DEBUG com.beanit.openiec61850.ServerAssociation - Got a GetDataValues request for node: IEDBiogasCHP/MMXU1.PhV.res.rangeC.llLim [CF]
IEDBiogasCHP/MMXU1.PhV.res.rangeC.llLim.i: 0
IEDBiogasCHP/MMXU1.PhV.res.rangeC.llLim.f: 0.0
14:23:47.158 [openiec61850-osi-server-7-thread-1] DEBUG com.beanit.openiec61850.ServerAssociation - sub BDA is:IEDBiogasCHP/MMXU1.PhV.res.rangeC.llLim.i: 0
14:23:47.158 [openiec61850-osi-server-7-thread-1] DEBUG com.beanit.openiec61850.ServerAssociation - sub BDA is:IEDBiogasCHP/MMXU1.PhV.res.rangeC.llLim.f: 0.0
calling GetDataValues(IEDBiogasCHP/MMXU1.PhV.res.rangeC.llLim.i)
14:23:47.158 [openiec61850-osi-server-7-thread-1] DEBUG com.beanit.openiec61850.ServerAssociation - Got a GetDataValues request for node: IEDBiogasCHP/MMXU1.PhV.res.rangeC.llLim.i: 0
calling GetDataValues(IEDBiogasCHP/MMXU1.PhV.res.rangeC.llLim.f)
14:23:47.158 [openiec61850-osi-server-7-thread-1] DEBUG com.beanit.openiec61850.ServerAssociation - Got a GetDataValues request for node: IEDBiogasCHP/MMXU1.PhV.res.rangeC.llLim.f: 0.0
calling GetDataValues(IEDBiogasCHP/MMXU1.PhV.res.rangeC.min)
14:23:47.158 [openiec61850-osi-server-7-thread-1] DEBUG com.beanit.openiec61850.ServerAssociation - Got a GetDataValues request for node: IEDBiogasCHP/MMXU1.PhV.res.rangeC.min [CF]
IEDBiogasCHP/MMXU1.PhV.res.rangeC.min.i: 0
IEDBiogasCHP/MMXU1.PhV.res.rangeC.min.f: 0.0
14:23:47.158 [openiec61850-osi-server-7-thread-1] DEBUG com.beanit.openiec61850.ServerAssociation - sub BDA is:IEDBiogasCHP/MMXU1.PhV.res.rangeC.min.i: 0
14:23:47.158 [openiec61850-osi-server-7-thread-1] DEBUG com.beanit.openiec61850.ServerAssociation - sub BDA is:IEDBiogasCHP/MMXU1.PhV.res.rangeC.min.f: 0.0
calling GetDataValues(IEDBiogasCHP/MMXU1.PhV.res.rangeC.min.i)
14:23:47.158 [openiec61850-osi-server-7-thread-1] DEBUG com.beanit.openiec61850.ServerAssociation - Got a GetDataValues request for node: IEDBiogasCHP/MMXU1.PhV.res.rangeC.min.i: 0
calling GetDataValues(IEDBiogasCHP/MMXU1.PhV.res.rangeC.min.f)
14:23:47.159 [openiec61850-osi-server-7-thread-1] DEBUG com.beanit.openiec61850.ServerAssociation - Got a GetDataValues request for node: IEDBiogasCHP/MMXU1.PhV.res.rangeC.min.f: 0.0
calling GetDataValues(IEDBiogasCHP/MMXU1.PhV.res.rangeC.max)
14:23:47.159 [openiec61850-osi-server-7-thread-1] DEBUG com.beanit.openiec61850.ServerAssociation - Got a GetDataValues request for node: IEDBiogasCHP/MMXU1.PhV.res.rangeC.max [CF]
IEDBiogasCHP/MMXU1.PhV.res.rangeC.max.i: 0
IEDBiogasCHP/MMXU1.PhV.res.rangeC.max.f: 0.0
14:23:47.159 [openiec61850-osi-server-7-thread-1] DEBUG com.beanit.openiec61850.ServerAssociation - sub BDA is:IEDBiogasCHP/MMXU1.PhV.res.rangeC.max.i: 0
14:23:47.159 [openiec61850-osi-server-7-thread-1] DEBUG com.beanit.openiec61850.ServerAssociation - sub BDA is:IEDBiogasCHP/MMXU1.PhV.res.rangeC.max.f: 0.0
calling GetDataValues(IEDBiogasCHP/MMXU1.PhV.res.rangeC.max.i)
14:23:47.159 [openiec61850-osi-server-7-thread-1] DEBUG com.beanit.openiec61850.ServerAssociation - Got a GetDataValues request for node: IEDBiogasCHP/MMXU1.PhV.res.rangeC.max.i: 0
calling GetDataValues(IEDBiogasCHP/MMXU1.PhV.res.rangeC.max.f)
14:23:47.159 [openiec61850-osi-server-7-thread-1] DEBUG com.beanit.openiec61850.ServerAssociation - Got a GetDataValues request for node: IEDBiogasCHP/MMXU1.PhV.res.rangeC.max.f: 0.0
calling GetDataValues(IEDBiogasCHP/MMXU1.PhV.res.magSVC)
14:23:47.159 [openiec61850-osi-server-7-thread-1] DEBUG com.beanit.openiec61850.ServerAssociation - Got a GetDataValues request for node: IEDBiogasCHP/MMXU1.PhV.res.magSVC [CF]
IEDBiogasCHP/MMXU1.PhV.res.magSVC.scaleFactor: 0.0
IEDBiogasCHP/MMXU1.PhV.res.magSVC.offset: 0.0
14:23:47.159 [openiec61850-osi-server-7-thread-1] DEBUG com.beanit.openiec61850.ServerAssociation - sub BDA is:IEDBiogasCHP/MMXU1.PhV.res.magSVC.scaleFactor: 0.0
14:23:47.159 [openiec61850-osi-server-7-thread-1] DEBUG com.beanit.openiec61850.ServerAssociation - sub BDA is:IEDBiogasCHP/MMXU1.PhV.res.magSVC.offset: 0.0
calling GetDataValues(IEDBiogasCHP/MMXU1.PhV.res.magSVC.scaleFactor)
14:23:47.159 [openiec61850-osi-server-7-thread-1] DEBUG com.beanit.openiec61850.ServerAssociation - Got a GetDataValues request for node: IEDBiogasCHP/MMXU1.PhV.res.magSVC.scaleFactor: 0.0
calling GetDataValues(IEDBiogasCHP/MMXU1.PhV.res.magSVC.offset)
14:23:47.159 [openiec61850-osi-server-7-thread-1] DEBUG com.beanit.openiec61850.ServerAssociation - Got a GetDataValues request for node: IEDBiogasCHP/MMXU1.PhV.res.magSVC.offset: 0.0
calling GetDataValues(IEDBiogasCHP/MMXU1.PhV.res.angSVC)
14:23:47.159 [openiec61850-osi-server-7-thread-1] DEBUG com.beanit.openiec61850.ServerAssociation - Got a GetDataValues request for node: IEDBiogasCHP/MMXU1.PhV.res.angSVC [CF]
IEDBiogasCHP/MMXU1.PhV.res.angSVC.scaleFactor: 0.0
IEDBiogasCHP/MMXU1.PhV.res.angSVC.offset: 0.0
14:23:47.159 [openiec61850-osi-server-7-thread-1] DEBUG com.beanit.openiec61850.ServerAssociation - sub BDA is:IEDBiogasCHP/MMXU1.PhV.res.angSVC.scaleFactor: 0.0
14:23:47.159 [openiec61850-osi-server-7-thread-1] DEBUG com.beanit.openiec61850.ServerAssociation - sub BDA is:IEDBiogasCHP/MMXU1.PhV.res.angSVC.offset: 0.0
calling GetDataValues(IEDBiogasCHP/MMXU1.PhV.res.angSVC.scaleFactor)
14:23:47.160 [openiec61850-osi-server-7-thread-1] DEBUG com.beanit.openiec61850.ServerAssociation - Got a GetDataValues request for node: IEDBiogasCHP/MMXU1.PhV.res.angSVC.scaleFactor: 0.0
calling GetDataValues(IEDBiogasCHP/MMXU1.PhV.res.angSVC.offset)
14:23:47.160 [openiec61850-osi-server-7-thread-1] DEBUG com.beanit.openiec61850.ServerAssociation - Got a GetDataValues request for node: IEDBiogasCHP/MMXU1.PhV.res.angSVC.offset: 0.0
calling GetDataValues(IEDBiogasCHP/MMXU1.PhV.res.angRef)
14:23:47.160 [openiec61850-osi-server-7-thread-1] DEBUG com.beanit.openiec61850.ServerAssociation - Got a GetDataValues request for node: IEDBiogasCHP/MMXU1.PhV.res.angRef: 0
calling GetDataValues(IEDBiogasCHP/MMXU1.PhV.res.smpRate)
14:23:47.160 [openiec61850-osi-server-7-thread-1] DEBUG com.beanit.openiec61850.ServerAssociation - Got a GetDataValues request for node: IEDBiogasCHP/MMXU1.PhV.res.smpRate: 0
calling GetDataValues(IEDBiogasCHP/MMXU1.PhV)
14:23:47.160 [openiec61850-osi-server-7-thread-1] DEBUG com.beanit.openiec61850.ServerAssociation - Got a GetDataValues request for node: IEDBiogasCHP/MMXU1.PhV [DC]
IEDBiogasCHP/MMXU1.PhV.d: ''
IEDBiogasCHP/MMXU1.PhV.dU: 
IEDBiogasCHP/MMXU1.PhV.phsA [DC]
IEDBiogasCHP/MMXU1.PhV.phsA.d: ''
IEDBiogasCHP/MMXU1.PhV.phsA.dU: 
IEDBiogasCHP/MMXU1.PhV.phsB [DC]
IEDBiogasCHP/MMXU1.PhV.phsB.d: ''
IEDBiogasCHP/MMXU1.PhV.phsB.dU: 
IEDBiogasCHP/MMXU1.PhV.phsC [DC]
IEDBiogasCHP/MMXU1.PhV.phsC.d: ''
IEDBiogasCHP/MMXU1.PhV.phsC.dU: 
IEDBiogasCHP/MMXU1.PhV.neut [DC]
IEDBiogasCHP/MMXU1.PhV.neut.d: ''
IEDBiogasCHP/MMXU1.PhV.neut.dU: 
IEDBiogasCHP/MMXU1.PhV.net [DC]
IEDBiogasCHP/MMXU1.PhV.net.d: ''
IEDBiogasCHP/MMXU1.PhV.net.dU: 
IEDBiogasCHP/MMXU1.PhV.res [DC]
IEDBiogasCHP/MMXU1.PhV.res.d: ''
IEDBiogasCHP/MMXU1.PhV.res.dU: 
14:23:47.160 [openiec61850-osi-server-7-thread-1] DEBUG com.beanit.openiec61850.ServerAssociation - sub BDA is:IEDBiogasCHP/MMXU1.PhV.d: ''
14:23:47.160 [openiec61850-osi-server-7-thread-1] DEBUG com.beanit.openiec61850.ServerAssociation - sub BDA is:IEDBiogasCHP/MMXU1.PhV.dU: 
14:23:47.160 [openiec61850-osi-server-7-thread-1] DEBUG com.beanit.openiec61850.ServerAssociation - sub BDA is:IEDBiogasCHP/MMXU1.PhV.phsA.d: ''
14:23:47.160 [openiec61850-osi-server-7-thread-1] DEBUG com.beanit.openiec61850.ServerAssociation - sub BDA is:IEDBiogasCHP/MMXU1.PhV.phsA.dU: 
14:23:47.160 [openiec61850-osi-server-7-thread-1] DEBUG com.beanit.openiec61850.ServerAssociation - sub BDA is:IEDBiogasCHP/MMXU1.PhV.phsB.d: ''
14:23:47.160 [openiec61850-osi-server-7-thread-1] DEBUG com.beanit.openiec61850.ServerAssociation - sub BDA is:IEDBiogasCHP/MMXU1.PhV.phsB.dU: 
14:23:47.160 [openiec61850-osi-server-7-thread-1] DEBUG com.beanit.openiec61850.ServerAssociation - sub BDA is:IEDBiogasCHP/MMXU1.PhV.phsC.d: ''
14:23:47.160 [openiec61850-osi-server-7-thread-1] DEBUG com.beanit.openiec61850.ServerAssociation - sub BDA is:IEDBiogasCHP/MMXU1.PhV.phsC.dU: 
14:23:47.160 [openiec61850-osi-server-7-thread-1] DEBUG com.beanit.openiec61850.ServerAssociation - sub BDA is:IEDBiogasCHP/MMXU1.PhV.neut.d: ''
14:23:47.160 [openiec61850-osi-server-7-thread-1] DEBUG com.beanit.openiec61850.ServerAssociation - sub BDA is:IEDBiogasCHP/MMXU1.PhV.neut.dU: 
14:23:47.160 [openiec61850-osi-server-7-thread-1] DEBUG com.beanit.openiec61850.ServerAssociation - sub BDA is:IEDBiogasCHP/MMXU1.PhV.net.d: ''
14:23:47.160 [openiec61850-osi-server-7-thread-1] DEBUG com.beanit.openiec61850.ServerAssociation - sub BDA is:IEDBiogasCHP/MMXU1.PhV.net.dU: 
14:23:47.160 [openiec61850-osi-server-7-thread-1] DEBUG com.beanit.openiec61850.ServerAssociation - sub BDA is:IEDBiogasCHP/MMXU1.PhV.res.d: ''
14:23:47.160 [openiec61850-osi-server-7-thread-1] DEBUG com.beanit.openiec61850.ServerAssociation - sub BDA is:IEDBiogasCHP/MMXU1.PhV.res.dU: 
calling GetDataValues(IEDBiogasCHP/MMXU1.PhV.d)
14:23:47.160 [openiec61850-osi-server-7-thread-1] DEBUG com.beanit.openiec61850.ServerAssociation - Got a GetDataValues request for node: IEDBiogasCHP/MMXU1.PhV.d: ''
calling GetDataValues(IEDBiogasCHP/MMXU1.PhV.dU)
14:23:47.160 [openiec61850-osi-server-7-thread-1] DEBUG com.beanit.openiec61850.ServerAssociation - Got a GetDataValues request for node: IEDBiogasCHP/MMXU1.PhV.dU: 
calling GetDataValues(IEDBiogasCHP/MMXU1.PhV.phsA)
14:23:47.160 [openiec61850-osi-server-7-thread-1] DEBUG com.beanit.openiec61850.ServerAssociation - Got a GetDataValues request for node: IEDBiogasCHP/MMXU1.PhV.phsA [DC]
IEDBiogasCHP/MMXU1.PhV.phsA.d: ''
IEDBiogasCHP/MMXU1.PhV.phsA.dU: 
14:23:47.160 [openiec61850-osi-server-7-thread-1] DEBUG com.beanit.openiec61850.ServerAssociation - sub BDA is:IEDBiogasCHP/MMXU1.PhV.phsA.d: ''
14:23:47.160 [openiec61850-osi-server-7-thread-1] DEBUG com.beanit.openiec61850.ServerAssociation - sub BDA is:IEDBiogasCHP/MMXU1.PhV.phsA.dU: 
calling GetDataValues(IEDBiogasCHP/MMXU1.PhV.phsA.d)
14:23:47.161 [openiec61850-osi-server-7-thread-1] DEBUG com.beanit.openiec61850.ServerAssociation - Got a GetDataValues request for node: IEDBiogasCHP/MMXU1.PhV.phsA.d: ''
calling GetDataValues(IEDBiogasCHP/MMXU1.PhV.phsA.dU)
14:23:47.161 [openiec61850-osi-server-7-thread-1] DEBUG com.beanit.openiec61850.ServerAssociation - Got a GetDataValues request for node: IEDBiogasCHP/MMXU1.PhV.phsA.dU: 
calling GetDataValues(IEDBiogasCHP/MMXU1.PhV.phsB)
14:23:47.161 [openiec61850-osi-server-7-thread-1] DEBUG com.beanit.openiec61850.ServerAssociation - Got a GetDataValues request for node: IEDBiogasCHP/MMXU1.PhV.phsB [DC]
IEDBiogasCHP/MMXU1.PhV.phsB.d: ''
IEDBiogasCHP/MMXU1.PhV.phsB.dU: 
14:23:47.161 [openiec61850-osi-server-7-thread-1] DEBUG com.beanit.openiec61850.ServerAssociation - sub BDA is:IEDBiogasCHP/MMXU1.PhV.phsB.d: ''
14:23:47.161 [openiec61850-osi-server-7-thread-1] DEBUG com.beanit.openiec61850.ServerAssociation - sub BDA is:IEDBiogasCHP/MMXU1.PhV.phsB.dU: 
calling GetDataValues(IEDBiogasCHP/MMXU1.PhV.phsB.d)
14:23:47.161 [openiec61850-osi-server-7-thread-1] DEBUG com.beanit.openiec61850.ServerAssociation - Got a GetDataValues request for node: IEDBiogasCHP/MMXU1.PhV.phsB.d: ''
calling GetDataValues(IEDBiogasCHP/MMXU1.PhV.phsB.dU)
14:23:47.161 [openiec61850-osi-server-7-thread-1] DEBUG com.beanit.openiec61850.ServerAssociation - Got a GetDataValues request for node: IEDBiogasCHP/MMXU1.PhV.phsB.dU: 
calling GetDataValues(IEDBiogasCHP/MMXU1.PhV.phsC)
14:23:47.161 [openiec61850-osi-server-7-thread-1] DEBUG com.beanit.openiec61850.ServerAssociation - Got a GetDataValues request for node: IEDBiogasCHP/MMXU1.PhV.phsC [DC]
IEDBiogasCHP/MMXU1.PhV.phsC.d: ''
IEDBiogasCHP/MMXU1.PhV.phsC.dU: 
14:23:47.161 [openiec61850-osi-server-7-thread-1] DEBUG com.beanit.openiec61850.ServerAssociation - sub BDA is:IEDBiogasCHP/MMXU1.PhV.phsC.d: ''
14:23:47.161 [openiec61850-osi-server-7-thread-1] DEBUG com.beanit.openiec61850.ServerAssociation - sub BDA is:IEDBiogasCHP/MMXU1.PhV.phsC.dU: 
calling GetDataValues(IEDBiogasCHP/MMXU1.PhV.phsC.d)
14:23:47.161 [openiec61850-osi-server-7-thread-1] DEBUG com.beanit.openiec61850.ServerAssociation - Got a GetDataValues request for node: IEDBiogasCHP/MMXU1.PhV.phsC.d: ''
calling GetDataValues(IEDBiogasCHP/MMXU1.PhV.phsC.dU)
14:23:47.161 [openiec61850-osi-server-7-thread-1] DEBUG com.beanit.openiec61850.ServerAssociation - Got a GetDataValues request for node: IEDBiogasCHP/MMXU1.PhV.phsC.dU: 
calling GetDataValues(IEDBiogasCHP/MMXU1.PhV.neut)
14:23:47.162 [openiec61850-osi-server-7-thread-1] DEBUG com.beanit.openiec61850.ServerAssociation - Got a GetDataValues request for node: IEDBiogasCHP/MMXU1.PhV.neut [DC]
IEDBiogasCHP/MMXU1.PhV.neut.d: ''
IEDBiogasCHP/MMXU1.PhV.neut.dU: 
14:23:47.162 [openiec61850-osi-server-7-thread-1] DEBUG com.beanit.openiec61850.ServerAssociation - sub BDA is:IEDBiogasCHP/MMXU1.PhV.neut.d: ''
14:23:47.162 [openiec61850-osi-server-7-thread-1] DEBUG com.beanit.openiec61850.ServerAssociation - sub BDA is:IEDBiogasCHP/MMXU1.PhV.neut.dU: 
calling GetDataValues(IEDBiogasCHP/MMXU1.PhV.neut.d)
14:23:47.162 [openiec61850-osi-server-7-thread-1] DEBUG com.beanit.openiec61850.ServerAssociation - Got a GetDataValues request for node: IEDBiogasCHP/MMXU1.PhV.neut.d: ''
calling GetDataValues(IEDBiogasCHP/MMXU1.PhV.neut.dU)
14:23:47.162 [openiec61850-osi-server-7-thread-1] DEBUG com.beanit.openiec61850.ServerAssociation - Got a GetDataValues request for node: IEDBiogasCHP/MMXU1.PhV.neut.dU: 
calling GetDataValues(IEDBiogasCHP/MMXU1.PhV.net)
14:23:47.162 [openiec61850-osi-server-7-thread-1] DEBUG com.beanit.openiec61850.ServerAssociation - Got a GetDataValues request for node: IEDBiogasCHP/MMXU1.PhV.net [DC]
IEDBiogasCHP/MMXU1.PhV.net.d: ''
IEDBiogasCHP/MMXU1.PhV.net.dU: 
14:23:47.162 [openiec61850-osi-server-7-thread-1] DEBUG com.beanit.openiec61850.ServerAssociation - sub BDA is:IEDBiogasCHP/MMXU1.PhV.net.d: ''
14:23:47.162 [openiec61850-osi-server-7-thread-1] DEBUG com.beanit.openiec61850.ServerAssociation - sub BDA is:IEDBiogasCHP/MMXU1.PhV.net.dU: 
calling GetDataValues(IEDBiogasCHP/MMXU1.PhV.net.d)
14:23:47.162 [openiec61850-osi-server-7-thread-1] DEBUG com.beanit.openiec61850.ServerAssociation - Got a GetDataValues request for node: IEDBiogasCHP/MMXU1.PhV.net.d: ''
calling GetDataValues(IEDBiogasCHP/MMXU1.PhV.net.dU)
14:23:47.162 [openiec61850-osi-server-7-thread-1] DEBUG com.beanit.openiec61850.ServerAssociation - Got a GetDataValues request for node: IEDBiogasCHP/MMXU1.PhV.net.dU: 
calling GetDataValues(IEDBiogasCHP/MMXU1.PhV.res)
14:23:47.162 [openiec61850-osi-server-7-thread-1] DEBUG com.beanit.openiec61850.ServerAssociation - Got a GetDataValues request for node: IEDBiogasCHP/MMXU1.PhV.res [DC]
IEDBiogasCHP/MMXU1.PhV.res.d: ''
IEDBiogasCHP/MMXU1.PhV.res.dU: 
14:23:47.162 [openiec61850-osi-server-7-thread-1] DEBUG com.beanit.openiec61850.ServerAssociation - sub BDA is:IEDBiogasCHP/MMXU1.PhV.res.d: ''
14:23:47.162 [openiec61850-osi-server-7-thread-1] DEBUG com.beanit.openiec61850.ServerAssociation - sub BDA is:IEDBiogasCHP/MMXU1.PhV.res.dU: 
calling GetDataValues(IEDBiogasCHP/MMXU1.PhV.res.d)
14:23:47.163 [openiec61850-osi-server-7-thread-1] DEBUG com.beanit.openiec61850.ServerAssociation - Got a GetDataValues request for node: IEDBiogasCHP/MMXU1.PhV.res.d: ''
calling GetDataValues(IEDBiogasCHP/MMXU1.PhV.res.dU)
14:23:47.163 [openiec61850-osi-server-7-thread-1] DEBUG com.beanit.openiec61850.ServerAssociation - Got a GetDataValues request for node: IEDBiogasCHP/MMXU1.PhV.res.dU: 
calling GetDataValues(IEDBiogasCHP/MMXU1.PhV)
14:23:47.163 [openiec61850-osi-server-7-thread-1] DEBUG com.beanit.openiec61850.ServerAssociation - Got a GetDataValues request for node: IEDBiogasCHP/MMXU1.PhV [EX]
IEDBiogasCHP/MMXU1.PhV.cdcNs: ''
IEDBiogasCHP/MMXU1.PhV.cdcName: ''
IEDBiogasCHP/MMXU1.PhV.dataNs: ''
IEDBiogasCHP/MMXU1.PhV.phsA [EX]
IEDBiogasCHP/MMXU1.PhV.phsA.cdcNs: ''
IEDBiogasCHP/MMXU1.PhV.phsA.cdcName: ''
IEDBiogasCHP/MMXU1.PhV.phsA.dataNs: ''
IEDBiogasCHP/MMXU1.PhV.phsB [EX]
IEDBiogasCHP/MMXU1.PhV.phsB.cdcNs: ''
IEDBiogasCHP/MMXU1.PhV.phsB.cdcName: ''
IEDBiogasCHP/MMXU1.PhV.phsB.dataNs: ''
IEDBiogasCHP/MMXU1.PhV.phsC [EX]
IEDBiogasCHP/MMXU1.PhV.phsC.cdcNs: ''
IEDBiogasCHP/MMXU1.PhV.phsC.cdcName: ''
IEDBiogasCHP/MMXU1.PhV.phsC.dataNs: ''
IEDBiogasCHP/MMXU1.PhV.neut [EX]
IEDBiogasCHP/MMXU1.PhV.neut.cdcNs: ''
IEDBiogasCHP/MMXU1.PhV.neut.cdcName: ''
IEDBiogasCHP/MMXU1.PhV.neut.dataNs: ''
IEDBiogasCHP/MMXU1.PhV.net [EX]
IEDBiogasCHP/MMXU1.PhV.net.cdcNs: ''
IEDBiogasCHP/MMXU1.PhV.net.cdcName: ''
IEDBiogasCHP/MMXU1.PhV.net.dataNs: ''
IEDBiogasCHP/MMXU1.PhV.res [EX]
IEDBiogasCHP/MMXU1.PhV.res.cdcNs: ''
IEDBiogasCHP/MMXU1.PhV.res.cdcName: ''
IEDBiogasCHP/MMXU1.PhV.res.dataNs: ''
14:23:47.163 [openiec61850-osi-server-7-thread-1] DEBUG com.beanit.openiec61850.ServerAssociation - sub BDA is:IEDBiogasCHP/MMXU1.PhV.cdcNs: ''
14:23:47.163 [openiec61850-osi-server-7-thread-1] DEBUG com.beanit.openiec61850.ServerAssociation - sub BDA is:IEDBiogasCHP/MMXU1.PhV.cdcName: ''
14:23:47.163 [openiec61850-osi-server-7-thread-1] DEBUG com.beanit.openiec61850.ServerAssociation - sub BDA is:IEDBiogasCHP/MMXU1.PhV.dataNs: ''
14:23:47.163 [openiec61850-osi-server-7-thread-1] DEBUG com.beanit.openiec61850.ServerAssociation - sub BDA is:IEDBiogasCHP/MMXU1.PhV.phsA.cdcNs: ''
14:23:47.163 [openiec61850-osi-server-7-thread-1] DEBUG com.beanit.openiec61850.ServerAssociation - sub BDA is:IEDBiogasCHP/MMXU1.PhV.phsA.cdcName: ''
14:23:47.163 [openiec61850-osi-server-7-thread-1] DEBUG com.beanit.openiec61850.ServerAssociation - sub BDA is:IEDBiogasCHP/MMXU1.PhV.phsA.dataNs: ''
14:23:47.163 [openiec61850-osi-server-7-thread-1] DEBUG com.beanit.openiec61850.ServerAssociation - sub BDA is:IEDBiogasCHP/MMXU1.PhV.phsB.cdcNs: ''
14:23:47.163 [openiec61850-osi-server-7-thread-1] DEBUG com.beanit.openiec61850.ServerAssociation - sub BDA is:IEDBiogasCHP/MMXU1.PhV.phsB.cdcName: ''
14:23:47.163 [openiec61850-osi-server-7-thread-1] DEBUG com.beanit.openiec61850.ServerAssociation - sub BDA is:IEDBiogasCHP/MMXU1.PhV.phsB.dataNs: ''
14:23:47.163 [openiec61850-osi-server-7-thread-1] DEBUG com.beanit.openiec61850.ServerAssociation - sub BDA is:IEDBiogasCHP/MMXU1.PhV.phsC.cdcNs: ''
14:23:47.163 [openiec61850-osi-server-7-thread-1] DEBUG com.beanit.openiec61850.ServerAssociation - sub BDA is:IEDBiogasCHP/MMXU1.PhV.phsC.cdcName: ''
14:23:47.163 [openiec61850-osi-server-7-thread-1] DEBUG com.beanit.openiec61850.ServerAssociation - sub BDA is:IEDBiogasCHP/MMXU1.PhV.phsC.dataNs: ''
14:23:47.163 [openiec61850-osi-server-7-thread-1] DEBUG com.beanit.openiec61850.ServerAssociation - sub BDA is:IEDBiogasCHP/MMXU1.PhV.neut.cdcNs: ''
14:23:47.163 [openiec61850-osi-server-7-thread-1] DEBUG com.beanit.openiec61850.ServerAssociation - sub BDA is:IEDBiogasCHP/MMXU1.PhV.neut.cdcName: ''
14:23:47.163 [openiec61850-osi-server-7-thread-1] DEBUG com.beanit.openiec61850.ServerAssociation - sub BDA is:IEDBiogasCHP/MMXU1.PhV.neut.dataNs: ''
14:23:47.163 [openiec61850-osi-server-7-thread-1] DEBUG com.beanit.openiec61850.ServerAssociation - sub BDA is:IEDBiogasCHP/MMXU1.PhV.net.cdcNs: ''
14:23:47.163 [openiec61850-osi-server-7-thread-1] DEBUG com.beanit.openiec61850.ServerAssociation - sub BDA is:IEDBiogasCHP/MMXU1.PhV.net.cdcName: ''
14:23:47.163 [openiec61850-osi-server-7-thread-1] DEBUG com.beanit.openiec61850.ServerAssociation - sub BDA is:IEDBiogasCHP/MMXU1.PhV.net.dataNs: ''
14:23:47.163 [openiec61850-osi-server-7-thread-1] DEBUG com.beanit.openiec61850.ServerAssociation - sub BDA is:IEDBiogasCHP/MMXU1.PhV.res.cdcNs: ''
14:23:47.163 [openiec61850-osi-server-7-thread-1] DEBUG com.beanit.openiec61850.ServerAssociation - sub BDA is:IEDBiogasCHP/MMXU1.PhV.res.cdcName: ''
14:23:47.163 [openiec61850-osi-server-7-thread-1] DEBUG com.beanit.openiec61850.ServerAssociation - sub BDA is:IEDBiogasCHP/MMXU1.PhV.res.dataNs: ''
calling GetDataValues(IEDBiogasCHP/MMXU1.PhV.cdcNs)
14:23:47.163 [openiec61850-osi-server-7-thread-1] DEBUG com.beanit.openiec61850.ServerAssociation - Got a GetDataValues request for node: IEDBiogasCHP/MMXU1.PhV.cdcNs: ''
calling GetDataValues(IEDBiogasCHP/MMXU1.PhV.cdcName)
14:23:47.163 [openiec61850-osi-server-7-thread-1] DEBUG com.beanit.openiec61850.ServerAssociation - Got a GetDataValues request for node: IEDBiogasCHP/MMXU1.PhV.cdcName: ''
calling GetDataValues(IEDBiogasCHP/MMXU1.PhV.dataNs)
14:23:47.163 [openiec61850-osi-server-7-thread-1] DEBUG com.beanit.openiec61850.ServerAssociation - Got a GetDataValues request for node: IEDBiogasCHP/MMXU1.PhV.dataNs: ''
calling GetDataValues(IEDBiogasCHP/MMXU1.PhV.phsA)
14:23:47.163 [openiec61850-osi-server-7-thread-1] DEBUG com.beanit.openiec61850.ServerAssociation - Got a GetDataValues request for node: IEDBiogasCHP/MMXU1.PhV.phsA [EX]
IEDBiogasCHP/MMXU1.PhV.phsA.cdcNs: ''
IEDBiogasCHP/MMXU1.PhV.phsA.cdcName: ''
IEDBiogasCHP/MMXU1.PhV.phsA.dataNs: ''
14:23:47.163 [openiec61850-osi-server-7-thread-1] DEBUG com.beanit.openiec61850.ServerAssociation - sub BDA is:IEDBiogasCHP/MMXU1.PhV.phsA.cdcNs: ''
14:23:47.163 [openiec61850-osi-server-7-thread-1] DEBUG com.beanit.openiec61850.ServerAssociation - sub BDA is:IEDBiogasCHP/MMXU1.PhV.phsA.cdcName: ''
14:23:47.163 [openiec61850-osi-server-7-thread-1] DEBUG com.beanit.openiec61850.ServerAssociation - sub BDA is:IEDBiogasCHP/MMXU1.PhV.phsA.dataNs: ''
calling GetDataValues(IEDBiogasCHP/MMXU1.PhV.phsA.cdcNs)
14:23:47.163 [openiec61850-osi-server-7-thread-1] DEBUG com.beanit.openiec61850.ServerAssociation - Got a GetDataValues request for node: IEDBiogasCHP/MMXU1.PhV.phsA.cdcNs: ''
calling GetDataValues(IEDBiogasCHP/MMXU1.PhV.phsA.cdcName)
14:23:47.164 [openiec61850-osi-server-7-thread-1] DEBUG com.beanit.openiec61850.ServerAssociation - Got a GetDataValues request for node: IEDBiogasCHP/MMXU1.PhV.phsA.cdcName: ''
calling GetDataValues(IEDBiogasCHP/MMXU1.PhV.phsA.dataNs)
14:23:47.164 [openiec61850-osi-server-7-thread-1] DEBUG com.beanit.openiec61850.ServerAssociation - Got a GetDataValues request for node: IEDBiogasCHP/MMXU1.PhV.phsA.dataNs: ''
calling GetDataValues(IEDBiogasCHP/MMXU1.PhV.phsB)
14:23:47.164 [openiec61850-osi-server-7-thread-1] DEBUG com.beanit.openiec61850.ServerAssociation - Got a GetDataValues request for node: IEDBiogasCHP/MMXU1.PhV.phsB [EX]
IEDBiogasCHP/MMXU1.PhV.phsB.cdcNs: ''
IEDBiogasCHP/MMXU1.PhV.phsB.cdcName: ''
IEDBiogasCHP/MMXU1.PhV.phsB.dataNs: ''
14:23:47.164 [openiec61850-osi-server-7-thread-1] DEBUG com.beanit.openiec61850.ServerAssociation - sub BDA is:IEDBiogasCHP/MMXU1.PhV.phsB.cdcNs: ''
14:23:47.164 [openiec61850-osi-server-7-thread-1] DEBUG com.beanit.openiec61850.ServerAssociation - sub BDA is:IEDBiogasCHP/MMXU1.PhV.phsB.cdcName: ''
14:23:47.164 [openiec61850-osi-server-7-thread-1] DEBUG com.beanit.openiec61850.ServerAssociation - sub BDA is:IEDBiogasCHP/MMXU1.PhV.phsB.dataNs: ''
calling GetDataValues(IEDBiogasCHP/MMXU1.PhV.phsB.cdcNs)
14:23:47.164 [openiec61850-osi-server-7-thread-1] DEBUG com.beanit.openiec61850.ServerAssociation - Got a GetDataValues request for node: IEDBiogasCHP/MMXU1.PhV.phsB.cdcNs: ''
calling GetDataValues(IEDBiogasCHP/MMXU1.PhV.phsB.cdcName)
14:23:47.164 [openiec61850-osi-server-7-thread-1] DEBUG com.beanit.openiec61850.ServerAssociation - Got a GetDataValues request for node: IEDBiogasCHP/MMXU1.PhV.phsB.cdcName: ''
calling GetDataValues(IEDBiogasCHP/MMXU1.PhV.phsB.dataNs)
14:23:47.164 [openiec61850-osi-server-7-thread-1] DEBUG com.beanit.openiec61850.ServerAssociation - Got a GetDataValues request for node: IEDBiogasCHP/MMXU1.PhV.phsB.dataNs: ''
calling GetDataValues(IEDBiogasCHP/MMXU1.PhV.phsC)
14:23:47.164 [openiec61850-osi-server-7-thread-1] DEBUG com.beanit.openiec61850.ServerAssociation - Got a GetDataValues request for node: IEDBiogasCHP/MMXU1.PhV.phsC [EX]
IEDBiogasCHP/MMXU1.PhV.phsC.cdcNs: ''
IEDBiogasCHP/MMXU1.PhV.phsC.cdcName: ''
IEDBiogasCHP/MMXU1.PhV.phsC.dataNs: ''
14:23:47.164 [openiec61850-osi-server-7-thread-1] DEBUG com.beanit.openiec61850.ServerAssociation - sub BDA is:IEDBiogasCHP/MMXU1.PhV.phsC.cdcNs: ''
14:23:47.164 [openiec61850-osi-server-7-thread-1] DEBUG com.beanit.openiec61850.ServerAssociation - sub BDA is:IEDBiogasCHP/MMXU1.PhV.phsC.cdcName: ''
14:23:47.164 [openiec61850-osi-server-7-thread-1] DEBUG com.beanit.openiec61850.ServerAssociation - sub BDA is:IEDBiogasCHP/MMXU1.PhV.phsC.dataNs: ''
calling GetDataValues(IEDBiogasCHP/MMXU1.PhV.phsC.cdcNs)
14:23:47.165 [openiec61850-osi-server-7-thread-1] DEBUG com.beanit.openiec61850.ServerAssociation - Got a GetDataValues request for node: IEDBiogasCHP/MMXU1.PhV.phsC.cdcNs: ''
calling GetDataValues(IEDBiogasCHP/MMXU1.PhV.phsC.cdcName)
14:23:47.165 [openiec61850-osi-server-7-thread-1] DEBUG com.beanit.openiec61850.ServerAssociation - Got a GetDataValues request for node: IEDBiogasCHP/MMXU1.PhV.phsC.cdcName: ''
calling GetDataValues(IEDBiogasCHP/MMXU1.PhV.phsC.dataNs)
14:23:47.165 [openiec61850-osi-server-7-thread-1] DEBUG com.beanit.openiec61850.ServerAssociation - Got a GetDataValues request for node: IEDBiogasCHP/MMXU1.PhV.phsC.dataNs: ''
calling GetDataValues(IEDBiogasCHP/MMXU1.PhV.neut)
14:23:47.165 [openiec61850-osi-server-7-thread-1] DEBUG com.beanit.openiec61850.ServerAssociation - Got a GetDataValues request for node: IEDBiogasCHP/MMXU1.PhV.neut [EX]
IEDBiogasCHP/MMXU1.PhV.neut.cdcNs: ''
IEDBiogasCHP/MMXU1.PhV.neut.cdcName: ''
IEDBiogasCHP/MMXU1.PhV.neut.dataNs: ''
14:23:47.165 [openiec61850-osi-server-7-thread-1] DEBUG com.beanit.openiec61850.ServerAssociation - sub BDA is:IEDBiogasCHP/MMXU1.PhV.neut.cdcNs: ''
14:23:47.165 [openiec61850-osi-server-7-thread-1] DEBUG com.beanit.openiec61850.ServerAssociation - sub BDA is:IEDBiogasCHP/MMXU1.PhV.neut.cdcName: ''
14:23:47.165 [openiec61850-osi-server-7-thread-1] DEBUG com.beanit.openiec61850.ServerAssociation - sub BDA is:IEDBiogasCHP/MMXU1.PhV.neut.dataNs: ''
calling GetDataValues(IEDBiogasCHP/MMXU1.PhV.neut.cdcNs)
14:23:47.165 [openiec61850-osi-server-7-thread-1] DEBUG com.beanit.openiec61850.ServerAssociation - Got a GetDataValues request for node: IEDBiogasCHP/MMXU1.PhV.neut.cdcNs: ''
calling GetDataValues(IEDBiogasCHP/MMXU1.PhV.neut.cdcName)
14:23:47.165 [openiec61850-osi-server-7-thread-1] DEBUG com.beanit.openiec61850.ServerAssociation - Got a GetDataValues request for node: IEDBiogasCHP/MMXU1.PhV.neut.cdcName: ''
calling GetDataValues(IEDBiogasCHP/MMXU1.PhV.neut.dataNs)
14:23:47.165 [openiec61850-osi-server-7-thread-1] DEBUG com.beanit.openiec61850.ServerAssociation - Got a GetDataValues request for node: IEDBiogasCHP/MMXU1.PhV.neut.dataNs: ''
calling GetDataValues(IEDBiogasCHP/MMXU1.PhV.net)
14:23:47.165 [openiec61850-osi-server-7-thread-1] DEBUG com.beanit.openiec61850.ServerAssociation - Got a GetDataValues request for node: IEDBiogasCHP/MMXU1.PhV.net [EX]
IEDBiogasCHP/MMXU1.PhV.net.cdcNs: ''
IEDBiogasCHP/MMXU1.PhV.net.cdcName: ''
IEDBiogasCHP/MMXU1.PhV.net.dataNs: ''
14:23:47.165 [openiec61850-osi-server-7-thread-1] DEBUG com.beanit.openiec61850.ServerAssociation - sub BDA is:IEDBiogasCHP/MMXU1.PhV.net.cdcNs: ''
14:23:47.165 [openiec61850-osi-server-7-thread-1] DEBUG com.beanit.openiec61850.ServerAssociation - sub BDA is:IEDBiogasCHP/MMXU1.PhV.net.cdcName: ''
14:23:47.165 [openiec61850-osi-server-7-thread-1] DEBUG com.beanit.openiec61850.ServerAssociation - sub BDA is:IEDBiogasCHP/MMXU1.PhV.net.dataNs: ''
calling GetDataValues(IEDBiogasCHP/MMXU1.PhV.net.cdcNs)
14:23:47.165 [openiec61850-osi-server-7-thread-1] DEBUG com.beanit.openiec61850.ServerAssociation - Got a GetDataValues request for node: IEDBiogasCHP/MMXU1.PhV.net.cdcNs: ''
calling GetDataValues(IEDBiogasCHP/MMXU1.PhV.net.cdcName)
14:23:47.166 [openiec61850-osi-server-7-thread-1] DEBUG com.beanit.openiec61850.ServerAssociation - Got a GetDataValues request for node: IEDBiogasCHP/MMXU1.PhV.net.cdcName: ''
calling GetDataValues(IEDBiogasCHP/MMXU1.PhV.net.dataNs)
14:23:47.166 [openiec61850-osi-server-7-thread-1] DEBUG com.beanit.openiec61850.ServerAssociation - Got a GetDataValues request for node: IEDBiogasCHP/MMXU1.PhV.net.dataNs: ''
calling GetDataValues(IEDBiogasCHP/MMXU1.PhV.res)
14:23:47.166 [openiec61850-osi-server-7-thread-1] DEBUG com.beanit.openiec61850.ServerAssociation - Got a GetDataValues request for node: IEDBiogasCHP/MMXU1.PhV.res [EX]
IEDBiogasCHP/MMXU1.PhV.res.cdcNs: ''
IEDBiogasCHP/MMXU1.PhV.res.cdcName: ''
IEDBiogasCHP/MMXU1.PhV.res.dataNs: ''
14:23:47.166 [openiec61850-osi-server-7-thread-1] DEBUG com.beanit.openiec61850.ServerAssociation - sub BDA is:IEDBiogasCHP/MMXU1.PhV.res.cdcNs: ''
14:23:47.166 [openiec61850-osi-server-7-thread-1] DEBUG com.beanit.openiec61850.ServerAssociation - sub BDA is:IEDBiogasCHP/MMXU1.PhV.res.cdcName: ''
14:23:47.166 [openiec61850-osi-server-7-thread-1] DEBUG com.beanit.openiec61850.ServerAssociation - sub BDA is:IEDBiogasCHP/MMXU1.PhV.res.dataNs: ''
calling GetDataValues(IEDBiogasCHP/MMXU1.PhV.res.cdcNs)
14:23:47.166 [openiec61850-osi-server-7-thread-1] DEBUG com.beanit.openiec61850.ServerAssociation - Got a GetDataValues request for node: IEDBiogasCHP/MMXU1.PhV.res.cdcNs: ''
calling GetDataValues(IEDBiogasCHP/MMXU1.PhV.res.cdcName)
14:23:47.166 [openiec61850-osi-server-7-thread-1] DEBUG com.beanit.openiec61850.ServerAssociation - Got a GetDataValues request for node: IEDBiogasCHP/MMXU1.PhV.res.cdcName: ''
calling GetDataValues(IEDBiogasCHP/MMXU1.PhV.res.dataNs)
14:23:47.166 [openiec61850-osi-server-7-thread-1] DEBUG com.beanit.openiec61850.ServerAssociation - Got a GetDataValues request for node: IEDBiogasCHP/MMXU1.PhV.res.dataNs: ''
calling GetDataValues(IEDBiogasCHP/MMXU1.A)
14:23:47.166 [openiec61850-osi-server-7-thread-1] DEBUG com.beanit.openiec61850.ServerAssociation - Got a GetDataValues request for node: IEDBiogasCHP/MMXU1.A [MX]
IEDBiogasCHP/MMXU1.A.phsA [MX]
IEDBiogasCHP/MMXU1.A.phsA.instCVal [MX]
IEDBiogasCHP/MMXU1.A.phsA.instCVal.mag [MX]
IEDBiogasCHP/MMXU1.A.phsA.instCVal.mag.i: 0
IEDBiogasCHP/MMXU1.A.phsA.instCVal.mag.f: 0.0
IEDBiogasCHP/MMXU1.A.phsA.instCVal.ang [MX]
IEDBiogasCHP/MMXU1.A.phsA.instCVal.ang.i: 0
IEDBiogasCHP/MMXU1.A.phsA.instCVal.ang.f: 0.0
IEDBiogasCHP/MMXU1.A.phsA.cVal [MX]
IEDBiogasCHP/MMXU1.A.phsA.cVal.mag [MX]
IEDBiogasCHP/MMXU1.A.phsA.cVal.mag.i: 0
IEDBiogasCHP/MMXU1.A.phsA.cVal.mag.f: 0.0
IEDBiogasCHP/MMXU1.A.phsA.cVal.ang [MX]
IEDBiogasCHP/MMXU1.A.phsA.cVal.ang.i: 0
IEDBiogasCHP/MMXU1.A.phsA.cVal.ang.f: 0.0
IEDBiogasCHP/MMXU1.A.phsA.range: 0
IEDBiogasCHP/MMXU1.A.phsA.q: 0x00 0x00
IEDBiogasCHP/MMXU1.A.phsA.t: Thu Jan 01 01:00:00 CET 1970
IEDBiogasCHP/MMXU1.A.phsB [MX]
IEDBiogasCHP/MMXU1.A.phsB.instCVal [MX]
IEDBiogasCHP/MMXU1.A.phsB.instCVal.mag [MX]
IEDBiogasCHP/MMXU1.A.phsB.instCVal.mag.i: 0
IEDBiogasCHP/MMXU1.A.phsB.instCVal.mag.f: 0.0
IEDBiogasCHP/MMXU1.A.phsB.instCVal.ang [MX]
IEDBiogasCHP/MMXU1.A.phsB.instCVal.ang.i: 0
IEDBiogasCHP/MMXU1.A.phsB.instCVal.ang.f: 0.0
IEDBiogasCHP/MMXU1.A.phsB.cVal [MX]
IEDBiogasCHP/MMXU1.A.phsB.cVal.mag [MX]
IEDBiogasCHP/MMXU1.A.phsB.cVal.mag.i: 0
IEDBiogasCHP/MMXU1.A.phsB.cVal.mag.f: 0.0
IEDBiogasCHP/MMXU1.A.phsB.cVal.ang [MX]
IEDBiogasCHP/MMXU1.A.phsB.cVal.ang.i: 0
IEDBiogasCHP/MMXU1.A.phsB.cVal.ang.f: 0.0
IEDBiogasCHP/MMXU1.A.phsB.range: 0
IEDBiogasCHP/MMXU1.A.phsB.q: 0x00 0x00
IEDBiogasCHP/MMXU1.A.phsB.t: Thu Jan 01 01:00:00 CET 1970
IEDBiogasCHP/MMXU1.A.phsC [MX]
IEDBiogasCHP/MMXU1.A.phsC.instCVal [MX]
IEDBiogasCHP/MMXU1.A.phsC.instCVal.mag [MX]
IEDBiogasCHP/MMXU1.A.phsC.instCVal.mag.i: 0
IEDBiogasCHP/MMXU1.A.phsC.instCVal.mag.f: 0.0
IEDBiogasCHP/MMXU1.A.phsC.instCVal.ang [MX]
IEDBiogasCHP/MMXU1.A.phsC.instCVal.ang.i: 0
IEDBiogasCHP/MMXU1.A.phsC.instCVal.ang.f: 0.0
IEDBiogasCHP/MMXU1.A.phsC.cVal [MX]
IEDBiogasCHP/MMXU1.A.phsC.cVal.mag [MX]
IEDBiogasCHP/MMXU1.A.phsC.cVal.mag.i: 0
IEDBiogasCHP/MMXU1.A.phsC.cVal.mag.f: 0.0
IEDBiogasCHP/MMXU1.A.phsC.cVal.ang [MX]
IEDBiogasCHP/MMXU1.A.phsC.cVal.ang.i: 0
IEDBiogasCHP/MMXU1.A.phsC.cVal.ang.f: 0.0
IEDBiogasCHP/MMXU1.A.phsC.range: 0
IEDBiogasCHP/MMXU1.A.phsC.q: 0x00 0x00
IEDBiogasCHP/MMXU1.A.phsC.t: Thu Jan 01 01:00:00 CET 1970
IEDBiogasCHP/MMXU1.A.neut [MX]
IEDBiogasCHP/MMXU1.A.neut.instCVal [MX]
IEDBiogasCHP/MMXU1.A.neut.instCVal.mag [MX]
IEDBiogasCHP/MMXU1.A.neut.instCVal.mag.i: 0
IEDBiogasCHP/MMXU1.A.neut.instCVal.mag.f: 0.0
IEDBiogasCHP/MMXU1.A.neut.instCVal.ang [MX]
IEDBiogasCHP/MMXU1.A.neut.instCVal.ang.i: 0
IEDBiogasCHP/MMXU1.A.neut.instCVal.ang.f: 0.0
IEDBiogasCHP/MMXU1.A.neut.cVal [MX]
IEDBiogasCHP/MMXU1.A.neut.cVal.mag [MX]
IEDBiogasCHP/MMXU1.A.neut.cVal.mag.i: 0
IEDBiogasCHP/MMXU1.A.neut.cVal.mag.f: 0.0
IEDBiogasCHP/MMXU1.A.neut.cVal.ang [MX]
IEDBiogasCHP/MMXU1.A.neut.cVal.ang.i: 0
IEDBiogasCHP/MMXU1.A.neut.cVal.ang.f: 0.0
IEDBiogasCHP/MMXU1.A.neut.range: 0
IEDBiogasCHP/MMXU1.A.neut.q: 0x00 0x00
IEDBiogasCHP/MMXU1.A.neut.t: Thu Jan 01 01:00:00 CET 1970
IEDBiogasCHP/MMXU1.A.net [MX]
IEDBiogasCHP/MMXU1.A.net.instCVal [MX]
IEDBiogasCHP/MMXU1.A.net.instCVal.mag [MX]
IEDBiogasCHP/MMXU1.A.net.instCVal.mag.i: 0
IEDBiogasCHP/MMXU1.A.net.instCVal.mag.f: 0.0
IEDBiogasCHP/MMXU1.A.net.instCVal.ang [MX]
IEDBiogasCHP/MMXU1.A.net.instCVal.ang.i: 0
IEDBiogasCHP/MMXU1.A.net.instCVal.ang.f: 0.0
IEDBiogasCHP/MMXU1.A.net.cVal [MX]
IEDBiogasCHP/MMXU1.A.net.cVal.mag [MX]
IEDBiogasCHP/MMXU1.A.net.cVal.mag.i: 0
IEDBiogasCHP/MMXU1.A.net.cVal.mag.f: 0.0
IEDBiogasCHP/MMXU1.A.net.cVal.ang [MX]
IEDBiogasCHP/MMXU1.A.net.cVal.ang.i: 0
IEDBiogasCHP/MMXU1.A.net.cVal.ang.f: 0.0
IEDBiogasCHP/MMXU1.A.net.range: 0
IEDBiogasCHP/MMXU1.A.net.q: 0x00 0x00
IEDBiogasCHP/MMXU1.A.net.t: Thu Jan 01 01:00:00 CET 1970
IEDBiogasCHP/MMXU1.A.res [MX]
IEDBiogasCHP/MMXU1.A.res.instCVal [MX]
IEDBiogasCHP/MMXU1.A.res.instCVal.mag [MX]
IEDBiogasCHP/MMXU1.A.res.instCVal.mag.i: 0
IEDBiogasCHP/MMXU1.A.res.instCVal.mag.f: 0.0
IEDBiogasCHP/MMXU1.A.res.instCVal.ang [MX]
IEDBiogasCHP/MMXU1.A.res.instCVal.ang.i: 0
IEDBiogasCHP/MMXU1.A.res.instCVal.ang.f: 0.0
IEDBiogasCHP/MMXU1.A.res.cVal [MX]
IEDBiogasCHP/MMXU1.A.res.cVal.mag [MX]
IEDBiogasCHP/MMXU1.A.res.cVal.mag.i: 0
IEDBiogasCHP/MMXU1.A.res.cVal.mag.f: 0.0
IEDBiogasCHP/MMXU1.A.res.cVal.ang [MX]
IEDBiogasCHP/MMXU1.A.res.cVal.ang.i: 0
IEDBiogasCHP/MMXU1.A.res.cVal.ang.f: 0.0
IEDBiogasCHP/MMXU1.A.res.range: 0
IEDBiogasCHP/MMXU1.A.res.q: 0x00 0x00
IEDBiogasCHP/MMXU1.A.res.t: Thu Jan 01 01:00:00 CET 1970
14:23:47.167 [openiec61850-osi-server-7-thread-1] DEBUG com.beanit.openiec61850.ServerAssociation - sub BDA is:IEDBiogasCHP/MMXU1.A.phsA.instCVal.mag.i: 0
14:23:47.167 [openiec61850-osi-server-7-thread-1] DEBUG com.beanit.openiec61850.ServerAssociation - sub BDA is:IEDBiogasCHP/MMXU1.A.phsA.instCVal.mag.f: 0.0
14:23:47.167 [openiec61850-osi-server-7-thread-1] DEBUG com.beanit.openiec61850.ServerAssociation - sub BDA is:IEDBiogasCHP/MMXU1.A.phsA.instCVal.ang.i: 0
14:23:47.167 [openiec61850-osi-server-7-thread-1] DEBUG com.beanit.openiec61850.ServerAssociation - sub BDA is:IEDBiogasCHP/MMXU1.A.phsA.instCVal.ang.f: 0.0
14:23:47.167 [openiec61850-osi-server-7-thread-1] DEBUG com.beanit.openiec61850.ServerAssociation - sub BDA is:IEDBiogasCHP/MMXU1.A.phsA.cVal.mag.i: 0
14:23:47.167 [openiec61850-osi-server-7-thread-1] DEBUG com.beanit.openiec61850.ServerAssociation - sub BDA is:IEDBiogasCHP/MMXU1.A.phsA.cVal.mag.f: 0.0
14:23:47.167 [openiec61850-osi-server-7-thread-1] DEBUG com.beanit.openiec61850.ServerAssociation - sub BDA is:IEDBiogasCHP/MMXU1.A.phsA.cVal.ang.i: 0
14:23:47.167 [openiec61850-osi-server-7-thread-1] DEBUG com.beanit.openiec61850.ServerAssociation - sub BDA is:IEDBiogasCHP/MMXU1.A.phsA.cVal.ang.f: 0.0
14:23:47.167 [openiec61850-osi-server-7-thread-1] DEBUG com.beanit.openiec61850.ServerAssociation - sub BDA is:IEDBiogasCHP/MMXU1.A.phsA.range: 0
14:23:47.167 [openiec61850-osi-server-7-thread-1] DEBUG com.beanit.openiec61850.ServerAssociation - sub BDA is:IEDBiogasCHP/MMXU1.A.phsA.q: 0x00 0x00
14:23:47.167 [openiec61850-osi-server-7-thread-1] DEBUG com.beanit.openiec61850.ServerAssociation - sub BDA is:IEDBiogasCHP/MMXU1.A.phsA.t: Thu Jan 01 01:00:00 CET 1970
14:23:47.167 [openiec61850-osi-server-7-thread-1] DEBUG com.beanit.openiec61850.ServerAssociation - sub BDA is:IEDBiogasCHP/MMXU1.A.phsB.instCVal.mag.i: 0
14:23:47.167 [openiec61850-osi-server-7-thread-1] DEBUG com.beanit.openiec61850.ServerAssociation - sub BDA is:IEDBiogasCHP/MMXU1.A.phsB.instCVal.mag.f: 0.0
14:23:47.167 [openiec61850-osi-server-7-thread-1] DEBUG com.beanit.openiec61850.ServerAssociation - sub BDA is:IEDBiogasCHP/MMXU1.A.phsB.instCVal.ang.i: 0
14:23:47.167 [openiec61850-osi-server-7-thread-1] DEBUG com.beanit.openiec61850.ServerAssociation - sub BDA is:IEDBiogasCHP/MMXU1.A.phsB.instCVal.ang.f: 0.0
14:23:47.167 [openiec61850-osi-server-7-thread-1] DEBUG com.beanit.openiec61850.ServerAssociation - sub BDA is:IEDBiogasCHP/MMXU1.A.phsB.cVal.mag.i: 0
14:23:47.167 [openiec61850-osi-server-7-thread-1] DEBUG com.beanit.openiec61850.ServerAssociation - sub BDA is:IEDBiogasCHP/MMXU1.A.phsB.cVal.mag.f: 0.0
14:23:47.167 [openiec61850-osi-server-7-thread-1] DEBUG com.beanit.openiec61850.ServerAssociation - sub BDA is:IEDBiogasCHP/MMXU1.A.phsB.cVal.ang.i: 0
14:23:47.167 [openiec61850-osi-server-7-thread-1] DEBUG com.beanit.openiec61850.ServerAssociation - sub BDA is:IEDBiogasCHP/MMXU1.A.phsB.cVal.ang.f: 0.0
14:23:47.167 [openiec61850-osi-server-7-thread-1] DEBUG com.beanit.openiec61850.ServerAssociation - sub BDA is:IEDBiogasCHP/MMXU1.A.phsB.range: 0
14:23:47.167 [openiec61850-osi-server-7-thread-1] DEBUG com.beanit.openiec61850.ServerAssociation - sub BDA is:IEDBiogasCHP/MMXU1.A.phsB.q: 0x00 0x00
14:23:47.167 [openiec61850-osi-server-7-thread-1] DEBUG com.beanit.openiec61850.ServerAssociation - sub BDA is:IEDBiogasCHP/MMXU1.A.phsB.t: Thu Jan 01 01:00:00 CET 1970
14:23:47.167 [openiec61850-osi-server-7-thread-1] DEBUG com.beanit.openiec61850.ServerAssociation - sub BDA is:IEDBiogasCHP/MMXU1.A.phsC.instCVal.mag.i: 0
14:23:47.167 [openiec61850-osi-server-7-thread-1] DEBUG com.beanit.openiec61850.ServerAssociation - sub BDA is:IEDBiogasCHP/MMXU1.A.phsC.instCVal.mag.f: 0.0
14:23:47.167 [openiec61850-osi-server-7-thread-1] DEBUG com.beanit.openiec61850.ServerAssociation - sub BDA is:IEDBiogasCHP/MMXU1.A.phsC.instCVal.ang.i: 0
14:23:47.167 [openiec61850-osi-server-7-thread-1] DEBUG com.beanit.openiec61850.ServerAssociation - sub BDA is:IEDBiogasCHP/MMXU1.A.phsC.instCVal.ang.f: 0.0
14:23:47.167 [openiec61850-osi-server-7-thread-1] DEBUG com.beanit.openiec61850.ServerAssociation - sub BDA is:IEDBiogasCHP/MMXU1.A.phsC.cVal.mag.i: 0
14:23:47.167 [openiec61850-osi-server-7-thread-1] DEBUG com.beanit.openiec61850.ServerAssociation - sub BDA is:IEDBiogasCHP/MMXU1.A.phsC.cVal.mag.f: 0.0
14:23:47.167 [openiec61850-osi-server-7-thread-1] DEBUG com.beanit.openiec61850.ServerAssociation - sub BDA is:IEDBiogasCHP/MMXU1.A.phsC.cVal.ang.i: 0
14:23:47.167 [openiec61850-osi-server-7-thread-1] DEBUG com.beanit.openiec61850.ServerAssociation - sub BDA is:IEDBiogasCHP/MMXU1.A.phsC.cVal.ang.f: 0.0
14:23:47.167 [openiec61850-osi-server-7-thread-1] DEBUG com.beanit.openiec61850.ServerAssociation - sub BDA is:IEDBiogasCHP/MMXU1.A.phsC.range: 0
14:23:47.167 [openiec61850-osi-server-7-thread-1] DEBUG com.beanit.openiec61850.ServerAssociation - sub BDA is:IEDBiogasCHP/MMXU1.A.phsC.q: 0x00 0x00
14:23:47.167 [openiec61850-osi-server-7-thread-1] DEBUG com.beanit.openiec61850.ServerAssociation - sub BDA is:IEDBiogasCHP/MMXU1.A.phsC.t: Thu Jan 01 01:00:00 CET 1970
14:23:47.167 [openiec61850-osi-server-7-thread-1] DEBUG com.beanit.openiec61850.ServerAssociation - sub BDA is:IEDBiogasCHP/MMXU1.A.neut.instCVal.mag.i: 0
14:23:47.167 [openiec61850-osi-server-7-thread-1] DEBUG com.beanit.openiec61850.ServerAssociation - sub BDA is:IEDBiogasCHP/MMXU1.A.neut.instCVal.mag.f: 0.0
14:23:47.167 [openiec61850-osi-server-7-thread-1] DEBUG com.beanit.openiec61850.ServerAssociation - sub BDA is:IEDBiogasCHP/MMXU1.A.neut.instCVal.ang.i: 0
14:23:47.167 [openiec61850-osi-server-7-thread-1] DEBUG com.beanit.openiec61850.ServerAssociation - sub BDA is:IEDBiogasCHP/MMXU1.A.neut.instCVal.ang.f: 0.0
14:23:47.167 [openiec61850-osi-server-7-thread-1] DEBUG com.beanit.openiec61850.ServerAssociation - sub BDA is:IEDBiogasCHP/MMXU1.A.neut.cVal.mag.i: 0
14:23:47.167 [openiec61850-osi-server-7-thread-1] DEBUG com.beanit.openiec61850.ServerAssociation - sub BDA is:IEDBiogasCHP/MMXU1.A.neut.cVal.mag.f: 0.0
14:23:47.167 [openiec61850-osi-server-7-thread-1] DEBUG com.beanit.openiec61850.ServerAssociation - sub BDA is:IEDBiogasCHP/MMXU1.A.neut.cVal.ang.i: 0
14:23:47.167 [openiec61850-osi-server-7-thread-1] DEBUG com.beanit.openiec61850.ServerAssociation - sub BDA is:IEDBiogasCHP/MMXU1.A.neut.cVal.ang.f: 0.0
14:23:47.167 [openiec61850-osi-server-7-thread-1] DEBUG com.beanit.openiec61850.ServerAssociation - sub BDA is:IEDBiogasCHP/MMXU1.A.neut.range: 0
14:23:47.167 [openiec61850-osi-server-7-thread-1] DEBUG com.beanit.openiec61850.ServerAssociation - sub BDA is:IEDBiogasCHP/MMXU1.A.neut.q: 0x00 0x00
14:23:47.167 [openiec61850-osi-server-7-thread-1] DEBUG com.beanit.openiec61850.ServerAssociation - sub BDA is:IEDBiogasCHP/MMXU1.A.neut.t: Thu Jan 01 01:00:00 CET 1970
14:23:47.167 [openiec61850-osi-server-7-thread-1] DEBUG com.beanit.openiec61850.ServerAssociation - sub BDA is:IEDBiogasCHP/MMXU1.A.net.instCVal.mag.i: 0
14:23:47.167 [openiec61850-osi-server-7-thread-1] DEBUG com.beanit.openiec61850.ServerAssociation - sub BDA is:IEDBiogasCHP/MMXU1.A.net.instCVal.mag.f: 0.0
14:23:47.167 [openiec61850-osi-server-7-thread-1] DEBUG com.beanit.openiec61850.ServerAssociation - sub BDA is:IEDBiogasCHP/MMXU1.A.net.instCVal.ang.i: 0
14:23:47.167 [openiec61850-osi-server-7-thread-1] DEBUG com.beanit.openiec61850.ServerAssociation - sub BDA is:IEDBiogasCHP/MMXU1.A.net.instCVal.ang.f: 0.0
14:23:47.167 [openiec61850-osi-server-7-thread-1] DEBUG com.beanit.openiec61850.ServerAssociation - sub BDA is:IEDBiogasCHP/MMXU1.A.net.cVal.mag.i: 0
14:23:47.167 [openiec61850-osi-server-7-thread-1] DEBUG com.beanit.openiec61850.ServerAssociation - sub BDA is:IEDBiogasCHP/MMXU1.A.net.cVal.mag.f: 0.0
14:23:47.167 [openiec61850-osi-server-7-thread-1] DEBUG com.beanit.openiec61850.ServerAssociation - sub BDA is:IEDBiogasCHP/MMXU1.A.net.cVal.ang.i: 0
14:23:47.167 [openiec61850-osi-server-7-thread-1] DEBUG com.beanit.openiec61850.ServerAssociation - sub BDA is:IEDBiogasCHP/MMXU1.A.net.cVal.ang.f: 0.0
14:23:47.167 [openiec61850-osi-server-7-thread-1] DEBUG com.beanit.openiec61850.ServerAssociation - sub BDA is:IEDBiogasCHP/MMXU1.A.net.range: 0
14:23:47.167 [openiec61850-osi-server-7-thread-1] DEBUG com.beanit.openiec61850.ServerAssociation - sub BDA is:IEDBiogasCHP/MMXU1.A.net.q: 0x00 0x00
14:23:47.167 [openiec61850-osi-server-7-thread-1] DEBUG com.beanit.openiec61850.ServerAssociation - sub BDA is:IEDBiogasCHP/MMXU1.A.net.t: Thu Jan 01 01:00:00 CET 1970
14:23:47.167 [openiec61850-osi-server-7-thread-1] DEBUG com.beanit.openiec61850.ServerAssociation - sub BDA is:IEDBiogasCHP/MMXU1.A.res.instCVal.mag.i: 0
14:23:47.167 [openiec61850-osi-server-7-thread-1] DEBUG com.beanit.openiec61850.ServerAssociation - sub BDA is:IEDBiogasCHP/MMXU1.A.res.instCVal.mag.f: 0.0
14:23:47.167 [openiec61850-osi-server-7-thread-1] DEBUG com.beanit.openiec61850.ServerAssociation - sub BDA is:IEDBiogasCHP/MMXU1.A.res.instCVal.ang.i: 0
14:23:47.167 [openiec61850-osi-server-7-thread-1] DEBUG com.beanit.openiec61850.ServerAssociation - sub BDA is:IEDBiogasCHP/MMXU1.A.res.instCVal.ang.f: 0.0
14:23:47.167 [openiec61850-osi-server-7-thread-1] DEBUG com.beanit.openiec61850.ServerAssociation - sub BDA is:IEDBiogasCHP/MMXU1.A.res.cVal.mag.i: 0
14:23:47.167 [openiec61850-osi-server-7-thread-1] DEBUG com.beanit.openiec61850.ServerAssociation - sub BDA is:IEDBiogasCHP/MMXU1.A.res.cVal.mag.f: 0.0
14:23:47.167 [openiec61850-osi-server-7-thread-1] DEBUG com.beanit.openiec61850.ServerAssociation - sub BDA is:IEDBiogasCHP/MMXU1.A.res.cVal.ang.i: 0
14:23:47.167 [openiec61850-osi-server-7-thread-1] DEBUG com.beanit.openiec61850.ServerAssociation - sub BDA is:IEDBiogasCHP/MMXU1.A.res.cVal.ang.f: 0.0
14:23:47.167 [openiec61850-osi-server-7-thread-1] DEBUG com.beanit.openiec61850.ServerAssociation - sub BDA is:IEDBiogasCHP/MMXU1.A.res.range: 0
14:23:47.167 [openiec61850-osi-server-7-thread-1] DEBUG com.beanit.openiec61850.ServerAssociation - sub BDA is:IEDBiogasCHP/MMXU1.A.res.q: 0x00 0x00
14:23:47.167 [openiec61850-osi-server-7-thread-1] DEBUG com.beanit.openiec61850.ServerAssociation - sub BDA is:IEDBiogasCHP/MMXU1.A.res.t: Thu Jan 01 01:00:00 CET 1970
calling GetDataValues(IEDBiogasCHP/MMXU1.A.phsA)
14:23:47.167 [openiec61850-osi-server-7-thread-1] DEBUG com.beanit.openiec61850.ServerAssociation - Got a GetDataValues request for node: IEDBiogasCHP/MMXU1.A.phsA [MX]
IEDBiogasCHP/MMXU1.A.phsA.instCVal [MX]
IEDBiogasCHP/MMXU1.A.phsA.instCVal.mag [MX]
IEDBiogasCHP/MMXU1.A.phsA.instCVal.mag.i: 0
IEDBiogasCHP/MMXU1.A.phsA.instCVal.mag.f: 0.0
IEDBiogasCHP/MMXU1.A.phsA.instCVal.ang [MX]
IEDBiogasCHP/MMXU1.A.phsA.instCVal.ang.i: 0
IEDBiogasCHP/MMXU1.A.phsA.instCVal.ang.f: 0.0
IEDBiogasCHP/MMXU1.A.phsA.cVal [MX]
IEDBiogasCHP/MMXU1.A.phsA.cVal.mag [MX]
IEDBiogasCHP/MMXU1.A.phsA.cVal.mag.i: 0
IEDBiogasCHP/MMXU1.A.phsA.cVal.mag.f: 0.0
IEDBiogasCHP/MMXU1.A.phsA.cVal.ang [MX]
IEDBiogasCHP/MMXU1.A.phsA.cVal.ang.i: 0
IEDBiogasCHP/MMXU1.A.phsA.cVal.ang.f: 0.0
IEDBiogasCHP/MMXU1.A.phsA.range: 0
IEDBiogasCHP/MMXU1.A.phsA.q: 0x00 0x00
IEDBiogasCHP/MMXU1.A.phsA.t: Thu Jan 01 01:00:00 CET 1970
14:23:47.167 [openiec61850-osi-server-7-thread-1] DEBUG com.beanit.openiec61850.ServerAssociation - sub BDA is:IEDBiogasCHP/MMXU1.A.phsA.instCVal.mag.i: 0
14:23:47.167 [openiec61850-osi-server-7-thread-1] DEBUG com.beanit.openiec61850.ServerAssociation - sub BDA is:IEDBiogasCHP/MMXU1.A.phsA.instCVal.mag.f: 0.0
14:23:47.167 [openiec61850-osi-server-7-thread-1] DEBUG com.beanit.openiec61850.ServerAssociation - sub BDA is:IEDBiogasCHP/MMXU1.A.phsA.instCVal.ang.i: 0
14:23:47.167 [openiec61850-osi-server-7-thread-1] DEBUG com.beanit.openiec61850.ServerAssociation - sub BDA is:IEDBiogasCHP/MMXU1.A.phsA.instCVal.ang.f: 0.0
14:23:47.167 [openiec61850-osi-server-7-thread-1] DEBUG com.beanit.openiec61850.ServerAssociation - sub BDA is:IEDBiogasCHP/MMXU1.A.phsA.cVal.mag.i: 0
14:23:47.167 [openiec61850-osi-server-7-thread-1] DEBUG com.beanit.openiec61850.ServerAssociation - sub BDA is:IEDBiogasCHP/MMXU1.A.phsA.cVal.mag.f: 0.0
14:23:47.167 [openiec61850-osi-server-7-thread-1] DEBUG com.beanit.openiec61850.ServerAssociation - sub BDA is:IEDBiogasCHP/MMXU1.A.phsA.cVal.ang.i: 0
14:23:47.167 [openiec61850-osi-server-7-thread-1] DEBUG com.beanit.openiec61850.ServerAssociation - sub BDA is:IEDBiogasCHP/MMXU1.A.phsA.cVal.ang.f: 0.0
14:23:47.167 [openiec61850-osi-server-7-thread-1] DEBUG com.beanit.openiec61850.ServerAssociation - sub BDA is:IEDBiogasCHP/MMXU1.A.phsA.range: 0
14:23:47.167 [openiec61850-osi-server-7-thread-1] DEBUG com.beanit.openiec61850.ServerAssociation - sub BDA is:IEDBiogasCHP/MMXU1.A.phsA.q: 0x00 0x00
14:23:47.167 [openiec61850-osi-server-7-thread-1] DEBUG com.beanit.openiec61850.ServerAssociation - sub BDA is:IEDBiogasCHP/MMXU1.A.phsA.t: Thu Jan 01 01:00:00 CET 1970
calling GetDataValues(IEDBiogasCHP/MMXU1.A.phsA.instCVal)
14:23:47.167 [openiec61850-osi-server-7-thread-1] DEBUG com.beanit.openiec61850.ServerAssociation - Got a GetDataValues request for node: IEDBiogasCHP/MMXU1.A.phsA.instCVal [MX]
IEDBiogasCHP/MMXU1.A.phsA.instCVal.mag [MX]
IEDBiogasCHP/MMXU1.A.phsA.instCVal.mag.i: 0
IEDBiogasCHP/MMXU1.A.phsA.instCVal.mag.f: 0.0
IEDBiogasCHP/MMXU1.A.phsA.instCVal.ang [MX]
IEDBiogasCHP/MMXU1.A.phsA.instCVal.ang.i: 0
IEDBiogasCHP/MMXU1.A.phsA.instCVal.ang.f: 0.0
14:23:47.167 [openiec61850-osi-server-7-thread-1] DEBUG com.beanit.openiec61850.ServerAssociation - sub BDA is:IEDBiogasCHP/MMXU1.A.phsA.instCVal.mag.i: 0
14:23:47.167 [openiec61850-osi-server-7-thread-1] DEBUG com.beanit.openiec61850.ServerAssociation - sub BDA is:IEDBiogasCHP/MMXU1.A.phsA.instCVal.mag.f: 0.0
14:23:47.167 [openiec61850-osi-server-7-thread-1] DEBUG com.beanit.openiec61850.ServerAssociation - sub BDA is:IEDBiogasCHP/MMXU1.A.phsA.instCVal.ang.i: 0
14:23:47.167 [openiec61850-osi-server-7-thread-1] DEBUG com.beanit.openiec61850.ServerAssociation - sub BDA is:IEDBiogasCHP/MMXU1.A.phsA.instCVal.ang.f: 0.0
calling GetDataValues(IEDBiogasCHP/MMXU1.A.phsA.instCVal.mag)
14:23:47.168 [openiec61850-osi-server-7-thread-1] DEBUG com.beanit.openiec61850.ServerAssociation - Got a GetDataValues request for node: IEDBiogasCHP/MMXU1.A.phsA.instCVal.mag [MX]
IEDBiogasCHP/MMXU1.A.phsA.instCVal.mag.i: 0
IEDBiogasCHP/MMXU1.A.phsA.instCVal.mag.f: 0.0
14:23:47.168 [openiec61850-osi-server-7-thread-1] DEBUG com.beanit.openiec61850.ServerAssociation - sub BDA is:IEDBiogasCHP/MMXU1.A.phsA.instCVal.mag.i: 0
14:23:47.168 [openiec61850-osi-server-7-thread-1] DEBUG com.beanit.openiec61850.ServerAssociation - sub BDA is:IEDBiogasCHP/MMXU1.A.phsA.instCVal.mag.f: 0.0
calling GetDataValues(IEDBiogasCHP/MMXU1.A.phsA.instCVal.mag.i)
14:23:47.168 [openiec61850-osi-server-7-thread-1] DEBUG com.beanit.openiec61850.ServerAssociation - Got a GetDataValues request for node: IEDBiogasCHP/MMXU1.A.phsA.instCVal.mag.i: 0
calling GetDataValues(IEDBiogasCHP/MMXU1.A.phsA.instCVal.mag.f)
14:23:47.168 [openiec61850-osi-server-7-thread-1] DEBUG com.beanit.openiec61850.ServerAssociation - Got a GetDataValues request for node: IEDBiogasCHP/MMXU1.A.phsA.instCVal.mag.f: 0.0
calling GetDataValues(IEDBiogasCHP/MMXU1.A.phsA.instCVal.ang)
14:23:47.168 [openiec61850-osi-server-7-thread-1] DEBUG com.beanit.openiec61850.ServerAssociation - Got a GetDataValues request for node: IEDBiogasCHP/MMXU1.A.phsA.instCVal.ang [MX]
IEDBiogasCHP/MMXU1.A.phsA.instCVal.ang.i: 0
IEDBiogasCHP/MMXU1.A.phsA.instCVal.ang.f: 0.0
14:23:47.168 [openiec61850-osi-server-7-thread-1] DEBUG com.beanit.openiec61850.ServerAssociation - sub BDA is:IEDBiogasCHP/MMXU1.A.phsA.instCVal.ang.i: 0
14:23:47.168 [openiec61850-osi-server-7-thread-1] DEBUG com.beanit.openiec61850.ServerAssociation - sub BDA is:IEDBiogasCHP/MMXU1.A.phsA.instCVal.ang.f: 0.0
calling GetDataValues(IEDBiogasCHP/MMXU1.A.phsA.instCVal.ang.i)
14:23:47.168 [openiec61850-osi-server-7-thread-1] DEBUG com.beanit.openiec61850.ServerAssociation - Got a GetDataValues request for node: IEDBiogasCHP/MMXU1.A.phsA.instCVal.ang.i: 0
calling GetDataValues(IEDBiogasCHP/MMXU1.A.phsA.instCVal.ang.f)
14:23:47.168 [openiec61850-osi-server-7-thread-1] DEBUG com.beanit.openiec61850.ServerAssociation - Got a GetDataValues request for node: IEDBiogasCHP/MMXU1.A.phsA.instCVal.ang.f: 0.0
calling GetDataValues(IEDBiogasCHP/MMXU1.A.phsA.cVal)
14:23:47.168 [openiec61850-osi-server-7-thread-1] DEBUG com.beanit.openiec61850.ServerAssociation - Got a GetDataValues request for node: IEDBiogasCHP/MMXU1.A.phsA.cVal [MX]
IEDBiogasCHP/MMXU1.A.phsA.cVal.mag [MX]
IEDBiogasCHP/MMXU1.A.phsA.cVal.mag.i: 0
IEDBiogasCHP/MMXU1.A.phsA.cVal.mag.f: 0.0
IEDBiogasCHP/MMXU1.A.phsA.cVal.ang [MX]
IEDBiogasCHP/MMXU1.A.phsA.cVal.ang.i: 0
IEDBiogasCHP/MMXU1.A.phsA.cVal.ang.f: 0.0
14:23:47.168 [openiec61850-osi-server-7-thread-1] DEBUG com.beanit.openiec61850.ServerAssociation - sub BDA is:IEDBiogasCHP/MMXU1.A.phsA.cVal.mag.i: 0
14:23:47.168 [openiec61850-osi-server-7-thread-1] DEBUG com.beanit.openiec61850.ServerAssociation - sub BDA is:IEDBiogasCHP/MMXU1.A.phsA.cVal.mag.f: 0.0
14:23:47.168 [openiec61850-osi-server-7-thread-1] DEBUG com.beanit.openiec61850.ServerAssociation - sub BDA is:IEDBiogasCHP/MMXU1.A.phsA.cVal.ang.i: 0
14:23:47.168 [openiec61850-osi-server-7-thread-1] DEBUG com.beanit.openiec61850.ServerAssociation - sub BDA is:IEDBiogasCHP/MMXU1.A.phsA.cVal.ang.f: 0.0
calling GetDataValues(IEDBiogasCHP/MMXU1.A.phsA.cVal.mag)
14:23:47.169 [openiec61850-osi-server-7-thread-1] DEBUG com.beanit.openiec61850.ServerAssociation - Got a GetDataValues request for node: IEDBiogasCHP/MMXU1.A.phsA.cVal.mag [MX]
IEDBiogasCHP/MMXU1.A.phsA.cVal.mag.i: 0
IEDBiogasCHP/MMXU1.A.phsA.cVal.mag.f: 0.0
14:23:47.169 [openiec61850-osi-server-7-thread-1] DEBUG com.beanit.openiec61850.ServerAssociation - sub BDA is:IEDBiogasCHP/MMXU1.A.phsA.cVal.mag.i: 0
14:23:47.169 [openiec61850-osi-server-7-thread-1] DEBUG com.beanit.openiec61850.ServerAssociation - sub BDA is:IEDBiogasCHP/MMXU1.A.phsA.cVal.mag.f: 0.0
calling GetDataValues(IEDBiogasCHP/MMXU1.A.phsA.cVal.mag.i)
14:23:47.169 [openiec61850-osi-server-7-thread-1] DEBUG com.beanit.openiec61850.ServerAssociation - Got a GetDataValues request for node: IEDBiogasCHP/MMXU1.A.phsA.cVal.mag.i: 0
calling GetDataValues(IEDBiogasCHP/MMXU1.A.phsA.cVal.mag.f)
14:23:47.169 [openiec61850-osi-server-7-thread-1] DEBUG com.beanit.openiec61850.ServerAssociation - Got a GetDataValues request for node: IEDBiogasCHP/MMXU1.A.phsA.cVal.mag.f: 0.0
calling GetDataValues(IEDBiogasCHP/MMXU1.A.phsA.cVal.ang)
14:23:47.169 [openiec61850-osi-server-7-thread-1] DEBUG com.beanit.openiec61850.ServerAssociation - Got a GetDataValues request for node: IEDBiogasCHP/MMXU1.A.phsA.cVal.ang [MX]
IEDBiogasCHP/MMXU1.A.phsA.cVal.ang.i: 0
IEDBiogasCHP/MMXU1.A.phsA.cVal.ang.f: 0.0
14:23:47.169 [openiec61850-osi-server-7-thread-1] DEBUG com.beanit.openiec61850.ServerAssociation - sub BDA is:IEDBiogasCHP/MMXU1.A.phsA.cVal.ang.i: 0
14:23:47.169 [openiec61850-osi-server-7-thread-1] DEBUG com.beanit.openiec61850.ServerAssociation - sub BDA is:IEDBiogasCHP/MMXU1.A.phsA.cVal.ang.f: 0.0
calling GetDataValues(IEDBiogasCHP/MMXU1.A.phsA.cVal.ang.i)
14:23:47.169 [openiec61850-osi-server-7-thread-1] DEBUG com.beanit.openiec61850.ServerAssociation - Got a GetDataValues request for node: IEDBiogasCHP/MMXU1.A.phsA.cVal.ang.i: 0
calling GetDataValues(IEDBiogasCHP/MMXU1.A.phsA.cVal.ang.f)
14:23:47.169 [openiec61850-osi-server-7-thread-1] DEBUG com.beanit.openiec61850.ServerAssociation - Got a GetDataValues request for node: IEDBiogasCHP/MMXU1.A.phsA.cVal.ang.f: 0.0
calling GetDataValues(IEDBiogasCHP/MMXU1.A.phsA.range)
14:23:47.169 [openiec61850-osi-server-7-thread-1] DEBUG com.beanit.openiec61850.ServerAssociation - Got a GetDataValues request for node: IEDBiogasCHP/MMXU1.A.phsA.range: 0
calling GetDataValues(IEDBiogasCHP/MMXU1.A.phsA.q)
14:23:47.169 [openiec61850-osi-server-7-thread-1] DEBUG com.beanit.openiec61850.ServerAssociation - Got a GetDataValues request for node: IEDBiogasCHP/MMXU1.A.phsA.q: 0x00 0x00
calling GetDataValues(IEDBiogasCHP/MMXU1.A.phsA.t)
14:23:47.170 [openiec61850-osi-server-7-thread-1] DEBUG com.beanit.openiec61850.ServerAssociation - Got a GetDataValues request for node: IEDBiogasCHP/MMXU1.A.phsA.t: Thu Jan 01 01:00:00 CET 1970
calling GetDataValues(IEDBiogasCHP/MMXU1.A.phsB)
14:23:47.170 [openiec61850-osi-server-7-thread-1] DEBUG com.beanit.openiec61850.ServerAssociation - Got a GetDataValues request for node: IEDBiogasCHP/MMXU1.A.phsB [MX]
IEDBiogasCHP/MMXU1.A.phsB.instCVal [MX]
IEDBiogasCHP/MMXU1.A.phsB.instCVal.mag [MX]
IEDBiogasCHP/MMXU1.A.phsB.instCVal.mag.i: 0
IEDBiogasCHP/MMXU1.A.phsB.instCVal.mag.f: 0.0
IEDBiogasCHP/MMXU1.A.phsB.instCVal.ang [MX]
IEDBiogasCHP/MMXU1.A.phsB.instCVal.ang.i: 0
IEDBiogasCHP/MMXU1.A.phsB.instCVal.ang.f: 0.0
IEDBiogasCHP/MMXU1.A.phsB.cVal [MX]
IEDBiogasCHP/MMXU1.A.phsB.cVal.mag [MX]
IEDBiogasCHP/MMXU1.A.phsB.cVal.mag.i: 0
IEDBiogasCHP/MMXU1.A.phsB.cVal.mag.f: 0.0
IEDBiogasCHP/MMXU1.A.phsB.cVal.ang [MX]
IEDBiogasCHP/MMXU1.A.phsB.cVal.ang.i: 0
IEDBiogasCHP/MMXU1.A.phsB.cVal.ang.f: 0.0
IEDBiogasCHP/MMXU1.A.phsB.range: 0
IEDBiogasCHP/MMXU1.A.phsB.q: 0x00 0x00
IEDBiogasCHP/MMXU1.A.phsB.t: Thu Jan 01 01:00:00 CET 1970
14:23:47.170 [openiec61850-osi-server-7-thread-1] DEBUG com.beanit.openiec61850.ServerAssociation - sub BDA is:IEDBiogasCHP/MMXU1.A.phsB.instCVal.mag.i: 0
14:23:47.170 [openiec61850-osi-server-7-thread-1] DEBUG com.beanit.openiec61850.ServerAssociation - sub BDA is:IEDBiogasCHP/MMXU1.A.phsB.instCVal.mag.f: 0.0
14:23:47.170 [openiec61850-osi-server-7-thread-1] DEBUG com.beanit.openiec61850.ServerAssociation - sub BDA is:IEDBiogasCHP/MMXU1.A.phsB.instCVal.ang.i: 0
14:23:47.170 [openiec61850-osi-server-7-thread-1] DEBUG com.beanit.openiec61850.ServerAssociation - sub BDA is:IEDBiogasCHP/MMXU1.A.phsB.instCVal.ang.f: 0.0
14:23:47.170 [openiec61850-osi-server-7-thread-1] DEBUG com.beanit.openiec61850.ServerAssociation - sub BDA is:IEDBiogasCHP/MMXU1.A.phsB.cVal.mag.i: 0
14:23:47.170 [openiec61850-osi-server-7-thread-1] DEBUG com.beanit.openiec61850.ServerAssociation - sub BDA is:IEDBiogasCHP/MMXU1.A.phsB.cVal.mag.f: 0.0
14:23:47.170 [openiec61850-osi-server-7-thread-1] DEBUG com.beanit.openiec61850.ServerAssociation - sub BDA is:IEDBiogasCHP/MMXU1.A.phsB.cVal.ang.i: 0
14:23:47.170 [openiec61850-osi-server-7-thread-1] DEBUG com.beanit.openiec61850.ServerAssociation - sub BDA is:IEDBiogasCHP/MMXU1.A.phsB.cVal.ang.f: 0.0
14:23:47.170 [openiec61850-osi-server-7-thread-1] DEBUG com.beanit.openiec61850.ServerAssociation - sub BDA is:IEDBiogasCHP/MMXU1.A.phsB.range: 0
14:23:47.170 [openiec61850-osi-server-7-thread-1] DEBUG com.beanit.openiec61850.ServerAssociation - sub BDA is:IEDBiogasCHP/MMXU1.A.phsB.q: 0x00 0x00
14:23:47.170 [openiec61850-osi-server-7-thread-1] DEBUG com.beanit.openiec61850.ServerAssociation - sub BDA is:IEDBiogasCHP/MMXU1.A.phsB.t: Thu Jan 01 01:00:00 CET 1970
calling GetDataValues(IEDBiogasCHP/MMXU1.A.phsB.instCVal)
14:23:47.170 [openiec61850-osi-server-7-thread-1] DEBUG com.beanit.openiec61850.ServerAssociation - Got a GetDataValues request for node: IEDBiogasCHP/MMXU1.A.phsB.instCVal [MX]
IEDBiogasCHP/MMXU1.A.phsB.instCVal.mag [MX]
IEDBiogasCHP/MMXU1.A.phsB.instCVal.mag.i: 0
IEDBiogasCHP/MMXU1.A.phsB.instCVal.mag.f: 0.0
IEDBiogasCHP/MMXU1.A.phsB.instCVal.ang [MX]
IEDBiogasCHP/MMXU1.A.phsB.instCVal.ang.i: 0
IEDBiogasCHP/MMXU1.A.phsB.instCVal.ang.f: 0.0
14:23:47.170 [openiec61850-osi-server-7-thread-1] DEBUG com.beanit.openiec61850.ServerAssociation - sub BDA is:IEDBiogasCHP/MMXU1.A.phsB.instCVal.mag.i: 0
14:23:47.170 [openiec61850-osi-server-7-thread-1] DEBUG com.beanit.openiec61850.ServerAssociation - sub BDA is:IEDBiogasCHP/MMXU1.A.phsB.instCVal.mag.f: 0.0
14:23:47.170 [openiec61850-osi-server-7-thread-1] DEBUG com.beanit.openiec61850.ServerAssociation - sub BDA is:IEDBiogasCHP/MMXU1.A.phsB.instCVal.ang.i: 0
14:23:47.170 [openiec61850-osi-server-7-thread-1] DEBUG com.beanit.openiec61850.ServerAssociation - sub BDA is:IEDBiogasCHP/MMXU1.A.phsB.instCVal.ang.f: 0.0
calling GetDataValues(IEDBiogasCHP/MMXU1.A.phsB.instCVal.mag)
14:23:47.170 [openiec61850-osi-server-7-thread-1] DEBUG com.beanit.openiec61850.ServerAssociation - Got a GetDataValues request for node: IEDBiogasCHP/MMXU1.A.phsB.instCVal.mag [MX]
IEDBiogasCHP/MMXU1.A.phsB.instCVal.mag.i: 0
IEDBiogasCHP/MMXU1.A.phsB.instCVal.mag.f: 0.0
14:23:47.170 [openiec61850-osi-server-7-thread-1] DEBUG com.beanit.openiec61850.ServerAssociation - sub BDA is:IEDBiogasCHP/MMXU1.A.phsB.instCVal.mag.i: 0
14:23:47.170 [openiec61850-osi-server-7-thread-1] DEBUG com.beanit.openiec61850.ServerAssociation - sub BDA is:IEDBiogasCHP/MMXU1.A.phsB.instCVal.mag.f: 0.0
calling GetDataValues(IEDBiogasCHP/MMXU1.A.phsB.instCVal.mag.i)
14:23:47.170 [openiec61850-osi-server-7-thread-1] DEBUG com.beanit.openiec61850.ServerAssociation - Got a GetDataValues request for node: IEDBiogasCHP/MMXU1.A.phsB.instCVal.mag.i: 0
calling GetDataValues(IEDBiogasCHP/MMXU1.A.phsB.instCVal.mag.f)
14:23:47.170 [openiec61850-osi-server-7-thread-1] DEBUG com.beanit.openiec61850.ServerAssociation - Got a GetDataValues request for node: IEDBiogasCHP/MMXU1.A.phsB.instCVal.mag.f: 0.0
calling GetDataValues(IEDBiogasCHP/MMXU1.A.phsB.instCVal.ang)
14:23:47.171 [openiec61850-osi-server-7-thread-1] DEBUG com.beanit.openiec61850.ServerAssociation - Got a GetDataValues request for node: IEDBiogasCHP/MMXU1.A.phsB.instCVal.ang [MX]
IEDBiogasCHP/MMXU1.A.phsB.instCVal.ang.i: 0
IEDBiogasCHP/MMXU1.A.phsB.instCVal.ang.f: 0.0
14:23:47.171 [openiec61850-osi-server-7-thread-1] DEBUG com.beanit.openiec61850.ServerAssociation - sub BDA is:IEDBiogasCHP/MMXU1.A.phsB.instCVal.ang.i: 0
14:23:47.171 [openiec61850-osi-server-7-thread-1] DEBUG com.beanit.openiec61850.ServerAssociation - sub BDA is:IEDBiogasCHP/MMXU1.A.phsB.instCVal.ang.f: 0.0
calling GetDataValues(IEDBiogasCHP/MMXU1.A.phsB.instCVal.ang.i)
14:23:47.171 [openiec61850-osi-server-7-thread-1] DEBUG com.beanit.openiec61850.ServerAssociation - Got a GetDataValues request for node: IEDBiogasCHP/MMXU1.A.phsB.instCVal.ang.i: 0
calling GetDataValues(IEDBiogasCHP/MMXU1.A.phsB.instCVal.ang.f)
14:23:47.171 [openiec61850-osi-server-7-thread-1] DEBUG com.beanit.openiec61850.ServerAssociation - Got a GetDataValues request for node: IEDBiogasCHP/MMXU1.A.phsB.instCVal.ang.f: 0.0
calling GetDataValues(IEDBiogasCHP/MMXU1.A.phsB.cVal)
14:23:47.171 [openiec61850-osi-server-7-thread-1] DEBUG com.beanit.openiec61850.ServerAssociation - Got a GetDataValues request for node: IEDBiogasCHP/MMXU1.A.phsB.cVal [MX]
IEDBiogasCHP/MMXU1.A.phsB.cVal.mag [MX]
IEDBiogasCHP/MMXU1.A.phsB.cVal.mag.i: 0
IEDBiogasCHP/MMXU1.A.phsB.cVal.mag.f: 0.0
IEDBiogasCHP/MMXU1.A.phsB.cVal.ang [MX]
IEDBiogasCHP/MMXU1.A.phsB.cVal.ang.i: 0
IEDBiogasCHP/MMXU1.A.phsB.cVal.ang.f: 0.0
14:23:47.171 [openiec61850-osi-server-7-thread-1] DEBUG com.beanit.openiec61850.ServerAssociation - sub BDA is:IEDBiogasCHP/MMXU1.A.phsB.cVal.mag.i: 0
14:23:47.171 [openiec61850-osi-server-7-thread-1] DEBUG com.beanit.openiec61850.ServerAssociation - sub BDA is:IEDBiogasCHP/MMXU1.A.phsB.cVal.mag.f: 0.0
14:23:47.171 [openiec61850-osi-server-7-thread-1] DEBUG com.beanit.openiec61850.ServerAssociation - sub BDA is:IEDBiogasCHP/MMXU1.A.phsB.cVal.ang.i: 0
14:23:47.171 [openiec61850-osi-server-7-thread-1] DEBUG com.beanit.openiec61850.ServerAssociation - sub BDA is:IEDBiogasCHP/MMXU1.A.phsB.cVal.ang.f: 0.0
calling GetDataValues(IEDBiogasCHP/MMXU1.A.phsB.cVal.mag)
14:23:47.171 [openiec61850-osi-server-7-thread-1] DEBUG com.beanit.openiec61850.ServerAssociation - Got a GetDataValues request for node: IEDBiogasCHP/MMXU1.A.phsB.cVal.mag [MX]
IEDBiogasCHP/MMXU1.A.phsB.cVal.mag.i: 0
IEDBiogasCHP/MMXU1.A.phsB.cVal.mag.f: 0.0
14:23:47.171 [openiec61850-osi-server-7-thread-1] DEBUG com.beanit.openiec61850.ServerAssociation - sub BDA is:IEDBiogasCHP/MMXU1.A.phsB.cVal.mag.i: 0
14:23:47.171 [openiec61850-osi-server-7-thread-1] DEBUG com.beanit.openiec61850.ServerAssociation - sub BDA is:IEDBiogasCHP/MMXU1.A.phsB.cVal.mag.f: 0.0
calling GetDataValues(IEDBiogasCHP/MMXU1.A.phsB.cVal.mag.i)
14:23:47.171 [openiec61850-osi-server-7-thread-1] DEBUG com.beanit.openiec61850.ServerAssociation - Got a GetDataValues request for node: IEDBiogasCHP/MMXU1.A.phsB.cVal.mag.i: 0
calling GetDataValues(IEDBiogasCHP/MMXU1.A.phsB.cVal.mag.f)
14:23:47.171 [openiec61850-osi-server-7-thread-1] DEBUG com.beanit.openiec61850.ServerAssociation - Got a GetDataValues request for node: IEDBiogasCHP/MMXU1.A.phsB.cVal.mag.f: 0.0
calling GetDataValues(IEDBiogasCHP/MMXU1.A.phsB.cVal.ang)
14:23:47.171 [openiec61850-osi-server-7-thread-1] DEBUG com.beanit.openiec61850.ServerAssociation - Got a GetDataValues request for node: IEDBiogasCHP/MMXU1.A.phsB.cVal.ang [MX]
IEDBiogasCHP/MMXU1.A.phsB.cVal.ang.i: 0
IEDBiogasCHP/MMXU1.A.phsB.cVal.ang.f: 0.0
14:23:47.171 [openiec61850-osi-server-7-thread-1] DEBUG com.beanit.openiec61850.ServerAssociation - sub BDA is:IEDBiogasCHP/MMXU1.A.phsB.cVal.ang.i: 0
14:23:47.171 [openiec61850-osi-server-7-thread-1] DEBUG com.beanit.openiec61850.ServerAssociation - sub BDA is:IEDBiogasCHP/MMXU1.A.phsB.cVal.ang.f: 0.0
calling GetDataValues(IEDBiogasCHP/MMXU1.A.phsB.cVal.ang.i)
14:23:47.172 [openiec61850-osi-server-7-thread-1] DEBUG com.beanit.openiec61850.ServerAssociation - Got a GetDataValues request for node: IEDBiogasCHP/MMXU1.A.phsB.cVal.ang.i: 0
calling GetDataValues(IEDBiogasCHP/MMXU1.A.phsB.cVal.ang.f)
14:23:47.172 [openiec61850-osi-server-7-thread-1] DEBUG com.beanit.openiec61850.ServerAssociation - Got a GetDataValues request for node: IEDBiogasCHP/MMXU1.A.phsB.cVal.ang.f: 0.0
calling GetDataValues(IEDBiogasCHP/MMXU1.A.phsB.range)
14:23:47.172 [openiec61850-osi-server-7-thread-1] DEBUG com.beanit.openiec61850.ServerAssociation - Got a GetDataValues request for node: IEDBiogasCHP/MMXU1.A.phsB.range: 0
calling GetDataValues(IEDBiogasCHP/MMXU1.A.phsB.q)
14:23:47.172 [openiec61850-osi-server-7-thread-1] DEBUG com.beanit.openiec61850.ServerAssociation - Got a GetDataValues request for node: IEDBiogasCHP/MMXU1.A.phsB.q: 0x00 0x00
calling GetDataValues(IEDBiogasCHP/MMXU1.A.phsB.t)
14:23:47.172 [openiec61850-osi-server-7-thread-1] DEBUG com.beanit.openiec61850.ServerAssociation - Got a GetDataValues request for node: IEDBiogasCHP/MMXU1.A.phsB.t: Thu Jan 01 01:00:00 CET 1970
calling GetDataValues(IEDBiogasCHP/MMXU1.A.phsC)
14:23:47.172 [openiec61850-osi-server-7-thread-1] DEBUG com.beanit.openiec61850.ServerAssociation - Got a GetDataValues request for node: IEDBiogasCHP/MMXU1.A.phsC [MX]
IEDBiogasCHP/MMXU1.A.phsC.instCVal [MX]
IEDBiogasCHP/MMXU1.A.phsC.instCVal.mag [MX]
IEDBiogasCHP/MMXU1.A.phsC.instCVal.mag.i: 0
IEDBiogasCHP/MMXU1.A.phsC.instCVal.mag.f: 0.0
IEDBiogasCHP/MMXU1.A.phsC.instCVal.ang [MX]
IEDBiogasCHP/MMXU1.A.phsC.instCVal.ang.i: 0
IEDBiogasCHP/MMXU1.A.phsC.instCVal.ang.f: 0.0
IEDBiogasCHP/MMXU1.A.phsC.cVal [MX]
IEDBiogasCHP/MMXU1.A.phsC.cVal.mag [MX]
IEDBiogasCHP/MMXU1.A.phsC.cVal.mag.i: 0
IEDBiogasCHP/MMXU1.A.phsC.cVal.mag.f: 0.0
IEDBiogasCHP/MMXU1.A.phsC.cVal.ang [MX]
IEDBiogasCHP/MMXU1.A.phsC.cVal.ang.i: 0
IEDBiogasCHP/MMXU1.A.phsC.cVal.ang.f: 0.0
IEDBiogasCHP/MMXU1.A.phsC.range: 0
IEDBiogasCHP/MMXU1.A.phsC.q: 0x00 0x00
IEDBiogasCHP/MMXU1.A.phsC.t: Thu Jan 01 01:00:00 CET 1970
14:23:47.172 [openiec61850-osi-server-7-thread-1] DEBUG com.beanit.openiec61850.ServerAssociation - sub BDA is:IEDBiogasCHP/MMXU1.A.phsC.instCVal.mag.i: 0
14:23:47.172 [openiec61850-osi-server-7-thread-1] DEBUG com.beanit.openiec61850.ServerAssociation - sub BDA is:IEDBiogasCHP/MMXU1.A.phsC.instCVal.mag.f: 0.0
14:23:47.172 [openiec61850-osi-server-7-thread-1] DEBUG com.beanit.openiec61850.ServerAssociation - sub BDA is:IEDBiogasCHP/MMXU1.A.phsC.instCVal.ang.i: 0
14:23:47.172 [openiec61850-osi-server-7-thread-1] DEBUG com.beanit.openiec61850.ServerAssociation - sub BDA is:IEDBiogasCHP/MMXU1.A.phsC.instCVal.ang.f: 0.0
14:23:47.172 [openiec61850-osi-server-7-thread-1] DEBUG com.beanit.openiec61850.ServerAssociation - sub BDA is:IEDBiogasCHP/MMXU1.A.phsC.cVal.mag.i: 0
14:23:47.172 [openiec61850-osi-server-7-thread-1] DEBUG com.beanit.openiec61850.ServerAssociation - sub BDA is:IEDBiogasCHP/MMXU1.A.phsC.cVal.mag.f: 0.0
14:23:47.172 [openiec61850-osi-server-7-thread-1] DEBUG com.beanit.openiec61850.ServerAssociation - sub BDA is:IEDBiogasCHP/MMXU1.A.phsC.cVal.ang.i: 0
14:23:47.172 [openiec61850-osi-server-7-thread-1] DEBUG com.beanit.openiec61850.ServerAssociation - sub BDA is:IEDBiogasCHP/MMXU1.A.phsC.cVal.ang.f: 0.0
14:23:47.172 [openiec61850-osi-server-7-thread-1] DEBUG com.beanit.openiec61850.ServerAssociation - sub BDA is:IEDBiogasCHP/MMXU1.A.phsC.range: 0
14:23:47.172 [openiec61850-osi-server-7-thread-1] DEBUG com.beanit.openiec61850.ServerAssociation - sub BDA is:IEDBiogasCHP/MMXU1.A.phsC.q: 0x00 0x00
14:23:47.172 [openiec61850-osi-server-7-thread-1] DEBUG com.beanit.openiec61850.ServerAssociation - sub BDA is:IEDBiogasCHP/MMXU1.A.phsC.t: Thu Jan 01 01:00:00 CET 1970
calling GetDataValues(IEDBiogasCHP/MMXU1.A.phsC.instCVal)
14:23:47.172 [openiec61850-osi-server-7-thread-1] DEBUG com.beanit.openiec61850.ServerAssociation - Got a GetDataValues request for node: IEDBiogasCHP/MMXU1.A.phsC.instCVal [MX]
IEDBiogasCHP/MMXU1.A.phsC.instCVal.mag [MX]
IEDBiogasCHP/MMXU1.A.phsC.instCVal.mag.i: 0
IEDBiogasCHP/MMXU1.A.phsC.instCVal.mag.f: 0.0
IEDBiogasCHP/MMXU1.A.phsC.instCVal.ang [MX]
IEDBiogasCHP/MMXU1.A.phsC.instCVal.ang.i: 0
IEDBiogasCHP/MMXU1.A.phsC.instCVal.ang.f: 0.0
14:23:47.173 [openiec61850-osi-server-7-thread-1] DEBUG com.beanit.openiec61850.ServerAssociation - sub BDA is:IEDBiogasCHP/MMXU1.A.phsC.instCVal.mag.i: 0
14:23:47.173 [openiec61850-osi-server-7-thread-1] DEBUG com.beanit.openiec61850.ServerAssociation - sub BDA is:IEDBiogasCHP/MMXU1.A.phsC.instCVal.mag.f: 0.0
14:23:47.173 [openiec61850-osi-server-7-thread-1] DEBUG com.beanit.openiec61850.ServerAssociation - sub BDA is:IEDBiogasCHP/MMXU1.A.phsC.instCVal.ang.i: 0
14:23:47.173 [openiec61850-osi-server-7-thread-1] DEBUG com.beanit.openiec61850.ServerAssociation - sub BDA is:IEDBiogasCHP/MMXU1.A.phsC.instCVal.ang.f: 0.0
calling GetDataValues(IEDBiogasCHP/MMXU1.A.phsC.instCVal.mag)
14:23:47.173 [openiec61850-osi-server-7-thread-1] DEBUG com.beanit.openiec61850.ServerAssociation - Got a GetDataValues request for node: IEDBiogasCHP/MMXU1.A.phsC.instCVal.mag [MX]
IEDBiogasCHP/MMXU1.A.phsC.instCVal.mag.i: 0
IEDBiogasCHP/MMXU1.A.phsC.instCVal.mag.f: 0.0
14:23:47.173 [openiec61850-osi-server-7-thread-1] DEBUG com.beanit.openiec61850.ServerAssociation - sub BDA is:IEDBiogasCHP/MMXU1.A.phsC.instCVal.mag.i: 0
14:23:47.173 [openiec61850-osi-server-7-thread-1] DEBUG com.beanit.openiec61850.ServerAssociation - sub BDA is:IEDBiogasCHP/MMXU1.A.phsC.instCVal.mag.f: 0.0
calling GetDataValues(IEDBiogasCHP/MMXU1.A.phsC.instCVal.mag.i)
14:23:47.173 [openiec61850-osi-server-7-thread-1] DEBUG com.beanit.openiec61850.ServerAssociation - Got a GetDataValues request for node: IEDBiogasCHP/MMXU1.A.phsC.instCVal.mag.i: 0
calling GetDataValues(IEDBiogasCHP/MMXU1.A.phsC.instCVal.mag.f)
14:23:47.173 [openiec61850-osi-server-7-thread-1] DEBUG com.beanit.openiec61850.ServerAssociation - Got a GetDataValues request for node: IEDBiogasCHP/MMXU1.A.phsC.instCVal.mag.f: 0.0
calling GetDataValues(IEDBiogasCHP/MMXU1.A.phsC.instCVal.ang)
14:23:47.173 [openiec61850-osi-server-7-thread-1] DEBUG com.beanit.openiec61850.ServerAssociation - Got a GetDataValues request for node: IEDBiogasCHP/MMXU1.A.phsC.instCVal.ang [MX]
IEDBiogasCHP/MMXU1.A.phsC.instCVal.ang.i: 0
IEDBiogasCHP/MMXU1.A.phsC.instCVal.ang.f: 0.0
14:23:47.173 [openiec61850-osi-server-7-thread-1] DEBUG com.beanit.openiec61850.ServerAssociation - sub BDA is:IEDBiogasCHP/MMXU1.A.phsC.instCVal.ang.i: 0
14:23:47.173 [openiec61850-osi-server-7-thread-1] DEBUG com.beanit.openiec61850.ServerAssociation - sub BDA is:IEDBiogasCHP/MMXU1.A.phsC.instCVal.ang.f: 0.0
calling GetDataValues(IEDBiogasCHP/MMXU1.A.phsC.instCVal.ang.i)
14:23:47.173 [openiec61850-osi-server-7-thread-1] DEBUG com.beanit.openiec61850.ServerAssociation - Got a GetDataValues request for node: IEDBiogasCHP/MMXU1.A.phsC.instCVal.ang.i: 0
calling GetDataValues(IEDBiogasCHP/MMXU1.A.phsC.instCVal.ang.f)
14:23:47.173 [openiec61850-osi-server-7-thread-1] DEBUG com.beanit.openiec61850.ServerAssociation - Got a GetDataValues request for node: IEDBiogasCHP/MMXU1.A.phsC.instCVal.ang.f: 0.0
calling GetDataValues(IEDBiogasCHP/MMXU1.A.phsC.cVal)
14:23:47.173 [openiec61850-osi-server-7-thread-1] DEBUG com.beanit.openiec61850.ServerAssociation - Got a GetDataValues request for node: IEDBiogasCHP/MMXU1.A.phsC.cVal [MX]
IEDBiogasCHP/MMXU1.A.phsC.cVal.mag [MX]
IEDBiogasCHP/MMXU1.A.phsC.cVal.mag.i: 0
IEDBiogasCHP/MMXU1.A.phsC.cVal.mag.f: 0.0
IEDBiogasCHP/MMXU1.A.phsC.cVal.ang [MX]
IEDBiogasCHP/MMXU1.A.phsC.cVal.ang.i: 0
IEDBiogasCHP/MMXU1.A.phsC.cVal.ang.f: 0.0
14:23:47.173 [openiec61850-osi-server-7-thread-1] DEBUG com.beanit.openiec61850.ServerAssociation - sub BDA is:IEDBiogasCHP/MMXU1.A.phsC.cVal.mag.i: 0
14:23:47.173 [openiec61850-osi-server-7-thread-1] DEBUG com.beanit.openiec61850.ServerAssociation - sub BDA is:IEDBiogasCHP/MMXU1.A.phsC.cVal.mag.f: 0.0
14:23:47.173 [openiec61850-osi-server-7-thread-1] DEBUG com.beanit.openiec61850.ServerAssociation - sub BDA is:IEDBiogasCHP/MMXU1.A.phsC.cVal.ang.i: 0
14:23:47.173 [openiec61850-osi-server-7-thread-1] DEBUG com.beanit.openiec61850.ServerAssociation - sub BDA is:IEDBiogasCHP/MMXU1.A.phsC.cVal.ang.f: 0.0
calling GetDataValues(IEDBiogasCHP/MMXU1.A.phsC.cVal.mag)
14:23:47.174 [openiec61850-osi-server-7-thread-1] DEBUG com.beanit.openiec61850.ServerAssociation - Got a GetDataValues request for node: IEDBiogasCHP/MMXU1.A.phsC.cVal.mag [MX]
IEDBiogasCHP/MMXU1.A.phsC.cVal.mag.i: 0
IEDBiogasCHP/MMXU1.A.phsC.cVal.mag.f: 0.0
14:23:47.174 [openiec61850-osi-server-7-thread-1] DEBUG com.beanit.openiec61850.ServerAssociation - sub BDA is:IEDBiogasCHP/MMXU1.A.phsC.cVal.mag.i: 0
14:23:47.174 [openiec61850-osi-server-7-thread-1] DEBUG com.beanit.openiec61850.ServerAssociation - sub BDA is:IEDBiogasCHP/MMXU1.A.phsC.cVal.mag.f: 0.0
calling GetDataValues(IEDBiogasCHP/MMXU1.A.phsC.cVal.mag.i)
14:23:47.174 [openiec61850-osi-server-7-thread-1] DEBUG com.beanit.openiec61850.ServerAssociation - Got a GetDataValues request for node: IEDBiogasCHP/MMXU1.A.phsC.cVal.mag.i: 0
calling GetDataValues(IEDBiogasCHP/MMXU1.A.phsC.cVal.mag.f)
14:23:47.174 [openiec61850-osi-server-7-thread-1] DEBUG com.beanit.openiec61850.ServerAssociation - Got a GetDataValues request for node: IEDBiogasCHP/MMXU1.A.phsC.cVal.mag.f: 0.0
calling GetDataValues(IEDBiogasCHP/MMXU1.A.phsC.cVal.ang)
14:23:47.174 [openiec61850-osi-server-7-thread-1] DEBUG com.beanit.openiec61850.ServerAssociation - Got a GetDataValues request for node: IEDBiogasCHP/MMXU1.A.phsC.cVal.ang [MX]
IEDBiogasCHP/MMXU1.A.phsC.cVal.ang.i: 0
IEDBiogasCHP/MMXU1.A.phsC.cVal.ang.f: 0.0
14:23:47.174 [openiec61850-osi-server-7-thread-1] DEBUG com.beanit.openiec61850.ServerAssociation - sub BDA is:IEDBiogasCHP/MMXU1.A.phsC.cVal.ang.i: 0
14:23:47.174 [openiec61850-osi-server-7-thread-1] DEBUG com.beanit.openiec61850.ServerAssociation - sub BDA is:IEDBiogasCHP/MMXU1.A.phsC.cVal.ang.f: 0.0
calling GetDataValues(IEDBiogasCHP/MMXU1.A.phsC.cVal.ang.i)
14:23:47.174 [openiec61850-osi-server-7-thread-1] DEBUG com.beanit.openiec61850.ServerAssociation - Got a GetDataValues request for node: IEDBiogasCHP/MMXU1.A.phsC.cVal.ang.i: 0
calling GetDataValues(IEDBiogasCHP/MMXU1.A.phsC.cVal.ang.f)
14:23:47.174 [openiec61850-osi-server-7-thread-1] DEBUG com.beanit.openiec61850.ServerAssociation - Got a GetDataValues request for node: IEDBiogasCHP/MMXU1.A.phsC.cVal.ang.f: 0.0
calling GetDataValues(IEDBiogasCHP/MMXU1.A.phsC.range)
14:23:47.174 [openiec61850-osi-server-7-thread-1] DEBUG com.beanit.openiec61850.ServerAssociation - Got a GetDataValues request for node: IEDBiogasCHP/MMXU1.A.phsC.range: 0
calling GetDataValues(IEDBiogasCHP/MMXU1.A.phsC.q)
14:23:47.174 [openiec61850-osi-server-7-thread-1] DEBUG com.beanit.openiec61850.ServerAssociation - Got a GetDataValues request for node: IEDBiogasCHP/MMXU1.A.phsC.q: 0x00 0x00
calling GetDataValues(IEDBiogasCHP/MMXU1.A.phsC.t)
14:23:47.175 [openiec61850-osi-server-7-thread-1] DEBUG com.beanit.openiec61850.ServerAssociation - Got a GetDataValues request for node: IEDBiogasCHP/MMXU1.A.phsC.t: Thu Jan 01 01:00:00 CET 1970
calling GetDataValues(IEDBiogasCHP/MMXU1.A.neut)
14:23:47.175 [openiec61850-osi-server-7-thread-1] DEBUG com.beanit.openiec61850.ServerAssociation - Got a GetDataValues request for node: IEDBiogasCHP/MMXU1.A.neut [MX]
IEDBiogasCHP/MMXU1.A.neut.instCVal [MX]
IEDBiogasCHP/MMXU1.A.neut.instCVal.mag [MX]
IEDBiogasCHP/MMXU1.A.neut.instCVal.mag.i: 0
IEDBiogasCHP/MMXU1.A.neut.instCVal.mag.f: 0.0
IEDBiogasCHP/MMXU1.A.neut.instCVal.ang [MX]
IEDBiogasCHP/MMXU1.A.neut.instCVal.ang.i: 0
IEDBiogasCHP/MMXU1.A.neut.instCVal.ang.f: 0.0
IEDBiogasCHP/MMXU1.A.neut.cVal [MX]
IEDBiogasCHP/MMXU1.A.neut.cVal.mag [MX]
IEDBiogasCHP/MMXU1.A.neut.cVal.mag.i: 0
IEDBiogasCHP/MMXU1.A.neut.cVal.mag.f: 0.0
IEDBiogasCHP/MMXU1.A.neut.cVal.ang [MX]
IEDBiogasCHP/MMXU1.A.neut.cVal.ang.i: 0
IEDBiogasCHP/MMXU1.A.neut.cVal.ang.f: 0.0
IEDBiogasCHP/MMXU1.A.neut.range: 0
IEDBiogasCHP/MMXU1.A.neut.q: 0x00 0x00
IEDBiogasCHP/MMXU1.A.neut.t: Thu Jan 01 01:00:00 CET 1970
14:23:47.175 [openiec61850-osi-server-7-thread-1] DEBUG com.beanit.openiec61850.ServerAssociation - sub BDA is:IEDBiogasCHP/MMXU1.A.neut.instCVal.mag.i: 0
14:23:47.175 [openiec61850-osi-server-7-thread-1] DEBUG com.beanit.openiec61850.ServerAssociation - sub BDA is:IEDBiogasCHP/MMXU1.A.neut.instCVal.mag.f: 0.0
14:23:47.175 [openiec61850-osi-server-7-thread-1] DEBUG com.beanit.openiec61850.ServerAssociation - sub BDA is:IEDBiogasCHP/MMXU1.A.neut.instCVal.ang.i: 0
14:23:47.175 [openiec61850-osi-server-7-thread-1] DEBUG com.beanit.openiec61850.ServerAssociation - sub BDA is:IEDBiogasCHP/MMXU1.A.neut.instCVal.ang.f: 0.0
14:23:47.175 [openiec61850-osi-server-7-thread-1] DEBUG com.beanit.openiec61850.ServerAssociation - sub BDA is:IEDBiogasCHP/MMXU1.A.neut.cVal.mag.i: 0
14:23:47.175 [openiec61850-osi-server-7-thread-1] DEBUG com.beanit.openiec61850.ServerAssociation - sub BDA is:IEDBiogasCHP/MMXU1.A.neut.cVal.mag.f: 0.0
14:23:47.175 [openiec61850-osi-server-7-thread-1] DEBUG com.beanit.openiec61850.ServerAssociation - sub BDA is:IEDBiogasCHP/MMXU1.A.neut.cVal.ang.i: 0
14:23:47.175 [openiec61850-osi-server-7-thread-1] DEBUG com.beanit.openiec61850.ServerAssociation - sub BDA is:IEDBiogasCHP/MMXU1.A.neut.cVal.ang.f: 0.0
14:23:47.175 [openiec61850-osi-server-7-thread-1] DEBUG com.beanit.openiec61850.ServerAssociation - sub BDA is:IEDBiogasCHP/MMXU1.A.neut.range: 0
14:23:47.175 [openiec61850-osi-server-7-thread-1] DEBUG com.beanit.openiec61850.ServerAssociation - sub BDA is:IEDBiogasCHP/MMXU1.A.neut.q: 0x00 0x00
14:23:47.175 [openiec61850-osi-server-7-thread-1] DEBUG com.beanit.openiec61850.ServerAssociation - sub BDA is:IEDBiogasCHP/MMXU1.A.neut.t: Thu Jan 01 01:00:00 CET 1970
calling GetDataValues(IEDBiogasCHP/MMXU1.A.neut.instCVal)
14:23:47.175 [openiec61850-osi-server-7-thread-1] DEBUG com.beanit.openiec61850.ServerAssociation - Got a GetDataValues request for node: IEDBiogasCHP/MMXU1.A.neut.instCVal [MX]
IEDBiogasCHP/MMXU1.A.neut.instCVal.mag [MX]
IEDBiogasCHP/MMXU1.A.neut.instCVal.mag.i: 0
IEDBiogasCHP/MMXU1.A.neut.instCVal.mag.f: 0.0
IEDBiogasCHP/MMXU1.A.neut.instCVal.ang [MX]
IEDBiogasCHP/MMXU1.A.neut.instCVal.ang.i: 0
IEDBiogasCHP/MMXU1.A.neut.instCVal.ang.f: 0.0
14:23:47.175 [openiec61850-osi-server-7-thread-1] DEBUG com.beanit.openiec61850.ServerAssociation - sub BDA is:IEDBiogasCHP/MMXU1.A.neut.instCVal.mag.i: 0
14:23:47.175 [openiec61850-osi-server-7-thread-1] DEBUG com.beanit.openiec61850.ServerAssociation - sub BDA is:IEDBiogasCHP/MMXU1.A.neut.instCVal.mag.f: 0.0
14:23:47.175 [openiec61850-osi-server-7-thread-1] DEBUG com.beanit.openiec61850.ServerAssociation - sub BDA is:IEDBiogasCHP/MMXU1.A.neut.instCVal.ang.i: 0
14:23:47.175 [openiec61850-osi-server-7-thread-1] DEBUG com.beanit.openiec61850.ServerAssociation - sub BDA is:IEDBiogasCHP/MMXU1.A.neut.instCVal.ang.f: 0.0
calling GetDataValues(IEDBiogasCHP/MMXU1.A.neut.instCVal.mag)
14:23:47.175 [openiec61850-osi-server-7-thread-1] DEBUG com.beanit.openiec61850.ServerAssociation - Got a GetDataValues request for node: IEDBiogasCHP/MMXU1.A.neut.instCVal.mag [MX]
IEDBiogasCHP/MMXU1.A.neut.instCVal.mag.i: 0
IEDBiogasCHP/MMXU1.A.neut.instCVal.mag.f: 0.0
14:23:47.175 [openiec61850-osi-server-7-thread-1] DEBUG com.beanit.openiec61850.ServerAssociation - sub BDA is:IEDBiogasCHP/MMXU1.A.neut.instCVal.mag.i: 0
14:23:47.175 [openiec61850-osi-server-7-thread-1] DEBUG com.beanit.openiec61850.ServerAssociation - sub BDA is:IEDBiogasCHP/MMXU1.A.neut.instCVal.mag.f: 0.0
calling GetDataValues(IEDBiogasCHP/MMXU1.A.neut.instCVal.mag.i)
14:23:47.175 [openiec61850-osi-server-7-thread-1] DEBUG com.beanit.openiec61850.ServerAssociation - Got a GetDataValues request for node: IEDBiogasCHP/MMXU1.A.neut.instCVal.mag.i: 0
calling GetDataValues(IEDBiogasCHP/MMXU1.A.neut.instCVal.mag.f)
14:23:47.175 [openiec61850-osi-server-7-thread-1] DEBUG com.beanit.openiec61850.ServerAssociation - Got a GetDataValues request for node: IEDBiogasCHP/MMXU1.A.neut.instCVal.mag.f: 0.0
calling GetDataValues(IEDBiogasCHP/MMXU1.A.neut.instCVal.ang)
14:23:47.176 [openiec61850-osi-server-7-thread-1] DEBUG com.beanit.openiec61850.ServerAssociation - Got a GetDataValues request for node: IEDBiogasCHP/MMXU1.A.neut.instCVal.ang [MX]
IEDBiogasCHP/MMXU1.A.neut.instCVal.ang.i: 0
IEDBiogasCHP/MMXU1.A.neut.instCVal.ang.f: 0.0
14:23:47.176 [openiec61850-osi-server-7-thread-1] DEBUG com.beanit.openiec61850.ServerAssociation - sub BDA is:IEDBiogasCHP/MMXU1.A.neut.instCVal.ang.i: 0
14:23:47.176 [openiec61850-osi-server-7-thread-1] DEBUG com.beanit.openiec61850.ServerAssociation - sub BDA is:IEDBiogasCHP/MMXU1.A.neut.instCVal.ang.f: 0.0
calling GetDataValues(IEDBiogasCHP/MMXU1.A.neut.instCVal.ang.i)
14:23:47.176 [openiec61850-osi-server-7-thread-1] DEBUG com.beanit.openiec61850.ServerAssociation - Got a GetDataValues request for node: IEDBiogasCHP/MMXU1.A.neut.instCVal.ang.i: 0
calling GetDataValues(IEDBiogasCHP/MMXU1.A.neut.instCVal.ang.f)
14:23:47.176 [openiec61850-osi-server-7-thread-1] DEBUG com.beanit.openiec61850.ServerAssociation - Got a GetDataValues request for node: IEDBiogasCHP/MMXU1.A.neut.instCVal.ang.f: 0.0
calling GetDataValues(IEDBiogasCHP/MMXU1.A.neut.cVal)
14:23:47.176 [openiec61850-osi-server-7-thread-1] DEBUG com.beanit.openiec61850.ServerAssociation - Got a GetDataValues request for node: IEDBiogasCHP/MMXU1.A.neut.cVal [MX]
IEDBiogasCHP/MMXU1.A.neut.cVal.mag [MX]
IEDBiogasCHP/MMXU1.A.neut.cVal.mag.i: 0
IEDBiogasCHP/MMXU1.A.neut.cVal.mag.f: 0.0
IEDBiogasCHP/MMXU1.A.neut.cVal.ang [MX]
IEDBiogasCHP/MMXU1.A.neut.cVal.ang.i: 0
IEDBiogasCHP/MMXU1.A.neut.cVal.ang.f: 0.0
14:23:47.176 [openiec61850-osi-server-7-thread-1] DEBUG com.beanit.openiec61850.ServerAssociation - sub BDA is:IEDBiogasCHP/MMXU1.A.neut.cVal.mag.i: 0
14:23:47.176 [openiec61850-osi-server-7-thread-1] DEBUG com.beanit.openiec61850.ServerAssociation - sub BDA is:IEDBiogasCHP/MMXU1.A.neut.cVal.mag.f: 0.0
14:23:47.176 [openiec61850-osi-server-7-thread-1] DEBUG com.beanit.openiec61850.ServerAssociation - sub BDA is:IEDBiogasCHP/MMXU1.A.neut.cVal.ang.i: 0
14:23:47.176 [openiec61850-osi-server-7-thread-1] DEBUG com.beanit.openiec61850.ServerAssociation - sub BDA is:IEDBiogasCHP/MMXU1.A.neut.cVal.ang.f: 0.0
calling GetDataValues(IEDBiogasCHP/MMXU1.A.neut.cVal.mag)
14:23:47.176 [openiec61850-osi-server-7-thread-1] DEBUG com.beanit.openiec61850.ServerAssociation - Got a GetDataValues request for node: IEDBiogasCHP/MMXU1.A.neut.cVal.mag [MX]
IEDBiogasCHP/MMXU1.A.neut.cVal.mag.i: 0
IEDBiogasCHP/MMXU1.A.neut.cVal.mag.f: 0.0
14:23:47.176 [openiec61850-osi-server-7-thread-1] DEBUG com.beanit.openiec61850.ServerAssociation - sub BDA is:IEDBiogasCHP/MMXU1.A.neut.cVal.mag.i: 0
14:23:47.176 [openiec61850-osi-server-7-thread-1] DEBUG com.beanit.openiec61850.ServerAssociation - sub BDA is:IEDBiogasCHP/MMXU1.A.neut.cVal.mag.f: 0.0
calling GetDataValues(IEDBiogasCHP/MMXU1.A.neut.cVal.mag.i)
14:23:47.176 [openiec61850-osi-server-7-thread-1] DEBUG com.beanit.openiec61850.ServerAssociation - Got a GetDataValues request for node: IEDBiogasCHP/MMXU1.A.neut.cVal.mag.i: 0
calling GetDataValues(IEDBiogasCHP/MMXU1.A.neut.cVal.mag.f)
14:23:47.176 [openiec61850-osi-server-7-thread-1] DEBUG com.beanit.openiec61850.ServerAssociation - Got a GetDataValues request for node: IEDBiogasCHP/MMXU1.A.neut.cVal.mag.f: 0.0
calling GetDataValues(IEDBiogasCHP/MMXU1.A.neut.cVal.ang)
14:23:47.177 [openiec61850-osi-server-7-thread-1] DEBUG com.beanit.openiec61850.ServerAssociation - Got a GetDataValues request for node: IEDBiogasCHP/MMXU1.A.neut.cVal.ang [MX]
IEDBiogasCHP/MMXU1.A.neut.cVal.ang.i: 0
IEDBiogasCHP/MMXU1.A.neut.cVal.ang.f: 0.0
14:23:47.177 [openiec61850-osi-server-7-thread-1] DEBUG com.beanit.openiec61850.ServerAssociation - sub BDA is:IEDBiogasCHP/MMXU1.A.neut.cVal.ang.i: 0
14:23:47.177 [openiec61850-osi-server-7-thread-1] DEBUG com.beanit.openiec61850.ServerAssociation - sub BDA is:IEDBiogasCHP/MMXU1.A.neut.cVal.ang.f: 0.0
calling GetDataValues(IEDBiogasCHP/MMXU1.A.neut.cVal.ang.i)
14:23:47.177 [openiec61850-osi-server-7-thread-1] DEBUG com.beanit.openiec61850.ServerAssociation - Got a GetDataValues request for node: IEDBiogasCHP/MMXU1.A.neut.cVal.ang.i: 0
calling GetDataValues(IEDBiogasCHP/MMXU1.A.neut.cVal.ang.f)
14:23:47.177 [openiec61850-osi-server-7-thread-1] DEBUG com.beanit.openiec61850.ServerAssociation - Got a GetDataValues request for node: IEDBiogasCHP/MMXU1.A.neut.cVal.ang.f: 0.0
calling GetDataValues(IEDBiogasCHP/MMXU1.A.neut.range)
14:23:47.177 [openiec61850-osi-server-7-thread-1] DEBUG com.beanit.openiec61850.ServerAssociation - Got a GetDataValues request for node: IEDBiogasCHP/MMXU1.A.neut.range: 0
calling GetDataValues(IEDBiogasCHP/MMXU1.A.neut.q)
14:23:47.177 [openiec61850-osi-server-7-thread-1] DEBUG com.beanit.openiec61850.ServerAssociation - Got a GetDataValues request for node: IEDBiogasCHP/MMXU1.A.neut.q: 0x00 0x00
calling GetDataValues(IEDBiogasCHP/MMXU1.A.neut.t)
14:23:47.177 [openiec61850-osi-server-7-thread-1] DEBUG com.beanit.openiec61850.ServerAssociation - Got a GetDataValues request for node: IEDBiogasCHP/MMXU1.A.neut.t: Thu Jan 01 01:00:00 CET 1970
calling GetDataValues(IEDBiogasCHP/MMXU1.A.net)
14:23:47.177 [openiec61850-osi-server-7-thread-1] DEBUG com.beanit.openiec61850.ServerAssociation - Got a GetDataValues request for node: IEDBiogasCHP/MMXU1.A.net [MX]
IEDBiogasCHP/MMXU1.A.net.instCVal [MX]
IEDBiogasCHP/MMXU1.A.net.instCVal.mag [MX]
IEDBiogasCHP/MMXU1.A.net.instCVal.mag.i: 0
IEDBiogasCHP/MMXU1.A.net.instCVal.mag.f: 0.0
IEDBiogasCHP/MMXU1.A.net.instCVal.ang [MX]
IEDBiogasCHP/MMXU1.A.net.instCVal.ang.i: 0
IEDBiogasCHP/MMXU1.A.net.instCVal.ang.f: 0.0
IEDBiogasCHP/MMXU1.A.net.cVal [MX]
IEDBiogasCHP/MMXU1.A.net.cVal.mag [MX]
IEDBiogasCHP/MMXU1.A.net.cVal.mag.i: 0
IEDBiogasCHP/MMXU1.A.net.cVal.mag.f: 0.0
IEDBiogasCHP/MMXU1.A.net.cVal.ang [MX]
IEDBiogasCHP/MMXU1.A.net.cVal.ang.i: 0
IEDBiogasCHP/MMXU1.A.net.cVal.ang.f: 0.0
IEDBiogasCHP/MMXU1.A.net.range: 0
IEDBiogasCHP/MMXU1.A.net.q: 0x00 0x00
IEDBiogasCHP/MMXU1.A.net.t: Thu Jan 01 01:00:00 CET 1970
14:23:47.177 [openiec61850-osi-server-7-thread-1] DEBUG com.beanit.openiec61850.ServerAssociation - sub BDA is:IEDBiogasCHP/MMXU1.A.net.instCVal.mag.i: 0
14:23:47.177 [openiec61850-osi-server-7-thread-1] DEBUG com.beanit.openiec61850.ServerAssociation - sub BDA is:IEDBiogasCHP/MMXU1.A.net.instCVal.mag.f: 0.0
14:23:47.177 [openiec61850-osi-server-7-thread-1] DEBUG com.beanit.openiec61850.ServerAssociation - sub BDA is:IEDBiogasCHP/MMXU1.A.net.instCVal.ang.i: 0
14:23:47.177 [openiec61850-osi-server-7-thread-1] DEBUG com.beanit.openiec61850.ServerAssociation - sub BDA is:IEDBiogasCHP/MMXU1.A.net.instCVal.ang.f: 0.0
14:23:47.177 [openiec61850-osi-server-7-thread-1] DEBUG com.beanit.openiec61850.ServerAssociation - sub BDA is:IEDBiogasCHP/MMXU1.A.net.cVal.mag.i: 0
14:23:47.177 [openiec61850-osi-server-7-thread-1] DEBUG com.beanit.openiec61850.ServerAssociation - sub BDA is:IEDBiogasCHP/MMXU1.A.net.cVal.mag.f: 0.0
14:23:47.177 [openiec61850-osi-server-7-thread-1] DEBUG com.beanit.openiec61850.ServerAssociation - sub BDA is:IEDBiogasCHP/MMXU1.A.net.cVal.ang.i: 0
14:23:47.177 [openiec61850-osi-server-7-thread-1] DEBUG com.beanit.openiec61850.ServerAssociation - sub BDA is:IEDBiogasCHP/MMXU1.A.net.cVal.ang.f: 0.0
14:23:47.177 [openiec61850-osi-server-7-thread-1] DEBUG com.beanit.openiec61850.ServerAssociation - sub BDA is:IEDBiogasCHP/MMXU1.A.net.range: 0
14:23:47.177 [openiec61850-osi-server-7-thread-1] DEBUG com.beanit.openiec61850.ServerAssociation - sub BDA is:IEDBiogasCHP/MMXU1.A.net.q: 0x00 0x00
14:23:47.177 [openiec61850-osi-server-7-thread-1] DEBUG com.beanit.openiec61850.ServerAssociation - sub BDA is:IEDBiogasCHP/MMXU1.A.net.t: Thu Jan 01 01:00:00 CET 1970
calling GetDataValues(IEDBiogasCHP/MMXU1.A.net.instCVal)
14:23:47.177 [openiec61850-osi-server-7-thread-1] DEBUG com.beanit.openiec61850.ServerAssociation - Got a GetDataValues request for node: IEDBiogasCHP/MMXU1.A.net.instCVal [MX]
IEDBiogasCHP/MMXU1.A.net.instCVal.mag [MX]
IEDBiogasCHP/MMXU1.A.net.instCVal.mag.i: 0
IEDBiogasCHP/MMXU1.A.net.instCVal.mag.f: 0.0
IEDBiogasCHP/MMXU1.A.net.instCVal.ang [MX]
IEDBiogasCHP/MMXU1.A.net.instCVal.ang.i: 0
IEDBiogasCHP/MMXU1.A.net.instCVal.ang.f: 0.0
14:23:47.178 [openiec61850-osi-server-7-thread-1] DEBUG com.beanit.openiec61850.ServerAssociation - sub BDA is:IEDBiogasCHP/MMXU1.A.net.instCVal.mag.i: 0
14:23:47.178 [openiec61850-osi-server-7-thread-1] DEBUG com.beanit.openiec61850.ServerAssociation - sub BDA is:IEDBiogasCHP/MMXU1.A.net.instCVal.mag.f: 0.0
14:23:47.178 [openiec61850-osi-server-7-thread-1] DEBUG com.beanit.openiec61850.ServerAssociation - sub BDA is:IEDBiogasCHP/MMXU1.A.net.instCVal.ang.i: 0
14:23:47.178 [openiec61850-osi-server-7-thread-1] DEBUG com.beanit.openiec61850.ServerAssociation - sub BDA is:IEDBiogasCHP/MMXU1.A.net.instCVal.ang.f: 0.0
calling GetDataValues(IEDBiogasCHP/MMXU1.A.net.instCVal.mag)
14:23:47.178 [openiec61850-osi-server-7-thread-1] DEBUG com.beanit.openiec61850.ServerAssociation - Got a GetDataValues request for node: IEDBiogasCHP/MMXU1.A.net.instCVal.mag [MX]
IEDBiogasCHP/MMXU1.A.net.instCVal.mag.i: 0
IEDBiogasCHP/MMXU1.A.net.instCVal.mag.f: 0.0
14:23:47.178 [openiec61850-osi-server-7-thread-1] DEBUG com.beanit.openiec61850.ServerAssociation - sub BDA is:IEDBiogasCHP/MMXU1.A.net.instCVal.mag.i: 0
14:23:47.178 [openiec61850-osi-server-7-thread-1] DEBUG com.beanit.openiec61850.ServerAssociation - sub BDA is:IEDBiogasCHP/MMXU1.A.net.instCVal.mag.f: 0.0
calling GetDataValues(IEDBiogasCHP/MMXU1.A.net.instCVal.mag.i)
14:23:47.178 [openiec61850-osi-server-7-thread-1] DEBUG com.beanit.openiec61850.ServerAssociation - Got a GetDataValues request for node: IEDBiogasCHP/MMXU1.A.net.instCVal.mag.i: 0
calling GetDataValues(IEDBiogasCHP/MMXU1.A.net.instCVal.mag.f)
14:23:47.178 [openiec61850-osi-server-7-thread-1] DEBUG com.beanit.openiec61850.ServerAssociation - Got a GetDataValues request for node: IEDBiogasCHP/MMXU1.A.net.instCVal.mag.f: 0.0
calling GetDataValues(IEDBiogasCHP/MMXU1.A.net.instCVal.ang)
14:23:47.178 [openiec61850-osi-server-7-thread-1] DEBUG com.beanit.openiec61850.ServerAssociation - Got a GetDataValues request for node: IEDBiogasCHP/MMXU1.A.net.instCVal.ang [MX]
IEDBiogasCHP/MMXU1.A.net.instCVal.ang.i: 0
IEDBiogasCHP/MMXU1.A.net.instCVal.ang.f: 0.0
14:23:47.178 [openiec61850-osi-server-7-thread-1] DEBUG com.beanit.openiec61850.ServerAssociation - sub BDA is:IEDBiogasCHP/MMXU1.A.net.instCVal.ang.i: 0
14:23:47.178 [openiec61850-osi-server-7-thread-1] DEBUG com.beanit.openiec61850.ServerAssociation - sub BDA is:IEDBiogasCHP/MMXU1.A.net.instCVal.ang.f: 0.0
calling GetDataValues(IEDBiogasCHP/MMXU1.A.net.instCVal.ang.i)
14:23:47.178 [openiec61850-osi-server-7-thread-1] DEBUG com.beanit.openiec61850.ServerAssociation - Got a GetDataValues request for node: IEDBiogasCHP/MMXU1.A.net.instCVal.ang.i: 0
calling GetDataValues(IEDBiogasCHP/MMXU1.A.net.instCVal.ang.f)
14:23:47.178 [openiec61850-osi-server-7-thread-1] DEBUG com.beanit.openiec61850.ServerAssociation - Got a GetDataValues request for node: IEDBiogasCHP/MMXU1.A.net.instCVal.ang.f: 0.0
calling GetDataValues(IEDBiogasCHP/MMXU1.A.net.cVal)
14:23:47.178 [openiec61850-osi-server-7-thread-1] DEBUG com.beanit.openiec61850.ServerAssociation - Got a GetDataValues request for node: IEDBiogasCHP/MMXU1.A.net.cVal [MX]
IEDBiogasCHP/MMXU1.A.net.cVal.mag [MX]
IEDBiogasCHP/MMXU1.A.net.cVal.mag.i: 0
IEDBiogasCHP/MMXU1.A.net.cVal.mag.f: 0.0
IEDBiogasCHP/MMXU1.A.net.cVal.ang [MX]
IEDBiogasCHP/MMXU1.A.net.cVal.ang.i: 0
IEDBiogasCHP/MMXU1.A.net.cVal.ang.f: 0.0
14:23:47.178 [openiec61850-osi-server-7-thread-1] DEBUG com.beanit.openiec61850.ServerAssociation - sub BDA is:IEDBiogasCHP/MMXU1.A.net.cVal.mag.i: 0
14:23:47.178 [openiec61850-osi-server-7-thread-1] DEBUG com.beanit.openiec61850.ServerAssociation - sub BDA is:IEDBiogasCHP/MMXU1.A.net.cVal.mag.f: 0.0
14:23:47.178 [openiec61850-osi-server-7-thread-1] DEBUG com.beanit.openiec61850.ServerAssociation - sub BDA is:IEDBiogasCHP/MMXU1.A.net.cVal.ang.i: 0
14:23:47.178 [openiec61850-osi-server-7-thread-1] DEBUG com.beanit.openiec61850.ServerAssociation - sub BDA is:IEDBiogasCHP/MMXU1.A.net.cVal.ang.f: 0.0
calling GetDataValues(IEDBiogasCHP/MMXU1.A.net.cVal.mag)
14:23:47.179 [openiec61850-osi-server-7-thread-1] DEBUG com.beanit.openiec61850.ServerAssociation - Got a GetDataValues request for node: IEDBiogasCHP/MMXU1.A.net.cVal.mag [MX]
IEDBiogasCHP/MMXU1.A.net.cVal.mag.i: 0
IEDBiogasCHP/MMXU1.A.net.cVal.mag.f: 0.0
14:23:47.179 [openiec61850-osi-server-7-thread-1] DEBUG com.beanit.openiec61850.ServerAssociation - sub BDA is:IEDBiogasCHP/MMXU1.A.net.cVal.mag.i: 0
14:23:47.179 [openiec61850-osi-server-7-thread-1] DEBUG com.beanit.openiec61850.ServerAssociation - sub BDA is:IEDBiogasCHP/MMXU1.A.net.cVal.mag.f: 0.0
calling GetDataValues(IEDBiogasCHP/MMXU1.A.net.cVal.mag.i)
14:23:47.179 [openiec61850-osi-server-7-thread-1] DEBUG com.beanit.openiec61850.ServerAssociation - Got a GetDataValues request for node: IEDBiogasCHP/MMXU1.A.net.cVal.mag.i: 0
calling GetDataValues(IEDBiogasCHP/MMXU1.A.net.cVal.mag.f)
14:23:47.179 [openiec61850-osi-server-7-thread-1] DEBUG com.beanit.openiec61850.ServerAssociation - Got a GetDataValues request for node: IEDBiogasCHP/MMXU1.A.net.cVal.mag.f: 0.0
calling GetDataValues(IEDBiogasCHP/MMXU1.A.net.cVal.ang)
14:23:47.179 [openiec61850-osi-server-7-thread-1] DEBUG com.beanit.openiec61850.ServerAssociation - Got a GetDataValues request for node: IEDBiogasCHP/MMXU1.A.net.cVal.ang [MX]
IEDBiogasCHP/MMXU1.A.net.cVal.ang.i: 0
IEDBiogasCHP/MMXU1.A.net.cVal.ang.f: 0.0
14:23:47.179 [openiec61850-osi-server-7-thread-1] DEBUG com.beanit.openiec61850.ServerAssociation - sub BDA is:IEDBiogasCHP/MMXU1.A.net.cVal.ang.i: 0
14:23:47.179 [openiec61850-osi-server-7-thread-1] DEBUG com.beanit.openiec61850.ServerAssociation - sub BDA is:IEDBiogasCHP/MMXU1.A.net.cVal.ang.f: 0.0
calling GetDataValues(IEDBiogasCHP/MMXU1.A.net.cVal.ang.i)
14:23:47.179 [openiec61850-osi-server-7-thread-1] DEBUG com.beanit.openiec61850.ServerAssociation - Got a GetDataValues request for node: IEDBiogasCHP/MMXU1.A.net.cVal.ang.i: 0
calling GetDataValues(IEDBiogasCHP/MMXU1.A.net.cVal.ang.f)
14:23:47.179 [openiec61850-osi-server-7-thread-1] DEBUG com.beanit.openiec61850.ServerAssociation - Got a GetDataValues request for node: IEDBiogasCHP/MMXU1.A.net.cVal.ang.f: 0.0
calling GetDataValues(IEDBiogasCHP/MMXU1.A.net.range)
14:23:47.179 [openiec61850-osi-server-7-thread-1] DEBUG com.beanit.openiec61850.ServerAssociation - Got a GetDataValues request for node: IEDBiogasCHP/MMXU1.A.net.range: 0
calling GetDataValues(IEDBiogasCHP/MMXU1.A.net.q)
14:23:47.179 [openiec61850-osi-server-7-thread-1] DEBUG com.beanit.openiec61850.ServerAssociation - Got a GetDataValues request for node: IEDBiogasCHP/MMXU1.A.net.q: 0x00 0x00
calling GetDataValues(IEDBiogasCHP/MMXU1.A.net.t)
14:23:47.180 [openiec61850-osi-server-7-thread-1] DEBUG com.beanit.openiec61850.ServerAssociation - Got a GetDataValues request for node: IEDBiogasCHP/MMXU1.A.net.t: Thu Jan 01 01:00:00 CET 1970
calling GetDataValues(IEDBiogasCHP/MMXU1.A.res)
14:23:47.180 [openiec61850-osi-server-7-thread-1] DEBUG com.beanit.openiec61850.ServerAssociation - Got a GetDataValues request for node: IEDBiogasCHP/MMXU1.A.res [MX]
IEDBiogasCHP/MMXU1.A.res.instCVal [MX]
IEDBiogasCHP/MMXU1.A.res.instCVal.mag [MX]
IEDBiogasCHP/MMXU1.A.res.instCVal.mag.i: 0
IEDBiogasCHP/MMXU1.A.res.instCVal.mag.f: 0.0
IEDBiogasCHP/MMXU1.A.res.instCVal.ang [MX]
IEDBiogasCHP/MMXU1.A.res.instCVal.ang.i: 0
IEDBiogasCHP/MMXU1.A.res.instCVal.ang.f: 0.0
IEDBiogasCHP/MMXU1.A.res.cVal [MX]
IEDBiogasCHP/MMXU1.A.res.cVal.mag [MX]
IEDBiogasCHP/MMXU1.A.res.cVal.mag.i: 0
IEDBiogasCHP/MMXU1.A.res.cVal.mag.f: 0.0
IEDBiogasCHP/MMXU1.A.res.cVal.ang [MX]
IEDBiogasCHP/MMXU1.A.res.cVal.ang.i: 0
IEDBiogasCHP/MMXU1.A.res.cVal.ang.f: 0.0
IEDBiogasCHP/MMXU1.A.res.range: 0
IEDBiogasCHP/MMXU1.A.res.q: 0x00 0x00
IEDBiogasCHP/MMXU1.A.res.t: Thu Jan 01 01:00:00 CET 1970
14:23:47.180 [openiec61850-osi-server-7-thread-1] DEBUG com.beanit.openiec61850.ServerAssociation - sub BDA is:IEDBiogasCHP/MMXU1.A.res.instCVal.mag.i: 0
14:23:47.180 [openiec61850-osi-server-7-thread-1] DEBUG com.beanit.openiec61850.ServerAssociation - sub BDA is:IEDBiogasCHP/MMXU1.A.res.instCVal.mag.f: 0.0
14:23:47.180 [openiec61850-osi-server-7-thread-1] DEBUG com.beanit.openiec61850.ServerAssociation - sub BDA is:IEDBiogasCHP/MMXU1.A.res.instCVal.ang.i: 0
14:23:47.180 [openiec61850-osi-server-7-thread-1] DEBUG com.beanit.openiec61850.ServerAssociation - sub BDA is:IEDBiogasCHP/MMXU1.A.res.instCVal.ang.f: 0.0
14:23:47.180 [openiec61850-osi-server-7-thread-1] DEBUG com.beanit.openiec61850.ServerAssociation - sub BDA is:IEDBiogasCHP/MMXU1.A.res.cVal.mag.i: 0
14:23:47.180 [openiec61850-osi-server-7-thread-1] DEBUG com.beanit.openiec61850.ServerAssociation - sub BDA is:IEDBiogasCHP/MMXU1.A.res.cVal.mag.f: 0.0
14:23:47.180 [openiec61850-osi-server-7-thread-1] DEBUG com.beanit.openiec61850.ServerAssociation - sub BDA is:IEDBiogasCHP/MMXU1.A.res.cVal.ang.i: 0
14:23:47.180 [openiec61850-osi-server-7-thread-1] DEBUG com.beanit.openiec61850.ServerAssociation - sub BDA is:IEDBiogasCHP/MMXU1.A.res.cVal.ang.f: 0.0
14:23:47.180 [openiec61850-osi-server-7-thread-1] DEBUG com.beanit.openiec61850.ServerAssociation - sub BDA is:IEDBiogasCHP/MMXU1.A.res.range: 0
14:23:47.180 [openiec61850-osi-server-7-thread-1] DEBUG com.beanit.openiec61850.ServerAssociation - sub BDA is:IEDBiogasCHP/MMXU1.A.res.q: 0x00 0x00
14:23:47.180 [openiec61850-osi-server-7-thread-1] DEBUG com.beanit.openiec61850.ServerAssociation - sub BDA is:IEDBiogasCHP/MMXU1.A.res.t: Thu Jan 01 01:00:00 CET 1970
calling GetDataValues(IEDBiogasCHP/MMXU1.A.res.instCVal)
14:23:47.180 [openiec61850-osi-server-7-thread-1] DEBUG com.beanit.openiec61850.ServerAssociation - Got a GetDataValues request for node: IEDBiogasCHP/MMXU1.A.res.instCVal [MX]
IEDBiogasCHP/MMXU1.A.res.instCVal.mag [MX]
IEDBiogasCHP/MMXU1.A.res.instCVal.mag.i: 0
IEDBiogasCHP/MMXU1.A.res.instCVal.mag.f: 0.0
IEDBiogasCHP/MMXU1.A.res.instCVal.ang [MX]
IEDBiogasCHP/MMXU1.A.res.instCVal.ang.i: 0
IEDBiogasCHP/MMXU1.A.res.instCVal.ang.f: 0.0
14:23:47.180 [openiec61850-osi-server-7-thread-1] DEBUG com.beanit.openiec61850.ServerAssociation - sub BDA is:IEDBiogasCHP/MMXU1.A.res.instCVal.mag.i: 0
14:23:47.180 [openiec61850-osi-server-7-thread-1] DEBUG com.beanit.openiec61850.ServerAssociation - sub BDA is:IEDBiogasCHP/MMXU1.A.res.instCVal.mag.f: 0.0
14:23:47.180 [openiec61850-osi-server-7-thread-1] DEBUG com.beanit.openiec61850.ServerAssociation - sub BDA is:IEDBiogasCHP/MMXU1.A.res.instCVal.ang.i: 0
14:23:47.180 [openiec61850-osi-server-7-thread-1] DEBUG com.beanit.openiec61850.ServerAssociation - sub BDA is:IEDBiogasCHP/MMXU1.A.res.instCVal.ang.f: 0.0
calling GetDataValues(IEDBiogasCHP/MMXU1.A.res.instCVal.mag)
14:23:47.180 [openiec61850-osi-server-7-thread-1] DEBUG com.beanit.openiec61850.ServerAssociation - Got a GetDataValues request for node: IEDBiogasCHP/MMXU1.A.res.instCVal.mag [MX]
IEDBiogasCHP/MMXU1.A.res.instCVal.mag.i: 0
IEDBiogasCHP/MMXU1.A.res.instCVal.mag.f: 0.0
14:23:47.180 [openiec61850-osi-server-7-thread-1] DEBUG com.beanit.openiec61850.ServerAssociation - sub BDA is:IEDBiogasCHP/MMXU1.A.res.instCVal.mag.i: 0
14:23:47.180 [openiec61850-osi-server-7-thread-1] DEBUG com.beanit.openiec61850.ServerAssociation - sub BDA is:IEDBiogasCHP/MMXU1.A.res.instCVal.mag.f: 0.0
calling GetDataValues(IEDBiogasCHP/MMXU1.A.res.instCVal.mag.i)
14:23:47.180 [openiec61850-osi-server-7-thread-1] DEBUG com.beanit.openiec61850.ServerAssociation - Got a GetDataValues request for node: IEDBiogasCHP/MMXU1.A.res.instCVal.mag.i: 0
calling GetDataValues(IEDBiogasCHP/MMXU1.A.res.instCVal.mag.f)
14:23:47.181 [openiec61850-osi-server-7-thread-1] DEBUG com.beanit.openiec61850.ServerAssociation - Got a GetDataValues request for node: IEDBiogasCHP/MMXU1.A.res.instCVal.mag.f: 0.0
calling GetDataValues(IEDBiogasCHP/MMXU1.A.res.instCVal.ang)
14:23:47.181 [openiec61850-osi-server-7-thread-1] DEBUG com.beanit.openiec61850.ServerAssociation - Got a GetDataValues request for node: IEDBiogasCHP/MMXU1.A.res.instCVal.ang [MX]
IEDBiogasCHP/MMXU1.A.res.instCVal.ang.i: 0
IEDBiogasCHP/MMXU1.A.res.instCVal.ang.f: 0.0
14:23:47.181 [openiec61850-osi-server-7-thread-1] DEBUG com.beanit.openiec61850.ServerAssociation - sub BDA is:IEDBiogasCHP/MMXU1.A.res.instCVal.ang.i: 0
14:23:47.181 [openiec61850-osi-server-7-thread-1] DEBUG com.beanit.openiec61850.ServerAssociation - sub BDA is:IEDBiogasCHP/MMXU1.A.res.instCVal.ang.f: 0.0
calling GetDataValues(IEDBiogasCHP/MMXU1.A.res.instCVal.ang.i)
14:23:47.181 [openiec61850-osi-server-7-thread-1] DEBUG com.beanit.openiec61850.ServerAssociation - Got a GetDataValues request for node: IEDBiogasCHP/MMXU1.A.res.instCVal.ang.i: 0
calling GetDataValues(IEDBiogasCHP/MMXU1.A.res.instCVal.ang.f)
14:23:47.181 [openiec61850-osi-server-7-thread-1] DEBUG com.beanit.openiec61850.ServerAssociation - Got a GetDataValues request for node: IEDBiogasCHP/MMXU1.A.res.instCVal.ang.f: 0.0
calling GetDataValues(IEDBiogasCHP/MMXU1.A.res.cVal)
14:23:47.181 [openiec61850-osi-server-7-thread-1] DEBUG com.beanit.openiec61850.ServerAssociation - Got a GetDataValues request for node: IEDBiogasCHP/MMXU1.A.res.cVal [MX]
IEDBiogasCHP/MMXU1.A.res.cVal.mag [MX]
IEDBiogasCHP/MMXU1.A.res.cVal.mag.i: 0
IEDBiogasCHP/MMXU1.A.res.cVal.mag.f: 0.0
IEDBiogasCHP/MMXU1.A.res.cVal.ang [MX]
IEDBiogasCHP/MMXU1.A.res.cVal.ang.i: 0
IEDBiogasCHP/MMXU1.A.res.cVal.ang.f: 0.0
14:23:47.181 [openiec61850-osi-server-7-thread-1] DEBUG com.beanit.openiec61850.ServerAssociation - sub BDA is:IEDBiogasCHP/MMXU1.A.res.cVal.mag.i: 0
14:23:47.181 [openiec61850-osi-server-7-thread-1] DEBUG com.beanit.openiec61850.ServerAssociation - sub BDA is:IEDBiogasCHP/MMXU1.A.res.cVal.mag.f: 0.0
14:23:47.181 [openiec61850-osi-server-7-thread-1] DEBUG com.beanit.openiec61850.ServerAssociation - sub BDA is:IEDBiogasCHP/MMXU1.A.res.cVal.ang.i: 0
14:23:47.181 [openiec61850-osi-server-7-thread-1] DEBUG com.beanit.openiec61850.ServerAssociation - sub BDA is:IEDBiogasCHP/MMXU1.A.res.cVal.ang.f: 0.0
calling GetDataValues(IEDBiogasCHP/MMXU1.A.res.cVal.mag)
14:23:47.181 [openiec61850-osi-server-7-thread-1] DEBUG com.beanit.openiec61850.ServerAssociation - Got a GetDataValues request for node: IEDBiogasCHP/MMXU1.A.res.cVal.mag [MX]
IEDBiogasCHP/MMXU1.A.res.cVal.mag.i: 0
IEDBiogasCHP/MMXU1.A.res.cVal.mag.f: 0.0
14:23:47.181 [openiec61850-osi-server-7-thread-1] DEBUG com.beanit.openiec61850.ServerAssociation - sub BDA is:IEDBiogasCHP/MMXU1.A.res.cVal.mag.i: 0
14:23:47.181 [openiec61850-osi-server-7-thread-1] DEBUG com.beanit.openiec61850.ServerAssociation - sub BDA is:IEDBiogasCHP/MMXU1.A.res.cVal.mag.f: 0.0
calling GetDataValues(IEDBiogasCHP/MMXU1.A.res.cVal.mag.i)
14:23:47.181 [openiec61850-osi-server-7-thread-1] DEBUG com.beanit.openiec61850.ServerAssociation - Got a GetDataValues request for node: IEDBiogasCHP/MMXU1.A.res.cVal.mag.i: 0
calling GetDataValues(IEDBiogasCHP/MMXU1.A.res.cVal.mag.f)
14:23:47.182 [openiec61850-osi-server-7-thread-1] DEBUG com.beanit.openiec61850.ServerAssociation - Got a GetDataValues request for node: IEDBiogasCHP/MMXU1.A.res.cVal.mag.f: 0.0
calling GetDataValues(IEDBiogasCHP/MMXU1.A.res.cVal.ang)
14:23:47.182 [openiec61850-osi-server-7-thread-1] DEBUG com.beanit.openiec61850.ServerAssociation - Got a GetDataValues request for node: IEDBiogasCHP/MMXU1.A.res.cVal.ang [MX]
IEDBiogasCHP/MMXU1.A.res.cVal.ang.i: 0
IEDBiogasCHP/MMXU1.A.res.cVal.ang.f: 0.0
14:23:47.182 [openiec61850-osi-server-7-thread-1] DEBUG com.beanit.openiec61850.ServerAssociation - sub BDA is:IEDBiogasCHP/MMXU1.A.res.cVal.ang.i: 0
14:23:47.182 [openiec61850-osi-server-7-thread-1] DEBUG com.beanit.openiec61850.ServerAssociation - sub BDA is:IEDBiogasCHP/MMXU1.A.res.cVal.ang.f: 0.0
calling GetDataValues(IEDBiogasCHP/MMXU1.A.res.cVal.ang.i)
14:23:47.182 [openiec61850-osi-server-7-thread-1] DEBUG com.beanit.openiec61850.ServerAssociation - Got a GetDataValues request for node: IEDBiogasCHP/MMXU1.A.res.cVal.ang.i: 0
calling GetDataValues(IEDBiogasCHP/MMXU1.A.res.cVal.ang.f)
14:23:47.182 [openiec61850-osi-server-7-thread-1] DEBUG com.beanit.openiec61850.ServerAssociation - Got a GetDataValues request for node: IEDBiogasCHP/MMXU1.A.res.cVal.ang.f: 0.0
calling GetDataValues(IEDBiogasCHP/MMXU1.A.res.range)
14:23:47.182 [openiec61850-osi-server-7-thread-1] DEBUG com.beanit.openiec61850.ServerAssociation - Got a GetDataValues request for node: IEDBiogasCHP/MMXU1.A.res.range: 0
calling GetDataValues(IEDBiogasCHP/MMXU1.A.res.q)
14:23:47.182 [openiec61850-osi-server-7-thread-1] DEBUG com.beanit.openiec61850.ServerAssociation - Got a GetDataValues request for node: IEDBiogasCHP/MMXU1.A.res.q: 0x00 0x00
calling GetDataValues(IEDBiogasCHP/MMXU1.A.res.t)
14:23:47.182 [openiec61850-osi-server-7-thread-1] DEBUG com.beanit.openiec61850.ServerAssociation - Got a GetDataValues request for node: IEDBiogasCHP/MMXU1.A.res.t: Thu Jan 01 01:00:00 CET 1970
calling GetDataValues(IEDBiogasCHP/MMXU1.A)
14:23:47.182 [openiec61850-osi-server-7-thread-1] DEBUG com.beanit.openiec61850.ServerAssociation - Got a GetDataValues request for node: IEDBiogasCHP/MMXU1.A [SV]
IEDBiogasCHP/MMXU1.A.phsA [SV]
IEDBiogasCHP/MMXU1.A.phsA.subEna: false
IEDBiogasCHP/MMXU1.A.phsA.subCVal [SV]
IEDBiogasCHP/MMXU1.A.phsA.subCVal.mag [SV]
IEDBiogasCHP/MMXU1.A.phsA.subCVal.mag.i: 0
IEDBiogasCHP/MMXU1.A.phsA.subCVal.mag.f: 0.0
IEDBiogasCHP/MMXU1.A.phsA.subCVal.ang [SV]
IEDBiogasCHP/MMXU1.A.phsA.subCVal.ang.i: 0
IEDBiogasCHP/MMXU1.A.phsA.subCVal.ang.f: 0.0
IEDBiogasCHP/MMXU1.A.phsA.subQ: 0x00 0x00
IEDBiogasCHP/MMXU1.A.phsA.subID: ''
IEDBiogasCHP/MMXU1.A.phsB [SV]
IEDBiogasCHP/MMXU1.A.phsB.subEna: false
IEDBiogasCHP/MMXU1.A.phsB.subCVal [SV]
IEDBiogasCHP/MMXU1.A.phsB.subCVal.mag [SV]
IEDBiogasCHP/MMXU1.A.phsB.subCVal.mag.i: 0
IEDBiogasCHP/MMXU1.A.phsB.subCVal.mag.f: 0.0
IEDBiogasCHP/MMXU1.A.phsB.subCVal.ang [SV]
IEDBiogasCHP/MMXU1.A.phsB.subCVal.ang.i: 0
IEDBiogasCHP/MMXU1.A.phsB.subCVal.ang.f: 0.0
IEDBiogasCHP/MMXU1.A.phsB.subQ: 0x00 0x00
IEDBiogasCHP/MMXU1.A.phsB.subID: ''
IEDBiogasCHP/MMXU1.A.phsC [SV]
IEDBiogasCHP/MMXU1.A.phsC.subEna: false
IEDBiogasCHP/MMXU1.A.phsC.subCVal [SV]
IEDBiogasCHP/MMXU1.A.phsC.subCVal.mag [SV]
IEDBiogasCHP/MMXU1.A.phsC.subCVal.mag.i: 0
IEDBiogasCHP/MMXU1.A.phsC.subCVal.mag.f: 0.0
IEDBiogasCHP/MMXU1.A.phsC.subCVal.ang [SV]
IEDBiogasCHP/MMXU1.A.phsC.subCVal.ang.i: 0
IEDBiogasCHP/MMXU1.A.phsC.subCVal.ang.f: 0.0
IEDBiogasCHP/MMXU1.A.phsC.subQ: 0x00 0x00
IEDBiogasCHP/MMXU1.A.phsC.subID: ''
IEDBiogasCHP/MMXU1.A.neut [SV]
IEDBiogasCHP/MMXU1.A.neut.subEna: false
IEDBiogasCHP/MMXU1.A.neut.subCVal [SV]
IEDBiogasCHP/MMXU1.A.neut.subCVal.mag [SV]
IEDBiogasCHP/MMXU1.A.neut.subCVal.mag.i: 0
IEDBiogasCHP/MMXU1.A.neut.subCVal.mag.f: 0.0
IEDBiogasCHP/MMXU1.A.neut.subCVal.ang [SV]
IEDBiogasCHP/MMXU1.A.neut.subCVal.ang.i: 0
IEDBiogasCHP/MMXU1.A.neut.subCVal.ang.f: 0.0
IEDBiogasCHP/MMXU1.A.neut.subQ: 0x00 0x00
IEDBiogasCHP/MMXU1.A.neut.subID: ''
IEDBiogasCHP/MMXU1.A.net [SV]
IEDBiogasCHP/MMXU1.A.net.subEna: false
IEDBiogasCHP/MMXU1.A.net.subCVal [SV]
IEDBiogasCHP/MMXU1.A.net.subCVal.mag [SV]
IEDBiogasCHP/MMXU1.A.net.subCVal.mag.i: 0
IEDBiogasCHP/MMXU1.A.net.subCVal.mag.f: 0.0
IEDBiogasCHP/MMXU1.A.net.subCVal.ang [SV]
IEDBiogasCHP/MMXU1.A.net.subCVal.ang.i: 0
IEDBiogasCHP/MMXU1.A.net.subCVal.ang.f: 0.0
IEDBiogasCHP/MMXU1.A.net.subQ: 0x00 0x00
IEDBiogasCHP/MMXU1.A.net.subID: ''
IEDBiogasCHP/MMXU1.A.res [SV]
IEDBiogasCHP/MMXU1.A.res.subEna: false
IEDBiogasCHP/MMXU1.A.res.subCVal [SV]
IEDBiogasCHP/MMXU1.A.res.subCVal.mag [SV]
IEDBiogasCHP/MMXU1.A.res.subCVal.mag.i: 0
IEDBiogasCHP/MMXU1.A.res.subCVal.mag.f: 0.0
IEDBiogasCHP/MMXU1.A.res.subCVal.ang [SV]
IEDBiogasCHP/MMXU1.A.res.subCVal.ang.i: 0
IEDBiogasCHP/MMXU1.A.res.subCVal.ang.f: 0.0
IEDBiogasCHP/MMXU1.A.res.subQ: 0x00 0x00
IEDBiogasCHP/MMXU1.A.res.subID: ''
14:23:47.183 [openiec61850-osi-server-7-thread-1] DEBUG com.beanit.openiec61850.ServerAssociation - sub BDA is:IEDBiogasCHP/MMXU1.A.phsA.subEna: false
14:23:47.183 [openiec61850-osi-server-7-thread-1] DEBUG com.beanit.openiec61850.ServerAssociation - sub BDA is:IEDBiogasCHP/MMXU1.A.phsA.subCVal.mag.i: 0
14:23:47.183 [openiec61850-osi-server-7-thread-1] DEBUG com.beanit.openiec61850.ServerAssociation - sub BDA is:IEDBiogasCHP/MMXU1.A.phsA.subCVal.mag.f: 0.0
14:23:47.183 [openiec61850-osi-server-7-thread-1] DEBUG com.beanit.openiec61850.ServerAssociation - sub BDA is:IEDBiogasCHP/MMXU1.A.phsA.subCVal.ang.i: 0
14:23:47.183 [openiec61850-osi-server-7-thread-1] DEBUG com.beanit.openiec61850.ServerAssociation - sub BDA is:IEDBiogasCHP/MMXU1.A.phsA.subCVal.ang.f: 0.0
14:23:47.183 [openiec61850-osi-server-7-thread-1] DEBUG com.beanit.openiec61850.ServerAssociation - sub BDA is:IEDBiogasCHP/MMXU1.A.phsA.subQ: 0x00 0x00
14:23:47.183 [openiec61850-osi-server-7-thread-1] DEBUG com.beanit.openiec61850.ServerAssociation - sub BDA is:IEDBiogasCHP/MMXU1.A.phsA.subID: ''
14:23:47.183 [openiec61850-osi-server-7-thread-1] DEBUG com.beanit.openiec61850.ServerAssociation - sub BDA is:IEDBiogasCHP/MMXU1.A.phsB.subEna: false
14:23:47.183 [openiec61850-osi-server-7-thread-1] DEBUG com.beanit.openiec61850.ServerAssociation - sub BDA is:IEDBiogasCHP/MMXU1.A.phsB.subCVal.mag.i: 0
14:23:47.183 [openiec61850-osi-server-7-thread-1] DEBUG com.beanit.openiec61850.ServerAssociation - sub BDA is:IEDBiogasCHP/MMXU1.A.phsB.subCVal.mag.f: 0.0
14:23:47.183 [openiec61850-osi-server-7-thread-1] DEBUG com.beanit.openiec61850.ServerAssociation - sub BDA is:IEDBiogasCHP/MMXU1.A.phsB.subCVal.ang.i: 0
14:23:47.183 [openiec61850-osi-server-7-thread-1] DEBUG com.beanit.openiec61850.ServerAssociation - sub BDA is:IEDBiogasCHP/MMXU1.A.phsB.subCVal.ang.f: 0.0
14:23:47.183 [openiec61850-osi-server-7-thread-1] DEBUG com.beanit.openiec61850.ServerAssociation - sub BDA is:IEDBiogasCHP/MMXU1.A.phsB.subQ: 0x00 0x00
14:23:47.183 [openiec61850-osi-server-7-thread-1] DEBUG com.beanit.openiec61850.ServerAssociation - sub BDA is:IEDBiogasCHP/MMXU1.A.phsB.subID: ''
14:23:47.183 [openiec61850-osi-server-7-thread-1] DEBUG com.beanit.openiec61850.ServerAssociation - sub BDA is:IEDBiogasCHP/MMXU1.A.phsC.subEna: false
14:23:47.183 [openiec61850-osi-server-7-thread-1] DEBUG com.beanit.openiec61850.ServerAssociation - sub BDA is:IEDBiogasCHP/MMXU1.A.phsC.subCVal.mag.i: 0
14:23:47.183 [openiec61850-osi-server-7-thread-1] DEBUG com.beanit.openiec61850.ServerAssociation - sub BDA is:IEDBiogasCHP/MMXU1.A.phsC.subCVal.mag.f: 0.0
14:23:47.183 [openiec61850-osi-server-7-thread-1] DEBUG com.beanit.openiec61850.ServerAssociation - sub BDA is:IEDBiogasCHP/MMXU1.A.phsC.subCVal.ang.i: 0
14:23:47.183 [openiec61850-osi-server-7-thread-1] DEBUG com.beanit.openiec61850.ServerAssociation - sub BDA is:IEDBiogasCHP/MMXU1.A.phsC.subCVal.ang.f: 0.0
14:23:47.183 [openiec61850-osi-server-7-thread-1] DEBUG com.beanit.openiec61850.ServerAssociation - sub BDA is:IEDBiogasCHP/MMXU1.A.phsC.subQ: 0x00 0x00
14:23:47.183 [openiec61850-osi-server-7-thread-1] DEBUG com.beanit.openiec61850.ServerAssociation - sub BDA is:IEDBiogasCHP/MMXU1.A.phsC.subID: ''
14:23:47.183 [openiec61850-osi-server-7-thread-1] DEBUG com.beanit.openiec61850.ServerAssociation - sub BDA is:IEDBiogasCHP/MMXU1.A.neut.subEna: false
14:23:47.183 [openiec61850-osi-server-7-thread-1] DEBUG com.beanit.openiec61850.ServerAssociation - sub BDA is:IEDBiogasCHP/MMXU1.A.neut.subCVal.mag.i: 0
14:23:47.183 [openiec61850-osi-server-7-thread-1] DEBUG com.beanit.openiec61850.ServerAssociation - sub BDA is:IEDBiogasCHP/MMXU1.A.neut.subCVal.mag.f: 0.0
14:23:47.183 [openiec61850-osi-server-7-thread-1] DEBUG com.beanit.openiec61850.ServerAssociation - sub BDA is:IEDBiogasCHP/MMXU1.A.neut.subCVal.ang.i: 0
14:23:47.183 [openiec61850-osi-server-7-thread-1] DEBUG com.beanit.openiec61850.ServerAssociation - sub BDA is:IEDBiogasCHP/MMXU1.A.neut.subCVal.ang.f: 0.0
14:23:47.183 [openiec61850-osi-server-7-thread-1] DEBUG com.beanit.openiec61850.ServerAssociation - sub BDA is:IEDBiogasCHP/MMXU1.A.neut.subQ: 0x00 0x00
14:23:47.183 [openiec61850-osi-server-7-thread-1] DEBUG com.beanit.openiec61850.ServerAssociation - sub BDA is:IEDBiogasCHP/MMXU1.A.neut.subID: ''
14:23:47.183 [openiec61850-osi-server-7-thread-1] DEBUG com.beanit.openiec61850.ServerAssociation - sub BDA is:IEDBiogasCHP/MMXU1.A.net.subEna: false
14:23:47.183 [openiec61850-osi-server-7-thread-1] DEBUG com.beanit.openiec61850.ServerAssociation - sub BDA is:IEDBiogasCHP/MMXU1.A.net.subCVal.mag.i: 0
14:23:47.183 [openiec61850-osi-server-7-thread-1] DEBUG com.beanit.openiec61850.ServerAssociation - sub BDA is:IEDBiogasCHP/MMXU1.A.net.subCVal.mag.f: 0.0
14:23:47.183 [openiec61850-osi-server-7-thread-1] DEBUG com.beanit.openiec61850.ServerAssociation - sub BDA is:IEDBiogasCHP/MMXU1.A.net.subCVal.ang.i: 0
14:23:47.183 [openiec61850-osi-server-7-thread-1] DEBUG com.beanit.openiec61850.ServerAssociation - sub BDA is:IEDBiogasCHP/MMXU1.A.net.subCVal.ang.f: 0.0
14:23:47.183 [openiec61850-osi-server-7-thread-1] DEBUG com.beanit.openiec61850.ServerAssociation - sub BDA is:IEDBiogasCHP/MMXU1.A.net.subQ: 0x00 0x00
14:23:47.183 [openiec61850-osi-server-7-thread-1] DEBUG com.beanit.openiec61850.ServerAssociation - sub BDA is:IEDBiogasCHP/MMXU1.A.net.subID: ''
14:23:47.183 [openiec61850-osi-server-7-thread-1] DEBUG com.beanit.openiec61850.ServerAssociation - sub BDA is:IEDBiogasCHP/MMXU1.A.res.subEna: false
14:23:47.183 [openiec61850-osi-server-7-thread-1] DEBUG com.beanit.openiec61850.ServerAssociation - sub BDA is:IEDBiogasCHP/MMXU1.A.res.subCVal.mag.i: 0
14:23:47.183 [openiec61850-osi-server-7-thread-1] DEBUG com.beanit.openiec61850.ServerAssociation - sub BDA is:IEDBiogasCHP/MMXU1.A.res.subCVal.mag.f: 0.0
14:23:47.183 [openiec61850-osi-server-7-thread-1] DEBUG com.beanit.openiec61850.ServerAssociation - sub BDA is:IEDBiogasCHP/MMXU1.A.res.subCVal.ang.i: 0
14:23:47.183 [openiec61850-osi-server-7-thread-1] DEBUG com.beanit.openiec61850.ServerAssociation - sub BDA is:IEDBiogasCHP/MMXU1.A.res.subCVal.ang.f: 0.0
14:23:47.183 [openiec61850-osi-server-7-thread-1] DEBUG com.beanit.openiec61850.ServerAssociation - sub BDA is:IEDBiogasCHP/MMXU1.A.res.subQ: 0x00 0x00
14:23:47.183 [openiec61850-osi-server-7-thread-1] DEBUG com.beanit.openiec61850.ServerAssociation - sub BDA is:IEDBiogasCHP/MMXU1.A.res.subID: ''
calling GetDataValues(IEDBiogasCHP/MMXU1.A.phsA)
14:23:47.183 [openiec61850-osi-server-7-thread-1] DEBUG com.beanit.openiec61850.ServerAssociation - Got a GetDataValues request for node: IEDBiogasCHP/MMXU1.A.phsA [SV]
IEDBiogasCHP/MMXU1.A.phsA.subEna: false
IEDBiogasCHP/MMXU1.A.phsA.subCVal [SV]
IEDBiogasCHP/MMXU1.A.phsA.subCVal.mag [SV]
IEDBiogasCHP/MMXU1.A.phsA.subCVal.mag.i: 0
IEDBiogasCHP/MMXU1.A.phsA.subCVal.mag.f: 0.0
IEDBiogasCHP/MMXU1.A.phsA.subCVal.ang [SV]
IEDBiogasCHP/MMXU1.A.phsA.subCVal.ang.i: 0
IEDBiogasCHP/MMXU1.A.phsA.subCVal.ang.f: 0.0
IEDBiogasCHP/MMXU1.A.phsA.subQ: 0x00 0x00
IEDBiogasCHP/MMXU1.A.phsA.subID: ''
14:23:47.183 [openiec61850-osi-server-7-thread-1] DEBUG com.beanit.openiec61850.ServerAssociation - sub BDA is:IEDBiogasCHP/MMXU1.A.phsA.subEna: false
14:23:47.183 [openiec61850-osi-server-7-thread-1] DEBUG com.beanit.openiec61850.ServerAssociation - sub BDA is:IEDBiogasCHP/MMXU1.A.phsA.subCVal.mag.i: 0
14:23:47.183 [openiec61850-osi-server-7-thread-1] DEBUG com.beanit.openiec61850.ServerAssociation - sub BDA is:IEDBiogasCHP/MMXU1.A.phsA.subCVal.mag.f: 0.0
14:23:47.183 [openiec61850-osi-server-7-thread-1] DEBUG com.beanit.openiec61850.ServerAssociation - sub BDA is:IEDBiogasCHP/MMXU1.A.phsA.subCVal.ang.i: 0
14:23:47.183 [openiec61850-osi-server-7-thread-1] DEBUG com.beanit.openiec61850.ServerAssociation - sub BDA is:IEDBiogasCHP/MMXU1.A.phsA.subCVal.ang.f: 0.0
14:23:47.183 [openiec61850-osi-server-7-thread-1] DEBUG com.beanit.openiec61850.ServerAssociation - sub BDA is:IEDBiogasCHP/MMXU1.A.phsA.subQ: 0x00 0x00
14:23:47.183 [openiec61850-osi-server-7-thread-1] DEBUG com.beanit.openiec61850.ServerAssociation - sub BDA is:IEDBiogasCHP/MMXU1.A.phsA.subID: ''
calling GetDataValues(IEDBiogasCHP/MMXU1.A.phsA.subEna)
14:23:47.183 [openiec61850-osi-server-7-thread-1] DEBUG com.beanit.openiec61850.ServerAssociation - Got a GetDataValues request for node: IEDBiogasCHP/MMXU1.A.phsA.subEna: false
calling GetDataValues(IEDBiogasCHP/MMXU1.A.phsA.subCVal)
14:23:47.183 [openiec61850-osi-server-7-thread-1] DEBUG com.beanit.openiec61850.ServerAssociation - Got a GetDataValues request for node: IEDBiogasCHP/MMXU1.A.phsA.subCVal [SV]
IEDBiogasCHP/MMXU1.A.phsA.subCVal.mag [SV]
IEDBiogasCHP/MMXU1.A.phsA.subCVal.mag.i: 0
IEDBiogasCHP/MMXU1.A.phsA.subCVal.mag.f: 0.0
IEDBiogasCHP/MMXU1.A.phsA.subCVal.ang [SV]
IEDBiogasCHP/MMXU1.A.phsA.subCVal.ang.i: 0
IEDBiogasCHP/MMXU1.A.phsA.subCVal.ang.f: 0.0
14:23:47.183 [openiec61850-osi-server-7-thread-1] DEBUG com.beanit.openiec61850.ServerAssociation - sub BDA is:IEDBiogasCHP/MMXU1.A.phsA.subCVal.mag.i: 0
14:23:47.183 [openiec61850-osi-server-7-thread-1] DEBUG com.beanit.openiec61850.ServerAssociation - sub BDA is:IEDBiogasCHP/MMXU1.A.phsA.subCVal.mag.f: 0.0
14:23:47.183 [openiec61850-osi-server-7-thread-1] DEBUG com.beanit.openiec61850.ServerAssociation - sub BDA is:IEDBiogasCHP/MMXU1.A.phsA.subCVal.ang.i: 0
14:23:47.183 [openiec61850-osi-server-7-thread-1] DEBUG com.beanit.openiec61850.ServerAssociation - sub BDA is:IEDBiogasCHP/MMXU1.A.phsA.subCVal.ang.f: 0.0
calling GetDataValues(IEDBiogasCHP/MMXU1.A.phsA.subCVal.mag)
14:23:47.184 [openiec61850-osi-server-7-thread-1] DEBUG com.beanit.openiec61850.ServerAssociation - Got a GetDataValues request for node: IEDBiogasCHP/MMXU1.A.phsA.subCVal.mag [SV]
IEDBiogasCHP/MMXU1.A.phsA.subCVal.mag.i: 0
IEDBiogasCHP/MMXU1.A.phsA.subCVal.mag.f: 0.0
14:23:47.184 [openiec61850-osi-server-7-thread-1] DEBUG com.beanit.openiec61850.ServerAssociation - sub BDA is:IEDBiogasCHP/MMXU1.A.phsA.subCVal.mag.i: 0
14:23:47.184 [openiec61850-osi-server-7-thread-1] DEBUG com.beanit.openiec61850.ServerAssociation - sub BDA is:IEDBiogasCHP/MMXU1.A.phsA.subCVal.mag.f: 0.0
calling GetDataValues(IEDBiogasCHP/MMXU1.A.phsA.subCVal.mag.i)
14:23:47.184 [openiec61850-osi-server-7-thread-1] DEBUG com.beanit.openiec61850.ServerAssociation - Got a GetDataValues request for node: IEDBiogasCHP/MMXU1.A.phsA.subCVal.mag.i: 0
calling GetDataValues(IEDBiogasCHP/MMXU1.A.phsA.subCVal.mag.f)
14:23:47.184 [openiec61850-osi-server-7-thread-1] DEBUG com.beanit.openiec61850.ServerAssociation - Got a GetDataValues request for node: IEDBiogasCHP/MMXU1.A.phsA.subCVal.mag.f: 0.0
calling GetDataValues(IEDBiogasCHP/MMXU1.A.phsA.subCVal.ang)
14:23:47.184 [openiec61850-osi-server-7-thread-1] DEBUG com.beanit.openiec61850.ServerAssociation - Got a GetDataValues request for node: IEDBiogasCHP/MMXU1.A.phsA.subCVal.ang [SV]
IEDBiogasCHP/MMXU1.A.phsA.subCVal.ang.i: 0
IEDBiogasCHP/MMXU1.A.phsA.subCVal.ang.f: 0.0
14:23:47.184 [openiec61850-osi-server-7-thread-1] DEBUG com.beanit.openiec61850.ServerAssociation - sub BDA is:IEDBiogasCHP/MMXU1.A.phsA.subCVal.ang.i: 0
14:23:47.184 [openiec61850-osi-server-7-thread-1] DEBUG com.beanit.openiec61850.ServerAssociation - sub BDA is:IEDBiogasCHP/MMXU1.A.phsA.subCVal.ang.f: 0.0
calling GetDataValues(IEDBiogasCHP/MMXU1.A.phsA.subCVal.ang.i)
14:23:47.184 [openiec61850-osi-server-7-thread-1] DEBUG com.beanit.openiec61850.ServerAssociation - Got a GetDataValues request for node: IEDBiogasCHP/MMXU1.A.phsA.subCVal.ang.i: 0
calling GetDataValues(IEDBiogasCHP/MMXU1.A.phsA.subCVal.ang.f)
14:23:47.184 [openiec61850-osi-server-7-thread-1] DEBUG com.beanit.openiec61850.ServerAssociation - Got a GetDataValues request for node: IEDBiogasCHP/MMXU1.A.phsA.subCVal.ang.f: 0.0
calling GetDataValues(IEDBiogasCHP/MMXU1.A.phsA.subQ)
14:23:47.184 [openiec61850-osi-server-7-thread-1] DEBUG com.beanit.openiec61850.ServerAssociation - Got a GetDataValues request for node: IEDBiogasCHP/MMXU1.A.phsA.subQ: 0x00 0x00
calling GetDataValues(IEDBiogasCHP/MMXU1.A.phsA.subID)
14:23:47.185 [openiec61850-osi-server-7-thread-1] DEBUG com.beanit.openiec61850.ServerAssociation - Got a GetDataValues request for node: IEDBiogasCHP/MMXU1.A.phsA.subID: ''
calling GetDataValues(IEDBiogasCHP/MMXU1.A.phsB)
14:23:47.185 [openiec61850-osi-server-7-thread-1] DEBUG com.beanit.openiec61850.ServerAssociation - Got a GetDataValues request for node: IEDBiogasCHP/MMXU1.A.phsB [SV]
IEDBiogasCHP/MMXU1.A.phsB.subEna: false
IEDBiogasCHP/MMXU1.A.phsB.subCVal [SV]
IEDBiogasCHP/MMXU1.A.phsB.subCVal.mag [SV]
IEDBiogasCHP/MMXU1.A.phsB.subCVal.mag.i: 0
IEDBiogasCHP/MMXU1.A.phsB.subCVal.mag.f: 0.0
IEDBiogasCHP/MMXU1.A.phsB.subCVal.ang [SV]
IEDBiogasCHP/MMXU1.A.phsB.subCVal.ang.i: 0
IEDBiogasCHP/MMXU1.A.phsB.subCVal.ang.f: 0.0
IEDBiogasCHP/MMXU1.A.phsB.subQ: 0x00 0x00
IEDBiogasCHP/MMXU1.A.phsB.subID: ''
14:23:47.185 [openiec61850-osi-server-7-thread-1] DEBUG com.beanit.openiec61850.ServerAssociation - sub BDA is:IEDBiogasCHP/MMXU1.A.phsB.subEna: false
14:23:47.185 [openiec61850-osi-server-7-thread-1] DEBUG com.beanit.openiec61850.ServerAssociation - sub BDA is:IEDBiogasCHP/MMXU1.A.phsB.subCVal.mag.i: 0
14:23:47.185 [openiec61850-osi-server-7-thread-1] DEBUG com.beanit.openiec61850.ServerAssociation - sub BDA is:IEDBiogasCHP/MMXU1.A.phsB.subCVal.mag.f: 0.0
14:23:47.185 [openiec61850-osi-server-7-thread-1] DEBUG com.beanit.openiec61850.ServerAssociation - sub BDA is:IEDBiogasCHP/MMXU1.A.phsB.subCVal.ang.i: 0
14:23:47.185 [openiec61850-osi-server-7-thread-1] DEBUG com.beanit.openiec61850.ServerAssociation - sub BDA is:IEDBiogasCHP/MMXU1.A.phsB.subCVal.ang.f: 0.0
14:23:47.185 [openiec61850-osi-server-7-thread-1] DEBUG com.beanit.openiec61850.ServerAssociation - sub BDA is:IEDBiogasCHP/MMXU1.A.phsB.subQ: 0x00 0x00
14:23:47.185 [openiec61850-osi-server-7-thread-1] DEBUG com.beanit.openiec61850.ServerAssociation - sub BDA is:IEDBiogasCHP/MMXU1.A.phsB.subID: ''
calling GetDataValues(IEDBiogasCHP/MMXU1.A.phsB.subEna)
14:23:47.185 [openiec61850-osi-server-7-thread-1] DEBUG com.beanit.openiec61850.ServerAssociation - Got a GetDataValues request for node: IEDBiogasCHP/MMXU1.A.phsB.subEna: false
calling GetDataValues(IEDBiogasCHP/MMXU1.A.phsB.subCVal)
14:23:47.185 [openiec61850-osi-server-7-thread-1] DEBUG com.beanit.openiec61850.ServerAssociation - Got a GetDataValues request for node: IEDBiogasCHP/MMXU1.A.phsB.subCVal [SV]
IEDBiogasCHP/MMXU1.A.phsB.subCVal.mag [SV]
IEDBiogasCHP/MMXU1.A.phsB.subCVal.mag.i: 0
IEDBiogasCHP/MMXU1.A.phsB.subCVal.mag.f: 0.0
IEDBiogasCHP/MMXU1.A.phsB.subCVal.ang [SV]
IEDBiogasCHP/MMXU1.A.phsB.subCVal.ang.i: 0
IEDBiogasCHP/MMXU1.A.phsB.subCVal.ang.f: 0.0
14:23:47.185 [openiec61850-osi-server-7-thread-1] DEBUG com.beanit.openiec61850.ServerAssociation - sub BDA is:IEDBiogasCHP/MMXU1.A.phsB.subCVal.mag.i: 0
14:23:47.185 [openiec61850-osi-server-7-thread-1] DEBUG com.beanit.openiec61850.ServerAssociation - sub BDA is:IEDBiogasCHP/MMXU1.A.phsB.subCVal.mag.f: 0.0
14:23:47.185 [openiec61850-osi-server-7-thread-1] DEBUG com.beanit.openiec61850.ServerAssociation - sub BDA is:IEDBiogasCHP/MMXU1.A.phsB.subCVal.ang.i: 0
14:23:47.185 [openiec61850-osi-server-7-thread-1] DEBUG com.beanit.openiec61850.ServerAssociation - sub BDA is:IEDBiogasCHP/MMXU1.A.phsB.subCVal.ang.f: 0.0
calling GetDataValues(IEDBiogasCHP/MMXU1.A.phsB.subCVal.mag)
14:23:47.185 [openiec61850-osi-server-7-thread-1] DEBUG com.beanit.openiec61850.ServerAssociation - Got a GetDataValues request for node: IEDBiogasCHP/MMXU1.A.phsB.subCVal.mag [SV]
IEDBiogasCHP/MMXU1.A.phsB.subCVal.mag.i: 0
IEDBiogasCHP/MMXU1.A.phsB.subCVal.mag.f: 0.0
14:23:47.185 [openiec61850-osi-server-7-thread-1] DEBUG com.beanit.openiec61850.ServerAssociation - sub BDA is:IEDBiogasCHP/MMXU1.A.phsB.subCVal.mag.i: 0
14:23:47.185 [openiec61850-osi-server-7-thread-1] DEBUG com.beanit.openiec61850.ServerAssociation - sub BDA is:IEDBiogasCHP/MMXU1.A.phsB.subCVal.mag.f: 0.0
calling GetDataValues(IEDBiogasCHP/MMXU1.A.phsB.subCVal.mag.i)
14:23:47.185 [openiec61850-osi-server-7-thread-1] DEBUG com.beanit.openiec61850.ServerAssociation - Got a GetDataValues request for node: IEDBiogasCHP/MMXU1.A.phsB.subCVal.mag.i: 0
calling GetDataValues(IEDBiogasCHP/MMXU1.A.phsB.subCVal.mag.f)
14:23:47.185 [openiec61850-osi-server-7-thread-1] DEBUG com.beanit.openiec61850.ServerAssociation - Got a GetDataValues request for node: IEDBiogasCHP/MMXU1.A.phsB.subCVal.mag.f: 0.0
calling GetDataValues(IEDBiogasCHP/MMXU1.A.phsB.subCVal.ang)
14:23:47.186 [openiec61850-osi-server-7-thread-1] DEBUG com.beanit.openiec61850.ServerAssociation - Got a GetDataValues request for node: IEDBiogasCHP/MMXU1.A.phsB.subCVal.ang [SV]
IEDBiogasCHP/MMXU1.A.phsB.subCVal.ang.i: 0
IEDBiogasCHP/MMXU1.A.phsB.subCVal.ang.f: 0.0
14:23:47.186 [openiec61850-osi-server-7-thread-1] DEBUG com.beanit.openiec61850.ServerAssociation - sub BDA is:IEDBiogasCHP/MMXU1.A.phsB.subCVal.ang.i: 0
14:23:47.186 [openiec61850-osi-server-7-thread-1] DEBUG com.beanit.openiec61850.ServerAssociation - sub BDA is:IEDBiogasCHP/MMXU1.A.phsB.subCVal.ang.f: 0.0
calling GetDataValues(IEDBiogasCHP/MMXU1.A.phsB.subCVal.ang.i)
14:23:47.186 [openiec61850-osi-server-7-thread-1] DEBUG com.beanit.openiec61850.ServerAssociation - Got a GetDataValues request for node: IEDBiogasCHP/MMXU1.A.phsB.subCVal.ang.i: 0
calling GetDataValues(IEDBiogasCHP/MMXU1.A.phsB.subCVal.ang.f)
14:23:47.186 [openiec61850-osi-server-7-thread-1] DEBUG com.beanit.openiec61850.ServerAssociation - Got a GetDataValues request for node: IEDBiogasCHP/MMXU1.A.phsB.subCVal.ang.f: 0.0
calling GetDataValues(IEDBiogasCHP/MMXU1.A.phsB.subQ)
14:23:47.186 [openiec61850-osi-server-7-thread-1] DEBUG com.beanit.openiec61850.ServerAssociation - Got a GetDataValues request for node: IEDBiogasCHP/MMXU1.A.phsB.subQ: 0x00 0x00
calling GetDataValues(IEDBiogasCHP/MMXU1.A.phsB.subID)
14:23:47.186 [openiec61850-osi-server-7-thread-1] DEBUG com.beanit.openiec61850.ServerAssociation - Got a GetDataValues request for node: IEDBiogasCHP/MMXU1.A.phsB.subID: ''
calling GetDataValues(IEDBiogasCHP/MMXU1.A.phsC)
14:23:47.186 [openiec61850-osi-server-7-thread-1] DEBUG com.beanit.openiec61850.ServerAssociation - Got a GetDataValues request for node: IEDBiogasCHP/MMXU1.A.phsC [SV]
IEDBiogasCHP/MMXU1.A.phsC.subEna: false
IEDBiogasCHP/MMXU1.A.phsC.subCVal [SV]
IEDBiogasCHP/MMXU1.A.phsC.subCVal.mag [SV]
IEDBiogasCHP/MMXU1.A.phsC.subCVal.mag.i: 0
IEDBiogasCHP/MMXU1.A.phsC.subCVal.mag.f: 0.0
IEDBiogasCHP/MMXU1.A.phsC.subCVal.ang [SV]
IEDBiogasCHP/MMXU1.A.phsC.subCVal.ang.i: 0
IEDBiogasCHP/MMXU1.A.phsC.subCVal.ang.f: 0.0
IEDBiogasCHP/MMXU1.A.phsC.subQ: 0x00 0x00
IEDBiogasCHP/MMXU1.A.phsC.subID: ''
14:23:47.186 [openiec61850-osi-server-7-thread-1] DEBUG com.beanit.openiec61850.ServerAssociation - sub BDA is:IEDBiogasCHP/MMXU1.A.phsC.subEna: false
14:23:47.186 [openiec61850-osi-server-7-thread-1] DEBUG com.beanit.openiec61850.ServerAssociation - sub BDA is:IEDBiogasCHP/MMXU1.A.phsC.subCVal.mag.i: 0
14:23:47.186 [openiec61850-osi-server-7-thread-1] DEBUG com.beanit.openiec61850.ServerAssociation - sub BDA is:IEDBiogasCHP/MMXU1.A.phsC.subCVal.mag.f: 0.0
14:23:47.186 [openiec61850-osi-server-7-thread-1] DEBUG com.beanit.openiec61850.ServerAssociation - sub BDA is:IEDBiogasCHP/MMXU1.A.phsC.subCVal.ang.i: 0
14:23:47.186 [openiec61850-osi-server-7-thread-1] DEBUG com.beanit.openiec61850.ServerAssociation - sub BDA is:IEDBiogasCHP/MMXU1.A.phsC.subCVal.ang.f: 0.0
14:23:47.186 [openiec61850-osi-server-7-thread-1] DEBUG com.beanit.openiec61850.ServerAssociation - sub BDA is:IEDBiogasCHP/MMXU1.A.phsC.subQ: 0x00 0x00
14:23:47.186 [openiec61850-osi-server-7-thread-1] DEBUG com.beanit.openiec61850.ServerAssociation - sub BDA is:IEDBiogasCHP/MMXU1.A.phsC.subID: ''
calling GetDataValues(IEDBiogasCHP/MMXU1.A.phsC.subEna)
14:23:47.187 [openiec61850-osi-server-7-thread-1] DEBUG com.beanit.openiec61850.ServerAssociation - Got a GetDataValues request for node: IEDBiogasCHP/MMXU1.A.phsC.subEna: false
calling GetDataValues(IEDBiogasCHP/MMXU1.A.phsC.subCVal)
14:23:47.187 [openiec61850-osi-server-7-thread-1] DEBUG com.beanit.openiec61850.ServerAssociation - Got a GetDataValues request for node: IEDBiogasCHP/MMXU1.A.phsC.subCVal [SV]
IEDBiogasCHP/MMXU1.A.phsC.subCVal.mag [SV]
IEDBiogasCHP/MMXU1.A.phsC.subCVal.mag.i: 0
IEDBiogasCHP/MMXU1.A.phsC.subCVal.mag.f: 0.0
IEDBiogasCHP/MMXU1.A.phsC.subCVal.ang [SV]
IEDBiogasCHP/MMXU1.A.phsC.subCVal.ang.i: 0
IEDBiogasCHP/MMXU1.A.phsC.subCVal.ang.f: 0.0
14:23:47.187 [openiec61850-osi-server-7-thread-1] DEBUG com.beanit.openiec61850.ServerAssociation - sub BDA is:IEDBiogasCHP/MMXU1.A.phsC.subCVal.mag.i: 0
14:23:47.187 [openiec61850-osi-server-7-thread-1] DEBUG com.beanit.openiec61850.ServerAssociation - sub BDA is:IEDBiogasCHP/MMXU1.A.phsC.subCVal.mag.f: 0.0
14:23:47.187 [openiec61850-osi-server-7-thread-1] DEBUG com.beanit.openiec61850.ServerAssociation - sub BDA is:IEDBiogasCHP/MMXU1.A.phsC.subCVal.ang.i: 0
14:23:47.187 [openiec61850-osi-server-7-thread-1] DEBUG com.beanit.openiec61850.ServerAssociation - sub BDA is:IEDBiogasCHP/MMXU1.A.phsC.subCVal.ang.f: 0.0
calling GetDataValues(IEDBiogasCHP/MMXU1.A.phsC.subCVal.mag)
14:23:47.187 [openiec61850-osi-server-7-thread-1] DEBUG com.beanit.openiec61850.ServerAssociation - Got a GetDataValues request for node: IEDBiogasCHP/MMXU1.A.phsC.subCVal.mag [SV]
IEDBiogasCHP/MMXU1.A.phsC.subCVal.mag.i: 0
IEDBiogasCHP/MMXU1.A.phsC.subCVal.mag.f: 0.0
14:23:47.187 [openiec61850-osi-server-7-thread-1] DEBUG com.beanit.openiec61850.ServerAssociation - sub BDA is:IEDBiogasCHP/MMXU1.A.phsC.subCVal.mag.i: 0
14:23:47.187 [openiec61850-osi-server-7-thread-1] DEBUG com.beanit.openiec61850.ServerAssociation - sub BDA is:IEDBiogasCHP/MMXU1.A.phsC.subCVal.mag.f: 0.0
calling GetDataValues(IEDBiogasCHP/MMXU1.A.phsC.subCVal.mag.i)
14:23:47.187 [openiec61850-osi-server-7-thread-1] DEBUG com.beanit.openiec61850.ServerAssociation - Got a GetDataValues request for node: IEDBiogasCHP/MMXU1.A.phsC.subCVal.mag.i: 0
calling GetDataValues(IEDBiogasCHP/MMXU1.A.phsC.subCVal.mag.f)
14:23:47.187 [openiec61850-osi-server-7-thread-1] DEBUG com.beanit.openiec61850.ServerAssociation - Got a GetDataValues request for node: IEDBiogasCHP/MMXU1.A.phsC.subCVal.mag.f: 0.0
calling GetDataValues(IEDBiogasCHP/MMXU1.A.phsC.subCVal.ang)
14:23:47.187 [openiec61850-osi-server-7-thread-1] DEBUG com.beanit.openiec61850.ServerAssociation - Got a GetDataValues request for node: IEDBiogasCHP/MMXU1.A.phsC.subCVal.ang [SV]
IEDBiogasCHP/MMXU1.A.phsC.subCVal.ang.i: 0
IEDBiogasCHP/MMXU1.A.phsC.subCVal.ang.f: 0.0
14:23:47.187 [openiec61850-osi-server-7-thread-1] DEBUG com.beanit.openiec61850.ServerAssociation - sub BDA is:IEDBiogasCHP/MMXU1.A.phsC.subCVal.ang.i: 0
14:23:47.187 [openiec61850-osi-server-7-thread-1] DEBUG com.beanit.openiec61850.ServerAssociation - sub BDA is:IEDBiogasCHP/MMXU1.A.phsC.subCVal.ang.f: 0.0
calling GetDataValues(IEDBiogasCHP/MMXU1.A.phsC.subCVal.ang.i)
14:23:47.187 [openiec61850-osi-server-7-thread-1] DEBUG com.beanit.openiec61850.ServerAssociation - Got a GetDataValues request for node: IEDBiogasCHP/MMXU1.A.phsC.subCVal.ang.i: 0
calling GetDataValues(IEDBiogasCHP/MMXU1.A.phsC.subCVal.ang.f)
14:23:47.187 [openiec61850-osi-server-7-thread-1] DEBUG com.beanit.openiec61850.ServerAssociation - Got a GetDataValues request for node: IEDBiogasCHP/MMXU1.A.phsC.subCVal.ang.f: 0.0
calling GetDataValues(IEDBiogasCHP/MMXU1.A.phsC.subQ)
14:23:47.188 [openiec61850-osi-server-7-thread-1] DEBUG com.beanit.openiec61850.ServerAssociation - Got a GetDataValues request for node: IEDBiogasCHP/MMXU1.A.phsC.subQ: 0x00 0x00
calling GetDataValues(IEDBiogasCHP/MMXU1.A.phsC.subID)
14:23:47.188 [openiec61850-osi-server-7-thread-1] DEBUG com.beanit.openiec61850.ServerAssociation - Got a GetDataValues request for node: IEDBiogasCHP/MMXU1.A.phsC.subID: ''
calling GetDataValues(IEDBiogasCHP/MMXU1.A.neut)
14:23:47.188 [openiec61850-osi-server-7-thread-1] DEBUG com.beanit.openiec61850.ServerAssociation - Got a GetDataValues request for node: IEDBiogasCHP/MMXU1.A.neut [SV]
IEDBiogasCHP/MMXU1.A.neut.subEna: false
IEDBiogasCHP/MMXU1.A.neut.subCVal [SV]
IEDBiogasCHP/MMXU1.A.neut.subCVal.mag [SV]
IEDBiogasCHP/MMXU1.A.neut.subCVal.mag.i: 0
IEDBiogasCHP/MMXU1.A.neut.subCVal.mag.f: 0.0
IEDBiogasCHP/MMXU1.A.neut.subCVal.ang [SV]
IEDBiogasCHP/MMXU1.A.neut.subCVal.ang.i: 0
IEDBiogasCHP/MMXU1.A.neut.subCVal.ang.f: 0.0
IEDBiogasCHP/MMXU1.A.neut.subQ: 0x00 0x00
IEDBiogasCHP/MMXU1.A.neut.subID: ''
14:23:47.188 [openiec61850-osi-server-7-thread-1] DEBUG com.beanit.openiec61850.ServerAssociation - sub BDA is:IEDBiogasCHP/MMXU1.A.neut.subEna: false
14:23:47.188 [openiec61850-osi-server-7-thread-1] DEBUG com.beanit.openiec61850.ServerAssociation - sub BDA is:IEDBiogasCHP/MMXU1.A.neut.subCVal.mag.i: 0
14:23:47.188 [openiec61850-osi-server-7-thread-1] DEBUG com.beanit.openiec61850.ServerAssociation - sub BDA is:IEDBiogasCHP/MMXU1.A.neut.subCVal.mag.f: 0.0
14:23:47.188 [openiec61850-osi-server-7-thread-1] DEBUG com.beanit.openiec61850.ServerAssociation - sub BDA is:IEDBiogasCHP/MMXU1.A.neut.subCVal.ang.i: 0
14:23:47.188 [openiec61850-osi-server-7-thread-1] DEBUG com.beanit.openiec61850.ServerAssociation - sub BDA is:IEDBiogasCHP/MMXU1.A.neut.subCVal.ang.f: 0.0
14:23:47.188 [openiec61850-osi-server-7-thread-1] DEBUG com.beanit.openiec61850.ServerAssociation - sub BDA is:IEDBiogasCHP/MMXU1.A.neut.subQ: 0x00 0x00
14:23:47.188 [openiec61850-osi-server-7-thread-1] DEBUG com.beanit.openiec61850.ServerAssociation - sub BDA is:IEDBiogasCHP/MMXU1.A.neut.subID: ''
calling GetDataValues(IEDBiogasCHP/MMXU1.A.neut.subEna)
14:23:47.188 [openiec61850-osi-server-7-thread-1] DEBUG com.beanit.openiec61850.ServerAssociation - Got a GetDataValues request for node: IEDBiogasCHP/MMXU1.A.neut.subEna: false
calling GetDataValues(IEDBiogasCHP/MMXU1.A.neut.subCVal)
14:23:47.188 [openiec61850-osi-server-7-thread-1] DEBUG com.beanit.openiec61850.ServerAssociation - Got a GetDataValues request for node: IEDBiogasCHP/MMXU1.A.neut.subCVal [SV]
IEDBiogasCHP/MMXU1.A.neut.subCVal.mag [SV]
IEDBiogasCHP/MMXU1.A.neut.subCVal.mag.i: 0
IEDBiogasCHP/MMXU1.A.neut.subCVal.mag.f: 0.0
IEDBiogasCHP/MMXU1.A.neut.subCVal.ang [SV]
IEDBiogasCHP/MMXU1.A.neut.subCVal.ang.i: 0
IEDBiogasCHP/MMXU1.A.neut.subCVal.ang.f: 0.0
14:23:47.188 [openiec61850-osi-server-7-thread-1] DEBUG com.beanit.openiec61850.ServerAssociation - sub BDA is:IEDBiogasCHP/MMXU1.A.neut.subCVal.mag.i: 0
14:23:47.188 [openiec61850-osi-server-7-thread-1] DEBUG com.beanit.openiec61850.ServerAssociation - sub BDA is:IEDBiogasCHP/MMXU1.A.neut.subCVal.mag.f: 0.0
14:23:47.188 [openiec61850-osi-server-7-thread-1] DEBUG com.beanit.openiec61850.ServerAssociation - sub BDA is:IEDBiogasCHP/MMXU1.A.neut.subCVal.ang.i: 0
14:23:47.188 [openiec61850-osi-server-7-thread-1] DEBUG com.beanit.openiec61850.ServerAssociation - sub BDA is:IEDBiogasCHP/MMXU1.A.neut.subCVal.ang.f: 0.0
calling GetDataValues(IEDBiogasCHP/MMXU1.A.neut.subCVal.mag)
14:23:47.188 [openiec61850-osi-server-7-thread-1] DEBUG com.beanit.openiec61850.ServerAssociation - Got a GetDataValues request for node: IEDBiogasCHP/MMXU1.A.neut.subCVal.mag [SV]
IEDBiogasCHP/MMXU1.A.neut.subCVal.mag.i: 0
IEDBiogasCHP/MMXU1.A.neut.subCVal.mag.f: 0.0
14:23:47.188 [openiec61850-osi-server-7-thread-1] DEBUG com.beanit.openiec61850.ServerAssociation - sub BDA is:IEDBiogasCHP/MMXU1.A.neut.subCVal.mag.i: 0
14:23:47.188 [openiec61850-osi-server-7-thread-1] DEBUG com.beanit.openiec61850.ServerAssociation - sub BDA is:IEDBiogasCHP/MMXU1.A.neut.subCVal.mag.f: 0.0
calling GetDataValues(IEDBiogasCHP/MMXU1.A.neut.subCVal.mag.i)
14:23:47.188 [openiec61850-osi-server-7-thread-1] DEBUG com.beanit.openiec61850.ServerAssociation - Got a GetDataValues request for node: IEDBiogasCHP/MMXU1.A.neut.subCVal.mag.i: 0
calling GetDataValues(IEDBiogasCHP/MMXU1.A.neut.subCVal.mag.f)
14:23:47.189 [openiec61850-osi-server-7-thread-1] DEBUG com.beanit.openiec61850.ServerAssociation - Got a GetDataValues request for node: IEDBiogasCHP/MMXU1.A.neut.subCVal.mag.f: 0.0
calling GetDataValues(IEDBiogasCHP/MMXU1.A.neut.subCVal.ang)
14:23:47.189 [openiec61850-osi-server-7-thread-1] DEBUG com.beanit.openiec61850.ServerAssociation - Got a GetDataValues request for node: IEDBiogasCHP/MMXU1.A.neut.subCVal.ang [SV]
IEDBiogasCHP/MMXU1.A.neut.subCVal.ang.i: 0
IEDBiogasCHP/MMXU1.A.neut.subCVal.ang.f: 0.0
14:23:47.189 [openiec61850-osi-server-7-thread-1] DEBUG com.beanit.openiec61850.ServerAssociation - sub BDA is:IEDBiogasCHP/MMXU1.A.neut.subCVal.ang.i: 0
14:23:47.189 [openiec61850-osi-server-7-thread-1] DEBUG com.beanit.openiec61850.ServerAssociation - sub BDA is:IEDBiogasCHP/MMXU1.A.neut.subCVal.ang.f: 0.0
calling GetDataValues(IEDBiogasCHP/MMXU1.A.neut.subCVal.ang.i)
14:23:47.189 [openiec61850-osi-server-7-thread-1] DEBUG com.beanit.openiec61850.ServerAssociation - Got a GetDataValues request for node: IEDBiogasCHP/MMXU1.A.neut.subCVal.ang.i: 0
calling GetDataValues(IEDBiogasCHP/MMXU1.A.neut.subCVal.ang.f)
14:23:47.189 [openiec61850-osi-server-7-thread-1] DEBUG com.beanit.openiec61850.ServerAssociation - Got a GetDataValues request for node: IEDBiogasCHP/MMXU1.A.neut.subCVal.ang.f: 0.0
calling GetDataValues(IEDBiogasCHP/MMXU1.A.neut.subQ)
14:23:47.189 [openiec61850-osi-server-7-thread-1] DEBUG com.beanit.openiec61850.ServerAssociation - Got a GetDataValues request for node: IEDBiogasCHP/MMXU1.A.neut.subQ: 0x00 0x00
calling GetDataValues(IEDBiogasCHP/MMXU1.A.neut.subID)
14:23:47.189 [openiec61850-osi-server-7-thread-1] DEBUG com.beanit.openiec61850.ServerAssociation - Got a GetDataValues request for node: IEDBiogasCHP/MMXU1.A.neut.subID: ''
calling GetDataValues(IEDBiogasCHP/MMXU1.A.net)
14:23:47.189 [openiec61850-osi-server-7-thread-1] DEBUG com.beanit.openiec61850.ServerAssociation - Got a GetDataValues request for node: IEDBiogasCHP/MMXU1.A.net [SV]
IEDBiogasCHP/MMXU1.A.net.subEna: false
IEDBiogasCHP/MMXU1.A.net.subCVal [SV]
IEDBiogasCHP/MMXU1.A.net.subCVal.mag [SV]
IEDBiogasCHP/MMXU1.A.net.subCVal.mag.i: 0
IEDBiogasCHP/MMXU1.A.net.subCVal.mag.f: 0.0
IEDBiogasCHP/MMXU1.A.net.subCVal.ang [SV]
IEDBiogasCHP/MMXU1.A.net.subCVal.ang.i: 0
IEDBiogasCHP/MMXU1.A.net.subCVal.ang.f: 0.0
IEDBiogasCHP/MMXU1.A.net.subQ: 0x00 0x00
IEDBiogasCHP/MMXU1.A.net.subID: ''
14:23:47.189 [openiec61850-osi-server-7-thread-1] DEBUG com.beanit.openiec61850.ServerAssociation - sub BDA is:IEDBiogasCHP/MMXU1.A.net.subEna: false
14:23:47.189 [openiec61850-osi-server-7-thread-1] DEBUG com.beanit.openiec61850.ServerAssociation - sub BDA is:IEDBiogasCHP/MMXU1.A.net.subCVal.mag.i: 0
14:23:47.189 [openiec61850-osi-server-7-thread-1] DEBUG com.beanit.openiec61850.ServerAssociation - sub BDA is:IEDBiogasCHP/MMXU1.A.net.subCVal.mag.f: 0.0
14:23:47.189 [openiec61850-osi-server-7-thread-1] DEBUG com.beanit.openiec61850.ServerAssociation - sub BDA is:IEDBiogasCHP/MMXU1.A.net.subCVal.ang.i: 0
14:23:47.189 [openiec61850-osi-server-7-thread-1] DEBUG com.beanit.openiec61850.ServerAssociation - sub BDA is:IEDBiogasCHP/MMXU1.A.net.subCVal.ang.f: 0.0
14:23:47.189 [openiec61850-osi-server-7-thread-1] DEBUG com.beanit.openiec61850.ServerAssociation - sub BDA is:IEDBiogasCHP/MMXU1.A.net.subQ: 0x00 0x00
14:23:47.189 [openiec61850-osi-server-7-thread-1] DEBUG com.beanit.openiec61850.ServerAssociation - sub BDA is:IEDBiogasCHP/MMXU1.A.net.subID: ''
calling GetDataValues(IEDBiogasCHP/MMXU1.A.net.subEna)
14:23:47.189 [openiec61850-osi-server-7-thread-1] DEBUG com.beanit.openiec61850.ServerAssociation - Got a GetDataValues request for node: IEDBiogasCHP/MMXU1.A.net.subEna: false
calling GetDataValues(IEDBiogasCHP/MMXU1.A.net.subCVal)
14:23:47.190 [openiec61850-osi-server-7-thread-1] DEBUG com.beanit.openiec61850.ServerAssociation - Got a GetDataValues request for node: IEDBiogasCHP/MMXU1.A.net.subCVal [SV]
IEDBiogasCHP/MMXU1.A.net.subCVal.mag [SV]
IEDBiogasCHP/MMXU1.A.net.subCVal.mag.i: 0
IEDBiogasCHP/MMXU1.A.net.subCVal.mag.f: 0.0
IEDBiogasCHP/MMXU1.A.net.subCVal.ang [SV]
IEDBiogasCHP/MMXU1.A.net.subCVal.ang.i: 0
IEDBiogasCHP/MMXU1.A.net.subCVal.ang.f: 0.0
14:23:47.190 [openiec61850-osi-server-7-thread-1] DEBUG com.beanit.openiec61850.ServerAssociation - sub BDA is:IEDBiogasCHP/MMXU1.A.net.subCVal.mag.i: 0
14:23:47.190 [openiec61850-osi-server-7-thread-1] DEBUG com.beanit.openiec61850.ServerAssociation - sub BDA is:IEDBiogasCHP/MMXU1.A.net.subCVal.mag.f: 0.0
14:23:47.190 [openiec61850-osi-server-7-thread-1] DEBUG com.beanit.openiec61850.ServerAssociation - sub BDA is:IEDBiogasCHP/MMXU1.A.net.subCVal.ang.i: 0
14:23:47.190 [openiec61850-osi-server-7-thread-1] DEBUG com.beanit.openiec61850.ServerAssociation - sub BDA is:IEDBiogasCHP/MMXU1.A.net.subCVal.ang.f: 0.0
calling GetDataValues(IEDBiogasCHP/MMXU1.A.net.subCVal.mag)
14:23:47.190 [openiec61850-osi-server-7-thread-1] DEBUG com.beanit.openiec61850.ServerAssociation - Got a GetDataValues request for node: IEDBiogasCHP/MMXU1.A.net.subCVal.mag [SV]
IEDBiogasCHP/MMXU1.A.net.subCVal.mag.i: 0
IEDBiogasCHP/MMXU1.A.net.subCVal.mag.f: 0.0
14:23:47.190 [openiec61850-osi-server-7-thread-1] DEBUG com.beanit.openiec61850.ServerAssociation - sub BDA is:IEDBiogasCHP/MMXU1.A.net.subCVal.mag.i: 0
14:23:47.190 [openiec61850-osi-server-7-thread-1] DEBUG com.beanit.openiec61850.ServerAssociation - sub BDA is:IEDBiogasCHP/MMXU1.A.net.subCVal.mag.f: 0.0
calling GetDataValues(IEDBiogasCHP/MMXU1.A.net.subCVal.mag.i)
14:23:47.190 [openiec61850-osi-server-7-thread-1] DEBUG com.beanit.openiec61850.ServerAssociation - Got a GetDataValues request for node: IEDBiogasCHP/MMXU1.A.net.subCVal.mag.i: 0
calling GetDataValues(IEDBiogasCHP/MMXU1.A.net.subCVal.mag.f)
14:23:47.190 [openiec61850-osi-server-7-thread-1] DEBUG com.beanit.openiec61850.ServerAssociation - Got a GetDataValues request for node: IEDBiogasCHP/MMXU1.A.net.subCVal.mag.f: 0.0
calling GetDataValues(IEDBiogasCHP/MMXU1.A.net.subCVal.ang)
14:23:47.190 [openiec61850-osi-server-7-thread-1] DEBUG com.beanit.openiec61850.ServerAssociation - Got a GetDataValues request for node: IEDBiogasCHP/MMXU1.A.net.subCVal.ang [SV]
IEDBiogasCHP/MMXU1.A.net.subCVal.ang.i: 0
IEDBiogasCHP/MMXU1.A.net.subCVal.ang.f: 0.0
14:23:47.190 [openiec61850-osi-server-7-thread-1] DEBUG com.beanit.openiec61850.ServerAssociation - sub BDA is:IEDBiogasCHP/MMXU1.A.net.subCVal.ang.i: 0
14:23:47.190 [openiec61850-osi-server-7-thread-1] DEBUG com.beanit.openiec61850.ServerAssociation - sub BDA is:IEDBiogasCHP/MMXU1.A.net.subCVal.ang.f: 0.0
calling GetDataValues(IEDBiogasCHP/MMXU1.A.net.subCVal.ang.i)
14:23:47.190 [openiec61850-osi-server-7-thread-1] DEBUG com.beanit.openiec61850.ServerAssociation - Got a GetDataValues request for node: IEDBiogasCHP/MMXU1.A.net.subCVal.ang.i: 0
calling GetDataValues(IEDBiogasCHP/MMXU1.A.net.subCVal.ang.f)
14:23:47.190 [openiec61850-osi-server-7-thread-1] DEBUG com.beanit.openiec61850.ServerAssociation - Got a GetDataValues request for node: IEDBiogasCHP/MMXU1.A.net.subCVal.ang.f: 0.0
calling GetDataValues(IEDBiogasCHP/MMXU1.A.net.subQ)
14:23:47.191 [openiec61850-osi-server-7-thread-1] DEBUG com.beanit.openiec61850.ServerAssociation - Got a GetDataValues request for node: IEDBiogasCHP/MMXU1.A.net.subQ: 0x00 0x00
calling GetDataValues(IEDBiogasCHP/MMXU1.A.net.subID)
14:23:47.191 [openiec61850-osi-server-7-thread-1] DEBUG com.beanit.openiec61850.ServerAssociation - Got a GetDataValues request for node: IEDBiogasCHP/MMXU1.A.net.subID: ''
calling GetDataValues(IEDBiogasCHP/MMXU1.A.res)
14:23:47.191 [openiec61850-osi-server-7-thread-1] DEBUG com.beanit.openiec61850.ServerAssociation - Got a GetDataValues request for node: IEDBiogasCHP/MMXU1.A.res [SV]
IEDBiogasCHP/MMXU1.A.res.subEna: false
IEDBiogasCHP/MMXU1.A.res.subCVal [SV]
IEDBiogasCHP/MMXU1.A.res.subCVal.mag [SV]
IEDBiogasCHP/MMXU1.A.res.subCVal.mag.i: 0
IEDBiogasCHP/MMXU1.A.res.subCVal.mag.f: 0.0
IEDBiogasCHP/MMXU1.A.res.subCVal.ang [SV]
IEDBiogasCHP/MMXU1.A.res.subCVal.ang.i: 0
IEDBiogasCHP/MMXU1.A.res.subCVal.ang.f: 0.0
IEDBiogasCHP/MMXU1.A.res.subQ: 0x00 0x00
IEDBiogasCHP/MMXU1.A.res.subID: ''
14:23:47.191 [openiec61850-osi-server-7-thread-1] DEBUG com.beanit.openiec61850.ServerAssociation - sub BDA is:IEDBiogasCHP/MMXU1.A.res.subEna: false
14:23:47.191 [openiec61850-osi-server-7-thread-1] DEBUG com.beanit.openiec61850.ServerAssociation - sub BDA is:IEDBiogasCHP/MMXU1.A.res.subCVal.mag.i: 0
14:23:47.191 [openiec61850-osi-server-7-thread-1] DEBUG com.beanit.openiec61850.ServerAssociation - sub BDA is:IEDBiogasCHP/MMXU1.A.res.subCVal.mag.f: 0.0
14:23:47.191 [openiec61850-osi-server-7-thread-1] DEBUG com.beanit.openiec61850.ServerAssociation - sub BDA is:IEDBiogasCHP/MMXU1.A.res.subCVal.ang.i: 0
14:23:47.191 [openiec61850-osi-server-7-thread-1] DEBUG com.beanit.openiec61850.ServerAssociation - sub BDA is:IEDBiogasCHP/MMXU1.A.res.subCVal.ang.f: 0.0
14:23:47.191 [openiec61850-osi-server-7-thread-1] DEBUG com.beanit.openiec61850.ServerAssociation - sub BDA is:IEDBiogasCHP/MMXU1.A.res.subQ: 0x00 0x00
14:23:47.191 [openiec61850-osi-server-7-thread-1] DEBUG com.beanit.openiec61850.ServerAssociation - sub BDA is:IEDBiogasCHP/MMXU1.A.res.subID: ''
calling GetDataValues(IEDBiogasCHP/MMXU1.A.res.subEna)
14:23:47.191 [openiec61850-osi-server-7-thread-1] DEBUG com.beanit.openiec61850.ServerAssociation - Got a GetDataValues request for node: IEDBiogasCHP/MMXU1.A.res.subEna: false
calling GetDataValues(IEDBiogasCHP/MMXU1.A.res.subCVal)
14:23:47.191 [openiec61850-osi-server-7-thread-1] DEBUG com.beanit.openiec61850.ServerAssociation - Got a GetDataValues request for node: IEDBiogasCHP/MMXU1.A.res.subCVal [SV]
IEDBiogasCHP/MMXU1.A.res.subCVal.mag [SV]
IEDBiogasCHP/MMXU1.A.res.subCVal.mag.i: 0
IEDBiogasCHP/MMXU1.A.res.subCVal.mag.f: 0.0
IEDBiogasCHP/MMXU1.A.res.subCVal.ang [SV]
IEDBiogasCHP/MMXU1.A.res.subCVal.ang.i: 0
IEDBiogasCHP/MMXU1.A.res.subCVal.ang.f: 0.0
14:23:47.191 [openiec61850-osi-server-7-thread-1] DEBUG com.beanit.openiec61850.ServerAssociation - sub BDA is:IEDBiogasCHP/MMXU1.A.res.subCVal.mag.i: 0
14:23:47.191 [openiec61850-osi-server-7-thread-1] DEBUG com.beanit.openiec61850.ServerAssociation - sub BDA is:IEDBiogasCHP/MMXU1.A.res.subCVal.mag.f: 0.0
14:23:47.191 [openiec61850-osi-server-7-thread-1] DEBUG com.beanit.openiec61850.ServerAssociation - sub BDA is:IEDBiogasCHP/MMXU1.A.res.subCVal.ang.i: 0
14:23:47.191 [openiec61850-osi-server-7-thread-1] DEBUG com.beanit.openiec61850.ServerAssociation - sub BDA is:IEDBiogasCHP/MMXU1.A.res.subCVal.ang.f: 0.0
calling GetDataValues(IEDBiogasCHP/MMXU1.A.res.subCVal.mag)
14:23:47.191 [openiec61850-osi-server-7-thread-1] DEBUG com.beanit.openiec61850.ServerAssociation - Got a GetDataValues request for node: IEDBiogasCHP/MMXU1.A.res.subCVal.mag [SV]
IEDBiogasCHP/MMXU1.A.res.subCVal.mag.i: 0
IEDBiogasCHP/MMXU1.A.res.subCVal.mag.f: 0.0
14:23:47.191 [openiec61850-osi-server-7-thread-1] DEBUG com.beanit.openiec61850.ServerAssociation - sub BDA is:IEDBiogasCHP/MMXU1.A.res.subCVal.mag.i: 0
14:23:47.191 [openiec61850-osi-server-7-thread-1] DEBUG com.beanit.openiec61850.ServerAssociation - sub BDA is:IEDBiogasCHP/MMXU1.A.res.subCVal.mag.f: 0.0
calling GetDataValues(IEDBiogasCHP/MMXU1.A.res.subCVal.mag.i)
14:23:47.191 [openiec61850-osi-server-7-thread-1] DEBUG com.beanit.openiec61850.ServerAssociation - Got a GetDataValues request for node: IEDBiogasCHP/MMXU1.A.res.subCVal.mag.i: 0
calling GetDataValues(IEDBiogasCHP/MMXU1.A.res.subCVal.mag.f)
14:23:47.191 [openiec61850-osi-server-7-thread-1] DEBUG com.beanit.openiec61850.ServerAssociation - Got a GetDataValues request for node: IEDBiogasCHP/MMXU1.A.res.subCVal.mag.f: 0.0
calling GetDataValues(IEDBiogasCHP/MMXU1.A.res.subCVal.ang)
14:23:47.192 [openiec61850-osi-server-7-thread-1] DEBUG com.beanit.openiec61850.ServerAssociation - Got a GetDataValues request for node: IEDBiogasCHP/MMXU1.A.res.subCVal.ang [SV]
IEDBiogasCHP/MMXU1.A.res.subCVal.ang.i: 0
IEDBiogasCHP/MMXU1.A.res.subCVal.ang.f: 0.0
14:23:47.192 [openiec61850-osi-server-7-thread-1] DEBUG com.beanit.openiec61850.ServerAssociation - sub BDA is:IEDBiogasCHP/MMXU1.A.res.subCVal.ang.i: 0
14:23:47.192 [openiec61850-osi-server-7-thread-1] DEBUG com.beanit.openiec61850.ServerAssociation - sub BDA is:IEDBiogasCHP/MMXU1.A.res.subCVal.ang.f: 0.0
calling GetDataValues(IEDBiogasCHP/MMXU1.A.res.subCVal.ang.i)
14:23:47.192 [openiec61850-osi-server-7-thread-1] DEBUG com.beanit.openiec61850.ServerAssociation - Got a GetDataValues request for node: IEDBiogasCHP/MMXU1.A.res.subCVal.ang.i: 0
calling GetDataValues(IEDBiogasCHP/MMXU1.A.res.subCVal.ang.f)
14:23:47.192 [openiec61850-osi-server-7-thread-1] DEBUG com.beanit.openiec61850.ServerAssociation - Got a GetDataValues request for node: IEDBiogasCHP/MMXU1.A.res.subCVal.ang.f: 0.0
calling GetDataValues(IEDBiogasCHP/MMXU1.A.res.subQ)
14:23:47.192 [openiec61850-osi-server-7-thread-1] DEBUG com.beanit.openiec61850.ServerAssociation - Got a GetDataValues request for node: IEDBiogasCHP/MMXU1.A.res.subQ: 0x00 0x00
calling GetDataValues(IEDBiogasCHP/MMXU1.A.res.subID)
14:23:47.192 [openiec61850-osi-server-7-thread-1] DEBUG com.beanit.openiec61850.ServerAssociation - Got a GetDataValues request for node: IEDBiogasCHP/MMXU1.A.res.subID: ''
calling GetDataValues(IEDBiogasCHP/MMXU1.A)
14:23:47.192 [openiec61850-osi-server-7-thread-1] DEBUG com.beanit.openiec61850.ServerAssociation - Got a GetDataValues request for node: IEDBiogasCHP/MMXU1.A [CF]
IEDBiogasCHP/MMXU1.A.angRef: 0
IEDBiogasCHP/MMXU1.A.phsA [CF]
IEDBiogasCHP/MMXU1.A.phsA.units [CF]
IEDBiogasCHP/MMXU1.A.phsA.units.SIUnit: 0
IEDBiogasCHP/MMXU1.A.phsA.units.multiplier: 0
IEDBiogasCHP/MMXU1.A.phsA.db: 0
IEDBiogasCHP/MMXU1.A.phsA.zeroDb: 0
IEDBiogasCHP/MMXU1.A.phsA.rangeC [CF]
IEDBiogasCHP/MMXU1.A.phsA.rangeC.hhLim [CF]
IEDBiogasCHP/MMXU1.A.phsA.rangeC.hhLim.i: 0
IEDBiogasCHP/MMXU1.A.phsA.rangeC.hhLim.f: 0.0
IEDBiogasCHP/MMXU1.A.phsA.rangeC.hLim [CF]
IEDBiogasCHP/MMXU1.A.phsA.rangeC.hLim.i: 0
IEDBiogasCHP/MMXU1.A.phsA.rangeC.hLim.f: 0.0
IEDBiogasCHP/MMXU1.A.phsA.rangeC.lLim [CF]
IEDBiogasCHP/MMXU1.A.phsA.rangeC.lLim.i: 0
IEDBiogasCHP/MMXU1.A.phsA.rangeC.lLim.f: 0.0
IEDBiogasCHP/MMXU1.A.phsA.rangeC.llLim [CF]
IEDBiogasCHP/MMXU1.A.phsA.rangeC.llLim.i: 0
IEDBiogasCHP/MMXU1.A.phsA.rangeC.llLim.f: 0.0
IEDBiogasCHP/MMXU1.A.phsA.rangeC.min [CF]
IEDBiogasCHP/MMXU1.A.phsA.rangeC.min.i: 0
IEDBiogasCHP/MMXU1.A.phsA.rangeC.min.f: 0.0
IEDBiogasCHP/MMXU1.A.phsA.rangeC.max [CF]
IEDBiogasCHP/MMXU1.A.phsA.rangeC.max.i: 0
IEDBiogasCHP/MMXU1.A.phsA.rangeC.max.f: 0.0
IEDBiogasCHP/MMXU1.A.phsA.magSVC [CF]
IEDBiogasCHP/MMXU1.A.phsA.magSVC.scaleFactor: 0.0
IEDBiogasCHP/MMXU1.A.phsA.magSVC.offset: 0.0
IEDBiogasCHP/MMXU1.A.phsA.angSVC [CF]
IEDBiogasCHP/MMXU1.A.phsA.angSVC.scaleFactor: 0.0
IEDBiogasCHP/MMXU1.A.phsA.angSVC.offset: 0.0
IEDBiogasCHP/MMXU1.A.phsA.angRef: 0
IEDBiogasCHP/MMXU1.A.phsA.smpRate: 0
IEDBiogasCHP/MMXU1.A.phsB [CF]
IEDBiogasCHP/MMXU1.A.phsB.units [CF]
IEDBiogasCHP/MMXU1.A.phsB.units.SIUnit: 0
IEDBiogasCHP/MMXU1.A.phsB.units.multiplier: 0
IEDBiogasCHP/MMXU1.A.phsB.db: 0
IEDBiogasCHP/MMXU1.A.phsB.zeroDb: 0
IEDBiogasCHP/MMXU1.A.phsB.rangeC [CF]
IEDBiogasCHP/MMXU1.A.phsB.rangeC.hhLim [CF]
IEDBiogasCHP/MMXU1.A.phsB.rangeC.hhLim.i: 0
IEDBiogasCHP/MMXU1.A.phsB.rangeC.hhLim.f: 0.0
IEDBiogasCHP/MMXU1.A.phsB.rangeC.hLim [CF]
IEDBiogasCHP/MMXU1.A.phsB.rangeC.hLim.i: 0
IEDBiogasCHP/MMXU1.A.phsB.rangeC.hLim.f: 0.0
IEDBiogasCHP/MMXU1.A.phsB.rangeC.lLim [CF]
IEDBiogasCHP/MMXU1.A.phsB.rangeC.lLim.i: 0
IEDBiogasCHP/MMXU1.A.phsB.rangeC.lLim.f: 0.0
IEDBiogasCHP/MMXU1.A.phsB.rangeC.llLim [CF]
IEDBiogasCHP/MMXU1.A.phsB.rangeC.llLim.i: 0
IEDBiogasCHP/MMXU1.A.phsB.rangeC.llLim.f: 0.0
IEDBiogasCHP/MMXU1.A.phsB.rangeC.min [CF]
IEDBiogasCHP/MMXU1.A.phsB.rangeC.min.i: 0
IEDBiogasCHP/MMXU1.A.phsB.rangeC.min.f: 0.0
IEDBiogasCHP/MMXU1.A.phsB.rangeC.max [CF]
IEDBiogasCHP/MMXU1.A.phsB.rangeC.max.i: 0
IEDBiogasCHP/MMXU1.A.phsB.rangeC.max.f: 0.0
IEDBiogasCHP/MMXU1.A.phsB.magSVC [CF]
IEDBiogasCHP/MMXU1.A.phsB.magSVC.scaleFactor: 0.0
IEDBiogasCHP/MMXU1.A.phsB.magSVC.offset: 0.0
IEDBiogasCHP/MMXU1.A.phsB.angSVC [CF]
IEDBiogasCHP/MMXU1.A.phsB.angSVC.scaleFactor: 0.0
IEDBiogasCHP/MMXU1.A.phsB.angSVC.offset: 0.0
IEDBiogasCHP/MMXU1.A.phsB.angRef: 0
IEDBiogasCHP/MMXU1.A.phsB.smpRate: 0
IEDBiogasCHP/MMXU1.A.phsC [CF]
IEDBiogasCHP/MMXU1.A.phsC.units [CF]
IEDBiogasCHP/MMXU1.A.phsC.units.SIUnit: 0
IEDBiogasCHP/MMXU1.A.phsC.units.multiplier: 0
IEDBiogasCHP/MMXU1.A.phsC.db: 0
IEDBiogasCHP/MMXU1.A.phsC.zeroDb: 0
IEDBiogasCHP/MMXU1.A.phsC.rangeC [CF]
IEDBiogasCHP/MMXU1.A.phsC.rangeC.hhLim [CF]
IEDBiogasCHP/MMXU1.A.phsC.rangeC.hhLim.i: 0
IEDBiogasCHP/MMXU1.A.phsC.rangeC.hhLim.f: 0.0
IEDBiogasCHP/MMXU1.A.phsC.rangeC.hLim [CF]
IEDBiogasCHP/MMXU1.A.phsC.rangeC.hLim.i: 0
IEDBiogasCHP/MMXU1.A.phsC.rangeC.hLim.f: 0.0
IEDBiogasCHP/MMXU1.A.phsC.rangeC.lLim [CF]
IEDBiogasCHP/MMXU1.A.phsC.rangeC.lLim.i: 0
IEDBiogasCHP/MMXU1.A.phsC.rangeC.lLim.f: 0.0
IEDBiogasCHP/MMXU1.A.phsC.rangeC.llLim [CF]
IEDBiogasCHP/MMXU1.A.phsC.rangeC.llLim.i: 0
IEDBiogasCHP/MMXU1.A.phsC.rangeC.llLim.f: 0.0
IEDBiogasCHP/MMXU1.A.phsC.rangeC.min [CF]
IEDBiogasCHP/MMXU1.A.phsC.rangeC.min.i: 0
IEDBiogasCHP/MMXU1.A.phsC.rangeC.min.f: 0.0
IEDBiogasCHP/MMXU1.A.phsC.rangeC.max [CF]
IEDBiogasCHP/MMXU1.A.phsC.rangeC.max.i: 0
IEDBiogasCHP/MMXU1.A.phsC.rangeC.max.f: 0.0
IEDBiogasCHP/MMXU1.A.phsC.magSVC [CF]
IEDBiogasCHP/MMXU1.A.phsC.magSVC.scaleFactor: 0.0
IEDBiogasCHP/MMXU1.A.phsC.magSVC.offset: 0.0
IEDBiogasCHP/MMXU1.A.phsC.angSVC [CF]
IEDBiogasCHP/MMXU1.A.phsC.angSVC.scaleFactor: 0.0
IEDBiogasCHP/MMXU1.A.phsC.angSVC.offset: 0.0
IEDBiogasCHP/MMXU1.A.phsC.angRef: 0
IEDBiogasCHP/MMXU1.A.phsC.smpRate: 0
IEDBiogasCHP/MMXU1.A.neut [CF]
IEDBiogasCHP/MMXU1.A.neut.units [CF]
IEDBiogasCHP/MMXU1.A.neut.units.SIUnit: 0
IEDBiogasCHP/MMXU1.A.neut.units.multiplier: 0
IEDBiogasCHP/MMXU1.A.neut.db: 0
IEDBiogasCHP/MMXU1.A.neut.zeroDb: 0
IEDBiogasCHP/MMXU1.A.neut.rangeC [CF]
IEDBiogasCHP/MMXU1.A.neut.rangeC.hhLim [CF]
IEDBiogasCHP/MMXU1.A.neut.rangeC.hhLim.i: 0
IEDBiogasCHP/MMXU1.A.neut.rangeC.hhLim.f: 0.0
IEDBiogasCHP/MMXU1.A.neut.rangeC.hLim [CF]
IEDBiogasCHP/MMXU1.A.neut.rangeC.hLim.i: 0
IEDBiogasCHP/MMXU1.A.neut.rangeC.hLim.f: 0.0
IEDBiogasCHP/MMXU1.A.neut.rangeC.lLim [CF]
IEDBiogasCHP/MMXU1.A.neut.rangeC.lLim.i: 0
IEDBiogasCHP/MMXU1.A.neut.rangeC.lLim.f: 0.0
IEDBiogasCHP/MMXU1.A.neut.rangeC.llLim [CF]
IEDBiogasCHP/MMXU1.A.neut.rangeC.llLim.i: 0
IEDBiogasCHP/MMXU1.A.neut.rangeC.llLim.f: 0.0
IEDBiogasCHP/MMXU1.A.neut.rangeC.min [CF]
IEDBiogasCHP/MMXU1.A.neut.rangeC.min.i: 0
IEDBiogasCHP/MMXU1.A.neut.rangeC.min.f: 0.0
IEDBiogasCHP/MMXU1.A.neut.rangeC.max [CF]
IEDBiogasCHP/MMXU1.A.neut.rangeC.max.i: 0
IEDBiogasCHP/MMXU1.A.neut.rangeC.max.f: 0.0
IEDBiogasCHP/MMXU1.A.neut.magSVC [CF]
IEDBiogasCHP/MMXU1.A.neut.magSVC.scaleFactor: 0.0
IEDBiogasCHP/MMXU1.A.neut.magSVC.offset: 0.0
IEDBiogasCHP/MMXU1.A.neut.angSVC [CF]
IEDBiogasCHP/MMXU1.A.neut.angSVC.scaleFactor: 0.0
IEDBiogasCHP/MMXU1.A.neut.angSVC.offset: 0.0
IEDBiogasCHP/MMXU1.A.neut.angRef: 0
IEDBiogasCHP/MMXU1.A.neut.smpRate: 0
IEDBiogasCHP/MMXU1.A.net [CF]
IEDBiogasCHP/MMXU1.A.net.units [CF]
IEDBiogasCHP/MMXU1.A.net.units.SIUnit: 0
IEDBiogasCHP/MMXU1.A.net.units.multiplier: 0
IEDBiogasCHP/MMXU1.A.net.db: 0
IEDBiogasCHP/MMXU1.A.net.zeroDb: 0
IEDBiogasCHP/MMXU1.A.net.rangeC [CF]
IEDBiogasCHP/MMXU1.A.net.rangeC.hhLim [CF]
IEDBiogasCHP/MMXU1.A.net.rangeC.hhLim.i: 0
IEDBiogasCHP/MMXU1.A.net.rangeC.hhLim.f: 0.0
IEDBiogasCHP/MMXU1.A.net.rangeC.hLim [CF]
IEDBiogasCHP/MMXU1.A.net.rangeC.hLim.i: 0
IEDBiogasCHP/MMXU1.A.net.rangeC.hLim.f: 0.0
IEDBiogasCHP/MMXU1.A.net.rangeC.lLim [CF]
IEDBiogasCHP/MMXU1.A.net.rangeC.lLim.i: 0
IEDBiogasCHP/MMXU1.A.net.rangeC.lLim.f: 0.0
IEDBiogasCHP/MMXU1.A.net.rangeC.llLim [CF]
IEDBiogasCHP/MMXU1.A.net.rangeC.llLim.i: 0
IEDBiogasCHP/MMXU1.A.net.rangeC.llLim.f: 0.0
IEDBiogasCHP/MMXU1.A.net.rangeC.min [CF]
IEDBiogasCHP/MMXU1.A.net.rangeC.min.i: 0
IEDBiogasCHP/MMXU1.A.net.rangeC.min.f: 0.0
IEDBiogasCHP/MMXU1.A.net.rangeC.max [CF]
IEDBiogasCHP/MMXU1.A.net.rangeC.max.i: 0
IEDBiogasCHP/MMXU1.A.net.rangeC.max.f: 0.0
IEDBiogasCHP/MMXU1.A.net.magSVC [CF]
IEDBiogasCHP/MMXU1.A.net.magSVC.scaleFactor: 0.0
IEDBiogasCHP/MMXU1.A.net.magSVC.offset: 0.0
IEDBiogasCHP/MMXU1.A.net.angSVC [CF]
IEDBiogasCHP/MMXU1.A.net.angSVC.scaleFactor: 0.0
IEDBiogasCHP/MMXU1.A.net.angSVC.offset: 0.0
IEDBiogasCHP/MMXU1.A.net.angRef: 0
IEDBiogasCHP/MMXU1.A.net.smpRate: 0
IEDBiogasCHP/MMXU1.A.res [CF]
IEDBiogasCHP/MMXU1.A.res.units [CF]
IEDBiogasCHP/MMXU1.A.res.units.SIUnit: 0
IEDBiogasCHP/MMXU1.A.res.units.multiplier: 0
IEDBiogasCHP/MMXU1.A.res.db: 0
IEDBiogasCHP/MMXU1.A.res.zeroDb: 0
IEDBiogasCHP/MMXU1.A.res.rangeC [CF]
IEDBiogasCHP/MMXU1.A.res.rangeC.hhLim [CF]
IEDBiogasCHP/MMXU1.A.res.rangeC.hhLim.i: 0
IEDBiogasCHP/MMXU1.A.res.rangeC.hhLim.f: 0.0
IEDBiogasCHP/MMXU1.A.res.rangeC.hLim [CF]
IEDBiogasCHP/MMXU1.A.res.rangeC.hLim.i: 0
IEDBiogasCHP/MMXU1.A.res.rangeC.hLim.f: 0.0
IEDBiogasCHP/MMXU1.A.res.rangeC.lLim [CF]
IEDBiogasCHP/MMXU1.A.res.rangeC.lLim.i: 0
IEDBiogasCHP/MMXU1.A.res.rangeC.lLim.f: 0.0
IEDBiogasCHP/MMXU1.A.res.rangeC.llLim [CF]
IEDBiogasCHP/MMXU1.A.res.rangeC.llLim.i: 0
IEDBiogasCHP/MMXU1.A.res.rangeC.llLim.f: 0.0
IEDBiogasCHP/MMXU1.A.res.rangeC.min [CF]
IEDBiogasCHP/MMXU1.A.res.rangeC.min.i: 0
IEDBiogasCHP/MMXU1.A.res.rangeC.min.f: 0.0
IEDBiogasCHP/MMXU1.A.res.rangeC.max [CF]
IEDBiogasCHP/MMXU1.A.res.rangeC.max.i: 0
IEDBiogasCHP/MMXU1.A.res.rangeC.max.f: 0.0
IEDBiogasCHP/MMXU1.A.res.magSVC [CF]
IEDBiogasCHP/MMXU1.A.res.magSVC.scaleFactor: 0.0
IEDBiogasCHP/MMXU1.A.res.magSVC.offset: 0.0
IEDBiogasCHP/MMXU1.A.res.angSVC [CF]
IEDBiogasCHP/MMXU1.A.res.angSVC.scaleFactor: 0.0
IEDBiogasCHP/MMXU1.A.res.angSVC.offset: 0.0
IEDBiogasCHP/MMXU1.A.res.angRef: 0
IEDBiogasCHP/MMXU1.A.res.smpRate: 0
14:23:47.193 [openiec61850-osi-server-7-thread-1] DEBUG com.beanit.openiec61850.ServerAssociation - sub BDA is:IEDBiogasCHP/MMXU1.A.angRef: 0
14:23:47.193 [openiec61850-osi-server-7-thread-1] DEBUG com.beanit.openiec61850.ServerAssociation - sub BDA is:IEDBiogasCHP/MMXU1.A.phsA.units.SIUnit: 0
14:23:47.193 [openiec61850-osi-server-7-thread-1] DEBUG com.beanit.openiec61850.ServerAssociation - sub BDA is:IEDBiogasCHP/MMXU1.A.phsA.units.multiplier: 0
14:23:47.193 [openiec61850-osi-server-7-thread-1] DEBUG com.beanit.openiec61850.ServerAssociation - sub BDA is:IEDBiogasCHP/MMXU1.A.phsA.db: 0
14:23:47.193 [openiec61850-osi-server-7-thread-1] DEBUG com.beanit.openiec61850.ServerAssociation - sub BDA is:IEDBiogasCHP/MMXU1.A.phsA.zeroDb: 0
14:23:47.193 [openiec61850-osi-server-7-thread-1] DEBUG com.beanit.openiec61850.ServerAssociation - sub BDA is:IEDBiogasCHP/MMXU1.A.phsA.rangeC.hhLim.i: 0
14:23:47.193 [openiec61850-osi-server-7-thread-1] DEBUG com.beanit.openiec61850.ServerAssociation - sub BDA is:IEDBiogasCHP/MMXU1.A.phsA.rangeC.hhLim.f: 0.0
14:23:47.193 [openiec61850-osi-server-7-thread-1] DEBUG com.beanit.openiec61850.ServerAssociation - sub BDA is:IEDBiogasCHP/MMXU1.A.phsA.rangeC.hLim.i: 0
14:23:47.193 [openiec61850-osi-server-7-thread-1] DEBUG com.beanit.openiec61850.ServerAssociation - sub BDA is:IEDBiogasCHP/MMXU1.A.phsA.rangeC.hLim.f: 0.0
14:23:47.193 [openiec61850-osi-server-7-thread-1] DEBUG com.beanit.openiec61850.ServerAssociation - sub BDA is:IEDBiogasCHP/MMXU1.A.phsA.rangeC.lLim.i: 0
14:23:47.193 [openiec61850-osi-server-7-thread-1] DEBUG com.beanit.openiec61850.ServerAssociation - sub BDA is:IEDBiogasCHP/MMXU1.A.phsA.rangeC.lLim.f: 0.0
14:23:47.193 [openiec61850-osi-server-7-thread-1] DEBUG com.beanit.openiec61850.ServerAssociation - sub BDA is:IEDBiogasCHP/MMXU1.A.phsA.rangeC.llLim.i: 0
14:23:47.193 [openiec61850-osi-server-7-thread-1] DEBUG com.beanit.openiec61850.ServerAssociation - sub BDA is:IEDBiogasCHP/MMXU1.A.phsA.rangeC.llLim.f: 0.0
14:23:47.193 [openiec61850-osi-server-7-thread-1] DEBUG com.beanit.openiec61850.ServerAssociation - sub BDA is:IEDBiogasCHP/MMXU1.A.phsA.rangeC.min.i: 0
14:23:47.193 [openiec61850-osi-server-7-thread-1] DEBUG com.beanit.openiec61850.ServerAssociation - sub BDA is:IEDBiogasCHP/MMXU1.A.phsA.rangeC.min.f: 0.0
14:23:47.193 [openiec61850-osi-server-7-thread-1] DEBUG com.beanit.openiec61850.ServerAssociation - sub BDA is:IEDBiogasCHP/MMXU1.A.phsA.rangeC.max.i: 0
14:23:47.193 [openiec61850-osi-server-7-thread-1] DEBUG com.beanit.openiec61850.ServerAssociation - sub BDA is:IEDBiogasCHP/MMXU1.A.phsA.rangeC.max.f: 0.0
14:23:47.193 [openiec61850-osi-server-7-thread-1] DEBUG com.beanit.openiec61850.ServerAssociation - sub BDA is:IEDBiogasCHP/MMXU1.A.phsA.magSVC.scaleFactor: 0.0
14:23:47.193 [openiec61850-osi-server-7-thread-1] DEBUG com.beanit.openiec61850.ServerAssociation - sub BDA is:IEDBiogasCHP/MMXU1.A.phsA.magSVC.offset: 0.0
14:23:47.193 [openiec61850-osi-server-7-thread-1] DEBUG com.beanit.openiec61850.ServerAssociation - sub BDA is:IEDBiogasCHP/MMXU1.A.phsA.angSVC.scaleFactor: 0.0
14:23:47.193 [openiec61850-osi-server-7-thread-1] DEBUG com.beanit.openiec61850.ServerAssociation - sub BDA is:IEDBiogasCHP/MMXU1.A.phsA.angSVC.offset: 0.0
14:23:47.193 [openiec61850-osi-server-7-thread-1] DEBUG com.beanit.openiec61850.ServerAssociation - sub BDA is:IEDBiogasCHP/MMXU1.A.phsA.angRef: 0
14:23:47.193 [openiec61850-osi-server-7-thread-1] DEBUG com.beanit.openiec61850.ServerAssociation - sub BDA is:IEDBiogasCHP/MMXU1.A.phsA.smpRate: 0
14:23:47.193 [openiec61850-osi-server-7-thread-1] DEBUG com.beanit.openiec61850.ServerAssociation - sub BDA is:IEDBiogasCHP/MMXU1.A.phsB.units.SIUnit: 0
14:23:47.193 [openiec61850-osi-server-7-thread-1] DEBUG com.beanit.openiec61850.ServerAssociation - sub BDA is:IEDBiogasCHP/MMXU1.A.phsB.units.multiplier: 0
14:23:47.193 [openiec61850-osi-server-7-thread-1] DEBUG com.beanit.openiec61850.ServerAssociation - sub BDA is:IEDBiogasCHP/MMXU1.A.phsB.db: 0
14:23:47.193 [openiec61850-osi-server-7-thread-1] DEBUG com.beanit.openiec61850.ServerAssociation - sub BDA is:IEDBiogasCHP/MMXU1.A.phsB.zeroDb: 0
14:23:47.193 [openiec61850-osi-server-7-thread-1] DEBUG com.beanit.openiec61850.ServerAssociation - sub BDA is:IEDBiogasCHP/MMXU1.A.phsB.rangeC.hhLim.i: 0
14:23:47.193 [openiec61850-osi-server-7-thread-1] DEBUG com.beanit.openiec61850.ServerAssociation - sub BDA is:IEDBiogasCHP/MMXU1.A.phsB.rangeC.hhLim.f: 0.0
14:23:47.193 [openiec61850-osi-server-7-thread-1] DEBUG com.beanit.openiec61850.ServerAssociation - sub BDA is:IEDBiogasCHP/MMXU1.A.phsB.rangeC.hLim.i: 0
14:23:47.193 [openiec61850-osi-server-7-thread-1] DEBUG com.beanit.openiec61850.ServerAssociation - sub BDA is:IEDBiogasCHP/MMXU1.A.phsB.rangeC.hLim.f: 0.0
14:23:47.193 [openiec61850-osi-server-7-thread-1] DEBUG com.beanit.openiec61850.ServerAssociation - sub BDA is:IEDBiogasCHP/MMXU1.A.phsB.rangeC.lLim.i: 0
14:23:47.193 [openiec61850-osi-server-7-thread-1] DEBUG com.beanit.openiec61850.ServerAssociation - sub BDA is:IEDBiogasCHP/MMXU1.A.phsB.rangeC.lLim.f: 0.0
14:23:47.193 [openiec61850-osi-server-7-thread-1] DEBUG com.beanit.openiec61850.ServerAssociation - sub BDA is:IEDBiogasCHP/MMXU1.A.phsB.rangeC.llLim.i: 0
14:23:47.193 [openiec61850-osi-server-7-thread-1] DEBUG com.beanit.openiec61850.ServerAssociation - sub BDA is:IEDBiogasCHP/MMXU1.A.phsB.rangeC.llLim.f: 0.0
14:23:47.193 [openiec61850-osi-server-7-thread-1] DEBUG com.beanit.openiec61850.ServerAssociation - sub BDA is:IEDBiogasCHP/MMXU1.A.phsB.rangeC.min.i: 0
14:23:47.193 [openiec61850-osi-server-7-thread-1] DEBUG com.beanit.openiec61850.ServerAssociation - sub BDA is:IEDBiogasCHP/MMXU1.A.phsB.rangeC.min.f: 0.0
14:23:47.193 [openiec61850-osi-server-7-thread-1] DEBUG com.beanit.openiec61850.ServerAssociation - sub BDA is:IEDBiogasCHP/MMXU1.A.phsB.rangeC.max.i: 0
14:23:47.193 [openiec61850-osi-server-7-thread-1] DEBUG com.beanit.openiec61850.ServerAssociation - sub BDA is:IEDBiogasCHP/MMXU1.A.phsB.rangeC.max.f: 0.0
14:23:47.193 [openiec61850-osi-server-7-thread-1] DEBUG com.beanit.openiec61850.ServerAssociation - sub BDA is:IEDBiogasCHP/MMXU1.A.phsB.magSVC.scaleFactor: 0.0
14:23:47.193 [openiec61850-osi-server-7-thread-1] DEBUG com.beanit.openiec61850.ServerAssociation - sub BDA is:IEDBiogasCHP/MMXU1.A.phsB.magSVC.offset: 0.0
14:23:47.193 [openiec61850-osi-server-7-thread-1] DEBUG com.beanit.openiec61850.ServerAssociation - sub BDA is:IEDBiogasCHP/MMXU1.A.phsB.angSVC.scaleFactor: 0.0
14:23:47.193 [openiec61850-osi-server-7-thread-1] DEBUG com.beanit.openiec61850.ServerAssociation - sub BDA is:IEDBiogasCHP/MMXU1.A.phsB.angSVC.offset: 0.0
14:23:47.193 [openiec61850-osi-server-7-thread-1] DEBUG com.beanit.openiec61850.ServerAssociation - sub BDA is:IEDBiogasCHP/MMXU1.A.phsB.angRef: 0
14:23:47.193 [openiec61850-osi-server-7-thread-1] DEBUG com.beanit.openiec61850.ServerAssociation - sub BDA is:IEDBiogasCHP/MMXU1.A.phsB.smpRate: 0
14:23:47.193 [openiec61850-osi-server-7-thread-1] DEBUG com.beanit.openiec61850.ServerAssociation - sub BDA is:IEDBiogasCHP/MMXU1.A.phsC.units.SIUnit: 0
14:23:47.193 [openiec61850-osi-server-7-thread-1] DEBUG com.beanit.openiec61850.ServerAssociation - sub BDA is:IEDBiogasCHP/MMXU1.A.phsC.units.multiplier: 0
14:23:47.193 [openiec61850-osi-server-7-thread-1] DEBUG com.beanit.openiec61850.ServerAssociation - sub BDA is:IEDBiogasCHP/MMXU1.A.phsC.db: 0
14:23:47.193 [openiec61850-osi-server-7-thread-1] DEBUG com.beanit.openiec61850.ServerAssociation - sub BDA is:IEDBiogasCHP/MMXU1.A.phsC.zeroDb: 0
14:23:47.193 [openiec61850-osi-server-7-thread-1] DEBUG com.beanit.openiec61850.ServerAssociation - sub BDA is:IEDBiogasCHP/MMXU1.A.phsC.rangeC.hhLim.i: 0
14:23:47.193 [openiec61850-osi-server-7-thread-1] DEBUG com.beanit.openiec61850.ServerAssociation - sub BDA is:IEDBiogasCHP/MMXU1.A.phsC.rangeC.hhLim.f: 0.0
14:23:47.193 [openiec61850-osi-server-7-thread-1] DEBUG com.beanit.openiec61850.ServerAssociation - sub BDA is:IEDBiogasCHP/MMXU1.A.phsC.rangeC.hLim.i: 0
14:23:47.193 [openiec61850-osi-server-7-thread-1] DEBUG com.beanit.openiec61850.ServerAssociation - sub BDA is:IEDBiogasCHP/MMXU1.A.phsC.rangeC.hLim.f: 0.0
14:23:47.193 [openiec61850-osi-server-7-thread-1] DEBUG com.beanit.openiec61850.ServerAssociation - sub BDA is:IEDBiogasCHP/MMXU1.A.phsC.rangeC.lLim.i: 0
14:23:47.193 [openiec61850-osi-server-7-thread-1] DEBUG com.beanit.openiec61850.ServerAssociation - sub BDA is:IEDBiogasCHP/MMXU1.A.phsC.rangeC.lLim.f: 0.0
14:23:47.193 [openiec61850-osi-server-7-thread-1] DEBUG com.beanit.openiec61850.ServerAssociation - sub BDA is:IEDBiogasCHP/MMXU1.A.phsC.rangeC.llLim.i: 0
14:23:47.193 [openiec61850-osi-server-7-thread-1] DEBUG com.beanit.openiec61850.ServerAssociation - sub BDA is:IEDBiogasCHP/MMXU1.A.phsC.rangeC.llLim.f: 0.0
14:23:47.193 [openiec61850-osi-server-7-thread-1] DEBUG com.beanit.openiec61850.ServerAssociation - sub BDA is:IEDBiogasCHP/MMXU1.A.phsC.rangeC.min.i: 0
14:23:47.193 [openiec61850-osi-server-7-thread-1] DEBUG com.beanit.openiec61850.ServerAssociation - sub BDA is:IEDBiogasCHP/MMXU1.A.phsC.rangeC.min.f: 0.0
14:23:47.193 [openiec61850-osi-server-7-thread-1] DEBUG com.beanit.openiec61850.ServerAssociation - sub BDA is:IEDBiogasCHP/MMXU1.A.phsC.rangeC.max.i: 0
14:23:47.193 [openiec61850-osi-server-7-thread-1] DEBUG com.beanit.openiec61850.ServerAssociation - sub BDA is:IEDBiogasCHP/MMXU1.A.phsC.rangeC.max.f: 0.0
14:23:47.193 [openiec61850-osi-server-7-thread-1] DEBUG com.beanit.openiec61850.ServerAssociation - sub BDA is:IEDBiogasCHP/MMXU1.A.phsC.magSVC.scaleFactor: 0.0
14:23:47.193 [openiec61850-osi-server-7-thread-1] DEBUG com.beanit.openiec61850.ServerAssociation - sub BDA is:IEDBiogasCHP/MMXU1.A.phsC.magSVC.offset: 0.0
14:23:47.193 [openiec61850-osi-server-7-thread-1] DEBUG com.beanit.openiec61850.ServerAssociation - sub BDA is:IEDBiogasCHP/MMXU1.A.phsC.angSVC.scaleFactor: 0.0
14:23:47.193 [openiec61850-osi-server-7-thread-1] DEBUG com.beanit.openiec61850.ServerAssociation - sub BDA is:IEDBiogasCHP/MMXU1.A.phsC.angSVC.offset: 0.0
14:23:47.193 [openiec61850-osi-server-7-thread-1] DEBUG com.beanit.openiec61850.ServerAssociation - sub BDA is:IEDBiogasCHP/MMXU1.A.phsC.angRef: 0
14:23:47.193 [openiec61850-osi-server-7-thread-1] DEBUG com.beanit.openiec61850.ServerAssociation - sub BDA is:IEDBiogasCHP/MMXU1.A.phsC.smpRate: 0
14:23:47.193 [openiec61850-osi-server-7-thread-1] DEBUG com.beanit.openiec61850.ServerAssociation - sub BDA is:IEDBiogasCHP/MMXU1.A.neut.units.SIUnit: 0
14:23:47.193 [openiec61850-osi-server-7-thread-1] DEBUG com.beanit.openiec61850.ServerAssociation - sub BDA is:IEDBiogasCHP/MMXU1.A.neut.units.multiplier: 0
14:23:47.193 [openiec61850-osi-server-7-thread-1] DEBUG com.beanit.openiec61850.ServerAssociation - sub BDA is:IEDBiogasCHP/MMXU1.A.neut.db: 0
14:23:47.193 [openiec61850-osi-server-7-thread-1] DEBUG com.beanit.openiec61850.ServerAssociation - sub BDA is:IEDBiogasCHP/MMXU1.A.neut.zeroDb: 0
14:23:47.193 [openiec61850-osi-server-7-thread-1] DEBUG com.beanit.openiec61850.ServerAssociation - sub BDA is:IEDBiogasCHP/MMXU1.A.neut.rangeC.hhLim.i: 0
14:23:47.193 [openiec61850-osi-server-7-thread-1] DEBUG com.beanit.openiec61850.ServerAssociation - sub BDA is:IEDBiogasCHP/MMXU1.A.neut.rangeC.hhLim.f: 0.0
14:23:47.193 [openiec61850-osi-server-7-thread-1] DEBUG com.beanit.openiec61850.ServerAssociation - sub BDA is:IEDBiogasCHP/MMXU1.A.neut.rangeC.hLim.i: 0
14:23:47.193 [openiec61850-osi-server-7-thread-1] DEBUG com.beanit.openiec61850.ServerAssociation - sub BDA is:IEDBiogasCHP/MMXU1.A.neut.rangeC.hLim.f: 0.0
14:23:47.193 [openiec61850-osi-server-7-thread-1] DEBUG com.beanit.openiec61850.ServerAssociation - sub BDA is:IEDBiogasCHP/MMXU1.A.neut.rangeC.lLim.i: 0
14:23:47.193 [openiec61850-osi-server-7-thread-1] DEBUG com.beanit.openiec61850.ServerAssociation - sub BDA is:IEDBiogasCHP/MMXU1.A.neut.rangeC.lLim.f: 0.0
14:23:47.193 [openiec61850-osi-server-7-thread-1] DEBUG com.beanit.openiec61850.ServerAssociation - sub BDA is:IEDBiogasCHP/MMXU1.A.neut.rangeC.llLim.i: 0
14:23:47.193 [openiec61850-osi-server-7-thread-1] DEBUG com.beanit.openiec61850.ServerAssociation - sub BDA is:IEDBiogasCHP/MMXU1.A.neut.rangeC.llLim.f: 0.0
14:23:47.193 [openiec61850-osi-server-7-thread-1] DEBUG com.beanit.openiec61850.ServerAssociation - sub BDA is:IEDBiogasCHP/MMXU1.A.neut.rangeC.min.i: 0
14:23:47.193 [openiec61850-osi-server-7-thread-1] DEBUG com.beanit.openiec61850.ServerAssociation - sub BDA is:IEDBiogasCHP/MMXU1.A.neut.rangeC.min.f: 0.0
14:23:47.193 [openiec61850-osi-server-7-thread-1] DEBUG com.beanit.openiec61850.ServerAssociation - sub BDA is:IEDBiogasCHP/MMXU1.A.neut.rangeC.max.i: 0
14:23:47.193 [openiec61850-osi-server-7-thread-1] DEBUG com.beanit.openiec61850.ServerAssociation - sub BDA is:IEDBiogasCHP/MMXU1.A.neut.rangeC.max.f: 0.0
14:23:47.193 [openiec61850-osi-server-7-thread-1] DEBUG com.beanit.openiec61850.ServerAssociation - sub BDA is:IEDBiogasCHP/MMXU1.A.neut.magSVC.scaleFactor: 0.0
14:23:47.193 [openiec61850-osi-server-7-thread-1] DEBUG com.beanit.openiec61850.ServerAssociation - sub BDA is:IEDBiogasCHP/MMXU1.A.neut.magSVC.offset: 0.0
14:23:47.193 [openiec61850-osi-server-7-thread-1] DEBUG com.beanit.openiec61850.ServerAssociation - sub BDA is:IEDBiogasCHP/MMXU1.A.neut.angSVC.scaleFactor: 0.0
14:23:47.193 [openiec61850-osi-server-7-thread-1] DEBUG com.beanit.openiec61850.ServerAssociation - sub BDA is:IEDBiogasCHP/MMXU1.A.neut.angSVC.offset: 0.0
14:23:47.193 [openiec61850-osi-server-7-thread-1] DEBUG com.beanit.openiec61850.ServerAssociation - sub BDA is:IEDBiogasCHP/MMXU1.A.neut.angRef: 0
14:23:47.193 [openiec61850-osi-server-7-thread-1] DEBUG com.beanit.openiec61850.ServerAssociation - sub BDA is:IEDBiogasCHP/MMXU1.A.neut.smpRate: 0
14:23:47.193 [openiec61850-osi-server-7-thread-1] DEBUG com.beanit.openiec61850.ServerAssociation - sub BDA is:IEDBiogasCHP/MMXU1.A.net.units.SIUnit: 0
14:23:47.193 [openiec61850-osi-server-7-thread-1] DEBUG com.beanit.openiec61850.ServerAssociation - sub BDA is:IEDBiogasCHP/MMXU1.A.net.units.multiplier: 0
14:23:47.193 [openiec61850-osi-server-7-thread-1] DEBUG com.beanit.openiec61850.ServerAssociation - sub BDA is:IEDBiogasCHP/MMXU1.A.net.db: 0
14:23:47.193 [openiec61850-osi-server-7-thread-1] DEBUG com.beanit.openiec61850.ServerAssociation - sub BDA is:IEDBiogasCHP/MMXU1.A.net.zeroDb: 0
14:23:47.193 [openiec61850-osi-server-7-thread-1] DEBUG com.beanit.openiec61850.ServerAssociation - sub BDA is:IEDBiogasCHP/MMXU1.A.net.rangeC.hhLim.i: 0
14:23:47.193 [openiec61850-osi-server-7-thread-1] DEBUG com.beanit.openiec61850.ServerAssociation - sub BDA is:IEDBiogasCHP/MMXU1.A.net.rangeC.hhLim.f: 0.0
14:23:47.193 [openiec61850-osi-server-7-thread-1] DEBUG com.beanit.openiec61850.ServerAssociation - sub BDA is:IEDBiogasCHP/MMXU1.A.net.rangeC.hLim.i: 0
14:23:47.193 [openiec61850-osi-server-7-thread-1] DEBUG com.beanit.openiec61850.ServerAssociation - sub BDA is:IEDBiogasCHP/MMXU1.A.net.rangeC.hLim.f: 0.0
14:23:47.193 [openiec61850-osi-server-7-thread-1] DEBUG com.beanit.openiec61850.ServerAssociation - sub BDA is:IEDBiogasCHP/MMXU1.A.net.rangeC.lLim.i: 0
14:23:47.193 [openiec61850-osi-server-7-thread-1] DEBUG com.beanit.openiec61850.ServerAssociation - sub BDA is:IEDBiogasCHP/MMXU1.A.net.rangeC.lLim.f: 0.0
14:23:47.193 [openiec61850-osi-server-7-thread-1] DEBUG com.beanit.openiec61850.ServerAssociation - sub BDA is:IEDBiogasCHP/MMXU1.A.net.rangeC.llLim.i: 0
14:23:47.193 [openiec61850-osi-server-7-thread-1] DEBUG com.beanit.openiec61850.ServerAssociation - sub BDA is:IEDBiogasCHP/MMXU1.A.net.rangeC.llLim.f: 0.0
14:23:47.193 [openiec61850-osi-server-7-thread-1] DEBUG com.beanit.openiec61850.ServerAssociation - sub BDA is:IEDBiogasCHP/MMXU1.A.net.rangeC.min.i: 0
14:23:47.193 [openiec61850-osi-server-7-thread-1] DEBUG com.beanit.openiec61850.ServerAssociation - sub BDA is:IEDBiogasCHP/MMXU1.A.net.rangeC.min.f: 0.0
14:23:47.193 [openiec61850-osi-server-7-thread-1] DEBUG com.beanit.openiec61850.ServerAssociation - sub BDA is:IEDBiogasCHP/MMXU1.A.net.rangeC.max.i: 0
14:23:47.193 [openiec61850-osi-server-7-thread-1] DEBUG com.beanit.openiec61850.ServerAssociation - sub BDA is:IEDBiogasCHP/MMXU1.A.net.rangeC.max.f: 0.0
14:23:47.193 [openiec61850-osi-server-7-thread-1] DEBUG com.beanit.openiec61850.ServerAssociation - sub BDA is:IEDBiogasCHP/MMXU1.A.net.magSVC.scaleFactor: 0.0
14:23:47.193 [openiec61850-osi-server-7-thread-1] DEBUG com.beanit.openiec61850.ServerAssociation - sub BDA is:IEDBiogasCHP/MMXU1.A.net.magSVC.offset: 0.0
14:23:47.193 [openiec61850-osi-server-7-thread-1] DEBUG com.beanit.openiec61850.ServerAssociation - sub BDA is:IEDBiogasCHP/MMXU1.A.net.angSVC.scaleFactor: 0.0
14:23:47.193 [openiec61850-osi-server-7-thread-1] DEBUG com.beanit.openiec61850.ServerAssociation - sub BDA is:IEDBiogasCHP/MMXU1.A.net.angSVC.offset: 0.0
14:23:47.193 [openiec61850-osi-server-7-thread-1] DEBUG com.beanit.openiec61850.ServerAssociation - sub BDA is:IEDBiogasCHP/MMXU1.A.net.angRef: 0
14:23:47.193 [openiec61850-osi-server-7-thread-1] DEBUG com.beanit.openiec61850.ServerAssociation - sub BDA is:IEDBiogasCHP/MMXU1.A.net.smpRate: 0
14:23:47.193 [openiec61850-osi-server-7-thread-1] DEBUG com.beanit.openiec61850.ServerAssociation - sub BDA is:IEDBiogasCHP/MMXU1.A.res.units.SIUnit: 0
14:23:47.193 [openiec61850-osi-server-7-thread-1] DEBUG com.beanit.openiec61850.ServerAssociation - sub BDA is:IEDBiogasCHP/MMXU1.A.res.units.multiplier: 0
14:23:47.193 [openiec61850-osi-server-7-thread-1] DEBUG com.beanit.openiec61850.ServerAssociation - sub BDA is:IEDBiogasCHP/MMXU1.A.res.db: 0
14:23:47.193 [openiec61850-osi-server-7-thread-1] DEBUG com.beanit.openiec61850.ServerAssociation - sub BDA is:IEDBiogasCHP/MMXU1.A.res.zeroDb: 0
14:23:47.193 [openiec61850-osi-server-7-thread-1] DEBUG com.beanit.openiec61850.ServerAssociation - sub BDA is:IEDBiogasCHP/MMXU1.A.res.rangeC.hhLim.i: 0
14:23:47.193 [openiec61850-osi-server-7-thread-1] DEBUG com.beanit.openiec61850.ServerAssociation - sub BDA is:IEDBiogasCHP/MMXU1.A.res.rangeC.hhLim.f: 0.0
14:23:47.193 [openiec61850-osi-server-7-thread-1] DEBUG com.beanit.openiec61850.ServerAssociation - sub BDA is:IEDBiogasCHP/MMXU1.A.res.rangeC.hLim.i: 0
14:23:47.193 [openiec61850-osi-server-7-thread-1] DEBUG com.beanit.openiec61850.ServerAssociation - sub BDA is:IEDBiogasCHP/MMXU1.A.res.rangeC.hLim.f: 0.0
14:23:47.193 [openiec61850-osi-server-7-thread-1] DEBUG com.beanit.openiec61850.ServerAssociation - sub BDA is:IEDBiogasCHP/MMXU1.A.res.rangeC.lLim.i: 0
14:23:47.193 [openiec61850-osi-server-7-thread-1] DEBUG com.beanit.openiec61850.ServerAssociation - sub BDA is:IEDBiogasCHP/MMXU1.A.res.rangeC.lLim.f: 0.0
14:23:47.193 [openiec61850-osi-server-7-thread-1] DEBUG com.beanit.openiec61850.ServerAssociation - sub BDA is:IEDBiogasCHP/MMXU1.A.res.rangeC.llLim.i: 0
14:23:47.193 [openiec61850-osi-server-7-thread-1] DEBUG com.beanit.openiec61850.ServerAssociation - sub BDA is:IEDBiogasCHP/MMXU1.A.res.rangeC.llLim.f: 0.0
14:23:47.193 [openiec61850-osi-server-7-thread-1] DEBUG com.beanit.openiec61850.ServerAssociation - sub BDA is:IEDBiogasCHP/MMXU1.A.res.rangeC.min.i: 0
14:23:47.193 [openiec61850-osi-server-7-thread-1] DEBUG com.beanit.openiec61850.ServerAssociation - sub BDA is:IEDBiogasCHP/MMXU1.A.res.rangeC.min.f: 0.0
14:23:47.193 [openiec61850-osi-server-7-thread-1] DEBUG com.beanit.openiec61850.ServerAssociation - sub BDA is:IEDBiogasCHP/MMXU1.A.res.rangeC.max.i: 0
14:23:47.193 [openiec61850-osi-server-7-thread-1] DEBUG com.beanit.openiec61850.ServerAssociation - sub BDA is:IEDBiogasCHP/MMXU1.A.res.rangeC.max.f: 0.0
14:23:47.193 [openiec61850-osi-server-7-thread-1] DEBUG com.beanit.openiec61850.ServerAssociation - sub BDA is:IEDBiogasCHP/MMXU1.A.res.magSVC.scaleFactor: 0.0
14:23:47.193 [openiec61850-osi-server-7-thread-1] DEBUG com.beanit.openiec61850.ServerAssociation - sub BDA is:IEDBiogasCHP/MMXU1.A.res.magSVC.offset: 0.0
14:23:47.193 [openiec61850-osi-server-7-thread-1] DEBUG com.beanit.openiec61850.ServerAssociation - sub BDA is:IEDBiogasCHP/MMXU1.A.res.angSVC.scaleFactor: 0.0
14:23:47.193 [openiec61850-osi-server-7-thread-1] DEBUG com.beanit.openiec61850.ServerAssociation - sub BDA is:IEDBiogasCHP/MMXU1.A.res.angSVC.offset: 0.0
14:23:47.193 [openiec61850-osi-server-7-thread-1] DEBUG com.beanit.openiec61850.ServerAssociation - sub BDA is:IEDBiogasCHP/MMXU1.A.res.angRef: 0
14:23:47.193 [openiec61850-osi-server-7-thread-1] DEBUG com.beanit.openiec61850.ServerAssociation - sub BDA is:IEDBiogasCHP/MMXU1.A.res.smpRate: 0
calling GetDataValues(IEDBiogasCHP/MMXU1.A.angRef)
14:23:47.194 [openiec61850-osi-server-7-thread-1] DEBUG com.beanit.openiec61850.ServerAssociation - Got a GetDataValues request for node: IEDBiogasCHP/MMXU1.A.angRef: 0
calling GetDataValues(IEDBiogasCHP/MMXU1.A.phsA)
14:23:47.194 [openiec61850-osi-server-7-thread-1] DEBUG com.beanit.openiec61850.ServerAssociation - Got a GetDataValues request for node: IEDBiogasCHP/MMXU1.A.phsA [CF]
IEDBiogasCHP/MMXU1.A.phsA.units [CF]
IEDBiogasCHP/MMXU1.A.phsA.units.SIUnit: 0
IEDBiogasCHP/MMXU1.A.phsA.units.multiplier: 0
IEDBiogasCHP/MMXU1.A.phsA.db: 0
IEDBiogasCHP/MMXU1.A.phsA.zeroDb: 0
IEDBiogasCHP/MMXU1.A.phsA.rangeC [CF]
IEDBiogasCHP/MMXU1.A.phsA.rangeC.hhLim [CF]
IEDBiogasCHP/MMXU1.A.phsA.rangeC.hhLim.i: 0
IEDBiogasCHP/MMXU1.A.phsA.rangeC.hhLim.f: 0.0
IEDBiogasCHP/MMXU1.A.phsA.rangeC.hLim [CF]
IEDBiogasCHP/MMXU1.A.phsA.rangeC.hLim.i: 0
IEDBiogasCHP/MMXU1.A.phsA.rangeC.hLim.f: 0.0
IEDBiogasCHP/MMXU1.A.phsA.rangeC.lLim [CF]
IEDBiogasCHP/MMXU1.A.phsA.rangeC.lLim.i: 0
IEDBiogasCHP/MMXU1.A.phsA.rangeC.lLim.f: 0.0
IEDBiogasCHP/MMXU1.A.phsA.rangeC.llLim [CF]
IEDBiogasCHP/MMXU1.A.phsA.rangeC.llLim.i: 0
IEDBiogasCHP/MMXU1.A.phsA.rangeC.llLim.f: 0.0
IEDBiogasCHP/MMXU1.A.phsA.rangeC.min [CF]
IEDBiogasCHP/MMXU1.A.phsA.rangeC.min.i: 0
IEDBiogasCHP/MMXU1.A.phsA.rangeC.min.f: 0.0
IEDBiogasCHP/MMXU1.A.phsA.rangeC.max [CF]
IEDBiogasCHP/MMXU1.A.phsA.rangeC.max.i: 0
IEDBiogasCHP/MMXU1.A.phsA.rangeC.max.f: 0.0
IEDBiogasCHP/MMXU1.A.phsA.magSVC [CF]
IEDBiogasCHP/MMXU1.A.phsA.magSVC.scaleFactor: 0.0
IEDBiogasCHP/MMXU1.A.phsA.magSVC.offset: 0.0
IEDBiogasCHP/MMXU1.A.phsA.angSVC [CF]
IEDBiogasCHP/MMXU1.A.phsA.angSVC.scaleFactor: 0.0
IEDBiogasCHP/MMXU1.A.phsA.angSVC.offset: 0.0
IEDBiogasCHP/MMXU1.A.phsA.angRef: 0
IEDBiogasCHP/MMXU1.A.phsA.smpRate: 0
14:23:47.194 [openiec61850-osi-server-7-thread-1] DEBUG com.beanit.openiec61850.ServerAssociation - sub BDA is:IEDBiogasCHP/MMXU1.A.phsA.units.SIUnit: 0
14:23:47.194 [openiec61850-osi-server-7-thread-1] DEBUG com.beanit.openiec61850.ServerAssociation - sub BDA is:IEDBiogasCHP/MMXU1.A.phsA.units.multiplier: 0
14:23:47.194 [openiec61850-osi-server-7-thread-1] DEBUG com.beanit.openiec61850.ServerAssociation - sub BDA is:IEDBiogasCHP/MMXU1.A.phsA.db: 0
14:23:47.194 [openiec61850-osi-server-7-thread-1] DEBUG com.beanit.openiec61850.ServerAssociation - sub BDA is:IEDBiogasCHP/MMXU1.A.phsA.zeroDb: 0
14:23:47.194 [openiec61850-osi-server-7-thread-1] DEBUG com.beanit.openiec61850.ServerAssociation - sub BDA is:IEDBiogasCHP/MMXU1.A.phsA.rangeC.hhLim.i: 0
14:23:47.194 [openiec61850-osi-server-7-thread-1] DEBUG com.beanit.openiec61850.ServerAssociation - sub BDA is:IEDBiogasCHP/MMXU1.A.phsA.rangeC.hhLim.f: 0.0
14:23:47.194 [openiec61850-osi-server-7-thread-1] DEBUG com.beanit.openiec61850.ServerAssociation - sub BDA is:IEDBiogasCHP/MMXU1.A.phsA.rangeC.hLim.i: 0
14:23:47.194 [openiec61850-osi-server-7-thread-1] DEBUG com.beanit.openiec61850.ServerAssociation - sub BDA is:IEDBiogasCHP/MMXU1.A.phsA.rangeC.hLim.f: 0.0
14:23:47.194 [openiec61850-osi-server-7-thread-1] DEBUG com.beanit.openiec61850.ServerAssociation - sub BDA is:IEDBiogasCHP/MMXU1.A.phsA.rangeC.lLim.i: 0
14:23:47.194 [openiec61850-osi-server-7-thread-1] DEBUG com.beanit.openiec61850.ServerAssociation - sub BDA is:IEDBiogasCHP/MMXU1.A.phsA.rangeC.lLim.f: 0.0
14:23:47.194 [openiec61850-osi-server-7-thread-1] DEBUG com.beanit.openiec61850.ServerAssociation - sub BDA is:IEDBiogasCHP/MMXU1.A.phsA.rangeC.llLim.i: 0
14:23:47.194 [openiec61850-osi-server-7-thread-1] DEBUG com.beanit.openiec61850.ServerAssociation - sub BDA is:IEDBiogasCHP/MMXU1.A.phsA.rangeC.llLim.f: 0.0
14:23:47.194 [openiec61850-osi-server-7-thread-1] DEBUG com.beanit.openiec61850.ServerAssociation - sub BDA is:IEDBiogasCHP/MMXU1.A.phsA.rangeC.min.i: 0
14:23:47.194 [openiec61850-osi-server-7-thread-1] DEBUG com.beanit.openiec61850.ServerAssociation - sub BDA is:IEDBiogasCHP/MMXU1.A.phsA.rangeC.min.f: 0.0
14:23:47.194 [openiec61850-osi-server-7-thread-1] DEBUG com.beanit.openiec61850.ServerAssociation - sub BDA is:IEDBiogasCHP/MMXU1.A.phsA.rangeC.max.i: 0
14:23:47.194 [openiec61850-osi-server-7-thread-1] DEBUG com.beanit.openiec61850.ServerAssociation - sub BDA is:IEDBiogasCHP/MMXU1.A.phsA.rangeC.max.f: 0.0
14:23:47.194 [openiec61850-osi-server-7-thread-1] DEBUG com.beanit.openiec61850.ServerAssociation - sub BDA is:IEDBiogasCHP/MMXU1.A.phsA.magSVC.scaleFactor: 0.0
14:23:47.194 [openiec61850-osi-server-7-thread-1] DEBUG com.beanit.openiec61850.ServerAssociation - sub BDA is:IEDBiogasCHP/MMXU1.A.phsA.magSVC.offset: 0.0
14:23:47.194 [openiec61850-osi-server-7-thread-1] DEBUG com.beanit.openiec61850.ServerAssociation - sub BDA is:IEDBiogasCHP/MMXU1.A.phsA.angSVC.scaleFactor: 0.0
14:23:47.194 [openiec61850-osi-server-7-thread-1] DEBUG com.beanit.openiec61850.ServerAssociation - sub BDA is:IEDBiogasCHP/MMXU1.A.phsA.angSVC.offset: 0.0
14:23:47.194 [openiec61850-osi-server-7-thread-1] DEBUG com.beanit.openiec61850.ServerAssociation - sub BDA is:IEDBiogasCHP/MMXU1.A.phsA.angRef: 0
14:23:47.194 [openiec61850-osi-server-7-thread-1] DEBUG com.beanit.openiec61850.ServerAssociation - sub BDA is:IEDBiogasCHP/MMXU1.A.phsA.smpRate: 0
calling GetDataValues(IEDBiogasCHP/MMXU1.A.phsA.units)
14:23:47.194 [openiec61850-osi-server-7-thread-1] DEBUG com.beanit.openiec61850.ServerAssociation - Got a GetDataValues request for node: IEDBiogasCHP/MMXU1.A.phsA.units [CF]
IEDBiogasCHP/MMXU1.A.phsA.units.SIUnit: 0
IEDBiogasCHP/MMXU1.A.phsA.units.multiplier: 0
14:23:47.194 [openiec61850-osi-server-7-thread-1] DEBUG com.beanit.openiec61850.ServerAssociation - sub BDA is:IEDBiogasCHP/MMXU1.A.phsA.units.SIUnit: 0
14:23:47.194 [openiec61850-osi-server-7-thread-1] DEBUG com.beanit.openiec61850.ServerAssociation - sub BDA is:IEDBiogasCHP/MMXU1.A.phsA.units.multiplier: 0
calling GetDataValues(IEDBiogasCHP/MMXU1.A.phsA.units.SIUnit)
14:23:47.194 [openiec61850-osi-server-7-thread-1] DEBUG com.beanit.openiec61850.ServerAssociation - Got a GetDataValues request for node: IEDBiogasCHP/MMXU1.A.phsA.units.SIUnit: 0
calling GetDataValues(IEDBiogasCHP/MMXU1.A.phsA.units.multiplier)
14:23:47.194 [openiec61850-osi-server-7-thread-1] DEBUG com.beanit.openiec61850.ServerAssociation - Got a GetDataValues request for node: IEDBiogasCHP/MMXU1.A.phsA.units.multiplier: 0
calling GetDataValues(IEDBiogasCHP/MMXU1.A.phsA.db)
14:23:47.194 [openiec61850-osi-server-7-thread-1] DEBUG com.beanit.openiec61850.ServerAssociation - Got a GetDataValues request for node: IEDBiogasCHP/MMXU1.A.phsA.db: 0
calling GetDataValues(IEDBiogasCHP/MMXU1.A.phsA.zeroDb)
14:23:47.195 [openiec61850-osi-server-7-thread-1] DEBUG com.beanit.openiec61850.ServerAssociation - Got a GetDataValues request for node: IEDBiogasCHP/MMXU1.A.phsA.zeroDb: 0
calling GetDataValues(IEDBiogasCHP/MMXU1.A.phsA.rangeC)
14:23:47.195 [openiec61850-osi-server-7-thread-1] DEBUG com.beanit.openiec61850.ServerAssociation - Got a GetDataValues request for node: IEDBiogasCHP/MMXU1.A.phsA.rangeC [CF]
IEDBiogasCHP/MMXU1.A.phsA.rangeC.hhLim [CF]
IEDBiogasCHP/MMXU1.A.phsA.rangeC.hhLim.i: 0
IEDBiogasCHP/MMXU1.A.phsA.rangeC.hhLim.f: 0.0
IEDBiogasCHP/MMXU1.A.phsA.rangeC.hLim [CF]
IEDBiogasCHP/MMXU1.A.phsA.rangeC.hLim.i: 0
IEDBiogasCHP/MMXU1.A.phsA.rangeC.hLim.f: 0.0
IEDBiogasCHP/MMXU1.A.phsA.rangeC.lLim [CF]
IEDBiogasCHP/MMXU1.A.phsA.rangeC.lLim.i: 0
IEDBiogasCHP/MMXU1.A.phsA.rangeC.lLim.f: 0.0
IEDBiogasCHP/MMXU1.A.phsA.rangeC.llLim [CF]
IEDBiogasCHP/MMXU1.A.phsA.rangeC.llLim.i: 0
IEDBiogasCHP/MMXU1.A.phsA.rangeC.llLim.f: 0.0
IEDBiogasCHP/MMXU1.A.phsA.rangeC.min [CF]
IEDBiogasCHP/MMXU1.A.phsA.rangeC.min.i: 0
IEDBiogasCHP/MMXU1.A.phsA.rangeC.min.f: 0.0
IEDBiogasCHP/MMXU1.A.phsA.rangeC.max [CF]
IEDBiogasCHP/MMXU1.A.phsA.rangeC.max.i: 0
IEDBiogasCHP/MMXU1.A.phsA.rangeC.max.f: 0.0
14:23:47.195 [openiec61850-osi-server-7-thread-1] DEBUG com.beanit.openiec61850.ServerAssociation - sub BDA is:IEDBiogasCHP/MMXU1.A.phsA.rangeC.hhLim.i: 0
14:23:47.195 [openiec61850-osi-server-7-thread-1] DEBUG com.beanit.openiec61850.ServerAssociation - sub BDA is:IEDBiogasCHP/MMXU1.A.phsA.rangeC.hhLim.f: 0.0
14:23:47.195 [openiec61850-osi-server-7-thread-1] DEBUG com.beanit.openiec61850.ServerAssociation - sub BDA is:IEDBiogasCHP/MMXU1.A.phsA.rangeC.hLim.i: 0
14:23:47.195 [openiec61850-osi-server-7-thread-1] DEBUG com.beanit.openiec61850.ServerAssociation - sub BDA is:IEDBiogasCHP/MMXU1.A.phsA.rangeC.hLim.f: 0.0
14:23:47.195 [openiec61850-osi-server-7-thread-1] DEBUG com.beanit.openiec61850.ServerAssociation - sub BDA is:IEDBiogasCHP/MMXU1.A.phsA.rangeC.lLim.i: 0
14:23:47.195 [openiec61850-osi-server-7-thread-1] DEBUG com.beanit.openiec61850.ServerAssociation - sub BDA is:IEDBiogasCHP/MMXU1.A.phsA.rangeC.lLim.f: 0.0
14:23:47.195 [openiec61850-osi-server-7-thread-1] DEBUG com.beanit.openiec61850.ServerAssociation - sub BDA is:IEDBiogasCHP/MMXU1.A.phsA.rangeC.llLim.i: 0
14:23:47.195 [openiec61850-osi-server-7-thread-1] DEBUG com.beanit.openiec61850.ServerAssociation - sub BDA is:IEDBiogasCHP/MMXU1.A.phsA.rangeC.llLim.f: 0.0
14:23:47.195 [openiec61850-osi-server-7-thread-1] DEBUG com.beanit.openiec61850.ServerAssociation - sub BDA is:IEDBiogasCHP/MMXU1.A.phsA.rangeC.min.i: 0
14:23:47.195 [openiec61850-osi-server-7-thread-1] DEBUG com.beanit.openiec61850.ServerAssociation - sub BDA is:IEDBiogasCHP/MMXU1.A.phsA.rangeC.min.f: 0.0
14:23:47.195 [openiec61850-osi-server-7-thread-1] DEBUG com.beanit.openiec61850.ServerAssociation - sub BDA is:IEDBiogasCHP/MMXU1.A.phsA.rangeC.max.i: 0
14:23:47.195 [openiec61850-osi-server-7-thread-1] DEBUG com.beanit.openiec61850.ServerAssociation - sub BDA is:IEDBiogasCHP/MMXU1.A.phsA.rangeC.max.f: 0.0
calling GetDataValues(IEDBiogasCHP/MMXU1.A.phsA.rangeC.hhLim)
14:23:47.195 [openiec61850-osi-server-7-thread-1] DEBUG com.beanit.openiec61850.ServerAssociation - Got a GetDataValues request for node: IEDBiogasCHP/MMXU1.A.phsA.rangeC.hhLim [CF]
IEDBiogasCHP/MMXU1.A.phsA.rangeC.hhLim.i: 0
IEDBiogasCHP/MMXU1.A.phsA.rangeC.hhLim.f: 0.0
14:23:47.195 [openiec61850-osi-server-7-thread-1] DEBUG com.beanit.openiec61850.ServerAssociation - sub BDA is:IEDBiogasCHP/MMXU1.A.phsA.rangeC.hhLim.i: 0
14:23:47.195 [openiec61850-osi-server-7-thread-1] DEBUG com.beanit.openiec61850.ServerAssociation - sub BDA is:IEDBiogasCHP/MMXU1.A.phsA.rangeC.hhLim.f: 0.0
calling GetDataValues(IEDBiogasCHP/MMXU1.A.phsA.rangeC.hhLim.i)
14:23:47.195 [openiec61850-osi-server-7-thread-1] DEBUG com.beanit.openiec61850.ServerAssociation - Got a GetDataValues request for node: IEDBiogasCHP/MMXU1.A.phsA.rangeC.hhLim.i: 0
calling GetDataValues(IEDBiogasCHP/MMXU1.A.phsA.rangeC.hhLim.f)
14:23:47.195 [openiec61850-osi-server-7-thread-1] DEBUG com.beanit.openiec61850.ServerAssociation - Got a GetDataValues request for node: IEDBiogasCHP/MMXU1.A.phsA.rangeC.hhLim.f: 0.0
calling GetDataValues(IEDBiogasCHP/MMXU1.A.phsA.rangeC.hLim)
14:23:47.195 [openiec61850-osi-server-7-thread-1] DEBUG com.beanit.openiec61850.ServerAssociation - Got a GetDataValues request for node: IEDBiogasCHP/MMXU1.A.phsA.rangeC.hLim [CF]
IEDBiogasCHP/MMXU1.A.phsA.rangeC.hLim.i: 0
IEDBiogasCHP/MMXU1.A.phsA.rangeC.hLim.f: 0.0
14:23:47.195 [openiec61850-osi-server-7-thread-1] DEBUG com.beanit.openiec61850.ServerAssociation - sub BDA is:IEDBiogasCHP/MMXU1.A.phsA.rangeC.hLim.i: 0
14:23:47.195 [openiec61850-osi-server-7-thread-1] DEBUG com.beanit.openiec61850.ServerAssociation - sub BDA is:IEDBiogasCHP/MMXU1.A.phsA.rangeC.hLim.f: 0.0
calling GetDataValues(IEDBiogasCHP/MMXU1.A.phsA.rangeC.hLim.i)
14:23:47.195 [openiec61850-osi-server-7-thread-1] DEBUG com.beanit.openiec61850.ServerAssociation - Got a GetDataValues request for node: IEDBiogasCHP/MMXU1.A.phsA.rangeC.hLim.i: 0
calling GetDataValues(IEDBiogasCHP/MMXU1.A.phsA.rangeC.hLim.f)
14:23:47.196 [openiec61850-osi-server-7-thread-1] DEBUG com.beanit.openiec61850.ServerAssociation - Got a GetDataValues request for node: IEDBiogasCHP/MMXU1.A.phsA.rangeC.hLim.f: 0.0
calling GetDataValues(IEDBiogasCHP/MMXU1.A.phsA.rangeC.lLim)
14:23:47.196 [openiec61850-osi-server-7-thread-1] DEBUG com.beanit.openiec61850.ServerAssociation - Got a GetDataValues request for node: IEDBiogasCHP/MMXU1.A.phsA.rangeC.lLim [CF]
IEDBiogasCHP/MMXU1.A.phsA.rangeC.lLim.i: 0
IEDBiogasCHP/MMXU1.A.phsA.rangeC.lLim.f: 0.0
14:23:47.196 [openiec61850-osi-server-7-thread-1] DEBUG com.beanit.openiec61850.ServerAssociation - sub BDA is:IEDBiogasCHP/MMXU1.A.phsA.rangeC.lLim.i: 0
14:23:47.196 [openiec61850-osi-server-7-thread-1] DEBUG com.beanit.openiec61850.ServerAssociation - sub BDA is:IEDBiogasCHP/MMXU1.A.phsA.rangeC.lLim.f: 0.0
calling GetDataValues(IEDBiogasCHP/MMXU1.A.phsA.rangeC.lLim.i)
14:23:47.196 [openiec61850-osi-server-7-thread-1] DEBUG com.beanit.openiec61850.ServerAssociation - Got a GetDataValues request for node: IEDBiogasCHP/MMXU1.A.phsA.rangeC.lLim.i: 0
calling GetDataValues(IEDBiogasCHP/MMXU1.A.phsA.rangeC.lLim.f)
14:23:47.196 [openiec61850-osi-server-7-thread-1] DEBUG com.beanit.openiec61850.ServerAssociation - Got a GetDataValues request for node: IEDBiogasCHP/MMXU1.A.phsA.rangeC.lLim.f: 0.0
calling GetDataValues(IEDBiogasCHP/MMXU1.A.phsA.rangeC.llLim)
14:23:47.196 [openiec61850-osi-server-7-thread-1] DEBUG com.beanit.openiec61850.ServerAssociation - Got a GetDataValues request for node: IEDBiogasCHP/MMXU1.A.phsA.rangeC.llLim [CF]
IEDBiogasCHP/MMXU1.A.phsA.rangeC.llLim.i: 0
IEDBiogasCHP/MMXU1.A.phsA.rangeC.llLim.f: 0.0
14:23:47.196 [openiec61850-osi-server-7-thread-1] DEBUG com.beanit.openiec61850.ServerAssociation - sub BDA is:IEDBiogasCHP/MMXU1.A.phsA.rangeC.llLim.i: 0
14:23:47.196 [openiec61850-osi-server-7-thread-1] DEBUG com.beanit.openiec61850.ServerAssociation - sub BDA is:IEDBiogasCHP/MMXU1.A.phsA.rangeC.llLim.f: 0.0
calling GetDataValues(IEDBiogasCHP/MMXU1.A.phsA.rangeC.llLim.i)
14:23:47.196 [openiec61850-osi-server-7-thread-1] DEBUG com.beanit.openiec61850.ServerAssociation - Got a GetDataValues request for node: IEDBiogasCHP/MMXU1.A.phsA.rangeC.llLim.i: 0
calling GetDataValues(IEDBiogasCHP/MMXU1.A.phsA.rangeC.llLim.f)
14:23:47.196 [openiec61850-osi-server-7-thread-1] DEBUG com.beanit.openiec61850.ServerAssociation - Got a GetDataValues request for node: IEDBiogasCHP/MMXU1.A.phsA.rangeC.llLim.f: 0.0
calling GetDataValues(IEDBiogasCHP/MMXU1.A.phsA.rangeC.min)
14:23:47.197 [openiec61850-osi-server-7-thread-1] DEBUG com.beanit.openiec61850.ServerAssociation - Got a GetDataValues request for node: IEDBiogasCHP/MMXU1.A.phsA.rangeC.min [CF]
IEDBiogasCHP/MMXU1.A.phsA.rangeC.min.i: 0
IEDBiogasCHP/MMXU1.A.phsA.rangeC.min.f: 0.0
14:23:47.197 [openiec61850-osi-server-7-thread-1] DEBUG com.beanit.openiec61850.ServerAssociation - sub BDA is:IEDBiogasCHP/MMXU1.A.phsA.rangeC.min.i: 0
14:23:47.197 [openiec61850-osi-server-7-thread-1] DEBUG com.beanit.openiec61850.ServerAssociation - sub BDA is:IEDBiogasCHP/MMXU1.A.phsA.rangeC.min.f: 0.0
calling GetDataValues(IEDBiogasCHP/MMXU1.A.phsA.rangeC.min.i)
14:23:47.197 [openiec61850-osi-server-7-thread-1] DEBUG com.beanit.openiec61850.ServerAssociation - Got a GetDataValues request for node: IEDBiogasCHP/MMXU1.A.phsA.rangeC.min.i: 0
calling GetDataValues(IEDBiogasCHP/MMXU1.A.phsA.rangeC.min.f)
14:23:47.197 [openiec61850-osi-server-7-thread-1] DEBUG com.beanit.openiec61850.ServerAssociation - Got a GetDataValues request for node: IEDBiogasCHP/MMXU1.A.phsA.rangeC.min.f: 0.0
calling GetDataValues(IEDBiogasCHP/MMXU1.A.phsA.rangeC.max)
14:23:47.197 [openiec61850-osi-server-7-thread-1] DEBUG com.beanit.openiec61850.ServerAssociation - Got a GetDataValues request for node: IEDBiogasCHP/MMXU1.A.phsA.rangeC.max [CF]
IEDBiogasCHP/MMXU1.A.phsA.rangeC.max.i: 0
IEDBiogasCHP/MMXU1.A.phsA.rangeC.max.f: 0.0
14:23:47.197 [openiec61850-osi-server-7-thread-1] DEBUG com.beanit.openiec61850.ServerAssociation - sub BDA is:IEDBiogasCHP/MMXU1.A.phsA.rangeC.max.i: 0
14:23:47.197 [openiec61850-osi-server-7-thread-1] DEBUG com.beanit.openiec61850.ServerAssociation - sub BDA is:IEDBiogasCHP/MMXU1.A.phsA.rangeC.max.f: 0.0
calling GetDataValues(IEDBiogasCHP/MMXU1.A.phsA.rangeC.max.i)
14:23:47.197 [openiec61850-osi-server-7-thread-1] DEBUG com.beanit.openiec61850.ServerAssociation - Got a GetDataValues request for node: IEDBiogasCHP/MMXU1.A.phsA.rangeC.max.i: 0
calling GetDataValues(IEDBiogasCHP/MMXU1.A.phsA.rangeC.max.f)
14:23:47.197 [openiec61850-osi-server-7-thread-1] DEBUG com.beanit.openiec61850.ServerAssociation - Got a GetDataValues request for node: IEDBiogasCHP/MMXU1.A.phsA.rangeC.max.f: 0.0
calling GetDataValues(IEDBiogasCHP/MMXU1.A.phsA.magSVC)
14:23:47.197 [openiec61850-osi-server-7-thread-1] DEBUG com.beanit.openiec61850.ServerAssociation - Got a GetDataValues request for node: IEDBiogasCHP/MMXU1.A.phsA.magSVC [CF]
IEDBiogasCHP/MMXU1.A.phsA.magSVC.scaleFactor: 0.0
IEDBiogasCHP/MMXU1.A.phsA.magSVC.offset: 0.0
14:23:47.197 [openiec61850-osi-server-7-thread-1] DEBUG com.beanit.openiec61850.ServerAssociation - sub BDA is:IEDBiogasCHP/MMXU1.A.phsA.magSVC.scaleFactor: 0.0
14:23:47.197 [openiec61850-osi-server-7-thread-1] DEBUG com.beanit.openiec61850.ServerAssociation - sub BDA is:IEDBiogasCHP/MMXU1.A.phsA.magSVC.offset: 0.0
calling GetDataValues(IEDBiogasCHP/MMXU1.A.phsA.magSVC.scaleFactor)
14:23:47.198 [openiec61850-osi-server-7-thread-1] DEBUG com.beanit.openiec61850.ServerAssociation - Got a GetDataValues request for node: IEDBiogasCHP/MMXU1.A.phsA.magSVC.scaleFactor: 0.0
calling GetDataValues(IEDBiogasCHP/MMXU1.A.phsA.magSVC.offset)
14:23:47.198 [openiec61850-osi-server-7-thread-1] DEBUG com.beanit.openiec61850.ServerAssociation - Got a GetDataValues request for node: IEDBiogasCHP/MMXU1.A.phsA.magSVC.offset: 0.0
calling GetDataValues(IEDBiogasCHP/MMXU1.A.phsA.angSVC)
14:23:47.198 [openiec61850-osi-server-7-thread-1] DEBUG com.beanit.openiec61850.ServerAssociation - Got a GetDataValues request for node: IEDBiogasCHP/MMXU1.A.phsA.angSVC [CF]
IEDBiogasCHP/MMXU1.A.phsA.angSVC.scaleFactor: 0.0
IEDBiogasCHP/MMXU1.A.phsA.angSVC.offset: 0.0
14:23:47.198 [openiec61850-osi-server-7-thread-1] DEBUG com.beanit.openiec61850.ServerAssociation - sub BDA is:IEDBiogasCHP/MMXU1.A.phsA.angSVC.scaleFactor: 0.0
14:23:47.198 [openiec61850-osi-server-7-thread-1] DEBUG com.beanit.openiec61850.ServerAssociation - sub BDA is:IEDBiogasCHP/MMXU1.A.phsA.angSVC.offset: 0.0
calling GetDataValues(IEDBiogasCHP/MMXU1.A.phsA.angSVC.scaleFactor)
14:23:47.198 [openiec61850-osi-server-7-thread-1] DEBUG com.beanit.openiec61850.ServerAssociation - Got a GetDataValues request for node: IEDBiogasCHP/MMXU1.A.phsA.angSVC.scaleFactor: 0.0
calling GetDataValues(IEDBiogasCHP/MMXU1.A.phsA.angSVC.offset)
14:23:47.198 [openiec61850-osi-server-7-thread-1] DEBUG com.beanit.openiec61850.ServerAssociation - Got a GetDataValues request for node: IEDBiogasCHP/MMXU1.A.phsA.angSVC.offset: 0.0
calling GetDataValues(IEDBiogasCHP/MMXU1.A.phsA.angRef)
14:23:47.198 [openiec61850-osi-server-7-thread-1] DEBUG com.beanit.openiec61850.ServerAssociation - Got a GetDataValues request for node: IEDBiogasCHP/MMXU1.A.phsA.angRef: 0
calling GetDataValues(IEDBiogasCHP/MMXU1.A.phsA.smpRate)
14:23:47.198 [openiec61850-osi-server-7-thread-1] DEBUG com.beanit.openiec61850.ServerAssociation - Got a GetDataValues request for node: IEDBiogasCHP/MMXU1.A.phsA.smpRate: 0
calling GetDataValues(IEDBiogasCHP/MMXU1.A.phsB)
14:23:47.198 [openiec61850-osi-server-7-thread-1] DEBUG com.beanit.openiec61850.ServerAssociation - Got a GetDataValues request for node: IEDBiogasCHP/MMXU1.A.phsB [CF]
IEDBiogasCHP/MMXU1.A.phsB.units [CF]
IEDBiogasCHP/MMXU1.A.phsB.units.SIUnit: 0
IEDBiogasCHP/MMXU1.A.phsB.units.multiplier: 0
IEDBiogasCHP/MMXU1.A.phsB.db: 0
IEDBiogasCHP/MMXU1.A.phsB.zeroDb: 0
IEDBiogasCHP/MMXU1.A.phsB.rangeC [CF]
IEDBiogasCHP/MMXU1.A.phsB.rangeC.hhLim [CF]
IEDBiogasCHP/MMXU1.A.phsB.rangeC.hhLim.i: 0
IEDBiogasCHP/MMXU1.A.phsB.rangeC.hhLim.f: 0.0
IEDBiogasCHP/MMXU1.A.phsB.rangeC.hLim [CF]
IEDBiogasCHP/MMXU1.A.phsB.rangeC.hLim.i: 0
IEDBiogasCHP/MMXU1.A.phsB.rangeC.hLim.f: 0.0
IEDBiogasCHP/MMXU1.A.phsB.rangeC.lLim [CF]
IEDBiogasCHP/MMXU1.A.phsB.rangeC.lLim.i: 0
IEDBiogasCHP/MMXU1.A.phsB.rangeC.lLim.f: 0.0
IEDBiogasCHP/MMXU1.A.phsB.rangeC.llLim [CF]
IEDBiogasCHP/MMXU1.A.phsB.rangeC.llLim.i: 0
IEDBiogasCHP/MMXU1.A.phsB.rangeC.llLim.f: 0.0
IEDBiogasCHP/MMXU1.A.phsB.rangeC.min [CF]
IEDBiogasCHP/MMXU1.A.phsB.rangeC.min.i: 0
IEDBiogasCHP/MMXU1.A.phsB.rangeC.min.f: 0.0
IEDBiogasCHP/MMXU1.A.phsB.rangeC.max [CF]
IEDBiogasCHP/MMXU1.A.phsB.rangeC.max.i: 0
IEDBiogasCHP/MMXU1.A.phsB.rangeC.max.f: 0.0
IEDBiogasCHP/MMXU1.A.phsB.magSVC [CF]
IEDBiogasCHP/MMXU1.A.phsB.magSVC.scaleFactor: 0.0
IEDBiogasCHP/MMXU1.A.phsB.magSVC.offset: 0.0
IEDBiogasCHP/MMXU1.A.phsB.angSVC [CF]
IEDBiogasCHP/MMXU1.A.phsB.angSVC.scaleFactor: 0.0
IEDBiogasCHP/MMXU1.A.phsB.angSVC.offset: 0.0
IEDBiogasCHP/MMXU1.A.phsB.angRef: 0
IEDBiogasCHP/MMXU1.A.phsB.smpRate: 0
14:23:47.198 [openiec61850-osi-server-7-thread-1] DEBUG com.beanit.openiec61850.ServerAssociation - sub BDA is:IEDBiogasCHP/MMXU1.A.phsB.units.SIUnit: 0
14:23:47.198 [openiec61850-osi-server-7-thread-1] DEBUG com.beanit.openiec61850.ServerAssociation - sub BDA is:IEDBiogasCHP/MMXU1.A.phsB.units.multiplier: 0
14:23:47.198 [openiec61850-osi-server-7-thread-1] DEBUG com.beanit.openiec61850.ServerAssociation - sub BDA is:IEDBiogasCHP/MMXU1.A.phsB.db: 0
14:23:47.198 [openiec61850-osi-server-7-thread-1] DEBUG com.beanit.openiec61850.ServerAssociation - sub BDA is:IEDBiogasCHP/MMXU1.A.phsB.zeroDb: 0
14:23:47.198 [openiec61850-osi-server-7-thread-1] DEBUG com.beanit.openiec61850.ServerAssociation - sub BDA is:IEDBiogasCHP/MMXU1.A.phsB.rangeC.hhLim.i: 0
14:23:47.198 [openiec61850-osi-server-7-thread-1] DEBUG com.beanit.openiec61850.ServerAssociation - sub BDA is:IEDBiogasCHP/MMXU1.A.phsB.rangeC.hhLim.f: 0.0
14:23:47.198 [openiec61850-osi-server-7-thread-1] DEBUG com.beanit.openiec61850.ServerAssociation - sub BDA is:IEDBiogasCHP/MMXU1.A.phsB.rangeC.hLim.i: 0
14:23:47.198 [openiec61850-osi-server-7-thread-1] DEBUG com.beanit.openiec61850.ServerAssociation - sub BDA is:IEDBiogasCHP/MMXU1.A.phsB.rangeC.hLim.f: 0.0
14:23:47.198 [openiec61850-osi-server-7-thread-1] DEBUG com.beanit.openiec61850.ServerAssociation - sub BDA is:IEDBiogasCHP/MMXU1.A.phsB.rangeC.lLim.i: 0
14:23:47.198 [openiec61850-osi-server-7-thread-1] DEBUG com.beanit.openiec61850.ServerAssociation - sub BDA is:IEDBiogasCHP/MMXU1.A.phsB.rangeC.lLim.f: 0.0
14:23:47.198 [openiec61850-osi-server-7-thread-1] DEBUG com.beanit.openiec61850.ServerAssociation - sub BDA is:IEDBiogasCHP/MMXU1.A.phsB.rangeC.llLim.i: 0
14:23:47.198 [openiec61850-osi-server-7-thread-1] DEBUG com.beanit.openiec61850.ServerAssociation - sub BDA is:IEDBiogasCHP/MMXU1.A.phsB.rangeC.llLim.f: 0.0
14:23:47.198 [openiec61850-osi-server-7-thread-1] DEBUG com.beanit.openiec61850.ServerAssociation - sub BDA is:IEDBiogasCHP/MMXU1.A.phsB.rangeC.min.i: 0
14:23:47.198 [openiec61850-osi-server-7-thread-1] DEBUG com.beanit.openiec61850.ServerAssociation - sub BDA is:IEDBiogasCHP/MMXU1.A.phsB.rangeC.min.f: 0.0
14:23:47.198 [openiec61850-osi-server-7-thread-1] DEBUG com.beanit.openiec61850.ServerAssociation - sub BDA is:IEDBiogasCHP/MMXU1.A.phsB.rangeC.max.i: 0
14:23:47.198 [openiec61850-osi-server-7-thread-1] DEBUG com.beanit.openiec61850.ServerAssociation - sub BDA is:IEDBiogasCHP/MMXU1.A.phsB.rangeC.max.f: 0.0
14:23:47.198 [openiec61850-osi-server-7-thread-1] DEBUG com.beanit.openiec61850.ServerAssociation - sub BDA is:IEDBiogasCHP/MMXU1.A.phsB.magSVC.scaleFactor: 0.0
14:23:47.198 [openiec61850-osi-server-7-thread-1] DEBUG com.beanit.openiec61850.ServerAssociation - sub BDA is:IEDBiogasCHP/MMXU1.A.phsB.magSVC.offset: 0.0
14:23:47.198 [openiec61850-osi-server-7-thread-1] DEBUG com.beanit.openiec61850.ServerAssociation - sub BDA is:IEDBiogasCHP/MMXU1.A.phsB.angSVC.scaleFactor: 0.0
14:23:47.198 [openiec61850-osi-server-7-thread-1] DEBUG com.beanit.openiec61850.ServerAssociation - sub BDA is:IEDBiogasCHP/MMXU1.A.phsB.angSVC.offset: 0.0
14:23:47.198 [openiec61850-osi-server-7-thread-1] DEBUG com.beanit.openiec61850.ServerAssociation - sub BDA is:IEDBiogasCHP/MMXU1.A.phsB.angRef: 0
14:23:47.198 [openiec61850-osi-server-7-thread-1] DEBUG com.beanit.openiec61850.ServerAssociation - sub BDA is:IEDBiogasCHP/MMXU1.A.phsB.smpRate: 0
calling GetDataValues(IEDBiogasCHP/MMXU1.A.phsB.units)
14:23:47.199 [openiec61850-osi-server-7-thread-1] DEBUG com.beanit.openiec61850.ServerAssociation - Got a GetDataValues request for node: IEDBiogasCHP/MMXU1.A.phsB.units [CF]
IEDBiogasCHP/MMXU1.A.phsB.units.SIUnit: 0
IEDBiogasCHP/MMXU1.A.phsB.units.multiplier: 0
14:23:47.199 [openiec61850-osi-server-7-thread-1] DEBUG com.beanit.openiec61850.ServerAssociation - sub BDA is:IEDBiogasCHP/MMXU1.A.phsB.units.SIUnit: 0
14:23:47.199 [openiec61850-osi-server-7-thread-1] DEBUG com.beanit.openiec61850.ServerAssociation - sub BDA is:IEDBiogasCHP/MMXU1.A.phsB.units.multiplier: 0
calling GetDataValues(IEDBiogasCHP/MMXU1.A.phsB.units.SIUnit)
14:23:47.199 [openiec61850-osi-server-7-thread-1] DEBUG com.beanit.openiec61850.ServerAssociation - Got a GetDataValues request for node: IEDBiogasCHP/MMXU1.A.phsB.units.SIUnit: 0
calling GetDataValues(IEDBiogasCHP/MMXU1.A.phsB.units.multiplier)
14:23:47.199 [openiec61850-osi-server-7-thread-1] DEBUG com.beanit.openiec61850.ServerAssociation - Got a GetDataValues request for node: IEDBiogasCHP/MMXU1.A.phsB.units.multiplier: 0
calling GetDataValues(IEDBiogasCHP/MMXU1.A.phsB.db)
14:23:47.199 [openiec61850-osi-server-7-thread-1] DEBUG com.beanit.openiec61850.ServerAssociation - Got a GetDataValues request for node: IEDBiogasCHP/MMXU1.A.phsB.db: 0
calling GetDataValues(IEDBiogasCHP/MMXU1.A.phsB.zeroDb)
14:23:47.199 [openiec61850-osi-server-7-thread-1] DEBUG com.beanit.openiec61850.ServerAssociation - Got a GetDataValues request for node: IEDBiogasCHP/MMXU1.A.phsB.zeroDb: 0
calling GetDataValues(IEDBiogasCHP/MMXU1.A.phsB.rangeC)
14:23:47.199 [openiec61850-osi-server-7-thread-1] DEBUG com.beanit.openiec61850.ServerAssociation - Got a GetDataValues request for node: IEDBiogasCHP/MMXU1.A.phsB.rangeC [CF]
IEDBiogasCHP/MMXU1.A.phsB.rangeC.hhLim [CF]
IEDBiogasCHP/MMXU1.A.phsB.rangeC.hhLim.i: 0
IEDBiogasCHP/MMXU1.A.phsB.rangeC.hhLim.f: 0.0
IEDBiogasCHP/MMXU1.A.phsB.rangeC.hLim [CF]
IEDBiogasCHP/MMXU1.A.phsB.rangeC.hLim.i: 0
IEDBiogasCHP/MMXU1.A.phsB.rangeC.hLim.f: 0.0
IEDBiogasCHP/MMXU1.A.phsB.rangeC.lLim [CF]
IEDBiogasCHP/MMXU1.A.phsB.rangeC.lLim.i: 0
IEDBiogasCHP/MMXU1.A.phsB.rangeC.lLim.f: 0.0
IEDBiogasCHP/MMXU1.A.phsB.rangeC.llLim [CF]
IEDBiogasCHP/MMXU1.A.phsB.rangeC.llLim.i: 0
IEDBiogasCHP/MMXU1.A.phsB.rangeC.llLim.f: 0.0
IEDBiogasCHP/MMXU1.A.phsB.rangeC.min [CF]
IEDBiogasCHP/MMXU1.A.phsB.rangeC.min.i: 0
IEDBiogasCHP/MMXU1.A.phsB.rangeC.min.f: 0.0
IEDBiogasCHP/MMXU1.A.phsB.rangeC.max [CF]
IEDBiogasCHP/MMXU1.A.phsB.rangeC.max.i: 0
IEDBiogasCHP/MMXU1.A.phsB.rangeC.max.f: 0.0
14:23:47.199 [openiec61850-osi-server-7-thread-1] DEBUG com.beanit.openiec61850.ServerAssociation - sub BDA is:IEDBiogasCHP/MMXU1.A.phsB.rangeC.hhLim.i: 0
14:23:47.199 [openiec61850-osi-server-7-thread-1] DEBUG com.beanit.openiec61850.ServerAssociation - sub BDA is:IEDBiogasCHP/MMXU1.A.phsB.rangeC.hhLim.f: 0.0
14:23:47.199 [openiec61850-osi-server-7-thread-1] DEBUG com.beanit.openiec61850.ServerAssociation - sub BDA is:IEDBiogasCHP/MMXU1.A.phsB.rangeC.hLim.i: 0
14:23:47.199 [openiec61850-osi-server-7-thread-1] DEBUG com.beanit.openiec61850.ServerAssociation - sub BDA is:IEDBiogasCHP/MMXU1.A.phsB.rangeC.hLim.f: 0.0
14:23:47.199 [openiec61850-osi-server-7-thread-1] DEBUG com.beanit.openiec61850.ServerAssociation - sub BDA is:IEDBiogasCHP/MMXU1.A.phsB.rangeC.lLim.i: 0
14:23:47.199 [openiec61850-osi-server-7-thread-1] DEBUG com.beanit.openiec61850.ServerAssociation - sub BDA is:IEDBiogasCHP/MMXU1.A.phsB.rangeC.lLim.f: 0.0
14:23:47.199 [openiec61850-osi-server-7-thread-1] DEBUG com.beanit.openiec61850.ServerAssociation - sub BDA is:IEDBiogasCHP/MMXU1.A.phsB.rangeC.llLim.i: 0
14:23:47.199 [openiec61850-osi-server-7-thread-1] DEBUG com.beanit.openiec61850.ServerAssociation - sub BDA is:IEDBiogasCHP/MMXU1.A.phsB.rangeC.llLim.f: 0.0
14:23:47.199 [openiec61850-osi-server-7-thread-1] DEBUG com.beanit.openiec61850.ServerAssociation - sub BDA is:IEDBiogasCHP/MMXU1.A.phsB.rangeC.min.i: 0
14:23:47.199 [openiec61850-osi-server-7-thread-1] DEBUG com.beanit.openiec61850.ServerAssociation - sub BDA is:IEDBiogasCHP/MMXU1.A.phsB.rangeC.min.f: 0.0
14:23:47.199 [openiec61850-osi-server-7-thread-1] DEBUG com.beanit.openiec61850.ServerAssociation - sub BDA is:IEDBiogasCHP/MMXU1.A.phsB.rangeC.max.i: 0
14:23:47.199 [openiec61850-osi-server-7-thread-1] DEBUG com.beanit.openiec61850.ServerAssociation - sub BDA is:IEDBiogasCHP/MMXU1.A.phsB.rangeC.max.f: 0.0
calling GetDataValues(IEDBiogasCHP/MMXU1.A.phsB.rangeC.hhLim)
14:23:47.199 [openiec61850-osi-server-7-thread-1] DEBUG com.beanit.openiec61850.ServerAssociation - Got a GetDataValues request for node: IEDBiogasCHP/MMXU1.A.phsB.rangeC.hhLim [CF]
IEDBiogasCHP/MMXU1.A.phsB.rangeC.hhLim.i: 0
IEDBiogasCHP/MMXU1.A.phsB.rangeC.hhLim.f: 0.0
14:23:47.199 [openiec61850-osi-server-7-thread-1] DEBUG com.beanit.openiec61850.ServerAssociation - sub BDA is:IEDBiogasCHP/MMXU1.A.phsB.rangeC.hhLim.i: 0
14:23:47.199 [openiec61850-osi-server-7-thread-1] DEBUG com.beanit.openiec61850.ServerAssociation - sub BDA is:IEDBiogasCHP/MMXU1.A.phsB.rangeC.hhLim.f: 0.0
calling GetDataValues(IEDBiogasCHP/MMXU1.A.phsB.rangeC.hhLim.i)
14:23:47.200 [openiec61850-osi-server-7-thread-1] DEBUG com.beanit.openiec61850.ServerAssociation - Got a GetDataValues request for node: IEDBiogasCHP/MMXU1.A.phsB.rangeC.hhLim.i: 0
calling GetDataValues(IEDBiogasCHP/MMXU1.A.phsB.rangeC.hhLim.f)
14:23:47.200 [openiec61850-osi-server-7-thread-1] DEBUG com.beanit.openiec61850.ServerAssociation - Got a GetDataValues request for node: IEDBiogasCHP/MMXU1.A.phsB.rangeC.hhLim.f: 0.0
calling GetDataValues(IEDBiogasCHP/MMXU1.A.phsB.rangeC.hLim)
14:23:47.200 [openiec61850-osi-server-7-thread-1] DEBUG com.beanit.openiec61850.ServerAssociation - Got a GetDataValues request for node: IEDBiogasCHP/MMXU1.A.phsB.rangeC.hLim [CF]
IEDBiogasCHP/MMXU1.A.phsB.rangeC.hLim.i: 0
IEDBiogasCHP/MMXU1.A.phsB.rangeC.hLim.f: 0.0
14:23:47.200 [openiec61850-osi-server-7-thread-1] DEBUG com.beanit.openiec61850.ServerAssociation - sub BDA is:IEDBiogasCHP/MMXU1.A.phsB.rangeC.hLim.i: 0
14:23:47.200 [openiec61850-osi-server-7-thread-1] DEBUG com.beanit.openiec61850.ServerAssociation - sub BDA is:IEDBiogasCHP/MMXU1.A.phsB.rangeC.hLim.f: 0.0
calling GetDataValues(IEDBiogasCHP/MMXU1.A.phsB.rangeC.hLim.i)
14:23:47.200 [openiec61850-osi-server-7-thread-1] DEBUG com.beanit.openiec61850.ServerAssociation - Got a GetDataValues request for node: IEDBiogasCHP/MMXU1.A.phsB.rangeC.hLim.i: 0
calling GetDataValues(IEDBiogasCHP/MMXU1.A.phsB.rangeC.hLim.f)
14:23:47.200 [openiec61850-osi-server-7-thread-1] DEBUG com.beanit.openiec61850.ServerAssociation - Got a GetDataValues request for node: IEDBiogasCHP/MMXU1.A.phsB.rangeC.hLim.f: 0.0
calling GetDataValues(IEDBiogasCHP/MMXU1.A.phsB.rangeC.lLim)
14:23:47.200 [openiec61850-osi-server-7-thread-1] DEBUG com.beanit.openiec61850.ServerAssociation - Got a GetDataValues request for node: IEDBiogasCHP/MMXU1.A.phsB.rangeC.lLim [CF]
IEDBiogasCHP/MMXU1.A.phsB.rangeC.lLim.i: 0
IEDBiogasCHP/MMXU1.A.phsB.rangeC.lLim.f: 0.0
14:23:47.200 [openiec61850-osi-server-7-thread-1] DEBUG com.beanit.openiec61850.ServerAssociation - sub BDA is:IEDBiogasCHP/MMXU1.A.phsB.rangeC.lLim.i: 0
14:23:47.200 [openiec61850-osi-server-7-thread-1] DEBUG com.beanit.openiec61850.ServerAssociation - sub BDA is:IEDBiogasCHP/MMXU1.A.phsB.rangeC.lLim.f: 0.0
calling GetDataValues(IEDBiogasCHP/MMXU1.A.phsB.rangeC.lLim.i)
14:23:47.200 [openiec61850-osi-server-7-thread-1] DEBUG com.beanit.openiec61850.ServerAssociation - Got a GetDataValues request for node: IEDBiogasCHP/MMXU1.A.phsB.rangeC.lLim.i: 0
calling GetDataValues(IEDBiogasCHP/MMXU1.A.phsB.rangeC.lLim.f)
14:23:47.200 [openiec61850-osi-server-7-thread-1] DEBUG com.beanit.openiec61850.ServerAssociation - Got a GetDataValues request for node: IEDBiogasCHP/MMXU1.A.phsB.rangeC.lLim.f: 0.0
calling GetDataValues(IEDBiogasCHP/MMXU1.A.phsB.rangeC.llLim)
14:23:47.201 [openiec61850-osi-server-7-thread-1] DEBUG com.beanit.openiec61850.ServerAssociation - Got a GetDataValues request for node: IEDBiogasCHP/MMXU1.A.phsB.rangeC.llLim [CF]
IEDBiogasCHP/MMXU1.A.phsB.rangeC.llLim.i: 0
IEDBiogasCHP/MMXU1.A.phsB.rangeC.llLim.f: 0.0
14:23:47.201 [openiec61850-osi-server-7-thread-1] DEBUG com.beanit.openiec61850.ServerAssociation - sub BDA is:IEDBiogasCHP/MMXU1.A.phsB.rangeC.llLim.i: 0
14:23:47.201 [openiec61850-osi-server-7-thread-1] DEBUG com.beanit.openiec61850.ServerAssociation - sub BDA is:IEDBiogasCHP/MMXU1.A.phsB.rangeC.llLim.f: 0.0
calling GetDataValues(IEDBiogasCHP/MMXU1.A.phsB.rangeC.llLim.i)
14:23:47.201 [openiec61850-osi-server-7-thread-1] DEBUG com.beanit.openiec61850.ServerAssociation - Got a GetDataValues request for node: IEDBiogasCHP/MMXU1.A.phsB.rangeC.llLim.i: 0
calling GetDataValues(IEDBiogasCHP/MMXU1.A.phsB.rangeC.llLim.f)
14:23:47.201 [openiec61850-osi-server-7-thread-1] DEBUG com.beanit.openiec61850.ServerAssociation - Got a GetDataValues request for node: IEDBiogasCHP/MMXU1.A.phsB.rangeC.llLim.f: 0.0
calling GetDataValues(IEDBiogasCHP/MMXU1.A.phsB.rangeC.min)
14:23:47.201 [openiec61850-osi-server-7-thread-1] DEBUG com.beanit.openiec61850.ServerAssociation - Got a GetDataValues request for node: IEDBiogasCHP/MMXU1.A.phsB.rangeC.min [CF]
IEDBiogasCHP/MMXU1.A.phsB.rangeC.min.i: 0
IEDBiogasCHP/MMXU1.A.phsB.rangeC.min.f: 0.0
14:23:47.201 [openiec61850-osi-server-7-thread-1] DEBUG com.beanit.openiec61850.ServerAssociation - sub BDA is:IEDBiogasCHP/MMXU1.A.phsB.rangeC.min.i: 0
14:23:47.201 [openiec61850-osi-server-7-thread-1] DEBUG com.beanit.openiec61850.ServerAssociation - sub BDA is:IEDBiogasCHP/MMXU1.A.phsB.rangeC.min.f: 0.0
calling GetDataValues(IEDBiogasCHP/MMXU1.A.phsB.rangeC.min.i)
14:23:47.201 [openiec61850-osi-server-7-thread-1] DEBUG com.beanit.openiec61850.ServerAssociation - Got a GetDataValues request for node: IEDBiogasCHP/MMXU1.A.phsB.rangeC.min.i: 0
calling GetDataValues(IEDBiogasCHP/MMXU1.A.phsB.rangeC.min.f)
14:23:47.201 [openiec61850-osi-server-7-thread-1] DEBUG com.beanit.openiec61850.ServerAssociation - Got a GetDataValues request for node: IEDBiogasCHP/MMXU1.A.phsB.rangeC.min.f: 0.0
calling GetDataValues(IEDBiogasCHP/MMXU1.A.phsB.rangeC.max)
14:23:47.201 [openiec61850-osi-server-7-thread-1] DEBUG com.beanit.openiec61850.ServerAssociation - Got a GetDataValues request for node: IEDBiogasCHP/MMXU1.A.phsB.rangeC.max [CF]
IEDBiogasCHP/MMXU1.A.phsB.rangeC.max.i: 0
IEDBiogasCHP/MMXU1.A.phsB.rangeC.max.f: 0.0
14:23:47.201 [openiec61850-osi-server-7-thread-1] DEBUG com.beanit.openiec61850.ServerAssociation - sub BDA is:IEDBiogasCHP/MMXU1.A.phsB.rangeC.max.i: 0
14:23:47.201 [openiec61850-osi-server-7-thread-1] DEBUG com.beanit.openiec61850.ServerAssociation - sub BDA is:IEDBiogasCHP/MMXU1.A.phsB.rangeC.max.f: 0.0
calling GetDataValues(IEDBiogasCHP/MMXU1.A.phsB.rangeC.max.i)
14:23:47.201 [openiec61850-osi-server-7-thread-1] DEBUG com.beanit.openiec61850.ServerAssociation - Got a GetDataValues request for node: IEDBiogasCHP/MMXU1.A.phsB.rangeC.max.i: 0
calling GetDataValues(IEDBiogasCHP/MMXU1.A.phsB.rangeC.max.f)
14:23:47.202 [openiec61850-osi-server-7-thread-1] DEBUG com.beanit.openiec61850.ServerAssociation - Got a GetDataValues request for node: IEDBiogasCHP/MMXU1.A.phsB.rangeC.max.f: 0.0
calling GetDataValues(IEDBiogasCHP/MMXU1.A.phsB.magSVC)
14:23:47.202 [openiec61850-osi-server-7-thread-1] DEBUG com.beanit.openiec61850.ServerAssociation - Got a GetDataValues request for node: IEDBiogasCHP/MMXU1.A.phsB.magSVC [CF]
IEDBiogasCHP/MMXU1.A.phsB.magSVC.scaleFactor: 0.0
IEDBiogasCHP/MMXU1.A.phsB.magSVC.offset: 0.0
14:23:47.202 [openiec61850-osi-server-7-thread-1] DEBUG com.beanit.openiec61850.ServerAssociation - sub BDA is:IEDBiogasCHP/MMXU1.A.phsB.magSVC.scaleFactor: 0.0
14:23:47.202 [openiec61850-osi-server-7-thread-1] DEBUG com.beanit.openiec61850.ServerAssociation - sub BDA is:IEDBiogasCHP/MMXU1.A.phsB.magSVC.offset: 0.0
calling GetDataValues(IEDBiogasCHP/MMXU1.A.phsB.magSVC.scaleFactor)
14:23:47.202 [openiec61850-osi-server-7-thread-1] DEBUG com.beanit.openiec61850.ServerAssociation - Got a GetDataValues request for node: IEDBiogasCHP/MMXU1.A.phsB.magSVC.scaleFactor: 0.0
calling GetDataValues(IEDBiogasCHP/MMXU1.A.phsB.magSVC.offset)
14:23:47.202 [openiec61850-osi-server-7-thread-1] DEBUG com.beanit.openiec61850.ServerAssociation - Got a GetDataValues request for node: IEDBiogasCHP/MMXU1.A.phsB.magSVC.offset: 0.0
calling GetDataValues(IEDBiogasCHP/MMXU1.A.phsB.angSVC)
14:23:47.202 [openiec61850-osi-server-7-thread-1] DEBUG com.beanit.openiec61850.ServerAssociation - Got a GetDataValues request for node: IEDBiogasCHP/MMXU1.A.phsB.angSVC [CF]
IEDBiogasCHP/MMXU1.A.phsB.angSVC.scaleFactor: 0.0
IEDBiogasCHP/MMXU1.A.phsB.angSVC.offset: 0.0
14:23:47.202 [openiec61850-osi-server-7-thread-1] DEBUG com.beanit.openiec61850.ServerAssociation - sub BDA is:IEDBiogasCHP/MMXU1.A.phsB.angSVC.scaleFactor: 0.0
14:23:47.202 [openiec61850-osi-server-7-thread-1] DEBUG com.beanit.openiec61850.ServerAssociation - sub BDA is:IEDBiogasCHP/MMXU1.A.phsB.angSVC.offset: 0.0
calling GetDataValues(IEDBiogasCHP/MMXU1.A.phsB.angSVC.scaleFactor)
14:23:47.202 [openiec61850-osi-server-7-thread-1] DEBUG com.beanit.openiec61850.ServerAssociation - Got a GetDataValues request for node: IEDBiogasCHP/MMXU1.A.phsB.angSVC.scaleFactor: 0.0
calling GetDataValues(IEDBiogasCHP/MMXU1.A.phsB.angSVC.offset)
14:23:47.202 [openiec61850-osi-server-7-thread-1] DEBUG com.beanit.openiec61850.ServerAssociation - Got a GetDataValues request for node: IEDBiogasCHP/MMXU1.A.phsB.angSVC.offset: 0.0
calling GetDataValues(IEDBiogasCHP/MMXU1.A.phsB.angRef)
14:23:47.203 [openiec61850-osi-server-7-thread-1] DEBUG com.beanit.openiec61850.ServerAssociation - Got a GetDataValues request for node: IEDBiogasCHP/MMXU1.A.phsB.angRef: 0
calling GetDataValues(IEDBiogasCHP/MMXU1.A.phsB.smpRate)
14:23:47.203 [openiec61850-osi-server-7-thread-1] DEBUG com.beanit.openiec61850.ServerAssociation - Got a GetDataValues request for node: IEDBiogasCHP/MMXU1.A.phsB.smpRate: 0
calling GetDataValues(IEDBiogasCHP/MMXU1.A.phsC)
14:23:47.203 [openiec61850-osi-server-7-thread-1] DEBUG com.beanit.openiec61850.ServerAssociation - Got a GetDataValues request for node: IEDBiogasCHP/MMXU1.A.phsC [CF]
IEDBiogasCHP/MMXU1.A.phsC.units [CF]
IEDBiogasCHP/MMXU1.A.phsC.units.SIUnit: 0
IEDBiogasCHP/MMXU1.A.phsC.units.multiplier: 0
IEDBiogasCHP/MMXU1.A.phsC.db: 0
IEDBiogasCHP/MMXU1.A.phsC.zeroDb: 0
IEDBiogasCHP/MMXU1.A.phsC.rangeC [CF]
IEDBiogasCHP/MMXU1.A.phsC.rangeC.hhLim [CF]
IEDBiogasCHP/MMXU1.A.phsC.rangeC.hhLim.i: 0
IEDBiogasCHP/MMXU1.A.phsC.rangeC.hhLim.f: 0.0
IEDBiogasCHP/MMXU1.A.phsC.rangeC.hLim [CF]
IEDBiogasCHP/MMXU1.A.phsC.rangeC.hLim.i: 0
IEDBiogasCHP/MMXU1.A.phsC.rangeC.hLim.f: 0.0
IEDBiogasCHP/MMXU1.A.phsC.rangeC.lLim [CF]
IEDBiogasCHP/MMXU1.A.phsC.rangeC.lLim.i: 0
IEDBiogasCHP/MMXU1.A.phsC.rangeC.lLim.f: 0.0
IEDBiogasCHP/MMXU1.A.phsC.rangeC.llLim [CF]
IEDBiogasCHP/MMXU1.A.phsC.rangeC.llLim.i: 0
IEDBiogasCHP/MMXU1.A.phsC.rangeC.llLim.f: 0.0
IEDBiogasCHP/MMXU1.A.phsC.rangeC.min [CF]
IEDBiogasCHP/MMXU1.A.phsC.rangeC.min.i: 0
IEDBiogasCHP/MMXU1.A.phsC.rangeC.min.f: 0.0
IEDBiogasCHP/MMXU1.A.phsC.rangeC.max [CF]
IEDBiogasCHP/MMXU1.A.phsC.rangeC.max.i: 0
IEDBiogasCHP/MMXU1.A.phsC.rangeC.max.f: 0.0
IEDBiogasCHP/MMXU1.A.phsC.magSVC [CF]
IEDBiogasCHP/MMXU1.A.phsC.magSVC.scaleFactor: 0.0
IEDBiogasCHP/MMXU1.A.phsC.magSVC.offset: 0.0
IEDBiogasCHP/MMXU1.A.phsC.angSVC [CF]
IEDBiogasCHP/MMXU1.A.phsC.angSVC.scaleFactor: 0.0
IEDBiogasCHP/MMXU1.A.phsC.angSVC.offset: 0.0
IEDBiogasCHP/MMXU1.A.phsC.angRef: 0
IEDBiogasCHP/MMXU1.A.phsC.smpRate: 0
14:23:47.203 [openiec61850-osi-server-7-thread-1] DEBUG com.beanit.openiec61850.ServerAssociation - sub BDA is:IEDBiogasCHP/MMXU1.A.phsC.units.SIUnit: 0
14:23:47.203 [openiec61850-osi-server-7-thread-1] DEBUG com.beanit.openiec61850.ServerAssociation - sub BDA is:IEDBiogasCHP/MMXU1.A.phsC.units.multiplier: 0
14:23:47.203 [openiec61850-osi-server-7-thread-1] DEBUG com.beanit.openiec61850.ServerAssociation - sub BDA is:IEDBiogasCHP/MMXU1.A.phsC.db: 0
14:23:47.203 [openiec61850-osi-server-7-thread-1] DEBUG com.beanit.openiec61850.ServerAssociation - sub BDA is:IEDBiogasCHP/MMXU1.A.phsC.zeroDb: 0
14:23:47.203 [openiec61850-osi-server-7-thread-1] DEBUG com.beanit.openiec61850.ServerAssociation - sub BDA is:IEDBiogasCHP/MMXU1.A.phsC.rangeC.hhLim.i: 0
14:23:47.203 [openiec61850-osi-server-7-thread-1] DEBUG com.beanit.openiec61850.ServerAssociation - sub BDA is:IEDBiogasCHP/MMXU1.A.phsC.rangeC.hhLim.f: 0.0
14:23:47.203 [openiec61850-osi-server-7-thread-1] DEBUG com.beanit.openiec61850.ServerAssociation - sub BDA is:IEDBiogasCHP/MMXU1.A.phsC.rangeC.hLim.i: 0
14:23:47.203 [openiec61850-osi-server-7-thread-1] DEBUG com.beanit.openiec61850.ServerAssociation - sub BDA is:IEDBiogasCHP/MMXU1.A.phsC.rangeC.hLim.f: 0.0
14:23:47.203 [openiec61850-osi-server-7-thread-1] DEBUG com.beanit.openiec61850.ServerAssociation - sub BDA is:IEDBiogasCHP/MMXU1.A.phsC.rangeC.lLim.i: 0
14:23:47.203 [openiec61850-osi-server-7-thread-1] DEBUG com.beanit.openiec61850.ServerAssociation - sub BDA is:IEDBiogasCHP/MMXU1.A.phsC.rangeC.lLim.f: 0.0
14:23:47.203 [openiec61850-osi-server-7-thread-1] DEBUG com.beanit.openiec61850.ServerAssociation - sub BDA is:IEDBiogasCHP/MMXU1.A.phsC.rangeC.llLim.i: 0
14:23:47.203 [openiec61850-osi-server-7-thread-1] DEBUG com.beanit.openiec61850.ServerAssociation - sub BDA is:IEDBiogasCHP/MMXU1.A.phsC.rangeC.llLim.f: 0.0
14:23:47.203 [openiec61850-osi-server-7-thread-1] DEBUG com.beanit.openiec61850.ServerAssociation - sub BDA is:IEDBiogasCHP/MMXU1.A.phsC.rangeC.min.i: 0
14:23:47.203 [openiec61850-osi-server-7-thread-1] DEBUG com.beanit.openiec61850.ServerAssociation - sub BDA is:IEDBiogasCHP/MMXU1.A.phsC.rangeC.min.f: 0.0
14:23:47.203 [openiec61850-osi-server-7-thread-1] DEBUG com.beanit.openiec61850.ServerAssociation - sub BDA is:IEDBiogasCHP/MMXU1.A.phsC.rangeC.max.i: 0
14:23:47.203 [openiec61850-osi-server-7-thread-1] DEBUG com.beanit.openiec61850.ServerAssociation - sub BDA is:IEDBiogasCHP/MMXU1.A.phsC.rangeC.max.f: 0.0
14:23:47.203 [openiec61850-osi-server-7-thread-1] DEBUG com.beanit.openiec61850.ServerAssociation - sub BDA is:IEDBiogasCHP/MMXU1.A.phsC.magSVC.scaleFactor: 0.0
14:23:47.203 [openiec61850-osi-server-7-thread-1] DEBUG com.beanit.openiec61850.ServerAssociation - sub BDA is:IEDBiogasCHP/MMXU1.A.phsC.magSVC.offset: 0.0
14:23:47.203 [openiec61850-osi-server-7-thread-1] DEBUG com.beanit.openiec61850.ServerAssociation - sub BDA is:IEDBiogasCHP/MMXU1.A.phsC.angSVC.scaleFactor: 0.0
14:23:47.203 [openiec61850-osi-server-7-thread-1] DEBUG com.beanit.openiec61850.ServerAssociation - sub BDA is:IEDBiogasCHP/MMXU1.A.phsC.angSVC.offset: 0.0
14:23:47.203 [openiec61850-osi-server-7-thread-1] DEBUG com.beanit.openiec61850.ServerAssociation - sub BDA is:IEDBiogasCHP/MMXU1.A.phsC.angRef: 0
14:23:47.203 [openiec61850-osi-server-7-thread-1] DEBUG com.beanit.openiec61850.ServerAssociation - sub BDA is:IEDBiogasCHP/MMXU1.A.phsC.smpRate: 0
calling GetDataValues(IEDBiogasCHP/MMXU1.A.phsC.units)
14:23:47.203 [openiec61850-osi-server-7-thread-1] DEBUG com.beanit.openiec61850.ServerAssociation - Got a GetDataValues request for node: IEDBiogasCHP/MMXU1.A.phsC.units [CF]
IEDBiogasCHP/MMXU1.A.phsC.units.SIUnit: 0
IEDBiogasCHP/MMXU1.A.phsC.units.multiplier: 0
14:23:47.203 [openiec61850-osi-server-7-thread-1] DEBUG com.beanit.openiec61850.ServerAssociation - sub BDA is:IEDBiogasCHP/MMXU1.A.phsC.units.SIUnit: 0
14:23:47.203 [openiec61850-osi-server-7-thread-1] DEBUG com.beanit.openiec61850.ServerAssociation - sub BDA is:IEDBiogasCHP/MMXU1.A.phsC.units.multiplier: 0
calling GetDataValues(IEDBiogasCHP/MMXU1.A.phsC.units.SIUnit)
14:23:47.203 [openiec61850-osi-server-7-thread-1] DEBUG com.beanit.openiec61850.ServerAssociation - Got a GetDataValues request for node: IEDBiogasCHP/MMXU1.A.phsC.units.SIUnit: 0
calling GetDataValues(IEDBiogasCHP/MMXU1.A.phsC.units.multiplier)
14:23:47.203 [openiec61850-osi-server-7-thread-1] DEBUG com.beanit.openiec61850.ServerAssociation - Got a GetDataValues request for node: IEDBiogasCHP/MMXU1.A.phsC.units.multiplier: 0
calling GetDataValues(IEDBiogasCHP/MMXU1.A.phsC.db)
14:23:47.203 [openiec61850-osi-server-7-thread-1] DEBUG com.beanit.openiec61850.ServerAssociation - Got a GetDataValues request for node: IEDBiogasCHP/MMXU1.A.phsC.db: 0
calling GetDataValues(IEDBiogasCHP/MMXU1.A.phsC.zeroDb)
14:23:47.204 [openiec61850-osi-server-7-thread-1] DEBUG com.beanit.openiec61850.ServerAssociation - Got a GetDataValues request for node: IEDBiogasCHP/MMXU1.A.phsC.zeroDb: 0
calling GetDataValues(IEDBiogasCHP/MMXU1.A.phsC.rangeC)
14:23:47.204 [openiec61850-osi-server-7-thread-1] DEBUG com.beanit.openiec61850.ServerAssociation - Got a GetDataValues request for node: IEDBiogasCHP/MMXU1.A.phsC.rangeC [CF]
IEDBiogasCHP/MMXU1.A.phsC.rangeC.hhLim [CF]
IEDBiogasCHP/MMXU1.A.phsC.rangeC.hhLim.i: 0
IEDBiogasCHP/MMXU1.A.phsC.rangeC.hhLim.f: 0.0
IEDBiogasCHP/MMXU1.A.phsC.rangeC.hLim [CF]
IEDBiogasCHP/MMXU1.A.phsC.rangeC.hLim.i: 0
IEDBiogasCHP/MMXU1.A.phsC.rangeC.hLim.f: 0.0
IEDBiogasCHP/MMXU1.A.phsC.rangeC.lLim [CF]
IEDBiogasCHP/MMXU1.A.phsC.rangeC.lLim.i: 0
IEDBiogasCHP/MMXU1.A.phsC.rangeC.lLim.f: 0.0
IEDBiogasCHP/MMXU1.A.phsC.rangeC.llLim [CF]
IEDBiogasCHP/MMXU1.A.phsC.rangeC.llLim.i: 0
IEDBiogasCHP/MMXU1.A.phsC.rangeC.llLim.f: 0.0
IEDBiogasCHP/MMXU1.A.phsC.rangeC.min [CF]
IEDBiogasCHP/MMXU1.A.phsC.rangeC.min.i: 0
IEDBiogasCHP/MMXU1.A.phsC.rangeC.min.f: 0.0
IEDBiogasCHP/MMXU1.A.phsC.rangeC.max [CF]
IEDBiogasCHP/MMXU1.A.phsC.rangeC.max.i: 0
IEDBiogasCHP/MMXU1.A.phsC.rangeC.max.f: 0.0
14:23:47.204 [openiec61850-osi-server-7-thread-1] DEBUG com.beanit.openiec61850.ServerAssociation - sub BDA is:IEDBiogasCHP/MMXU1.A.phsC.rangeC.hhLim.i: 0
14:23:47.204 [openiec61850-osi-server-7-thread-1] DEBUG com.beanit.openiec61850.ServerAssociation - sub BDA is:IEDBiogasCHP/MMXU1.A.phsC.rangeC.hhLim.f: 0.0
14:23:47.204 [openiec61850-osi-server-7-thread-1] DEBUG com.beanit.openiec61850.ServerAssociation - sub BDA is:IEDBiogasCHP/MMXU1.A.phsC.rangeC.hLim.i: 0
14:23:47.204 [openiec61850-osi-server-7-thread-1] DEBUG com.beanit.openiec61850.ServerAssociation - sub BDA is:IEDBiogasCHP/MMXU1.A.phsC.rangeC.hLim.f: 0.0
14:23:47.204 [openiec61850-osi-server-7-thread-1] DEBUG com.beanit.openiec61850.ServerAssociation - sub BDA is:IEDBiogasCHP/MMXU1.A.phsC.rangeC.lLim.i: 0
14:23:47.204 [openiec61850-osi-server-7-thread-1] DEBUG com.beanit.openiec61850.ServerAssociation - sub BDA is:IEDBiogasCHP/MMXU1.A.phsC.rangeC.lLim.f: 0.0
14:23:47.204 [openiec61850-osi-server-7-thread-1] DEBUG com.beanit.openiec61850.ServerAssociation - sub BDA is:IEDBiogasCHP/MMXU1.A.phsC.rangeC.llLim.i: 0
14:23:47.204 [openiec61850-osi-server-7-thread-1] DEBUG com.beanit.openiec61850.ServerAssociation - sub BDA is:IEDBiogasCHP/MMXU1.A.phsC.rangeC.llLim.f: 0.0
14:23:47.204 [openiec61850-osi-server-7-thread-1] DEBUG com.beanit.openiec61850.ServerAssociation - sub BDA is:IEDBiogasCHP/MMXU1.A.phsC.rangeC.min.i: 0
14:23:47.204 [openiec61850-osi-server-7-thread-1] DEBUG com.beanit.openiec61850.ServerAssociation - sub BDA is:IEDBiogasCHP/MMXU1.A.phsC.rangeC.min.f: 0.0
14:23:47.204 [openiec61850-osi-server-7-thread-1] DEBUG com.beanit.openiec61850.ServerAssociation - sub BDA is:IEDBiogasCHP/MMXU1.A.phsC.rangeC.max.i: 0
14:23:47.204 [openiec61850-osi-server-7-thread-1] DEBUG com.beanit.openiec61850.ServerAssociation - sub BDA is:IEDBiogasCHP/MMXU1.A.phsC.rangeC.max.f: 0.0
calling GetDataValues(IEDBiogasCHP/MMXU1.A.phsC.rangeC.hhLim)
14:23:47.204 [openiec61850-osi-server-7-thread-1] DEBUG com.beanit.openiec61850.ServerAssociation - Got a GetDataValues request for node: IEDBiogasCHP/MMXU1.A.phsC.rangeC.hhLim [CF]
IEDBiogasCHP/MMXU1.A.phsC.rangeC.hhLim.i: 0
IEDBiogasCHP/MMXU1.A.phsC.rangeC.hhLim.f: 0.0
14:23:47.204 [openiec61850-osi-server-7-thread-1] DEBUG com.beanit.openiec61850.ServerAssociation - sub BDA is:IEDBiogasCHP/MMXU1.A.phsC.rangeC.hhLim.i: 0
14:23:47.204 [openiec61850-osi-server-7-thread-1] DEBUG com.beanit.openiec61850.ServerAssociation - sub BDA is:IEDBiogasCHP/MMXU1.A.phsC.rangeC.hhLim.f: 0.0
calling GetDataValues(IEDBiogasCHP/MMXU1.A.phsC.rangeC.hhLim.i)
14:23:47.204 [openiec61850-osi-server-7-thread-1] DEBUG com.beanit.openiec61850.ServerAssociation - Got a GetDataValues request for node: IEDBiogasCHP/MMXU1.A.phsC.rangeC.hhLim.i: 0
calling GetDataValues(IEDBiogasCHP/MMXU1.A.phsC.rangeC.hhLim.f)
14:23:47.204 [openiec61850-osi-server-7-thread-1] DEBUG com.beanit.openiec61850.ServerAssociation - Got a GetDataValues request for node: IEDBiogasCHP/MMXU1.A.phsC.rangeC.hhLim.f: 0.0
calling GetDataValues(IEDBiogasCHP/MMXU1.A.phsC.rangeC.hLim)
14:23:47.204 [openiec61850-osi-server-7-thread-1] DEBUG com.beanit.openiec61850.ServerAssociation - Got a GetDataValues request for node: IEDBiogasCHP/MMXU1.A.phsC.rangeC.hLim [CF]
IEDBiogasCHP/MMXU1.A.phsC.rangeC.hLim.i: 0
IEDBiogasCHP/MMXU1.A.phsC.rangeC.hLim.f: 0.0
14:23:47.204 [openiec61850-osi-server-7-thread-1] DEBUG com.beanit.openiec61850.ServerAssociation - sub BDA is:IEDBiogasCHP/MMXU1.A.phsC.rangeC.hLim.i: 0
14:23:47.204 [openiec61850-osi-server-7-thread-1] DEBUG com.beanit.openiec61850.ServerAssociation - sub BDA is:IEDBiogasCHP/MMXU1.A.phsC.rangeC.hLim.f: 0.0
calling GetDataValues(IEDBiogasCHP/MMXU1.A.phsC.rangeC.hLim.i)
14:23:47.204 [openiec61850-osi-server-7-thread-1] DEBUG com.beanit.openiec61850.ServerAssociation - Got a GetDataValues request for node: IEDBiogasCHP/MMXU1.A.phsC.rangeC.hLim.i: 0
calling GetDataValues(IEDBiogasCHP/MMXU1.A.phsC.rangeC.hLim.f)
14:23:47.205 [openiec61850-osi-server-7-thread-1] DEBUG com.beanit.openiec61850.ServerAssociation - Got a GetDataValues request for node: IEDBiogasCHP/MMXU1.A.phsC.rangeC.hLim.f: 0.0
calling GetDataValues(IEDBiogasCHP/MMXU1.A.phsC.rangeC.lLim)
14:23:47.205 [openiec61850-osi-server-7-thread-1] DEBUG com.beanit.openiec61850.ServerAssociation - Got a GetDataValues request for node: IEDBiogasCHP/MMXU1.A.phsC.rangeC.lLim [CF]
IEDBiogasCHP/MMXU1.A.phsC.rangeC.lLim.i: 0
IEDBiogasCHP/MMXU1.A.phsC.rangeC.lLim.f: 0.0
14:23:47.205 [openiec61850-osi-server-7-thread-1] DEBUG com.beanit.openiec61850.ServerAssociation - sub BDA is:IEDBiogasCHP/MMXU1.A.phsC.rangeC.lLim.i: 0
14:23:47.205 [openiec61850-osi-server-7-thread-1] DEBUG com.beanit.openiec61850.ServerAssociation - sub BDA is:IEDBiogasCHP/MMXU1.A.phsC.rangeC.lLim.f: 0.0
calling GetDataValues(IEDBiogasCHP/MMXU1.A.phsC.rangeC.lLim.i)
14:23:47.205 [openiec61850-osi-server-7-thread-1] DEBUG com.beanit.openiec61850.ServerAssociation - Got a GetDataValues request for node: IEDBiogasCHP/MMXU1.A.phsC.rangeC.lLim.i: 0
calling GetDataValues(IEDBiogasCHP/MMXU1.A.phsC.rangeC.lLim.f)
14:23:47.205 [openiec61850-osi-server-7-thread-1] DEBUG com.beanit.openiec61850.ServerAssociation - Got a GetDataValues request for node: IEDBiogasCHP/MMXU1.A.phsC.rangeC.lLim.f: 0.0
calling GetDataValues(IEDBiogasCHP/MMXU1.A.phsC.rangeC.llLim)
14:23:47.205 [openiec61850-osi-server-7-thread-1] DEBUG com.beanit.openiec61850.ServerAssociation - Got a GetDataValues request for node: IEDBiogasCHP/MMXU1.A.phsC.rangeC.llLim [CF]
IEDBiogasCHP/MMXU1.A.phsC.rangeC.llLim.i: 0
IEDBiogasCHP/MMXU1.A.phsC.rangeC.llLim.f: 0.0
14:23:47.205 [openiec61850-osi-server-7-thread-1] DEBUG com.beanit.openiec61850.ServerAssociation - sub BDA is:IEDBiogasCHP/MMXU1.A.phsC.rangeC.llLim.i: 0
14:23:47.205 [openiec61850-osi-server-7-thread-1] DEBUG com.beanit.openiec61850.ServerAssociation - sub BDA is:IEDBiogasCHP/MMXU1.A.phsC.rangeC.llLim.f: 0.0
calling GetDataValues(IEDBiogasCHP/MMXU1.A.phsC.rangeC.llLim.i)
14:23:47.205 [openiec61850-osi-server-7-thread-1] DEBUG com.beanit.openiec61850.ServerAssociation - Got a GetDataValues request for node: IEDBiogasCHP/MMXU1.A.phsC.rangeC.llLim.i: 0
calling GetDataValues(IEDBiogasCHP/MMXU1.A.phsC.rangeC.llLim.f)
14:23:47.205 [openiec61850-osi-server-7-thread-1] DEBUG com.beanit.openiec61850.ServerAssociation - Got a GetDataValues request for node: IEDBiogasCHP/MMXU1.A.phsC.rangeC.llLim.f: 0.0
calling GetDataValues(IEDBiogasCHP/MMXU1.A.phsC.rangeC.min)
14:23:47.205 [openiec61850-osi-server-7-thread-1] DEBUG com.beanit.openiec61850.ServerAssociation - Got a GetDataValues request for node: IEDBiogasCHP/MMXU1.A.phsC.rangeC.min [CF]
IEDBiogasCHP/MMXU1.A.phsC.rangeC.min.i: 0
IEDBiogasCHP/MMXU1.A.phsC.rangeC.min.f: 0.0
14:23:47.205 [openiec61850-osi-server-7-thread-1] DEBUG com.beanit.openiec61850.ServerAssociation - sub BDA is:IEDBiogasCHP/MMXU1.A.phsC.rangeC.min.i: 0
14:23:47.205 [openiec61850-osi-server-7-thread-1] DEBUG com.beanit.openiec61850.ServerAssociation - sub BDA is:IEDBiogasCHP/MMXU1.A.phsC.rangeC.min.f: 0.0
calling GetDataValues(IEDBiogasCHP/MMXU1.A.phsC.rangeC.min.i)
14:23:47.205 [openiec61850-osi-server-7-thread-1] DEBUG com.beanit.openiec61850.ServerAssociation - Got a GetDataValues request for node: IEDBiogasCHP/MMXU1.A.phsC.rangeC.min.i: 0
calling GetDataValues(IEDBiogasCHP/MMXU1.A.phsC.rangeC.min.f)
14:23:47.206 [openiec61850-osi-server-7-thread-1] DEBUG com.beanit.openiec61850.ServerAssociation - Got a GetDataValues request for node: IEDBiogasCHP/MMXU1.A.phsC.rangeC.min.f: 0.0
calling GetDataValues(IEDBiogasCHP/MMXU1.A.phsC.rangeC.max)
14:23:47.206 [openiec61850-osi-server-7-thread-1] DEBUG com.beanit.openiec61850.ServerAssociation - Got a GetDataValues request for node: IEDBiogasCHP/MMXU1.A.phsC.rangeC.max [CF]
IEDBiogasCHP/MMXU1.A.phsC.rangeC.max.i: 0
IEDBiogasCHP/MMXU1.A.phsC.rangeC.max.f: 0.0
14:23:47.206 [openiec61850-osi-server-7-thread-1] DEBUG com.beanit.openiec61850.ServerAssociation - sub BDA is:IEDBiogasCHP/MMXU1.A.phsC.rangeC.max.i: 0
14:23:47.206 [openiec61850-osi-server-7-thread-1] DEBUG com.beanit.openiec61850.ServerAssociation - sub BDA is:IEDBiogasCHP/MMXU1.A.phsC.rangeC.max.f: 0.0
calling GetDataValues(IEDBiogasCHP/MMXU1.A.phsC.rangeC.max.i)
14:23:47.206 [openiec61850-osi-server-7-thread-1] DEBUG com.beanit.openiec61850.ServerAssociation - Got a GetDataValues request for node: IEDBiogasCHP/MMXU1.A.phsC.rangeC.max.i: 0
calling GetDataValues(IEDBiogasCHP/MMXU1.A.phsC.rangeC.max.f)
14:23:47.206 [openiec61850-osi-server-7-thread-1] DEBUG com.beanit.openiec61850.ServerAssociation - Got a GetDataValues request for node: IEDBiogasCHP/MMXU1.A.phsC.rangeC.max.f: 0.0
calling GetDataValues(IEDBiogasCHP/MMXU1.A.phsC.magSVC)
14:23:47.206 [openiec61850-osi-server-7-thread-1] DEBUG com.beanit.openiec61850.ServerAssociation - Got a GetDataValues request for node: IEDBiogasCHP/MMXU1.A.phsC.magSVC [CF]
IEDBiogasCHP/MMXU1.A.phsC.magSVC.scaleFactor: 0.0
IEDBiogasCHP/MMXU1.A.phsC.magSVC.offset: 0.0
14:23:47.206 [openiec61850-osi-server-7-thread-1] DEBUG com.beanit.openiec61850.ServerAssociation - sub BDA is:IEDBiogasCHP/MMXU1.A.phsC.magSVC.scaleFactor: 0.0
14:23:47.206 [openiec61850-osi-server-7-thread-1] DEBUG com.beanit.openiec61850.ServerAssociation - sub BDA is:IEDBiogasCHP/MMXU1.A.phsC.magSVC.offset: 0.0
calling GetDataValues(IEDBiogasCHP/MMXU1.A.phsC.magSVC.scaleFactor)
14:23:47.206 [openiec61850-osi-server-7-thread-1] DEBUG com.beanit.openiec61850.ServerAssociation - Got a GetDataValues request for node: IEDBiogasCHP/MMXU1.A.phsC.magSVC.scaleFactor: 0.0
calling GetDataValues(IEDBiogasCHP/MMXU1.A.phsC.magSVC.offset)
14:23:47.206 [openiec61850-osi-server-7-thread-1] DEBUG com.beanit.openiec61850.ServerAssociation - Got a GetDataValues request for node: IEDBiogasCHP/MMXU1.A.phsC.magSVC.offset: 0.0
calling GetDataValues(IEDBiogasCHP/MMXU1.A.phsC.angSVC)
14:23:47.206 [openiec61850-osi-server-7-thread-1] DEBUG com.beanit.openiec61850.ServerAssociation - Got a GetDataValues request for node: IEDBiogasCHP/MMXU1.A.phsC.angSVC [CF]
IEDBiogasCHP/MMXU1.A.phsC.angSVC.scaleFactor: 0.0
IEDBiogasCHP/MMXU1.A.phsC.angSVC.offset: 0.0
14:23:47.207 [openiec61850-osi-server-7-thread-1] DEBUG com.beanit.openiec61850.ServerAssociation - sub BDA is:IEDBiogasCHP/MMXU1.A.phsC.angSVC.scaleFactor: 0.0
14:23:47.207 [openiec61850-osi-server-7-thread-1] DEBUG com.beanit.openiec61850.ServerAssociation - sub BDA is:IEDBiogasCHP/MMXU1.A.phsC.angSVC.offset: 0.0
calling GetDataValues(IEDBiogasCHP/MMXU1.A.phsC.angSVC.scaleFactor)
14:23:47.207 [openiec61850-osi-server-7-thread-1] DEBUG com.beanit.openiec61850.ServerAssociation - Got a GetDataValues request for node: IEDBiogasCHP/MMXU1.A.phsC.angSVC.scaleFactor: 0.0
calling GetDataValues(IEDBiogasCHP/MMXU1.A.phsC.angSVC.offset)
14:23:47.207 [openiec61850-osi-server-7-thread-1] DEBUG com.beanit.openiec61850.ServerAssociation - Got a GetDataValues request for node: IEDBiogasCHP/MMXU1.A.phsC.angSVC.offset: 0.0
calling GetDataValues(IEDBiogasCHP/MMXU1.A.phsC.angRef)
14:23:47.207 [openiec61850-osi-server-7-thread-1] DEBUG com.beanit.openiec61850.ServerAssociation - Got a GetDataValues request for node: IEDBiogasCHP/MMXU1.A.phsC.angRef: 0
calling GetDataValues(IEDBiogasCHP/MMXU1.A.phsC.smpRate)
14:23:47.207 [openiec61850-osi-server-7-thread-1] DEBUG com.beanit.openiec61850.ServerAssociation - Got a GetDataValues request for node: IEDBiogasCHP/MMXU1.A.phsC.smpRate: 0
calling GetDataValues(IEDBiogasCHP/MMXU1.A.neut)
14:23:47.207 [openiec61850-osi-server-7-thread-1] DEBUG com.beanit.openiec61850.ServerAssociation - Got a GetDataValues request for node: IEDBiogasCHP/MMXU1.A.neut [CF]
IEDBiogasCHP/MMXU1.A.neut.units [CF]
IEDBiogasCHP/MMXU1.A.neut.units.SIUnit: 0
IEDBiogasCHP/MMXU1.A.neut.units.multiplier: 0
IEDBiogasCHP/MMXU1.A.neut.db: 0
IEDBiogasCHP/MMXU1.A.neut.zeroDb: 0
IEDBiogasCHP/MMXU1.A.neut.rangeC [CF]
IEDBiogasCHP/MMXU1.A.neut.rangeC.hhLim [CF]
IEDBiogasCHP/MMXU1.A.neut.rangeC.hhLim.i: 0
IEDBiogasCHP/MMXU1.A.neut.rangeC.hhLim.f: 0.0
IEDBiogasCHP/MMXU1.A.neut.rangeC.hLim [CF]
IEDBiogasCHP/MMXU1.A.neut.rangeC.hLim.i: 0
IEDBiogasCHP/MMXU1.A.neut.rangeC.hLim.f: 0.0
IEDBiogasCHP/MMXU1.A.neut.rangeC.lLim [CF]
IEDBiogasCHP/MMXU1.A.neut.rangeC.lLim.i: 0
IEDBiogasCHP/MMXU1.A.neut.rangeC.lLim.f: 0.0
IEDBiogasCHP/MMXU1.A.neut.rangeC.llLim [CF]
IEDBiogasCHP/MMXU1.A.neut.rangeC.llLim.i: 0
IEDBiogasCHP/MMXU1.A.neut.rangeC.llLim.f: 0.0
IEDBiogasCHP/MMXU1.A.neut.rangeC.min [CF]
IEDBiogasCHP/MMXU1.A.neut.rangeC.min.i: 0
IEDBiogasCHP/MMXU1.A.neut.rangeC.min.f: 0.0
IEDBiogasCHP/MMXU1.A.neut.rangeC.max [CF]
IEDBiogasCHP/MMXU1.A.neut.rangeC.max.i: 0
IEDBiogasCHP/MMXU1.A.neut.rangeC.max.f: 0.0
IEDBiogasCHP/MMXU1.A.neut.magSVC [CF]
IEDBiogasCHP/MMXU1.A.neut.magSVC.scaleFactor: 0.0
IEDBiogasCHP/MMXU1.A.neut.magSVC.offset: 0.0
IEDBiogasCHP/MMXU1.A.neut.angSVC [CF]
IEDBiogasCHP/MMXU1.A.neut.angSVC.scaleFactor: 0.0
IEDBiogasCHP/MMXU1.A.neut.angSVC.offset: 0.0
IEDBiogasCHP/MMXU1.A.neut.angRef: 0
IEDBiogasCHP/MMXU1.A.neut.smpRate: 0
14:23:47.207 [openiec61850-osi-server-7-thread-1] DEBUG com.beanit.openiec61850.ServerAssociation - sub BDA is:IEDBiogasCHP/MMXU1.A.neut.units.SIUnit: 0
14:23:47.207 [openiec61850-osi-server-7-thread-1] DEBUG com.beanit.openiec61850.ServerAssociation - sub BDA is:IEDBiogasCHP/MMXU1.A.neut.units.multiplier: 0
14:23:47.207 [openiec61850-osi-server-7-thread-1] DEBUG com.beanit.openiec61850.ServerAssociation - sub BDA is:IEDBiogasCHP/MMXU1.A.neut.db: 0
14:23:47.207 [openiec61850-osi-server-7-thread-1] DEBUG com.beanit.openiec61850.ServerAssociation - sub BDA is:IEDBiogasCHP/MMXU1.A.neut.zeroDb: 0
14:23:47.207 [openiec61850-osi-server-7-thread-1] DEBUG com.beanit.openiec61850.ServerAssociation - sub BDA is:IEDBiogasCHP/MMXU1.A.neut.rangeC.hhLim.i: 0
14:23:47.207 [openiec61850-osi-server-7-thread-1] DEBUG com.beanit.openiec61850.ServerAssociation - sub BDA is:IEDBiogasCHP/MMXU1.A.neut.rangeC.hhLim.f: 0.0
14:23:47.207 [openiec61850-osi-server-7-thread-1] DEBUG com.beanit.openiec61850.ServerAssociation - sub BDA is:IEDBiogasCHP/MMXU1.A.neut.rangeC.hLim.i: 0
14:23:47.207 [openiec61850-osi-server-7-thread-1] DEBUG com.beanit.openiec61850.ServerAssociation - sub BDA is:IEDBiogasCHP/MMXU1.A.neut.rangeC.hLim.f: 0.0
14:23:47.207 [openiec61850-osi-server-7-thread-1] DEBUG com.beanit.openiec61850.ServerAssociation - sub BDA is:IEDBiogasCHP/MMXU1.A.neut.rangeC.lLim.i: 0
14:23:47.207 [openiec61850-osi-server-7-thread-1] DEBUG com.beanit.openiec61850.ServerAssociation - sub BDA is:IEDBiogasCHP/MMXU1.A.neut.rangeC.lLim.f: 0.0
14:23:47.207 [openiec61850-osi-server-7-thread-1] DEBUG com.beanit.openiec61850.ServerAssociation - sub BDA is:IEDBiogasCHP/MMXU1.A.neut.rangeC.llLim.i: 0
14:23:47.207 [openiec61850-osi-server-7-thread-1] DEBUG com.beanit.openiec61850.ServerAssociation - sub BDA is:IEDBiogasCHP/MMXU1.A.neut.rangeC.llLim.f: 0.0
14:23:47.207 [openiec61850-osi-server-7-thread-1] DEBUG com.beanit.openiec61850.ServerAssociation - sub BDA is:IEDBiogasCHP/MMXU1.A.neut.rangeC.min.i: 0
14:23:47.207 [openiec61850-osi-server-7-thread-1] DEBUG com.beanit.openiec61850.ServerAssociation - sub BDA is:IEDBiogasCHP/MMXU1.A.neut.rangeC.min.f: 0.0
14:23:47.207 [openiec61850-osi-server-7-thread-1] DEBUG com.beanit.openiec61850.ServerAssociation - sub BDA is:IEDBiogasCHP/MMXU1.A.neut.rangeC.max.i: 0
14:23:47.207 [openiec61850-osi-server-7-thread-1] DEBUG com.beanit.openiec61850.ServerAssociation - sub BDA is:IEDBiogasCHP/MMXU1.A.neut.rangeC.max.f: 0.0
14:23:47.207 [openiec61850-osi-server-7-thread-1] DEBUG com.beanit.openiec61850.ServerAssociation - sub BDA is:IEDBiogasCHP/MMXU1.A.neut.magSVC.scaleFactor: 0.0
14:23:47.207 [openiec61850-osi-server-7-thread-1] DEBUG com.beanit.openiec61850.ServerAssociation - sub BDA is:IEDBiogasCHP/MMXU1.A.neut.magSVC.offset: 0.0
14:23:47.207 [openiec61850-osi-server-7-thread-1] DEBUG com.beanit.openiec61850.ServerAssociation - sub BDA is:IEDBiogasCHP/MMXU1.A.neut.angSVC.scaleFactor: 0.0
14:23:47.207 [openiec61850-osi-server-7-thread-1] DEBUG com.beanit.openiec61850.ServerAssociation - sub BDA is:IEDBiogasCHP/MMXU1.A.neut.angSVC.offset: 0.0
14:23:47.207 [openiec61850-osi-server-7-thread-1] DEBUG com.beanit.openiec61850.ServerAssociation - sub BDA is:IEDBiogasCHP/MMXU1.A.neut.angRef: 0
14:23:47.207 [openiec61850-osi-server-7-thread-1] DEBUG com.beanit.openiec61850.ServerAssociation - sub BDA is:IEDBiogasCHP/MMXU1.A.neut.smpRate: 0
calling GetDataValues(IEDBiogasCHP/MMXU1.A.neut.units)
14:23:47.207 [openiec61850-osi-server-7-thread-1] DEBUG com.beanit.openiec61850.ServerAssociation - Got a GetDataValues request for node: IEDBiogasCHP/MMXU1.A.neut.units [CF]
IEDBiogasCHP/MMXU1.A.neut.units.SIUnit: 0
IEDBiogasCHP/MMXU1.A.neut.units.multiplier: 0
14:23:47.207 [openiec61850-osi-server-7-thread-1] DEBUG com.beanit.openiec61850.ServerAssociation - sub BDA is:IEDBiogasCHP/MMXU1.A.neut.units.SIUnit: 0
14:23:47.207 [openiec61850-osi-server-7-thread-1] DEBUG com.beanit.openiec61850.ServerAssociation - sub BDA is:IEDBiogasCHP/MMXU1.A.neut.units.multiplier: 0
calling GetDataValues(IEDBiogasCHP/MMXU1.A.neut.units.SIUnit)
14:23:47.208 [openiec61850-osi-server-7-thread-1] DEBUG com.beanit.openiec61850.ServerAssociation - Got a GetDataValues request for node: IEDBiogasCHP/MMXU1.A.neut.units.SIUnit: 0
calling GetDataValues(IEDBiogasCHP/MMXU1.A.neut.units.multiplier)
14:23:47.208 [openiec61850-osi-server-7-thread-1] DEBUG com.beanit.openiec61850.ServerAssociation - Got a GetDataValues request for node: IEDBiogasCHP/MMXU1.A.neut.units.multiplier: 0
calling GetDataValues(IEDBiogasCHP/MMXU1.A.neut.db)
14:23:47.208 [openiec61850-osi-server-7-thread-1] DEBUG com.beanit.openiec61850.ServerAssociation - Got a GetDataValues request for node: IEDBiogasCHP/MMXU1.A.neut.db: 0
calling GetDataValues(IEDBiogasCHP/MMXU1.A.neut.zeroDb)
14:23:47.208 [openiec61850-osi-server-7-thread-1] DEBUG com.beanit.openiec61850.ServerAssociation - Got a GetDataValues request for node: IEDBiogasCHP/MMXU1.A.neut.zeroDb: 0
calling GetDataValues(IEDBiogasCHP/MMXU1.A.neut.rangeC)
14:23:47.208 [openiec61850-osi-server-7-thread-1] DEBUG com.beanit.openiec61850.ServerAssociation - Got a GetDataValues request for node: IEDBiogasCHP/MMXU1.A.neut.rangeC [CF]
IEDBiogasCHP/MMXU1.A.neut.rangeC.hhLim [CF]
IEDBiogasCHP/MMXU1.A.neut.rangeC.hhLim.i: 0
IEDBiogasCHP/MMXU1.A.neut.rangeC.hhLim.f: 0.0
IEDBiogasCHP/MMXU1.A.neut.rangeC.hLim [CF]
IEDBiogasCHP/MMXU1.A.neut.rangeC.hLim.i: 0
IEDBiogasCHP/MMXU1.A.neut.rangeC.hLim.f: 0.0
IEDBiogasCHP/MMXU1.A.neut.rangeC.lLim [CF]
IEDBiogasCHP/MMXU1.A.neut.rangeC.lLim.i: 0
IEDBiogasCHP/MMXU1.A.neut.rangeC.lLim.f: 0.0
IEDBiogasCHP/MMXU1.A.neut.rangeC.llLim [CF]
IEDBiogasCHP/MMXU1.A.neut.rangeC.llLim.i: 0
IEDBiogasCHP/MMXU1.A.neut.rangeC.llLim.f: 0.0
IEDBiogasCHP/MMXU1.A.neut.rangeC.min [CF]
IEDBiogasCHP/MMXU1.A.neut.rangeC.min.i: 0
IEDBiogasCHP/MMXU1.A.neut.rangeC.min.f: 0.0
IEDBiogasCHP/MMXU1.A.neut.rangeC.max [CF]
IEDBiogasCHP/MMXU1.A.neut.rangeC.max.i: 0
IEDBiogasCHP/MMXU1.A.neut.rangeC.max.f: 0.0
14:23:47.208 [openiec61850-osi-server-7-thread-1] DEBUG com.beanit.openiec61850.ServerAssociation - sub BDA is:IEDBiogasCHP/MMXU1.A.neut.rangeC.hhLim.i: 0
14:23:47.208 [openiec61850-osi-server-7-thread-1] DEBUG com.beanit.openiec61850.ServerAssociation - sub BDA is:IEDBiogasCHP/MMXU1.A.neut.rangeC.hhLim.f: 0.0
14:23:47.208 [openiec61850-osi-server-7-thread-1] DEBUG com.beanit.openiec61850.ServerAssociation - sub BDA is:IEDBiogasCHP/MMXU1.A.neut.rangeC.hLim.i: 0
14:23:47.208 [openiec61850-osi-server-7-thread-1] DEBUG com.beanit.openiec61850.ServerAssociation - sub BDA is:IEDBiogasCHP/MMXU1.A.neut.rangeC.hLim.f: 0.0
14:23:47.208 [openiec61850-osi-server-7-thread-1] DEBUG com.beanit.openiec61850.ServerAssociation - sub BDA is:IEDBiogasCHP/MMXU1.A.neut.rangeC.lLim.i: 0
14:23:47.208 [openiec61850-osi-server-7-thread-1] DEBUG com.beanit.openiec61850.ServerAssociation - sub BDA is:IEDBiogasCHP/MMXU1.A.neut.rangeC.lLim.f: 0.0
14:23:47.208 [openiec61850-osi-server-7-thread-1] DEBUG com.beanit.openiec61850.ServerAssociation - sub BDA is:IEDBiogasCHP/MMXU1.A.neut.rangeC.llLim.i: 0
14:23:47.208 [openiec61850-osi-server-7-thread-1] DEBUG com.beanit.openiec61850.ServerAssociation - sub BDA is:IEDBiogasCHP/MMXU1.A.neut.rangeC.llLim.f: 0.0
14:23:47.208 [openiec61850-osi-server-7-thread-1] DEBUG com.beanit.openiec61850.ServerAssociation - sub BDA is:IEDBiogasCHP/MMXU1.A.neut.rangeC.min.i: 0
14:23:47.208 [openiec61850-osi-server-7-thread-1] DEBUG com.beanit.openiec61850.ServerAssociation - sub BDA is:IEDBiogasCHP/MMXU1.A.neut.rangeC.min.f: 0.0
14:23:47.208 [openiec61850-osi-server-7-thread-1] DEBUG com.beanit.openiec61850.ServerAssociation - sub BDA is:IEDBiogasCHP/MMXU1.A.neut.rangeC.max.i: 0
14:23:47.208 [openiec61850-osi-server-7-thread-1] DEBUG com.beanit.openiec61850.ServerAssociation - sub BDA is:IEDBiogasCHP/MMXU1.A.neut.rangeC.max.f: 0.0
calling GetDataValues(IEDBiogasCHP/MMXU1.A.neut.rangeC.hhLim)
14:23:47.208 [openiec61850-osi-server-7-thread-1] DEBUG com.beanit.openiec61850.ServerAssociation - Got a GetDataValues request for node: IEDBiogasCHP/MMXU1.A.neut.rangeC.hhLim [CF]
IEDBiogasCHP/MMXU1.A.neut.rangeC.hhLim.i: 0
IEDBiogasCHP/MMXU1.A.neut.rangeC.hhLim.f: 0.0
14:23:47.208 [openiec61850-osi-server-7-thread-1] DEBUG com.beanit.openiec61850.ServerAssociation - sub BDA is:IEDBiogasCHP/MMXU1.A.neut.rangeC.hhLim.i: 0
14:23:47.208 [openiec61850-osi-server-7-thread-1] DEBUG com.beanit.openiec61850.ServerAssociation - sub BDA is:IEDBiogasCHP/MMXU1.A.neut.rangeC.hhLim.f: 0.0
calling GetDataValues(IEDBiogasCHP/MMXU1.A.neut.rangeC.hhLim.i)
14:23:47.208 [openiec61850-osi-server-7-thread-1] DEBUG com.beanit.openiec61850.ServerAssociation - Got a GetDataValues request for node: IEDBiogasCHP/MMXU1.A.neut.rangeC.hhLim.i: 0
calling GetDataValues(IEDBiogasCHP/MMXU1.A.neut.rangeC.hhLim.f)
14:23:47.208 [openiec61850-osi-server-7-thread-1] DEBUG com.beanit.openiec61850.ServerAssociation - Got a GetDataValues request for node: IEDBiogasCHP/MMXU1.A.neut.rangeC.hhLim.f: 0.0
calling GetDataValues(IEDBiogasCHP/MMXU1.A.neut.rangeC.hLim)
14:23:47.209 [openiec61850-osi-server-7-thread-1] DEBUG com.beanit.openiec61850.ServerAssociation - Got a GetDataValues request for node: IEDBiogasCHP/MMXU1.A.neut.rangeC.hLim [CF]
IEDBiogasCHP/MMXU1.A.neut.rangeC.hLim.i: 0
IEDBiogasCHP/MMXU1.A.neut.rangeC.hLim.f: 0.0
14:23:47.209 [openiec61850-osi-server-7-thread-1] DEBUG com.beanit.openiec61850.ServerAssociation - sub BDA is:IEDBiogasCHP/MMXU1.A.neut.rangeC.hLim.i: 0
14:23:47.209 [openiec61850-osi-server-7-thread-1] DEBUG com.beanit.openiec61850.ServerAssociation - sub BDA is:IEDBiogasCHP/MMXU1.A.neut.rangeC.hLim.f: 0.0
calling GetDataValues(IEDBiogasCHP/MMXU1.A.neut.rangeC.hLim.i)
14:23:47.209 [openiec61850-osi-server-7-thread-1] DEBUG com.beanit.openiec61850.ServerAssociation - Got a GetDataValues request for node: IEDBiogasCHP/MMXU1.A.neut.rangeC.hLim.i: 0
calling GetDataValues(IEDBiogasCHP/MMXU1.A.neut.rangeC.hLim.f)
14:23:47.209 [openiec61850-osi-server-7-thread-1] DEBUG com.beanit.openiec61850.ServerAssociation - Got a GetDataValues request for node: IEDBiogasCHP/MMXU1.A.neut.rangeC.hLim.f: 0.0
calling GetDataValues(IEDBiogasCHP/MMXU1.A.neut.rangeC.lLim)
14:23:47.209 [openiec61850-osi-server-7-thread-1] DEBUG com.beanit.openiec61850.ServerAssociation - Got a GetDataValues request for node: IEDBiogasCHP/MMXU1.A.neut.rangeC.lLim [CF]
IEDBiogasCHP/MMXU1.A.neut.rangeC.lLim.i: 0
IEDBiogasCHP/MMXU1.A.neut.rangeC.lLim.f: 0.0
14:23:47.209 [openiec61850-osi-server-7-thread-1] DEBUG com.beanit.openiec61850.ServerAssociation - sub BDA is:IEDBiogasCHP/MMXU1.A.neut.rangeC.lLim.i: 0
14:23:47.209 [openiec61850-osi-server-7-thread-1] DEBUG com.beanit.openiec61850.ServerAssociation - sub BDA is:IEDBiogasCHP/MMXU1.A.neut.rangeC.lLim.f: 0.0
calling GetDataValues(IEDBiogasCHP/MMXU1.A.neut.rangeC.lLim.i)
14:23:47.209 [openiec61850-osi-server-7-thread-1] DEBUG com.beanit.openiec61850.ServerAssociation - Got a GetDataValues request for node: IEDBiogasCHP/MMXU1.A.neut.rangeC.lLim.i: 0
calling GetDataValues(IEDBiogasCHP/MMXU1.A.neut.rangeC.lLim.f)
14:23:47.209 [openiec61850-osi-server-7-thread-1] DEBUG com.beanit.openiec61850.ServerAssociation - Got a GetDataValues request for node: IEDBiogasCHP/MMXU1.A.neut.rangeC.lLim.f: 0.0
calling GetDataValues(IEDBiogasCHP/MMXU1.A.neut.rangeC.llLim)
14:23:47.209 [openiec61850-osi-server-7-thread-1] DEBUG com.beanit.openiec61850.ServerAssociation - Got a GetDataValues request for node: IEDBiogasCHP/MMXU1.A.neut.rangeC.llLim [CF]
IEDBiogasCHP/MMXU1.A.neut.rangeC.llLim.i: 0
IEDBiogasCHP/MMXU1.A.neut.rangeC.llLim.f: 0.0
14:23:47.209 [openiec61850-osi-server-7-thread-1] DEBUG com.beanit.openiec61850.ServerAssociation - sub BDA is:IEDBiogasCHP/MMXU1.A.neut.rangeC.llLim.i: 0
14:23:47.209 [openiec61850-osi-server-7-thread-1] DEBUG com.beanit.openiec61850.ServerAssociation - sub BDA is:IEDBiogasCHP/MMXU1.A.neut.rangeC.llLim.f: 0.0
calling GetDataValues(IEDBiogasCHP/MMXU1.A.neut.rangeC.llLim.i)
14:23:47.209 [openiec61850-osi-server-7-thread-1] DEBUG com.beanit.openiec61850.ServerAssociation - Got a GetDataValues request for node: IEDBiogasCHP/MMXU1.A.neut.rangeC.llLim.i: 0
calling GetDataValues(IEDBiogasCHP/MMXU1.A.neut.rangeC.llLim.f)
14:23:47.210 [openiec61850-osi-server-7-thread-1] DEBUG com.beanit.openiec61850.ServerAssociation - Got a GetDataValues request for node: IEDBiogasCHP/MMXU1.A.neut.rangeC.llLim.f: 0.0
calling GetDataValues(IEDBiogasCHP/MMXU1.A.neut.rangeC.min)
14:23:47.210 [openiec61850-osi-server-7-thread-1] DEBUG com.beanit.openiec61850.ServerAssociation - Got a GetDataValues request for node: IEDBiogasCHP/MMXU1.A.neut.rangeC.min [CF]
IEDBiogasCHP/MMXU1.A.neut.rangeC.min.i: 0
IEDBiogasCHP/MMXU1.A.neut.rangeC.min.f: 0.0
14:23:47.210 [openiec61850-osi-server-7-thread-1] DEBUG com.beanit.openiec61850.ServerAssociation - sub BDA is:IEDBiogasCHP/MMXU1.A.neut.rangeC.min.i: 0
14:23:47.210 [openiec61850-osi-server-7-thread-1] DEBUG com.beanit.openiec61850.ServerAssociation - sub BDA is:IEDBiogasCHP/MMXU1.A.neut.rangeC.min.f: 0.0
calling GetDataValues(IEDBiogasCHP/MMXU1.A.neut.rangeC.min.i)
14:23:47.210 [openiec61850-osi-server-7-thread-1] DEBUG com.beanit.openiec61850.ServerAssociation - Got a GetDataValues request for node: IEDBiogasCHP/MMXU1.A.neut.rangeC.min.i: 0
calling GetDataValues(IEDBiogasCHP/MMXU1.A.neut.rangeC.min.f)
14:23:47.210 [openiec61850-osi-server-7-thread-1] DEBUG com.beanit.openiec61850.ServerAssociation - Got a GetDataValues request for node: IEDBiogasCHP/MMXU1.A.neut.rangeC.min.f: 0.0
calling GetDataValues(IEDBiogasCHP/MMXU1.A.neut.rangeC.max)
14:23:47.210 [openiec61850-osi-server-7-thread-1] DEBUG com.beanit.openiec61850.ServerAssociation - Got a GetDataValues request for node: IEDBiogasCHP/MMXU1.A.neut.rangeC.max [CF]
IEDBiogasCHP/MMXU1.A.neut.rangeC.max.i: 0
IEDBiogasCHP/MMXU1.A.neut.rangeC.max.f: 0.0
14:23:47.210 [openiec61850-osi-server-7-thread-1] DEBUG com.beanit.openiec61850.ServerAssociation - sub BDA is:IEDBiogasCHP/MMXU1.A.neut.rangeC.max.i: 0
14:23:47.210 [openiec61850-osi-server-7-thread-1] DEBUG com.beanit.openiec61850.ServerAssociation - sub BDA is:IEDBiogasCHP/MMXU1.A.neut.rangeC.max.f: 0.0
calling GetDataValues(IEDBiogasCHP/MMXU1.A.neut.rangeC.max.i)
14:23:47.210 [openiec61850-osi-server-7-thread-1] DEBUG com.beanit.openiec61850.ServerAssociation - Got a GetDataValues request for node: IEDBiogasCHP/MMXU1.A.neut.rangeC.max.i: 0
calling GetDataValues(IEDBiogasCHP/MMXU1.A.neut.rangeC.max.f)
14:23:47.210 [openiec61850-osi-server-7-thread-1] DEBUG com.beanit.openiec61850.ServerAssociation - Got a GetDataValues request for node: IEDBiogasCHP/MMXU1.A.neut.rangeC.max.f: 0.0
calling GetDataValues(IEDBiogasCHP/MMXU1.A.neut.magSVC)
14:23:47.210 [openiec61850-osi-server-7-thread-1] DEBUG com.beanit.openiec61850.ServerAssociation - Got a GetDataValues request for node: IEDBiogasCHP/MMXU1.A.neut.magSVC [CF]
IEDBiogasCHP/MMXU1.A.neut.magSVC.scaleFactor: 0.0
IEDBiogasCHP/MMXU1.A.neut.magSVC.offset: 0.0
14:23:47.210 [openiec61850-osi-server-7-thread-1] DEBUG com.beanit.openiec61850.ServerAssociation - sub BDA is:IEDBiogasCHP/MMXU1.A.neut.magSVC.scaleFactor: 0.0
14:23:47.210 [openiec61850-osi-server-7-thread-1] DEBUG com.beanit.openiec61850.ServerAssociation - sub BDA is:IEDBiogasCHP/MMXU1.A.neut.magSVC.offset: 0.0
calling GetDataValues(IEDBiogasCHP/MMXU1.A.neut.magSVC.scaleFactor)
14:23:47.211 [openiec61850-osi-server-7-thread-1] DEBUG com.beanit.openiec61850.ServerAssociation - Got a GetDataValues request for node: IEDBiogasCHP/MMXU1.A.neut.magSVC.scaleFactor: 0.0
calling GetDataValues(IEDBiogasCHP/MMXU1.A.neut.magSVC.offset)
14:23:47.211 [openiec61850-osi-server-7-thread-1] DEBUG com.beanit.openiec61850.ServerAssociation - Got a GetDataValues request for node: IEDBiogasCHP/MMXU1.A.neut.magSVC.offset: 0.0
calling GetDataValues(IEDBiogasCHP/MMXU1.A.neut.angSVC)
14:23:47.211 [openiec61850-osi-server-7-thread-1] DEBUG com.beanit.openiec61850.ServerAssociation - Got a GetDataValues request for node: IEDBiogasCHP/MMXU1.A.neut.angSVC [CF]
IEDBiogasCHP/MMXU1.A.neut.angSVC.scaleFactor: 0.0
IEDBiogasCHP/MMXU1.A.neut.angSVC.offset: 0.0
14:23:47.211 [openiec61850-osi-server-7-thread-1] DEBUG com.beanit.openiec61850.ServerAssociation - sub BDA is:IEDBiogasCHP/MMXU1.A.neut.angSVC.scaleFactor: 0.0
14:23:47.211 [openiec61850-osi-server-7-thread-1] DEBUG com.beanit.openiec61850.ServerAssociation - sub BDA is:IEDBiogasCHP/MMXU1.A.neut.angSVC.offset: 0.0
calling GetDataValues(IEDBiogasCHP/MMXU1.A.neut.angSVC.scaleFactor)
14:23:47.211 [openiec61850-osi-server-7-thread-1] DEBUG com.beanit.openiec61850.ServerAssociation - Got a GetDataValues request for node: IEDBiogasCHP/MMXU1.A.neut.angSVC.scaleFactor: 0.0
calling GetDataValues(IEDBiogasCHP/MMXU1.A.neut.angSVC.offset)
14:23:47.211 [openiec61850-osi-server-7-thread-1] DEBUG com.beanit.openiec61850.ServerAssociation - Got a GetDataValues request for node: IEDBiogasCHP/MMXU1.A.neut.angSVC.offset: 0.0
calling GetDataValues(IEDBiogasCHP/MMXU1.A.neut.angRef)
14:23:47.211 [openiec61850-osi-server-7-thread-1] DEBUG com.beanit.openiec61850.ServerAssociation - Got a GetDataValues request for node: IEDBiogasCHP/MMXU1.A.neut.angRef: 0
calling GetDataValues(IEDBiogasCHP/MMXU1.A.neut.smpRate)
14:23:47.211 [openiec61850-osi-server-7-thread-1] DEBUG com.beanit.openiec61850.ServerAssociation - Got a GetDataValues request for node: IEDBiogasCHP/MMXU1.A.neut.smpRate: 0
calling GetDataValues(IEDBiogasCHP/MMXU1.A.net)
14:23:47.211 [openiec61850-osi-server-7-thread-1] DEBUG com.beanit.openiec61850.ServerAssociation - Got a GetDataValues request for node: IEDBiogasCHP/MMXU1.A.net [CF]
IEDBiogasCHP/MMXU1.A.net.units [CF]
IEDBiogasCHP/MMXU1.A.net.units.SIUnit: 0
IEDBiogasCHP/MMXU1.A.net.units.multiplier: 0
IEDBiogasCHP/MMXU1.A.net.db: 0
IEDBiogasCHP/MMXU1.A.net.zeroDb: 0
IEDBiogasCHP/MMXU1.A.net.rangeC [CF]
IEDBiogasCHP/MMXU1.A.net.rangeC.hhLim [CF]
IEDBiogasCHP/MMXU1.A.net.rangeC.hhLim.i: 0
IEDBiogasCHP/MMXU1.A.net.rangeC.hhLim.f: 0.0
IEDBiogasCHP/MMXU1.A.net.rangeC.hLim [CF]
IEDBiogasCHP/MMXU1.A.net.rangeC.hLim.i: 0
IEDBiogasCHP/MMXU1.A.net.rangeC.hLim.f: 0.0
IEDBiogasCHP/MMXU1.A.net.rangeC.lLim [CF]
IEDBiogasCHP/MMXU1.A.net.rangeC.lLim.i: 0
IEDBiogasCHP/MMXU1.A.net.rangeC.lLim.f: 0.0
IEDBiogasCHP/MMXU1.A.net.rangeC.llLim [CF]
IEDBiogasCHP/MMXU1.A.net.rangeC.llLim.i: 0
IEDBiogasCHP/MMXU1.A.net.rangeC.llLim.f: 0.0
IEDBiogasCHP/MMXU1.A.net.rangeC.min [CF]
IEDBiogasCHP/MMXU1.A.net.rangeC.min.i: 0
IEDBiogasCHP/MMXU1.A.net.rangeC.min.f: 0.0
IEDBiogasCHP/MMXU1.A.net.rangeC.max [CF]
IEDBiogasCHP/MMXU1.A.net.rangeC.max.i: 0
IEDBiogasCHP/MMXU1.A.net.rangeC.max.f: 0.0
IEDBiogasCHP/MMXU1.A.net.magSVC [CF]
IEDBiogasCHP/MMXU1.A.net.magSVC.scaleFactor: 0.0
IEDBiogasCHP/MMXU1.A.net.magSVC.offset: 0.0
IEDBiogasCHP/MMXU1.A.net.angSVC [CF]
IEDBiogasCHP/MMXU1.A.net.angSVC.scaleFactor: 0.0
IEDBiogasCHP/MMXU1.A.net.angSVC.offset: 0.0
IEDBiogasCHP/MMXU1.A.net.angRef: 0
IEDBiogasCHP/MMXU1.A.net.smpRate: 0
14:23:47.211 [openiec61850-osi-server-7-thread-1] DEBUG com.beanit.openiec61850.ServerAssociation - sub BDA is:IEDBiogasCHP/MMXU1.A.net.units.SIUnit: 0
14:23:47.211 [openiec61850-osi-server-7-thread-1] DEBUG com.beanit.openiec61850.ServerAssociation - sub BDA is:IEDBiogasCHP/MMXU1.A.net.units.multiplier: 0
14:23:47.211 [openiec61850-osi-server-7-thread-1] DEBUG com.beanit.openiec61850.ServerAssociation - sub BDA is:IEDBiogasCHP/MMXU1.A.net.db: 0
14:23:47.211 [openiec61850-osi-server-7-thread-1] DEBUG com.beanit.openiec61850.ServerAssociation - sub BDA is:IEDBiogasCHP/MMXU1.A.net.zeroDb: 0
14:23:47.211 [openiec61850-osi-server-7-thread-1] DEBUG com.beanit.openiec61850.ServerAssociation - sub BDA is:IEDBiogasCHP/MMXU1.A.net.rangeC.hhLim.i: 0
14:23:47.211 [openiec61850-osi-server-7-thread-1] DEBUG com.beanit.openiec61850.ServerAssociation - sub BDA is:IEDBiogasCHP/MMXU1.A.net.rangeC.hhLim.f: 0.0
14:23:47.211 [openiec61850-osi-server-7-thread-1] DEBUG com.beanit.openiec61850.ServerAssociation - sub BDA is:IEDBiogasCHP/MMXU1.A.net.rangeC.hLim.i: 0
14:23:47.211 [openiec61850-osi-server-7-thread-1] DEBUG com.beanit.openiec61850.ServerAssociation - sub BDA is:IEDBiogasCHP/MMXU1.A.net.rangeC.hLim.f: 0.0
14:23:47.211 [openiec61850-osi-server-7-thread-1] DEBUG com.beanit.openiec61850.ServerAssociation - sub BDA is:IEDBiogasCHP/MMXU1.A.net.rangeC.lLim.i: 0
14:23:47.211 [openiec61850-osi-server-7-thread-1] DEBUG com.beanit.openiec61850.ServerAssociation - sub BDA is:IEDBiogasCHP/MMXU1.A.net.rangeC.lLim.f: 0.0
14:23:47.211 [openiec61850-osi-server-7-thread-1] DEBUG com.beanit.openiec61850.ServerAssociation - sub BDA is:IEDBiogasCHP/MMXU1.A.net.rangeC.llLim.i: 0
14:23:47.211 [openiec61850-osi-server-7-thread-1] DEBUG com.beanit.openiec61850.ServerAssociation - sub BDA is:IEDBiogasCHP/MMXU1.A.net.rangeC.llLim.f: 0.0
14:23:47.211 [openiec61850-osi-server-7-thread-1] DEBUG com.beanit.openiec61850.ServerAssociation - sub BDA is:IEDBiogasCHP/MMXU1.A.net.rangeC.min.i: 0
14:23:47.211 [openiec61850-osi-server-7-thread-1] DEBUG com.beanit.openiec61850.ServerAssociation - sub BDA is:IEDBiogasCHP/MMXU1.A.net.rangeC.min.f: 0.0
14:23:47.211 [openiec61850-osi-server-7-thread-1] DEBUG com.beanit.openiec61850.ServerAssociation - sub BDA is:IEDBiogasCHP/MMXU1.A.net.rangeC.max.i: 0
14:23:47.212 [openiec61850-osi-server-7-thread-1] DEBUG com.beanit.openiec61850.ServerAssociation - sub BDA is:IEDBiogasCHP/MMXU1.A.net.rangeC.max.f: 0.0
14:23:47.212 [openiec61850-osi-server-7-thread-1] DEBUG com.beanit.openiec61850.ServerAssociation - sub BDA is:IEDBiogasCHP/MMXU1.A.net.magSVC.scaleFactor: 0.0
14:23:47.212 [openiec61850-osi-server-7-thread-1] DEBUG com.beanit.openiec61850.ServerAssociation - sub BDA is:IEDBiogasCHP/MMXU1.A.net.magSVC.offset: 0.0
14:23:47.212 [openiec61850-osi-server-7-thread-1] DEBUG com.beanit.openiec61850.ServerAssociation - sub BDA is:IEDBiogasCHP/MMXU1.A.net.angSVC.scaleFactor: 0.0
14:23:47.212 [openiec61850-osi-server-7-thread-1] DEBUG com.beanit.openiec61850.ServerAssociation - sub BDA is:IEDBiogasCHP/MMXU1.A.net.angSVC.offset: 0.0
14:23:47.212 [openiec61850-osi-server-7-thread-1] DEBUG com.beanit.openiec61850.ServerAssociation - sub BDA is:IEDBiogasCHP/MMXU1.A.net.angRef: 0
14:23:47.212 [openiec61850-osi-server-7-thread-1] DEBUG com.beanit.openiec61850.ServerAssociation - sub BDA is:IEDBiogasCHP/MMXU1.A.net.smpRate: 0
calling GetDataValues(IEDBiogasCHP/MMXU1.A.net.units)
14:23:47.212 [openiec61850-osi-server-7-thread-1] DEBUG com.beanit.openiec61850.ServerAssociation - Got a GetDataValues request for node: IEDBiogasCHP/MMXU1.A.net.units [CF]
IEDBiogasCHP/MMXU1.A.net.units.SIUnit: 0
IEDBiogasCHP/MMXU1.A.net.units.multiplier: 0
14:23:47.212 [openiec61850-osi-server-7-thread-1] DEBUG com.beanit.openiec61850.ServerAssociation - sub BDA is:IEDBiogasCHP/MMXU1.A.net.units.SIUnit: 0
14:23:47.212 [openiec61850-osi-server-7-thread-1] DEBUG com.beanit.openiec61850.ServerAssociation - sub BDA is:IEDBiogasCHP/MMXU1.A.net.units.multiplier: 0
calling GetDataValues(IEDBiogasCHP/MMXU1.A.net.units.SIUnit)
14:23:47.212 [openiec61850-osi-server-7-thread-1] DEBUG com.beanit.openiec61850.ServerAssociation - Got a GetDataValues request for node: IEDBiogasCHP/MMXU1.A.net.units.SIUnit: 0
calling GetDataValues(IEDBiogasCHP/MMXU1.A.net.units.multiplier)
14:23:47.212 [openiec61850-osi-server-7-thread-1] DEBUG com.beanit.openiec61850.ServerAssociation - Got a GetDataValues request for node: IEDBiogasCHP/MMXU1.A.net.units.multiplier: 0
calling GetDataValues(IEDBiogasCHP/MMXU1.A.net.db)
14:23:47.212 [openiec61850-osi-server-7-thread-1] DEBUG com.beanit.openiec61850.ServerAssociation - Got a GetDataValues request for node: IEDBiogasCHP/MMXU1.A.net.db: 0
calling GetDataValues(IEDBiogasCHP/MMXU1.A.net.zeroDb)
14:23:47.212 [openiec61850-osi-server-7-thread-1] DEBUG com.beanit.openiec61850.ServerAssociation - Got a GetDataValues request for node: IEDBiogasCHP/MMXU1.A.net.zeroDb: 0
calling GetDataValues(IEDBiogasCHP/MMXU1.A.net.rangeC)
14:23:47.212 [openiec61850-osi-server-7-thread-1] DEBUG com.beanit.openiec61850.ServerAssociation - Got a GetDataValues request for node: IEDBiogasCHP/MMXU1.A.net.rangeC [CF]
IEDBiogasCHP/MMXU1.A.net.rangeC.hhLim [CF]
IEDBiogasCHP/MMXU1.A.net.rangeC.hhLim.i: 0
IEDBiogasCHP/MMXU1.A.net.rangeC.hhLim.f: 0.0
IEDBiogasCHP/MMXU1.A.net.rangeC.hLim [CF]
IEDBiogasCHP/MMXU1.A.net.rangeC.hLim.i: 0
IEDBiogasCHP/MMXU1.A.net.rangeC.hLim.f: 0.0
IEDBiogasCHP/MMXU1.A.net.rangeC.lLim [CF]
IEDBiogasCHP/MMXU1.A.net.rangeC.lLim.i: 0
IEDBiogasCHP/MMXU1.A.net.rangeC.lLim.f: 0.0
IEDBiogasCHP/MMXU1.A.net.rangeC.llLim [CF]
IEDBiogasCHP/MMXU1.A.net.rangeC.llLim.i: 0
IEDBiogasCHP/MMXU1.A.net.rangeC.llLim.f: 0.0
IEDBiogasCHP/MMXU1.A.net.rangeC.min [CF]
IEDBiogasCHP/MMXU1.A.net.rangeC.min.i: 0
IEDBiogasCHP/MMXU1.A.net.rangeC.min.f: 0.0
IEDBiogasCHP/MMXU1.A.net.rangeC.max [CF]
IEDBiogasCHP/MMXU1.A.net.rangeC.max.i: 0
IEDBiogasCHP/MMXU1.A.net.rangeC.max.f: 0.0
14:23:47.212 [openiec61850-osi-server-7-thread-1] DEBUG com.beanit.openiec61850.ServerAssociation - sub BDA is:IEDBiogasCHP/MMXU1.A.net.rangeC.hhLim.i: 0
14:23:47.212 [openiec61850-osi-server-7-thread-1] DEBUG com.beanit.openiec61850.ServerAssociation - sub BDA is:IEDBiogasCHP/MMXU1.A.net.rangeC.hhLim.f: 0.0
14:23:47.212 [openiec61850-osi-server-7-thread-1] DEBUG com.beanit.openiec61850.ServerAssociation - sub BDA is:IEDBiogasCHP/MMXU1.A.net.rangeC.hLim.i: 0
14:23:47.212 [openiec61850-osi-server-7-thread-1] DEBUG com.beanit.openiec61850.ServerAssociation - sub BDA is:IEDBiogasCHP/MMXU1.A.net.rangeC.hLim.f: 0.0
14:23:47.212 [openiec61850-osi-server-7-thread-1] DEBUG com.beanit.openiec61850.ServerAssociation - sub BDA is:IEDBiogasCHP/MMXU1.A.net.rangeC.lLim.i: 0
14:23:47.212 [openiec61850-osi-server-7-thread-1] DEBUG com.beanit.openiec61850.ServerAssociation - sub BDA is:IEDBiogasCHP/MMXU1.A.net.rangeC.lLim.f: 0.0
14:23:47.212 [openiec61850-osi-server-7-thread-1] DEBUG com.beanit.openiec61850.ServerAssociation - sub BDA is:IEDBiogasCHP/MMXU1.A.net.rangeC.llLim.i: 0
14:23:47.212 [openiec61850-osi-server-7-thread-1] DEBUG com.beanit.openiec61850.ServerAssociation - sub BDA is:IEDBiogasCHP/MMXU1.A.net.rangeC.llLim.f: 0.0
14:23:47.212 [openiec61850-osi-server-7-thread-1] DEBUG com.beanit.openiec61850.ServerAssociation - sub BDA is:IEDBiogasCHP/MMXU1.A.net.rangeC.min.i: 0
14:23:47.212 [openiec61850-osi-server-7-thread-1] DEBUG com.beanit.openiec61850.ServerAssociation - sub BDA is:IEDBiogasCHP/MMXU1.A.net.rangeC.min.f: 0.0
14:23:47.212 [openiec61850-osi-server-7-thread-1] DEBUG com.beanit.openiec61850.ServerAssociation - sub BDA is:IEDBiogasCHP/MMXU1.A.net.rangeC.max.i: 0
14:23:47.212 [openiec61850-osi-server-7-thread-1] DEBUG com.beanit.openiec61850.ServerAssociation - sub BDA is:IEDBiogasCHP/MMXU1.A.net.rangeC.max.f: 0.0
calling GetDataValues(IEDBiogasCHP/MMXU1.A.net.rangeC.hhLim)
14:23:47.213 [openiec61850-osi-server-7-thread-1] DEBUG com.beanit.openiec61850.ServerAssociation - Got a GetDataValues request for node: IEDBiogasCHP/MMXU1.A.net.rangeC.hhLim [CF]
IEDBiogasCHP/MMXU1.A.net.rangeC.hhLim.i: 0
IEDBiogasCHP/MMXU1.A.net.rangeC.hhLim.f: 0.0
14:23:47.213 [openiec61850-osi-server-7-thread-1] DEBUG com.beanit.openiec61850.ServerAssociation - sub BDA is:IEDBiogasCHP/MMXU1.A.net.rangeC.hhLim.i: 0
14:23:47.213 [openiec61850-osi-server-7-thread-1] DEBUG com.beanit.openiec61850.ServerAssociation - sub BDA is:IEDBiogasCHP/MMXU1.A.net.rangeC.hhLim.f: 0.0
calling GetDataValues(IEDBiogasCHP/MMXU1.A.net.rangeC.hhLim.i)
14:23:47.213 [openiec61850-osi-server-7-thread-1] DEBUG com.beanit.openiec61850.ServerAssociation - Got a GetDataValues request for node: IEDBiogasCHP/MMXU1.A.net.rangeC.hhLim.i: 0
calling GetDataValues(IEDBiogasCHP/MMXU1.A.net.rangeC.hhLim.f)
14:23:47.213 [openiec61850-osi-server-7-thread-1] DEBUG com.beanit.openiec61850.ServerAssociation - Got a GetDataValues request for node: IEDBiogasCHP/MMXU1.A.net.rangeC.hhLim.f: 0.0
calling GetDataValues(IEDBiogasCHP/MMXU1.A.net.rangeC.hLim)
14:23:47.213 [openiec61850-osi-server-7-thread-1] DEBUG com.beanit.openiec61850.ServerAssociation - Got a GetDataValues request for node: IEDBiogasCHP/MMXU1.A.net.rangeC.hLim [CF]
IEDBiogasCHP/MMXU1.A.net.rangeC.hLim.i: 0
IEDBiogasCHP/MMXU1.A.net.rangeC.hLim.f: 0.0
14:23:47.213 [openiec61850-osi-server-7-thread-1] DEBUG com.beanit.openiec61850.ServerAssociation - sub BDA is:IEDBiogasCHP/MMXU1.A.net.rangeC.hLim.i: 0
14:23:47.213 [openiec61850-osi-server-7-thread-1] DEBUG com.beanit.openiec61850.ServerAssociation - sub BDA is:IEDBiogasCHP/MMXU1.A.net.rangeC.hLim.f: 0.0
calling GetDataValues(IEDBiogasCHP/MMXU1.A.net.rangeC.hLim.i)
14:23:47.213 [openiec61850-osi-server-7-thread-1] DEBUG com.beanit.openiec61850.ServerAssociation - Got a GetDataValues request for node: IEDBiogasCHP/MMXU1.A.net.rangeC.hLim.i: 0
calling GetDataValues(IEDBiogasCHP/MMXU1.A.net.rangeC.hLim.f)
14:23:47.213 [openiec61850-osi-server-7-thread-1] DEBUG com.beanit.openiec61850.ServerAssociation - Got a GetDataValues request for node: IEDBiogasCHP/MMXU1.A.net.rangeC.hLim.f: 0.0
calling GetDataValues(IEDBiogasCHP/MMXU1.A.net.rangeC.lLim)
14:23:47.213 [openiec61850-osi-server-7-thread-1] DEBUG com.beanit.openiec61850.ServerAssociation - Got a GetDataValues request for node: IEDBiogasCHP/MMXU1.A.net.rangeC.lLim [CF]
IEDBiogasCHP/MMXU1.A.net.rangeC.lLim.i: 0
IEDBiogasCHP/MMXU1.A.net.rangeC.lLim.f: 0.0
14:23:47.213 [openiec61850-osi-server-7-thread-1] DEBUG com.beanit.openiec61850.ServerAssociation - sub BDA is:IEDBiogasCHP/MMXU1.A.net.rangeC.lLim.i: 0
14:23:47.213 [openiec61850-osi-server-7-thread-1] DEBUG com.beanit.openiec61850.ServerAssociation - sub BDA is:IEDBiogasCHP/MMXU1.A.net.rangeC.lLim.f: 0.0
calling GetDataValues(IEDBiogasCHP/MMXU1.A.net.rangeC.lLim.i)
14:23:47.213 [openiec61850-osi-server-7-thread-1] DEBUG com.beanit.openiec61850.ServerAssociation - Got a GetDataValues request for node: IEDBiogasCHP/MMXU1.A.net.rangeC.lLim.i: 0
calling GetDataValues(IEDBiogasCHP/MMXU1.A.net.rangeC.lLim.f)
14:23:47.213 [openiec61850-osi-server-7-thread-1] DEBUG com.beanit.openiec61850.ServerAssociation - Got a GetDataValues request for node: IEDBiogasCHP/MMXU1.A.net.rangeC.lLim.f: 0.0
calling GetDataValues(IEDBiogasCHP/MMXU1.A.net.rangeC.llLim)
14:23:47.214 [openiec61850-osi-server-7-thread-1] DEBUG com.beanit.openiec61850.ServerAssociation - Got a GetDataValues request for node: IEDBiogasCHP/MMXU1.A.net.rangeC.llLim [CF]
IEDBiogasCHP/MMXU1.A.net.rangeC.llLim.i: 0
IEDBiogasCHP/MMXU1.A.net.rangeC.llLim.f: 0.0
14:23:47.214 [openiec61850-osi-server-7-thread-1] DEBUG com.beanit.openiec61850.ServerAssociation - sub BDA is:IEDBiogasCHP/MMXU1.A.net.rangeC.llLim.i: 0
14:23:47.214 [openiec61850-osi-server-7-thread-1] DEBUG com.beanit.openiec61850.ServerAssociation - sub BDA is:IEDBiogasCHP/MMXU1.A.net.rangeC.llLim.f: 0.0
calling GetDataValues(IEDBiogasCHP/MMXU1.A.net.rangeC.llLim.i)
14:23:47.214 [openiec61850-osi-server-7-thread-1] DEBUG com.beanit.openiec61850.ServerAssociation - Got a GetDataValues request for node: IEDBiogasCHP/MMXU1.A.net.rangeC.llLim.i: 0
calling GetDataValues(IEDBiogasCHP/MMXU1.A.net.rangeC.llLim.f)
14:23:47.214 [openiec61850-osi-server-7-thread-1] DEBUG com.beanit.openiec61850.ServerAssociation - Got a GetDataValues request for node: IEDBiogasCHP/MMXU1.A.net.rangeC.llLim.f: 0.0
calling GetDataValues(IEDBiogasCHP/MMXU1.A.net.rangeC.min)
14:23:47.214 [openiec61850-osi-server-7-thread-1] DEBUG com.beanit.openiec61850.ServerAssociation - Got a GetDataValues request for node: IEDBiogasCHP/MMXU1.A.net.rangeC.min [CF]
IEDBiogasCHP/MMXU1.A.net.rangeC.min.i: 0
IEDBiogasCHP/MMXU1.A.net.rangeC.min.f: 0.0
14:23:47.214 [openiec61850-osi-server-7-thread-1] DEBUG com.beanit.openiec61850.ServerAssociation - sub BDA is:IEDBiogasCHP/MMXU1.A.net.rangeC.min.i: 0
14:23:47.214 [openiec61850-osi-server-7-thread-1] DEBUG com.beanit.openiec61850.ServerAssociation - sub BDA is:IEDBiogasCHP/MMXU1.A.net.rangeC.min.f: 0.0
calling GetDataValues(IEDBiogasCHP/MMXU1.A.net.rangeC.min.i)
14:23:47.214 [openiec61850-osi-server-7-thread-1] DEBUG com.beanit.openiec61850.ServerAssociation - Got a GetDataValues request for node: IEDBiogasCHP/MMXU1.A.net.rangeC.min.i: 0
calling GetDataValues(IEDBiogasCHP/MMXU1.A.net.rangeC.min.f)
14:23:47.214 [openiec61850-osi-server-7-thread-1] DEBUG com.beanit.openiec61850.ServerAssociation - Got a GetDataValues request for node: IEDBiogasCHP/MMXU1.A.net.rangeC.min.f: 0.0
calling GetDataValues(IEDBiogasCHP/MMXU1.A.net.rangeC.max)
14:23:47.214 [openiec61850-osi-server-7-thread-1] DEBUG com.beanit.openiec61850.ServerAssociation - Got a GetDataValues request for node: IEDBiogasCHP/MMXU1.A.net.rangeC.max [CF]
IEDBiogasCHP/MMXU1.A.net.rangeC.max.i: 0
IEDBiogasCHP/MMXU1.A.net.rangeC.max.f: 0.0
14:23:47.214 [openiec61850-osi-server-7-thread-1] DEBUG com.beanit.openiec61850.ServerAssociation - sub BDA is:IEDBiogasCHP/MMXU1.A.net.rangeC.max.i: 0
14:23:47.214 [openiec61850-osi-server-7-thread-1] DEBUG com.beanit.openiec61850.ServerAssociation - sub BDA is:IEDBiogasCHP/MMXU1.A.net.rangeC.max.f: 0.0
calling GetDataValues(IEDBiogasCHP/MMXU1.A.net.rangeC.max.i)
14:23:47.214 [openiec61850-osi-server-7-thread-1] DEBUG com.beanit.openiec61850.ServerAssociation - Got a GetDataValues request for node: IEDBiogasCHP/MMXU1.A.net.rangeC.max.i: 0
calling GetDataValues(IEDBiogasCHP/MMXU1.A.net.rangeC.max.f)
14:23:47.215 [openiec61850-osi-server-7-thread-1] DEBUG com.beanit.openiec61850.ServerAssociation - Got a GetDataValues request for node: IEDBiogasCHP/MMXU1.A.net.rangeC.max.f: 0.0
calling GetDataValues(IEDBiogasCHP/MMXU1.A.net.magSVC)
14:23:47.215 [openiec61850-osi-server-7-thread-1] DEBUG com.beanit.openiec61850.ServerAssociation - Got a GetDataValues request for node: IEDBiogasCHP/MMXU1.A.net.magSVC [CF]
IEDBiogasCHP/MMXU1.A.net.magSVC.scaleFactor: 0.0
IEDBiogasCHP/MMXU1.A.net.magSVC.offset: 0.0
14:23:47.215 [openiec61850-osi-server-7-thread-1] DEBUG com.beanit.openiec61850.ServerAssociation - sub BDA is:IEDBiogasCHP/MMXU1.A.net.magSVC.scaleFactor: 0.0
14:23:47.215 [openiec61850-osi-server-7-thread-1] DEBUG com.beanit.openiec61850.ServerAssociation - sub BDA is:IEDBiogasCHP/MMXU1.A.net.magSVC.offset: 0.0
calling GetDataValues(IEDBiogasCHP/MMXU1.A.net.magSVC.scaleFactor)
14:23:47.215 [openiec61850-osi-server-7-thread-1] DEBUG com.beanit.openiec61850.ServerAssociation - Got a GetDataValues request for node: IEDBiogasCHP/MMXU1.A.net.magSVC.scaleFactor: 0.0
calling GetDataValues(IEDBiogasCHP/MMXU1.A.net.magSVC.offset)
14:23:47.215 [openiec61850-osi-server-7-thread-1] DEBUG com.beanit.openiec61850.ServerAssociation - Got a GetDataValues request for node: IEDBiogasCHP/MMXU1.A.net.magSVC.offset: 0.0
calling GetDataValues(IEDBiogasCHP/MMXU1.A.net.angSVC)
14:23:47.215 [openiec61850-osi-server-7-thread-1] DEBUG com.beanit.openiec61850.ServerAssociation - Got a GetDataValues request for node: IEDBiogasCHP/MMXU1.A.net.angSVC [CF]
IEDBiogasCHP/MMXU1.A.net.angSVC.scaleFactor: 0.0
IEDBiogasCHP/MMXU1.A.net.angSVC.offset: 0.0
14:23:47.215 [openiec61850-osi-server-7-thread-1] DEBUG com.beanit.openiec61850.ServerAssociation - sub BDA is:IEDBiogasCHP/MMXU1.A.net.angSVC.scaleFactor: 0.0
14:23:47.215 [openiec61850-osi-server-7-thread-1] DEBUG com.beanit.openiec61850.ServerAssociation - sub BDA is:IEDBiogasCHP/MMXU1.A.net.angSVC.offset: 0.0
calling GetDataValues(IEDBiogasCHP/MMXU1.A.net.angSVC.scaleFactor)
14:23:47.215 [openiec61850-osi-server-7-thread-1] DEBUG com.beanit.openiec61850.ServerAssociation - Got a GetDataValues request for node: IEDBiogasCHP/MMXU1.A.net.angSVC.scaleFactor: 0.0
calling GetDataValues(IEDBiogasCHP/MMXU1.A.net.angSVC.offset)
14:23:47.215 [openiec61850-osi-server-7-thread-1] DEBUG com.beanit.openiec61850.ServerAssociation - Got a GetDataValues request for node: IEDBiogasCHP/MMXU1.A.net.angSVC.offset: 0.0
calling GetDataValues(IEDBiogasCHP/MMXU1.A.net.angRef)
14:23:47.216 [openiec61850-osi-server-7-thread-1] DEBUG com.beanit.openiec61850.ServerAssociation - Got a GetDataValues request for node: IEDBiogasCHP/MMXU1.A.net.angRef: 0
calling GetDataValues(IEDBiogasCHP/MMXU1.A.net.smpRate)
14:23:47.216 [openiec61850-osi-server-7-thread-1] DEBUG com.beanit.openiec61850.ServerAssociation - Got a GetDataValues request for node: IEDBiogasCHP/MMXU1.A.net.smpRate: 0
calling GetDataValues(IEDBiogasCHP/MMXU1.A.res)
14:23:47.216 [openiec61850-osi-server-7-thread-1] DEBUG com.beanit.openiec61850.ServerAssociation - Got a GetDataValues request for node: IEDBiogasCHP/MMXU1.A.res [CF]
IEDBiogasCHP/MMXU1.A.res.units [CF]
IEDBiogasCHP/MMXU1.A.res.units.SIUnit: 0
IEDBiogasCHP/MMXU1.A.res.units.multiplier: 0
IEDBiogasCHP/MMXU1.A.res.db: 0
IEDBiogasCHP/MMXU1.A.res.zeroDb: 0
IEDBiogasCHP/MMXU1.A.res.rangeC [CF]
IEDBiogasCHP/MMXU1.A.res.rangeC.hhLim [CF]
IEDBiogasCHP/MMXU1.A.res.rangeC.hhLim.i: 0
IEDBiogasCHP/MMXU1.A.res.rangeC.hhLim.f: 0.0
IEDBiogasCHP/MMXU1.A.res.rangeC.hLim [CF]
IEDBiogasCHP/MMXU1.A.res.rangeC.hLim.i: 0
IEDBiogasCHP/MMXU1.A.res.rangeC.hLim.f: 0.0
IEDBiogasCHP/MMXU1.A.res.rangeC.lLim [CF]
IEDBiogasCHP/MMXU1.A.res.rangeC.lLim.i: 0
IEDBiogasCHP/MMXU1.A.res.rangeC.lLim.f: 0.0
IEDBiogasCHP/MMXU1.A.res.rangeC.llLim [CF]
IEDBiogasCHP/MMXU1.A.res.rangeC.llLim.i: 0
IEDBiogasCHP/MMXU1.A.res.rangeC.llLim.f: 0.0
IEDBiogasCHP/MMXU1.A.res.rangeC.min [CF]
IEDBiogasCHP/MMXU1.A.res.rangeC.min.i: 0
IEDBiogasCHP/MMXU1.A.res.rangeC.min.f: 0.0
IEDBiogasCHP/MMXU1.A.res.rangeC.max [CF]
IEDBiogasCHP/MMXU1.A.res.rangeC.max.i: 0
IEDBiogasCHP/MMXU1.A.res.rangeC.max.f: 0.0
IEDBiogasCHP/MMXU1.A.res.magSVC [CF]
IEDBiogasCHP/MMXU1.A.res.magSVC.scaleFactor: 0.0
IEDBiogasCHP/MMXU1.A.res.magSVC.offset: 0.0
IEDBiogasCHP/MMXU1.A.res.angSVC [CF]
IEDBiogasCHP/MMXU1.A.res.angSVC.scaleFactor: 0.0
IEDBiogasCHP/MMXU1.A.res.angSVC.offset: 0.0
IEDBiogasCHP/MMXU1.A.res.angRef: 0
IEDBiogasCHP/MMXU1.A.res.smpRate: 0
14:23:47.216 [openiec61850-osi-server-7-thread-1] DEBUG com.beanit.openiec61850.ServerAssociation - sub BDA is:IEDBiogasCHP/MMXU1.A.res.units.SIUnit: 0
14:23:47.216 [openiec61850-osi-server-7-thread-1] DEBUG com.beanit.openiec61850.ServerAssociation - sub BDA is:IEDBiogasCHP/MMXU1.A.res.units.multiplier: 0
14:23:47.216 [openiec61850-osi-server-7-thread-1] DEBUG com.beanit.openiec61850.ServerAssociation - sub BDA is:IEDBiogasCHP/MMXU1.A.res.db: 0
14:23:47.216 [openiec61850-osi-server-7-thread-1] DEBUG com.beanit.openiec61850.ServerAssociation - sub BDA is:IEDBiogasCHP/MMXU1.A.res.zeroDb: 0
14:23:47.216 [openiec61850-osi-server-7-thread-1] DEBUG com.beanit.openiec61850.ServerAssociation - sub BDA is:IEDBiogasCHP/MMXU1.A.res.rangeC.hhLim.i: 0
14:23:47.216 [openiec61850-osi-server-7-thread-1] DEBUG com.beanit.openiec61850.ServerAssociation - sub BDA is:IEDBiogasCHP/MMXU1.A.res.rangeC.hhLim.f: 0.0
14:23:47.216 [openiec61850-osi-server-7-thread-1] DEBUG com.beanit.openiec61850.ServerAssociation - sub BDA is:IEDBiogasCHP/MMXU1.A.res.rangeC.hLim.i: 0
14:23:47.216 [openiec61850-osi-server-7-thread-1] DEBUG com.beanit.openiec61850.ServerAssociation - sub BDA is:IEDBiogasCHP/MMXU1.A.res.rangeC.hLim.f: 0.0
14:23:47.216 [openiec61850-osi-server-7-thread-1] DEBUG com.beanit.openiec61850.ServerAssociation - sub BDA is:IEDBiogasCHP/MMXU1.A.res.rangeC.lLim.i: 0
14:23:47.216 [openiec61850-osi-server-7-thread-1] DEBUG com.beanit.openiec61850.ServerAssociation - sub BDA is:IEDBiogasCHP/MMXU1.A.res.rangeC.lLim.f: 0.0
14:23:47.216 [openiec61850-osi-server-7-thread-1] DEBUG com.beanit.openiec61850.ServerAssociation - sub BDA is:IEDBiogasCHP/MMXU1.A.res.rangeC.llLim.i: 0
14:23:47.216 [openiec61850-osi-server-7-thread-1] DEBUG com.beanit.openiec61850.ServerAssociation - sub BDA is:IEDBiogasCHP/MMXU1.A.res.rangeC.llLim.f: 0.0
14:23:47.216 [openiec61850-osi-server-7-thread-1] DEBUG com.beanit.openiec61850.ServerAssociation - sub BDA is:IEDBiogasCHP/MMXU1.A.res.rangeC.min.i: 0
14:23:47.216 [openiec61850-osi-server-7-thread-1] DEBUG com.beanit.openiec61850.ServerAssociation - sub BDA is:IEDBiogasCHP/MMXU1.A.res.rangeC.min.f: 0.0
14:23:47.216 [openiec61850-osi-server-7-thread-1] DEBUG com.beanit.openiec61850.ServerAssociation - sub BDA is:IEDBiogasCHP/MMXU1.A.res.rangeC.max.i: 0
14:23:47.216 [openiec61850-osi-server-7-thread-1] DEBUG com.beanit.openiec61850.ServerAssociation - sub BDA is:IEDBiogasCHP/MMXU1.A.res.rangeC.max.f: 0.0
14:23:47.216 [openiec61850-osi-server-7-thread-1] DEBUG com.beanit.openiec61850.ServerAssociation - sub BDA is:IEDBiogasCHP/MMXU1.A.res.magSVC.scaleFactor: 0.0
14:23:47.216 [openiec61850-osi-server-7-thread-1] DEBUG com.beanit.openiec61850.ServerAssociation - sub BDA is:IEDBiogasCHP/MMXU1.A.res.magSVC.offset: 0.0
14:23:47.216 [openiec61850-osi-server-7-thread-1] DEBUG com.beanit.openiec61850.ServerAssociation - sub BDA is:IEDBiogasCHP/MMXU1.A.res.angSVC.scaleFactor: 0.0
14:23:47.216 [openiec61850-osi-server-7-thread-1] DEBUG com.beanit.openiec61850.ServerAssociation - sub BDA is:IEDBiogasCHP/MMXU1.A.res.angSVC.offset: 0.0
14:23:47.216 [openiec61850-osi-server-7-thread-1] DEBUG com.beanit.openiec61850.ServerAssociation - sub BDA is:IEDBiogasCHP/MMXU1.A.res.angRef: 0
14:23:47.216 [openiec61850-osi-server-7-thread-1] DEBUG com.beanit.openiec61850.ServerAssociation - sub BDA is:IEDBiogasCHP/MMXU1.A.res.smpRate: 0
calling GetDataValues(IEDBiogasCHP/MMXU1.A.res.units)
14:23:47.216 [openiec61850-osi-server-7-thread-1] DEBUG com.beanit.openiec61850.ServerAssociation - Got a GetDataValues request for node: IEDBiogasCHP/MMXU1.A.res.units [CF]
IEDBiogasCHP/MMXU1.A.res.units.SIUnit: 0
IEDBiogasCHP/MMXU1.A.res.units.multiplier: 0
14:23:47.216 [openiec61850-osi-server-7-thread-1] DEBUG com.beanit.openiec61850.ServerAssociation - sub BDA is:IEDBiogasCHP/MMXU1.A.res.units.SIUnit: 0
14:23:47.216 [openiec61850-osi-server-7-thread-1] DEBUG com.beanit.openiec61850.ServerAssociation - sub BDA is:IEDBiogasCHP/MMXU1.A.res.units.multiplier: 0
calling GetDataValues(IEDBiogasCHP/MMXU1.A.res.units.SIUnit)
14:23:47.216 [openiec61850-osi-server-7-thread-1] DEBUG com.beanit.openiec61850.ServerAssociation - Got a GetDataValues request for node: IEDBiogasCHP/MMXU1.A.res.units.SIUnit: 0
calling GetDataValues(IEDBiogasCHP/MMXU1.A.res.units.multiplier)
14:23:47.216 [openiec61850-osi-server-7-thread-1] DEBUG com.beanit.openiec61850.ServerAssociation - Got a GetDataValues request for node: IEDBiogasCHP/MMXU1.A.res.units.multiplier: 0
calling GetDataValues(IEDBiogasCHP/MMXU1.A.res.db)
14:23:47.216 [openiec61850-osi-server-7-thread-1] DEBUG com.beanit.openiec61850.ServerAssociation - Got a GetDataValues request for node: IEDBiogasCHP/MMXU1.A.res.db: 0
calling GetDataValues(IEDBiogasCHP/MMXU1.A.res.zeroDb)
14:23:47.217 [openiec61850-osi-server-7-thread-1] DEBUG com.beanit.openiec61850.ServerAssociation - Got a GetDataValues request for node: IEDBiogasCHP/MMXU1.A.res.zeroDb: 0
calling GetDataValues(IEDBiogasCHP/MMXU1.A.res.rangeC)
14:23:47.217 [openiec61850-osi-server-7-thread-1] DEBUG com.beanit.openiec61850.ServerAssociation - Got a GetDataValues request for node: IEDBiogasCHP/MMXU1.A.res.rangeC [CF]
IEDBiogasCHP/MMXU1.A.res.rangeC.hhLim [CF]
IEDBiogasCHP/MMXU1.A.res.rangeC.hhLim.i: 0
IEDBiogasCHP/MMXU1.A.res.rangeC.hhLim.f: 0.0
IEDBiogasCHP/MMXU1.A.res.rangeC.hLim [CF]
IEDBiogasCHP/MMXU1.A.res.rangeC.hLim.i: 0
IEDBiogasCHP/MMXU1.A.res.rangeC.hLim.f: 0.0
IEDBiogasCHP/MMXU1.A.res.rangeC.lLim [CF]
IEDBiogasCHP/MMXU1.A.res.rangeC.lLim.i: 0
IEDBiogasCHP/MMXU1.A.res.rangeC.lLim.f: 0.0
IEDBiogasCHP/MMXU1.A.res.rangeC.llLim [CF]
IEDBiogasCHP/MMXU1.A.res.rangeC.llLim.i: 0
IEDBiogasCHP/MMXU1.A.res.rangeC.llLim.f: 0.0
IEDBiogasCHP/MMXU1.A.res.rangeC.min [CF]
IEDBiogasCHP/MMXU1.A.res.rangeC.min.i: 0
IEDBiogasCHP/MMXU1.A.res.rangeC.min.f: 0.0
IEDBiogasCHP/MMXU1.A.res.rangeC.max [CF]
IEDBiogasCHP/MMXU1.A.res.rangeC.max.i: 0
IEDBiogasCHP/MMXU1.A.res.rangeC.max.f: 0.0
14:23:47.217 [openiec61850-osi-server-7-thread-1] DEBUG com.beanit.openiec61850.ServerAssociation - sub BDA is:IEDBiogasCHP/MMXU1.A.res.rangeC.hhLim.i: 0
14:23:47.217 [openiec61850-osi-server-7-thread-1] DEBUG com.beanit.openiec61850.ServerAssociation - sub BDA is:IEDBiogasCHP/MMXU1.A.res.rangeC.hhLim.f: 0.0
14:23:47.217 [openiec61850-osi-server-7-thread-1] DEBUG com.beanit.openiec61850.ServerAssociation - sub BDA is:IEDBiogasCHP/MMXU1.A.res.rangeC.hLim.i: 0
14:23:47.217 [openiec61850-osi-server-7-thread-1] DEBUG com.beanit.openiec61850.ServerAssociation - sub BDA is:IEDBiogasCHP/MMXU1.A.res.rangeC.hLim.f: 0.0
14:23:47.217 [openiec61850-osi-server-7-thread-1] DEBUG com.beanit.openiec61850.ServerAssociation - sub BDA is:IEDBiogasCHP/MMXU1.A.res.rangeC.lLim.i: 0
14:23:47.217 [openiec61850-osi-server-7-thread-1] DEBUG com.beanit.openiec61850.ServerAssociation - sub BDA is:IEDBiogasCHP/MMXU1.A.res.rangeC.lLim.f: 0.0
14:23:47.217 [openiec61850-osi-server-7-thread-1] DEBUG com.beanit.openiec61850.ServerAssociation - sub BDA is:IEDBiogasCHP/MMXU1.A.res.rangeC.llLim.i: 0
14:23:47.217 [openiec61850-osi-server-7-thread-1] DEBUG com.beanit.openiec61850.ServerAssociation - sub BDA is:IEDBiogasCHP/MMXU1.A.res.rangeC.llLim.f: 0.0
14:23:47.217 [openiec61850-osi-server-7-thread-1] DEBUG com.beanit.openiec61850.ServerAssociation - sub BDA is:IEDBiogasCHP/MMXU1.A.res.rangeC.min.i: 0
14:23:47.217 [openiec61850-osi-server-7-thread-1] DEBUG com.beanit.openiec61850.ServerAssociation - sub BDA is:IEDBiogasCHP/MMXU1.A.res.rangeC.min.f: 0.0
14:23:47.217 [openiec61850-osi-server-7-thread-1] DEBUG com.beanit.openiec61850.ServerAssociation - sub BDA is:IEDBiogasCHP/MMXU1.A.res.rangeC.max.i: 0
14:23:47.217 [openiec61850-osi-server-7-thread-1] DEBUG com.beanit.openiec61850.ServerAssociation - sub BDA is:IEDBiogasCHP/MMXU1.A.res.rangeC.max.f: 0.0
calling GetDataValues(IEDBiogasCHP/MMXU1.A.res.rangeC.hhLim)
14:23:47.217 [openiec61850-osi-server-7-thread-1] DEBUG com.beanit.openiec61850.ServerAssociation - Got a GetDataValues request for node: IEDBiogasCHP/MMXU1.A.res.rangeC.hhLim [CF]
IEDBiogasCHP/MMXU1.A.res.rangeC.hhLim.i: 0
IEDBiogasCHP/MMXU1.A.res.rangeC.hhLim.f: 0.0
14:23:47.217 [openiec61850-osi-server-7-thread-1] DEBUG com.beanit.openiec61850.ServerAssociation - sub BDA is:IEDBiogasCHP/MMXU1.A.res.rangeC.hhLim.i: 0
14:23:47.217 [openiec61850-osi-server-7-thread-1] DEBUG com.beanit.openiec61850.ServerAssociation - sub BDA is:IEDBiogasCHP/MMXU1.A.res.rangeC.hhLim.f: 0.0
calling GetDataValues(IEDBiogasCHP/MMXU1.A.res.rangeC.hhLim.i)
14:23:47.217 [openiec61850-osi-server-7-thread-1] DEBUG com.beanit.openiec61850.ServerAssociation - Got a GetDataValues request for node: IEDBiogasCHP/MMXU1.A.res.rangeC.hhLim.i: 0
calling GetDataValues(IEDBiogasCHP/MMXU1.A.res.rangeC.hhLim.f)
14:23:47.217 [openiec61850-osi-server-7-thread-1] DEBUG com.beanit.openiec61850.ServerAssociation - Got a GetDataValues request for node: IEDBiogasCHP/MMXU1.A.res.rangeC.hhLim.f: 0.0
calling GetDataValues(IEDBiogasCHP/MMXU1.A.res.rangeC.hLim)
14:23:47.217 [openiec61850-osi-server-7-thread-1] DEBUG com.beanit.openiec61850.ServerAssociation - Got a GetDataValues request for node: IEDBiogasCHP/MMXU1.A.res.rangeC.hLim [CF]
IEDBiogasCHP/MMXU1.A.res.rangeC.hLim.i: 0
IEDBiogasCHP/MMXU1.A.res.rangeC.hLim.f: 0.0
14:23:47.217 [openiec61850-osi-server-7-thread-1] DEBUG com.beanit.openiec61850.ServerAssociation - sub BDA is:IEDBiogasCHP/MMXU1.A.res.rangeC.hLim.i: 0
14:23:47.217 [openiec61850-osi-server-7-thread-1] DEBUG com.beanit.openiec61850.ServerAssociation - sub BDA is:IEDBiogasCHP/MMXU1.A.res.rangeC.hLim.f: 0.0
calling GetDataValues(IEDBiogasCHP/MMXU1.A.res.rangeC.hLim.i)
14:23:47.217 [openiec61850-osi-server-7-thread-1] DEBUG com.beanit.openiec61850.ServerAssociation - Got a GetDataValues request for node: IEDBiogasCHP/MMXU1.A.res.rangeC.hLim.i: 0
calling GetDataValues(IEDBiogasCHP/MMXU1.A.res.rangeC.hLim.f)
14:23:47.218 [openiec61850-osi-server-7-thread-1] DEBUG com.beanit.openiec61850.ServerAssociation - Got a GetDataValues request for node: IEDBiogasCHP/MMXU1.A.res.rangeC.hLim.f: 0.0
calling GetDataValues(IEDBiogasCHP/MMXU1.A.res.rangeC.lLim)
14:23:47.218 [openiec61850-osi-server-7-thread-1] DEBUG com.beanit.openiec61850.ServerAssociation - Got a GetDataValues request for node: IEDBiogasCHP/MMXU1.A.res.rangeC.lLim [CF]
IEDBiogasCHP/MMXU1.A.res.rangeC.lLim.i: 0
IEDBiogasCHP/MMXU1.A.res.rangeC.lLim.f: 0.0
14:23:47.218 [openiec61850-osi-server-7-thread-1] DEBUG com.beanit.openiec61850.ServerAssociation - sub BDA is:IEDBiogasCHP/MMXU1.A.res.rangeC.lLim.i: 0
14:23:47.218 [openiec61850-osi-server-7-thread-1] DEBUG com.beanit.openiec61850.ServerAssociation - sub BDA is:IEDBiogasCHP/MMXU1.A.res.rangeC.lLim.f: 0.0
calling GetDataValues(IEDBiogasCHP/MMXU1.A.res.rangeC.lLim.i)
14:23:47.218 [openiec61850-osi-server-7-thread-1] DEBUG com.beanit.openiec61850.ServerAssociation - Got a GetDataValues request for node: IEDBiogasCHP/MMXU1.A.res.rangeC.lLim.i: 0
calling GetDataValues(IEDBiogasCHP/MMXU1.A.res.rangeC.lLim.f)
14:23:47.218 [openiec61850-osi-server-7-thread-1] DEBUG com.beanit.openiec61850.ServerAssociation - Got a GetDataValues request for node: IEDBiogasCHP/MMXU1.A.res.rangeC.lLim.f: 0.0
calling GetDataValues(IEDBiogasCHP/MMXU1.A.res.rangeC.llLim)
14:23:47.218 [openiec61850-osi-server-7-thread-1] DEBUG com.beanit.openiec61850.ServerAssociation - Got a GetDataValues request for node: IEDBiogasCHP/MMXU1.A.res.rangeC.llLim [CF]
IEDBiogasCHP/MMXU1.A.res.rangeC.llLim.i: 0
IEDBiogasCHP/MMXU1.A.res.rangeC.llLim.f: 0.0
14:23:47.218 [openiec61850-osi-server-7-thread-1] DEBUG com.beanit.openiec61850.ServerAssociation - sub BDA is:IEDBiogasCHP/MMXU1.A.res.rangeC.llLim.i: 0
14:23:47.218 [openiec61850-osi-server-7-thread-1] DEBUG com.beanit.openiec61850.ServerAssociation - sub BDA is:IEDBiogasCHP/MMXU1.A.res.rangeC.llLim.f: 0.0
calling GetDataValues(IEDBiogasCHP/MMXU1.A.res.rangeC.llLim.i)
14:23:47.218 [openiec61850-osi-server-7-thread-1] DEBUG com.beanit.openiec61850.ServerAssociation - Got a GetDataValues request for node: IEDBiogasCHP/MMXU1.A.res.rangeC.llLim.i: 0
calling GetDataValues(IEDBiogasCHP/MMXU1.A.res.rangeC.llLim.f)
14:23:47.218 [openiec61850-osi-server-7-thread-1] DEBUG com.beanit.openiec61850.ServerAssociation - Got a GetDataValues request for node: IEDBiogasCHP/MMXU1.A.res.rangeC.llLim.f: 0.0
calling GetDataValues(IEDBiogasCHP/MMXU1.A.res.rangeC.min)
14:23:47.218 [openiec61850-osi-server-7-thread-1] DEBUG com.beanit.openiec61850.ServerAssociation - Got a GetDataValues request for node: IEDBiogasCHP/MMXU1.A.res.rangeC.min [CF]
IEDBiogasCHP/MMXU1.A.res.rangeC.min.i: 0
IEDBiogasCHP/MMXU1.A.res.rangeC.min.f: 0.0
14:23:47.218 [openiec61850-osi-server-7-thread-1] DEBUG com.beanit.openiec61850.ServerAssociation - sub BDA is:IEDBiogasCHP/MMXU1.A.res.rangeC.min.i: 0
14:23:47.218 [openiec61850-osi-server-7-thread-1] DEBUG com.beanit.openiec61850.ServerAssociation - sub BDA is:IEDBiogasCHP/MMXU1.A.res.rangeC.min.f: 0.0
calling GetDataValues(IEDBiogasCHP/MMXU1.A.res.rangeC.min.i)
14:23:47.219 [openiec61850-osi-server-7-thread-1] DEBUG com.beanit.openiec61850.ServerAssociation - Got a GetDataValues request for node: IEDBiogasCHP/MMXU1.A.res.rangeC.min.i: 0
calling GetDataValues(IEDBiogasCHP/MMXU1.A.res.rangeC.min.f)
14:23:47.219 [openiec61850-osi-server-7-thread-1] DEBUG com.beanit.openiec61850.ServerAssociation - Got a GetDataValues request for node: IEDBiogasCHP/MMXU1.A.res.rangeC.min.f: 0.0
calling GetDataValues(IEDBiogasCHP/MMXU1.A.res.rangeC.max)
14:23:47.219 [openiec61850-osi-server-7-thread-1] DEBUG com.beanit.openiec61850.ServerAssociation - Got a GetDataValues request for node: IEDBiogasCHP/MMXU1.A.res.rangeC.max [CF]
IEDBiogasCHP/MMXU1.A.res.rangeC.max.i: 0
IEDBiogasCHP/MMXU1.A.res.rangeC.max.f: 0.0
14:23:47.219 [openiec61850-osi-server-7-thread-1] DEBUG com.beanit.openiec61850.ServerAssociation - sub BDA is:IEDBiogasCHP/MMXU1.A.res.rangeC.max.i: 0
14:23:47.219 [openiec61850-osi-server-7-thread-1] DEBUG com.beanit.openiec61850.ServerAssociation - sub BDA is:IEDBiogasCHP/MMXU1.A.res.rangeC.max.f: 0.0
calling GetDataValues(IEDBiogasCHP/MMXU1.A.res.rangeC.max.i)
14:23:47.219 [openiec61850-osi-server-7-thread-1] DEBUG com.beanit.openiec61850.ServerAssociation - Got a GetDataValues request for node: IEDBiogasCHP/MMXU1.A.res.rangeC.max.i: 0
calling GetDataValues(IEDBiogasCHP/MMXU1.A.res.rangeC.max.f)
14:23:47.219 [openiec61850-osi-server-7-thread-1] DEBUG com.beanit.openiec61850.ServerAssociation - Got a GetDataValues request for node: IEDBiogasCHP/MMXU1.A.res.rangeC.max.f: 0.0
calling GetDataValues(IEDBiogasCHP/MMXU1.A.res.magSVC)
14:23:47.219 [openiec61850-osi-server-7-thread-1] DEBUG com.beanit.openiec61850.ServerAssociation - Got a GetDataValues request for node: IEDBiogasCHP/MMXU1.A.res.magSVC [CF]
IEDBiogasCHP/MMXU1.A.res.magSVC.scaleFactor: 0.0
IEDBiogasCHP/MMXU1.A.res.magSVC.offset: 0.0
14:23:47.219 [openiec61850-osi-server-7-thread-1] DEBUG com.beanit.openiec61850.ServerAssociation - sub BDA is:IEDBiogasCHP/MMXU1.A.res.magSVC.scaleFactor: 0.0
14:23:47.219 [openiec61850-osi-server-7-thread-1] DEBUG com.beanit.openiec61850.ServerAssociation - sub BDA is:IEDBiogasCHP/MMXU1.A.res.magSVC.offset: 0.0
calling GetDataValues(IEDBiogasCHP/MMXU1.A.res.magSVC.scaleFactor)
14:23:47.219 [openiec61850-osi-server-7-thread-1] DEBUG com.beanit.openiec61850.ServerAssociation - Got a GetDataValues request for node: IEDBiogasCHP/MMXU1.A.res.magSVC.scaleFactor: 0.0
calling GetDataValues(IEDBiogasCHP/MMXU1.A.res.magSVC.offset)
14:23:47.219 [openiec61850-osi-server-7-thread-1] DEBUG com.beanit.openiec61850.ServerAssociation - Got a GetDataValues request for node: IEDBiogasCHP/MMXU1.A.res.magSVC.offset: 0.0
calling GetDataValues(IEDBiogasCHP/MMXU1.A.res.angSVC)
14:23:47.220 [openiec61850-osi-server-7-thread-1] DEBUG com.beanit.openiec61850.ServerAssociation - Got a GetDataValues request for node: IEDBiogasCHP/MMXU1.A.res.angSVC [CF]
IEDBiogasCHP/MMXU1.A.res.angSVC.scaleFactor: 0.0
IEDBiogasCHP/MMXU1.A.res.angSVC.offset: 0.0
14:23:47.220 [openiec61850-osi-server-7-thread-1] DEBUG com.beanit.openiec61850.ServerAssociation - sub BDA is:IEDBiogasCHP/MMXU1.A.res.angSVC.scaleFactor: 0.0
14:23:47.220 [openiec61850-osi-server-7-thread-1] DEBUG com.beanit.openiec61850.ServerAssociation - sub BDA is:IEDBiogasCHP/MMXU1.A.res.angSVC.offset: 0.0
calling GetDataValues(IEDBiogasCHP/MMXU1.A.res.angSVC.scaleFactor)
14:23:47.220 [openiec61850-osi-server-7-thread-1] DEBUG com.beanit.openiec61850.ServerAssociation - Got a GetDataValues request for node: IEDBiogasCHP/MMXU1.A.res.angSVC.scaleFactor: 0.0
calling GetDataValues(IEDBiogasCHP/MMXU1.A.res.angSVC.offset)
14:23:47.220 [openiec61850-osi-server-7-thread-1] DEBUG com.beanit.openiec61850.ServerAssociation - Got a GetDataValues request for node: IEDBiogasCHP/MMXU1.A.res.angSVC.offset: 0.0
calling GetDataValues(IEDBiogasCHP/MMXU1.A.res.angRef)
14:23:47.220 [openiec61850-osi-server-7-thread-1] DEBUG com.beanit.openiec61850.ServerAssociation - Got a GetDataValues request for node: IEDBiogasCHP/MMXU1.A.res.angRef: 0
calling GetDataValues(IEDBiogasCHP/MMXU1.A.res.smpRate)
14:23:47.220 [openiec61850-osi-server-7-thread-1] DEBUG com.beanit.openiec61850.ServerAssociation - Got a GetDataValues request for node: IEDBiogasCHP/MMXU1.A.res.smpRate: 0
calling GetDataValues(IEDBiogasCHP/MMXU1.A)
14:23:47.220 [openiec61850-osi-server-7-thread-1] DEBUG com.beanit.openiec61850.ServerAssociation - Got a GetDataValues request for node: IEDBiogasCHP/MMXU1.A [DC]
IEDBiogasCHP/MMXU1.A.d: ''
IEDBiogasCHP/MMXU1.A.dU: 
IEDBiogasCHP/MMXU1.A.phsA [DC]
IEDBiogasCHP/MMXU1.A.phsA.d: ''
IEDBiogasCHP/MMXU1.A.phsA.dU: 
IEDBiogasCHP/MMXU1.A.phsB [DC]
IEDBiogasCHP/MMXU1.A.phsB.d: ''
IEDBiogasCHP/MMXU1.A.phsB.dU: 
IEDBiogasCHP/MMXU1.A.phsC [DC]
IEDBiogasCHP/MMXU1.A.phsC.d: ''
IEDBiogasCHP/MMXU1.A.phsC.dU: 
IEDBiogasCHP/MMXU1.A.neut [DC]
IEDBiogasCHP/MMXU1.A.neut.d: ''
IEDBiogasCHP/MMXU1.A.neut.dU: 
IEDBiogasCHP/MMXU1.A.net [DC]
IEDBiogasCHP/MMXU1.A.net.d: ''
IEDBiogasCHP/MMXU1.A.net.dU: 
IEDBiogasCHP/MMXU1.A.res [DC]
IEDBiogasCHP/MMXU1.A.res.d: ''
IEDBiogasCHP/MMXU1.A.res.dU: 
14:23:47.220 [openiec61850-osi-server-7-thread-1] DEBUG com.beanit.openiec61850.ServerAssociation - sub BDA is:IEDBiogasCHP/MMXU1.A.d: ''
14:23:47.220 [openiec61850-osi-server-7-thread-1] DEBUG com.beanit.openiec61850.ServerAssociation - sub BDA is:IEDBiogasCHP/MMXU1.A.dU: 
14:23:47.220 [openiec61850-osi-server-7-thread-1] DEBUG com.beanit.openiec61850.ServerAssociation - sub BDA is:IEDBiogasCHP/MMXU1.A.phsA.d: ''
14:23:47.220 [openiec61850-osi-server-7-thread-1] DEBUG com.beanit.openiec61850.ServerAssociation - sub BDA is:IEDBiogasCHP/MMXU1.A.phsA.dU: 
14:23:47.220 [openiec61850-osi-server-7-thread-1] DEBUG com.beanit.openiec61850.ServerAssociation - sub BDA is:IEDBiogasCHP/MMXU1.A.phsB.d: ''
14:23:47.220 [openiec61850-osi-server-7-thread-1] DEBUG com.beanit.openiec61850.ServerAssociation - sub BDA is:IEDBiogasCHP/MMXU1.A.phsB.dU: 
14:23:47.220 [openiec61850-osi-server-7-thread-1] DEBUG com.beanit.openiec61850.ServerAssociation - sub BDA is:IEDBiogasCHP/MMXU1.A.phsC.d: ''
14:23:47.220 [openiec61850-osi-server-7-thread-1] DEBUG com.beanit.openiec61850.ServerAssociation - sub BDA is:IEDBiogasCHP/MMXU1.A.phsC.dU: 
14:23:47.220 [openiec61850-osi-server-7-thread-1] DEBUG com.beanit.openiec61850.ServerAssociation - sub BDA is:IEDBiogasCHP/MMXU1.A.neut.d: ''
14:23:47.220 [openiec61850-osi-server-7-thread-1] DEBUG com.beanit.openiec61850.ServerAssociation - sub BDA is:IEDBiogasCHP/MMXU1.A.neut.dU: 
14:23:47.220 [openiec61850-osi-server-7-thread-1] DEBUG com.beanit.openiec61850.ServerAssociation - sub BDA is:IEDBiogasCHP/MMXU1.A.net.d: ''
14:23:47.220 [openiec61850-osi-server-7-thread-1] DEBUG com.beanit.openiec61850.ServerAssociation - sub BDA is:IEDBiogasCHP/MMXU1.A.net.dU: 
14:23:47.220 [openiec61850-osi-server-7-thread-1] DEBUG com.beanit.openiec61850.ServerAssociation - sub BDA is:IEDBiogasCHP/MMXU1.A.res.d: ''
14:23:47.220 [openiec61850-osi-server-7-thread-1] DEBUG com.beanit.openiec61850.ServerAssociation - sub BDA is:IEDBiogasCHP/MMXU1.A.res.dU: 
calling GetDataValues(IEDBiogasCHP/MMXU1.A.d)
14:23:47.220 [openiec61850-osi-server-7-thread-1] DEBUG com.beanit.openiec61850.ServerAssociation - Got a GetDataValues request for node: IEDBiogasCHP/MMXU1.A.d: ''
calling GetDataValues(IEDBiogasCHP/MMXU1.A.dU)
14:23:47.220 [openiec61850-osi-server-7-thread-1] DEBUG com.beanit.openiec61850.ServerAssociation - Got a GetDataValues request for node: IEDBiogasCHP/MMXU1.A.dU: 
calling GetDataValues(IEDBiogasCHP/MMXU1.A.phsA)
14:23:47.221 [openiec61850-osi-server-7-thread-1] DEBUG com.beanit.openiec61850.ServerAssociation - Got a GetDataValues request for node: IEDBiogasCHP/MMXU1.A.phsA [DC]
IEDBiogasCHP/MMXU1.A.phsA.d: ''
IEDBiogasCHP/MMXU1.A.phsA.dU: 
14:23:47.221 [openiec61850-osi-server-7-thread-1] DEBUG com.beanit.openiec61850.ServerAssociation - sub BDA is:IEDBiogasCHP/MMXU1.A.phsA.d: ''
14:23:47.221 [openiec61850-osi-server-7-thread-1] DEBUG com.beanit.openiec61850.ServerAssociation - sub BDA is:IEDBiogasCHP/MMXU1.A.phsA.dU: 
calling GetDataValues(IEDBiogasCHP/MMXU1.A.phsA.d)
14:23:47.221 [openiec61850-osi-server-7-thread-1] DEBUG com.beanit.openiec61850.ServerAssociation - Got a GetDataValues request for node: IEDBiogasCHP/MMXU1.A.phsA.d: ''
calling GetDataValues(IEDBiogasCHP/MMXU1.A.phsA.dU)
14:23:47.221 [openiec61850-osi-server-7-thread-1] DEBUG com.beanit.openiec61850.ServerAssociation - Got a GetDataValues request for node: IEDBiogasCHP/MMXU1.A.phsA.dU: 
calling GetDataValues(IEDBiogasCHP/MMXU1.A.phsB)
14:23:47.221 [openiec61850-osi-server-7-thread-1] DEBUG com.beanit.openiec61850.ServerAssociation - Got a GetDataValues request for node: IEDBiogasCHP/MMXU1.A.phsB [DC]
IEDBiogasCHP/MMXU1.A.phsB.d: ''
IEDBiogasCHP/MMXU1.A.phsB.dU: 
14:23:47.221 [openiec61850-osi-server-7-thread-1] DEBUG com.beanit.openiec61850.ServerAssociation - sub BDA is:IEDBiogasCHP/MMXU1.A.phsB.d: ''
14:23:47.221 [openiec61850-osi-server-7-thread-1] DEBUG com.beanit.openiec61850.ServerAssociation - sub BDA is:IEDBiogasCHP/MMXU1.A.phsB.dU: 
calling GetDataValues(IEDBiogasCHP/MMXU1.A.phsB.d)
14:23:47.221 [openiec61850-osi-server-7-thread-1] DEBUG com.beanit.openiec61850.ServerAssociation - Got a GetDataValues request for node: IEDBiogasCHP/MMXU1.A.phsB.d: ''
calling GetDataValues(IEDBiogasCHP/MMXU1.A.phsB.dU)
14:23:47.221 [openiec61850-osi-server-7-thread-1] DEBUG com.beanit.openiec61850.ServerAssociation - Got a GetDataValues request for node: IEDBiogasCHP/MMXU1.A.phsB.dU: 
calling GetDataValues(IEDBiogasCHP/MMXU1.A.phsC)
14:23:47.221 [openiec61850-osi-server-7-thread-1] DEBUG com.beanit.openiec61850.ServerAssociation - Got a GetDataValues request for node: IEDBiogasCHP/MMXU1.A.phsC [DC]
IEDBiogasCHP/MMXU1.A.phsC.d: ''
IEDBiogasCHP/MMXU1.A.phsC.dU: 
14:23:47.221 [openiec61850-osi-server-7-thread-1] DEBUG com.beanit.openiec61850.ServerAssociation - sub BDA is:IEDBiogasCHP/MMXU1.A.phsC.d: ''
14:23:47.221 [openiec61850-osi-server-7-thread-1] DEBUG com.beanit.openiec61850.ServerAssociation - sub BDA is:IEDBiogasCHP/MMXU1.A.phsC.dU: 
calling GetDataValues(IEDBiogasCHP/MMXU1.A.phsC.d)
14:23:47.221 [openiec61850-osi-server-7-thread-1] DEBUG com.beanit.openiec61850.ServerAssociation - Got a GetDataValues request for node: IEDBiogasCHP/MMXU1.A.phsC.d: ''
calling GetDataValues(IEDBiogasCHP/MMXU1.A.phsC.dU)
14:23:47.222 [openiec61850-osi-server-7-thread-1] DEBUG com.beanit.openiec61850.ServerAssociation - Got a GetDataValues request for node: IEDBiogasCHP/MMXU1.A.phsC.dU: 
calling GetDataValues(IEDBiogasCHP/MMXU1.A.neut)
14:23:47.222 [openiec61850-osi-server-7-thread-1] DEBUG com.beanit.openiec61850.ServerAssociation - Got a GetDataValues request for node: IEDBiogasCHP/MMXU1.A.neut [DC]
IEDBiogasCHP/MMXU1.A.neut.d: ''
IEDBiogasCHP/MMXU1.A.neut.dU: 
14:23:47.222 [openiec61850-osi-server-7-thread-1] DEBUG com.beanit.openiec61850.ServerAssociation - sub BDA is:IEDBiogasCHP/MMXU1.A.neut.d: ''
14:23:47.222 [openiec61850-osi-server-7-thread-1] DEBUG com.beanit.openiec61850.ServerAssociation - sub BDA is:IEDBiogasCHP/MMXU1.A.neut.dU: 
calling GetDataValues(IEDBiogasCHP/MMXU1.A.neut.d)
14:23:47.222 [openiec61850-osi-server-7-thread-1] DEBUG com.beanit.openiec61850.ServerAssociation - Got a GetDataValues request for node: IEDBiogasCHP/MMXU1.A.neut.d: ''
calling GetDataValues(IEDBiogasCHP/MMXU1.A.neut.dU)
14:23:47.222 [openiec61850-osi-server-7-thread-1] DEBUG com.beanit.openiec61850.ServerAssociation - Got a GetDataValues request for node: IEDBiogasCHP/MMXU1.A.neut.dU: 
calling GetDataValues(IEDBiogasCHP/MMXU1.A.net)
14:23:47.222 [openiec61850-osi-server-7-thread-1] DEBUG com.beanit.openiec61850.ServerAssociation - Got a GetDataValues request for node: IEDBiogasCHP/MMXU1.A.net [DC]
IEDBiogasCHP/MMXU1.A.net.d: ''
IEDBiogasCHP/MMXU1.A.net.dU: 
14:23:47.222 [openiec61850-osi-server-7-thread-1] DEBUG com.beanit.openiec61850.ServerAssociation - sub BDA is:IEDBiogasCHP/MMXU1.A.net.d: ''
14:23:47.222 [openiec61850-osi-server-7-thread-1] DEBUG com.beanit.openiec61850.ServerAssociation - sub BDA is:IEDBiogasCHP/MMXU1.A.net.dU: 
calling GetDataValues(IEDBiogasCHP/MMXU1.A.net.d)
14:23:47.222 [openiec61850-osi-server-7-thread-1] DEBUG com.beanit.openiec61850.ServerAssociation - Got a GetDataValues request for node: IEDBiogasCHP/MMXU1.A.net.d: ''
calling GetDataValues(IEDBiogasCHP/MMXU1.A.net.dU)
14:23:47.222 [openiec61850-osi-server-7-thread-1] DEBUG com.beanit.openiec61850.ServerAssociation - Got a GetDataValues request for node: IEDBiogasCHP/MMXU1.A.net.dU: 
calling GetDataValues(IEDBiogasCHP/MMXU1.A.res)
14:23:47.222 [openiec61850-osi-server-7-thread-1] DEBUG com.beanit.openiec61850.ServerAssociation - Got a GetDataValues request for node: IEDBiogasCHP/MMXU1.A.res [DC]
IEDBiogasCHP/MMXU1.A.res.d: ''
IEDBiogasCHP/MMXU1.A.res.dU: 
14:23:47.222 [openiec61850-osi-server-7-thread-1] DEBUG com.beanit.openiec61850.ServerAssociation - sub BDA is:IEDBiogasCHP/MMXU1.A.res.d: ''
14:23:47.222 [openiec61850-osi-server-7-thread-1] DEBUG com.beanit.openiec61850.ServerAssociation - sub BDA is:IEDBiogasCHP/MMXU1.A.res.dU: 
calling GetDataValues(IEDBiogasCHP/MMXU1.A.res.d)
14:23:47.222 [openiec61850-osi-server-7-thread-1] DEBUG com.beanit.openiec61850.ServerAssociation - Got a GetDataValues request for node: IEDBiogasCHP/MMXU1.A.res.d: ''
calling GetDataValues(IEDBiogasCHP/MMXU1.A.res.dU)
14:23:47.223 [openiec61850-osi-server-7-thread-1] DEBUG com.beanit.openiec61850.ServerAssociation - Got a GetDataValues request for node: IEDBiogasCHP/MMXU1.A.res.dU: 
calling GetDataValues(IEDBiogasCHP/MMXU1.A)
14:23:47.223 [openiec61850-osi-server-7-thread-1] DEBUG com.beanit.openiec61850.ServerAssociation - Got a GetDataValues request for node: IEDBiogasCHP/MMXU1.A [EX]
IEDBiogasCHP/MMXU1.A.cdcNs: ''
IEDBiogasCHP/MMXU1.A.cdcName: ''
IEDBiogasCHP/MMXU1.A.dataNs: ''
IEDBiogasCHP/MMXU1.A.phsA [EX]
IEDBiogasCHP/MMXU1.A.phsA.cdcNs: ''
IEDBiogasCHP/MMXU1.A.phsA.cdcName: ''
IEDBiogasCHP/MMXU1.A.phsA.dataNs: ''
IEDBiogasCHP/MMXU1.A.phsB [EX]
IEDBiogasCHP/MMXU1.A.phsB.cdcNs: ''
IEDBiogasCHP/MMXU1.A.phsB.cdcName: ''
IEDBiogasCHP/MMXU1.A.phsB.dataNs: ''
IEDBiogasCHP/MMXU1.A.phsC [EX]
IEDBiogasCHP/MMXU1.A.phsC.cdcNs: ''
IEDBiogasCHP/MMXU1.A.phsC.cdcName: ''
IEDBiogasCHP/MMXU1.A.phsC.dataNs: ''
IEDBiogasCHP/MMXU1.A.neut [EX]
IEDBiogasCHP/MMXU1.A.neut.cdcNs: ''
IEDBiogasCHP/MMXU1.A.neut.cdcName: ''
IEDBiogasCHP/MMXU1.A.neut.dataNs: ''
IEDBiogasCHP/MMXU1.A.net [EX]
IEDBiogasCHP/MMXU1.A.net.cdcNs: ''
IEDBiogasCHP/MMXU1.A.net.cdcName: ''
IEDBiogasCHP/MMXU1.A.net.dataNs: ''
IEDBiogasCHP/MMXU1.A.res [EX]
IEDBiogasCHP/MMXU1.A.res.cdcNs: ''
IEDBiogasCHP/MMXU1.A.res.cdcName: ''
IEDBiogasCHP/MMXU1.A.res.dataNs: ''
14:23:47.223 [openiec61850-osi-server-7-thread-1] DEBUG com.beanit.openiec61850.ServerAssociation - sub BDA is:IEDBiogasCHP/MMXU1.A.cdcNs: ''
14:23:47.223 [openiec61850-osi-server-7-thread-1] DEBUG com.beanit.openiec61850.ServerAssociation - sub BDA is:IEDBiogasCHP/MMXU1.A.cdcName: ''
14:23:47.223 [openiec61850-osi-server-7-thread-1] DEBUG com.beanit.openiec61850.ServerAssociation - sub BDA is:IEDBiogasCHP/MMXU1.A.dataNs: ''
14:23:47.223 [openiec61850-osi-server-7-thread-1] DEBUG com.beanit.openiec61850.ServerAssociation - sub BDA is:IEDBiogasCHP/MMXU1.A.phsA.cdcNs: ''
14:23:47.223 [openiec61850-osi-server-7-thread-1] DEBUG com.beanit.openiec61850.ServerAssociation - sub BDA is:IEDBiogasCHP/MMXU1.A.phsA.cdcName: ''
14:23:47.223 [openiec61850-osi-server-7-thread-1] DEBUG com.beanit.openiec61850.ServerAssociation - sub BDA is:IEDBiogasCHP/MMXU1.A.phsA.dataNs: ''
14:23:47.223 [openiec61850-osi-server-7-thread-1] DEBUG com.beanit.openiec61850.ServerAssociation - sub BDA is:IEDBiogasCHP/MMXU1.A.phsB.cdcNs: ''
14:23:47.223 [openiec61850-osi-server-7-thread-1] DEBUG com.beanit.openiec61850.ServerAssociation - sub BDA is:IEDBiogasCHP/MMXU1.A.phsB.cdcName: ''
14:23:47.223 [openiec61850-osi-server-7-thread-1] DEBUG com.beanit.openiec61850.ServerAssociation - sub BDA is:IEDBiogasCHP/MMXU1.A.phsB.dataNs: ''
14:23:47.223 [openiec61850-osi-server-7-thread-1] DEBUG com.beanit.openiec61850.ServerAssociation - sub BDA is:IEDBiogasCHP/MMXU1.A.phsC.cdcNs: ''
14:23:47.223 [openiec61850-osi-server-7-thread-1] DEBUG com.beanit.openiec61850.ServerAssociation - sub BDA is:IEDBiogasCHP/MMXU1.A.phsC.cdcName: ''
14:23:47.223 [openiec61850-osi-server-7-thread-1] DEBUG com.beanit.openiec61850.ServerAssociation - sub BDA is:IEDBiogasCHP/MMXU1.A.phsC.dataNs: ''
14:23:47.223 [openiec61850-osi-server-7-thread-1] DEBUG com.beanit.openiec61850.ServerAssociation - sub BDA is:IEDBiogasCHP/MMXU1.A.neut.cdcNs: ''
14:23:47.223 [openiec61850-osi-server-7-thread-1] DEBUG com.beanit.openiec61850.ServerAssociation - sub BDA is:IEDBiogasCHP/MMXU1.A.neut.cdcName: ''
14:23:47.223 [openiec61850-osi-server-7-thread-1] DEBUG com.beanit.openiec61850.ServerAssociation - sub BDA is:IEDBiogasCHP/MMXU1.A.neut.dataNs: ''
14:23:47.223 [openiec61850-osi-server-7-thread-1] DEBUG com.beanit.openiec61850.ServerAssociation - sub BDA is:IEDBiogasCHP/MMXU1.A.net.cdcNs: ''
14:23:47.223 [openiec61850-osi-server-7-thread-1] DEBUG com.beanit.openiec61850.ServerAssociation - sub BDA is:IEDBiogasCHP/MMXU1.A.net.cdcName: ''
14:23:47.223 [openiec61850-osi-server-7-thread-1] DEBUG com.beanit.openiec61850.ServerAssociation - sub BDA is:IEDBiogasCHP/MMXU1.A.net.dataNs: ''
14:23:47.223 [openiec61850-osi-server-7-thread-1] DEBUG com.beanit.openiec61850.ServerAssociation - sub BDA is:IEDBiogasCHP/MMXU1.A.res.cdcNs: ''
14:23:47.223 [openiec61850-osi-server-7-thread-1] DEBUG com.beanit.openiec61850.ServerAssociation - sub BDA is:IEDBiogasCHP/MMXU1.A.res.cdcName: ''
14:23:47.223 [openiec61850-osi-server-7-thread-1] DEBUG com.beanit.openiec61850.ServerAssociation - sub BDA is:IEDBiogasCHP/MMXU1.A.res.dataNs: ''
calling GetDataValues(IEDBiogasCHP/MMXU1.A.cdcNs)
14:23:47.223 [openiec61850-osi-server-7-thread-1] DEBUG com.beanit.openiec61850.ServerAssociation - Got a GetDataValues request for node: IEDBiogasCHP/MMXU1.A.cdcNs: ''
calling GetDataValues(IEDBiogasCHP/MMXU1.A.cdcName)
14:23:47.223 [openiec61850-osi-server-7-thread-1] DEBUG com.beanit.openiec61850.ServerAssociation - Got a GetDataValues request for node: IEDBiogasCHP/MMXU1.A.cdcName: ''
calling GetDataValues(IEDBiogasCHP/MMXU1.A.dataNs)
14:23:47.223 [openiec61850-osi-server-7-thread-1] DEBUG com.beanit.openiec61850.ServerAssociation - Got a GetDataValues request for node: IEDBiogasCHP/MMXU1.A.dataNs: ''
calling GetDataValues(IEDBiogasCHP/MMXU1.A.phsA)
14:23:47.223 [openiec61850-osi-server-7-thread-1] DEBUG com.beanit.openiec61850.ServerAssociation - Got a GetDataValues request for node: IEDBiogasCHP/MMXU1.A.phsA [EX]
IEDBiogasCHP/MMXU1.A.phsA.cdcNs: ''
IEDBiogasCHP/MMXU1.A.phsA.cdcName: ''
IEDBiogasCHP/MMXU1.A.phsA.dataNs: ''
14:23:47.223 [openiec61850-osi-server-7-thread-1] DEBUG com.beanit.openiec61850.ServerAssociation - sub BDA is:IEDBiogasCHP/MMXU1.A.phsA.cdcNs: ''
14:23:47.223 [openiec61850-osi-server-7-thread-1] DEBUG com.beanit.openiec61850.ServerAssociation - sub BDA is:IEDBiogasCHP/MMXU1.A.phsA.cdcName: ''
14:23:47.223 [openiec61850-osi-server-7-thread-1] DEBUG com.beanit.openiec61850.ServerAssociation - sub BDA is:IEDBiogasCHP/MMXU1.A.phsA.dataNs: ''
calling GetDataValues(IEDBiogasCHP/MMXU1.A.phsA.cdcNs)
14:23:47.223 [openiec61850-osi-server-7-thread-1] DEBUG com.beanit.openiec61850.ServerAssociation - Got a GetDataValues request for node: IEDBiogasCHP/MMXU1.A.phsA.cdcNs: ''
calling GetDataValues(IEDBiogasCHP/MMXU1.A.phsA.cdcName)
14:23:47.224 [openiec61850-osi-server-7-thread-1] DEBUG com.beanit.openiec61850.ServerAssociation - Got a GetDataValues request for node: IEDBiogasCHP/MMXU1.A.phsA.cdcName: ''
calling GetDataValues(IEDBiogasCHP/MMXU1.A.phsA.dataNs)
14:23:47.224 [openiec61850-osi-server-7-thread-1] DEBUG com.beanit.openiec61850.ServerAssociation - Got a GetDataValues request for node: IEDBiogasCHP/MMXU1.A.phsA.dataNs: ''
calling GetDataValues(IEDBiogasCHP/MMXU1.A.phsB)
14:23:47.224 [openiec61850-osi-server-7-thread-1] DEBUG com.beanit.openiec61850.ServerAssociation - Got a GetDataValues request for node: IEDBiogasCHP/MMXU1.A.phsB [EX]
IEDBiogasCHP/MMXU1.A.phsB.cdcNs: ''
IEDBiogasCHP/MMXU1.A.phsB.cdcName: ''
IEDBiogasCHP/MMXU1.A.phsB.dataNs: ''
14:23:47.224 [openiec61850-osi-server-7-thread-1] DEBUG com.beanit.openiec61850.ServerAssociation - sub BDA is:IEDBiogasCHP/MMXU1.A.phsB.cdcNs: ''
14:23:47.224 [openiec61850-osi-server-7-thread-1] DEBUG com.beanit.openiec61850.ServerAssociation - sub BDA is:IEDBiogasCHP/MMXU1.A.phsB.cdcName: ''
14:23:47.224 [openiec61850-osi-server-7-thread-1] DEBUG com.beanit.openiec61850.ServerAssociation - sub BDA is:IEDBiogasCHP/MMXU1.A.phsB.dataNs: ''
calling GetDataValues(IEDBiogasCHP/MMXU1.A.phsB.cdcNs)
14:23:47.224 [openiec61850-osi-server-7-thread-1] DEBUG com.beanit.openiec61850.ServerAssociation - Got a GetDataValues request for node: IEDBiogasCHP/MMXU1.A.phsB.cdcNs: ''
calling GetDataValues(IEDBiogasCHP/MMXU1.A.phsB.cdcName)
14:23:47.224 [openiec61850-osi-server-7-thread-1] DEBUG com.beanit.openiec61850.ServerAssociation - Got a GetDataValues request for node: IEDBiogasCHP/MMXU1.A.phsB.cdcName: ''
calling GetDataValues(IEDBiogasCHP/MMXU1.A.phsB.dataNs)
14:23:47.224 [openiec61850-osi-server-7-thread-1] DEBUG com.beanit.openiec61850.ServerAssociation - Got a GetDataValues request for node: IEDBiogasCHP/MMXU1.A.phsB.dataNs: ''
calling GetDataValues(IEDBiogasCHP/MMXU1.A.phsC)
14:23:47.224 [openiec61850-osi-server-7-thread-1] DEBUG com.beanit.openiec61850.ServerAssociation - Got a GetDataValues request for node: IEDBiogasCHP/MMXU1.A.phsC [EX]
IEDBiogasCHP/MMXU1.A.phsC.cdcNs: ''
IEDBiogasCHP/MMXU1.A.phsC.cdcName: ''
IEDBiogasCHP/MMXU1.A.phsC.dataNs: ''
14:23:47.224 [openiec61850-osi-server-7-thread-1] DEBUG com.beanit.openiec61850.ServerAssociation - sub BDA is:IEDBiogasCHP/MMXU1.A.phsC.cdcNs: ''
14:23:47.224 [openiec61850-osi-server-7-thread-1] DEBUG com.beanit.openiec61850.ServerAssociation - sub BDA is:IEDBiogasCHP/MMXU1.A.phsC.cdcName: ''
14:23:47.224 [openiec61850-osi-server-7-thread-1] DEBUG com.beanit.openiec61850.ServerAssociation - sub BDA is:IEDBiogasCHP/MMXU1.A.phsC.dataNs: ''
calling GetDataValues(IEDBiogasCHP/MMXU1.A.phsC.cdcNs)
14:23:47.224 [openiec61850-osi-server-7-thread-1] DEBUG com.beanit.openiec61850.ServerAssociation - Got a GetDataValues request for node: IEDBiogasCHP/MMXU1.A.phsC.cdcNs: ''
calling GetDataValues(IEDBiogasCHP/MMXU1.A.phsC.cdcName)
14:23:47.225 [openiec61850-osi-server-7-thread-1] DEBUG com.beanit.openiec61850.ServerAssociation - Got a GetDataValues request for node: IEDBiogasCHP/MMXU1.A.phsC.cdcName: ''
calling GetDataValues(IEDBiogasCHP/MMXU1.A.phsC.dataNs)
14:23:47.225 [openiec61850-osi-server-7-thread-1] DEBUG com.beanit.openiec61850.ServerAssociation - Got a GetDataValues request for node: IEDBiogasCHP/MMXU1.A.phsC.dataNs: ''
calling GetDataValues(IEDBiogasCHP/MMXU1.A.neut)
14:23:47.225 [openiec61850-osi-server-7-thread-1] DEBUG com.beanit.openiec61850.ServerAssociation - Got a GetDataValues request for node: IEDBiogasCHP/MMXU1.A.neut [EX]
IEDBiogasCHP/MMXU1.A.neut.cdcNs: ''
IEDBiogasCHP/MMXU1.A.neut.cdcName: ''
IEDBiogasCHP/MMXU1.A.neut.dataNs: ''
14:23:47.225 [openiec61850-osi-server-7-thread-1] DEBUG com.beanit.openiec61850.ServerAssociation - sub BDA is:IEDBiogasCHP/MMXU1.A.neut.cdcNs: ''
14:23:47.225 [openiec61850-osi-server-7-thread-1] DEBUG com.beanit.openiec61850.ServerAssociation - sub BDA is:IEDBiogasCHP/MMXU1.A.neut.cdcName: ''
14:23:47.225 [openiec61850-osi-server-7-thread-1] DEBUG com.beanit.openiec61850.ServerAssociation - sub BDA is:IEDBiogasCHP/MMXU1.A.neut.dataNs: ''
calling GetDataValues(IEDBiogasCHP/MMXU1.A.neut.cdcNs)
14:23:47.225 [openiec61850-osi-server-7-thread-1] DEBUG com.beanit.openiec61850.ServerAssociation - Got a GetDataValues request for node: IEDBiogasCHP/MMXU1.A.neut.cdcNs: ''
calling GetDataValues(IEDBiogasCHP/MMXU1.A.neut.cdcName)
14:23:47.225 [openiec61850-osi-server-7-thread-1] DEBUG com.beanit.openiec61850.ServerAssociation - Got a GetDataValues request for node: IEDBiogasCHP/MMXU1.A.neut.cdcName: ''
calling GetDataValues(IEDBiogasCHP/MMXU1.A.neut.dataNs)
14:23:47.225 [openiec61850-osi-server-7-thread-1] DEBUG com.beanit.openiec61850.ServerAssociation - Got a GetDataValues request for node: IEDBiogasCHP/MMXU1.A.neut.dataNs: ''
calling GetDataValues(IEDBiogasCHP/MMXU1.A.net)
14:23:47.225 [openiec61850-osi-server-7-thread-1] DEBUG com.beanit.openiec61850.ServerAssociation - Got a GetDataValues request for node: IEDBiogasCHP/MMXU1.A.net [EX]
IEDBiogasCHP/MMXU1.A.net.cdcNs: ''
IEDBiogasCHP/MMXU1.A.net.cdcName: ''
IEDBiogasCHP/MMXU1.A.net.dataNs: ''
14:23:47.225 [openiec61850-osi-server-7-thread-1] DEBUG com.beanit.openiec61850.ServerAssociation - sub BDA is:IEDBiogasCHP/MMXU1.A.net.cdcNs: ''
14:23:47.225 [openiec61850-osi-server-7-thread-1] DEBUG com.beanit.openiec61850.ServerAssociation - sub BDA is:IEDBiogasCHP/MMXU1.A.net.cdcName: ''
14:23:47.225 [openiec61850-osi-server-7-thread-1] DEBUG com.beanit.openiec61850.ServerAssociation - sub BDA is:IEDBiogasCHP/MMXU1.A.net.dataNs: ''
calling GetDataValues(IEDBiogasCHP/MMXU1.A.net.cdcNs)
14:23:47.225 [openiec61850-osi-server-7-thread-1] DEBUG com.beanit.openiec61850.ServerAssociation - Got a GetDataValues request for node: IEDBiogasCHP/MMXU1.A.net.cdcNs: ''
calling GetDataValues(IEDBiogasCHP/MMXU1.A.net.cdcName)
14:23:47.226 [openiec61850-osi-server-7-thread-1] DEBUG com.beanit.openiec61850.ServerAssociation - Got a GetDataValues request for node: IEDBiogasCHP/MMXU1.A.net.cdcName: ''
calling GetDataValues(IEDBiogasCHP/MMXU1.A.net.dataNs)
14:23:47.226 [openiec61850-osi-server-7-thread-1] DEBUG com.beanit.openiec61850.ServerAssociation - Got a GetDataValues request for node: IEDBiogasCHP/MMXU1.A.net.dataNs: ''
calling GetDataValues(IEDBiogasCHP/MMXU1.A.res)
14:23:47.226 [openiec61850-osi-server-7-thread-1] DEBUG com.beanit.openiec61850.ServerAssociation - Got a GetDataValues request for node: IEDBiogasCHP/MMXU1.A.res [EX]
IEDBiogasCHP/MMXU1.A.res.cdcNs: ''
IEDBiogasCHP/MMXU1.A.res.cdcName: ''
IEDBiogasCHP/MMXU1.A.res.dataNs: ''
14:23:47.226 [openiec61850-osi-server-7-thread-1] DEBUG com.beanit.openiec61850.ServerAssociation - sub BDA is:IEDBiogasCHP/MMXU1.A.res.cdcNs: ''
14:23:47.226 [openiec61850-osi-server-7-thread-1] DEBUG com.beanit.openiec61850.ServerAssociation - sub BDA is:IEDBiogasCHP/MMXU1.A.res.cdcName: ''
14:23:47.226 [openiec61850-osi-server-7-thread-1] DEBUG com.beanit.openiec61850.ServerAssociation - sub BDA is:IEDBiogasCHP/MMXU1.A.res.dataNs: ''
calling GetDataValues(IEDBiogasCHP/MMXU1.A.res.cdcNs)
14:23:47.226 [openiec61850-osi-server-7-thread-1] DEBUG com.beanit.openiec61850.ServerAssociation - Got a GetDataValues request for node: IEDBiogasCHP/MMXU1.A.res.cdcNs: ''
calling GetDataValues(IEDBiogasCHP/MMXU1.A.res.cdcName)
14:23:47.226 [openiec61850-osi-server-7-thread-1] DEBUG com.beanit.openiec61850.ServerAssociation - Got a GetDataValues request for node: IEDBiogasCHP/MMXU1.A.res.cdcName: ''
calling GetDataValues(IEDBiogasCHP/MMXU1.A.res.dataNs)
14:23:47.226 [openiec61850-osi-server-7-thread-1] DEBUG com.beanit.openiec61850.ServerAssociation - Got a GetDataValues request for node: IEDBiogasCHP/MMXU1.A.res.dataNs: ''
calling GetDataValues(IEDBiogasCHP/MMXU1.W)
14:23:47.226 [openiec61850-osi-server-7-thread-1] DEBUG com.beanit.openiec61850.ServerAssociation - Got a GetDataValues request for node: IEDBiogasCHP/MMXU1.W [MX]
IEDBiogasCHP/MMXU1.W.phsA [MX]
IEDBiogasCHP/MMXU1.W.phsA.instCVal [MX]
IEDBiogasCHP/MMXU1.W.phsA.instCVal.mag [MX]
IEDBiogasCHP/MMXU1.W.phsA.instCVal.mag.i: 0
IEDBiogasCHP/MMXU1.W.phsA.instCVal.mag.f: 0.0
IEDBiogasCHP/MMXU1.W.phsA.instCVal.ang [MX]
IEDBiogasCHP/MMXU1.W.phsA.instCVal.ang.i: 0
IEDBiogasCHP/MMXU1.W.phsA.instCVal.ang.f: 0.0
IEDBiogasCHP/MMXU1.W.phsA.cVal [MX]
IEDBiogasCHP/MMXU1.W.phsA.cVal.mag [MX]
IEDBiogasCHP/MMXU1.W.phsA.cVal.mag.i: 0
IEDBiogasCHP/MMXU1.W.phsA.cVal.mag.f: 0.0
IEDBiogasCHP/MMXU1.W.phsA.cVal.ang [MX]
IEDBiogasCHP/MMXU1.W.phsA.cVal.ang.i: 0
IEDBiogasCHP/MMXU1.W.phsA.cVal.ang.f: 0.0
IEDBiogasCHP/MMXU1.W.phsA.range: 0
IEDBiogasCHP/MMXU1.W.phsA.q: 0x00 0x00
IEDBiogasCHP/MMXU1.W.phsA.t: Thu Jan 01 01:00:00 CET 1970
IEDBiogasCHP/MMXU1.W.phsB [MX]
IEDBiogasCHP/MMXU1.W.phsB.instCVal [MX]
IEDBiogasCHP/MMXU1.W.phsB.instCVal.mag [MX]
IEDBiogasCHP/MMXU1.W.phsB.instCVal.mag.i: 0
IEDBiogasCHP/MMXU1.W.phsB.instCVal.mag.f: 0.0
IEDBiogasCHP/MMXU1.W.phsB.instCVal.ang [MX]
IEDBiogasCHP/MMXU1.W.phsB.instCVal.ang.i: 0
IEDBiogasCHP/MMXU1.W.phsB.instCVal.ang.f: 0.0
IEDBiogasCHP/MMXU1.W.phsB.cVal [MX]
IEDBiogasCHP/MMXU1.W.phsB.cVal.mag [MX]
IEDBiogasCHP/MMXU1.W.phsB.cVal.mag.i: 0
IEDBiogasCHP/MMXU1.W.phsB.cVal.mag.f: 0.0
IEDBiogasCHP/MMXU1.W.phsB.cVal.ang [MX]
IEDBiogasCHP/MMXU1.W.phsB.cVal.ang.i: 0
IEDBiogasCHP/MMXU1.W.phsB.cVal.ang.f: 0.0
IEDBiogasCHP/MMXU1.W.phsB.range: 0
IEDBiogasCHP/MMXU1.W.phsB.q: 0x00 0x00
IEDBiogasCHP/MMXU1.W.phsB.t: Thu Jan 01 01:00:00 CET 1970
IEDBiogasCHP/MMXU1.W.phsC [MX]
IEDBiogasCHP/MMXU1.W.phsC.instCVal [MX]
IEDBiogasCHP/MMXU1.W.phsC.instCVal.mag [MX]
IEDBiogasCHP/MMXU1.W.phsC.instCVal.mag.i: 0
IEDBiogasCHP/MMXU1.W.phsC.instCVal.mag.f: 0.0
IEDBiogasCHP/MMXU1.W.phsC.instCVal.ang [MX]
IEDBiogasCHP/MMXU1.W.phsC.instCVal.ang.i: 0
IEDBiogasCHP/MMXU1.W.phsC.instCVal.ang.f: 0.0
IEDBiogasCHP/MMXU1.W.phsC.cVal [MX]
IEDBiogasCHP/MMXU1.W.phsC.cVal.mag [MX]
IEDBiogasCHP/MMXU1.W.phsC.cVal.mag.i: 0
IEDBiogasCHP/MMXU1.W.phsC.cVal.mag.f: 0.0
IEDBiogasCHP/MMXU1.W.phsC.cVal.ang [MX]
IEDBiogasCHP/MMXU1.W.phsC.cVal.ang.i: 0
IEDBiogasCHP/MMXU1.W.phsC.cVal.ang.f: 0.0
IEDBiogasCHP/MMXU1.W.phsC.range: 0
IEDBiogasCHP/MMXU1.W.phsC.q: 0x00 0x00
IEDBiogasCHP/MMXU1.W.phsC.t: Thu Jan 01 01:00:00 CET 1970
IEDBiogasCHP/MMXU1.W.neut [MX]
IEDBiogasCHP/MMXU1.W.neut.instCVal [MX]
IEDBiogasCHP/MMXU1.W.neut.instCVal.mag [MX]
IEDBiogasCHP/MMXU1.W.neut.instCVal.mag.i: 0
IEDBiogasCHP/MMXU1.W.neut.instCVal.mag.f: 0.0
IEDBiogasCHP/MMXU1.W.neut.instCVal.ang [MX]
IEDBiogasCHP/MMXU1.W.neut.instCVal.ang.i: 0
IEDBiogasCHP/MMXU1.W.neut.instCVal.ang.f: 0.0
IEDBiogasCHP/MMXU1.W.neut.cVal [MX]
IEDBiogasCHP/MMXU1.W.neut.cVal.mag [MX]
IEDBiogasCHP/MMXU1.W.neut.cVal.mag.i: 0
IEDBiogasCHP/MMXU1.W.neut.cVal.mag.f: 0.0
IEDBiogasCHP/MMXU1.W.neut.cVal.ang [MX]
IEDBiogasCHP/MMXU1.W.neut.cVal.ang.i: 0
IEDBiogasCHP/MMXU1.W.neut.cVal.ang.f: 0.0
IEDBiogasCHP/MMXU1.W.neut.range: 0
IEDBiogasCHP/MMXU1.W.neut.q: 0x00 0x00
IEDBiogasCHP/MMXU1.W.neut.t: Thu Jan 01 01:00:00 CET 1970
IEDBiogasCHP/MMXU1.W.net [MX]
IEDBiogasCHP/MMXU1.W.net.instCVal [MX]
IEDBiogasCHP/MMXU1.W.net.instCVal.mag [MX]
IEDBiogasCHP/MMXU1.W.net.instCVal.mag.i: 0
IEDBiogasCHP/MMXU1.W.net.instCVal.mag.f: 0.0
IEDBiogasCHP/MMXU1.W.net.instCVal.ang [MX]
IEDBiogasCHP/MMXU1.W.net.instCVal.ang.i: 0
IEDBiogasCHP/MMXU1.W.net.instCVal.ang.f: 0.0
IEDBiogasCHP/MMXU1.W.net.cVal [MX]
IEDBiogasCHP/MMXU1.W.net.cVal.mag [MX]
IEDBiogasCHP/MMXU1.W.net.cVal.mag.i: 0
IEDBiogasCHP/MMXU1.W.net.cVal.mag.f: 0.0
IEDBiogasCHP/MMXU1.W.net.cVal.ang [MX]
IEDBiogasCHP/MMXU1.W.net.cVal.ang.i: 0
IEDBiogasCHP/MMXU1.W.net.cVal.ang.f: 0.0
IEDBiogasCHP/MMXU1.W.net.range: 0
IEDBiogasCHP/MMXU1.W.net.q: 0x00 0x00
IEDBiogasCHP/MMXU1.W.net.t: Thu Jan 01 01:00:00 CET 1970
IEDBiogasCHP/MMXU1.W.res [MX]
IEDBiogasCHP/MMXU1.W.res.instCVal [MX]
IEDBiogasCHP/MMXU1.W.res.instCVal.mag [MX]
IEDBiogasCHP/MMXU1.W.res.instCVal.mag.i: 0
IEDBiogasCHP/MMXU1.W.res.instCVal.mag.f: 0.0
IEDBiogasCHP/MMXU1.W.res.instCVal.ang [MX]
IEDBiogasCHP/MMXU1.W.res.instCVal.ang.i: 0
IEDBiogasCHP/MMXU1.W.res.instCVal.ang.f: 0.0
IEDBiogasCHP/MMXU1.W.res.cVal [MX]
IEDBiogasCHP/MMXU1.W.res.cVal.mag [MX]
IEDBiogasCHP/MMXU1.W.res.cVal.mag.i: 0
IEDBiogasCHP/MMXU1.W.res.cVal.mag.f: 0.0
IEDBiogasCHP/MMXU1.W.res.cVal.ang [MX]
IEDBiogasCHP/MMXU1.W.res.cVal.ang.i: 0
IEDBiogasCHP/MMXU1.W.res.cVal.ang.f: 0.0
IEDBiogasCHP/MMXU1.W.res.range: 0
IEDBiogasCHP/MMXU1.W.res.q: 0x00 0x00
IEDBiogasCHP/MMXU1.W.res.t: Thu Jan 01 01:00:00 CET 1970
14:23:47.227 [openiec61850-osi-server-7-thread-1] DEBUG com.beanit.openiec61850.ServerAssociation - sub BDA is:IEDBiogasCHP/MMXU1.W.phsA.instCVal.mag.i: 0
14:23:47.227 [openiec61850-osi-server-7-thread-1] DEBUG com.beanit.openiec61850.ServerAssociation - sub BDA is:IEDBiogasCHP/MMXU1.W.phsA.instCVal.mag.f: 0.0
14:23:47.227 [openiec61850-osi-server-7-thread-1] DEBUG com.beanit.openiec61850.ServerAssociation - sub BDA is:IEDBiogasCHP/MMXU1.W.phsA.instCVal.ang.i: 0
14:23:47.227 [openiec61850-osi-server-7-thread-1] DEBUG com.beanit.openiec61850.ServerAssociation - sub BDA is:IEDBiogasCHP/MMXU1.W.phsA.instCVal.ang.f: 0.0
14:23:47.227 [openiec61850-osi-server-7-thread-1] DEBUG com.beanit.openiec61850.ServerAssociation - sub BDA is:IEDBiogasCHP/MMXU1.W.phsA.cVal.mag.i: 0
14:23:47.227 [openiec61850-osi-server-7-thread-1] DEBUG com.beanit.openiec61850.ServerAssociation - sub BDA is:IEDBiogasCHP/MMXU1.W.phsA.cVal.mag.f: 0.0
14:23:47.227 [openiec61850-osi-server-7-thread-1] DEBUG com.beanit.openiec61850.ServerAssociation - sub BDA is:IEDBiogasCHP/MMXU1.W.phsA.cVal.ang.i: 0
14:23:47.227 [openiec61850-osi-server-7-thread-1] DEBUG com.beanit.openiec61850.ServerAssociation - sub BDA is:IEDBiogasCHP/MMXU1.W.phsA.cVal.ang.f: 0.0
14:23:47.227 [openiec61850-osi-server-7-thread-1] DEBUG com.beanit.openiec61850.ServerAssociation - sub BDA is:IEDBiogasCHP/MMXU1.W.phsA.range: 0
14:23:47.227 [openiec61850-osi-server-7-thread-1] DEBUG com.beanit.openiec61850.ServerAssociation - sub BDA is:IEDBiogasCHP/MMXU1.W.phsA.q: 0x00 0x00
14:23:47.227 [openiec61850-osi-server-7-thread-1] DEBUG com.beanit.openiec61850.ServerAssociation - sub BDA is:IEDBiogasCHP/MMXU1.W.phsA.t: Thu Jan 01 01:00:00 CET 1970
14:23:47.227 [openiec61850-osi-server-7-thread-1] DEBUG com.beanit.openiec61850.ServerAssociation - sub BDA is:IEDBiogasCHP/MMXU1.W.phsB.instCVal.mag.i: 0
14:23:47.227 [openiec61850-osi-server-7-thread-1] DEBUG com.beanit.openiec61850.ServerAssociation - sub BDA is:IEDBiogasCHP/MMXU1.W.phsB.instCVal.mag.f: 0.0
14:23:47.227 [openiec61850-osi-server-7-thread-1] DEBUG com.beanit.openiec61850.ServerAssociation - sub BDA is:IEDBiogasCHP/MMXU1.W.phsB.instCVal.ang.i: 0
14:23:47.227 [openiec61850-osi-server-7-thread-1] DEBUG com.beanit.openiec61850.ServerAssociation - sub BDA is:IEDBiogasCHP/MMXU1.W.phsB.instCVal.ang.f: 0.0
14:23:47.227 [openiec61850-osi-server-7-thread-1] DEBUG com.beanit.openiec61850.ServerAssociation - sub BDA is:IEDBiogasCHP/MMXU1.W.phsB.cVal.mag.i: 0
14:23:47.227 [openiec61850-osi-server-7-thread-1] DEBUG com.beanit.openiec61850.ServerAssociation - sub BDA is:IEDBiogasCHP/MMXU1.W.phsB.cVal.mag.f: 0.0
14:23:47.227 [openiec61850-osi-server-7-thread-1] DEBUG com.beanit.openiec61850.ServerAssociation - sub BDA is:IEDBiogasCHP/MMXU1.W.phsB.cVal.ang.i: 0
14:23:47.227 [openiec61850-osi-server-7-thread-1] DEBUG com.beanit.openiec61850.ServerAssociation - sub BDA is:IEDBiogasCHP/MMXU1.W.phsB.cVal.ang.f: 0.0
14:23:47.227 [openiec61850-osi-server-7-thread-1] DEBUG com.beanit.openiec61850.ServerAssociation - sub BDA is:IEDBiogasCHP/MMXU1.W.phsB.range: 0
14:23:47.227 [openiec61850-osi-server-7-thread-1] DEBUG com.beanit.openiec61850.ServerAssociation - sub BDA is:IEDBiogasCHP/MMXU1.W.phsB.q: 0x00 0x00
14:23:47.227 [openiec61850-osi-server-7-thread-1] DEBUG com.beanit.openiec61850.ServerAssociation - sub BDA is:IEDBiogasCHP/MMXU1.W.phsB.t: Thu Jan 01 01:00:00 CET 1970
14:23:47.227 [openiec61850-osi-server-7-thread-1] DEBUG com.beanit.openiec61850.ServerAssociation - sub BDA is:IEDBiogasCHP/MMXU1.W.phsC.instCVal.mag.i: 0
14:23:47.227 [openiec61850-osi-server-7-thread-1] DEBUG com.beanit.openiec61850.ServerAssociation - sub BDA is:IEDBiogasCHP/MMXU1.W.phsC.instCVal.mag.f: 0.0
14:23:47.227 [openiec61850-osi-server-7-thread-1] DEBUG com.beanit.openiec61850.ServerAssociation - sub BDA is:IEDBiogasCHP/MMXU1.W.phsC.instCVal.ang.i: 0
14:23:47.227 [openiec61850-osi-server-7-thread-1] DEBUG com.beanit.openiec61850.ServerAssociation - sub BDA is:IEDBiogasCHP/MMXU1.W.phsC.instCVal.ang.f: 0.0
14:23:47.227 [openiec61850-osi-server-7-thread-1] DEBUG com.beanit.openiec61850.ServerAssociation - sub BDA is:IEDBiogasCHP/MMXU1.W.phsC.cVal.mag.i: 0
14:23:47.227 [openiec61850-osi-server-7-thread-1] DEBUG com.beanit.openiec61850.ServerAssociation - sub BDA is:IEDBiogasCHP/MMXU1.W.phsC.cVal.mag.f: 0.0
14:23:47.227 [openiec61850-osi-server-7-thread-1] DEBUG com.beanit.openiec61850.ServerAssociation - sub BDA is:IEDBiogasCHP/MMXU1.W.phsC.cVal.ang.i: 0
14:23:47.227 [openiec61850-osi-server-7-thread-1] DEBUG com.beanit.openiec61850.ServerAssociation - sub BDA is:IEDBiogasCHP/MMXU1.W.phsC.cVal.ang.f: 0.0
14:23:47.227 [openiec61850-osi-server-7-thread-1] DEBUG com.beanit.openiec61850.ServerAssociation - sub BDA is:IEDBiogasCHP/MMXU1.W.phsC.range: 0
14:23:47.227 [openiec61850-osi-server-7-thread-1] DEBUG com.beanit.openiec61850.ServerAssociation - sub BDA is:IEDBiogasCHP/MMXU1.W.phsC.q: 0x00 0x00
14:23:47.227 [openiec61850-osi-server-7-thread-1] DEBUG com.beanit.openiec61850.ServerAssociation - sub BDA is:IEDBiogasCHP/MMXU1.W.phsC.t: Thu Jan 01 01:00:00 CET 1970
14:23:47.227 [openiec61850-osi-server-7-thread-1] DEBUG com.beanit.openiec61850.ServerAssociation - sub BDA is:IEDBiogasCHP/MMXU1.W.neut.instCVal.mag.i: 0
14:23:47.227 [openiec61850-osi-server-7-thread-1] DEBUG com.beanit.openiec61850.ServerAssociation - sub BDA is:IEDBiogasCHP/MMXU1.W.neut.instCVal.mag.f: 0.0
14:23:47.227 [openiec61850-osi-server-7-thread-1] DEBUG com.beanit.openiec61850.ServerAssociation - sub BDA is:IEDBiogasCHP/MMXU1.W.neut.instCVal.ang.i: 0
14:23:47.227 [openiec61850-osi-server-7-thread-1] DEBUG com.beanit.openiec61850.ServerAssociation - sub BDA is:IEDBiogasCHP/MMXU1.W.neut.instCVal.ang.f: 0.0
14:23:47.227 [openiec61850-osi-server-7-thread-1] DEBUG com.beanit.openiec61850.ServerAssociation - sub BDA is:IEDBiogasCHP/MMXU1.W.neut.cVal.mag.i: 0
14:23:47.227 [openiec61850-osi-server-7-thread-1] DEBUG com.beanit.openiec61850.ServerAssociation - sub BDA is:IEDBiogasCHP/MMXU1.W.neut.cVal.mag.f: 0.0
14:23:47.227 [openiec61850-osi-server-7-thread-1] DEBUG com.beanit.openiec61850.ServerAssociation - sub BDA is:IEDBiogasCHP/MMXU1.W.neut.cVal.ang.i: 0
14:23:47.227 [openiec61850-osi-server-7-thread-1] DEBUG com.beanit.openiec61850.ServerAssociation - sub BDA is:IEDBiogasCHP/MMXU1.W.neut.cVal.ang.f: 0.0
14:23:47.227 [openiec61850-osi-server-7-thread-1] DEBUG com.beanit.openiec61850.ServerAssociation - sub BDA is:IEDBiogasCHP/MMXU1.W.neut.range: 0
14:23:47.227 [openiec61850-osi-server-7-thread-1] DEBUG com.beanit.openiec61850.ServerAssociation - sub BDA is:IEDBiogasCHP/MMXU1.W.neut.q: 0x00 0x00
14:23:47.227 [openiec61850-osi-server-7-thread-1] DEBUG com.beanit.openiec61850.ServerAssociation - sub BDA is:IEDBiogasCHP/MMXU1.W.neut.t: Thu Jan 01 01:00:00 CET 1970
14:23:47.227 [openiec61850-osi-server-7-thread-1] DEBUG com.beanit.openiec61850.ServerAssociation - sub BDA is:IEDBiogasCHP/MMXU1.W.net.instCVal.mag.i: 0
14:23:47.227 [openiec61850-osi-server-7-thread-1] DEBUG com.beanit.openiec61850.ServerAssociation - sub BDA is:IEDBiogasCHP/MMXU1.W.net.instCVal.mag.f: 0.0
14:23:47.227 [openiec61850-osi-server-7-thread-1] DEBUG com.beanit.openiec61850.ServerAssociation - sub BDA is:IEDBiogasCHP/MMXU1.W.net.instCVal.ang.i: 0
14:23:47.227 [openiec61850-osi-server-7-thread-1] DEBUG com.beanit.openiec61850.ServerAssociation - sub BDA is:IEDBiogasCHP/MMXU1.W.net.instCVal.ang.f: 0.0
14:23:47.227 [openiec61850-osi-server-7-thread-1] DEBUG com.beanit.openiec61850.ServerAssociation - sub BDA is:IEDBiogasCHP/MMXU1.W.net.cVal.mag.i: 0
14:23:47.227 [openiec61850-osi-server-7-thread-1] DEBUG com.beanit.openiec61850.ServerAssociation - sub BDA is:IEDBiogasCHP/MMXU1.W.net.cVal.mag.f: 0.0
14:23:47.227 [openiec61850-osi-server-7-thread-1] DEBUG com.beanit.openiec61850.ServerAssociation - sub BDA is:IEDBiogasCHP/MMXU1.W.net.cVal.ang.i: 0
14:23:47.227 [openiec61850-osi-server-7-thread-1] DEBUG com.beanit.openiec61850.ServerAssociation - sub BDA is:IEDBiogasCHP/MMXU1.W.net.cVal.ang.f: 0.0
14:23:47.227 [openiec61850-osi-server-7-thread-1] DEBUG com.beanit.openiec61850.ServerAssociation - sub BDA is:IEDBiogasCHP/MMXU1.W.net.range: 0
14:23:47.227 [openiec61850-osi-server-7-thread-1] DEBUG com.beanit.openiec61850.ServerAssociation - sub BDA is:IEDBiogasCHP/MMXU1.W.net.q: 0x00 0x00
14:23:47.227 [openiec61850-osi-server-7-thread-1] DEBUG com.beanit.openiec61850.ServerAssociation - sub BDA is:IEDBiogasCHP/MMXU1.W.net.t: Thu Jan 01 01:00:00 CET 1970
14:23:47.227 [openiec61850-osi-server-7-thread-1] DEBUG com.beanit.openiec61850.ServerAssociation - sub BDA is:IEDBiogasCHP/MMXU1.W.res.instCVal.mag.i: 0
14:23:47.227 [openiec61850-osi-server-7-thread-1] DEBUG com.beanit.openiec61850.ServerAssociation - sub BDA is:IEDBiogasCHP/MMXU1.W.res.instCVal.mag.f: 0.0
14:23:47.227 [openiec61850-osi-server-7-thread-1] DEBUG com.beanit.openiec61850.ServerAssociation - sub BDA is:IEDBiogasCHP/MMXU1.W.res.instCVal.ang.i: 0
14:23:47.227 [openiec61850-osi-server-7-thread-1] DEBUG com.beanit.openiec61850.ServerAssociation - sub BDA is:IEDBiogasCHP/MMXU1.W.res.instCVal.ang.f: 0.0
14:23:47.227 [openiec61850-osi-server-7-thread-1] DEBUG com.beanit.openiec61850.ServerAssociation - sub BDA is:IEDBiogasCHP/MMXU1.W.res.cVal.mag.i: 0
14:23:47.227 [openiec61850-osi-server-7-thread-1] DEBUG com.beanit.openiec61850.ServerAssociation - sub BDA is:IEDBiogasCHP/MMXU1.W.res.cVal.mag.f: 0.0
14:23:47.227 [openiec61850-osi-server-7-thread-1] DEBUG com.beanit.openiec61850.ServerAssociation - sub BDA is:IEDBiogasCHP/MMXU1.W.res.cVal.ang.i: 0
14:23:47.227 [openiec61850-osi-server-7-thread-1] DEBUG com.beanit.openiec61850.ServerAssociation - sub BDA is:IEDBiogasCHP/MMXU1.W.res.cVal.ang.f: 0.0
14:23:47.227 [openiec61850-osi-server-7-thread-1] DEBUG com.beanit.openiec61850.ServerAssociation - sub BDA is:IEDBiogasCHP/MMXU1.W.res.range: 0
14:23:47.227 [openiec61850-osi-server-7-thread-1] DEBUG com.beanit.openiec61850.ServerAssociation - sub BDA is:IEDBiogasCHP/MMXU1.W.res.q: 0x00 0x00
14:23:47.227 [openiec61850-osi-server-7-thread-1] DEBUG com.beanit.openiec61850.ServerAssociation - sub BDA is:IEDBiogasCHP/MMXU1.W.res.t: Thu Jan 01 01:00:00 CET 1970
calling GetDataValues(IEDBiogasCHP/MMXU1.W.phsA)
14:23:47.227 [openiec61850-osi-server-7-thread-1] DEBUG com.beanit.openiec61850.ServerAssociation - Got a GetDataValues request for node: IEDBiogasCHP/MMXU1.W.phsA [MX]
IEDBiogasCHP/MMXU1.W.phsA.instCVal [MX]
IEDBiogasCHP/MMXU1.W.phsA.instCVal.mag [MX]
IEDBiogasCHP/MMXU1.W.phsA.instCVal.mag.i: 0
IEDBiogasCHP/MMXU1.W.phsA.instCVal.mag.f: 0.0
IEDBiogasCHP/MMXU1.W.phsA.instCVal.ang [MX]
IEDBiogasCHP/MMXU1.W.phsA.instCVal.ang.i: 0
IEDBiogasCHP/MMXU1.W.phsA.instCVal.ang.f: 0.0
IEDBiogasCHP/MMXU1.W.phsA.cVal [MX]
IEDBiogasCHP/MMXU1.W.phsA.cVal.mag [MX]
IEDBiogasCHP/MMXU1.W.phsA.cVal.mag.i: 0
IEDBiogasCHP/MMXU1.W.phsA.cVal.mag.f: 0.0
IEDBiogasCHP/MMXU1.W.phsA.cVal.ang [MX]
IEDBiogasCHP/MMXU1.W.phsA.cVal.ang.i: 0
IEDBiogasCHP/MMXU1.W.phsA.cVal.ang.f: 0.0
IEDBiogasCHP/MMXU1.W.phsA.range: 0
IEDBiogasCHP/MMXU1.W.phsA.q: 0x00 0x00
IEDBiogasCHP/MMXU1.W.phsA.t: Thu Jan 01 01:00:00 CET 1970
14:23:47.227 [openiec61850-osi-server-7-thread-1] DEBUG com.beanit.openiec61850.ServerAssociation - sub BDA is:IEDBiogasCHP/MMXU1.W.phsA.instCVal.mag.i: 0
14:23:47.227 [openiec61850-osi-server-7-thread-1] DEBUG com.beanit.openiec61850.ServerAssociation - sub BDA is:IEDBiogasCHP/MMXU1.W.phsA.instCVal.mag.f: 0.0
14:23:47.227 [openiec61850-osi-server-7-thread-1] DEBUG com.beanit.openiec61850.ServerAssociation - sub BDA is:IEDBiogasCHP/MMXU1.W.phsA.instCVal.ang.i: 0
14:23:47.227 [openiec61850-osi-server-7-thread-1] DEBUG com.beanit.openiec61850.ServerAssociation - sub BDA is:IEDBiogasCHP/MMXU1.W.phsA.instCVal.ang.f: 0.0
14:23:47.227 [openiec61850-osi-server-7-thread-1] DEBUG com.beanit.openiec61850.ServerAssociation - sub BDA is:IEDBiogasCHP/MMXU1.W.phsA.cVal.mag.i: 0
14:23:47.227 [openiec61850-osi-server-7-thread-1] DEBUG com.beanit.openiec61850.ServerAssociation - sub BDA is:IEDBiogasCHP/MMXU1.W.phsA.cVal.mag.f: 0.0
14:23:47.227 [openiec61850-osi-server-7-thread-1] DEBUG com.beanit.openiec61850.ServerAssociation - sub BDA is:IEDBiogasCHP/MMXU1.W.phsA.cVal.ang.i: 0
14:23:47.227 [openiec61850-osi-server-7-thread-1] DEBUG com.beanit.openiec61850.ServerAssociation - sub BDA is:IEDBiogasCHP/MMXU1.W.phsA.cVal.ang.f: 0.0
14:23:47.227 [openiec61850-osi-server-7-thread-1] DEBUG com.beanit.openiec61850.ServerAssociation - sub BDA is:IEDBiogasCHP/MMXU1.W.phsA.range: 0
14:23:47.227 [openiec61850-osi-server-7-thread-1] DEBUG com.beanit.openiec61850.ServerAssociation - sub BDA is:IEDBiogasCHP/MMXU1.W.phsA.q: 0x00 0x00
14:23:47.227 [openiec61850-osi-server-7-thread-1] DEBUG com.beanit.openiec61850.ServerAssociation - sub BDA is:IEDBiogasCHP/MMXU1.W.phsA.t: Thu Jan 01 01:00:00 CET 1970
calling GetDataValues(IEDBiogasCHP/MMXU1.W.phsA.instCVal)
14:23:47.227 [openiec61850-osi-server-7-thread-1] DEBUG com.beanit.openiec61850.ServerAssociation - Got a GetDataValues request for node: IEDBiogasCHP/MMXU1.W.phsA.instCVal [MX]
IEDBiogasCHP/MMXU1.W.phsA.instCVal.mag [MX]
IEDBiogasCHP/MMXU1.W.phsA.instCVal.mag.i: 0
IEDBiogasCHP/MMXU1.W.phsA.instCVal.mag.f: 0.0
IEDBiogasCHP/MMXU1.W.phsA.instCVal.ang [MX]
IEDBiogasCHP/MMXU1.W.phsA.instCVal.ang.i: 0
IEDBiogasCHP/MMXU1.W.phsA.instCVal.ang.f: 0.0
14:23:47.227 [openiec61850-osi-server-7-thread-1] DEBUG com.beanit.openiec61850.ServerAssociation - sub BDA is:IEDBiogasCHP/MMXU1.W.phsA.instCVal.mag.i: 0
14:23:47.227 [openiec61850-osi-server-7-thread-1] DEBUG com.beanit.openiec61850.ServerAssociation - sub BDA is:IEDBiogasCHP/MMXU1.W.phsA.instCVal.mag.f: 0.0
14:23:47.227 [openiec61850-osi-server-7-thread-1] DEBUG com.beanit.openiec61850.ServerAssociation - sub BDA is:IEDBiogasCHP/MMXU1.W.phsA.instCVal.ang.i: 0
14:23:47.227 [openiec61850-osi-server-7-thread-1] DEBUG com.beanit.openiec61850.ServerAssociation - sub BDA is:IEDBiogasCHP/MMXU1.W.phsA.instCVal.ang.f: 0.0
calling GetDataValues(IEDBiogasCHP/MMXU1.W.phsA.instCVal.mag)
14:23:47.228 [openiec61850-osi-server-7-thread-1] DEBUG com.beanit.openiec61850.ServerAssociation - Got a GetDataValues request for node: IEDBiogasCHP/MMXU1.W.phsA.instCVal.mag [MX]
IEDBiogasCHP/MMXU1.W.phsA.instCVal.mag.i: 0
IEDBiogasCHP/MMXU1.W.phsA.instCVal.mag.f: 0.0
14:23:47.228 [openiec61850-osi-server-7-thread-1] DEBUG com.beanit.openiec61850.ServerAssociation - sub BDA is:IEDBiogasCHP/MMXU1.W.phsA.instCVal.mag.i: 0
14:23:47.228 [openiec61850-osi-server-7-thread-1] DEBUG com.beanit.openiec61850.ServerAssociation - sub BDA is:IEDBiogasCHP/MMXU1.W.phsA.instCVal.mag.f: 0.0
calling GetDataValues(IEDBiogasCHP/MMXU1.W.phsA.instCVal.mag.i)
14:23:47.228 [openiec61850-osi-server-7-thread-1] DEBUG com.beanit.openiec61850.ServerAssociation - Got a GetDataValues request for node: IEDBiogasCHP/MMXU1.W.phsA.instCVal.mag.i: 0
calling GetDataValues(IEDBiogasCHP/MMXU1.W.phsA.instCVal.mag.f)
14:23:47.228 [openiec61850-osi-server-7-thread-1] DEBUG com.beanit.openiec61850.ServerAssociation - Got a GetDataValues request for node: IEDBiogasCHP/MMXU1.W.phsA.instCVal.mag.f: 0.0
calling GetDataValues(IEDBiogasCHP/MMXU1.W.phsA.instCVal.ang)
14:23:47.228 [openiec61850-osi-server-7-thread-1] DEBUG com.beanit.openiec61850.ServerAssociation - Got a GetDataValues request for node: IEDBiogasCHP/MMXU1.W.phsA.instCVal.ang [MX]
IEDBiogasCHP/MMXU1.W.phsA.instCVal.ang.i: 0
IEDBiogasCHP/MMXU1.W.phsA.instCVal.ang.f: 0.0
14:23:47.228 [openiec61850-osi-server-7-thread-1] DEBUG com.beanit.openiec61850.ServerAssociation - sub BDA is:IEDBiogasCHP/MMXU1.W.phsA.instCVal.ang.i: 0
14:23:47.228 [openiec61850-osi-server-7-thread-1] DEBUG com.beanit.openiec61850.ServerAssociation - sub BDA is:IEDBiogasCHP/MMXU1.W.phsA.instCVal.ang.f: 0.0
calling GetDataValues(IEDBiogasCHP/MMXU1.W.phsA.instCVal.ang.i)
14:23:47.228 [openiec61850-osi-server-7-thread-1] DEBUG com.beanit.openiec61850.ServerAssociation - Got a GetDataValues request for node: IEDBiogasCHP/MMXU1.W.phsA.instCVal.ang.i: 0
calling GetDataValues(IEDBiogasCHP/MMXU1.W.phsA.instCVal.ang.f)
14:23:47.228 [openiec61850-osi-server-7-thread-1] DEBUG com.beanit.openiec61850.ServerAssociation - Got a GetDataValues request for node: IEDBiogasCHP/MMXU1.W.phsA.instCVal.ang.f: 0.0
calling GetDataValues(IEDBiogasCHP/MMXU1.W.phsA.cVal)
14:23:47.228 [openiec61850-osi-server-7-thread-1] DEBUG com.beanit.openiec61850.ServerAssociation - Got a GetDataValues request for node: IEDBiogasCHP/MMXU1.W.phsA.cVal [MX]
IEDBiogasCHP/MMXU1.W.phsA.cVal.mag [MX]
IEDBiogasCHP/MMXU1.W.phsA.cVal.mag.i: 0
IEDBiogasCHP/MMXU1.W.phsA.cVal.mag.f: 0.0
IEDBiogasCHP/MMXU1.W.phsA.cVal.ang [MX]
IEDBiogasCHP/MMXU1.W.phsA.cVal.ang.i: 0
IEDBiogasCHP/MMXU1.W.phsA.cVal.ang.f: 0.0
14:23:47.228 [openiec61850-osi-server-7-thread-1] DEBUG com.beanit.openiec61850.ServerAssociation - sub BDA is:IEDBiogasCHP/MMXU1.W.phsA.cVal.mag.i: 0
14:23:47.228 [openiec61850-osi-server-7-thread-1] DEBUG com.beanit.openiec61850.ServerAssociation - sub BDA is:IEDBiogasCHP/MMXU1.W.phsA.cVal.mag.f: 0.0
14:23:47.228 [openiec61850-osi-server-7-thread-1] DEBUG com.beanit.openiec61850.ServerAssociation - sub BDA is:IEDBiogasCHP/MMXU1.W.phsA.cVal.ang.i: 0
14:23:47.228 [openiec61850-osi-server-7-thread-1] DEBUG com.beanit.openiec61850.ServerAssociation - sub BDA is:IEDBiogasCHP/MMXU1.W.phsA.cVal.ang.f: 0.0
calling GetDataValues(IEDBiogasCHP/MMXU1.W.phsA.cVal.mag)
14:23:47.229 [openiec61850-osi-server-7-thread-1] DEBUG com.beanit.openiec61850.ServerAssociation - Got a GetDataValues request for node: IEDBiogasCHP/MMXU1.W.phsA.cVal.mag [MX]
IEDBiogasCHP/MMXU1.W.phsA.cVal.mag.i: 0
IEDBiogasCHP/MMXU1.W.phsA.cVal.mag.f: 0.0
14:23:47.229 [openiec61850-osi-server-7-thread-1] DEBUG com.beanit.openiec61850.ServerAssociation - sub BDA is:IEDBiogasCHP/MMXU1.W.phsA.cVal.mag.i: 0
14:23:47.229 [openiec61850-osi-server-7-thread-1] DEBUG com.beanit.openiec61850.ServerAssociation - sub BDA is:IEDBiogasCHP/MMXU1.W.phsA.cVal.mag.f: 0.0
calling GetDataValues(IEDBiogasCHP/MMXU1.W.phsA.cVal.mag.i)
14:23:47.229 [openiec61850-osi-server-7-thread-1] DEBUG com.beanit.openiec61850.ServerAssociation - Got a GetDataValues request for node: IEDBiogasCHP/MMXU1.W.phsA.cVal.mag.i: 0
calling GetDataValues(IEDBiogasCHP/MMXU1.W.phsA.cVal.mag.f)
14:23:47.229 [openiec61850-osi-server-7-thread-1] DEBUG com.beanit.openiec61850.ServerAssociation - Got a GetDataValues request for node: IEDBiogasCHP/MMXU1.W.phsA.cVal.mag.f: 0.0
calling GetDataValues(IEDBiogasCHP/MMXU1.W.phsA.cVal.ang)
14:23:47.229 [openiec61850-osi-server-7-thread-1] DEBUG com.beanit.openiec61850.ServerAssociation - Got a GetDataValues request for node: IEDBiogasCHP/MMXU1.W.phsA.cVal.ang [MX]
IEDBiogasCHP/MMXU1.W.phsA.cVal.ang.i: 0
IEDBiogasCHP/MMXU1.W.phsA.cVal.ang.f: 0.0
14:23:47.229 [openiec61850-osi-server-7-thread-1] DEBUG com.beanit.openiec61850.ServerAssociation - sub BDA is:IEDBiogasCHP/MMXU1.W.phsA.cVal.ang.i: 0
14:23:47.229 [openiec61850-osi-server-7-thread-1] DEBUG com.beanit.openiec61850.ServerAssociation - sub BDA is:IEDBiogasCHP/MMXU1.W.phsA.cVal.ang.f: 0.0
calling GetDataValues(IEDBiogasCHP/MMXU1.W.phsA.cVal.ang.i)
14:23:47.229 [openiec61850-osi-server-7-thread-1] DEBUG com.beanit.openiec61850.ServerAssociation - Got a GetDataValues request for node: IEDBiogasCHP/MMXU1.W.phsA.cVal.ang.i: 0
calling GetDataValues(IEDBiogasCHP/MMXU1.W.phsA.cVal.ang.f)
14:23:47.229 [openiec61850-osi-server-7-thread-1] DEBUG com.beanit.openiec61850.ServerAssociation - Got a GetDataValues request for node: IEDBiogasCHP/MMXU1.W.phsA.cVal.ang.f: 0.0
calling GetDataValues(IEDBiogasCHP/MMXU1.W.phsA.range)
14:23:47.229 [openiec61850-osi-server-7-thread-1] DEBUG com.beanit.openiec61850.ServerAssociation - Got a GetDataValues request for node: IEDBiogasCHP/MMXU1.W.phsA.range: 0
calling GetDataValues(IEDBiogasCHP/MMXU1.W.phsA.q)
14:23:47.229 [openiec61850-osi-server-7-thread-1] DEBUG com.beanit.openiec61850.ServerAssociation - Got a GetDataValues request for node: IEDBiogasCHP/MMXU1.W.phsA.q: 0x00 0x00
calling GetDataValues(IEDBiogasCHP/MMXU1.W.phsA.t)
14:23:47.230 [openiec61850-osi-server-7-thread-1] DEBUG com.beanit.openiec61850.ServerAssociation - Got a GetDataValues request for node: IEDBiogasCHP/MMXU1.W.phsA.t: Thu Jan 01 01:00:00 CET 1970
calling GetDataValues(IEDBiogasCHP/MMXU1.W.phsB)
14:23:47.230 [openiec61850-osi-server-7-thread-1] DEBUG com.beanit.openiec61850.ServerAssociation - Got a GetDataValues request for node: IEDBiogasCHP/MMXU1.W.phsB [MX]
IEDBiogasCHP/MMXU1.W.phsB.instCVal [MX]
IEDBiogasCHP/MMXU1.W.phsB.instCVal.mag [MX]
IEDBiogasCHP/MMXU1.W.phsB.instCVal.mag.i: 0
IEDBiogasCHP/MMXU1.W.phsB.instCVal.mag.f: 0.0
IEDBiogasCHP/MMXU1.W.phsB.instCVal.ang [MX]
IEDBiogasCHP/MMXU1.W.phsB.instCVal.ang.i: 0
IEDBiogasCHP/MMXU1.W.phsB.instCVal.ang.f: 0.0
IEDBiogasCHP/MMXU1.W.phsB.cVal [MX]
IEDBiogasCHP/MMXU1.W.phsB.cVal.mag [MX]
IEDBiogasCHP/MMXU1.W.phsB.cVal.mag.i: 0
IEDBiogasCHP/MMXU1.W.phsB.cVal.mag.f: 0.0
IEDBiogasCHP/MMXU1.W.phsB.cVal.ang [MX]
IEDBiogasCHP/MMXU1.W.phsB.cVal.ang.i: 0
IEDBiogasCHP/MMXU1.W.phsB.cVal.ang.f: 0.0
IEDBiogasCHP/MMXU1.W.phsB.range: 0
IEDBiogasCHP/MMXU1.W.phsB.q: 0x00 0x00
IEDBiogasCHP/MMXU1.W.phsB.t: Thu Jan 01 01:00:00 CET 1970
14:23:47.230 [openiec61850-osi-server-7-thread-1] DEBUG com.beanit.openiec61850.ServerAssociation - sub BDA is:IEDBiogasCHP/MMXU1.W.phsB.instCVal.mag.i: 0
14:23:47.230 [openiec61850-osi-server-7-thread-1] DEBUG com.beanit.openiec61850.ServerAssociation - sub BDA is:IEDBiogasCHP/MMXU1.W.phsB.instCVal.mag.f: 0.0
14:23:47.230 [openiec61850-osi-server-7-thread-1] DEBUG com.beanit.openiec61850.ServerAssociation - sub BDA is:IEDBiogasCHP/MMXU1.W.phsB.instCVal.ang.i: 0
14:23:47.230 [openiec61850-osi-server-7-thread-1] DEBUG com.beanit.openiec61850.ServerAssociation - sub BDA is:IEDBiogasCHP/MMXU1.W.phsB.instCVal.ang.f: 0.0
14:23:47.230 [openiec61850-osi-server-7-thread-1] DEBUG com.beanit.openiec61850.ServerAssociation - sub BDA is:IEDBiogasCHP/MMXU1.W.phsB.cVal.mag.i: 0
14:23:47.230 [openiec61850-osi-server-7-thread-1] DEBUG com.beanit.openiec61850.ServerAssociation - sub BDA is:IEDBiogasCHP/MMXU1.W.phsB.cVal.mag.f: 0.0
14:23:47.230 [openiec61850-osi-server-7-thread-1] DEBUG com.beanit.openiec61850.ServerAssociation - sub BDA is:IEDBiogasCHP/MMXU1.W.phsB.cVal.ang.i: 0
14:23:47.230 [openiec61850-osi-server-7-thread-1] DEBUG com.beanit.openiec61850.ServerAssociation - sub BDA is:IEDBiogasCHP/MMXU1.W.phsB.cVal.ang.f: 0.0
14:23:47.230 [openiec61850-osi-server-7-thread-1] DEBUG com.beanit.openiec61850.ServerAssociation - sub BDA is:IEDBiogasCHP/MMXU1.W.phsB.range: 0
14:23:47.230 [openiec61850-osi-server-7-thread-1] DEBUG com.beanit.openiec61850.ServerAssociation - sub BDA is:IEDBiogasCHP/MMXU1.W.phsB.q: 0x00 0x00
14:23:47.230 [openiec61850-osi-server-7-thread-1] DEBUG com.beanit.openiec61850.ServerAssociation - sub BDA is:IEDBiogasCHP/MMXU1.W.phsB.t: Thu Jan 01 01:00:00 CET 1970
calling GetDataValues(IEDBiogasCHP/MMXU1.W.phsB.instCVal)
14:23:47.230 [openiec61850-osi-server-7-thread-1] DEBUG com.beanit.openiec61850.ServerAssociation - Got a GetDataValues request for node: IEDBiogasCHP/MMXU1.W.phsB.instCVal [MX]
IEDBiogasCHP/MMXU1.W.phsB.instCVal.mag [MX]
IEDBiogasCHP/MMXU1.W.phsB.instCVal.mag.i: 0
IEDBiogasCHP/MMXU1.W.phsB.instCVal.mag.f: 0.0
IEDBiogasCHP/MMXU1.W.phsB.instCVal.ang [MX]
IEDBiogasCHP/MMXU1.W.phsB.instCVal.ang.i: 0
IEDBiogasCHP/MMXU1.W.phsB.instCVal.ang.f: 0.0
14:23:47.230 [openiec61850-osi-server-7-thread-1] DEBUG com.beanit.openiec61850.ServerAssociation - sub BDA is:IEDBiogasCHP/MMXU1.W.phsB.instCVal.mag.i: 0
14:23:47.230 [openiec61850-osi-server-7-thread-1] DEBUG com.beanit.openiec61850.ServerAssociation - sub BDA is:IEDBiogasCHP/MMXU1.W.phsB.instCVal.mag.f: 0.0
14:23:47.230 [openiec61850-osi-server-7-thread-1] DEBUG com.beanit.openiec61850.ServerAssociation - sub BDA is:IEDBiogasCHP/MMXU1.W.phsB.instCVal.ang.i: 0
14:23:47.230 [openiec61850-osi-server-7-thread-1] DEBUG com.beanit.openiec61850.ServerAssociation - sub BDA is:IEDBiogasCHP/MMXU1.W.phsB.instCVal.ang.f: 0.0
calling GetDataValues(IEDBiogasCHP/MMXU1.W.phsB.instCVal.mag)
14:23:47.230 [openiec61850-osi-server-7-thread-1] DEBUG com.beanit.openiec61850.ServerAssociation - Got a GetDataValues request for node: IEDBiogasCHP/MMXU1.W.phsB.instCVal.mag [MX]
IEDBiogasCHP/MMXU1.W.phsB.instCVal.mag.i: 0
IEDBiogasCHP/MMXU1.W.phsB.instCVal.mag.f: 0.0
14:23:47.230 [openiec61850-osi-server-7-thread-1] DEBUG com.beanit.openiec61850.ServerAssociation - sub BDA is:IEDBiogasCHP/MMXU1.W.phsB.instCVal.mag.i: 0
14:23:47.230 [openiec61850-osi-server-7-thread-1] DEBUG com.beanit.openiec61850.ServerAssociation - sub BDA is:IEDBiogasCHP/MMXU1.W.phsB.instCVal.mag.f: 0.0
calling GetDataValues(IEDBiogasCHP/MMXU1.W.phsB.instCVal.mag.i)
14:23:47.230 [openiec61850-osi-server-7-thread-1] DEBUG com.beanit.openiec61850.ServerAssociation - Got a GetDataValues request for node: IEDBiogasCHP/MMXU1.W.phsB.instCVal.mag.i: 0
calling GetDataValues(IEDBiogasCHP/MMXU1.W.phsB.instCVal.mag.f)
14:23:47.231 [openiec61850-osi-server-7-thread-1] DEBUG com.beanit.openiec61850.ServerAssociation - Got a GetDataValues request for node: IEDBiogasCHP/MMXU1.W.phsB.instCVal.mag.f: 0.0
calling GetDataValues(IEDBiogasCHP/MMXU1.W.phsB.instCVal.ang)
14:23:47.231 [openiec61850-osi-server-7-thread-1] DEBUG com.beanit.openiec61850.ServerAssociation - Got a GetDataValues request for node: IEDBiogasCHP/MMXU1.W.phsB.instCVal.ang [MX]
IEDBiogasCHP/MMXU1.W.phsB.instCVal.ang.i: 0
IEDBiogasCHP/MMXU1.W.phsB.instCVal.ang.f: 0.0
14:23:47.231 [openiec61850-osi-server-7-thread-1] DEBUG com.beanit.openiec61850.ServerAssociation - sub BDA is:IEDBiogasCHP/MMXU1.W.phsB.instCVal.ang.i: 0
14:23:47.231 [openiec61850-osi-server-7-thread-1] DEBUG com.beanit.openiec61850.ServerAssociation - sub BDA is:IEDBiogasCHP/MMXU1.W.phsB.instCVal.ang.f: 0.0
calling GetDataValues(IEDBiogasCHP/MMXU1.W.phsB.instCVal.ang.i)
14:23:47.231 [openiec61850-osi-server-7-thread-1] DEBUG com.beanit.openiec61850.ServerAssociation - Got a GetDataValues request for node: IEDBiogasCHP/MMXU1.W.phsB.instCVal.ang.i: 0
calling GetDataValues(IEDBiogasCHP/MMXU1.W.phsB.instCVal.ang.f)
14:23:47.231 [openiec61850-osi-server-7-thread-1] DEBUG com.beanit.openiec61850.ServerAssociation - Got a GetDataValues request for node: IEDBiogasCHP/MMXU1.W.phsB.instCVal.ang.f: 0.0
calling GetDataValues(IEDBiogasCHP/MMXU1.W.phsB.cVal)
14:23:47.231 [openiec61850-osi-server-7-thread-1] DEBUG com.beanit.openiec61850.ServerAssociation - Got a GetDataValues request for node: IEDBiogasCHP/MMXU1.W.phsB.cVal [MX]
IEDBiogasCHP/MMXU1.W.phsB.cVal.mag [MX]
IEDBiogasCHP/MMXU1.W.phsB.cVal.mag.i: 0
IEDBiogasCHP/MMXU1.W.phsB.cVal.mag.f: 0.0
IEDBiogasCHP/MMXU1.W.phsB.cVal.ang [MX]
IEDBiogasCHP/MMXU1.W.phsB.cVal.ang.i: 0
IEDBiogasCHP/MMXU1.W.phsB.cVal.ang.f: 0.0
14:23:47.231 [openiec61850-osi-server-7-thread-1] DEBUG com.beanit.openiec61850.ServerAssociation - sub BDA is:IEDBiogasCHP/MMXU1.W.phsB.cVal.mag.i: 0
14:23:47.231 [openiec61850-osi-server-7-thread-1] DEBUG com.beanit.openiec61850.ServerAssociation - sub BDA is:IEDBiogasCHP/MMXU1.W.phsB.cVal.mag.f: 0.0
14:23:47.231 [openiec61850-osi-server-7-thread-1] DEBUG com.beanit.openiec61850.ServerAssociation - sub BDA is:IEDBiogasCHP/MMXU1.W.phsB.cVal.ang.i: 0
14:23:47.231 [openiec61850-osi-server-7-thread-1] DEBUG com.beanit.openiec61850.ServerAssociation - sub BDA is:IEDBiogasCHP/MMXU1.W.phsB.cVal.ang.f: 0.0
calling GetDataValues(IEDBiogasCHP/MMXU1.W.phsB.cVal.mag)
14:23:47.231 [openiec61850-osi-server-7-thread-1] DEBUG com.beanit.openiec61850.ServerAssociation - Got a GetDataValues request for node: IEDBiogasCHP/MMXU1.W.phsB.cVal.mag [MX]
IEDBiogasCHP/MMXU1.W.phsB.cVal.mag.i: 0
IEDBiogasCHP/MMXU1.W.phsB.cVal.mag.f: 0.0
14:23:47.231 [openiec61850-osi-server-7-thread-1] DEBUG com.beanit.openiec61850.ServerAssociation - sub BDA is:IEDBiogasCHP/MMXU1.W.phsB.cVal.mag.i: 0
14:23:47.231 [openiec61850-osi-server-7-thread-1] DEBUG com.beanit.openiec61850.ServerAssociation - sub BDA is:IEDBiogasCHP/MMXU1.W.phsB.cVal.mag.f: 0.0
calling GetDataValues(IEDBiogasCHP/MMXU1.W.phsB.cVal.mag.i)
14:23:47.231 [openiec61850-osi-server-7-thread-1] DEBUG com.beanit.openiec61850.ServerAssociation - Got a GetDataValues request for node: IEDBiogasCHP/MMXU1.W.phsB.cVal.mag.i: 0
calling GetDataValues(IEDBiogasCHP/MMXU1.W.phsB.cVal.mag.f)
14:23:47.231 [openiec61850-osi-server-7-thread-1] DEBUG com.beanit.openiec61850.ServerAssociation - Got a GetDataValues request for node: IEDBiogasCHP/MMXU1.W.phsB.cVal.mag.f: 0.0
calling GetDataValues(IEDBiogasCHP/MMXU1.W.phsB.cVal.ang)
14:23:47.232 [openiec61850-osi-server-7-thread-1] DEBUG com.beanit.openiec61850.ServerAssociation - Got a GetDataValues request for node: IEDBiogasCHP/MMXU1.W.phsB.cVal.ang [MX]
IEDBiogasCHP/MMXU1.W.phsB.cVal.ang.i: 0
IEDBiogasCHP/MMXU1.W.phsB.cVal.ang.f: 0.0
14:23:47.232 [openiec61850-osi-server-7-thread-1] DEBUG com.beanit.openiec61850.ServerAssociation - sub BDA is:IEDBiogasCHP/MMXU1.W.phsB.cVal.ang.i: 0
14:23:47.232 [openiec61850-osi-server-7-thread-1] DEBUG com.beanit.openiec61850.ServerAssociation - sub BDA is:IEDBiogasCHP/MMXU1.W.phsB.cVal.ang.f: 0.0
calling GetDataValues(IEDBiogasCHP/MMXU1.W.phsB.cVal.ang.i)
14:23:47.232 [openiec61850-osi-server-7-thread-1] DEBUG com.beanit.openiec61850.ServerAssociation - Got a GetDataValues request for node: IEDBiogasCHP/MMXU1.W.phsB.cVal.ang.i: 0
calling GetDataValues(IEDBiogasCHP/MMXU1.W.phsB.cVal.ang.f)
14:23:47.232 [openiec61850-osi-server-7-thread-1] DEBUG com.beanit.openiec61850.ServerAssociation - Got a GetDataValues request for node: IEDBiogasCHP/MMXU1.W.phsB.cVal.ang.f: 0.0
calling GetDataValues(IEDBiogasCHP/MMXU1.W.phsB.range)
14:23:47.232 [openiec61850-osi-server-7-thread-1] DEBUG com.beanit.openiec61850.ServerAssociation - Got a GetDataValues request for node: IEDBiogasCHP/MMXU1.W.phsB.range: 0
calling GetDataValues(IEDBiogasCHP/MMXU1.W.phsB.q)
14:23:47.232 [openiec61850-osi-server-7-thread-1] DEBUG com.beanit.openiec61850.ServerAssociation - Got a GetDataValues request for node: IEDBiogasCHP/MMXU1.W.phsB.q: 0x00 0x00
calling GetDataValues(IEDBiogasCHP/MMXU1.W.phsB.t)
14:23:47.232 [openiec61850-osi-server-7-thread-1] DEBUG com.beanit.openiec61850.ServerAssociation - Got a GetDataValues request for node: IEDBiogasCHP/MMXU1.W.phsB.t: Thu Jan 01 01:00:00 CET 1970
calling GetDataValues(IEDBiogasCHP/MMXU1.W.phsC)
14:23:47.232 [openiec61850-osi-server-7-thread-1] DEBUG com.beanit.openiec61850.ServerAssociation - Got a GetDataValues request for node: IEDBiogasCHP/MMXU1.W.phsC [MX]
IEDBiogasCHP/MMXU1.W.phsC.instCVal [MX]
IEDBiogasCHP/MMXU1.W.phsC.instCVal.mag [MX]
IEDBiogasCHP/MMXU1.W.phsC.instCVal.mag.i: 0
IEDBiogasCHP/MMXU1.W.phsC.instCVal.mag.f: 0.0
IEDBiogasCHP/MMXU1.W.phsC.instCVal.ang [MX]
IEDBiogasCHP/MMXU1.W.phsC.instCVal.ang.i: 0
IEDBiogasCHP/MMXU1.W.phsC.instCVal.ang.f: 0.0
IEDBiogasCHP/MMXU1.W.phsC.cVal [MX]
IEDBiogasCHP/MMXU1.W.phsC.cVal.mag [MX]
IEDBiogasCHP/MMXU1.W.phsC.cVal.mag.i: 0
IEDBiogasCHP/MMXU1.W.phsC.cVal.mag.f: 0.0
IEDBiogasCHP/MMXU1.W.phsC.cVal.ang [MX]
IEDBiogasCHP/MMXU1.W.phsC.cVal.ang.i: 0
IEDBiogasCHP/MMXU1.W.phsC.cVal.ang.f: 0.0
IEDBiogasCHP/MMXU1.W.phsC.range: 0
IEDBiogasCHP/MMXU1.W.phsC.q: 0x00 0x00
IEDBiogasCHP/MMXU1.W.phsC.t: Thu Jan 01 01:00:00 CET 1970
14:23:47.232 [openiec61850-osi-server-7-thread-1] DEBUG com.beanit.openiec61850.ServerAssociation - sub BDA is:IEDBiogasCHP/MMXU1.W.phsC.instCVal.mag.i: 0
14:23:47.232 [openiec61850-osi-server-7-thread-1] DEBUG com.beanit.openiec61850.ServerAssociation - sub BDA is:IEDBiogasCHP/MMXU1.W.phsC.instCVal.mag.f: 0.0
14:23:47.232 [openiec61850-osi-server-7-thread-1] DEBUG com.beanit.openiec61850.ServerAssociation - sub BDA is:IEDBiogasCHP/MMXU1.W.phsC.instCVal.ang.i: 0
14:23:47.232 [openiec61850-osi-server-7-thread-1] DEBUG com.beanit.openiec61850.ServerAssociation - sub BDA is:IEDBiogasCHP/MMXU1.W.phsC.instCVal.ang.f: 0.0
14:23:47.232 [openiec61850-osi-server-7-thread-1] DEBUG com.beanit.openiec61850.ServerAssociation - sub BDA is:IEDBiogasCHP/MMXU1.W.phsC.cVal.mag.i: 0
14:23:47.232 [openiec61850-osi-server-7-thread-1] DEBUG com.beanit.openiec61850.ServerAssociation - sub BDA is:IEDBiogasCHP/MMXU1.W.phsC.cVal.mag.f: 0.0
14:23:47.232 [openiec61850-osi-server-7-thread-1] DEBUG com.beanit.openiec61850.ServerAssociation - sub BDA is:IEDBiogasCHP/MMXU1.W.phsC.cVal.ang.i: 0
14:23:47.232 [openiec61850-osi-server-7-thread-1] DEBUG com.beanit.openiec61850.ServerAssociation - sub BDA is:IEDBiogasCHP/MMXU1.W.phsC.cVal.ang.f: 0.0
14:23:47.232 [openiec61850-osi-server-7-thread-1] DEBUG com.beanit.openiec61850.ServerAssociation - sub BDA is:IEDBiogasCHP/MMXU1.W.phsC.range: 0
14:23:47.232 [openiec61850-osi-server-7-thread-1] DEBUG com.beanit.openiec61850.ServerAssociation - sub BDA is:IEDBiogasCHP/MMXU1.W.phsC.q: 0x00 0x00
14:23:47.232 [openiec61850-osi-server-7-thread-1] DEBUG com.beanit.openiec61850.ServerAssociation - sub BDA is:IEDBiogasCHP/MMXU1.W.phsC.t: Thu Jan 01 01:00:00 CET 1970
calling GetDataValues(IEDBiogasCHP/MMXU1.W.phsC.instCVal)
14:23:47.233 [openiec61850-osi-server-7-thread-1] DEBUG com.beanit.openiec61850.ServerAssociation - Got a GetDataValues request for node: IEDBiogasCHP/MMXU1.W.phsC.instCVal [MX]
IEDBiogasCHP/MMXU1.W.phsC.instCVal.mag [MX]
IEDBiogasCHP/MMXU1.W.phsC.instCVal.mag.i: 0
IEDBiogasCHP/MMXU1.W.phsC.instCVal.mag.f: 0.0
IEDBiogasCHP/MMXU1.W.phsC.instCVal.ang [MX]
IEDBiogasCHP/MMXU1.W.phsC.instCVal.ang.i: 0
IEDBiogasCHP/MMXU1.W.phsC.instCVal.ang.f: 0.0
14:23:47.233 [openiec61850-osi-server-7-thread-1] DEBUG com.beanit.openiec61850.ServerAssociation - sub BDA is:IEDBiogasCHP/MMXU1.W.phsC.instCVal.mag.i: 0
14:23:47.233 [openiec61850-osi-server-7-thread-1] DEBUG com.beanit.openiec61850.ServerAssociation - sub BDA is:IEDBiogasCHP/MMXU1.W.phsC.instCVal.mag.f: 0.0
14:23:47.233 [openiec61850-osi-server-7-thread-1] DEBUG com.beanit.openiec61850.ServerAssociation - sub BDA is:IEDBiogasCHP/MMXU1.W.phsC.instCVal.ang.i: 0
14:23:47.233 [openiec61850-osi-server-7-thread-1] DEBUG com.beanit.openiec61850.ServerAssociation - sub BDA is:IEDBiogasCHP/MMXU1.W.phsC.instCVal.ang.f: 0.0
calling GetDataValues(IEDBiogasCHP/MMXU1.W.phsC.instCVal.mag)
14:23:47.233 [openiec61850-osi-server-7-thread-1] DEBUG com.beanit.openiec61850.ServerAssociation - Got a GetDataValues request for node: IEDBiogasCHP/MMXU1.W.phsC.instCVal.mag [MX]
IEDBiogasCHP/MMXU1.W.phsC.instCVal.mag.i: 0
IEDBiogasCHP/MMXU1.W.phsC.instCVal.mag.f: 0.0
14:23:47.233 [openiec61850-osi-server-7-thread-1] DEBUG com.beanit.openiec61850.ServerAssociation - sub BDA is:IEDBiogasCHP/MMXU1.W.phsC.instCVal.mag.i: 0
14:23:47.233 [openiec61850-osi-server-7-thread-1] DEBUG com.beanit.openiec61850.ServerAssociation - sub BDA is:IEDBiogasCHP/MMXU1.W.phsC.instCVal.mag.f: 0.0
calling GetDataValues(IEDBiogasCHP/MMXU1.W.phsC.instCVal.mag.i)
14:23:47.233 [openiec61850-osi-server-7-thread-1] DEBUG com.beanit.openiec61850.ServerAssociation - Got a GetDataValues request for node: IEDBiogasCHP/MMXU1.W.phsC.instCVal.mag.i: 0
calling GetDataValues(IEDBiogasCHP/MMXU1.W.phsC.instCVal.mag.f)
14:23:47.233 [openiec61850-osi-server-7-thread-1] DEBUG com.beanit.openiec61850.ServerAssociation - Got a GetDataValues request for node: IEDBiogasCHP/MMXU1.W.phsC.instCVal.mag.f: 0.0
calling GetDataValues(IEDBiogasCHP/MMXU1.W.phsC.instCVal.ang)
14:23:47.233 [openiec61850-osi-server-7-thread-1] DEBUG com.beanit.openiec61850.ServerAssociation - Got a GetDataValues request for node: IEDBiogasCHP/MMXU1.W.phsC.instCVal.ang [MX]
IEDBiogasCHP/MMXU1.W.phsC.instCVal.ang.i: 0
IEDBiogasCHP/MMXU1.W.phsC.instCVal.ang.f: 0.0
14:23:47.233 [openiec61850-osi-server-7-thread-1] DEBUG com.beanit.openiec61850.ServerAssociation - sub BDA is:IEDBiogasCHP/MMXU1.W.phsC.instCVal.ang.i: 0
14:23:47.233 [openiec61850-osi-server-7-thread-1] DEBUG com.beanit.openiec61850.ServerAssociation - sub BDA is:IEDBiogasCHP/MMXU1.W.phsC.instCVal.ang.f: 0.0
calling GetDataValues(IEDBiogasCHP/MMXU1.W.phsC.instCVal.ang.i)
14:23:47.233 [openiec61850-osi-server-7-thread-1] DEBUG com.beanit.openiec61850.ServerAssociation - Got a GetDataValues request for node: IEDBiogasCHP/MMXU1.W.phsC.instCVal.ang.i: 0
calling GetDataValues(IEDBiogasCHP/MMXU1.W.phsC.instCVal.ang.f)
14:23:47.233 [openiec61850-osi-server-7-thread-1] DEBUG com.beanit.openiec61850.ServerAssociation - Got a GetDataValues request for node: IEDBiogasCHP/MMXU1.W.phsC.instCVal.ang.f: 0.0
calling GetDataValues(IEDBiogasCHP/MMXU1.W.phsC.cVal)
14:23:47.233 [openiec61850-osi-server-7-thread-1] DEBUG com.beanit.openiec61850.ServerAssociation - Got a GetDataValues request for node: IEDBiogasCHP/MMXU1.W.phsC.cVal [MX]
IEDBiogasCHP/MMXU1.W.phsC.cVal.mag [MX]
IEDBiogasCHP/MMXU1.W.phsC.cVal.mag.i: 0
IEDBiogasCHP/MMXU1.W.phsC.cVal.mag.f: 0.0
IEDBiogasCHP/MMXU1.W.phsC.cVal.ang [MX]
IEDBiogasCHP/MMXU1.W.phsC.cVal.ang.i: 0
IEDBiogasCHP/MMXU1.W.phsC.cVal.ang.f: 0.0
14:23:47.233 [openiec61850-osi-server-7-thread-1] DEBUG com.beanit.openiec61850.ServerAssociation - sub BDA is:IEDBiogasCHP/MMXU1.W.phsC.cVal.mag.i: 0
14:23:47.233 [openiec61850-osi-server-7-thread-1] DEBUG com.beanit.openiec61850.ServerAssociation - sub BDA is:IEDBiogasCHP/MMXU1.W.phsC.cVal.mag.f: 0.0
14:23:47.233 [openiec61850-osi-server-7-thread-1] DEBUG com.beanit.openiec61850.ServerAssociation - sub BDA is:IEDBiogasCHP/MMXU1.W.phsC.cVal.ang.i: 0
14:23:47.233 [openiec61850-osi-server-7-thread-1] DEBUG com.beanit.openiec61850.ServerAssociation - sub BDA is:IEDBiogasCHP/MMXU1.W.phsC.cVal.ang.f: 0.0
calling GetDataValues(IEDBiogasCHP/MMXU1.W.phsC.cVal.mag)
14:23:47.234 [openiec61850-osi-server-7-thread-1] DEBUG com.beanit.openiec61850.ServerAssociation - Got a GetDataValues request for node: IEDBiogasCHP/MMXU1.W.phsC.cVal.mag [MX]
IEDBiogasCHP/MMXU1.W.phsC.cVal.mag.i: 0
IEDBiogasCHP/MMXU1.W.phsC.cVal.mag.f: 0.0
14:23:47.234 [openiec61850-osi-server-7-thread-1] DEBUG com.beanit.openiec61850.ServerAssociation - sub BDA is:IEDBiogasCHP/MMXU1.W.phsC.cVal.mag.i: 0
14:23:47.234 [openiec61850-osi-server-7-thread-1] DEBUG com.beanit.openiec61850.ServerAssociation - sub BDA is:IEDBiogasCHP/MMXU1.W.phsC.cVal.mag.f: 0.0
calling GetDataValues(IEDBiogasCHP/MMXU1.W.phsC.cVal.mag.i)
14:23:47.234 [openiec61850-osi-server-7-thread-1] DEBUG com.beanit.openiec61850.ServerAssociation - Got a GetDataValues request for node: IEDBiogasCHP/MMXU1.W.phsC.cVal.mag.i: 0
calling GetDataValues(IEDBiogasCHP/MMXU1.W.phsC.cVal.mag.f)
14:23:47.234 [openiec61850-osi-server-7-thread-1] DEBUG com.beanit.openiec61850.ServerAssociation - Got a GetDataValues request for node: IEDBiogasCHP/MMXU1.W.phsC.cVal.mag.f: 0.0
calling GetDataValues(IEDBiogasCHP/MMXU1.W.phsC.cVal.ang)
14:23:47.234 [openiec61850-osi-server-7-thread-1] DEBUG com.beanit.openiec61850.ServerAssociation - Got a GetDataValues request for node: IEDBiogasCHP/MMXU1.W.phsC.cVal.ang [MX]
IEDBiogasCHP/MMXU1.W.phsC.cVal.ang.i: 0
IEDBiogasCHP/MMXU1.W.phsC.cVal.ang.f: 0.0
14:23:47.234 [openiec61850-osi-server-7-thread-1] DEBUG com.beanit.openiec61850.ServerAssociation - sub BDA is:IEDBiogasCHP/MMXU1.W.phsC.cVal.ang.i: 0
14:23:47.234 [openiec61850-osi-server-7-thread-1] DEBUG com.beanit.openiec61850.ServerAssociation - sub BDA is:IEDBiogasCHP/MMXU1.W.phsC.cVal.ang.f: 0.0
calling GetDataValues(IEDBiogasCHP/MMXU1.W.phsC.cVal.ang.i)
14:23:47.234 [openiec61850-osi-server-7-thread-1] DEBUG com.beanit.openiec61850.ServerAssociation - Got a GetDataValues request for node: IEDBiogasCHP/MMXU1.W.phsC.cVal.ang.i: 0
calling GetDataValues(IEDBiogasCHP/MMXU1.W.phsC.cVal.ang.f)
14:23:47.234 [openiec61850-osi-server-7-thread-1] DEBUG com.beanit.openiec61850.ServerAssociation - Got a GetDataValues request for node: IEDBiogasCHP/MMXU1.W.phsC.cVal.ang.f: 0.0
calling GetDataValues(IEDBiogasCHP/MMXU1.W.phsC.range)
14:23:47.234 [openiec61850-osi-server-7-thread-1] DEBUG com.beanit.openiec61850.ServerAssociation - Got a GetDataValues request for node: IEDBiogasCHP/MMXU1.W.phsC.range: 0
calling GetDataValues(IEDBiogasCHP/MMXU1.W.phsC.q)
14:23:47.234 [openiec61850-osi-server-7-thread-1] DEBUG com.beanit.openiec61850.ServerAssociation - Got a GetDataValues request for node: IEDBiogasCHP/MMXU1.W.phsC.q: 0x00 0x00
calling GetDataValues(IEDBiogasCHP/MMXU1.W.phsC.t)
14:23:47.235 [openiec61850-osi-server-7-thread-1] DEBUG com.beanit.openiec61850.ServerAssociation - Got a GetDataValues request for node: IEDBiogasCHP/MMXU1.W.phsC.t: Thu Jan 01 01:00:00 CET 1970
calling GetDataValues(IEDBiogasCHP/MMXU1.W.neut)
14:23:47.235 [openiec61850-osi-server-7-thread-1] DEBUG com.beanit.openiec61850.ServerAssociation - Got a GetDataValues request for node: IEDBiogasCHP/MMXU1.W.neut [MX]
IEDBiogasCHP/MMXU1.W.neut.instCVal [MX]
IEDBiogasCHP/MMXU1.W.neut.instCVal.mag [MX]
IEDBiogasCHP/MMXU1.W.neut.instCVal.mag.i: 0
IEDBiogasCHP/MMXU1.W.neut.instCVal.mag.f: 0.0
IEDBiogasCHP/MMXU1.W.neut.instCVal.ang [MX]
IEDBiogasCHP/MMXU1.W.neut.instCVal.ang.i: 0
IEDBiogasCHP/MMXU1.W.neut.instCVal.ang.f: 0.0
IEDBiogasCHP/MMXU1.W.neut.cVal [MX]
IEDBiogasCHP/MMXU1.W.neut.cVal.mag [MX]
IEDBiogasCHP/MMXU1.W.neut.cVal.mag.i: 0
IEDBiogasCHP/MMXU1.W.neut.cVal.mag.f: 0.0
IEDBiogasCHP/MMXU1.W.neut.cVal.ang [MX]
IEDBiogasCHP/MMXU1.W.neut.cVal.ang.i: 0
IEDBiogasCHP/MMXU1.W.neut.cVal.ang.f: 0.0
IEDBiogasCHP/MMXU1.W.neut.range: 0
IEDBiogasCHP/MMXU1.W.neut.q: 0x00 0x00
IEDBiogasCHP/MMXU1.W.neut.t: Thu Jan 01 01:00:00 CET 1970
14:23:47.235 [openiec61850-osi-server-7-thread-1] DEBUG com.beanit.openiec61850.ServerAssociation - sub BDA is:IEDBiogasCHP/MMXU1.W.neut.instCVal.mag.i: 0
14:23:47.235 [openiec61850-osi-server-7-thread-1] DEBUG com.beanit.openiec61850.ServerAssociation - sub BDA is:IEDBiogasCHP/MMXU1.W.neut.instCVal.mag.f: 0.0
14:23:47.235 [openiec61850-osi-server-7-thread-1] DEBUG com.beanit.openiec61850.ServerAssociation - sub BDA is:IEDBiogasCHP/MMXU1.W.neut.instCVal.ang.i: 0
14:23:47.235 [openiec61850-osi-server-7-thread-1] DEBUG com.beanit.openiec61850.ServerAssociation - sub BDA is:IEDBiogasCHP/MMXU1.W.neut.instCVal.ang.f: 0.0
14:23:47.235 [openiec61850-osi-server-7-thread-1] DEBUG com.beanit.openiec61850.ServerAssociation - sub BDA is:IEDBiogasCHP/MMXU1.W.neut.cVal.mag.i: 0
14:23:47.235 [openiec61850-osi-server-7-thread-1] DEBUG com.beanit.openiec61850.ServerAssociation - sub BDA is:IEDBiogasCHP/MMXU1.W.neut.cVal.mag.f: 0.0
14:23:47.235 [openiec61850-osi-server-7-thread-1] DEBUG com.beanit.openiec61850.ServerAssociation - sub BDA is:IEDBiogasCHP/MMXU1.W.neut.cVal.ang.i: 0
14:23:47.235 [openiec61850-osi-server-7-thread-1] DEBUG com.beanit.openiec61850.ServerAssociation - sub BDA is:IEDBiogasCHP/MMXU1.W.neut.cVal.ang.f: 0.0
14:23:47.235 [openiec61850-osi-server-7-thread-1] DEBUG com.beanit.openiec61850.ServerAssociation - sub BDA is:IEDBiogasCHP/MMXU1.W.neut.range: 0
14:23:47.235 [openiec61850-osi-server-7-thread-1] DEBUG com.beanit.openiec61850.ServerAssociation - sub BDA is:IEDBiogasCHP/MMXU1.W.neut.q: 0x00 0x00
14:23:47.235 [openiec61850-osi-server-7-thread-1] DEBUG com.beanit.openiec61850.ServerAssociation - sub BDA is:IEDBiogasCHP/MMXU1.W.neut.t: Thu Jan 01 01:00:00 CET 1970
calling GetDataValues(IEDBiogasCHP/MMXU1.W.neut.instCVal)
14:23:47.235 [openiec61850-osi-server-7-thread-1] DEBUG com.beanit.openiec61850.ServerAssociation - Got a GetDataValues request for node: IEDBiogasCHP/MMXU1.W.neut.instCVal [MX]
IEDBiogasCHP/MMXU1.W.neut.instCVal.mag [MX]
IEDBiogasCHP/MMXU1.W.neut.instCVal.mag.i: 0
IEDBiogasCHP/MMXU1.W.neut.instCVal.mag.f: 0.0
IEDBiogasCHP/MMXU1.W.neut.instCVal.ang [MX]
IEDBiogasCHP/MMXU1.W.neut.instCVal.ang.i: 0
IEDBiogasCHP/MMXU1.W.neut.instCVal.ang.f: 0.0
14:23:47.235 [openiec61850-osi-server-7-thread-1] DEBUG com.beanit.openiec61850.ServerAssociation - sub BDA is:IEDBiogasCHP/MMXU1.W.neut.instCVal.mag.i: 0
14:23:47.235 [openiec61850-osi-server-7-thread-1] DEBUG com.beanit.openiec61850.ServerAssociation - sub BDA is:IEDBiogasCHP/MMXU1.W.neut.instCVal.mag.f: 0.0
14:23:47.235 [openiec61850-osi-server-7-thread-1] DEBUG com.beanit.openiec61850.ServerAssociation - sub BDA is:IEDBiogasCHP/MMXU1.W.neut.instCVal.ang.i: 0
14:23:47.235 [openiec61850-osi-server-7-thread-1] DEBUG com.beanit.openiec61850.ServerAssociation - sub BDA is:IEDBiogasCHP/MMXU1.W.neut.instCVal.ang.f: 0.0
calling GetDataValues(IEDBiogasCHP/MMXU1.W.neut.instCVal.mag)
14:23:47.235 [openiec61850-osi-server-7-thread-1] DEBUG com.beanit.openiec61850.ServerAssociation - Got a GetDataValues request for node: IEDBiogasCHP/MMXU1.W.neut.instCVal.mag [MX]
IEDBiogasCHP/MMXU1.W.neut.instCVal.mag.i: 0
IEDBiogasCHP/MMXU1.W.neut.instCVal.mag.f: 0.0
14:23:47.235 [openiec61850-osi-server-7-thread-1] DEBUG com.beanit.openiec61850.ServerAssociation - sub BDA is:IEDBiogasCHP/MMXU1.W.neut.instCVal.mag.i: 0
14:23:47.235 [openiec61850-osi-server-7-thread-1] DEBUG com.beanit.openiec61850.ServerAssociation - sub BDA is:IEDBiogasCHP/MMXU1.W.neut.instCVal.mag.f: 0.0
calling GetDataValues(IEDBiogasCHP/MMXU1.W.neut.instCVal.mag.i)
14:23:47.235 [openiec61850-osi-server-7-thread-1] DEBUG com.beanit.openiec61850.ServerAssociation - Got a GetDataValues request for node: IEDBiogasCHP/MMXU1.W.neut.instCVal.mag.i: 0
calling GetDataValues(IEDBiogasCHP/MMXU1.W.neut.instCVal.mag.f)
14:23:47.235 [openiec61850-osi-server-7-thread-1] DEBUG com.beanit.openiec61850.ServerAssociation - Got a GetDataValues request for node: IEDBiogasCHP/MMXU1.W.neut.instCVal.mag.f: 0.0
calling GetDataValues(IEDBiogasCHP/MMXU1.W.neut.instCVal.ang)
14:23:47.236 [openiec61850-osi-server-7-thread-1] DEBUG com.beanit.openiec61850.ServerAssociation - Got a GetDataValues request for node: IEDBiogasCHP/MMXU1.W.neut.instCVal.ang [MX]
IEDBiogasCHP/MMXU1.W.neut.instCVal.ang.i: 0
IEDBiogasCHP/MMXU1.W.neut.instCVal.ang.f: 0.0
14:23:47.236 [openiec61850-osi-server-7-thread-1] DEBUG com.beanit.openiec61850.ServerAssociation - sub BDA is:IEDBiogasCHP/MMXU1.W.neut.instCVal.ang.i: 0
14:23:47.236 [openiec61850-osi-server-7-thread-1] DEBUG com.beanit.openiec61850.ServerAssociation - sub BDA is:IEDBiogasCHP/MMXU1.W.neut.instCVal.ang.f: 0.0
calling GetDataValues(IEDBiogasCHP/MMXU1.W.neut.instCVal.ang.i)
14:23:47.236 [openiec61850-osi-server-7-thread-1] DEBUG com.beanit.openiec61850.ServerAssociation - Got a GetDataValues request for node: IEDBiogasCHP/MMXU1.W.neut.instCVal.ang.i: 0
calling GetDataValues(IEDBiogasCHP/MMXU1.W.neut.instCVal.ang.f)
14:23:47.236 [openiec61850-osi-server-7-thread-1] DEBUG com.beanit.openiec61850.ServerAssociation - Got a GetDataValues request for node: IEDBiogasCHP/MMXU1.W.neut.instCVal.ang.f: 0.0
calling GetDataValues(IEDBiogasCHP/MMXU1.W.neut.cVal)
14:23:47.236 [openiec61850-osi-server-7-thread-1] DEBUG com.beanit.openiec61850.ServerAssociation - Got a GetDataValues request for node: IEDBiogasCHP/MMXU1.W.neut.cVal [MX]
IEDBiogasCHP/MMXU1.W.neut.cVal.mag [MX]
IEDBiogasCHP/MMXU1.W.neut.cVal.mag.i: 0
IEDBiogasCHP/MMXU1.W.neut.cVal.mag.f: 0.0
IEDBiogasCHP/MMXU1.W.neut.cVal.ang [MX]
IEDBiogasCHP/MMXU1.W.neut.cVal.ang.i: 0
IEDBiogasCHP/MMXU1.W.neut.cVal.ang.f: 0.0
14:23:47.236 [openiec61850-osi-server-7-thread-1] DEBUG com.beanit.openiec61850.ServerAssociation - sub BDA is:IEDBiogasCHP/MMXU1.W.neut.cVal.mag.i: 0
14:23:47.236 [openiec61850-osi-server-7-thread-1] DEBUG com.beanit.openiec61850.ServerAssociation - sub BDA is:IEDBiogasCHP/MMXU1.W.neut.cVal.mag.f: 0.0
14:23:47.236 [openiec61850-osi-server-7-thread-1] DEBUG com.beanit.openiec61850.ServerAssociation - sub BDA is:IEDBiogasCHP/MMXU1.W.neut.cVal.ang.i: 0
14:23:47.236 [openiec61850-osi-server-7-thread-1] DEBUG com.beanit.openiec61850.ServerAssociation - sub BDA is:IEDBiogasCHP/MMXU1.W.neut.cVal.ang.f: 0.0
calling GetDataValues(IEDBiogasCHP/MMXU1.W.neut.cVal.mag)
14:23:47.236 [openiec61850-osi-server-7-thread-1] DEBUG com.beanit.openiec61850.ServerAssociation - Got a GetDataValues request for node: IEDBiogasCHP/MMXU1.W.neut.cVal.mag [MX]
IEDBiogasCHP/MMXU1.W.neut.cVal.mag.i: 0
IEDBiogasCHP/MMXU1.W.neut.cVal.mag.f: 0.0
14:23:47.236 [openiec61850-osi-server-7-thread-1] DEBUG com.beanit.openiec61850.ServerAssociation - sub BDA is:IEDBiogasCHP/MMXU1.W.neut.cVal.mag.i: 0
14:23:47.236 [openiec61850-osi-server-7-thread-1] DEBUG com.beanit.openiec61850.ServerAssociation - sub BDA is:IEDBiogasCHP/MMXU1.W.neut.cVal.mag.f: 0.0
calling GetDataValues(IEDBiogasCHP/MMXU1.W.neut.cVal.mag.i)
14:23:47.237 [openiec61850-osi-server-7-thread-1] DEBUG com.beanit.openiec61850.ServerAssociation - Got a GetDataValues request for node: IEDBiogasCHP/MMXU1.W.neut.cVal.mag.i: 0
calling GetDataValues(IEDBiogasCHP/MMXU1.W.neut.cVal.mag.f)
14:23:47.237 [openiec61850-osi-server-7-thread-1] DEBUG com.beanit.openiec61850.ServerAssociation - Got a GetDataValues request for node: IEDBiogasCHP/MMXU1.W.neut.cVal.mag.f: 0.0
calling GetDataValues(IEDBiogasCHP/MMXU1.W.neut.cVal.ang)
14:23:47.237 [openiec61850-osi-server-7-thread-1] DEBUG com.beanit.openiec61850.ServerAssociation - Got a GetDataValues request for node: IEDBiogasCHP/MMXU1.W.neut.cVal.ang [MX]
IEDBiogasCHP/MMXU1.W.neut.cVal.ang.i: 0
IEDBiogasCHP/MMXU1.W.neut.cVal.ang.f: 0.0
14:23:47.237 [openiec61850-osi-server-7-thread-1] DEBUG com.beanit.openiec61850.ServerAssociation - sub BDA is:IEDBiogasCHP/MMXU1.W.neut.cVal.ang.i: 0
14:23:47.237 [openiec61850-osi-server-7-thread-1] DEBUG com.beanit.openiec61850.ServerAssociation - sub BDA is:IEDBiogasCHP/MMXU1.W.neut.cVal.ang.f: 0.0
calling GetDataValues(IEDBiogasCHP/MMXU1.W.neut.cVal.ang.i)
14:23:47.237 [openiec61850-osi-server-7-thread-1] DEBUG com.beanit.openiec61850.ServerAssociation - Got a GetDataValues request for node: IEDBiogasCHP/MMXU1.W.neut.cVal.ang.i: 0
calling GetDataValues(IEDBiogasCHP/MMXU1.W.neut.cVal.ang.f)
14:23:47.237 [openiec61850-osi-server-7-thread-1] DEBUG com.beanit.openiec61850.ServerAssociation - Got a GetDataValues request for node: IEDBiogasCHP/MMXU1.W.neut.cVal.ang.f: 0.0
calling GetDataValues(IEDBiogasCHP/MMXU1.W.neut.range)
14:23:47.237 [openiec61850-osi-server-7-thread-1] DEBUG com.beanit.openiec61850.ServerAssociation - Got a GetDataValues request for node: IEDBiogasCHP/MMXU1.W.neut.range: 0
calling GetDataValues(IEDBiogasCHP/MMXU1.W.neut.q)
14:23:47.237 [openiec61850-osi-server-7-thread-1] DEBUG com.beanit.openiec61850.ServerAssociation - Got a GetDataValues request for node: IEDBiogasCHP/MMXU1.W.neut.q: 0x00 0x00
calling GetDataValues(IEDBiogasCHP/MMXU1.W.neut.t)
14:23:47.237 [openiec61850-osi-server-7-thread-1] DEBUG com.beanit.openiec61850.ServerAssociation - Got a GetDataValues request for node: IEDBiogasCHP/MMXU1.W.neut.t: Thu Jan 01 01:00:00 CET 1970
calling GetDataValues(IEDBiogasCHP/MMXU1.W.net)
14:23:47.237 [openiec61850-osi-server-7-thread-1] DEBUG com.beanit.openiec61850.ServerAssociation - Got a GetDataValues request for node: IEDBiogasCHP/MMXU1.W.net [MX]
IEDBiogasCHP/MMXU1.W.net.instCVal [MX]
IEDBiogasCHP/MMXU1.W.net.instCVal.mag [MX]
IEDBiogasCHP/MMXU1.W.net.instCVal.mag.i: 0
IEDBiogasCHP/MMXU1.W.net.instCVal.mag.f: 0.0
IEDBiogasCHP/MMXU1.W.net.instCVal.ang [MX]
IEDBiogasCHP/MMXU1.W.net.instCVal.ang.i: 0
IEDBiogasCHP/MMXU1.W.net.instCVal.ang.f: 0.0
IEDBiogasCHP/MMXU1.W.net.cVal [MX]
IEDBiogasCHP/MMXU1.W.net.cVal.mag [MX]
IEDBiogasCHP/MMXU1.W.net.cVal.mag.i: 0
IEDBiogasCHP/MMXU1.W.net.cVal.mag.f: 0.0
IEDBiogasCHP/MMXU1.W.net.cVal.ang [MX]
IEDBiogasCHP/MMXU1.W.net.cVal.ang.i: 0
IEDBiogasCHP/MMXU1.W.net.cVal.ang.f: 0.0
IEDBiogasCHP/MMXU1.W.net.range: 0
IEDBiogasCHP/MMXU1.W.net.q: 0x00 0x00
IEDBiogasCHP/MMXU1.W.net.t: Thu Jan 01 01:00:00 CET 1970
14:23:47.237 [openiec61850-osi-server-7-thread-1] DEBUG com.beanit.openiec61850.ServerAssociation - sub BDA is:IEDBiogasCHP/MMXU1.W.net.instCVal.mag.i: 0
14:23:47.237 [openiec61850-osi-server-7-thread-1] DEBUG com.beanit.openiec61850.ServerAssociation - sub BDA is:IEDBiogasCHP/MMXU1.W.net.instCVal.mag.f: 0.0
14:23:47.237 [openiec61850-osi-server-7-thread-1] DEBUG com.beanit.openiec61850.ServerAssociation - sub BDA is:IEDBiogasCHP/MMXU1.W.net.instCVal.ang.i: 0
14:23:47.238 [openiec61850-osi-server-7-thread-1] DEBUG com.beanit.openiec61850.ServerAssociation - sub BDA is:IEDBiogasCHP/MMXU1.W.net.instCVal.ang.f: 0.0
14:23:47.238 [openiec61850-osi-server-7-thread-1] DEBUG com.beanit.openiec61850.ServerAssociation - sub BDA is:IEDBiogasCHP/MMXU1.W.net.cVal.mag.i: 0
14:23:47.238 [openiec61850-osi-server-7-thread-1] DEBUG com.beanit.openiec61850.ServerAssociation - sub BDA is:IEDBiogasCHP/MMXU1.W.net.cVal.mag.f: 0.0
14:23:47.238 [openiec61850-osi-server-7-thread-1] DEBUG com.beanit.openiec61850.ServerAssociation - sub BDA is:IEDBiogasCHP/MMXU1.W.net.cVal.ang.i: 0
14:23:47.238 [openiec61850-osi-server-7-thread-1] DEBUG com.beanit.openiec61850.ServerAssociation - sub BDA is:IEDBiogasCHP/MMXU1.W.net.cVal.ang.f: 0.0
14:23:47.238 [openiec61850-osi-server-7-thread-1] DEBUG com.beanit.openiec61850.ServerAssociation - sub BDA is:IEDBiogasCHP/MMXU1.W.net.range: 0
14:23:47.238 [openiec61850-osi-server-7-thread-1] DEBUG com.beanit.openiec61850.ServerAssociation - sub BDA is:IEDBiogasCHP/MMXU1.W.net.q: 0x00 0x00
14:23:47.238 [openiec61850-osi-server-7-thread-1] DEBUG com.beanit.openiec61850.ServerAssociation - sub BDA is:IEDBiogasCHP/MMXU1.W.net.t: Thu Jan 01 01:00:00 CET 1970
calling GetDataValues(IEDBiogasCHP/MMXU1.W.net.instCVal)
14:23:47.238 [openiec61850-osi-server-7-thread-1] DEBUG com.beanit.openiec61850.ServerAssociation - Got a GetDataValues request for node: IEDBiogasCHP/MMXU1.W.net.instCVal [MX]
IEDBiogasCHP/MMXU1.W.net.instCVal.mag [MX]
IEDBiogasCHP/MMXU1.W.net.instCVal.mag.i: 0
IEDBiogasCHP/MMXU1.W.net.instCVal.mag.f: 0.0
IEDBiogasCHP/MMXU1.W.net.instCVal.ang [MX]
IEDBiogasCHP/MMXU1.W.net.instCVal.ang.i: 0
IEDBiogasCHP/MMXU1.W.net.instCVal.ang.f: 0.0
14:23:47.238 [openiec61850-osi-server-7-thread-1] DEBUG com.beanit.openiec61850.ServerAssociation - sub BDA is:IEDBiogasCHP/MMXU1.W.net.instCVal.mag.i: 0
14:23:47.238 [openiec61850-osi-server-7-thread-1] DEBUG com.beanit.openiec61850.ServerAssociation - sub BDA is:IEDBiogasCHP/MMXU1.W.net.instCVal.mag.f: 0.0
14:23:47.238 [openiec61850-osi-server-7-thread-1] DEBUG com.beanit.openiec61850.ServerAssociation - sub BDA is:IEDBiogasCHP/MMXU1.W.net.instCVal.ang.i: 0
14:23:47.238 [openiec61850-osi-server-7-thread-1] DEBUG com.beanit.openiec61850.ServerAssociation - sub BDA is:IEDBiogasCHP/MMXU1.W.net.instCVal.ang.f: 0.0
calling GetDataValues(IEDBiogasCHP/MMXU1.W.net.instCVal.mag)
14:23:47.238 [openiec61850-osi-server-7-thread-1] DEBUG com.beanit.openiec61850.ServerAssociation - Got a GetDataValues request for node: IEDBiogasCHP/MMXU1.W.net.instCVal.mag [MX]
IEDBiogasCHP/MMXU1.W.net.instCVal.mag.i: 0
IEDBiogasCHP/MMXU1.W.net.instCVal.mag.f: 0.0
14:23:47.238 [openiec61850-osi-server-7-thread-1] DEBUG com.beanit.openiec61850.ServerAssociation - sub BDA is:IEDBiogasCHP/MMXU1.W.net.instCVal.mag.i: 0
14:23:47.238 [openiec61850-osi-server-7-thread-1] DEBUG com.beanit.openiec61850.ServerAssociation - sub BDA is:IEDBiogasCHP/MMXU1.W.net.instCVal.mag.f: 0.0
calling GetDataValues(IEDBiogasCHP/MMXU1.W.net.instCVal.mag.i)
14:23:47.238 [openiec61850-osi-server-7-thread-1] DEBUG com.beanit.openiec61850.ServerAssociation - Got a GetDataValues request for node: IEDBiogasCHP/MMXU1.W.net.instCVal.mag.i: 0
calling GetDataValues(IEDBiogasCHP/MMXU1.W.net.instCVal.mag.f)
14:23:47.238 [openiec61850-osi-server-7-thread-1] DEBUG com.beanit.openiec61850.ServerAssociation - Got a GetDataValues request for node: IEDBiogasCHP/MMXU1.W.net.instCVal.mag.f: 0.0
calling GetDataValues(IEDBiogasCHP/MMXU1.W.net.instCVal.ang)
14:23:47.238 [openiec61850-osi-server-7-thread-1] DEBUG com.beanit.openiec61850.ServerAssociation - Got a GetDataValues request for node: IEDBiogasCHP/MMXU1.W.net.instCVal.ang [MX]
IEDBiogasCHP/MMXU1.W.net.instCVal.ang.i: 0
IEDBiogasCHP/MMXU1.W.net.instCVal.ang.f: 0.0
14:23:47.238 [openiec61850-osi-server-7-thread-1] DEBUG com.beanit.openiec61850.ServerAssociation - sub BDA is:IEDBiogasCHP/MMXU1.W.net.instCVal.ang.i: 0
14:23:47.238 [openiec61850-osi-server-7-thread-1] DEBUG com.beanit.openiec61850.ServerAssociation - sub BDA is:IEDBiogasCHP/MMXU1.W.net.instCVal.ang.f: 0.0
calling GetDataValues(IEDBiogasCHP/MMXU1.W.net.instCVal.ang.i)
14:23:47.238 [openiec61850-osi-server-7-thread-1] DEBUG com.beanit.openiec61850.ServerAssociation - Got a GetDataValues request for node: IEDBiogasCHP/MMXU1.W.net.instCVal.ang.i: 0
calling GetDataValues(IEDBiogasCHP/MMXU1.W.net.instCVal.ang.f)
14:23:47.238 [openiec61850-osi-server-7-thread-1] DEBUG com.beanit.openiec61850.ServerAssociation - Got a GetDataValues request for node: IEDBiogasCHP/MMXU1.W.net.instCVal.ang.f: 0.0
calling GetDataValues(IEDBiogasCHP/MMXU1.W.net.cVal)
14:23:47.239 [openiec61850-osi-server-7-thread-1] DEBUG com.beanit.openiec61850.ServerAssociation - Got a GetDataValues request for node: IEDBiogasCHP/MMXU1.W.net.cVal [MX]
IEDBiogasCHP/MMXU1.W.net.cVal.mag [MX]
IEDBiogasCHP/MMXU1.W.net.cVal.mag.i: 0
IEDBiogasCHP/MMXU1.W.net.cVal.mag.f: 0.0
IEDBiogasCHP/MMXU1.W.net.cVal.ang [MX]
IEDBiogasCHP/MMXU1.W.net.cVal.ang.i: 0
IEDBiogasCHP/MMXU1.W.net.cVal.ang.f: 0.0
14:23:47.239 [openiec61850-osi-server-7-thread-1] DEBUG com.beanit.openiec61850.ServerAssociation - sub BDA is:IEDBiogasCHP/MMXU1.W.net.cVal.mag.i: 0
14:23:47.239 [openiec61850-osi-server-7-thread-1] DEBUG com.beanit.openiec61850.ServerAssociation - sub BDA is:IEDBiogasCHP/MMXU1.W.net.cVal.mag.f: 0.0
14:23:47.239 [openiec61850-osi-server-7-thread-1] DEBUG com.beanit.openiec61850.ServerAssociation - sub BDA is:IEDBiogasCHP/MMXU1.W.net.cVal.ang.i: 0
14:23:47.239 [openiec61850-osi-server-7-thread-1] DEBUG com.beanit.openiec61850.ServerAssociation - sub BDA is:IEDBiogasCHP/MMXU1.W.net.cVal.ang.f: 0.0
calling GetDataValues(IEDBiogasCHP/MMXU1.W.net.cVal.mag)
14:23:47.239 [openiec61850-osi-server-7-thread-1] DEBUG com.beanit.openiec61850.ServerAssociation - Got a GetDataValues request for node: IEDBiogasCHP/MMXU1.W.net.cVal.mag [MX]
IEDBiogasCHP/MMXU1.W.net.cVal.mag.i: 0
IEDBiogasCHP/MMXU1.W.net.cVal.mag.f: 0.0
14:23:47.239 [openiec61850-osi-server-7-thread-1] DEBUG com.beanit.openiec61850.ServerAssociation - sub BDA is:IEDBiogasCHP/MMXU1.W.net.cVal.mag.i: 0
14:23:47.239 [openiec61850-osi-server-7-thread-1] DEBUG com.beanit.openiec61850.ServerAssociation - sub BDA is:IEDBiogasCHP/MMXU1.W.net.cVal.mag.f: 0.0
calling GetDataValues(IEDBiogasCHP/MMXU1.W.net.cVal.mag.i)
14:23:47.239 [openiec61850-osi-server-7-thread-1] DEBUG com.beanit.openiec61850.ServerAssociation - Got a GetDataValues request for node: IEDBiogasCHP/MMXU1.W.net.cVal.mag.i: 0
calling GetDataValues(IEDBiogasCHP/MMXU1.W.net.cVal.mag.f)
14:23:47.239 [openiec61850-osi-server-7-thread-1] DEBUG com.beanit.openiec61850.ServerAssociation - Got a GetDataValues request for node: IEDBiogasCHP/MMXU1.W.net.cVal.mag.f: 0.0
calling GetDataValues(IEDBiogasCHP/MMXU1.W.net.cVal.ang)
14:23:47.239 [openiec61850-osi-server-7-thread-1] DEBUG com.beanit.openiec61850.ServerAssociation - Got a GetDataValues request for node: IEDBiogasCHP/MMXU1.W.net.cVal.ang [MX]
IEDBiogasCHP/MMXU1.W.net.cVal.ang.i: 0
IEDBiogasCHP/MMXU1.W.net.cVal.ang.f: 0.0
14:23:47.239 [openiec61850-osi-server-7-thread-1] DEBUG com.beanit.openiec61850.ServerAssociation - sub BDA is:IEDBiogasCHP/MMXU1.W.net.cVal.ang.i: 0
14:23:47.239 [openiec61850-osi-server-7-thread-1] DEBUG com.beanit.openiec61850.ServerAssociation - sub BDA is:IEDBiogasCHP/MMXU1.W.net.cVal.ang.f: 0.0
calling GetDataValues(IEDBiogasCHP/MMXU1.W.net.cVal.ang.i)
14:23:47.239 [openiec61850-osi-server-7-thread-1] DEBUG com.beanit.openiec61850.ServerAssociation - Got a GetDataValues request for node: IEDBiogasCHP/MMXU1.W.net.cVal.ang.i: 0
calling GetDataValues(IEDBiogasCHP/MMXU1.W.net.cVal.ang.f)
14:23:47.239 [openiec61850-osi-server-7-thread-1] DEBUG com.beanit.openiec61850.ServerAssociation - Got a GetDataValues request for node: IEDBiogasCHP/MMXU1.W.net.cVal.ang.f: 0.0
calling GetDataValues(IEDBiogasCHP/MMXU1.W.net.range)
14:23:47.240 [openiec61850-osi-server-7-thread-1] DEBUG com.beanit.openiec61850.ServerAssociation - Got a GetDataValues request for node: IEDBiogasCHP/MMXU1.W.net.range: 0
calling GetDataValues(IEDBiogasCHP/MMXU1.W.net.q)
14:23:47.240 [openiec61850-osi-server-7-thread-1] DEBUG com.beanit.openiec61850.ServerAssociation - Got a GetDataValues request for node: IEDBiogasCHP/MMXU1.W.net.q: 0x00 0x00
calling GetDataValues(IEDBiogasCHP/MMXU1.W.net.t)
14:23:47.240 [openiec61850-osi-server-7-thread-1] DEBUG com.beanit.openiec61850.ServerAssociation - Got a GetDataValues request for node: IEDBiogasCHP/MMXU1.W.net.t: Thu Jan 01 01:00:00 CET 1970
calling GetDataValues(IEDBiogasCHP/MMXU1.W.res)
14:23:47.240 [openiec61850-osi-server-7-thread-1] DEBUG com.beanit.openiec61850.ServerAssociation - Got a GetDataValues request for node: IEDBiogasCHP/MMXU1.W.res [MX]
IEDBiogasCHP/MMXU1.W.res.instCVal [MX]
IEDBiogasCHP/MMXU1.W.res.instCVal.mag [MX]
IEDBiogasCHP/MMXU1.W.res.instCVal.mag.i: 0
IEDBiogasCHP/MMXU1.W.res.instCVal.mag.f: 0.0
IEDBiogasCHP/MMXU1.W.res.instCVal.ang [MX]
IEDBiogasCHP/MMXU1.W.res.instCVal.ang.i: 0
IEDBiogasCHP/MMXU1.W.res.instCVal.ang.f: 0.0
IEDBiogasCHP/MMXU1.W.res.cVal [MX]
IEDBiogasCHP/MMXU1.W.res.cVal.mag [MX]
IEDBiogasCHP/MMXU1.W.res.cVal.mag.i: 0
IEDBiogasCHP/MMXU1.W.res.cVal.mag.f: 0.0
IEDBiogasCHP/MMXU1.W.res.cVal.ang [MX]
IEDBiogasCHP/MMXU1.W.res.cVal.ang.i: 0
IEDBiogasCHP/MMXU1.W.res.cVal.ang.f: 0.0
IEDBiogasCHP/MMXU1.W.res.range: 0
IEDBiogasCHP/MMXU1.W.res.q: 0x00 0x00
IEDBiogasCHP/MMXU1.W.res.t: Thu Jan 01 01:00:00 CET 1970
14:23:47.240 [openiec61850-osi-server-7-thread-1] DEBUG com.beanit.openiec61850.ServerAssociation - sub BDA is:IEDBiogasCHP/MMXU1.W.res.instCVal.mag.i: 0
14:23:47.240 [openiec61850-osi-server-7-thread-1] DEBUG com.beanit.openiec61850.ServerAssociation - sub BDA is:IEDBiogasCHP/MMXU1.W.res.instCVal.mag.f: 0.0
14:23:47.240 [openiec61850-osi-server-7-thread-1] DEBUG com.beanit.openiec61850.ServerAssociation - sub BDA is:IEDBiogasCHP/MMXU1.W.res.instCVal.ang.i: 0
14:23:47.240 [openiec61850-osi-server-7-thread-1] DEBUG com.beanit.openiec61850.ServerAssociation - sub BDA is:IEDBiogasCHP/MMXU1.W.res.instCVal.ang.f: 0.0
14:23:47.240 [openiec61850-osi-server-7-thread-1] DEBUG com.beanit.openiec61850.ServerAssociation - sub BDA is:IEDBiogasCHP/MMXU1.W.res.cVal.mag.i: 0
14:23:47.240 [openiec61850-osi-server-7-thread-1] DEBUG com.beanit.openiec61850.ServerAssociation - sub BDA is:IEDBiogasCHP/MMXU1.W.res.cVal.mag.f: 0.0
14:23:47.240 [openiec61850-osi-server-7-thread-1] DEBUG com.beanit.openiec61850.ServerAssociation - sub BDA is:IEDBiogasCHP/MMXU1.W.res.cVal.ang.i: 0
14:23:47.240 [openiec61850-osi-server-7-thread-1] DEBUG com.beanit.openiec61850.ServerAssociation - sub BDA is:IEDBiogasCHP/MMXU1.W.res.cVal.ang.f: 0.0
14:23:47.240 [openiec61850-osi-server-7-thread-1] DEBUG com.beanit.openiec61850.ServerAssociation - sub BDA is:IEDBiogasCHP/MMXU1.W.res.range: 0
14:23:47.240 [openiec61850-osi-server-7-thread-1] DEBUG com.beanit.openiec61850.ServerAssociation - sub BDA is:IEDBiogasCHP/MMXU1.W.res.q: 0x00 0x00
14:23:47.240 [openiec61850-osi-server-7-thread-1] DEBUG com.beanit.openiec61850.ServerAssociation - sub BDA is:IEDBiogasCHP/MMXU1.W.res.t: Thu Jan 01 01:00:00 CET 1970
calling GetDataValues(IEDBiogasCHP/MMXU1.W.res.instCVal)
14:23:47.240 [openiec61850-osi-server-7-thread-1] DEBUG com.beanit.openiec61850.ServerAssociation - Got a GetDataValues request for node: IEDBiogasCHP/MMXU1.W.res.instCVal [MX]
IEDBiogasCHP/MMXU1.W.res.instCVal.mag [MX]
IEDBiogasCHP/MMXU1.W.res.instCVal.mag.i: 0
IEDBiogasCHP/MMXU1.W.res.instCVal.mag.f: 0.0
IEDBiogasCHP/MMXU1.W.res.instCVal.ang [MX]
IEDBiogasCHP/MMXU1.W.res.instCVal.ang.i: 0
IEDBiogasCHP/MMXU1.W.res.instCVal.ang.f: 0.0
14:23:47.240 [openiec61850-osi-server-7-thread-1] DEBUG com.beanit.openiec61850.ServerAssociation - sub BDA is:IEDBiogasCHP/MMXU1.W.res.instCVal.mag.i: 0
14:23:47.240 [openiec61850-osi-server-7-thread-1] DEBUG com.beanit.openiec61850.ServerAssociation - sub BDA is:IEDBiogasCHP/MMXU1.W.res.instCVal.mag.f: 0.0
14:23:47.240 [openiec61850-osi-server-7-thread-1] DEBUG com.beanit.openiec61850.ServerAssociation - sub BDA is:IEDBiogasCHP/MMXU1.W.res.instCVal.ang.i: 0
14:23:47.240 [openiec61850-osi-server-7-thread-1] DEBUG com.beanit.openiec61850.ServerAssociation - sub BDA is:IEDBiogasCHP/MMXU1.W.res.instCVal.ang.f: 0.0
calling GetDataValues(IEDBiogasCHP/MMXU1.W.res.instCVal.mag)
14:23:47.240 [openiec61850-osi-server-7-thread-1] DEBUG com.beanit.openiec61850.ServerAssociation - Got a GetDataValues request for node: IEDBiogasCHP/MMXU1.W.res.instCVal.mag [MX]
IEDBiogasCHP/MMXU1.W.res.instCVal.mag.i: 0
IEDBiogasCHP/MMXU1.W.res.instCVal.mag.f: 0.0
14:23:47.240 [openiec61850-osi-server-7-thread-1] DEBUG com.beanit.openiec61850.ServerAssociation - sub BDA is:IEDBiogasCHP/MMXU1.W.res.instCVal.mag.i: 0
14:23:47.240 [openiec61850-osi-server-7-thread-1] DEBUG com.beanit.openiec61850.ServerAssociation - sub BDA is:IEDBiogasCHP/MMXU1.W.res.instCVal.mag.f: 0.0
calling GetDataValues(IEDBiogasCHP/MMXU1.W.res.instCVal.mag.i)
14:23:47.240 [openiec61850-osi-server-7-thread-1] DEBUG com.beanit.openiec61850.ServerAssociation - Got a GetDataValues request for node: IEDBiogasCHP/MMXU1.W.res.instCVal.mag.i: 0
calling GetDataValues(IEDBiogasCHP/MMXU1.W.res.instCVal.mag.f)
14:23:47.240 [openiec61850-osi-server-7-thread-1] DEBUG com.beanit.openiec61850.ServerAssociation - Got a GetDataValues request for node: IEDBiogasCHP/MMXU1.W.res.instCVal.mag.f: 0.0
calling GetDataValues(IEDBiogasCHP/MMXU1.W.res.instCVal.ang)
14:23:47.241 [openiec61850-osi-server-7-thread-1] DEBUG com.beanit.openiec61850.ServerAssociation - Got a GetDataValues request for node: IEDBiogasCHP/MMXU1.W.res.instCVal.ang [MX]
IEDBiogasCHP/MMXU1.W.res.instCVal.ang.i: 0
IEDBiogasCHP/MMXU1.W.res.instCVal.ang.f: 0.0
14:23:47.241 [openiec61850-osi-server-7-thread-1] DEBUG com.beanit.openiec61850.ServerAssociation - sub BDA is:IEDBiogasCHP/MMXU1.W.res.instCVal.ang.i: 0
14:23:47.241 [openiec61850-osi-server-7-thread-1] DEBUG com.beanit.openiec61850.ServerAssociation - sub BDA is:IEDBiogasCHP/MMXU1.W.res.instCVal.ang.f: 0.0
calling GetDataValues(IEDBiogasCHP/MMXU1.W.res.instCVal.ang.i)
14:23:47.241 [openiec61850-osi-server-7-thread-1] DEBUG com.beanit.openiec61850.ServerAssociation - Got a GetDataValues request for node: IEDBiogasCHP/MMXU1.W.res.instCVal.ang.i: 0
calling GetDataValues(IEDBiogasCHP/MMXU1.W.res.instCVal.ang.f)
14:23:47.241 [openiec61850-osi-server-7-thread-1] DEBUG com.beanit.openiec61850.ServerAssociation - Got a GetDataValues request for node: IEDBiogasCHP/MMXU1.W.res.instCVal.ang.f: 0.0
calling GetDataValues(IEDBiogasCHP/MMXU1.W.res.cVal)
14:23:47.241 [openiec61850-osi-server-7-thread-1] DEBUG com.beanit.openiec61850.ServerAssociation - Got a GetDataValues request for node: IEDBiogasCHP/MMXU1.W.res.cVal [MX]
IEDBiogasCHP/MMXU1.W.res.cVal.mag [MX]
IEDBiogasCHP/MMXU1.W.res.cVal.mag.i: 0
IEDBiogasCHP/MMXU1.W.res.cVal.mag.f: 0.0
IEDBiogasCHP/MMXU1.W.res.cVal.ang [MX]
IEDBiogasCHP/MMXU1.W.res.cVal.ang.i: 0
IEDBiogasCHP/MMXU1.W.res.cVal.ang.f: 0.0
14:23:47.241 [openiec61850-osi-server-7-thread-1] DEBUG com.beanit.openiec61850.ServerAssociation - sub BDA is:IEDBiogasCHP/MMXU1.W.res.cVal.mag.i: 0
14:23:47.241 [openiec61850-osi-server-7-thread-1] DEBUG com.beanit.openiec61850.ServerAssociation - sub BDA is:IEDBiogasCHP/MMXU1.W.res.cVal.mag.f: 0.0
14:23:47.241 [openiec61850-osi-server-7-thread-1] DEBUG com.beanit.openiec61850.ServerAssociation - sub BDA is:IEDBiogasCHP/MMXU1.W.res.cVal.ang.i: 0
14:23:47.241 [openiec61850-osi-server-7-thread-1] DEBUG com.beanit.openiec61850.ServerAssociation - sub BDA is:IEDBiogasCHP/MMXU1.W.res.cVal.ang.f: 0.0
calling GetDataValues(IEDBiogasCHP/MMXU1.W.res.cVal.mag)
14:23:47.241 [openiec61850-osi-server-7-thread-1] DEBUG com.beanit.openiec61850.ServerAssociation - Got a GetDataValues request for node: IEDBiogasCHP/MMXU1.W.res.cVal.mag [MX]
IEDBiogasCHP/MMXU1.W.res.cVal.mag.i: 0
IEDBiogasCHP/MMXU1.W.res.cVal.mag.f: 0.0
14:23:47.241 [openiec61850-osi-server-7-thread-1] DEBUG com.beanit.openiec61850.ServerAssociation - sub BDA is:IEDBiogasCHP/MMXU1.W.res.cVal.mag.i: 0
14:23:47.241 [openiec61850-osi-server-7-thread-1] DEBUG com.beanit.openiec61850.ServerAssociation - sub BDA is:IEDBiogasCHP/MMXU1.W.res.cVal.mag.f: 0.0
calling GetDataValues(IEDBiogasCHP/MMXU1.W.res.cVal.mag.i)
14:23:47.241 [openiec61850-osi-server-7-thread-1] DEBUG com.beanit.openiec61850.ServerAssociation - Got a GetDataValues request for node: IEDBiogasCHP/MMXU1.W.res.cVal.mag.i: 0
calling GetDataValues(IEDBiogasCHP/MMXU1.W.res.cVal.mag.f)
14:23:47.241 [openiec61850-osi-server-7-thread-1] DEBUG com.beanit.openiec61850.ServerAssociation - Got a GetDataValues request for node: IEDBiogasCHP/MMXU1.W.res.cVal.mag.f: 0.0
calling GetDataValues(IEDBiogasCHP/MMXU1.W.res.cVal.ang)
14:23:47.241 [openiec61850-osi-server-7-thread-1] DEBUG com.beanit.openiec61850.ServerAssociation - Got a GetDataValues request for node: IEDBiogasCHP/MMXU1.W.res.cVal.ang [MX]
IEDBiogasCHP/MMXU1.W.res.cVal.ang.i: 0
IEDBiogasCHP/MMXU1.W.res.cVal.ang.f: 0.0
14:23:47.242 [openiec61850-osi-server-7-thread-1] DEBUG com.beanit.openiec61850.ServerAssociation - sub BDA is:IEDBiogasCHP/MMXU1.W.res.cVal.ang.i: 0
14:23:47.242 [openiec61850-osi-server-7-thread-1] DEBUG com.beanit.openiec61850.ServerAssociation - sub BDA is:IEDBiogasCHP/MMXU1.W.res.cVal.ang.f: 0.0
calling GetDataValues(IEDBiogasCHP/MMXU1.W.res.cVal.ang.i)
14:23:47.242 [openiec61850-osi-server-7-thread-1] DEBUG com.beanit.openiec61850.ServerAssociation - Got a GetDataValues request for node: IEDBiogasCHP/MMXU1.W.res.cVal.ang.i: 0
calling GetDataValues(IEDBiogasCHP/MMXU1.W.res.cVal.ang.f)
14:23:47.242 [openiec61850-osi-server-7-thread-1] DEBUG com.beanit.openiec61850.ServerAssociation - Got a GetDataValues request for node: IEDBiogasCHP/MMXU1.W.res.cVal.ang.f: 0.0
calling GetDataValues(IEDBiogasCHP/MMXU1.W.res.range)
14:23:47.242 [openiec61850-osi-server-7-thread-1] DEBUG com.beanit.openiec61850.ServerAssociation - Got a GetDataValues request for node: IEDBiogasCHP/MMXU1.W.res.range: 0
calling GetDataValues(IEDBiogasCHP/MMXU1.W.res.q)
14:23:47.242 [openiec61850-osi-server-7-thread-1] DEBUG com.beanit.openiec61850.ServerAssociation - Got a GetDataValues request for node: IEDBiogasCHP/MMXU1.W.res.q: 0x00 0x00
calling GetDataValues(IEDBiogasCHP/MMXU1.W.res.t)
14:23:47.242 [openiec61850-osi-server-7-thread-1] DEBUG com.beanit.openiec61850.ServerAssociation - Got a GetDataValues request for node: IEDBiogasCHP/MMXU1.W.res.t: Thu Jan 01 01:00:00 CET 1970
calling GetDataValues(IEDBiogasCHP/MMXU1.W)
14:23:47.242 [openiec61850-osi-server-7-thread-1] DEBUG com.beanit.openiec61850.ServerAssociation - Got a GetDataValues request for node: IEDBiogasCHP/MMXU1.W [SV]
IEDBiogasCHP/MMXU1.W.phsA [SV]
IEDBiogasCHP/MMXU1.W.phsA.subEna: false
IEDBiogasCHP/MMXU1.W.phsA.subCVal [SV]
IEDBiogasCHP/MMXU1.W.phsA.subCVal.mag [SV]
IEDBiogasCHP/MMXU1.W.phsA.subCVal.mag.i: 0
IEDBiogasCHP/MMXU1.W.phsA.subCVal.mag.f: 0.0
IEDBiogasCHP/MMXU1.W.phsA.subCVal.ang [SV]
IEDBiogasCHP/MMXU1.W.phsA.subCVal.ang.i: 0
IEDBiogasCHP/MMXU1.W.phsA.subCVal.ang.f: 0.0
IEDBiogasCHP/MMXU1.W.phsA.subQ: 0x00 0x00
IEDBiogasCHP/MMXU1.W.phsA.subID: ''
IEDBiogasCHP/MMXU1.W.phsB [SV]
IEDBiogasCHP/MMXU1.W.phsB.subEna: false
IEDBiogasCHP/MMXU1.W.phsB.subCVal [SV]
IEDBiogasCHP/MMXU1.W.phsB.subCVal.mag [SV]
IEDBiogasCHP/MMXU1.W.phsB.subCVal.mag.i: 0
IEDBiogasCHP/MMXU1.W.phsB.subCVal.mag.f: 0.0
IEDBiogasCHP/MMXU1.W.phsB.subCVal.ang [SV]
IEDBiogasCHP/MMXU1.W.phsB.subCVal.ang.i: 0
IEDBiogasCHP/MMXU1.W.phsB.subCVal.ang.f: 0.0
IEDBiogasCHP/MMXU1.W.phsB.subQ: 0x00 0x00
IEDBiogasCHP/MMXU1.W.phsB.subID: ''
IEDBiogasCHP/MMXU1.W.phsC [SV]
IEDBiogasCHP/MMXU1.W.phsC.subEna: false
IEDBiogasCHP/MMXU1.W.phsC.subCVal [SV]
IEDBiogasCHP/MMXU1.W.phsC.subCVal.mag [SV]
IEDBiogasCHP/MMXU1.W.phsC.subCVal.mag.i: 0
IEDBiogasCHP/MMXU1.W.phsC.subCVal.mag.f: 0.0
IEDBiogasCHP/MMXU1.W.phsC.subCVal.ang [SV]
IEDBiogasCHP/MMXU1.W.phsC.subCVal.ang.i: 0
IEDBiogasCHP/MMXU1.W.phsC.subCVal.ang.f: 0.0
IEDBiogasCHP/MMXU1.W.phsC.subQ: 0x00 0x00
IEDBiogasCHP/MMXU1.W.phsC.subID: ''
IEDBiogasCHP/MMXU1.W.neut [SV]
IEDBiogasCHP/MMXU1.W.neut.subEna: false
IEDBiogasCHP/MMXU1.W.neut.subCVal [SV]
IEDBiogasCHP/MMXU1.W.neut.subCVal.mag [SV]
IEDBiogasCHP/MMXU1.W.neut.subCVal.mag.i: 0
IEDBiogasCHP/MMXU1.W.neut.subCVal.mag.f: 0.0
IEDBiogasCHP/MMXU1.W.neut.subCVal.ang [SV]
IEDBiogasCHP/MMXU1.W.neut.subCVal.ang.i: 0
IEDBiogasCHP/MMXU1.W.neut.subCVal.ang.f: 0.0
IEDBiogasCHP/MMXU1.W.neut.subQ: 0x00 0x00
IEDBiogasCHP/MMXU1.W.neut.subID: ''
IEDBiogasCHP/MMXU1.W.net [SV]
IEDBiogasCHP/MMXU1.W.net.subEna: false
IEDBiogasCHP/MMXU1.W.net.subCVal [SV]
IEDBiogasCHP/MMXU1.W.net.subCVal.mag [SV]
IEDBiogasCHP/MMXU1.W.net.subCVal.mag.i: 0
IEDBiogasCHP/MMXU1.W.net.subCVal.mag.f: 0.0
IEDBiogasCHP/MMXU1.W.net.subCVal.ang [SV]
IEDBiogasCHP/MMXU1.W.net.subCVal.ang.i: 0
IEDBiogasCHP/MMXU1.W.net.subCVal.ang.f: 0.0
IEDBiogasCHP/MMXU1.W.net.subQ: 0x00 0x00
IEDBiogasCHP/MMXU1.W.net.subID: ''
IEDBiogasCHP/MMXU1.W.res [SV]
IEDBiogasCHP/MMXU1.W.res.subEna: false
IEDBiogasCHP/MMXU1.W.res.subCVal [SV]
IEDBiogasCHP/MMXU1.W.res.subCVal.mag [SV]
IEDBiogasCHP/MMXU1.W.res.subCVal.mag.i: 0
IEDBiogasCHP/MMXU1.W.res.subCVal.mag.f: 0.0
IEDBiogasCHP/MMXU1.W.res.subCVal.ang [SV]
IEDBiogasCHP/MMXU1.W.res.subCVal.ang.i: 0
IEDBiogasCHP/MMXU1.W.res.subCVal.ang.f: 0.0
IEDBiogasCHP/MMXU1.W.res.subQ: 0x00 0x00
IEDBiogasCHP/MMXU1.W.res.subID: ''
14:23:47.243 [openiec61850-osi-server-7-thread-1] DEBUG com.beanit.openiec61850.ServerAssociation - sub BDA is:IEDBiogasCHP/MMXU1.W.phsA.subEna: false
14:23:47.243 [openiec61850-osi-server-7-thread-1] DEBUG com.beanit.openiec61850.ServerAssociation - sub BDA is:IEDBiogasCHP/MMXU1.W.phsA.subCVal.mag.i: 0
14:23:47.243 [openiec61850-osi-server-7-thread-1] DEBUG com.beanit.openiec61850.ServerAssociation - sub BDA is:IEDBiogasCHP/MMXU1.W.phsA.subCVal.mag.f: 0.0
14:23:47.243 [openiec61850-osi-server-7-thread-1] DEBUG com.beanit.openiec61850.ServerAssociation - sub BDA is:IEDBiogasCHP/MMXU1.W.phsA.subCVal.ang.i: 0
14:23:47.243 [openiec61850-osi-server-7-thread-1] DEBUG com.beanit.openiec61850.ServerAssociation - sub BDA is:IEDBiogasCHP/MMXU1.W.phsA.subCVal.ang.f: 0.0
14:23:47.243 [openiec61850-osi-server-7-thread-1] DEBUG com.beanit.openiec61850.ServerAssociation - sub BDA is:IEDBiogasCHP/MMXU1.W.phsA.subQ: 0x00 0x00
14:23:47.243 [openiec61850-osi-server-7-thread-1] DEBUG com.beanit.openiec61850.ServerAssociation - sub BDA is:IEDBiogasCHP/MMXU1.W.phsA.subID: ''
14:23:47.243 [openiec61850-osi-server-7-thread-1] DEBUG com.beanit.openiec61850.ServerAssociation - sub BDA is:IEDBiogasCHP/MMXU1.W.phsB.subEna: false
14:23:47.243 [openiec61850-osi-server-7-thread-1] DEBUG com.beanit.openiec61850.ServerAssociation - sub BDA is:IEDBiogasCHP/MMXU1.W.phsB.subCVal.mag.i: 0
14:23:47.243 [openiec61850-osi-server-7-thread-1] DEBUG com.beanit.openiec61850.ServerAssociation - sub BDA is:IEDBiogasCHP/MMXU1.W.phsB.subCVal.mag.f: 0.0
14:23:47.243 [openiec61850-osi-server-7-thread-1] DEBUG com.beanit.openiec61850.ServerAssociation - sub BDA is:IEDBiogasCHP/MMXU1.W.phsB.subCVal.ang.i: 0
14:23:47.243 [openiec61850-osi-server-7-thread-1] DEBUG com.beanit.openiec61850.ServerAssociation - sub BDA is:IEDBiogasCHP/MMXU1.W.phsB.subCVal.ang.f: 0.0
14:23:47.243 [openiec61850-osi-server-7-thread-1] DEBUG com.beanit.openiec61850.ServerAssociation - sub BDA is:IEDBiogasCHP/MMXU1.W.phsB.subQ: 0x00 0x00
14:23:47.243 [openiec61850-osi-server-7-thread-1] DEBUG com.beanit.openiec61850.ServerAssociation - sub BDA is:IEDBiogasCHP/MMXU1.W.phsB.subID: ''
14:23:47.243 [openiec61850-osi-server-7-thread-1] DEBUG com.beanit.openiec61850.ServerAssociation - sub BDA is:IEDBiogasCHP/MMXU1.W.phsC.subEna: false
14:23:47.243 [openiec61850-osi-server-7-thread-1] DEBUG com.beanit.openiec61850.ServerAssociation - sub BDA is:IEDBiogasCHP/MMXU1.W.phsC.subCVal.mag.i: 0
14:23:47.243 [openiec61850-osi-server-7-thread-1] DEBUG com.beanit.openiec61850.ServerAssociation - sub BDA is:IEDBiogasCHP/MMXU1.W.phsC.subCVal.mag.f: 0.0
14:23:47.243 [openiec61850-osi-server-7-thread-1] DEBUG com.beanit.openiec61850.ServerAssociation - sub BDA is:IEDBiogasCHP/MMXU1.W.phsC.subCVal.ang.i: 0
14:23:47.243 [openiec61850-osi-server-7-thread-1] DEBUG com.beanit.openiec61850.ServerAssociation - sub BDA is:IEDBiogasCHP/MMXU1.W.phsC.subCVal.ang.f: 0.0
14:23:47.243 [openiec61850-osi-server-7-thread-1] DEBUG com.beanit.openiec61850.ServerAssociation - sub BDA is:IEDBiogasCHP/MMXU1.W.phsC.subQ: 0x00 0x00
14:23:47.243 [openiec61850-osi-server-7-thread-1] DEBUG com.beanit.openiec61850.ServerAssociation - sub BDA is:IEDBiogasCHP/MMXU1.W.phsC.subID: ''
14:23:47.243 [openiec61850-osi-server-7-thread-1] DEBUG com.beanit.openiec61850.ServerAssociation - sub BDA is:IEDBiogasCHP/MMXU1.W.neut.subEna: false
14:23:47.243 [openiec61850-osi-server-7-thread-1] DEBUG com.beanit.openiec61850.ServerAssociation - sub BDA is:IEDBiogasCHP/MMXU1.W.neut.subCVal.mag.i: 0
14:23:47.243 [openiec61850-osi-server-7-thread-1] DEBUG com.beanit.openiec61850.ServerAssociation - sub BDA is:IEDBiogasCHP/MMXU1.W.neut.subCVal.mag.f: 0.0
14:23:47.243 [openiec61850-osi-server-7-thread-1] DEBUG com.beanit.openiec61850.ServerAssociation - sub BDA is:IEDBiogasCHP/MMXU1.W.neut.subCVal.ang.i: 0
14:23:47.243 [openiec61850-osi-server-7-thread-1] DEBUG com.beanit.openiec61850.ServerAssociation - sub BDA is:IEDBiogasCHP/MMXU1.W.neut.subCVal.ang.f: 0.0
14:23:47.243 [openiec61850-osi-server-7-thread-1] DEBUG com.beanit.openiec61850.ServerAssociation - sub BDA is:IEDBiogasCHP/MMXU1.W.neut.subQ: 0x00 0x00
14:23:47.243 [openiec61850-osi-server-7-thread-1] DEBUG com.beanit.openiec61850.ServerAssociation - sub BDA is:IEDBiogasCHP/MMXU1.W.neut.subID: ''
14:23:47.243 [openiec61850-osi-server-7-thread-1] DEBUG com.beanit.openiec61850.ServerAssociation - sub BDA is:IEDBiogasCHP/MMXU1.W.net.subEna: false
14:23:47.243 [openiec61850-osi-server-7-thread-1] DEBUG com.beanit.openiec61850.ServerAssociation - sub BDA is:IEDBiogasCHP/MMXU1.W.net.subCVal.mag.i: 0
14:23:47.243 [openiec61850-osi-server-7-thread-1] DEBUG com.beanit.openiec61850.ServerAssociation - sub BDA is:IEDBiogasCHP/MMXU1.W.net.subCVal.mag.f: 0.0
14:23:47.243 [openiec61850-osi-server-7-thread-1] DEBUG com.beanit.openiec61850.ServerAssociation - sub BDA is:IEDBiogasCHP/MMXU1.W.net.subCVal.ang.i: 0
14:23:47.243 [openiec61850-osi-server-7-thread-1] DEBUG com.beanit.openiec61850.ServerAssociation - sub BDA is:IEDBiogasCHP/MMXU1.W.net.subCVal.ang.f: 0.0
14:23:47.243 [openiec61850-osi-server-7-thread-1] DEBUG com.beanit.openiec61850.ServerAssociation - sub BDA is:IEDBiogasCHP/MMXU1.W.net.subQ: 0x00 0x00
14:23:47.243 [openiec61850-osi-server-7-thread-1] DEBUG com.beanit.openiec61850.ServerAssociation - sub BDA is:IEDBiogasCHP/MMXU1.W.net.subID: ''
14:23:47.243 [openiec61850-osi-server-7-thread-1] DEBUG com.beanit.openiec61850.ServerAssociation - sub BDA is:IEDBiogasCHP/MMXU1.W.res.subEna: false
14:23:47.243 [openiec61850-osi-server-7-thread-1] DEBUG com.beanit.openiec61850.ServerAssociation - sub BDA is:IEDBiogasCHP/MMXU1.W.res.subCVal.mag.i: 0
14:23:47.243 [openiec61850-osi-server-7-thread-1] DEBUG com.beanit.openiec61850.ServerAssociation - sub BDA is:IEDBiogasCHP/MMXU1.W.res.subCVal.mag.f: 0.0
14:23:47.243 [openiec61850-osi-server-7-thread-1] DEBUG com.beanit.openiec61850.ServerAssociation - sub BDA is:IEDBiogasCHP/MMXU1.W.res.subCVal.ang.i: 0
14:23:47.243 [openiec61850-osi-server-7-thread-1] DEBUG com.beanit.openiec61850.ServerAssociation - sub BDA is:IEDBiogasCHP/MMXU1.W.res.subCVal.ang.f: 0.0
14:23:47.243 [openiec61850-osi-server-7-thread-1] DEBUG com.beanit.openiec61850.ServerAssociation - sub BDA is:IEDBiogasCHP/MMXU1.W.res.subQ: 0x00 0x00
14:23:47.243 [openiec61850-osi-server-7-thread-1] DEBUG com.beanit.openiec61850.ServerAssociation - sub BDA is:IEDBiogasCHP/MMXU1.W.res.subID: ''
calling GetDataValues(IEDBiogasCHP/MMXU1.W.phsA)
14:23:47.243 [openiec61850-osi-server-7-thread-1] DEBUG com.beanit.openiec61850.ServerAssociation - Got a GetDataValues request for node: IEDBiogasCHP/MMXU1.W.phsA [SV]
IEDBiogasCHP/MMXU1.W.phsA.subEna: false
IEDBiogasCHP/MMXU1.W.phsA.subCVal [SV]
IEDBiogasCHP/MMXU1.W.phsA.subCVal.mag [SV]
IEDBiogasCHP/MMXU1.W.phsA.subCVal.mag.i: 0
IEDBiogasCHP/MMXU1.W.phsA.subCVal.mag.f: 0.0
IEDBiogasCHP/MMXU1.W.phsA.subCVal.ang [SV]
IEDBiogasCHP/MMXU1.W.phsA.subCVal.ang.i: 0
IEDBiogasCHP/MMXU1.W.phsA.subCVal.ang.f: 0.0
IEDBiogasCHP/MMXU1.W.phsA.subQ: 0x00 0x00
IEDBiogasCHP/MMXU1.W.phsA.subID: ''
14:23:47.243 [openiec61850-osi-server-7-thread-1] DEBUG com.beanit.openiec61850.ServerAssociation - sub BDA is:IEDBiogasCHP/MMXU1.W.phsA.subEna: false
14:23:47.243 [openiec61850-osi-server-7-thread-1] DEBUG com.beanit.openiec61850.ServerAssociation - sub BDA is:IEDBiogasCHP/MMXU1.W.phsA.subCVal.mag.i: 0
14:23:47.243 [openiec61850-osi-server-7-thread-1] DEBUG com.beanit.openiec61850.ServerAssociation - sub BDA is:IEDBiogasCHP/MMXU1.W.phsA.subCVal.mag.f: 0.0
14:23:47.243 [openiec61850-osi-server-7-thread-1] DEBUG com.beanit.openiec61850.ServerAssociation - sub BDA is:IEDBiogasCHP/MMXU1.W.phsA.subCVal.ang.i: 0
14:23:47.243 [openiec61850-osi-server-7-thread-1] DEBUG com.beanit.openiec61850.ServerAssociation - sub BDA is:IEDBiogasCHP/MMXU1.W.phsA.subCVal.ang.f: 0.0
14:23:47.243 [openiec61850-osi-server-7-thread-1] DEBUG com.beanit.openiec61850.ServerAssociation - sub BDA is:IEDBiogasCHP/MMXU1.W.phsA.subQ: 0x00 0x00
14:23:47.243 [openiec61850-osi-server-7-thread-1] DEBUG com.beanit.openiec61850.ServerAssociation - sub BDA is:IEDBiogasCHP/MMXU1.W.phsA.subID: ''
calling GetDataValues(IEDBiogasCHP/MMXU1.W.phsA.subEna)
14:23:47.243 [openiec61850-osi-server-7-thread-1] DEBUG com.beanit.openiec61850.ServerAssociation - Got a GetDataValues request for node: IEDBiogasCHP/MMXU1.W.phsA.subEna: false
calling GetDataValues(IEDBiogasCHP/MMXU1.W.phsA.subCVal)
14:23:47.243 [openiec61850-osi-server-7-thread-1] DEBUG com.beanit.openiec61850.ServerAssociation - Got a GetDataValues request for node: IEDBiogasCHP/MMXU1.W.phsA.subCVal [SV]
IEDBiogasCHP/MMXU1.W.phsA.subCVal.mag [SV]
IEDBiogasCHP/MMXU1.W.phsA.subCVal.mag.i: 0
IEDBiogasCHP/MMXU1.W.phsA.subCVal.mag.f: 0.0
IEDBiogasCHP/MMXU1.W.phsA.subCVal.ang [SV]
IEDBiogasCHP/MMXU1.W.phsA.subCVal.ang.i: 0
IEDBiogasCHP/MMXU1.W.phsA.subCVal.ang.f: 0.0
14:23:47.243 [openiec61850-osi-server-7-thread-1] DEBUG com.beanit.openiec61850.ServerAssociation - sub BDA is:IEDBiogasCHP/MMXU1.W.phsA.subCVal.mag.i: 0
14:23:47.243 [openiec61850-osi-server-7-thread-1] DEBUG com.beanit.openiec61850.ServerAssociation - sub BDA is:IEDBiogasCHP/MMXU1.W.phsA.subCVal.mag.f: 0.0
14:23:47.243 [openiec61850-osi-server-7-thread-1] DEBUG com.beanit.openiec61850.ServerAssociation - sub BDA is:IEDBiogasCHP/MMXU1.W.phsA.subCVal.ang.i: 0
14:23:47.243 [openiec61850-osi-server-7-thread-1] DEBUG com.beanit.openiec61850.ServerAssociation - sub BDA is:IEDBiogasCHP/MMXU1.W.phsA.subCVal.ang.f: 0.0
calling GetDataValues(IEDBiogasCHP/MMXU1.W.phsA.subCVal.mag)
14:23:47.243 [openiec61850-osi-server-7-thread-1] DEBUG com.beanit.openiec61850.ServerAssociation - Got a GetDataValues request for node: IEDBiogasCHP/MMXU1.W.phsA.subCVal.mag [SV]
IEDBiogasCHP/MMXU1.W.phsA.subCVal.mag.i: 0
IEDBiogasCHP/MMXU1.W.phsA.subCVal.mag.f: 0.0
14:23:47.243 [openiec61850-osi-server-7-thread-1] DEBUG com.beanit.openiec61850.ServerAssociation - sub BDA is:IEDBiogasCHP/MMXU1.W.phsA.subCVal.mag.i: 0
14:23:47.243 [openiec61850-osi-server-7-thread-1] DEBUG com.beanit.openiec61850.ServerAssociation - sub BDA is:IEDBiogasCHP/MMXU1.W.phsA.subCVal.mag.f: 0.0
calling GetDataValues(IEDBiogasCHP/MMXU1.W.phsA.subCVal.mag.i)
14:23:47.244 [openiec61850-osi-server-7-thread-1] DEBUG com.beanit.openiec61850.ServerAssociation - Got a GetDataValues request for node: IEDBiogasCHP/MMXU1.W.phsA.subCVal.mag.i: 0
calling GetDataValues(IEDBiogasCHP/MMXU1.W.phsA.subCVal.mag.f)
14:23:47.244 [openiec61850-osi-server-7-thread-1] DEBUG com.beanit.openiec61850.ServerAssociation - Got a GetDataValues request for node: IEDBiogasCHP/MMXU1.W.phsA.subCVal.mag.f: 0.0
calling GetDataValues(IEDBiogasCHP/MMXU1.W.phsA.subCVal.ang)
14:23:47.244 [openiec61850-osi-server-7-thread-1] DEBUG com.beanit.openiec61850.ServerAssociation - Got a GetDataValues request for node: IEDBiogasCHP/MMXU1.W.phsA.subCVal.ang [SV]
IEDBiogasCHP/MMXU1.W.phsA.subCVal.ang.i: 0
IEDBiogasCHP/MMXU1.W.phsA.subCVal.ang.f: 0.0
14:23:47.244 [openiec61850-osi-server-7-thread-1] DEBUG com.beanit.openiec61850.ServerAssociation - sub BDA is:IEDBiogasCHP/MMXU1.W.phsA.subCVal.ang.i: 0
14:23:47.244 [openiec61850-osi-server-7-thread-1] DEBUG com.beanit.openiec61850.ServerAssociation - sub BDA is:IEDBiogasCHP/MMXU1.W.phsA.subCVal.ang.f: 0.0
calling GetDataValues(IEDBiogasCHP/MMXU1.W.phsA.subCVal.ang.i)
14:23:47.244 [openiec61850-osi-server-7-thread-1] DEBUG com.beanit.openiec61850.ServerAssociation - Got a GetDataValues request for node: IEDBiogasCHP/MMXU1.W.phsA.subCVal.ang.i: 0
calling GetDataValues(IEDBiogasCHP/MMXU1.W.phsA.subCVal.ang.f)
14:23:47.244 [openiec61850-osi-server-7-thread-1] DEBUG com.beanit.openiec61850.ServerAssociation - Got a GetDataValues request for node: IEDBiogasCHP/MMXU1.W.phsA.subCVal.ang.f: 0.0
calling GetDataValues(IEDBiogasCHP/MMXU1.W.phsA.subQ)
14:23:47.244 [openiec61850-osi-server-7-thread-1] DEBUG com.beanit.openiec61850.ServerAssociation - Got a GetDataValues request for node: IEDBiogasCHP/MMXU1.W.phsA.subQ: 0x00 0x00
calling GetDataValues(IEDBiogasCHP/MMXU1.W.phsA.subID)
14:23:47.244 [openiec61850-osi-server-7-thread-1] DEBUG com.beanit.openiec61850.ServerAssociation - Got a GetDataValues request for node: IEDBiogasCHP/MMXU1.W.phsA.subID: ''
calling GetDataValues(IEDBiogasCHP/MMXU1.W.phsB)
14:23:47.244 [openiec61850-osi-server-7-thread-1] DEBUG com.beanit.openiec61850.ServerAssociation - Got a GetDataValues request for node: IEDBiogasCHP/MMXU1.W.phsB [SV]
IEDBiogasCHP/MMXU1.W.phsB.subEna: false
IEDBiogasCHP/MMXU1.W.phsB.subCVal [SV]
IEDBiogasCHP/MMXU1.W.phsB.subCVal.mag [SV]
IEDBiogasCHP/MMXU1.W.phsB.subCVal.mag.i: 0
IEDBiogasCHP/MMXU1.W.phsB.subCVal.mag.f: 0.0
IEDBiogasCHP/MMXU1.W.phsB.subCVal.ang [SV]
IEDBiogasCHP/MMXU1.W.phsB.subCVal.ang.i: 0
IEDBiogasCHP/MMXU1.W.phsB.subCVal.ang.f: 0.0
IEDBiogasCHP/MMXU1.W.phsB.subQ: 0x00 0x00
IEDBiogasCHP/MMXU1.W.phsB.subID: ''
14:23:47.244 [openiec61850-osi-server-7-thread-1] DEBUG com.beanit.openiec61850.ServerAssociation - sub BDA is:IEDBiogasCHP/MMXU1.W.phsB.subEna: false
14:23:47.244 [openiec61850-osi-server-7-thread-1] DEBUG com.beanit.openiec61850.ServerAssociation - sub BDA is:IEDBiogasCHP/MMXU1.W.phsB.subCVal.mag.i: 0
14:23:47.244 [openiec61850-osi-server-7-thread-1] DEBUG com.beanit.openiec61850.ServerAssociation - sub BDA is:IEDBiogasCHP/MMXU1.W.phsB.subCVal.mag.f: 0.0
14:23:47.244 [openiec61850-osi-server-7-thread-1] DEBUG com.beanit.openiec61850.ServerAssociation - sub BDA is:IEDBiogasCHP/MMXU1.W.phsB.subCVal.ang.i: 0
14:23:47.244 [openiec61850-osi-server-7-thread-1] DEBUG com.beanit.openiec61850.ServerAssociation - sub BDA is:IEDBiogasCHP/MMXU1.W.phsB.subCVal.ang.f: 0.0
14:23:47.244 [openiec61850-osi-server-7-thread-1] DEBUG com.beanit.openiec61850.ServerAssociation - sub BDA is:IEDBiogasCHP/MMXU1.W.phsB.subQ: 0x00 0x00
14:23:47.244 [openiec61850-osi-server-7-thread-1] DEBUG com.beanit.openiec61850.ServerAssociation - sub BDA is:IEDBiogasCHP/MMXU1.W.phsB.subID: ''
calling GetDataValues(IEDBiogasCHP/MMXU1.W.phsB.subEna)
14:23:47.245 [openiec61850-osi-server-7-thread-1] DEBUG com.beanit.openiec61850.ServerAssociation - Got a GetDataValues request for node: IEDBiogasCHP/MMXU1.W.phsB.subEna: false
calling GetDataValues(IEDBiogasCHP/MMXU1.W.phsB.subCVal)
14:23:47.245 [openiec61850-osi-server-7-thread-1] DEBUG com.beanit.openiec61850.ServerAssociation - Got a GetDataValues request for node: IEDBiogasCHP/MMXU1.W.phsB.subCVal [SV]
IEDBiogasCHP/MMXU1.W.phsB.subCVal.mag [SV]
IEDBiogasCHP/MMXU1.W.phsB.subCVal.mag.i: 0
IEDBiogasCHP/MMXU1.W.phsB.subCVal.mag.f: 0.0
IEDBiogasCHP/MMXU1.W.phsB.subCVal.ang [SV]
IEDBiogasCHP/MMXU1.W.phsB.subCVal.ang.i: 0
IEDBiogasCHP/MMXU1.W.phsB.subCVal.ang.f: 0.0
14:23:47.245 [openiec61850-osi-server-7-thread-1] DEBUG com.beanit.openiec61850.ServerAssociation - sub BDA is:IEDBiogasCHP/MMXU1.W.phsB.subCVal.mag.i: 0
14:23:47.245 [openiec61850-osi-server-7-thread-1] DEBUG com.beanit.openiec61850.ServerAssociation - sub BDA is:IEDBiogasCHP/MMXU1.W.phsB.subCVal.mag.f: 0.0
14:23:47.245 [openiec61850-osi-server-7-thread-1] DEBUG com.beanit.openiec61850.ServerAssociation - sub BDA is:IEDBiogasCHP/MMXU1.W.phsB.subCVal.ang.i: 0
14:23:47.245 [openiec61850-osi-server-7-thread-1] DEBUG com.beanit.openiec61850.ServerAssociation - sub BDA is:IEDBiogasCHP/MMXU1.W.phsB.subCVal.ang.f: 0.0
calling GetDataValues(IEDBiogasCHP/MMXU1.W.phsB.subCVal.mag)
14:23:47.245 [openiec61850-osi-server-7-thread-1] DEBUG com.beanit.openiec61850.ServerAssociation - Got a GetDataValues request for node: IEDBiogasCHP/MMXU1.W.phsB.subCVal.mag [SV]
IEDBiogasCHP/MMXU1.W.phsB.subCVal.mag.i: 0
IEDBiogasCHP/MMXU1.W.phsB.subCVal.mag.f: 0.0
14:23:47.245 [openiec61850-osi-server-7-thread-1] DEBUG com.beanit.openiec61850.ServerAssociation - sub BDA is:IEDBiogasCHP/MMXU1.W.phsB.subCVal.mag.i: 0
14:23:47.245 [openiec61850-osi-server-7-thread-1] DEBUG com.beanit.openiec61850.ServerAssociation - sub BDA is:IEDBiogasCHP/MMXU1.W.phsB.subCVal.mag.f: 0.0
calling GetDataValues(IEDBiogasCHP/MMXU1.W.phsB.subCVal.mag.i)
14:23:47.245 [openiec61850-osi-server-7-thread-1] DEBUG com.beanit.openiec61850.ServerAssociation - Got a GetDataValues request for node: IEDBiogasCHP/MMXU1.W.phsB.subCVal.mag.i: 0
calling GetDataValues(IEDBiogasCHP/MMXU1.W.phsB.subCVal.mag.f)
14:23:47.245 [openiec61850-osi-server-7-thread-1] DEBUG com.beanit.openiec61850.ServerAssociation - Got a GetDataValues request for node: IEDBiogasCHP/MMXU1.W.phsB.subCVal.mag.f: 0.0
calling GetDataValues(IEDBiogasCHP/MMXU1.W.phsB.subCVal.ang)
14:23:47.245 [openiec61850-osi-server-7-thread-1] DEBUG com.beanit.openiec61850.ServerAssociation - Got a GetDataValues request for node: IEDBiogasCHP/MMXU1.W.phsB.subCVal.ang [SV]
IEDBiogasCHP/MMXU1.W.phsB.subCVal.ang.i: 0
IEDBiogasCHP/MMXU1.W.phsB.subCVal.ang.f: 0.0
14:23:47.245 [openiec61850-osi-server-7-thread-1] DEBUG com.beanit.openiec61850.ServerAssociation - sub BDA is:IEDBiogasCHP/MMXU1.W.phsB.subCVal.ang.i: 0
14:23:47.245 [openiec61850-osi-server-7-thread-1] DEBUG com.beanit.openiec61850.ServerAssociation - sub BDA is:IEDBiogasCHP/MMXU1.W.phsB.subCVal.ang.f: 0.0
calling GetDataValues(IEDBiogasCHP/MMXU1.W.phsB.subCVal.ang.i)
14:23:47.245 [openiec61850-osi-server-7-thread-1] DEBUG com.beanit.openiec61850.ServerAssociation - Got a GetDataValues request for node: IEDBiogasCHP/MMXU1.W.phsB.subCVal.ang.i: 0
calling GetDataValues(IEDBiogasCHP/MMXU1.W.phsB.subCVal.ang.f)
14:23:47.245 [openiec61850-osi-server-7-thread-1] DEBUG com.beanit.openiec61850.ServerAssociation - Got a GetDataValues request for node: IEDBiogasCHP/MMXU1.W.phsB.subCVal.ang.f: 0.0
calling GetDataValues(IEDBiogasCHP/MMXU1.W.phsB.subQ)
14:23:47.246 [openiec61850-osi-server-7-thread-1] DEBUG com.beanit.openiec61850.ServerAssociation - Got a GetDataValues request for node: IEDBiogasCHP/MMXU1.W.phsB.subQ: 0x00 0x00
calling GetDataValues(IEDBiogasCHP/MMXU1.W.phsB.subID)
14:23:47.246 [openiec61850-osi-server-7-thread-1] DEBUG com.beanit.openiec61850.ServerAssociation - Got a GetDataValues request for node: IEDBiogasCHP/MMXU1.W.phsB.subID: ''
calling GetDataValues(IEDBiogasCHP/MMXU1.W.phsC)
14:23:47.246 [openiec61850-osi-server-7-thread-1] DEBUG com.beanit.openiec61850.ServerAssociation - Got a GetDataValues request for node: IEDBiogasCHP/MMXU1.W.phsC [SV]
IEDBiogasCHP/MMXU1.W.phsC.subEna: false
IEDBiogasCHP/MMXU1.W.phsC.subCVal [SV]
IEDBiogasCHP/MMXU1.W.phsC.subCVal.mag [SV]
IEDBiogasCHP/MMXU1.W.phsC.subCVal.mag.i: 0
IEDBiogasCHP/MMXU1.W.phsC.subCVal.mag.f: 0.0
IEDBiogasCHP/MMXU1.W.phsC.subCVal.ang [SV]
IEDBiogasCHP/MMXU1.W.phsC.subCVal.ang.i: 0
IEDBiogasCHP/MMXU1.W.phsC.subCVal.ang.f: 0.0
IEDBiogasCHP/MMXU1.W.phsC.subQ: 0x00 0x00
IEDBiogasCHP/MMXU1.W.phsC.subID: ''
14:23:47.246 [openiec61850-osi-server-7-thread-1] DEBUG com.beanit.openiec61850.ServerAssociation - sub BDA is:IEDBiogasCHP/MMXU1.W.phsC.subEna: false
14:23:47.246 [openiec61850-osi-server-7-thread-1] DEBUG com.beanit.openiec61850.ServerAssociation - sub BDA is:IEDBiogasCHP/MMXU1.W.phsC.subCVal.mag.i: 0
14:23:47.246 [openiec61850-osi-server-7-thread-1] DEBUG com.beanit.openiec61850.ServerAssociation - sub BDA is:IEDBiogasCHP/MMXU1.W.phsC.subCVal.mag.f: 0.0
14:23:47.246 [openiec61850-osi-server-7-thread-1] DEBUG com.beanit.openiec61850.ServerAssociation - sub BDA is:IEDBiogasCHP/MMXU1.W.phsC.subCVal.ang.i: 0
14:23:47.246 [openiec61850-osi-server-7-thread-1] DEBUG com.beanit.openiec61850.ServerAssociation - sub BDA is:IEDBiogasCHP/MMXU1.W.phsC.subCVal.ang.f: 0.0
14:23:47.246 [openiec61850-osi-server-7-thread-1] DEBUG com.beanit.openiec61850.ServerAssociation - sub BDA is:IEDBiogasCHP/MMXU1.W.phsC.subQ: 0x00 0x00
14:23:47.246 [openiec61850-osi-server-7-thread-1] DEBUG com.beanit.openiec61850.ServerAssociation - sub BDA is:IEDBiogasCHP/MMXU1.W.phsC.subID: ''
calling GetDataValues(IEDBiogasCHP/MMXU1.W.phsC.subEna)
14:23:47.246 [openiec61850-osi-server-7-thread-1] DEBUG com.beanit.openiec61850.ServerAssociation - Got a GetDataValues request for node: IEDBiogasCHP/MMXU1.W.phsC.subEna: false
calling GetDataValues(IEDBiogasCHP/MMXU1.W.phsC.subCVal)
14:23:47.246 [openiec61850-osi-server-7-thread-1] DEBUG com.beanit.openiec61850.ServerAssociation - Got a GetDataValues request for node: IEDBiogasCHP/MMXU1.W.phsC.subCVal [SV]
IEDBiogasCHP/MMXU1.W.phsC.subCVal.mag [SV]
IEDBiogasCHP/MMXU1.W.phsC.subCVal.mag.i: 0
IEDBiogasCHP/MMXU1.W.phsC.subCVal.mag.f: 0.0
IEDBiogasCHP/MMXU1.W.phsC.subCVal.ang [SV]
IEDBiogasCHP/MMXU1.W.phsC.subCVal.ang.i: 0
IEDBiogasCHP/MMXU1.W.phsC.subCVal.ang.f: 0.0
14:23:47.246 [openiec61850-osi-server-7-thread-1] DEBUG com.beanit.openiec61850.ServerAssociation - sub BDA is:IEDBiogasCHP/MMXU1.W.phsC.subCVal.mag.i: 0
14:23:47.246 [openiec61850-osi-server-7-thread-1] DEBUG com.beanit.openiec61850.ServerAssociation - sub BDA is:IEDBiogasCHP/MMXU1.W.phsC.subCVal.mag.f: 0.0
14:23:47.246 [openiec61850-osi-server-7-thread-1] DEBUG com.beanit.openiec61850.ServerAssociation - sub BDA is:IEDBiogasCHP/MMXU1.W.phsC.subCVal.ang.i: 0
14:23:47.246 [openiec61850-osi-server-7-thread-1] DEBUG com.beanit.openiec61850.ServerAssociation - sub BDA is:IEDBiogasCHP/MMXU1.W.phsC.subCVal.ang.f: 0.0
calling GetDataValues(IEDBiogasCHP/MMXU1.W.phsC.subCVal.mag)
14:23:47.246 [openiec61850-osi-server-7-thread-1] DEBUG com.beanit.openiec61850.ServerAssociation - Got a GetDataValues request for node: IEDBiogasCHP/MMXU1.W.phsC.subCVal.mag [SV]
IEDBiogasCHP/MMXU1.W.phsC.subCVal.mag.i: 0
IEDBiogasCHP/MMXU1.W.phsC.subCVal.mag.f: 0.0
14:23:47.246 [openiec61850-osi-server-7-thread-1] DEBUG com.beanit.openiec61850.ServerAssociation - sub BDA is:IEDBiogasCHP/MMXU1.W.phsC.subCVal.mag.i: 0
14:23:47.246 [openiec61850-osi-server-7-thread-1] DEBUG com.beanit.openiec61850.ServerAssociation - sub BDA is:IEDBiogasCHP/MMXU1.W.phsC.subCVal.mag.f: 0.0
calling GetDataValues(IEDBiogasCHP/MMXU1.W.phsC.subCVal.mag.i)
14:23:47.246 [openiec61850-osi-server-7-thread-1] DEBUG com.beanit.openiec61850.ServerAssociation - Got a GetDataValues request for node: IEDBiogasCHP/MMXU1.W.phsC.subCVal.mag.i: 0
calling GetDataValues(IEDBiogasCHP/MMXU1.W.phsC.subCVal.mag.f)
14:23:47.247 [openiec61850-osi-server-7-thread-1] DEBUG com.beanit.openiec61850.ServerAssociation - Got a GetDataValues request for node: IEDBiogasCHP/MMXU1.W.phsC.subCVal.mag.f: 0.0
calling GetDataValues(IEDBiogasCHP/MMXU1.W.phsC.subCVal.ang)
14:23:47.247 [openiec61850-osi-server-7-thread-1] DEBUG com.beanit.openiec61850.ServerAssociation - Got a GetDataValues request for node: IEDBiogasCHP/MMXU1.W.phsC.subCVal.ang [SV]
IEDBiogasCHP/MMXU1.W.phsC.subCVal.ang.i: 0
IEDBiogasCHP/MMXU1.W.phsC.subCVal.ang.f: 0.0
14:23:47.247 [openiec61850-osi-server-7-thread-1] DEBUG com.beanit.openiec61850.ServerAssociation - sub BDA is:IEDBiogasCHP/MMXU1.W.phsC.subCVal.ang.i: 0
14:23:47.247 [openiec61850-osi-server-7-thread-1] DEBUG com.beanit.openiec61850.ServerAssociation - sub BDA is:IEDBiogasCHP/MMXU1.W.phsC.subCVal.ang.f: 0.0
calling GetDataValues(IEDBiogasCHP/MMXU1.W.phsC.subCVal.ang.i)
14:23:47.247 [openiec61850-osi-server-7-thread-1] DEBUG com.beanit.openiec61850.ServerAssociation - Got a GetDataValues request for node: IEDBiogasCHP/MMXU1.W.phsC.subCVal.ang.i: 0
calling GetDataValues(IEDBiogasCHP/MMXU1.W.phsC.subCVal.ang.f)
14:23:47.247 [openiec61850-osi-server-7-thread-1] DEBUG com.beanit.openiec61850.ServerAssociation - Got a GetDataValues request for node: IEDBiogasCHP/MMXU1.W.phsC.subCVal.ang.f: 0.0
calling GetDataValues(IEDBiogasCHP/MMXU1.W.phsC.subQ)
14:23:47.247 [openiec61850-osi-server-7-thread-1] DEBUG com.beanit.openiec61850.ServerAssociation - Got a GetDataValues request for node: IEDBiogasCHP/MMXU1.W.phsC.subQ: 0x00 0x00
calling GetDataValues(IEDBiogasCHP/MMXU1.W.phsC.subID)
14:23:47.247 [openiec61850-osi-server-7-thread-1] DEBUG com.beanit.openiec61850.ServerAssociation - Got a GetDataValues request for node: IEDBiogasCHP/MMXU1.W.phsC.subID: ''
calling GetDataValues(IEDBiogasCHP/MMXU1.W.neut)
14:23:47.247 [openiec61850-osi-server-7-thread-1] DEBUG com.beanit.openiec61850.ServerAssociation - Got a GetDataValues request for node: IEDBiogasCHP/MMXU1.W.neut [SV]
IEDBiogasCHP/MMXU1.W.neut.subEna: false
IEDBiogasCHP/MMXU1.W.neut.subCVal [SV]
IEDBiogasCHP/MMXU1.W.neut.subCVal.mag [SV]
IEDBiogasCHP/MMXU1.W.neut.subCVal.mag.i: 0
IEDBiogasCHP/MMXU1.W.neut.subCVal.mag.f: 0.0
IEDBiogasCHP/MMXU1.W.neut.subCVal.ang [SV]
IEDBiogasCHP/MMXU1.W.neut.subCVal.ang.i: 0
IEDBiogasCHP/MMXU1.W.neut.subCVal.ang.f: 0.0
IEDBiogasCHP/MMXU1.W.neut.subQ: 0x00 0x00
IEDBiogasCHP/MMXU1.W.neut.subID: ''
14:23:47.247 [openiec61850-osi-server-7-thread-1] DEBUG com.beanit.openiec61850.ServerAssociation - sub BDA is:IEDBiogasCHP/MMXU1.W.neut.subEna: false
14:23:47.247 [openiec61850-osi-server-7-thread-1] DEBUG com.beanit.openiec61850.ServerAssociation - sub BDA is:IEDBiogasCHP/MMXU1.W.neut.subCVal.mag.i: 0
14:23:47.247 [openiec61850-osi-server-7-thread-1] DEBUG com.beanit.openiec61850.ServerAssociation - sub BDA is:IEDBiogasCHP/MMXU1.W.neut.subCVal.mag.f: 0.0
14:23:47.247 [openiec61850-osi-server-7-thread-1] DEBUG com.beanit.openiec61850.ServerAssociation - sub BDA is:IEDBiogasCHP/MMXU1.W.neut.subCVal.ang.i: 0
14:23:47.247 [openiec61850-osi-server-7-thread-1] DEBUG com.beanit.openiec61850.ServerAssociation - sub BDA is:IEDBiogasCHP/MMXU1.W.neut.subCVal.ang.f: 0.0
14:23:47.247 [openiec61850-osi-server-7-thread-1] DEBUG com.beanit.openiec61850.ServerAssociation - sub BDA is:IEDBiogasCHP/MMXU1.W.neut.subQ: 0x00 0x00
14:23:47.247 [openiec61850-osi-server-7-thread-1] DEBUG com.beanit.openiec61850.ServerAssociation - sub BDA is:IEDBiogasCHP/MMXU1.W.neut.subID: ''
calling GetDataValues(IEDBiogasCHP/MMXU1.W.neut.subEna)
14:23:47.248 [openiec61850-osi-server-7-thread-1] DEBUG com.beanit.openiec61850.ServerAssociation - Got a GetDataValues request for node: IEDBiogasCHP/MMXU1.W.neut.subEna: false
calling GetDataValues(IEDBiogasCHP/MMXU1.W.neut.subCVal)
14:23:47.248 [openiec61850-osi-server-7-thread-1] DEBUG com.beanit.openiec61850.ServerAssociation - Got a GetDataValues request for node: IEDBiogasCHP/MMXU1.W.neut.subCVal [SV]
IEDBiogasCHP/MMXU1.W.neut.subCVal.mag [SV]
IEDBiogasCHP/MMXU1.W.neut.subCVal.mag.i: 0
IEDBiogasCHP/MMXU1.W.neut.subCVal.mag.f: 0.0
IEDBiogasCHP/MMXU1.W.neut.subCVal.ang [SV]
IEDBiogasCHP/MMXU1.W.neut.subCVal.ang.i: 0
IEDBiogasCHP/MMXU1.W.neut.subCVal.ang.f: 0.0
14:23:47.248 [openiec61850-osi-server-7-thread-1] DEBUG com.beanit.openiec61850.ServerAssociation - sub BDA is:IEDBiogasCHP/MMXU1.W.neut.subCVal.mag.i: 0
14:23:47.248 [openiec61850-osi-server-7-thread-1] DEBUG com.beanit.openiec61850.ServerAssociation - sub BDA is:IEDBiogasCHP/MMXU1.W.neut.subCVal.mag.f: 0.0
14:23:47.248 [openiec61850-osi-server-7-thread-1] DEBUG com.beanit.openiec61850.ServerAssociation - sub BDA is:IEDBiogasCHP/MMXU1.W.neut.subCVal.ang.i: 0
14:23:47.248 [openiec61850-osi-server-7-thread-1] DEBUG com.beanit.openiec61850.ServerAssociation - sub BDA is:IEDBiogasCHP/MMXU1.W.neut.subCVal.ang.f: 0.0
calling GetDataValues(IEDBiogasCHP/MMXU1.W.neut.subCVal.mag)
14:23:47.248 [openiec61850-osi-server-7-thread-1] DEBUG com.beanit.openiec61850.ServerAssociation - Got a GetDataValues request for node: IEDBiogasCHP/MMXU1.W.neut.subCVal.mag [SV]
IEDBiogasCHP/MMXU1.W.neut.subCVal.mag.i: 0
IEDBiogasCHP/MMXU1.W.neut.subCVal.mag.f: 0.0
14:23:47.248 [openiec61850-osi-server-7-thread-1] DEBUG com.beanit.openiec61850.ServerAssociation - sub BDA is:IEDBiogasCHP/MMXU1.W.neut.subCVal.mag.i: 0
14:23:47.248 [openiec61850-osi-server-7-thread-1] DEBUG com.beanit.openiec61850.ServerAssociation - sub BDA is:IEDBiogasCHP/MMXU1.W.neut.subCVal.mag.f: 0.0
calling GetDataValues(IEDBiogasCHP/MMXU1.W.neut.subCVal.mag.i)
14:23:47.248 [openiec61850-osi-server-7-thread-1] DEBUG com.beanit.openiec61850.ServerAssociation - Got a GetDataValues request for node: IEDBiogasCHP/MMXU1.W.neut.subCVal.mag.i: 0
calling GetDataValues(IEDBiogasCHP/MMXU1.W.neut.subCVal.mag.f)
14:23:47.248 [openiec61850-osi-server-7-thread-1] DEBUG com.beanit.openiec61850.ServerAssociation - Got a GetDataValues request for node: IEDBiogasCHP/MMXU1.W.neut.subCVal.mag.f: 0.0
calling GetDataValues(IEDBiogasCHP/MMXU1.W.neut.subCVal.ang)
14:23:47.248 [openiec61850-osi-server-7-thread-1] DEBUG com.beanit.openiec61850.ServerAssociation - Got a GetDataValues request for node: IEDBiogasCHP/MMXU1.W.neut.subCVal.ang [SV]
IEDBiogasCHP/MMXU1.W.neut.subCVal.ang.i: 0
IEDBiogasCHP/MMXU1.W.neut.subCVal.ang.f: 0.0
14:23:47.248 [openiec61850-osi-server-7-thread-1] DEBUG com.beanit.openiec61850.ServerAssociation - sub BDA is:IEDBiogasCHP/MMXU1.W.neut.subCVal.ang.i: 0
14:23:47.248 [openiec61850-osi-server-7-thread-1] DEBUG com.beanit.openiec61850.ServerAssociation - sub BDA is:IEDBiogasCHP/MMXU1.W.neut.subCVal.ang.f: 0.0
calling GetDataValues(IEDBiogasCHP/MMXU1.W.neut.subCVal.ang.i)
14:23:47.248 [openiec61850-osi-server-7-thread-1] DEBUG com.beanit.openiec61850.ServerAssociation - Got a GetDataValues request for node: IEDBiogasCHP/MMXU1.W.neut.subCVal.ang.i: 0
calling GetDataValues(IEDBiogasCHP/MMXU1.W.neut.subCVal.ang.f)
14:23:47.248 [openiec61850-osi-server-7-thread-1] DEBUG com.beanit.openiec61850.ServerAssociation - Got a GetDataValues request for node: IEDBiogasCHP/MMXU1.W.neut.subCVal.ang.f: 0.0
calling GetDataValues(IEDBiogasCHP/MMXU1.W.neut.subQ)
14:23:47.249 [openiec61850-osi-server-7-thread-1] DEBUG com.beanit.openiec61850.ServerAssociation - Got a GetDataValues request for node: IEDBiogasCHP/MMXU1.W.neut.subQ: 0x00 0x00
calling GetDataValues(IEDBiogasCHP/MMXU1.W.neut.subID)
14:23:47.249 [openiec61850-osi-server-7-thread-1] DEBUG com.beanit.openiec61850.ServerAssociation - Got a GetDataValues request for node: IEDBiogasCHP/MMXU1.W.neut.subID: ''
calling GetDataValues(IEDBiogasCHP/MMXU1.W.net)
14:23:47.249 [openiec61850-osi-server-7-thread-1] DEBUG com.beanit.openiec61850.ServerAssociation - Got a GetDataValues request for node: IEDBiogasCHP/MMXU1.W.net [SV]
IEDBiogasCHP/MMXU1.W.net.subEna: false
IEDBiogasCHP/MMXU1.W.net.subCVal [SV]
IEDBiogasCHP/MMXU1.W.net.subCVal.mag [SV]
IEDBiogasCHP/MMXU1.W.net.subCVal.mag.i: 0
IEDBiogasCHP/MMXU1.W.net.subCVal.mag.f: 0.0
IEDBiogasCHP/MMXU1.W.net.subCVal.ang [SV]
IEDBiogasCHP/MMXU1.W.net.subCVal.ang.i: 0
IEDBiogasCHP/MMXU1.W.net.subCVal.ang.f: 0.0
IEDBiogasCHP/MMXU1.W.net.subQ: 0x00 0x00
IEDBiogasCHP/MMXU1.W.net.subID: ''
14:23:47.249 [openiec61850-osi-server-7-thread-1] DEBUG com.beanit.openiec61850.ServerAssociation - sub BDA is:IEDBiogasCHP/MMXU1.W.net.subEna: false
14:23:47.249 [openiec61850-osi-server-7-thread-1] DEBUG com.beanit.openiec61850.ServerAssociation - sub BDA is:IEDBiogasCHP/MMXU1.W.net.subCVal.mag.i: 0
14:23:47.249 [openiec61850-osi-server-7-thread-1] DEBUG com.beanit.openiec61850.ServerAssociation - sub BDA is:IEDBiogasCHP/MMXU1.W.net.subCVal.mag.f: 0.0
14:23:47.249 [openiec61850-osi-server-7-thread-1] DEBUG com.beanit.openiec61850.ServerAssociation - sub BDA is:IEDBiogasCHP/MMXU1.W.net.subCVal.ang.i: 0
14:23:47.249 [openiec61850-osi-server-7-thread-1] DEBUG com.beanit.openiec61850.ServerAssociation - sub BDA is:IEDBiogasCHP/MMXU1.W.net.subCVal.ang.f: 0.0
14:23:47.249 [openiec61850-osi-server-7-thread-1] DEBUG com.beanit.openiec61850.ServerAssociation - sub BDA is:IEDBiogasCHP/MMXU1.W.net.subQ: 0x00 0x00
14:23:47.249 [openiec61850-osi-server-7-thread-1] DEBUG com.beanit.openiec61850.ServerAssociation - sub BDA is:IEDBiogasCHP/MMXU1.W.net.subID: ''
calling GetDataValues(IEDBiogasCHP/MMXU1.W.net.subEna)
14:23:47.249 [openiec61850-osi-server-7-thread-1] DEBUG com.beanit.openiec61850.ServerAssociation - Got a GetDataValues request for node: IEDBiogasCHP/MMXU1.W.net.subEna: false
calling GetDataValues(IEDBiogasCHP/MMXU1.W.net.subCVal)
14:23:47.249 [openiec61850-osi-server-7-thread-1] DEBUG com.beanit.openiec61850.ServerAssociation - Got a GetDataValues request for node: IEDBiogasCHP/MMXU1.W.net.subCVal [SV]
IEDBiogasCHP/MMXU1.W.net.subCVal.mag [SV]
IEDBiogasCHP/MMXU1.W.net.subCVal.mag.i: 0
IEDBiogasCHP/MMXU1.W.net.subCVal.mag.f: 0.0
IEDBiogasCHP/MMXU1.W.net.subCVal.ang [SV]
IEDBiogasCHP/MMXU1.W.net.subCVal.ang.i: 0
IEDBiogasCHP/MMXU1.W.net.subCVal.ang.f: 0.0
14:23:47.249 [openiec61850-osi-server-7-thread-1] DEBUG com.beanit.openiec61850.ServerAssociation - sub BDA is:IEDBiogasCHP/MMXU1.W.net.subCVal.mag.i: 0
14:23:47.249 [openiec61850-osi-server-7-thread-1] DEBUG com.beanit.openiec61850.ServerAssociation - sub BDA is:IEDBiogasCHP/MMXU1.W.net.subCVal.mag.f: 0.0
14:23:47.249 [openiec61850-osi-server-7-thread-1] DEBUG com.beanit.openiec61850.ServerAssociation - sub BDA is:IEDBiogasCHP/MMXU1.W.net.subCVal.ang.i: 0
14:23:47.249 [openiec61850-osi-server-7-thread-1] DEBUG com.beanit.openiec61850.ServerAssociation - sub BDA is:IEDBiogasCHP/MMXU1.W.net.subCVal.ang.f: 0.0
calling GetDataValues(IEDBiogasCHP/MMXU1.W.net.subCVal.mag)
14:23:47.249 [openiec61850-osi-server-7-thread-1] DEBUG com.beanit.openiec61850.ServerAssociation - Got a GetDataValues request for node: IEDBiogasCHP/MMXU1.W.net.subCVal.mag [SV]
IEDBiogasCHP/MMXU1.W.net.subCVal.mag.i: 0
IEDBiogasCHP/MMXU1.W.net.subCVal.mag.f: 0.0
14:23:47.249 [openiec61850-osi-server-7-thread-1] DEBUG com.beanit.openiec61850.ServerAssociation - sub BDA is:IEDBiogasCHP/MMXU1.W.net.subCVal.mag.i: 0
14:23:47.249 [openiec61850-osi-server-7-thread-1] DEBUG com.beanit.openiec61850.ServerAssociation - sub BDA is:IEDBiogasCHP/MMXU1.W.net.subCVal.mag.f: 0.0
calling GetDataValues(IEDBiogasCHP/MMXU1.W.net.subCVal.mag.i)
14:23:47.249 [openiec61850-osi-server-7-thread-1] DEBUG com.beanit.openiec61850.ServerAssociation - Got a GetDataValues request for node: IEDBiogasCHP/MMXU1.W.net.subCVal.mag.i: 0
calling GetDataValues(IEDBiogasCHP/MMXU1.W.net.subCVal.mag.f)
14:23:47.250 [openiec61850-osi-server-7-thread-1] DEBUG com.beanit.openiec61850.ServerAssociation - Got a GetDataValues request for node: IEDBiogasCHP/MMXU1.W.net.subCVal.mag.f: 0.0
calling GetDataValues(IEDBiogasCHP/MMXU1.W.net.subCVal.ang)
14:23:47.250 [openiec61850-osi-server-7-thread-1] DEBUG com.beanit.openiec61850.ServerAssociation - Got a GetDataValues request for node: IEDBiogasCHP/MMXU1.W.net.subCVal.ang [SV]
IEDBiogasCHP/MMXU1.W.net.subCVal.ang.i: 0
IEDBiogasCHP/MMXU1.W.net.subCVal.ang.f: 0.0
14:23:47.250 [openiec61850-osi-server-7-thread-1] DEBUG com.beanit.openiec61850.ServerAssociation - sub BDA is:IEDBiogasCHP/MMXU1.W.net.subCVal.ang.i: 0
14:23:47.250 [openiec61850-osi-server-7-thread-1] DEBUG com.beanit.openiec61850.ServerAssociation - sub BDA is:IEDBiogasCHP/MMXU1.W.net.subCVal.ang.f: 0.0
calling GetDataValues(IEDBiogasCHP/MMXU1.W.net.subCVal.ang.i)
14:23:47.250 [openiec61850-osi-server-7-thread-1] DEBUG com.beanit.openiec61850.ServerAssociation - Got a GetDataValues request for node: IEDBiogasCHP/MMXU1.W.net.subCVal.ang.i: 0
calling GetDataValues(IEDBiogasCHP/MMXU1.W.net.subCVal.ang.f)
14:23:47.250 [openiec61850-osi-server-7-thread-1] DEBUG com.beanit.openiec61850.ServerAssociation - Got a GetDataValues request for node: IEDBiogasCHP/MMXU1.W.net.subCVal.ang.f: 0.0
calling GetDataValues(IEDBiogasCHP/MMXU1.W.net.subQ)
14:23:47.250 [openiec61850-osi-server-7-thread-1] DEBUG com.beanit.openiec61850.ServerAssociation - Got a GetDataValues request for node: IEDBiogasCHP/MMXU1.W.net.subQ: 0x00 0x00
calling GetDataValues(IEDBiogasCHP/MMXU1.W.net.subID)
14:23:47.250 [openiec61850-osi-server-7-thread-1] DEBUG com.beanit.openiec61850.ServerAssociation - Got a GetDataValues request for node: IEDBiogasCHP/MMXU1.W.net.subID: ''
calling GetDataValues(IEDBiogasCHP/MMXU1.W.res)
14:23:47.250 [openiec61850-osi-server-7-thread-1] DEBUG com.beanit.openiec61850.ServerAssociation - Got a GetDataValues request for node: IEDBiogasCHP/MMXU1.W.res [SV]
IEDBiogasCHP/MMXU1.W.res.subEna: false
IEDBiogasCHP/MMXU1.W.res.subCVal [SV]
IEDBiogasCHP/MMXU1.W.res.subCVal.mag [SV]
IEDBiogasCHP/MMXU1.W.res.subCVal.mag.i: 0
IEDBiogasCHP/MMXU1.W.res.subCVal.mag.f: 0.0
IEDBiogasCHP/MMXU1.W.res.subCVal.ang [SV]
IEDBiogasCHP/MMXU1.W.res.subCVal.ang.i: 0
IEDBiogasCHP/MMXU1.W.res.subCVal.ang.f: 0.0
IEDBiogasCHP/MMXU1.W.res.subQ: 0x00 0x00
IEDBiogasCHP/MMXU1.W.res.subID: ''
14:23:47.250 [openiec61850-osi-server-7-thread-1] DEBUG com.beanit.openiec61850.ServerAssociation - sub BDA is:IEDBiogasCHP/MMXU1.W.res.subEna: false
14:23:47.250 [openiec61850-osi-server-7-thread-1] DEBUG com.beanit.openiec61850.ServerAssociation - sub BDA is:IEDBiogasCHP/MMXU1.W.res.subCVal.mag.i: 0
14:23:47.250 [openiec61850-osi-server-7-thread-1] DEBUG com.beanit.openiec61850.ServerAssociation - sub BDA is:IEDBiogasCHP/MMXU1.W.res.subCVal.mag.f: 0.0
14:23:47.250 [openiec61850-osi-server-7-thread-1] DEBUG com.beanit.openiec61850.ServerAssociation - sub BDA is:IEDBiogasCHP/MMXU1.W.res.subCVal.ang.i: 0
14:23:47.250 [openiec61850-osi-server-7-thread-1] DEBUG com.beanit.openiec61850.ServerAssociation - sub BDA is:IEDBiogasCHP/MMXU1.W.res.subCVal.ang.f: 0.0
14:23:47.250 [openiec61850-osi-server-7-thread-1] DEBUG com.beanit.openiec61850.ServerAssociation - sub BDA is:IEDBiogasCHP/MMXU1.W.res.subQ: 0x00 0x00
14:23:47.250 [openiec61850-osi-server-7-thread-1] DEBUG com.beanit.openiec61850.ServerAssociation - sub BDA is:IEDBiogasCHP/MMXU1.W.res.subID: ''
calling GetDataValues(IEDBiogasCHP/MMXU1.W.res.subEna)
14:23:47.251 [openiec61850-osi-server-7-thread-1] DEBUG com.beanit.openiec61850.ServerAssociation - Got a GetDataValues request for node: IEDBiogasCHP/MMXU1.W.res.subEna: false
calling GetDataValues(IEDBiogasCHP/MMXU1.W.res.subCVal)
14:23:47.251 [openiec61850-osi-server-7-thread-1] DEBUG com.beanit.openiec61850.ServerAssociation - Got a GetDataValues request for node: IEDBiogasCHP/MMXU1.W.res.subCVal [SV]
IEDBiogasCHP/MMXU1.W.res.subCVal.mag [SV]
IEDBiogasCHP/MMXU1.W.res.subCVal.mag.i: 0
IEDBiogasCHP/MMXU1.W.res.subCVal.mag.f: 0.0
IEDBiogasCHP/MMXU1.W.res.subCVal.ang [SV]
IEDBiogasCHP/MMXU1.W.res.subCVal.ang.i: 0
IEDBiogasCHP/MMXU1.W.res.subCVal.ang.f: 0.0
14:23:47.251 [openiec61850-osi-server-7-thread-1] DEBUG com.beanit.openiec61850.ServerAssociation - sub BDA is:IEDBiogasCHP/MMXU1.W.res.subCVal.mag.i: 0
14:23:47.251 [openiec61850-osi-server-7-thread-1] DEBUG com.beanit.openiec61850.ServerAssociation - sub BDA is:IEDBiogasCHP/MMXU1.W.res.subCVal.mag.f: 0.0
14:23:47.251 [openiec61850-osi-server-7-thread-1] DEBUG com.beanit.openiec61850.ServerAssociation - sub BDA is:IEDBiogasCHP/MMXU1.W.res.subCVal.ang.i: 0
14:23:47.251 [openiec61850-osi-server-7-thread-1] DEBUG com.beanit.openiec61850.ServerAssociation - sub BDA is:IEDBiogasCHP/MMXU1.W.res.subCVal.ang.f: 0.0
calling GetDataValues(IEDBiogasCHP/MMXU1.W.res.subCVal.mag)
14:23:47.251 [openiec61850-osi-server-7-thread-1] DEBUG com.beanit.openiec61850.ServerAssociation - Got a GetDataValues request for node: IEDBiogasCHP/MMXU1.W.res.subCVal.mag [SV]
IEDBiogasCHP/MMXU1.W.res.subCVal.mag.i: 0
IEDBiogasCHP/MMXU1.W.res.subCVal.mag.f: 0.0
14:23:47.251 [openiec61850-osi-server-7-thread-1] DEBUG com.beanit.openiec61850.ServerAssociation - sub BDA is:IEDBiogasCHP/MMXU1.W.res.subCVal.mag.i: 0
14:23:47.251 [openiec61850-osi-server-7-thread-1] DEBUG com.beanit.openiec61850.ServerAssociation - sub BDA is:IEDBiogasCHP/MMXU1.W.res.subCVal.mag.f: 0.0
calling GetDataValues(IEDBiogasCHP/MMXU1.W.res.subCVal.mag.i)
14:23:47.251 [openiec61850-osi-server-7-thread-1] DEBUG com.beanit.openiec61850.ServerAssociation - Got a GetDataValues request for node: IEDBiogasCHP/MMXU1.W.res.subCVal.mag.i: 0
calling GetDataValues(IEDBiogasCHP/MMXU1.W.res.subCVal.mag.f)
14:23:47.251 [openiec61850-osi-server-7-thread-1] DEBUG com.beanit.openiec61850.ServerAssociation - Got a GetDataValues request for node: IEDBiogasCHP/MMXU1.W.res.subCVal.mag.f: 0.0
calling GetDataValues(IEDBiogasCHP/MMXU1.W.res.subCVal.ang)
14:23:47.251 [openiec61850-osi-server-7-thread-1] DEBUG com.beanit.openiec61850.ServerAssociation - Got a GetDataValues request for node: IEDBiogasCHP/MMXU1.W.res.subCVal.ang [SV]
IEDBiogasCHP/MMXU1.W.res.subCVal.ang.i: 0
IEDBiogasCHP/MMXU1.W.res.subCVal.ang.f: 0.0
14:23:47.251 [openiec61850-osi-server-7-thread-1] DEBUG com.beanit.openiec61850.ServerAssociation - sub BDA is:IEDBiogasCHP/MMXU1.W.res.subCVal.ang.i: 0
14:23:47.251 [openiec61850-osi-server-7-thread-1] DEBUG com.beanit.openiec61850.ServerAssociation - sub BDA is:IEDBiogasCHP/MMXU1.W.res.subCVal.ang.f: 0.0
calling GetDataValues(IEDBiogasCHP/MMXU1.W.res.subCVal.ang.i)
14:23:47.251 [openiec61850-osi-server-7-thread-1] DEBUG com.beanit.openiec61850.ServerAssociation - Got a GetDataValues request for node: IEDBiogasCHP/MMXU1.W.res.subCVal.ang.i: 0
calling GetDataValues(IEDBiogasCHP/MMXU1.W.res.subCVal.ang.f)
14:23:47.252 [openiec61850-osi-server-7-thread-1] DEBUG com.beanit.openiec61850.ServerAssociation - Got a GetDataValues request for node: IEDBiogasCHP/MMXU1.W.res.subCVal.ang.f: 0.0
calling GetDataValues(IEDBiogasCHP/MMXU1.W.res.subQ)
14:23:47.252 [openiec61850-osi-server-7-thread-1] DEBUG com.beanit.openiec61850.ServerAssociation - Got a GetDataValues request for node: IEDBiogasCHP/MMXU1.W.res.subQ: 0x00 0x00
calling GetDataValues(IEDBiogasCHP/MMXU1.W.res.subID)
14:23:47.252 [openiec61850-osi-server-7-thread-1] DEBUG com.beanit.openiec61850.ServerAssociation - Got a GetDataValues request for node: IEDBiogasCHP/MMXU1.W.res.subID: ''
calling GetDataValues(IEDBiogasCHP/MMXU1.W)
14:23:47.252 [openiec61850-osi-server-7-thread-1] DEBUG com.beanit.openiec61850.ServerAssociation - Got a GetDataValues request for node: IEDBiogasCHP/MMXU1.W [CF]
IEDBiogasCHP/MMXU1.W.angRef: 0
IEDBiogasCHP/MMXU1.W.phsA [CF]
IEDBiogasCHP/MMXU1.W.phsA.units [CF]
IEDBiogasCHP/MMXU1.W.phsA.units.SIUnit: 0
IEDBiogasCHP/MMXU1.W.phsA.units.multiplier: 0
IEDBiogasCHP/MMXU1.W.phsA.db: 0
IEDBiogasCHP/MMXU1.W.phsA.zeroDb: 0
IEDBiogasCHP/MMXU1.W.phsA.rangeC [CF]
IEDBiogasCHP/MMXU1.W.phsA.rangeC.hhLim [CF]
IEDBiogasCHP/MMXU1.W.phsA.rangeC.hhLim.i: 0
IEDBiogasCHP/MMXU1.W.phsA.rangeC.hhLim.f: 0.0
IEDBiogasCHP/MMXU1.W.phsA.rangeC.hLim [CF]
IEDBiogasCHP/MMXU1.W.phsA.rangeC.hLim.i: 0
IEDBiogasCHP/MMXU1.W.phsA.rangeC.hLim.f: 0.0
IEDBiogasCHP/MMXU1.W.phsA.rangeC.lLim [CF]
IEDBiogasCHP/MMXU1.W.phsA.rangeC.lLim.i: 0
IEDBiogasCHP/MMXU1.W.phsA.rangeC.lLim.f: 0.0
IEDBiogasCHP/MMXU1.W.phsA.rangeC.llLim [CF]
IEDBiogasCHP/MMXU1.W.phsA.rangeC.llLim.i: 0
IEDBiogasCHP/MMXU1.W.phsA.rangeC.llLim.f: 0.0
IEDBiogasCHP/MMXU1.W.phsA.rangeC.min [CF]
IEDBiogasCHP/MMXU1.W.phsA.rangeC.min.i: 0
IEDBiogasCHP/MMXU1.W.phsA.rangeC.min.f: 0.0
IEDBiogasCHP/MMXU1.W.phsA.rangeC.max [CF]
IEDBiogasCHP/MMXU1.W.phsA.rangeC.max.i: 0
IEDBiogasCHP/MMXU1.W.phsA.rangeC.max.f: 0.0
IEDBiogasCHP/MMXU1.W.phsA.magSVC [CF]
IEDBiogasCHP/MMXU1.W.phsA.magSVC.scaleFactor: 0.0
IEDBiogasCHP/MMXU1.W.phsA.magSVC.offset: 0.0
IEDBiogasCHP/MMXU1.W.phsA.angSVC [CF]
IEDBiogasCHP/MMXU1.W.phsA.angSVC.scaleFactor: 0.0
IEDBiogasCHP/MMXU1.W.phsA.angSVC.offset: 0.0
IEDBiogasCHP/MMXU1.W.phsA.angRef: 0
IEDBiogasCHP/MMXU1.W.phsA.smpRate: 0
IEDBiogasCHP/MMXU1.W.phsB [CF]
IEDBiogasCHP/MMXU1.W.phsB.units [CF]
IEDBiogasCHP/MMXU1.W.phsB.units.SIUnit: 0
IEDBiogasCHP/MMXU1.W.phsB.units.multiplier: 0
IEDBiogasCHP/MMXU1.W.phsB.db: 0
IEDBiogasCHP/MMXU1.W.phsB.zeroDb: 0
IEDBiogasCHP/MMXU1.W.phsB.rangeC [CF]
IEDBiogasCHP/MMXU1.W.phsB.rangeC.hhLim [CF]
IEDBiogasCHP/MMXU1.W.phsB.rangeC.hhLim.i: 0
IEDBiogasCHP/MMXU1.W.phsB.rangeC.hhLim.f: 0.0
IEDBiogasCHP/MMXU1.W.phsB.rangeC.hLim [CF]
IEDBiogasCHP/MMXU1.W.phsB.rangeC.hLim.i: 0
IEDBiogasCHP/MMXU1.W.phsB.rangeC.hLim.f: 0.0
IEDBiogasCHP/MMXU1.W.phsB.rangeC.lLim [CF]
IEDBiogasCHP/MMXU1.W.phsB.rangeC.lLim.i: 0
IEDBiogasCHP/MMXU1.W.phsB.rangeC.lLim.f: 0.0
IEDBiogasCHP/MMXU1.W.phsB.rangeC.llLim [CF]
IEDBiogasCHP/MMXU1.W.phsB.rangeC.llLim.i: 0
IEDBiogasCHP/MMXU1.W.phsB.rangeC.llLim.f: 0.0
IEDBiogasCHP/MMXU1.W.phsB.rangeC.min [CF]
IEDBiogasCHP/MMXU1.W.phsB.rangeC.min.i: 0
IEDBiogasCHP/MMXU1.W.phsB.rangeC.min.f: 0.0
IEDBiogasCHP/MMXU1.W.phsB.rangeC.max [CF]
IEDBiogasCHP/MMXU1.W.phsB.rangeC.max.i: 0
IEDBiogasCHP/MMXU1.W.phsB.rangeC.max.f: 0.0
IEDBiogasCHP/MMXU1.W.phsB.magSVC [CF]
IEDBiogasCHP/MMXU1.W.phsB.magSVC.scaleFactor: 0.0
IEDBiogasCHP/MMXU1.W.phsB.magSVC.offset: 0.0
IEDBiogasCHP/MMXU1.W.phsB.angSVC [CF]
IEDBiogasCHP/MMXU1.W.phsB.angSVC.scaleFactor: 0.0
IEDBiogasCHP/MMXU1.W.phsB.angSVC.offset: 0.0
IEDBiogasCHP/MMXU1.W.phsB.angRef: 0
IEDBiogasCHP/MMXU1.W.phsB.smpRate: 0
IEDBiogasCHP/MMXU1.W.phsC [CF]
IEDBiogasCHP/MMXU1.W.phsC.units [CF]
IEDBiogasCHP/MMXU1.W.phsC.units.SIUnit: 0
IEDBiogasCHP/MMXU1.W.phsC.units.multiplier: 0
IEDBiogasCHP/MMXU1.W.phsC.db: 0
IEDBiogasCHP/MMXU1.W.phsC.zeroDb: 0
IEDBiogasCHP/MMXU1.W.phsC.rangeC [CF]
IEDBiogasCHP/MMXU1.W.phsC.rangeC.hhLim [CF]
IEDBiogasCHP/MMXU1.W.phsC.rangeC.hhLim.i: 0
IEDBiogasCHP/MMXU1.W.phsC.rangeC.hhLim.f: 0.0
IEDBiogasCHP/MMXU1.W.phsC.rangeC.hLim [CF]
IEDBiogasCHP/MMXU1.W.phsC.rangeC.hLim.i: 0
IEDBiogasCHP/MMXU1.W.phsC.rangeC.hLim.f: 0.0
IEDBiogasCHP/MMXU1.W.phsC.rangeC.lLim [CF]
IEDBiogasCHP/MMXU1.W.phsC.rangeC.lLim.i: 0
IEDBiogasCHP/MMXU1.W.phsC.rangeC.lLim.f: 0.0
IEDBiogasCHP/MMXU1.W.phsC.rangeC.llLim [CF]
IEDBiogasCHP/MMXU1.W.phsC.rangeC.llLim.i: 0
IEDBiogasCHP/MMXU1.W.phsC.rangeC.llLim.f: 0.0
IEDBiogasCHP/MMXU1.W.phsC.rangeC.min [CF]
IEDBiogasCHP/MMXU1.W.phsC.rangeC.min.i: 0
IEDBiogasCHP/MMXU1.W.phsC.rangeC.min.f: 0.0
IEDBiogasCHP/MMXU1.W.phsC.rangeC.max [CF]
IEDBiogasCHP/MMXU1.W.phsC.rangeC.max.i: 0
IEDBiogasCHP/MMXU1.W.phsC.rangeC.max.f: 0.0
IEDBiogasCHP/MMXU1.W.phsC.magSVC [CF]
IEDBiogasCHP/MMXU1.W.phsC.magSVC.scaleFactor: 0.0
IEDBiogasCHP/MMXU1.W.phsC.magSVC.offset: 0.0
IEDBiogasCHP/MMXU1.W.phsC.angSVC [CF]
IEDBiogasCHP/MMXU1.W.phsC.angSVC.scaleFactor: 0.0
IEDBiogasCHP/MMXU1.W.phsC.angSVC.offset: 0.0
IEDBiogasCHP/MMXU1.W.phsC.angRef: 0
IEDBiogasCHP/MMXU1.W.phsC.smpRate: 0
IEDBiogasCHP/MMXU1.W.neut [CF]
IEDBiogasCHP/MMXU1.W.neut.units [CF]
IEDBiogasCHP/MMXU1.W.neut.units.SIUnit: 0
IEDBiogasCHP/MMXU1.W.neut.units.multiplier: 0
IEDBiogasCHP/MMXU1.W.neut.db: 0
IEDBiogasCHP/MMXU1.W.neut.zeroDb: 0
IEDBiogasCHP/MMXU1.W.neut.rangeC [CF]
IEDBiogasCHP/MMXU1.W.neut.rangeC.hhLim [CF]
IEDBiogasCHP/MMXU1.W.neut.rangeC.hhLim.i: 0
IEDBiogasCHP/MMXU1.W.neut.rangeC.hhLim.f: 0.0
IEDBiogasCHP/MMXU1.W.neut.rangeC.hLim [CF]
IEDBiogasCHP/MMXU1.W.neut.rangeC.hLim.i: 0
IEDBiogasCHP/MMXU1.W.neut.rangeC.hLim.f: 0.0
IEDBiogasCHP/MMXU1.W.neut.rangeC.lLim [CF]
IEDBiogasCHP/MMXU1.W.neut.rangeC.lLim.i: 0
IEDBiogasCHP/MMXU1.W.neut.rangeC.lLim.f: 0.0
IEDBiogasCHP/MMXU1.W.neut.rangeC.llLim [CF]
IEDBiogasCHP/MMXU1.W.neut.rangeC.llLim.i: 0
IEDBiogasCHP/MMXU1.W.neut.rangeC.llLim.f: 0.0
IEDBiogasCHP/MMXU1.W.neut.rangeC.min [CF]
IEDBiogasCHP/MMXU1.W.neut.rangeC.min.i: 0
IEDBiogasCHP/MMXU1.W.neut.rangeC.min.f: 0.0
IEDBiogasCHP/MMXU1.W.neut.rangeC.max [CF]
IEDBiogasCHP/MMXU1.W.neut.rangeC.max.i: 0
IEDBiogasCHP/MMXU1.W.neut.rangeC.max.f: 0.0
IEDBiogasCHP/MMXU1.W.neut.magSVC [CF]
IEDBiogasCHP/MMXU1.W.neut.magSVC.scaleFactor: 0.0
IEDBiogasCHP/MMXU1.W.neut.magSVC.offset: 0.0
IEDBiogasCHP/MMXU1.W.neut.angSVC [CF]
IEDBiogasCHP/MMXU1.W.neut.angSVC.scaleFactor: 0.0
IEDBiogasCHP/MMXU1.W.neut.angSVC.offset: 0.0
IEDBiogasCHP/MMXU1.W.neut.angRef: 0
IEDBiogasCHP/MMXU1.W.neut.smpRate: 0
IEDBiogasCHP/MMXU1.W.net [CF]
IEDBiogasCHP/MMXU1.W.net.units [CF]
IEDBiogasCHP/MMXU1.W.net.units.SIUnit: 0
IEDBiogasCHP/MMXU1.W.net.units.multiplier: 0
IEDBiogasCHP/MMXU1.W.net.db: 0
IEDBiogasCHP/MMXU1.W.net.zeroDb: 0
IEDBiogasCHP/MMXU1.W.net.rangeC [CF]
IEDBiogasCHP/MMXU1.W.net.rangeC.hhLim [CF]
IEDBiogasCHP/MMXU1.W.net.rangeC.hhLim.i: 0
IEDBiogasCHP/MMXU1.W.net.rangeC.hhLim.f: 0.0
IEDBiogasCHP/MMXU1.W.net.rangeC.hLim [CF]
IEDBiogasCHP/MMXU1.W.net.rangeC.hLim.i: 0
IEDBiogasCHP/MMXU1.W.net.rangeC.hLim.f: 0.0
IEDBiogasCHP/MMXU1.W.net.rangeC.lLim [CF]
IEDBiogasCHP/MMXU1.W.net.rangeC.lLim.i: 0
IEDBiogasCHP/MMXU1.W.net.rangeC.lLim.f: 0.0
IEDBiogasCHP/MMXU1.W.net.rangeC.llLim [CF]
IEDBiogasCHP/MMXU1.W.net.rangeC.llLim.i: 0
IEDBiogasCHP/MMXU1.W.net.rangeC.llLim.f: 0.0
IEDBiogasCHP/MMXU1.W.net.rangeC.min [CF]
IEDBiogasCHP/MMXU1.W.net.rangeC.min.i: 0
IEDBiogasCHP/MMXU1.W.net.rangeC.min.f: 0.0
IEDBiogasCHP/MMXU1.W.net.rangeC.max [CF]
IEDBiogasCHP/MMXU1.W.net.rangeC.max.i: 0
IEDBiogasCHP/MMXU1.W.net.rangeC.max.f: 0.0
IEDBiogasCHP/MMXU1.W.net.magSVC [CF]
IEDBiogasCHP/MMXU1.W.net.magSVC.scaleFactor: 0.0
IEDBiogasCHP/MMXU1.W.net.magSVC.offset: 0.0
IEDBiogasCHP/MMXU1.W.net.angSVC [CF]
IEDBiogasCHP/MMXU1.W.net.angSVC.scaleFactor: 0.0
IEDBiogasCHP/MMXU1.W.net.angSVC.offset: 0.0
IEDBiogasCHP/MMXU1.W.net.angRef: 0
IEDBiogasCHP/MMXU1.W.net.smpRate: 0
IEDBiogasCHP/MMXU1.W.res [CF]
IEDBiogasCHP/MMXU1.W.res.units [CF]
IEDBiogasCHP/MMXU1.W.res.units.SIUnit: 0
IEDBiogasCHP/MMXU1.W.res.units.multiplier: 0
IEDBiogasCHP/MMXU1.W.res.db: 0
IEDBiogasCHP/MMXU1.W.res.zeroDb: 0
IEDBiogasCHP/MMXU1.W.res.rangeC [CF]
IEDBiogasCHP/MMXU1.W.res.rangeC.hhLim [CF]
IEDBiogasCHP/MMXU1.W.res.rangeC.hhLim.i: 0
IEDBiogasCHP/MMXU1.W.res.rangeC.hhLim.f: 0.0
IEDBiogasCHP/MMXU1.W.res.rangeC.hLim [CF]
IEDBiogasCHP/MMXU1.W.res.rangeC.hLim.i: 0
IEDBiogasCHP/MMXU1.W.res.rangeC.hLim.f: 0.0
IEDBiogasCHP/MMXU1.W.res.rangeC.lLim [CF]
IEDBiogasCHP/MMXU1.W.res.rangeC.lLim.i: 0
IEDBiogasCHP/MMXU1.W.res.rangeC.lLim.f: 0.0
IEDBiogasCHP/MMXU1.W.res.rangeC.llLim [CF]
IEDBiogasCHP/MMXU1.W.res.rangeC.llLim.i: 0
IEDBiogasCHP/MMXU1.W.res.rangeC.llLim.f: 0.0
IEDBiogasCHP/MMXU1.W.res.rangeC.min [CF]
IEDBiogasCHP/MMXU1.W.res.rangeC.min.i: 0
IEDBiogasCHP/MMXU1.W.res.rangeC.min.f: 0.0
IEDBiogasCHP/MMXU1.W.res.rangeC.max [CF]
IEDBiogasCHP/MMXU1.W.res.rangeC.max.i: 0
IEDBiogasCHP/MMXU1.W.res.rangeC.max.f: 0.0
IEDBiogasCHP/MMXU1.W.res.magSVC [CF]
IEDBiogasCHP/MMXU1.W.res.magSVC.scaleFactor: 0.0
IEDBiogasCHP/MMXU1.W.res.magSVC.offset: 0.0
IEDBiogasCHP/MMXU1.W.res.angSVC [CF]
IEDBiogasCHP/MMXU1.W.res.angSVC.scaleFactor: 0.0
IEDBiogasCHP/MMXU1.W.res.angSVC.offset: 0.0
IEDBiogasCHP/MMXU1.W.res.angRef: 0
IEDBiogasCHP/MMXU1.W.res.smpRate: 0
14:23:47.252 [openiec61850-osi-server-7-thread-1] DEBUG com.beanit.openiec61850.ServerAssociation - sub BDA is:IEDBiogasCHP/MMXU1.W.angRef: 0
14:23:47.252 [openiec61850-osi-server-7-thread-1] DEBUG com.beanit.openiec61850.ServerAssociation - sub BDA is:IEDBiogasCHP/MMXU1.W.phsA.units.SIUnit: 0
14:23:47.252 [openiec61850-osi-server-7-thread-1] DEBUG com.beanit.openiec61850.ServerAssociation - sub BDA is:IEDBiogasCHP/MMXU1.W.phsA.units.multiplier: 0
14:23:47.252 [openiec61850-osi-server-7-thread-1] DEBUG com.beanit.openiec61850.ServerAssociation - sub BDA is:IEDBiogasCHP/MMXU1.W.phsA.db: 0
14:23:47.252 [openiec61850-osi-server-7-thread-1] DEBUG com.beanit.openiec61850.ServerAssociation - sub BDA is:IEDBiogasCHP/MMXU1.W.phsA.zeroDb: 0
14:23:47.252 [openiec61850-osi-server-7-thread-1] DEBUG com.beanit.openiec61850.ServerAssociation - sub BDA is:IEDBiogasCHP/MMXU1.W.phsA.rangeC.hhLim.i: 0
14:23:47.252 [openiec61850-osi-server-7-thread-1] DEBUG com.beanit.openiec61850.ServerAssociation - sub BDA is:IEDBiogasCHP/MMXU1.W.phsA.rangeC.hhLim.f: 0.0
14:23:47.252 [openiec61850-osi-server-7-thread-1] DEBUG com.beanit.openiec61850.ServerAssociation - sub BDA is:IEDBiogasCHP/MMXU1.W.phsA.rangeC.hLim.i: 0
14:23:47.252 [openiec61850-osi-server-7-thread-1] DEBUG com.beanit.openiec61850.ServerAssociation - sub BDA is:IEDBiogasCHP/MMXU1.W.phsA.rangeC.hLim.f: 0.0
14:23:47.252 [openiec61850-osi-server-7-thread-1] DEBUG com.beanit.openiec61850.ServerAssociation - sub BDA is:IEDBiogasCHP/MMXU1.W.phsA.rangeC.lLim.i: 0
14:23:47.252 [openiec61850-osi-server-7-thread-1] DEBUG com.beanit.openiec61850.ServerAssociation - sub BDA is:IEDBiogasCHP/MMXU1.W.phsA.rangeC.lLim.f: 0.0
14:23:47.252 [openiec61850-osi-server-7-thread-1] DEBUG com.beanit.openiec61850.ServerAssociation - sub BDA is:IEDBiogasCHP/MMXU1.W.phsA.rangeC.llLim.i: 0
14:23:47.252 [openiec61850-osi-server-7-thread-1] DEBUG com.beanit.openiec61850.ServerAssociation - sub BDA is:IEDBiogasCHP/MMXU1.W.phsA.rangeC.llLim.f: 0.0
14:23:47.252 [openiec61850-osi-server-7-thread-1] DEBUG com.beanit.openiec61850.ServerAssociation - sub BDA is:IEDBiogasCHP/MMXU1.W.phsA.rangeC.min.i: 0
14:23:47.252 [openiec61850-osi-server-7-thread-1] DEBUG com.beanit.openiec61850.ServerAssociation - sub BDA is:IEDBiogasCHP/MMXU1.W.phsA.rangeC.min.f: 0.0
14:23:47.252 [openiec61850-osi-server-7-thread-1] DEBUG com.beanit.openiec61850.ServerAssociation - sub BDA is:IEDBiogasCHP/MMXU1.W.phsA.rangeC.max.i: 0
14:23:47.252 [openiec61850-osi-server-7-thread-1] DEBUG com.beanit.openiec61850.ServerAssociation - sub BDA is:IEDBiogasCHP/MMXU1.W.phsA.rangeC.max.f: 0.0
14:23:47.252 [openiec61850-osi-server-7-thread-1] DEBUG com.beanit.openiec61850.ServerAssociation - sub BDA is:IEDBiogasCHP/MMXU1.W.phsA.magSVC.scaleFactor: 0.0
14:23:47.252 [openiec61850-osi-server-7-thread-1] DEBUG com.beanit.openiec61850.ServerAssociation - sub BDA is:IEDBiogasCHP/MMXU1.W.phsA.magSVC.offset: 0.0
14:23:47.252 [openiec61850-osi-server-7-thread-1] DEBUG com.beanit.openiec61850.ServerAssociation - sub BDA is:IEDBiogasCHP/MMXU1.W.phsA.angSVC.scaleFactor: 0.0
14:23:47.253 [openiec61850-osi-server-7-thread-1] DEBUG com.beanit.openiec61850.ServerAssociation - sub BDA is:IEDBiogasCHP/MMXU1.W.phsA.angSVC.offset: 0.0
14:23:47.253 [openiec61850-osi-server-7-thread-1] DEBUG com.beanit.openiec61850.ServerAssociation - sub BDA is:IEDBiogasCHP/MMXU1.W.phsA.angRef: 0
14:23:47.253 [openiec61850-osi-server-7-thread-1] DEBUG com.beanit.openiec61850.ServerAssociation - sub BDA is:IEDBiogasCHP/MMXU1.W.phsA.smpRate: 0
14:23:47.253 [openiec61850-osi-server-7-thread-1] DEBUG com.beanit.openiec61850.ServerAssociation - sub BDA is:IEDBiogasCHP/MMXU1.W.phsB.units.SIUnit: 0
14:23:47.253 [openiec61850-osi-server-7-thread-1] DEBUG com.beanit.openiec61850.ServerAssociation - sub BDA is:IEDBiogasCHP/MMXU1.W.phsB.units.multiplier: 0
14:23:47.253 [openiec61850-osi-server-7-thread-1] DEBUG com.beanit.openiec61850.ServerAssociation - sub BDA is:IEDBiogasCHP/MMXU1.W.phsB.db: 0
14:23:47.253 [openiec61850-osi-server-7-thread-1] DEBUG com.beanit.openiec61850.ServerAssociation - sub BDA is:IEDBiogasCHP/MMXU1.W.phsB.zeroDb: 0
14:23:47.253 [openiec61850-osi-server-7-thread-1] DEBUG com.beanit.openiec61850.ServerAssociation - sub BDA is:IEDBiogasCHP/MMXU1.W.phsB.rangeC.hhLim.i: 0
14:23:47.253 [openiec61850-osi-server-7-thread-1] DEBUG com.beanit.openiec61850.ServerAssociation - sub BDA is:IEDBiogasCHP/MMXU1.W.phsB.rangeC.hhLim.f: 0.0
14:23:47.253 [openiec61850-osi-server-7-thread-1] DEBUG com.beanit.openiec61850.ServerAssociation - sub BDA is:IEDBiogasCHP/MMXU1.W.phsB.rangeC.hLim.i: 0
14:23:47.253 [openiec61850-osi-server-7-thread-1] DEBUG com.beanit.openiec61850.ServerAssociation - sub BDA is:IEDBiogasCHP/MMXU1.W.phsB.rangeC.hLim.f: 0.0
14:23:47.253 [openiec61850-osi-server-7-thread-1] DEBUG com.beanit.openiec61850.ServerAssociation - sub BDA is:IEDBiogasCHP/MMXU1.W.phsB.rangeC.lLim.i: 0
14:23:47.253 [openiec61850-osi-server-7-thread-1] DEBUG com.beanit.openiec61850.ServerAssociation - sub BDA is:IEDBiogasCHP/MMXU1.W.phsB.rangeC.lLim.f: 0.0
14:23:47.253 [openiec61850-osi-server-7-thread-1] DEBUG com.beanit.openiec61850.ServerAssociation - sub BDA is:IEDBiogasCHP/MMXU1.W.phsB.rangeC.llLim.i: 0
14:23:47.253 [openiec61850-osi-server-7-thread-1] DEBUG com.beanit.openiec61850.ServerAssociation - sub BDA is:IEDBiogasCHP/MMXU1.W.phsB.rangeC.llLim.f: 0.0
14:23:47.253 [openiec61850-osi-server-7-thread-1] DEBUG com.beanit.openiec61850.ServerAssociation - sub BDA is:IEDBiogasCHP/MMXU1.W.phsB.rangeC.min.i: 0
14:23:47.253 [openiec61850-osi-server-7-thread-1] DEBUG com.beanit.openiec61850.ServerAssociation - sub BDA is:IEDBiogasCHP/MMXU1.W.phsB.rangeC.min.f: 0.0
14:23:47.253 [openiec61850-osi-server-7-thread-1] DEBUG com.beanit.openiec61850.ServerAssociation - sub BDA is:IEDBiogasCHP/MMXU1.W.phsB.rangeC.max.i: 0
14:23:47.253 [openiec61850-osi-server-7-thread-1] DEBUG com.beanit.openiec61850.ServerAssociation - sub BDA is:IEDBiogasCHP/MMXU1.W.phsB.rangeC.max.f: 0.0
14:23:47.253 [openiec61850-osi-server-7-thread-1] DEBUG com.beanit.openiec61850.ServerAssociation - sub BDA is:IEDBiogasCHP/MMXU1.W.phsB.magSVC.scaleFactor: 0.0
14:23:47.253 [openiec61850-osi-server-7-thread-1] DEBUG com.beanit.openiec61850.ServerAssociation - sub BDA is:IEDBiogasCHP/MMXU1.W.phsB.magSVC.offset: 0.0
14:23:47.253 [openiec61850-osi-server-7-thread-1] DEBUG com.beanit.openiec61850.ServerAssociation - sub BDA is:IEDBiogasCHP/MMXU1.W.phsB.angSVC.scaleFactor: 0.0
14:23:47.253 [openiec61850-osi-server-7-thread-1] DEBUG com.beanit.openiec61850.ServerAssociation - sub BDA is:IEDBiogasCHP/MMXU1.W.phsB.angSVC.offset: 0.0
14:23:47.253 [openiec61850-osi-server-7-thread-1] DEBUG com.beanit.openiec61850.ServerAssociation - sub BDA is:IEDBiogasCHP/MMXU1.W.phsB.angRef: 0
14:23:47.253 [openiec61850-osi-server-7-thread-1] DEBUG com.beanit.openiec61850.ServerAssociation - sub BDA is:IEDBiogasCHP/MMXU1.W.phsB.smpRate: 0
14:23:47.253 [openiec61850-osi-server-7-thread-1] DEBUG com.beanit.openiec61850.ServerAssociation - sub BDA is:IEDBiogasCHP/MMXU1.W.phsC.units.SIUnit: 0
14:23:47.253 [openiec61850-osi-server-7-thread-1] DEBUG com.beanit.openiec61850.ServerAssociation - sub BDA is:IEDBiogasCHP/MMXU1.W.phsC.units.multiplier: 0
14:23:47.253 [openiec61850-osi-server-7-thread-1] DEBUG com.beanit.openiec61850.ServerAssociation - sub BDA is:IEDBiogasCHP/MMXU1.W.phsC.db: 0
14:23:47.253 [openiec61850-osi-server-7-thread-1] DEBUG com.beanit.openiec61850.ServerAssociation - sub BDA is:IEDBiogasCHP/MMXU1.W.phsC.zeroDb: 0
14:23:47.253 [openiec61850-osi-server-7-thread-1] DEBUG com.beanit.openiec61850.ServerAssociation - sub BDA is:IEDBiogasCHP/MMXU1.W.phsC.rangeC.hhLim.i: 0
14:23:47.253 [openiec61850-osi-server-7-thread-1] DEBUG com.beanit.openiec61850.ServerAssociation - sub BDA is:IEDBiogasCHP/MMXU1.W.phsC.rangeC.hhLim.f: 0.0
14:23:47.253 [openiec61850-osi-server-7-thread-1] DEBUG com.beanit.openiec61850.ServerAssociation - sub BDA is:IEDBiogasCHP/MMXU1.W.phsC.rangeC.hLim.i: 0
14:23:47.253 [openiec61850-osi-server-7-thread-1] DEBUG com.beanit.openiec61850.ServerAssociation - sub BDA is:IEDBiogasCHP/MMXU1.W.phsC.rangeC.hLim.f: 0.0
14:23:47.253 [openiec61850-osi-server-7-thread-1] DEBUG com.beanit.openiec61850.ServerAssociation - sub BDA is:IEDBiogasCHP/MMXU1.W.phsC.rangeC.lLim.i: 0
14:23:47.253 [openiec61850-osi-server-7-thread-1] DEBUG com.beanit.openiec61850.ServerAssociation - sub BDA is:IEDBiogasCHP/MMXU1.W.phsC.rangeC.lLim.f: 0.0
14:23:47.253 [openiec61850-osi-server-7-thread-1] DEBUG com.beanit.openiec61850.ServerAssociation - sub BDA is:IEDBiogasCHP/MMXU1.W.phsC.rangeC.llLim.i: 0
14:23:47.253 [openiec61850-osi-server-7-thread-1] DEBUG com.beanit.openiec61850.ServerAssociation - sub BDA is:IEDBiogasCHP/MMXU1.W.phsC.rangeC.llLim.f: 0.0
14:23:47.253 [openiec61850-osi-server-7-thread-1] DEBUG com.beanit.openiec61850.ServerAssociation - sub BDA is:IEDBiogasCHP/MMXU1.W.phsC.rangeC.min.i: 0
14:23:47.253 [openiec61850-osi-server-7-thread-1] DEBUG com.beanit.openiec61850.ServerAssociation - sub BDA is:IEDBiogasCHP/MMXU1.W.phsC.rangeC.min.f: 0.0
14:23:47.253 [openiec61850-osi-server-7-thread-1] DEBUG com.beanit.openiec61850.ServerAssociation - sub BDA is:IEDBiogasCHP/MMXU1.W.phsC.rangeC.max.i: 0
14:23:47.253 [openiec61850-osi-server-7-thread-1] DEBUG com.beanit.openiec61850.ServerAssociation - sub BDA is:IEDBiogasCHP/MMXU1.W.phsC.rangeC.max.f: 0.0
14:23:47.253 [openiec61850-osi-server-7-thread-1] DEBUG com.beanit.openiec61850.ServerAssociation - sub BDA is:IEDBiogasCHP/MMXU1.W.phsC.magSVC.scaleFactor: 0.0
14:23:47.253 [openiec61850-osi-server-7-thread-1] DEBUG com.beanit.openiec61850.ServerAssociation - sub BDA is:IEDBiogasCHP/MMXU1.W.phsC.magSVC.offset: 0.0
14:23:47.253 [openiec61850-osi-server-7-thread-1] DEBUG com.beanit.openiec61850.ServerAssociation - sub BDA is:IEDBiogasCHP/MMXU1.W.phsC.angSVC.scaleFactor: 0.0
14:23:47.253 [openiec61850-osi-server-7-thread-1] DEBUG com.beanit.openiec61850.ServerAssociation - sub BDA is:IEDBiogasCHP/MMXU1.W.phsC.angSVC.offset: 0.0
14:23:47.253 [openiec61850-osi-server-7-thread-1] DEBUG com.beanit.openiec61850.ServerAssociation - sub BDA is:IEDBiogasCHP/MMXU1.W.phsC.angRef: 0
14:23:47.253 [openiec61850-osi-server-7-thread-1] DEBUG com.beanit.openiec61850.ServerAssociation - sub BDA is:IEDBiogasCHP/MMXU1.W.phsC.smpRate: 0
14:23:47.253 [openiec61850-osi-server-7-thread-1] DEBUG com.beanit.openiec61850.ServerAssociation - sub BDA is:IEDBiogasCHP/MMXU1.W.neut.units.SIUnit: 0
14:23:47.253 [openiec61850-osi-server-7-thread-1] DEBUG com.beanit.openiec61850.ServerAssociation - sub BDA is:IEDBiogasCHP/MMXU1.W.neut.units.multiplier: 0
14:23:47.253 [openiec61850-osi-server-7-thread-1] DEBUG com.beanit.openiec61850.ServerAssociation - sub BDA is:IEDBiogasCHP/MMXU1.W.neut.db: 0
14:23:47.253 [openiec61850-osi-server-7-thread-1] DEBUG com.beanit.openiec61850.ServerAssociation - sub BDA is:IEDBiogasCHP/MMXU1.W.neut.zeroDb: 0
14:23:47.253 [openiec61850-osi-server-7-thread-1] DEBUG com.beanit.openiec61850.ServerAssociation - sub BDA is:IEDBiogasCHP/MMXU1.W.neut.rangeC.hhLim.i: 0
14:23:47.253 [openiec61850-osi-server-7-thread-1] DEBUG com.beanit.openiec61850.ServerAssociation - sub BDA is:IEDBiogasCHP/MMXU1.W.neut.rangeC.hhLim.f: 0.0
14:23:47.253 [openiec61850-osi-server-7-thread-1] DEBUG com.beanit.openiec61850.ServerAssociation - sub BDA is:IEDBiogasCHP/MMXU1.W.neut.rangeC.hLim.i: 0
14:23:47.253 [openiec61850-osi-server-7-thread-1] DEBUG com.beanit.openiec61850.ServerAssociation - sub BDA is:IEDBiogasCHP/MMXU1.W.neut.rangeC.hLim.f: 0.0
14:23:47.253 [openiec61850-osi-server-7-thread-1] DEBUG com.beanit.openiec61850.ServerAssociation - sub BDA is:IEDBiogasCHP/MMXU1.W.neut.rangeC.lLim.i: 0
14:23:47.253 [openiec61850-osi-server-7-thread-1] DEBUG com.beanit.openiec61850.ServerAssociation - sub BDA is:IEDBiogasCHP/MMXU1.W.neut.rangeC.lLim.f: 0.0
14:23:47.253 [openiec61850-osi-server-7-thread-1] DEBUG com.beanit.openiec61850.ServerAssociation - sub BDA is:IEDBiogasCHP/MMXU1.W.neut.rangeC.llLim.i: 0
14:23:47.253 [openiec61850-osi-server-7-thread-1] DEBUG com.beanit.openiec61850.ServerAssociation - sub BDA is:IEDBiogasCHP/MMXU1.W.neut.rangeC.llLim.f: 0.0
14:23:47.253 [openiec61850-osi-server-7-thread-1] DEBUG com.beanit.openiec61850.ServerAssociation - sub BDA is:IEDBiogasCHP/MMXU1.W.neut.rangeC.min.i: 0
14:23:47.253 [openiec61850-osi-server-7-thread-1] DEBUG com.beanit.openiec61850.ServerAssociation - sub BDA is:IEDBiogasCHP/MMXU1.W.neut.rangeC.min.f: 0.0
14:23:47.253 [openiec61850-osi-server-7-thread-1] DEBUG com.beanit.openiec61850.ServerAssociation - sub BDA is:IEDBiogasCHP/MMXU1.W.neut.rangeC.max.i: 0
14:23:47.253 [openiec61850-osi-server-7-thread-1] DEBUG com.beanit.openiec61850.ServerAssociation - sub BDA is:IEDBiogasCHP/MMXU1.W.neut.rangeC.max.f: 0.0
14:23:47.253 [openiec61850-osi-server-7-thread-1] DEBUG com.beanit.openiec61850.ServerAssociation - sub BDA is:IEDBiogasCHP/MMXU1.W.neut.magSVC.scaleFactor: 0.0
14:23:47.253 [openiec61850-osi-server-7-thread-1] DEBUG com.beanit.openiec61850.ServerAssociation - sub BDA is:IEDBiogasCHP/MMXU1.W.neut.magSVC.offset: 0.0
14:23:47.253 [openiec61850-osi-server-7-thread-1] DEBUG com.beanit.openiec61850.ServerAssociation - sub BDA is:IEDBiogasCHP/MMXU1.W.neut.angSVC.scaleFactor: 0.0
14:23:47.253 [openiec61850-osi-server-7-thread-1] DEBUG com.beanit.openiec61850.ServerAssociation - sub BDA is:IEDBiogasCHP/MMXU1.W.neut.angSVC.offset: 0.0
14:23:47.253 [openiec61850-osi-server-7-thread-1] DEBUG com.beanit.openiec61850.ServerAssociation - sub BDA is:IEDBiogasCHP/MMXU1.W.neut.angRef: 0
14:23:47.253 [openiec61850-osi-server-7-thread-1] DEBUG com.beanit.openiec61850.ServerAssociation - sub BDA is:IEDBiogasCHP/MMXU1.W.neut.smpRate: 0
14:23:47.253 [openiec61850-osi-server-7-thread-1] DEBUG com.beanit.openiec61850.ServerAssociation - sub BDA is:IEDBiogasCHP/MMXU1.W.net.units.SIUnit: 0
14:23:47.253 [openiec61850-osi-server-7-thread-1] DEBUG com.beanit.openiec61850.ServerAssociation - sub BDA is:IEDBiogasCHP/MMXU1.W.net.units.multiplier: 0
14:23:47.253 [openiec61850-osi-server-7-thread-1] DEBUG com.beanit.openiec61850.ServerAssociation - sub BDA is:IEDBiogasCHP/MMXU1.W.net.db: 0
14:23:47.253 [openiec61850-osi-server-7-thread-1] DEBUG com.beanit.openiec61850.ServerAssociation - sub BDA is:IEDBiogasCHP/MMXU1.W.net.zeroDb: 0
14:23:47.253 [openiec61850-osi-server-7-thread-1] DEBUG com.beanit.openiec61850.ServerAssociation - sub BDA is:IEDBiogasCHP/MMXU1.W.net.rangeC.hhLim.i: 0
14:23:47.253 [openiec61850-osi-server-7-thread-1] DEBUG com.beanit.openiec61850.ServerAssociation - sub BDA is:IEDBiogasCHP/MMXU1.W.net.rangeC.hhLim.f: 0.0
14:23:47.253 [openiec61850-osi-server-7-thread-1] DEBUG com.beanit.openiec61850.ServerAssociation - sub BDA is:IEDBiogasCHP/MMXU1.W.net.rangeC.hLim.i: 0
14:23:47.253 [openiec61850-osi-server-7-thread-1] DEBUG com.beanit.openiec61850.ServerAssociation - sub BDA is:IEDBiogasCHP/MMXU1.W.net.rangeC.hLim.f: 0.0
14:23:47.253 [openiec61850-osi-server-7-thread-1] DEBUG com.beanit.openiec61850.ServerAssociation - sub BDA is:IEDBiogasCHP/MMXU1.W.net.rangeC.lLim.i: 0
14:23:47.253 [openiec61850-osi-server-7-thread-1] DEBUG com.beanit.openiec61850.ServerAssociation - sub BDA is:IEDBiogasCHP/MMXU1.W.net.rangeC.lLim.f: 0.0
14:23:47.253 [openiec61850-osi-server-7-thread-1] DEBUG com.beanit.openiec61850.ServerAssociation - sub BDA is:IEDBiogasCHP/MMXU1.W.net.rangeC.llLim.i: 0
14:23:47.253 [openiec61850-osi-server-7-thread-1] DEBUG com.beanit.openiec61850.ServerAssociation - sub BDA is:IEDBiogasCHP/MMXU1.W.net.rangeC.llLim.f: 0.0
14:23:47.253 [openiec61850-osi-server-7-thread-1] DEBUG com.beanit.openiec61850.ServerAssociation - sub BDA is:IEDBiogasCHP/MMXU1.W.net.rangeC.min.i: 0
14:23:47.253 [openiec61850-osi-server-7-thread-1] DEBUG com.beanit.openiec61850.ServerAssociation - sub BDA is:IEDBiogasCHP/MMXU1.W.net.rangeC.min.f: 0.0
14:23:47.253 [openiec61850-osi-server-7-thread-1] DEBUG com.beanit.openiec61850.ServerAssociation - sub BDA is:IEDBiogasCHP/MMXU1.W.net.rangeC.max.i: 0
14:23:47.253 [openiec61850-osi-server-7-thread-1] DEBUG com.beanit.openiec61850.ServerAssociation - sub BDA is:IEDBiogasCHP/MMXU1.W.net.rangeC.max.f: 0.0
14:23:47.253 [openiec61850-osi-server-7-thread-1] DEBUG com.beanit.openiec61850.ServerAssociation - sub BDA is:IEDBiogasCHP/MMXU1.W.net.magSVC.scaleFactor: 0.0
14:23:47.253 [openiec61850-osi-server-7-thread-1] DEBUG com.beanit.openiec61850.ServerAssociation - sub BDA is:IEDBiogasCHP/MMXU1.W.net.magSVC.offset: 0.0
14:23:47.253 [openiec61850-osi-server-7-thread-1] DEBUG com.beanit.openiec61850.ServerAssociation - sub BDA is:IEDBiogasCHP/MMXU1.W.net.angSVC.scaleFactor: 0.0
14:23:47.253 [openiec61850-osi-server-7-thread-1] DEBUG com.beanit.openiec61850.ServerAssociation - sub BDA is:IEDBiogasCHP/MMXU1.W.net.angSVC.offset: 0.0
14:23:47.253 [openiec61850-osi-server-7-thread-1] DEBUG com.beanit.openiec61850.ServerAssociation - sub BDA is:IEDBiogasCHP/MMXU1.W.net.angRef: 0
14:23:47.253 [openiec61850-osi-server-7-thread-1] DEBUG com.beanit.openiec61850.ServerAssociation - sub BDA is:IEDBiogasCHP/MMXU1.W.net.smpRate: 0
14:23:47.253 [openiec61850-osi-server-7-thread-1] DEBUG com.beanit.openiec61850.ServerAssociation - sub BDA is:IEDBiogasCHP/MMXU1.W.res.units.SIUnit: 0
14:23:47.253 [openiec61850-osi-server-7-thread-1] DEBUG com.beanit.openiec61850.ServerAssociation - sub BDA is:IEDBiogasCHP/MMXU1.W.res.units.multiplier: 0
14:23:47.253 [openiec61850-osi-server-7-thread-1] DEBUG com.beanit.openiec61850.ServerAssociation - sub BDA is:IEDBiogasCHP/MMXU1.W.res.db: 0
14:23:47.253 [openiec61850-osi-server-7-thread-1] DEBUG com.beanit.openiec61850.ServerAssociation - sub BDA is:IEDBiogasCHP/MMXU1.W.res.zeroDb: 0
14:23:47.253 [openiec61850-osi-server-7-thread-1] DEBUG com.beanit.openiec61850.ServerAssociation - sub BDA is:IEDBiogasCHP/MMXU1.W.res.rangeC.hhLim.i: 0
14:23:47.253 [openiec61850-osi-server-7-thread-1] DEBUG com.beanit.openiec61850.ServerAssociation - sub BDA is:IEDBiogasCHP/MMXU1.W.res.rangeC.hhLim.f: 0.0
14:23:47.253 [openiec61850-osi-server-7-thread-1] DEBUG com.beanit.openiec61850.ServerAssociation - sub BDA is:IEDBiogasCHP/MMXU1.W.res.rangeC.hLim.i: 0
14:23:47.253 [openiec61850-osi-server-7-thread-1] DEBUG com.beanit.openiec61850.ServerAssociation - sub BDA is:IEDBiogasCHP/MMXU1.W.res.rangeC.hLim.f: 0.0
14:23:47.253 [openiec61850-osi-server-7-thread-1] DEBUG com.beanit.openiec61850.ServerAssociation - sub BDA is:IEDBiogasCHP/MMXU1.W.res.rangeC.lLim.i: 0
14:23:47.253 [openiec61850-osi-server-7-thread-1] DEBUG com.beanit.openiec61850.ServerAssociation - sub BDA is:IEDBiogasCHP/MMXU1.W.res.rangeC.lLim.f: 0.0
14:23:47.253 [openiec61850-osi-server-7-thread-1] DEBUG com.beanit.openiec61850.ServerAssociation - sub BDA is:IEDBiogasCHP/MMXU1.W.res.rangeC.llLim.i: 0
14:23:47.253 [openiec61850-osi-server-7-thread-1] DEBUG com.beanit.openiec61850.ServerAssociation - sub BDA is:IEDBiogasCHP/MMXU1.W.res.rangeC.llLim.f: 0.0
14:23:47.253 [openiec61850-osi-server-7-thread-1] DEBUG com.beanit.openiec61850.ServerAssociation - sub BDA is:IEDBiogasCHP/MMXU1.W.res.rangeC.min.i: 0
14:23:47.253 [openiec61850-osi-server-7-thread-1] DEBUG com.beanit.openiec61850.ServerAssociation - sub BDA is:IEDBiogasCHP/MMXU1.W.res.rangeC.min.f: 0.0
14:23:47.253 [openiec61850-osi-server-7-thread-1] DEBUG com.beanit.openiec61850.ServerAssociation - sub BDA is:IEDBiogasCHP/MMXU1.W.res.rangeC.max.i: 0
14:23:47.253 [openiec61850-osi-server-7-thread-1] DEBUG com.beanit.openiec61850.ServerAssociation - sub BDA is:IEDBiogasCHP/MMXU1.W.res.rangeC.max.f: 0.0
14:23:47.253 [openiec61850-osi-server-7-thread-1] DEBUG com.beanit.openiec61850.ServerAssociation - sub BDA is:IEDBiogasCHP/MMXU1.W.res.magSVC.scaleFactor: 0.0
14:23:47.253 [openiec61850-osi-server-7-thread-1] DEBUG com.beanit.openiec61850.ServerAssociation - sub BDA is:IEDBiogasCHP/MMXU1.W.res.magSVC.offset: 0.0
14:23:47.253 [openiec61850-osi-server-7-thread-1] DEBUG com.beanit.openiec61850.ServerAssociation - sub BDA is:IEDBiogasCHP/MMXU1.W.res.angSVC.scaleFactor: 0.0
14:23:47.253 [openiec61850-osi-server-7-thread-1] DEBUG com.beanit.openiec61850.ServerAssociation - sub BDA is:IEDBiogasCHP/MMXU1.W.res.angSVC.offset: 0.0
14:23:47.253 [openiec61850-osi-server-7-thread-1] DEBUG com.beanit.openiec61850.ServerAssociation - sub BDA is:IEDBiogasCHP/MMXU1.W.res.angRef: 0
14:23:47.253 [openiec61850-osi-server-7-thread-1] DEBUG com.beanit.openiec61850.ServerAssociation - sub BDA is:IEDBiogasCHP/MMXU1.W.res.smpRate: 0
calling GetDataValues(IEDBiogasCHP/MMXU1.W.angRef)
14:23:47.253 [openiec61850-osi-server-7-thread-1] DEBUG com.beanit.openiec61850.ServerAssociation - Got a GetDataValues request for node: IEDBiogasCHP/MMXU1.W.angRef: 0
calling GetDataValues(IEDBiogasCHP/MMXU1.W.phsA)
14:23:47.253 [openiec61850-osi-server-7-thread-1] DEBUG com.beanit.openiec61850.ServerAssociation - Got a GetDataValues request for node: IEDBiogasCHP/MMXU1.W.phsA [CF]
IEDBiogasCHP/MMXU1.W.phsA.units [CF]
IEDBiogasCHP/MMXU1.W.phsA.units.SIUnit: 0
IEDBiogasCHP/MMXU1.W.phsA.units.multiplier: 0
IEDBiogasCHP/MMXU1.W.phsA.db: 0
IEDBiogasCHP/MMXU1.W.phsA.zeroDb: 0
IEDBiogasCHP/MMXU1.W.phsA.rangeC [CF]
IEDBiogasCHP/MMXU1.W.phsA.rangeC.hhLim [CF]
IEDBiogasCHP/MMXU1.W.phsA.rangeC.hhLim.i: 0
IEDBiogasCHP/MMXU1.W.phsA.rangeC.hhLim.f: 0.0
IEDBiogasCHP/MMXU1.W.phsA.rangeC.hLim [CF]
IEDBiogasCHP/MMXU1.W.phsA.rangeC.hLim.i: 0
IEDBiogasCHP/MMXU1.W.phsA.rangeC.hLim.f: 0.0
IEDBiogasCHP/MMXU1.W.phsA.rangeC.lLim [CF]
IEDBiogasCHP/MMXU1.W.phsA.rangeC.lLim.i: 0
IEDBiogasCHP/MMXU1.W.phsA.rangeC.lLim.f: 0.0
IEDBiogasCHP/MMXU1.W.phsA.rangeC.llLim [CF]
IEDBiogasCHP/MMXU1.W.phsA.rangeC.llLim.i: 0
IEDBiogasCHP/MMXU1.W.phsA.rangeC.llLim.f: 0.0
IEDBiogasCHP/MMXU1.W.phsA.rangeC.min [CF]
IEDBiogasCHP/MMXU1.W.phsA.rangeC.min.i: 0
IEDBiogasCHP/MMXU1.W.phsA.rangeC.min.f: 0.0
IEDBiogasCHP/MMXU1.W.phsA.rangeC.max [CF]
IEDBiogasCHP/MMXU1.W.phsA.rangeC.max.i: 0
IEDBiogasCHP/MMXU1.W.phsA.rangeC.max.f: 0.0
IEDBiogasCHP/MMXU1.W.phsA.magSVC [CF]
IEDBiogasCHP/MMXU1.W.phsA.magSVC.scaleFactor: 0.0
IEDBiogasCHP/MMXU1.W.phsA.magSVC.offset: 0.0
IEDBiogasCHP/MMXU1.W.phsA.angSVC [CF]
IEDBiogasCHP/MMXU1.W.phsA.angSVC.scaleFactor: 0.0
IEDBiogasCHP/MMXU1.W.phsA.angSVC.offset: 0.0
IEDBiogasCHP/MMXU1.W.phsA.angRef: 0
IEDBiogasCHP/MMXU1.W.phsA.smpRate: 0
14:23:47.253 [openiec61850-osi-server-7-thread-1] DEBUG com.beanit.openiec61850.ServerAssociation - sub BDA is:IEDBiogasCHP/MMXU1.W.phsA.units.SIUnit: 0
14:23:47.253 [openiec61850-osi-server-7-thread-1] DEBUG com.beanit.openiec61850.ServerAssociation - sub BDA is:IEDBiogasCHP/MMXU1.W.phsA.units.multiplier: 0
14:23:47.254 [openiec61850-osi-server-7-thread-1] DEBUG com.beanit.openiec61850.ServerAssociation - sub BDA is:IEDBiogasCHP/MMXU1.W.phsA.db: 0
14:23:47.254 [openiec61850-osi-server-7-thread-1] DEBUG com.beanit.openiec61850.ServerAssociation - sub BDA is:IEDBiogasCHP/MMXU1.W.phsA.zeroDb: 0
14:23:47.254 [openiec61850-osi-server-7-thread-1] DEBUG com.beanit.openiec61850.ServerAssociation - sub BDA is:IEDBiogasCHP/MMXU1.W.phsA.rangeC.hhLim.i: 0
14:23:47.254 [openiec61850-osi-server-7-thread-1] DEBUG com.beanit.openiec61850.ServerAssociation - sub BDA is:IEDBiogasCHP/MMXU1.W.phsA.rangeC.hhLim.f: 0.0
14:23:47.254 [openiec61850-osi-server-7-thread-1] DEBUG com.beanit.openiec61850.ServerAssociation - sub BDA is:IEDBiogasCHP/MMXU1.W.phsA.rangeC.hLim.i: 0
14:23:47.254 [openiec61850-osi-server-7-thread-1] DEBUG com.beanit.openiec61850.ServerAssociation - sub BDA is:IEDBiogasCHP/MMXU1.W.phsA.rangeC.hLim.f: 0.0
14:23:47.254 [openiec61850-osi-server-7-thread-1] DEBUG com.beanit.openiec61850.ServerAssociation - sub BDA is:IEDBiogasCHP/MMXU1.W.phsA.rangeC.lLim.i: 0
14:23:47.254 [openiec61850-osi-server-7-thread-1] DEBUG com.beanit.openiec61850.ServerAssociation - sub BDA is:IEDBiogasCHP/MMXU1.W.phsA.rangeC.lLim.f: 0.0
14:23:47.254 [openiec61850-osi-server-7-thread-1] DEBUG com.beanit.openiec61850.ServerAssociation - sub BDA is:IEDBiogasCHP/MMXU1.W.phsA.rangeC.llLim.i: 0
14:23:47.254 [openiec61850-osi-server-7-thread-1] DEBUG com.beanit.openiec61850.ServerAssociation - sub BDA is:IEDBiogasCHP/MMXU1.W.phsA.rangeC.llLim.f: 0.0
14:23:47.254 [openiec61850-osi-server-7-thread-1] DEBUG com.beanit.openiec61850.ServerAssociation - sub BDA is:IEDBiogasCHP/MMXU1.W.phsA.rangeC.min.i: 0
14:23:47.254 [openiec61850-osi-server-7-thread-1] DEBUG com.beanit.openiec61850.ServerAssociation - sub BDA is:IEDBiogasCHP/MMXU1.W.phsA.rangeC.min.f: 0.0
14:23:47.254 [openiec61850-osi-server-7-thread-1] DEBUG com.beanit.openiec61850.ServerAssociation - sub BDA is:IEDBiogasCHP/MMXU1.W.phsA.rangeC.max.i: 0
14:23:47.254 [openiec61850-osi-server-7-thread-1] DEBUG com.beanit.openiec61850.ServerAssociation - sub BDA is:IEDBiogasCHP/MMXU1.W.phsA.rangeC.max.f: 0.0
14:23:47.254 [openiec61850-osi-server-7-thread-1] DEBUG com.beanit.openiec61850.ServerAssociation - sub BDA is:IEDBiogasCHP/MMXU1.W.phsA.magSVC.scaleFactor: 0.0
14:23:47.254 [openiec61850-osi-server-7-thread-1] DEBUG com.beanit.openiec61850.ServerAssociation - sub BDA is:IEDBiogasCHP/MMXU1.W.phsA.magSVC.offset: 0.0
14:23:47.254 [openiec61850-osi-server-7-thread-1] DEBUG com.beanit.openiec61850.ServerAssociation - sub BDA is:IEDBiogasCHP/MMXU1.W.phsA.angSVC.scaleFactor: 0.0
14:23:47.254 [openiec61850-osi-server-7-thread-1] DEBUG com.beanit.openiec61850.ServerAssociation - sub BDA is:IEDBiogasCHP/MMXU1.W.phsA.angSVC.offset: 0.0
14:23:47.254 [openiec61850-osi-server-7-thread-1] DEBUG com.beanit.openiec61850.ServerAssociation - sub BDA is:IEDBiogasCHP/MMXU1.W.phsA.angRef: 0
14:23:47.254 [openiec61850-osi-server-7-thread-1] DEBUG com.beanit.openiec61850.ServerAssociation - sub BDA is:IEDBiogasCHP/MMXU1.W.phsA.smpRate: 0
calling GetDataValues(IEDBiogasCHP/MMXU1.W.phsA.units)
14:23:47.254 [openiec61850-osi-server-7-thread-1] DEBUG com.beanit.openiec61850.ServerAssociation - Got a GetDataValues request for node: IEDBiogasCHP/MMXU1.W.phsA.units [CF]
IEDBiogasCHP/MMXU1.W.phsA.units.SIUnit: 0
IEDBiogasCHP/MMXU1.W.phsA.units.multiplier: 0
14:23:47.254 [openiec61850-osi-server-7-thread-1] DEBUG com.beanit.openiec61850.ServerAssociation - sub BDA is:IEDBiogasCHP/MMXU1.W.phsA.units.SIUnit: 0
14:23:47.254 [openiec61850-osi-server-7-thread-1] DEBUG com.beanit.openiec61850.ServerAssociation - sub BDA is:IEDBiogasCHP/MMXU1.W.phsA.units.multiplier: 0
calling GetDataValues(IEDBiogasCHP/MMXU1.W.phsA.units.SIUnit)
14:23:47.254 [openiec61850-osi-server-7-thread-1] DEBUG com.beanit.openiec61850.ServerAssociation - Got a GetDataValues request for node: IEDBiogasCHP/MMXU1.W.phsA.units.SIUnit: 0
calling GetDataValues(IEDBiogasCHP/MMXU1.W.phsA.units.multiplier)
14:23:47.254 [openiec61850-osi-server-7-thread-1] DEBUG com.beanit.openiec61850.ServerAssociation - Got a GetDataValues request for node: IEDBiogasCHP/MMXU1.W.phsA.units.multiplier: 0
calling GetDataValues(IEDBiogasCHP/MMXU1.W.phsA.db)
14:23:47.254 [openiec61850-osi-server-7-thread-1] DEBUG com.beanit.openiec61850.ServerAssociation - Got a GetDataValues request for node: IEDBiogasCHP/MMXU1.W.phsA.db: 0
calling GetDataValues(IEDBiogasCHP/MMXU1.W.phsA.zeroDb)
14:23:47.254 [openiec61850-osi-server-7-thread-1] DEBUG com.beanit.openiec61850.ServerAssociation - Got a GetDataValues request for node: IEDBiogasCHP/MMXU1.W.phsA.zeroDb: 0
calling GetDataValues(IEDBiogasCHP/MMXU1.W.phsA.rangeC)
14:23:47.254 [openiec61850-osi-server-7-thread-1] DEBUG com.beanit.openiec61850.ServerAssociation - Got a GetDataValues request for node: IEDBiogasCHP/MMXU1.W.phsA.rangeC [CF]
IEDBiogasCHP/MMXU1.W.phsA.rangeC.hhLim [CF]
IEDBiogasCHP/MMXU1.W.phsA.rangeC.hhLim.i: 0
IEDBiogasCHP/MMXU1.W.phsA.rangeC.hhLim.f: 0.0
IEDBiogasCHP/MMXU1.W.phsA.rangeC.hLim [CF]
IEDBiogasCHP/MMXU1.W.phsA.rangeC.hLim.i: 0
IEDBiogasCHP/MMXU1.W.phsA.rangeC.hLim.f: 0.0
IEDBiogasCHP/MMXU1.W.phsA.rangeC.lLim [CF]
IEDBiogasCHP/MMXU1.W.phsA.rangeC.lLim.i: 0
IEDBiogasCHP/MMXU1.W.phsA.rangeC.lLim.f: 0.0
IEDBiogasCHP/MMXU1.W.phsA.rangeC.llLim [CF]
IEDBiogasCHP/MMXU1.W.phsA.rangeC.llLim.i: 0
IEDBiogasCHP/MMXU1.W.phsA.rangeC.llLim.f: 0.0
IEDBiogasCHP/MMXU1.W.phsA.rangeC.min [CF]
IEDBiogasCHP/MMXU1.W.phsA.rangeC.min.i: 0
IEDBiogasCHP/MMXU1.W.phsA.rangeC.min.f: 0.0
IEDBiogasCHP/MMXU1.W.phsA.rangeC.max [CF]
IEDBiogasCHP/MMXU1.W.phsA.rangeC.max.i: 0
IEDBiogasCHP/MMXU1.W.phsA.rangeC.max.f: 0.0
14:23:47.254 [openiec61850-osi-server-7-thread-1] DEBUG com.beanit.openiec61850.ServerAssociation - sub BDA is:IEDBiogasCHP/MMXU1.W.phsA.rangeC.hhLim.i: 0
14:23:47.254 [openiec61850-osi-server-7-thread-1] DEBUG com.beanit.openiec61850.ServerAssociation - sub BDA is:IEDBiogasCHP/MMXU1.W.phsA.rangeC.hhLim.f: 0.0
14:23:47.254 [openiec61850-osi-server-7-thread-1] DEBUG com.beanit.openiec61850.ServerAssociation - sub BDA is:IEDBiogasCHP/MMXU1.W.phsA.rangeC.hLim.i: 0
14:23:47.254 [openiec61850-osi-server-7-thread-1] DEBUG com.beanit.openiec61850.ServerAssociation - sub BDA is:IEDBiogasCHP/MMXU1.W.phsA.rangeC.hLim.f: 0.0
14:23:47.254 [openiec61850-osi-server-7-thread-1] DEBUG com.beanit.openiec61850.ServerAssociation - sub BDA is:IEDBiogasCHP/MMXU1.W.phsA.rangeC.lLim.i: 0
14:23:47.254 [openiec61850-osi-server-7-thread-1] DEBUG com.beanit.openiec61850.ServerAssociation - sub BDA is:IEDBiogasCHP/MMXU1.W.phsA.rangeC.lLim.f: 0.0
14:23:47.254 [openiec61850-osi-server-7-thread-1] DEBUG com.beanit.openiec61850.ServerAssociation - sub BDA is:IEDBiogasCHP/MMXU1.W.phsA.rangeC.llLim.i: 0
14:23:47.254 [openiec61850-osi-server-7-thread-1] DEBUG com.beanit.openiec61850.ServerAssociation - sub BDA is:IEDBiogasCHP/MMXU1.W.phsA.rangeC.llLim.f: 0.0
14:23:47.254 [openiec61850-osi-server-7-thread-1] DEBUG com.beanit.openiec61850.ServerAssociation - sub BDA is:IEDBiogasCHP/MMXU1.W.phsA.rangeC.min.i: 0
14:23:47.254 [openiec61850-osi-server-7-thread-1] DEBUG com.beanit.openiec61850.ServerAssociation - sub BDA is:IEDBiogasCHP/MMXU1.W.phsA.rangeC.min.f: 0.0
14:23:47.254 [openiec61850-osi-server-7-thread-1] DEBUG com.beanit.openiec61850.ServerAssociation - sub BDA is:IEDBiogasCHP/MMXU1.W.phsA.rangeC.max.i: 0
14:23:47.254 [openiec61850-osi-server-7-thread-1] DEBUG com.beanit.openiec61850.ServerAssociation - sub BDA is:IEDBiogasCHP/MMXU1.W.phsA.rangeC.max.f: 0.0
calling GetDataValues(IEDBiogasCHP/MMXU1.W.phsA.rangeC.hhLim)
14:23:47.255 [openiec61850-osi-server-7-thread-1] DEBUG com.beanit.openiec61850.ServerAssociation - Got a GetDataValues request for node: IEDBiogasCHP/MMXU1.W.phsA.rangeC.hhLim [CF]
IEDBiogasCHP/MMXU1.W.phsA.rangeC.hhLim.i: 0
IEDBiogasCHP/MMXU1.W.phsA.rangeC.hhLim.f: 0.0
14:23:47.255 [openiec61850-osi-server-7-thread-1] DEBUG com.beanit.openiec61850.ServerAssociation - sub BDA is:IEDBiogasCHP/MMXU1.W.phsA.rangeC.hhLim.i: 0
14:23:47.255 [openiec61850-osi-server-7-thread-1] DEBUG com.beanit.openiec61850.ServerAssociation - sub BDA is:IEDBiogasCHP/MMXU1.W.phsA.rangeC.hhLim.f: 0.0
calling GetDataValues(IEDBiogasCHP/MMXU1.W.phsA.rangeC.hhLim.i)
14:23:47.255 [openiec61850-osi-server-7-thread-1] DEBUG com.beanit.openiec61850.ServerAssociation - Got a GetDataValues request for node: IEDBiogasCHP/MMXU1.W.phsA.rangeC.hhLim.i: 0
calling GetDataValues(IEDBiogasCHP/MMXU1.W.phsA.rangeC.hhLim.f)
14:23:47.255 [openiec61850-osi-server-7-thread-1] DEBUG com.beanit.openiec61850.ServerAssociation - Got a GetDataValues request for node: IEDBiogasCHP/MMXU1.W.phsA.rangeC.hhLim.f: 0.0
calling GetDataValues(IEDBiogasCHP/MMXU1.W.phsA.rangeC.hLim)
14:23:47.255 [openiec61850-osi-server-7-thread-1] DEBUG com.beanit.openiec61850.ServerAssociation - Got a GetDataValues request for node: IEDBiogasCHP/MMXU1.W.phsA.rangeC.hLim [CF]
IEDBiogasCHP/MMXU1.W.phsA.rangeC.hLim.i: 0
IEDBiogasCHP/MMXU1.W.phsA.rangeC.hLim.f: 0.0
14:23:47.255 [openiec61850-osi-server-7-thread-1] DEBUG com.beanit.openiec61850.ServerAssociation - sub BDA is:IEDBiogasCHP/MMXU1.W.phsA.rangeC.hLim.i: 0
14:23:47.255 [openiec61850-osi-server-7-thread-1] DEBUG com.beanit.openiec61850.ServerAssociation - sub BDA is:IEDBiogasCHP/MMXU1.W.phsA.rangeC.hLim.f: 0.0
calling GetDataValues(IEDBiogasCHP/MMXU1.W.phsA.rangeC.hLim.i)
14:23:47.255 [openiec61850-osi-server-7-thread-1] DEBUG com.beanit.openiec61850.ServerAssociation - Got a GetDataValues request for node: IEDBiogasCHP/MMXU1.W.phsA.rangeC.hLim.i: 0
calling GetDataValues(IEDBiogasCHP/MMXU1.W.phsA.rangeC.hLim.f)
14:23:47.255 [openiec61850-osi-server-7-thread-1] DEBUG com.beanit.openiec61850.ServerAssociation - Got a GetDataValues request for node: IEDBiogasCHP/MMXU1.W.phsA.rangeC.hLim.f: 0.0
calling GetDataValues(IEDBiogasCHP/MMXU1.W.phsA.rangeC.lLim)
14:23:47.255 [openiec61850-osi-server-7-thread-1] DEBUG com.beanit.openiec61850.ServerAssociation - Got a GetDataValues request for node: IEDBiogasCHP/MMXU1.W.phsA.rangeC.lLim [CF]
IEDBiogasCHP/MMXU1.W.phsA.rangeC.lLim.i: 0
IEDBiogasCHP/MMXU1.W.phsA.rangeC.lLim.f: 0.0
14:23:47.255 [openiec61850-osi-server-7-thread-1] DEBUG com.beanit.openiec61850.ServerAssociation - sub BDA is:IEDBiogasCHP/MMXU1.W.phsA.rangeC.lLim.i: 0
14:23:47.255 [openiec61850-osi-server-7-thread-1] DEBUG com.beanit.openiec61850.ServerAssociation - sub BDA is:IEDBiogasCHP/MMXU1.W.phsA.rangeC.lLim.f: 0.0
calling GetDataValues(IEDBiogasCHP/MMXU1.W.phsA.rangeC.lLim.i)
14:23:47.255 [openiec61850-osi-server-7-thread-1] DEBUG com.beanit.openiec61850.ServerAssociation - Got a GetDataValues request for node: IEDBiogasCHP/MMXU1.W.phsA.rangeC.lLim.i: 0
calling GetDataValues(IEDBiogasCHP/MMXU1.W.phsA.rangeC.lLim.f)
14:23:47.256 [openiec61850-osi-server-7-thread-1] DEBUG com.beanit.openiec61850.ServerAssociation - Got a GetDataValues request for node: IEDBiogasCHP/MMXU1.W.phsA.rangeC.lLim.f: 0.0
calling GetDataValues(IEDBiogasCHP/MMXU1.W.phsA.rangeC.llLim)
14:23:47.256 [openiec61850-osi-server-7-thread-1] DEBUG com.beanit.openiec61850.ServerAssociation - Got a GetDataValues request for node: IEDBiogasCHP/MMXU1.W.phsA.rangeC.llLim [CF]
IEDBiogasCHP/MMXU1.W.phsA.rangeC.llLim.i: 0
IEDBiogasCHP/MMXU1.W.phsA.rangeC.llLim.f: 0.0
14:23:47.256 [openiec61850-osi-server-7-thread-1] DEBUG com.beanit.openiec61850.ServerAssociation - sub BDA is:IEDBiogasCHP/MMXU1.W.phsA.rangeC.llLim.i: 0
14:23:47.256 [openiec61850-osi-server-7-thread-1] DEBUG com.beanit.openiec61850.ServerAssociation - sub BDA is:IEDBiogasCHP/MMXU1.W.phsA.rangeC.llLim.f: 0.0
calling GetDataValues(IEDBiogasCHP/MMXU1.W.phsA.rangeC.llLim.i)
14:23:47.256 [openiec61850-osi-server-7-thread-1] DEBUG com.beanit.openiec61850.ServerAssociation - Got a GetDataValues request for node: IEDBiogasCHP/MMXU1.W.phsA.rangeC.llLim.i: 0
calling GetDataValues(IEDBiogasCHP/MMXU1.W.phsA.rangeC.llLim.f)
14:23:47.256 [openiec61850-osi-server-7-thread-1] DEBUG com.beanit.openiec61850.ServerAssociation - Got a GetDataValues request for node: IEDBiogasCHP/MMXU1.W.phsA.rangeC.llLim.f: 0.0
calling GetDataValues(IEDBiogasCHP/MMXU1.W.phsA.rangeC.min)
14:23:47.256 [openiec61850-osi-server-7-thread-1] DEBUG com.beanit.openiec61850.ServerAssociation - Got a GetDataValues request for node: IEDBiogasCHP/MMXU1.W.phsA.rangeC.min [CF]
IEDBiogasCHP/MMXU1.W.phsA.rangeC.min.i: 0
IEDBiogasCHP/MMXU1.W.phsA.rangeC.min.f: 0.0
14:23:47.256 [openiec61850-osi-server-7-thread-1] DEBUG com.beanit.openiec61850.ServerAssociation - sub BDA is:IEDBiogasCHP/MMXU1.W.phsA.rangeC.min.i: 0
14:23:47.256 [openiec61850-osi-server-7-thread-1] DEBUG com.beanit.openiec61850.ServerAssociation - sub BDA is:IEDBiogasCHP/MMXU1.W.phsA.rangeC.min.f: 0.0
calling GetDataValues(IEDBiogasCHP/MMXU1.W.phsA.rangeC.min.i)
14:23:47.256 [openiec61850-osi-server-7-thread-1] DEBUG com.beanit.openiec61850.ServerAssociation - Got a GetDataValues request for node: IEDBiogasCHP/MMXU1.W.phsA.rangeC.min.i: 0
calling GetDataValues(IEDBiogasCHP/MMXU1.W.phsA.rangeC.min.f)
14:23:47.256 [openiec61850-osi-server-7-thread-1] DEBUG com.beanit.openiec61850.ServerAssociation - Got a GetDataValues request for node: IEDBiogasCHP/MMXU1.W.phsA.rangeC.min.f: 0.0
calling GetDataValues(IEDBiogasCHP/MMXU1.W.phsA.rangeC.max)
14:23:47.256 [openiec61850-osi-server-7-thread-1] DEBUG com.beanit.openiec61850.ServerAssociation - Got a GetDataValues request for node: IEDBiogasCHP/MMXU1.W.phsA.rangeC.max [CF]
IEDBiogasCHP/MMXU1.W.phsA.rangeC.max.i: 0
IEDBiogasCHP/MMXU1.W.phsA.rangeC.max.f: 0.0
14:23:47.256 [openiec61850-osi-server-7-thread-1] DEBUG com.beanit.openiec61850.ServerAssociation - sub BDA is:IEDBiogasCHP/MMXU1.W.phsA.rangeC.max.i: 0
14:23:47.256 [openiec61850-osi-server-7-thread-1] DEBUG com.beanit.openiec61850.ServerAssociation - sub BDA is:IEDBiogasCHP/MMXU1.W.phsA.rangeC.max.f: 0.0
calling GetDataValues(IEDBiogasCHP/MMXU1.W.phsA.rangeC.max.i)
14:23:47.257 [openiec61850-osi-server-7-thread-1] DEBUG com.beanit.openiec61850.ServerAssociation - Got a GetDataValues request for node: IEDBiogasCHP/MMXU1.W.phsA.rangeC.max.i: 0
calling GetDataValues(IEDBiogasCHP/MMXU1.W.phsA.rangeC.max.f)
14:23:47.257 [openiec61850-osi-server-7-thread-1] DEBUG com.beanit.openiec61850.ServerAssociation - Got a GetDataValues request for node: IEDBiogasCHP/MMXU1.W.phsA.rangeC.max.f: 0.0
calling GetDataValues(IEDBiogasCHP/MMXU1.W.phsA.magSVC)
14:23:47.257 [openiec61850-osi-server-7-thread-1] DEBUG com.beanit.openiec61850.ServerAssociation - Got a GetDataValues request for node: IEDBiogasCHP/MMXU1.W.phsA.magSVC [CF]
IEDBiogasCHP/MMXU1.W.phsA.magSVC.scaleFactor: 0.0
IEDBiogasCHP/MMXU1.W.phsA.magSVC.offset: 0.0
14:23:47.257 [openiec61850-osi-server-7-thread-1] DEBUG com.beanit.openiec61850.ServerAssociation - sub BDA is:IEDBiogasCHP/MMXU1.W.phsA.magSVC.scaleFactor: 0.0
14:23:47.257 [openiec61850-osi-server-7-thread-1] DEBUG com.beanit.openiec61850.ServerAssociation - sub BDA is:IEDBiogasCHP/MMXU1.W.phsA.magSVC.offset: 0.0
calling GetDataValues(IEDBiogasCHP/MMXU1.W.phsA.magSVC.scaleFactor)
14:23:47.257 [openiec61850-osi-server-7-thread-1] DEBUG com.beanit.openiec61850.ServerAssociation - Got a GetDataValues request for node: IEDBiogasCHP/MMXU1.W.phsA.magSVC.scaleFactor: 0.0
calling GetDataValues(IEDBiogasCHP/MMXU1.W.phsA.magSVC.offset)
14:23:47.257 [openiec61850-osi-server-7-thread-1] DEBUG com.beanit.openiec61850.ServerAssociation - Got a GetDataValues request for node: IEDBiogasCHP/MMXU1.W.phsA.magSVC.offset: 0.0
calling GetDataValues(IEDBiogasCHP/MMXU1.W.phsA.angSVC)
14:23:47.257 [openiec61850-osi-server-7-thread-1] DEBUG com.beanit.openiec61850.ServerAssociation - Got a GetDataValues request for node: IEDBiogasCHP/MMXU1.W.phsA.angSVC [CF]
IEDBiogasCHP/MMXU1.W.phsA.angSVC.scaleFactor: 0.0
IEDBiogasCHP/MMXU1.W.phsA.angSVC.offset: 0.0
14:23:47.257 [openiec61850-osi-server-7-thread-1] DEBUG com.beanit.openiec61850.ServerAssociation - sub BDA is:IEDBiogasCHP/MMXU1.W.phsA.angSVC.scaleFactor: 0.0
14:23:47.257 [openiec61850-osi-server-7-thread-1] DEBUG com.beanit.openiec61850.ServerAssociation - sub BDA is:IEDBiogasCHP/MMXU1.W.phsA.angSVC.offset: 0.0
calling GetDataValues(IEDBiogasCHP/MMXU1.W.phsA.angSVC.scaleFactor)
14:23:47.257 [openiec61850-osi-server-7-thread-1] DEBUG com.beanit.openiec61850.ServerAssociation - Got a GetDataValues request for node: IEDBiogasCHP/MMXU1.W.phsA.angSVC.scaleFactor: 0.0
calling GetDataValues(IEDBiogasCHP/MMXU1.W.phsA.angSVC.offset)
14:23:47.257 [openiec61850-osi-server-7-thread-1] DEBUG com.beanit.openiec61850.ServerAssociation - Got a GetDataValues request for node: IEDBiogasCHP/MMXU1.W.phsA.angSVC.offset: 0.0
calling GetDataValues(IEDBiogasCHP/MMXU1.W.phsA.angRef)
14:23:47.258 [openiec61850-osi-server-7-thread-1] DEBUG com.beanit.openiec61850.ServerAssociation - Got a GetDataValues request for node: IEDBiogasCHP/MMXU1.W.phsA.angRef: 0
calling GetDataValues(IEDBiogasCHP/MMXU1.W.phsA.smpRate)
14:23:47.258 [openiec61850-osi-server-7-thread-1] DEBUG com.beanit.openiec61850.ServerAssociation - Got a GetDataValues request for node: IEDBiogasCHP/MMXU1.W.phsA.smpRate: 0
calling GetDataValues(IEDBiogasCHP/MMXU1.W.phsB)
14:23:47.258 [openiec61850-osi-server-7-thread-1] DEBUG com.beanit.openiec61850.ServerAssociation - Got a GetDataValues request for node: IEDBiogasCHP/MMXU1.W.phsB [CF]
IEDBiogasCHP/MMXU1.W.phsB.units [CF]
IEDBiogasCHP/MMXU1.W.phsB.units.SIUnit: 0
IEDBiogasCHP/MMXU1.W.phsB.units.multiplier: 0
IEDBiogasCHP/MMXU1.W.phsB.db: 0
IEDBiogasCHP/MMXU1.W.phsB.zeroDb: 0
IEDBiogasCHP/MMXU1.W.phsB.rangeC [CF]
IEDBiogasCHP/MMXU1.W.phsB.rangeC.hhLim [CF]
IEDBiogasCHP/MMXU1.W.phsB.rangeC.hhLim.i: 0
IEDBiogasCHP/MMXU1.W.phsB.rangeC.hhLim.f: 0.0
IEDBiogasCHP/MMXU1.W.phsB.rangeC.hLim [CF]
IEDBiogasCHP/MMXU1.W.phsB.rangeC.hLim.i: 0
IEDBiogasCHP/MMXU1.W.phsB.rangeC.hLim.f: 0.0
IEDBiogasCHP/MMXU1.W.phsB.rangeC.lLim [CF]
IEDBiogasCHP/MMXU1.W.phsB.rangeC.lLim.i: 0
IEDBiogasCHP/MMXU1.W.phsB.rangeC.lLim.f: 0.0
IEDBiogasCHP/MMXU1.W.phsB.rangeC.llLim [CF]
IEDBiogasCHP/MMXU1.W.phsB.rangeC.llLim.i: 0
IEDBiogasCHP/MMXU1.W.phsB.rangeC.llLim.f: 0.0
IEDBiogasCHP/MMXU1.W.phsB.rangeC.min [CF]
IEDBiogasCHP/MMXU1.W.phsB.rangeC.min.i: 0
IEDBiogasCHP/MMXU1.W.phsB.rangeC.min.f: 0.0
IEDBiogasCHP/MMXU1.W.phsB.rangeC.max [CF]
IEDBiogasCHP/MMXU1.W.phsB.rangeC.max.i: 0
IEDBiogasCHP/MMXU1.W.phsB.rangeC.max.f: 0.0
IEDBiogasCHP/MMXU1.W.phsB.magSVC [CF]
IEDBiogasCHP/MMXU1.W.phsB.magSVC.scaleFactor: 0.0
IEDBiogasCHP/MMXU1.W.phsB.magSVC.offset: 0.0
IEDBiogasCHP/MMXU1.W.phsB.angSVC [CF]
IEDBiogasCHP/MMXU1.W.phsB.angSVC.scaleFactor: 0.0
IEDBiogasCHP/MMXU1.W.phsB.angSVC.offset: 0.0
IEDBiogasCHP/MMXU1.W.phsB.angRef: 0
IEDBiogasCHP/MMXU1.W.phsB.smpRate: 0
14:23:47.258 [openiec61850-osi-server-7-thread-1] DEBUG com.beanit.openiec61850.ServerAssociation - sub BDA is:IEDBiogasCHP/MMXU1.W.phsB.units.SIUnit: 0
14:23:47.258 [openiec61850-osi-server-7-thread-1] DEBUG com.beanit.openiec61850.ServerAssociation - sub BDA is:IEDBiogasCHP/MMXU1.W.phsB.units.multiplier: 0
14:23:47.258 [openiec61850-osi-server-7-thread-1] DEBUG com.beanit.openiec61850.ServerAssociation - sub BDA is:IEDBiogasCHP/MMXU1.W.phsB.db: 0
14:23:47.258 [openiec61850-osi-server-7-thread-1] DEBUG com.beanit.openiec61850.ServerAssociation - sub BDA is:IEDBiogasCHP/MMXU1.W.phsB.zeroDb: 0
14:23:47.258 [openiec61850-osi-server-7-thread-1] DEBUG com.beanit.openiec61850.ServerAssociation - sub BDA is:IEDBiogasCHP/MMXU1.W.phsB.rangeC.hhLim.i: 0
14:23:47.258 [openiec61850-osi-server-7-thread-1] DEBUG com.beanit.openiec61850.ServerAssociation - sub BDA is:IEDBiogasCHP/MMXU1.W.phsB.rangeC.hhLim.f: 0.0
14:23:47.258 [openiec61850-osi-server-7-thread-1] DEBUG com.beanit.openiec61850.ServerAssociation - sub BDA is:IEDBiogasCHP/MMXU1.W.phsB.rangeC.hLim.i: 0
14:23:47.258 [openiec61850-osi-server-7-thread-1] DEBUG com.beanit.openiec61850.ServerAssociation - sub BDA is:IEDBiogasCHP/MMXU1.W.phsB.rangeC.hLim.f: 0.0
14:23:47.258 [openiec61850-osi-server-7-thread-1] DEBUG com.beanit.openiec61850.ServerAssociation - sub BDA is:IEDBiogasCHP/MMXU1.W.phsB.rangeC.lLim.i: 0
14:23:47.258 [openiec61850-osi-server-7-thread-1] DEBUG com.beanit.openiec61850.ServerAssociation - sub BDA is:IEDBiogasCHP/MMXU1.W.phsB.rangeC.lLim.f: 0.0
14:23:47.258 [openiec61850-osi-server-7-thread-1] DEBUG com.beanit.openiec61850.ServerAssociation - sub BDA is:IEDBiogasCHP/MMXU1.W.phsB.rangeC.llLim.i: 0
14:23:47.258 [openiec61850-osi-server-7-thread-1] DEBUG com.beanit.openiec61850.ServerAssociation - sub BDA is:IEDBiogasCHP/MMXU1.W.phsB.rangeC.llLim.f: 0.0
14:23:47.258 [openiec61850-osi-server-7-thread-1] DEBUG com.beanit.openiec61850.ServerAssociation - sub BDA is:IEDBiogasCHP/MMXU1.W.phsB.rangeC.min.i: 0
14:23:47.258 [openiec61850-osi-server-7-thread-1] DEBUG com.beanit.openiec61850.ServerAssociation - sub BDA is:IEDBiogasCHP/MMXU1.W.phsB.rangeC.min.f: 0.0
14:23:47.258 [openiec61850-osi-server-7-thread-1] DEBUG com.beanit.openiec61850.ServerAssociation - sub BDA is:IEDBiogasCHP/MMXU1.W.phsB.rangeC.max.i: 0
14:23:47.258 [openiec61850-osi-server-7-thread-1] DEBUG com.beanit.openiec61850.ServerAssociation - sub BDA is:IEDBiogasCHP/MMXU1.W.phsB.rangeC.max.f: 0.0
14:23:47.258 [openiec61850-osi-server-7-thread-1] DEBUG com.beanit.openiec61850.ServerAssociation - sub BDA is:IEDBiogasCHP/MMXU1.W.phsB.magSVC.scaleFactor: 0.0
14:23:47.258 [openiec61850-osi-server-7-thread-1] DEBUG com.beanit.openiec61850.ServerAssociation - sub BDA is:IEDBiogasCHP/MMXU1.W.phsB.magSVC.offset: 0.0
14:23:47.258 [openiec61850-osi-server-7-thread-1] DEBUG com.beanit.openiec61850.ServerAssociation - sub BDA is:IEDBiogasCHP/MMXU1.W.phsB.angSVC.scaleFactor: 0.0
14:23:47.258 [openiec61850-osi-server-7-thread-1] DEBUG com.beanit.openiec61850.ServerAssociation - sub BDA is:IEDBiogasCHP/MMXU1.W.phsB.angSVC.offset: 0.0
14:23:47.258 [openiec61850-osi-server-7-thread-1] DEBUG com.beanit.openiec61850.ServerAssociation - sub BDA is:IEDBiogasCHP/MMXU1.W.phsB.angRef: 0
14:23:47.258 [openiec61850-osi-server-7-thread-1] DEBUG com.beanit.openiec61850.ServerAssociation - sub BDA is:IEDBiogasCHP/MMXU1.W.phsB.smpRate: 0
calling GetDataValues(IEDBiogasCHP/MMXU1.W.phsB.units)
14:23:47.258 [openiec61850-osi-server-7-thread-1] DEBUG com.beanit.openiec61850.ServerAssociation - Got a GetDataValues request for node: IEDBiogasCHP/MMXU1.W.phsB.units [CF]
IEDBiogasCHP/MMXU1.W.phsB.units.SIUnit: 0
IEDBiogasCHP/MMXU1.W.phsB.units.multiplier: 0
14:23:47.258 [openiec61850-osi-server-7-thread-1] DEBUG com.beanit.openiec61850.ServerAssociation - sub BDA is:IEDBiogasCHP/MMXU1.W.phsB.units.SIUnit: 0
14:23:47.258 [openiec61850-osi-server-7-thread-1] DEBUG com.beanit.openiec61850.ServerAssociation - sub BDA is:IEDBiogasCHP/MMXU1.W.phsB.units.multiplier: 0
calling GetDataValues(IEDBiogasCHP/MMXU1.W.phsB.units.SIUnit)
14:23:47.258 [openiec61850-osi-server-7-thread-1] DEBUG com.beanit.openiec61850.ServerAssociation - Got a GetDataValues request for node: IEDBiogasCHP/MMXU1.W.phsB.units.SIUnit: 0
calling GetDataValues(IEDBiogasCHP/MMXU1.W.phsB.units.multiplier)
14:23:47.259 [openiec61850-osi-server-7-thread-1] DEBUG com.beanit.openiec61850.ServerAssociation - Got a GetDataValues request for node: IEDBiogasCHP/MMXU1.W.phsB.units.multiplier: 0
calling GetDataValues(IEDBiogasCHP/MMXU1.W.phsB.db)
14:23:47.259 [openiec61850-osi-server-7-thread-1] DEBUG com.beanit.openiec61850.ServerAssociation - Got a GetDataValues request for node: IEDBiogasCHP/MMXU1.W.phsB.db: 0
calling GetDataValues(IEDBiogasCHP/MMXU1.W.phsB.zeroDb)
14:23:47.259 [openiec61850-osi-server-7-thread-1] DEBUG com.beanit.openiec61850.ServerAssociation - Got a GetDataValues request for node: IEDBiogasCHP/MMXU1.W.phsB.zeroDb: 0
calling GetDataValues(IEDBiogasCHP/MMXU1.W.phsB.rangeC)
14:23:47.259 [openiec61850-osi-server-7-thread-1] DEBUG com.beanit.openiec61850.ServerAssociation - Got a GetDataValues request for node: IEDBiogasCHP/MMXU1.W.phsB.rangeC [CF]
IEDBiogasCHP/MMXU1.W.phsB.rangeC.hhLim [CF]
IEDBiogasCHP/MMXU1.W.phsB.rangeC.hhLim.i: 0
IEDBiogasCHP/MMXU1.W.phsB.rangeC.hhLim.f: 0.0
IEDBiogasCHP/MMXU1.W.phsB.rangeC.hLim [CF]
IEDBiogasCHP/MMXU1.W.phsB.rangeC.hLim.i: 0
IEDBiogasCHP/MMXU1.W.phsB.rangeC.hLim.f: 0.0
IEDBiogasCHP/MMXU1.W.phsB.rangeC.lLim [CF]
IEDBiogasCHP/MMXU1.W.phsB.rangeC.lLim.i: 0
IEDBiogasCHP/MMXU1.W.phsB.rangeC.lLim.f: 0.0
IEDBiogasCHP/MMXU1.W.phsB.rangeC.llLim [CF]
IEDBiogasCHP/MMXU1.W.phsB.rangeC.llLim.i: 0
IEDBiogasCHP/MMXU1.W.phsB.rangeC.llLim.f: 0.0
IEDBiogasCHP/MMXU1.W.phsB.rangeC.min [CF]
IEDBiogasCHP/MMXU1.W.phsB.rangeC.min.i: 0
IEDBiogasCHP/MMXU1.W.phsB.rangeC.min.f: 0.0
IEDBiogasCHP/MMXU1.W.phsB.rangeC.max [CF]
IEDBiogasCHP/MMXU1.W.phsB.rangeC.max.i: 0
IEDBiogasCHP/MMXU1.W.phsB.rangeC.max.f: 0.0
14:23:47.259 [openiec61850-osi-server-7-thread-1] DEBUG com.beanit.openiec61850.ServerAssociation - sub BDA is:IEDBiogasCHP/MMXU1.W.phsB.rangeC.hhLim.i: 0
14:23:47.259 [openiec61850-osi-server-7-thread-1] DEBUG com.beanit.openiec61850.ServerAssociation - sub BDA is:IEDBiogasCHP/MMXU1.W.phsB.rangeC.hhLim.f: 0.0
14:23:47.259 [openiec61850-osi-server-7-thread-1] DEBUG com.beanit.openiec61850.ServerAssociation - sub BDA is:IEDBiogasCHP/MMXU1.W.phsB.rangeC.hLim.i: 0
14:23:47.259 [openiec61850-osi-server-7-thread-1] DEBUG com.beanit.openiec61850.ServerAssociation - sub BDA is:IEDBiogasCHP/MMXU1.W.phsB.rangeC.hLim.f: 0.0
14:23:47.259 [openiec61850-osi-server-7-thread-1] DEBUG com.beanit.openiec61850.ServerAssociation - sub BDA is:IEDBiogasCHP/MMXU1.W.phsB.rangeC.lLim.i: 0
14:23:47.259 [openiec61850-osi-server-7-thread-1] DEBUG com.beanit.openiec61850.ServerAssociation - sub BDA is:IEDBiogasCHP/MMXU1.W.phsB.rangeC.lLim.f: 0.0
14:23:47.259 [openiec61850-osi-server-7-thread-1] DEBUG com.beanit.openiec61850.ServerAssociation - sub BDA is:IEDBiogasCHP/MMXU1.W.phsB.rangeC.llLim.i: 0
14:23:47.259 [openiec61850-osi-server-7-thread-1] DEBUG com.beanit.openiec61850.ServerAssociation - sub BDA is:IEDBiogasCHP/MMXU1.W.phsB.rangeC.llLim.f: 0.0
14:23:47.259 [openiec61850-osi-server-7-thread-1] DEBUG com.beanit.openiec61850.ServerAssociation - sub BDA is:IEDBiogasCHP/MMXU1.W.phsB.rangeC.min.i: 0
14:23:47.259 [openiec61850-osi-server-7-thread-1] DEBUG com.beanit.openiec61850.ServerAssociation - sub BDA is:IEDBiogasCHP/MMXU1.W.phsB.rangeC.min.f: 0.0
14:23:47.259 [openiec61850-osi-server-7-thread-1] DEBUG com.beanit.openiec61850.ServerAssociation - sub BDA is:IEDBiogasCHP/MMXU1.W.phsB.rangeC.max.i: 0
14:23:47.259 [openiec61850-osi-server-7-thread-1] DEBUG com.beanit.openiec61850.ServerAssociation - sub BDA is:IEDBiogasCHP/MMXU1.W.phsB.rangeC.max.f: 0.0
calling GetDataValues(IEDBiogasCHP/MMXU1.W.phsB.rangeC.hhLim)
14:23:47.259 [openiec61850-osi-server-7-thread-1] DEBUG com.beanit.openiec61850.ServerAssociation - Got a GetDataValues request for node: IEDBiogasCHP/MMXU1.W.phsB.rangeC.hhLim [CF]
IEDBiogasCHP/MMXU1.W.phsB.rangeC.hhLim.i: 0
IEDBiogasCHP/MMXU1.W.phsB.rangeC.hhLim.f: 0.0
14:23:47.259 [openiec61850-osi-server-7-thread-1] DEBUG com.beanit.openiec61850.ServerAssociation - sub BDA is:IEDBiogasCHP/MMXU1.W.phsB.rangeC.hhLim.i: 0
14:23:47.259 [openiec61850-osi-server-7-thread-1] DEBUG com.beanit.openiec61850.ServerAssociation - sub BDA is:IEDBiogasCHP/MMXU1.W.phsB.rangeC.hhLim.f: 0.0
calling GetDataValues(IEDBiogasCHP/MMXU1.W.phsB.rangeC.hhLim.i)
14:23:47.259 [openiec61850-osi-server-7-thread-1] DEBUG com.beanit.openiec61850.ServerAssociation - Got a GetDataValues request for node: IEDBiogasCHP/MMXU1.W.phsB.rangeC.hhLim.i: 0
calling GetDataValues(IEDBiogasCHP/MMXU1.W.phsB.rangeC.hhLim.f)
14:23:47.259 [openiec61850-osi-server-7-thread-1] DEBUG com.beanit.openiec61850.ServerAssociation - Got a GetDataValues request for node: IEDBiogasCHP/MMXU1.W.phsB.rangeC.hhLim.f: 0.0
calling GetDataValues(IEDBiogasCHP/MMXU1.W.phsB.rangeC.hLim)
14:23:47.260 [openiec61850-osi-server-7-thread-1] DEBUG com.beanit.openiec61850.ServerAssociation - Got a GetDataValues request for node: IEDBiogasCHP/MMXU1.W.phsB.rangeC.hLim [CF]
IEDBiogasCHP/MMXU1.W.phsB.rangeC.hLim.i: 0
IEDBiogasCHP/MMXU1.W.phsB.rangeC.hLim.f: 0.0
14:23:47.260 [openiec61850-osi-server-7-thread-1] DEBUG com.beanit.openiec61850.ServerAssociation - sub BDA is:IEDBiogasCHP/MMXU1.W.phsB.rangeC.hLim.i: 0
14:23:47.260 [openiec61850-osi-server-7-thread-1] DEBUG com.beanit.openiec61850.ServerAssociation - sub BDA is:IEDBiogasCHP/MMXU1.W.phsB.rangeC.hLim.f: 0.0
calling GetDataValues(IEDBiogasCHP/MMXU1.W.phsB.rangeC.hLim.i)
14:23:47.260 [openiec61850-osi-server-7-thread-1] DEBUG com.beanit.openiec61850.ServerAssociation - Got a GetDataValues request for node: IEDBiogasCHP/MMXU1.W.phsB.rangeC.hLim.i: 0
calling GetDataValues(IEDBiogasCHP/MMXU1.W.phsB.rangeC.hLim.f)
14:23:47.260 [openiec61850-osi-server-7-thread-1] DEBUG com.beanit.openiec61850.ServerAssociation - Got a GetDataValues request for node: IEDBiogasCHP/MMXU1.W.phsB.rangeC.hLim.f: 0.0
calling GetDataValues(IEDBiogasCHP/MMXU1.W.phsB.rangeC.lLim)
14:23:47.260 [openiec61850-osi-server-7-thread-1] DEBUG com.beanit.openiec61850.ServerAssociation - Got a GetDataValues request for node: IEDBiogasCHP/MMXU1.W.phsB.rangeC.lLim [CF]
IEDBiogasCHP/MMXU1.W.phsB.rangeC.lLim.i: 0
IEDBiogasCHP/MMXU1.W.phsB.rangeC.lLim.f: 0.0
14:23:47.260 [openiec61850-osi-server-7-thread-1] DEBUG com.beanit.openiec61850.ServerAssociation - sub BDA is:IEDBiogasCHP/MMXU1.W.phsB.rangeC.lLim.i: 0
14:23:47.260 [openiec61850-osi-server-7-thread-1] DEBUG com.beanit.openiec61850.ServerAssociation - sub BDA is:IEDBiogasCHP/MMXU1.W.phsB.rangeC.lLim.f: 0.0
calling GetDataValues(IEDBiogasCHP/MMXU1.W.phsB.rangeC.lLim.i)
14:23:47.260 [openiec61850-osi-server-7-thread-1] DEBUG com.beanit.openiec61850.ServerAssociation - Got a GetDataValues request for node: IEDBiogasCHP/MMXU1.W.phsB.rangeC.lLim.i: 0
calling GetDataValues(IEDBiogasCHP/MMXU1.W.phsB.rangeC.lLim.f)
14:23:47.260 [openiec61850-osi-server-7-thread-1] DEBUG com.beanit.openiec61850.ServerAssociation - Got a GetDataValues request for node: IEDBiogasCHP/MMXU1.W.phsB.rangeC.lLim.f: 0.0
calling GetDataValues(IEDBiogasCHP/MMXU1.W.phsB.rangeC.llLim)
14:23:47.260 [openiec61850-osi-server-7-thread-1] DEBUG com.beanit.openiec61850.ServerAssociation - Got a GetDataValues request for node: IEDBiogasCHP/MMXU1.W.phsB.rangeC.llLim [CF]
IEDBiogasCHP/MMXU1.W.phsB.rangeC.llLim.i: 0
IEDBiogasCHP/MMXU1.W.phsB.rangeC.llLim.f: 0.0
14:23:47.260 [openiec61850-osi-server-7-thread-1] DEBUG com.beanit.openiec61850.ServerAssociation - sub BDA is:IEDBiogasCHP/MMXU1.W.phsB.rangeC.llLim.i: 0
14:23:47.260 [openiec61850-osi-server-7-thread-1] DEBUG com.beanit.openiec61850.ServerAssociation - sub BDA is:IEDBiogasCHP/MMXU1.W.phsB.rangeC.llLim.f: 0.0
calling GetDataValues(IEDBiogasCHP/MMXU1.W.phsB.rangeC.llLim.i)
14:23:47.260 [openiec61850-osi-server-7-thread-1] DEBUG com.beanit.openiec61850.ServerAssociation - Got a GetDataValues request for node: IEDBiogasCHP/MMXU1.W.phsB.rangeC.llLim.i: 0
calling GetDataValues(IEDBiogasCHP/MMXU1.W.phsB.rangeC.llLim.f)
14:23:47.261 [openiec61850-osi-server-7-thread-1] DEBUG com.beanit.openiec61850.ServerAssociation - Got a GetDataValues request for node: IEDBiogasCHP/MMXU1.W.phsB.rangeC.llLim.f: 0.0
calling GetDataValues(IEDBiogasCHP/MMXU1.W.phsB.rangeC.min)
14:23:47.261 [openiec61850-osi-server-7-thread-1] DEBUG com.beanit.openiec61850.ServerAssociation - Got a GetDataValues request for node: IEDBiogasCHP/MMXU1.W.phsB.rangeC.min [CF]
IEDBiogasCHP/MMXU1.W.phsB.rangeC.min.i: 0
IEDBiogasCHP/MMXU1.W.phsB.rangeC.min.f: 0.0
14:23:47.261 [openiec61850-osi-server-7-thread-1] DEBUG com.beanit.openiec61850.ServerAssociation - sub BDA is:IEDBiogasCHP/MMXU1.W.phsB.rangeC.min.i: 0
14:23:47.261 [openiec61850-osi-server-7-thread-1] DEBUG com.beanit.openiec61850.ServerAssociation - sub BDA is:IEDBiogasCHP/MMXU1.W.phsB.rangeC.min.f: 0.0
calling GetDataValues(IEDBiogasCHP/MMXU1.W.phsB.rangeC.min.i)
14:23:47.261 [openiec61850-osi-server-7-thread-1] DEBUG com.beanit.openiec61850.ServerAssociation - Got a GetDataValues request for node: IEDBiogasCHP/MMXU1.W.phsB.rangeC.min.i: 0
calling GetDataValues(IEDBiogasCHP/MMXU1.W.phsB.rangeC.min.f)
14:23:47.261 [openiec61850-osi-server-7-thread-1] DEBUG com.beanit.openiec61850.ServerAssociation - Got a GetDataValues request for node: IEDBiogasCHP/MMXU1.W.phsB.rangeC.min.f: 0.0
calling GetDataValues(IEDBiogasCHP/MMXU1.W.phsB.rangeC.max)
14:23:47.261 [openiec61850-osi-server-7-thread-1] DEBUG com.beanit.openiec61850.ServerAssociation - Got a GetDataValues request for node: IEDBiogasCHP/MMXU1.W.phsB.rangeC.max [CF]
IEDBiogasCHP/MMXU1.W.phsB.rangeC.max.i: 0
IEDBiogasCHP/MMXU1.W.phsB.rangeC.max.f: 0.0
14:23:47.261 [openiec61850-osi-server-7-thread-1] DEBUG com.beanit.openiec61850.ServerAssociation - sub BDA is:IEDBiogasCHP/MMXU1.W.phsB.rangeC.max.i: 0
14:23:47.261 [openiec61850-osi-server-7-thread-1] DEBUG com.beanit.openiec61850.ServerAssociation - sub BDA is:IEDBiogasCHP/MMXU1.W.phsB.rangeC.max.f: 0.0
calling GetDataValues(IEDBiogasCHP/MMXU1.W.phsB.rangeC.max.i)
14:23:47.261 [openiec61850-osi-server-7-thread-1] DEBUG com.beanit.openiec61850.ServerAssociation - Got a GetDataValues request for node: IEDBiogasCHP/MMXU1.W.phsB.rangeC.max.i: 0
calling GetDataValues(IEDBiogasCHP/MMXU1.W.phsB.rangeC.max.f)
14:23:47.261 [openiec61850-osi-server-7-thread-1] DEBUG com.beanit.openiec61850.ServerAssociation - Got a GetDataValues request for node: IEDBiogasCHP/MMXU1.W.phsB.rangeC.max.f: 0.0
calling GetDataValues(IEDBiogasCHP/MMXU1.W.phsB.magSVC)
14:23:47.261 [openiec61850-osi-server-7-thread-1] DEBUG com.beanit.openiec61850.ServerAssociation - Got a GetDataValues request for node: IEDBiogasCHP/MMXU1.W.phsB.magSVC [CF]
IEDBiogasCHP/MMXU1.W.phsB.magSVC.scaleFactor: 0.0
IEDBiogasCHP/MMXU1.W.phsB.magSVC.offset: 0.0
14:23:47.261 [openiec61850-osi-server-7-thread-1] DEBUG com.beanit.openiec61850.ServerAssociation - sub BDA is:IEDBiogasCHP/MMXU1.W.phsB.magSVC.scaleFactor: 0.0
14:23:47.262 [openiec61850-osi-server-7-thread-1] DEBUG com.beanit.openiec61850.ServerAssociation - sub BDA is:IEDBiogasCHP/MMXU1.W.phsB.magSVC.offset: 0.0
calling GetDataValues(IEDBiogasCHP/MMXU1.W.phsB.magSVC.scaleFactor)
14:23:47.262 [openiec61850-osi-server-7-thread-1] DEBUG com.beanit.openiec61850.ServerAssociation - Got a GetDataValues request for node: IEDBiogasCHP/MMXU1.W.phsB.magSVC.scaleFactor: 0.0
calling GetDataValues(IEDBiogasCHP/MMXU1.W.phsB.magSVC.offset)
14:23:47.262 [openiec61850-osi-server-7-thread-1] DEBUG com.beanit.openiec61850.ServerAssociation - Got a GetDataValues request for node: IEDBiogasCHP/MMXU1.W.phsB.magSVC.offset: 0.0
calling GetDataValues(IEDBiogasCHP/MMXU1.W.phsB.angSVC)
14:23:47.262 [openiec61850-osi-server-7-thread-1] DEBUG com.beanit.openiec61850.ServerAssociation - Got a GetDataValues request for node: IEDBiogasCHP/MMXU1.W.phsB.angSVC [CF]
IEDBiogasCHP/MMXU1.W.phsB.angSVC.scaleFactor: 0.0
IEDBiogasCHP/MMXU1.W.phsB.angSVC.offset: 0.0
14:23:47.262 [openiec61850-osi-server-7-thread-1] DEBUG com.beanit.openiec61850.ServerAssociation - sub BDA is:IEDBiogasCHP/MMXU1.W.phsB.angSVC.scaleFactor: 0.0
14:23:47.262 [openiec61850-osi-server-7-thread-1] DEBUG com.beanit.openiec61850.ServerAssociation - sub BDA is:IEDBiogasCHP/MMXU1.W.phsB.angSVC.offset: 0.0
calling GetDataValues(IEDBiogasCHP/MMXU1.W.phsB.angSVC.scaleFactor)
14:23:47.262 [openiec61850-osi-server-7-thread-1] DEBUG com.beanit.openiec61850.ServerAssociation - Got a GetDataValues request for node: IEDBiogasCHP/MMXU1.W.phsB.angSVC.scaleFactor: 0.0
calling GetDataValues(IEDBiogasCHP/MMXU1.W.phsB.angSVC.offset)
14:23:47.262 [openiec61850-osi-server-7-thread-1] DEBUG com.beanit.openiec61850.ServerAssociation - Got a GetDataValues request for node: IEDBiogasCHP/MMXU1.W.phsB.angSVC.offset: 0.0
calling GetDataValues(IEDBiogasCHP/MMXU1.W.phsB.angRef)
14:23:47.262 [openiec61850-osi-server-7-thread-1] DEBUG com.beanit.openiec61850.ServerAssociation - Got a GetDataValues request for node: IEDBiogasCHP/MMXU1.W.phsB.angRef: 0
calling GetDataValues(IEDBiogasCHP/MMXU1.W.phsB.smpRate)
14:23:47.262 [openiec61850-osi-server-7-thread-1] DEBUG com.beanit.openiec61850.ServerAssociation - Got a GetDataValues request for node: IEDBiogasCHP/MMXU1.W.phsB.smpRate: 0
calling GetDataValues(IEDBiogasCHP/MMXU1.W.phsC)
14:23:47.263 [openiec61850-osi-server-7-thread-1] DEBUG com.beanit.openiec61850.ServerAssociation - Got a GetDataValues request for node: IEDBiogasCHP/MMXU1.W.phsC [CF]
IEDBiogasCHP/MMXU1.W.phsC.units [CF]
IEDBiogasCHP/MMXU1.W.phsC.units.SIUnit: 0
IEDBiogasCHP/MMXU1.W.phsC.units.multiplier: 0
IEDBiogasCHP/MMXU1.W.phsC.db: 0
IEDBiogasCHP/MMXU1.W.phsC.zeroDb: 0
IEDBiogasCHP/MMXU1.W.phsC.rangeC [CF]
IEDBiogasCHP/MMXU1.W.phsC.rangeC.hhLim [CF]
IEDBiogasCHP/MMXU1.W.phsC.rangeC.hhLim.i: 0
IEDBiogasCHP/MMXU1.W.phsC.rangeC.hhLim.f: 0.0
IEDBiogasCHP/MMXU1.W.phsC.rangeC.hLim [CF]
IEDBiogasCHP/MMXU1.W.phsC.rangeC.hLim.i: 0
IEDBiogasCHP/MMXU1.W.phsC.rangeC.hLim.f: 0.0
IEDBiogasCHP/MMXU1.W.phsC.rangeC.lLim [CF]
IEDBiogasCHP/MMXU1.W.phsC.rangeC.lLim.i: 0
IEDBiogasCHP/MMXU1.W.phsC.rangeC.lLim.f: 0.0
IEDBiogasCHP/MMXU1.W.phsC.rangeC.llLim [CF]
IEDBiogasCHP/MMXU1.W.phsC.rangeC.llLim.i: 0
IEDBiogasCHP/MMXU1.W.phsC.rangeC.llLim.f: 0.0
IEDBiogasCHP/MMXU1.W.phsC.rangeC.min [CF]
IEDBiogasCHP/MMXU1.W.phsC.rangeC.min.i: 0
IEDBiogasCHP/MMXU1.W.phsC.rangeC.min.f: 0.0
IEDBiogasCHP/MMXU1.W.phsC.rangeC.max [CF]
IEDBiogasCHP/MMXU1.W.phsC.rangeC.max.i: 0
IEDBiogasCHP/MMXU1.W.phsC.rangeC.max.f: 0.0
IEDBiogasCHP/MMXU1.W.phsC.magSVC [CF]
IEDBiogasCHP/MMXU1.W.phsC.magSVC.scaleFactor: 0.0
IEDBiogasCHP/MMXU1.W.phsC.magSVC.offset: 0.0
IEDBiogasCHP/MMXU1.W.phsC.angSVC [CF]
IEDBiogasCHP/MMXU1.W.phsC.angSVC.scaleFactor: 0.0
IEDBiogasCHP/MMXU1.W.phsC.angSVC.offset: 0.0
IEDBiogasCHP/MMXU1.W.phsC.angRef: 0
IEDBiogasCHP/MMXU1.W.phsC.smpRate: 0
14:23:47.263 [openiec61850-osi-server-7-thread-1] DEBUG com.beanit.openiec61850.ServerAssociation - sub BDA is:IEDBiogasCHP/MMXU1.W.phsC.units.SIUnit: 0
14:23:47.263 [openiec61850-osi-server-7-thread-1] DEBUG com.beanit.openiec61850.ServerAssociation - sub BDA is:IEDBiogasCHP/MMXU1.W.phsC.units.multiplier: 0
14:23:47.263 [openiec61850-osi-server-7-thread-1] DEBUG com.beanit.openiec61850.ServerAssociation - sub BDA is:IEDBiogasCHP/MMXU1.W.phsC.db: 0
14:23:47.263 [openiec61850-osi-server-7-thread-1] DEBUG com.beanit.openiec61850.ServerAssociation - sub BDA is:IEDBiogasCHP/MMXU1.W.phsC.zeroDb: 0
14:23:47.263 [openiec61850-osi-server-7-thread-1] DEBUG com.beanit.openiec61850.ServerAssociation - sub BDA is:IEDBiogasCHP/MMXU1.W.phsC.rangeC.hhLim.i: 0
14:23:47.263 [openiec61850-osi-server-7-thread-1] DEBUG com.beanit.openiec61850.ServerAssociation - sub BDA is:IEDBiogasCHP/MMXU1.W.phsC.rangeC.hhLim.f: 0.0
14:23:47.263 [openiec61850-osi-server-7-thread-1] DEBUG com.beanit.openiec61850.ServerAssociation - sub BDA is:IEDBiogasCHP/MMXU1.W.phsC.rangeC.hLim.i: 0
14:23:47.263 [openiec61850-osi-server-7-thread-1] DEBUG com.beanit.openiec61850.ServerAssociation - sub BDA is:IEDBiogasCHP/MMXU1.W.phsC.rangeC.hLim.f: 0.0
14:23:47.263 [openiec61850-osi-server-7-thread-1] DEBUG com.beanit.openiec61850.ServerAssociation - sub BDA is:IEDBiogasCHP/MMXU1.W.phsC.rangeC.lLim.i: 0
14:23:47.263 [openiec61850-osi-server-7-thread-1] DEBUG com.beanit.openiec61850.ServerAssociation - sub BDA is:IEDBiogasCHP/MMXU1.W.phsC.rangeC.lLim.f: 0.0
14:23:47.263 [openiec61850-osi-server-7-thread-1] DEBUG com.beanit.openiec61850.ServerAssociation - sub BDA is:IEDBiogasCHP/MMXU1.W.phsC.rangeC.llLim.i: 0
14:23:47.263 [openiec61850-osi-server-7-thread-1] DEBUG com.beanit.openiec61850.ServerAssociation - sub BDA is:IEDBiogasCHP/MMXU1.W.phsC.rangeC.llLim.f: 0.0
14:23:47.263 [openiec61850-osi-server-7-thread-1] DEBUG com.beanit.openiec61850.ServerAssociation - sub BDA is:IEDBiogasCHP/MMXU1.W.phsC.rangeC.min.i: 0
14:23:47.263 [openiec61850-osi-server-7-thread-1] DEBUG com.beanit.openiec61850.ServerAssociation - sub BDA is:IEDBiogasCHP/MMXU1.W.phsC.rangeC.min.f: 0.0
14:23:47.263 [openiec61850-osi-server-7-thread-1] DEBUG com.beanit.openiec61850.ServerAssociation - sub BDA is:IEDBiogasCHP/MMXU1.W.phsC.rangeC.max.i: 0
14:23:47.263 [openiec61850-osi-server-7-thread-1] DEBUG com.beanit.openiec61850.ServerAssociation - sub BDA is:IEDBiogasCHP/MMXU1.W.phsC.rangeC.max.f: 0.0
14:23:47.263 [openiec61850-osi-server-7-thread-1] DEBUG com.beanit.openiec61850.ServerAssociation - sub BDA is:IEDBiogasCHP/MMXU1.W.phsC.magSVC.scaleFactor: 0.0
14:23:47.263 [openiec61850-osi-server-7-thread-1] DEBUG com.beanit.openiec61850.ServerAssociation - sub BDA is:IEDBiogasCHP/MMXU1.W.phsC.magSVC.offset: 0.0
14:23:47.263 [openiec61850-osi-server-7-thread-1] DEBUG com.beanit.openiec61850.ServerAssociation - sub BDA is:IEDBiogasCHP/MMXU1.W.phsC.angSVC.scaleFactor: 0.0
14:23:47.263 [openiec61850-osi-server-7-thread-1] DEBUG com.beanit.openiec61850.ServerAssociation - sub BDA is:IEDBiogasCHP/MMXU1.W.phsC.angSVC.offset: 0.0
14:23:47.263 [openiec61850-osi-server-7-thread-1] DEBUG com.beanit.openiec61850.ServerAssociation - sub BDA is:IEDBiogasCHP/MMXU1.W.phsC.angRef: 0
14:23:47.263 [openiec61850-osi-server-7-thread-1] DEBUG com.beanit.openiec61850.ServerAssociation - sub BDA is:IEDBiogasCHP/MMXU1.W.phsC.smpRate: 0
calling GetDataValues(IEDBiogasCHP/MMXU1.W.phsC.units)
14:23:47.263 [openiec61850-osi-server-7-thread-1] DEBUG com.beanit.openiec61850.ServerAssociation - Got a GetDataValues request for node: IEDBiogasCHP/MMXU1.W.phsC.units [CF]
IEDBiogasCHP/MMXU1.W.phsC.units.SIUnit: 0
IEDBiogasCHP/MMXU1.W.phsC.units.multiplier: 0
14:23:47.263 [openiec61850-osi-server-7-thread-1] DEBUG com.beanit.openiec61850.ServerAssociation - sub BDA is:IEDBiogasCHP/MMXU1.W.phsC.units.SIUnit: 0
14:23:47.263 [openiec61850-osi-server-7-thread-1] DEBUG com.beanit.openiec61850.ServerAssociation - sub BDA is:IEDBiogasCHP/MMXU1.W.phsC.units.multiplier: 0
calling GetDataValues(IEDBiogasCHP/MMXU1.W.phsC.units.SIUnit)
14:23:47.263 [openiec61850-osi-server-7-thread-1] DEBUG com.beanit.openiec61850.ServerAssociation - Got a GetDataValues request for node: IEDBiogasCHP/MMXU1.W.phsC.units.SIUnit: 0
calling GetDataValues(IEDBiogasCHP/MMXU1.W.phsC.units.multiplier)
14:23:47.263 [openiec61850-osi-server-7-thread-1] DEBUG com.beanit.openiec61850.ServerAssociation - Got a GetDataValues request for node: IEDBiogasCHP/MMXU1.W.phsC.units.multiplier: 0
calling GetDataValues(IEDBiogasCHP/MMXU1.W.phsC.db)
14:23:47.263 [openiec61850-osi-server-7-thread-1] DEBUG com.beanit.openiec61850.ServerAssociation - Got a GetDataValues request for node: IEDBiogasCHP/MMXU1.W.phsC.db: 0
calling GetDataValues(IEDBiogasCHP/MMXU1.W.phsC.zeroDb)
14:23:47.264 [openiec61850-osi-server-7-thread-1] DEBUG com.beanit.openiec61850.ServerAssociation - Got a GetDataValues request for node: IEDBiogasCHP/MMXU1.W.phsC.zeroDb: 0
calling GetDataValues(IEDBiogasCHP/MMXU1.W.phsC.rangeC)
14:23:47.264 [openiec61850-osi-server-7-thread-1] DEBUG com.beanit.openiec61850.ServerAssociation - Got a GetDataValues request for node: IEDBiogasCHP/MMXU1.W.phsC.rangeC [CF]
IEDBiogasCHP/MMXU1.W.phsC.rangeC.hhLim [CF]
IEDBiogasCHP/MMXU1.W.phsC.rangeC.hhLim.i: 0
IEDBiogasCHP/MMXU1.W.phsC.rangeC.hhLim.f: 0.0
IEDBiogasCHP/MMXU1.W.phsC.rangeC.hLim [CF]
IEDBiogasCHP/MMXU1.W.phsC.rangeC.hLim.i: 0
IEDBiogasCHP/MMXU1.W.phsC.rangeC.hLim.f: 0.0
IEDBiogasCHP/MMXU1.W.phsC.rangeC.lLim [CF]
IEDBiogasCHP/MMXU1.W.phsC.rangeC.lLim.i: 0
IEDBiogasCHP/MMXU1.W.phsC.rangeC.lLim.f: 0.0
IEDBiogasCHP/MMXU1.W.phsC.rangeC.llLim [CF]
IEDBiogasCHP/MMXU1.W.phsC.rangeC.llLim.i: 0
IEDBiogasCHP/MMXU1.W.phsC.rangeC.llLim.f: 0.0
IEDBiogasCHP/MMXU1.W.phsC.rangeC.min [CF]
IEDBiogasCHP/MMXU1.W.phsC.rangeC.min.i: 0
IEDBiogasCHP/MMXU1.W.phsC.rangeC.min.f: 0.0
IEDBiogasCHP/MMXU1.W.phsC.rangeC.max [CF]
IEDBiogasCHP/MMXU1.W.phsC.rangeC.max.i: 0
IEDBiogasCHP/MMXU1.W.phsC.rangeC.max.f: 0.0
14:23:47.264 [openiec61850-osi-server-7-thread-1] DEBUG com.beanit.openiec61850.ServerAssociation - sub BDA is:IEDBiogasCHP/MMXU1.W.phsC.rangeC.hhLim.i: 0
14:23:47.264 [openiec61850-osi-server-7-thread-1] DEBUG com.beanit.openiec61850.ServerAssociation - sub BDA is:IEDBiogasCHP/MMXU1.W.phsC.rangeC.hhLim.f: 0.0
14:23:47.264 [openiec61850-osi-server-7-thread-1] DEBUG com.beanit.openiec61850.ServerAssociation - sub BDA is:IEDBiogasCHP/MMXU1.W.phsC.rangeC.hLim.i: 0
14:23:47.264 [openiec61850-osi-server-7-thread-1] DEBUG com.beanit.openiec61850.ServerAssociation - sub BDA is:IEDBiogasCHP/MMXU1.W.phsC.rangeC.hLim.f: 0.0
14:23:47.264 [openiec61850-osi-server-7-thread-1] DEBUG com.beanit.openiec61850.ServerAssociation - sub BDA is:IEDBiogasCHP/MMXU1.W.phsC.rangeC.lLim.i: 0
14:23:47.264 [openiec61850-osi-server-7-thread-1] DEBUG com.beanit.openiec61850.ServerAssociation - sub BDA is:IEDBiogasCHP/MMXU1.W.phsC.rangeC.lLim.f: 0.0
14:23:47.264 [openiec61850-osi-server-7-thread-1] DEBUG com.beanit.openiec61850.ServerAssociation - sub BDA is:IEDBiogasCHP/MMXU1.W.phsC.rangeC.llLim.i: 0
14:23:47.264 [openiec61850-osi-server-7-thread-1] DEBUG com.beanit.openiec61850.ServerAssociation - sub BDA is:IEDBiogasCHP/MMXU1.W.phsC.rangeC.llLim.f: 0.0
14:23:47.264 [openiec61850-osi-server-7-thread-1] DEBUG com.beanit.openiec61850.ServerAssociation - sub BDA is:IEDBiogasCHP/MMXU1.W.phsC.rangeC.min.i: 0
14:23:47.264 [openiec61850-osi-server-7-thread-1] DEBUG com.beanit.openiec61850.ServerAssociation - sub BDA is:IEDBiogasCHP/MMXU1.W.phsC.rangeC.min.f: 0.0
14:23:47.264 [openiec61850-osi-server-7-thread-1] DEBUG com.beanit.openiec61850.ServerAssociation - sub BDA is:IEDBiogasCHP/MMXU1.W.phsC.rangeC.max.i: 0
14:23:47.264 [openiec61850-osi-server-7-thread-1] DEBUG com.beanit.openiec61850.ServerAssociation - sub BDA is:IEDBiogasCHP/MMXU1.W.phsC.rangeC.max.f: 0.0
calling GetDataValues(IEDBiogasCHP/MMXU1.W.phsC.rangeC.hhLim)
14:23:47.264 [openiec61850-osi-server-7-thread-1] DEBUG com.beanit.openiec61850.ServerAssociation - Got a GetDataValues request for node: IEDBiogasCHP/MMXU1.W.phsC.rangeC.hhLim [CF]
IEDBiogasCHP/MMXU1.W.phsC.rangeC.hhLim.i: 0
IEDBiogasCHP/MMXU1.W.phsC.rangeC.hhLim.f: 0.0
14:23:47.264 [openiec61850-osi-server-7-thread-1] DEBUG com.beanit.openiec61850.ServerAssociation - sub BDA is:IEDBiogasCHP/MMXU1.W.phsC.rangeC.hhLim.i: 0
14:23:47.264 [openiec61850-osi-server-7-thread-1] DEBUG com.beanit.openiec61850.ServerAssociation - sub BDA is:IEDBiogasCHP/MMXU1.W.phsC.rangeC.hhLim.f: 0.0
calling GetDataValues(IEDBiogasCHP/MMXU1.W.phsC.rangeC.hhLim.i)
14:23:47.264 [openiec61850-osi-server-7-thread-1] DEBUG com.beanit.openiec61850.ServerAssociation - Got a GetDataValues request for node: IEDBiogasCHP/MMXU1.W.phsC.rangeC.hhLim.i: 0
calling GetDataValues(IEDBiogasCHP/MMXU1.W.phsC.rangeC.hhLim.f)
14:23:47.264 [openiec61850-osi-server-7-thread-1] DEBUG com.beanit.openiec61850.ServerAssociation - Got a GetDataValues request for node: IEDBiogasCHP/MMXU1.W.phsC.rangeC.hhLim.f: 0.0
calling GetDataValues(IEDBiogasCHP/MMXU1.W.phsC.rangeC.hLim)
14:23:47.264 [openiec61850-osi-server-7-thread-1] DEBUG com.beanit.openiec61850.ServerAssociation - Got a GetDataValues request for node: IEDBiogasCHP/MMXU1.W.phsC.rangeC.hLim [CF]
IEDBiogasCHP/MMXU1.W.phsC.rangeC.hLim.i: 0
IEDBiogasCHP/MMXU1.W.phsC.rangeC.hLim.f: 0.0
14:23:47.264 [openiec61850-osi-server-7-thread-1] DEBUG com.beanit.openiec61850.ServerAssociation - sub BDA is:IEDBiogasCHP/MMXU1.W.phsC.rangeC.hLim.i: 0
14:23:47.264 [openiec61850-osi-server-7-thread-1] DEBUG com.beanit.openiec61850.ServerAssociation - sub BDA is:IEDBiogasCHP/MMXU1.W.phsC.rangeC.hLim.f: 0.0
calling GetDataValues(IEDBiogasCHP/MMXU1.W.phsC.rangeC.hLim.i)
14:23:47.264 [openiec61850-osi-server-7-thread-1] DEBUG com.beanit.openiec61850.ServerAssociation - Got a GetDataValues request for node: IEDBiogasCHP/MMXU1.W.phsC.rangeC.hLim.i: 0
calling GetDataValues(IEDBiogasCHP/MMXU1.W.phsC.rangeC.hLim.f)
14:23:47.265 [openiec61850-osi-server-7-thread-1] DEBUG com.beanit.openiec61850.ServerAssociation - Got a GetDataValues request for node: IEDBiogasCHP/MMXU1.W.phsC.rangeC.hLim.f: 0.0
calling GetDataValues(IEDBiogasCHP/MMXU1.W.phsC.rangeC.lLim)
14:23:47.265 [openiec61850-osi-server-7-thread-1] DEBUG com.beanit.openiec61850.ServerAssociation - Got a GetDataValues request for node: IEDBiogasCHP/MMXU1.W.phsC.rangeC.lLim [CF]
IEDBiogasCHP/MMXU1.W.phsC.rangeC.lLim.i: 0
IEDBiogasCHP/MMXU1.W.phsC.rangeC.lLim.f: 0.0
14:23:47.265 [openiec61850-osi-server-7-thread-1] DEBUG com.beanit.openiec61850.ServerAssociation - sub BDA is:IEDBiogasCHP/MMXU1.W.phsC.rangeC.lLim.i: 0
14:23:47.265 [openiec61850-osi-server-7-thread-1] DEBUG com.beanit.openiec61850.ServerAssociation - sub BDA is:IEDBiogasCHP/MMXU1.W.phsC.rangeC.lLim.f: 0.0
calling GetDataValues(IEDBiogasCHP/MMXU1.W.phsC.rangeC.lLim.i)
14:23:47.265 [openiec61850-osi-server-7-thread-1] DEBUG com.beanit.openiec61850.ServerAssociation - Got a GetDataValues request for node: IEDBiogasCHP/MMXU1.W.phsC.rangeC.lLim.i: 0
calling GetDataValues(IEDBiogasCHP/MMXU1.W.phsC.rangeC.lLim.f)
14:23:47.265 [openiec61850-osi-server-7-thread-1] DEBUG com.beanit.openiec61850.ServerAssociation - Got a GetDataValues request for node: IEDBiogasCHP/MMXU1.W.phsC.rangeC.lLim.f: 0.0
calling GetDataValues(IEDBiogasCHP/MMXU1.W.phsC.rangeC.llLim)
14:23:47.265 [openiec61850-osi-server-7-thread-1] DEBUG com.beanit.openiec61850.ServerAssociation - Got a GetDataValues request for node: IEDBiogasCHP/MMXU1.W.phsC.rangeC.llLim [CF]
IEDBiogasCHP/MMXU1.W.phsC.rangeC.llLim.i: 0
IEDBiogasCHP/MMXU1.W.phsC.rangeC.llLim.f: 0.0
14:23:47.265 [openiec61850-osi-server-7-thread-1] DEBUG com.beanit.openiec61850.ServerAssociation - sub BDA is:IEDBiogasCHP/MMXU1.W.phsC.rangeC.llLim.i: 0
14:23:47.265 [openiec61850-osi-server-7-thread-1] DEBUG com.beanit.openiec61850.ServerAssociation - sub BDA is:IEDBiogasCHP/MMXU1.W.phsC.rangeC.llLim.f: 0.0
calling GetDataValues(IEDBiogasCHP/MMXU1.W.phsC.rangeC.llLim.i)
14:23:47.265 [openiec61850-osi-server-7-thread-1] DEBUG com.beanit.openiec61850.ServerAssociation - Got a GetDataValues request for node: IEDBiogasCHP/MMXU1.W.phsC.rangeC.llLim.i: 0
calling GetDataValues(IEDBiogasCHP/MMXU1.W.phsC.rangeC.llLim.f)
14:23:47.265 [openiec61850-osi-server-7-thread-1] DEBUG com.beanit.openiec61850.ServerAssociation - Got a GetDataValues request for node: IEDBiogasCHP/MMXU1.W.phsC.rangeC.llLim.f: 0.0
calling GetDataValues(IEDBiogasCHP/MMXU1.W.phsC.rangeC.min)
14:23:47.265 [openiec61850-osi-server-7-thread-1] DEBUG com.beanit.openiec61850.ServerAssociation - Got a GetDataValues request for node: IEDBiogasCHP/MMXU1.W.phsC.rangeC.min [CF]
IEDBiogasCHP/MMXU1.W.phsC.rangeC.min.i: 0
IEDBiogasCHP/MMXU1.W.phsC.rangeC.min.f: 0.0
14:23:47.265 [openiec61850-osi-server-7-thread-1] DEBUG com.beanit.openiec61850.ServerAssociation - sub BDA is:IEDBiogasCHP/MMXU1.W.phsC.rangeC.min.i: 0
14:23:47.265 [openiec61850-osi-server-7-thread-1] DEBUG com.beanit.openiec61850.ServerAssociation - sub BDA is:IEDBiogasCHP/MMXU1.W.phsC.rangeC.min.f: 0.0
calling GetDataValues(IEDBiogasCHP/MMXU1.W.phsC.rangeC.min.i)
14:23:47.266 [openiec61850-osi-server-7-thread-1] DEBUG com.beanit.openiec61850.ServerAssociation - Got a GetDataValues request for node: IEDBiogasCHP/MMXU1.W.phsC.rangeC.min.i: 0
calling GetDataValues(IEDBiogasCHP/MMXU1.W.phsC.rangeC.min.f)
14:23:47.266 [openiec61850-osi-server-7-thread-1] DEBUG com.beanit.openiec61850.ServerAssociation - Got a GetDataValues request for node: IEDBiogasCHP/MMXU1.W.phsC.rangeC.min.f: 0.0
calling GetDataValues(IEDBiogasCHP/MMXU1.W.phsC.rangeC.max)
14:23:47.266 [openiec61850-osi-server-7-thread-1] DEBUG com.beanit.openiec61850.ServerAssociation - Got a GetDataValues request for node: IEDBiogasCHP/MMXU1.W.phsC.rangeC.max [CF]
IEDBiogasCHP/MMXU1.W.phsC.rangeC.max.i: 0
IEDBiogasCHP/MMXU1.W.phsC.rangeC.max.f: 0.0
14:23:47.266 [openiec61850-osi-server-7-thread-1] DEBUG com.beanit.openiec61850.ServerAssociation - sub BDA is:IEDBiogasCHP/MMXU1.W.phsC.rangeC.max.i: 0
14:23:47.266 [openiec61850-osi-server-7-thread-1] DEBUG com.beanit.openiec61850.ServerAssociation - sub BDA is:IEDBiogasCHP/MMXU1.W.phsC.rangeC.max.f: 0.0
calling GetDataValues(IEDBiogasCHP/MMXU1.W.phsC.rangeC.max.i)
14:23:47.266 [openiec61850-osi-server-7-thread-1] DEBUG com.beanit.openiec61850.ServerAssociation - Got a GetDataValues request for node: IEDBiogasCHP/MMXU1.W.phsC.rangeC.max.i: 0
calling GetDataValues(IEDBiogasCHP/MMXU1.W.phsC.rangeC.max.f)
14:23:47.266 [openiec61850-osi-server-7-thread-1] DEBUG com.beanit.openiec61850.ServerAssociation - Got a GetDataValues request for node: IEDBiogasCHP/MMXU1.W.phsC.rangeC.max.f: 0.0
calling GetDataValues(IEDBiogasCHP/MMXU1.W.phsC.magSVC)
14:23:47.266 [openiec61850-osi-server-7-thread-1] DEBUG com.beanit.openiec61850.ServerAssociation - Got a GetDataValues request for node: IEDBiogasCHP/MMXU1.W.phsC.magSVC [CF]
IEDBiogasCHP/MMXU1.W.phsC.magSVC.scaleFactor: 0.0
IEDBiogasCHP/MMXU1.W.phsC.magSVC.offset: 0.0
14:23:47.266 [openiec61850-osi-server-7-thread-1] DEBUG com.beanit.openiec61850.ServerAssociation - sub BDA is:IEDBiogasCHP/MMXU1.W.phsC.magSVC.scaleFactor: 0.0
14:23:47.266 [openiec61850-osi-server-7-thread-1] DEBUG com.beanit.openiec61850.ServerAssociation - sub BDA is:IEDBiogasCHP/MMXU1.W.phsC.magSVC.offset: 0.0
calling GetDataValues(IEDBiogasCHP/MMXU1.W.phsC.magSVC.scaleFactor)
14:23:47.266 [openiec61850-osi-server-7-thread-1] DEBUG com.beanit.openiec61850.ServerAssociation - Got a GetDataValues request for node: IEDBiogasCHP/MMXU1.W.phsC.magSVC.scaleFactor: 0.0
calling GetDataValues(IEDBiogasCHP/MMXU1.W.phsC.magSVC.offset)
14:23:47.266 [openiec61850-osi-server-7-thread-1] DEBUG com.beanit.openiec61850.ServerAssociation - Got a GetDataValues request for node: IEDBiogasCHP/MMXU1.W.phsC.magSVC.offset: 0.0
calling GetDataValues(IEDBiogasCHP/MMXU1.W.phsC.angSVC)
14:23:47.267 [openiec61850-osi-server-7-thread-1] DEBUG com.beanit.openiec61850.ServerAssociation - Got a GetDataValues request for node: IEDBiogasCHP/MMXU1.W.phsC.angSVC [CF]
IEDBiogasCHP/MMXU1.W.phsC.angSVC.scaleFactor: 0.0
IEDBiogasCHP/MMXU1.W.phsC.angSVC.offset: 0.0
14:23:47.267 [openiec61850-osi-server-7-thread-1] DEBUG com.beanit.openiec61850.ServerAssociation - sub BDA is:IEDBiogasCHP/MMXU1.W.phsC.angSVC.scaleFactor: 0.0
14:23:47.267 [openiec61850-osi-server-7-thread-1] DEBUG com.beanit.openiec61850.ServerAssociation - sub BDA is:IEDBiogasCHP/MMXU1.W.phsC.angSVC.offset: 0.0
calling GetDataValues(IEDBiogasCHP/MMXU1.W.phsC.angSVC.scaleFactor)
14:23:47.267 [openiec61850-osi-server-7-thread-1] DEBUG com.beanit.openiec61850.ServerAssociation - Got a GetDataValues request for node: IEDBiogasCHP/MMXU1.W.phsC.angSVC.scaleFactor: 0.0
calling GetDataValues(IEDBiogasCHP/MMXU1.W.phsC.angSVC.offset)
14:23:47.267 [openiec61850-osi-server-7-thread-1] DEBUG com.beanit.openiec61850.ServerAssociation - Got a GetDataValues request for node: IEDBiogasCHP/MMXU1.W.phsC.angSVC.offset: 0.0
calling GetDataValues(IEDBiogasCHP/MMXU1.W.phsC.angRef)
14:23:47.267 [openiec61850-osi-server-7-thread-1] DEBUG com.beanit.openiec61850.ServerAssociation - Got a GetDataValues request for node: IEDBiogasCHP/MMXU1.W.phsC.angRef: 0
calling GetDataValues(IEDBiogasCHP/MMXU1.W.phsC.smpRate)
14:23:47.267 [openiec61850-osi-server-7-thread-1] DEBUG com.beanit.openiec61850.ServerAssociation - Got a GetDataValues request for node: IEDBiogasCHP/MMXU1.W.phsC.smpRate: 0
calling GetDataValues(IEDBiogasCHP/MMXU1.W.neut)
14:23:47.267 [openiec61850-osi-server-7-thread-1] DEBUG com.beanit.openiec61850.ServerAssociation - Got a GetDataValues request for node: IEDBiogasCHP/MMXU1.W.neut [CF]
IEDBiogasCHP/MMXU1.W.neut.units [CF]
IEDBiogasCHP/MMXU1.W.neut.units.SIUnit: 0
IEDBiogasCHP/MMXU1.W.neut.units.multiplier: 0
IEDBiogasCHP/MMXU1.W.neut.db: 0
IEDBiogasCHP/MMXU1.W.neut.zeroDb: 0
IEDBiogasCHP/MMXU1.W.neut.rangeC [CF]
IEDBiogasCHP/MMXU1.W.neut.rangeC.hhLim [CF]
IEDBiogasCHP/MMXU1.W.neut.rangeC.hhLim.i: 0
IEDBiogasCHP/MMXU1.W.neut.rangeC.hhLim.f: 0.0
IEDBiogasCHP/MMXU1.W.neut.rangeC.hLim [CF]
IEDBiogasCHP/MMXU1.W.neut.rangeC.hLim.i: 0
IEDBiogasCHP/MMXU1.W.neut.rangeC.hLim.f: 0.0
IEDBiogasCHP/MMXU1.W.neut.rangeC.lLim [CF]
IEDBiogasCHP/MMXU1.W.neut.rangeC.lLim.i: 0
IEDBiogasCHP/MMXU1.W.neut.rangeC.lLim.f: 0.0
IEDBiogasCHP/MMXU1.W.neut.rangeC.llLim [CF]
IEDBiogasCHP/MMXU1.W.neut.rangeC.llLim.i: 0
IEDBiogasCHP/MMXU1.W.neut.rangeC.llLim.f: 0.0
IEDBiogasCHP/MMXU1.W.neut.rangeC.min [CF]
IEDBiogasCHP/MMXU1.W.neut.rangeC.min.i: 0
IEDBiogasCHP/MMXU1.W.neut.rangeC.min.f: 0.0
IEDBiogasCHP/MMXU1.W.neut.rangeC.max [CF]
IEDBiogasCHP/MMXU1.W.neut.rangeC.max.i: 0
IEDBiogasCHP/MMXU1.W.neut.rangeC.max.f: 0.0
IEDBiogasCHP/MMXU1.W.neut.magSVC [CF]
IEDBiogasCHP/MMXU1.W.neut.magSVC.scaleFactor: 0.0
IEDBiogasCHP/MMXU1.W.neut.magSVC.offset: 0.0
IEDBiogasCHP/MMXU1.W.neut.angSVC [CF]
IEDBiogasCHP/MMXU1.W.neut.angSVC.scaleFactor: 0.0
IEDBiogasCHP/MMXU1.W.neut.angSVC.offset: 0.0
IEDBiogasCHP/MMXU1.W.neut.angRef: 0
IEDBiogasCHP/MMXU1.W.neut.smpRate: 0
14:23:47.267 [openiec61850-osi-server-7-thread-1] DEBUG com.beanit.openiec61850.ServerAssociation - sub BDA is:IEDBiogasCHP/MMXU1.W.neut.units.SIUnit: 0
14:23:47.267 [openiec61850-osi-server-7-thread-1] DEBUG com.beanit.openiec61850.ServerAssociation - sub BDA is:IEDBiogasCHP/MMXU1.W.neut.units.multiplier: 0
14:23:47.267 [openiec61850-osi-server-7-thread-1] DEBUG com.beanit.openiec61850.ServerAssociation - sub BDA is:IEDBiogasCHP/MMXU1.W.neut.db: 0
14:23:47.267 [openiec61850-osi-server-7-thread-1] DEBUG com.beanit.openiec61850.ServerAssociation - sub BDA is:IEDBiogasCHP/MMXU1.W.neut.zeroDb: 0
14:23:47.267 [openiec61850-osi-server-7-thread-1] DEBUG com.beanit.openiec61850.ServerAssociation - sub BDA is:IEDBiogasCHP/MMXU1.W.neut.rangeC.hhLim.i: 0
14:23:47.267 [openiec61850-osi-server-7-thread-1] DEBUG com.beanit.openiec61850.ServerAssociation - sub BDA is:IEDBiogasCHP/MMXU1.W.neut.rangeC.hhLim.f: 0.0
14:23:47.267 [openiec61850-osi-server-7-thread-1] DEBUG com.beanit.openiec61850.ServerAssociation - sub BDA is:IEDBiogasCHP/MMXU1.W.neut.rangeC.hLim.i: 0
14:23:47.267 [openiec61850-osi-server-7-thread-1] DEBUG com.beanit.openiec61850.ServerAssociation - sub BDA is:IEDBiogasCHP/MMXU1.W.neut.rangeC.hLim.f: 0.0
14:23:47.267 [openiec61850-osi-server-7-thread-1] DEBUG com.beanit.openiec61850.ServerAssociation - sub BDA is:IEDBiogasCHP/MMXU1.W.neut.rangeC.lLim.i: 0
14:23:47.267 [openiec61850-osi-server-7-thread-1] DEBUG com.beanit.openiec61850.ServerAssociation - sub BDA is:IEDBiogasCHP/MMXU1.W.neut.rangeC.lLim.f: 0.0
14:23:47.267 [openiec61850-osi-server-7-thread-1] DEBUG com.beanit.openiec61850.ServerAssociation - sub BDA is:IEDBiogasCHP/MMXU1.W.neut.rangeC.llLim.i: 0
14:23:47.267 [openiec61850-osi-server-7-thread-1] DEBUG com.beanit.openiec61850.ServerAssociation - sub BDA is:IEDBiogasCHP/MMXU1.W.neut.rangeC.llLim.f: 0.0
14:23:47.267 [openiec61850-osi-server-7-thread-1] DEBUG com.beanit.openiec61850.ServerAssociation - sub BDA is:IEDBiogasCHP/MMXU1.W.neut.rangeC.min.i: 0
14:23:47.267 [openiec61850-osi-server-7-thread-1] DEBUG com.beanit.openiec61850.ServerAssociation - sub BDA is:IEDBiogasCHP/MMXU1.W.neut.rangeC.min.f: 0.0
14:23:47.267 [openiec61850-osi-server-7-thread-1] DEBUG com.beanit.openiec61850.ServerAssociation - sub BDA is:IEDBiogasCHP/MMXU1.W.neut.rangeC.max.i: 0
14:23:47.267 [openiec61850-osi-server-7-thread-1] DEBUG com.beanit.openiec61850.ServerAssociation - sub BDA is:IEDBiogasCHP/MMXU1.W.neut.rangeC.max.f: 0.0
14:23:47.267 [openiec61850-osi-server-7-thread-1] DEBUG com.beanit.openiec61850.ServerAssociation - sub BDA is:IEDBiogasCHP/MMXU1.W.neut.magSVC.scaleFactor: 0.0
14:23:47.267 [openiec61850-osi-server-7-thread-1] DEBUG com.beanit.openiec61850.ServerAssociation - sub BDA is:IEDBiogasCHP/MMXU1.W.neut.magSVC.offset: 0.0
14:23:47.267 [openiec61850-osi-server-7-thread-1] DEBUG com.beanit.openiec61850.ServerAssociation - sub BDA is:IEDBiogasCHP/MMXU1.W.neut.angSVC.scaleFactor: 0.0
14:23:47.267 [openiec61850-osi-server-7-thread-1] DEBUG com.beanit.openiec61850.ServerAssociation - sub BDA is:IEDBiogasCHP/MMXU1.W.neut.angSVC.offset: 0.0
14:23:47.267 [openiec61850-osi-server-7-thread-1] DEBUG com.beanit.openiec61850.ServerAssociation - sub BDA is:IEDBiogasCHP/MMXU1.W.neut.angRef: 0
14:23:47.267 [openiec61850-osi-server-7-thread-1] DEBUG com.beanit.openiec61850.ServerAssociation - sub BDA is:IEDBiogasCHP/MMXU1.W.neut.smpRate: 0
calling GetDataValues(IEDBiogasCHP/MMXU1.W.neut.units)
14:23:47.267 [openiec61850-osi-server-7-thread-1] DEBUG com.beanit.openiec61850.ServerAssociation - Got a GetDataValues request for node: IEDBiogasCHP/MMXU1.W.neut.units [CF]
IEDBiogasCHP/MMXU1.W.neut.units.SIUnit: 0
IEDBiogasCHP/MMXU1.W.neut.units.multiplier: 0
14:23:47.267 [openiec61850-osi-server-7-thread-1] DEBUG com.beanit.openiec61850.ServerAssociation - sub BDA is:IEDBiogasCHP/MMXU1.W.neut.units.SIUnit: 0
14:23:47.267 [openiec61850-osi-server-7-thread-1] DEBUG com.beanit.openiec61850.ServerAssociation - sub BDA is:IEDBiogasCHP/MMXU1.W.neut.units.multiplier: 0
calling GetDataValues(IEDBiogasCHP/MMXU1.W.neut.units.SIUnit)
14:23:47.268 [openiec61850-osi-server-7-thread-1] DEBUG com.beanit.openiec61850.ServerAssociation - Got a GetDataValues request for node: IEDBiogasCHP/MMXU1.W.neut.units.SIUnit: 0
calling GetDataValues(IEDBiogasCHP/MMXU1.W.neut.units.multiplier)
14:23:47.268 [openiec61850-osi-server-7-thread-1] DEBUG com.beanit.openiec61850.ServerAssociation - Got a GetDataValues request for node: IEDBiogasCHP/MMXU1.W.neut.units.multiplier: 0
calling GetDataValues(IEDBiogasCHP/MMXU1.W.neut.db)
14:23:47.268 [openiec61850-osi-server-7-thread-1] DEBUG com.beanit.openiec61850.ServerAssociation - Got a GetDataValues request for node: IEDBiogasCHP/MMXU1.W.neut.db: 0
calling GetDataValues(IEDBiogasCHP/MMXU1.W.neut.zeroDb)
14:23:47.268 [openiec61850-osi-server-7-thread-1] DEBUG com.beanit.openiec61850.ServerAssociation - Got a GetDataValues request for node: IEDBiogasCHP/MMXU1.W.neut.zeroDb: 0
calling GetDataValues(IEDBiogasCHP/MMXU1.W.neut.rangeC)
14:23:47.268 [openiec61850-osi-server-7-thread-1] DEBUG com.beanit.openiec61850.ServerAssociation - Got a GetDataValues request for node: IEDBiogasCHP/MMXU1.W.neut.rangeC [CF]
IEDBiogasCHP/MMXU1.W.neut.rangeC.hhLim [CF]
IEDBiogasCHP/MMXU1.W.neut.rangeC.hhLim.i: 0
IEDBiogasCHP/MMXU1.W.neut.rangeC.hhLim.f: 0.0
IEDBiogasCHP/MMXU1.W.neut.rangeC.hLim [CF]
IEDBiogasCHP/MMXU1.W.neut.rangeC.hLim.i: 0
IEDBiogasCHP/MMXU1.W.neut.rangeC.hLim.f: 0.0
IEDBiogasCHP/MMXU1.W.neut.rangeC.lLim [CF]
IEDBiogasCHP/MMXU1.W.neut.rangeC.lLim.i: 0
IEDBiogasCHP/MMXU1.W.neut.rangeC.lLim.f: 0.0
IEDBiogasCHP/MMXU1.W.neut.rangeC.llLim [CF]
IEDBiogasCHP/MMXU1.W.neut.rangeC.llLim.i: 0
IEDBiogasCHP/MMXU1.W.neut.rangeC.llLim.f: 0.0
IEDBiogasCHP/MMXU1.W.neut.rangeC.min [CF]
IEDBiogasCHP/MMXU1.W.neut.rangeC.min.i: 0
IEDBiogasCHP/MMXU1.W.neut.rangeC.min.f: 0.0
IEDBiogasCHP/MMXU1.W.neut.rangeC.max [CF]
IEDBiogasCHP/MMXU1.W.neut.rangeC.max.i: 0
IEDBiogasCHP/MMXU1.W.neut.rangeC.max.f: 0.0
14:23:47.268 [openiec61850-osi-server-7-thread-1] DEBUG com.beanit.openiec61850.ServerAssociation - sub BDA is:IEDBiogasCHP/MMXU1.W.neut.rangeC.hhLim.i: 0
14:23:47.268 [openiec61850-osi-server-7-thread-1] DEBUG com.beanit.openiec61850.ServerAssociation - sub BDA is:IEDBiogasCHP/MMXU1.W.neut.rangeC.hhLim.f: 0.0
14:23:47.268 [openiec61850-osi-server-7-thread-1] DEBUG com.beanit.openiec61850.ServerAssociation - sub BDA is:IEDBiogasCHP/MMXU1.W.neut.rangeC.hLim.i: 0
14:23:47.268 [openiec61850-osi-server-7-thread-1] DEBUG com.beanit.openiec61850.ServerAssociation - sub BDA is:IEDBiogasCHP/MMXU1.W.neut.rangeC.hLim.f: 0.0
14:23:47.268 [openiec61850-osi-server-7-thread-1] DEBUG com.beanit.openiec61850.ServerAssociation - sub BDA is:IEDBiogasCHP/MMXU1.W.neut.rangeC.lLim.i: 0
14:23:47.268 [openiec61850-osi-server-7-thread-1] DEBUG com.beanit.openiec61850.ServerAssociation - sub BDA is:IEDBiogasCHP/MMXU1.W.neut.rangeC.lLim.f: 0.0
14:23:47.268 [openiec61850-osi-server-7-thread-1] DEBUG com.beanit.openiec61850.ServerAssociation - sub BDA is:IEDBiogasCHP/MMXU1.W.neut.rangeC.llLim.i: 0
14:23:47.268 [openiec61850-osi-server-7-thread-1] DEBUG com.beanit.openiec61850.ServerAssociation - sub BDA is:IEDBiogasCHP/MMXU1.W.neut.rangeC.llLim.f: 0.0
14:23:47.268 [openiec61850-osi-server-7-thread-1] DEBUG com.beanit.openiec61850.ServerAssociation - sub BDA is:IEDBiogasCHP/MMXU1.W.neut.rangeC.min.i: 0
14:23:47.268 [openiec61850-osi-server-7-thread-1] DEBUG com.beanit.openiec61850.ServerAssociation - sub BDA is:IEDBiogasCHP/MMXU1.W.neut.rangeC.min.f: 0.0
14:23:47.268 [openiec61850-osi-server-7-thread-1] DEBUG com.beanit.openiec61850.ServerAssociation - sub BDA is:IEDBiogasCHP/MMXU1.W.neut.rangeC.max.i: 0
14:23:47.268 [openiec61850-osi-server-7-thread-1] DEBUG com.beanit.openiec61850.ServerAssociation - sub BDA is:IEDBiogasCHP/MMXU1.W.neut.rangeC.max.f: 0.0
calling GetDataValues(IEDBiogasCHP/MMXU1.W.neut.rangeC.hhLim)
14:23:47.268 [openiec61850-osi-server-7-thread-1] DEBUG com.beanit.openiec61850.ServerAssociation - Got a GetDataValues request for node: IEDBiogasCHP/MMXU1.W.neut.rangeC.hhLim [CF]
IEDBiogasCHP/MMXU1.W.neut.rangeC.hhLim.i: 0
IEDBiogasCHP/MMXU1.W.neut.rangeC.hhLim.f: 0.0
14:23:47.268 [openiec61850-osi-server-7-thread-1] DEBUG com.beanit.openiec61850.ServerAssociation - sub BDA is:IEDBiogasCHP/MMXU1.W.neut.rangeC.hhLim.i: 0
14:23:47.268 [openiec61850-osi-server-7-thread-1] DEBUG com.beanit.openiec61850.ServerAssociation - sub BDA is:IEDBiogasCHP/MMXU1.W.neut.rangeC.hhLim.f: 0.0
calling GetDataValues(IEDBiogasCHP/MMXU1.W.neut.rangeC.hhLim.i)
14:23:47.268 [openiec61850-osi-server-7-thread-1] DEBUG com.beanit.openiec61850.ServerAssociation - Got a GetDataValues request for node: IEDBiogasCHP/MMXU1.W.neut.rangeC.hhLim.i: 0
calling GetDataValues(IEDBiogasCHP/MMXU1.W.neut.rangeC.hhLim.f)
14:23:47.269 [openiec61850-osi-server-7-thread-1] DEBUG com.beanit.openiec61850.ServerAssociation - Got a GetDataValues request for node: IEDBiogasCHP/MMXU1.W.neut.rangeC.hhLim.f: 0.0
calling GetDataValues(IEDBiogasCHP/MMXU1.W.neut.rangeC.hLim)
14:23:47.269 [openiec61850-osi-server-7-thread-1] DEBUG com.beanit.openiec61850.ServerAssociation - Got a GetDataValues request for node: IEDBiogasCHP/MMXU1.W.neut.rangeC.hLim [CF]
IEDBiogasCHP/MMXU1.W.neut.rangeC.hLim.i: 0
IEDBiogasCHP/MMXU1.W.neut.rangeC.hLim.f: 0.0
14:23:47.269 [openiec61850-osi-server-7-thread-1] DEBUG com.beanit.openiec61850.ServerAssociation - sub BDA is:IEDBiogasCHP/MMXU1.W.neut.rangeC.hLim.i: 0
14:23:47.269 [openiec61850-osi-server-7-thread-1] DEBUG com.beanit.openiec61850.ServerAssociation - sub BDA is:IEDBiogasCHP/MMXU1.W.neut.rangeC.hLim.f: 0.0
calling GetDataValues(IEDBiogasCHP/MMXU1.W.neut.rangeC.hLim.i)
14:23:47.269 [openiec61850-osi-server-7-thread-1] DEBUG com.beanit.openiec61850.ServerAssociation - Got a GetDataValues request for node: IEDBiogasCHP/MMXU1.W.neut.rangeC.hLim.i: 0
calling GetDataValues(IEDBiogasCHP/MMXU1.W.neut.rangeC.hLim.f)
14:23:47.269 [openiec61850-osi-server-7-thread-1] DEBUG com.beanit.openiec61850.ServerAssociation - Got a GetDataValues request for node: IEDBiogasCHP/MMXU1.W.neut.rangeC.hLim.f: 0.0
calling GetDataValues(IEDBiogasCHP/MMXU1.W.neut.rangeC.lLim)
14:23:47.269 [openiec61850-osi-server-7-thread-1] DEBUG com.beanit.openiec61850.ServerAssociation - Got a GetDataValues request for node: IEDBiogasCHP/MMXU1.W.neut.rangeC.lLim [CF]
IEDBiogasCHP/MMXU1.W.neut.rangeC.lLim.i: 0
IEDBiogasCHP/MMXU1.W.neut.rangeC.lLim.f: 0.0
14:23:47.269 [openiec61850-osi-server-7-thread-1] DEBUG com.beanit.openiec61850.ServerAssociation - sub BDA is:IEDBiogasCHP/MMXU1.W.neut.rangeC.lLim.i: 0
14:23:47.269 [openiec61850-osi-server-7-thread-1] DEBUG com.beanit.openiec61850.ServerAssociation - sub BDA is:IEDBiogasCHP/MMXU1.W.neut.rangeC.lLim.f: 0.0
calling GetDataValues(IEDBiogasCHP/MMXU1.W.neut.rangeC.lLim.i)
14:23:47.269 [openiec61850-osi-server-7-thread-1] DEBUG com.beanit.openiec61850.ServerAssociation - Got a GetDataValues request for node: IEDBiogasCHP/MMXU1.W.neut.rangeC.lLim.i: 0
calling GetDataValues(IEDBiogasCHP/MMXU1.W.neut.rangeC.lLim.f)
14:23:47.270 [openiec61850-osi-server-7-thread-1] DEBUG com.beanit.openiec61850.ServerAssociation - Got a GetDataValues request for node: IEDBiogasCHP/MMXU1.W.neut.rangeC.lLim.f: 0.0
calling GetDataValues(IEDBiogasCHP/MMXU1.W.neut.rangeC.llLim)
14:23:47.270 [openiec61850-osi-server-7-thread-1] DEBUG com.beanit.openiec61850.ServerAssociation - Got a GetDataValues request for node: IEDBiogasCHP/MMXU1.W.neut.rangeC.llLim [CF]
IEDBiogasCHP/MMXU1.W.neut.rangeC.llLim.i: 0
IEDBiogasCHP/MMXU1.W.neut.rangeC.llLim.f: 0.0
14:23:47.270 [openiec61850-osi-server-7-thread-1] DEBUG com.beanit.openiec61850.ServerAssociation - sub BDA is:IEDBiogasCHP/MMXU1.W.neut.rangeC.llLim.i: 0
14:23:47.270 [openiec61850-osi-server-7-thread-1] DEBUG com.beanit.openiec61850.ServerAssociation - sub BDA is:IEDBiogasCHP/MMXU1.W.neut.rangeC.llLim.f: 0.0
calling GetDataValues(IEDBiogasCHP/MMXU1.W.neut.rangeC.llLim.i)
14:23:47.270 [openiec61850-osi-server-7-thread-1] DEBUG com.beanit.openiec61850.ServerAssociation - Got a GetDataValues request for node: IEDBiogasCHP/MMXU1.W.neut.rangeC.llLim.i: 0
calling GetDataValues(IEDBiogasCHP/MMXU1.W.neut.rangeC.llLim.f)
14:23:47.270 [openiec61850-osi-server-7-thread-1] DEBUG com.beanit.openiec61850.ServerAssociation - Got a GetDataValues request for node: IEDBiogasCHP/MMXU1.W.neut.rangeC.llLim.f: 0.0
calling GetDataValues(IEDBiogasCHP/MMXU1.W.neut.rangeC.min)
14:23:47.270 [openiec61850-osi-server-7-thread-1] DEBUG com.beanit.openiec61850.ServerAssociation - Got a GetDataValues request for node: IEDBiogasCHP/MMXU1.W.neut.rangeC.min [CF]
IEDBiogasCHP/MMXU1.W.neut.rangeC.min.i: 0
IEDBiogasCHP/MMXU1.W.neut.rangeC.min.f: 0.0
14:23:47.270 [openiec61850-osi-server-7-thread-1] DEBUG com.beanit.openiec61850.ServerAssociation - sub BDA is:IEDBiogasCHP/MMXU1.W.neut.rangeC.min.i: 0
14:23:47.270 [openiec61850-osi-server-7-thread-1] DEBUG com.beanit.openiec61850.ServerAssociation - sub BDA is:IEDBiogasCHP/MMXU1.W.neut.rangeC.min.f: 0.0
calling GetDataValues(IEDBiogasCHP/MMXU1.W.neut.rangeC.min.i)
14:23:47.270 [openiec61850-osi-server-7-thread-1] DEBUG com.beanit.openiec61850.ServerAssociation - Got a GetDataValues request for node: IEDBiogasCHP/MMXU1.W.neut.rangeC.min.i: 0
calling GetDataValues(IEDBiogasCHP/MMXU1.W.neut.rangeC.min.f)
14:23:47.270 [openiec61850-osi-server-7-thread-1] DEBUG com.beanit.openiec61850.ServerAssociation - Got a GetDataValues request for node: IEDBiogasCHP/MMXU1.W.neut.rangeC.min.f: 0.0
calling GetDataValues(IEDBiogasCHP/MMXU1.W.neut.rangeC.max)
14:23:47.271 [openiec61850-osi-server-7-thread-1] DEBUG com.beanit.openiec61850.ServerAssociation - Got a GetDataValues request for node: IEDBiogasCHP/MMXU1.W.neut.rangeC.max [CF]
IEDBiogasCHP/MMXU1.W.neut.rangeC.max.i: 0
IEDBiogasCHP/MMXU1.W.neut.rangeC.max.f: 0.0
14:23:47.271 [openiec61850-osi-server-7-thread-1] DEBUG com.beanit.openiec61850.ServerAssociation - sub BDA is:IEDBiogasCHP/MMXU1.W.neut.rangeC.max.i: 0
14:23:47.271 [openiec61850-osi-server-7-thread-1] DEBUG com.beanit.openiec61850.ServerAssociation - sub BDA is:IEDBiogasCHP/MMXU1.W.neut.rangeC.max.f: 0.0
calling GetDataValues(IEDBiogasCHP/MMXU1.W.neut.rangeC.max.i)
14:23:47.271 [openiec61850-osi-server-7-thread-1] DEBUG com.beanit.openiec61850.ServerAssociation - Got a GetDataValues request for node: IEDBiogasCHP/MMXU1.W.neut.rangeC.max.i: 0
calling GetDataValues(IEDBiogasCHP/MMXU1.W.neut.rangeC.max.f)
14:23:47.271 [openiec61850-osi-server-7-thread-1] DEBUG com.beanit.openiec61850.ServerAssociation - Got a GetDataValues request for node: IEDBiogasCHP/MMXU1.W.neut.rangeC.max.f: 0.0
calling GetDataValues(IEDBiogasCHP/MMXU1.W.neut.magSVC)
14:23:47.271 [openiec61850-osi-server-7-thread-1] DEBUG com.beanit.openiec61850.ServerAssociation - Got a GetDataValues request for node: IEDBiogasCHP/MMXU1.W.neut.magSVC [CF]
IEDBiogasCHP/MMXU1.W.neut.magSVC.scaleFactor: 0.0
IEDBiogasCHP/MMXU1.W.neut.magSVC.offset: 0.0
14:23:47.271 [openiec61850-osi-server-7-thread-1] DEBUG com.beanit.openiec61850.ServerAssociation - sub BDA is:IEDBiogasCHP/MMXU1.W.neut.magSVC.scaleFactor: 0.0
14:23:47.271 [openiec61850-osi-server-7-thread-1] DEBUG com.beanit.openiec61850.ServerAssociation - sub BDA is:IEDBiogasCHP/MMXU1.W.neut.magSVC.offset: 0.0
calling GetDataValues(IEDBiogasCHP/MMXU1.W.neut.magSVC.scaleFactor)
14:23:47.271 [openiec61850-osi-server-7-thread-1] DEBUG com.beanit.openiec61850.ServerAssociation - Got a GetDataValues request for node: IEDBiogasCHP/MMXU1.W.neut.magSVC.scaleFactor: 0.0
calling GetDataValues(IEDBiogasCHP/MMXU1.W.neut.magSVC.offset)
14:23:47.271 [openiec61850-osi-server-7-thread-1] DEBUG com.beanit.openiec61850.ServerAssociation - Got a GetDataValues request for node: IEDBiogasCHP/MMXU1.W.neut.magSVC.offset: 0.0
calling GetDataValues(IEDBiogasCHP/MMXU1.W.neut.angSVC)
14:23:47.271 [openiec61850-osi-server-7-thread-1] DEBUG com.beanit.openiec61850.ServerAssociation - Got a GetDataValues request for node: IEDBiogasCHP/MMXU1.W.neut.angSVC [CF]
IEDBiogasCHP/MMXU1.W.neut.angSVC.scaleFactor: 0.0
IEDBiogasCHP/MMXU1.W.neut.angSVC.offset: 0.0
14:23:47.271 [openiec61850-osi-server-7-thread-1] DEBUG com.beanit.openiec61850.ServerAssociation - sub BDA is:IEDBiogasCHP/MMXU1.W.neut.angSVC.scaleFactor: 0.0
14:23:47.271 [openiec61850-osi-server-7-thread-1] DEBUG com.beanit.openiec61850.ServerAssociation - sub BDA is:IEDBiogasCHP/MMXU1.W.neut.angSVC.offset: 0.0
calling GetDataValues(IEDBiogasCHP/MMXU1.W.neut.angSVC.scaleFactor)
14:23:47.271 [openiec61850-osi-server-7-thread-1] DEBUG com.beanit.openiec61850.ServerAssociation - Got a GetDataValues request for node: IEDBiogasCHP/MMXU1.W.neut.angSVC.scaleFactor: 0.0
calling GetDataValues(IEDBiogasCHP/MMXU1.W.neut.angSVC.offset)
14:23:47.272 [openiec61850-osi-server-7-thread-1] DEBUG com.beanit.openiec61850.ServerAssociation - Got a GetDataValues request for node: IEDBiogasCHP/MMXU1.W.neut.angSVC.offset: 0.0
calling GetDataValues(IEDBiogasCHP/MMXU1.W.neut.angRef)
14:23:47.272 [openiec61850-osi-server-7-thread-1] DEBUG com.beanit.openiec61850.ServerAssociation - Got a GetDataValues request for node: IEDBiogasCHP/MMXU1.W.neut.angRef: 0
calling GetDataValues(IEDBiogasCHP/MMXU1.W.neut.smpRate)
14:23:47.272 [openiec61850-osi-server-7-thread-1] DEBUG com.beanit.openiec61850.ServerAssociation - Got a GetDataValues request for node: IEDBiogasCHP/MMXU1.W.neut.smpRate: 0
calling GetDataValues(IEDBiogasCHP/MMXU1.W.net)
14:23:47.272 [openiec61850-osi-server-7-thread-1] DEBUG com.beanit.openiec61850.ServerAssociation - Got a GetDataValues request for node: IEDBiogasCHP/MMXU1.W.net [CF]
IEDBiogasCHP/MMXU1.W.net.units [CF]
IEDBiogasCHP/MMXU1.W.net.units.SIUnit: 0
IEDBiogasCHP/MMXU1.W.net.units.multiplier: 0
IEDBiogasCHP/MMXU1.W.net.db: 0
IEDBiogasCHP/MMXU1.W.net.zeroDb: 0
IEDBiogasCHP/MMXU1.W.net.rangeC [CF]
IEDBiogasCHP/MMXU1.W.net.rangeC.hhLim [CF]
IEDBiogasCHP/MMXU1.W.net.rangeC.hhLim.i: 0
IEDBiogasCHP/MMXU1.W.net.rangeC.hhLim.f: 0.0
IEDBiogasCHP/MMXU1.W.net.rangeC.hLim [CF]
IEDBiogasCHP/MMXU1.W.net.rangeC.hLim.i: 0
IEDBiogasCHP/MMXU1.W.net.rangeC.hLim.f: 0.0
IEDBiogasCHP/MMXU1.W.net.rangeC.lLim [CF]
IEDBiogasCHP/MMXU1.W.net.rangeC.lLim.i: 0
IEDBiogasCHP/MMXU1.W.net.rangeC.lLim.f: 0.0
IEDBiogasCHP/MMXU1.W.net.rangeC.llLim [CF]
IEDBiogasCHP/MMXU1.W.net.rangeC.llLim.i: 0
IEDBiogasCHP/MMXU1.W.net.rangeC.llLim.f: 0.0
IEDBiogasCHP/MMXU1.W.net.rangeC.min [CF]
IEDBiogasCHP/MMXU1.W.net.rangeC.min.i: 0
IEDBiogasCHP/MMXU1.W.net.rangeC.min.f: 0.0
IEDBiogasCHP/MMXU1.W.net.rangeC.max [CF]
IEDBiogasCHP/MMXU1.W.net.rangeC.max.i: 0
IEDBiogasCHP/MMXU1.W.net.rangeC.max.f: 0.0
IEDBiogasCHP/MMXU1.W.net.magSVC [CF]
IEDBiogasCHP/MMXU1.W.net.magSVC.scaleFactor: 0.0
IEDBiogasCHP/MMXU1.W.net.magSVC.offset: 0.0
IEDBiogasCHP/MMXU1.W.net.angSVC [CF]
IEDBiogasCHP/MMXU1.W.net.angSVC.scaleFactor: 0.0
IEDBiogasCHP/MMXU1.W.net.angSVC.offset: 0.0
IEDBiogasCHP/MMXU1.W.net.angRef: 0
IEDBiogasCHP/MMXU1.W.net.smpRate: 0
14:23:47.272 [openiec61850-osi-server-7-thread-1] DEBUG com.beanit.openiec61850.ServerAssociation - sub BDA is:IEDBiogasCHP/MMXU1.W.net.units.SIUnit: 0
14:23:47.272 [openiec61850-osi-server-7-thread-1] DEBUG com.beanit.openiec61850.ServerAssociation - sub BDA is:IEDBiogasCHP/MMXU1.W.net.units.multiplier: 0
14:23:47.272 [openiec61850-osi-server-7-thread-1] DEBUG com.beanit.openiec61850.ServerAssociation - sub BDA is:IEDBiogasCHP/MMXU1.W.net.db: 0
14:23:47.272 [openiec61850-osi-server-7-thread-1] DEBUG com.beanit.openiec61850.ServerAssociation - sub BDA is:IEDBiogasCHP/MMXU1.W.net.zeroDb: 0
14:23:47.272 [openiec61850-osi-server-7-thread-1] DEBUG com.beanit.openiec61850.ServerAssociation - sub BDA is:IEDBiogasCHP/MMXU1.W.net.rangeC.hhLim.i: 0
14:23:47.272 [openiec61850-osi-server-7-thread-1] DEBUG com.beanit.openiec61850.ServerAssociation - sub BDA is:IEDBiogasCHP/MMXU1.W.net.rangeC.hhLim.f: 0.0
14:23:47.272 [openiec61850-osi-server-7-thread-1] DEBUG com.beanit.openiec61850.ServerAssociation - sub BDA is:IEDBiogasCHP/MMXU1.W.net.rangeC.hLim.i: 0
14:23:47.272 [openiec61850-osi-server-7-thread-1] DEBUG com.beanit.openiec61850.ServerAssociation - sub BDA is:IEDBiogasCHP/MMXU1.W.net.rangeC.hLim.f: 0.0
14:23:47.272 [openiec61850-osi-server-7-thread-1] DEBUG com.beanit.openiec61850.ServerAssociation - sub BDA is:IEDBiogasCHP/MMXU1.W.net.rangeC.lLim.i: 0
14:23:47.272 [openiec61850-osi-server-7-thread-1] DEBUG com.beanit.openiec61850.ServerAssociation - sub BDA is:IEDBiogasCHP/MMXU1.W.net.rangeC.lLim.f: 0.0
14:23:47.272 [openiec61850-osi-server-7-thread-1] DEBUG com.beanit.openiec61850.ServerAssociation - sub BDA is:IEDBiogasCHP/MMXU1.W.net.rangeC.llLim.i: 0
14:23:47.272 [openiec61850-osi-server-7-thread-1] DEBUG com.beanit.openiec61850.ServerAssociation - sub BDA is:IEDBiogasCHP/MMXU1.W.net.rangeC.llLim.f: 0.0
14:23:47.272 [openiec61850-osi-server-7-thread-1] DEBUG com.beanit.openiec61850.ServerAssociation - sub BDA is:IEDBiogasCHP/MMXU1.W.net.rangeC.min.i: 0
14:23:47.272 [openiec61850-osi-server-7-thread-1] DEBUG com.beanit.openiec61850.ServerAssociation - sub BDA is:IEDBiogasCHP/MMXU1.W.net.rangeC.min.f: 0.0
14:23:47.272 [openiec61850-osi-server-7-thread-1] DEBUG com.beanit.openiec61850.ServerAssociation - sub BDA is:IEDBiogasCHP/MMXU1.W.net.rangeC.max.i: 0
14:23:47.272 [openiec61850-osi-server-7-thread-1] DEBUG com.beanit.openiec61850.ServerAssociation - sub BDA is:IEDBiogasCHP/MMXU1.W.net.rangeC.max.f: 0.0
14:23:47.272 [openiec61850-osi-server-7-thread-1] DEBUG com.beanit.openiec61850.ServerAssociation - sub BDA is:IEDBiogasCHP/MMXU1.W.net.magSVC.scaleFactor: 0.0
14:23:47.272 [openiec61850-osi-server-7-thread-1] DEBUG com.beanit.openiec61850.ServerAssociation - sub BDA is:IEDBiogasCHP/MMXU1.W.net.magSVC.offset: 0.0
14:23:47.272 [openiec61850-osi-server-7-thread-1] DEBUG com.beanit.openiec61850.ServerAssociation - sub BDA is:IEDBiogasCHP/MMXU1.W.net.angSVC.scaleFactor: 0.0
14:23:47.272 [openiec61850-osi-server-7-thread-1] DEBUG com.beanit.openiec61850.ServerAssociation - sub BDA is:IEDBiogasCHP/MMXU1.W.net.angSVC.offset: 0.0
14:23:47.272 [openiec61850-osi-server-7-thread-1] DEBUG com.beanit.openiec61850.ServerAssociation - sub BDA is:IEDBiogasCHP/MMXU1.W.net.angRef: 0
14:23:47.272 [openiec61850-osi-server-7-thread-1] DEBUG com.beanit.openiec61850.ServerAssociation - sub BDA is:IEDBiogasCHP/MMXU1.W.net.smpRate: 0
calling GetDataValues(IEDBiogasCHP/MMXU1.W.net.units)
14:23:47.272 [openiec61850-osi-server-7-thread-1] DEBUG com.beanit.openiec61850.ServerAssociation - Got a GetDataValues request for node: IEDBiogasCHP/MMXU1.W.net.units [CF]
IEDBiogasCHP/MMXU1.W.net.units.SIUnit: 0
IEDBiogasCHP/MMXU1.W.net.units.multiplier: 0
14:23:47.272 [openiec61850-osi-server-7-thread-1] DEBUG com.beanit.openiec61850.ServerAssociation - sub BDA is:IEDBiogasCHP/MMXU1.W.net.units.SIUnit: 0
14:23:47.272 [openiec61850-osi-server-7-thread-1] DEBUG com.beanit.openiec61850.ServerAssociation - sub BDA is:IEDBiogasCHP/MMXU1.W.net.units.multiplier: 0
calling GetDataValues(IEDBiogasCHP/MMXU1.W.net.units.SIUnit)
14:23:47.272 [openiec61850-osi-server-7-thread-1] DEBUG com.beanit.openiec61850.ServerAssociation - Got a GetDataValues request for node: IEDBiogasCHP/MMXU1.W.net.units.SIUnit: 0
calling GetDataValues(IEDBiogasCHP/MMXU1.W.net.units.multiplier)
14:23:47.273 [openiec61850-osi-server-7-thread-1] DEBUG com.beanit.openiec61850.ServerAssociation - Got a GetDataValues request for node: IEDBiogasCHP/MMXU1.W.net.units.multiplier: 0
calling GetDataValues(IEDBiogasCHP/MMXU1.W.net.db)
14:23:47.273 [openiec61850-osi-server-7-thread-1] DEBUG com.beanit.openiec61850.ServerAssociation - Got a GetDataValues request for node: IEDBiogasCHP/MMXU1.W.net.db: 0
calling GetDataValues(IEDBiogasCHP/MMXU1.W.net.zeroDb)
14:23:47.273 [openiec61850-osi-server-7-thread-1] DEBUG com.beanit.openiec61850.ServerAssociation - Got a GetDataValues request for node: IEDBiogasCHP/MMXU1.W.net.zeroDb: 0
calling GetDataValues(IEDBiogasCHP/MMXU1.W.net.rangeC)
14:23:47.273 [openiec61850-osi-server-7-thread-1] DEBUG com.beanit.openiec61850.ServerAssociation - Got a GetDataValues request for node: IEDBiogasCHP/MMXU1.W.net.rangeC [CF]
IEDBiogasCHP/MMXU1.W.net.rangeC.hhLim [CF]
IEDBiogasCHP/MMXU1.W.net.rangeC.hhLim.i: 0
IEDBiogasCHP/MMXU1.W.net.rangeC.hhLim.f: 0.0
IEDBiogasCHP/MMXU1.W.net.rangeC.hLim [CF]
IEDBiogasCHP/MMXU1.W.net.rangeC.hLim.i: 0
IEDBiogasCHP/MMXU1.W.net.rangeC.hLim.f: 0.0
IEDBiogasCHP/MMXU1.W.net.rangeC.lLim [CF]
IEDBiogasCHP/MMXU1.W.net.rangeC.lLim.i: 0
IEDBiogasCHP/MMXU1.W.net.rangeC.lLim.f: 0.0
IEDBiogasCHP/MMXU1.W.net.rangeC.llLim [CF]
IEDBiogasCHP/MMXU1.W.net.rangeC.llLim.i: 0
IEDBiogasCHP/MMXU1.W.net.rangeC.llLim.f: 0.0
IEDBiogasCHP/MMXU1.W.net.rangeC.min [CF]
IEDBiogasCHP/MMXU1.W.net.rangeC.min.i: 0
IEDBiogasCHP/MMXU1.W.net.rangeC.min.f: 0.0
IEDBiogasCHP/MMXU1.W.net.rangeC.max [CF]
IEDBiogasCHP/MMXU1.W.net.rangeC.max.i: 0
IEDBiogasCHP/MMXU1.W.net.rangeC.max.f: 0.0
14:23:47.273 [openiec61850-osi-server-7-thread-1] DEBUG com.beanit.openiec61850.ServerAssociation - sub BDA is:IEDBiogasCHP/MMXU1.W.net.rangeC.hhLim.i: 0
14:23:47.273 [openiec61850-osi-server-7-thread-1] DEBUG com.beanit.openiec61850.ServerAssociation - sub BDA is:IEDBiogasCHP/MMXU1.W.net.rangeC.hhLim.f: 0.0
14:23:47.273 [openiec61850-osi-server-7-thread-1] DEBUG com.beanit.openiec61850.ServerAssociation - sub BDA is:IEDBiogasCHP/MMXU1.W.net.rangeC.hLim.i: 0
14:23:47.273 [openiec61850-osi-server-7-thread-1] DEBUG com.beanit.openiec61850.ServerAssociation - sub BDA is:IEDBiogasCHP/MMXU1.W.net.rangeC.hLim.f: 0.0
14:23:47.273 [openiec61850-osi-server-7-thread-1] DEBUG com.beanit.openiec61850.ServerAssociation - sub BDA is:IEDBiogasCHP/MMXU1.W.net.rangeC.lLim.i: 0
14:23:47.273 [openiec61850-osi-server-7-thread-1] DEBUG com.beanit.openiec61850.ServerAssociation - sub BDA is:IEDBiogasCHP/MMXU1.W.net.rangeC.lLim.f: 0.0
14:23:47.273 [openiec61850-osi-server-7-thread-1] DEBUG com.beanit.openiec61850.ServerAssociation - sub BDA is:IEDBiogasCHP/MMXU1.W.net.rangeC.llLim.i: 0
14:23:47.273 [openiec61850-osi-server-7-thread-1] DEBUG com.beanit.openiec61850.ServerAssociation - sub BDA is:IEDBiogasCHP/MMXU1.W.net.rangeC.llLim.f: 0.0
14:23:47.273 [openiec61850-osi-server-7-thread-1] DEBUG com.beanit.openiec61850.ServerAssociation - sub BDA is:IEDBiogasCHP/MMXU1.W.net.rangeC.min.i: 0
14:23:47.273 [openiec61850-osi-server-7-thread-1] DEBUG com.beanit.openiec61850.ServerAssociation - sub BDA is:IEDBiogasCHP/MMXU1.W.net.rangeC.min.f: 0.0
14:23:47.273 [openiec61850-osi-server-7-thread-1] DEBUG com.beanit.openiec61850.ServerAssociation - sub BDA is:IEDBiogasCHP/MMXU1.W.net.rangeC.max.i: 0
14:23:47.273 [openiec61850-osi-server-7-thread-1] DEBUG com.beanit.openiec61850.ServerAssociation - sub BDA is:IEDBiogasCHP/MMXU1.W.net.rangeC.max.f: 0.0
calling GetDataValues(IEDBiogasCHP/MMXU1.W.net.rangeC.hhLim)
14:23:47.273 [openiec61850-osi-server-7-thread-1] DEBUG com.beanit.openiec61850.ServerAssociation - Got a GetDataValues request for node: IEDBiogasCHP/MMXU1.W.net.rangeC.hhLim [CF]
IEDBiogasCHP/MMXU1.W.net.rangeC.hhLim.i: 0
IEDBiogasCHP/MMXU1.W.net.rangeC.hhLim.f: 0.0
14:23:47.273 [openiec61850-osi-server-7-thread-1] DEBUG com.beanit.openiec61850.ServerAssociation - sub BDA is:IEDBiogasCHP/MMXU1.W.net.rangeC.hhLim.i: 0
14:23:47.273 [openiec61850-osi-server-7-thread-1] DEBUG com.beanit.openiec61850.ServerAssociation - sub BDA is:IEDBiogasCHP/MMXU1.W.net.rangeC.hhLim.f: 0.0
calling GetDataValues(IEDBiogasCHP/MMXU1.W.net.rangeC.hhLim.i)
14:23:47.274 [openiec61850-osi-server-7-thread-1] DEBUG com.beanit.openiec61850.ServerAssociation - Got a GetDataValues request for node: IEDBiogasCHP/MMXU1.W.net.rangeC.hhLim.i: 0
calling GetDataValues(IEDBiogasCHP/MMXU1.W.net.rangeC.hhLim.f)
14:23:47.274 [openiec61850-osi-server-7-thread-1] DEBUG com.beanit.openiec61850.ServerAssociation - Got a GetDataValues request for node: IEDBiogasCHP/MMXU1.W.net.rangeC.hhLim.f: 0.0
calling GetDataValues(IEDBiogasCHP/MMXU1.W.net.rangeC.hLim)
14:23:47.274 [openiec61850-osi-server-7-thread-1] DEBUG com.beanit.openiec61850.ServerAssociation - Got a GetDataValues request for node: IEDBiogasCHP/MMXU1.W.net.rangeC.hLim [CF]
IEDBiogasCHP/MMXU1.W.net.rangeC.hLim.i: 0
IEDBiogasCHP/MMXU1.W.net.rangeC.hLim.f: 0.0
14:23:47.274 [openiec61850-osi-server-7-thread-1] DEBUG com.beanit.openiec61850.ServerAssociation - sub BDA is:IEDBiogasCHP/MMXU1.W.net.rangeC.hLim.i: 0
14:23:47.274 [openiec61850-osi-server-7-thread-1] DEBUG com.beanit.openiec61850.ServerAssociation - sub BDA is:IEDBiogasCHP/MMXU1.W.net.rangeC.hLim.f: 0.0
calling GetDataValues(IEDBiogasCHP/MMXU1.W.net.rangeC.hLim.i)
14:23:47.274 [openiec61850-osi-server-7-thread-1] DEBUG com.beanit.openiec61850.ServerAssociation - Got a GetDataValues request for node: IEDBiogasCHP/MMXU1.W.net.rangeC.hLim.i: 0
calling GetDataValues(IEDBiogasCHP/MMXU1.W.net.rangeC.hLim.f)
14:23:47.274 [openiec61850-osi-server-7-thread-1] DEBUG com.beanit.openiec61850.ServerAssociation - Got a GetDataValues request for node: IEDBiogasCHP/MMXU1.W.net.rangeC.hLim.f: 0.0
calling GetDataValues(IEDBiogasCHP/MMXU1.W.net.rangeC.lLim)
14:23:47.274 [openiec61850-osi-server-7-thread-1] DEBUG com.beanit.openiec61850.ServerAssociation - Got a GetDataValues request for node: IEDBiogasCHP/MMXU1.W.net.rangeC.lLim [CF]
IEDBiogasCHP/MMXU1.W.net.rangeC.lLim.i: 0
IEDBiogasCHP/MMXU1.W.net.rangeC.lLim.f: 0.0
14:23:47.274 [openiec61850-osi-server-7-thread-1] DEBUG com.beanit.openiec61850.ServerAssociation - sub BDA is:IEDBiogasCHP/MMXU1.W.net.rangeC.lLim.i: 0
14:23:47.274 [openiec61850-osi-server-7-thread-1] DEBUG com.beanit.openiec61850.ServerAssociation - sub BDA is:IEDBiogasCHP/MMXU1.W.net.rangeC.lLim.f: 0.0
calling GetDataValues(IEDBiogasCHP/MMXU1.W.net.rangeC.lLim.i)
14:23:47.275 [openiec61850-osi-server-7-thread-1] DEBUG com.beanit.openiec61850.ServerAssociation - Got a GetDataValues request for node: IEDBiogasCHP/MMXU1.W.net.rangeC.lLim.i: 0
calling GetDataValues(IEDBiogasCHP/MMXU1.W.net.rangeC.lLim.f)
14:23:47.275 [openiec61850-osi-server-7-thread-1] DEBUG com.beanit.openiec61850.ServerAssociation - Got a GetDataValues request for node: IEDBiogasCHP/MMXU1.W.net.rangeC.lLim.f: 0.0
calling GetDataValues(IEDBiogasCHP/MMXU1.W.net.rangeC.llLim)
14:23:47.275 [openiec61850-osi-server-7-thread-1] DEBUG com.beanit.openiec61850.ServerAssociation - Got a GetDataValues request for node: IEDBiogasCHP/MMXU1.W.net.rangeC.llLim [CF]
IEDBiogasCHP/MMXU1.W.net.rangeC.llLim.i: 0
IEDBiogasCHP/MMXU1.W.net.rangeC.llLim.f: 0.0
14:23:47.275 [openiec61850-osi-server-7-thread-1] DEBUG com.beanit.openiec61850.ServerAssociation - sub BDA is:IEDBiogasCHP/MMXU1.W.net.rangeC.llLim.i: 0
14:23:47.275 [openiec61850-osi-server-7-thread-1] DEBUG com.beanit.openiec61850.ServerAssociation - sub BDA is:IEDBiogasCHP/MMXU1.W.net.rangeC.llLim.f: 0.0
calling GetDataValues(IEDBiogasCHP/MMXU1.W.net.rangeC.llLim.i)
14:23:47.275 [openiec61850-osi-server-7-thread-1] DEBUG com.beanit.openiec61850.ServerAssociation - Got a GetDataValues request for node: IEDBiogasCHP/MMXU1.W.net.rangeC.llLim.i: 0
calling GetDataValues(IEDBiogasCHP/MMXU1.W.net.rangeC.llLim.f)
14:23:47.275 [openiec61850-osi-server-7-thread-1] DEBUG com.beanit.openiec61850.ServerAssociation - Got a GetDataValues request for node: IEDBiogasCHP/MMXU1.W.net.rangeC.llLim.f: 0.0
calling GetDataValues(IEDBiogasCHP/MMXU1.W.net.rangeC.min)
14:23:47.275 [openiec61850-osi-server-7-thread-1] DEBUG com.beanit.openiec61850.ServerAssociation - Got a GetDataValues request for node: IEDBiogasCHP/MMXU1.W.net.rangeC.min [CF]
IEDBiogasCHP/MMXU1.W.net.rangeC.min.i: 0
IEDBiogasCHP/MMXU1.W.net.rangeC.min.f: 0.0
14:23:47.275 [openiec61850-osi-server-7-thread-1] DEBUG com.beanit.openiec61850.ServerAssociation - sub BDA is:IEDBiogasCHP/MMXU1.W.net.rangeC.min.i: 0
14:23:47.275 [openiec61850-osi-server-7-thread-1] DEBUG com.beanit.openiec61850.ServerAssociation - sub BDA is:IEDBiogasCHP/MMXU1.W.net.rangeC.min.f: 0.0
calling GetDataValues(IEDBiogasCHP/MMXU1.W.net.rangeC.min.i)
14:23:47.275 [openiec61850-osi-server-7-thread-1] DEBUG com.beanit.openiec61850.ServerAssociation - Got a GetDataValues request for node: IEDBiogasCHP/MMXU1.W.net.rangeC.min.i: 0
calling GetDataValues(IEDBiogasCHP/MMXU1.W.net.rangeC.min.f)
14:23:47.276 [openiec61850-osi-server-7-thread-1] DEBUG com.beanit.openiec61850.ServerAssociation - Got a GetDataValues request for node: IEDBiogasCHP/MMXU1.W.net.rangeC.min.f: 0.0
calling GetDataValues(IEDBiogasCHP/MMXU1.W.net.rangeC.max)
14:23:47.276 [openiec61850-osi-server-7-thread-1] DEBUG com.beanit.openiec61850.ServerAssociation - Got a GetDataValues request for node: IEDBiogasCHP/MMXU1.W.net.rangeC.max [CF]
IEDBiogasCHP/MMXU1.W.net.rangeC.max.i: 0
IEDBiogasCHP/MMXU1.W.net.rangeC.max.f: 0.0
14:23:47.276 [openiec61850-osi-server-7-thread-1] DEBUG com.beanit.openiec61850.ServerAssociation - sub BDA is:IEDBiogasCHP/MMXU1.W.net.rangeC.max.i: 0
14:23:47.276 [openiec61850-osi-server-7-thread-1] DEBUG com.beanit.openiec61850.ServerAssociation - sub BDA is:IEDBiogasCHP/MMXU1.W.net.rangeC.max.f: 0.0
calling GetDataValues(IEDBiogasCHP/MMXU1.W.net.rangeC.max.i)
14:23:47.276 [openiec61850-osi-server-7-thread-1] DEBUG com.beanit.openiec61850.ServerAssociation - Got a GetDataValues request for node: IEDBiogasCHP/MMXU1.W.net.rangeC.max.i: 0
calling GetDataValues(IEDBiogasCHP/MMXU1.W.net.rangeC.max.f)
14:23:47.276 [openiec61850-osi-server-7-thread-1] DEBUG com.beanit.openiec61850.ServerAssociation - Got a GetDataValues request for node: IEDBiogasCHP/MMXU1.W.net.rangeC.max.f: 0.0
calling GetDataValues(IEDBiogasCHP/MMXU1.W.net.magSVC)
14:23:47.276 [openiec61850-osi-server-7-thread-1] DEBUG com.beanit.openiec61850.ServerAssociation - Got a GetDataValues request for node: IEDBiogasCHP/MMXU1.W.net.magSVC [CF]
IEDBiogasCHP/MMXU1.W.net.magSVC.scaleFactor: 0.0
IEDBiogasCHP/MMXU1.W.net.magSVC.offset: 0.0
14:23:47.276 [openiec61850-osi-server-7-thread-1] DEBUG com.beanit.openiec61850.ServerAssociation - sub BDA is:IEDBiogasCHP/MMXU1.W.net.magSVC.scaleFactor: 0.0
14:23:47.276 [openiec61850-osi-server-7-thread-1] DEBUG com.beanit.openiec61850.ServerAssociation - sub BDA is:IEDBiogasCHP/MMXU1.W.net.magSVC.offset: 0.0
calling GetDataValues(IEDBiogasCHP/MMXU1.W.net.magSVC.scaleFactor)
14:23:47.276 [openiec61850-osi-server-7-thread-1] DEBUG com.beanit.openiec61850.ServerAssociation - Got a GetDataValues request for node: IEDBiogasCHP/MMXU1.W.net.magSVC.scaleFactor: 0.0
calling GetDataValues(IEDBiogasCHP/MMXU1.W.net.magSVC.offset)
14:23:47.276 [openiec61850-osi-server-7-thread-1] DEBUG com.beanit.openiec61850.ServerAssociation - Got a GetDataValues request for node: IEDBiogasCHP/MMXU1.W.net.magSVC.offset: 0.0
calling GetDataValues(IEDBiogasCHP/MMXU1.W.net.angSVC)
14:23:47.277 [openiec61850-osi-server-7-thread-1] DEBUG com.beanit.openiec61850.ServerAssociation - Got a GetDataValues request for node: IEDBiogasCHP/MMXU1.W.net.angSVC [CF]
IEDBiogasCHP/MMXU1.W.net.angSVC.scaleFactor: 0.0
IEDBiogasCHP/MMXU1.W.net.angSVC.offset: 0.0
14:23:47.277 [openiec61850-osi-server-7-thread-1] DEBUG com.beanit.openiec61850.ServerAssociation - sub BDA is:IEDBiogasCHP/MMXU1.W.net.angSVC.scaleFactor: 0.0
14:23:47.277 [openiec61850-osi-server-7-thread-1] DEBUG com.beanit.openiec61850.ServerAssociation - sub BDA is:IEDBiogasCHP/MMXU1.W.net.angSVC.offset: 0.0
calling GetDataValues(IEDBiogasCHP/MMXU1.W.net.angSVC.scaleFactor)
14:23:47.277 [openiec61850-osi-server-7-thread-1] DEBUG com.beanit.openiec61850.ServerAssociation - Got a GetDataValues request for node: IEDBiogasCHP/MMXU1.W.net.angSVC.scaleFactor: 0.0
calling GetDataValues(IEDBiogasCHP/MMXU1.W.net.angSVC.offset)
14:23:47.277 [openiec61850-osi-server-7-thread-1] DEBUG com.beanit.openiec61850.ServerAssociation - Got a GetDataValues request for node: IEDBiogasCHP/MMXU1.W.net.angSVC.offset: 0.0
calling GetDataValues(IEDBiogasCHP/MMXU1.W.net.angRef)
14:23:47.277 [openiec61850-osi-server-7-thread-1] DEBUG com.beanit.openiec61850.ServerAssociation - Got a GetDataValues request for node: IEDBiogasCHP/MMXU1.W.net.angRef: 0
calling GetDataValues(IEDBiogasCHP/MMXU1.W.net.smpRate)
14:23:47.277 [openiec61850-osi-server-7-thread-1] DEBUG com.beanit.openiec61850.ServerAssociation - Got a GetDataValues request for node: IEDBiogasCHP/MMXU1.W.net.smpRate: 0
calling GetDataValues(IEDBiogasCHP/MMXU1.W.res)
14:23:47.277 [openiec61850-osi-server-7-thread-1] DEBUG com.beanit.openiec61850.ServerAssociation - Got a GetDataValues request for node: IEDBiogasCHP/MMXU1.W.res [CF]
IEDBiogasCHP/MMXU1.W.res.units [CF]
IEDBiogasCHP/MMXU1.W.res.units.SIUnit: 0
IEDBiogasCHP/MMXU1.W.res.units.multiplier: 0
IEDBiogasCHP/MMXU1.W.res.db: 0
IEDBiogasCHP/MMXU1.W.res.zeroDb: 0
IEDBiogasCHP/MMXU1.W.res.rangeC [CF]
IEDBiogasCHP/MMXU1.W.res.rangeC.hhLim [CF]
IEDBiogasCHP/MMXU1.W.res.rangeC.hhLim.i: 0
IEDBiogasCHP/MMXU1.W.res.rangeC.hhLim.f: 0.0
IEDBiogasCHP/MMXU1.W.res.rangeC.hLim [CF]
IEDBiogasCHP/MMXU1.W.res.rangeC.hLim.i: 0
IEDBiogasCHP/MMXU1.W.res.rangeC.hLim.f: 0.0
IEDBiogasCHP/MMXU1.W.res.rangeC.lLim [CF]
IEDBiogasCHP/MMXU1.W.res.rangeC.lLim.i: 0
IEDBiogasCHP/MMXU1.W.res.rangeC.lLim.f: 0.0
IEDBiogasCHP/MMXU1.W.res.rangeC.llLim [CF]
IEDBiogasCHP/MMXU1.W.res.rangeC.llLim.i: 0
IEDBiogasCHP/MMXU1.W.res.rangeC.llLim.f: 0.0
IEDBiogasCHP/MMXU1.W.res.rangeC.min [CF]
IEDBiogasCHP/MMXU1.W.res.rangeC.min.i: 0
IEDBiogasCHP/MMXU1.W.res.rangeC.min.f: 0.0
IEDBiogasCHP/MMXU1.W.res.rangeC.max [CF]
IEDBiogasCHP/MMXU1.W.res.rangeC.max.i: 0
IEDBiogasCHP/MMXU1.W.res.rangeC.max.f: 0.0
IEDBiogasCHP/MMXU1.W.res.magSVC [CF]
IEDBiogasCHP/MMXU1.W.res.magSVC.scaleFactor: 0.0
IEDBiogasCHP/MMXU1.W.res.magSVC.offset: 0.0
IEDBiogasCHP/MMXU1.W.res.angSVC [CF]
IEDBiogasCHP/MMXU1.W.res.angSVC.scaleFactor: 0.0
IEDBiogasCHP/MMXU1.W.res.angSVC.offset: 0.0
IEDBiogasCHP/MMXU1.W.res.angRef: 0
IEDBiogasCHP/MMXU1.W.res.smpRate: 0
14:23:47.277 [openiec61850-osi-server-7-thread-1] DEBUG com.beanit.openiec61850.ServerAssociation - sub BDA is:IEDBiogasCHP/MMXU1.W.res.units.SIUnit: 0
14:23:47.277 [openiec61850-osi-server-7-thread-1] DEBUG com.beanit.openiec61850.ServerAssociation - sub BDA is:IEDBiogasCHP/MMXU1.W.res.units.multiplier: 0
14:23:47.277 [openiec61850-osi-server-7-thread-1] DEBUG com.beanit.openiec61850.ServerAssociation - sub BDA is:IEDBiogasCHP/MMXU1.W.res.db: 0
14:23:47.277 [openiec61850-osi-server-7-thread-1] DEBUG com.beanit.openiec61850.ServerAssociation - sub BDA is:IEDBiogasCHP/MMXU1.W.res.zeroDb: 0
14:23:47.277 [openiec61850-osi-server-7-thread-1] DEBUG com.beanit.openiec61850.ServerAssociation - sub BDA is:IEDBiogasCHP/MMXU1.W.res.rangeC.hhLim.i: 0
14:23:47.277 [openiec61850-osi-server-7-thread-1] DEBUG com.beanit.openiec61850.ServerAssociation - sub BDA is:IEDBiogasCHP/MMXU1.W.res.rangeC.hhLim.f: 0.0
14:23:47.277 [openiec61850-osi-server-7-thread-1] DEBUG com.beanit.openiec61850.ServerAssociation - sub BDA is:IEDBiogasCHP/MMXU1.W.res.rangeC.hLim.i: 0
14:23:47.277 [openiec61850-osi-server-7-thread-1] DEBUG com.beanit.openiec61850.ServerAssociation - sub BDA is:IEDBiogasCHP/MMXU1.W.res.rangeC.hLim.f: 0.0
14:23:47.277 [openiec61850-osi-server-7-thread-1] DEBUG com.beanit.openiec61850.ServerAssociation - sub BDA is:IEDBiogasCHP/MMXU1.W.res.rangeC.lLim.i: 0
14:23:47.277 [openiec61850-osi-server-7-thread-1] DEBUG com.beanit.openiec61850.ServerAssociation - sub BDA is:IEDBiogasCHP/MMXU1.W.res.rangeC.lLim.f: 0.0
14:23:47.277 [openiec61850-osi-server-7-thread-1] DEBUG com.beanit.openiec61850.ServerAssociation - sub BDA is:IEDBiogasCHP/MMXU1.W.res.rangeC.llLim.i: 0
14:23:47.277 [openiec61850-osi-server-7-thread-1] DEBUG com.beanit.openiec61850.ServerAssociation - sub BDA is:IEDBiogasCHP/MMXU1.W.res.rangeC.llLim.f: 0.0
14:23:47.277 [openiec61850-osi-server-7-thread-1] DEBUG com.beanit.openiec61850.ServerAssociation - sub BDA is:IEDBiogasCHP/MMXU1.W.res.rangeC.min.i: 0
14:23:47.277 [openiec61850-osi-server-7-thread-1] DEBUG com.beanit.openiec61850.ServerAssociation - sub BDA is:IEDBiogasCHP/MMXU1.W.res.rangeC.min.f: 0.0
14:23:47.277 [openiec61850-osi-server-7-thread-1] DEBUG com.beanit.openiec61850.ServerAssociation - sub BDA is:IEDBiogasCHP/MMXU1.W.res.rangeC.max.i: 0
14:23:47.277 [openiec61850-osi-server-7-thread-1] DEBUG com.beanit.openiec61850.ServerAssociation - sub BDA is:IEDBiogasCHP/MMXU1.W.res.rangeC.max.f: 0.0
14:23:47.277 [openiec61850-osi-server-7-thread-1] DEBUG com.beanit.openiec61850.ServerAssociation - sub BDA is:IEDBiogasCHP/MMXU1.W.res.magSVC.scaleFactor: 0.0
14:23:47.277 [openiec61850-osi-server-7-thread-1] DEBUG com.beanit.openiec61850.ServerAssociation - sub BDA is:IEDBiogasCHP/MMXU1.W.res.magSVC.offset: 0.0
14:23:47.277 [openiec61850-osi-server-7-thread-1] DEBUG com.beanit.openiec61850.ServerAssociation - sub BDA is:IEDBiogasCHP/MMXU1.W.res.angSVC.scaleFactor: 0.0
14:23:47.277 [openiec61850-osi-server-7-thread-1] DEBUG com.beanit.openiec61850.ServerAssociation - sub BDA is:IEDBiogasCHP/MMXU1.W.res.angSVC.offset: 0.0
14:23:47.277 [openiec61850-osi-server-7-thread-1] DEBUG com.beanit.openiec61850.ServerAssociation - sub BDA is:IEDBiogasCHP/MMXU1.W.res.angRef: 0
14:23:47.277 [openiec61850-osi-server-7-thread-1] DEBUG com.beanit.openiec61850.ServerAssociation - sub BDA is:IEDBiogasCHP/MMXU1.W.res.smpRate: 0
calling GetDataValues(IEDBiogasCHP/MMXU1.W.res.units)
14:23:47.278 [openiec61850-osi-server-7-thread-1] DEBUG com.beanit.openiec61850.ServerAssociation - Got a GetDataValues request for node: IEDBiogasCHP/MMXU1.W.res.units [CF]
IEDBiogasCHP/MMXU1.W.res.units.SIUnit: 0
IEDBiogasCHP/MMXU1.W.res.units.multiplier: 0
14:23:47.278 [openiec61850-osi-server-7-thread-1] DEBUG com.beanit.openiec61850.ServerAssociation - sub BDA is:IEDBiogasCHP/MMXU1.W.res.units.SIUnit: 0
14:23:47.278 [openiec61850-osi-server-7-thread-1] DEBUG com.beanit.openiec61850.ServerAssociation - sub BDA is:IEDBiogasCHP/MMXU1.W.res.units.multiplier: 0
calling GetDataValues(IEDBiogasCHP/MMXU1.W.res.units.SIUnit)
14:23:47.278 [openiec61850-osi-server-7-thread-1] DEBUG com.beanit.openiec61850.ServerAssociation - Got a GetDataValues request for node: IEDBiogasCHP/MMXU1.W.res.units.SIUnit: 0
calling GetDataValues(IEDBiogasCHP/MMXU1.W.res.units.multiplier)
14:23:47.278 [openiec61850-osi-server-7-thread-1] DEBUG com.beanit.openiec61850.ServerAssociation - Got a GetDataValues request for node: IEDBiogasCHP/MMXU1.W.res.units.multiplier: 0
calling GetDataValues(IEDBiogasCHP/MMXU1.W.res.db)
14:23:47.278 [openiec61850-osi-server-7-thread-1] DEBUG com.beanit.openiec61850.ServerAssociation - Got a GetDataValues request for node: IEDBiogasCHP/MMXU1.W.res.db: 0
calling GetDataValues(IEDBiogasCHP/MMXU1.W.res.zeroDb)
14:23:47.278 [openiec61850-osi-server-7-thread-1] DEBUG com.beanit.openiec61850.ServerAssociation - Got a GetDataValues request for node: IEDBiogasCHP/MMXU1.W.res.zeroDb: 0
calling GetDataValues(IEDBiogasCHP/MMXU1.W.res.rangeC)
14:23:47.278 [openiec61850-osi-server-7-thread-1] DEBUG com.beanit.openiec61850.ServerAssociation - Got a GetDataValues request for node: IEDBiogasCHP/MMXU1.W.res.rangeC [CF]
IEDBiogasCHP/MMXU1.W.res.rangeC.hhLim [CF]
IEDBiogasCHP/MMXU1.W.res.rangeC.hhLim.i: 0
IEDBiogasCHP/MMXU1.W.res.rangeC.hhLim.f: 0.0
IEDBiogasCHP/MMXU1.W.res.rangeC.hLim [CF]
IEDBiogasCHP/MMXU1.W.res.rangeC.hLim.i: 0
IEDBiogasCHP/MMXU1.W.res.rangeC.hLim.f: 0.0
IEDBiogasCHP/MMXU1.W.res.rangeC.lLim [CF]
IEDBiogasCHP/MMXU1.W.res.rangeC.lLim.i: 0
IEDBiogasCHP/MMXU1.W.res.rangeC.lLim.f: 0.0
IEDBiogasCHP/MMXU1.W.res.rangeC.llLim [CF]
IEDBiogasCHP/MMXU1.W.res.rangeC.llLim.i: 0
IEDBiogasCHP/MMXU1.W.res.rangeC.llLim.f: 0.0
IEDBiogasCHP/MMXU1.W.res.rangeC.min [CF]
IEDBiogasCHP/MMXU1.W.res.rangeC.min.i: 0
IEDBiogasCHP/MMXU1.W.res.rangeC.min.f: 0.0
IEDBiogasCHP/MMXU1.W.res.rangeC.max [CF]
IEDBiogasCHP/MMXU1.W.res.rangeC.max.i: 0
IEDBiogasCHP/MMXU1.W.res.rangeC.max.f: 0.0
14:23:47.278 [openiec61850-osi-server-7-thread-1] DEBUG com.beanit.openiec61850.ServerAssociation - sub BDA is:IEDBiogasCHP/MMXU1.W.res.rangeC.hhLim.i: 0
14:23:47.278 [openiec61850-osi-server-7-thread-1] DEBUG com.beanit.openiec61850.ServerAssociation - sub BDA is:IEDBiogasCHP/MMXU1.W.res.rangeC.hhLim.f: 0.0
14:23:47.278 [openiec61850-osi-server-7-thread-1] DEBUG com.beanit.openiec61850.ServerAssociation - sub BDA is:IEDBiogasCHP/MMXU1.W.res.rangeC.hLim.i: 0
14:23:47.278 [openiec61850-osi-server-7-thread-1] DEBUG com.beanit.openiec61850.ServerAssociation - sub BDA is:IEDBiogasCHP/MMXU1.W.res.rangeC.hLim.f: 0.0
14:23:47.278 [openiec61850-osi-server-7-thread-1] DEBUG com.beanit.openiec61850.ServerAssociation - sub BDA is:IEDBiogasCHP/MMXU1.W.res.rangeC.lLim.i: 0
14:23:47.278 [openiec61850-osi-server-7-thread-1] DEBUG com.beanit.openiec61850.ServerAssociation - sub BDA is:IEDBiogasCHP/MMXU1.W.res.rangeC.lLim.f: 0.0
14:23:47.278 [openiec61850-osi-server-7-thread-1] DEBUG com.beanit.openiec61850.ServerAssociation - sub BDA is:IEDBiogasCHP/MMXU1.W.res.rangeC.llLim.i: 0
14:23:47.278 [openiec61850-osi-server-7-thread-1] DEBUG com.beanit.openiec61850.ServerAssociation - sub BDA is:IEDBiogasCHP/MMXU1.W.res.rangeC.llLim.f: 0.0
14:23:47.278 [openiec61850-osi-server-7-thread-1] DEBUG com.beanit.openiec61850.ServerAssociation - sub BDA is:IEDBiogasCHP/MMXU1.W.res.rangeC.min.i: 0
14:23:47.278 [openiec61850-osi-server-7-thread-1] DEBUG com.beanit.openiec61850.ServerAssociation - sub BDA is:IEDBiogasCHP/MMXU1.W.res.rangeC.min.f: 0.0
14:23:47.278 [openiec61850-osi-server-7-thread-1] DEBUG com.beanit.openiec61850.ServerAssociation - sub BDA is:IEDBiogasCHP/MMXU1.W.res.rangeC.max.i: 0
14:23:47.278 [openiec61850-osi-server-7-thread-1] DEBUG com.beanit.openiec61850.ServerAssociation - sub BDA is:IEDBiogasCHP/MMXU1.W.res.rangeC.max.f: 0.0
calling GetDataValues(IEDBiogasCHP/MMXU1.W.res.rangeC.hhLim)
14:23:47.278 [openiec61850-osi-server-7-thread-1] DEBUG com.beanit.openiec61850.ServerAssociation - Got a GetDataValues request for node: IEDBiogasCHP/MMXU1.W.res.rangeC.hhLim [CF]
IEDBiogasCHP/MMXU1.W.res.rangeC.hhLim.i: 0
IEDBiogasCHP/MMXU1.W.res.rangeC.hhLim.f: 0.0
14:23:47.279 [openiec61850-osi-server-7-thread-1] DEBUG com.beanit.openiec61850.ServerAssociation - sub BDA is:IEDBiogasCHP/MMXU1.W.res.rangeC.hhLim.i: 0
14:23:47.279 [openiec61850-osi-server-7-thread-1] DEBUG com.beanit.openiec61850.ServerAssociation - sub BDA is:IEDBiogasCHP/MMXU1.W.res.rangeC.hhLim.f: 0.0
calling GetDataValues(IEDBiogasCHP/MMXU1.W.res.rangeC.hhLim.i)
14:23:47.279 [openiec61850-osi-server-7-thread-1] DEBUG com.beanit.openiec61850.ServerAssociation - Got a GetDataValues request for node: IEDBiogasCHP/MMXU1.W.res.rangeC.hhLim.i: 0
calling GetDataValues(IEDBiogasCHP/MMXU1.W.res.rangeC.hhLim.f)
14:23:47.279 [openiec61850-osi-server-7-thread-1] DEBUG com.beanit.openiec61850.ServerAssociation - Got a GetDataValues request for node: IEDBiogasCHP/MMXU1.W.res.rangeC.hhLim.f: 0.0
calling GetDataValues(IEDBiogasCHP/MMXU1.W.res.rangeC.hLim)
14:23:47.279 [openiec61850-osi-server-7-thread-1] DEBUG com.beanit.openiec61850.ServerAssociation - Got a GetDataValues request for node: IEDBiogasCHP/MMXU1.W.res.rangeC.hLim [CF]
IEDBiogasCHP/MMXU1.W.res.rangeC.hLim.i: 0
IEDBiogasCHP/MMXU1.W.res.rangeC.hLim.f: 0.0
14:23:47.279 [openiec61850-osi-server-7-thread-1] DEBUG com.beanit.openiec61850.ServerAssociation - sub BDA is:IEDBiogasCHP/MMXU1.W.res.rangeC.hLim.i: 0
14:23:47.279 [openiec61850-osi-server-7-thread-1] DEBUG com.beanit.openiec61850.ServerAssociation - sub BDA is:IEDBiogasCHP/MMXU1.W.res.rangeC.hLim.f: 0.0
calling GetDataValues(IEDBiogasCHP/MMXU1.W.res.rangeC.hLim.i)
14:23:47.279 [openiec61850-osi-server-7-thread-1] DEBUG com.beanit.openiec61850.ServerAssociation - Got a GetDataValues request for node: IEDBiogasCHP/MMXU1.W.res.rangeC.hLim.i: 0
calling GetDataValues(IEDBiogasCHP/MMXU1.W.res.rangeC.hLim.f)
14:23:47.279 [openiec61850-osi-server-7-thread-1] DEBUG com.beanit.openiec61850.ServerAssociation - Got a GetDataValues request for node: IEDBiogasCHP/MMXU1.W.res.rangeC.hLim.f: 0.0
calling GetDataValues(IEDBiogasCHP/MMXU1.W.res.rangeC.lLim)
14:23:47.279 [openiec61850-osi-server-7-thread-1] DEBUG com.beanit.openiec61850.ServerAssociation - Got a GetDataValues request for node: IEDBiogasCHP/MMXU1.W.res.rangeC.lLim [CF]
IEDBiogasCHP/MMXU1.W.res.rangeC.lLim.i: 0
IEDBiogasCHP/MMXU1.W.res.rangeC.lLim.f: 0.0
14:23:47.279 [openiec61850-osi-server-7-thread-1] DEBUG com.beanit.openiec61850.ServerAssociation - sub BDA is:IEDBiogasCHP/MMXU1.W.res.rangeC.lLim.i: 0
14:23:47.279 [openiec61850-osi-server-7-thread-1] DEBUG com.beanit.openiec61850.ServerAssociation - sub BDA is:IEDBiogasCHP/MMXU1.W.res.rangeC.lLim.f: 0.0
calling GetDataValues(IEDBiogasCHP/MMXU1.W.res.rangeC.lLim.i)
14:23:47.280 [openiec61850-osi-server-7-thread-1] DEBUG com.beanit.openiec61850.ServerAssociation - Got a GetDataValues request for node: IEDBiogasCHP/MMXU1.W.res.rangeC.lLim.i: 0
calling GetDataValues(IEDBiogasCHP/MMXU1.W.res.rangeC.lLim.f)
14:23:47.280 [openiec61850-osi-server-7-thread-1] DEBUG com.beanit.openiec61850.ServerAssociation - Got a GetDataValues request for node: IEDBiogasCHP/MMXU1.W.res.rangeC.lLim.f: 0.0
calling GetDataValues(IEDBiogasCHP/MMXU1.W.res.rangeC.llLim)
14:23:47.280 [openiec61850-osi-server-7-thread-1] DEBUG com.beanit.openiec61850.ServerAssociation - Got a GetDataValues request for node: IEDBiogasCHP/MMXU1.W.res.rangeC.llLim [CF]
IEDBiogasCHP/MMXU1.W.res.rangeC.llLim.i: 0
IEDBiogasCHP/MMXU1.W.res.rangeC.llLim.f: 0.0
14:23:47.280 [openiec61850-osi-server-7-thread-1] DEBUG com.beanit.openiec61850.ServerAssociation - sub BDA is:IEDBiogasCHP/MMXU1.W.res.rangeC.llLim.i: 0
14:23:47.280 [openiec61850-osi-server-7-thread-1] DEBUG com.beanit.openiec61850.ServerAssociation - sub BDA is:IEDBiogasCHP/MMXU1.W.res.rangeC.llLim.f: 0.0
calling GetDataValues(IEDBiogasCHP/MMXU1.W.res.rangeC.llLim.i)
14:23:47.280 [openiec61850-osi-server-7-thread-1] DEBUG com.beanit.openiec61850.ServerAssociation - Got a GetDataValues request for node: IEDBiogasCHP/MMXU1.W.res.rangeC.llLim.i: 0
calling GetDataValues(IEDBiogasCHP/MMXU1.W.res.rangeC.llLim.f)
14:23:47.280 [openiec61850-osi-server-7-thread-1] DEBUG com.beanit.openiec61850.ServerAssociation - Got a GetDataValues request for node: IEDBiogasCHP/MMXU1.W.res.rangeC.llLim.f: 0.0
calling GetDataValues(IEDBiogasCHP/MMXU1.W.res.rangeC.min)
14:23:47.280 [openiec61850-osi-server-7-thread-1] DEBUG com.beanit.openiec61850.ServerAssociation - Got a GetDataValues request for node: IEDBiogasCHP/MMXU1.W.res.rangeC.min [CF]
IEDBiogasCHP/MMXU1.W.res.rangeC.min.i: 0
IEDBiogasCHP/MMXU1.W.res.rangeC.min.f: 0.0
14:23:47.280 [openiec61850-osi-server-7-thread-1] DEBUG com.beanit.openiec61850.ServerAssociation - sub BDA is:IEDBiogasCHP/MMXU1.W.res.rangeC.min.i: 0
14:23:47.280 [openiec61850-osi-server-7-thread-1] DEBUG com.beanit.openiec61850.ServerAssociation - sub BDA is:IEDBiogasCHP/MMXU1.W.res.rangeC.min.f: 0.0
calling GetDataValues(IEDBiogasCHP/MMXU1.W.res.rangeC.min.i)
14:23:47.280 [openiec61850-osi-server-7-thread-1] DEBUG com.beanit.openiec61850.ServerAssociation - Got a GetDataValues request for node: IEDBiogasCHP/MMXU1.W.res.rangeC.min.i: 0
calling GetDataValues(IEDBiogasCHP/MMXU1.W.res.rangeC.min.f)
14:23:47.281 [openiec61850-osi-server-7-thread-1] DEBUG com.beanit.openiec61850.ServerAssociation - Got a GetDataValues request for node: IEDBiogasCHP/MMXU1.W.res.rangeC.min.f: 0.0
calling GetDataValues(IEDBiogasCHP/MMXU1.W.res.rangeC.max)
14:23:47.281 [openiec61850-osi-server-7-thread-1] DEBUG com.beanit.openiec61850.ServerAssociation - Got a GetDataValues request for node: IEDBiogasCHP/MMXU1.W.res.rangeC.max [CF]
IEDBiogasCHP/MMXU1.W.res.rangeC.max.i: 0
IEDBiogasCHP/MMXU1.W.res.rangeC.max.f: 0.0
14:23:47.281 [openiec61850-osi-server-7-thread-1] DEBUG com.beanit.openiec61850.ServerAssociation - sub BDA is:IEDBiogasCHP/MMXU1.W.res.rangeC.max.i: 0
14:23:47.281 [openiec61850-osi-server-7-thread-1] DEBUG com.beanit.openiec61850.ServerAssociation - sub BDA is:IEDBiogasCHP/MMXU1.W.res.rangeC.max.f: 0.0
calling GetDataValues(IEDBiogasCHP/MMXU1.W.res.rangeC.max.i)
14:23:47.281 [openiec61850-osi-server-7-thread-1] DEBUG com.beanit.openiec61850.ServerAssociation - Got a GetDataValues request for node: IEDBiogasCHP/MMXU1.W.res.rangeC.max.i: 0
calling GetDataValues(IEDBiogasCHP/MMXU1.W.res.rangeC.max.f)
14:23:47.281 [openiec61850-osi-server-7-thread-1] DEBUG com.beanit.openiec61850.ServerAssociation - Got a GetDataValues request for node: IEDBiogasCHP/MMXU1.W.res.rangeC.max.f: 0.0
calling GetDataValues(IEDBiogasCHP/MMXU1.W.res.magSVC)
14:23:47.281 [openiec61850-osi-server-7-thread-1] DEBUG com.beanit.openiec61850.ServerAssociation - Got a GetDataValues request for node: IEDBiogasCHP/MMXU1.W.res.magSVC [CF]
IEDBiogasCHP/MMXU1.W.res.magSVC.scaleFactor: 0.0
IEDBiogasCHP/MMXU1.W.res.magSVC.offset: 0.0
14:23:47.281 [openiec61850-osi-server-7-thread-1] DEBUG com.beanit.openiec61850.ServerAssociation - sub BDA is:IEDBiogasCHP/MMXU1.W.res.magSVC.scaleFactor: 0.0
14:23:47.281 [openiec61850-osi-server-7-thread-1] DEBUG com.beanit.openiec61850.ServerAssociation - sub BDA is:IEDBiogasCHP/MMXU1.W.res.magSVC.offset: 0.0
calling GetDataValues(IEDBiogasCHP/MMXU1.W.res.magSVC.scaleFactor)
14:23:47.281 [openiec61850-osi-server-7-thread-1] DEBUG com.beanit.openiec61850.ServerAssociation - Got a GetDataValues request for node: IEDBiogasCHP/MMXU1.W.res.magSVC.scaleFactor: 0.0
calling GetDataValues(IEDBiogasCHP/MMXU1.W.res.magSVC.offset)
14:23:47.281 [openiec61850-osi-server-7-thread-1] DEBUG com.beanit.openiec61850.ServerAssociation - Got a GetDataValues request for node: IEDBiogasCHP/MMXU1.W.res.magSVC.offset: 0.0
calling GetDataValues(IEDBiogasCHP/MMXU1.W.res.angSVC)
14:23:47.282 [openiec61850-osi-server-7-thread-1] DEBUG com.beanit.openiec61850.ServerAssociation - Got a GetDataValues request for node: IEDBiogasCHP/MMXU1.W.res.angSVC [CF]
IEDBiogasCHP/MMXU1.W.res.angSVC.scaleFactor: 0.0
IEDBiogasCHP/MMXU1.W.res.angSVC.offset: 0.0
14:23:47.282 [openiec61850-osi-server-7-thread-1] DEBUG com.beanit.openiec61850.ServerAssociation - sub BDA is:IEDBiogasCHP/MMXU1.W.res.angSVC.scaleFactor: 0.0
14:23:47.282 [openiec61850-osi-server-7-thread-1] DEBUG com.beanit.openiec61850.ServerAssociation - sub BDA is:IEDBiogasCHP/MMXU1.W.res.angSVC.offset: 0.0
calling GetDataValues(IEDBiogasCHP/MMXU1.W.res.angSVC.scaleFactor)
14:23:47.282 [openiec61850-osi-server-7-thread-1] DEBUG com.beanit.openiec61850.ServerAssociation - Got a GetDataValues request for node: IEDBiogasCHP/MMXU1.W.res.angSVC.scaleFactor: 0.0
calling GetDataValues(IEDBiogasCHP/MMXU1.W.res.angSVC.offset)
14:23:47.282 [openiec61850-osi-server-7-thread-1] DEBUG com.beanit.openiec61850.ServerAssociation - Got a GetDataValues request for node: IEDBiogasCHP/MMXU1.W.res.angSVC.offset: 0.0
calling GetDataValues(IEDBiogasCHP/MMXU1.W.res.angRef)
14:23:47.282 [openiec61850-osi-server-7-thread-1] DEBUG com.beanit.openiec61850.ServerAssociation - Got a GetDataValues request for node: IEDBiogasCHP/MMXU1.W.res.angRef: 0
calling GetDataValues(IEDBiogasCHP/MMXU1.W.res.smpRate)
14:23:47.282 [openiec61850-osi-server-7-thread-1] DEBUG com.beanit.openiec61850.ServerAssociation - Got a GetDataValues request for node: IEDBiogasCHP/MMXU1.W.res.smpRate: 0
calling GetDataValues(IEDBiogasCHP/MMXU1.W)
14:23:47.282 [openiec61850-osi-server-7-thread-1] DEBUG com.beanit.openiec61850.ServerAssociation - Got a GetDataValues request for node: IEDBiogasCHP/MMXU1.W [DC]
IEDBiogasCHP/MMXU1.W.d: ''
IEDBiogasCHP/MMXU1.W.dU: 
IEDBiogasCHP/MMXU1.W.phsA [DC]
IEDBiogasCHP/MMXU1.W.phsA.d: ''
IEDBiogasCHP/MMXU1.W.phsA.dU: 
IEDBiogasCHP/MMXU1.W.phsB [DC]
IEDBiogasCHP/MMXU1.W.phsB.d: ''
IEDBiogasCHP/MMXU1.W.phsB.dU: 
IEDBiogasCHP/MMXU1.W.phsC [DC]
IEDBiogasCHP/MMXU1.W.phsC.d: ''
IEDBiogasCHP/MMXU1.W.phsC.dU: 
IEDBiogasCHP/MMXU1.W.neut [DC]
IEDBiogasCHP/MMXU1.W.neut.d: ''
IEDBiogasCHP/MMXU1.W.neut.dU: 
IEDBiogasCHP/MMXU1.W.net [DC]
IEDBiogasCHP/MMXU1.W.net.d: ''
IEDBiogasCHP/MMXU1.W.net.dU: 
IEDBiogasCHP/MMXU1.W.res [DC]
IEDBiogasCHP/MMXU1.W.res.d: ''
IEDBiogasCHP/MMXU1.W.res.dU: 
14:23:47.282 [openiec61850-osi-server-7-thread-1] DEBUG com.beanit.openiec61850.ServerAssociation - sub BDA is:IEDBiogasCHP/MMXU1.W.d: ''
14:23:47.282 [openiec61850-osi-server-7-thread-1] DEBUG com.beanit.openiec61850.ServerAssociation - sub BDA is:IEDBiogasCHP/MMXU1.W.dU: 
14:23:47.282 [openiec61850-osi-server-7-thread-1] DEBUG com.beanit.openiec61850.ServerAssociation - sub BDA is:IEDBiogasCHP/MMXU1.W.phsA.d: ''
14:23:47.282 [openiec61850-osi-server-7-thread-1] DEBUG com.beanit.openiec61850.ServerAssociation - sub BDA is:IEDBiogasCHP/MMXU1.W.phsA.dU: 
14:23:47.282 [openiec61850-osi-server-7-thread-1] DEBUG com.beanit.openiec61850.ServerAssociation - sub BDA is:IEDBiogasCHP/MMXU1.W.phsB.d: ''
14:23:47.282 [openiec61850-osi-server-7-thread-1] DEBUG com.beanit.openiec61850.ServerAssociation - sub BDA is:IEDBiogasCHP/MMXU1.W.phsB.dU: 
14:23:47.282 [openiec61850-osi-server-7-thread-1] DEBUG com.beanit.openiec61850.ServerAssociation - sub BDA is:IEDBiogasCHP/MMXU1.W.phsC.d: ''
14:23:47.282 [openiec61850-osi-server-7-thread-1] DEBUG com.beanit.openiec61850.ServerAssociation - sub BDA is:IEDBiogasCHP/MMXU1.W.phsC.dU: 
14:23:47.282 [openiec61850-osi-server-7-thread-1] DEBUG com.beanit.openiec61850.ServerAssociation - sub BDA is:IEDBiogasCHP/MMXU1.W.neut.d: ''
14:23:47.282 [openiec61850-osi-server-7-thread-1] DEBUG com.beanit.openiec61850.ServerAssociation - sub BDA is:IEDBiogasCHP/MMXU1.W.neut.dU: 
14:23:47.282 [openiec61850-osi-server-7-thread-1] DEBUG com.beanit.openiec61850.ServerAssociation - sub BDA is:IEDBiogasCHP/MMXU1.W.net.d: ''
14:23:47.282 [openiec61850-osi-server-7-thread-1] DEBUG com.beanit.openiec61850.ServerAssociation - sub BDA is:IEDBiogasCHP/MMXU1.W.net.dU: 
14:23:47.282 [openiec61850-osi-server-7-thread-1] DEBUG com.beanit.openiec61850.ServerAssociation - sub BDA is:IEDBiogasCHP/MMXU1.W.res.d: ''
14:23:47.282 [openiec61850-osi-server-7-thread-1] DEBUG com.beanit.openiec61850.ServerAssociation - sub BDA is:IEDBiogasCHP/MMXU1.W.res.dU: 
calling GetDataValues(IEDBiogasCHP/MMXU1.W.d)
14:23:47.283 [openiec61850-osi-server-7-thread-1] DEBUG com.beanit.openiec61850.ServerAssociation - Got a GetDataValues request for node: IEDBiogasCHP/MMXU1.W.d: ''
calling GetDataValues(IEDBiogasCHP/MMXU1.W.dU)
14:23:47.283 [openiec61850-osi-server-7-thread-1] DEBUG com.beanit.openiec61850.ServerAssociation - Got a GetDataValues request for node: IEDBiogasCHP/MMXU1.W.dU: 
calling GetDataValues(IEDBiogasCHP/MMXU1.W.phsA)
14:23:47.283 [openiec61850-osi-server-7-thread-1] DEBUG com.beanit.openiec61850.ServerAssociation - Got a GetDataValues request for node: IEDBiogasCHP/MMXU1.W.phsA [DC]
IEDBiogasCHP/MMXU1.W.phsA.d: ''
IEDBiogasCHP/MMXU1.W.phsA.dU: 
14:23:47.283 [openiec61850-osi-server-7-thread-1] DEBUG com.beanit.openiec61850.ServerAssociation - sub BDA is:IEDBiogasCHP/MMXU1.W.phsA.d: ''
14:23:47.283 [openiec61850-osi-server-7-thread-1] DEBUG com.beanit.openiec61850.ServerAssociation - sub BDA is:IEDBiogasCHP/MMXU1.W.phsA.dU: 
calling GetDataValues(IEDBiogasCHP/MMXU1.W.phsA.d)
14:23:47.283 [openiec61850-osi-server-7-thread-1] DEBUG com.beanit.openiec61850.ServerAssociation - Got a GetDataValues request for node: IEDBiogasCHP/MMXU1.W.phsA.d: ''
calling GetDataValues(IEDBiogasCHP/MMXU1.W.phsA.dU)
14:23:47.283 [openiec61850-osi-server-7-thread-1] DEBUG com.beanit.openiec61850.ServerAssociation - Got a GetDataValues request for node: IEDBiogasCHP/MMXU1.W.phsA.dU: 
calling GetDataValues(IEDBiogasCHP/MMXU1.W.phsB)
14:23:47.283 [openiec61850-osi-server-7-thread-1] DEBUG com.beanit.openiec61850.ServerAssociation - Got a GetDataValues request for node: IEDBiogasCHP/MMXU1.W.phsB [DC]
IEDBiogasCHP/MMXU1.W.phsB.d: ''
IEDBiogasCHP/MMXU1.W.phsB.dU: 
14:23:47.283 [openiec61850-osi-server-7-thread-1] DEBUG com.beanit.openiec61850.ServerAssociation - sub BDA is:IEDBiogasCHP/MMXU1.W.phsB.d: ''
14:23:47.283 [openiec61850-osi-server-7-thread-1] DEBUG com.beanit.openiec61850.ServerAssociation - sub BDA is:IEDBiogasCHP/MMXU1.W.phsB.dU: 
calling GetDataValues(IEDBiogasCHP/MMXU1.W.phsB.d)
14:23:47.284 [openiec61850-osi-server-7-thread-1] DEBUG com.beanit.openiec61850.ServerAssociation - Got a GetDataValues request for node: IEDBiogasCHP/MMXU1.W.phsB.d: ''
calling GetDataValues(IEDBiogasCHP/MMXU1.W.phsB.dU)
14:23:47.284 [openiec61850-osi-server-7-thread-1] DEBUG com.beanit.openiec61850.ServerAssociation - Got a GetDataValues request for node: IEDBiogasCHP/MMXU1.W.phsB.dU: 
calling GetDataValues(IEDBiogasCHP/MMXU1.W.phsC)
14:23:47.284 [openiec61850-osi-server-7-thread-1] DEBUG com.beanit.openiec61850.ServerAssociation - Got a GetDataValues request for node: IEDBiogasCHP/MMXU1.W.phsC [DC]
IEDBiogasCHP/MMXU1.W.phsC.d: ''
IEDBiogasCHP/MMXU1.W.phsC.dU: 
14:23:47.284 [openiec61850-osi-server-7-thread-1] DEBUG com.beanit.openiec61850.ServerAssociation - sub BDA is:IEDBiogasCHP/MMXU1.W.phsC.d: ''
14:23:47.284 [openiec61850-osi-server-7-thread-1] DEBUG com.beanit.openiec61850.ServerAssociation - sub BDA is:IEDBiogasCHP/MMXU1.W.phsC.dU: 
calling GetDataValues(IEDBiogasCHP/MMXU1.W.phsC.d)
14:23:47.284 [openiec61850-osi-server-7-thread-1] DEBUG com.beanit.openiec61850.ServerAssociation - Got a GetDataValues request for node: IEDBiogasCHP/MMXU1.W.phsC.d: ''
calling GetDataValues(IEDBiogasCHP/MMXU1.W.phsC.dU)
14:23:47.284 [openiec61850-osi-server-7-thread-1] DEBUG com.beanit.openiec61850.ServerAssociation - Got a GetDataValues request for node: IEDBiogasCHP/MMXU1.W.phsC.dU: 
calling GetDataValues(IEDBiogasCHP/MMXU1.W.neut)
14:23:47.284 [openiec61850-osi-server-7-thread-1] DEBUG com.beanit.openiec61850.ServerAssociation - Got a GetDataValues request for node: IEDBiogasCHP/MMXU1.W.neut [DC]
IEDBiogasCHP/MMXU1.W.neut.d: ''
IEDBiogasCHP/MMXU1.W.neut.dU: 
14:23:47.284 [openiec61850-osi-server-7-thread-1] DEBUG com.beanit.openiec61850.ServerAssociation - sub BDA is:IEDBiogasCHP/MMXU1.W.neut.d: ''
14:23:47.284 [openiec61850-osi-server-7-thread-1] DEBUG com.beanit.openiec61850.ServerAssociation - sub BDA is:IEDBiogasCHP/MMXU1.W.neut.dU: 
calling GetDataValues(IEDBiogasCHP/MMXU1.W.neut.d)
14:23:47.284 [openiec61850-osi-server-7-thread-1] DEBUG com.beanit.openiec61850.ServerAssociation - Got a GetDataValues request for node: IEDBiogasCHP/MMXU1.W.neut.d: ''
calling GetDataValues(IEDBiogasCHP/MMXU1.W.neut.dU)
14:23:47.285 [openiec61850-osi-server-7-thread-1] DEBUG com.beanit.openiec61850.ServerAssociation - Got a GetDataValues request for node: IEDBiogasCHP/MMXU1.W.neut.dU: 
calling GetDataValues(IEDBiogasCHP/MMXU1.W.net)
14:23:47.285 [openiec61850-osi-server-7-thread-1] DEBUG com.beanit.openiec61850.ServerAssociation - Got a GetDataValues request for node: IEDBiogasCHP/MMXU1.W.net [DC]
IEDBiogasCHP/MMXU1.W.net.d: ''
IEDBiogasCHP/MMXU1.W.net.dU: 
14:23:47.285 [openiec61850-osi-server-7-thread-1] DEBUG com.beanit.openiec61850.ServerAssociation - sub BDA is:IEDBiogasCHP/MMXU1.W.net.d: ''
14:23:47.285 [openiec61850-osi-server-7-thread-1] DEBUG com.beanit.openiec61850.ServerAssociation - sub BDA is:IEDBiogasCHP/MMXU1.W.net.dU: 
calling GetDataValues(IEDBiogasCHP/MMXU1.W.net.d)
14:23:47.285 [openiec61850-osi-server-7-thread-1] DEBUG com.beanit.openiec61850.ServerAssociation - Got a GetDataValues request for node: IEDBiogasCHP/MMXU1.W.net.d: ''
calling GetDataValues(IEDBiogasCHP/MMXU1.W.net.dU)
14:23:47.285 [openiec61850-osi-server-7-thread-1] DEBUG com.beanit.openiec61850.ServerAssociation - Got a GetDataValues request for node: IEDBiogasCHP/MMXU1.W.net.dU: 
calling GetDataValues(IEDBiogasCHP/MMXU1.W.res)
14:23:47.285 [openiec61850-osi-server-7-thread-1] DEBUG com.beanit.openiec61850.ServerAssociation - Got a GetDataValues request for node: IEDBiogasCHP/MMXU1.W.res [DC]
IEDBiogasCHP/MMXU1.W.res.d: ''
IEDBiogasCHP/MMXU1.W.res.dU: 
14:23:47.285 [openiec61850-osi-server-7-thread-1] DEBUG com.beanit.openiec61850.ServerAssociation - sub BDA is:IEDBiogasCHP/MMXU1.W.res.d: ''
14:23:47.285 [openiec61850-osi-server-7-thread-1] DEBUG com.beanit.openiec61850.ServerAssociation - sub BDA is:IEDBiogasCHP/MMXU1.W.res.dU: 
calling GetDataValues(IEDBiogasCHP/MMXU1.W.res.d)
14:23:47.285 [openiec61850-osi-server-7-thread-1] DEBUG com.beanit.openiec61850.ServerAssociation - Got a GetDataValues request for node: IEDBiogasCHP/MMXU1.W.res.d: ''
calling GetDataValues(IEDBiogasCHP/MMXU1.W.res.dU)
14:23:47.285 [openiec61850-osi-server-7-thread-1] DEBUG com.beanit.openiec61850.ServerAssociation - Got a GetDataValues request for node: IEDBiogasCHP/MMXU1.W.res.dU: 
calling GetDataValues(IEDBiogasCHP/MMXU1.W)
14:23:47.286 [openiec61850-osi-server-7-thread-1] DEBUG com.beanit.openiec61850.ServerAssociation - Got a GetDataValues request for node: IEDBiogasCHP/MMXU1.W [EX]
IEDBiogasCHP/MMXU1.W.cdcNs: ''
IEDBiogasCHP/MMXU1.W.cdcName: ''
IEDBiogasCHP/MMXU1.W.dataNs: ''
IEDBiogasCHP/MMXU1.W.phsA [EX]
IEDBiogasCHP/MMXU1.W.phsA.cdcNs: ''
IEDBiogasCHP/MMXU1.W.phsA.cdcName: ''
IEDBiogasCHP/MMXU1.W.phsA.dataNs: ''
IEDBiogasCHP/MMXU1.W.phsB [EX]
IEDBiogasCHP/MMXU1.W.phsB.cdcNs: ''
IEDBiogasCHP/MMXU1.W.phsB.cdcName: ''
IEDBiogasCHP/MMXU1.W.phsB.dataNs: ''
IEDBiogasCHP/MMXU1.W.phsC [EX]
IEDBiogasCHP/MMXU1.W.phsC.cdcNs: ''
IEDBiogasCHP/MMXU1.W.phsC.cdcName: ''
IEDBiogasCHP/MMXU1.W.phsC.dataNs: ''
IEDBiogasCHP/MMXU1.W.neut [EX]
IEDBiogasCHP/MMXU1.W.neut.cdcNs: ''
IEDBiogasCHP/MMXU1.W.neut.cdcName: ''
IEDBiogasCHP/MMXU1.W.neut.dataNs: ''
IEDBiogasCHP/MMXU1.W.net [EX]
IEDBiogasCHP/MMXU1.W.net.cdcNs: ''
IEDBiogasCHP/MMXU1.W.net.cdcName: ''
IEDBiogasCHP/MMXU1.W.net.dataNs: ''
IEDBiogasCHP/MMXU1.W.res [EX]
IEDBiogasCHP/MMXU1.W.res.cdcNs: ''
IEDBiogasCHP/MMXU1.W.res.cdcName: ''
IEDBiogasCHP/MMXU1.W.res.dataNs: ''
14:23:47.286 [openiec61850-osi-server-7-thread-1] DEBUG com.beanit.openiec61850.ServerAssociation - sub BDA is:IEDBiogasCHP/MMXU1.W.cdcNs: ''
14:23:47.286 [openiec61850-osi-server-7-thread-1] DEBUG com.beanit.openiec61850.ServerAssociation - sub BDA is:IEDBiogasCHP/MMXU1.W.cdcName: ''
14:23:47.286 [openiec61850-osi-server-7-thread-1] DEBUG com.beanit.openiec61850.ServerAssociation - sub BDA is:IEDBiogasCHP/MMXU1.W.dataNs: ''
14:23:47.286 [openiec61850-osi-server-7-thread-1] DEBUG com.beanit.openiec61850.ServerAssociation - sub BDA is:IEDBiogasCHP/MMXU1.W.phsA.cdcNs: ''
14:23:47.286 [openiec61850-osi-server-7-thread-1] DEBUG com.beanit.openiec61850.ServerAssociation - sub BDA is:IEDBiogasCHP/MMXU1.W.phsA.cdcName: ''
14:23:47.286 [openiec61850-osi-server-7-thread-1] DEBUG com.beanit.openiec61850.ServerAssociation - sub BDA is:IEDBiogasCHP/MMXU1.W.phsA.dataNs: ''
14:23:47.286 [openiec61850-osi-server-7-thread-1] DEBUG com.beanit.openiec61850.ServerAssociation - sub BDA is:IEDBiogasCHP/MMXU1.W.phsB.cdcNs: ''
14:23:47.286 [openiec61850-osi-server-7-thread-1] DEBUG com.beanit.openiec61850.ServerAssociation - sub BDA is:IEDBiogasCHP/MMXU1.W.phsB.cdcName: ''
14:23:47.286 [openiec61850-osi-server-7-thread-1] DEBUG com.beanit.openiec61850.ServerAssociation - sub BDA is:IEDBiogasCHP/MMXU1.W.phsB.dataNs: ''
14:23:47.286 [openiec61850-osi-server-7-thread-1] DEBUG com.beanit.openiec61850.ServerAssociation - sub BDA is:IEDBiogasCHP/MMXU1.W.phsC.cdcNs: ''
14:23:47.286 [openiec61850-osi-server-7-thread-1] DEBUG com.beanit.openiec61850.ServerAssociation - sub BDA is:IEDBiogasCHP/MMXU1.W.phsC.cdcName: ''
14:23:47.286 [openiec61850-osi-server-7-thread-1] DEBUG com.beanit.openiec61850.ServerAssociation - sub BDA is:IEDBiogasCHP/MMXU1.W.phsC.dataNs: ''
14:23:47.286 [openiec61850-osi-server-7-thread-1] DEBUG com.beanit.openiec61850.ServerAssociation - sub BDA is:IEDBiogasCHP/MMXU1.W.neut.cdcNs: ''
14:23:47.286 [openiec61850-osi-server-7-thread-1] DEBUG com.beanit.openiec61850.ServerAssociation - sub BDA is:IEDBiogasCHP/MMXU1.W.neut.cdcName: ''
14:23:47.286 [openiec61850-osi-server-7-thread-1] DEBUG com.beanit.openiec61850.ServerAssociation - sub BDA is:IEDBiogasCHP/MMXU1.W.neut.dataNs: ''
14:23:47.286 [openiec61850-osi-server-7-thread-1] DEBUG com.beanit.openiec61850.ServerAssociation - sub BDA is:IEDBiogasCHP/MMXU1.W.net.cdcNs: ''
14:23:47.286 [openiec61850-osi-server-7-thread-1] DEBUG com.beanit.openiec61850.ServerAssociation - sub BDA is:IEDBiogasCHP/MMXU1.W.net.cdcName: ''
14:23:47.286 [openiec61850-osi-server-7-thread-1] DEBUG com.beanit.openiec61850.ServerAssociation - sub BDA is:IEDBiogasCHP/MMXU1.W.net.dataNs: ''
14:23:47.286 [openiec61850-osi-server-7-thread-1] DEBUG com.beanit.openiec61850.ServerAssociation - sub BDA is:IEDBiogasCHP/MMXU1.W.res.cdcNs: ''
14:23:47.286 [openiec61850-osi-server-7-thread-1] DEBUG com.beanit.openiec61850.ServerAssociation - sub BDA is:IEDBiogasCHP/MMXU1.W.res.cdcName: ''
14:23:47.286 [openiec61850-osi-server-7-thread-1] DEBUG com.beanit.openiec61850.ServerAssociation - sub BDA is:IEDBiogasCHP/MMXU1.W.res.dataNs: ''
calling GetDataValues(IEDBiogasCHP/MMXU1.W.cdcNs)
14:23:47.286 [openiec61850-osi-server-7-thread-1] DEBUG com.beanit.openiec61850.ServerAssociation - Got a GetDataValues request for node: IEDBiogasCHP/MMXU1.W.cdcNs: ''
calling GetDataValues(IEDBiogasCHP/MMXU1.W.cdcName)
14:23:47.286 [openiec61850-osi-server-7-thread-1] DEBUG com.beanit.openiec61850.ServerAssociation - Got a GetDataValues request for node: IEDBiogasCHP/MMXU1.W.cdcName: ''
calling GetDataValues(IEDBiogasCHP/MMXU1.W.dataNs)
14:23:47.286 [openiec61850-osi-server-7-thread-1] DEBUG com.beanit.openiec61850.ServerAssociation - Got a GetDataValues request for node: IEDBiogasCHP/MMXU1.W.dataNs: ''
calling GetDataValues(IEDBiogasCHP/MMXU1.W.phsA)
14:23:47.286 [openiec61850-osi-server-7-thread-1] DEBUG com.beanit.openiec61850.ServerAssociation - Got a GetDataValues request for node: IEDBiogasCHP/MMXU1.W.phsA [EX]
IEDBiogasCHP/MMXU1.W.phsA.cdcNs: ''
IEDBiogasCHP/MMXU1.W.phsA.cdcName: ''
IEDBiogasCHP/MMXU1.W.phsA.dataNs: ''
14:23:47.286 [openiec61850-osi-server-7-thread-1] DEBUG com.beanit.openiec61850.ServerAssociation - sub BDA is:IEDBiogasCHP/MMXU1.W.phsA.cdcNs: ''
14:23:47.286 [openiec61850-osi-server-7-thread-1] DEBUG com.beanit.openiec61850.ServerAssociation - sub BDA is:IEDBiogasCHP/MMXU1.W.phsA.cdcName: ''
14:23:47.286 [openiec61850-osi-server-7-thread-1] DEBUG com.beanit.openiec61850.ServerAssociation - sub BDA is:IEDBiogasCHP/MMXU1.W.phsA.dataNs: ''
calling GetDataValues(IEDBiogasCHP/MMXU1.W.phsA.cdcNs)
14:23:47.286 [openiec61850-osi-server-7-thread-1] DEBUG com.beanit.openiec61850.ServerAssociation - Got a GetDataValues request for node: IEDBiogasCHP/MMXU1.W.phsA.cdcNs: ''
calling GetDataValues(IEDBiogasCHP/MMXU1.W.phsA.cdcName)
14:23:47.286 [openiec61850-osi-server-7-thread-1] DEBUG com.beanit.openiec61850.ServerAssociation - Got a GetDataValues request for node: IEDBiogasCHP/MMXU1.W.phsA.cdcName: ''
calling GetDataValues(IEDBiogasCHP/MMXU1.W.phsA.dataNs)
14:23:47.287 [openiec61850-osi-server-7-thread-1] DEBUG com.beanit.openiec61850.ServerAssociation - Got a GetDataValues request for node: IEDBiogasCHP/MMXU1.W.phsA.dataNs: ''
calling GetDataValues(IEDBiogasCHP/MMXU1.W.phsB)
14:23:47.287 [openiec61850-osi-server-7-thread-1] DEBUG com.beanit.openiec61850.ServerAssociation - Got a GetDataValues request for node: IEDBiogasCHP/MMXU1.W.phsB [EX]
IEDBiogasCHP/MMXU1.W.phsB.cdcNs: ''
IEDBiogasCHP/MMXU1.W.phsB.cdcName: ''
IEDBiogasCHP/MMXU1.W.phsB.dataNs: ''
14:23:47.287 [openiec61850-osi-server-7-thread-1] DEBUG com.beanit.openiec61850.ServerAssociation - sub BDA is:IEDBiogasCHP/MMXU1.W.phsB.cdcNs: ''
14:23:47.287 [openiec61850-osi-server-7-thread-1] DEBUG com.beanit.openiec61850.ServerAssociation - sub BDA is:IEDBiogasCHP/MMXU1.W.phsB.cdcName: ''
14:23:47.287 [openiec61850-osi-server-7-thread-1] DEBUG com.beanit.openiec61850.ServerAssociation - sub BDA is:IEDBiogasCHP/MMXU1.W.phsB.dataNs: ''
calling GetDataValues(IEDBiogasCHP/MMXU1.W.phsB.cdcNs)
14:23:47.287 [openiec61850-osi-server-7-thread-1] DEBUG com.beanit.openiec61850.ServerAssociation - Got a GetDataValues request for node: IEDBiogasCHP/MMXU1.W.phsB.cdcNs: ''
calling GetDataValues(IEDBiogasCHP/MMXU1.W.phsB.cdcName)
14:23:47.287 [openiec61850-osi-server-7-thread-1] DEBUG com.beanit.openiec61850.ServerAssociation - Got a GetDataValues request for node: IEDBiogasCHP/MMXU1.W.phsB.cdcName: ''
calling GetDataValues(IEDBiogasCHP/MMXU1.W.phsB.dataNs)
14:23:47.287 [openiec61850-osi-server-7-thread-1] DEBUG com.beanit.openiec61850.ServerAssociation - Got a GetDataValues request for node: IEDBiogasCHP/MMXU1.W.phsB.dataNs: ''
calling GetDataValues(IEDBiogasCHP/MMXU1.W.phsC)
14:23:47.287 [openiec61850-osi-server-7-thread-1] DEBUG com.beanit.openiec61850.ServerAssociation - Got a GetDataValues request for node: IEDBiogasCHP/MMXU1.W.phsC [EX]
IEDBiogasCHP/MMXU1.W.phsC.cdcNs: ''
IEDBiogasCHP/MMXU1.W.phsC.cdcName: ''
IEDBiogasCHP/MMXU1.W.phsC.dataNs: ''
14:23:47.287 [openiec61850-osi-server-7-thread-1] DEBUG com.beanit.openiec61850.ServerAssociation - sub BDA is:IEDBiogasCHP/MMXU1.W.phsC.cdcNs: ''
14:23:47.287 [openiec61850-osi-server-7-thread-1] DEBUG com.beanit.openiec61850.ServerAssociation - sub BDA is:IEDBiogasCHP/MMXU1.W.phsC.cdcName: ''
14:23:47.287 [openiec61850-osi-server-7-thread-1] DEBUG com.beanit.openiec61850.ServerAssociation - sub BDA is:IEDBiogasCHP/MMXU1.W.phsC.dataNs: ''
calling GetDataValues(IEDBiogasCHP/MMXU1.W.phsC.cdcNs)
14:23:47.287 [openiec61850-osi-server-7-thread-1] DEBUG com.beanit.openiec61850.ServerAssociation - Got a GetDataValues request for node: IEDBiogasCHP/MMXU1.W.phsC.cdcNs: ''
calling GetDataValues(IEDBiogasCHP/MMXU1.W.phsC.cdcName)
14:23:47.287 [openiec61850-osi-server-7-thread-1] DEBUG com.beanit.openiec61850.ServerAssociation - Got a GetDataValues request for node: IEDBiogasCHP/MMXU1.W.phsC.cdcName: ''
calling GetDataValues(IEDBiogasCHP/MMXU1.W.phsC.dataNs)
14:23:47.288 [openiec61850-osi-server-7-thread-1] DEBUG com.beanit.openiec61850.ServerAssociation - Got a GetDataValues request for node: IEDBiogasCHP/MMXU1.W.phsC.dataNs: ''
calling GetDataValues(IEDBiogasCHP/MMXU1.W.neut)
14:23:47.288 [openiec61850-osi-server-7-thread-1] DEBUG com.beanit.openiec61850.ServerAssociation - Got a GetDataValues request for node: IEDBiogasCHP/MMXU1.W.neut [EX]
IEDBiogasCHP/MMXU1.W.neut.cdcNs: ''
IEDBiogasCHP/MMXU1.W.neut.cdcName: ''
IEDBiogasCHP/MMXU1.W.neut.dataNs: ''
14:23:47.288 [openiec61850-osi-server-7-thread-1] DEBUG com.beanit.openiec61850.ServerAssociation - sub BDA is:IEDBiogasCHP/MMXU1.W.neut.cdcNs: ''
14:23:47.288 [openiec61850-osi-server-7-thread-1] DEBUG com.beanit.openiec61850.ServerAssociation - sub BDA is:IEDBiogasCHP/MMXU1.W.neut.cdcName: ''
14:23:47.288 [openiec61850-osi-server-7-thread-1] DEBUG com.beanit.openiec61850.ServerAssociation - sub BDA is:IEDBiogasCHP/MMXU1.W.neut.dataNs: ''
calling GetDataValues(IEDBiogasCHP/MMXU1.W.neut.cdcNs)
14:23:47.288 [openiec61850-osi-server-7-thread-1] DEBUG com.beanit.openiec61850.ServerAssociation - Got a GetDataValues request for node: IEDBiogasCHP/MMXU1.W.neut.cdcNs: ''
calling GetDataValues(IEDBiogasCHP/MMXU1.W.neut.cdcName)
14:23:47.288 [openiec61850-osi-server-7-thread-1] DEBUG com.beanit.openiec61850.ServerAssociation - Got a GetDataValues request for node: IEDBiogasCHP/MMXU1.W.neut.cdcName: ''
calling GetDataValues(IEDBiogasCHP/MMXU1.W.neut.dataNs)
14:23:47.288 [openiec61850-osi-server-7-thread-1] DEBUG com.beanit.openiec61850.ServerAssociation - Got a GetDataValues request for node: IEDBiogasCHP/MMXU1.W.neut.dataNs: ''
calling GetDataValues(IEDBiogasCHP/MMXU1.W.net)
14:23:47.288 [openiec61850-osi-server-7-thread-1] DEBUG com.beanit.openiec61850.ServerAssociation - Got a GetDataValues request for node: IEDBiogasCHP/MMXU1.W.net [EX]
IEDBiogasCHP/MMXU1.W.net.cdcNs: ''
IEDBiogasCHP/MMXU1.W.net.cdcName: ''
IEDBiogasCHP/MMXU1.W.net.dataNs: ''
14:23:47.288 [openiec61850-osi-server-7-thread-1] DEBUG com.beanit.openiec61850.ServerAssociation - sub BDA is:IEDBiogasCHP/MMXU1.W.net.cdcNs: ''
14:23:47.288 [openiec61850-osi-server-7-thread-1] DEBUG com.beanit.openiec61850.ServerAssociation - sub BDA is:IEDBiogasCHP/MMXU1.W.net.cdcName: ''
14:23:47.288 [openiec61850-osi-server-7-thread-1] DEBUG com.beanit.openiec61850.ServerAssociation - sub BDA is:IEDBiogasCHP/MMXU1.W.net.dataNs: ''
calling GetDataValues(IEDBiogasCHP/MMXU1.W.net.cdcNs)
14:23:47.288 [openiec61850-osi-server-7-thread-1] DEBUG com.beanit.openiec61850.ServerAssociation - Got a GetDataValues request for node: IEDBiogasCHP/MMXU1.W.net.cdcNs: ''
calling GetDataValues(IEDBiogasCHP/MMXU1.W.net.cdcName)
14:23:47.288 [openiec61850-osi-server-7-thread-1] DEBUG com.beanit.openiec61850.ServerAssociation - Got a GetDataValues request for node: IEDBiogasCHP/MMXU1.W.net.cdcName: ''
calling GetDataValues(IEDBiogasCHP/MMXU1.W.net.dataNs)
14:23:47.289 [openiec61850-osi-server-7-thread-1] DEBUG com.beanit.openiec61850.ServerAssociation - Got a GetDataValues request for node: IEDBiogasCHP/MMXU1.W.net.dataNs: ''
calling GetDataValues(IEDBiogasCHP/MMXU1.W.res)
14:23:47.289 [openiec61850-osi-server-7-thread-1] DEBUG com.beanit.openiec61850.ServerAssociation - Got a GetDataValues request for node: IEDBiogasCHP/MMXU1.W.res [EX]
IEDBiogasCHP/MMXU1.W.res.cdcNs: ''
IEDBiogasCHP/MMXU1.W.res.cdcName: ''
IEDBiogasCHP/MMXU1.W.res.dataNs: ''
14:23:47.289 [openiec61850-osi-server-7-thread-1] DEBUG com.beanit.openiec61850.ServerAssociation - sub BDA is:IEDBiogasCHP/MMXU1.W.res.cdcNs: ''
14:23:47.289 [openiec61850-osi-server-7-thread-1] DEBUG com.beanit.openiec61850.ServerAssociation - sub BDA is:IEDBiogasCHP/MMXU1.W.res.cdcName: ''
14:23:47.289 [openiec61850-osi-server-7-thread-1] DEBUG com.beanit.openiec61850.ServerAssociation - sub BDA is:IEDBiogasCHP/MMXU1.W.res.dataNs: ''
calling GetDataValues(IEDBiogasCHP/MMXU1.W.res.cdcNs)
14:23:47.289 [openiec61850-osi-server-7-thread-1] DEBUG com.beanit.openiec61850.ServerAssociation - Got a GetDataValues request for node: IEDBiogasCHP/MMXU1.W.res.cdcNs: ''
calling GetDataValues(IEDBiogasCHP/MMXU1.W.res.cdcName)
14:23:47.289 [openiec61850-osi-server-7-thread-1] DEBUG com.beanit.openiec61850.ServerAssociation - Got a GetDataValues request for node: IEDBiogasCHP/MMXU1.W.res.cdcName: ''
calling GetDataValues(IEDBiogasCHP/MMXU1.W.res.dataNs)
14:23:47.289 [openiec61850-osi-server-7-thread-1] DEBUG com.beanit.openiec61850.ServerAssociation - Got a GetDataValues request for node: IEDBiogasCHP/MMXU1.W.res.dataNs: ''
calling GetDataValues(IEDBiogasCHP/MMXU1.VAr)
14:23:47.289 [openiec61850-osi-server-7-thread-1] DEBUG com.beanit.openiec61850.ServerAssociation - Got a GetDataValues request for node: IEDBiogasCHP/MMXU1.VAr [MX]
IEDBiogasCHP/MMXU1.VAr.phsA [MX]
IEDBiogasCHP/MMXU1.VAr.phsA.instCVal [MX]
IEDBiogasCHP/MMXU1.VAr.phsA.instCVal.mag [MX]
IEDBiogasCHP/MMXU1.VAr.phsA.instCVal.mag.i: 0
IEDBiogasCHP/MMXU1.VAr.phsA.instCVal.mag.f: 0.0
IEDBiogasCHP/MMXU1.VAr.phsA.instCVal.ang [MX]
IEDBiogasCHP/MMXU1.VAr.phsA.instCVal.ang.i: 0
IEDBiogasCHP/MMXU1.VAr.phsA.instCVal.ang.f: 0.0
IEDBiogasCHP/MMXU1.VAr.phsA.cVal [MX]
IEDBiogasCHP/MMXU1.VAr.phsA.cVal.mag [MX]
IEDBiogasCHP/MMXU1.VAr.phsA.cVal.mag.i: 0
IEDBiogasCHP/MMXU1.VAr.phsA.cVal.mag.f: 0.0
IEDBiogasCHP/MMXU1.VAr.phsA.cVal.ang [MX]
IEDBiogasCHP/MMXU1.VAr.phsA.cVal.ang.i: 0
IEDBiogasCHP/MMXU1.VAr.phsA.cVal.ang.f: 0.0
IEDBiogasCHP/MMXU1.VAr.phsA.range: 0
IEDBiogasCHP/MMXU1.VAr.phsA.q: 0x00 0x00
IEDBiogasCHP/MMXU1.VAr.phsA.t: Thu Jan 01 01:00:00 CET 1970
IEDBiogasCHP/MMXU1.VAr.phsB [MX]
IEDBiogasCHP/MMXU1.VAr.phsB.instCVal [MX]
IEDBiogasCHP/MMXU1.VAr.phsB.instCVal.mag [MX]
IEDBiogasCHP/MMXU1.VAr.phsB.instCVal.mag.i: 0
IEDBiogasCHP/MMXU1.VAr.phsB.instCVal.mag.f: 0.0
IEDBiogasCHP/MMXU1.VAr.phsB.instCVal.ang [MX]
IEDBiogasCHP/MMXU1.VAr.phsB.instCVal.ang.i: 0
IEDBiogasCHP/MMXU1.VAr.phsB.instCVal.ang.f: 0.0
IEDBiogasCHP/MMXU1.VAr.phsB.cVal [MX]
IEDBiogasCHP/MMXU1.VAr.phsB.cVal.mag [MX]
IEDBiogasCHP/MMXU1.VAr.phsB.cVal.mag.i: 0
IEDBiogasCHP/MMXU1.VAr.phsB.cVal.mag.f: 0.0
IEDBiogasCHP/MMXU1.VAr.phsB.cVal.ang [MX]
IEDBiogasCHP/MMXU1.VAr.phsB.cVal.ang.i: 0
IEDBiogasCHP/MMXU1.VAr.phsB.cVal.ang.f: 0.0
IEDBiogasCHP/MMXU1.VAr.phsB.range: 0
IEDBiogasCHP/MMXU1.VAr.phsB.q: 0x00 0x00
IEDBiogasCHP/MMXU1.VAr.phsB.t: Thu Jan 01 01:00:00 CET 1970
IEDBiogasCHP/MMXU1.VAr.phsC [MX]
IEDBiogasCHP/MMXU1.VAr.phsC.instCVal [MX]
IEDBiogasCHP/MMXU1.VAr.phsC.instCVal.mag [MX]
IEDBiogasCHP/MMXU1.VAr.phsC.instCVal.mag.i: 0
IEDBiogasCHP/MMXU1.VAr.phsC.instCVal.mag.f: 0.0
IEDBiogasCHP/MMXU1.VAr.phsC.instCVal.ang [MX]
IEDBiogasCHP/MMXU1.VAr.phsC.instCVal.ang.i: 0
IEDBiogasCHP/MMXU1.VAr.phsC.instCVal.ang.f: 0.0
IEDBiogasCHP/MMXU1.VAr.phsC.cVal [MX]
IEDBiogasCHP/MMXU1.VAr.phsC.cVal.mag [MX]
IEDBiogasCHP/MMXU1.VAr.phsC.cVal.mag.i: 0
IEDBiogasCHP/MMXU1.VAr.phsC.cVal.mag.f: 0.0
IEDBiogasCHP/MMXU1.VAr.phsC.cVal.ang [MX]
IEDBiogasCHP/MMXU1.VAr.phsC.cVal.ang.i: 0
IEDBiogasCHP/MMXU1.VAr.phsC.cVal.ang.f: 0.0
IEDBiogasCHP/MMXU1.VAr.phsC.range: 0
IEDBiogasCHP/MMXU1.VAr.phsC.q: 0x00 0x00
IEDBiogasCHP/MMXU1.VAr.phsC.t: Thu Jan 01 01:00:00 CET 1970
IEDBiogasCHP/MMXU1.VAr.neut [MX]
IEDBiogasCHP/MMXU1.VAr.neut.instCVal [MX]
IEDBiogasCHP/MMXU1.VAr.neut.instCVal.mag [MX]
IEDBiogasCHP/MMXU1.VAr.neut.instCVal.mag.i: 0
IEDBiogasCHP/MMXU1.VAr.neut.instCVal.mag.f: 0.0
IEDBiogasCHP/MMXU1.VAr.neut.instCVal.ang [MX]
IEDBiogasCHP/MMXU1.VAr.neut.instCVal.ang.i: 0
IEDBiogasCHP/MMXU1.VAr.neut.instCVal.ang.f: 0.0
IEDBiogasCHP/MMXU1.VAr.neut.cVal [MX]
IEDBiogasCHP/MMXU1.VAr.neut.cVal.mag [MX]
IEDBiogasCHP/MMXU1.VAr.neut.cVal.mag.i: 0
IEDBiogasCHP/MMXU1.VAr.neut.cVal.mag.f: 0.0
IEDBiogasCHP/MMXU1.VAr.neut.cVal.ang [MX]
IEDBiogasCHP/MMXU1.VAr.neut.cVal.ang.i: 0
IEDBiogasCHP/MMXU1.VAr.neut.cVal.ang.f: 0.0
IEDBiogasCHP/MMXU1.VAr.neut.range: 0
IEDBiogasCHP/MMXU1.VAr.neut.q: 0x00 0x00
IEDBiogasCHP/MMXU1.VAr.neut.t: Thu Jan 01 01:00:00 CET 1970
IEDBiogasCHP/MMXU1.VAr.net [MX]
IEDBiogasCHP/MMXU1.VAr.net.instCVal [MX]
IEDBiogasCHP/MMXU1.VAr.net.instCVal.mag [MX]
IEDBiogasCHP/MMXU1.VAr.net.instCVal.mag.i: 0
IEDBiogasCHP/MMXU1.VAr.net.instCVal.mag.f: 0.0
IEDBiogasCHP/MMXU1.VAr.net.instCVal.ang [MX]
IEDBiogasCHP/MMXU1.VAr.net.instCVal.ang.i: 0
IEDBiogasCHP/MMXU1.VAr.net.instCVal.ang.f: 0.0
IEDBiogasCHP/MMXU1.VAr.net.cVal [MX]
IEDBiogasCHP/MMXU1.VAr.net.cVal.mag [MX]
IEDBiogasCHP/MMXU1.VAr.net.cVal.mag.i: 0
IEDBiogasCHP/MMXU1.VAr.net.cVal.mag.f: 0.0
IEDBiogasCHP/MMXU1.VAr.net.cVal.ang [MX]
IEDBiogasCHP/MMXU1.VAr.net.cVal.ang.i: 0
IEDBiogasCHP/MMXU1.VAr.net.cVal.ang.f: 0.0
IEDBiogasCHP/MMXU1.VAr.net.range: 0
IEDBiogasCHP/MMXU1.VAr.net.q: 0x00 0x00
IEDBiogasCHP/MMXU1.VAr.net.t: Thu Jan 01 01:00:00 CET 1970
IEDBiogasCHP/MMXU1.VAr.res [MX]
IEDBiogasCHP/MMXU1.VAr.res.instCVal [MX]
IEDBiogasCHP/MMXU1.VAr.res.instCVal.mag [MX]
IEDBiogasCHP/MMXU1.VAr.res.instCVal.mag.i: 0
IEDBiogasCHP/MMXU1.VAr.res.instCVal.mag.f: 0.0
IEDBiogasCHP/MMXU1.VAr.res.instCVal.ang [MX]
IEDBiogasCHP/MMXU1.VAr.res.instCVal.ang.i: 0
IEDBiogasCHP/MMXU1.VAr.res.instCVal.ang.f: 0.0
IEDBiogasCHP/MMXU1.VAr.res.cVal [MX]
IEDBiogasCHP/MMXU1.VAr.res.cVal.mag [MX]
IEDBiogasCHP/MMXU1.VAr.res.cVal.mag.i: 0
IEDBiogasCHP/MMXU1.VAr.res.cVal.mag.f: 0.0
IEDBiogasCHP/MMXU1.VAr.res.cVal.ang [MX]
IEDBiogasCHP/MMXU1.VAr.res.cVal.ang.i: 0
IEDBiogasCHP/MMXU1.VAr.res.cVal.ang.f: 0.0
IEDBiogasCHP/MMXU1.VAr.res.range: 0
IEDBiogasCHP/MMXU1.VAr.res.q: 0x00 0x00
IEDBiogasCHP/MMXU1.VAr.res.t: Thu Jan 01 01:00:00 CET 1970
14:23:47.290 [openiec61850-osi-server-7-thread-1] DEBUG com.beanit.openiec61850.ServerAssociation - sub BDA is:IEDBiogasCHP/MMXU1.VAr.phsA.instCVal.mag.i: 0
14:23:47.290 [openiec61850-osi-server-7-thread-1] DEBUG com.beanit.openiec61850.ServerAssociation - sub BDA is:IEDBiogasCHP/MMXU1.VAr.phsA.instCVal.mag.f: 0.0
14:23:47.290 [openiec61850-osi-server-7-thread-1] DEBUG com.beanit.openiec61850.ServerAssociation - sub BDA is:IEDBiogasCHP/MMXU1.VAr.phsA.instCVal.ang.i: 0
14:23:47.290 [openiec61850-osi-server-7-thread-1] DEBUG com.beanit.openiec61850.ServerAssociation - sub BDA is:IEDBiogasCHP/MMXU1.VAr.phsA.instCVal.ang.f: 0.0
14:23:47.290 [openiec61850-osi-server-7-thread-1] DEBUG com.beanit.openiec61850.ServerAssociation - sub BDA is:IEDBiogasCHP/MMXU1.VAr.phsA.cVal.mag.i: 0
14:23:47.290 [openiec61850-osi-server-7-thread-1] DEBUG com.beanit.openiec61850.ServerAssociation - sub BDA is:IEDBiogasCHP/MMXU1.VAr.phsA.cVal.mag.f: 0.0
14:23:47.290 [openiec61850-osi-server-7-thread-1] DEBUG com.beanit.openiec61850.ServerAssociation - sub BDA is:IEDBiogasCHP/MMXU1.VAr.phsA.cVal.ang.i: 0
14:23:47.290 [openiec61850-osi-server-7-thread-1] DEBUG com.beanit.openiec61850.ServerAssociation - sub BDA is:IEDBiogasCHP/MMXU1.VAr.phsA.cVal.ang.f: 0.0
14:23:47.290 [openiec61850-osi-server-7-thread-1] DEBUG com.beanit.openiec61850.ServerAssociation - sub BDA is:IEDBiogasCHP/MMXU1.VAr.phsA.range: 0
14:23:47.290 [openiec61850-osi-server-7-thread-1] DEBUG com.beanit.openiec61850.ServerAssociation - sub BDA is:IEDBiogasCHP/MMXU1.VAr.phsA.q: 0x00 0x00
14:23:47.290 [openiec61850-osi-server-7-thread-1] DEBUG com.beanit.openiec61850.ServerAssociation - sub BDA is:IEDBiogasCHP/MMXU1.VAr.phsA.t: Thu Jan 01 01:00:00 CET 1970
14:23:47.290 [openiec61850-osi-server-7-thread-1] DEBUG com.beanit.openiec61850.ServerAssociation - sub BDA is:IEDBiogasCHP/MMXU1.VAr.phsB.instCVal.mag.i: 0
14:23:47.290 [openiec61850-osi-server-7-thread-1] DEBUG com.beanit.openiec61850.ServerAssociation - sub BDA is:IEDBiogasCHP/MMXU1.VAr.phsB.instCVal.mag.f: 0.0
14:23:47.290 [openiec61850-osi-server-7-thread-1] DEBUG com.beanit.openiec61850.ServerAssociation - sub BDA is:IEDBiogasCHP/MMXU1.VAr.phsB.instCVal.ang.i: 0
14:23:47.290 [openiec61850-osi-server-7-thread-1] DEBUG com.beanit.openiec61850.ServerAssociation - sub BDA is:IEDBiogasCHP/MMXU1.VAr.phsB.instCVal.ang.f: 0.0
14:23:47.290 [openiec61850-osi-server-7-thread-1] DEBUG com.beanit.openiec61850.ServerAssociation - sub BDA is:IEDBiogasCHP/MMXU1.VAr.phsB.cVal.mag.i: 0
14:23:47.290 [openiec61850-osi-server-7-thread-1] DEBUG com.beanit.openiec61850.ServerAssociation - sub BDA is:IEDBiogasCHP/MMXU1.VAr.phsB.cVal.mag.f: 0.0
14:23:47.290 [openiec61850-osi-server-7-thread-1] DEBUG com.beanit.openiec61850.ServerAssociation - sub BDA is:IEDBiogasCHP/MMXU1.VAr.phsB.cVal.ang.i: 0
14:23:47.290 [openiec61850-osi-server-7-thread-1] DEBUG com.beanit.openiec61850.ServerAssociation - sub BDA is:IEDBiogasCHP/MMXU1.VAr.phsB.cVal.ang.f: 0.0
14:23:47.290 [openiec61850-osi-server-7-thread-1] DEBUG com.beanit.openiec61850.ServerAssociation - sub BDA is:IEDBiogasCHP/MMXU1.VAr.phsB.range: 0
14:23:47.290 [openiec61850-osi-server-7-thread-1] DEBUG com.beanit.openiec61850.ServerAssociation - sub BDA is:IEDBiogasCHP/MMXU1.VAr.phsB.q: 0x00 0x00
14:23:47.290 [openiec61850-osi-server-7-thread-1] DEBUG com.beanit.openiec61850.ServerAssociation - sub BDA is:IEDBiogasCHP/MMXU1.VAr.phsB.t: Thu Jan 01 01:00:00 CET 1970
14:23:47.290 [openiec61850-osi-server-7-thread-1] DEBUG com.beanit.openiec61850.ServerAssociation - sub BDA is:IEDBiogasCHP/MMXU1.VAr.phsC.instCVal.mag.i: 0
14:23:47.290 [openiec61850-osi-server-7-thread-1] DEBUG com.beanit.openiec61850.ServerAssociation - sub BDA is:IEDBiogasCHP/MMXU1.VAr.phsC.instCVal.mag.f: 0.0
14:23:47.290 [openiec61850-osi-server-7-thread-1] DEBUG com.beanit.openiec61850.ServerAssociation - sub BDA is:IEDBiogasCHP/MMXU1.VAr.phsC.instCVal.ang.i: 0
14:23:47.290 [openiec61850-osi-server-7-thread-1] DEBUG com.beanit.openiec61850.ServerAssociation - sub BDA is:IEDBiogasCHP/MMXU1.VAr.phsC.instCVal.ang.f: 0.0
14:23:47.290 [openiec61850-osi-server-7-thread-1] DEBUG com.beanit.openiec61850.ServerAssociation - sub BDA is:IEDBiogasCHP/MMXU1.VAr.phsC.cVal.mag.i: 0
14:23:47.290 [openiec61850-osi-server-7-thread-1] DEBUG com.beanit.openiec61850.ServerAssociation - sub BDA is:IEDBiogasCHP/MMXU1.VAr.phsC.cVal.mag.f: 0.0
14:23:47.290 [openiec61850-osi-server-7-thread-1] DEBUG com.beanit.openiec61850.ServerAssociation - sub BDA is:IEDBiogasCHP/MMXU1.VAr.phsC.cVal.ang.i: 0
14:23:47.290 [openiec61850-osi-server-7-thread-1] DEBUG com.beanit.openiec61850.ServerAssociation - sub BDA is:IEDBiogasCHP/MMXU1.VAr.phsC.cVal.ang.f: 0.0
14:23:47.290 [openiec61850-osi-server-7-thread-1] DEBUG com.beanit.openiec61850.ServerAssociation - sub BDA is:IEDBiogasCHP/MMXU1.VAr.phsC.range: 0
14:23:47.290 [openiec61850-osi-server-7-thread-1] DEBUG com.beanit.openiec61850.ServerAssociation - sub BDA is:IEDBiogasCHP/MMXU1.VAr.phsC.q: 0x00 0x00
14:23:47.290 [openiec61850-osi-server-7-thread-1] DEBUG com.beanit.openiec61850.ServerAssociation - sub BDA is:IEDBiogasCHP/MMXU1.VAr.phsC.t: Thu Jan 01 01:00:00 CET 1970
14:23:47.290 [openiec61850-osi-server-7-thread-1] DEBUG com.beanit.openiec61850.ServerAssociation - sub BDA is:IEDBiogasCHP/MMXU1.VAr.neut.instCVal.mag.i: 0
14:23:47.290 [openiec61850-osi-server-7-thread-1] DEBUG com.beanit.openiec61850.ServerAssociation - sub BDA is:IEDBiogasCHP/MMXU1.VAr.neut.instCVal.mag.f: 0.0
14:23:47.290 [openiec61850-osi-server-7-thread-1] DEBUG com.beanit.openiec61850.ServerAssociation - sub BDA is:IEDBiogasCHP/MMXU1.VAr.neut.instCVal.ang.i: 0
14:23:47.290 [openiec61850-osi-server-7-thread-1] DEBUG com.beanit.openiec61850.ServerAssociation - sub BDA is:IEDBiogasCHP/MMXU1.VAr.neut.instCVal.ang.f: 0.0
14:23:47.290 [openiec61850-osi-server-7-thread-1] DEBUG com.beanit.openiec61850.ServerAssociation - sub BDA is:IEDBiogasCHP/MMXU1.VAr.neut.cVal.mag.i: 0
14:23:47.290 [openiec61850-osi-server-7-thread-1] DEBUG com.beanit.openiec61850.ServerAssociation - sub BDA is:IEDBiogasCHP/MMXU1.VAr.neut.cVal.mag.f: 0.0
14:23:47.290 [openiec61850-osi-server-7-thread-1] DEBUG com.beanit.openiec61850.ServerAssociation - sub BDA is:IEDBiogasCHP/MMXU1.VAr.neut.cVal.ang.i: 0
14:23:47.290 [openiec61850-osi-server-7-thread-1] DEBUG com.beanit.openiec61850.ServerAssociation - sub BDA is:IEDBiogasCHP/MMXU1.VAr.neut.cVal.ang.f: 0.0
14:23:47.290 [openiec61850-osi-server-7-thread-1] DEBUG com.beanit.openiec61850.ServerAssociation - sub BDA is:IEDBiogasCHP/MMXU1.VAr.neut.range: 0
14:23:47.290 [openiec61850-osi-server-7-thread-1] DEBUG com.beanit.openiec61850.ServerAssociation - sub BDA is:IEDBiogasCHP/MMXU1.VAr.neut.q: 0x00 0x00
14:23:47.290 [openiec61850-osi-server-7-thread-1] DEBUG com.beanit.openiec61850.ServerAssociation - sub BDA is:IEDBiogasCHP/MMXU1.VAr.neut.t: Thu Jan 01 01:00:00 CET 1970
14:23:47.290 [openiec61850-osi-server-7-thread-1] DEBUG com.beanit.openiec61850.ServerAssociation - sub BDA is:IEDBiogasCHP/MMXU1.VAr.net.instCVal.mag.i: 0
14:23:47.290 [openiec61850-osi-server-7-thread-1] DEBUG com.beanit.openiec61850.ServerAssociation - sub BDA is:IEDBiogasCHP/MMXU1.VAr.net.instCVal.mag.f: 0.0
14:23:47.290 [openiec61850-osi-server-7-thread-1] DEBUG com.beanit.openiec61850.ServerAssociation - sub BDA is:IEDBiogasCHP/MMXU1.VAr.net.instCVal.ang.i: 0
14:23:47.290 [openiec61850-osi-server-7-thread-1] DEBUG com.beanit.openiec61850.ServerAssociation - sub BDA is:IEDBiogasCHP/MMXU1.VAr.net.instCVal.ang.f: 0.0
14:23:47.290 [openiec61850-osi-server-7-thread-1] DEBUG com.beanit.openiec61850.ServerAssociation - sub BDA is:IEDBiogasCHP/MMXU1.VAr.net.cVal.mag.i: 0
14:23:47.290 [openiec61850-osi-server-7-thread-1] DEBUG com.beanit.openiec61850.ServerAssociation - sub BDA is:IEDBiogasCHP/MMXU1.VAr.net.cVal.mag.f: 0.0
14:23:47.290 [openiec61850-osi-server-7-thread-1] DEBUG com.beanit.openiec61850.ServerAssociation - sub BDA is:IEDBiogasCHP/MMXU1.VAr.net.cVal.ang.i: 0
14:23:47.290 [openiec61850-osi-server-7-thread-1] DEBUG com.beanit.openiec61850.ServerAssociation - sub BDA is:IEDBiogasCHP/MMXU1.VAr.net.cVal.ang.f: 0.0
14:23:47.290 [openiec61850-osi-server-7-thread-1] DEBUG com.beanit.openiec61850.ServerAssociation - sub BDA is:IEDBiogasCHP/MMXU1.VAr.net.range: 0
14:23:47.290 [openiec61850-osi-server-7-thread-1] DEBUG com.beanit.openiec61850.ServerAssociation - sub BDA is:IEDBiogasCHP/MMXU1.VAr.net.q: 0x00 0x00
14:23:47.290 [openiec61850-osi-server-7-thread-1] DEBUG com.beanit.openiec61850.ServerAssociation - sub BDA is:IEDBiogasCHP/MMXU1.VAr.net.t: Thu Jan 01 01:00:00 CET 1970
14:23:47.290 [openiec61850-osi-server-7-thread-1] DEBUG com.beanit.openiec61850.ServerAssociation - sub BDA is:IEDBiogasCHP/MMXU1.VAr.res.instCVal.mag.i: 0
14:23:47.290 [openiec61850-osi-server-7-thread-1] DEBUG com.beanit.openiec61850.ServerAssociation - sub BDA is:IEDBiogasCHP/MMXU1.VAr.res.instCVal.mag.f: 0.0
14:23:47.290 [openiec61850-osi-server-7-thread-1] DEBUG com.beanit.openiec61850.ServerAssociation - sub BDA is:IEDBiogasCHP/MMXU1.VAr.res.instCVal.ang.i: 0
14:23:47.290 [openiec61850-osi-server-7-thread-1] DEBUG com.beanit.openiec61850.ServerAssociation - sub BDA is:IEDBiogasCHP/MMXU1.VAr.res.instCVal.ang.f: 0.0
14:23:47.290 [openiec61850-osi-server-7-thread-1] DEBUG com.beanit.openiec61850.ServerAssociation - sub BDA is:IEDBiogasCHP/MMXU1.VAr.res.cVal.mag.i: 0
14:23:47.290 [openiec61850-osi-server-7-thread-1] DEBUG com.beanit.openiec61850.ServerAssociation - sub BDA is:IEDBiogasCHP/MMXU1.VAr.res.cVal.mag.f: 0.0
14:23:47.290 [openiec61850-osi-server-7-thread-1] DEBUG com.beanit.openiec61850.ServerAssociation - sub BDA is:IEDBiogasCHP/MMXU1.VAr.res.cVal.ang.i: 0
14:23:47.290 [openiec61850-osi-server-7-thread-1] DEBUG com.beanit.openiec61850.ServerAssociation - sub BDA is:IEDBiogasCHP/MMXU1.VAr.res.cVal.ang.f: 0.0
14:23:47.290 [openiec61850-osi-server-7-thread-1] DEBUG com.beanit.openiec61850.ServerAssociation - sub BDA is:IEDBiogasCHP/MMXU1.VAr.res.range: 0
14:23:47.290 [openiec61850-osi-server-7-thread-1] DEBUG com.beanit.openiec61850.ServerAssociation - sub BDA is:IEDBiogasCHP/MMXU1.VAr.res.q: 0x00 0x00
14:23:47.290 [openiec61850-osi-server-7-thread-1] DEBUG com.beanit.openiec61850.ServerAssociation - sub BDA is:IEDBiogasCHP/MMXU1.VAr.res.t: Thu Jan 01 01:00:00 CET 1970
calling GetDataValues(IEDBiogasCHP/MMXU1.VAr.phsA)
14:23:47.290 [openiec61850-osi-server-7-thread-1] DEBUG com.beanit.openiec61850.ServerAssociation - Got a GetDataValues request for node: IEDBiogasCHP/MMXU1.VAr.phsA [MX]
IEDBiogasCHP/MMXU1.VAr.phsA.instCVal [MX]
IEDBiogasCHP/MMXU1.VAr.phsA.instCVal.mag [MX]
IEDBiogasCHP/MMXU1.VAr.phsA.instCVal.mag.i: 0
IEDBiogasCHP/MMXU1.VAr.phsA.instCVal.mag.f: 0.0
IEDBiogasCHP/MMXU1.VAr.phsA.instCVal.ang [MX]
IEDBiogasCHP/MMXU1.VAr.phsA.instCVal.ang.i: 0
IEDBiogasCHP/MMXU1.VAr.phsA.instCVal.ang.f: 0.0
IEDBiogasCHP/MMXU1.VAr.phsA.cVal [MX]
IEDBiogasCHP/MMXU1.VAr.phsA.cVal.mag [MX]
IEDBiogasCHP/MMXU1.VAr.phsA.cVal.mag.i: 0
IEDBiogasCHP/MMXU1.VAr.phsA.cVal.mag.f: 0.0
IEDBiogasCHP/MMXU1.VAr.phsA.cVal.ang [MX]
IEDBiogasCHP/MMXU1.VAr.phsA.cVal.ang.i: 0
IEDBiogasCHP/MMXU1.VAr.phsA.cVal.ang.f: 0.0
IEDBiogasCHP/MMXU1.VAr.phsA.range: 0
IEDBiogasCHP/MMXU1.VAr.phsA.q: 0x00 0x00
IEDBiogasCHP/MMXU1.VAr.phsA.t: Thu Jan 01 01:00:00 CET 1970
14:23:47.290 [openiec61850-osi-server-7-thread-1] DEBUG com.beanit.openiec61850.ServerAssociation - sub BDA is:IEDBiogasCHP/MMXU1.VAr.phsA.instCVal.mag.i: 0
14:23:47.290 [openiec61850-osi-server-7-thread-1] DEBUG com.beanit.openiec61850.ServerAssociation - sub BDA is:IEDBiogasCHP/MMXU1.VAr.phsA.instCVal.mag.f: 0.0
14:23:47.290 [openiec61850-osi-server-7-thread-1] DEBUG com.beanit.openiec61850.ServerAssociation - sub BDA is:IEDBiogasCHP/MMXU1.VAr.phsA.instCVal.ang.i: 0
14:23:47.290 [openiec61850-osi-server-7-thread-1] DEBUG com.beanit.openiec61850.ServerAssociation - sub BDA is:IEDBiogasCHP/MMXU1.VAr.phsA.instCVal.ang.f: 0.0
14:23:47.290 [openiec61850-osi-server-7-thread-1] DEBUG com.beanit.openiec61850.ServerAssociation - sub BDA is:IEDBiogasCHP/MMXU1.VAr.phsA.cVal.mag.i: 0
14:23:47.290 [openiec61850-osi-server-7-thread-1] DEBUG com.beanit.openiec61850.ServerAssociation - sub BDA is:IEDBiogasCHP/MMXU1.VAr.phsA.cVal.mag.f: 0.0
14:23:47.290 [openiec61850-osi-server-7-thread-1] DEBUG com.beanit.openiec61850.ServerAssociation - sub BDA is:IEDBiogasCHP/MMXU1.VAr.phsA.cVal.ang.i: 0
14:23:47.290 [openiec61850-osi-server-7-thread-1] DEBUG com.beanit.openiec61850.ServerAssociation - sub BDA is:IEDBiogasCHP/MMXU1.VAr.phsA.cVal.ang.f: 0.0
14:23:47.290 [openiec61850-osi-server-7-thread-1] DEBUG com.beanit.openiec61850.ServerAssociation - sub BDA is:IEDBiogasCHP/MMXU1.VAr.phsA.range: 0
14:23:47.290 [openiec61850-osi-server-7-thread-1] DEBUG com.beanit.openiec61850.ServerAssociation - sub BDA is:IEDBiogasCHP/MMXU1.VAr.phsA.q: 0x00 0x00
14:23:47.290 [openiec61850-osi-server-7-thread-1] DEBUG com.beanit.openiec61850.ServerAssociation - sub BDA is:IEDBiogasCHP/MMXU1.VAr.phsA.t: Thu Jan 01 01:00:00 CET 1970
calling GetDataValues(IEDBiogasCHP/MMXU1.VAr.phsA.instCVal)
14:23:47.291 [openiec61850-osi-server-7-thread-1] DEBUG com.beanit.openiec61850.ServerAssociation - Got a GetDataValues request for node: IEDBiogasCHP/MMXU1.VAr.phsA.instCVal [MX]
IEDBiogasCHP/MMXU1.VAr.phsA.instCVal.mag [MX]
IEDBiogasCHP/MMXU1.VAr.phsA.instCVal.mag.i: 0
IEDBiogasCHP/MMXU1.VAr.phsA.instCVal.mag.f: 0.0
IEDBiogasCHP/MMXU1.VAr.phsA.instCVal.ang [MX]
IEDBiogasCHP/MMXU1.VAr.phsA.instCVal.ang.i: 0
IEDBiogasCHP/MMXU1.VAr.phsA.instCVal.ang.f: 0.0
14:23:47.291 [openiec61850-osi-server-7-thread-1] DEBUG com.beanit.openiec61850.ServerAssociation - sub BDA is:IEDBiogasCHP/MMXU1.VAr.phsA.instCVal.mag.i: 0
14:23:47.291 [openiec61850-osi-server-7-thread-1] DEBUG com.beanit.openiec61850.ServerAssociation - sub BDA is:IEDBiogasCHP/MMXU1.VAr.phsA.instCVal.mag.f: 0.0
14:23:47.291 [openiec61850-osi-server-7-thread-1] DEBUG com.beanit.openiec61850.ServerAssociation - sub BDA is:IEDBiogasCHP/MMXU1.VAr.phsA.instCVal.ang.i: 0
14:23:47.291 [openiec61850-osi-server-7-thread-1] DEBUG com.beanit.openiec61850.ServerAssociation - sub BDA is:IEDBiogasCHP/MMXU1.VAr.phsA.instCVal.ang.f: 0.0
calling GetDataValues(IEDBiogasCHP/MMXU1.VAr.phsA.instCVal.mag)
14:23:47.291 [openiec61850-osi-server-7-thread-1] DEBUG com.beanit.openiec61850.ServerAssociation - Got a GetDataValues request for node: IEDBiogasCHP/MMXU1.VAr.phsA.instCVal.mag [MX]
IEDBiogasCHP/MMXU1.VAr.phsA.instCVal.mag.i: 0
IEDBiogasCHP/MMXU1.VAr.phsA.instCVal.mag.f: 0.0
14:23:47.291 [openiec61850-osi-server-7-thread-1] DEBUG com.beanit.openiec61850.ServerAssociation - sub BDA is:IEDBiogasCHP/MMXU1.VAr.phsA.instCVal.mag.i: 0
14:23:47.291 [openiec61850-osi-server-7-thread-1] DEBUG com.beanit.openiec61850.ServerAssociation - sub BDA is:IEDBiogasCHP/MMXU1.VAr.phsA.instCVal.mag.f: 0.0
calling GetDataValues(IEDBiogasCHP/MMXU1.VAr.phsA.instCVal.mag.i)
14:23:47.291 [openiec61850-osi-server-7-thread-1] DEBUG com.beanit.openiec61850.ServerAssociation - Got a GetDataValues request for node: IEDBiogasCHP/MMXU1.VAr.phsA.instCVal.mag.i: 0
calling GetDataValues(IEDBiogasCHP/MMXU1.VAr.phsA.instCVal.mag.f)
14:23:47.291 [openiec61850-osi-server-7-thread-1] DEBUG com.beanit.openiec61850.ServerAssociation - Got a GetDataValues request for node: IEDBiogasCHP/MMXU1.VAr.phsA.instCVal.mag.f: 0.0
calling GetDataValues(IEDBiogasCHP/MMXU1.VAr.phsA.instCVal.ang)
14:23:47.291 [openiec61850-osi-server-7-thread-1] DEBUG com.beanit.openiec61850.ServerAssociation - Got a GetDataValues request for node: IEDBiogasCHP/MMXU1.VAr.phsA.instCVal.ang [MX]
IEDBiogasCHP/MMXU1.VAr.phsA.instCVal.ang.i: 0
IEDBiogasCHP/MMXU1.VAr.phsA.instCVal.ang.f: 0.0
14:23:47.291 [openiec61850-osi-server-7-thread-1] DEBUG com.beanit.openiec61850.ServerAssociation - sub BDA is:IEDBiogasCHP/MMXU1.VAr.phsA.instCVal.ang.i: 0
14:23:47.291 [openiec61850-osi-server-7-thread-1] DEBUG com.beanit.openiec61850.ServerAssociation - sub BDA is:IEDBiogasCHP/MMXU1.VAr.phsA.instCVal.ang.f: 0.0
calling GetDataValues(IEDBiogasCHP/MMXU1.VAr.phsA.instCVal.ang.i)
14:23:47.291 [openiec61850-osi-server-7-thread-1] DEBUG com.beanit.openiec61850.ServerAssociation - Got a GetDataValues request for node: IEDBiogasCHP/MMXU1.VAr.phsA.instCVal.ang.i: 0
calling GetDataValues(IEDBiogasCHP/MMXU1.VAr.phsA.instCVal.ang.f)
14:23:47.291 [openiec61850-osi-server-7-thread-1] DEBUG com.beanit.openiec61850.ServerAssociation - Got a GetDataValues request for node: IEDBiogasCHP/MMXU1.VAr.phsA.instCVal.ang.f: 0.0
calling GetDataValues(IEDBiogasCHP/MMXU1.VAr.phsA.cVal)
14:23:47.292 [openiec61850-osi-server-7-thread-1] DEBUG com.beanit.openiec61850.ServerAssociation - Got a GetDataValues request for node: IEDBiogasCHP/MMXU1.VAr.phsA.cVal [MX]
IEDBiogasCHP/MMXU1.VAr.phsA.cVal.mag [MX]
IEDBiogasCHP/MMXU1.VAr.phsA.cVal.mag.i: 0
IEDBiogasCHP/MMXU1.VAr.phsA.cVal.mag.f: 0.0
IEDBiogasCHP/MMXU1.VAr.phsA.cVal.ang [MX]
IEDBiogasCHP/MMXU1.VAr.phsA.cVal.ang.i: 0
IEDBiogasCHP/MMXU1.VAr.phsA.cVal.ang.f: 0.0
14:23:47.292 [openiec61850-osi-server-7-thread-1] DEBUG com.beanit.openiec61850.ServerAssociation - sub BDA is:IEDBiogasCHP/MMXU1.VAr.phsA.cVal.mag.i: 0
14:23:47.292 [openiec61850-osi-server-7-thread-1] DEBUG com.beanit.openiec61850.ServerAssociation - sub BDA is:IEDBiogasCHP/MMXU1.VAr.phsA.cVal.mag.f: 0.0
14:23:47.292 [openiec61850-osi-server-7-thread-1] DEBUG com.beanit.openiec61850.ServerAssociation - sub BDA is:IEDBiogasCHP/MMXU1.VAr.phsA.cVal.ang.i: 0
14:23:47.292 [openiec61850-osi-server-7-thread-1] DEBUG com.beanit.openiec61850.ServerAssociation - sub BDA is:IEDBiogasCHP/MMXU1.VAr.phsA.cVal.ang.f: 0.0
calling GetDataValues(IEDBiogasCHP/MMXU1.VAr.phsA.cVal.mag)
14:23:47.292 [openiec61850-osi-server-7-thread-1] DEBUG com.beanit.openiec61850.ServerAssociation - Got a GetDataValues request for node: IEDBiogasCHP/MMXU1.VAr.phsA.cVal.mag [MX]
IEDBiogasCHP/MMXU1.VAr.phsA.cVal.mag.i: 0
IEDBiogasCHP/MMXU1.VAr.phsA.cVal.mag.f: 0.0
14:23:47.292 [openiec61850-osi-server-7-thread-1] DEBUG com.beanit.openiec61850.ServerAssociation - sub BDA is:IEDBiogasCHP/MMXU1.VAr.phsA.cVal.mag.i: 0
14:23:47.292 [openiec61850-osi-server-7-thread-1] DEBUG com.beanit.openiec61850.ServerAssociation - sub BDA is:IEDBiogasCHP/MMXU1.VAr.phsA.cVal.mag.f: 0.0
calling GetDataValues(IEDBiogasCHP/MMXU1.VAr.phsA.cVal.mag.i)
14:23:47.292 [openiec61850-osi-server-7-thread-1] DEBUG com.beanit.openiec61850.ServerAssociation - Got a GetDataValues request for node: IEDBiogasCHP/MMXU1.VAr.phsA.cVal.mag.i: 0
calling GetDataValues(IEDBiogasCHP/MMXU1.VAr.phsA.cVal.mag.f)
14:23:47.292 [openiec61850-osi-server-7-thread-1] DEBUG com.beanit.openiec61850.ServerAssociation - Got a GetDataValues request for node: IEDBiogasCHP/MMXU1.VAr.phsA.cVal.mag.f: 0.0
calling GetDataValues(IEDBiogasCHP/MMXU1.VAr.phsA.cVal.ang)
14:23:47.292 [openiec61850-osi-server-7-thread-1] DEBUG com.beanit.openiec61850.ServerAssociation - Got a GetDataValues request for node: IEDBiogasCHP/MMXU1.VAr.phsA.cVal.ang [MX]
IEDBiogasCHP/MMXU1.VAr.phsA.cVal.ang.i: 0
IEDBiogasCHP/MMXU1.VAr.phsA.cVal.ang.f: 0.0
14:23:47.292 [openiec61850-osi-server-7-thread-1] DEBUG com.beanit.openiec61850.ServerAssociation - sub BDA is:IEDBiogasCHP/MMXU1.VAr.phsA.cVal.ang.i: 0
14:23:47.292 [openiec61850-osi-server-7-thread-1] DEBUG com.beanit.openiec61850.ServerAssociation - sub BDA is:IEDBiogasCHP/MMXU1.VAr.phsA.cVal.ang.f: 0.0
calling GetDataValues(IEDBiogasCHP/MMXU1.VAr.phsA.cVal.ang.i)
14:23:47.292 [openiec61850-osi-server-7-thread-1] DEBUG com.beanit.openiec61850.ServerAssociation - Got a GetDataValues request for node: IEDBiogasCHP/MMXU1.VAr.phsA.cVal.ang.i: 0
calling GetDataValues(IEDBiogasCHP/MMXU1.VAr.phsA.cVal.ang.f)
14:23:47.292 [openiec61850-osi-server-7-thread-1] DEBUG com.beanit.openiec61850.ServerAssociation - Got a GetDataValues request for node: IEDBiogasCHP/MMXU1.VAr.phsA.cVal.ang.f: 0.0
calling GetDataValues(IEDBiogasCHP/MMXU1.VAr.phsA.range)
14:23:47.292 [openiec61850-osi-server-7-thread-1] DEBUG com.beanit.openiec61850.ServerAssociation - Got a GetDataValues request for node: IEDBiogasCHP/MMXU1.VAr.phsA.range: 0
calling GetDataValues(IEDBiogasCHP/MMXU1.VAr.phsA.q)
14:23:47.293 [openiec61850-osi-server-7-thread-1] DEBUG com.beanit.openiec61850.ServerAssociation - Got a GetDataValues request for node: IEDBiogasCHP/MMXU1.VAr.phsA.q: 0x00 0x00
calling GetDataValues(IEDBiogasCHP/MMXU1.VAr.phsA.t)
14:23:47.293 [openiec61850-osi-server-7-thread-1] DEBUG com.beanit.openiec61850.ServerAssociation - Got a GetDataValues request for node: IEDBiogasCHP/MMXU1.VAr.phsA.t: Thu Jan 01 01:00:00 CET 1970
calling GetDataValues(IEDBiogasCHP/MMXU1.VAr.phsB)
14:23:47.293 [openiec61850-osi-server-7-thread-1] DEBUG com.beanit.openiec61850.ServerAssociation - Got a GetDataValues request for node: IEDBiogasCHP/MMXU1.VAr.phsB [MX]
IEDBiogasCHP/MMXU1.VAr.phsB.instCVal [MX]
IEDBiogasCHP/MMXU1.VAr.phsB.instCVal.mag [MX]
IEDBiogasCHP/MMXU1.VAr.phsB.instCVal.mag.i: 0
IEDBiogasCHP/MMXU1.VAr.phsB.instCVal.mag.f: 0.0
IEDBiogasCHP/MMXU1.VAr.phsB.instCVal.ang [MX]
IEDBiogasCHP/MMXU1.VAr.phsB.instCVal.ang.i: 0
IEDBiogasCHP/MMXU1.VAr.phsB.instCVal.ang.f: 0.0
IEDBiogasCHP/MMXU1.VAr.phsB.cVal [MX]
IEDBiogasCHP/MMXU1.VAr.phsB.cVal.mag [MX]
IEDBiogasCHP/MMXU1.VAr.phsB.cVal.mag.i: 0
IEDBiogasCHP/MMXU1.VAr.phsB.cVal.mag.f: 0.0
IEDBiogasCHP/MMXU1.VAr.phsB.cVal.ang [MX]
IEDBiogasCHP/MMXU1.VAr.phsB.cVal.ang.i: 0
IEDBiogasCHP/MMXU1.VAr.phsB.cVal.ang.f: 0.0
IEDBiogasCHP/MMXU1.VAr.phsB.range: 0
IEDBiogasCHP/MMXU1.VAr.phsB.q: 0x00 0x00
IEDBiogasCHP/MMXU1.VAr.phsB.t: Thu Jan 01 01:00:00 CET 1970
14:23:47.293 [openiec61850-osi-server-7-thread-1] DEBUG com.beanit.openiec61850.ServerAssociation - sub BDA is:IEDBiogasCHP/MMXU1.VAr.phsB.instCVal.mag.i: 0
14:23:47.293 [openiec61850-osi-server-7-thread-1] DEBUG com.beanit.openiec61850.ServerAssociation - sub BDA is:IEDBiogasCHP/MMXU1.VAr.phsB.instCVal.mag.f: 0.0
14:23:47.293 [openiec61850-osi-server-7-thread-1] DEBUG com.beanit.openiec61850.ServerAssociation - sub BDA is:IEDBiogasCHP/MMXU1.VAr.phsB.instCVal.ang.i: 0
14:23:47.293 [openiec61850-osi-server-7-thread-1] DEBUG com.beanit.openiec61850.ServerAssociation - sub BDA is:IEDBiogasCHP/MMXU1.VAr.phsB.instCVal.ang.f: 0.0
14:23:47.293 [openiec61850-osi-server-7-thread-1] DEBUG com.beanit.openiec61850.ServerAssociation - sub BDA is:IEDBiogasCHP/MMXU1.VAr.phsB.cVal.mag.i: 0
14:23:47.293 [openiec61850-osi-server-7-thread-1] DEBUG com.beanit.openiec61850.ServerAssociation - sub BDA is:IEDBiogasCHP/MMXU1.VAr.phsB.cVal.mag.f: 0.0
14:23:47.293 [openiec61850-osi-server-7-thread-1] DEBUG com.beanit.openiec61850.ServerAssociation - sub BDA is:IEDBiogasCHP/MMXU1.VAr.phsB.cVal.ang.i: 0
14:23:47.293 [openiec61850-osi-server-7-thread-1] DEBUG com.beanit.openiec61850.ServerAssociation - sub BDA is:IEDBiogasCHP/MMXU1.VAr.phsB.cVal.ang.f: 0.0
14:23:47.293 [openiec61850-osi-server-7-thread-1] DEBUG com.beanit.openiec61850.ServerAssociation - sub BDA is:IEDBiogasCHP/MMXU1.VAr.phsB.range: 0
14:23:47.293 [openiec61850-osi-server-7-thread-1] DEBUG com.beanit.openiec61850.ServerAssociation - sub BDA is:IEDBiogasCHP/MMXU1.VAr.phsB.q: 0x00 0x00
14:23:47.293 [openiec61850-osi-server-7-thread-1] DEBUG com.beanit.openiec61850.ServerAssociation - sub BDA is:IEDBiogasCHP/MMXU1.VAr.phsB.t: Thu Jan 01 01:00:00 CET 1970
calling GetDataValues(IEDBiogasCHP/MMXU1.VAr.phsB.instCVal)
14:23:47.293 [openiec61850-osi-server-7-thread-1] DEBUG com.beanit.openiec61850.ServerAssociation - Got a GetDataValues request for node: IEDBiogasCHP/MMXU1.VAr.phsB.instCVal [MX]
IEDBiogasCHP/MMXU1.VAr.phsB.instCVal.mag [MX]
IEDBiogasCHP/MMXU1.VAr.phsB.instCVal.mag.i: 0
IEDBiogasCHP/MMXU1.VAr.phsB.instCVal.mag.f: 0.0
IEDBiogasCHP/MMXU1.VAr.phsB.instCVal.ang [MX]
IEDBiogasCHP/MMXU1.VAr.phsB.instCVal.ang.i: 0
IEDBiogasCHP/MMXU1.VAr.phsB.instCVal.ang.f: 0.0
14:23:47.293 [openiec61850-osi-server-7-thread-1] DEBUG com.beanit.openiec61850.ServerAssociation - sub BDA is:IEDBiogasCHP/MMXU1.VAr.phsB.instCVal.mag.i: 0
14:23:47.293 [openiec61850-osi-server-7-thread-1] DEBUG com.beanit.openiec61850.ServerAssociation - sub BDA is:IEDBiogasCHP/MMXU1.VAr.phsB.instCVal.mag.f: 0.0
14:23:47.293 [openiec61850-osi-server-7-thread-1] DEBUG com.beanit.openiec61850.ServerAssociation - sub BDA is:IEDBiogasCHP/MMXU1.VAr.phsB.instCVal.ang.i: 0
14:23:47.293 [openiec61850-osi-server-7-thread-1] DEBUG com.beanit.openiec61850.ServerAssociation - sub BDA is:IEDBiogasCHP/MMXU1.VAr.phsB.instCVal.ang.f: 0.0
calling GetDataValues(IEDBiogasCHP/MMXU1.VAr.phsB.instCVal.mag)
14:23:47.293 [openiec61850-osi-server-7-thread-1] DEBUG com.beanit.openiec61850.ServerAssociation - Got a GetDataValues request for node: IEDBiogasCHP/MMXU1.VAr.phsB.instCVal.mag [MX]
IEDBiogasCHP/MMXU1.VAr.phsB.instCVal.mag.i: 0
IEDBiogasCHP/MMXU1.VAr.phsB.instCVal.mag.f: 0.0
14:23:47.293 [openiec61850-osi-server-7-thread-1] DEBUG com.beanit.openiec61850.ServerAssociation - sub BDA is:IEDBiogasCHP/MMXU1.VAr.phsB.instCVal.mag.i: 0
14:23:47.293 [openiec61850-osi-server-7-thread-1] DEBUG com.beanit.openiec61850.ServerAssociation - sub BDA is:IEDBiogasCHP/MMXU1.VAr.phsB.instCVal.mag.f: 0.0
calling GetDataValues(IEDBiogasCHP/MMXU1.VAr.phsB.instCVal.mag.i)
14:23:47.293 [openiec61850-osi-server-7-thread-1] DEBUG com.beanit.openiec61850.ServerAssociation - Got a GetDataValues request for node: IEDBiogasCHP/MMXU1.VAr.phsB.instCVal.mag.i: 0
calling GetDataValues(IEDBiogasCHP/MMXU1.VAr.phsB.instCVal.mag.f)
14:23:47.294 [openiec61850-osi-server-7-thread-1] DEBUG com.beanit.openiec61850.ServerAssociation - Got a GetDataValues request for node: IEDBiogasCHP/MMXU1.VAr.phsB.instCVal.mag.f: 0.0
calling GetDataValues(IEDBiogasCHP/MMXU1.VAr.phsB.instCVal.ang)
14:23:47.294 [openiec61850-osi-server-7-thread-1] DEBUG com.beanit.openiec61850.ServerAssociation - Got a GetDataValues request for node: IEDBiogasCHP/MMXU1.VAr.phsB.instCVal.ang [MX]
IEDBiogasCHP/MMXU1.VAr.phsB.instCVal.ang.i: 0
IEDBiogasCHP/MMXU1.VAr.phsB.instCVal.ang.f: 0.0
14:23:47.294 [openiec61850-osi-server-7-thread-1] DEBUG com.beanit.openiec61850.ServerAssociation - sub BDA is:IEDBiogasCHP/MMXU1.VAr.phsB.instCVal.ang.i: 0
14:23:47.294 [openiec61850-osi-server-7-thread-1] DEBUG com.beanit.openiec61850.ServerAssociation - sub BDA is:IEDBiogasCHP/MMXU1.VAr.phsB.instCVal.ang.f: 0.0
calling GetDataValues(IEDBiogasCHP/MMXU1.VAr.phsB.instCVal.ang.i)
14:23:47.294 [openiec61850-osi-server-7-thread-1] DEBUG com.beanit.openiec61850.ServerAssociation - Got a GetDataValues request for node: IEDBiogasCHP/MMXU1.VAr.phsB.instCVal.ang.i: 0
calling GetDataValues(IEDBiogasCHP/MMXU1.VAr.phsB.instCVal.ang.f)
14:23:47.294 [openiec61850-osi-server-7-thread-1] DEBUG com.beanit.openiec61850.ServerAssociation - Got a GetDataValues request for node: IEDBiogasCHP/MMXU1.VAr.phsB.instCVal.ang.f: 0.0
calling GetDataValues(IEDBiogasCHP/MMXU1.VAr.phsB.cVal)
14:23:47.294 [openiec61850-osi-server-7-thread-1] DEBUG com.beanit.openiec61850.ServerAssociation - Got a GetDataValues request for node: IEDBiogasCHP/MMXU1.VAr.phsB.cVal [MX]
IEDBiogasCHP/MMXU1.VAr.phsB.cVal.mag [MX]
IEDBiogasCHP/MMXU1.VAr.phsB.cVal.mag.i: 0
IEDBiogasCHP/MMXU1.VAr.phsB.cVal.mag.f: 0.0
IEDBiogasCHP/MMXU1.VAr.phsB.cVal.ang [MX]
IEDBiogasCHP/MMXU1.VAr.phsB.cVal.ang.i: 0
IEDBiogasCHP/MMXU1.VAr.phsB.cVal.ang.f: 0.0
14:23:47.294 [openiec61850-osi-server-7-thread-1] DEBUG com.beanit.openiec61850.ServerAssociation - sub BDA is:IEDBiogasCHP/MMXU1.VAr.phsB.cVal.mag.i: 0
14:23:47.294 [openiec61850-osi-server-7-thread-1] DEBUG com.beanit.openiec61850.ServerAssociation - sub BDA is:IEDBiogasCHP/MMXU1.VAr.phsB.cVal.mag.f: 0.0
14:23:47.294 [openiec61850-osi-server-7-thread-1] DEBUG com.beanit.openiec61850.ServerAssociation - sub BDA is:IEDBiogasCHP/MMXU1.VAr.phsB.cVal.ang.i: 0
14:23:47.294 [openiec61850-osi-server-7-thread-1] DEBUG com.beanit.openiec61850.ServerAssociation - sub BDA is:IEDBiogasCHP/MMXU1.VAr.phsB.cVal.ang.f: 0.0
calling GetDataValues(IEDBiogasCHP/MMXU1.VAr.phsB.cVal.mag)
14:23:47.294 [openiec61850-osi-server-7-thread-1] DEBUG com.beanit.openiec61850.ServerAssociation - Got a GetDataValues request for node: IEDBiogasCHP/MMXU1.VAr.phsB.cVal.mag [MX]
IEDBiogasCHP/MMXU1.VAr.phsB.cVal.mag.i: 0
IEDBiogasCHP/MMXU1.VAr.phsB.cVal.mag.f: 0.0
14:23:47.294 [openiec61850-osi-server-7-thread-1] DEBUG com.beanit.openiec61850.ServerAssociation - sub BDA is:IEDBiogasCHP/MMXU1.VAr.phsB.cVal.mag.i: 0
14:23:47.294 [openiec61850-osi-server-7-thread-1] DEBUG com.beanit.openiec61850.ServerAssociation - sub BDA is:IEDBiogasCHP/MMXU1.VAr.phsB.cVal.mag.f: 0.0
calling GetDataValues(IEDBiogasCHP/MMXU1.VAr.phsB.cVal.mag.i)
14:23:47.294 [openiec61850-osi-server-7-thread-1] DEBUG com.beanit.openiec61850.ServerAssociation - Got a GetDataValues request for node: IEDBiogasCHP/MMXU1.VAr.phsB.cVal.mag.i: 0
calling GetDataValues(IEDBiogasCHP/MMXU1.VAr.phsB.cVal.mag.f)
14:23:47.294 [openiec61850-osi-server-7-thread-1] DEBUG com.beanit.openiec61850.ServerAssociation - Got a GetDataValues request for node: IEDBiogasCHP/MMXU1.VAr.phsB.cVal.mag.f: 0.0
calling GetDataValues(IEDBiogasCHP/MMXU1.VAr.phsB.cVal.ang)
14:23:47.295 [openiec61850-osi-server-7-thread-1] DEBUG com.beanit.openiec61850.ServerAssociation - Got a GetDataValues request for node: IEDBiogasCHP/MMXU1.VAr.phsB.cVal.ang [MX]
IEDBiogasCHP/MMXU1.VAr.phsB.cVal.ang.i: 0
IEDBiogasCHP/MMXU1.VAr.phsB.cVal.ang.f: 0.0
14:23:47.295 [openiec61850-osi-server-7-thread-1] DEBUG com.beanit.openiec61850.ServerAssociation - sub BDA is:IEDBiogasCHP/MMXU1.VAr.phsB.cVal.ang.i: 0
14:23:47.295 [openiec61850-osi-server-7-thread-1] DEBUG com.beanit.openiec61850.ServerAssociation - sub BDA is:IEDBiogasCHP/MMXU1.VAr.phsB.cVal.ang.f: 0.0
calling GetDataValues(IEDBiogasCHP/MMXU1.VAr.phsB.cVal.ang.i)
14:23:47.295 [openiec61850-osi-server-7-thread-1] DEBUG com.beanit.openiec61850.ServerAssociation - Got a GetDataValues request for node: IEDBiogasCHP/MMXU1.VAr.phsB.cVal.ang.i: 0
calling GetDataValues(IEDBiogasCHP/MMXU1.VAr.phsB.cVal.ang.f)
14:23:47.295 [openiec61850-osi-server-7-thread-1] DEBUG com.beanit.openiec61850.ServerAssociation - Got a GetDataValues request for node: IEDBiogasCHP/MMXU1.VAr.phsB.cVal.ang.f: 0.0
calling GetDataValues(IEDBiogasCHP/MMXU1.VAr.phsB.range)
14:23:47.295 [openiec61850-osi-server-7-thread-1] DEBUG com.beanit.openiec61850.ServerAssociation - Got a GetDataValues request for node: IEDBiogasCHP/MMXU1.VAr.phsB.range: 0
calling GetDataValues(IEDBiogasCHP/MMXU1.VAr.phsB.q)
14:23:47.295 [openiec61850-osi-server-7-thread-1] DEBUG com.beanit.openiec61850.ServerAssociation - Got a GetDataValues request for node: IEDBiogasCHP/MMXU1.VAr.phsB.q: 0x00 0x00
calling GetDataValues(IEDBiogasCHP/MMXU1.VAr.phsB.t)
14:23:47.295 [openiec61850-osi-server-7-thread-1] DEBUG com.beanit.openiec61850.ServerAssociation - Got a GetDataValues request for node: IEDBiogasCHP/MMXU1.VAr.phsB.t: Thu Jan 01 01:00:00 CET 1970
calling GetDataValues(IEDBiogasCHP/MMXU1.VAr.phsC)
14:23:47.295 [openiec61850-osi-server-7-thread-1] DEBUG com.beanit.openiec61850.ServerAssociation - Got a GetDataValues request for node: IEDBiogasCHP/MMXU1.VAr.phsC [MX]
IEDBiogasCHP/MMXU1.VAr.phsC.instCVal [MX]
IEDBiogasCHP/MMXU1.VAr.phsC.instCVal.mag [MX]
IEDBiogasCHP/MMXU1.VAr.phsC.instCVal.mag.i: 0
IEDBiogasCHP/MMXU1.VAr.phsC.instCVal.mag.f: 0.0
IEDBiogasCHP/MMXU1.VAr.phsC.instCVal.ang [MX]
IEDBiogasCHP/MMXU1.VAr.phsC.instCVal.ang.i: 0
IEDBiogasCHP/MMXU1.VAr.phsC.instCVal.ang.f: 0.0
IEDBiogasCHP/MMXU1.VAr.phsC.cVal [MX]
IEDBiogasCHP/MMXU1.VAr.phsC.cVal.mag [MX]
IEDBiogasCHP/MMXU1.VAr.phsC.cVal.mag.i: 0
IEDBiogasCHP/MMXU1.VAr.phsC.cVal.mag.f: 0.0
IEDBiogasCHP/MMXU1.VAr.phsC.cVal.ang [MX]
IEDBiogasCHP/MMXU1.VAr.phsC.cVal.ang.i: 0
IEDBiogasCHP/MMXU1.VAr.phsC.cVal.ang.f: 0.0
IEDBiogasCHP/MMXU1.VAr.phsC.range: 0
IEDBiogasCHP/MMXU1.VAr.phsC.q: 0x00 0x00
IEDBiogasCHP/MMXU1.VAr.phsC.t: Thu Jan 01 01:00:00 CET 1970
14:23:47.295 [openiec61850-osi-server-7-thread-1] DEBUG com.beanit.openiec61850.ServerAssociation - sub BDA is:IEDBiogasCHP/MMXU1.VAr.phsC.instCVal.mag.i: 0
14:23:47.295 [openiec61850-osi-server-7-thread-1] DEBUG com.beanit.openiec61850.ServerAssociation - sub BDA is:IEDBiogasCHP/MMXU1.VAr.phsC.instCVal.mag.f: 0.0
14:23:47.295 [openiec61850-osi-server-7-thread-1] DEBUG com.beanit.openiec61850.ServerAssociation - sub BDA is:IEDBiogasCHP/MMXU1.VAr.phsC.instCVal.ang.i: 0
14:23:47.295 [openiec61850-osi-server-7-thread-1] DEBUG com.beanit.openiec61850.ServerAssociation - sub BDA is:IEDBiogasCHP/MMXU1.VAr.phsC.instCVal.ang.f: 0.0
14:23:47.295 [openiec61850-osi-server-7-thread-1] DEBUG com.beanit.openiec61850.ServerAssociation - sub BDA is:IEDBiogasCHP/MMXU1.VAr.phsC.cVal.mag.i: 0
14:23:47.295 [openiec61850-osi-server-7-thread-1] DEBUG com.beanit.openiec61850.ServerAssociation - sub BDA is:IEDBiogasCHP/MMXU1.VAr.phsC.cVal.mag.f: 0.0
14:23:47.295 [openiec61850-osi-server-7-thread-1] DEBUG com.beanit.openiec61850.ServerAssociation - sub BDA is:IEDBiogasCHP/MMXU1.VAr.phsC.cVal.ang.i: 0
14:23:47.295 [openiec61850-osi-server-7-thread-1] DEBUG com.beanit.openiec61850.ServerAssociation - sub BDA is:IEDBiogasCHP/MMXU1.VAr.phsC.cVal.ang.f: 0.0
14:23:47.295 [openiec61850-osi-server-7-thread-1] DEBUG com.beanit.openiec61850.ServerAssociation - sub BDA is:IEDBiogasCHP/MMXU1.VAr.phsC.range: 0
14:23:47.295 [openiec61850-osi-server-7-thread-1] DEBUG com.beanit.openiec61850.ServerAssociation - sub BDA is:IEDBiogasCHP/MMXU1.VAr.phsC.q: 0x00 0x00
14:23:47.295 [openiec61850-osi-server-7-thread-1] DEBUG com.beanit.openiec61850.ServerAssociation - sub BDA is:IEDBiogasCHP/MMXU1.VAr.phsC.t: Thu Jan 01 01:00:00 CET 1970
calling GetDataValues(IEDBiogasCHP/MMXU1.VAr.phsC.instCVal)
14:23:47.295 [openiec61850-osi-server-7-thread-1] DEBUG com.beanit.openiec61850.ServerAssociation - Got a GetDataValues request for node: IEDBiogasCHP/MMXU1.VAr.phsC.instCVal [MX]
IEDBiogasCHP/MMXU1.VAr.phsC.instCVal.mag [MX]
IEDBiogasCHP/MMXU1.VAr.phsC.instCVal.mag.i: 0
IEDBiogasCHP/MMXU1.VAr.phsC.instCVal.mag.f: 0.0
IEDBiogasCHP/MMXU1.VAr.phsC.instCVal.ang [MX]
IEDBiogasCHP/MMXU1.VAr.phsC.instCVal.ang.i: 0
IEDBiogasCHP/MMXU1.VAr.phsC.instCVal.ang.f: 0.0
14:23:47.296 [openiec61850-osi-server-7-thread-1] DEBUG com.beanit.openiec61850.ServerAssociation - sub BDA is:IEDBiogasCHP/MMXU1.VAr.phsC.instCVal.mag.i: 0
14:23:47.296 [openiec61850-osi-server-7-thread-1] DEBUG com.beanit.openiec61850.ServerAssociation - sub BDA is:IEDBiogasCHP/MMXU1.VAr.phsC.instCVal.mag.f: 0.0
14:23:47.296 [openiec61850-osi-server-7-thread-1] DEBUG com.beanit.openiec61850.ServerAssociation - sub BDA is:IEDBiogasCHP/MMXU1.VAr.phsC.instCVal.ang.i: 0
14:23:47.296 [openiec61850-osi-server-7-thread-1] DEBUG com.beanit.openiec61850.ServerAssociation - sub BDA is:IEDBiogasCHP/MMXU1.VAr.phsC.instCVal.ang.f: 0.0
calling GetDataValues(IEDBiogasCHP/MMXU1.VAr.phsC.instCVal.mag)
14:23:47.296 [openiec61850-osi-server-7-thread-1] DEBUG com.beanit.openiec61850.ServerAssociation - Got a GetDataValues request for node: IEDBiogasCHP/MMXU1.VAr.phsC.instCVal.mag [MX]
IEDBiogasCHP/MMXU1.VAr.phsC.instCVal.mag.i: 0
IEDBiogasCHP/MMXU1.VAr.phsC.instCVal.mag.f: 0.0
14:23:47.296 [openiec61850-osi-server-7-thread-1] DEBUG com.beanit.openiec61850.ServerAssociation - sub BDA is:IEDBiogasCHP/MMXU1.VAr.phsC.instCVal.mag.i: 0
14:23:47.296 [openiec61850-osi-server-7-thread-1] DEBUG com.beanit.openiec61850.ServerAssociation - sub BDA is:IEDBiogasCHP/MMXU1.VAr.phsC.instCVal.mag.f: 0.0
calling GetDataValues(IEDBiogasCHP/MMXU1.VAr.phsC.instCVal.mag.i)
14:23:47.296 [openiec61850-osi-server-7-thread-1] DEBUG com.beanit.openiec61850.ServerAssociation - Got a GetDataValues request for node: IEDBiogasCHP/MMXU1.VAr.phsC.instCVal.mag.i: 0
calling GetDataValues(IEDBiogasCHP/MMXU1.VAr.phsC.instCVal.mag.f)
14:23:47.296 [openiec61850-osi-server-7-thread-1] DEBUG com.beanit.openiec61850.ServerAssociation - Got a GetDataValues request for node: IEDBiogasCHP/MMXU1.VAr.phsC.instCVal.mag.f: 0.0
calling GetDataValues(IEDBiogasCHP/MMXU1.VAr.phsC.instCVal.ang)
14:23:47.296 [openiec61850-osi-server-7-thread-1] DEBUG com.beanit.openiec61850.ServerAssociation - Got a GetDataValues request for node: IEDBiogasCHP/MMXU1.VAr.phsC.instCVal.ang [MX]
IEDBiogasCHP/MMXU1.VAr.phsC.instCVal.ang.i: 0
IEDBiogasCHP/MMXU1.VAr.phsC.instCVal.ang.f: 0.0
14:23:47.296 [openiec61850-osi-server-7-thread-1] DEBUG com.beanit.openiec61850.ServerAssociation - sub BDA is:IEDBiogasCHP/MMXU1.VAr.phsC.instCVal.ang.i: 0
14:23:47.296 [openiec61850-osi-server-7-thread-1] DEBUG com.beanit.openiec61850.ServerAssociation - sub BDA is:IEDBiogasCHP/MMXU1.VAr.phsC.instCVal.ang.f: 0.0
calling GetDataValues(IEDBiogasCHP/MMXU1.VAr.phsC.instCVal.ang.i)
14:23:47.296 [openiec61850-osi-server-7-thread-1] DEBUG com.beanit.openiec61850.ServerAssociation - Got a GetDataValues request for node: IEDBiogasCHP/MMXU1.VAr.phsC.instCVal.ang.i: 0
calling GetDataValues(IEDBiogasCHP/MMXU1.VAr.phsC.instCVal.ang.f)
14:23:47.296 [openiec61850-osi-server-7-thread-1] DEBUG com.beanit.openiec61850.ServerAssociation - Got a GetDataValues request for node: IEDBiogasCHP/MMXU1.VAr.phsC.instCVal.ang.f: 0.0
calling GetDataValues(IEDBiogasCHP/MMXU1.VAr.phsC.cVal)
14:23:47.297 [openiec61850-osi-server-7-thread-1] DEBUG com.beanit.openiec61850.ServerAssociation - Got a GetDataValues request for node: IEDBiogasCHP/MMXU1.VAr.phsC.cVal [MX]
IEDBiogasCHP/MMXU1.VAr.phsC.cVal.mag [MX]
IEDBiogasCHP/MMXU1.VAr.phsC.cVal.mag.i: 0
IEDBiogasCHP/MMXU1.VAr.phsC.cVal.mag.f: 0.0
IEDBiogasCHP/MMXU1.VAr.phsC.cVal.ang [MX]
IEDBiogasCHP/MMXU1.VAr.phsC.cVal.ang.i: 0
IEDBiogasCHP/MMXU1.VAr.phsC.cVal.ang.f: 0.0
14:23:47.297 [openiec61850-osi-server-7-thread-1] DEBUG com.beanit.openiec61850.ServerAssociation - sub BDA is:IEDBiogasCHP/MMXU1.VAr.phsC.cVal.mag.i: 0
14:23:47.297 [openiec61850-osi-server-7-thread-1] DEBUG com.beanit.openiec61850.ServerAssociation - sub BDA is:IEDBiogasCHP/MMXU1.VAr.phsC.cVal.mag.f: 0.0
14:23:47.297 [openiec61850-osi-server-7-thread-1] DEBUG com.beanit.openiec61850.ServerAssociation - sub BDA is:IEDBiogasCHP/MMXU1.VAr.phsC.cVal.ang.i: 0
14:23:47.297 [openiec61850-osi-server-7-thread-1] DEBUG com.beanit.openiec61850.ServerAssociation - sub BDA is:IEDBiogasCHP/MMXU1.VAr.phsC.cVal.ang.f: 0.0
calling GetDataValues(IEDBiogasCHP/MMXU1.VAr.phsC.cVal.mag)
14:23:47.297 [openiec61850-osi-server-7-thread-1] DEBUG com.beanit.openiec61850.ServerAssociation - Got a GetDataValues request for node: IEDBiogasCHP/MMXU1.VAr.phsC.cVal.mag [MX]
IEDBiogasCHP/MMXU1.VAr.phsC.cVal.mag.i: 0
IEDBiogasCHP/MMXU1.VAr.phsC.cVal.mag.f: 0.0
14:23:47.297 [openiec61850-osi-server-7-thread-1] DEBUG com.beanit.openiec61850.ServerAssociation - sub BDA is:IEDBiogasCHP/MMXU1.VAr.phsC.cVal.mag.i: 0
14:23:47.297 [openiec61850-osi-server-7-thread-1] DEBUG com.beanit.openiec61850.ServerAssociation - sub BDA is:IEDBiogasCHP/MMXU1.VAr.phsC.cVal.mag.f: 0.0
calling GetDataValues(IEDBiogasCHP/MMXU1.VAr.phsC.cVal.mag.i)
14:23:47.297 [openiec61850-osi-server-7-thread-1] DEBUG com.beanit.openiec61850.ServerAssociation - Got a GetDataValues request for node: IEDBiogasCHP/MMXU1.VAr.phsC.cVal.mag.i: 0
calling GetDataValues(IEDBiogasCHP/MMXU1.VAr.phsC.cVal.mag.f)
14:23:47.297 [openiec61850-osi-server-7-thread-1] DEBUG com.beanit.openiec61850.ServerAssociation - Got a GetDataValues request for node: IEDBiogasCHP/MMXU1.VAr.phsC.cVal.mag.f: 0.0
calling GetDataValues(IEDBiogasCHP/MMXU1.VAr.phsC.cVal.ang)
14:23:47.297 [openiec61850-osi-server-7-thread-1] DEBUG com.beanit.openiec61850.ServerAssociation - Got a GetDataValues request for node: IEDBiogasCHP/MMXU1.VAr.phsC.cVal.ang [MX]
IEDBiogasCHP/MMXU1.VAr.phsC.cVal.ang.i: 0
IEDBiogasCHP/MMXU1.VAr.phsC.cVal.ang.f: 0.0
14:23:47.297 [openiec61850-osi-server-7-thread-1] DEBUG com.beanit.openiec61850.ServerAssociation - sub BDA is:IEDBiogasCHP/MMXU1.VAr.phsC.cVal.ang.i: 0
14:23:47.297 [openiec61850-osi-server-7-thread-1] DEBUG com.beanit.openiec61850.ServerAssociation - sub BDA is:IEDBiogasCHP/MMXU1.VAr.phsC.cVal.ang.f: 0.0
calling GetDataValues(IEDBiogasCHP/MMXU1.VAr.phsC.cVal.ang.i)
14:23:47.297 [openiec61850-osi-server-7-thread-1] DEBUG com.beanit.openiec61850.ServerAssociation - Got a GetDataValues request for node: IEDBiogasCHP/MMXU1.VAr.phsC.cVal.ang.i: 0
calling GetDataValues(IEDBiogasCHP/MMXU1.VAr.phsC.cVal.ang.f)
14:23:47.297 [openiec61850-osi-server-7-thread-1] DEBUG com.beanit.openiec61850.ServerAssociation - Got a GetDataValues request for node: IEDBiogasCHP/MMXU1.VAr.phsC.cVal.ang.f: 0.0
calling GetDataValues(IEDBiogasCHP/MMXU1.VAr.phsC.range)
14:23:47.297 [openiec61850-osi-server-7-thread-1] DEBUG com.beanit.openiec61850.ServerAssociation - Got a GetDataValues request for node: IEDBiogasCHP/MMXU1.VAr.phsC.range: 0
calling GetDataValues(IEDBiogasCHP/MMXU1.VAr.phsC.q)
14:23:47.298 [openiec61850-osi-server-7-thread-1] DEBUG com.beanit.openiec61850.ServerAssociation - Got a GetDataValues request for node: IEDBiogasCHP/MMXU1.VAr.phsC.q: 0x00 0x00
calling GetDataValues(IEDBiogasCHP/MMXU1.VAr.phsC.t)
14:23:47.298 [openiec61850-osi-server-7-thread-1] DEBUG com.beanit.openiec61850.ServerAssociation - Got a GetDataValues request for node: IEDBiogasCHP/MMXU1.VAr.phsC.t: Thu Jan 01 01:00:00 CET 1970
calling GetDataValues(IEDBiogasCHP/MMXU1.VAr.neut)
14:23:47.298 [openiec61850-osi-server-7-thread-1] DEBUG com.beanit.openiec61850.ServerAssociation - Got a GetDataValues request for node: IEDBiogasCHP/MMXU1.VAr.neut [MX]
IEDBiogasCHP/MMXU1.VAr.neut.instCVal [MX]
IEDBiogasCHP/MMXU1.VAr.neut.instCVal.mag [MX]
IEDBiogasCHP/MMXU1.VAr.neut.instCVal.mag.i: 0
IEDBiogasCHP/MMXU1.VAr.neut.instCVal.mag.f: 0.0
IEDBiogasCHP/MMXU1.VAr.neut.instCVal.ang [MX]
IEDBiogasCHP/MMXU1.VAr.neut.instCVal.ang.i: 0
IEDBiogasCHP/MMXU1.VAr.neut.instCVal.ang.f: 0.0
IEDBiogasCHP/MMXU1.VAr.neut.cVal [MX]
IEDBiogasCHP/MMXU1.VAr.neut.cVal.mag [MX]
IEDBiogasCHP/MMXU1.VAr.neut.cVal.mag.i: 0
IEDBiogasCHP/MMXU1.VAr.neut.cVal.mag.f: 0.0
IEDBiogasCHP/MMXU1.VAr.neut.cVal.ang [MX]
IEDBiogasCHP/MMXU1.VAr.neut.cVal.ang.i: 0
IEDBiogasCHP/MMXU1.VAr.neut.cVal.ang.f: 0.0
IEDBiogasCHP/MMXU1.VAr.neut.range: 0
IEDBiogasCHP/MMXU1.VAr.neut.q: 0x00 0x00
IEDBiogasCHP/MMXU1.VAr.neut.t: Thu Jan 01 01:00:00 CET 1970
14:23:47.298 [openiec61850-osi-server-7-thread-1] DEBUG com.beanit.openiec61850.ServerAssociation - sub BDA is:IEDBiogasCHP/MMXU1.VAr.neut.instCVal.mag.i: 0
14:23:47.298 [openiec61850-osi-server-7-thread-1] DEBUG com.beanit.openiec61850.ServerAssociation - sub BDA is:IEDBiogasCHP/MMXU1.VAr.neut.instCVal.mag.f: 0.0
14:23:47.298 [openiec61850-osi-server-7-thread-1] DEBUG com.beanit.openiec61850.ServerAssociation - sub BDA is:IEDBiogasCHP/MMXU1.VAr.neut.instCVal.ang.i: 0
14:23:47.298 [openiec61850-osi-server-7-thread-1] DEBUG com.beanit.openiec61850.ServerAssociation - sub BDA is:IEDBiogasCHP/MMXU1.VAr.neut.instCVal.ang.f: 0.0
14:23:47.298 [openiec61850-osi-server-7-thread-1] DEBUG com.beanit.openiec61850.ServerAssociation - sub BDA is:IEDBiogasCHP/MMXU1.VAr.neut.cVal.mag.i: 0
14:23:47.298 [openiec61850-osi-server-7-thread-1] DEBUG com.beanit.openiec61850.ServerAssociation - sub BDA is:IEDBiogasCHP/MMXU1.VAr.neut.cVal.mag.f: 0.0
14:23:47.298 [openiec61850-osi-server-7-thread-1] DEBUG com.beanit.openiec61850.ServerAssociation - sub BDA is:IEDBiogasCHP/MMXU1.VAr.neut.cVal.ang.i: 0
14:23:47.298 [openiec61850-osi-server-7-thread-1] DEBUG com.beanit.openiec61850.ServerAssociation - sub BDA is:IEDBiogasCHP/MMXU1.VAr.neut.cVal.ang.f: 0.0
14:23:47.298 [openiec61850-osi-server-7-thread-1] DEBUG com.beanit.openiec61850.ServerAssociation - sub BDA is:IEDBiogasCHP/MMXU1.VAr.neut.range: 0
14:23:47.298 [openiec61850-osi-server-7-thread-1] DEBUG com.beanit.openiec61850.ServerAssociation - sub BDA is:IEDBiogasCHP/MMXU1.VAr.neut.q: 0x00 0x00
14:23:47.298 [openiec61850-osi-server-7-thread-1] DEBUG com.beanit.openiec61850.ServerAssociation - sub BDA is:IEDBiogasCHP/MMXU1.VAr.neut.t: Thu Jan 01 01:00:00 CET 1970
calling GetDataValues(IEDBiogasCHP/MMXU1.VAr.neut.instCVal)
14:23:47.298 [openiec61850-osi-server-7-thread-1] DEBUG com.beanit.openiec61850.ServerAssociation - Got a GetDataValues request for node: IEDBiogasCHP/MMXU1.VAr.neut.instCVal [MX]
IEDBiogasCHP/MMXU1.VAr.neut.instCVal.mag [MX]
IEDBiogasCHP/MMXU1.VAr.neut.instCVal.mag.i: 0
IEDBiogasCHP/MMXU1.VAr.neut.instCVal.mag.f: 0.0
IEDBiogasCHP/MMXU1.VAr.neut.instCVal.ang [MX]
IEDBiogasCHP/MMXU1.VAr.neut.instCVal.ang.i: 0
IEDBiogasCHP/MMXU1.VAr.neut.instCVal.ang.f: 0.0
14:23:47.298 [openiec61850-osi-server-7-thread-1] DEBUG com.beanit.openiec61850.ServerAssociation - sub BDA is:IEDBiogasCHP/MMXU1.VAr.neut.instCVal.mag.i: 0
14:23:47.298 [openiec61850-osi-server-7-thread-1] DEBUG com.beanit.openiec61850.ServerAssociation - sub BDA is:IEDBiogasCHP/MMXU1.VAr.neut.instCVal.mag.f: 0.0
14:23:47.298 [openiec61850-osi-server-7-thread-1] DEBUG com.beanit.openiec61850.ServerAssociation - sub BDA is:IEDBiogasCHP/MMXU1.VAr.neut.instCVal.ang.i: 0
14:23:47.298 [openiec61850-osi-server-7-thread-1] DEBUG com.beanit.openiec61850.ServerAssociation - sub BDA is:IEDBiogasCHP/MMXU1.VAr.neut.instCVal.ang.f: 0.0
calling GetDataValues(IEDBiogasCHP/MMXU1.VAr.neut.instCVal.mag)
14:23:47.298 [openiec61850-osi-server-7-thread-1] DEBUG com.beanit.openiec61850.ServerAssociation - Got a GetDataValues request for node: IEDBiogasCHP/MMXU1.VAr.neut.instCVal.mag [MX]
IEDBiogasCHP/MMXU1.VAr.neut.instCVal.mag.i: 0
IEDBiogasCHP/MMXU1.VAr.neut.instCVal.mag.f: 0.0
14:23:47.298 [openiec61850-osi-server-7-thread-1] DEBUG com.beanit.openiec61850.ServerAssociation - sub BDA is:IEDBiogasCHP/MMXU1.VAr.neut.instCVal.mag.i: 0
14:23:47.298 [openiec61850-osi-server-7-thread-1] DEBUG com.beanit.openiec61850.ServerAssociation - sub BDA is:IEDBiogasCHP/MMXU1.VAr.neut.instCVal.mag.f: 0.0
calling GetDataValues(IEDBiogasCHP/MMXU1.VAr.neut.instCVal.mag.i)
14:23:47.299 [openiec61850-osi-server-7-thread-1] DEBUG com.beanit.openiec61850.ServerAssociation - Got a GetDataValues request for node: IEDBiogasCHP/MMXU1.VAr.neut.instCVal.mag.i: 0
calling GetDataValues(IEDBiogasCHP/MMXU1.VAr.neut.instCVal.mag.f)
14:23:47.299 [openiec61850-osi-server-7-thread-1] DEBUG com.beanit.openiec61850.ServerAssociation - Got a GetDataValues request for node: IEDBiogasCHP/MMXU1.VAr.neut.instCVal.mag.f: 0.0
calling GetDataValues(IEDBiogasCHP/MMXU1.VAr.neut.instCVal.ang)
14:23:47.299 [openiec61850-osi-server-7-thread-1] DEBUG com.beanit.openiec61850.ServerAssociation - Got a GetDataValues request for node: IEDBiogasCHP/MMXU1.VAr.neut.instCVal.ang [MX]
IEDBiogasCHP/MMXU1.VAr.neut.instCVal.ang.i: 0
IEDBiogasCHP/MMXU1.VAr.neut.instCVal.ang.f: 0.0
14:23:47.299 [openiec61850-osi-server-7-thread-1] DEBUG com.beanit.openiec61850.ServerAssociation - sub BDA is:IEDBiogasCHP/MMXU1.VAr.neut.instCVal.ang.i: 0
14:23:47.299 [openiec61850-osi-server-7-thread-1] DEBUG com.beanit.openiec61850.ServerAssociation - sub BDA is:IEDBiogasCHP/MMXU1.VAr.neut.instCVal.ang.f: 0.0
calling GetDataValues(IEDBiogasCHP/MMXU1.VAr.neut.instCVal.ang.i)
14:23:47.299 [openiec61850-osi-server-7-thread-1] DEBUG com.beanit.openiec61850.ServerAssociation - Got a GetDataValues request for node: IEDBiogasCHP/MMXU1.VAr.neut.instCVal.ang.i: 0
calling GetDataValues(IEDBiogasCHP/MMXU1.VAr.neut.instCVal.ang.f)
14:23:47.299 [openiec61850-osi-server-7-thread-1] DEBUG com.beanit.openiec61850.ServerAssociation - Got a GetDataValues request for node: IEDBiogasCHP/MMXU1.VAr.neut.instCVal.ang.f: 0.0
calling GetDataValues(IEDBiogasCHP/MMXU1.VAr.neut.cVal)
14:23:47.299 [openiec61850-osi-server-7-thread-1] DEBUG com.beanit.openiec61850.ServerAssociation - Got a GetDataValues request for node: IEDBiogasCHP/MMXU1.VAr.neut.cVal [MX]
IEDBiogasCHP/MMXU1.VAr.neut.cVal.mag [MX]
IEDBiogasCHP/MMXU1.VAr.neut.cVal.mag.i: 0
IEDBiogasCHP/MMXU1.VAr.neut.cVal.mag.f: 0.0
IEDBiogasCHP/MMXU1.VAr.neut.cVal.ang [MX]
IEDBiogasCHP/MMXU1.VAr.neut.cVal.ang.i: 0
IEDBiogasCHP/MMXU1.VAr.neut.cVal.ang.f: 0.0
14:23:47.299 [openiec61850-osi-server-7-thread-1] DEBUG com.beanit.openiec61850.ServerAssociation - sub BDA is:IEDBiogasCHP/MMXU1.VAr.neut.cVal.mag.i: 0
14:23:47.299 [openiec61850-osi-server-7-thread-1] DEBUG com.beanit.openiec61850.ServerAssociation - sub BDA is:IEDBiogasCHP/MMXU1.VAr.neut.cVal.mag.f: 0.0
14:23:47.299 [openiec61850-osi-server-7-thread-1] DEBUG com.beanit.openiec61850.ServerAssociation - sub BDA is:IEDBiogasCHP/MMXU1.VAr.neut.cVal.ang.i: 0
14:23:47.299 [openiec61850-osi-server-7-thread-1] DEBUG com.beanit.openiec61850.ServerAssociation - sub BDA is:IEDBiogasCHP/MMXU1.VAr.neut.cVal.ang.f: 0.0
calling GetDataValues(IEDBiogasCHP/MMXU1.VAr.neut.cVal.mag)
14:23:47.299 [openiec61850-osi-server-7-thread-1] DEBUG com.beanit.openiec61850.ServerAssociation - Got a GetDataValues request for node: IEDBiogasCHP/MMXU1.VAr.neut.cVal.mag [MX]
IEDBiogasCHP/MMXU1.VAr.neut.cVal.mag.i: 0
IEDBiogasCHP/MMXU1.VAr.neut.cVal.mag.f: 0.0
14:23:47.299 [openiec61850-osi-server-7-thread-1] DEBUG com.beanit.openiec61850.ServerAssociation - sub BDA is:IEDBiogasCHP/MMXU1.VAr.neut.cVal.mag.i: 0
14:23:47.299 [openiec61850-osi-server-7-thread-1] DEBUG com.beanit.openiec61850.ServerAssociation - sub BDA is:IEDBiogasCHP/MMXU1.VAr.neut.cVal.mag.f: 0.0
calling GetDataValues(IEDBiogasCHP/MMXU1.VAr.neut.cVal.mag.i)
14:23:47.300 [openiec61850-osi-server-7-thread-1] DEBUG com.beanit.openiec61850.ServerAssociation - Got a GetDataValues request for node: IEDBiogasCHP/MMXU1.VAr.neut.cVal.mag.i: 0
calling GetDataValues(IEDBiogasCHP/MMXU1.VAr.neut.cVal.mag.f)
14:23:47.300 [openiec61850-osi-server-7-thread-1] DEBUG com.beanit.openiec61850.ServerAssociation - Got a GetDataValues request for node: IEDBiogasCHP/MMXU1.VAr.neut.cVal.mag.f: 0.0
calling GetDataValues(IEDBiogasCHP/MMXU1.VAr.neut.cVal.ang)
14:23:47.300 [openiec61850-osi-server-7-thread-1] DEBUG com.beanit.openiec61850.ServerAssociation - Got a GetDataValues request for node: IEDBiogasCHP/MMXU1.VAr.neut.cVal.ang [MX]
IEDBiogasCHP/MMXU1.VAr.neut.cVal.ang.i: 0
IEDBiogasCHP/MMXU1.VAr.neut.cVal.ang.f: 0.0
14:23:47.300 [openiec61850-osi-server-7-thread-1] DEBUG com.beanit.openiec61850.ServerAssociation - sub BDA is:IEDBiogasCHP/MMXU1.VAr.neut.cVal.ang.i: 0
14:23:47.300 [openiec61850-osi-server-7-thread-1] DEBUG com.beanit.openiec61850.ServerAssociation - sub BDA is:IEDBiogasCHP/MMXU1.VAr.neut.cVal.ang.f: 0.0
calling GetDataValues(IEDBiogasCHP/MMXU1.VAr.neut.cVal.ang.i)
14:23:47.300 [openiec61850-osi-server-7-thread-1] DEBUG com.beanit.openiec61850.ServerAssociation - Got a GetDataValues request for node: IEDBiogasCHP/MMXU1.VAr.neut.cVal.ang.i: 0
calling GetDataValues(IEDBiogasCHP/MMXU1.VAr.neut.cVal.ang.f)
14:23:47.300 [openiec61850-osi-server-7-thread-1] DEBUG com.beanit.openiec61850.ServerAssociation - Got a GetDataValues request for node: IEDBiogasCHP/MMXU1.VAr.neut.cVal.ang.f: 0.0
calling GetDataValues(IEDBiogasCHP/MMXU1.VAr.neut.range)
14:23:47.300 [openiec61850-osi-server-7-thread-1] DEBUG com.beanit.openiec61850.ServerAssociation - Got a GetDataValues request for node: IEDBiogasCHP/MMXU1.VAr.neut.range: 0
calling GetDataValues(IEDBiogasCHP/MMXU1.VAr.neut.q)
14:23:47.300 [openiec61850-osi-server-7-thread-1] DEBUG com.beanit.openiec61850.ServerAssociation - Got a GetDataValues request for node: IEDBiogasCHP/MMXU1.VAr.neut.q: 0x00 0x00
calling GetDataValues(IEDBiogasCHP/MMXU1.VAr.neut.t)
14:23:47.301 [openiec61850-osi-server-7-thread-1] DEBUG com.beanit.openiec61850.ServerAssociation - Got a GetDataValues request for node: IEDBiogasCHP/MMXU1.VAr.neut.t: Thu Jan 01 01:00:00 CET 1970
calling GetDataValues(IEDBiogasCHP/MMXU1.VAr.net)
14:23:47.301 [openiec61850-osi-server-7-thread-1] DEBUG com.beanit.openiec61850.ServerAssociation - Got a GetDataValues request for node: IEDBiogasCHP/MMXU1.VAr.net [MX]
IEDBiogasCHP/MMXU1.VAr.net.instCVal [MX]
IEDBiogasCHP/MMXU1.VAr.net.instCVal.mag [MX]
IEDBiogasCHP/MMXU1.VAr.net.instCVal.mag.i: 0
IEDBiogasCHP/MMXU1.VAr.net.instCVal.mag.f: 0.0
IEDBiogasCHP/MMXU1.VAr.net.instCVal.ang [MX]
IEDBiogasCHP/MMXU1.VAr.net.instCVal.ang.i: 0
IEDBiogasCHP/MMXU1.VAr.net.instCVal.ang.f: 0.0
IEDBiogasCHP/MMXU1.VAr.net.cVal [MX]
IEDBiogasCHP/MMXU1.VAr.net.cVal.mag [MX]
IEDBiogasCHP/MMXU1.VAr.net.cVal.mag.i: 0
IEDBiogasCHP/MMXU1.VAr.net.cVal.mag.f: 0.0
IEDBiogasCHP/MMXU1.VAr.net.cVal.ang [MX]
IEDBiogasCHP/MMXU1.VAr.net.cVal.ang.i: 0
IEDBiogasCHP/MMXU1.VAr.net.cVal.ang.f: 0.0
IEDBiogasCHP/MMXU1.VAr.net.range: 0
IEDBiogasCHP/MMXU1.VAr.net.q: 0x00 0x00
IEDBiogasCHP/MMXU1.VAr.net.t: Thu Jan 01 01:00:00 CET 1970
14:23:47.301 [openiec61850-osi-server-7-thread-1] DEBUG com.beanit.openiec61850.ServerAssociation - sub BDA is:IEDBiogasCHP/MMXU1.VAr.net.instCVal.mag.i: 0
14:23:47.301 [openiec61850-osi-server-7-thread-1] DEBUG com.beanit.openiec61850.ServerAssociation - sub BDA is:IEDBiogasCHP/MMXU1.VAr.net.instCVal.mag.f: 0.0
14:23:47.301 [openiec61850-osi-server-7-thread-1] DEBUG com.beanit.openiec61850.ServerAssociation - sub BDA is:IEDBiogasCHP/MMXU1.VAr.net.instCVal.ang.i: 0
14:23:47.301 [openiec61850-osi-server-7-thread-1] DEBUG com.beanit.openiec61850.ServerAssociation - sub BDA is:IEDBiogasCHP/MMXU1.VAr.net.instCVal.ang.f: 0.0
14:23:47.301 [openiec61850-osi-server-7-thread-1] DEBUG com.beanit.openiec61850.ServerAssociation - sub BDA is:IEDBiogasCHP/MMXU1.VAr.net.cVal.mag.i: 0
14:23:47.301 [openiec61850-osi-server-7-thread-1] DEBUG com.beanit.openiec61850.ServerAssociation - sub BDA is:IEDBiogasCHP/MMXU1.VAr.net.cVal.mag.f: 0.0
14:23:47.301 [openiec61850-osi-server-7-thread-1] DEBUG com.beanit.openiec61850.ServerAssociation - sub BDA is:IEDBiogasCHP/MMXU1.VAr.net.cVal.ang.i: 0
14:23:47.301 [openiec61850-osi-server-7-thread-1] DEBUG com.beanit.openiec61850.ServerAssociation - sub BDA is:IEDBiogasCHP/MMXU1.VAr.net.cVal.ang.f: 0.0
14:23:47.301 [openiec61850-osi-server-7-thread-1] DEBUG com.beanit.openiec61850.ServerAssociation - sub BDA is:IEDBiogasCHP/MMXU1.VAr.net.range: 0
14:23:47.301 [openiec61850-osi-server-7-thread-1] DEBUG com.beanit.openiec61850.ServerAssociation - sub BDA is:IEDBiogasCHP/MMXU1.VAr.net.q: 0x00 0x00
14:23:47.301 [openiec61850-osi-server-7-thread-1] DEBUG com.beanit.openiec61850.ServerAssociation - sub BDA is:IEDBiogasCHP/MMXU1.VAr.net.t: Thu Jan 01 01:00:00 CET 1970
calling GetDataValues(IEDBiogasCHP/MMXU1.VAr.net.instCVal)
14:23:47.301 [openiec61850-osi-server-7-thread-1] DEBUG com.beanit.openiec61850.ServerAssociation - Got a GetDataValues request for node: IEDBiogasCHP/MMXU1.VAr.net.instCVal [MX]
IEDBiogasCHP/MMXU1.VAr.net.instCVal.mag [MX]
IEDBiogasCHP/MMXU1.VAr.net.instCVal.mag.i: 0
IEDBiogasCHP/MMXU1.VAr.net.instCVal.mag.f: 0.0
IEDBiogasCHP/MMXU1.VAr.net.instCVal.ang [MX]
IEDBiogasCHP/MMXU1.VAr.net.instCVal.ang.i: 0
IEDBiogasCHP/MMXU1.VAr.net.instCVal.ang.f: 0.0
14:23:47.301 [openiec61850-osi-server-7-thread-1] DEBUG com.beanit.openiec61850.ServerAssociation - sub BDA is:IEDBiogasCHP/MMXU1.VAr.net.instCVal.mag.i: 0
14:23:47.301 [openiec61850-osi-server-7-thread-1] DEBUG com.beanit.openiec61850.ServerAssociation - sub BDA is:IEDBiogasCHP/MMXU1.VAr.net.instCVal.mag.f: 0.0
14:23:47.301 [openiec61850-osi-server-7-thread-1] DEBUG com.beanit.openiec61850.ServerAssociation - sub BDA is:IEDBiogasCHP/MMXU1.VAr.net.instCVal.ang.i: 0
14:23:47.301 [openiec61850-osi-server-7-thread-1] DEBUG com.beanit.openiec61850.ServerAssociation - sub BDA is:IEDBiogasCHP/MMXU1.VAr.net.instCVal.ang.f: 0.0
calling GetDataValues(IEDBiogasCHP/MMXU1.VAr.net.instCVal.mag)
14:23:47.301 [openiec61850-osi-server-7-thread-1] DEBUG com.beanit.openiec61850.ServerAssociation - Got a GetDataValues request for node: IEDBiogasCHP/MMXU1.VAr.net.instCVal.mag [MX]
IEDBiogasCHP/MMXU1.VAr.net.instCVal.mag.i: 0
IEDBiogasCHP/MMXU1.VAr.net.instCVal.mag.f: 0.0
14:23:47.301 [openiec61850-osi-server-7-thread-1] DEBUG com.beanit.openiec61850.ServerAssociation - sub BDA is:IEDBiogasCHP/MMXU1.VAr.net.instCVal.mag.i: 0
14:23:47.301 [openiec61850-osi-server-7-thread-1] DEBUG com.beanit.openiec61850.ServerAssociation - sub BDA is:IEDBiogasCHP/MMXU1.VAr.net.instCVal.mag.f: 0.0
calling GetDataValues(IEDBiogasCHP/MMXU1.VAr.net.instCVal.mag.i)
14:23:47.301 [openiec61850-osi-server-7-thread-1] DEBUG com.beanit.openiec61850.ServerAssociation - Got a GetDataValues request for node: IEDBiogasCHP/MMXU1.VAr.net.instCVal.mag.i: 0
calling GetDataValues(IEDBiogasCHP/MMXU1.VAr.net.instCVal.mag.f)
14:23:47.301 [openiec61850-osi-server-7-thread-1] DEBUG com.beanit.openiec61850.ServerAssociation - Got a GetDataValues request for node: IEDBiogasCHP/MMXU1.VAr.net.instCVal.mag.f: 0.0
calling GetDataValues(IEDBiogasCHP/MMXU1.VAr.net.instCVal.ang)
14:23:47.302 [openiec61850-osi-server-7-thread-1] DEBUG com.beanit.openiec61850.ServerAssociation - Got a GetDataValues request for node: IEDBiogasCHP/MMXU1.VAr.net.instCVal.ang [MX]
IEDBiogasCHP/MMXU1.VAr.net.instCVal.ang.i: 0
IEDBiogasCHP/MMXU1.VAr.net.instCVal.ang.f: 0.0
14:23:47.302 [openiec61850-osi-server-7-thread-1] DEBUG com.beanit.openiec61850.ServerAssociation - sub BDA is:IEDBiogasCHP/MMXU1.VAr.net.instCVal.ang.i: 0
14:23:47.302 [openiec61850-osi-server-7-thread-1] DEBUG com.beanit.openiec61850.ServerAssociation - sub BDA is:IEDBiogasCHP/MMXU1.VAr.net.instCVal.ang.f: 0.0
calling GetDataValues(IEDBiogasCHP/MMXU1.VAr.net.instCVal.ang.i)
14:23:47.302 [openiec61850-osi-server-7-thread-1] DEBUG com.beanit.openiec61850.ServerAssociation - Got a GetDataValues request for node: IEDBiogasCHP/MMXU1.VAr.net.instCVal.ang.i: 0
calling GetDataValues(IEDBiogasCHP/MMXU1.VAr.net.instCVal.ang.f)
14:23:47.302 [openiec61850-osi-server-7-thread-1] DEBUG com.beanit.openiec61850.ServerAssociation - Got a GetDataValues request for node: IEDBiogasCHP/MMXU1.VAr.net.instCVal.ang.f: 0.0
calling GetDataValues(IEDBiogasCHP/MMXU1.VAr.net.cVal)
14:23:47.302 [openiec61850-osi-server-7-thread-1] DEBUG com.beanit.openiec61850.ServerAssociation - Got a GetDataValues request for node: IEDBiogasCHP/MMXU1.VAr.net.cVal [MX]
IEDBiogasCHP/MMXU1.VAr.net.cVal.mag [MX]
IEDBiogasCHP/MMXU1.VAr.net.cVal.mag.i: 0
IEDBiogasCHP/MMXU1.VAr.net.cVal.mag.f: 0.0
IEDBiogasCHP/MMXU1.VAr.net.cVal.ang [MX]
IEDBiogasCHP/MMXU1.VAr.net.cVal.ang.i: 0
IEDBiogasCHP/MMXU1.VAr.net.cVal.ang.f: 0.0
14:23:47.302 [openiec61850-osi-server-7-thread-1] DEBUG com.beanit.openiec61850.ServerAssociation - sub BDA is:IEDBiogasCHP/MMXU1.VAr.net.cVal.mag.i: 0
14:23:47.302 [openiec61850-osi-server-7-thread-1] DEBUG com.beanit.openiec61850.ServerAssociation - sub BDA is:IEDBiogasCHP/MMXU1.VAr.net.cVal.mag.f: 0.0
14:23:47.302 [openiec61850-osi-server-7-thread-1] DEBUG com.beanit.openiec61850.ServerAssociation - sub BDA is:IEDBiogasCHP/MMXU1.VAr.net.cVal.ang.i: 0
14:23:47.302 [openiec61850-osi-server-7-thread-1] DEBUG com.beanit.openiec61850.ServerAssociation - sub BDA is:IEDBiogasCHP/MMXU1.VAr.net.cVal.ang.f: 0.0
calling GetDataValues(IEDBiogasCHP/MMXU1.VAr.net.cVal.mag)
14:23:47.302 [openiec61850-osi-server-7-thread-1] DEBUG com.beanit.openiec61850.ServerAssociation - Got a GetDataValues request for node: IEDBiogasCHP/MMXU1.VAr.net.cVal.mag [MX]
IEDBiogasCHP/MMXU1.VAr.net.cVal.mag.i: 0
IEDBiogasCHP/MMXU1.VAr.net.cVal.mag.f: 0.0
14:23:47.302 [openiec61850-osi-server-7-thread-1] DEBUG com.beanit.openiec61850.ServerAssociation - sub BDA is:IEDBiogasCHP/MMXU1.VAr.net.cVal.mag.i: 0
14:23:47.302 [openiec61850-osi-server-7-thread-1] DEBUG com.beanit.openiec61850.ServerAssociation - sub BDA is:IEDBiogasCHP/MMXU1.VAr.net.cVal.mag.f: 0.0
calling GetDataValues(IEDBiogasCHP/MMXU1.VAr.net.cVal.mag.i)
14:23:47.302 [openiec61850-osi-server-7-thread-1] DEBUG com.beanit.openiec61850.ServerAssociation - Got a GetDataValues request for node: IEDBiogasCHP/MMXU1.VAr.net.cVal.mag.i: 0
calling GetDataValues(IEDBiogasCHP/MMXU1.VAr.net.cVal.mag.f)
14:23:47.302 [openiec61850-osi-server-7-thread-1] DEBUG com.beanit.openiec61850.ServerAssociation - Got a GetDataValues request for node: IEDBiogasCHP/MMXU1.VAr.net.cVal.mag.f: 0.0
calling GetDataValues(IEDBiogasCHP/MMXU1.VAr.net.cVal.ang)
14:23:47.302 [openiec61850-osi-server-7-thread-1] DEBUG com.beanit.openiec61850.ServerAssociation - Got a GetDataValues request for node: IEDBiogasCHP/MMXU1.VAr.net.cVal.ang [MX]
IEDBiogasCHP/MMXU1.VAr.net.cVal.ang.i: 0
IEDBiogasCHP/MMXU1.VAr.net.cVal.ang.f: 0.0
14:23:47.302 [openiec61850-osi-server-7-thread-1] DEBUG com.beanit.openiec61850.ServerAssociation - sub BDA is:IEDBiogasCHP/MMXU1.VAr.net.cVal.ang.i: 0
14:23:47.302 [openiec61850-osi-server-7-thread-1] DEBUG com.beanit.openiec61850.ServerAssociation - sub BDA is:IEDBiogasCHP/MMXU1.VAr.net.cVal.ang.f: 0.0
calling GetDataValues(IEDBiogasCHP/MMXU1.VAr.net.cVal.ang.i)
14:23:47.303 [openiec61850-osi-server-7-thread-1] DEBUG com.beanit.openiec61850.ServerAssociation - Got a GetDataValues request for node: IEDBiogasCHP/MMXU1.VAr.net.cVal.ang.i: 0
calling GetDataValues(IEDBiogasCHP/MMXU1.VAr.net.cVal.ang.f)
14:23:47.303 [openiec61850-osi-server-7-thread-1] DEBUG com.beanit.openiec61850.ServerAssociation - Got a GetDataValues request for node: IEDBiogasCHP/MMXU1.VAr.net.cVal.ang.f: 0.0
calling GetDataValues(IEDBiogasCHP/MMXU1.VAr.net.range)
14:23:47.303 [openiec61850-osi-server-7-thread-1] DEBUG com.beanit.openiec61850.ServerAssociation - Got a GetDataValues request for node: IEDBiogasCHP/MMXU1.VAr.net.range: 0
calling GetDataValues(IEDBiogasCHP/MMXU1.VAr.net.q)
14:23:47.303 [openiec61850-osi-server-7-thread-1] DEBUG com.beanit.openiec61850.ServerAssociation - Got a GetDataValues request for node: IEDBiogasCHP/MMXU1.VAr.net.q: 0x00 0x00
calling GetDataValues(IEDBiogasCHP/MMXU1.VAr.net.t)
14:23:47.303 [openiec61850-osi-server-7-thread-1] DEBUG com.beanit.openiec61850.ServerAssociation - Got a GetDataValues request for node: IEDBiogasCHP/MMXU1.VAr.net.t: Thu Jan 01 01:00:00 CET 1970
calling GetDataValues(IEDBiogasCHP/MMXU1.VAr.res)
14:23:47.303 [openiec61850-osi-server-7-thread-1] DEBUG com.beanit.openiec61850.ServerAssociation - Got a GetDataValues request for node: IEDBiogasCHP/MMXU1.VAr.res [MX]
IEDBiogasCHP/MMXU1.VAr.res.instCVal [MX]
IEDBiogasCHP/MMXU1.VAr.res.instCVal.mag [MX]
IEDBiogasCHP/MMXU1.VAr.res.instCVal.mag.i: 0
IEDBiogasCHP/MMXU1.VAr.res.instCVal.mag.f: 0.0
IEDBiogasCHP/MMXU1.VAr.res.instCVal.ang [MX]
IEDBiogasCHP/MMXU1.VAr.res.instCVal.ang.i: 0
IEDBiogasCHP/MMXU1.VAr.res.instCVal.ang.f: 0.0
IEDBiogasCHP/MMXU1.VAr.res.cVal [MX]
IEDBiogasCHP/MMXU1.VAr.res.cVal.mag [MX]
IEDBiogasCHP/MMXU1.VAr.res.cVal.mag.i: 0
IEDBiogasCHP/MMXU1.VAr.res.cVal.mag.f: 0.0
IEDBiogasCHP/MMXU1.VAr.res.cVal.ang [MX]
IEDBiogasCHP/MMXU1.VAr.res.cVal.ang.i: 0
IEDBiogasCHP/MMXU1.VAr.res.cVal.ang.f: 0.0
IEDBiogasCHP/MMXU1.VAr.res.range: 0
IEDBiogasCHP/MMXU1.VAr.res.q: 0x00 0x00
IEDBiogasCHP/MMXU1.VAr.res.t: Thu Jan 01 01:00:00 CET 1970
14:23:47.303 [openiec61850-osi-server-7-thread-1] DEBUG com.beanit.openiec61850.ServerAssociation - sub BDA is:IEDBiogasCHP/MMXU1.VAr.res.instCVal.mag.i: 0
14:23:47.303 [openiec61850-osi-server-7-thread-1] DEBUG com.beanit.openiec61850.ServerAssociation - sub BDA is:IEDBiogasCHP/MMXU1.VAr.res.instCVal.mag.f: 0.0
14:23:47.303 [openiec61850-osi-server-7-thread-1] DEBUG com.beanit.openiec61850.ServerAssociation - sub BDA is:IEDBiogasCHP/MMXU1.VAr.res.instCVal.ang.i: 0
14:23:47.303 [openiec61850-osi-server-7-thread-1] DEBUG com.beanit.openiec61850.ServerAssociation - sub BDA is:IEDBiogasCHP/MMXU1.VAr.res.instCVal.ang.f: 0.0
14:23:47.303 [openiec61850-osi-server-7-thread-1] DEBUG com.beanit.openiec61850.ServerAssociation - sub BDA is:IEDBiogasCHP/MMXU1.VAr.res.cVal.mag.i: 0
14:23:47.303 [openiec61850-osi-server-7-thread-1] DEBUG com.beanit.openiec61850.ServerAssociation - sub BDA is:IEDBiogasCHP/MMXU1.VAr.res.cVal.mag.f: 0.0
14:23:47.303 [openiec61850-osi-server-7-thread-1] DEBUG com.beanit.openiec61850.ServerAssociation - sub BDA is:IEDBiogasCHP/MMXU1.VAr.res.cVal.ang.i: 0
14:23:47.303 [openiec61850-osi-server-7-thread-1] DEBUG com.beanit.openiec61850.ServerAssociation - sub BDA is:IEDBiogasCHP/MMXU1.VAr.res.cVal.ang.f: 0.0
14:23:47.303 [openiec61850-osi-server-7-thread-1] DEBUG com.beanit.openiec61850.ServerAssociation - sub BDA is:IEDBiogasCHP/MMXU1.VAr.res.range: 0
14:23:47.303 [openiec61850-osi-server-7-thread-1] DEBUG com.beanit.openiec61850.ServerAssociation - sub BDA is:IEDBiogasCHP/MMXU1.VAr.res.q: 0x00 0x00
14:23:47.303 [openiec61850-osi-server-7-thread-1] DEBUG com.beanit.openiec61850.ServerAssociation - sub BDA is:IEDBiogasCHP/MMXU1.VAr.res.t: Thu Jan 01 01:00:00 CET 1970
calling GetDataValues(IEDBiogasCHP/MMXU1.VAr.res.instCVal)
14:23:47.303 [openiec61850-osi-server-7-thread-1] DEBUG com.beanit.openiec61850.ServerAssociation - Got a GetDataValues request for node: IEDBiogasCHP/MMXU1.VAr.res.instCVal [MX]
IEDBiogasCHP/MMXU1.VAr.res.instCVal.mag [MX]
IEDBiogasCHP/MMXU1.VAr.res.instCVal.mag.i: 0
IEDBiogasCHP/MMXU1.VAr.res.instCVal.mag.f: 0.0
IEDBiogasCHP/MMXU1.VAr.res.instCVal.ang [MX]
IEDBiogasCHP/MMXU1.VAr.res.instCVal.ang.i: 0
IEDBiogasCHP/MMXU1.VAr.res.instCVal.ang.f: 0.0
14:23:47.303 [openiec61850-osi-server-7-thread-1] DEBUG com.beanit.openiec61850.ServerAssociation - sub BDA is:IEDBiogasCHP/MMXU1.VAr.res.instCVal.mag.i: 0
14:23:47.303 [openiec61850-osi-server-7-thread-1] DEBUG com.beanit.openiec61850.ServerAssociation - sub BDA is:IEDBiogasCHP/MMXU1.VAr.res.instCVal.mag.f: 0.0
14:23:47.303 [openiec61850-osi-server-7-thread-1] DEBUG com.beanit.openiec61850.ServerAssociation - sub BDA is:IEDBiogasCHP/MMXU1.VAr.res.instCVal.ang.i: 0
14:23:47.303 [openiec61850-osi-server-7-thread-1] DEBUG com.beanit.openiec61850.ServerAssociation - sub BDA is:IEDBiogasCHP/MMXU1.VAr.res.instCVal.ang.f: 0.0
calling GetDataValues(IEDBiogasCHP/MMXU1.VAr.res.instCVal.mag)
14:23:47.304 [openiec61850-osi-server-7-thread-1] DEBUG com.beanit.openiec61850.ServerAssociation - Got a GetDataValues request for node: IEDBiogasCHP/MMXU1.VAr.res.instCVal.mag [MX]
IEDBiogasCHP/MMXU1.VAr.res.instCVal.mag.i: 0
IEDBiogasCHP/MMXU1.VAr.res.instCVal.mag.f: 0.0
14:23:47.304 [openiec61850-osi-server-7-thread-1] DEBUG com.beanit.openiec61850.ServerAssociation - sub BDA is:IEDBiogasCHP/MMXU1.VAr.res.instCVal.mag.i: 0
14:23:47.304 [openiec61850-osi-server-7-thread-1] DEBUG com.beanit.openiec61850.ServerAssociation - sub BDA is:IEDBiogasCHP/MMXU1.VAr.res.instCVal.mag.f: 0.0
calling GetDataValues(IEDBiogasCHP/MMXU1.VAr.res.instCVal.mag.i)
14:23:47.304 [openiec61850-osi-server-7-thread-1] DEBUG com.beanit.openiec61850.ServerAssociation - Got a GetDataValues request for node: IEDBiogasCHP/MMXU1.VAr.res.instCVal.mag.i: 0
calling GetDataValues(IEDBiogasCHP/MMXU1.VAr.res.instCVal.mag.f)
14:23:47.304 [openiec61850-osi-server-7-thread-1] DEBUG com.beanit.openiec61850.ServerAssociation - Got a GetDataValues request for node: IEDBiogasCHP/MMXU1.VAr.res.instCVal.mag.f: 0.0
calling GetDataValues(IEDBiogasCHP/MMXU1.VAr.res.instCVal.ang)
14:23:47.304 [openiec61850-osi-server-7-thread-1] DEBUG com.beanit.openiec61850.ServerAssociation - Got a GetDataValues request for node: IEDBiogasCHP/MMXU1.VAr.res.instCVal.ang [MX]
IEDBiogasCHP/MMXU1.VAr.res.instCVal.ang.i: 0
IEDBiogasCHP/MMXU1.VAr.res.instCVal.ang.f: 0.0
14:23:47.304 [openiec61850-osi-server-7-thread-1] DEBUG com.beanit.openiec61850.ServerAssociation - sub BDA is:IEDBiogasCHP/MMXU1.VAr.res.instCVal.ang.i: 0
14:23:47.304 [openiec61850-osi-server-7-thread-1] DEBUG com.beanit.openiec61850.ServerAssociation - sub BDA is:IEDBiogasCHP/MMXU1.VAr.res.instCVal.ang.f: 0.0
calling GetDataValues(IEDBiogasCHP/MMXU1.VAr.res.instCVal.ang.i)
14:23:47.304 [openiec61850-osi-server-7-thread-1] DEBUG com.beanit.openiec61850.ServerAssociation - Got a GetDataValues request for node: IEDBiogasCHP/MMXU1.VAr.res.instCVal.ang.i: 0
calling GetDataValues(IEDBiogasCHP/MMXU1.VAr.res.instCVal.ang.f)
14:23:47.304 [openiec61850-osi-server-7-thread-1] DEBUG com.beanit.openiec61850.ServerAssociation - Got a GetDataValues request for node: IEDBiogasCHP/MMXU1.VAr.res.instCVal.ang.f: 0.0
calling GetDataValues(IEDBiogasCHP/MMXU1.VAr.res.cVal)
14:23:47.304 [openiec61850-osi-server-7-thread-1] DEBUG com.beanit.openiec61850.ServerAssociation - Got a GetDataValues request for node: IEDBiogasCHP/MMXU1.VAr.res.cVal [MX]
IEDBiogasCHP/MMXU1.VAr.res.cVal.mag [MX]
IEDBiogasCHP/MMXU1.VAr.res.cVal.mag.i: 0
IEDBiogasCHP/MMXU1.VAr.res.cVal.mag.f: 0.0
IEDBiogasCHP/MMXU1.VAr.res.cVal.ang [MX]
IEDBiogasCHP/MMXU1.VAr.res.cVal.ang.i: 0
IEDBiogasCHP/MMXU1.VAr.res.cVal.ang.f: 0.0
14:23:47.304 [openiec61850-osi-server-7-thread-1] DEBUG com.beanit.openiec61850.ServerAssociation - sub BDA is:IEDBiogasCHP/MMXU1.VAr.res.cVal.mag.i: 0
14:23:47.304 [openiec61850-osi-server-7-thread-1] DEBUG com.beanit.openiec61850.ServerAssociation - sub BDA is:IEDBiogasCHP/MMXU1.VAr.res.cVal.mag.f: 0.0
14:23:47.304 [openiec61850-osi-server-7-thread-1] DEBUG com.beanit.openiec61850.ServerAssociation - sub BDA is:IEDBiogasCHP/MMXU1.VAr.res.cVal.ang.i: 0
14:23:47.304 [openiec61850-osi-server-7-thread-1] DEBUG com.beanit.openiec61850.ServerAssociation - sub BDA is:IEDBiogasCHP/MMXU1.VAr.res.cVal.ang.f: 0.0
calling GetDataValues(IEDBiogasCHP/MMXU1.VAr.res.cVal.mag)
14:23:47.305 [openiec61850-osi-server-7-thread-1] DEBUG com.beanit.openiec61850.ServerAssociation - Got a GetDataValues request for node: IEDBiogasCHP/MMXU1.VAr.res.cVal.mag [MX]
IEDBiogasCHP/MMXU1.VAr.res.cVal.mag.i: 0
IEDBiogasCHP/MMXU1.VAr.res.cVal.mag.f: 0.0
14:23:47.305 [openiec61850-osi-server-7-thread-1] DEBUG com.beanit.openiec61850.ServerAssociation - sub BDA is:IEDBiogasCHP/MMXU1.VAr.res.cVal.mag.i: 0
14:23:47.305 [openiec61850-osi-server-7-thread-1] DEBUG com.beanit.openiec61850.ServerAssociation - sub BDA is:IEDBiogasCHP/MMXU1.VAr.res.cVal.mag.f: 0.0
calling GetDataValues(IEDBiogasCHP/MMXU1.VAr.res.cVal.mag.i)
14:23:47.305 [openiec61850-osi-server-7-thread-1] DEBUG com.beanit.openiec61850.ServerAssociation - Got a GetDataValues request for node: IEDBiogasCHP/MMXU1.VAr.res.cVal.mag.i: 0
calling GetDataValues(IEDBiogasCHP/MMXU1.VAr.res.cVal.mag.f)
14:23:47.305 [openiec61850-osi-server-7-thread-1] DEBUG com.beanit.openiec61850.ServerAssociation - Got a GetDataValues request for node: IEDBiogasCHP/MMXU1.VAr.res.cVal.mag.f: 0.0
calling GetDataValues(IEDBiogasCHP/MMXU1.VAr.res.cVal.ang)
14:23:47.305 [openiec61850-osi-server-7-thread-1] DEBUG com.beanit.openiec61850.ServerAssociation - Got a GetDataValues request for node: IEDBiogasCHP/MMXU1.VAr.res.cVal.ang [MX]
IEDBiogasCHP/MMXU1.VAr.res.cVal.ang.i: 0
IEDBiogasCHP/MMXU1.VAr.res.cVal.ang.f: 0.0
14:23:47.305 [openiec61850-osi-server-7-thread-1] DEBUG com.beanit.openiec61850.ServerAssociation - sub BDA is:IEDBiogasCHP/MMXU1.VAr.res.cVal.ang.i: 0
14:23:47.305 [openiec61850-osi-server-7-thread-1] DEBUG com.beanit.openiec61850.ServerAssociation - sub BDA is:IEDBiogasCHP/MMXU1.VAr.res.cVal.ang.f: 0.0
calling GetDataValues(IEDBiogasCHP/MMXU1.VAr.res.cVal.ang.i)
14:23:47.305 [openiec61850-osi-server-7-thread-1] DEBUG com.beanit.openiec61850.ServerAssociation - Got a GetDataValues request for node: IEDBiogasCHP/MMXU1.VAr.res.cVal.ang.i: 0
calling GetDataValues(IEDBiogasCHP/MMXU1.VAr.res.cVal.ang.f)
14:23:47.305 [openiec61850-osi-server-7-thread-1] DEBUG com.beanit.openiec61850.ServerAssociation - Got a GetDataValues request for node: IEDBiogasCHP/MMXU1.VAr.res.cVal.ang.f: 0.0
calling GetDataValues(IEDBiogasCHP/MMXU1.VAr.res.range)
14:23:47.305 [openiec61850-osi-server-7-thread-1] DEBUG com.beanit.openiec61850.ServerAssociation - Got a GetDataValues request for node: IEDBiogasCHP/MMXU1.VAr.res.range: 0
calling GetDataValues(IEDBiogasCHP/MMXU1.VAr.res.q)
14:23:47.305 [openiec61850-osi-server-7-thread-1] DEBUG com.beanit.openiec61850.ServerAssociation - Got a GetDataValues request for node: IEDBiogasCHP/MMXU1.VAr.res.q: 0x00 0x00
calling GetDataValues(IEDBiogasCHP/MMXU1.VAr.res.t)
14:23:47.306 [openiec61850-osi-server-7-thread-1] DEBUG com.beanit.openiec61850.ServerAssociation - Got a GetDataValues request for node: IEDBiogasCHP/MMXU1.VAr.res.t: Thu Jan 01 01:00:00 CET 1970
calling GetDataValues(IEDBiogasCHP/MMXU1.VAr)
14:23:47.306 [openiec61850-osi-server-7-thread-1] DEBUG com.beanit.openiec61850.ServerAssociation - Got a GetDataValues request for node: IEDBiogasCHP/MMXU1.VAr [SV]
IEDBiogasCHP/MMXU1.VAr.phsA [SV]
IEDBiogasCHP/MMXU1.VAr.phsA.subEna: false
IEDBiogasCHP/MMXU1.VAr.phsA.subCVal [SV]
IEDBiogasCHP/MMXU1.VAr.phsA.subCVal.mag [SV]
IEDBiogasCHP/MMXU1.VAr.phsA.subCVal.mag.i: 0
IEDBiogasCHP/MMXU1.VAr.phsA.subCVal.mag.f: 0.0
IEDBiogasCHP/MMXU1.VAr.phsA.subCVal.ang [SV]
IEDBiogasCHP/MMXU1.VAr.phsA.subCVal.ang.i: 0
IEDBiogasCHP/MMXU1.VAr.phsA.subCVal.ang.f: 0.0
IEDBiogasCHP/MMXU1.VAr.phsA.subQ: 0x00 0x00
IEDBiogasCHP/MMXU1.VAr.phsA.subID: ''
IEDBiogasCHP/MMXU1.VAr.phsB [SV]
IEDBiogasCHP/MMXU1.VAr.phsB.subEna: false
IEDBiogasCHP/MMXU1.VAr.phsB.subCVal [SV]
IEDBiogasCHP/MMXU1.VAr.phsB.subCVal.mag [SV]
IEDBiogasCHP/MMXU1.VAr.phsB.subCVal.mag.i: 0
IEDBiogasCHP/MMXU1.VAr.phsB.subCVal.mag.f: 0.0
IEDBiogasCHP/MMXU1.VAr.phsB.subCVal.ang [SV]
IEDBiogasCHP/MMXU1.VAr.phsB.subCVal.ang.i: 0
IEDBiogasCHP/MMXU1.VAr.phsB.subCVal.ang.f: 0.0
IEDBiogasCHP/MMXU1.VAr.phsB.subQ: 0x00 0x00
IEDBiogasCHP/MMXU1.VAr.phsB.subID: ''
IEDBiogasCHP/MMXU1.VAr.phsC [SV]
IEDBiogasCHP/MMXU1.VAr.phsC.subEna: false
IEDBiogasCHP/MMXU1.VAr.phsC.subCVal [SV]
IEDBiogasCHP/MMXU1.VAr.phsC.subCVal.mag [SV]
IEDBiogasCHP/MMXU1.VAr.phsC.subCVal.mag.i: 0
IEDBiogasCHP/MMXU1.VAr.phsC.subCVal.mag.f: 0.0
IEDBiogasCHP/MMXU1.VAr.phsC.subCVal.ang [SV]
IEDBiogasCHP/MMXU1.VAr.phsC.subCVal.ang.i: 0
IEDBiogasCHP/MMXU1.VAr.phsC.subCVal.ang.f: 0.0
IEDBiogasCHP/MMXU1.VAr.phsC.subQ: 0x00 0x00
IEDBiogasCHP/MMXU1.VAr.phsC.subID: ''
IEDBiogasCHP/MMXU1.VAr.neut [SV]
IEDBiogasCHP/MMXU1.VAr.neut.subEna: false
IEDBiogasCHP/MMXU1.VAr.neut.subCVal [SV]
IEDBiogasCHP/MMXU1.VAr.neut.subCVal.mag [SV]
IEDBiogasCHP/MMXU1.VAr.neut.subCVal.mag.i: 0
IEDBiogasCHP/MMXU1.VAr.neut.subCVal.mag.f: 0.0
IEDBiogasCHP/MMXU1.VAr.neut.subCVal.ang [SV]
IEDBiogasCHP/MMXU1.VAr.neut.subCVal.ang.i: 0
IEDBiogasCHP/MMXU1.VAr.neut.subCVal.ang.f: 0.0
IEDBiogasCHP/MMXU1.VAr.neut.subQ: 0x00 0x00
IEDBiogasCHP/MMXU1.VAr.neut.subID: ''
IEDBiogasCHP/MMXU1.VAr.net [SV]
IEDBiogasCHP/MMXU1.VAr.net.subEna: false
IEDBiogasCHP/MMXU1.VAr.net.subCVal [SV]
IEDBiogasCHP/MMXU1.VAr.net.subCVal.mag [SV]
IEDBiogasCHP/MMXU1.VAr.net.subCVal.mag.i: 0
IEDBiogasCHP/MMXU1.VAr.net.subCVal.mag.f: 0.0
IEDBiogasCHP/MMXU1.VAr.net.subCVal.ang [SV]
IEDBiogasCHP/MMXU1.VAr.net.subCVal.ang.i: 0
IEDBiogasCHP/MMXU1.VAr.net.subCVal.ang.f: 0.0
IEDBiogasCHP/MMXU1.VAr.net.subQ: 0x00 0x00
IEDBiogasCHP/MMXU1.VAr.net.subID: ''
IEDBiogasCHP/MMXU1.VAr.res [SV]
IEDBiogasCHP/MMXU1.VAr.res.subEna: false
IEDBiogasCHP/MMXU1.VAr.res.subCVal [SV]
IEDBiogasCHP/MMXU1.VAr.res.subCVal.mag [SV]
IEDBiogasCHP/MMXU1.VAr.res.subCVal.mag.i: 0
IEDBiogasCHP/MMXU1.VAr.res.subCVal.mag.f: 0.0
IEDBiogasCHP/MMXU1.VAr.res.subCVal.ang [SV]
IEDBiogasCHP/MMXU1.VAr.res.subCVal.ang.i: 0
IEDBiogasCHP/MMXU1.VAr.res.subCVal.ang.f: 0.0
IEDBiogasCHP/MMXU1.VAr.res.subQ: 0x00 0x00
IEDBiogasCHP/MMXU1.VAr.res.subID: ''
14:23:47.306 [openiec61850-osi-server-7-thread-1] DEBUG com.beanit.openiec61850.ServerAssociation - sub BDA is:IEDBiogasCHP/MMXU1.VAr.phsA.subEna: false
14:23:47.306 [openiec61850-osi-server-7-thread-1] DEBUG com.beanit.openiec61850.ServerAssociation - sub BDA is:IEDBiogasCHP/MMXU1.VAr.phsA.subCVal.mag.i: 0
14:23:47.306 [openiec61850-osi-server-7-thread-1] DEBUG com.beanit.openiec61850.ServerAssociation - sub BDA is:IEDBiogasCHP/MMXU1.VAr.phsA.subCVal.mag.f: 0.0
14:23:47.306 [openiec61850-osi-server-7-thread-1] DEBUG com.beanit.openiec61850.ServerAssociation - sub BDA is:IEDBiogasCHP/MMXU1.VAr.phsA.subCVal.ang.i: 0
14:23:47.306 [openiec61850-osi-server-7-thread-1] DEBUG com.beanit.openiec61850.ServerAssociation - sub BDA is:IEDBiogasCHP/MMXU1.VAr.phsA.subCVal.ang.f: 0.0
14:23:47.306 [openiec61850-osi-server-7-thread-1] DEBUG com.beanit.openiec61850.ServerAssociation - sub BDA is:IEDBiogasCHP/MMXU1.VAr.phsA.subQ: 0x00 0x00
14:23:47.306 [openiec61850-osi-server-7-thread-1] DEBUG com.beanit.openiec61850.ServerAssociation - sub BDA is:IEDBiogasCHP/MMXU1.VAr.phsA.subID: ''
14:23:47.306 [openiec61850-osi-server-7-thread-1] DEBUG com.beanit.openiec61850.ServerAssociation - sub BDA is:IEDBiogasCHP/MMXU1.VAr.phsB.subEna: false
14:23:47.306 [openiec61850-osi-server-7-thread-1] DEBUG com.beanit.openiec61850.ServerAssociation - sub BDA is:IEDBiogasCHP/MMXU1.VAr.phsB.subCVal.mag.i: 0
14:23:47.306 [openiec61850-osi-server-7-thread-1] DEBUG com.beanit.openiec61850.ServerAssociation - sub BDA is:IEDBiogasCHP/MMXU1.VAr.phsB.subCVal.mag.f: 0.0
14:23:47.306 [openiec61850-osi-server-7-thread-1] DEBUG com.beanit.openiec61850.ServerAssociation - sub BDA is:IEDBiogasCHP/MMXU1.VAr.phsB.subCVal.ang.i: 0
14:23:47.306 [openiec61850-osi-server-7-thread-1] DEBUG com.beanit.openiec61850.ServerAssociation - sub BDA is:IEDBiogasCHP/MMXU1.VAr.phsB.subCVal.ang.f: 0.0
14:23:47.306 [openiec61850-osi-server-7-thread-1] DEBUG com.beanit.openiec61850.ServerAssociation - sub BDA is:IEDBiogasCHP/MMXU1.VAr.phsB.subQ: 0x00 0x00
14:23:47.306 [openiec61850-osi-server-7-thread-1] DEBUG com.beanit.openiec61850.ServerAssociation - sub BDA is:IEDBiogasCHP/MMXU1.VAr.phsB.subID: ''
14:23:47.306 [openiec61850-osi-server-7-thread-1] DEBUG com.beanit.openiec61850.ServerAssociation - sub BDA is:IEDBiogasCHP/MMXU1.VAr.phsC.subEna: false
14:23:47.306 [openiec61850-osi-server-7-thread-1] DEBUG com.beanit.openiec61850.ServerAssociation - sub BDA is:IEDBiogasCHP/MMXU1.VAr.phsC.subCVal.mag.i: 0
14:23:47.306 [openiec61850-osi-server-7-thread-1] DEBUG com.beanit.openiec61850.ServerAssociation - sub BDA is:IEDBiogasCHP/MMXU1.VAr.phsC.subCVal.mag.f: 0.0
14:23:47.306 [openiec61850-osi-server-7-thread-1] DEBUG com.beanit.openiec61850.ServerAssociation - sub BDA is:IEDBiogasCHP/MMXU1.VAr.phsC.subCVal.ang.i: 0
14:23:47.306 [openiec61850-osi-server-7-thread-1] DEBUG com.beanit.openiec61850.ServerAssociation - sub BDA is:IEDBiogasCHP/MMXU1.VAr.phsC.subCVal.ang.f: 0.0
14:23:47.306 [openiec61850-osi-server-7-thread-1] DEBUG com.beanit.openiec61850.ServerAssociation - sub BDA is:IEDBiogasCHP/MMXU1.VAr.phsC.subQ: 0x00 0x00
14:23:47.306 [openiec61850-osi-server-7-thread-1] DEBUG com.beanit.openiec61850.ServerAssociation - sub BDA is:IEDBiogasCHP/MMXU1.VAr.phsC.subID: ''
14:23:47.306 [openiec61850-osi-server-7-thread-1] DEBUG com.beanit.openiec61850.ServerAssociation - sub BDA is:IEDBiogasCHP/MMXU1.VAr.neut.subEna: false
14:23:47.306 [openiec61850-osi-server-7-thread-1] DEBUG com.beanit.openiec61850.ServerAssociation - sub BDA is:IEDBiogasCHP/MMXU1.VAr.neut.subCVal.mag.i: 0
14:23:47.306 [openiec61850-osi-server-7-thread-1] DEBUG com.beanit.openiec61850.ServerAssociation - sub BDA is:IEDBiogasCHP/MMXU1.VAr.neut.subCVal.mag.f: 0.0
14:23:47.306 [openiec61850-osi-server-7-thread-1] DEBUG com.beanit.openiec61850.ServerAssociation - sub BDA is:IEDBiogasCHP/MMXU1.VAr.neut.subCVal.ang.i: 0
14:23:47.306 [openiec61850-osi-server-7-thread-1] DEBUG com.beanit.openiec61850.ServerAssociation - sub BDA is:IEDBiogasCHP/MMXU1.VAr.neut.subCVal.ang.f: 0.0
14:23:47.306 [openiec61850-osi-server-7-thread-1] DEBUG com.beanit.openiec61850.ServerAssociation - sub BDA is:IEDBiogasCHP/MMXU1.VAr.neut.subQ: 0x00 0x00
14:23:47.306 [openiec61850-osi-server-7-thread-1] DEBUG com.beanit.openiec61850.ServerAssociation - sub BDA is:IEDBiogasCHP/MMXU1.VAr.neut.subID: ''
14:23:47.306 [openiec61850-osi-server-7-thread-1] DEBUG com.beanit.openiec61850.ServerAssociation - sub BDA is:IEDBiogasCHP/MMXU1.VAr.net.subEna: false
14:23:47.306 [openiec61850-osi-server-7-thread-1] DEBUG com.beanit.openiec61850.ServerAssociation - sub BDA is:IEDBiogasCHP/MMXU1.VAr.net.subCVal.mag.i: 0
14:23:47.306 [openiec61850-osi-server-7-thread-1] DEBUG com.beanit.openiec61850.ServerAssociation - sub BDA is:IEDBiogasCHP/MMXU1.VAr.net.subCVal.mag.f: 0.0
14:23:47.306 [openiec61850-osi-server-7-thread-1] DEBUG com.beanit.openiec61850.ServerAssociation - sub BDA is:IEDBiogasCHP/MMXU1.VAr.net.subCVal.ang.i: 0
14:23:47.306 [openiec61850-osi-server-7-thread-1] DEBUG com.beanit.openiec61850.ServerAssociation - sub BDA is:IEDBiogasCHP/MMXU1.VAr.net.subCVal.ang.f: 0.0
14:23:47.306 [openiec61850-osi-server-7-thread-1] DEBUG com.beanit.openiec61850.ServerAssociation - sub BDA is:IEDBiogasCHP/MMXU1.VAr.net.subQ: 0x00 0x00
14:23:47.306 [openiec61850-osi-server-7-thread-1] DEBUG com.beanit.openiec61850.ServerAssociation - sub BDA is:IEDBiogasCHP/MMXU1.VAr.net.subID: ''
14:23:47.306 [openiec61850-osi-server-7-thread-1] DEBUG com.beanit.openiec61850.ServerAssociation - sub BDA is:IEDBiogasCHP/MMXU1.VAr.res.subEna: false
14:23:47.306 [openiec61850-osi-server-7-thread-1] DEBUG com.beanit.openiec61850.ServerAssociation - sub BDA is:IEDBiogasCHP/MMXU1.VAr.res.subCVal.mag.i: 0
14:23:47.306 [openiec61850-osi-server-7-thread-1] DEBUG com.beanit.openiec61850.ServerAssociation - sub BDA is:IEDBiogasCHP/MMXU1.VAr.res.subCVal.mag.f: 0.0
14:23:47.306 [openiec61850-osi-server-7-thread-1] DEBUG com.beanit.openiec61850.ServerAssociation - sub BDA is:IEDBiogasCHP/MMXU1.VAr.res.subCVal.ang.i: 0
14:23:47.306 [openiec61850-osi-server-7-thread-1] DEBUG com.beanit.openiec61850.ServerAssociation - sub BDA is:IEDBiogasCHP/MMXU1.VAr.res.subCVal.ang.f: 0.0
14:23:47.306 [openiec61850-osi-server-7-thread-1] DEBUG com.beanit.openiec61850.ServerAssociation - sub BDA is:IEDBiogasCHP/MMXU1.VAr.res.subQ: 0x00 0x00
14:23:47.306 [openiec61850-osi-server-7-thread-1] DEBUG com.beanit.openiec61850.ServerAssociation - sub BDA is:IEDBiogasCHP/MMXU1.VAr.res.subID: ''
calling GetDataValues(IEDBiogasCHP/MMXU1.VAr.phsA)
14:23:47.306 [openiec61850-osi-server-7-thread-1] DEBUG com.beanit.openiec61850.ServerAssociation - Got a GetDataValues request for node: IEDBiogasCHP/MMXU1.VAr.phsA [SV]
IEDBiogasCHP/MMXU1.VAr.phsA.subEna: false
IEDBiogasCHP/MMXU1.VAr.phsA.subCVal [SV]
IEDBiogasCHP/MMXU1.VAr.phsA.subCVal.mag [SV]
IEDBiogasCHP/MMXU1.VAr.phsA.subCVal.mag.i: 0
IEDBiogasCHP/MMXU1.VAr.phsA.subCVal.mag.f: 0.0
IEDBiogasCHP/MMXU1.VAr.phsA.subCVal.ang [SV]
IEDBiogasCHP/MMXU1.VAr.phsA.subCVal.ang.i: 0
IEDBiogasCHP/MMXU1.VAr.phsA.subCVal.ang.f: 0.0
IEDBiogasCHP/MMXU1.VAr.phsA.subQ: 0x00 0x00
IEDBiogasCHP/MMXU1.VAr.phsA.subID: ''
14:23:47.306 [openiec61850-osi-server-7-thread-1] DEBUG com.beanit.openiec61850.ServerAssociation - sub BDA is:IEDBiogasCHP/MMXU1.VAr.phsA.subEna: false
14:23:47.306 [openiec61850-osi-server-7-thread-1] DEBUG com.beanit.openiec61850.ServerAssociation - sub BDA is:IEDBiogasCHP/MMXU1.VAr.phsA.subCVal.mag.i: 0
14:23:47.306 [openiec61850-osi-server-7-thread-1] DEBUG com.beanit.openiec61850.ServerAssociation - sub BDA is:IEDBiogasCHP/MMXU1.VAr.phsA.subCVal.mag.f: 0.0
14:23:47.306 [openiec61850-osi-server-7-thread-1] DEBUG com.beanit.openiec61850.ServerAssociation - sub BDA is:IEDBiogasCHP/MMXU1.VAr.phsA.subCVal.ang.i: 0
14:23:47.306 [openiec61850-osi-server-7-thread-1] DEBUG com.beanit.openiec61850.ServerAssociation - sub BDA is:IEDBiogasCHP/MMXU1.VAr.phsA.subCVal.ang.f: 0.0
14:23:47.306 [openiec61850-osi-server-7-thread-1] DEBUG com.beanit.openiec61850.ServerAssociation - sub BDA is:IEDBiogasCHP/MMXU1.VAr.phsA.subQ: 0x00 0x00
14:23:47.306 [openiec61850-osi-server-7-thread-1] DEBUG com.beanit.openiec61850.ServerAssociation - sub BDA is:IEDBiogasCHP/MMXU1.VAr.phsA.subID: ''
calling GetDataValues(IEDBiogasCHP/MMXU1.VAr.phsA.subEna)
14:23:47.306 [openiec61850-osi-server-7-thread-1] DEBUG com.beanit.openiec61850.ServerAssociation - Got a GetDataValues request for node: IEDBiogasCHP/MMXU1.VAr.phsA.subEna: false
calling GetDataValues(IEDBiogasCHP/MMXU1.VAr.phsA.subCVal)
14:23:47.307 [openiec61850-osi-server-7-thread-1] DEBUG com.beanit.openiec61850.ServerAssociation - Got a GetDataValues request for node: IEDBiogasCHP/MMXU1.VAr.phsA.subCVal [SV]
IEDBiogasCHP/MMXU1.VAr.phsA.subCVal.mag [SV]
IEDBiogasCHP/MMXU1.VAr.phsA.subCVal.mag.i: 0
IEDBiogasCHP/MMXU1.VAr.phsA.subCVal.mag.f: 0.0
IEDBiogasCHP/MMXU1.VAr.phsA.subCVal.ang [SV]
IEDBiogasCHP/MMXU1.VAr.phsA.subCVal.ang.i: 0
IEDBiogasCHP/MMXU1.VAr.phsA.subCVal.ang.f: 0.0
14:23:47.307 [openiec61850-osi-server-7-thread-1] DEBUG com.beanit.openiec61850.ServerAssociation - sub BDA is:IEDBiogasCHP/MMXU1.VAr.phsA.subCVal.mag.i: 0
14:23:47.307 [openiec61850-osi-server-7-thread-1] DEBUG com.beanit.openiec61850.ServerAssociation - sub BDA is:IEDBiogasCHP/MMXU1.VAr.phsA.subCVal.mag.f: 0.0
14:23:47.307 [openiec61850-osi-server-7-thread-1] DEBUG com.beanit.openiec61850.ServerAssociation - sub BDA is:IEDBiogasCHP/MMXU1.VAr.phsA.subCVal.ang.i: 0
14:23:47.307 [openiec61850-osi-server-7-thread-1] DEBUG com.beanit.openiec61850.ServerAssociation - sub BDA is:IEDBiogasCHP/MMXU1.VAr.phsA.subCVal.ang.f: 0.0
calling GetDataValues(IEDBiogasCHP/MMXU1.VAr.phsA.subCVal.mag)
14:23:47.307 [openiec61850-osi-server-7-thread-1] DEBUG com.beanit.openiec61850.ServerAssociation - Got a GetDataValues request for node: IEDBiogasCHP/MMXU1.VAr.phsA.subCVal.mag [SV]
IEDBiogasCHP/MMXU1.VAr.phsA.subCVal.mag.i: 0
IEDBiogasCHP/MMXU1.VAr.phsA.subCVal.mag.f: 0.0
14:23:47.307 [openiec61850-osi-server-7-thread-1] DEBUG com.beanit.openiec61850.ServerAssociation - sub BDA is:IEDBiogasCHP/MMXU1.VAr.phsA.subCVal.mag.i: 0
14:23:47.307 [openiec61850-osi-server-7-thread-1] DEBUG com.beanit.openiec61850.ServerAssociation - sub BDA is:IEDBiogasCHP/MMXU1.VAr.phsA.subCVal.mag.f: 0.0
calling GetDataValues(IEDBiogasCHP/MMXU1.VAr.phsA.subCVal.mag.i)
14:23:47.307 [openiec61850-osi-server-7-thread-1] DEBUG com.beanit.openiec61850.ServerAssociation - Got a GetDataValues request for node: IEDBiogasCHP/MMXU1.VAr.phsA.subCVal.mag.i: 0
calling GetDataValues(IEDBiogasCHP/MMXU1.VAr.phsA.subCVal.mag.f)
14:23:47.307 [openiec61850-osi-server-7-thread-1] DEBUG com.beanit.openiec61850.ServerAssociation - Got a GetDataValues request for node: IEDBiogasCHP/MMXU1.VAr.phsA.subCVal.mag.f: 0.0
calling GetDataValues(IEDBiogasCHP/MMXU1.VAr.phsA.subCVal.ang)
14:23:47.307 [openiec61850-osi-server-7-thread-1] DEBUG com.beanit.openiec61850.ServerAssociation - Got a GetDataValues request for node: IEDBiogasCHP/MMXU1.VAr.phsA.subCVal.ang [SV]
IEDBiogasCHP/MMXU1.VAr.phsA.subCVal.ang.i: 0
IEDBiogasCHP/MMXU1.VAr.phsA.subCVal.ang.f: 0.0
14:23:47.307 [openiec61850-osi-server-7-thread-1] DEBUG com.beanit.openiec61850.ServerAssociation - sub BDA is:IEDBiogasCHP/MMXU1.VAr.phsA.subCVal.ang.i: 0
14:23:47.307 [openiec61850-osi-server-7-thread-1] DEBUG com.beanit.openiec61850.ServerAssociation - sub BDA is:IEDBiogasCHP/MMXU1.VAr.phsA.subCVal.ang.f: 0.0
calling GetDataValues(IEDBiogasCHP/MMXU1.VAr.phsA.subCVal.ang.i)
14:23:47.307 [openiec61850-osi-server-7-thread-1] DEBUG com.beanit.openiec61850.ServerAssociation - Got a GetDataValues request for node: IEDBiogasCHP/MMXU1.VAr.phsA.subCVal.ang.i: 0
calling GetDataValues(IEDBiogasCHP/MMXU1.VAr.phsA.subCVal.ang.f)
14:23:47.307 [openiec61850-osi-server-7-thread-1] DEBUG com.beanit.openiec61850.ServerAssociation - Got a GetDataValues request for node: IEDBiogasCHP/MMXU1.VAr.phsA.subCVal.ang.f: 0.0
calling GetDataValues(IEDBiogasCHP/MMXU1.VAr.phsA.subQ)
14:23:47.307 [openiec61850-osi-server-7-thread-1] DEBUG com.beanit.openiec61850.ServerAssociation - Got a GetDataValues request for node: IEDBiogasCHP/MMXU1.VAr.phsA.subQ: 0x00 0x00
calling GetDataValues(IEDBiogasCHP/MMXU1.VAr.phsA.subID)
14:23:47.308 [openiec61850-osi-server-7-thread-1] DEBUG com.beanit.openiec61850.ServerAssociation - Got a GetDataValues request for node: IEDBiogasCHP/MMXU1.VAr.phsA.subID: ''
calling GetDataValues(IEDBiogasCHP/MMXU1.VAr.phsB)
14:23:47.308 [openiec61850-osi-server-7-thread-1] DEBUG com.beanit.openiec61850.ServerAssociation - Got a GetDataValues request for node: IEDBiogasCHP/MMXU1.VAr.phsB [SV]
IEDBiogasCHP/MMXU1.VAr.phsB.subEna: false
IEDBiogasCHP/MMXU1.VAr.phsB.subCVal [SV]
IEDBiogasCHP/MMXU1.VAr.phsB.subCVal.mag [SV]
IEDBiogasCHP/MMXU1.VAr.phsB.subCVal.mag.i: 0
IEDBiogasCHP/MMXU1.VAr.phsB.subCVal.mag.f: 0.0
IEDBiogasCHP/MMXU1.VAr.phsB.subCVal.ang [SV]
IEDBiogasCHP/MMXU1.VAr.phsB.subCVal.ang.i: 0
IEDBiogasCHP/MMXU1.VAr.phsB.subCVal.ang.f: 0.0
IEDBiogasCHP/MMXU1.VAr.phsB.subQ: 0x00 0x00
IEDBiogasCHP/MMXU1.VAr.phsB.subID: ''
14:23:47.308 [openiec61850-osi-server-7-thread-1] DEBUG com.beanit.openiec61850.ServerAssociation - sub BDA is:IEDBiogasCHP/MMXU1.VAr.phsB.subEna: false
14:23:47.308 [openiec61850-osi-server-7-thread-1] DEBUG com.beanit.openiec61850.ServerAssociation - sub BDA is:IEDBiogasCHP/MMXU1.VAr.phsB.subCVal.mag.i: 0
14:23:47.308 [openiec61850-osi-server-7-thread-1] DEBUG com.beanit.openiec61850.ServerAssociation - sub BDA is:IEDBiogasCHP/MMXU1.VAr.phsB.subCVal.mag.f: 0.0
14:23:47.308 [openiec61850-osi-server-7-thread-1] DEBUG com.beanit.openiec61850.ServerAssociation - sub BDA is:IEDBiogasCHP/MMXU1.VAr.phsB.subCVal.ang.i: 0
14:23:47.308 [openiec61850-osi-server-7-thread-1] DEBUG com.beanit.openiec61850.ServerAssociation - sub BDA is:IEDBiogasCHP/MMXU1.VAr.phsB.subCVal.ang.f: 0.0
14:23:47.308 [openiec61850-osi-server-7-thread-1] DEBUG com.beanit.openiec61850.ServerAssociation - sub BDA is:IEDBiogasCHP/MMXU1.VAr.phsB.subQ: 0x00 0x00
14:23:47.308 [openiec61850-osi-server-7-thread-1] DEBUG com.beanit.openiec61850.ServerAssociation - sub BDA is:IEDBiogasCHP/MMXU1.VAr.phsB.subID: ''
calling GetDataValues(IEDBiogasCHP/MMXU1.VAr.phsB.subEna)
14:23:47.308 [openiec61850-osi-server-7-thread-1] DEBUG com.beanit.openiec61850.ServerAssociation - Got a GetDataValues request for node: IEDBiogasCHP/MMXU1.VAr.phsB.subEna: false
calling GetDataValues(IEDBiogasCHP/MMXU1.VAr.phsB.subCVal)
14:23:47.308 [openiec61850-osi-server-7-thread-1] DEBUG com.beanit.openiec61850.ServerAssociation - Got a GetDataValues request for node: IEDBiogasCHP/MMXU1.VAr.phsB.subCVal [SV]
IEDBiogasCHP/MMXU1.VAr.phsB.subCVal.mag [SV]
IEDBiogasCHP/MMXU1.VAr.phsB.subCVal.mag.i: 0
IEDBiogasCHP/MMXU1.VAr.phsB.subCVal.mag.f: 0.0
IEDBiogasCHP/MMXU1.VAr.phsB.subCVal.ang [SV]
IEDBiogasCHP/MMXU1.VAr.phsB.subCVal.ang.i: 0
IEDBiogasCHP/MMXU1.VAr.phsB.subCVal.ang.f: 0.0
14:23:47.308 [openiec61850-osi-server-7-thread-1] DEBUG com.beanit.openiec61850.ServerAssociation - sub BDA is:IEDBiogasCHP/MMXU1.VAr.phsB.subCVal.mag.i: 0
14:23:47.308 [openiec61850-osi-server-7-thread-1] DEBUG com.beanit.openiec61850.ServerAssociation - sub BDA is:IEDBiogasCHP/MMXU1.VAr.phsB.subCVal.mag.f: 0.0
14:23:47.308 [openiec61850-osi-server-7-thread-1] DEBUG com.beanit.openiec61850.ServerAssociation - sub BDA is:IEDBiogasCHP/MMXU1.VAr.phsB.subCVal.ang.i: 0
14:23:47.308 [openiec61850-osi-server-7-thread-1] DEBUG com.beanit.openiec61850.ServerAssociation - sub BDA is:IEDBiogasCHP/MMXU1.VAr.phsB.subCVal.ang.f: 0.0
calling GetDataValues(IEDBiogasCHP/MMXU1.VAr.phsB.subCVal.mag)
14:23:47.308 [openiec61850-osi-server-7-thread-1] DEBUG com.beanit.openiec61850.ServerAssociation - Got a GetDataValues request for node: IEDBiogasCHP/MMXU1.VAr.phsB.subCVal.mag [SV]
IEDBiogasCHP/MMXU1.VAr.phsB.subCVal.mag.i: 0
IEDBiogasCHP/MMXU1.VAr.phsB.subCVal.mag.f: 0.0
14:23:47.308 [openiec61850-osi-server-7-thread-1] DEBUG com.beanit.openiec61850.ServerAssociation - sub BDA is:IEDBiogasCHP/MMXU1.VAr.phsB.subCVal.mag.i: 0
14:23:47.308 [openiec61850-osi-server-7-thread-1] DEBUG com.beanit.openiec61850.ServerAssociation - sub BDA is:IEDBiogasCHP/MMXU1.VAr.phsB.subCVal.mag.f: 0.0
calling GetDataValues(IEDBiogasCHP/MMXU1.VAr.phsB.subCVal.mag.i)
14:23:47.308 [openiec61850-osi-server-7-thread-1] DEBUG com.beanit.openiec61850.ServerAssociation - Got a GetDataValues request for node: IEDBiogasCHP/MMXU1.VAr.phsB.subCVal.mag.i: 0
calling GetDataValues(IEDBiogasCHP/MMXU1.VAr.phsB.subCVal.mag.f)
14:23:47.309 [openiec61850-osi-server-7-thread-1] DEBUG com.beanit.openiec61850.ServerAssociation - Got a GetDataValues request for node: IEDBiogasCHP/MMXU1.VAr.phsB.subCVal.mag.f: 0.0
calling GetDataValues(IEDBiogasCHP/MMXU1.VAr.phsB.subCVal.ang)
14:23:47.309 [openiec61850-osi-server-7-thread-1] DEBUG com.beanit.openiec61850.ServerAssociation - Got a GetDataValues request for node: IEDBiogasCHP/MMXU1.VAr.phsB.subCVal.ang [SV]
IEDBiogasCHP/MMXU1.VAr.phsB.subCVal.ang.i: 0
IEDBiogasCHP/MMXU1.VAr.phsB.subCVal.ang.f: 0.0
14:23:47.309 [openiec61850-osi-server-7-thread-1] DEBUG com.beanit.openiec61850.ServerAssociation - sub BDA is:IEDBiogasCHP/MMXU1.VAr.phsB.subCVal.ang.i: 0
14:23:47.309 [openiec61850-osi-server-7-thread-1] DEBUG com.beanit.openiec61850.ServerAssociation - sub BDA is:IEDBiogasCHP/MMXU1.VAr.phsB.subCVal.ang.f: 0.0
calling GetDataValues(IEDBiogasCHP/MMXU1.VAr.phsB.subCVal.ang.i)
14:23:47.309 [openiec61850-osi-server-7-thread-1] DEBUG com.beanit.openiec61850.ServerAssociation - Got a GetDataValues request for node: IEDBiogasCHP/MMXU1.VAr.phsB.subCVal.ang.i: 0
calling GetDataValues(IEDBiogasCHP/MMXU1.VAr.phsB.subCVal.ang.f)
14:23:47.309 [openiec61850-osi-server-7-thread-1] DEBUG com.beanit.openiec61850.ServerAssociation - Got a GetDataValues request for node: IEDBiogasCHP/MMXU1.VAr.phsB.subCVal.ang.f: 0.0
calling GetDataValues(IEDBiogasCHP/MMXU1.VAr.phsB.subQ)
14:23:47.309 [openiec61850-osi-server-7-thread-1] DEBUG com.beanit.openiec61850.ServerAssociation - Got a GetDataValues request for node: IEDBiogasCHP/MMXU1.VAr.phsB.subQ: 0x00 0x00
calling GetDataValues(IEDBiogasCHP/MMXU1.VAr.phsB.subID)
14:23:47.309 [openiec61850-osi-server-7-thread-1] DEBUG com.beanit.openiec61850.ServerAssociation - Got a GetDataValues request for node: IEDBiogasCHP/MMXU1.VAr.phsB.subID: ''
calling GetDataValues(IEDBiogasCHP/MMXU1.VAr.phsC)
14:23:47.309 [openiec61850-osi-server-7-thread-1] DEBUG com.beanit.openiec61850.ServerAssociation - Got a GetDataValues request for node: IEDBiogasCHP/MMXU1.VAr.phsC [SV]
IEDBiogasCHP/MMXU1.VAr.phsC.subEna: false
IEDBiogasCHP/MMXU1.VAr.phsC.subCVal [SV]
IEDBiogasCHP/MMXU1.VAr.phsC.subCVal.mag [SV]
IEDBiogasCHP/MMXU1.VAr.phsC.subCVal.mag.i: 0
IEDBiogasCHP/MMXU1.VAr.phsC.subCVal.mag.f: 0.0
IEDBiogasCHP/MMXU1.VAr.phsC.subCVal.ang [SV]
IEDBiogasCHP/MMXU1.VAr.phsC.subCVal.ang.i: 0
IEDBiogasCHP/MMXU1.VAr.phsC.subCVal.ang.f: 0.0
IEDBiogasCHP/MMXU1.VAr.phsC.subQ: 0x00 0x00
IEDBiogasCHP/MMXU1.VAr.phsC.subID: ''
14:23:47.309 [openiec61850-osi-server-7-thread-1] DEBUG com.beanit.openiec61850.ServerAssociation - sub BDA is:IEDBiogasCHP/MMXU1.VAr.phsC.subEna: false
14:23:47.309 [openiec61850-osi-server-7-thread-1] DEBUG com.beanit.openiec61850.ServerAssociation - sub BDA is:IEDBiogasCHP/MMXU1.VAr.phsC.subCVal.mag.i: 0
14:23:47.309 [openiec61850-osi-server-7-thread-1] DEBUG com.beanit.openiec61850.ServerAssociation - sub BDA is:IEDBiogasCHP/MMXU1.VAr.phsC.subCVal.mag.f: 0.0
14:23:47.309 [openiec61850-osi-server-7-thread-1] DEBUG com.beanit.openiec61850.ServerAssociation - sub BDA is:IEDBiogasCHP/MMXU1.VAr.phsC.subCVal.ang.i: 0
14:23:47.309 [openiec61850-osi-server-7-thread-1] DEBUG com.beanit.openiec61850.ServerAssociation - sub BDA is:IEDBiogasCHP/MMXU1.VAr.phsC.subCVal.ang.f: 0.0
14:23:47.309 [openiec61850-osi-server-7-thread-1] DEBUG com.beanit.openiec61850.ServerAssociation - sub BDA is:IEDBiogasCHP/MMXU1.VAr.phsC.subQ: 0x00 0x00
14:23:47.309 [openiec61850-osi-server-7-thread-1] DEBUG com.beanit.openiec61850.ServerAssociation - sub BDA is:IEDBiogasCHP/MMXU1.VAr.phsC.subID: ''
calling GetDataValues(IEDBiogasCHP/MMXU1.VAr.phsC.subEna)
14:23:47.309 [openiec61850-osi-server-7-thread-1] DEBUG com.beanit.openiec61850.ServerAssociation - Got a GetDataValues request for node: IEDBiogasCHP/MMXU1.VAr.phsC.subEna: false
calling GetDataValues(IEDBiogasCHP/MMXU1.VAr.phsC.subCVal)
14:23:47.309 [openiec61850-osi-server-7-thread-1] DEBUG com.beanit.openiec61850.ServerAssociation - Got a GetDataValues request for node: IEDBiogasCHP/MMXU1.VAr.phsC.subCVal [SV]
IEDBiogasCHP/MMXU1.VAr.phsC.subCVal.mag [SV]
IEDBiogasCHP/MMXU1.VAr.phsC.subCVal.mag.i: 0
IEDBiogasCHP/MMXU1.VAr.phsC.subCVal.mag.f: 0.0
IEDBiogasCHP/MMXU1.VAr.phsC.subCVal.ang [SV]
IEDBiogasCHP/MMXU1.VAr.phsC.subCVal.ang.i: 0
IEDBiogasCHP/MMXU1.VAr.phsC.subCVal.ang.f: 0.0
14:23:47.310 [openiec61850-osi-server-7-thread-1] DEBUG com.beanit.openiec61850.ServerAssociation - sub BDA is:IEDBiogasCHP/MMXU1.VAr.phsC.subCVal.mag.i: 0
14:23:47.310 [openiec61850-osi-server-7-thread-1] DEBUG com.beanit.openiec61850.ServerAssociation - sub BDA is:IEDBiogasCHP/MMXU1.VAr.phsC.subCVal.mag.f: 0.0
14:23:47.310 [openiec61850-osi-server-7-thread-1] DEBUG com.beanit.openiec61850.ServerAssociation - sub BDA is:IEDBiogasCHP/MMXU1.VAr.phsC.subCVal.ang.i: 0
14:23:47.310 [openiec61850-osi-server-7-thread-1] DEBUG com.beanit.openiec61850.ServerAssociation - sub BDA is:IEDBiogasCHP/MMXU1.VAr.phsC.subCVal.ang.f: 0.0
calling GetDataValues(IEDBiogasCHP/MMXU1.VAr.phsC.subCVal.mag)
14:23:47.310 [openiec61850-osi-server-7-thread-1] DEBUG com.beanit.openiec61850.ServerAssociation - Got a GetDataValues request for node: IEDBiogasCHP/MMXU1.VAr.phsC.subCVal.mag [SV]
IEDBiogasCHP/MMXU1.VAr.phsC.subCVal.mag.i: 0
IEDBiogasCHP/MMXU1.VAr.phsC.subCVal.mag.f: 0.0
14:23:47.310 [openiec61850-osi-server-7-thread-1] DEBUG com.beanit.openiec61850.ServerAssociation - sub BDA is:IEDBiogasCHP/MMXU1.VAr.phsC.subCVal.mag.i: 0
14:23:47.310 [openiec61850-osi-server-7-thread-1] DEBUG com.beanit.openiec61850.ServerAssociation - sub BDA is:IEDBiogasCHP/MMXU1.VAr.phsC.subCVal.mag.f: 0.0
calling GetDataValues(IEDBiogasCHP/MMXU1.VAr.phsC.subCVal.mag.i)
14:23:47.310 [openiec61850-osi-server-7-thread-1] DEBUG com.beanit.openiec61850.ServerAssociation - Got a GetDataValues request for node: IEDBiogasCHP/MMXU1.VAr.phsC.subCVal.mag.i: 0
calling GetDataValues(IEDBiogasCHP/MMXU1.VAr.phsC.subCVal.mag.f)
14:23:47.310 [openiec61850-osi-server-7-thread-1] DEBUG com.beanit.openiec61850.ServerAssociation - Got a GetDataValues request for node: IEDBiogasCHP/MMXU1.VAr.phsC.subCVal.mag.f: 0.0
calling GetDataValues(IEDBiogasCHP/MMXU1.VAr.phsC.subCVal.ang)
14:23:47.310 [openiec61850-osi-server-7-thread-1] DEBUG com.beanit.openiec61850.ServerAssociation - Got a GetDataValues request for node: IEDBiogasCHP/MMXU1.VAr.phsC.subCVal.ang [SV]
IEDBiogasCHP/MMXU1.VAr.phsC.subCVal.ang.i: 0
IEDBiogasCHP/MMXU1.VAr.phsC.subCVal.ang.f: 0.0
14:23:47.310 [openiec61850-osi-server-7-thread-1] DEBUG com.beanit.openiec61850.ServerAssociation - sub BDA is:IEDBiogasCHP/MMXU1.VAr.phsC.subCVal.ang.i: 0
14:23:47.310 [openiec61850-osi-server-7-thread-1] DEBUG com.beanit.openiec61850.ServerAssociation - sub BDA is:IEDBiogasCHP/MMXU1.VAr.phsC.subCVal.ang.f: 0.0
calling GetDataValues(IEDBiogasCHP/MMXU1.VAr.phsC.subCVal.ang.i)
14:23:47.310 [openiec61850-osi-server-7-thread-1] DEBUG com.beanit.openiec61850.ServerAssociation - Got a GetDataValues request for node: IEDBiogasCHP/MMXU1.VAr.phsC.subCVal.ang.i: 0
calling GetDataValues(IEDBiogasCHP/MMXU1.VAr.phsC.subCVal.ang.f)
14:23:47.310 [openiec61850-osi-server-7-thread-1] DEBUG com.beanit.openiec61850.ServerAssociation - Got a GetDataValues request for node: IEDBiogasCHP/MMXU1.VAr.phsC.subCVal.ang.f: 0.0
calling GetDataValues(IEDBiogasCHP/MMXU1.VAr.phsC.subQ)
14:23:47.310 [openiec61850-osi-server-7-thread-1] DEBUG com.beanit.openiec61850.ServerAssociation - Got a GetDataValues request for node: IEDBiogasCHP/MMXU1.VAr.phsC.subQ: 0x00 0x00
calling GetDataValues(IEDBiogasCHP/MMXU1.VAr.phsC.subID)
14:23:47.311 [openiec61850-osi-server-7-thread-1] DEBUG com.beanit.openiec61850.ServerAssociation - Got a GetDataValues request for node: IEDBiogasCHP/MMXU1.VAr.phsC.subID: ''
calling GetDataValues(IEDBiogasCHP/MMXU1.VAr.neut)
14:23:47.311 [openiec61850-osi-server-7-thread-1] DEBUG com.beanit.openiec61850.ServerAssociation - Got a GetDataValues request for node: IEDBiogasCHP/MMXU1.VAr.neut [SV]
IEDBiogasCHP/MMXU1.VAr.neut.subEna: false
IEDBiogasCHP/MMXU1.VAr.neut.subCVal [SV]
IEDBiogasCHP/MMXU1.VAr.neut.subCVal.mag [SV]
IEDBiogasCHP/MMXU1.VAr.neut.subCVal.mag.i: 0
IEDBiogasCHP/MMXU1.VAr.neut.subCVal.mag.f: 0.0
IEDBiogasCHP/MMXU1.VAr.neut.subCVal.ang [SV]
IEDBiogasCHP/MMXU1.VAr.neut.subCVal.ang.i: 0
IEDBiogasCHP/MMXU1.VAr.neut.subCVal.ang.f: 0.0
IEDBiogasCHP/MMXU1.VAr.neut.subQ: 0x00 0x00
IEDBiogasCHP/MMXU1.VAr.neut.subID: ''
14:23:47.311 [openiec61850-osi-server-7-thread-1] DEBUG com.beanit.openiec61850.ServerAssociation - sub BDA is:IEDBiogasCHP/MMXU1.VAr.neut.subEna: false
14:23:47.311 [openiec61850-osi-server-7-thread-1] DEBUG com.beanit.openiec61850.ServerAssociation - sub BDA is:IEDBiogasCHP/MMXU1.VAr.neut.subCVal.mag.i: 0
14:23:47.311 [openiec61850-osi-server-7-thread-1] DEBUG com.beanit.openiec61850.ServerAssociation - sub BDA is:IEDBiogasCHP/MMXU1.VAr.neut.subCVal.mag.f: 0.0
14:23:47.311 [openiec61850-osi-server-7-thread-1] DEBUG com.beanit.openiec61850.ServerAssociation - sub BDA is:IEDBiogasCHP/MMXU1.VAr.neut.subCVal.ang.i: 0
14:23:47.311 [openiec61850-osi-server-7-thread-1] DEBUG com.beanit.openiec61850.ServerAssociation - sub BDA is:IEDBiogasCHP/MMXU1.VAr.neut.subCVal.ang.f: 0.0
14:23:47.311 [openiec61850-osi-server-7-thread-1] DEBUG com.beanit.openiec61850.ServerAssociation - sub BDA is:IEDBiogasCHP/MMXU1.VAr.neut.subQ: 0x00 0x00
14:23:47.311 [openiec61850-osi-server-7-thread-1] DEBUG com.beanit.openiec61850.ServerAssociation - sub BDA is:IEDBiogasCHP/MMXU1.VAr.neut.subID: ''
calling GetDataValues(IEDBiogasCHP/MMXU1.VAr.neut.subEna)
14:23:47.311 [openiec61850-osi-server-7-thread-1] DEBUG com.beanit.openiec61850.ServerAssociation - Got a GetDataValues request for node: IEDBiogasCHP/MMXU1.VAr.neut.subEna: false
calling GetDataValues(IEDBiogasCHP/MMXU1.VAr.neut.subCVal)
14:23:47.311 [openiec61850-osi-server-7-thread-1] DEBUG com.beanit.openiec61850.ServerAssociation - Got a GetDataValues request for node: IEDBiogasCHP/MMXU1.VAr.neut.subCVal [SV]
IEDBiogasCHP/MMXU1.VAr.neut.subCVal.mag [SV]
IEDBiogasCHP/MMXU1.VAr.neut.subCVal.mag.i: 0
IEDBiogasCHP/MMXU1.VAr.neut.subCVal.mag.f: 0.0
IEDBiogasCHP/MMXU1.VAr.neut.subCVal.ang [SV]
IEDBiogasCHP/MMXU1.VAr.neut.subCVal.ang.i: 0
IEDBiogasCHP/MMXU1.VAr.neut.subCVal.ang.f: 0.0
14:23:47.311 [openiec61850-osi-server-7-thread-1] DEBUG com.beanit.openiec61850.ServerAssociation - sub BDA is:IEDBiogasCHP/MMXU1.VAr.neut.subCVal.mag.i: 0
14:23:47.311 [openiec61850-osi-server-7-thread-1] DEBUG com.beanit.openiec61850.ServerAssociation - sub BDA is:IEDBiogasCHP/MMXU1.VAr.neut.subCVal.mag.f: 0.0
14:23:47.311 [openiec61850-osi-server-7-thread-1] DEBUG com.beanit.openiec61850.ServerAssociation - sub BDA is:IEDBiogasCHP/MMXU1.VAr.neut.subCVal.ang.i: 0
14:23:47.311 [openiec61850-osi-server-7-thread-1] DEBUG com.beanit.openiec61850.ServerAssociation - sub BDA is:IEDBiogasCHP/MMXU1.VAr.neut.subCVal.ang.f: 0.0
calling GetDataValues(IEDBiogasCHP/MMXU1.VAr.neut.subCVal.mag)
14:23:47.311 [openiec61850-osi-server-7-thread-1] DEBUG com.beanit.openiec61850.ServerAssociation - Got a GetDataValues request for node: IEDBiogasCHP/MMXU1.VAr.neut.subCVal.mag [SV]
IEDBiogasCHP/MMXU1.VAr.neut.subCVal.mag.i: 0
IEDBiogasCHP/MMXU1.VAr.neut.subCVal.mag.f: 0.0
14:23:47.311 [openiec61850-osi-server-7-thread-1] DEBUG com.beanit.openiec61850.ServerAssociation - sub BDA is:IEDBiogasCHP/MMXU1.VAr.neut.subCVal.mag.i: 0
14:23:47.311 [openiec61850-osi-server-7-thread-1] DEBUG com.beanit.openiec61850.ServerAssociation - sub BDA is:IEDBiogasCHP/MMXU1.VAr.neut.subCVal.mag.f: 0.0
calling GetDataValues(IEDBiogasCHP/MMXU1.VAr.neut.subCVal.mag.i)
14:23:47.311 [openiec61850-osi-server-7-thread-1] DEBUG com.beanit.openiec61850.ServerAssociation - Got a GetDataValues request for node: IEDBiogasCHP/MMXU1.VAr.neut.subCVal.mag.i: 0
calling GetDataValues(IEDBiogasCHP/MMXU1.VAr.neut.subCVal.mag.f)
14:23:47.311 [openiec61850-osi-server-7-thread-1] DEBUG com.beanit.openiec61850.ServerAssociation - Got a GetDataValues request for node: IEDBiogasCHP/MMXU1.VAr.neut.subCVal.mag.f: 0.0
calling GetDataValues(IEDBiogasCHP/MMXU1.VAr.neut.subCVal.ang)
14:23:47.312 [openiec61850-osi-server-7-thread-1] DEBUG com.beanit.openiec61850.ServerAssociation - Got a GetDataValues request for node: IEDBiogasCHP/MMXU1.VAr.neut.subCVal.ang [SV]
IEDBiogasCHP/MMXU1.VAr.neut.subCVal.ang.i: 0
IEDBiogasCHP/MMXU1.VAr.neut.subCVal.ang.f: 0.0
14:23:47.312 [openiec61850-osi-server-7-thread-1] DEBUG com.beanit.openiec61850.ServerAssociation - sub BDA is:IEDBiogasCHP/MMXU1.VAr.neut.subCVal.ang.i: 0
14:23:47.312 [openiec61850-osi-server-7-thread-1] DEBUG com.beanit.openiec61850.ServerAssociation - sub BDA is:IEDBiogasCHP/MMXU1.VAr.neut.subCVal.ang.f: 0.0
calling GetDataValues(IEDBiogasCHP/MMXU1.VAr.neut.subCVal.ang.i)
14:23:47.312 [openiec61850-osi-server-7-thread-1] DEBUG com.beanit.openiec61850.ServerAssociation - Got a GetDataValues request for node: IEDBiogasCHP/MMXU1.VAr.neut.subCVal.ang.i: 0
calling GetDataValues(IEDBiogasCHP/MMXU1.VAr.neut.subCVal.ang.f)
14:23:47.312 [openiec61850-osi-server-7-thread-1] DEBUG com.beanit.openiec61850.ServerAssociation - Got a GetDataValues request for node: IEDBiogasCHP/MMXU1.VAr.neut.subCVal.ang.f: 0.0
calling GetDataValues(IEDBiogasCHP/MMXU1.VAr.neut.subQ)
14:23:47.312 [openiec61850-osi-server-7-thread-1] DEBUG com.beanit.openiec61850.ServerAssociation - Got a GetDataValues request for node: IEDBiogasCHP/MMXU1.VAr.neut.subQ: 0x00 0x00
calling GetDataValues(IEDBiogasCHP/MMXU1.VAr.neut.subID)
14:23:47.312 [openiec61850-osi-server-7-thread-1] DEBUG com.beanit.openiec61850.ServerAssociation - Got a GetDataValues request for node: IEDBiogasCHP/MMXU1.VAr.neut.subID: ''
calling GetDataValues(IEDBiogasCHP/MMXU1.VAr.net)
14:23:47.312 [openiec61850-osi-server-7-thread-1] DEBUG com.beanit.openiec61850.ServerAssociation - Got a GetDataValues request for node: IEDBiogasCHP/MMXU1.VAr.net [SV]
IEDBiogasCHP/MMXU1.VAr.net.subEna: false
IEDBiogasCHP/MMXU1.VAr.net.subCVal [SV]
IEDBiogasCHP/MMXU1.VAr.net.subCVal.mag [SV]
IEDBiogasCHP/MMXU1.VAr.net.subCVal.mag.i: 0
IEDBiogasCHP/MMXU1.VAr.net.subCVal.mag.f: 0.0
IEDBiogasCHP/MMXU1.VAr.net.subCVal.ang [SV]
IEDBiogasCHP/MMXU1.VAr.net.subCVal.ang.i: 0
IEDBiogasCHP/MMXU1.VAr.net.subCVal.ang.f: 0.0
IEDBiogasCHP/MMXU1.VAr.net.subQ: 0x00 0x00
IEDBiogasCHP/MMXU1.VAr.net.subID: ''
14:23:47.312 [openiec61850-osi-server-7-thread-1] DEBUG com.beanit.openiec61850.ServerAssociation - sub BDA is:IEDBiogasCHP/MMXU1.VAr.net.subEna: false
14:23:47.312 [openiec61850-osi-server-7-thread-1] DEBUG com.beanit.openiec61850.ServerAssociation - sub BDA is:IEDBiogasCHP/MMXU1.VAr.net.subCVal.mag.i: 0
14:23:47.312 [openiec61850-osi-server-7-thread-1] DEBUG com.beanit.openiec61850.ServerAssociation - sub BDA is:IEDBiogasCHP/MMXU1.VAr.net.subCVal.mag.f: 0.0
14:23:47.312 [openiec61850-osi-server-7-thread-1] DEBUG com.beanit.openiec61850.ServerAssociation - sub BDA is:IEDBiogasCHP/MMXU1.VAr.net.subCVal.ang.i: 0
14:23:47.312 [openiec61850-osi-server-7-thread-1] DEBUG com.beanit.openiec61850.ServerAssociation - sub BDA is:IEDBiogasCHP/MMXU1.VAr.net.subCVal.ang.f: 0.0
14:23:47.312 [openiec61850-osi-server-7-thread-1] DEBUG com.beanit.openiec61850.ServerAssociation - sub BDA is:IEDBiogasCHP/MMXU1.VAr.net.subQ: 0x00 0x00
14:23:47.312 [openiec61850-osi-server-7-thread-1] DEBUG com.beanit.openiec61850.ServerAssociation - sub BDA is:IEDBiogasCHP/MMXU1.VAr.net.subID: ''
calling GetDataValues(IEDBiogasCHP/MMXU1.VAr.net.subEna)
14:23:47.312 [openiec61850-osi-server-7-thread-1] DEBUG com.beanit.openiec61850.ServerAssociation - Got a GetDataValues request for node: IEDBiogasCHP/MMXU1.VAr.net.subEna: false
calling GetDataValues(IEDBiogasCHP/MMXU1.VAr.net.subCVal)
14:23:47.312 [openiec61850-osi-server-7-thread-1] DEBUG com.beanit.openiec61850.ServerAssociation - Got a GetDataValues request for node: IEDBiogasCHP/MMXU1.VAr.net.subCVal [SV]
IEDBiogasCHP/MMXU1.VAr.net.subCVal.mag [SV]
IEDBiogasCHP/MMXU1.VAr.net.subCVal.mag.i: 0
IEDBiogasCHP/MMXU1.VAr.net.subCVal.mag.f: 0.0
IEDBiogasCHP/MMXU1.VAr.net.subCVal.ang [SV]
IEDBiogasCHP/MMXU1.VAr.net.subCVal.ang.i: 0
IEDBiogasCHP/MMXU1.VAr.net.subCVal.ang.f: 0.0
14:23:47.312 [openiec61850-osi-server-7-thread-1] DEBUG com.beanit.openiec61850.ServerAssociation - sub BDA is:IEDBiogasCHP/MMXU1.VAr.net.subCVal.mag.i: 0
14:23:47.312 [openiec61850-osi-server-7-thread-1] DEBUG com.beanit.openiec61850.ServerAssociation - sub BDA is:IEDBiogasCHP/MMXU1.VAr.net.subCVal.mag.f: 0.0
14:23:47.312 [openiec61850-osi-server-7-thread-1] DEBUG com.beanit.openiec61850.ServerAssociation - sub BDA is:IEDBiogasCHP/MMXU1.VAr.net.subCVal.ang.i: 0
14:23:47.312 [openiec61850-osi-server-7-thread-1] DEBUG com.beanit.openiec61850.ServerAssociation - sub BDA is:IEDBiogasCHP/MMXU1.VAr.net.subCVal.ang.f: 0.0
calling GetDataValues(IEDBiogasCHP/MMXU1.VAr.net.subCVal.mag)
14:23:47.313 [openiec61850-osi-server-7-thread-1] DEBUG com.beanit.openiec61850.ServerAssociation - Got a GetDataValues request for node: IEDBiogasCHP/MMXU1.VAr.net.subCVal.mag [SV]
IEDBiogasCHP/MMXU1.VAr.net.subCVal.mag.i: 0
IEDBiogasCHP/MMXU1.VAr.net.subCVal.mag.f: 0.0
14:23:47.313 [openiec61850-osi-server-7-thread-1] DEBUG com.beanit.openiec61850.ServerAssociation - sub BDA is:IEDBiogasCHP/MMXU1.VAr.net.subCVal.mag.i: 0
14:23:47.313 [openiec61850-osi-server-7-thread-1] DEBUG com.beanit.openiec61850.ServerAssociation - sub BDA is:IEDBiogasCHP/MMXU1.VAr.net.subCVal.mag.f: 0.0
calling GetDataValues(IEDBiogasCHP/MMXU1.VAr.net.subCVal.mag.i)
14:23:47.313 [openiec61850-osi-server-7-thread-1] DEBUG com.beanit.openiec61850.ServerAssociation - Got a GetDataValues request for node: IEDBiogasCHP/MMXU1.VAr.net.subCVal.mag.i: 0
calling GetDataValues(IEDBiogasCHP/MMXU1.VAr.net.subCVal.mag.f)
14:23:47.313 [openiec61850-osi-server-7-thread-1] DEBUG com.beanit.openiec61850.ServerAssociation - Got a GetDataValues request for node: IEDBiogasCHP/MMXU1.VAr.net.subCVal.mag.f: 0.0
calling GetDataValues(IEDBiogasCHP/MMXU1.VAr.net.subCVal.ang)
14:23:47.313 [openiec61850-osi-server-7-thread-1] DEBUG com.beanit.openiec61850.ServerAssociation - Got a GetDataValues request for node: IEDBiogasCHP/MMXU1.VAr.net.subCVal.ang [SV]
IEDBiogasCHP/MMXU1.VAr.net.subCVal.ang.i: 0
IEDBiogasCHP/MMXU1.VAr.net.subCVal.ang.f: 0.0
14:23:47.313 [openiec61850-osi-server-7-thread-1] DEBUG com.beanit.openiec61850.ServerAssociation - sub BDA is:IEDBiogasCHP/MMXU1.VAr.net.subCVal.ang.i: 0
14:23:47.313 [openiec61850-osi-server-7-thread-1] DEBUG com.beanit.openiec61850.ServerAssociation - sub BDA is:IEDBiogasCHP/MMXU1.VAr.net.subCVal.ang.f: 0.0
calling GetDataValues(IEDBiogasCHP/MMXU1.VAr.net.subCVal.ang.i)
14:23:47.313 [openiec61850-osi-server-7-thread-1] DEBUG com.beanit.openiec61850.ServerAssociation - Got a GetDataValues request for node: IEDBiogasCHP/MMXU1.VAr.net.subCVal.ang.i: 0
calling GetDataValues(IEDBiogasCHP/MMXU1.VAr.net.subCVal.ang.f)
14:23:47.313 [openiec61850-osi-server-7-thread-1] DEBUG com.beanit.openiec61850.ServerAssociation - Got a GetDataValues request for node: IEDBiogasCHP/MMXU1.VAr.net.subCVal.ang.f: 0.0
calling GetDataValues(IEDBiogasCHP/MMXU1.VAr.net.subQ)
14:23:47.313 [openiec61850-osi-server-7-thread-1] DEBUG com.beanit.openiec61850.ServerAssociation - Got a GetDataValues request for node: IEDBiogasCHP/MMXU1.VAr.net.subQ: 0x00 0x00
calling GetDataValues(IEDBiogasCHP/MMXU1.VAr.net.subID)
14:23:47.313 [openiec61850-osi-server-7-thread-1] DEBUG com.beanit.openiec61850.ServerAssociation - Got a GetDataValues request for node: IEDBiogasCHP/MMXU1.VAr.net.subID: ''
calling GetDataValues(IEDBiogasCHP/MMXU1.VAr.res)
14:23:47.314 [openiec61850-osi-server-7-thread-1] DEBUG com.beanit.openiec61850.ServerAssociation - Got a GetDataValues request for node: IEDBiogasCHP/MMXU1.VAr.res [SV]
IEDBiogasCHP/MMXU1.VAr.res.subEna: false
IEDBiogasCHP/MMXU1.VAr.res.subCVal [SV]
IEDBiogasCHP/MMXU1.VAr.res.subCVal.mag [SV]
IEDBiogasCHP/MMXU1.VAr.res.subCVal.mag.i: 0
IEDBiogasCHP/MMXU1.VAr.res.subCVal.mag.f: 0.0
IEDBiogasCHP/MMXU1.VAr.res.subCVal.ang [SV]
IEDBiogasCHP/MMXU1.VAr.res.subCVal.ang.i: 0
IEDBiogasCHP/MMXU1.VAr.res.subCVal.ang.f: 0.0
IEDBiogasCHP/MMXU1.VAr.res.subQ: 0x00 0x00
IEDBiogasCHP/MMXU1.VAr.res.subID: ''
14:23:47.314 [openiec61850-osi-server-7-thread-1] DEBUG com.beanit.openiec61850.ServerAssociation - sub BDA is:IEDBiogasCHP/MMXU1.VAr.res.subEna: false
14:23:47.314 [openiec61850-osi-server-7-thread-1] DEBUG com.beanit.openiec61850.ServerAssociation - sub BDA is:IEDBiogasCHP/MMXU1.VAr.res.subCVal.mag.i: 0
14:23:47.314 [openiec61850-osi-server-7-thread-1] DEBUG com.beanit.openiec61850.ServerAssociation - sub BDA is:IEDBiogasCHP/MMXU1.VAr.res.subCVal.mag.f: 0.0
14:23:47.314 [openiec61850-osi-server-7-thread-1] DEBUG com.beanit.openiec61850.ServerAssociation - sub BDA is:IEDBiogasCHP/MMXU1.VAr.res.subCVal.ang.i: 0
14:23:47.314 [openiec61850-osi-server-7-thread-1] DEBUG com.beanit.openiec61850.ServerAssociation - sub BDA is:IEDBiogasCHP/MMXU1.VAr.res.subCVal.ang.f: 0.0
14:23:47.314 [openiec61850-osi-server-7-thread-1] DEBUG com.beanit.openiec61850.ServerAssociation - sub BDA is:IEDBiogasCHP/MMXU1.VAr.res.subQ: 0x00 0x00
14:23:47.314 [openiec61850-osi-server-7-thread-1] DEBUG com.beanit.openiec61850.ServerAssociation - sub BDA is:IEDBiogasCHP/MMXU1.VAr.res.subID: ''
calling GetDataValues(IEDBiogasCHP/MMXU1.VAr.res.subEna)
14:23:47.314 [openiec61850-osi-server-7-thread-1] DEBUG com.beanit.openiec61850.ServerAssociation - Got a GetDataValues request for node: IEDBiogasCHP/MMXU1.VAr.res.subEna: false
calling GetDataValues(IEDBiogasCHP/MMXU1.VAr.res.subCVal)
14:23:47.314 [openiec61850-osi-server-7-thread-1] DEBUG com.beanit.openiec61850.ServerAssociation - Got a GetDataValues request for node: IEDBiogasCHP/MMXU1.VAr.res.subCVal [SV]
IEDBiogasCHP/MMXU1.VAr.res.subCVal.mag [SV]
IEDBiogasCHP/MMXU1.VAr.res.subCVal.mag.i: 0
IEDBiogasCHP/MMXU1.VAr.res.subCVal.mag.f: 0.0
IEDBiogasCHP/MMXU1.VAr.res.subCVal.ang [SV]
IEDBiogasCHP/MMXU1.VAr.res.subCVal.ang.i: 0
IEDBiogasCHP/MMXU1.VAr.res.subCVal.ang.f: 0.0
14:23:47.314 [openiec61850-osi-server-7-thread-1] DEBUG com.beanit.openiec61850.ServerAssociation - sub BDA is:IEDBiogasCHP/MMXU1.VAr.res.subCVal.mag.i: 0
14:23:47.314 [openiec61850-osi-server-7-thread-1] DEBUG com.beanit.openiec61850.ServerAssociation - sub BDA is:IEDBiogasCHP/MMXU1.VAr.res.subCVal.mag.f: 0.0
14:23:47.314 [openiec61850-osi-server-7-thread-1] DEBUG com.beanit.openiec61850.ServerAssociation - sub BDA is:IEDBiogasCHP/MMXU1.VAr.res.subCVal.ang.i: 0
14:23:47.314 [openiec61850-osi-server-7-thread-1] DEBUG com.beanit.openiec61850.ServerAssociation - sub BDA is:IEDBiogasCHP/MMXU1.VAr.res.subCVal.ang.f: 0.0
calling GetDataValues(IEDBiogasCHP/MMXU1.VAr.res.subCVal.mag)
14:23:47.314 [openiec61850-osi-server-7-thread-1] DEBUG com.beanit.openiec61850.ServerAssociation - Got a GetDataValues request for node: IEDBiogasCHP/MMXU1.VAr.res.subCVal.mag [SV]
IEDBiogasCHP/MMXU1.VAr.res.subCVal.mag.i: 0
IEDBiogasCHP/MMXU1.VAr.res.subCVal.mag.f: 0.0
14:23:47.314 [openiec61850-osi-server-7-thread-1] DEBUG com.beanit.openiec61850.ServerAssociation - sub BDA is:IEDBiogasCHP/MMXU1.VAr.res.subCVal.mag.i: 0
14:23:47.314 [openiec61850-osi-server-7-thread-1] DEBUG com.beanit.openiec61850.ServerAssociation - sub BDA is:IEDBiogasCHP/MMXU1.VAr.res.subCVal.mag.f: 0.0
calling GetDataValues(IEDBiogasCHP/MMXU1.VAr.res.subCVal.mag.i)
14:23:47.314 [openiec61850-osi-server-7-thread-1] DEBUG com.beanit.openiec61850.ServerAssociation - Got a GetDataValues request for node: IEDBiogasCHP/MMXU1.VAr.res.subCVal.mag.i: 0
calling GetDataValues(IEDBiogasCHP/MMXU1.VAr.res.subCVal.mag.f)
14:23:47.314 [openiec61850-osi-server-7-thread-1] DEBUG com.beanit.openiec61850.ServerAssociation - Got a GetDataValues request for node: IEDBiogasCHP/MMXU1.VAr.res.subCVal.mag.f: 0.0
calling GetDataValues(IEDBiogasCHP/MMXU1.VAr.res.subCVal.ang)
14:23:47.314 [openiec61850-osi-server-7-thread-1] DEBUG com.beanit.openiec61850.ServerAssociation - Got a GetDataValues request for node: IEDBiogasCHP/MMXU1.VAr.res.subCVal.ang [SV]
IEDBiogasCHP/MMXU1.VAr.res.subCVal.ang.i: 0
IEDBiogasCHP/MMXU1.VAr.res.subCVal.ang.f: 0.0
14:23:47.314 [openiec61850-osi-server-7-thread-1] DEBUG com.beanit.openiec61850.ServerAssociation - sub BDA is:IEDBiogasCHP/MMXU1.VAr.res.subCVal.ang.i: 0
14:23:47.315 [openiec61850-osi-server-7-thread-1] DEBUG com.beanit.openiec61850.ServerAssociation - sub BDA is:IEDBiogasCHP/MMXU1.VAr.res.subCVal.ang.f: 0.0
calling GetDataValues(IEDBiogasCHP/MMXU1.VAr.res.subCVal.ang.i)
14:23:47.315 [openiec61850-osi-server-7-thread-1] DEBUG com.beanit.openiec61850.ServerAssociation - Got a GetDataValues request for node: IEDBiogasCHP/MMXU1.VAr.res.subCVal.ang.i: 0
calling GetDataValues(IEDBiogasCHP/MMXU1.VAr.res.subCVal.ang.f)
14:23:47.315 [openiec61850-osi-server-7-thread-1] DEBUG com.beanit.openiec61850.ServerAssociation - Got a GetDataValues request for node: IEDBiogasCHP/MMXU1.VAr.res.subCVal.ang.f: 0.0
calling GetDataValues(IEDBiogasCHP/MMXU1.VAr.res.subQ)
14:23:47.315 [openiec61850-osi-server-7-thread-1] DEBUG com.beanit.openiec61850.ServerAssociation - Got a GetDataValues request for node: IEDBiogasCHP/MMXU1.VAr.res.subQ: 0x00 0x00
calling GetDataValues(IEDBiogasCHP/MMXU1.VAr.res.subID)
14:23:47.315 [openiec61850-osi-server-7-thread-1] DEBUG com.beanit.openiec61850.ServerAssociation - Got a GetDataValues request for node: IEDBiogasCHP/MMXU1.VAr.res.subID: ''
calling GetDataValues(IEDBiogasCHP/MMXU1.VAr)
14:23:47.315 [openiec61850-osi-server-7-thread-1] DEBUG com.beanit.openiec61850.ServerAssociation - Got a GetDataValues request for node: IEDBiogasCHP/MMXU1.VAr [CF]
IEDBiogasCHP/MMXU1.VAr.angRef: 0
IEDBiogasCHP/MMXU1.VAr.phsA [CF]
IEDBiogasCHP/MMXU1.VAr.phsA.units [CF]
IEDBiogasCHP/MMXU1.VAr.phsA.units.SIUnit: 0
IEDBiogasCHP/MMXU1.VAr.phsA.units.multiplier: 0
IEDBiogasCHP/MMXU1.VAr.phsA.db: 0
IEDBiogasCHP/MMXU1.VAr.phsA.zeroDb: 0
IEDBiogasCHP/MMXU1.VAr.phsA.rangeC [CF]
IEDBiogasCHP/MMXU1.VAr.phsA.rangeC.hhLim [CF]
IEDBiogasCHP/MMXU1.VAr.phsA.rangeC.hhLim.i: 0
IEDBiogasCHP/MMXU1.VAr.phsA.rangeC.hhLim.f: 0.0
IEDBiogasCHP/MMXU1.VAr.phsA.rangeC.hLim [CF]
IEDBiogasCHP/MMXU1.VAr.phsA.rangeC.hLim.i: 0
IEDBiogasCHP/MMXU1.VAr.phsA.rangeC.hLim.f: 0.0
IEDBiogasCHP/MMXU1.VAr.phsA.rangeC.lLim [CF]
IEDBiogasCHP/MMXU1.VAr.phsA.rangeC.lLim.i: 0
IEDBiogasCHP/MMXU1.VAr.phsA.rangeC.lLim.f: 0.0
IEDBiogasCHP/MMXU1.VAr.phsA.rangeC.llLim [CF]
IEDBiogasCHP/MMXU1.VAr.phsA.rangeC.llLim.i: 0
IEDBiogasCHP/MMXU1.VAr.phsA.rangeC.llLim.f: 0.0
IEDBiogasCHP/MMXU1.VAr.phsA.rangeC.min [CF]
IEDBiogasCHP/MMXU1.VAr.phsA.rangeC.min.i: 0
IEDBiogasCHP/MMXU1.VAr.phsA.rangeC.min.f: 0.0
IEDBiogasCHP/MMXU1.VAr.phsA.rangeC.max [CF]
IEDBiogasCHP/MMXU1.VAr.phsA.rangeC.max.i: 0
IEDBiogasCHP/MMXU1.VAr.phsA.rangeC.max.f: 0.0
IEDBiogasCHP/MMXU1.VAr.phsA.magSVC [CF]
IEDBiogasCHP/MMXU1.VAr.phsA.magSVC.scaleFactor: 0.0
IEDBiogasCHP/MMXU1.VAr.phsA.magSVC.offset: 0.0
IEDBiogasCHP/MMXU1.VAr.phsA.angSVC [CF]
IEDBiogasCHP/MMXU1.VAr.phsA.angSVC.scaleFactor: 0.0
IEDBiogasCHP/MMXU1.VAr.phsA.angSVC.offset: 0.0
IEDBiogasCHP/MMXU1.VAr.phsA.angRef: 0
IEDBiogasCHP/MMXU1.VAr.phsA.smpRate: 0
IEDBiogasCHP/MMXU1.VAr.phsB [CF]
IEDBiogasCHP/MMXU1.VAr.phsB.units [CF]
IEDBiogasCHP/MMXU1.VAr.phsB.units.SIUnit: 0
IEDBiogasCHP/MMXU1.VAr.phsB.units.multiplier: 0
IEDBiogasCHP/MMXU1.VAr.phsB.db: 0
IEDBiogasCHP/MMXU1.VAr.phsB.zeroDb: 0
IEDBiogasCHP/MMXU1.VAr.phsB.rangeC [CF]
IEDBiogasCHP/MMXU1.VAr.phsB.rangeC.hhLim [CF]
IEDBiogasCHP/MMXU1.VAr.phsB.rangeC.hhLim.i: 0
IEDBiogasCHP/MMXU1.VAr.phsB.rangeC.hhLim.f: 0.0
IEDBiogasCHP/MMXU1.VAr.phsB.rangeC.hLim [CF]
IEDBiogasCHP/MMXU1.VAr.phsB.rangeC.hLim.i: 0
IEDBiogasCHP/MMXU1.VAr.phsB.rangeC.hLim.f: 0.0
IEDBiogasCHP/MMXU1.VAr.phsB.rangeC.lLim [CF]
IEDBiogasCHP/MMXU1.VAr.phsB.rangeC.lLim.i: 0
IEDBiogasCHP/MMXU1.VAr.phsB.rangeC.lLim.f: 0.0
IEDBiogasCHP/MMXU1.VAr.phsB.rangeC.llLim [CF]
IEDBiogasCHP/MMXU1.VAr.phsB.rangeC.llLim.i: 0
IEDBiogasCHP/MMXU1.VAr.phsB.rangeC.llLim.f: 0.0
IEDBiogasCHP/MMXU1.VAr.phsB.rangeC.min [CF]
IEDBiogasCHP/MMXU1.VAr.phsB.rangeC.min.i: 0
IEDBiogasCHP/MMXU1.VAr.phsB.rangeC.min.f: 0.0
IEDBiogasCHP/MMXU1.VAr.phsB.rangeC.max [CF]
IEDBiogasCHP/MMXU1.VAr.phsB.rangeC.max.i: 0
IEDBiogasCHP/MMXU1.VAr.phsB.rangeC.max.f: 0.0
IEDBiogasCHP/MMXU1.VAr.phsB.magSVC [CF]
IEDBiogasCHP/MMXU1.VAr.phsB.magSVC.scaleFactor: 0.0
IEDBiogasCHP/MMXU1.VAr.phsB.magSVC.offset: 0.0
IEDBiogasCHP/MMXU1.VAr.phsB.angSVC [CF]
IEDBiogasCHP/MMXU1.VAr.phsB.angSVC.scaleFactor: 0.0
IEDBiogasCHP/MMXU1.VAr.phsB.angSVC.offset: 0.0
IEDBiogasCHP/MMXU1.VAr.phsB.angRef: 0
IEDBiogasCHP/MMXU1.VAr.phsB.smpRate: 0
IEDBiogasCHP/MMXU1.VAr.phsC [CF]
IEDBiogasCHP/MMXU1.VAr.phsC.units [CF]
IEDBiogasCHP/MMXU1.VAr.phsC.units.SIUnit: 0
IEDBiogasCHP/MMXU1.VAr.phsC.units.multiplier: 0
IEDBiogasCHP/MMXU1.VAr.phsC.db: 0
IEDBiogasCHP/MMXU1.VAr.phsC.zeroDb: 0
IEDBiogasCHP/MMXU1.VAr.phsC.rangeC [CF]
IEDBiogasCHP/MMXU1.VAr.phsC.rangeC.hhLim [CF]
IEDBiogasCHP/MMXU1.VAr.phsC.rangeC.hhLim.i: 0
IEDBiogasCHP/MMXU1.VAr.phsC.rangeC.hhLim.f: 0.0
IEDBiogasCHP/MMXU1.VAr.phsC.rangeC.hLim [CF]
IEDBiogasCHP/MMXU1.VAr.phsC.rangeC.hLim.i: 0
IEDBiogasCHP/MMXU1.VAr.phsC.rangeC.hLim.f: 0.0
IEDBiogasCHP/MMXU1.VAr.phsC.rangeC.lLim [CF]
IEDBiogasCHP/MMXU1.VAr.phsC.rangeC.lLim.i: 0
IEDBiogasCHP/MMXU1.VAr.phsC.rangeC.lLim.f: 0.0
IEDBiogasCHP/MMXU1.VAr.phsC.rangeC.llLim [CF]
IEDBiogasCHP/MMXU1.VAr.phsC.rangeC.llLim.i: 0
IEDBiogasCHP/MMXU1.VAr.phsC.rangeC.llLim.f: 0.0
IEDBiogasCHP/MMXU1.VAr.phsC.rangeC.min [CF]
IEDBiogasCHP/MMXU1.VAr.phsC.rangeC.min.i: 0
IEDBiogasCHP/MMXU1.VAr.phsC.rangeC.min.f: 0.0
IEDBiogasCHP/MMXU1.VAr.phsC.rangeC.max [CF]
IEDBiogasCHP/MMXU1.VAr.phsC.rangeC.max.i: 0
IEDBiogasCHP/MMXU1.VAr.phsC.rangeC.max.f: 0.0
IEDBiogasCHP/MMXU1.VAr.phsC.magSVC [CF]
IEDBiogasCHP/MMXU1.VAr.phsC.magSVC.scaleFactor: 0.0
IEDBiogasCHP/MMXU1.VAr.phsC.magSVC.offset: 0.0
IEDBiogasCHP/MMXU1.VAr.phsC.angSVC [CF]
IEDBiogasCHP/MMXU1.VAr.phsC.angSVC.scaleFactor: 0.0
IEDBiogasCHP/MMXU1.VAr.phsC.angSVC.offset: 0.0
IEDBiogasCHP/MMXU1.VAr.phsC.angRef: 0
IEDBiogasCHP/MMXU1.VAr.phsC.smpRate: 0
IEDBiogasCHP/MMXU1.VAr.neut [CF]
IEDBiogasCHP/MMXU1.VAr.neut.units [CF]
IEDBiogasCHP/MMXU1.VAr.neut.units.SIUnit: 0
IEDBiogasCHP/MMXU1.VAr.neut.units.multiplier: 0
IEDBiogasCHP/MMXU1.VAr.neut.db: 0
IEDBiogasCHP/MMXU1.VAr.neut.zeroDb: 0
IEDBiogasCHP/MMXU1.VAr.neut.rangeC [CF]
IEDBiogasCHP/MMXU1.VAr.neut.rangeC.hhLim [CF]
IEDBiogasCHP/MMXU1.VAr.neut.rangeC.hhLim.i: 0
IEDBiogasCHP/MMXU1.VAr.neut.rangeC.hhLim.f: 0.0
IEDBiogasCHP/MMXU1.VAr.neut.rangeC.hLim [CF]
IEDBiogasCHP/MMXU1.VAr.neut.rangeC.hLim.i: 0
IEDBiogasCHP/MMXU1.VAr.neut.rangeC.hLim.f: 0.0
IEDBiogasCHP/MMXU1.VAr.neut.rangeC.lLim [CF]
IEDBiogasCHP/MMXU1.VAr.neut.rangeC.lLim.i: 0
IEDBiogasCHP/MMXU1.VAr.neut.rangeC.lLim.f: 0.0
IEDBiogasCHP/MMXU1.VAr.neut.rangeC.llLim [CF]
IEDBiogasCHP/MMXU1.VAr.neut.rangeC.llLim.i: 0
IEDBiogasCHP/MMXU1.VAr.neut.rangeC.llLim.f: 0.0
IEDBiogasCHP/MMXU1.VAr.neut.rangeC.min [CF]
IEDBiogasCHP/MMXU1.VAr.neut.rangeC.min.i: 0
IEDBiogasCHP/MMXU1.VAr.neut.rangeC.min.f: 0.0
IEDBiogasCHP/MMXU1.VAr.neut.rangeC.max [CF]
IEDBiogasCHP/MMXU1.VAr.neut.rangeC.max.i: 0
IEDBiogasCHP/MMXU1.VAr.neut.rangeC.max.f: 0.0
IEDBiogasCHP/MMXU1.VAr.neut.magSVC [CF]
IEDBiogasCHP/MMXU1.VAr.neut.magSVC.scaleFactor: 0.0
IEDBiogasCHP/MMXU1.VAr.neut.magSVC.offset: 0.0
IEDBiogasCHP/MMXU1.VAr.neut.angSVC [CF]
IEDBiogasCHP/MMXU1.VAr.neut.angSVC.scaleFactor: 0.0
IEDBiogasCHP/MMXU1.VAr.neut.angSVC.offset: 0.0
IEDBiogasCHP/MMXU1.VAr.neut.angRef: 0
IEDBiogasCHP/MMXU1.VAr.neut.smpRate: 0
IEDBiogasCHP/MMXU1.VAr.net [CF]
IEDBiogasCHP/MMXU1.VAr.net.units [CF]
IEDBiogasCHP/MMXU1.VAr.net.units.SIUnit: 0
IEDBiogasCHP/MMXU1.VAr.net.units.multiplier: 0
IEDBiogasCHP/MMXU1.VAr.net.db: 0
IEDBiogasCHP/MMXU1.VAr.net.zeroDb: 0
IEDBiogasCHP/MMXU1.VAr.net.rangeC [CF]
IEDBiogasCHP/MMXU1.VAr.net.rangeC.hhLim [CF]
IEDBiogasCHP/MMXU1.VAr.net.rangeC.hhLim.i: 0
IEDBiogasCHP/MMXU1.VAr.net.rangeC.hhLim.f: 0.0
IEDBiogasCHP/MMXU1.VAr.net.rangeC.hLim [CF]
IEDBiogasCHP/MMXU1.VAr.net.rangeC.hLim.i: 0
IEDBiogasCHP/MMXU1.VAr.net.rangeC.hLim.f: 0.0
IEDBiogasCHP/MMXU1.VAr.net.rangeC.lLim [CF]
IEDBiogasCHP/MMXU1.VAr.net.rangeC.lLim.i: 0
IEDBiogasCHP/MMXU1.VAr.net.rangeC.lLim.f: 0.0
IEDBiogasCHP/MMXU1.VAr.net.rangeC.llLim [CF]
IEDBiogasCHP/MMXU1.VAr.net.rangeC.llLim.i: 0
IEDBiogasCHP/MMXU1.VAr.net.rangeC.llLim.f: 0.0
IEDBiogasCHP/MMXU1.VAr.net.rangeC.min [CF]
IEDBiogasCHP/MMXU1.VAr.net.rangeC.min.i: 0
IEDBiogasCHP/MMXU1.VAr.net.rangeC.min.f: 0.0
IEDBiogasCHP/MMXU1.VAr.net.rangeC.max [CF]
IEDBiogasCHP/MMXU1.VAr.net.rangeC.max.i: 0
IEDBiogasCHP/MMXU1.VAr.net.rangeC.max.f: 0.0
IEDBiogasCHP/MMXU1.VAr.net.magSVC [CF]
IEDBiogasCHP/MMXU1.VAr.net.magSVC.scaleFactor: 0.0
IEDBiogasCHP/MMXU1.VAr.net.magSVC.offset: 0.0
IEDBiogasCHP/MMXU1.VAr.net.angSVC [CF]
IEDBiogasCHP/MMXU1.VAr.net.angSVC.scaleFactor: 0.0
IEDBiogasCHP/MMXU1.VAr.net.angSVC.offset: 0.0
IEDBiogasCHP/MMXU1.VAr.net.angRef: 0
IEDBiogasCHP/MMXU1.VAr.net.smpRate: 0
IEDBiogasCHP/MMXU1.VAr.res [CF]
IEDBiogasCHP/MMXU1.VAr.res.units [CF]
IEDBiogasCHP/MMXU1.VAr.res.units.SIUnit: 0
IEDBiogasCHP/MMXU1.VAr.res.units.multiplier: 0
IEDBiogasCHP/MMXU1.VAr.res.db: 0
IEDBiogasCHP/MMXU1.VAr.res.zeroDb: 0
IEDBiogasCHP/MMXU1.VAr.res.rangeC [CF]
IEDBiogasCHP/MMXU1.VAr.res.rangeC.hhLim [CF]
IEDBiogasCHP/MMXU1.VAr.res.rangeC.hhLim.i: 0
IEDBiogasCHP/MMXU1.VAr.res.rangeC.hhLim.f: 0.0
IEDBiogasCHP/MMXU1.VAr.res.rangeC.hLim [CF]
IEDBiogasCHP/MMXU1.VAr.res.rangeC.hLim.i: 0
IEDBiogasCHP/MMXU1.VAr.res.rangeC.hLim.f: 0.0
IEDBiogasCHP/MMXU1.VAr.res.rangeC.lLim [CF]
IEDBiogasCHP/MMXU1.VAr.res.rangeC.lLim.i: 0
IEDBiogasCHP/MMXU1.VAr.res.rangeC.lLim.f: 0.0
IEDBiogasCHP/MMXU1.VAr.res.rangeC.llLim [CF]
IEDBiogasCHP/MMXU1.VAr.res.rangeC.llLim.i: 0
IEDBiogasCHP/MMXU1.VAr.res.rangeC.llLim.f: 0.0
IEDBiogasCHP/MMXU1.VAr.res.rangeC.min [CF]
IEDBiogasCHP/MMXU1.VAr.res.rangeC.min.i: 0
IEDBiogasCHP/MMXU1.VAr.res.rangeC.min.f: 0.0
IEDBiogasCHP/MMXU1.VAr.res.rangeC.max [CF]
IEDBiogasCHP/MMXU1.VAr.res.rangeC.max.i: 0
IEDBiogasCHP/MMXU1.VAr.res.rangeC.max.f: 0.0
IEDBiogasCHP/MMXU1.VAr.res.magSVC [CF]
IEDBiogasCHP/MMXU1.VAr.res.magSVC.scaleFactor: 0.0
IEDBiogasCHP/MMXU1.VAr.res.magSVC.offset: 0.0
IEDBiogasCHP/MMXU1.VAr.res.angSVC [CF]
IEDBiogasCHP/MMXU1.VAr.res.angSVC.scaleFactor: 0.0
IEDBiogasCHP/MMXU1.VAr.res.angSVC.offset: 0.0
IEDBiogasCHP/MMXU1.VAr.res.angRef: 0
IEDBiogasCHP/MMXU1.VAr.res.smpRate: 0
14:23:47.316 [openiec61850-osi-server-7-thread-1] DEBUG com.beanit.openiec61850.ServerAssociation - sub BDA is:IEDBiogasCHP/MMXU1.VAr.angRef: 0
14:23:47.316 [openiec61850-osi-server-7-thread-1] DEBUG com.beanit.openiec61850.ServerAssociation - sub BDA is:IEDBiogasCHP/MMXU1.VAr.phsA.units.SIUnit: 0
14:23:47.316 [openiec61850-osi-server-7-thread-1] DEBUG com.beanit.openiec61850.ServerAssociation - sub BDA is:IEDBiogasCHP/MMXU1.VAr.phsA.units.multiplier: 0
14:23:47.316 [openiec61850-osi-server-7-thread-1] DEBUG com.beanit.openiec61850.ServerAssociation - sub BDA is:IEDBiogasCHP/MMXU1.VAr.phsA.db: 0
14:23:47.316 [openiec61850-osi-server-7-thread-1] DEBUG com.beanit.openiec61850.ServerAssociation - sub BDA is:IEDBiogasCHP/MMXU1.VAr.phsA.zeroDb: 0
14:23:47.316 [openiec61850-osi-server-7-thread-1] DEBUG com.beanit.openiec61850.ServerAssociation - sub BDA is:IEDBiogasCHP/MMXU1.VAr.phsA.rangeC.hhLim.i: 0
14:23:47.316 [openiec61850-osi-server-7-thread-1] DEBUG com.beanit.openiec61850.ServerAssociation - sub BDA is:IEDBiogasCHP/MMXU1.VAr.phsA.rangeC.hhLim.f: 0.0
14:23:47.316 [openiec61850-osi-server-7-thread-1] DEBUG com.beanit.openiec61850.ServerAssociation - sub BDA is:IEDBiogasCHP/MMXU1.VAr.phsA.rangeC.hLim.i: 0
14:23:47.316 [openiec61850-osi-server-7-thread-1] DEBUG com.beanit.openiec61850.ServerAssociation - sub BDA is:IEDBiogasCHP/MMXU1.VAr.phsA.rangeC.hLim.f: 0.0
14:23:47.316 [openiec61850-osi-server-7-thread-1] DEBUG com.beanit.openiec61850.ServerAssociation - sub BDA is:IEDBiogasCHP/MMXU1.VAr.phsA.rangeC.lLim.i: 0
14:23:47.316 [openiec61850-osi-server-7-thread-1] DEBUG com.beanit.openiec61850.ServerAssociation - sub BDA is:IEDBiogasCHP/MMXU1.VAr.phsA.rangeC.lLim.f: 0.0
14:23:47.316 [openiec61850-osi-server-7-thread-1] DEBUG com.beanit.openiec61850.ServerAssociation - sub BDA is:IEDBiogasCHP/MMXU1.VAr.phsA.rangeC.llLim.i: 0
14:23:47.316 [openiec61850-osi-server-7-thread-1] DEBUG com.beanit.openiec61850.ServerAssociation - sub BDA is:IEDBiogasCHP/MMXU1.VAr.phsA.rangeC.llLim.f: 0.0
14:23:47.316 [openiec61850-osi-server-7-thread-1] DEBUG com.beanit.openiec61850.ServerAssociation - sub BDA is:IEDBiogasCHP/MMXU1.VAr.phsA.rangeC.min.i: 0
14:23:47.316 [openiec61850-osi-server-7-thread-1] DEBUG com.beanit.openiec61850.ServerAssociation - sub BDA is:IEDBiogasCHP/MMXU1.VAr.phsA.rangeC.min.f: 0.0
14:23:47.316 [openiec61850-osi-server-7-thread-1] DEBUG com.beanit.openiec61850.ServerAssociation - sub BDA is:IEDBiogasCHP/MMXU1.VAr.phsA.rangeC.max.i: 0
14:23:47.316 [openiec61850-osi-server-7-thread-1] DEBUG com.beanit.openiec61850.ServerAssociation - sub BDA is:IEDBiogasCHP/MMXU1.VAr.phsA.rangeC.max.f: 0.0
14:23:47.316 [openiec61850-osi-server-7-thread-1] DEBUG com.beanit.openiec61850.ServerAssociation - sub BDA is:IEDBiogasCHP/MMXU1.VAr.phsA.magSVC.scaleFactor: 0.0
14:23:47.316 [openiec61850-osi-server-7-thread-1] DEBUG com.beanit.openiec61850.ServerAssociation - sub BDA is:IEDBiogasCHP/MMXU1.VAr.phsA.magSVC.offset: 0.0
14:23:47.316 [openiec61850-osi-server-7-thread-1] DEBUG com.beanit.openiec61850.ServerAssociation - sub BDA is:IEDBiogasCHP/MMXU1.VAr.phsA.angSVC.scaleFactor: 0.0
14:23:47.316 [openiec61850-osi-server-7-thread-1] DEBUG com.beanit.openiec61850.ServerAssociation - sub BDA is:IEDBiogasCHP/MMXU1.VAr.phsA.angSVC.offset: 0.0
14:23:47.316 [openiec61850-osi-server-7-thread-1] DEBUG com.beanit.openiec61850.ServerAssociation - sub BDA is:IEDBiogasCHP/MMXU1.VAr.phsA.angRef: 0
14:23:47.316 [openiec61850-osi-server-7-thread-1] DEBUG com.beanit.openiec61850.ServerAssociation - sub BDA is:IEDBiogasCHP/MMXU1.VAr.phsA.smpRate: 0
14:23:47.316 [openiec61850-osi-server-7-thread-1] DEBUG com.beanit.openiec61850.ServerAssociation - sub BDA is:IEDBiogasCHP/MMXU1.VAr.phsB.units.SIUnit: 0
14:23:47.316 [openiec61850-osi-server-7-thread-1] DEBUG com.beanit.openiec61850.ServerAssociation - sub BDA is:IEDBiogasCHP/MMXU1.VAr.phsB.units.multiplier: 0
14:23:47.316 [openiec61850-osi-server-7-thread-1] DEBUG com.beanit.openiec61850.ServerAssociation - sub BDA is:IEDBiogasCHP/MMXU1.VAr.phsB.db: 0
14:23:47.316 [openiec61850-osi-server-7-thread-1] DEBUG com.beanit.openiec61850.ServerAssociation - sub BDA is:IEDBiogasCHP/MMXU1.VAr.phsB.zeroDb: 0
14:23:47.316 [openiec61850-osi-server-7-thread-1] DEBUG com.beanit.openiec61850.ServerAssociation - sub BDA is:IEDBiogasCHP/MMXU1.VAr.phsB.rangeC.hhLim.i: 0
14:23:47.316 [openiec61850-osi-server-7-thread-1] DEBUG com.beanit.openiec61850.ServerAssociation - sub BDA is:IEDBiogasCHP/MMXU1.VAr.phsB.rangeC.hhLim.f: 0.0
14:23:47.316 [openiec61850-osi-server-7-thread-1] DEBUG com.beanit.openiec61850.ServerAssociation - sub BDA is:IEDBiogasCHP/MMXU1.VAr.phsB.rangeC.hLim.i: 0
14:23:47.316 [openiec61850-osi-server-7-thread-1] DEBUG com.beanit.openiec61850.ServerAssociation - sub BDA is:IEDBiogasCHP/MMXU1.VAr.phsB.rangeC.hLim.f: 0.0
14:23:47.316 [openiec61850-osi-server-7-thread-1] DEBUG com.beanit.openiec61850.ServerAssociation - sub BDA is:IEDBiogasCHP/MMXU1.VAr.phsB.rangeC.lLim.i: 0
14:23:47.316 [openiec61850-osi-server-7-thread-1] DEBUG com.beanit.openiec61850.ServerAssociation - sub BDA is:IEDBiogasCHP/MMXU1.VAr.phsB.rangeC.lLim.f: 0.0
14:23:47.316 [openiec61850-osi-server-7-thread-1] DEBUG com.beanit.openiec61850.ServerAssociation - sub BDA is:IEDBiogasCHP/MMXU1.VAr.phsB.rangeC.llLim.i: 0
14:23:47.316 [openiec61850-osi-server-7-thread-1] DEBUG com.beanit.openiec61850.ServerAssociation - sub BDA is:IEDBiogasCHP/MMXU1.VAr.phsB.rangeC.llLim.f: 0.0
14:23:47.316 [openiec61850-osi-server-7-thread-1] DEBUG com.beanit.openiec61850.ServerAssociation - sub BDA is:IEDBiogasCHP/MMXU1.VAr.phsB.rangeC.min.i: 0
14:23:47.316 [openiec61850-osi-server-7-thread-1] DEBUG com.beanit.openiec61850.ServerAssociation - sub BDA is:IEDBiogasCHP/MMXU1.VAr.phsB.rangeC.min.f: 0.0
14:23:47.316 [openiec61850-osi-server-7-thread-1] DEBUG com.beanit.openiec61850.ServerAssociation - sub BDA is:IEDBiogasCHP/MMXU1.VAr.phsB.rangeC.max.i: 0
14:23:47.316 [openiec61850-osi-server-7-thread-1] DEBUG com.beanit.openiec61850.ServerAssociation - sub BDA is:IEDBiogasCHP/MMXU1.VAr.phsB.rangeC.max.f: 0.0
14:23:47.316 [openiec61850-osi-server-7-thread-1] DEBUG com.beanit.openiec61850.ServerAssociation - sub BDA is:IEDBiogasCHP/MMXU1.VAr.phsB.magSVC.scaleFactor: 0.0
14:23:47.316 [openiec61850-osi-server-7-thread-1] DEBUG com.beanit.openiec61850.ServerAssociation - sub BDA is:IEDBiogasCHP/MMXU1.VAr.phsB.magSVC.offset: 0.0
14:23:47.316 [openiec61850-osi-server-7-thread-1] DEBUG com.beanit.openiec61850.ServerAssociation - sub BDA is:IEDBiogasCHP/MMXU1.VAr.phsB.angSVC.scaleFactor: 0.0
14:23:47.316 [openiec61850-osi-server-7-thread-1] DEBUG com.beanit.openiec61850.ServerAssociation - sub BDA is:IEDBiogasCHP/MMXU1.VAr.phsB.angSVC.offset: 0.0
14:23:47.316 [openiec61850-osi-server-7-thread-1] DEBUG com.beanit.openiec61850.ServerAssociation - sub BDA is:IEDBiogasCHP/MMXU1.VAr.phsB.angRef: 0
14:23:47.316 [openiec61850-osi-server-7-thread-1] DEBUG com.beanit.openiec61850.ServerAssociation - sub BDA is:IEDBiogasCHP/MMXU1.VAr.phsB.smpRate: 0
14:23:47.316 [openiec61850-osi-server-7-thread-1] DEBUG com.beanit.openiec61850.ServerAssociation - sub BDA is:IEDBiogasCHP/MMXU1.VAr.phsC.units.SIUnit: 0
14:23:47.316 [openiec61850-osi-server-7-thread-1] DEBUG com.beanit.openiec61850.ServerAssociation - sub BDA is:IEDBiogasCHP/MMXU1.VAr.phsC.units.multiplier: 0
14:23:47.316 [openiec61850-osi-server-7-thread-1] DEBUG com.beanit.openiec61850.ServerAssociation - sub BDA is:IEDBiogasCHP/MMXU1.VAr.phsC.db: 0
14:23:47.316 [openiec61850-osi-server-7-thread-1] DEBUG com.beanit.openiec61850.ServerAssociation - sub BDA is:IEDBiogasCHP/MMXU1.VAr.phsC.zeroDb: 0
14:23:47.316 [openiec61850-osi-server-7-thread-1] DEBUG com.beanit.openiec61850.ServerAssociation - sub BDA is:IEDBiogasCHP/MMXU1.VAr.phsC.rangeC.hhLim.i: 0
14:23:47.316 [openiec61850-osi-server-7-thread-1] DEBUG com.beanit.openiec61850.ServerAssociation - sub BDA is:IEDBiogasCHP/MMXU1.VAr.phsC.rangeC.hhLim.f: 0.0
14:23:47.316 [openiec61850-osi-server-7-thread-1] DEBUG com.beanit.openiec61850.ServerAssociation - sub BDA is:IEDBiogasCHP/MMXU1.VAr.phsC.rangeC.hLim.i: 0
14:23:47.316 [openiec61850-osi-server-7-thread-1] DEBUG com.beanit.openiec61850.ServerAssociation - sub BDA is:IEDBiogasCHP/MMXU1.VAr.phsC.rangeC.hLim.f: 0.0
14:23:47.316 [openiec61850-osi-server-7-thread-1] DEBUG com.beanit.openiec61850.ServerAssociation - sub BDA is:IEDBiogasCHP/MMXU1.VAr.phsC.rangeC.lLim.i: 0
14:23:47.316 [openiec61850-osi-server-7-thread-1] DEBUG com.beanit.openiec61850.ServerAssociation - sub BDA is:IEDBiogasCHP/MMXU1.VAr.phsC.rangeC.lLim.f: 0.0
14:23:47.316 [openiec61850-osi-server-7-thread-1] DEBUG com.beanit.openiec61850.ServerAssociation - sub BDA is:IEDBiogasCHP/MMXU1.VAr.phsC.rangeC.llLim.i: 0
14:23:47.316 [openiec61850-osi-server-7-thread-1] DEBUG com.beanit.openiec61850.ServerAssociation - sub BDA is:IEDBiogasCHP/MMXU1.VAr.phsC.rangeC.llLim.f: 0.0
14:23:47.316 [openiec61850-osi-server-7-thread-1] DEBUG com.beanit.openiec61850.ServerAssociation - sub BDA is:IEDBiogasCHP/MMXU1.VAr.phsC.rangeC.min.i: 0
14:23:47.316 [openiec61850-osi-server-7-thread-1] DEBUG com.beanit.openiec61850.ServerAssociation - sub BDA is:IEDBiogasCHP/MMXU1.VAr.phsC.rangeC.min.f: 0.0
14:23:47.316 [openiec61850-osi-server-7-thread-1] DEBUG com.beanit.openiec61850.ServerAssociation - sub BDA is:IEDBiogasCHP/MMXU1.VAr.phsC.rangeC.max.i: 0
14:23:47.316 [openiec61850-osi-server-7-thread-1] DEBUG com.beanit.openiec61850.ServerAssociation - sub BDA is:IEDBiogasCHP/MMXU1.VAr.phsC.rangeC.max.f: 0.0
14:23:47.316 [openiec61850-osi-server-7-thread-1] DEBUG com.beanit.openiec61850.ServerAssociation - sub BDA is:IEDBiogasCHP/MMXU1.VAr.phsC.magSVC.scaleFactor: 0.0
14:23:47.316 [openiec61850-osi-server-7-thread-1] DEBUG com.beanit.openiec61850.ServerAssociation - sub BDA is:IEDBiogasCHP/MMXU1.VAr.phsC.magSVC.offset: 0.0
14:23:47.316 [openiec61850-osi-server-7-thread-1] DEBUG com.beanit.openiec61850.ServerAssociation - sub BDA is:IEDBiogasCHP/MMXU1.VAr.phsC.angSVC.scaleFactor: 0.0
14:23:47.316 [openiec61850-osi-server-7-thread-1] DEBUG com.beanit.openiec61850.ServerAssociation - sub BDA is:IEDBiogasCHP/MMXU1.VAr.phsC.angSVC.offset: 0.0
14:23:47.316 [openiec61850-osi-server-7-thread-1] DEBUG com.beanit.openiec61850.ServerAssociation - sub BDA is:IEDBiogasCHP/MMXU1.VAr.phsC.angRef: 0
14:23:47.316 [openiec61850-osi-server-7-thread-1] DEBUG com.beanit.openiec61850.ServerAssociation - sub BDA is:IEDBiogasCHP/MMXU1.VAr.phsC.smpRate: 0
14:23:47.316 [openiec61850-osi-server-7-thread-1] DEBUG com.beanit.openiec61850.ServerAssociation - sub BDA is:IEDBiogasCHP/MMXU1.VAr.neut.units.SIUnit: 0
14:23:47.316 [openiec61850-osi-server-7-thread-1] DEBUG com.beanit.openiec61850.ServerAssociation - sub BDA is:IEDBiogasCHP/MMXU1.VAr.neut.units.multiplier: 0
14:23:47.316 [openiec61850-osi-server-7-thread-1] DEBUG com.beanit.openiec61850.ServerAssociation - sub BDA is:IEDBiogasCHP/MMXU1.VAr.neut.db: 0
14:23:47.316 [openiec61850-osi-server-7-thread-1] DEBUG com.beanit.openiec61850.ServerAssociation - sub BDA is:IEDBiogasCHP/MMXU1.VAr.neut.zeroDb: 0
14:23:47.316 [openiec61850-osi-server-7-thread-1] DEBUG com.beanit.openiec61850.ServerAssociation - sub BDA is:IEDBiogasCHP/MMXU1.VAr.neut.rangeC.hhLim.i: 0
14:23:47.316 [openiec61850-osi-server-7-thread-1] DEBUG com.beanit.openiec61850.ServerAssociation - sub BDA is:IEDBiogasCHP/MMXU1.VAr.neut.rangeC.hhLim.f: 0.0
14:23:47.316 [openiec61850-osi-server-7-thread-1] DEBUG com.beanit.openiec61850.ServerAssociation - sub BDA is:IEDBiogasCHP/MMXU1.VAr.neut.rangeC.hLim.i: 0
14:23:47.316 [openiec61850-osi-server-7-thread-1] DEBUG com.beanit.openiec61850.ServerAssociation - sub BDA is:IEDBiogasCHP/MMXU1.VAr.neut.rangeC.hLim.f: 0.0
14:23:47.316 [openiec61850-osi-server-7-thread-1] DEBUG com.beanit.openiec61850.ServerAssociation - sub BDA is:IEDBiogasCHP/MMXU1.VAr.neut.rangeC.lLim.i: 0
14:23:47.316 [openiec61850-osi-server-7-thread-1] DEBUG com.beanit.openiec61850.ServerAssociation - sub BDA is:IEDBiogasCHP/MMXU1.VAr.neut.rangeC.lLim.f: 0.0
14:23:47.316 [openiec61850-osi-server-7-thread-1] DEBUG com.beanit.openiec61850.ServerAssociation - sub BDA is:IEDBiogasCHP/MMXU1.VAr.neut.rangeC.llLim.i: 0
14:23:47.316 [openiec61850-osi-server-7-thread-1] DEBUG com.beanit.openiec61850.ServerAssociation - sub BDA is:IEDBiogasCHP/MMXU1.VAr.neut.rangeC.llLim.f: 0.0
14:23:47.316 [openiec61850-osi-server-7-thread-1] DEBUG com.beanit.openiec61850.ServerAssociation - sub BDA is:IEDBiogasCHP/MMXU1.VAr.neut.rangeC.min.i: 0
14:23:47.316 [openiec61850-osi-server-7-thread-1] DEBUG com.beanit.openiec61850.ServerAssociation - sub BDA is:IEDBiogasCHP/MMXU1.VAr.neut.rangeC.min.f: 0.0
14:23:47.316 [openiec61850-osi-server-7-thread-1] DEBUG com.beanit.openiec61850.ServerAssociation - sub BDA is:IEDBiogasCHP/MMXU1.VAr.neut.rangeC.max.i: 0
14:23:47.316 [openiec61850-osi-server-7-thread-1] DEBUG com.beanit.openiec61850.ServerAssociation - sub BDA is:IEDBiogasCHP/MMXU1.VAr.neut.rangeC.max.f: 0.0
14:23:47.316 [openiec61850-osi-server-7-thread-1] DEBUG com.beanit.openiec61850.ServerAssociation - sub BDA is:IEDBiogasCHP/MMXU1.VAr.neut.magSVC.scaleFactor: 0.0
14:23:47.316 [openiec61850-osi-server-7-thread-1] DEBUG com.beanit.openiec61850.ServerAssociation - sub BDA is:IEDBiogasCHP/MMXU1.VAr.neut.magSVC.offset: 0.0
14:23:47.316 [openiec61850-osi-server-7-thread-1] DEBUG com.beanit.openiec61850.ServerAssociation - sub BDA is:IEDBiogasCHP/MMXU1.VAr.neut.angSVC.scaleFactor: 0.0
14:23:47.316 [openiec61850-osi-server-7-thread-1] DEBUG com.beanit.openiec61850.ServerAssociation - sub BDA is:IEDBiogasCHP/MMXU1.VAr.neut.angSVC.offset: 0.0
14:23:47.316 [openiec61850-osi-server-7-thread-1] DEBUG com.beanit.openiec61850.ServerAssociation - sub BDA is:IEDBiogasCHP/MMXU1.VAr.neut.angRef: 0
14:23:47.316 [openiec61850-osi-server-7-thread-1] DEBUG com.beanit.openiec61850.ServerAssociation - sub BDA is:IEDBiogasCHP/MMXU1.VAr.neut.smpRate: 0
14:23:47.316 [openiec61850-osi-server-7-thread-1] DEBUG com.beanit.openiec61850.ServerAssociation - sub BDA is:IEDBiogasCHP/MMXU1.VAr.net.units.SIUnit: 0
14:23:47.316 [openiec61850-osi-server-7-thread-1] DEBUG com.beanit.openiec61850.ServerAssociation - sub BDA is:IEDBiogasCHP/MMXU1.VAr.net.units.multiplier: 0
14:23:47.316 [openiec61850-osi-server-7-thread-1] DEBUG com.beanit.openiec61850.ServerAssociation - sub BDA is:IEDBiogasCHP/MMXU1.VAr.net.db: 0
14:23:47.316 [openiec61850-osi-server-7-thread-1] DEBUG com.beanit.openiec61850.ServerAssociation - sub BDA is:IEDBiogasCHP/MMXU1.VAr.net.zeroDb: 0
14:23:47.316 [openiec61850-osi-server-7-thread-1] DEBUG com.beanit.openiec61850.ServerAssociation - sub BDA is:IEDBiogasCHP/MMXU1.VAr.net.rangeC.hhLim.i: 0
14:23:47.316 [openiec61850-osi-server-7-thread-1] DEBUG com.beanit.openiec61850.ServerAssociation - sub BDA is:IEDBiogasCHP/MMXU1.VAr.net.rangeC.hhLim.f: 0.0
14:23:47.316 [openiec61850-osi-server-7-thread-1] DEBUG com.beanit.openiec61850.ServerAssociation - sub BDA is:IEDBiogasCHP/MMXU1.VAr.net.rangeC.hLim.i: 0
14:23:47.316 [openiec61850-osi-server-7-thread-1] DEBUG com.beanit.openiec61850.ServerAssociation - sub BDA is:IEDBiogasCHP/MMXU1.VAr.net.rangeC.hLim.f: 0.0
14:23:47.316 [openiec61850-osi-server-7-thread-1] DEBUG com.beanit.openiec61850.ServerAssociation - sub BDA is:IEDBiogasCHP/MMXU1.VAr.net.rangeC.lLim.i: 0
14:23:47.316 [openiec61850-osi-server-7-thread-1] DEBUG com.beanit.openiec61850.ServerAssociation - sub BDA is:IEDBiogasCHP/MMXU1.VAr.net.rangeC.lLim.f: 0.0
14:23:47.316 [openiec61850-osi-server-7-thread-1] DEBUG com.beanit.openiec61850.ServerAssociation - sub BDA is:IEDBiogasCHP/MMXU1.VAr.net.rangeC.llLim.i: 0
14:23:47.316 [openiec61850-osi-server-7-thread-1] DEBUG com.beanit.openiec61850.ServerAssociation - sub BDA is:IEDBiogasCHP/MMXU1.VAr.net.rangeC.llLim.f: 0.0
14:23:47.316 [openiec61850-osi-server-7-thread-1] DEBUG com.beanit.openiec61850.ServerAssociation - sub BDA is:IEDBiogasCHP/MMXU1.VAr.net.rangeC.min.i: 0
14:23:47.316 [openiec61850-osi-server-7-thread-1] DEBUG com.beanit.openiec61850.ServerAssociation - sub BDA is:IEDBiogasCHP/MMXU1.VAr.net.rangeC.min.f: 0.0
14:23:47.316 [openiec61850-osi-server-7-thread-1] DEBUG com.beanit.openiec61850.ServerAssociation - sub BDA is:IEDBiogasCHP/MMXU1.VAr.net.rangeC.max.i: 0
14:23:47.316 [openiec61850-osi-server-7-thread-1] DEBUG com.beanit.openiec61850.ServerAssociation - sub BDA is:IEDBiogasCHP/MMXU1.VAr.net.rangeC.max.f: 0.0
14:23:47.316 [openiec61850-osi-server-7-thread-1] DEBUG com.beanit.openiec61850.ServerAssociation - sub BDA is:IEDBiogasCHP/MMXU1.VAr.net.magSVC.scaleFactor: 0.0
14:23:47.316 [openiec61850-osi-server-7-thread-1] DEBUG com.beanit.openiec61850.ServerAssociation - sub BDA is:IEDBiogasCHP/MMXU1.VAr.net.magSVC.offset: 0.0
14:23:47.316 [openiec61850-osi-server-7-thread-1] DEBUG com.beanit.openiec61850.ServerAssociation - sub BDA is:IEDBiogasCHP/MMXU1.VAr.net.angSVC.scaleFactor: 0.0
14:23:47.316 [openiec61850-osi-server-7-thread-1] DEBUG com.beanit.openiec61850.ServerAssociation - sub BDA is:IEDBiogasCHP/MMXU1.VAr.net.angSVC.offset: 0.0
14:23:47.316 [openiec61850-osi-server-7-thread-1] DEBUG com.beanit.openiec61850.ServerAssociation - sub BDA is:IEDBiogasCHP/MMXU1.VAr.net.angRef: 0
14:23:47.316 [openiec61850-osi-server-7-thread-1] DEBUG com.beanit.openiec61850.ServerAssociation - sub BDA is:IEDBiogasCHP/MMXU1.VAr.net.smpRate: 0
14:23:47.316 [openiec61850-osi-server-7-thread-1] DEBUG com.beanit.openiec61850.ServerAssociation - sub BDA is:IEDBiogasCHP/MMXU1.VAr.res.units.SIUnit: 0
14:23:47.316 [openiec61850-osi-server-7-thread-1] DEBUG com.beanit.openiec61850.ServerAssociation - sub BDA is:IEDBiogasCHP/MMXU1.VAr.res.units.multiplier: 0
14:23:47.316 [openiec61850-osi-server-7-thread-1] DEBUG com.beanit.openiec61850.ServerAssociation - sub BDA is:IEDBiogasCHP/MMXU1.VAr.res.db: 0
14:23:47.316 [openiec61850-osi-server-7-thread-1] DEBUG com.beanit.openiec61850.ServerAssociation - sub BDA is:IEDBiogasCHP/MMXU1.VAr.res.zeroDb: 0
14:23:47.316 [openiec61850-osi-server-7-thread-1] DEBUG com.beanit.openiec61850.ServerAssociation - sub BDA is:IEDBiogasCHP/MMXU1.VAr.res.rangeC.hhLim.i: 0
14:23:47.316 [openiec61850-osi-server-7-thread-1] DEBUG com.beanit.openiec61850.ServerAssociation - sub BDA is:IEDBiogasCHP/MMXU1.VAr.res.rangeC.hhLim.f: 0.0
14:23:47.316 [openiec61850-osi-server-7-thread-1] DEBUG com.beanit.openiec61850.ServerAssociation - sub BDA is:IEDBiogasCHP/MMXU1.VAr.res.rangeC.hLim.i: 0
14:23:47.316 [openiec61850-osi-server-7-thread-1] DEBUG com.beanit.openiec61850.ServerAssociation - sub BDA is:IEDBiogasCHP/MMXU1.VAr.res.rangeC.hLim.f: 0.0
14:23:47.316 [openiec61850-osi-server-7-thread-1] DEBUG com.beanit.openiec61850.ServerAssociation - sub BDA is:IEDBiogasCHP/MMXU1.VAr.res.rangeC.lLim.i: 0
14:23:47.316 [openiec61850-osi-server-7-thread-1] DEBUG com.beanit.openiec61850.ServerAssociation - sub BDA is:IEDBiogasCHP/MMXU1.VAr.res.rangeC.lLim.f: 0.0
14:23:47.316 [openiec61850-osi-server-7-thread-1] DEBUG com.beanit.openiec61850.ServerAssociation - sub BDA is:IEDBiogasCHP/MMXU1.VAr.res.rangeC.llLim.i: 0
14:23:47.316 [openiec61850-osi-server-7-thread-1] DEBUG com.beanit.openiec61850.ServerAssociation - sub BDA is:IEDBiogasCHP/MMXU1.VAr.res.rangeC.llLim.f: 0.0
14:23:47.316 [openiec61850-osi-server-7-thread-1] DEBUG com.beanit.openiec61850.ServerAssociation - sub BDA is:IEDBiogasCHP/MMXU1.VAr.res.rangeC.min.i: 0
14:23:47.316 [openiec61850-osi-server-7-thread-1] DEBUG com.beanit.openiec61850.ServerAssociation - sub BDA is:IEDBiogasCHP/MMXU1.VAr.res.rangeC.min.f: 0.0
14:23:47.316 [openiec61850-osi-server-7-thread-1] DEBUG com.beanit.openiec61850.ServerAssociation - sub BDA is:IEDBiogasCHP/MMXU1.VAr.res.rangeC.max.i: 0
14:23:47.316 [openiec61850-osi-server-7-thread-1] DEBUG com.beanit.openiec61850.ServerAssociation - sub BDA is:IEDBiogasCHP/MMXU1.VAr.res.rangeC.max.f: 0.0
14:23:47.316 [openiec61850-osi-server-7-thread-1] DEBUG com.beanit.openiec61850.ServerAssociation - sub BDA is:IEDBiogasCHP/MMXU1.VAr.res.magSVC.scaleFactor: 0.0
14:23:47.316 [openiec61850-osi-server-7-thread-1] DEBUG com.beanit.openiec61850.ServerAssociation - sub BDA is:IEDBiogasCHP/MMXU1.VAr.res.magSVC.offset: 0.0
14:23:47.316 [openiec61850-osi-server-7-thread-1] DEBUG com.beanit.openiec61850.ServerAssociation - sub BDA is:IEDBiogasCHP/MMXU1.VAr.res.angSVC.scaleFactor: 0.0
14:23:47.316 [openiec61850-osi-server-7-thread-1] DEBUG com.beanit.openiec61850.ServerAssociation - sub BDA is:IEDBiogasCHP/MMXU1.VAr.res.angSVC.offset: 0.0
14:23:47.316 [openiec61850-osi-server-7-thread-1] DEBUG com.beanit.openiec61850.ServerAssociation - sub BDA is:IEDBiogasCHP/MMXU1.VAr.res.angRef: 0
14:23:47.316 [openiec61850-osi-server-7-thread-1] DEBUG com.beanit.openiec61850.ServerAssociation - sub BDA is:IEDBiogasCHP/MMXU1.VAr.res.smpRate: 0
calling GetDataValues(IEDBiogasCHP/MMXU1.VAr.angRef)
14:23:47.317 [openiec61850-osi-server-7-thread-1] DEBUG com.beanit.openiec61850.ServerAssociation - Got a GetDataValues request for node: IEDBiogasCHP/MMXU1.VAr.angRef: 0
calling GetDataValues(IEDBiogasCHP/MMXU1.VAr.phsA)
14:23:47.317 [openiec61850-osi-server-7-thread-1] DEBUG com.beanit.openiec61850.ServerAssociation - Got a GetDataValues request for node: IEDBiogasCHP/MMXU1.VAr.phsA [CF]
IEDBiogasCHP/MMXU1.VAr.phsA.units [CF]
IEDBiogasCHP/MMXU1.VAr.phsA.units.SIUnit: 0
IEDBiogasCHP/MMXU1.VAr.phsA.units.multiplier: 0
IEDBiogasCHP/MMXU1.VAr.phsA.db: 0
IEDBiogasCHP/MMXU1.VAr.phsA.zeroDb: 0
IEDBiogasCHP/MMXU1.VAr.phsA.rangeC [CF]
IEDBiogasCHP/MMXU1.VAr.phsA.rangeC.hhLim [CF]
IEDBiogasCHP/MMXU1.VAr.phsA.rangeC.hhLim.i: 0
IEDBiogasCHP/MMXU1.VAr.phsA.rangeC.hhLim.f: 0.0
IEDBiogasCHP/MMXU1.VAr.phsA.rangeC.hLim [CF]
IEDBiogasCHP/MMXU1.VAr.phsA.rangeC.hLim.i: 0
IEDBiogasCHP/MMXU1.VAr.phsA.rangeC.hLim.f: 0.0
IEDBiogasCHP/MMXU1.VAr.phsA.rangeC.lLim [CF]
IEDBiogasCHP/MMXU1.VAr.phsA.rangeC.lLim.i: 0
IEDBiogasCHP/MMXU1.VAr.phsA.rangeC.lLim.f: 0.0
IEDBiogasCHP/MMXU1.VAr.phsA.rangeC.llLim [CF]
IEDBiogasCHP/MMXU1.VAr.phsA.rangeC.llLim.i: 0
IEDBiogasCHP/MMXU1.VAr.phsA.rangeC.llLim.f: 0.0
IEDBiogasCHP/MMXU1.VAr.phsA.rangeC.min [CF]
IEDBiogasCHP/MMXU1.VAr.phsA.rangeC.min.i: 0
IEDBiogasCHP/MMXU1.VAr.phsA.rangeC.min.f: 0.0
IEDBiogasCHP/MMXU1.VAr.phsA.rangeC.max [CF]
IEDBiogasCHP/MMXU1.VAr.phsA.rangeC.max.i: 0
IEDBiogasCHP/MMXU1.VAr.phsA.rangeC.max.f: 0.0
IEDBiogasCHP/MMXU1.VAr.phsA.magSVC [CF]
IEDBiogasCHP/MMXU1.VAr.phsA.magSVC.scaleFactor: 0.0
IEDBiogasCHP/MMXU1.VAr.phsA.magSVC.offset: 0.0
IEDBiogasCHP/MMXU1.VAr.phsA.angSVC [CF]
IEDBiogasCHP/MMXU1.VAr.phsA.angSVC.scaleFactor: 0.0
IEDBiogasCHP/MMXU1.VAr.phsA.angSVC.offset: 0.0
IEDBiogasCHP/MMXU1.VAr.phsA.angRef: 0
IEDBiogasCHP/MMXU1.VAr.phsA.smpRate: 0
14:23:47.317 [openiec61850-osi-server-7-thread-1] DEBUG com.beanit.openiec61850.ServerAssociation - sub BDA is:IEDBiogasCHP/MMXU1.VAr.phsA.units.SIUnit: 0
14:23:47.317 [openiec61850-osi-server-7-thread-1] DEBUG com.beanit.openiec61850.ServerAssociation - sub BDA is:IEDBiogasCHP/MMXU1.VAr.phsA.units.multiplier: 0
14:23:47.317 [openiec61850-osi-server-7-thread-1] DEBUG com.beanit.openiec61850.ServerAssociation - sub BDA is:IEDBiogasCHP/MMXU1.VAr.phsA.db: 0
14:23:47.317 [openiec61850-osi-server-7-thread-1] DEBUG com.beanit.openiec61850.ServerAssociation - sub BDA is:IEDBiogasCHP/MMXU1.VAr.phsA.zeroDb: 0
14:23:47.317 [openiec61850-osi-server-7-thread-1] DEBUG com.beanit.openiec61850.ServerAssociation - sub BDA is:IEDBiogasCHP/MMXU1.VAr.phsA.rangeC.hhLim.i: 0
14:23:47.317 [openiec61850-osi-server-7-thread-1] DEBUG com.beanit.openiec61850.ServerAssociation - sub BDA is:IEDBiogasCHP/MMXU1.VAr.phsA.rangeC.hhLim.f: 0.0
14:23:47.317 [openiec61850-osi-server-7-thread-1] DEBUG com.beanit.openiec61850.ServerAssociation - sub BDA is:IEDBiogasCHP/MMXU1.VAr.phsA.rangeC.hLim.i: 0
14:23:47.317 [openiec61850-osi-server-7-thread-1] DEBUG com.beanit.openiec61850.ServerAssociation - sub BDA is:IEDBiogasCHP/MMXU1.VAr.phsA.rangeC.hLim.f: 0.0
14:23:47.317 [openiec61850-osi-server-7-thread-1] DEBUG com.beanit.openiec61850.ServerAssociation - sub BDA is:IEDBiogasCHP/MMXU1.VAr.phsA.rangeC.lLim.i: 0
14:23:47.317 [openiec61850-osi-server-7-thread-1] DEBUG com.beanit.openiec61850.ServerAssociation - sub BDA is:IEDBiogasCHP/MMXU1.VAr.phsA.rangeC.lLim.f: 0.0
14:23:47.317 [openiec61850-osi-server-7-thread-1] DEBUG com.beanit.openiec61850.ServerAssociation - sub BDA is:IEDBiogasCHP/MMXU1.VAr.phsA.rangeC.llLim.i: 0
14:23:47.317 [openiec61850-osi-server-7-thread-1] DEBUG com.beanit.openiec61850.ServerAssociation - sub BDA is:IEDBiogasCHP/MMXU1.VAr.phsA.rangeC.llLim.f: 0.0
14:23:47.317 [openiec61850-osi-server-7-thread-1] DEBUG com.beanit.openiec61850.ServerAssociation - sub BDA is:IEDBiogasCHP/MMXU1.VAr.phsA.rangeC.min.i: 0
14:23:47.317 [openiec61850-osi-server-7-thread-1] DEBUG com.beanit.openiec61850.ServerAssociation - sub BDA is:IEDBiogasCHP/MMXU1.VAr.phsA.rangeC.min.f: 0.0
14:23:47.317 [openiec61850-osi-server-7-thread-1] DEBUG com.beanit.openiec61850.ServerAssociation - sub BDA is:IEDBiogasCHP/MMXU1.VAr.phsA.rangeC.max.i: 0
14:23:47.317 [openiec61850-osi-server-7-thread-1] DEBUG com.beanit.openiec61850.ServerAssociation - sub BDA is:IEDBiogasCHP/MMXU1.VAr.phsA.rangeC.max.f: 0.0
14:23:47.317 [openiec61850-osi-server-7-thread-1] DEBUG com.beanit.openiec61850.ServerAssociation - sub BDA is:IEDBiogasCHP/MMXU1.VAr.phsA.magSVC.scaleFactor: 0.0
14:23:47.317 [openiec61850-osi-server-7-thread-1] DEBUG com.beanit.openiec61850.ServerAssociation - sub BDA is:IEDBiogasCHP/MMXU1.VAr.phsA.magSVC.offset: 0.0
14:23:47.317 [openiec61850-osi-server-7-thread-1] DEBUG com.beanit.openiec61850.ServerAssociation - sub BDA is:IEDBiogasCHP/MMXU1.VAr.phsA.angSVC.scaleFactor: 0.0
14:23:47.317 [openiec61850-osi-server-7-thread-1] DEBUG com.beanit.openiec61850.ServerAssociation - sub BDA is:IEDBiogasCHP/MMXU1.VAr.phsA.angSVC.offset: 0.0
14:23:47.317 [openiec61850-osi-server-7-thread-1] DEBUG com.beanit.openiec61850.ServerAssociation - sub BDA is:IEDBiogasCHP/MMXU1.VAr.phsA.angRef: 0
14:23:47.317 [openiec61850-osi-server-7-thread-1] DEBUG com.beanit.openiec61850.ServerAssociation - sub BDA is:IEDBiogasCHP/MMXU1.VAr.phsA.smpRate: 0
calling GetDataValues(IEDBiogasCHP/MMXU1.VAr.phsA.units)
14:23:47.317 [openiec61850-osi-server-7-thread-1] DEBUG com.beanit.openiec61850.ServerAssociation - Got a GetDataValues request for node: IEDBiogasCHP/MMXU1.VAr.phsA.units [CF]
IEDBiogasCHP/MMXU1.VAr.phsA.units.SIUnit: 0
IEDBiogasCHP/MMXU1.VAr.phsA.units.multiplier: 0
14:23:47.317 [openiec61850-osi-server-7-thread-1] DEBUG com.beanit.openiec61850.ServerAssociation - sub BDA is:IEDBiogasCHP/MMXU1.VAr.phsA.units.SIUnit: 0
14:23:47.317 [openiec61850-osi-server-7-thread-1] DEBUG com.beanit.openiec61850.ServerAssociation - sub BDA is:IEDBiogasCHP/MMXU1.VAr.phsA.units.multiplier: 0
calling GetDataValues(IEDBiogasCHP/MMXU1.VAr.phsA.units.SIUnit)
14:23:47.317 [openiec61850-osi-server-7-thread-1] DEBUG com.beanit.openiec61850.ServerAssociation - Got a GetDataValues request for node: IEDBiogasCHP/MMXU1.VAr.phsA.units.SIUnit: 0
calling GetDataValues(IEDBiogasCHP/MMXU1.VAr.phsA.units.multiplier)
14:23:47.317 [openiec61850-osi-server-7-thread-1] DEBUG com.beanit.openiec61850.ServerAssociation - Got a GetDataValues request for node: IEDBiogasCHP/MMXU1.VAr.phsA.units.multiplier: 0
calling GetDataValues(IEDBiogasCHP/MMXU1.VAr.phsA.db)
14:23:47.317 [openiec61850-osi-server-7-thread-1] DEBUG com.beanit.openiec61850.ServerAssociation - Got a GetDataValues request for node: IEDBiogasCHP/MMXU1.VAr.phsA.db: 0
calling GetDataValues(IEDBiogasCHP/MMXU1.VAr.phsA.zeroDb)
14:23:47.317 [openiec61850-osi-server-7-thread-1] DEBUG com.beanit.openiec61850.ServerAssociation - Got a GetDataValues request for node: IEDBiogasCHP/MMXU1.VAr.phsA.zeroDb: 0
calling GetDataValues(IEDBiogasCHP/MMXU1.VAr.phsA.rangeC)
14:23:47.318 [openiec61850-osi-server-7-thread-1] DEBUG com.beanit.openiec61850.ServerAssociation - Got a GetDataValues request for node: IEDBiogasCHP/MMXU1.VAr.phsA.rangeC [CF]
IEDBiogasCHP/MMXU1.VAr.phsA.rangeC.hhLim [CF]
IEDBiogasCHP/MMXU1.VAr.phsA.rangeC.hhLim.i: 0
IEDBiogasCHP/MMXU1.VAr.phsA.rangeC.hhLim.f: 0.0
IEDBiogasCHP/MMXU1.VAr.phsA.rangeC.hLim [CF]
IEDBiogasCHP/MMXU1.VAr.phsA.rangeC.hLim.i: 0
IEDBiogasCHP/MMXU1.VAr.phsA.rangeC.hLim.f: 0.0
IEDBiogasCHP/MMXU1.VAr.phsA.rangeC.lLim [CF]
IEDBiogasCHP/MMXU1.VAr.phsA.rangeC.lLim.i: 0
IEDBiogasCHP/MMXU1.VAr.phsA.rangeC.lLim.f: 0.0
IEDBiogasCHP/MMXU1.VAr.phsA.rangeC.llLim [CF]
IEDBiogasCHP/MMXU1.VAr.phsA.rangeC.llLim.i: 0
IEDBiogasCHP/MMXU1.VAr.phsA.rangeC.llLim.f: 0.0
IEDBiogasCHP/MMXU1.VAr.phsA.rangeC.min [CF]
IEDBiogasCHP/MMXU1.VAr.phsA.rangeC.min.i: 0
IEDBiogasCHP/MMXU1.VAr.phsA.rangeC.min.f: 0.0
IEDBiogasCHP/MMXU1.VAr.phsA.rangeC.max [CF]
IEDBiogasCHP/MMXU1.VAr.phsA.rangeC.max.i: 0
IEDBiogasCHP/MMXU1.VAr.phsA.rangeC.max.f: 0.0
14:23:47.318 [openiec61850-osi-server-7-thread-1] DEBUG com.beanit.openiec61850.ServerAssociation - sub BDA is:IEDBiogasCHP/MMXU1.VAr.phsA.rangeC.hhLim.i: 0
14:23:47.318 [openiec61850-osi-server-7-thread-1] DEBUG com.beanit.openiec61850.ServerAssociation - sub BDA is:IEDBiogasCHP/MMXU1.VAr.phsA.rangeC.hhLim.f: 0.0
14:23:47.318 [openiec61850-osi-server-7-thread-1] DEBUG com.beanit.openiec61850.ServerAssociation - sub BDA is:IEDBiogasCHP/MMXU1.VAr.phsA.rangeC.hLim.i: 0
14:23:47.318 [openiec61850-osi-server-7-thread-1] DEBUG com.beanit.openiec61850.ServerAssociation - sub BDA is:IEDBiogasCHP/MMXU1.VAr.phsA.rangeC.hLim.f: 0.0
14:23:47.318 [openiec61850-osi-server-7-thread-1] DEBUG com.beanit.openiec61850.ServerAssociation - sub BDA is:IEDBiogasCHP/MMXU1.VAr.phsA.rangeC.lLim.i: 0
14:23:47.318 [openiec61850-osi-server-7-thread-1] DEBUG com.beanit.openiec61850.ServerAssociation - sub BDA is:IEDBiogasCHP/MMXU1.VAr.phsA.rangeC.lLim.f: 0.0
14:23:47.318 [openiec61850-osi-server-7-thread-1] DEBUG com.beanit.openiec61850.ServerAssociation - sub BDA is:IEDBiogasCHP/MMXU1.VAr.phsA.rangeC.llLim.i: 0
14:23:47.318 [openiec61850-osi-server-7-thread-1] DEBUG com.beanit.openiec61850.ServerAssociation - sub BDA is:IEDBiogasCHP/MMXU1.VAr.phsA.rangeC.llLim.f: 0.0
14:23:47.318 [openiec61850-osi-server-7-thread-1] DEBUG com.beanit.openiec61850.ServerAssociation - sub BDA is:IEDBiogasCHP/MMXU1.VAr.phsA.rangeC.min.i: 0
14:23:47.318 [openiec61850-osi-server-7-thread-1] DEBUG com.beanit.openiec61850.ServerAssociation - sub BDA is:IEDBiogasCHP/MMXU1.VAr.phsA.rangeC.min.f: 0.0
14:23:47.318 [openiec61850-osi-server-7-thread-1] DEBUG com.beanit.openiec61850.ServerAssociation - sub BDA is:IEDBiogasCHP/MMXU1.VAr.phsA.rangeC.max.i: 0
14:23:47.318 [openiec61850-osi-server-7-thread-1] DEBUG com.beanit.openiec61850.ServerAssociation - sub BDA is:IEDBiogasCHP/MMXU1.VAr.phsA.rangeC.max.f: 0.0
calling GetDataValues(IEDBiogasCHP/MMXU1.VAr.phsA.rangeC.hhLim)
14:23:47.318 [openiec61850-osi-server-7-thread-1] DEBUG com.beanit.openiec61850.ServerAssociation - Got a GetDataValues request for node: IEDBiogasCHP/MMXU1.VAr.phsA.rangeC.hhLim [CF]
IEDBiogasCHP/MMXU1.VAr.phsA.rangeC.hhLim.i: 0
IEDBiogasCHP/MMXU1.VAr.phsA.rangeC.hhLim.f: 0.0
14:23:47.318 [openiec61850-osi-server-7-thread-1] DEBUG com.beanit.openiec61850.ServerAssociation - sub BDA is:IEDBiogasCHP/MMXU1.VAr.phsA.rangeC.hhLim.i: 0
14:23:47.318 [openiec61850-osi-server-7-thread-1] DEBUG com.beanit.openiec61850.ServerAssociation - sub BDA is:IEDBiogasCHP/MMXU1.VAr.phsA.rangeC.hhLim.f: 0.0
calling GetDataValues(IEDBiogasCHP/MMXU1.VAr.phsA.rangeC.hhLim.i)
14:23:47.318 [openiec61850-osi-server-7-thread-1] DEBUG com.beanit.openiec61850.ServerAssociation - Got a GetDataValues request for node: IEDBiogasCHP/MMXU1.VAr.phsA.rangeC.hhLim.i: 0
calling GetDataValues(IEDBiogasCHP/MMXU1.VAr.phsA.rangeC.hhLim.f)
14:23:47.318 [openiec61850-osi-server-7-thread-1] DEBUG com.beanit.openiec61850.ServerAssociation - Got a GetDataValues request for node: IEDBiogasCHP/MMXU1.VAr.phsA.rangeC.hhLim.f: 0.0
calling GetDataValues(IEDBiogasCHP/MMXU1.VAr.phsA.rangeC.hLim)
14:23:47.318 [openiec61850-osi-server-7-thread-1] DEBUG com.beanit.openiec61850.ServerAssociation - Got a GetDataValues request for node: IEDBiogasCHP/MMXU1.VAr.phsA.rangeC.hLim [CF]
IEDBiogasCHP/MMXU1.VAr.phsA.rangeC.hLim.i: 0
IEDBiogasCHP/MMXU1.VAr.phsA.rangeC.hLim.f: 0.0
14:23:47.318 [openiec61850-osi-server-7-thread-1] DEBUG com.beanit.openiec61850.ServerAssociation - sub BDA is:IEDBiogasCHP/MMXU1.VAr.phsA.rangeC.hLim.i: 0
14:23:47.318 [openiec61850-osi-server-7-thread-1] DEBUG com.beanit.openiec61850.ServerAssociation - sub BDA is:IEDBiogasCHP/MMXU1.VAr.phsA.rangeC.hLim.f: 0.0
calling GetDataValues(IEDBiogasCHP/MMXU1.VAr.phsA.rangeC.hLim.i)
14:23:47.318 [openiec61850-osi-server-7-thread-1] DEBUG com.beanit.openiec61850.ServerAssociation - Got a GetDataValues request for node: IEDBiogasCHP/MMXU1.VAr.phsA.rangeC.hLim.i: 0
calling GetDataValues(IEDBiogasCHP/MMXU1.VAr.phsA.rangeC.hLim.f)
14:23:47.319 [openiec61850-osi-server-7-thread-1] DEBUG com.beanit.openiec61850.ServerAssociation - Got a GetDataValues request for node: IEDBiogasCHP/MMXU1.VAr.phsA.rangeC.hLim.f: 0.0
calling GetDataValues(IEDBiogasCHP/MMXU1.VAr.phsA.rangeC.lLim)
14:23:47.319 [openiec61850-osi-server-7-thread-1] DEBUG com.beanit.openiec61850.ServerAssociation - Got a GetDataValues request for node: IEDBiogasCHP/MMXU1.VAr.phsA.rangeC.lLim [CF]
IEDBiogasCHP/MMXU1.VAr.phsA.rangeC.lLim.i: 0
IEDBiogasCHP/MMXU1.VAr.phsA.rangeC.lLim.f: 0.0
14:23:47.319 [openiec61850-osi-server-7-thread-1] DEBUG com.beanit.openiec61850.ServerAssociation - sub BDA is:IEDBiogasCHP/MMXU1.VAr.phsA.rangeC.lLim.i: 0
14:23:47.319 [openiec61850-osi-server-7-thread-1] DEBUG com.beanit.openiec61850.ServerAssociation - sub BDA is:IEDBiogasCHP/MMXU1.VAr.phsA.rangeC.lLim.f: 0.0
calling GetDataValues(IEDBiogasCHP/MMXU1.VAr.phsA.rangeC.lLim.i)
14:23:47.319 [openiec61850-osi-server-7-thread-1] DEBUG com.beanit.openiec61850.ServerAssociation - Got a GetDataValues request for node: IEDBiogasCHP/MMXU1.VAr.phsA.rangeC.lLim.i: 0
calling GetDataValues(IEDBiogasCHP/MMXU1.VAr.phsA.rangeC.lLim.f)
14:23:47.319 [openiec61850-osi-server-7-thread-1] DEBUG com.beanit.openiec61850.ServerAssociation - Got a GetDataValues request for node: IEDBiogasCHP/MMXU1.VAr.phsA.rangeC.lLim.f: 0.0
calling GetDataValues(IEDBiogasCHP/MMXU1.VAr.phsA.rangeC.llLim)
14:23:47.319 [openiec61850-osi-server-7-thread-1] DEBUG com.beanit.openiec61850.ServerAssociation - Got a GetDataValues request for node: IEDBiogasCHP/MMXU1.VAr.phsA.rangeC.llLim [CF]
IEDBiogasCHP/MMXU1.VAr.phsA.rangeC.llLim.i: 0
IEDBiogasCHP/MMXU1.VAr.phsA.rangeC.llLim.f: 0.0
14:23:47.319 [openiec61850-osi-server-7-thread-1] DEBUG com.beanit.openiec61850.ServerAssociation - sub BDA is:IEDBiogasCHP/MMXU1.VAr.phsA.rangeC.llLim.i: 0
14:23:47.319 [openiec61850-osi-server-7-thread-1] DEBUG com.beanit.openiec61850.ServerAssociation - sub BDA is:IEDBiogasCHP/MMXU1.VAr.phsA.rangeC.llLim.f: 0.0
calling GetDataValues(IEDBiogasCHP/MMXU1.VAr.phsA.rangeC.llLim.i)
14:23:47.319 [openiec61850-osi-server-7-thread-1] DEBUG com.beanit.openiec61850.ServerAssociation - Got a GetDataValues request for node: IEDBiogasCHP/MMXU1.VAr.phsA.rangeC.llLim.i: 0
calling GetDataValues(IEDBiogasCHP/MMXU1.VAr.phsA.rangeC.llLim.f)
14:23:47.319 [openiec61850-osi-server-7-thread-1] DEBUG com.beanit.openiec61850.ServerAssociation - Got a GetDataValues request for node: IEDBiogasCHP/MMXU1.VAr.phsA.rangeC.llLim.f: 0.0
calling GetDataValues(IEDBiogasCHP/MMXU1.VAr.phsA.rangeC.min)
14:23:47.320 [openiec61850-osi-server-7-thread-1] DEBUG com.beanit.openiec61850.ServerAssociation - Got a GetDataValues request for node: IEDBiogasCHP/MMXU1.VAr.phsA.rangeC.min [CF]
IEDBiogasCHP/MMXU1.VAr.phsA.rangeC.min.i: 0
IEDBiogasCHP/MMXU1.VAr.phsA.rangeC.min.f: 0.0
14:23:47.320 [openiec61850-osi-server-7-thread-1] DEBUG com.beanit.openiec61850.ServerAssociation - sub BDA is:IEDBiogasCHP/MMXU1.VAr.phsA.rangeC.min.i: 0
14:23:47.320 [openiec61850-osi-server-7-thread-1] DEBUG com.beanit.openiec61850.ServerAssociation - sub BDA is:IEDBiogasCHP/MMXU1.VAr.phsA.rangeC.min.f: 0.0
calling GetDataValues(IEDBiogasCHP/MMXU1.VAr.phsA.rangeC.min.i)
14:23:47.320 [openiec61850-osi-server-7-thread-1] DEBUG com.beanit.openiec61850.ServerAssociation - Got a GetDataValues request for node: IEDBiogasCHP/MMXU1.VAr.phsA.rangeC.min.i: 0
calling GetDataValues(IEDBiogasCHP/MMXU1.VAr.phsA.rangeC.min.f)
14:23:47.320 [openiec61850-osi-server-7-thread-1] DEBUG com.beanit.openiec61850.ServerAssociation - Got a GetDataValues request for node: IEDBiogasCHP/MMXU1.VAr.phsA.rangeC.min.f: 0.0
calling GetDataValues(IEDBiogasCHP/MMXU1.VAr.phsA.rangeC.max)
14:23:47.320 [openiec61850-osi-server-7-thread-1] DEBUG com.beanit.openiec61850.ServerAssociation - Got a GetDataValues request for node: IEDBiogasCHP/MMXU1.VAr.phsA.rangeC.max [CF]
IEDBiogasCHP/MMXU1.VAr.phsA.rangeC.max.i: 0
IEDBiogasCHP/MMXU1.VAr.phsA.rangeC.max.f: 0.0
14:23:47.320 [openiec61850-osi-server-7-thread-1] DEBUG com.beanit.openiec61850.ServerAssociation - sub BDA is:IEDBiogasCHP/MMXU1.VAr.phsA.rangeC.max.i: 0
14:23:47.320 [openiec61850-osi-server-7-thread-1] DEBUG com.beanit.openiec61850.ServerAssociation - sub BDA is:IEDBiogasCHP/MMXU1.VAr.phsA.rangeC.max.f: 0.0
calling GetDataValues(IEDBiogasCHP/MMXU1.VAr.phsA.rangeC.max.i)
14:23:47.320 [openiec61850-osi-server-7-thread-1] DEBUG com.beanit.openiec61850.ServerAssociation - Got a GetDataValues request for node: IEDBiogasCHP/MMXU1.VAr.phsA.rangeC.max.i: 0
calling GetDataValues(IEDBiogasCHP/MMXU1.VAr.phsA.rangeC.max.f)
14:23:47.320 [openiec61850-osi-server-7-thread-1] DEBUG com.beanit.openiec61850.ServerAssociation - Got a GetDataValues request for node: IEDBiogasCHP/MMXU1.VAr.phsA.rangeC.max.f: 0.0
calling GetDataValues(IEDBiogasCHP/MMXU1.VAr.phsA.magSVC)
14:23:47.320 [openiec61850-osi-server-7-thread-1] DEBUG com.beanit.openiec61850.ServerAssociation - Got a GetDataValues request for node: IEDBiogasCHP/MMXU1.VAr.phsA.magSVC [CF]
IEDBiogasCHP/MMXU1.VAr.phsA.magSVC.scaleFactor: 0.0
IEDBiogasCHP/MMXU1.VAr.phsA.magSVC.offset: 0.0
14:23:47.320 [openiec61850-osi-server-7-thread-1] DEBUG com.beanit.openiec61850.ServerAssociation - sub BDA is:IEDBiogasCHP/MMXU1.VAr.phsA.magSVC.scaleFactor: 0.0
14:23:47.320 [openiec61850-osi-server-7-thread-1] DEBUG com.beanit.openiec61850.ServerAssociation - sub BDA is:IEDBiogasCHP/MMXU1.VAr.phsA.magSVC.offset: 0.0
calling GetDataValues(IEDBiogasCHP/MMXU1.VAr.phsA.magSVC.scaleFactor)
14:23:47.320 [openiec61850-osi-server-7-thread-1] DEBUG com.beanit.openiec61850.ServerAssociation - Got a GetDataValues request for node: IEDBiogasCHP/MMXU1.VAr.phsA.magSVC.scaleFactor: 0.0
calling GetDataValues(IEDBiogasCHP/MMXU1.VAr.phsA.magSVC.offset)
14:23:47.320 [openiec61850-osi-server-7-thread-1] DEBUG com.beanit.openiec61850.ServerAssociation - Got a GetDataValues request for node: IEDBiogasCHP/MMXU1.VAr.phsA.magSVC.offset: 0.0
calling GetDataValues(IEDBiogasCHP/MMXU1.VAr.phsA.angSVC)
14:23:47.321 [openiec61850-osi-server-7-thread-1] DEBUG com.beanit.openiec61850.ServerAssociation - Got a GetDataValues request for node: IEDBiogasCHP/MMXU1.VAr.phsA.angSVC [CF]
IEDBiogasCHP/MMXU1.VAr.phsA.angSVC.scaleFactor: 0.0
IEDBiogasCHP/MMXU1.VAr.phsA.angSVC.offset: 0.0
14:23:47.321 [openiec61850-osi-server-7-thread-1] DEBUG com.beanit.openiec61850.ServerAssociation - sub BDA is:IEDBiogasCHP/MMXU1.VAr.phsA.angSVC.scaleFactor: 0.0
14:23:47.321 [openiec61850-osi-server-7-thread-1] DEBUG com.beanit.openiec61850.ServerAssociation - sub BDA is:IEDBiogasCHP/MMXU1.VAr.phsA.angSVC.offset: 0.0
calling GetDataValues(IEDBiogasCHP/MMXU1.VAr.phsA.angSVC.scaleFactor)
14:23:47.321 [openiec61850-osi-server-7-thread-1] DEBUG com.beanit.openiec61850.ServerAssociation - Got a GetDataValues request for node: IEDBiogasCHP/MMXU1.VAr.phsA.angSVC.scaleFactor: 0.0
calling GetDataValues(IEDBiogasCHP/MMXU1.VAr.phsA.angSVC.offset)
14:23:47.321 [openiec61850-osi-server-7-thread-1] DEBUG com.beanit.openiec61850.ServerAssociation - Got a GetDataValues request for node: IEDBiogasCHP/MMXU1.VAr.phsA.angSVC.offset: 0.0
calling GetDataValues(IEDBiogasCHP/MMXU1.VAr.phsA.angRef)
14:23:47.321 [openiec61850-osi-server-7-thread-1] DEBUG com.beanit.openiec61850.ServerAssociation - Got a GetDataValues request for node: IEDBiogasCHP/MMXU1.VAr.phsA.angRef: 0
calling GetDataValues(IEDBiogasCHP/MMXU1.VAr.phsA.smpRate)
14:23:47.321 [openiec61850-osi-server-7-thread-1] DEBUG com.beanit.openiec61850.ServerAssociation - Got a GetDataValues request for node: IEDBiogasCHP/MMXU1.VAr.phsA.smpRate: 0
calling GetDataValues(IEDBiogasCHP/MMXU1.VAr.phsB)
14:23:47.321 [openiec61850-osi-server-7-thread-1] DEBUG com.beanit.openiec61850.ServerAssociation - Got a GetDataValues request for node: IEDBiogasCHP/MMXU1.VAr.phsB [CF]
IEDBiogasCHP/MMXU1.VAr.phsB.units [CF]
IEDBiogasCHP/MMXU1.VAr.phsB.units.SIUnit: 0
IEDBiogasCHP/MMXU1.VAr.phsB.units.multiplier: 0
IEDBiogasCHP/MMXU1.VAr.phsB.db: 0
IEDBiogasCHP/MMXU1.VAr.phsB.zeroDb: 0
IEDBiogasCHP/MMXU1.VAr.phsB.rangeC [CF]
IEDBiogasCHP/MMXU1.VAr.phsB.rangeC.hhLim [CF]
IEDBiogasCHP/MMXU1.VAr.phsB.rangeC.hhLim.i: 0
IEDBiogasCHP/MMXU1.VAr.phsB.rangeC.hhLim.f: 0.0
IEDBiogasCHP/MMXU1.VAr.phsB.rangeC.hLim [CF]
IEDBiogasCHP/MMXU1.VAr.phsB.rangeC.hLim.i: 0
IEDBiogasCHP/MMXU1.VAr.phsB.rangeC.hLim.f: 0.0
IEDBiogasCHP/MMXU1.VAr.phsB.rangeC.lLim [CF]
IEDBiogasCHP/MMXU1.VAr.phsB.rangeC.lLim.i: 0
IEDBiogasCHP/MMXU1.VAr.phsB.rangeC.lLim.f: 0.0
IEDBiogasCHP/MMXU1.VAr.phsB.rangeC.llLim [CF]
IEDBiogasCHP/MMXU1.VAr.phsB.rangeC.llLim.i: 0
IEDBiogasCHP/MMXU1.VAr.phsB.rangeC.llLim.f: 0.0
IEDBiogasCHP/MMXU1.VAr.phsB.rangeC.min [CF]
IEDBiogasCHP/MMXU1.VAr.phsB.rangeC.min.i: 0
IEDBiogasCHP/MMXU1.VAr.phsB.rangeC.min.f: 0.0
IEDBiogasCHP/MMXU1.VAr.phsB.rangeC.max [CF]
IEDBiogasCHP/MMXU1.VAr.phsB.rangeC.max.i: 0
IEDBiogasCHP/MMXU1.VAr.phsB.rangeC.max.f: 0.0
IEDBiogasCHP/MMXU1.VAr.phsB.magSVC [CF]
IEDBiogasCHP/MMXU1.VAr.phsB.magSVC.scaleFactor: 0.0
IEDBiogasCHP/MMXU1.VAr.phsB.magSVC.offset: 0.0
IEDBiogasCHP/MMXU1.VAr.phsB.angSVC [CF]
IEDBiogasCHP/MMXU1.VAr.phsB.angSVC.scaleFactor: 0.0
IEDBiogasCHP/MMXU1.VAr.phsB.angSVC.offset: 0.0
IEDBiogasCHP/MMXU1.VAr.phsB.angRef: 0
IEDBiogasCHP/MMXU1.VAr.phsB.smpRate: 0
14:23:47.321 [openiec61850-osi-server-7-thread-1] DEBUG com.beanit.openiec61850.ServerAssociation - sub BDA is:IEDBiogasCHP/MMXU1.VAr.phsB.units.SIUnit: 0
14:23:47.321 [openiec61850-osi-server-7-thread-1] DEBUG com.beanit.openiec61850.ServerAssociation - sub BDA is:IEDBiogasCHP/MMXU1.VAr.phsB.units.multiplier: 0
14:23:47.321 [openiec61850-osi-server-7-thread-1] DEBUG com.beanit.openiec61850.ServerAssociation - sub BDA is:IEDBiogasCHP/MMXU1.VAr.phsB.db: 0
14:23:47.321 [openiec61850-osi-server-7-thread-1] DEBUG com.beanit.openiec61850.ServerAssociation - sub BDA is:IEDBiogasCHP/MMXU1.VAr.phsB.zeroDb: 0
14:23:47.321 [openiec61850-osi-server-7-thread-1] DEBUG com.beanit.openiec61850.ServerAssociation - sub BDA is:IEDBiogasCHP/MMXU1.VAr.phsB.rangeC.hhLim.i: 0
14:23:47.321 [openiec61850-osi-server-7-thread-1] DEBUG com.beanit.openiec61850.ServerAssociation - sub BDA is:IEDBiogasCHP/MMXU1.VAr.phsB.rangeC.hhLim.f: 0.0
14:23:47.321 [openiec61850-osi-server-7-thread-1] DEBUG com.beanit.openiec61850.ServerAssociation - sub BDA is:IEDBiogasCHP/MMXU1.VAr.phsB.rangeC.hLim.i: 0
14:23:47.321 [openiec61850-osi-server-7-thread-1] DEBUG com.beanit.openiec61850.ServerAssociation - sub BDA is:IEDBiogasCHP/MMXU1.VAr.phsB.rangeC.hLim.f: 0.0
14:23:47.321 [openiec61850-osi-server-7-thread-1] DEBUG com.beanit.openiec61850.ServerAssociation - sub BDA is:IEDBiogasCHP/MMXU1.VAr.phsB.rangeC.lLim.i: 0
14:23:47.321 [openiec61850-osi-server-7-thread-1] DEBUG com.beanit.openiec61850.ServerAssociation - sub BDA is:IEDBiogasCHP/MMXU1.VAr.phsB.rangeC.lLim.f: 0.0
14:23:47.321 [openiec61850-osi-server-7-thread-1] DEBUG com.beanit.openiec61850.ServerAssociation - sub BDA is:IEDBiogasCHP/MMXU1.VAr.phsB.rangeC.llLim.i: 0
14:23:47.321 [openiec61850-osi-server-7-thread-1] DEBUG com.beanit.openiec61850.ServerAssociation - sub BDA is:IEDBiogasCHP/MMXU1.VAr.phsB.rangeC.llLim.f: 0.0
14:23:47.321 [openiec61850-osi-server-7-thread-1] DEBUG com.beanit.openiec61850.ServerAssociation - sub BDA is:IEDBiogasCHP/MMXU1.VAr.phsB.rangeC.min.i: 0
14:23:47.321 [openiec61850-osi-server-7-thread-1] DEBUG com.beanit.openiec61850.ServerAssociation - sub BDA is:IEDBiogasCHP/MMXU1.VAr.phsB.rangeC.min.f: 0.0
14:23:47.321 [openiec61850-osi-server-7-thread-1] DEBUG com.beanit.openiec61850.ServerAssociation - sub BDA is:IEDBiogasCHP/MMXU1.VAr.phsB.rangeC.max.i: 0
14:23:47.321 [openiec61850-osi-server-7-thread-1] DEBUG com.beanit.openiec61850.ServerAssociation - sub BDA is:IEDBiogasCHP/MMXU1.VAr.phsB.rangeC.max.f: 0.0
14:23:47.321 [openiec61850-osi-server-7-thread-1] DEBUG com.beanit.openiec61850.ServerAssociation - sub BDA is:IEDBiogasCHP/MMXU1.VAr.phsB.magSVC.scaleFactor: 0.0
14:23:47.321 [openiec61850-osi-server-7-thread-1] DEBUG com.beanit.openiec61850.ServerAssociation - sub BDA is:IEDBiogasCHP/MMXU1.VAr.phsB.magSVC.offset: 0.0
14:23:47.321 [openiec61850-osi-server-7-thread-1] DEBUG com.beanit.openiec61850.ServerAssociation - sub BDA is:IEDBiogasCHP/MMXU1.VAr.phsB.angSVC.scaleFactor: 0.0
14:23:47.321 [openiec61850-osi-server-7-thread-1] DEBUG com.beanit.openiec61850.ServerAssociation - sub BDA is:IEDBiogasCHP/MMXU1.VAr.phsB.angSVC.offset: 0.0
14:23:47.321 [openiec61850-osi-server-7-thread-1] DEBUG com.beanit.openiec61850.ServerAssociation - sub BDA is:IEDBiogasCHP/MMXU1.VAr.phsB.angRef: 0
14:23:47.321 [openiec61850-osi-server-7-thread-1] DEBUG com.beanit.openiec61850.ServerAssociation - sub BDA is:IEDBiogasCHP/MMXU1.VAr.phsB.smpRate: 0
calling GetDataValues(IEDBiogasCHP/MMXU1.VAr.phsB.units)
14:23:47.322 [openiec61850-osi-server-7-thread-1] DEBUG com.beanit.openiec61850.ServerAssociation - Got a GetDataValues request for node: IEDBiogasCHP/MMXU1.VAr.phsB.units [CF]
IEDBiogasCHP/MMXU1.VAr.phsB.units.SIUnit: 0
IEDBiogasCHP/MMXU1.VAr.phsB.units.multiplier: 0
14:23:47.322 [openiec61850-osi-server-7-thread-1] DEBUG com.beanit.openiec61850.ServerAssociation - sub BDA is:IEDBiogasCHP/MMXU1.VAr.phsB.units.SIUnit: 0
14:23:47.322 [openiec61850-osi-server-7-thread-1] DEBUG com.beanit.openiec61850.ServerAssociation - sub BDA is:IEDBiogasCHP/MMXU1.VAr.phsB.units.multiplier: 0
calling GetDataValues(IEDBiogasCHP/MMXU1.VAr.phsB.units.SIUnit)
14:23:47.322 [openiec61850-osi-server-7-thread-1] DEBUG com.beanit.openiec61850.ServerAssociation - Got a GetDataValues request for node: IEDBiogasCHP/MMXU1.VAr.phsB.units.SIUnit: 0
calling GetDataValues(IEDBiogasCHP/MMXU1.VAr.phsB.units.multiplier)
14:23:47.322 [openiec61850-osi-server-7-thread-1] DEBUG com.beanit.openiec61850.ServerAssociation - Got a GetDataValues request for node: IEDBiogasCHP/MMXU1.VAr.phsB.units.multiplier: 0
calling GetDataValues(IEDBiogasCHP/MMXU1.VAr.phsB.db)
14:23:47.322 [openiec61850-osi-server-7-thread-1] DEBUG com.beanit.openiec61850.ServerAssociation - Got a GetDataValues request for node: IEDBiogasCHP/MMXU1.VAr.phsB.db: 0
calling GetDataValues(IEDBiogasCHP/MMXU1.VAr.phsB.zeroDb)
14:23:47.322 [openiec61850-osi-server-7-thread-1] DEBUG com.beanit.openiec61850.ServerAssociation - Got a GetDataValues request for node: IEDBiogasCHP/MMXU1.VAr.phsB.zeroDb: 0
calling GetDataValues(IEDBiogasCHP/MMXU1.VAr.phsB.rangeC)
14:23:47.322 [openiec61850-osi-server-7-thread-1] DEBUG com.beanit.openiec61850.ServerAssociation - Got a GetDataValues request for node: IEDBiogasCHP/MMXU1.VAr.phsB.rangeC [CF]
IEDBiogasCHP/MMXU1.VAr.phsB.rangeC.hhLim [CF]
IEDBiogasCHP/MMXU1.VAr.phsB.rangeC.hhLim.i: 0
IEDBiogasCHP/MMXU1.VAr.phsB.rangeC.hhLim.f: 0.0
IEDBiogasCHP/MMXU1.VAr.phsB.rangeC.hLim [CF]
IEDBiogasCHP/MMXU1.VAr.phsB.rangeC.hLim.i: 0
IEDBiogasCHP/MMXU1.VAr.phsB.rangeC.hLim.f: 0.0
IEDBiogasCHP/MMXU1.VAr.phsB.rangeC.lLim [CF]
IEDBiogasCHP/MMXU1.VAr.phsB.rangeC.lLim.i: 0
IEDBiogasCHP/MMXU1.VAr.phsB.rangeC.lLim.f: 0.0
IEDBiogasCHP/MMXU1.VAr.phsB.rangeC.llLim [CF]
IEDBiogasCHP/MMXU1.VAr.phsB.rangeC.llLim.i: 0
IEDBiogasCHP/MMXU1.VAr.phsB.rangeC.llLim.f: 0.0
IEDBiogasCHP/MMXU1.VAr.phsB.rangeC.min [CF]
IEDBiogasCHP/MMXU1.VAr.phsB.rangeC.min.i: 0
IEDBiogasCHP/MMXU1.VAr.phsB.rangeC.min.f: 0.0
IEDBiogasCHP/MMXU1.VAr.phsB.rangeC.max [CF]
IEDBiogasCHP/MMXU1.VAr.phsB.rangeC.max.i: 0
IEDBiogasCHP/MMXU1.VAr.phsB.rangeC.max.f: 0.0
14:23:47.322 [openiec61850-osi-server-7-thread-1] DEBUG com.beanit.openiec61850.ServerAssociation - sub BDA is:IEDBiogasCHP/MMXU1.VAr.phsB.rangeC.hhLim.i: 0
14:23:47.322 [openiec61850-osi-server-7-thread-1] DEBUG com.beanit.openiec61850.ServerAssociation - sub BDA is:IEDBiogasCHP/MMXU1.VAr.phsB.rangeC.hhLim.f: 0.0
14:23:47.322 [openiec61850-osi-server-7-thread-1] DEBUG com.beanit.openiec61850.ServerAssociation - sub BDA is:IEDBiogasCHP/MMXU1.VAr.phsB.rangeC.hLim.i: 0
14:23:47.322 [openiec61850-osi-server-7-thread-1] DEBUG com.beanit.openiec61850.ServerAssociation - sub BDA is:IEDBiogasCHP/MMXU1.VAr.phsB.rangeC.hLim.f: 0.0
14:23:47.322 [openiec61850-osi-server-7-thread-1] DEBUG com.beanit.openiec61850.ServerAssociation - sub BDA is:IEDBiogasCHP/MMXU1.VAr.phsB.rangeC.lLim.i: 0
14:23:47.322 [openiec61850-osi-server-7-thread-1] DEBUG com.beanit.openiec61850.ServerAssociation - sub BDA is:IEDBiogasCHP/MMXU1.VAr.phsB.rangeC.lLim.f: 0.0
14:23:47.322 [openiec61850-osi-server-7-thread-1] DEBUG com.beanit.openiec61850.ServerAssociation - sub BDA is:IEDBiogasCHP/MMXU1.VAr.phsB.rangeC.llLim.i: 0
14:23:47.322 [openiec61850-osi-server-7-thread-1] DEBUG com.beanit.openiec61850.ServerAssociation - sub BDA is:IEDBiogasCHP/MMXU1.VAr.phsB.rangeC.llLim.f: 0.0
14:23:47.322 [openiec61850-osi-server-7-thread-1] DEBUG com.beanit.openiec61850.ServerAssociation - sub BDA is:IEDBiogasCHP/MMXU1.VAr.phsB.rangeC.min.i: 0
14:23:47.322 [openiec61850-osi-server-7-thread-1] DEBUG com.beanit.openiec61850.ServerAssociation - sub BDA is:IEDBiogasCHP/MMXU1.VAr.phsB.rangeC.min.f: 0.0
14:23:47.322 [openiec61850-osi-server-7-thread-1] DEBUG com.beanit.openiec61850.ServerAssociation - sub BDA is:IEDBiogasCHP/MMXU1.VAr.phsB.rangeC.max.i: 0
14:23:47.322 [openiec61850-osi-server-7-thread-1] DEBUG com.beanit.openiec61850.ServerAssociation - sub BDA is:IEDBiogasCHP/MMXU1.VAr.phsB.rangeC.max.f: 0.0
calling GetDataValues(IEDBiogasCHP/MMXU1.VAr.phsB.rangeC.hhLim)
14:23:47.322 [openiec61850-osi-server-7-thread-1] DEBUG com.beanit.openiec61850.ServerAssociation - Got a GetDataValues request for node: IEDBiogasCHP/MMXU1.VAr.phsB.rangeC.hhLim [CF]
IEDBiogasCHP/MMXU1.VAr.phsB.rangeC.hhLim.i: 0
IEDBiogasCHP/MMXU1.VAr.phsB.rangeC.hhLim.f: 0.0
14:23:47.322 [openiec61850-osi-server-7-thread-1] DEBUG com.beanit.openiec61850.ServerAssociation - sub BDA is:IEDBiogasCHP/MMXU1.VAr.phsB.rangeC.hhLim.i: 0
14:23:47.322 [openiec61850-osi-server-7-thread-1] DEBUG com.beanit.openiec61850.ServerAssociation - sub BDA is:IEDBiogasCHP/MMXU1.VAr.phsB.rangeC.hhLim.f: 0.0
calling GetDataValues(IEDBiogasCHP/MMXU1.VAr.phsB.rangeC.hhLim.i)
14:23:47.323 [openiec61850-osi-server-7-thread-1] DEBUG com.beanit.openiec61850.ServerAssociation - Got a GetDataValues request for node: IEDBiogasCHP/MMXU1.VAr.phsB.rangeC.hhLim.i: 0
calling GetDataValues(IEDBiogasCHP/MMXU1.VAr.phsB.rangeC.hhLim.f)
14:23:47.323 [openiec61850-osi-server-7-thread-1] DEBUG com.beanit.openiec61850.ServerAssociation - Got a GetDataValues request for node: IEDBiogasCHP/MMXU1.VAr.phsB.rangeC.hhLim.f: 0.0
calling GetDataValues(IEDBiogasCHP/MMXU1.VAr.phsB.rangeC.hLim)
14:23:47.323 [openiec61850-osi-server-7-thread-1] DEBUG com.beanit.openiec61850.ServerAssociation - Got a GetDataValues request for node: IEDBiogasCHP/MMXU1.VAr.phsB.rangeC.hLim [CF]
IEDBiogasCHP/MMXU1.VAr.phsB.rangeC.hLim.i: 0
IEDBiogasCHP/MMXU1.VAr.phsB.rangeC.hLim.f: 0.0
14:23:47.323 [openiec61850-osi-server-7-thread-1] DEBUG com.beanit.openiec61850.ServerAssociation - sub BDA is:IEDBiogasCHP/MMXU1.VAr.phsB.rangeC.hLim.i: 0
14:23:47.323 [openiec61850-osi-server-7-thread-1] DEBUG com.beanit.openiec61850.ServerAssociation - sub BDA is:IEDBiogasCHP/MMXU1.VAr.phsB.rangeC.hLim.f: 0.0
calling GetDataValues(IEDBiogasCHP/MMXU1.VAr.phsB.rangeC.hLim.i)
14:23:47.323 [openiec61850-osi-server-7-thread-1] DEBUG com.beanit.openiec61850.ServerAssociation - Got a GetDataValues request for node: IEDBiogasCHP/MMXU1.VAr.phsB.rangeC.hLim.i: 0
calling GetDataValues(IEDBiogasCHP/MMXU1.VAr.phsB.rangeC.hLim.f)
14:23:47.323 [openiec61850-osi-server-7-thread-1] DEBUG com.beanit.openiec61850.ServerAssociation - Got a GetDataValues request for node: IEDBiogasCHP/MMXU1.VAr.phsB.rangeC.hLim.f: 0.0
calling GetDataValues(IEDBiogasCHP/MMXU1.VAr.phsB.rangeC.lLim)
14:23:47.323 [openiec61850-osi-server-7-thread-1] DEBUG com.beanit.openiec61850.ServerAssociation - Got a GetDataValues request for node: IEDBiogasCHP/MMXU1.VAr.phsB.rangeC.lLim [CF]
IEDBiogasCHP/MMXU1.VAr.phsB.rangeC.lLim.i: 0
IEDBiogasCHP/MMXU1.VAr.phsB.rangeC.lLim.f: 0.0
14:23:47.323 [openiec61850-osi-server-7-thread-1] DEBUG com.beanit.openiec61850.ServerAssociation - sub BDA is:IEDBiogasCHP/MMXU1.VAr.phsB.rangeC.lLim.i: 0
14:23:47.323 [openiec61850-osi-server-7-thread-1] DEBUG com.beanit.openiec61850.ServerAssociation - sub BDA is:IEDBiogasCHP/MMXU1.VAr.phsB.rangeC.lLim.f: 0.0
calling GetDataValues(IEDBiogasCHP/MMXU1.VAr.phsB.rangeC.lLim.i)
14:23:47.323 [openiec61850-osi-server-7-thread-1] DEBUG com.beanit.openiec61850.ServerAssociation - Got a GetDataValues request for node: IEDBiogasCHP/MMXU1.VAr.phsB.rangeC.lLim.i: 0
calling GetDataValues(IEDBiogasCHP/MMXU1.VAr.phsB.rangeC.lLim.f)
14:23:47.323 [openiec61850-osi-server-7-thread-1] DEBUG com.beanit.openiec61850.ServerAssociation - Got a GetDataValues request for node: IEDBiogasCHP/MMXU1.VAr.phsB.rangeC.lLim.f: 0.0
calling GetDataValues(IEDBiogasCHP/MMXU1.VAr.phsB.rangeC.llLim)
14:23:47.323 [openiec61850-osi-server-7-thread-1] DEBUG com.beanit.openiec61850.ServerAssociation - Got a GetDataValues request for node: IEDBiogasCHP/MMXU1.VAr.phsB.rangeC.llLim [CF]
IEDBiogasCHP/MMXU1.VAr.phsB.rangeC.llLim.i: 0
IEDBiogasCHP/MMXU1.VAr.phsB.rangeC.llLim.f: 0.0
14:23:47.324 [openiec61850-osi-server-7-thread-1] DEBUG com.beanit.openiec61850.ServerAssociation - sub BDA is:IEDBiogasCHP/MMXU1.VAr.phsB.rangeC.llLim.i: 0
14:23:47.324 [openiec61850-osi-server-7-thread-1] DEBUG com.beanit.openiec61850.ServerAssociation - sub BDA is:IEDBiogasCHP/MMXU1.VAr.phsB.rangeC.llLim.f: 0.0
calling GetDataValues(IEDBiogasCHP/MMXU1.VAr.phsB.rangeC.llLim.i)
14:23:47.324 [openiec61850-osi-server-7-thread-1] DEBUG com.beanit.openiec61850.ServerAssociation - Got a GetDataValues request for node: IEDBiogasCHP/MMXU1.VAr.phsB.rangeC.llLim.i: 0
calling GetDataValues(IEDBiogasCHP/MMXU1.VAr.phsB.rangeC.llLim.f)
14:23:47.324 [openiec61850-osi-server-7-thread-1] DEBUG com.beanit.openiec61850.ServerAssociation - Got a GetDataValues request for node: IEDBiogasCHP/MMXU1.VAr.phsB.rangeC.llLim.f: 0.0
calling GetDataValues(IEDBiogasCHP/MMXU1.VAr.phsB.rangeC.min)
14:23:47.324 [openiec61850-osi-server-7-thread-1] DEBUG com.beanit.openiec61850.ServerAssociation - Got a GetDataValues request for node: IEDBiogasCHP/MMXU1.VAr.phsB.rangeC.min [CF]
IEDBiogasCHP/MMXU1.VAr.phsB.rangeC.min.i: 0
IEDBiogasCHP/MMXU1.VAr.phsB.rangeC.min.f: 0.0
14:23:47.324 [openiec61850-osi-server-7-thread-1] DEBUG com.beanit.openiec61850.ServerAssociation - sub BDA is:IEDBiogasCHP/MMXU1.VAr.phsB.rangeC.min.i: 0
14:23:47.324 [openiec61850-osi-server-7-thread-1] DEBUG com.beanit.openiec61850.ServerAssociation - sub BDA is:IEDBiogasCHP/MMXU1.VAr.phsB.rangeC.min.f: 0.0
calling GetDataValues(IEDBiogasCHP/MMXU1.VAr.phsB.rangeC.min.i)
14:23:47.324 [openiec61850-osi-server-7-thread-1] DEBUG com.beanit.openiec61850.ServerAssociation - Got a GetDataValues request for node: IEDBiogasCHP/MMXU1.VAr.phsB.rangeC.min.i: 0
calling GetDataValues(IEDBiogasCHP/MMXU1.VAr.phsB.rangeC.min.f)
14:23:47.324 [openiec61850-osi-server-7-thread-1] DEBUG com.beanit.openiec61850.ServerAssociation - Got a GetDataValues request for node: IEDBiogasCHP/MMXU1.VAr.phsB.rangeC.min.f: 0.0
calling GetDataValues(IEDBiogasCHP/MMXU1.VAr.phsB.rangeC.max)
14:23:47.324 [openiec61850-osi-server-7-thread-1] DEBUG com.beanit.openiec61850.ServerAssociation - Got a GetDataValues request for node: IEDBiogasCHP/MMXU1.VAr.phsB.rangeC.max [CF]
IEDBiogasCHP/MMXU1.VAr.phsB.rangeC.max.i: 0
IEDBiogasCHP/MMXU1.VAr.phsB.rangeC.max.f: 0.0
14:23:47.324 [openiec61850-osi-server-7-thread-1] DEBUG com.beanit.openiec61850.ServerAssociation - sub BDA is:IEDBiogasCHP/MMXU1.VAr.phsB.rangeC.max.i: 0
14:23:47.324 [openiec61850-osi-server-7-thread-1] DEBUG com.beanit.openiec61850.ServerAssociation - sub BDA is:IEDBiogasCHP/MMXU1.VAr.phsB.rangeC.max.f: 0.0
calling GetDataValues(IEDBiogasCHP/MMXU1.VAr.phsB.rangeC.max.i)
14:23:47.324 [openiec61850-osi-server-7-thread-1] DEBUG com.beanit.openiec61850.ServerAssociation - Got a GetDataValues request for node: IEDBiogasCHP/MMXU1.VAr.phsB.rangeC.max.i: 0
calling GetDataValues(IEDBiogasCHP/MMXU1.VAr.phsB.rangeC.max.f)
14:23:47.324 [openiec61850-osi-server-7-thread-1] DEBUG com.beanit.openiec61850.ServerAssociation - Got a GetDataValues request for node: IEDBiogasCHP/MMXU1.VAr.phsB.rangeC.max.f: 0.0
calling GetDataValues(IEDBiogasCHP/MMXU1.VAr.phsB.magSVC)
14:23:47.325 [openiec61850-osi-server-7-thread-1] DEBUG com.beanit.openiec61850.ServerAssociation - Got a GetDataValues request for node: IEDBiogasCHP/MMXU1.VAr.phsB.magSVC [CF]
IEDBiogasCHP/MMXU1.VAr.phsB.magSVC.scaleFactor: 0.0
IEDBiogasCHP/MMXU1.VAr.phsB.magSVC.offset: 0.0
14:23:47.325 [openiec61850-osi-server-7-thread-1] DEBUG com.beanit.openiec61850.ServerAssociation - sub BDA is:IEDBiogasCHP/MMXU1.VAr.phsB.magSVC.scaleFactor: 0.0
14:23:47.325 [openiec61850-osi-server-7-thread-1] DEBUG com.beanit.openiec61850.ServerAssociation - sub BDA is:IEDBiogasCHP/MMXU1.VAr.phsB.magSVC.offset: 0.0
calling GetDataValues(IEDBiogasCHP/MMXU1.VAr.phsB.magSVC.scaleFactor)
14:23:47.325 [openiec61850-osi-server-7-thread-1] DEBUG com.beanit.openiec61850.ServerAssociation - Got a GetDataValues request for node: IEDBiogasCHP/MMXU1.VAr.phsB.magSVC.scaleFactor: 0.0
calling GetDataValues(IEDBiogasCHP/MMXU1.VAr.phsB.magSVC.offset)
14:23:47.325 [openiec61850-osi-server-7-thread-1] DEBUG com.beanit.openiec61850.ServerAssociation - Got a GetDataValues request for node: IEDBiogasCHP/MMXU1.VAr.phsB.magSVC.offset: 0.0
calling GetDataValues(IEDBiogasCHP/MMXU1.VAr.phsB.angSVC)
14:23:47.325 [openiec61850-osi-server-7-thread-1] DEBUG com.beanit.openiec61850.ServerAssociation - Got a GetDataValues request for node: IEDBiogasCHP/MMXU1.VAr.phsB.angSVC [CF]
IEDBiogasCHP/MMXU1.VAr.phsB.angSVC.scaleFactor: 0.0
IEDBiogasCHP/MMXU1.VAr.phsB.angSVC.offset: 0.0
14:23:47.325 [openiec61850-osi-server-7-thread-1] DEBUG com.beanit.openiec61850.ServerAssociation - sub BDA is:IEDBiogasCHP/MMXU1.VAr.phsB.angSVC.scaleFactor: 0.0
14:23:47.325 [openiec61850-osi-server-7-thread-1] DEBUG com.beanit.openiec61850.ServerAssociation - sub BDA is:IEDBiogasCHP/MMXU1.VAr.phsB.angSVC.offset: 0.0
calling GetDataValues(IEDBiogasCHP/MMXU1.VAr.phsB.angSVC.scaleFactor)
14:23:47.325 [openiec61850-osi-server-7-thread-1] DEBUG com.beanit.openiec61850.ServerAssociation - Got a GetDataValues request for node: IEDBiogasCHP/MMXU1.VAr.phsB.angSVC.scaleFactor: 0.0
calling GetDataValues(IEDBiogasCHP/MMXU1.VAr.phsB.angSVC.offset)
14:23:47.325 [openiec61850-osi-server-7-thread-1] DEBUG com.beanit.openiec61850.ServerAssociation - Got a GetDataValues request for node: IEDBiogasCHP/MMXU1.VAr.phsB.angSVC.offset: 0.0
calling GetDataValues(IEDBiogasCHP/MMXU1.VAr.phsB.angRef)
14:23:47.325 [openiec61850-osi-server-7-thread-1] DEBUG com.beanit.openiec61850.ServerAssociation - Got a GetDataValues request for node: IEDBiogasCHP/MMXU1.VAr.phsB.angRef: 0
calling GetDataValues(IEDBiogasCHP/MMXU1.VAr.phsB.smpRate)
14:23:47.325 [openiec61850-osi-server-7-thread-1] DEBUG com.beanit.openiec61850.ServerAssociation - Got a GetDataValues request for node: IEDBiogasCHP/MMXU1.VAr.phsB.smpRate: 0
calling GetDataValues(IEDBiogasCHP/MMXU1.VAr.phsC)
14:23:47.326 [openiec61850-osi-server-7-thread-1] DEBUG com.beanit.openiec61850.ServerAssociation - Got a GetDataValues request for node: IEDBiogasCHP/MMXU1.VAr.phsC [CF]
IEDBiogasCHP/MMXU1.VAr.phsC.units [CF]
IEDBiogasCHP/MMXU1.VAr.phsC.units.SIUnit: 0
IEDBiogasCHP/MMXU1.VAr.phsC.units.multiplier: 0
IEDBiogasCHP/MMXU1.VAr.phsC.db: 0
IEDBiogasCHP/MMXU1.VAr.phsC.zeroDb: 0
IEDBiogasCHP/MMXU1.VAr.phsC.rangeC [CF]
IEDBiogasCHP/MMXU1.VAr.phsC.rangeC.hhLim [CF]
IEDBiogasCHP/MMXU1.VAr.phsC.rangeC.hhLim.i: 0
IEDBiogasCHP/MMXU1.VAr.phsC.rangeC.hhLim.f: 0.0
IEDBiogasCHP/MMXU1.VAr.phsC.rangeC.hLim [CF]
IEDBiogasCHP/MMXU1.VAr.phsC.rangeC.hLim.i: 0
IEDBiogasCHP/MMXU1.VAr.phsC.rangeC.hLim.f: 0.0
IEDBiogasCHP/MMXU1.VAr.phsC.rangeC.lLim [CF]
IEDBiogasCHP/MMXU1.VAr.phsC.rangeC.lLim.i: 0
IEDBiogasCHP/MMXU1.VAr.phsC.rangeC.lLim.f: 0.0
IEDBiogasCHP/MMXU1.VAr.phsC.rangeC.llLim [CF]
IEDBiogasCHP/MMXU1.VAr.phsC.rangeC.llLim.i: 0
IEDBiogasCHP/MMXU1.VAr.phsC.rangeC.llLim.f: 0.0
IEDBiogasCHP/MMXU1.VAr.phsC.rangeC.min [CF]
IEDBiogasCHP/MMXU1.VAr.phsC.rangeC.min.i: 0
IEDBiogasCHP/MMXU1.VAr.phsC.rangeC.min.f: 0.0
IEDBiogasCHP/MMXU1.VAr.phsC.rangeC.max [CF]
IEDBiogasCHP/MMXU1.VAr.phsC.rangeC.max.i: 0
IEDBiogasCHP/MMXU1.VAr.phsC.rangeC.max.f: 0.0
IEDBiogasCHP/MMXU1.VAr.phsC.magSVC [CF]
IEDBiogasCHP/MMXU1.VAr.phsC.magSVC.scaleFactor: 0.0
IEDBiogasCHP/MMXU1.VAr.phsC.magSVC.offset: 0.0
IEDBiogasCHP/MMXU1.VAr.phsC.angSVC [CF]
IEDBiogasCHP/MMXU1.VAr.phsC.angSVC.scaleFactor: 0.0
IEDBiogasCHP/MMXU1.VAr.phsC.angSVC.offset: 0.0
IEDBiogasCHP/MMXU1.VAr.phsC.angRef: 0
IEDBiogasCHP/MMXU1.VAr.phsC.smpRate: 0
14:23:47.326 [openiec61850-osi-server-7-thread-1] DEBUG com.beanit.openiec61850.ServerAssociation - sub BDA is:IEDBiogasCHP/MMXU1.VAr.phsC.units.SIUnit: 0
14:23:47.326 [openiec61850-osi-server-7-thread-1] DEBUG com.beanit.openiec61850.ServerAssociation - sub BDA is:IEDBiogasCHP/MMXU1.VAr.phsC.units.multiplier: 0
14:23:47.326 [openiec61850-osi-server-7-thread-1] DEBUG com.beanit.openiec61850.ServerAssociation - sub BDA is:IEDBiogasCHP/MMXU1.VAr.phsC.db: 0
14:23:47.326 [openiec61850-osi-server-7-thread-1] DEBUG com.beanit.openiec61850.ServerAssociation - sub BDA is:IEDBiogasCHP/MMXU1.VAr.phsC.zeroDb: 0
14:23:47.326 [openiec61850-osi-server-7-thread-1] DEBUG com.beanit.openiec61850.ServerAssociation - sub BDA is:IEDBiogasCHP/MMXU1.VAr.phsC.rangeC.hhLim.i: 0
14:23:47.326 [openiec61850-osi-server-7-thread-1] DEBUG com.beanit.openiec61850.ServerAssociation - sub BDA is:IEDBiogasCHP/MMXU1.VAr.phsC.rangeC.hhLim.f: 0.0
14:23:47.326 [openiec61850-osi-server-7-thread-1] DEBUG com.beanit.openiec61850.ServerAssociation - sub BDA is:IEDBiogasCHP/MMXU1.VAr.phsC.rangeC.hLim.i: 0
14:23:47.326 [openiec61850-osi-server-7-thread-1] DEBUG com.beanit.openiec61850.ServerAssociation - sub BDA is:IEDBiogasCHP/MMXU1.VAr.phsC.rangeC.hLim.f: 0.0
14:23:47.326 [openiec61850-osi-server-7-thread-1] DEBUG com.beanit.openiec61850.ServerAssociation - sub BDA is:IEDBiogasCHP/MMXU1.VAr.phsC.rangeC.lLim.i: 0
14:23:47.326 [openiec61850-osi-server-7-thread-1] DEBUG com.beanit.openiec61850.ServerAssociation - sub BDA is:IEDBiogasCHP/MMXU1.VAr.phsC.rangeC.lLim.f: 0.0
14:23:47.326 [openiec61850-osi-server-7-thread-1] DEBUG com.beanit.openiec61850.ServerAssociation - sub BDA is:IEDBiogasCHP/MMXU1.VAr.phsC.rangeC.llLim.i: 0
14:23:47.326 [openiec61850-osi-server-7-thread-1] DEBUG com.beanit.openiec61850.ServerAssociation - sub BDA is:IEDBiogasCHP/MMXU1.VAr.phsC.rangeC.llLim.f: 0.0
14:23:47.326 [openiec61850-osi-server-7-thread-1] DEBUG com.beanit.openiec61850.ServerAssociation - sub BDA is:IEDBiogasCHP/MMXU1.VAr.phsC.rangeC.min.i: 0
14:23:47.326 [openiec61850-osi-server-7-thread-1] DEBUG com.beanit.openiec61850.ServerAssociation - sub BDA is:IEDBiogasCHP/MMXU1.VAr.phsC.rangeC.min.f: 0.0
14:23:47.326 [openiec61850-osi-server-7-thread-1] DEBUG com.beanit.openiec61850.ServerAssociation - sub BDA is:IEDBiogasCHP/MMXU1.VAr.phsC.rangeC.max.i: 0
14:23:47.326 [openiec61850-osi-server-7-thread-1] DEBUG com.beanit.openiec61850.ServerAssociation - sub BDA is:IEDBiogasCHP/MMXU1.VAr.phsC.rangeC.max.f: 0.0
14:23:47.326 [openiec61850-osi-server-7-thread-1] DEBUG com.beanit.openiec61850.ServerAssociation - sub BDA is:IEDBiogasCHP/MMXU1.VAr.phsC.magSVC.scaleFactor: 0.0
14:23:47.326 [openiec61850-osi-server-7-thread-1] DEBUG com.beanit.openiec61850.ServerAssociation - sub BDA is:IEDBiogasCHP/MMXU1.VAr.phsC.magSVC.offset: 0.0
14:23:47.326 [openiec61850-osi-server-7-thread-1] DEBUG com.beanit.openiec61850.ServerAssociation - sub BDA is:IEDBiogasCHP/MMXU1.VAr.phsC.angSVC.scaleFactor: 0.0
14:23:47.326 [openiec61850-osi-server-7-thread-1] DEBUG com.beanit.openiec61850.ServerAssociation - sub BDA is:IEDBiogasCHP/MMXU1.VAr.phsC.angSVC.offset: 0.0
14:23:47.326 [openiec61850-osi-server-7-thread-1] DEBUG com.beanit.openiec61850.ServerAssociation - sub BDA is:IEDBiogasCHP/MMXU1.VAr.phsC.angRef: 0
14:23:47.326 [openiec61850-osi-server-7-thread-1] DEBUG com.beanit.openiec61850.ServerAssociation - sub BDA is:IEDBiogasCHP/MMXU1.VAr.phsC.smpRate: 0
calling GetDataValues(IEDBiogasCHP/MMXU1.VAr.phsC.units)
14:23:47.326 [openiec61850-osi-server-7-thread-1] DEBUG com.beanit.openiec61850.ServerAssociation - Got a GetDataValues request for node: IEDBiogasCHP/MMXU1.VAr.phsC.units [CF]
IEDBiogasCHP/MMXU1.VAr.phsC.units.SIUnit: 0
IEDBiogasCHP/MMXU1.VAr.phsC.units.multiplier: 0
14:23:47.326 [openiec61850-osi-server-7-thread-1] DEBUG com.beanit.openiec61850.ServerAssociation - sub BDA is:IEDBiogasCHP/MMXU1.VAr.phsC.units.SIUnit: 0
14:23:47.326 [openiec61850-osi-server-7-thread-1] DEBUG com.beanit.openiec61850.ServerAssociation - sub BDA is:IEDBiogasCHP/MMXU1.VAr.phsC.units.multiplier: 0
calling GetDataValues(IEDBiogasCHP/MMXU1.VAr.phsC.units.SIUnit)
14:23:47.326 [openiec61850-osi-server-7-thread-1] DEBUG com.beanit.openiec61850.ServerAssociation - Got a GetDataValues request for node: IEDBiogasCHP/MMXU1.VAr.phsC.units.SIUnit: 0
calling GetDataValues(IEDBiogasCHP/MMXU1.VAr.phsC.units.multiplier)
14:23:47.326 [openiec61850-osi-server-7-thread-1] DEBUG com.beanit.openiec61850.ServerAssociation - Got a GetDataValues request for node: IEDBiogasCHP/MMXU1.VAr.phsC.units.multiplier: 0
calling GetDataValues(IEDBiogasCHP/MMXU1.VAr.phsC.db)
14:23:47.326 [openiec61850-osi-server-7-thread-1] DEBUG com.beanit.openiec61850.ServerAssociation - Got a GetDataValues request for node: IEDBiogasCHP/MMXU1.VAr.phsC.db: 0
calling GetDataValues(IEDBiogasCHP/MMXU1.VAr.phsC.zeroDb)
14:23:47.326 [openiec61850-osi-server-7-thread-1] DEBUG com.beanit.openiec61850.ServerAssociation - Got a GetDataValues request for node: IEDBiogasCHP/MMXU1.VAr.phsC.zeroDb: 0
calling GetDataValues(IEDBiogasCHP/MMXU1.VAr.phsC.rangeC)
14:23:47.326 [openiec61850-osi-server-7-thread-1] DEBUG com.beanit.openiec61850.ServerAssociation - Got a GetDataValues request for node: IEDBiogasCHP/MMXU1.VAr.phsC.rangeC [CF]
IEDBiogasCHP/MMXU1.VAr.phsC.rangeC.hhLim [CF]
IEDBiogasCHP/MMXU1.VAr.phsC.rangeC.hhLim.i: 0
IEDBiogasCHP/MMXU1.VAr.phsC.rangeC.hhLim.f: 0.0
IEDBiogasCHP/MMXU1.VAr.phsC.rangeC.hLim [CF]
IEDBiogasCHP/MMXU1.VAr.phsC.rangeC.hLim.i: 0
IEDBiogasCHP/MMXU1.VAr.phsC.rangeC.hLim.f: 0.0
IEDBiogasCHP/MMXU1.VAr.phsC.rangeC.lLim [CF]
IEDBiogasCHP/MMXU1.VAr.phsC.rangeC.lLim.i: 0
IEDBiogasCHP/MMXU1.VAr.phsC.rangeC.lLim.f: 0.0
IEDBiogasCHP/MMXU1.VAr.phsC.rangeC.llLim [CF]
IEDBiogasCHP/MMXU1.VAr.phsC.rangeC.llLim.i: 0
IEDBiogasCHP/MMXU1.VAr.phsC.rangeC.llLim.f: 0.0
IEDBiogasCHP/MMXU1.VAr.phsC.rangeC.min [CF]
IEDBiogasCHP/MMXU1.VAr.phsC.rangeC.min.i: 0
IEDBiogasCHP/MMXU1.VAr.phsC.rangeC.min.f: 0.0
IEDBiogasCHP/MMXU1.VAr.phsC.rangeC.max [CF]
IEDBiogasCHP/MMXU1.VAr.phsC.rangeC.max.i: 0
IEDBiogasCHP/MMXU1.VAr.phsC.rangeC.max.f: 0.0
14:23:47.326 [openiec61850-osi-server-7-thread-1] DEBUG com.beanit.openiec61850.ServerAssociation - sub BDA is:IEDBiogasCHP/MMXU1.VAr.phsC.rangeC.hhLim.i: 0
14:23:47.326 [openiec61850-osi-server-7-thread-1] DEBUG com.beanit.openiec61850.ServerAssociation - sub BDA is:IEDBiogasCHP/MMXU1.VAr.phsC.rangeC.hhLim.f: 0.0
14:23:47.326 [openiec61850-osi-server-7-thread-1] DEBUG com.beanit.openiec61850.ServerAssociation - sub BDA is:IEDBiogasCHP/MMXU1.VAr.phsC.rangeC.hLim.i: 0
14:23:47.326 [openiec61850-osi-server-7-thread-1] DEBUG com.beanit.openiec61850.ServerAssociation - sub BDA is:IEDBiogasCHP/MMXU1.VAr.phsC.rangeC.hLim.f: 0.0
14:23:47.326 [openiec61850-osi-server-7-thread-1] DEBUG com.beanit.openiec61850.ServerAssociation - sub BDA is:IEDBiogasCHP/MMXU1.VAr.phsC.rangeC.lLim.i: 0
14:23:47.326 [openiec61850-osi-server-7-thread-1] DEBUG com.beanit.openiec61850.ServerAssociation - sub BDA is:IEDBiogasCHP/MMXU1.VAr.phsC.rangeC.lLim.f: 0.0
14:23:47.326 [openiec61850-osi-server-7-thread-1] DEBUG com.beanit.openiec61850.ServerAssociation - sub BDA is:IEDBiogasCHP/MMXU1.VAr.phsC.rangeC.llLim.i: 0
14:23:47.326 [openiec61850-osi-server-7-thread-1] DEBUG com.beanit.openiec61850.ServerAssociation - sub BDA is:IEDBiogasCHP/MMXU1.VAr.phsC.rangeC.llLim.f: 0.0
14:23:47.326 [openiec61850-osi-server-7-thread-1] DEBUG com.beanit.openiec61850.ServerAssociation - sub BDA is:IEDBiogasCHP/MMXU1.VAr.phsC.rangeC.min.i: 0
14:23:47.326 [openiec61850-osi-server-7-thread-1] DEBUG com.beanit.openiec61850.ServerAssociation - sub BDA is:IEDBiogasCHP/MMXU1.VAr.phsC.rangeC.min.f: 0.0
14:23:47.326 [openiec61850-osi-server-7-thread-1] DEBUG com.beanit.openiec61850.ServerAssociation - sub BDA is:IEDBiogasCHP/MMXU1.VAr.phsC.rangeC.max.i: 0
14:23:47.326 [openiec61850-osi-server-7-thread-1] DEBUG com.beanit.openiec61850.ServerAssociation - sub BDA is:IEDBiogasCHP/MMXU1.VAr.phsC.rangeC.max.f: 0.0
calling GetDataValues(IEDBiogasCHP/MMXU1.VAr.phsC.rangeC.hhLim)
14:23:47.327 [openiec61850-osi-server-7-thread-1] DEBUG com.beanit.openiec61850.ServerAssociation - Got a GetDataValues request for node: IEDBiogasCHP/MMXU1.VAr.phsC.rangeC.hhLim [CF]
IEDBiogasCHP/MMXU1.VAr.phsC.rangeC.hhLim.i: 0
IEDBiogasCHP/MMXU1.VAr.phsC.rangeC.hhLim.f: 0.0
14:23:47.327 [openiec61850-osi-server-7-thread-1] DEBUG com.beanit.openiec61850.ServerAssociation - sub BDA is:IEDBiogasCHP/MMXU1.VAr.phsC.rangeC.hhLim.i: 0
14:23:47.327 [openiec61850-osi-server-7-thread-1] DEBUG com.beanit.openiec61850.ServerAssociation - sub BDA is:IEDBiogasCHP/MMXU1.VAr.phsC.rangeC.hhLim.f: 0.0
calling GetDataValues(IEDBiogasCHP/MMXU1.VAr.phsC.rangeC.hhLim.i)
14:23:47.327 [openiec61850-osi-server-7-thread-1] DEBUG com.beanit.openiec61850.ServerAssociation - Got a GetDataValues request for node: IEDBiogasCHP/MMXU1.VAr.phsC.rangeC.hhLim.i: 0
calling GetDataValues(IEDBiogasCHP/MMXU1.VAr.phsC.rangeC.hhLim.f)
14:23:47.327 [openiec61850-osi-server-7-thread-1] DEBUG com.beanit.openiec61850.ServerAssociation - Got a GetDataValues request for node: IEDBiogasCHP/MMXU1.VAr.phsC.rangeC.hhLim.f: 0.0
calling GetDataValues(IEDBiogasCHP/MMXU1.VAr.phsC.rangeC.hLim)
14:23:47.327 [openiec61850-osi-server-7-thread-1] DEBUG com.beanit.openiec61850.ServerAssociation - Got a GetDataValues request for node: IEDBiogasCHP/MMXU1.VAr.phsC.rangeC.hLim [CF]
IEDBiogasCHP/MMXU1.VAr.phsC.rangeC.hLim.i: 0
IEDBiogasCHP/MMXU1.VAr.phsC.rangeC.hLim.f: 0.0
14:23:47.327 [openiec61850-osi-server-7-thread-1] DEBUG com.beanit.openiec61850.ServerAssociation - sub BDA is:IEDBiogasCHP/MMXU1.VAr.phsC.rangeC.hLim.i: 0
14:23:47.327 [openiec61850-osi-server-7-thread-1] DEBUG com.beanit.openiec61850.ServerAssociation - sub BDA is:IEDBiogasCHP/MMXU1.VAr.phsC.rangeC.hLim.f: 0.0
calling GetDataValues(IEDBiogasCHP/MMXU1.VAr.phsC.rangeC.hLim.i)
14:23:47.327 [openiec61850-osi-server-7-thread-1] DEBUG com.beanit.openiec61850.ServerAssociation - Got a GetDataValues request for node: IEDBiogasCHP/MMXU1.VAr.phsC.rangeC.hLim.i: 0
calling GetDataValues(IEDBiogasCHP/MMXU1.VAr.phsC.rangeC.hLim.f)
14:23:47.327 [openiec61850-osi-server-7-thread-1] DEBUG com.beanit.openiec61850.ServerAssociation - Got a GetDataValues request for node: IEDBiogasCHP/MMXU1.VAr.phsC.rangeC.hLim.f: 0.0
calling GetDataValues(IEDBiogasCHP/MMXU1.VAr.phsC.rangeC.lLim)
14:23:47.327 [openiec61850-osi-server-7-thread-1] DEBUG com.beanit.openiec61850.ServerAssociation - Got a GetDataValues request for node: IEDBiogasCHP/MMXU1.VAr.phsC.rangeC.lLim [CF]
IEDBiogasCHP/MMXU1.VAr.phsC.rangeC.lLim.i: 0
IEDBiogasCHP/MMXU1.VAr.phsC.rangeC.lLim.f: 0.0
14:23:47.327 [openiec61850-osi-server-7-thread-1] DEBUG com.beanit.openiec61850.ServerAssociation - sub BDA is:IEDBiogasCHP/MMXU1.VAr.phsC.rangeC.lLim.i: 0
14:23:47.327 [openiec61850-osi-server-7-thread-1] DEBUG com.beanit.openiec61850.ServerAssociation - sub BDA is:IEDBiogasCHP/MMXU1.VAr.phsC.rangeC.lLim.f: 0.0
calling GetDataValues(IEDBiogasCHP/MMXU1.VAr.phsC.rangeC.lLim.i)
14:23:47.328 [openiec61850-osi-server-7-thread-1] DEBUG com.beanit.openiec61850.ServerAssociation - Got a GetDataValues request for node: IEDBiogasCHP/MMXU1.VAr.phsC.rangeC.lLim.i: 0
calling GetDataValues(IEDBiogasCHP/MMXU1.VAr.phsC.rangeC.lLim.f)
14:23:47.328 [openiec61850-osi-server-7-thread-1] DEBUG com.beanit.openiec61850.ServerAssociation - Got a GetDataValues request for node: IEDBiogasCHP/MMXU1.VAr.phsC.rangeC.lLim.f: 0.0
calling GetDataValues(IEDBiogasCHP/MMXU1.VAr.phsC.rangeC.llLim)
14:23:47.328 [openiec61850-osi-server-7-thread-1] DEBUG com.beanit.openiec61850.ServerAssociation - Got a GetDataValues request for node: IEDBiogasCHP/MMXU1.VAr.phsC.rangeC.llLim [CF]
IEDBiogasCHP/MMXU1.VAr.phsC.rangeC.llLim.i: 0
IEDBiogasCHP/MMXU1.VAr.phsC.rangeC.llLim.f: 0.0
14:23:47.328 [openiec61850-osi-server-7-thread-1] DEBUG com.beanit.openiec61850.ServerAssociation - sub BDA is:IEDBiogasCHP/MMXU1.VAr.phsC.rangeC.llLim.i: 0
14:23:47.328 [openiec61850-osi-server-7-thread-1] DEBUG com.beanit.openiec61850.ServerAssociation - sub BDA is:IEDBiogasCHP/MMXU1.VAr.phsC.rangeC.llLim.f: 0.0
calling GetDataValues(IEDBiogasCHP/MMXU1.VAr.phsC.rangeC.llLim.i)
14:23:47.328 [openiec61850-osi-server-7-thread-1] DEBUG com.beanit.openiec61850.ServerAssociation - Got a GetDataValues request for node: IEDBiogasCHP/MMXU1.VAr.phsC.rangeC.llLim.i: 0
calling GetDataValues(IEDBiogasCHP/MMXU1.VAr.phsC.rangeC.llLim.f)
14:23:47.328 [openiec61850-osi-server-7-thread-1] DEBUG com.beanit.openiec61850.ServerAssociation - Got a GetDataValues request for node: IEDBiogasCHP/MMXU1.VAr.phsC.rangeC.llLim.f: 0.0
calling GetDataValues(IEDBiogasCHP/MMXU1.VAr.phsC.rangeC.min)
14:23:47.328 [openiec61850-osi-server-7-thread-1] DEBUG com.beanit.openiec61850.ServerAssociation - Got a GetDataValues request for node: IEDBiogasCHP/MMXU1.VAr.phsC.rangeC.min [CF]
IEDBiogasCHP/MMXU1.VAr.phsC.rangeC.min.i: 0
IEDBiogasCHP/MMXU1.VAr.phsC.rangeC.min.f: 0.0
14:23:47.328 [openiec61850-osi-server-7-thread-1] DEBUG com.beanit.openiec61850.ServerAssociation - sub BDA is:IEDBiogasCHP/MMXU1.VAr.phsC.rangeC.min.i: 0
14:23:47.328 [openiec61850-osi-server-7-thread-1] DEBUG com.beanit.openiec61850.ServerAssociation - sub BDA is:IEDBiogasCHP/MMXU1.VAr.phsC.rangeC.min.f: 0.0
calling GetDataValues(IEDBiogasCHP/MMXU1.VAr.phsC.rangeC.min.i)
14:23:47.328 [openiec61850-osi-server-7-thread-1] DEBUG com.beanit.openiec61850.ServerAssociation - Got a GetDataValues request for node: IEDBiogasCHP/MMXU1.VAr.phsC.rangeC.min.i: 0
calling GetDataValues(IEDBiogasCHP/MMXU1.VAr.phsC.rangeC.min.f)
14:23:47.328 [openiec61850-osi-server-7-thread-1] DEBUG com.beanit.openiec61850.ServerAssociation - Got a GetDataValues request for node: IEDBiogasCHP/MMXU1.VAr.phsC.rangeC.min.f: 0.0
calling GetDataValues(IEDBiogasCHP/MMXU1.VAr.phsC.rangeC.max)
14:23:47.328 [openiec61850-osi-server-7-thread-1] DEBUG com.beanit.openiec61850.ServerAssociation - Got a GetDataValues request for node: IEDBiogasCHP/MMXU1.VAr.phsC.rangeC.max [CF]
IEDBiogasCHP/MMXU1.VAr.phsC.rangeC.max.i: 0
IEDBiogasCHP/MMXU1.VAr.phsC.rangeC.max.f: 0.0
14:23:47.328 [openiec61850-osi-server-7-thread-1] DEBUG com.beanit.openiec61850.ServerAssociation - sub BDA is:IEDBiogasCHP/MMXU1.VAr.phsC.rangeC.max.i: 0
14:23:47.328 [openiec61850-osi-server-7-thread-1] DEBUG com.beanit.openiec61850.ServerAssociation - sub BDA is:IEDBiogasCHP/MMXU1.VAr.phsC.rangeC.max.f: 0.0
calling GetDataValues(IEDBiogasCHP/MMXU1.VAr.phsC.rangeC.max.i)
14:23:47.329 [openiec61850-osi-server-7-thread-1] DEBUG com.beanit.openiec61850.ServerAssociation - Got a GetDataValues request for node: IEDBiogasCHP/MMXU1.VAr.phsC.rangeC.max.i: 0
calling GetDataValues(IEDBiogasCHP/MMXU1.VAr.phsC.rangeC.max.f)
14:23:47.329 [openiec61850-osi-server-7-thread-1] DEBUG com.beanit.openiec61850.ServerAssociation - Got a GetDataValues request for node: IEDBiogasCHP/MMXU1.VAr.phsC.rangeC.max.f: 0.0
calling GetDataValues(IEDBiogasCHP/MMXU1.VAr.phsC.magSVC)
14:23:47.329 [openiec61850-osi-server-7-thread-1] DEBUG com.beanit.openiec61850.ServerAssociation - Got a GetDataValues request for node: IEDBiogasCHP/MMXU1.VAr.phsC.magSVC [CF]
IEDBiogasCHP/MMXU1.VAr.phsC.magSVC.scaleFactor: 0.0
IEDBiogasCHP/MMXU1.VAr.phsC.magSVC.offset: 0.0
14:23:47.329 [openiec61850-osi-server-7-thread-1] DEBUG com.beanit.openiec61850.ServerAssociation - sub BDA is:IEDBiogasCHP/MMXU1.VAr.phsC.magSVC.scaleFactor: 0.0
14:23:47.329 [openiec61850-osi-server-7-thread-1] DEBUG com.beanit.openiec61850.ServerAssociation - sub BDA is:IEDBiogasCHP/MMXU1.VAr.phsC.magSVC.offset: 0.0
calling GetDataValues(IEDBiogasCHP/MMXU1.VAr.phsC.magSVC.scaleFactor)
14:23:47.329 [openiec61850-osi-server-7-thread-1] DEBUG com.beanit.openiec61850.ServerAssociation - Got a GetDataValues request for node: IEDBiogasCHP/MMXU1.VAr.phsC.magSVC.scaleFactor: 0.0
calling GetDataValues(IEDBiogasCHP/MMXU1.VAr.phsC.magSVC.offset)
14:23:47.329 [openiec61850-osi-server-7-thread-1] DEBUG com.beanit.openiec61850.ServerAssociation - Got a GetDataValues request for node: IEDBiogasCHP/MMXU1.VAr.phsC.magSVC.offset: 0.0
calling GetDataValues(IEDBiogasCHP/MMXU1.VAr.phsC.angSVC)
14:23:47.329 [openiec61850-osi-server-7-thread-1] DEBUG com.beanit.openiec61850.ServerAssociation - Got a GetDataValues request for node: IEDBiogasCHP/MMXU1.VAr.phsC.angSVC [CF]
IEDBiogasCHP/MMXU1.VAr.phsC.angSVC.scaleFactor: 0.0
IEDBiogasCHP/MMXU1.VAr.phsC.angSVC.offset: 0.0
14:23:47.329 [openiec61850-osi-server-7-thread-1] DEBUG com.beanit.openiec61850.ServerAssociation - sub BDA is:IEDBiogasCHP/MMXU1.VAr.phsC.angSVC.scaleFactor: 0.0
14:23:47.329 [openiec61850-osi-server-7-thread-1] DEBUG com.beanit.openiec61850.ServerAssociation - sub BDA is:IEDBiogasCHP/MMXU1.VAr.phsC.angSVC.offset: 0.0
calling GetDataValues(IEDBiogasCHP/MMXU1.VAr.phsC.angSVC.scaleFactor)
14:23:47.329 [openiec61850-osi-server-7-thread-1] DEBUG com.beanit.openiec61850.ServerAssociation - Got a GetDataValues request for node: IEDBiogasCHP/MMXU1.VAr.phsC.angSVC.scaleFactor: 0.0
calling GetDataValues(IEDBiogasCHP/MMXU1.VAr.phsC.angSVC.offset)
14:23:47.329 [openiec61850-osi-server-7-thread-1] DEBUG com.beanit.openiec61850.ServerAssociation - Got a GetDataValues request for node: IEDBiogasCHP/MMXU1.VAr.phsC.angSVC.offset: 0.0
calling GetDataValues(IEDBiogasCHP/MMXU1.VAr.phsC.angRef)
14:23:47.330 [openiec61850-osi-server-7-thread-1] DEBUG com.beanit.openiec61850.ServerAssociation - Got a GetDataValues request for node: IEDBiogasCHP/MMXU1.VAr.phsC.angRef: 0
calling GetDataValues(IEDBiogasCHP/MMXU1.VAr.phsC.smpRate)
14:23:47.330 [openiec61850-osi-server-7-thread-1] DEBUG com.beanit.openiec61850.ServerAssociation - Got a GetDataValues request for node: IEDBiogasCHP/MMXU1.VAr.phsC.smpRate: 0
calling GetDataValues(IEDBiogasCHP/MMXU1.VAr.neut)
14:23:47.330 [openiec61850-osi-server-7-thread-1] DEBUG com.beanit.openiec61850.ServerAssociation - Got a GetDataValues request for node: IEDBiogasCHP/MMXU1.VAr.neut [CF]
IEDBiogasCHP/MMXU1.VAr.neut.units [CF]
IEDBiogasCHP/MMXU1.VAr.neut.units.SIUnit: 0
IEDBiogasCHP/MMXU1.VAr.neut.units.multiplier: 0
IEDBiogasCHP/MMXU1.VAr.neut.db: 0
IEDBiogasCHP/MMXU1.VAr.neut.zeroDb: 0
IEDBiogasCHP/MMXU1.VAr.neut.rangeC [CF]
IEDBiogasCHP/MMXU1.VAr.neut.rangeC.hhLim [CF]
IEDBiogasCHP/MMXU1.VAr.neut.rangeC.hhLim.i: 0
IEDBiogasCHP/MMXU1.VAr.neut.rangeC.hhLim.f: 0.0
IEDBiogasCHP/MMXU1.VAr.neut.rangeC.hLim [CF]
IEDBiogasCHP/MMXU1.VAr.neut.rangeC.hLim.i: 0
IEDBiogasCHP/MMXU1.VAr.neut.rangeC.hLim.f: 0.0
IEDBiogasCHP/MMXU1.VAr.neut.rangeC.lLim [CF]
IEDBiogasCHP/MMXU1.VAr.neut.rangeC.lLim.i: 0
IEDBiogasCHP/MMXU1.VAr.neut.rangeC.lLim.f: 0.0
IEDBiogasCHP/MMXU1.VAr.neut.rangeC.llLim [CF]
IEDBiogasCHP/MMXU1.VAr.neut.rangeC.llLim.i: 0
IEDBiogasCHP/MMXU1.VAr.neut.rangeC.llLim.f: 0.0
IEDBiogasCHP/MMXU1.VAr.neut.rangeC.min [CF]
IEDBiogasCHP/MMXU1.VAr.neut.rangeC.min.i: 0
IEDBiogasCHP/MMXU1.VAr.neut.rangeC.min.f: 0.0
IEDBiogasCHP/MMXU1.VAr.neut.rangeC.max [CF]
IEDBiogasCHP/MMXU1.VAr.neut.rangeC.max.i: 0
IEDBiogasCHP/MMXU1.VAr.neut.rangeC.max.f: 0.0
IEDBiogasCHP/MMXU1.VAr.neut.magSVC [CF]
IEDBiogasCHP/MMXU1.VAr.neut.magSVC.scaleFactor: 0.0
IEDBiogasCHP/MMXU1.VAr.neut.magSVC.offset: 0.0
IEDBiogasCHP/MMXU1.VAr.neut.angSVC [CF]
IEDBiogasCHP/MMXU1.VAr.neut.angSVC.scaleFactor: 0.0
IEDBiogasCHP/MMXU1.VAr.neut.angSVC.offset: 0.0
IEDBiogasCHP/MMXU1.VAr.neut.angRef: 0
IEDBiogasCHP/MMXU1.VAr.neut.smpRate: 0
14:23:47.330 [openiec61850-osi-server-7-thread-1] DEBUG com.beanit.openiec61850.ServerAssociation - sub BDA is:IEDBiogasCHP/MMXU1.VAr.neut.units.SIUnit: 0
14:23:47.330 [openiec61850-osi-server-7-thread-1] DEBUG com.beanit.openiec61850.ServerAssociation - sub BDA is:IEDBiogasCHP/MMXU1.VAr.neut.units.multiplier: 0
14:23:47.330 [openiec61850-osi-server-7-thread-1] DEBUG com.beanit.openiec61850.ServerAssociation - sub BDA is:IEDBiogasCHP/MMXU1.VAr.neut.db: 0
14:23:47.330 [openiec61850-osi-server-7-thread-1] DEBUG com.beanit.openiec61850.ServerAssociation - sub BDA is:IEDBiogasCHP/MMXU1.VAr.neut.zeroDb: 0
14:23:47.330 [openiec61850-osi-server-7-thread-1] DEBUG com.beanit.openiec61850.ServerAssociation - sub BDA is:IEDBiogasCHP/MMXU1.VAr.neut.rangeC.hhLim.i: 0
14:23:47.330 [openiec61850-osi-server-7-thread-1] DEBUG com.beanit.openiec61850.ServerAssociation - sub BDA is:IEDBiogasCHP/MMXU1.VAr.neut.rangeC.hhLim.f: 0.0
14:23:47.330 [openiec61850-osi-server-7-thread-1] DEBUG com.beanit.openiec61850.ServerAssociation - sub BDA is:IEDBiogasCHP/MMXU1.VAr.neut.rangeC.hLim.i: 0
14:23:47.330 [openiec61850-osi-server-7-thread-1] DEBUG com.beanit.openiec61850.ServerAssociation - sub BDA is:IEDBiogasCHP/MMXU1.VAr.neut.rangeC.hLim.f: 0.0
14:23:47.330 [openiec61850-osi-server-7-thread-1] DEBUG com.beanit.openiec61850.ServerAssociation - sub BDA is:IEDBiogasCHP/MMXU1.VAr.neut.rangeC.lLim.i: 0
14:23:47.330 [openiec61850-osi-server-7-thread-1] DEBUG com.beanit.openiec61850.ServerAssociation - sub BDA is:IEDBiogasCHP/MMXU1.VAr.neut.rangeC.lLim.f: 0.0
14:23:47.330 [openiec61850-osi-server-7-thread-1] DEBUG com.beanit.openiec61850.ServerAssociation - sub BDA is:IEDBiogasCHP/MMXU1.VAr.neut.rangeC.llLim.i: 0
14:23:47.330 [openiec61850-osi-server-7-thread-1] DEBUG com.beanit.openiec61850.ServerAssociation - sub BDA is:IEDBiogasCHP/MMXU1.VAr.neut.rangeC.llLim.f: 0.0
14:23:47.330 [openiec61850-osi-server-7-thread-1] DEBUG com.beanit.openiec61850.ServerAssociation - sub BDA is:IEDBiogasCHP/MMXU1.VAr.neut.rangeC.min.i: 0
14:23:47.330 [openiec61850-osi-server-7-thread-1] DEBUG com.beanit.openiec61850.ServerAssociation - sub BDA is:IEDBiogasCHP/MMXU1.VAr.neut.rangeC.min.f: 0.0
14:23:47.330 [openiec61850-osi-server-7-thread-1] DEBUG com.beanit.openiec61850.ServerAssociation - sub BDA is:IEDBiogasCHP/MMXU1.VAr.neut.rangeC.max.i: 0
14:23:47.330 [openiec61850-osi-server-7-thread-1] DEBUG com.beanit.openiec61850.ServerAssociation - sub BDA is:IEDBiogasCHP/MMXU1.VAr.neut.rangeC.max.f: 0.0
14:23:47.330 [openiec61850-osi-server-7-thread-1] DEBUG com.beanit.openiec61850.ServerAssociation - sub BDA is:IEDBiogasCHP/MMXU1.VAr.neut.magSVC.scaleFactor: 0.0
14:23:47.330 [openiec61850-osi-server-7-thread-1] DEBUG com.beanit.openiec61850.ServerAssociation - sub BDA is:IEDBiogasCHP/MMXU1.VAr.neut.magSVC.offset: 0.0
14:23:47.330 [openiec61850-osi-server-7-thread-1] DEBUG com.beanit.openiec61850.ServerAssociation - sub BDA is:IEDBiogasCHP/MMXU1.VAr.neut.angSVC.scaleFactor: 0.0
14:23:47.330 [openiec61850-osi-server-7-thread-1] DEBUG com.beanit.openiec61850.ServerAssociation - sub BDA is:IEDBiogasCHP/MMXU1.VAr.neut.angSVC.offset: 0.0
14:23:47.330 [openiec61850-osi-server-7-thread-1] DEBUG com.beanit.openiec61850.ServerAssociation - sub BDA is:IEDBiogasCHP/MMXU1.VAr.neut.angRef: 0
14:23:47.330 [openiec61850-osi-server-7-thread-1] DEBUG com.beanit.openiec61850.ServerAssociation - sub BDA is:IEDBiogasCHP/MMXU1.VAr.neut.smpRate: 0
calling GetDataValues(IEDBiogasCHP/MMXU1.VAr.neut.units)
14:23:47.330 [openiec61850-osi-server-7-thread-1] DEBUG com.beanit.openiec61850.ServerAssociation - Got a GetDataValues request for node: IEDBiogasCHP/MMXU1.VAr.neut.units [CF]
IEDBiogasCHP/MMXU1.VAr.neut.units.SIUnit: 0
IEDBiogasCHP/MMXU1.VAr.neut.units.multiplier: 0
14:23:47.330 [openiec61850-osi-server-7-thread-1] DEBUG com.beanit.openiec61850.ServerAssociation - sub BDA is:IEDBiogasCHP/MMXU1.VAr.neut.units.SIUnit: 0
14:23:47.330 [openiec61850-osi-server-7-thread-1] DEBUG com.beanit.openiec61850.ServerAssociation - sub BDA is:IEDBiogasCHP/MMXU1.VAr.neut.units.multiplier: 0
calling GetDataValues(IEDBiogasCHP/MMXU1.VAr.neut.units.SIUnit)
14:23:47.330 [openiec61850-osi-server-7-thread-1] DEBUG com.beanit.openiec61850.ServerAssociation - Got a GetDataValues request for node: IEDBiogasCHP/MMXU1.VAr.neut.units.SIUnit: 0
calling GetDataValues(IEDBiogasCHP/MMXU1.VAr.neut.units.multiplier)
14:23:47.330 [openiec61850-osi-server-7-thread-1] DEBUG com.beanit.openiec61850.ServerAssociation - Got a GetDataValues request for node: IEDBiogasCHP/MMXU1.VAr.neut.units.multiplier: 0
calling GetDataValues(IEDBiogasCHP/MMXU1.VAr.neut.db)
14:23:47.331 [openiec61850-osi-server-7-thread-1] DEBUG com.beanit.openiec61850.ServerAssociation - Got a GetDataValues request for node: IEDBiogasCHP/MMXU1.VAr.neut.db: 0
calling GetDataValues(IEDBiogasCHP/MMXU1.VAr.neut.zeroDb)
14:23:47.331 [openiec61850-osi-server-7-thread-1] DEBUG com.beanit.openiec61850.ServerAssociation - Got a GetDataValues request for node: IEDBiogasCHP/MMXU1.VAr.neut.zeroDb: 0
calling GetDataValues(IEDBiogasCHP/MMXU1.VAr.neut.rangeC)
14:23:47.331 [openiec61850-osi-server-7-thread-1] DEBUG com.beanit.openiec61850.ServerAssociation - Got a GetDataValues request for node: IEDBiogasCHP/MMXU1.VAr.neut.rangeC [CF]
IEDBiogasCHP/MMXU1.VAr.neut.rangeC.hhLim [CF]
IEDBiogasCHP/MMXU1.VAr.neut.rangeC.hhLim.i: 0
IEDBiogasCHP/MMXU1.VAr.neut.rangeC.hhLim.f: 0.0
IEDBiogasCHP/MMXU1.VAr.neut.rangeC.hLim [CF]
IEDBiogasCHP/MMXU1.VAr.neut.rangeC.hLim.i: 0
IEDBiogasCHP/MMXU1.VAr.neut.rangeC.hLim.f: 0.0
IEDBiogasCHP/MMXU1.VAr.neut.rangeC.lLim [CF]
IEDBiogasCHP/MMXU1.VAr.neut.rangeC.lLim.i: 0
IEDBiogasCHP/MMXU1.VAr.neut.rangeC.lLim.f: 0.0
IEDBiogasCHP/MMXU1.VAr.neut.rangeC.llLim [CF]
IEDBiogasCHP/MMXU1.VAr.neut.rangeC.llLim.i: 0
IEDBiogasCHP/MMXU1.VAr.neut.rangeC.llLim.f: 0.0
IEDBiogasCHP/MMXU1.VAr.neut.rangeC.min [CF]
IEDBiogasCHP/MMXU1.VAr.neut.rangeC.min.i: 0
IEDBiogasCHP/MMXU1.VAr.neut.rangeC.min.f: 0.0
IEDBiogasCHP/MMXU1.VAr.neut.rangeC.max [CF]
IEDBiogasCHP/MMXU1.VAr.neut.rangeC.max.i: 0
IEDBiogasCHP/MMXU1.VAr.neut.rangeC.max.f: 0.0
14:23:47.331 [openiec61850-osi-server-7-thread-1] DEBUG com.beanit.openiec61850.ServerAssociation - sub BDA is:IEDBiogasCHP/MMXU1.VAr.neut.rangeC.hhLim.i: 0
14:23:47.331 [openiec61850-osi-server-7-thread-1] DEBUG com.beanit.openiec61850.ServerAssociation - sub BDA is:IEDBiogasCHP/MMXU1.VAr.neut.rangeC.hhLim.f: 0.0
14:23:47.331 [openiec61850-osi-server-7-thread-1] DEBUG com.beanit.openiec61850.ServerAssociation - sub BDA is:IEDBiogasCHP/MMXU1.VAr.neut.rangeC.hLim.i: 0
14:23:47.331 [openiec61850-osi-server-7-thread-1] DEBUG com.beanit.openiec61850.ServerAssociation - sub BDA is:IEDBiogasCHP/MMXU1.VAr.neut.rangeC.hLim.f: 0.0
14:23:47.331 [openiec61850-osi-server-7-thread-1] DEBUG com.beanit.openiec61850.ServerAssociation - sub BDA is:IEDBiogasCHP/MMXU1.VAr.neut.rangeC.lLim.i: 0
14:23:47.331 [openiec61850-osi-server-7-thread-1] DEBUG com.beanit.openiec61850.ServerAssociation - sub BDA is:IEDBiogasCHP/MMXU1.VAr.neut.rangeC.lLim.f: 0.0
14:23:47.331 [openiec61850-osi-server-7-thread-1] DEBUG com.beanit.openiec61850.ServerAssociation - sub BDA is:IEDBiogasCHP/MMXU1.VAr.neut.rangeC.llLim.i: 0
14:23:47.331 [openiec61850-osi-server-7-thread-1] DEBUG com.beanit.openiec61850.ServerAssociation - sub BDA is:IEDBiogasCHP/MMXU1.VAr.neut.rangeC.llLim.f: 0.0
14:23:47.331 [openiec61850-osi-server-7-thread-1] DEBUG com.beanit.openiec61850.ServerAssociation - sub BDA is:IEDBiogasCHP/MMXU1.VAr.neut.rangeC.min.i: 0
14:23:47.331 [openiec61850-osi-server-7-thread-1] DEBUG com.beanit.openiec61850.ServerAssociation - sub BDA is:IEDBiogasCHP/MMXU1.VAr.neut.rangeC.min.f: 0.0
14:23:47.331 [openiec61850-osi-server-7-thread-1] DEBUG com.beanit.openiec61850.ServerAssociation - sub BDA is:IEDBiogasCHP/MMXU1.VAr.neut.rangeC.max.i: 0
14:23:47.331 [openiec61850-osi-server-7-thread-1] DEBUG com.beanit.openiec61850.ServerAssociation - sub BDA is:IEDBiogasCHP/MMXU1.VAr.neut.rangeC.max.f: 0.0
calling GetDataValues(IEDBiogasCHP/MMXU1.VAr.neut.rangeC.hhLim)
14:23:47.331 [openiec61850-osi-server-7-thread-1] DEBUG com.beanit.openiec61850.ServerAssociation - Got a GetDataValues request for node: IEDBiogasCHP/MMXU1.VAr.neut.rangeC.hhLim [CF]
IEDBiogasCHP/MMXU1.VAr.neut.rangeC.hhLim.i: 0
IEDBiogasCHP/MMXU1.VAr.neut.rangeC.hhLim.f: 0.0
14:23:47.331 [openiec61850-osi-server-7-thread-1] DEBUG com.beanit.openiec61850.ServerAssociation - sub BDA is:IEDBiogasCHP/MMXU1.VAr.neut.rangeC.hhLim.i: 0
14:23:47.331 [openiec61850-osi-server-7-thread-1] DEBUG com.beanit.openiec61850.ServerAssociation - sub BDA is:IEDBiogasCHP/MMXU1.VAr.neut.rangeC.hhLim.f: 0.0
calling GetDataValues(IEDBiogasCHP/MMXU1.VAr.neut.rangeC.hhLim.i)
14:23:47.331 [openiec61850-osi-server-7-thread-1] DEBUG com.beanit.openiec61850.ServerAssociation - Got a GetDataValues request for node: IEDBiogasCHP/MMXU1.VAr.neut.rangeC.hhLim.i: 0
calling GetDataValues(IEDBiogasCHP/MMXU1.VAr.neut.rangeC.hhLim.f)
14:23:47.331 [openiec61850-osi-server-7-thread-1] DEBUG com.beanit.openiec61850.ServerAssociation - Got a GetDataValues request for node: IEDBiogasCHP/MMXU1.VAr.neut.rangeC.hhLim.f: 0.0
calling GetDataValues(IEDBiogasCHP/MMXU1.VAr.neut.rangeC.hLim)
14:23:47.332 [openiec61850-osi-server-7-thread-1] DEBUG com.beanit.openiec61850.ServerAssociation - Got a GetDataValues request for node: IEDBiogasCHP/MMXU1.VAr.neut.rangeC.hLim [CF]
IEDBiogasCHP/MMXU1.VAr.neut.rangeC.hLim.i: 0
IEDBiogasCHP/MMXU1.VAr.neut.rangeC.hLim.f: 0.0
14:23:47.332 [openiec61850-osi-server-7-thread-1] DEBUG com.beanit.openiec61850.ServerAssociation - sub BDA is:IEDBiogasCHP/MMXU1.VAr.neut.rangeC.hLim.i: 0
14:23:47.332 [openiec61850-osi-server-7-thread-1] DEBUG com.beanit.openiec61850.ServerAssociation - sub BDA is:IEDBiogasCHP/MMXU1.VAr.neut.rangeC.hLim.f: 0.0
calling GetDataValues(IEDBiogasCHP/MMXU1.VAr.neut.rangeC.hLim.i)
14:23:47.332 [openiec61850-osi-server-7-thread-1] DEBUG com.beanit.openiec61850.ServerAssociation - Got a GetDataValues request for node: IEDBiogasCHP/MMXU1.VAr.neut.rangeC.hLim.i: 0
calling GetDataValues(IEDBiogasCHP/MMXU1.VAr.neut.rangeC.hLim.f)
14:23:47.332 [openiec61850-osi-server-7-thread-1] DEBUG com.beanit.openiec61850.ServerAssociation - Got a GetDataValues request for node: IEDBiogasCHP/MMXU1.VAr.neut.rangeC.hLim.f: 0.0
calling GetDataValues(IEDBiogasCHP/MMXU1.VAr.neut.rangeC.lLim)
14:23:47.332 [openiec61850-osi-server-7-thread-1] DEBUG com.beanit.openiec61850.ServerAssociation - Got a GetDataValues request for node: IEDBiogasCHP/MMXU1.VAr.neut.rangeC.lLim [CF]
IEDBiogasCHP/MMXU1.VAr.neut.rangeC.lLim.i: 0
IEDBiogasCHP/MMXU1.VAr.neut.rangeC.lLim.f: 0.0
14:23:47.332 [openiec61850-osi-server-7-thread-1] DEBUG com.beanit.openiec61850.ServerAssociation - sub BDA is:IEDBiogasCHP/MMXU1.VAr.neut.rangeC.lLim.i: 0
14:23:47.332 [openiec61850-osi-server-7-thread-1] DEBUG com.beanit.openiec61850.ServerAssociation - sub BDA is:IEDBiogasCHP/MMXU1.VAr.neut.rangeC.lLim.f: 0.0
calling GetDataValues(IEDBiogasCHP/MMXU1.VAr.neut.rangeC.lLim.i)
14:23:47.332 [openiec61850-osi-server-7-thread-1] DEBUG com.beanit.openiec61850.ServerAssociation - Got a GetDataValues request for node: IEDBiogasCHP/MMXU1.VAr.neut.rangeC.lLim.i: 0
calling GetDataValues(IEDBiogasCHP/MMXU1.VAr.neut.rangeC.lLim.f)
14:23:47.332 [openiec61850-osi-server-7-thread-1] DEBUG com.beanit.openiec61850.ServerAssociation - Got a GetDataValues request for node: IEDBiogasCHP/MMXU1.VAr.neut.rangeC.lLim.f: 0.0
calling GetDataValues(IEDBiogasCHP/MMXU1.VAr.neut.rangeC.llLim)
14:23:47.332 [openiec61850-osi-server-7-thread-1] DEBUG com.beanit.openiec61850.ServerAssociation - Got a GetDataValues request for node: IEDBiogasCHP/MMXU1.VAr.neut.rangeC.llLim [CF]
IEDBiogasCHP/MMXU1.VAr.neut.rangeC.llLim.i: 0
IEDBiogasCHP/MMXU1.VAr.neut.rangeC.llLim.f: 0.0
14:23:47.332 [openiec61850-osi-server-7-thread-1] DEBUG com.beanit.openiec61850.ServerAssociation - sub BDA is:IEDBiogasCHP/MMXU1.VAr.neut.rangeC.llLim.i: 0
14:23:47.332 [openiec61850-osi-server-7-thread-1] DEBUG com.beanit.openiec61850.ServerAssociation - sub BDA is:IEDBiogasCHP/MMXU1.VAr.neut.rangeC.llLim.f: 0.0
calling GetDataValues(IEDBiogasCHP/MMXU1.VAr.neut.rangeC.llLim.i)
14:23:47.332 [openiec61850-osi-server-7-thread-1] DEBUG com.beanit.openiec61850.ServerAssociation - Got a GetDataValues request for node: IEDBiogasCHP/MMXU1.VAr.neut.rangeC.llLim.i: 0
calling GetDataValues(IEDBiogasCHP/MMXU1.VAr.neut.rangeC.llLim.f)
14:23:47.332 [openiec61850-osi-server-7-thread-1] DEBUG com.beanit.openiec61850.ServerAssociation - Got a GetDataValues request for node: IEDBiogasCHP/MMXU1.VAr.neut.rangeC.llLim.f: 0.0
calling GetDataValues(IEDBiogasCHP/MMXU1.VAr.neut.rangeC.min)
14:23:47.333 [openiec61850-osi-server-7-thread-1] DEBUG com.beanit.openiec61850.ServerAssociation - Got a GetDataValues request for node: IEDBiogasCHP/MMXU1.VAr.neut.rangeC.min [CF]
IEDBiogasCHP/MMXU1.VAr.neut.rangeC.min.i: 0
IEDBiogasCHP/MMXU1.VAr.neut.rangeC.min.f: 0.0
14:23:47.333 [openiec61850-osi-server-7-thread-1] DEBUG com.beanit.openiec61850.ServerAssociation - sub BDA is:IEDBiogasCHP/MMXU1.VAr.neut.rangeC.min.i: 0
14:23:47.333 [openiec61850-osi-server-7-thread-1] DEBUG com.beanit.openiec61850.ServerAssociation - sub BDA is:IEDBiogasCHP/MMXU1.VAr.neut.rangeC.min.f: 0.0
calling GetDataValues(IEDBiogasCHP/MMXU1.VAr.neut.rangeC.min.i)
14:23:47.333 [openiec61850-osi-server-7-thread-1] DEBUG com.beanit.openiec61850.ServerAssociation - Got a GetDataValues request for node: IEDBiogasCHP/MMXU1.VAr.neut.rangeC.min.i: 0
calling GetDataValues(IEDBiogasCHP/MMXU1.VAr.neut.rangeC.min.f)
14:23:47.333 [openiec61850-osi-server-7-thread-1] DEBUG com.beanit.openiec61850.ServerAssociation - Got a GetDataValues request for node: IEDBiogasCHP/MMXU1.VAr.neut.rangeC.min.f: 0.0
calling GetDataValues(IEDBiogasCHP/MMXU1.VAr.neut.rangeC.max)
14:23:47.333 [openiec61850-osi-server-7-thread-1] DEBUG com.beanit.openiec61850.ServerAssociation - Got a GetDataValues request for node: IEDBiogasCHP/MMXU1.VAr.neut.rangeC.max [CF]
IEDBiogasCHP/MMXU1.VAr.neut.rangeC.max.i: 0
IEDBiogasCHP/MMXU1.VAr.neut.rangeC.max.f: 0.0
14:23:47.333 [openiec61850-osi-server-7-thread-1] DEBUG com.beanit.openiec61850.ServerAssociation - sub BDA is:IEDBiogasCHP/MMXU1.VAr.neut.rangeC.max.i: 0
14:23:47.333 [openiec61850-osi-server-7-thread-1] DEBUG com.beanit.openiec61850.ServerAssociation - sub BDA is:IEDBiogasCHP/MMXU1.VAr.neut.rangeC.max.f: 0.0
calling GetDataValues(IEDBiogasCHP/MMXU1.VAr.neut.rangeC.max.i)
14:23:47.333 [openiec61850-osi-server-7-thread-1] DEBUG com.beanit.openiec61850.ServerAssociation - Got a GetDataValues request for node: IEDBiogasCHP/MMXU1.VAr.neut.rangeC.max.i: 0
calling GetDataValues(IEDBiogasCHP/MMXU1.VAr.neut.rangeC.max.f)
14:23:47.333 [openiec61850-osi-server-7-thread-1] DEBUG com.beanit.openiec61850.ServerAssociation - Got a GetDataValues request for node: IEDBiogasCHP/MMXU1.VAr.neut.rangeC.max.f: 0.0
calling GetDataValues(IEDBiogasCHP/MMXU1.VAr.neut.magSVC)
14:23:47.333 [openiec61850-osi-server-7-thread-1] DEBUG com.beanit.openiec61850.ServerAssociation - Got a GetDataValues request for node: IEDBiogasCHP/MMXU1.VAr.neut.magSVC [CF]
IEDBiogasCHP/MMXU1.VAr.neut.magSVC.scaleFactor: 0.0
IEDBiogasCHP/MMXU1.VAr.neut.magSVC.offset: 0.0
14:23:47.333 [openiec61850-osi-server-7-thread-1] DEBUG com.beanit.openiec61850.ServerAssociation - sub BDA is:IEDBiogasCHP/MMXU1.VAr.neut.magSVC.scaleFactor: 0.0
14:23:47.333 [openiec61850-osi-server-7-thread-1] DEBUG com.beanit.openiec61850.ServerAssociation - sub BDA is:IEDBiogasCHP/MMXU1.VAr.neut.magSVC.offset: 0.0
calling GetDataValues(IEDBiogasCHP/MMXU1.VAr.neut.magSVC.scaleFactor)
14:23:47.334 [openiec61850-osi-server-7-thread-1] DEBUG com.beanit.openiec61850.ServerAssociation - Got a GetDataValues request for node: IEDBiogasCHP/MMXU1.VAr.neut.magSVC.scaleFactor: 0.0
calling GetDataValues(IEDBiogasCHP/MMXU1.VAr.neut.magSVC.offset)
14:23:47.334 [openiec61850-osi-server-7-thread-1] DEBUG com.beanit.openiec61850.ServerAssociation - Got a GetDataValues request for node: IEDBiogasCHP/MMXU1.VAr.neut.magSVC.offset: 0.0
calling GetDataValues(IEDBiogasCHP/MMXU1.VAr.neut.angSVC)
14:23:47.334 [openiec61850-osi-server-7-thread-1] DEBUG com.beanit.openiec61850.ServerAssociation - Got a GetDataValues request for node: IEDBiogasCHP/MMXU1.VAr.neut.angSVC [CF]
IEDBiogasCHP/MMXU1.VAr.neut.angSVC.scaleFactor: 0.0
IEDBiogasCHP/MMXU1.VAr.neut.angSVC.offset: 0.0
14:23:47.334 [openiec61850-osi-server-7-thread-1] DEBUG com.beanit.openiec61850.ServerAssociation - sub BDA is:IEDBiogasCHP/MMXU1.VAr.neut.angSVC.scaleFactor: 0.0
14:23:47.334 [openiec61850-osi-server-7-thread-1] DEBUG com.beanit.openiec61850.ServerAssociation - sub BDA is:IEDBiogasCHP/MMXU1.VAr.neut.angSVC.offset: 0.0
calling GetDataValues(IEDBiogasCHP/MMXU1.VAr.neut.angSVC.scaleFactor)
14:23:47.334 [openiec61850-osi-server-7-thread-1] DEBUG com.beanit.openiec61850.ServerAssociation - Got a GetDataValues request for node: IEDBiogasCHP/MMXU1.VAr.neut.angSVC.scaleFactor: 0.0
calling GetDataValues(IEDBiogasCHP/MMXU1.VAr.neut.angSVC.offset)
14:23:47.334 [openiec61850-osi-server-7-thread-1] DEBUG com.beanit.openiec61850.ServerAssociation - Got a GetDataValues request for node: IEDBiogasCHP/MMXU1.VAr.neut.angSVC.offset: 0.0
calling GetDataValues(IEDBiogasCHP/MMXU1.VAr.neut.angRef)
14:23:47.334 [openiec61850-osi-server-7-thread-1] DEBUG com.beanit.openiec61850.ServerAssociation - Got a GetDataValues request for node: IEDBiogasCHP/MMXU1.VAr.neut.angRef: 0
calling GetDataValues(IEDBiogasCHP/MMXU1.VAr.neut.smpRate)
14:23:47.334 [openiec61850-osi-server-7-thread-1] DEBUG com.beanit.openiec61850.ServerAssociation - Got a GetDataValues request for node: IEDBiogasCHP/MMXU1.VAr.neut.smpRate: 0
calling GetDataValues(IEDBiogasCHP/MMXU1.VAr.net)
14:23:47.334 [openiec61850-osi-server-7-thread-1] DEBUG com.beanit.openiec61850.ServerAssociation - Got a GetDataValues request for node: IEDBiogasCHP/MMXU1.VAr.net [CF]
IEDBiogasCHP/MMXU1.VAr.net.units [CF]
IEDBiogasCHP/MMXU1.VAr.net.units.SIUnit: 0
IEDBiogasCHP/MMXU1.VAr.net.units.multiplier: 0
IEDBiogasCHP/MMXU1.VAr.net.db: 0
IEDBiogasCHP/MMXU1.VAr.net.zeroDb: 0
IEDBiogasCHP/MMXU1.VAr.net.rangeC [CF]
IEDBiogasCHP/MMXU1.VAr.net.rangeC.hhLim [CF]
IEDBiogasCHP/MMXU1.VAr.net.rangeC.hhLim.i: 0
IEDBiogasCHP/MMXU1.VAr.net.rangeC.hhLim.f: 0.0
IEDBiogasCHP/MMXU1.VAr.net.rangeC.hLim [CF]
IEDBiogasCHP/MMXU1.VAr.net.rangeC.hLim.i: 0
IEDBiogasCHP/MMXU1.VAr.net.rangeC.hLim.f: 0.0
IEDBiogasCHP/MMXU1.VAr.net.rangeC.lLim [CF]
IEDBiogasCHP/MMXU1.VAr.net.rangeC.lLim.i: 0
IEDBiogasCHP/MMXU1.VAr.net.rangeC.lLim.f: 0.0
IEDBiogasCHP/MMXU1.VAr.net.rangeC.llLim [CF]
IEDBiogasCHP/MMXU1.VAr.net.rangeC.llLim.i: 0
IEDBiogasCHP/MMXU1.VAr.net.rangeC.llLim.f: 0.0
IEDBiogasCHP/MMXU1.VAr.net.rangeC.min [CF]
IEDBiogasCHP/MMXU1.VAr.net.rangeC.min.i: 0
IEDBiogasCHP/MMXU1.VAr.net.rangeC.min.f: 0.0
IEDBiogasCHP/MMXU1.VAr.net.rangeC.max [CF]
IEDBiogasCHP/MMXU1.VAr.net.rangeC.max.i: 0
IEDBiogasCHP/MMXU1.VAr.net.rangeC.max.f: 0.0
IEDBiogasCHP/MMXU1.VAr.net.magSVC [CF]
IEDBiogasCHP/MMXU1.VAr.net.magSVC.scaleFactor: 0.0
IEDBiogasCHP/MMXU1.VAr.net.magSVC.offset: 0.0
IEDBiogasCHP/MMXU1.VAr.net.angSVC [CF]
IEDBiogasCHP/MMXU1.VAr.net.angSVC.scaleFactor: 0.0
IEDBiogasCHP/MMXU1.VAr.net.angSVC.offset: 0.0
IEDBiogasCHP/MMXU1.VAr.net.angRef: 0
IEDBiogasCHP/MMXU1.VAr.net.smpRate: 0
14:23:47.335 [openiec61850-osi-server-7-thread-1] DEBUG com.beanit.openiec61850.ServerAssociation - sub BDA is:IEDBiogasCHP/MMXU1.VAr.net.units.SIUnit: 0
14:23:47.335 [openiec61850-osi-server-7-thread-1] DEBUG com.beanit.openiec61850.ServerAssociation - sub BDA is:IEDBiogasCHP/MMXU1.VAr.net.units.multiplier: 0
14:23:47.335 [openiec61850-osi-server-7-thread-1] DEBUG com.beanit.openiec61850.ServerAssociation - sub BDA is:IEDBiogasCHP/MMXU1.VAr.net.db: 0
14:23:47.335 [openiec61850-osi-server-7-thread-1] DEBUG com.beanit.openiec61850.ServerAssociation - sub BDA is:IEDBiogasCHP/MMXU1.VAr.net.zeroDb: 0
14:23:47.335 [openiec61850-osi-server-7-thread-1] DEBUG com.beanit.openiec61850.ServerAssociation - sub BDA is:IEDBiogasCHP/MMXU1.VAr.net.rangeC.hhLim.i: 0
14:23:47.335 [openiec61850-osi-server-7-thread-1] DEBUG com.beanit.openiec61850.ServerAssociation - sub BDA is:IEDBiogasCHP/MMXU1.VAr.net.rangeC.hhLim.f: 0.0
14:23:47.335 [openiec61850-osi-server-7-thread-1] DEBUG com.beanit.openiec61850.ServerAssociation - sub BDA is:IEDBiogasCHP/MMXU1.VAr.net.rangeC.hLim.i: 0
14:23:47.335 [openiec61850-osi-server-7-thread-1] DEBUG com.beanit.openiec61850.ServerAssociation - sub BDA is:IEDBiogasCHP/MMXU1.VAr.net.rangeC.hLim.f: 0.0
14:23:47.335 [openiec61850-osi-server-7-thread-1] DEBUG com.beanit.openiec61850.ServerAssociation - sub BDA is:IEDBiogasCHP/MMXU1.VAr.net.rangeC.lLim.i: 0
14:23:47.335 [openiec61850-osi-server-7-thread-1] DEBUG com.beanit.openiec61850.ServerAssociation - sub BDA is:IEDBiogasCHP/MMXU1.VAr.net.rangeC.lLim.f: 0.0
14:23:47.335 [openiec61850-osi-server-7-thread-1] DEBUG com.beanit.openiec61850.ServerAssociation - sub BDA is:IEDBiogasCHP/MMXU1.VAr.net.rangeC.llLim.i: 0
14:23:47.335 [openiec61850-osi-server-7-thread-1] DEBUG com.beanit.openiec61850.ServerAssociation - sub BDA is:IEDBiogasCHP/MMXU1.VAr.net.rangeC.llLim.f: 0.0
14:23:47.335 [openiec61850-osi-server-7-thread-1] DEBUG com.beanit.openiec61850.ServerAssociation - sub BDA is:IEDBiogasCHP/MMXU1.VAr.net.rangeC.min.i: 0
14:23:47.335 [openiec61850-osi-server-7-thread-1] DEBUG com.beanit.openiec61850.ServerAssociation - sub BDA is:IEDBiogasCHP/MMXU1.VAr.net.rangeC.min.f: 0.0
14:23:47.335 [openiec61850-osi-server-7-thread-1] DEBUG com.beanit.openiec61850.ServerAssociation - sub BDA is:IEDBiogasCHP/MMXU1.VAr.net.rangeC.max.i: 0
14:23:47.335 [openiec61850-osi-server-7-thread-1] DEBUG com.beanit.openiec61850.ServerAssociation - sub BDA is:IEDBiogasCHP/MMXU1.VAr.net.rangeC.max.f: 0.0
14:23:47.335 [openiec61850-osi-server-7-thread-1] DEBUG com.beanit.openiec61850.ServerAssociation - sub BDA is:IEDBiogasCHP/MMXU1.VAr.net.magSVC.scaleFactor: 0.0
14:23:47.335 [openiec61850-osi-server-7-thread-1] DEBUG com.beanit.openiec61850.ServerAssociation - sub BDA is:IEDBiogasCHP/MMXU1.VAr.net.magSVC.offset: 0.0
14:23:47.335 [openiec61850-osi-server-7-thread-1] DEBUG com.beanit.openiec61850.ServerAssociation - sub BDA is:IEDBiogasCHP/MMXU1.VAr.net.angSVC.scaleFactor: 0.0
14:23:47.335 [openiec61850-osi-server-7-thread-1] DEBUG com.beanit.openiec61850.ServerAssociation - sub BDA is:IEDBiogasCHP/MMXU1.VAr.net.angSVC.offset: 0.0
14:23:47.335 [openiec61850-osi-server-7-thread-1] DEBUG com.beanit.openiec61850.ServerAssociation - sub BDA is:IEDBiogasCHP/MMXU1.VAr.net.angRef: 0
14:23:47.335 [openiec61850-osi-server-7-thread-1] DEBUG com.beanit.openiec61850.ServerAssociation - sub BDA is:IEDBiogasCHP/MMXU1.VAr.net.smpRate: 0
calling GetDataValues(IEDBiogasCHP/MMXU1.VAr.net.units)
14:23:47.335 [openiec61850-osi-server-7-thread-1] DEBUG com.beanit.openiec61850.ServerAssociation - Got a GetDataValues request for node: IEDBiogasCHP/MMXU1.VAr.net.units [CF]
IEDBiogasCHP/MMXU1.VAr.net.units.SIUnit: 0
IEDBiogasCHP/MMXU1.VAr.net.units.multiplier: 0
14:23:47.335 [openiec61850-osi-server-7-thread-1] DEBUG com.beanit.openiec61850.ServerAssociation - sub BDA is:IEDBiogasCHP/MMXU1.VAr.net.units.SIUnit: 0
14:23:47.335 [openiec61850-osi-server-7-thread-1] DEBUG com.beanit.openiec61850.ServerAssociation - sub BDA is:IEDBiogasCHP/MMXU1.VAr.net.units.multiplier: 0
calling GetDataValues(IEDBiogasCHP/MMXU1.VAr.net.units.SIUnit)
14:23:47.335 [openiec61850-osi-server-7-thread-1] DEBUG com.beanit.openiec61850.ServerAssociation - Got a GetDataValues request for node: IEDBiogasCHP/MMXU1.VAr.net.units.SIUnit: 0
calling GetDataValues(IEDBiogasCHP/MMXU1.VAr.net.units.multiplier)
14:23:47.335 [openiec61850-osi-server-7-thread-1] DEBUG com.beanit.openiec61850.ServerAssociation - Got a GetDataValues request for node: IEDBiogasCHP/MMXU1.VAr.net.units.multiplier: 0
calling GetDataValues(IEDBiogasCHP/MMXU1.VAr.net.db)
14:23:47.335 [openiec61850-osi-server-7-thread-1] DEBUG com.beanit.openiec61850.ServerAssociation - Got a GetDataValues request for node: IEDBiogasCHP/MMXU1.VAr.net.db: 0
calling GetDataValues(IEDBiogasCHP/MMXU1.VAr.net.zeroDb)
14:23:47.335 [openiec61850-osi-server-7-thread-1] DEBUG com.beanit.openiec61850.ServerAssociation - Got a GetDataValues request for node: IEDBiogasCHP/MMXU1.VAr.net.zeroDb: 0
calling GetDataValues(IEDBiogasCHP/MMXU1.VAr.net.rangeC)
14:23:47.335 [openiec61850-osi-server-7-thread-1] DEBUG com.beanit.openiec61850.ServerAssociation - Got a GetDataValues request for node: IEDBiogasCHP/MMXU1.VAr.net.rangeC [CF]
IEDBiogasCHP/MMXU1.VAr.net.rangeC.hhLim [CF]
IEDBiogasCHP/MMXU1.VAr.net.rangeC.hhLim.i: 0
IEDBiogasCHP/MMXU1.VAr.net.rangeC.hhLim.f: 0.0
IEDBiogasCHP/MMXU1.VAr.net.rangeC.hLim [CF]
IEDBiogasCHP/MMXU1.VAr.net.rangeC.hLim.i: 0
IEDBiogasCHP/MMXU1.VAr.net.rangeC.hLim.f: 0.0
IEDBiogasCHP/MMXU1.VAr.net.rangeC.lLim [CF]
IEDBiogasCHP/MMXU1.VAr.net.rangeC.lLim.i: 0
IEDBiogasCHP/MMXU1.VAr.net.rangeC.lLim.f: 0.0
IEDBiogasCHP/MMXU1.VAr.net.rangeC.llLim [CF]
IEDBiogasCHP/MMXU1.VAr.net.rangeC.llLim.i: 0
IEDBiogasCHP/MMXU1.VAr.net.rangeC.llLim.f: 0.0
IEDBiogasCHP/MMXU1.VAr.net.rangeC.min [CF]
IEDBiogasCHP/MMXU1.VAr.net.rangeC.min.i: 0
IEDBiogasCHP/MMXU1.VAr.net.rangeC.min.f: 0.0
IEDBiogasCHP/MMXU1.VAr.net.rangeC.max [CF]
IEDBiogasCHP/MMXU1.VAr.net.rangeC.max.i: 0
IEDBiogasCHP/MMXU1.VAr.net.rangeC.max.f: 0.0
14:23:47.335 [openiec61850-osi-server-7-thread-1] DEBUG com.beanit.openiec61850.ServerAssociation - sub BDA is:IEDBiogasCHP/MMXU1.VAr.net.rangeC.hhLim.i: 0
14:23:47.336 [openiec61850-osi-server-7-thread-1] DEBUG com.beanit.openiec61850.ServerAssociation - sub BDA is:IEDBiogasCHP/MMXU1.VAr.net.rangeC.hhLim.f: 0.0
14:23:47.336 [openiec61850-osi-server-7-thread-1] DEBUG com.beanit.openiec61850.ServerAssociation - sub BDA is:IEDBiogasCHP/MMXU1.VAr.net.rangeC.hLim.i: 0
14:23:47.336 [openiec61850-osi-server-7-thread-1] DEBUG com.beanit.openiec61850.ServerAssociation - sub BDA is:IEDBiogasCHP/MMXU1.VAr.net.rangeC.hLim.f: 0.0
14:23:47.336 [openiec61850-osi-server-7-thread-1] DEBUG com.beanit.openiec61850.ServerAssociation - sub BDA is:IEDBiogasCHP/MMXU1.VAr.net.rangeC.lLim.i: 0
14:23:47.336 [openiec61850-osi-server-7-thread-1] DEBUG com.beanit.openiec61850.ServerAssociation - sub BDA is:IEDBiogasCHP/MMXU1.VAr.net.rangeC.lLim.f: 0.0
14:23:47.336 [openiec61850-osi-server-7-thread-1] DEBUG com.beanit.openiec61850.ServerAssociation - sub BDA is:IEDBiogasCHP/MMXU1.VAr.net.rangeC.llLim.i: 0
14:23:47.336 [openiec61850-osi-server-7-thread-1] DEBUG com.beanit.openiec61850.ServerAssociation - sub BDA is:IEDBiogasCHP/MMXU1.VAr.net.rangeC.llLim.f: 0.0
14:23:47.336 [openiec61850-osi-server-7-thread-1] DEBUG com.beanit.openiec61850.ServerAssociation - sub BDA is:IEDBiogasCHP/MMXU1.VAr.net.rangeC.min.i: 0
14:23:47.336 [openiec61850-osi-server-7-thread-1] DEBUG com.beanit.openiec61850.ServerAssociation - sub BDA is:IEDBiogasCHP/MMXU1.VAr.net.rangeC.min.f: 0.0
14:23:47.336 [openiec61850-osi-server-7-thread-1] DEBUG com.beanit.openiec61850.ServerAssociation - sub BDA is:IEDBiogasCHP/MMXU1.VAr.net.rangeC.max.i: 0
14:23:47.336 [openiec61850-osi-server-7-thread-1] DEBUG com.beanit.openiec61850.ServerAssociation - sub BDA is:IEDBiogasCHP/MMXU1.VAr.net.rangeC.max.f: 0.0
calling GetDataValues(IEDBiogasCHP/MMXU1.VAr.net.rangeC.hhLim)
14:23:47.336 [openiec61850-osi-server-7-thread-1] DEBUG com.beanit.openiec61850.ServerAssociation - Got a GetDataValues request for node: IEDBiogasCHP/MMXU1.VAr.net.rangeC.hhLim [CF]
IEDBiogasCHP/MMXU1.VAr.net.rangeC.hhLim.i: 0
IEDBiogasCHP/MMXU1.VAr.net.rangeC.hhLim.f: 0.0
14:23:47.336 [openiec61850-osi-server-7-thread-1] DEBUG com.beanit.openiec61850.ServerAssociation - sub BDA is:IEDBiogasCHP/MMXU1.VAr.net.rangeC.hhLim.i: 0
14:23:47.336 [openiec61850-osi-server-7-thread-1] DEBUG com.beanit.openiec61850.ServerAssociation - sub BDA is:IEDBiogasCHP/MMXU1.VAr.net.rangeC.hhLim.f: 0.0
calling GetDataValues(IEDBiogasCHP/MMXU1.VAr.net.rangeC.hhLim.i)
14:23:47.336 [openiec61850-osi-server-7-thread-1] DEBUG com.beanit.openiec61850.ServerAssociation - Got a GetDataValues request for node: IEDBiogasCHP/MMXU1.VAr.net.rangeC.hhLim.i: 0
calling GetDataValues(IEDBiogasCHP/MMXU1.VAr.net.rangeC.hhLim.f)
14:23:47.336 [openiec61850-osi-server-7-thread-1] DEBUG com.beanit.openiec61850.ServerAssociation - Got a GetDataValues request for node: IEDBiogasCHP/MMXU1.VAr.net.rangeC.hhLim.f: 0.0
calling GetDataValues(IEDBiogasCHP/MMXU1.VAr.net.rangeC.hLim)
14:23:47.336 [openiec61850-osi-server-7-thread-1] DEBUG com.beanit.openiec61850.ServerAssociation - Got a GetDataValues request for node: IEDBiogasCHP/MMXU1.VAr.net.rangeC.hLim [CF]
IEDBiogasCHP/MMXU1.VAr.net.rangeC.hLim.i: 0
IEDBiogasCHP/MMXU1.VAr.net.rangeC.hLim.f: 0.0
14:23:47.336 [openiec61850-osi-server-7-thread-1] DEBUG com.beanit.openiec61850.ServerAssociation - sub BDA is:IEDBiogasCHP/MMXU1.VAr.net.rangeC.hLim.i: 0
14:23:47.336 [openiec61850-osi-server-7-thread-1] DEBUG com.beanit.openiec61850.ServerAssociation - sub BDA is:IEDBiogasCHP/MMXU1.VAr.net.rangeC.hLim.f: 0.0
calling GetDataValues(IEDBiogasCHP/MMXU1.VAr.net.rangeC.hLim.i)
14:23:47.336 [openiec61850-osi-server-7-thread-1] DEBUG com.beanit.openiec61850.ServerAssociation - Got a GetDataValues request for node: IEDBiogasCHP/MMXU1.VAr.net.rangeC.hLim.i: 0
calling GetDataValues(IEDBiogasCHP/MMXU1.VAr.net.rangeC.hLim.f)
14:23:47.336 [openiec61850-osi-server-7-thread-1] DEBUG com.beanit.openiec61850.ServerAssociation - Got a GetDataValues request for node: IEDBiogasCHP/MMXU1.VAr.net.rangeC.hLim.f: 0.0
calling GetDataValues(IEDBiogasCHP/MMXU1.VAr.net.rangeC.lLim)
14:23:47.337 [openiec61850-osi-server-7-thread-1] DEBUG com.beanit.openiec61850.ServerAssociation - Got a GetDataValues request for node: IEDBiogasCHP/MMXU1.VAr.net.rangeC.lLim [CF]
IEDBiogasCHP/MMXU1.VAr.net.rangeC.lLim.i: 0
IEDBiogasCHP/MMXU1.VAr.net.rangeC.lLim.f: 0.0
14:23:47.337 [openiec61850-osi-server-7-thread-1] DEBUG com.beanit.openiec61850.ServerAssociation - sub BDA is:IEDBiogasCHP/MMXU1.VAr.net.rangeC.lLim.i: 0
14:23:47.337 [openiec61850-osi-server-7-thread-1] DEBUG com.beanit.openiec61850.ServerAssociation - sub BDA is:IEDBiogasCHP/MMXU1.VAr.net.rangeC.lLim.f: 0.0
calling GetDataValues(IEDBiogasCHP/MMXU1.VAr.net.rangeC.lLim.i)
14:23:47.337 [openiec61850-osi-server-7-thread-1] DEBUG com.beanit.openiec61850.ServerAssociation - Got a GetDataValues request for node: IEDBiogasCHP/MMXU1.VAr.net.rangeC.lLim.i: 0
calling GetDataValues(IEDBiogasCHP/MMXU1.VAr.net.rangeC.lLim.f)
14:23:47.337 [openiec61850-osi-server-7-thread-1] DEBUG com.beanit.openiec61850.ServerAssociation - Got a GetDataValues request for node: IEDBiogasCHP/MMXU1.VAr.net.rangeC.lLim.f: 0.0
calling GetDataValues(IEDBiogasCHP/MMXU1.VAr.net.rangeC.llLim)
14:23:47.337 [openiec61850-osi-server-7-thread-1] DEBUG com.beanit.openiec61850.ServerAssociation - Got a GetDataValues request for node: IEDBiogasCHP/MMXU1.VAr.net.rangeC.llLim [CF]
IEDBiogasCHP/MMXU1.VAr.net.rangeC.llLim.i: 0
IEDBiogasCHP/MMXU1.VAr.net.rangeC.llLim.f: 0.0
14:23:47.337 [openiec61850-osi-server-7-thread-1] DEBUG com.beanit.openiec61850.ServerAssociation - sub BDA is:IEDBiogasCHP/MMXU1.VAr.net.rangeC.llLim.i: 0
14:23:47.337 [openiec61850-osi-server-7-thread-1] DEBUG com.beanit.openiec61850.ServerAssociation - sub BDA is:IEDBiogasCHP/MMXU1.VAr.net.rangeC.llLim.f: 0.0
calling GetDataValues(IEDBiogasCHP/MMXU1.VAr.net.rangeC.llLim.i)
14:23:47.337 [openiec61850-osi-server-7-thread-1] DEBUG com.beanit.openiec61850.ServerAssociation - Got a GetDataValues request for node: IEDBiogasCHP/MMXU1.VAr.net.rangeC.llLim.i: 0
calling GetDataValues(IEDBiogasCHP/MMXU1.VAr.net.rangeC.llLim.f)
14:23:47.337 [openiec61850-osi-server-7-thread-1] DEBUG com.beanit.openiec61850.ServerAssociation - Got a GetDataValues request for node: IEDBiogasCHP/MMXU1.VAr.net.rangeC.llLim.f: 0.0
calling GetDataValues(IEDBiogasCHP/MMXU1.VAr.net.rangeC.min)
14:23:47.337 [openiec61850-osi-server-7-thread-1] DEBUG com.beanit.openiec61850.ServerAssociation - Got a GetDataValues request for node: IEDBiogasCHP/MMXU1.VAr.net.rangeC.min [CF]
IEDBiogasCHP/MMXU1.VAr.net.rangeC.min.i: 0
IEDBiogasCHP/MMXU1.VAr.net.rangeC.min.f: 0.0
14:23:47.337 [openiec61850-osi-server-7-thread-1] DEBUG com.beanit.openiec61850.ServerAssociation - sub BDA is:IEDBiogasCHP/MMXU1.VAr.net.rangeC.min.i: 0
14:23:47.337 [openiec61850-osi-server-7-thread-1] DEBUG com.beanit.openiec61850.ServerAssociation - sub BDA is:IEDBiogasCHP/MMXU1.VAr.net.rangeC.min.f: 0.0
calling GetDataValues(IEDBiogasCHP/MMXU1.VAr.net.rangeC.min.i)
14:23:47.337 [openiec61850-osi-server-7-thread-1] DEBUG com.beanit.openiec61850.ServerAssociation - Got a GetDataValues request for node: IEDBiogasCHP/MMXU1.VAr.net.rangeC.min.i: 0
calling GetDataValues(IEDBiogasCHP/MMXU1.VAr.net.rangeC.min.f)
14:23:47.338 [openiec61850-osi-server-7-thread-1] DEBUG com.beanit.openiec61850.ServerAssociation - Got a GetDataValues request for node: IEDBiogasCHP/MMXU1.VAr.net.rangeC.min.f: 0.0
calling GetDataValues(IEDBiogasCHP/MMXU1.VAr.net.rangeC.max)
14:23:47.338 [openiec61850-osi-server-7-thread-1] DEBUG com.beanit.openiec61850.ServerAssociation - Got a GetDataValues request for node: IEDBiogasCHP/MMXU1.VAr.net.rangeC.max [CF]
IEDBiogasCHP/MMXU1.VAr.net.rangeC.max.i: 0
IEDBiogasCHP/MMXU1.VAr.net.rangeC.max.f: 0.0
14:23:47.338 [openiec61850-osi-server-7-thread-1] DEBUG com.beanit.openiec61850.ServerAssociation - sub BDA is:IEDBiogasCHP/MMXU1.VAr.net.rangeC.max.i: 0
14:23:47.338 [openiec61850-osi-server-7-thread-1] DEBUG com.beanit.openiec61850.ServerAssociation - sub BDA is:IEDBiogasCHP/MMXU1.VAr.net.rangeC.max.f: 0.0
calling GetDataValues(IEDBiogasCHP/MMXU1.VAr.net.rangeC.max.i)
14:23:47.338 [openiec61850-osi-server-7-thread-1] DEBUG com.beanit.openiec61850.ServerAssociation - Got a GetDataValues request for node: IEDBiogasCHP/MMXU1.VAr.net.rangeC.max.i: 0
calling GetDataValues(IEDBiogasCHP/MMXU1.VAr.net.rangeC.max.f)
14:23:47.338 [openiec61850-osi-server-7-thread-1] DEBUG com.beanit.openiec61850.ServerAssociation - Got a GetDataValues request for node: IEDBiogasCHP/MMXU1.VAr.net.rangeC.max.f: 0.0
calling GetDataValues(IEDBiogasCHP/MMXU1.VAr.net.magSVC)
14:23:47.338 [openiec61850-osi-server-7-thread-1] DEBUG com.beanit.openiec61850.ServerAssociation - Got a GetDataValues request for node: IEDBiogasCHP/MMXU1.VAr.net.magSVC [CF]
IEDBiogasCHP/MMXU1.VAr.net.magSVC.scaleFactor: 0.0
IEDBiogasCHP/MMXU1.VAr.net.magSVC.offset: 0.0
14:23:47.338 [openiec61850-osi-server-7-thread-1] DEBUG com.beanit.openiec61850.ServerAssociation - sub BDA is:IEDBiogasCHP/MMXU1.VAr.net.magSVC.scaleFactor: 0.0
14:23:47.338 [openiec61850-osi-server-7-thread-1] DEBUG com.beanit.openiec61850.ServerAssociation - sub BDA is:IEDBiogasCHP/MMXU1.VAr.net.magSVC.offset: 0.0
calling GetDataValues(IEDBiogasCHP/MMXU1.VAr.net.magSVC.scaleFactor)
14:23:47.338 [openiec61850-osi-server-7-thread-1] DEBUG com.beanit.openiec61850.ServerAssociation - Got a GetDataValues request for node: IEDBiogasCHP/MMXU1.VAr.net.magSVC.scaleFactor: 0.0
calling GetDataValues(IEDBiogasCHP/MMXU1.VAr.net.magSVC.offset)
14:23:47.338 [openiec61850-osi-server-7-thread-1] DEBUG com.beanit.openiec61850.ServerAssociation - Got a GetDataValues request for node: IEDBiogasCHP/MMXU1.VAr.net.magSVC.offset: 0.0
calling GetDataValues(IEDBiogasCHP/MMXU1.VAr.net.angSVC)
14:23:47.338 [openiec61850-osi-server-7-thread-1] DEBUG com.beanit.openiec61850.ServerAssociation - Got a GetDataValues request for node: IEDBiogasCHP/MMXU1.VAr.net.angSVC [CF]
IEDBiogasCHP/MMXU1.VAr.net.angSVC.scaleFactor: 0.0
IEDBiogasCHP/MMXU1.VAr.net.angSVC.offset: 0.0
14:23:47.338 [openiec61850-osi-server-7-thread-1] DEBUG com.beanit.openiec61850.ServerAssociation - sub BDA is:IEDBiogasCHP/MMXU1.VAr.net.angSVC.scaleFactor: 0.0
14:23:47.339 [openiec61850-osi-server-7-thread-1] DEBUG com.beanit.openiec61850.ServerAssociation - sub BDA is:IEDBiogasCHP/MMXU1.VAr.net.angSVC.offset: 0.0
calling GetDataValues(IEDBiogasCHP/MMXU1.VAr.net.angSVC.scaleFactor)
14:23:47.339 [openiec61850-osi-server-7-thread-1] DEBUG com.beanit.openiec61850.ServerAssociation - Got a GetDataValues request for node: IEDBiogasCHP/MMXU1.VAr.net.angSVC.scaleFactor: 0.0
calling GetDataValues(IEDBiogasCHP/MMXU1.VAr.net.angSVC.offset)
14:23:47.339 [openiec61850-osi-server-7-thread-1] DEBUG com.beanit.openiec61850.ServerAssociation - Got a GetDataValues request for node: IEDBiogasCHP/MMXU1.VAr.net.angSVC.offset: 0.0
calling GetDataValues(IEDBiogasCHP/MMXU1.VAr.net.angRef)
14:23:47.339 [openiec61850-osi-server-7-thread-1] DEBUG com.beanit.openiec61850.ServerAssociation - Got a GetDataValues request for node: IEDBiogasCHP/MMXU1.VAr.net.angRef: 0
calling GetDataValues(IEDBiogasCHP/MMXU1.VAr.net.smpRate)
14:23:47.339 [openiec61850-osi-server-7-thread-1] DEBUG com.beanit.openiec61850.ServerAssociation - Got a GetDataValues request for node: IEDBiogasCHP/MMXU1.VAr.net.smpRate: 0
calling GetDataValues(IEDBiogasCHP/MMXU1.VAr.res)
14:23:47.339 [openiec61850-osi-server-7-thread-1] DEBUG com.beanit.openiec61850.ServerAssociation - Got a GetDataValues request for node: IEDBiogasCHP/MMXU1.VAr.res [CF]
IEDBiogasCHP/MMXU1.VAr.res.units [CF]
IEDBiogasCHP/MMXU1.VAr.res.units.SIUnit: 0
IEDBiogasCHP/MMXU1.VAr.res.units.multiplier: 0
IEDBiogasCHP/MMXU1.VAr.res.db: 0
IEDBiogasCHP/MMXU1.VAr.res.zeroDb: 0
IEDBiogasCHP/MMXU1.VAr.res.rangeC [CF]
IEDBiogasCHP/MMXU1.VAr.res.rangeC.hhLim [CF]
IEDBiogasCHP/MMXU1.VAr.res.rangeC.hhLim.i: 0
IEDBiogasCHP/MMXU1.VAr.res.rangeC.hhLim.f: 0.0
IEDBiogasCHP/MMXU1.VAr.res.rangeC.hLim [CF]
IEDBiogasCHP/MMXU1.VAr.res.rangeC.hLim.i: 0
IEDBiogasCHP/MMXU1.VAr.res.rangeC.hLim.f: 0.0
IEDBiogasCHP/MMXU1.VAr.res.rangeC.lLim [CF]
IEDBiogasCHP/MMXU1.VAr.res.rangeC.lLim.i: 0
IEDBiogasCHP/MMXU1.VAr.res.rangeC.lLim.f: 0.0
IEDBiogasCHP/MMXU1.VAr.res.rangeC.llLim [CF]
IEDBiogasCHP/MMXU1.VAr.res.rangeC.llLim.i: 0
IEDBiogasCHP/MMXU1.VAr.res.rangeC.llLim.f: 0.0
IEDBiogasCHP/MMXU1.VAr.res.rangeC.min [CF]
IEDBiogasCHP/MMXU1.VAr.res.rangeC.min.i: 0
IEDBiogasCHP/MMXU1.VAr.res.rangeC.min.f: 0.0
IEDBiogasCHP/MMXU1.VAr.res.rangeC.max [CF]
IEDBiogasCHP/MMXU1.VAr.res.rangeC.max.i: 0
IEDBiogasCHP/MMXU1.VAr.res.rangeC.max.f: 0.0
IEDBiogasCHP/MMXU1.VAr.res.magSVC [CF]
IEDBiogasCHP/MMXU1.VAr.res.magSVC.scaleFactor: 0.0
IEDBiogasCHP/MMXU1.VAr.res.magSVC.offset: 0.0
IEDBiogasCHP/MMXU1.VAr.res.angSVC [CF]
IEDBiogasCHP/MMXU1.VAr.res.angSVC.scaleFactor: 0.0
IEDBiogasCHP/MMXU1.VAr.res.angSVC.offset: 0.0
IEDBiogasCHP/MMXU1.VAr.res.angRef: 0
IEDBiogasCHP/MMXU1.VAr.res.smpRate: 0
14:23:47.339 [openiec61850-osi-server-7-thread-1] DEBUG com.beanit.openiec61850.ServerAssociation - sub BDA is:IEDBiogasCHP/MMXU1.VAr.res.units.SIUnit: 0
14:23:47.339 [openiec61850-osi-server-7-thread-1] DEBUG com.beanit.openiec61850.ServerAssociation - sub BDA is:IEDBiogasCHP/MMXU1.VAr.res.units.multiplier: 0
14:23:47.339 [openiec61850-osi-server-7-thread-1] DEBUG com.beanit.openiec61850.ServerAssociation - sub BDA is:IEDBiogasCHP/MMXU1.VAr.res.db: 0
14:23:47.339 [openiec61850-osi-server-7-thread-1] DEBUG com.beanit.openiec61850.ServerAssociation - sub BDA is:IEDBiogasCHP/MMXU1.VAr.res.zeroDb: 0
14:23:47.339 [openiec61850-osi-server-7-thread-1] DEBUG com.beanit.openiec61850.ServerAssociation - sub BDA is:IEDBiogasCHP/MMXU1.VAr.res.rangeC.hhLim.i: 0
14:23:47.339 [openiec61850-osi-server-7-thread-1] DEBUG com.beanit.openiec61850.ServerAssociation - sub BDA is:IEDBiogasCHP/MMXU1.VAr.res.rangeC.hhLim.f: 0.0
14:23:47.339 [openiec61850-osi-server-7-thread-1] DEBUG com.beanit.openiec61850.ServerAssociation - sub BDA is:IEDBiogasCHP/MMXU1.VAr.res.rangeC.hLim.i: 0
14:23:47.339 [openiec61850-osi-server-7-thread-1] DEBUG com.beanit.openiec61850.ServerAssociation - sub BDA is:IEDBiogasCHP/MMXU1.VAr.res.rangeC.hLim.f: 0.0
14:23:47.339 [openiec61850-osi-server-7-thread-1] DEBUG com.beanit.openiec61850.ServerAssociation - sub BDA is:IEDBiogasCHP/MMXU1.VAr.res.rangeC.lLim.i: 0
14:23:47.339 [openiec61850-osi-server-7-thread-1] DEBUG com.beanit.openiec61850.ServerAssociation - sub BDA is:IEDBiogasCHP/MMXU1.VAr.res.rangeC.lLim.f: 0.0
14:23:47.339 [openiec61850-osi-server-7-thread-1] DEBUG com.beanit.openiec61850.ServerAssociation - sub BDA is:IEDBiogasCHP/MMXU1.VAr.res.rangeC.llLim.i: 0
14:23:47.339 [openiec61850-osi-server-7-thread-1] DEBUG com.beanit.openiec61850.ServerAssociation - sub BDA is:IEDBiogasCHP/MMXU1.VAr.res.rangeC.llLim.f: 0.0
14:23:47.339 [openiec61850-osi-server-7-thread-1] DEBUG com.beanit.openiec61850.ServerAssociation - sub BDA is:IEDBiogasCHP/MMXU1.VAr.res.rangeC.min.i: 0
14:23:47.339 [openiec61850-osi-server-7-thread-1] DEBUG com.beanit.openiec61850.ServerAssociation - sub BDA is:IEDBiogasCHP/MMXU1.VAr.res.rangeC.min.f: 0.0
14:23:47.339 [openiec61850-osi-server-7-thread-1] DEBUG com.beanit.openiec61850.ServerAssociation - sub BDA is:IEDBiogasCHP/MMXU1.VAr.res.rangeC.max.i: 0
14:23:47.339 [openiec61850-osi-server-7-thread-1] DEBUG com.beanit.openiec61850.ServerAssociation - sub BDA is:IEDBiogasCHP/MMXU1.VAr.res.rangeC.max.f: 0.0
14:23:47.339 [openiec61850-osi-server-7-thread-1] DEBUG com.beanit.openiec61850.ServerAssociation - sub BDA is:IEDBiogasCHP/MMXU1.VAr.res.magSVC.scaleFactor: 0.0
14:23:47.339 [openiec61850-osi-server-7-thread-1] DEBUG com.beanit.openiec61850.ServerAssociation - sub BDA is:IEDBiogasCHP/MMXU1.VAr.res.magSVC.offset: 0.0
14:23:47.339 [openiec61850-osi-server-7-thread-1] DEBUG com.beanit.openiec61850.ServerAssociation - sub BDA is:IEDBiogasCHP/MMXU1.VAr.res.angSVC.scaleFactor: 0.0
14:23:47.339 [openiec61850-osi-server-7-thread-1] DEBUG com.beanit.openiec61850.ServerAssociation - sub BDA is:IEDBiogasCHP/MMXU1.VAr.res.angSVC.offset: 0.0
14:23:47.339 [openiec61850-osi-server-7-thread-1] DEBUG com.beanit.openiec61850.ServerAssociation - sub BDA is:IEDBiogasCHP/MMXU1.VAr.res.angRef: 0
14:23:47.339 [openiec61850-osi-server-7-thread-1] DEBUG com.beanit.openiec61850.ServerAssociation - sub BDA is:IEDBiogasCHP/MMXU1.VAr.res.smpRate: 0
calling GetDataValues(IEDBiogasCHP/MMXU1.VAr.res.units)
14:23:47.340 [openiec61850-osi-server-7-thread-1] DEBUG com.beanit.openiec61850.ServerAssociation - Got a GetDataValues request for node: IEDBiogasCHP/MMXU1.VAr.res.units [CF]
IEDBiogasCHP/MMXU1.VAr.res.units.SIUnit: 0
IEDBiogasCHP/MMXU1.VAr.res.units.multiplier: 0
14:23:47.340 [openiec61850-osi-server-7-thread-1] DEBUG com.beanit.openiec61850.ServerAssociation - sub BDA is:IEDBiogasCHP/MMXU1.VAr.res.units.SIUnit: 0
14:23:47.340 [openiec61850-osi-server-7-thread-1] DEBUG com.beanit.openiec61850.ServerAssociation - sub BDA is:IEDBiogasCHP/MMXU1.VAr.res.units.multiplier: 0
calling GetDataValues(IEDBiogasCHP/MMXU1.VAr.res.units.SIUnit)
14:23:47.340 [openiec61850-osi-server-7-thread-1] DEBUG com.beanit.openiec61850.ServerAssociation - Got a GetDataValues request for node: IEDBiogasCHP/MMXU1.VAr.res.units.SIUnit: 0
calling GetDataValues(IEDBiogasCHP/MMXU1.VAr.res.units.multiplier)
14:23:47.340 [openiec61850-osi-server-7-thread-1] DEBUG com.beanit.openiec61850.ServerAssociation - Got a GetDataValues request for node: IEDBiogasCHP/MMXU1.VAr.res.units.multiplier: 0
calling GetDataValues(IEDBiogasCHP/MMXU1.VAr.res.db)
14:23:47.340 [openiec61850-osi-server-7-thread-1] DEBUG com.beanit.openiec61850.ServerAssociation - Got a GetDataValues request for node: IEDBiogasCHP/MMXU1.VAr.res.db: 0
calling GetDataValues(IEDBiogasCHP/MMXU1.VAr.res.zeroDb)
14:23:47.340 [openiec61850-osi-server-7-thread-1] DEBUG com.beanit.openiec61850.ServerAssociation - Got a GetDataValues request for node: IEDBiogasCHP/MMXU1.VAr.res.zeroDb: 0
calling GetDataValues(IEDBiogasCHP/MMXU1.VAr.res.rangeC)
14:23:47.340 [openiec61850-osi-server-7-thread-1] DEBUG com.beanit.openiec61850.ServerAssociation - Got a GetDataValues request for node: IEDBiogasCHP/MMXU1.VAr.res.rangeC [CF]
IEDBiogasCHP/MMXU1.VAr.res.rangeC.hhLim [CF]
IEDBiogasCHP/MMXU1.VAr.res.rangeC.hhLim.i: 0
IEDBiogasCHP/MMXU1.VAr.res.rangeC.hhLim.f: 0.0
IEDBiogasCHP/MMXU1.VAr.res.rangeC.hLim [CF]
IEDBiogasCHP/MMXU1.VAr.res.rangeC.hLim.i: 0
IEDBiogasCHP/MMXU1.VAr.res.rangeC.hLim.f: 0.0
IEDBiogasCHP/MMXU1.VAr.res.rangeC.lLim [CF]
IEDBiogasCHP/MMXU1.VAr.res.rangeC.lLim.i: 0
IEDBiogasCHP/MMXU1.VAr.res.rangeC.lLim.f: 0.0
IEDBiogasCHP/MMXU1.VAr.res.rangeC.llLim [CF]
IEDBiogasCHP/MMXU1.VAr.res.rangeC.llLim.i: 0
IEDBiogasCHP/MMXU1.VAr.res.rangeC.llLim.f: 0.0
IEDBiogasCHP/MMXU1.VAr.res.rangeC.min [CF]
IEDBiogasCHP/MMXU1.VAr.res.rangeC.min.i: 0
IEDBiogasCHP/MMXU1.VAr.res.rangeC.min.f: 0.0
IEDBiogasCHP/MMXU1.VAr.res.rangeC.max [CF]
IEDBiogasCHP/MMXU1.VAr.res.rangeC.max.i: 0
IEDBiogasCHP/MMXU1.VAr.res.rangeC.max.f: 0.0
14:23:47.340 [openiec61850-osi-server-7-thread-1] DEBUG com.beanit.openiec61850.ServerAssociation - sub BDA is:IEDBiogasCHP/MMXU1.VAr.res.rangeC.hhLim.i: 0
14:23:47.340 [openiec61850-osi-server-7-thread-1] DEBUG com.beanit.openiec61850.ServerAssociation - sub BDA is:IEDBiogasCHP/MMXU1.VAr.res.rangeC.hhLim.f: 0.0
14:23:47.340 [openiec61850-osi-server-7-thread-1] DEBUG com.beanit.openiec61850.ServerAssociation - sub BDA is:IEDBiogasCHP/MMXU1.VAr.res.rangeC.hLim.i: 0
14:23:47.340 [openiec61850-osi-server-7-thread-1] DEBUG com.beanit.openiec61850.ServerAssociation - sub BDA is:IEDBiogasCHP/MMXU1.VAr.res.rangeC.hLim.f: 0.0
14:23:47.340 [openiec61850-osi-server-7-thread-1] DEBUG com.beanit.openiec61850.ServerAssociation - sub BDA is:IEDBiogasCHP/MMXU1.VAr.res.rangeC.lLim.i: 0
14:23:47.340 [openiec61850-osi-server-7-thread-1] DEBUG com.beanit.openiec61850.ServerAssociation - sub BDA is:IEDBiogasCHP/MMXU1.VAr.res.rangeC.lLim.f: 0.0
14:23:47.340 [openiec61850-osi-server-7-thread-1] DEBUG com.beanit.openiec61850.ServerAssociation - sub BDA is:IEDBiogasCHP/MMXU1.VAr.res.rangeC.llLim.i: 0
14:23:47.340 [openiec61850-osi-server-7-thread-1] DEBUG com.beanit.openiec61850.ServerAssociation - sub BDA is:IEDBiogasCHP/MMXU1.VAr.res.rangeC.llLim.f: 0.0
14:23:47.340 [openiec61850-osi-server-7-thread-1] DEBUG com.beanit.openiec61850.ServerAssociation - sub BDA is:IEDBiogasCHP/MMXU1.VAr.res.rangeC.min.i: 0
14:23:47.340 [openiec61850-osi-server-7-thread-1] DEBUG com.beanit.openiec61850.ServerAssociation - sub BDA is:IEDBiogasCHP/MMXU1.VAr.res.rangeC.min.f: 0.0
14:23:47.340 [openiec61850-osi-server-7-thread-1] DEBUG com.beanit.openiec61850.ServerAssociation - sub BDA is:IEDBiogasCHP/MMXU1.VAr.res.rangeC.max.i: 0
14:23:47.340 [openiec61850-osi-server-7-thread-1] DEBUG com.beanit.openiec61850.ServerAssociation - sub BDA is:IEDBiogasCHP/MMXU1.VAr.res.rangeC.max.f: 0.0
calling GetDataValues(IEDBiogasCHP/MMXU1.VAr.res.rangeC.hhLim)
14:23:47.340 [openiec61850-osi-server-7-thread-1] DEBUG com.beanit.openiec61850.ServerAssociation - Got a GetDataValues request for node: IEDBiogasCHP/MMXU1.VAr.res.rangeC.hhLim [CF]
IEDBiogasCHP/MMXU1.VAr.res.rangeC.hhLim.i: 0
IEDBiogasCHP/MMXU1.VAr.res.rangeC.hhLim.f: 0.0
14:23:47.340 [openiec61850-osi-server-7-thread-1] DEBUG com.beanit.openiec61850.ServerAssociation - sub BDA is:IEDBiogasCHP/MMXU1.VAr.res.rangeC.hhLim.i: 0
14:23:47.340 [openiec61850-osi-server-7-thread-1] DEBUG com.beanit.openiec61850.ServerAssociation - sub BDA is:IEDBiogasCHP/MMXU1.VAr.res.rangeC.hhLim.f: 0.0
calling GetDataValues(IEDBiogasCHP/MMXU1.VAr.res.rangeC.hhLim.i)
14:23:47.341 [openiec61850-osi-server-7-thread-1] DEBUG com.beanit.openiec61850.ServerAssociation - Got a GetDataValues request for node: IEDBiogasCHP/MMXU1.VAr.res.rangeC.hhLim.i: 0
calling GetDataValues(IEDBiogasCHP/MMXU1.VAr.res.rangeC.hhLim.f)
14:23:47.341 [openiec61850-osi-server-7-thread-1] DEBUG com.beanit.openiec61850.ServerAssociation - Got a GetDataValues request for node: IEDBiogasCHP/MMXU1.VAr.res.rangeC.hhLim.f: 0.0
calling GetDataValues(IEDBiogasCHP/MMXU1.VAr.res.rangeC.hLim)
14:23:47.341 [openiec61850-osi-server-7-thread-1] DEBUG com.beanit.openiec61850.ServerAssociation - Got a GetDataValues request for node: IEDBiogasCHP/MMXU1.VAr.res.rangeC.hLim [CF]
IEDBiogasCHP/MMXU1.VAr.res.rangeC.hLim.i: 0
IEDBiogasCHP/MMXU1.VAr.res.rangeC.hLim.f: 0.0
14:23:47.341 [openiec61850-osi-server-7-thread-1] DEBUG com.beanit.openiec61850.ServerAssociation - sub BDA is:IEDBiogasCHP/MMXU1.VAr.res.rangeC.hLim.i: 0
14:23:47.341 [openiec61850-osi-server-7-thread-1] DEBUG com.beanit.openiec61850.ServerAssociation - sub BDA is:IEDBiogasCHP/MMXU1.VAr.res.rangeC.hLim.f: 0.0
calling GetDataValues(IEDBiogasCHP/MMXU1.VAr.res.rangeC.hLim.i)
14:23:47.341 [openiec61850-osi-server-7-thread-1] DEBUG com.beanit.openiec61850.ServerAssociation - Got a GetDataValues request for node: IEDBiogasCHP/MMXU1.VAr.res.rangeC.hLim.i: 0
calling GetDataValues(IEDBiogasCHP/MMXU1.VAr.res.rangeC.hLim.f)
14:23:47.341 [openiec61850-osi-server-7-thread-1] DEBUG com.beanit.openiec61850.ServerAssociation - Got a GetDataValues request for node: IEDBiogasCHP/MMXU1.VAr.res.rangeC.hLim.f: 0.0
calling GetDataValues(IEDBiogasCHP/MMXU1.VAr.res.rangeC.lLim)
14:23:47.341 [openiec61850-osi-server-7-thread-1] DEBUG com.beanit.openiec61850.ServerAssociation - Got a GetDataValues request for node: IEDBiogasCHP/MMXU1.VAr.res.rangeC.lLim [CF]
IEDBiogasCHP/MMXU1.VAr.res.rangeC.lLim.i: 0
IEDBiogasCHP/MMXU1.VAr.res.rangeC.lLim.f: 0.0
14:23:47.341 [openiec61850-osi-server-7-thread-1] DEBUG com.beanit.openiec61850.ServerAssociation - sub BDA is:IEDBiogasCHP/MMXU1.VAr.res.rangeC.lLim.i: 0
14:23:47.341 [openiec61850-osi-server-7-thread-1] DEBUG com.beanit.openiec61850.ServerAssociation - sub BDA is:IEDBiogasCHP/MMXU1.VAr.res.rangeC.lLim.f: 0.0
calling GetDataValues(IEDBiogasCHP/MMXU1.VAr.res.rangeC.lLim.i)
14:23:47.341 [openiec61850-osi-server-7-thread-1] DEBUG com.beanit.openiec61850.ServerAssociation - Got a GetDataValues request for node: IEDBiogasCHP/MMXU1.VAr.res.rangeC.lLim.i: 0
calling GetDataValues(IEDBiogasCHP/MMXU1.VAr.res.rangeC.lLim.f)
14:23:47.342 [openiec61850-osi-server-7-thread-1] DEBUG com.beanit.openiec61850.ServerAssociation - Got a GetDataValues request for node: IEDBiogasCHP/MMXU1.VAr.res.rangeC.lLim.f: 0.0
calling GetDataValues(IEDBiogasCHP/MMXU1.VAr.res.rangeC.llLim)
14:23:47.342 [openiec61850-osi-server-7-thread-1] DEBUG com.beanit.openiec61850.ServerAssociation - Got a GetDataValues request for node: IEDBiogasCHP/MMXU1.VAr.res.rangeC.llLim [CF]
IEDBiogasCHP/MMXU1.VAr.res.rangeC.llLim.i: 0
IEDBiogasCHP/MMXU1.VAr.res.rangeC.llLim.f: 0.0
14:23:47.342 [openiec61850-osi-server-7-thread-1] DEBUG com.beanit.openiec61850.ServerAssociation - sub BDA is:IEDBiogasCHP/MMXU1.VAr.res.rangeC.llLim.i: 0
14:23:47.342 [openiec61850-osi-server-7-thread-1] DEBUG com.beanit.openiec61850.ServerAssociation - sub BDA is:IEDBiogasCHP/MMXU1.VAr.res.rangeC.llLim.f: 0.0
calling GetDataValues(IEDBiogasCHP/MMXU1.VAr.res.rangeC.llLim.i)
14:23:47.342 [openiec61850-osi-server-7-thread-1] DEBUG com.beanit.openiec61850.ServerAssociation - Got a GetDataValues request for node: IEDBiogasCHP/MMXU1.VAr.res.rangeC.llLim.i: 0
calling GetDataValues(IEDBiogasCHP/MMXU1.VAr.res.rangeC.llLim.f)
14:23:47.342 [openiec61850-osi-server-7-thread-1] DEBUG com.beanit.openiec61850.ServerAssociation - Got a GetDataValues request for node: IEDBiogasCHP/MMXU1.VAr.res.rangeC.llLim.f: 0.0
calling GetDataValues(IEDBiogasCHP/MMXU1.VAr.res.rangeC.min)
14:23:47.342 [openiec61850-osi-server-7-thread-1] DEBUG com.beanit.openiec61850.ServerAssociation - Got a GetDataValues request for node: IEDBiogasCHP/MMXU1.VAr.res.rangeC.min [CF]
IEDBiogasCHP/MMXU1.VAr.res.rangeC.min.i: 0
IEDBiogasCHP/MMXU1.VAr.res.rangeC.min.f: 0.0
14:23:47.342 [openiec61850-osi-server-7-thread-1] DEBUG com.beanit.openiec61850.ServerAssociation - sub BDA is:IEDBiogasCHP/MMXU1.VAr.res.rangeC.min.i: 0
14:23:47.342 [openiec61850-osi-server-7-thread-1] DEBUG com.beanit.openiec61850.ServerAssociation - sub BDA is:IEDBiogasCHP/MMXU1.VAr.res.rangeC.min.f: 0.0
calling GetDataValues(IEDBiogasCHP/MMXU1.VAr.res.rangeC.min.i)
14:23:47.342 [openiec61850-osi-server-7-thread-1] DEBUG com.beanit.openiec61850.ServerAssociation - Got a GetDataValues request for node: IEDBiogasCHP/MMXU1.VAr.res.rangeC.min.i: 0
calling GetDataValues(IEDBiogasCHP/MMXU1.VAr.res.rangeC.min.f)
14:23:47.342 [openiec61850-osi-server-7-thread-1] DEBUG com.beanit.openiec61850.ServerAssociation - Got a GetDataValues request for node: IEDBiogasCHP/MMXU1.VAr.res.rangeC.min.f: 0.0
calling GetDataValues(IEDBiogasCHP/MMXU1.VAr.res.rangeC.max)
14:23:47.342 [openiec61850-osi-server-7-thread-1] DEBUG com.beanit.openiec61850.ServerAssociation - Got a GetDataValues request for node: IEDBiogasCHP/MMXU1.VAr.res.rangeC.max [CF]
IEDBiogasCHP/MMXU1.VAr.res.rangeC.max.i: 0
IEDBiogasCHP/MMXU1.VAr.res.rangeC.max.f: 0.0
14:23:47.342 [openiec61850-osi-server-7-thread-1] DEBUG com.beanit.openiec61850.ServerAssociation - sub BDA is:IEDBiogasCHP/MMXU1.VAr.res.rangeC.max.i: 0
14:23:47.342 [openiec61850-osi-server-7-thread-1] DEBUG com.beanit.openiec61850.ServerAssociation - sub BDA is:IEDBiogasCHP/MMXU1.VAr.res.rangeC.max.f: 0.0
calling GetDataValues(IEDBiogasCHP/MMXU1.VAr.res.rangeC.max.i)
14:23:47.343 [openiec61850-osi-server-7-thread-1] DEBUG com.beanit.openiec61850.ServerAssociation - Got a GetDataValues request for node: IEDBiogasCHP/MMXU1.VAr.res.rangeC.max.i: 0
calling GetDataValues(IEDBiogasCHP/MMXU1.VAr.res.rangeC.max.f)
14:23:47.343 [openiec61850-osi-server-7-thread-1] DEBUG com.beanit.openiec61850.ServerAssociation - Got a GetDataValues request for node: IEDBiogasCHP/MMXU1.VAr.res.rangeC.max.f: 0.0
calling GetDataValues(IEDBiogasCHP/MMXU1.VAr.res.magSVC)
14:23:47.343 [openiec61850-osi-server-7-thread-1] DEBUG com.beanit.openiec61850.ServerAssociation - Got a GetDataValues request for node: IEDBiogasCHP/MMXU1.VAr.res.magSVC [CF]
IEDBiogasCHP/MMXU1.VAr.res.magSVC.scaleFactor: 0.0
IEDBiogasCHP/MMXU1.VAr.res.magSVC.offset: 0.0
14:23:47.343 [openiec61850-osi-server-7-thread-1] DEBUG com.beanit.openiec61850.ServerAssociation - sub BDA is:IEDBiogasCHP/MMXU1.VAr.res.magSVC.scaleFactor: 0.0
14:23:47.343 [openiec61850-osi-server-7-thread-1] DEBUG com.beanit.openiec61850.ServerAssociation - sub BDA is:IEDBiogasCHP/MMXU1.VAr.res.magSVC.offset: 0.0
calling GetDataValues(IEDBiogasCHP/MMXU1.VAr.res.magSVC.scaleFactor)
14:23:47.343 [openiec61850-osi-server-7-thread-1] DEBUG com.beanit.openiec61850.ServerAssociation - Got a GetDataValues request for node: IEDBiogasCHP/MMXU1.VAr.res.magSVC.scaleFactor: 0.0
calling GetDataValues(IEDBiogasCHP/MMXU1.VAr.res.magSVC.offset)
14:23:47.343 [openiec61850-osi-server-7-thread-1] DEBUG com.beanit.openiec61850.ServerAssociation - Got a GetDataValues request for node: IEDBiogasCHP/MMXU1.VAr.res.magSVC.offset: 0.0
calling GetDataValues(IEDBiogasCHP/MMXU1.VAr.res.angSVC)
14:23:47.343 [openiec61850-osi-server-7-thread-1] DEBUG com.beanit.openiec61850.ServerAssociation - Got a GetDataValues request for node: IEDBiogasCHP/MMXU1.VAr.res.angSVC [CF]
IEDBiogasCHP/MMXU1.VAr.res.angSVC.scaleFactor: 0.0
IEDBiogasCHP/MMXU1.VAr.res.angSVC.offset: 0.0
14:23:47.343 [openiec61850-osi-server-7-thread-1] DEBUG com.beanit.openiec61850.ServerAssociation - sub BDA is:IEDBiogasCHP/MMXU1.VAr.res.angSVC.scaleFactor: 0.0
14:23:47.343 [openiec61850-osi-server-7-thread-1] DEBUG com.beanit.openiec61850.ServerAssociation - sub BDA is:IEDBiogasCHP/MMXU1.VAr.res.angSVC.offset: 0.0
calling GetDataValues(IEDBiogasCHP/MMXU1.VAr.res.angSVC.scaleFactor)
14:23:47.343 [openiec61850-osi-server-7-thread-1] DEBUG com.beanit.openiec61850.ServerAssociation - Got a GetDataValues request for node: IEDBiogasCHP/MMXU1.VAr.res.angSVC.scaleFactor: 0.0
calling GetDataValues(IEDBiogasCHP/MMXU1.VAr.res.angSVC.offset)
14:23:47.343 [openiec61850-osi-server-7-thread-1] DEBUG com.beanit.openiec61850.ServerAssociation - Got a GetDataValues request for node: IEDBiogasCHP/MMXU1.VAr.res.angSVC.offset: 0.0
calling GetDataValues(IEDBiogasCHP/MMXU1.VAr.res.angRef)
14:23:47.343 [openiec61850-osi-server-7-thread-1] DEBUG com.beanit.openiec61850.ServerAssociation - Got a GetDataValues request for node: IEDBiogasCHP/MMXU1.VAr.res.angRef: 0
calling GetDataValues(IEDBiogasCHP/MMXU1.VAr.res.smpRate)
14:23:47.344 [openiec61850-osi-server-7-thread-1] DEBUG com.beanit.openiec61850.ServerAssociation - Got a GetDataValues request for node: IEDBiogasCHP/MMXU1.VAr.res.smpRate: 0
calling GetDataValues(IEDBiogasCHP/MMXU1.VAr)
14:23:47.344 [openiec61850-osi-server-7-thread-1] DEBUG com.beanit.openiec61850.ServerAssociation - Got a GetDataValues request for node: IEDBiogasCHP/MMXU1.VAr [DC]
IEDBiogasCHP/MMXU1.VAr.d: ''
IEDBiogasCHP/MMXU1.VAr.dU: 
IEDBiogasCHP/MMXU1.VAr.phsA [DC]
IEDBiogasCHP/MMXU1.VAr.phsA.d: ''
IEDBiogasCHP/MMXU1.VAr.phsA.dU: 
IEDBiogasCHP/MMXU1.VAr.phsB [DC]
IEDBiogasCHP/MMXU1.VAr.phsB.d: ''
IEDBiogasCHP/MMXU1.VAr.phsB.dU: 
IEDBiogasCHP/MMXU1.VAr.phsC [DC]
IEDBiogasCHP/MMXU1.VAr.phsC.d: ''
IEDBiogasCHP/MMXU1.VAr.phsC.dU: 
IEDBiogasCHP/MMXU1.VAr.neut [DC]
IEDBiogasCHP/MMXU1.VAr.neut.d: ''
IEDBiogasCHP/MMXU1.VAr.neut.dU: 
IEDBiogasCHP/MMXU1.VAr.net [DC]
IEDBiogasCHP/MMXU1.VAr.net.d: ''
IEDBiogasCHP/MMXU1.VAr.net.dU: 
IEDBiogasCHP/MMXU1.VAr.res [DC]
IEDBiogasCHP/MMXU1.VAr.res.d: ''
IEDBiogasCHP/MMXU1.VAr.res.dU: 
14:23:47.344 [openiec61850-osi-server-7-thread-1] DEBUG com.beanit.openiec61850.ServerAssociation - sub BDA is:IEDBiogasCHP/MMXU1.VAr.d: ''
14:23:47.344 [openiec61850-osi-server-7-thread-1] DEBUG com.beanit.openiec61850.ServerAssociation - sub BDA is:IEDBiogasCHP/MMXU1.VAr.dU: 
14:23:47.344 [openiec61850-osi-server-7-thread-1] DEBUG com.beanit.openiec61850.ServerAssociation - sub BDA is:IEDBiogasCHP/MMXU1.VAr.phsA.d: ''
14:23:47.344 [openiec61850-osi-server-7-thread-1] DEBUG com.beanit.openiec61850.ServerAssociation - sub BDA is:IEDBiogasCHP/MMXU1.VAr.phsA.dU: 
14:23:47.344 [openiec61850-osi-server-7-thread-1] DEBUG com.beanit.openiec61850.ServerAssociation - sub BDA is:IEDBiogasCHP/MMXU1.VAr.phsB.d: ''
14:23:47.344 [openiec61850-osi-server-7-thread-1] DEBUG com.beanit.openiec61850.ServerAssociation - sub BDA is:IEDBiogasCHP/MMXU1.VAr.phsB.dU: 
14:23:47.344 [openiec61850-osi-server-7-thread-1] DEBUG com.beanit.openiec61850.ServerAssociation - sub BDA is:IEDBiogasCHP/MMXU1.VAr.phsC.d: ''
14:23:47.344 [openiec61850-osi-server-7-thread-1] DEBUG com.beanit.openiec61850.ServerAssociation - sub BDA is:IEDBiogasCHP/MMXU1.VAr.phsC.dU: 
14:23:47.344 [openiec61850-osi-server-7-thread-1] DEBUG com.beanit.openiec61850.ServerAssociation - sub BDA is:IEDBiogasCHP/MMXU1.VAr.neut.d: ''
14:23:47.344 [openiec61850-osi-server-7-thread-1] DEBUG com.beanit.openiec61850.ServerAssociation - sub BDA is:IEDBiogasCHP/MMXU1.VAr.neut.dU: 
14:23:47.344 [openiec61850-osi-server-7-thread-1] DEBUG com.beanit.openiec61850.ServerAssociation - sub BDA is:IEDBiogasCHP/MMXU1.VAr.net.d: ''
14:23:47.344 [openiec61850-osi-server-7-thread-1] DEBUG com.beanit.openiec61850.ServerAssociation - sub BDA is:IEDBiogasCHP/MMXU1.VAr.net.dU: 
14:23:47.344 [openiec61850-osi-server-7-thread-1] DEBUG com.beanit.openiec61850.ServerAssociation - sub BDA is:IEDBiogasCHP/MMXU1.VAr.res.d: ''
14:23:47.344 [openiec61850-osi-server-7-thread-1] DEBUG com.beanit.openiec61850.ServerAssociation - sub BDA is:IEDBiogasCHP/MMXU1.VAr.res.dU: 
calling GetDataValues(IEDBiogasCHP/MMXU1.VAr.d)
14:23:47.344 [openiec61850-osi-server-7-thread-1] DEBUG com.beanit.openiec61850.ServerAssociation - Got a GetDataValues request for node: IEDBiogasCHP/MMXU1.VAr.d: ''
calling GetDataValues(IEDBiogasCHP/MMXU1.VAr.dU)
14:23:47.344 [openiec61850-osi-server-7-thread-1] DEBUG com.beanit.openiec61850.ServerAssociation - Got a GetDataValues request for node: IEDBiogasCHP/MMXU1.VAr.dU: 
calling GetDataValues(IEDBiogasCHP/MMXU1.VAr.phsA)
14:23:47.344 [openiec61850-osi-server-7-thread-1] DEBUG com.beanit.openiec61850.ServerAssociation - Got a GetDataValues request for node: IEDBiogasCHP/MMXU1.VAr.phsA [DC]
IEDBiogasCHP/MMXU1.VAr.phsA.d: ''
IEDBiogasCHP/MMXU1.VAr.phsA.dU: 
14:23:47.344 [openiec61850-osi-server-7-thread-1] DEBUG com.beanit.openiec61850.ServerAssociation - sub BDA is:IEDBiogasCHP/MMXU1.VAr.phsA.d: ''
14:23:47.344 [openiec61850-osi-server-7-thread-1] DEBUG com.beanit.openiec61850.ServerAssociation - sub BDA is:IEDBiogasCHP/MMXU1.VAr.phsA.dU: 
calling GetDataValues(IEDBiogasCHP/MMXU1.VAr.phsA.d)
14:23:47.344 [openiec61850-osi-server-7-thread-1] DEBUG com.beanit.openiec61850.ServerAssociation - Got a GetDataValues request for node: IEDBiogasCHP/MMXU1.VAr.phsA.d: ''
calling GetDataValues(IEDBiogasCHP/MMXU1.VAr.phsA.dU)
14:23:47.344 [openiec61850-osi-server-7-thread-1] DEBUG com.beanit.openiec61850.ServerAssociation - Got a GetDataValues request for node: IEDBiogasCHP/MMXU1.VAr.phsA.dU: 
calling GetDataValues(IEDBiogasCHP/MMXU1.VAr.phsB)
14:23:47.345 [openiec61850-osi-server-7-thread-1] DEBUG com.beanit.openiec61850.ServerAssociation - Got a GetDataValues request for node: IEDBiogasCHP/MMXU1.VAr.phsB [DC]
IEDBiogasCHP/MMXU1.VAr.phsB.d: ''
IEDBiogasCHP/MMXU1.VAr.phsB.dU: 
14:23:47.345 [openiec61850-osi-server-7-thread-1] DEBUG com.beanit.openiec61850.ServerAssociation - sub BDA is:IEDBiogasCHP/MMXU1.VAr.phsB.d: ''
14:23:47.345 [openiec61850-osi-server-7-thread-1] DEBUG com.beanit.openiec61850.ServerAssociation - sub BDA is:IEDBiogasCHP/MMXU1.VAr.phsB.dU: 
calling GetDataValues(IEDBiogasCHP/MMXU1.VAr.phsB.d)
14:23:47.345 [openiec61850-osi-server-7-thread-1] DEBUG com.beanit.openiec61850.ServerAssociation - Got a GetDataValues request for node: IEDBiogasCHP/MMXU1.VAr.phsB.d: ''
calling GetDataValues(IEDBiogasCHP/MMXU1.VAr.phsB.dU)
14:23:47.345 [openiec61850-osi-server-7-thread-1] DEBUG com.beanit.openiec61850.ServerAssociation - Got a GetDataValues request for node: IEDBiogasCHP/MMXU1.VAr.phsB.dU: 
calling GetDataValues(IEDBiogasCHP/MMXU1.VAr.phsC)
14:23:47.345 [openiec61850-osi-server-7-thread-1] DEBUG com.beanit.openiec61850.ServerAssociation - Got a GetDataValues request for node: IEDBiogasCHP/MMXU1.VAr.phsC [DC]
IEDBiogasCHP/MMXU1.VAr.phsC.d: ''
IEDBiogasCHP/MMXU1.VAr.phsC.dU: 
14:23:47.345 [openiec61850-osi-server-7-thread-1] DEBUG com.beanit.openiec61850.ServerAssociation - sub BDA is:IEDBiogasCHP/MMXU1.VAr.phsC.d: ''
14:23:47.345 [openiec61850-osi-server-7-thread-1] DEBUG com.beanit.openiec61850.ServerAssociation - sub BDA is:IEDBiogasCHP/MMXU1.VAr.phsC.dU: 
calling GetDataValues(IEDBiogasCHP/MMXU1.VAr.phsC.d)
14:23:47.345 [openiec61850-osi-server-7-thread-1] DEBUG com.beanit.openiec61850.ServerAssociation - Got a GetDataValues request for node: IEDBiogasCHP/MMXU1.VAr.phsC.d: ''
calling GetDataValues(IEDBiogasCHP/MMXU1.VAr.phsC.dU)
14:23:47.345 [openiec61850-osi-server-7-thread-1] DEBUG com.beanit.openiec61850.ServerAssociation - Got a GetDataValues request for node: IEDBiogasCHP/MMXU1.VAr.phsC.dU: 
calling GetDataValues(IEDBiogasCHP/MMXU1.VAr.neut)
14:23:47.345 [openiec61850-osi-server-7-thread-1] DEBUG com.beanit.openiec61850.ServerAssociation - Got a GetDataValues request for node: IEDBiogasCHP/MMXU1.VAr.neut [DC]
IEDBiogasCHP/MMXU1.VAr.neut.d: ''
IEDBiogasCHP/MMXU1.VAr.neut.dU: 
14:23:47.345 [openiec61850-osi-server-7-thread-1] DEBUG com.beanit.openiec61850.ServerAssociation - sub BDA is:IEDBiogasCHP/MMXU1.VAr.neut.d: ''
14:23:47.345 [openiec61850-osi-server-7-thread-1] DEBUG com.beanit.openiec61850.ServerAssociation - sub BDA is:IEDBiogasCHP/MMXU1.VAr.neut.dU: 
calling GetDataValues(IEDBiogasCHP/MMXU1.VAr.neut.d)
14:23:47.345 [openiec61850-osi-server-7-thread-1] DEBUG com.beanit.openiec61850.ServerAssociation - Got a GetDataValues request for node: IEDBiogasCHP/MMXU1.VAr.neut.d: ''
calling GetDataValues(IEDBiogasCHP/MMXU1.VAr.neut.dU)
14:23:47.346 [openiec61850-osi-server-7-thread-1] DEBUG com.beanit.openiec61850.ServerAssociation - Got a GetDataValues request for node: IEDBiogasCHP/MMXU1.VAr.neut.dU: 
calling GetDataValues(IEDBiogasCHP/MMXU1.VAr.net)
14:23:47.346 [openiec61850-osi-server-7-thread-1] DEBUG com.beanit.openiec61850.ServerAssociation - Got a GetDataValues request for node: IEDBiogasCHP/MMXU1.VAr.net [DC]
IEDBiogasCHP/MMXU1.VAr.net.d: ''
IEDBiogasCHP/MMXU1.VAr.net.dU: 
14:23:47.346 [openiec61850-osi-server-7-thread-1] DEBUG com.beanit.openiec61850.ServerAssociation - sub BDA is:IEDBiogasCHP/MMXU1.VAr.net.d: ''
14:23:47.346 [openiec61850-osi-server-7-thread-1] DEBUG com.beanit.openiec61850.ServerAssociation - sub BDA is:IEDBiogasCHP/MMXU1.VAr.net.dU: 
calling GetDataValues(IEDBiogasCHP/MMXU1.VAr.net.d)
14:23:47.346 [openiec61850-osi-server-7-thread-1] DEBUG com.beanit.openiec61850.ServerAssociation - Got a GetDataValues request for node: IEDBiogasCHP/MMXU1.VAr.net.d: ''
calling GetDataValues(IEDBiogasCHP/MMXU1.VAr.net.dU)
14:23:47.346 [openiec61850-osi-server-7-thread-1] DEBUG com.beanit.openiec61850.ServerAssociation - Got a GetDataValues request for node: IEDBiogasCHP/MMXU1.VAr.net.dU: 
calling GetDataValues(IEDBiogasCHP/MMXU1.VAr.res)
14:23:47.346 [openiec61850-osi-server-7-thread-1] DEBUG com.beanit.openiec61850.ServerAssociation - Got a GetDataValues request for node: IEDBiogasCHP/MMXU1.VAr.res [DC]
IEDBiogasCHP/MMXU1.VAr.res.d: ''
IEDBiogasCHP/MMXU1.VAr.res.dU: 
14:23:47.346 [openiec61850-osi-server-7-thread-1] DEBUG com.beanit.openiec61850.ServerAssociation - sub BDA is:IEDBiogasCHP/MMXU1.VAr.res.d: ''
14:23:47.346 [openiec61850-osi-server-7-thread-1] DEBUG com.beanit.openiec61850.ServerAssociation - sub BDA is:IEDBiogasCHP/MMXU1.VAr.res.dU: 
calling GetDataValues(IEDBiogasCHP/MMXU1.VAr.res.d)
14:23:47.346 [openiec61850-osi-server-7-thread-1] DEBUG com.beanit.openiec61850.ServerAssociation - Got a GetDataValues request for node: IEDBiogasCHP/MMXU1.VAr.res.d: ''
calling GetDataValues(IEDBiogasCHP/MMXU1.VAr.res.dU)
14:23:47.346 [openiec61850-osi-server-7-thread-1] DEBUG com.beanit.openiec61850.ServerAssociation - Got a GetDataValues request for node: IEDBiogasCHP/MMXU1.VAr.res.dU: 
calling GetDataValues(IEDBiogasCHP/MMXU1.VAr)
14:23:47.347 [openiec61850-osi-server-7-thread-1] DEBUG com.beanit.openiec61850.ServerAssociation - Got a GetDataValues request for node: IEDBiogasCHP/MMXU1.VAr [EX]
IEDBiogasCHP/MMXU1.VAr.cdcNs: ''
IEDBiogasCHP/MMXU1.VAr.cdcName: ''
IEDBiogasCHP/MMXU1.VAr.dataNs: ''
IEDBiogasCHP/MMXU1.VAr.phsA [EX]
IEDBiogasCHP/MMXU1.VAr.phsA.cdcNs: ''
IEDBiogasCHP/MMXU1.VAr.phsA.cdcName: ''
IEDBiogasCHP/MMXU1.VAr.phsA.dataNs: ''
IEDBiogasCHP/MMXU1.VAr.phsB [EX]
IEDBiogasCHP/MMXU1.VAr.phsB.cdcNs: ''
IEDBiogasCHP/MMXU1.VAr.phsB.cdcName: ''
IEDBiogasCHP/MMXU1.VAr.phsB.dataNs: ''
IEDBiogasCHP/MMXU1.VAr.phsC [EX]
IEDBiogasCHP/MMXU1.VAr.phsC.cdcNs: ''
IEDBiogasCHP/MMXU1.VAr.phsC.cdcName: ''
IEDBiogasCHP/MMXU1.VAr.phsC.dataNs: ''
IEDBiogasCHP/MMXU1.VAr.neut [EX]
IEDBiogasCHP/MMXU1.VAr.neut.cdcNs: ''
IEDBiogasCHP/MMXU1.VAr.neut.cdcName: ''
IEDBiogasCHP/MMXU1.VAr.neut.dataNs: ''
IEDBiogasCHP/MMXU1.VAr.net [EX]
IEDBiogasCHP/MMXU1.VAr.net.cdcNs: ''
IEDBiogasCHP/MMXU1.VAr.net.cdcName: ''
IEDBiogasCHP/MMXU1.VAr.net.dataNs: ''
IEDBiogasCHP/MMXU1.VAr.res [EX]
IEDBiogasCHP/MMXU1.VAr.res.cdcNs: ''
IEDBiogasCHP/MMXU1.VAr.res.cdcName: ''
IEDBiogasCHP/MMXU1.VAr.res.dataNs: ''
14:23:47.347 [openiec61850-osi-server-7-thread-1] DEBUG com.beanit.openiec61850.ServerAssociation - sub BDA is:IEDBiogasCHP/MMXU1.VAr.cdcNs: ''
14:23:47.347 [openiec61850-osi-server-7-thread-1] DEBUG com.beanit.openiec61850.ServerAssociation - sub BDA is:IEDBiogasCHP/MMXU1.VAr.cdcName: ''
14:23:47.347 [openiec61850-osi-server-7-thread-1] DEBUG com.beanit.openiec61850.ServerAssociation - sub BDA is:IEDBiogasCHP/MMXU1.VAr.dataNs: ''
14:23:47.347 [openiec61850-osi-server-7-thread-1] DEBUG com.beanit.openiec61850.ServerAssociation - sub BDA is:IEDBiogasCHP/MMXU1.VAr.phsA.cdcNs: ''
14:23:47.347 [openiec61850-osi-server-7-thread-1] DEBUG com.beanit.openiec61850.ServerAssociation - sub BDA is:IEDBiogasCHP/MMXU1.VAr.phsA.cdcName: ''
14:23:47.347 [openiec61850-osi-server-7-thread-1] DEBUG com.beanit.openiec61850.ServerAssociation - sub BDA is:IEDBiogasCHP/MMXU1.VAr.phsA.dataNs: ''
14:23:47.347 [openiec61850-osi-server-7-thread-1] DEBUG com.beanit.openiec61850.ServerAssociation - sub BDA is:IEDBiogasCHP/MMXU1.VAr.phsB.cdcNs: ''
14:23:47.347 [openiec61850-osi-server-7-thread-1] DEBUG com.beanit.openiec61850.ServerAssociation - sub BDA is:IEDBiogasCHP/MMXU1.VAr.phsB.cdcName: ''
14:23:47.347 [openiec61850-osi-server-7-thread-1] DEBUG com.beanit.openiec61850.ServerAssociation - sub BDA is:IEDBiogasCHP/MMXU1.VAr.phsB.dataNs: ''
14:23:47.347 [openiec61850-osi-server-7-thread-1] DEBUG com.beanit.openiec61850.ServerAssociation - sub BDA is:IEDBiogasCHP/MMXU1.VAr.phsC.cdcNs: ''
14:23:47.347 [openiec61850-osi-server-7-thread-1] DEBUG com.beanit.openiec61850.ServerAssociation - sub BDA is:IEDBiogasCHP/MMXU1.VAr.phsC.cdcName: ''
14:23:47.347 [openiec61850-osi-server-7-thread-1] DEBUG com.beanit.openiec61850.ServerAssociation - sub BDA is:IEDBiogasCHP/MMXU1.VAr.phsC.dataNs: ''
14:23:47.347 [openiec61850-osi-server-7-thread-1] DEBUG com.beanit.openiec61850.ServerAssociation - sub BDA is:IEDBiogasCHP/MMXU1.VAr.neut.cdcNs: ''
14:23:47.347 [openiec61850-osi-server-7-thread-1] DEBUG com.beanit.openiec61850.ServerAssociation - sub BDA is:IEDBiogasCHP/MMXU1.VAr.neut.cdcName: ''
14:23:47.347 [openiec61850-osi-server-7-thread-1] DEBUG com.beanit.openiec61850.ServerAssociation - sub BDA is:IEDBiogasCHP/MMXU1.VAr.neut.dataNs: ''
14:23:47.347 [openiec61850-osi-server-7-thread-1] DEBUG com.beanit.openiec61850.ServerAssociation - sub BDA is:IEDBiogasCHP/MMXU1.VAr.net.cdcNs: ''
14:23:47.347 [openiec61850-osi-server-7-thread-1] DEBUG com.beanit.openiec61850.ServerAssociation - sub BDA is:IEDBiogasCHP/MMXU1.VAr.net.cdcName: ''
14:23:47.347 [openiec61850-osi-server-7-thread-1] DEBUG com.beanit.openiec61850.ServerAssociation - sub BDA is:IEDBiogasCHP/MMXU1.VAr.net.dataNs: ''
14:23:47.347 [openiec61850-osi-server-7-thread-1] DEBUG com.beanit.openiec61850.ServerAssociation - sub BDA is:IEDBiogasCHP/MMXU1.VAr.res.cdcNs: ''
14:23:47.347 [openiec61850-osi-server-7-thread-1] DEBUG com.beanit.openiec61850.ServerAssociation - sub BDA is:IEDBiogasCHP/MMXU1.VAr.res.cdcName: ''
14:23:47.347 [openiec61850-osi-server-7-thread-1] DEBUG com.beanit.openiec61850.ServerAssociation - sub BDA is:IEDBiogasCHP/MMXU1.VAr.res.dataNs: ''
calling GetDataValues(IEDBiogasCHP/MMXU1.VAr.cdcNs)
14:23:47.347 [openiec61850-osi-server-7-thread-1] DEBUG com.beanit.openiec61850.ServerAssociation - Got a GetDataValues request for node: IEDBiogasCHP/MMXU1.VAr.cdcNs: ''
calling GetDataValues(IEDBiogasCHP/MMXU1.VAr.cdcName)
14:23:47.347 [openiec61850-osi-server-7-thread-1] DEBUG com.beanit.openiec61850.ServerAssociation - Got a GetDataValues request for node: IEDBiogasCHP/MMXU1.VAr.cdcName: ''
calling GetDataValues(IEDBiogasCHP/MMXU1.VAr.dataNs)
14:23:47.347 [openiec61850-osi-server-7-thread-1] DEBUG com.beanit.openiec61850.ServerAssociation - Got a GetDataValues request for node: IEDBiogasCHP/MMXU1.VAr.dataNs: ''
calling GetDataValues(IEDBiogasCHP/MMXU1.VAr.phsA)
14:23:47.347 [openiec61850-osi-server-7-thread-1] DEBUG com.beanit.openiec61850.ServerAssociation - Got a GetDataValues request for node: IEDBiogasCHP/MMXU1.VAr.phsA [EX]
IEDBiogasCHP/MMXU1.VAr.phsA.cdcNs: ''
IEDBiogasCHP/MMXU1.VAr.phsA.cdcName: ''
IEDBiogasCHP/MMXU1.VAr.phsA.dataNs: ''
14:23:47.347 [openiec61850-osi-server-7-thread-1] DEBUG com.beanit.openiec61850.ServerAssociation - sub BDA is:IEDBiogasCHP/MMXU1.VAr.phsA.cdcNs: ''
14:23:47.347 [openiec61850-osi-server-7-thread-1] DEBUG com.beanit.openiec61850.ServerAssociation - sub BDA is:IEDBiogasCHP/MMXU1.VAr.phsA.cdcName: ''
14:23:47.347 [openiec61850-osi-server-7-thread-1] DEBUG com.beanit.openiec61850.ServerAssociation - sub BDA is:IEDBiogasCHP/MMXU1.VAr.phsA.dataNs: ''
calling GetDataValues(IEDBiogasCHP/MMXU1.VAr.phsA.cdcNs)
14:23:47.347 [openiec61850-osi-server-7-thread-1] DEBUG com.beanit.openiec61850.ServerAssociation - Got a GetDataValues request for node: IEDBiogasCHP/MMXU1.VAr.phsA.cdcNs: ''
calling GetDataValues(IEDBiogasCHP/MMXU1.VAr.phsA.cdcName)
14:23:47.347 [openiec61850-osi-server-7-thread-1] DEBUG com.beanit.openiec61850.ServerAssociation - Got a GetDataValues request for node: IEDBiogasCHP/MMXU1.VAr.phsA.cdcName: ''
calling GetDataValues(IEDBiogasCHP/MMXU1.VAr.phsA.dataNs)
14:23:47.348 [openiec61850-osi-server-7-thread-1] DEBUG com.beanit.openiec61850.ServerAssociation - Got a GetDataValues request for node: IEDBiogasCHP/MMXU1.VAr.phsA.dataNs: ''
calling GetDataValues(IEDBiogasCHP/MMXU1.VAr.phsB)
14:23:47.348 [openiec61850-osi-server-7-thread-1] DEBUG com.beanit.openiec61850.ServerAssociation - Got a GetDataValues request for node: IEDBiogasCHP/MMXU1.VAr.phsB [EX]
IEDBiogasCHP/MMXU1.VAr.phsB.cdcNs: ''
IEDBiogasCHP/MMXU1.VAr.phsB.cdcName: ''
IEDBiogasCHP/MMXU1.VAr.phsB.dataNs: ''
14:23:47.348 [openiec61850-osi-server-7-thread-1] DEBUG com.beanit.openiec61850.ServerAssociation - sub BDA is:IEDBiogasCHP/MMXU1.VAr.phsB.cdcNs: ''
14:23:47.348 [openiec61850-osi-server-7-thread-1] DEBUG com.beanit.openiec61850.ServerAssociation - sub BDA is:IEDBiogasCHP/MMXU1.VAr.phsB.cdcName: ''
14:23:47.348 [openiec61850-osi-server-7-thread-1] DEBUG com.beanit.openiec61850.ServerAssociation - sub BDA is:IEDBiogasCHP/MMXU1.VAr.phsB.dataNs: ''
calling GetDataValues(IEDBiogasCHP/MMXU1.VAr.phsB.cdcNs)
14:23:47.348 [openiec61850-osi-server-7-thread-1] DEBUG com.beanit.openiec61850.ServerAssociation - Got a GetDataValues request for node: IEDBiogasCHP/MMXU1.VAr.phsB.cdcNs: ''
calling GetDataValues(IEDBiogasCHP/MMXU1.VAr.phsB.cdcName)
14:23:47.348 [openiec61850-osi-server-7-thread-1] DEBUG com.beanit.openiec61850.ServerAssociation - Got a GetDataValues request for node: IEDBiogasCHP/MMXU1.VAr.phsB.cdcName: ''
calling GetDataValues(IEDBiogasCHP/MMXU1.VAr.phsB.dataNs)
14:23:47.348 [openiec61850-osi-server-7-thread-1] DEBUG com.beanit.openiec61850.ServerAssociation - Got a GetDataValues request for node: IEDBiogasCHP/MMXU1.VAr.phsB.dataNs: ''
calling GetDataValues(IEDBiogasCHP/MMXU1.VAr.phsC)
14:23:47.348 [openiec61850-osi-server-7-thread-1] DEBUG com.beanit.openiec61850.ServerAssociation - Got a GetDataValues request for node: IEDBiogasCHP/MMXU1.VAr.phsC [EX]
IEDBiogasCHP/MMXU1.VAr.phsC.cdcNs: ''
IEDBiogasCHP/MMXU1.VAr.phsC.cdcName: ''
IEDBiogasCHP/MMXU1.VAr.phsC.dataNs: ''
14:23:47.348 [openiec61850-osi-server-7-thread-1] DEBUG com.beanit.openiec61850.ServerAssociation - sub BDA is:IEDBiogasCHP/MMXU1.VAr.phsC.cdcNs: ''
14:23:47.348 [openiec61850-osi-server-7-thread-1] DEBUG com.beanit.openiec61850.ServerAssociation - sub BDA is:IEDBiogasCHP/MMXU1.VAr.phsC.cdcName: ''
14:23:47.348 [openiec61850-osi-server-7-thread-1] DEBUG com.beanit.openiec61850.ServerAssociation - sub BDA is:IEDBiogasCHP/MMXU1.VAr.phsC.dataNs: ''
calling GetDataValues(IEDBiogasCHP/MMXU1.VAr.phsC.cdcNs)
14:23:47.348 [openiec61850-osi-server-7-thread-1] DEBUG com.beanit.openiec61850.ServerAssociation - Got a GetDataValues request for node: IEDBiogasCHP/MMXU1.VAr.phsC.cdcNs: ''
calling GetDataValues(IEDBiogasCHP/MMXU1.VAr.phsC.cdcName)
14:23:47.348 [openiec61850-osi-server-7-thread-1] DEBUG com.beanit.openiec61850.ServerAssociation - Got a GetDataValues request for node: IEDBiogasCHP/MMXU1.VAr.phsC.cdcName: ''
calling GetDataValues(IEDBiogasCHP/MMXU1.VAr.phsC.dataNs)
14:23:47.348 [openiec61850-osi-server-7-thread-1] DEBUG com.beanit.openiec61850.ServerAssociation - Got a GetDataValues request for node: IEDBiogasCHP/MMXU1.VAr.phsC.dataNs: ''
calling GetDataValues(IEDBiogasCHP/MMXU1.VAr.neut)
14:23:47.349 [openiec61850-osi-server-7-thread-1] DEBUG com.beanit.openiec61850.ServerAssociation - Got a GetDataValues request for node: IEDBiogasCHP/MMXU1.VAr.neut [EX]
IEDBiogasCHP/MMXU1.VAr.neut.cdcNs: ''
IEDBiogasCHP/MMXU1.VAr.neut.cdcName: ''
IEDBiogasCHP/MMXU1.VAr.neut.dataNs: ''
14:23:47.349 [openiec61850-osi-server-7-thread-1] DEBUG com.beanit.openiec61850.ServerAssociation - sub BDA is:IEDBiogasCHP/MMXU1.VAr.neut.cdcNs: ''
14:23:47.349 [openiec61850-osi-server-7-thread-1] DEBUG com.beanit.openiec61850.ServerAssociation - sub BDA is:IEDBiogasCHP/MMXU1.VAr.neut.cdcName: ''
14:23:47.349 [openiec61850-osi-server-7-thread-1] DEBUG com.beanit.openiec61850.ServerAssociation - sub BDA is:IEDBiogasCHP/MMXU1.VAr.neut.dataNs: ''
calling GetDataValues(IEDBiogasCHP/MMXU1.VAr.neut.cdcNs)
14:23:47.349 [openiec61850-osi-server-7-thread-1] DEBUG com.beanit.openiec61850.ServerAssociation - Got a GetDataValues request for node: IEDBiogasCHP/MMXU1.VAr.neut.cdcNs: ''
calling GetDataValues(IEDBiogasCHP/MMXU1.VAr.neut.cdcName)
14:23:47.349 [openiec61850-osi-server-7-thread-1] DEBUG com.beanit.openiec61850.ServerAssociation - Got a GetDataValues request for node: IEDBiogasCHP/MMXU1.VAr.neut.cdcName: ''
calling GetDataValues(IEDBiogasCHP/MMXU1.VAr.neut.dataNs)
14:23:47.349 [openiec61850-osi-server-7-thread-1] DEBUG com.beanit.openiec61850.ServerAssociation - Got a GetDataValues request for node: IEDBiogasCHP/MMXU1.VAr.neut.dataNs: ''
calling GetDataValues(IEDBiogasCHP/MMXU1.VAr.net)
14:23:47.349 [openiec61850-osi-server-7-thread-1] DEBUG com.beanit.openiec61850.ServerAssociation - Got a GetDataValues request for node: IEDBiogasCHP/MMXU1.VAr.net [EX]
IEDBiogasCHP/MMXU1.VAr.net.cdcNs: ''
IEDBiogasCHP/MMXU1.VAr.net.cdcName: ''
IEDBiogasCHP/MMXU1.VAr.net.dataNs: ''
14:23:47.349 [openiec61850-osi-server-7-thread-1] DEBUG com.beanit.openiec61850.ServerAssociation - sub BDA is:IEDBiogasCHP/MMXU1.VAr.net.cdcNs: ''
14:23:47.349 [openiec61850-osi-server-7-thread-1] DEBUG com.beanit.openiec61850.ServerAssociation - sub BDA is:IEDBiogasCHP/MMXU1.VAr.net.cdcName: ''
14:23:47.349 [openiec61850-osi-server-7-thread-1] DEBUG com.beanit.openiec61850.ServerAssociation - sub BDA is:IEDBiogasCHP/MMXU1.VAr.net.dataNs: ''
calling GetDataValues(IEDBiogasCHP/MMXU1.VAr.net.cdcNs)
14:23:47.349 [openiec61850-osi-server-7-thread-1] DEBUG com.beanit.openiec61850.ServerAssociation - Got a GetDataValues request for node: IEDBiogasCHP/MMXU1.VAr.net.cdcNs: ''
calling GetDataValues(IEDBiogasCHP/MMXU1.VAr.net.cdcName)
14:23:47.349 [openiec61850-osi-server-7-thread-1] DEBUG com.beanit.openiec61850.ServerAssociation - Got a GetDataValues request for node: IEDBiogasCHP/MMXU1.VAr.net.cdcName: ''
calling GetDataValues(IEDBiogasCHP/MMXU1.VAr.net.dataNs)
14:23:47.349 [openiec61850-osi-server-7-thread-1] DEBUG com.beanit.openiec61850.ServerAssociation - Got a GetDataValues request for node: IEDBiogasCHP/MMXU1.VAr.net.dataNs: ''
calling GetDataValues(IEDBiogasCHP/MMXU1.VAr.res)
14:23:47.350 [openiec61850-osi-server-7-thread-1] DEBUG com.beanit.openiec61850.ServerAssociation - Got a GetDataValues request for node: IEDBiogasCHP/MMXU1.VAr.res [EX]
IEDBiogasCHP/MMXU1.VAr.res.cdcNs: ''
IEDBiogasCHP/MMXU1.VAr.res.cdcName: ''
IEDBiogasCHP/MMXU1.VAr.res.dataNs: ''
14:23:47.350 [openiec61850-osi-server-7-thread-1] DEBUG com.beanit.openiec61850.ServerAssociation - sub BDA is:IEDBiogasCHP/MMXU1.VAr.res.cdcNs: ''
14:23:47.350 [openiec61850-osi-server-7-thread-1] DEBUG com.beanit.openiec61850.ServerAssociation - sub BDA is:IEDBiogasCHP/MMXU1.VAr.res.cdcName: ''
14:23:47.350 [openiec61850-osi-server-7-thread-1] DEBUG com.beanit.openiec61850.ServerAssociation - sub BDA is:IEDBiogasCHP/MMXU1.VAr.res.dataNs: ''
calling GetDataValues(IEDBiogasCHP/MMXU1.VAr.res.cdcNs)
14:23:47.350 [openiec61850-osi-server-7-thread-1] DEBUG com.beanit.openiec61850.ServerAssociation - Got a GetDataValues request for node: IEDBiogasCHP/MMXU1.VAr.res.cdcNs: ''
calling GetDataValues(IEDBiogasCHP/MMXU1.VAr.res.cdcName)
14:23:47.350 [openiec61850-osi-server-7-thread-1] DEBUG com.beanit.openiec61850.ServerAssociation - Got a GetDataValues request for node: IEDBiogasCHP/MMXU1.VAr.res.cdcName: ''
calling GetDataValues(IEDBiogasCHP/MMXU1.VAr.res.dataNs)
14:23:47.350 [openiec61850-osi-server-7-thread-1] DEBUG com.beanit.openiec61850.ServerAssociation - Got a GetDataValues request for node: IEDBiogasCHP/MMXU1.VAr.res.dataNs: ''
calling GetDataValues(IEDBiogasCHP/MMXU1.VA)
14:23:47.350 [openiec61850-osi-server-7-thread-1] DEBUG com.beanit.openiec61850.ServerAssociation - Got a GetDataValues request for node: IEDBiogasCHP/MMXU1.VA [MX]
IEDBiogasCHP/MMXU1.VA.phsA [MX]
IEDBiogasCHP/MMXU1.VA.phsA.instCVal [MX]
IEDBiogasCHP/MMXU1.VA.phsA.instCVal.mag [MX]
IEDBiogasCHP/MMXU1.VA.phsA.instCVal.mag.i: 0
IEDBiogasCHP/MMXU1.VA.phsA.instCVal.mag.f: 0.0
IEDBiogasCHP/MMXU1.VA.phsA.instCVal.ang [MX]
IEDBiogasCHP/MMXU1.VA.phsA.instCVal.ang.i: 0
IEDBiogasCHP/MMXU1.VA.phsA.instCVal.ang.f: 0.0
IEDBiogasCHP/MMXU1.VA.phsA.cVal [MX]
IEDBiogasCHP/MMXU1.VA.phsA.cVal.mag [MX]
IEDBiogasCHP/MMXU1.VA.phsA.cVal.mag.i: 0
IEDBiogasCHP/MMXU1.VA.phsA.cVal.mag.f: 0.0
IEDBiogasCHP/MMXU1.VA.phsA.cVal.ang [MX]
IEDBiogasCHP/MMXU1.VA.phsA.cVal.ang.i: 0
IEDBiogasCHP/MMXU1.VA.phsA.cVal.ang.f: 0.0
IEDBiogasCHP/MMXU1.VA.phsA.range: 0
IEDBiogasCHP/MMXU1.VA.phsA.q: 0x00 0x00
IEDBiogasCHP/MMXU1.VA.phsA.t: Thu Jan 01 01:00:00 CET 1970
IEDBiogasCHP/MMXU1.VA.phsB [MX]
IEDBiogasCHP/MMXU1.VA.phsB.instCVal [MX]
IEDBiogasCHP/MMXU1.VA.phsB.instCVal.mag [MX]
IEDBiogasCHP/MMXU1.VA.phsB.instCVal.mag.i: 0
IEDBiogasCHP/MMXU1.VA.phsB.instCVal.mag.f: 0.0
IEDBiogasCHP/MMXU1.VA.phsB.instCVal.ang [MX]
IEDBiogasCHP/MMXU1.VA.phsB.instCVal.ang.i: 0
IEDBiogasCHP/MMXU1.VA.phsB.instCVal.ang.f: 0.0
IEDBiogasCHP/MMXU1.VA.phsB.cVal [MX]
IEDBiogasCHP/MMXU1.VA.phsB.cVal.mag [MX]
IEDBiogasCHP/MMXU1.VA.phsB.cVal.mag.i: 0
IEDBiogasCHP/MMXU1.VA.phsB.cVal.mag.f: 0.0
IEDBiogasCHP/MMXU1.VA.phsB.cVal.ang [MX]
IEDBiogasCHP/MMXU1.VA.phsB.cVal.ang.i: 0
IEDBiogasCHP/MMXU1.VA.phsB.cVal.ang.f: 0.0
IEDBiogasCHP/MMXU1.VA.phsB.range: 0
IEDBiogasCHP/MMXU1.VA.phsB.q: 0x00 0x00
IEDBiogasCHP/MMXU1.VA.phsB.t: Thu Jan 01 01:00:00 CET 1970
IEDBiogasCHP/MMXU1.VA.phsC [MX]
IEDBiogasCHP/MMXU1.VA.phsC.instCVal [MX]
IEDBiogasCHP/MMXU1.VA.phsC.instCVal.mag [MX]
IEDBiogasCHP/MMXU1.VA.phsC.instCVal.mag.i: 0
IEDBiogasCHP/MMXU1.VA.phsC.instCVal.mag.f: 0.0
IEDBiogasCHP/MMXU1.VA.phsC.instCVal.ang [MX]
IEDBiogasCHP/MMXU1.VA.phsC.instCVal.ang.i: 0
IEDBiogasCHP/MMXU1.VA.phsC.instCVal.ang.f: 0.0
IEDBiogasCHP/MMXU1.VA.phsC.cVal [MX]
IEDBiogasCHP/MMXU1.VA.phsC.cVal.mag [MX]
IEDBiogasCHP/MMXU1.VA.phsC.cVal.mag.i: 0
IEDBiogasCHP/MMXU1.VA.phsC.cVal.mag.f: 0.0
IEDBiogasCHP/MMXU1.VA.phsC.cVal.ang [MX]
IEDBiogasCHP/MMXU1.VA.phsC.cVal.ang.i: 0
IEDBiogasCHP/MMXU1.VA.phsC.cVal.ang.f: 0.0
IEDBiogasCHP/MMXU1.VA.phsC.range: 0
IEDBiogasCHP/MMXU1.VA.phsC.q: 0x00 0x00
IEDBiogasCHP/MMXU1.VA.phsC.t: Thu Jan 01 01:00:00 CET 1970
IEDBiogasCHP/MMXU1.VA.neut [MX]
IEDBiogasCHP/MMXU1.VA.neut.instCVal [MX]
IEDBiogasCHP/MMXU1.VA.neut.instCVal.mag [MX]
IEDBiogasCHP/MMXU1.VA.neut.instCVal.mag.i: 0
IEDBiogasCHP/MMXU1.VA.neut.instCVal.mag.f: 0.0
IEDBiogasCHP/MMXU1.VA.neut.instCVal.ang [MX]
IEDBiogasCHP/MMXU1.VA.neut.instCVal.ang.i: 0
IEDBiogasCHP/MMXU1.VA.neut.instCVal.ang.f: 0.0
IEDBiogasCHP/MMXU1.VA.neut.cVal [MX]
IEDBiogasCHP/MMXU1.VA.neut.cVal.mag [MX]
IEDBiogasCHP/MMXU1.VA.neut.cVal.mag.i: 0
IEDBiogasCHP/MMXU1.VA.neut.cVal.mag.f: 0.0
IEDBiogasCHP/MMXU1.VA.neut.cVal.ang [MX]
IEDBiogasCHP/MMXU1.VA.neut.cVal.ang.i: 0
IEDBiogasCHP/MMXU1.VA.neut.cVal.ang.f: 0.0
IEDBiogasCHP/MMXU1.VA.neut.range: 0
IEDBiogasCHP/MMXU1.VA.neut.q: 0x00 0x00
IEDBiogasCHP/MMXU1.VA.neut.t: Thu Jan 01 01:00:00 CET 1970
IEDBiogasCHP/MMXU1.VA.net [MX]
IEDBiogasCHP/MMXU1.VA.net.instCVal [MX]
IEDBiogasCHP/MMXU1.VA.net.instCVal.mag [MX]
IEDBiogasCHP/MMXU1.VA.net.instCVal.mag.i: 0
IEDBiogasCHP/MMXU1.VA.net.instCVal.mag.f: 0.0
IEDBiogasCHP/MMXU1.VA.net.instCVal.ang [MX]
IEDBiogasCHP/MMXU1.VA.net.instCVal.ang.i: 0
IEDBiogasCHP/MMXU1.VA.net.instCVal.ang.f: 0.0
IEDBiogasCHP/MMXU1.VA.net.cVal [MX]
IEDBiogasCHP/MMXU1.VA.net.cVal.mag [MX]
IEDBiogasCHP/MMXU1.VA.net.cVal.mag.i: 0
IEDBiogasCHP/MMXU1.VA.net.cVal.mag.f: 0.0
IEDBiogasCHP/MMXU1.VA.net.cVal.ang [MX]
IEDBiogasCHP/MMXU1.VA.net.cVal.ang.i: 0
IEDBiogasCHP/MMXU1.VA.net.cVal.ang.f: 0.0
IEDBiogasCHP/MMXU1.VA.net.range: 0
IEDBiogasCHP/MMXU1.VA.net.q: 0x00 0x00
IEDBiogasCHP/MMXU1.VA.net.t: Thu Jan 01 01:00:00 CET 1970
IEDBiogasCHP/MMXU1.VA.res [MX]
IEDBiogasCHP/MMXU1.VA.res.instCVal [MX]
IEDBiogasCHP/MMXU1.VA.res.instCVal.mag [MX]
IEDBiogasCHP/MMXU1.VA.res.instCVal.mag.i: 0
IEDBiogasCHP/MMXU1.VA.res.instCVal.mag.f: 0.0
IEDBiogasCHP/MMXU1.VA.res.instCVal.ang [MX]
IEDBiogasCHP/MMXU1.VA.res.instCVal.ang.i: 0
IEDBiogasCHP/MMXU1.VA.res.instCVal.ang.f: 0.0
IEDBiogasCHP/MMXU1.VA.res.cVal [MX]
IEDBiogasCHP/MMXU1.VA.res.cVal.mag [MX]
IEDBiogasCHP/MMXU1.VA.res.cVal.mag.i: 0
IEDBiogasCHP/MMXU1.VA.res.cVal.mag.f: 0.0
IEDBiogasCHP/MMXU1.VA.res.cVal.ang [MX]
IEDBiogasCHP/MMXU1.VA.res.cVal.ang.i: 0
IEDBiogasCHP/MMXU1.VA.res.cVal.ang.f: 0.0
IEDBiogasCHP/MMXU1.VA.res.range: 0
IEDBiogasCHP/MMXU1.VA.res.q: 0x00 0x00
IEDBiogasCHP/MMXU1.VA.res.t: Thu Jan 01 01:00:00 CET 1970
14:23:47.350 [openiec61850-osi-server-7-thread-1] DEBUG com.beanit.openiec61850.ServerAssociation - sub BDA is:IEDBiogasCHP/MMXU1.VA.phsA.instCVal.mag.i: 0
14:23:47.350 [openiec61850-osi-server-7-thread-1] DEBUG com.beanit.openiec61850.ServerAssociation - sub BDA is:IEDBiogasCHP/MMXU1.VA.phsA.instCVal.mag.f: 0.0
14:23:47.350 [openiec61850-osi-server-7-thread-1] DEBUG com.beanit.openiec61850.ServerAssociation - sub BDA is:IEDBiogasCHP/MMXU1.VA.phsA.instCVal.ang.i: 0
14:23:47.350 [openiec61850-osi-server-7-thread-1] DEBUG com.beanit.openiec61850.ServerAssociation - sub BDA is:IEDBiogasCHP/MMXU1.VA.phsA.instCVal.ang.f: 0.0
14:23:47.350 [openiec61850-osi-server-7-thread-1] DEBUG com.beanit.openiec61850.ServerAssociation - sub BDA is:IEDBiogasCHP/MMXU1.VA.phsA.cVal.mag.i: 0
14:23:47.350 [openiec61850-osi-server-7-thread-1] DEBUG com.beanit.openiec61850.ServerAssociation - sub BDA is:IEDBiogasCHP/MMXU1.VA.phsA.cVal.mag.f: 0.0
14:23:47.350 [openiec61850-osi-server-7-thread-1] DEBUG com.beanit.openiec61850.ServerAssociation - sub BDA is:IEDBiogasCHP/MMXU1.VA.phsA.cVal.ang.i: 0
14:23:47.350 [openiec61850-osi-server-7-thread-1] DEBUG com.beanit.openiec61850.ServerAssociation - sub BDA is:IEDBiogasCHP/MMXU1.VA.phsA.cVal.ang.f: 0.0
14:23:47.350 [openiec61850-osi-server-7-thread-1] DEBUG com.beanit.openiec61850.ServerAssociation - sub BDA is:IEDBiogasCHP/MMXU1.VA.phsA.range: 0
14:23:47.350 [openiec61850-osi-server-7-thread-1] DEBUG com.beanit.openiec61850.ServerAssociation - sub BDA is:IEDBiogasCHP/MMXU1.VA.phsA.q: 0x00 0x00
14:23:47.350 [openiec61850-osi-server-7-thread-1] DEBUG com.beanit.openiec61850.ServerAssociation - sub BDA is:IEDBiogasCHP/MMXU1.VA.phsA.t: Thu Jan 01 01:00:00 CET 1970
14:23:47.350 [openiec61850-osi-server-7-thread-1] DEBUG com.beanit.openiec61850.ServerAssociation - sub BDA is:IEDBiogasCHP/MMXU1.VA.phsB.instCVal.mag.i: 0
14:23:47.350 [openiec61850-osi-server-7-thread-1] DEBUG com.beanit.openiec61850.ServerAssociation - sub BDA is:IEDBiogasCHP/MMXU1.VA.phsB.instCVal.mag.f: 0.0
14:23:47.350 [openiec61850-osi-server-7-thread-1] DEBUG com.beanit.openiec61850.ServerAssociation - sub BDA is:IEDBiogasCHP/MMXU1.VA.phsB.instCVal.ang.i: 0
14:23:47.350 [openiec61850-osi-server-7-thread-1] DEBUG com.beanit.openiec61850.ServerAssociation - sub BDA is:IEDBiogasCHP/MMXU1.VA.phsB.instCVal.ang.f: 0.0
14:23:47.350 [openiec61850-osi-server-7-thread-1] DEBUG com.beanit.openiec61850.ServerAssociation - sub BDA is:IEDBiogasCHP/MMXU1.VA.phsB.cVal.mag.i: 0
14:23:47.350 [openiec61850-osi-server-7-thread-1] DEBUG com.beanit.openiec61850.ServerAssociation - sub BDA is:IEDBiogasCHP/MMXU1.VA.phsB.cVal.mag.f: 0.0
14:23:47.350 [openiec61850-osi-server-7-thread-1] DEBUG com.beanit.openiec61850.ServerAssociation - sub BDA is:IEDBiogasCHP/MMXU1.VA.phsB.cVal.ang.i: 0
14:23:47.350 [openiec61850-osi-server-7-thread-1] DEBUG com.beanit.openiec61850.ServerAssociation - sub BDA is:IEDBiogasCHP/MMXU1.VA.phsB.cVal.ang.f: 0.0
14:23:47.350 [openiec61850-osi-server-7-thread-1] DEBUG com.beanit.openiec61850.ServerAssociation - sub BDA is:IEDBiogasCHP/MMXU1.VA.phsB.range: 0
14:23:47.350 [openiec61850-osi-server-7-thread-1] DEBUG com.beanit.openiec61850.ServerAssociation - sub BDA is:IEDBiogasCHP/MMXU1.VA.phsB.q: 0x00 0x00
14:23:47.350 [openiec61850-osi-server-7-thread-1] DEBUG com.beanit.openiec61850.ServerAssociation - sub BDA is:IEDBiogasCHP/MMXU1.VA.phsB.t: Thu Jan 01 01:00:00 CET 1970
14:23:47.350 [openiec61850-osi-server-7-thread-1] DEBUG com.beanit.openiec61850.ServerAssociation - sub BDA is:IEDBiogasCHP/MMXU1.VA.phsC.instCVal.mag.i: 0
14:23:47.350 [openiec61850-osi-server-7-thread-1] DEBUG com.beanit.openiec61850.ServerAssociation - sub BDA is:IEDBiogasCHP/MMXU1.VA.phsC.instCVal.mag.f: 0.0
14:23:47.350 [openiec61850-osi-server-7-thread-1] DEBUG com.beanit.openiec61850.ServerAssociation - sub BDA is:IEDBiogasCHP/MMXU1.VA.phsC.instCVal.ang.i: 0
14:23:47.350 [openiec61850-osi-server-7-thread-1] DEBUG com.beanit.openiec61850.ServerAssociation - sub BDA is:IEDBiogasCHP/MMXU1.VA.phsC.instCVal.ang.f: 0.0
14:23:47.350 [openiec61850-osi-server-7-thread-1] DEBUG com.beanit.openiec61850.ServerAssociation - sub BDA is:IEDBiogasCHP/MMXU1.VA.phsC.cVal.mag.i: 0
14:23:47.350 [openiec61850-osi-server-7-thread-1] DEBUG com.beanit.openiec61850.ServerAssociation - sub BDA is:IEDBiogasCHP/MMXU1.VA.phsC.cVal.mag.f: 0.0
14:23:47.351 [openiec61850-osi-server-7-thread-1] DEBUG com.beanit.openiec61850.ServerAssociation - sub BDA is:IEDBiogasCHP/MMXU1.VA.phsC.cVal.ang.i: 0
14:23:47.351 [openiec61850-osi-server-7-thread-1] DEBUG com.beanit.openiec61850.ServerAssociation - sub BDA is:IEDBiogasCHP/MMXU1.VA.phsC.cVal.ang.f: 0.0
14:23:47.351 [openiec61850-osi-server-7-thread-1] DEBUG com.beanit.openiec61850.ServerAssociation - sub BDA is:IEDBiogasCHP/MMXU1.VA.phsC.range: 0
14:23:47.351 [openiec61850-osi-server-7-thread-1] DEBUG com.beanit.openiec61850.ServerAssociation - sub BDA is:IEDBiogasCHP/MMXU1.VA.phsC.q: 0x00 0x00
14:23:47.351 [openiec61850-osi-server-7-thread-1] DEBUG com.beanit.openiec61850.ServerAssociation - sub BDA is:IEDBiogasCHP/MMXU1.VA.phsC.t: Thu Jan 01 01:00:00 CET 1970
14:23:47.351 [openiec61850-osi-server-7-thread-1] DEBUG com.beanit.openiec61850.ServerAssociation - sub BDA is:IEDBiogasCHP/MMXU1.VA.neut.instCVal.mag.i: 0
14:23:47.351 [openiec61850-osi-server-7-thread-1] DEBUG com.beanit.openiec61850.ServerAssociation - sub BDA is:IEDBiogasCHP/MMXU1.VA.neut.instCVal.mag.f: 0.0
14:23:47.351 [openiec61850-osi-server-7-thread-1] DEBUG com.beanit.openiec61850.ServerAssociation - sub BDA is:IEDBiogasCHP/MMXU1.VA.neut.instCVal.ang.i: 0
14:23:47.351 [openiec61850-osi-server-7-thread-1] DEBUG com.beanit.openiec61850.ServerAssociation - sub BDA is:IEDBiogasCHP/MMXU1.VA.neut.instCVal.ang.f: 0.0
14:23:47.351 [openiec61850-osi-server-7-thread-1] DEBUG com.beanit.openiec61850.ServerAssociation - sub BDA is:IEDBiogasCHP/MMXU1.VA.neut.cVal.mag.i: 0
14:23:47.351 [openiec61850-osi-server-7-thread-1] DEBUG com.beanit.openiec61850.ServerAssociation - sub BDA is:IEDBiogasCHP/MMXU1.VA.neut.cVal.mag.f: 0.0
14:23:47.351 [openiec61850-osi-server-7-thread-1] DEBUG com.beanit.openiec61850.ServerAssociation - sub BDA is:IEDBiogasCHP/MMXU1.VA.neut.cVal.ang.i: 0
14:23:47.351 [openiec61850-osi-server-7-thread-1] DEBUG com.beanit.openiec61850.ServerAssociation - sub BDA is:IEDBiogasCHP/MMXU1.VA.neut.cVal.ang.f: 0.0
14:23:47.351 [openiec61850-osi-server-7-thread-1] DEBUG com.beanit.openiec61850.ServerAssociation - sub BDA is:IEDBiogasCHP/MMXU1.VA.neut.range: 0
14:23:47.351 [openiec61850-osi-server-7-thread-1] DEBUG com.beanit.openiec61850.ServerAssociation - sub BDA is:IEDBiogasCHP/MMXU1.VA.neut.q: 0x00 0x00
14:23:47.351 [openiec61850-osi-server-7-thread-1] DEBUG com.beanit.openiec61850.ServerAssociation - sub BDA is:IEDBiogasCHP/MMXU1.VA.neut.t: Thu Jan 01 01:00:00 CET 1970
14:23:47.351 [openiec61850-osi-server-7-thread-1] DEBUG com.beanit.openiec61850.ServerAssociation - sub BDA is:IEDBiogasCHP/MMXU1.VA.net.instCVal.mag.i: 0
14:23:47.351 [openiec61850-osi-server-7-thread-1] DEBUG com.beanit.openiec61850.ServerAssociation - sub BDA is:IEDBiogasCHP/MMXU1.VA.net.instCVal.mag.f: 0.0
14:23:47.351 [openiec61850-osi-server-7-thread-1] DEBUG com.beanit.openiec61850.ServerAssociation - sub BDA is:IEDBiogasCHP/MMXU1.VA.net.instCVal.ang.i: 0
14:23:47.351 [openiec61850-osi-server-7-thread-1] DEBUG com.beanit.openiec61850.ServerAssociation - sub BDA is:IEDBiogasCHP/MMXU1.VA.net.instCVal.ang.f: 0.0
14:23:47.351 [openiec61850-osi-server-7-thread-1] DEBUG com.beanit.openiec61850.ServerAssociation - sub BDA is:IEDBiogasCHP/MMXU1.VA.net.cVal.mag.i: 0
14:23:47.351 [openiec61850-osi-server-7-thread-1] DEBUG com.beanit.openiec61850.ServerAssociation - sub BDA is:IEDBiogasCHP/MMXU1.VA.net.cVal.mag.f: 0.0
14:23:47.351 [openiec61850-osi-server-7-thread-1] DEBUG com.beanit.openiec61850.ServerAssociation - sub BDA is:IEDBiogasCHP/MMXU1.VA.net.cVal.ang.i: 0
14:23:47.351 [openiec61850-osi-server-7-thread-1] DEBUG com.beanit.openiec61850.ServerAssociation - sub BDA is:IEDBiogasCHP/MMXU1.VA.net.cVal.ang.f: 0.0
14:23:47.351 [openiec61850-osi-server-7-thread-1] DEBUG com.beanit.openiec61850.ServerAssociation - sub BDA is:IEDBiogasCHP/MMXU1.VA.net.range: 0
14:23:47.351 [openiec61850-osi-server-7-thread-1] DEBUG com.beanit.openiec61850.ServerAssociation - sub BDA is:IEDBiogasCHP/MMXU1.VA.net.q: 0x00 0x00
14:23:47.351 [openiec61850-osi-server-7-thread-1] DEBUG com.beanit.openiec61850.ServerAssociation - sub BDA is:IEDBiogasCHP/MMXU1.VA.net.t: Thu Jan 01 01:00:00 CET 1970
14:23:47.351 [openiec61850-osi-server-7-thread-1] DEBUG com.beanit.openiec61850.ServerAssociation - sub BDA is:IEDBiogasCHP/MMXU1.VA.res.instCVal.mag.i: 0
14:23:47.351 [openiec61850-osi-server-7-thread-1] DEBUG com.beanit.openiec61850.ServerAssociation - sub BDA is:IEDBiogasCHP/MMXU1.VA.res.instCVal.mag.f: 0.0
14:23:47.351 [openiec61850-osi-server-7-thread-1] DEBUG com.beanit.openiec61850.ServerAssociation - sub BDA is:IEDBiogasCHP/MMXU1.VA.res.instCVal.ang.i: 0
14:23:47.351 [openiec61850-osi-server-7-thread-1] DEBUG com.beanit.openiec61850.ServerAssociation - sub BDA is:IEDBiogasCHP/MMXU1.VA.res.instCVal.ang.f: 0.0
14:23:47.351 [openiec61850-osi-server-7-thread-1] DEBUG com.beanit.openiec61850.ServerAssociation - sub BDA is:IEDBiogasCHP/MMXU1.VA.res.cVal.mag.i: 0
14:23:47.351 [openiec61850-osi-server-7-thread-1] DEBUG com.beanit.openiec61850.ServerAssociation - sub BDA is:IEDBiogasCHP/MMXU1.VA.res.cVal.mag.f: 0.0
14:23:47.351 [openiec61850-osi-server-7-thread-1] DEBUG com.beanit.openiec61850.ServerAssociation - sub BDA is:IEDBiogasCHP/MMXU1.VA.res.cVal.ang.i: 0
14:23:47.351 [openiec61850-osi-server-7-thread-1] DEBUG com.beanit.openiec61850.ServerAssociation - sub BDA is:IEDBiogasCHP/MMXU1.VA.res.cVal.ang.f: 0.0
14:23:47.351 [openiec61850-osi-server-7-thread-1] DEBUG com.beanit.openiec61850.ServerAssociation - sub BDA is:IEDBiogasCHP/MMXU1.VA.res.range: 0
14:23:47.351 [openiec61850-osi-server-7-thread-1] DEBUG com.beanit.openiec61850.ServerAssociation - sub BDA is:IEDBiogasCHP/MMXU1.VA.res.q: 0x00 0x00
14:23:47.351 [openiec61850-osi-server-7-thread-1] DEBUG com.beanit.openiec61850.ServerAssociation - sub BDA is:IEDBiogasCHP/MMXU1.VA.res.t: Thu Jan 01 01:00:00 CET 1970
calling GetDataValues(IEDBiogasCHP/MMXU1.VA.phsA)
14:23:47.351 [openiec61850-osi-server-7-thread-1] DEBUG com.beanit.openiec61850.ServerAssociation - Got a GetDataValues request for node: IEDBiogasCHP/MMXU1.VA.phsA [MX]
IEDBiogasCHP/MMXU1.VA.phsA.instCVal [MX]
IEDBiogasCHP/MMXU1.VA.phsA.instCVal.mag [MX]
IEDBiogasCHP/MMXU1.VA.phsA.instCVal.mag.i: 0
IEDBiogasCHP/MMXU1.VA.phsA.instCVal.mag.f: 0.0
IEDBiogasCHP/MMXU1.VA.phsA.instCVal.ang [MX]
IEDBiogasCHP/MMXU1.VA.phsA.instCVal.ang.i: 0
IEDBiogasCHP/MMXU1.VA.phsA.instCVal.ang.f: 0.0
IEDBiogasCHP/MMXU1.VA.phsA.cVal [MX]
IEDBiogasCHP/MMXU1.VA.phsA.cVal.mag [MX]
IEDBiogasCHP/MMXU1.VA.phsA.cVal.mag.i: 0
IEDBiogasCHP/MMXU1.VA.phsA.cVal.mag.f: 0.0
IEDBiogasCHP/MMXU1.VA.phsA.cVal.ang [MX]
IEDBiogasCHP/MMXU1.VA.phsA.cVal.ang.i: 0
IEDBiogasCHP/MMXU1.VA.phsA.cVal.ang.f: 0.0
IEDBiogasCHP/MMXU1.VA.phsA.range: 0
IEDBiogasCHP/MMXU1.VA.phsA.q: 0x00 0x00
IEDBiogasCHP/MMXU1.VA.phsA.t: Thu Jan 01 01:00:00 CET 1970
14:23:47.351 [openiec61850-osi-server-7-thread-1] DEBUG com.beanit.openiec61850.ServerAssociation - sub BDA is:IEDBiogasCHP/MMXU1.VA.phsA.instCVal.mag.i: 0
14:23:47.351 [openiec61850-osi-server-7-thread-1] DEBUG com.beanit.openiec61850.ServerAssociation - sub BDA is:IEDBiogasCHP/MMXU1.VA.phsA.instCVal.mag.f: 0.0
14:23:47.351 [openiec61850-osi-server-7-thread-1] DEBUG com.beanit.openiec61850.ServerAssociation - sub BDA is:IEDBiogasCHP/MMXU1.VA.phsA.instCVal.ang.i: 0
14:23:47.351 [openiec61850-osi-server-7-thread-1] DEBUG com.beanit.openiec61850.ServerAssociation - sub BDA is:IEDBiogasCHP/MMXU1.VA.phsA.instCVal.ang.f: 0.0
14:23:47.351 [openiec61850-osi-server-7-thread-1] DEBUG com.beanit.openiec61850.ServerAssociation - sub BDA is:IEDBiogasCHP/MMXU1.VA.phsA.cVal.mag.i: 0
14:23:47.351 [openiec61850-osi-server-7-thread-1] DEBUG com.beanit.openiec61850.ServerAssociation - sub BDA is:IEDBiogasCHP/MMXU1.VA.phsA.cVal.mag.f: 0.0
14:23:47.351 [openiec61850-osi-server-7-thread-1] DEBUG com.beanit.openiec61850.ServerAssociation - sub BDA is:IEDBiogasCHP/MMXU1.VA.phsA.cVal.ang.i: 0
14:23:47.351 [openiec61850-osi-server-7-thread-1] DEBUG com.beanit.openiec61850.ServerAssociation - sub BDA is:IEDBiogasCHP/MMXU1.VA.phsA.cVal.ang.f: 0.0
14:23:47.351 [openiec61850-osi-server-7-thread-1] DEBUG com.beanit.openiec61850.ServerAssociation - sub BDA is:IEDBiogasCHP/MMXU1.VA.phsA.range: 0
14:23:47.351 [openiec61850-osi-server-7-thread-1] DEBUG com.beanit.openiec61850.ServerAssociation - sub BDA is:IEDBiogasCHP/MMXU1.VA.phsA.q: 0x00 0x00
14:23:47.351 [openiec61850-osi-server-7-thread-1] DEBUG com.beanit.openiec61850.ServerAssociation - sub BDA is:IEDBiogasCHP/MMXU1.VA.phsA.t: Thu Jan 01 01:00:00 CET 1970
calling GetDataValues(IEDBiogasCHP/MMXU1.VA.phsA.instCVal)
14:23:47.351 [openiec61850-osi-server-7-thread-1] DEBUG com.beanit.openiec61850.ServerAssociation - Got a GetDataValues request for node: IEDBiogasCHP/MMXU1.VA.phsA.instCVal [MX]
IEDBiogasCHP/MMXU1.VA.phsA.instCVal.mag [MX]
IEDBiogasCHP/MMXU1.VA.phsA.instCVal.mag.i: 0
IEDBiogasCHP/MMXU1.VA.phsA.instCVal.mag.f: 0.0
IEDBiogasCHP/MMXU1.VA.phsA.instCVal.ang [MX]
IEDBiogasCHP/MMXU1.VA.phsA.instCVal.ang.i: 0
IEDBiogasCHP/MMXU1.VA.phsA.instCVal.ang.f: 0.0
14:23:47.351 [openiec61850-osi-server-7-thread-1] DEBUG com.beanit.openiec61850.ServerAssociation - sub BDA is:IEDBiogasCHP/MMXU1.VA.phsA.instCVal.mag.i: 0
14:23:47.351 [openiec61850-osi-server-7-thread-1] DEBUG com.beanit.openiec61850.ServerAssociation - sub BDA is:IEDBiogasCHP/MMXU1.VA.phsA.instCVal.mag.f: 0.0
14:23:47.351 [openiec61850-osi-server-7-thread-1] DEBUG com.beanit.openiec61850.ServerAssociation - sub BDA is:IEDBiogasCHP/MMXU1.VA.phsA.instCVal.ang.i: 0
14:23:47.351 [openiec61850-osi-server-7-thread-1] DEBUG com.beanit.openiec61850.ServerAssociation - sub BDA is:IEDBiogasCHP/MMXU1.VA.phsA.instCVal.ang.f: 0.0
calling GetDataValues(IEDBiogasCHP/MMXU1.VA.phsA.instCVal.mag)
14:23:47.351 [openiec61850-osi-server-7-thread-1] DEBUG com.beanit.openiec61850.ServerAssociation - Got a GetDataValues request for node: IEDBiogasCHP/MMXU1.VA.phsA.instCVal.mag [MX]
IEDBiogasCHP/MMXU1.VA.phsA.instCVal.mag.i: 0
IEDBiogasCHP/MMXU1.VA.phsA.instCVal.mag.f: 0.0
14:23:47.351 [openiec61850-osi-server-7-thread-1] DEBUG com.beanit.openiec61850.ServerAssociation - sub BDA is:IEDBiogasCHP/MMXU1.VA.phsA.instCVal.mag.i: 0
14:23:47.351 [openiec61850-osi-server-7-thread-1] DEBUG com.beanit.openiec61850.ServerAssociation - sub BDA is:IEDBiogasCHP/MMXU1.VA.phsA.instCVal.mag.f: 0.0
calling GetDataValues(IEDBiogasCHP/MMXU1.VA.phsA.instCVal.mag.i)
14:23:47.351 [openiec61850-osi-server-7-thread-1] DEBUG com.beanit.openiec61850.ServerAssociation - Got a GetDataValues request for node: IEDBiogasCHP/MMXU1.VA.phsA.instCVal.mag.i: 0
calling GetDataValues(IEDBiogasCHP/MMXU1.VA.phsA.instCVal.mag.f)
14:23:47.352 [openiec61850-osi-server-7-thread-1] DEBUG com.beanit.openiec61850.ServerAssociation - Got a GetDataValues request for node: IEDBiogasCHP/MMXU1.VA.phsA.instCVal.mag.f: 0.0
calling GetDataValues(IEDBiogasCHP/MMXU1.VA.phsA.instCVal.ang)
14:23:47.352 [openiec61850-osi-server-7-thread-1] DEBUG com.beanit.openiec61850.ServerAssociation - Got a GetDataValues request for node: IEDBiogasCHP/MMXU1.VA.phsA.instCVal.ang [MX]
IEDBiogasCHP/MMXU1.VA.phsA.instCVal.ang.i: 0
IEDBiogasCHP/MMXU1.VA.phsA.instCVal.ang.f: 0.0
14:23:47.352 [openiec61850-osi-server-7-thread-1] DEBUG com.beanit.openiec61850.ServerAssociation - sub BDA is:IEDBiogasCHP/MMXU1.VA.phsA.instCVal.ang.i: 0
14:23:47.352 [openiec61850-osi-server-7-thread-1] DEBUG com.beanit.openiec61850.ServerAssociation - sub BDA is:IEDBiogasCHP/MMXU1.VA.phsA.instCVal.ang.f: 0.0
calling GetDataValues(IEDBiogasCHP/MMXU1.VA.phsA.instCVal.ang.i)
14:23:47.352 [openiec61850-osi-server-7-thread-1] DEBUG com.beanit.openiec61850.ServerAssociation - Got a GetDataValues request for node: IEDBiogasCHP/MMXU1.VA.phsA.instCVal.ang.i: 0
calling GetDataValues(IEDBiogasCHP/MMXU1.VA.phsA.instCVal.ang.f)
14:23:47.352 [openiec61850-osi-server-7-thread-1] DEBUG com.beanit.openiec61850.ServerAssociation - Got a GetDataValues request for node: IEDBiogasCHP/MMXU1.VA.phsA.instCVal.ang.f: 0.0
calling GetDataValues(IEDBiogasCHP/MMXU1.VA.phsA.cVal)
14:23:47.352 [openiec61850-osi-server-7-thread-1] DEBUG com.beanit.openiec61850.ServerAssociation - Got a GetDataValues request for node: IEDBiogasCHP/MMXU1.VA.phsA.cVal [MX]
IEDBiogasCHP/MMXU1.VA.phsA.cVal.mag [MX]
IEDBiogasCHP/MMXU1.VA.phsA.cVal.mag.i: 0
IEDBiogasCHP/MMXU1.VA.phsA.cVal.mag.f: 0.0
IEDBiogasCHP/MMXU1.VA.phsA.cVal.ang [MX]
IEDBiogasCHP/MMXU1.VA.phsA.cVal.ang.i: 0
IEDBiogasCHP/MMXU1.VA.phsA.cVal.ang.f: 0.0
14:23:47.352 [openiec61850-osi-server-7-thread-1] DEBUG com.beanit.openiec61850.ServerAssociation - sub BDA is:IEDBiogasCHP/MMXU1.VA.phsA.cVal.mag.i: 0
14:23:47.352 [openiec61850-osi-server-7-thread-1] DEBUG com.beanit.openiec61850.ServerAssociation - sub BDA is:IEDBiogasCHP/MMXU1.VA.phsA.cVal.mag.f: 0.0
14:23:47.352 [openiec61850-osi-server-7-thread-1] DEBUG com.beanit.openiec61850.ServerAssociation - sub BDA is:IEDBiogasCHP/MMXU1.VA.phsA.cVal.ang.i: 0
14:23:47.352 [openiec61850-osi-server-7-thread-1] DEBUG com.beanit.openiec61850.ServerAssociation - sub BDA is:IEDBiogasCHP/MMXU1.VA.phsA.cVal.ang.f: 0.0
calling GetDataValues(IEDBiogasCHP/MMXU1.VA.phsA.cVal.mag)
14:23:47.352 [openiec61850-osi-server-7-thread-1] DEBUG com.beanit.openiec61850.ServerAssociation - Got a GetDataValues request for node: IEDBiogasCHP/MMXU1.VA.phsA.cVal.mag [MX]
IEDBiogasCHP/MMXU1.VA.phsA.cVal.mag.i: 0
IEDBiogasCHP/MMXU1.VA.phsA.cVal.mag.f: 0.0
14:23:47.352 [openiec61850-osi-server-7-thread-1] DEBUG com.beanit.openiec61850.ServerAssociation - sub BDA is:IEDBiogasCHP/MMXU1.VA.phsA.cVal.mag.i: 0
14:23:47.352 [openiec61850-osi-server-7-thread-1] DEBUG com.beanit.openiec61850.ServerAssociation - sub BDA is:IEDBiogasCHP/MMXU1.VA.phsA.cVal.mag.f: 0.0
calling GetDataValues(IEDBiogasCHP/MMXU1.VA.phsA.cVal.mag.i)
14:23:47.352 [openiec61850-osi-server-7-thread-1] DEBUG com.beanit.openiec61850.ServerAssociation - Got a GetDataValues request for node: IEDBiogasCHP/MMXU1.VA.phsA.cVal.mag.i: 0
calling GetDataValues(IEDBiogasCHP/MMXU1.VA.phsA.cVal.mag.f)
14:23:47.353 [openiec61850-osi-server-7-thread-1] DEBUG com.beanit.openiec61850.ServerAssociation - Got a GetDataValues request for node: IEDBiogasCHP/MMXU1.VA.phsA.cVal.mag.f: 0.0
calling GetDataValues(IEDBiogasCHP/MMXU1.VA.phsA.cVal.ang)
14:23:47.353 [openiec61850-osi-server-7-thread-1] DEBUG com.beanit.openiec61850.ServerAssociation - Got a GetDataValues request for node: IEDBiogasCHP/MMXU1.VA.phsA.cVal.ang [MX]
IEDBiogasCHP/MMXU1.VA.phsA.cVal.ang.i: 0
IEDBiogasCHP/MMXU1.VA.phsA.cVal.ang.f: 0.0
14:23:47.353 [openiec61850-osi-server-7-thread-1] DEBUG com.beanit.openiec61850.ServerAssociation - sub BDA is:IEDBiogasCHP/MMXU1.VA.phsA.cVal.ang.i: 0
14:23:47.353 [openiec61850-osi-server-7-thread-1] DEBUG com.beanit.openiec61850.ServerAssociation - sub BDA is:IEDBiogasCHP/MMXU1.VA.phsA.cVal.ang.f: 0.0
calling GetDataValues(IEDBiogasCHP/MMXU1.VA.phsA.cVal.ang.i)
14:23:47.353 [openiec61850-osi-server-7-thread-1] DEBUG com.beanit.openiec61850.ServerAssociation - Got a GetDataValues request for node: IEDBiogasCHP/MMXU1.VA.phsA.cVal.ang.i: 0
calling GetDataValues(IEDBiogasCHP/MMXU1.VA.phsA.cVal.ang.f)
14:23:47.353 [openiec61850-osi-server-7-thread-1] DEBUG com.beanit.openiec61850.ServerAssociation - Got a GetDataValues request for node: IEDBiogasCHP/MMXU1.VA.phsA.cVal.ang.f: 0.0
calling GetDataValues(IEDBiogasCHP/MMXU1.VA.phsA.range)
14:23:47.353 [openiec61850-osi-server-7-thread-1] DEBUG com.beanit.openiec61850.ServerAssociation - Got a GetDataValues request for node: IEDBiogasCHP/MMXU1.VA.phsA.range: 0
calling GetDataValues(IEDBiogasCHP/MMXU1.VA.phsA.q)
14:23:47.353 [openiec61850-osi-server-7-thread-1] DEBUG com.beanit.openiec61850.ServerAssociation - Got a GetDataValues request for node: IEDBiogasCHP/MMXU1.VA.phsA.q: 0x00 0x00
calling GetDataValues(IEDBiogasCHP/MMXU1.VA.phsA.t)
14:23:47.353 [openiec61850-osi-server-7-thread-1] DEBUG com.beanit.openiec61850.ServerAssociation - Got a GetDataValues request for node: IEDBiogasCHP/MMXU1.VA.phsA.t: Thu Jan 01 01:00:00 CET 1970
calling GetDataValues(IEDBiogasCHP/MMXU1.VA.phsB)
14:23:47.353 [openiec61850-osi-server-7-thread-1] DEBUG com.beanit.openiec61850.ServerAssociation - Got a GetDataValues request for node: IEDBiogasCHP/MMXU1.VA.phsB [MX]
IEDBiogasCHP/MMXU1.VA.phsB.instCVal [MX]
IEDBiogasCHP/MMXU1.VA.phsB.instCVal.mag [MX]
IEDBiogasCHP/MMXU1.VA.phsB.instCVal.mag.i: 0
IEDBiogasCHP/MMXU1.VA.phsB.instCVal.mag.f: 0.0
IEDBiogasCHP/MMXU1.VA.phsB.instCVal.ang [MX]
IEDBiogasCHP/MMXU1.VA.phsB.instCVal.ang.i: 0
IEDBiogasCHP/MMXU1.VA.phsB.instCVal.ang.f: 0.0
IEDBiogasCHP/MMXU1.VA.phsB.cVal [MX]
IEDBiogasCHP/MMXU1.VA.phsB.cVal.mag [MX]
IEDBiogasCHP/MMXU1.VA.phsB.cVal.mag.i: 0
IEDBiogasCHP/MMXU1.VA.phsB.cVal.mag.f: 0.0
IEDBiogasCHP/MMXU1.VA.phsB.cVal.ang [MX]
IEDBiogasCHP/MMXU1.VA.phsB.cVal.ang.i: 0
IEDBiogasCHP/MMXU1.VA.phsB.cVal.ang.f: 0.0
IEDBiogasCHP/MMXU1.VA.phsB.range: 0
IEDBiogasCHP/MMXU1.VA.phsB.q: 0x00 0x00
IEDBiogasCHP/MMXU1.VA.phsB.t: Thu Jan 01 01:00:00 CET 1970
14:23:47.353 [openiec61850-osi-server-7-thread-1] DEBUG com.beanit.openiec61850.ServerAssociation - sub BDA is:IEDBiogasCHP/MMXU1.VA.phsB.instCVal.mag.i: 0
14:23:47.353 [openiec61850-osi-server-7-thread-1] DEBUG com.beanit.openiec61850.ServerAssociation - sub BDA is:IEDBiogasCHP/MMXU1.VA.phsB.instCVal.mag.f: 0.0
14:23:47.353 [openiec61850-osi-server-7-thread-1] DEBUG com.beanit.openiec61850.ServerAssociation - sub BDA is:IEDBiogasCHP/MMXU1.VA.phsB.instCVal.ang.i: 0
14:23:47.353 [openiec61850-osi-server-7-thread-1] DEBUG com.beanit.openiec61850.ServerAssociation - sub BDA is:IEDBiogasCHP/MMXU1.VA.phsB.instCVal.ang.f: 0.0
14:23:47.353 [openiec61850-osi-server-7-thread-1] DEBUG com.beanit.openiec61850.ServerAssociation - sub BDA is:IEDBiogasCHP/MMXU1.VA.phsB.cVal.mag.i: 0
14:23:47.353 [openiec61850-osi-server-7-thread-1] DEBUG com.beanit.openiec61850.ServerAssociation - sub BDA is:IEDBiogasCHP/MMXU1.VA.phsB.cVal.mag.f: 0.0
14:23:47.353 [openiec61850-osi-server-7-thread-1] DEBUG com.beanit.openiec61850.ServerAssociation - sub BDA is:IEDBiogasCHP/MMXU1.VA.phsB.cVal.ang.i: 0
14:23:47.353 [openiec61850-osi-server-7-thread-1] DEBUG com.beanit.openiec61850.ServerAssociation - sub BDA is:IEDBiogasCHP/MMXU1.VA.phsB.cVal.ang.f: 0.0
14:23:47.353 [openiec61850-osi-server-7-thread-1] DEBUG com.beanit.openiec61850.ServerAssociation - sub BDA is:IEDBiogasCHP/MMXU1.VA.phsB.range: 0
14:23:47.353 [openiec61850-osi-server-7-thread-1] DEBUG com.beanit.openiec61850.ServerAssociation - sub BDA is:IEDBiogasCHP/MMXU1.VA.phsB.q: 0x00 0x00
14:23:47.353 [openiec61850-osi-server-7-thread-1] DEBUG com.beanit.openiec61850.ServerAssociation - sub BDA is:IEDBiogasCHP/MMXU1.VA.phsB.t: Thu Jan 01 01:00:00 CET 1970
calling GetDataValues(IEDBiogasCHP/MMXU1.VA.phsB.instCVal)
14:23:47.354 [openiec61850-osi-server-7-thread-1] DEBUG com.beanit.openiec61850.ServerAssociation - Got a GetDataValues request for node: IEDBiogasCHP/MMXU1.VA.phsB.instCVal [MX]
IEDBiogasCHP/MMXU1.VA.phsB.instCVal.mag [MX]
IEDBiogasCHP/MMXU1.VA.phsB.instCVal.mag.i: 0
IEDBiogasCHP/MMXU1.VA.phsB.instCVal.mag.f: 0.0
IEDBiogasCHP/MMXU1.VA.phsB.instCVal.ang [MX]
IEDBiogasCHP/MMXU1.VA.phsB.instCVal.ang.i: 0
IEDBiogasCHP/MMXU1.VA.phsB.instCVal.ang.f: 0.0
14:23:47.354 [openiec61850-osi-server-7-thread-1] DEBUG com.beanit.openiec61850.ServerAssociation - sub BDA is:IEDBiogasCHP/MMXU1.VA.phsB.instCVal.mag.i: 0
14:23:47.354 [openiec61850-osi-server-7-thread-1] DEBUG com.beanit.openiec61850.ServerAssociation - sub BDA is:IEDBiogasCHP/MMXU1.VA.phsB.instCVal.mag.f: 0.0
14:23:47.354 [openiec61850-osi-server-7-thread-1] DEBUG com.beanit.openiec61850.ServerAssociation - sub BDA is:IEDBiogasCHP/MMXU1.VA.phsB.instCVal.ang.i: 0
14:23:47.354 [openiec61850-osi-server-7-thread-1] DEBUG com.beanit.openiec61850.ServerAssociation - sub BDA is:IEDBiogasCHP/MMXU1.VA.phsB.instCVal.ang.f: 0.0
calling GetDataValues(IEDBiogasCHP/MMXU1.VA.phsB.instCVal.mag)
14:23:47.354 [openiec61850-osi-server-7-thread-1] DEBUG com.beanit.openiec61850.ServerAssociation - Got a GetDataValues request for node: IEDBiogasCHP/MMXU1.VA.phsB.instCVal.mag [MX]
IEDBiogasCHP/MMXU1.VA.phsB.instCVal.mag.i: 0
IEDBiogasCHP/MMXU1.VA.phsB.instCVal.mag.f: 0.0
14:23:47.354 [openiec61850-osi-server-7-thread-1] DEBUG com.beanit.openiec61850.ServerAssociation - sub BDA is:IEDBiogasCHP/MMXU1.VA.phsB.instCVal.mag.i: 0
14:23:47.354 [openiec61850-osi-server-7-thread-1] DEBUG com.beanit.openiec61850.ServerAssociation - sub BDA is:IEDBiogasCHP/MMXU1.VA.phsB.instCVal.mag.f: 0.0
calling GetDataValues(IEDBiogasCHP/MMXU1.VA.phsB.instCVal.mag.i)
14:23:47.354 [openiec61850-osi-server-7-thread-1] DEBUG com.beanit.openiec61850.ServerAssociation - Got a GetDataValues request for node: IEDBiogasCHP/MMXU1.VA.phsB.instCVal.mag.i: 0
calling GetDataValues(IEDBiogasCHP/MMXU1.VA.phsB.instCVal.mag.f)
14:23:47.354 [openiec61850-osi-server-7-thread-1] DEBUG com.beanit.openiec61850.ServerAssociation - Got a GetDataValues request for node: IEDBiogasCHP/MMXU1.VA.phsB.instCVal.mag.f: 0.0
calling GetDataValues(IEDBiogasCHP/MMXU1.VA.phsB.instCVal.ang)
14:23:47.354 [openiec61850-osi-server-7-thread-1] DEBUG com.beanit.openiec61850.ServerAssociation - Got a GetDataValues request for node: IEDBiogasCHP/MMXU1.VA.phsB.instCVal.ang [MX]
IEDBiogasCHP/MMXU1.VA.phsB.instCVal.ang.i: 0
IEDBiogasCHP/MMXU1.VA.phsB.instCVal.ang.f: 0.0
14:23:47.354 [openiec61850-osi-server-7-thread-1] DEBUG com.beanit.openiec61850.ServerAssociation - sub BDA is:IEDBiogasCHP/MMXU1.VA.phsB.instCVal.ang.i: 0
14:23:47.354 [openiec61850-osi-server-7-thread-1] DEBUG com.beanit.openiec61850.ServerAssociation - sub BDA is:IEDBiogasCHP/MMXU1.VA.phsB.instCVal.ang.f: 0.0
calling GetDataValues(IEDBiogasCHP/MMXU1.VA.phsB.instCVal.ang.i)
14:23:47.354 [openiec61850-osi-server-7-thread-1] DEBUG com.beanit.openiec61850.ServerAssociation - Got a GetDataValues request for node: IEDBiogasCHP/MMXU1.VA.phsB.instCVal.ang.i: 0
calling GetDataValues(IEDBiogasCHP/MMXU1.VA.phsB.instCVal.ang.f)
14:23:47.354 [openiec61850-osi-server-7-thread-1] DEBUG com.beanit.openiec61850.ServerAssociation - Got a GetDataValues request for node: IEDBiogasCHP/MMXU1.VA.phsB.instCVal.ang.f: 0.0
calling GetDataValues(IEDBiogasCHP/MMXU1.VA.phsB.cVal)
14:23:47.354 [openiec61850-osi-server-7-thread-1] DEBUG com.beanit.openiec61850.ServerAssociation - Got a GetDataValues request for node: IEDBiogasCHP/MMXU1.VA.phsB.cVal [MX]
IEDBiogasCHP/MMXU1.VA.phsB.cVal.mag [MX]
IEDBiogasCHP/MMXU1.VA.phsB.cVal.mag.i: 0
IEDBiogasCHP/MMXU1.VA.phsB.cVal.mag.f: 0.0
IEDBiogasCHP/MMXU1.VA.phsB.cVal.ang [MX]
IEDBiogasCHP/MMXU1.VA.phsB.cVal.ang.i: 0
IEDBiogasCHP/MMXU1.VA.phsB.cVal.ang.f: 0.0
14:23:47.354 [openiec61850-osi-server-7-thread-1] DEBUG com.beanit.openiec61850.ServerAssociation - sub BDA is:IEDBiogasCHP/MMXU1.VA.phsB.cVal.mag.i: 0
14:23:47.355 [openiec61850-osi-server-7-thread-1] DEBUG com.beanit.openiec61850.ServerAssociation - sub BDA is:IEDBiogasCHP/MMXU1.VA.phsB.cVal.mag.f: 0.0
14:23:47.355 [openiec61850-osi-server-7-thread-1] DEBUG com.beanit.openiec61850.ServerAssociation - sub BDA is:IEDBiogasCHP/MMXU1.VA.phsB.cVal.ang.i: 0
14:23:47.355 [openiec61850-osi-server-7-thread-1] DEBUG com.beanit.openiec61850.ServerAssociation - sub BDA is:IEDBiogasCHP/MMXU1.VA.phsB.cVal.ang.f: 0.0
calling GetDataValues(IEDBiogasCHP/MMXU1.VA.phsB.cVal.mag)
14:23:47.355 [openiec61850-osi-server-7-thread-1] DEBUG com.beanit.openiec61850.ServerAssociation - Got a GetDataValues request for node: IEDBiogasCHP/MMXU1.VA.phsB.cVal.mag [MX]
IEDBiogasCHP/MMXU1.VA.phsB.cVal.mag.i: 0
IEDBiogasCHP/MMXU1.VA.phsB.cVal.mag.f: 0.0
14:23:47.355 [openiec61850-osi-server-7-thread-1] DEBUG com.beanit.openiec61850.ServerAssociation - sub BDA is:IEDBiogasCHP/MMXU1.VA.phsB.cVal.mag.i: 0
14:23:47.355 [openiec61850-osi-server-7-thread-1] DEBUG com.beanit.openiec61850.ServerAssociation - sub BDA is:IEDBiogasCHP/MMXU1.VA.phsB.cVal.mag.f: 0.0
calling GetDataValues(IEDBiogasCHP/MMXU1.VA.phsB.cVal.mag.i)
14:23:47.355 [openiec61850-osi-server-7-thread-1] DEBUG com.beanit.openiec61850.ServerAssociation - Got a GetDataValues request for node: IEDBiogasCHP/MMXU1.VA.phsB.cVal.mag.i: 0
calling GetDataValues(IEDBiogasCHP/MMXU1.VA.phsB.cVal.mag.f)
14:23:47.355 [openiec61850-osi-server-7-thread-1] DEBUG com.beanit.openiec61850.ServerAssociation - Got a GetDataValues request for node: IEDBiogasCHP/MMXU1.VA.phsB.cVal.mag.f: 0.0
calling GetDataValues(IEDBiogasCHP/MMXU1.VA.phsB.cVal.ang)
14:23:47.355 [openiec61850-osi-server-7-thread-1] DEBUG com.beanit.openiec61850.ServerAssociation - Got a GetDataValues request for node: IEDBiogasCHP/MMXU1.VA.phsB.cVal.ang [MX]
IEDBiogasCHP/MMXU1.VA.phsB.cVal.ang.i: 0
IEDBiogasCHP/MMXU1.VA.phsB.cVal.ang.f: 0.0
14:23:47.355 [openiec61850-osi-server-7-thread-1] DEBUG com.beanit.openiec61850.ServerAssociation - sub BDA is:IEDBiogasCHP/MMXU1.VA.phsB.cVal.ang.i: 0
14:23:47.355 [openiec61850-osi-server-7-thread-1] DEBUG com.beanit.openiec61850.ServerAssociation - sub BDA is:IEDBiogasCHP/MMXU1.VA.phsB.cVal.ang.f: 0.0
calling GetDataValues(IEDBiogasCHP/MMXU1.VA.phsB.cVal.ang.i)
14:23:47.355 [openiec61850-osi-server-7-thread-1] DEBUG com.beanit.openiec61850.ServerAssociation - Got a GetDataValues request for node: IEDBiogasCHP/MMXU1.VA.phsB.cVal.ang.i: 0
calling GetDataValues(IEDBiogasCHP/MMXU1.VA.phsB.cVal.ang.f)
14:23:47.355 [openiec61850-osi-server-7-thread-1] DEBUG com.beanit.openiec61850.ServerAssociation - Got a GetDataValues request for node: IEDBiogasCHP/MMXU1.VA.phsB.cVal.ang.f: 0.0
calling GetDataValues(IEDBiogasCHP/MMXU1.VA.phsB.range)
14:23:47.355 [openiec61850-osi-server-7-thread-1] DEBUG com.beanit.openiec61850.ServerAssociation - Got a GetDataValues request for node: IEDBiogasCHP/MMXU1.VA.phsB.range: 0
calling GetDataValues(IEDBiogasCHP/MMXU1.VA.phsB.q)
14:23:47.356 [openiec61850-osi-server-7-thread-1] DEBUG com.beanit.openiec61850.ServerAssociation - Got a GetDataValues request for node: IEDBiogasCHP/MMXU1.VA.phsB.q: 0x00 0x00
calling GetDataValues(IEDBiogasCHP/MMXU1.VA.phsB.t)
14:23:47.356 [openiec61850-osi-server-7-thread-1] DEBUG com.beanit.openiec61850.ServerAssociation - Got a GetDataValues request for node: IEDBiogasCHP/MMXU1.VA.phsB.t: Thu Jan 01 01:00:00 CET 1970
calling GetDataValues(IEDBiogasCHP/MMXU1.VA.phsC)
14:23:47.356 [openiec61850-osi-server-7-thread-1] DEBUG com.beanit.openiec61850.ServerAssociation - Got a GetDataValues request for node: IEDBiogasCHP/MMXU1.VA.phsC [MX]
IEDBiogasCHP/MMXU1.VA.phsC.instCVal [MX]
IEDBiogasCHP/MMXU1.VA.phsC.instCVal.mag [MX]
IEDBiogasCHP/MMXU1.VA.phsC.instCVal.mag.i: 0
IEDBiogasCHP/MMXU1.VA.phsC.instCVal.mag.f: 0.0
IEDBiogasCHP/MMXU1.VA.phsC.instCVal.ang [MX]
IEDBiogasCHP/MMXU1.VA.phsC.instCVal.ang.i: 0
IEDBiogasCHP/MMXU1.VA.phsC.instCVal.ang.f: 0.0
IEDBiogasCHP/MMXU1.VA.phsC.cVal [MX]
IEDBiogasCHP/MMXU1.VA.phsC.cVal.mag [MX]
IEDBiogasCHP/MMXU1.VA.phsC.cVal.mag.i: 0
IEDBiogasCHP/MMXU1.VA.phsC.cVal.mag.f: 0.0
IEDBiogasCHP/MMXU1.VA.phsC.cVal.ang [MX]
IEDBiogasCHP/MMXU1.VA.phsC.cVal.ang.i: 0
IEDBiogasCHP/MMXU1.VA.phsC.cVal.ang.f: 0.0
IEDBiogasCHP/MMXU1.VA.phsC.range: 0
IEDBiogasCHP/MMXU1.VA.phsC.q: 0x00 0x00
IEDBiogasCHP/MMXU1.VA.phsC.t: Thu Jan 01 01:00:00 CET 1970
14:23:47.356 [openiec61850-osi-server-7-thread-1] DEBUG com.beanit.openiec61850.ServerAssociation - sub BDA is:IEDBiogasCHP/MMXU1.VA.phsC.instCVal.mag.i: 0
14:23:47.356 [openiec61850-osi-server-7-thread-1] DEBUG com.beanit.openiec61850.ServerAssociation - sub BDA is:IEDBiogasCHP/MMXU1.VA.phsC.instCVal.mag.f: 0.0
14:23:47.356 [openiec61850-osi-server-7-thread-1] DEBUG com.beanit.openiec61850.ServerAssociation - sub BDA is:IEDBiogasCHP/MMXU1.VA.phsC.instCVal.ang.i: 0
14:23:47.356 [openiec61850-osi-server-7-thread-1] DEBUG com.beanit.openiec61850.ServerAssociation - sub BDA is:IEDBiogasCHP/MMXU1.VA.phsC.instCVal.ang.f: 0.0
14:23:47.356 [openiec61850-osi-server-7-thread-1] DEBUG com.beanit.openiec61850.ServerAssociation - sub BDA is:IEDBiogasCHP/MMXU1.VA.phsC.cVal.mag.i: 0
14:23:47.356 [openiec61850-osi-server-7-thread-1] DEBUG com.beanit.openiec61850.ServerAssociation - sub BDA is:IEDBiogasCHP/MMXU1.VA.phsC.cVal.mag.f: 0.0
14:23:47.356 [openiec61850-osi-server-7-thread-1] DEBUG com.beanit.openiec61850.ServerAssociation - sub BDA is:IEDBiogasCHP/MMXU1.VA.phsC.cVal.ang.i: 0
14:23:47.356 [openiec61850-osi-server-7-thread-1] DEBUG com.beanit.openiec61850.ServerAssociation - sub BDA is:IEDBiogasCHP/MMXU1.VA.phsC.cVal.ang.f: 0.0
14:23:47.356 [openiec61850-osi-server-7-thread-1] DEBUG com.beanit.openiec61850.ServerAssociation - sub BDA is:IEDBiogasCHP/MMXU1.VA.phsC.range: 0
14:23:47.356 [openiec61850-osi-server-7-thread-1] DEBUG com.beanit.openiec61850.ServerAssociation - sub BDA is:IEDBiogasCHP/MMXU1.VA.phsC.q: 0x00 0x00
14:23:47.356 [openiec61850-osi-server-7-thread-1] DEBUG com.beanit.openiec61850.ServerAssociation - sub BDA is:IEDBiogasCHP/MMXU1.VA.phsC.t: Thu Jan 01 01:00:00 CET 1970
calling GetDataValues(IEDBiogasCHP/MMXU1.VA.phsC.instCVal)
14:23:47.356 [openiec61850-osi-server-7-thread-1] DEBUG com.beanit.openiec61850.ServerAssociation - Got a GetDataValues request for node: IEDBiogasCHP/MMXU1.VA.phsC.instCVal [MX]
IEDBiogasCHP/MMXU1.VA.phsC.instCVal.mag [MX]
IEDBiogasCHP/MMXU1.VA.phsC.instCVal.mag.i: 0
IEDBiogasCHP/MMXU1.VA.phsC.instCVal.mag.f: 0.0
IEDBiogasCHP/MMXU1.VA.phsC.instCVal.ang [MX]
IEDBiogasCHP/MMXU1.VA.phsC.instCVal.ang.i: 0
IEDBiogasCHP/MMXU1.VA.phsC.instCVal.ang.f: 0.0
14:23:47.356 [openiec61850-osi-server-7-thread-1] DEBUG com.beanit.openiec61850.ServerAssociation - sub BDA is:IEDBiogasCHP/MMXU1.VA.phsC.instCVal.mag.i: 0
14:23:47.356 [openiec61850-osi-server-7-thread-1] DEBUG com.beanit.openiec61850.ServerAssociation - sub BDA is:IEDBiogasCHP/MMXU1.VA.phsC.instCVal.mag.f: 0.0
14:23:47.356 [openiec61850-osi-server-7-thread-1] DEBUG com.beanit.openiec61850.ServerAssociation - sub BDA is:IEDBiogasCHP/MMXU1.VA.phsC.instCVal.ang.i: 0
14:23:47.356 [openiec61850-osi-server-7-thread-1] DEBUG com.beanit.openiec61850.ServerAssociation - sub BDA is:IEDBiogasCHP/MMXU1.VA.phsC.instCVal.ang.f: 0.0
calling GetDataValues(IEDBiogasCHP/MMXU1.VA.phsC.instCVal.mag)
14:23:47.356 [openiec61850-osi-server-7-thread-1] DEBUG com.beanit.openiec61850.ServerAssociation - Got a GetDataValues request for node: IEDBiogasCHP/MMXU1.VA.phsC.instCVal.mag [MX]
IEDBiogasCHP/MMXU1.VA.phsC.instCVal.mag.i: 0
IEDBiogasCHP/MMXU1.VA.phsC.instCVal.mag.f: 0.0
14:23:47.356 [openiec61850-osi-server-7-thread-1] DEBUG com.beanit.openiec61850.ServerAssociation - sub BDA is:IEDBiogasCHP/MMXU1.VA.phsC.instCVal.mag.i: 0
14:23:47.356 [openiec61850-osi-server-7-thread-1] DEBUG com.beanit.openiec61850.ServerAssociation - sub BDA is:IEDBiogasCHP/MMXU1.VA.phsC.instCVal.mag.f: 0.0
calling GetDataValues(IEDBiogasCHP/MMXU1.VA.phsC.instCVal.mag.i)
14:23:47.356 [openiec61850-osi-server-7-thread-1] DEBUG com.beanit.openiec61850.ServerAssociation - Got a GetDataValues request for node: IEDBiogasCHP/MMXU1.VA.phsC.instCVal.mag.i: 0
calling GetDataValues(IEDBiogasCHP/MMXU1.VA.phsC.instCVal.mag.f)
14:23:47.356 [openiec61850-osi-server-7-thread-1] DEBUG com.beanit.openiec61850.ServerAssociation - Got a GetDataValues request for node: IEDBiogasCHP/MMXU1.VA.phsC.instCVal.mag.f: 0.0
calling GetDataValues(IEDBiogasCHP/MMXU1.VA.phsC.instCVal.ang)
14:23:47.357 [openiec61850-osi-server-7-thread-1] DEBUG com.beanit.openiec61850.ServerAssociation - Got a GetDataValues request for node: IEDBiogasCHP/MMXU1.VA.phsC.instCVal.ang [MX]
IEDBiogasCHP/MMXU1.VA.phsC.instCVal.ang.i: 0
IEDBiogasCHP/MMXU1.VA.phsC.instCVal.ang.f: 0.0
14:23:47.357 [openiec61850-osi-server-7-thread-1] DEBUG com.beanit.openiec61850.ServerAssociation - sub BDA is:IEDBiogasCHP/MMXU1.VA.phsC.instCVal.ang.i: 0
14:23:47.357 [openiec61850-osi-server-7-thread-1] DEBUG com.beanit.openiec61850.ServerAssociation - sub BDA is:IEDBiogasCHP/MMXU1.VA.phsC.instCVal.ang.f: 0.0
calling GetDataValues(IEDBiogasCHP/MMXU1.VA.phsC.instCVal.ang.i)
14:23:47.357 [openiec61850-osi-server-7-thread-1] DEBUG com.beanit.openiec61850.ServerAssociation - Got a GetDataValues request for node: IEDBiogasCHP/MMXU1.VA.phsC.instCVal.ang.i: 0
calling GetDataValues(IEDBiogasCHP/MMXU1.VA.phsC.instCVal.ang.f)
14:23:47.357 [openiec61850-osi-server-7-thread-1] DEBUG com.beanit.openiec61850.ServerAssociation - Got a GetDataValues request for node: IEDBiogasCHP/MMXU1.VA.phsC.instCVal.ang.f: 0.0
calling GetDataValues(IEDBiogasCHP/MMXU1.VA.phsC.cVal)
14:23:47.357 [openiec61850-osi-server-7-thread-1] DEBUG com.beanit.openiec61850.ServerAssociation - Got a GetDataValues request for node: IEDBiogasCHP/MMXU1.VA.phsC.cVal [MX]
IEDBiogasCHP/MMXU1.VA.phsC.cVal.mag [MX]
IEDBiogasCHP/MMXU1.VA.phsC.cVal.mag.i: 0
IEDBiogasCHP/MMXU1.VA.phsC.cVal.mag.f: 0.0
IEDBiogasCHP/MMXU1.VA.phsC.cVal.ang [MX]
IEDBiogasCHP/MMXU1.VA.phsC.cVal.ang.i: 0
IEDBiogasCHP/MMXU1.VA.phsC.cVal.ang.f: 0.0
14:23:47.357 [openiec61850-osi-server-7-thread-1] DEBUG com.beanit.openiec61850.ServerAssociation - sub BDA is:IEDBiogasCHP/MMXU1.VA.phsC.cVal.mag.i: 0
14:23:47.357 [openiec61850-osi-server-7-thread-1] DEBUG com.beanit.openiec61850.ServerAssociation - sub BDA is:IEDBiogasCHP/MMXU1.VA.phsC.cVal.mag.f: 0.0
14:23:47.357 [openiec61850-osi-server-7-thread-1] DEBUG com.beanit.openiec61850.ServerAssociation - sub BDA is:IEDBiogasCHP/MMXU1.VA.phsC.cVal.ang.i: 0
14:23:47.357 [openiec61850-osi-server-7-thread-1] DEBUG com.beanit.openiec61850.ServerAssociation - sub BDA is:IEDBiogasCHP/MMXU1.VA.phsC.cVal.ang.f: 0.0
calling GetDataValues(IEDBiogasCHP/MMXU1.VA.phsC.cVal.mag)
14:23:47.357 [openiec61850-osi-server-7-thread-1] DEBUG com.beanit.openiec61850.ServerAssociation - Got a GetDataValues request for node: IEDBiogasCHP/MMXU1.VA.phsC.cVal.mag [MX]
IEDBiogasCHP/MMXU1.VA.phsC.cVal.mag.i: 0
IEDBiogasCHP/MMXU1.VA.phsC.cVal.mag.f: 0.0
14:23:47.357 [openiec61850-osi-server-7-thread-1] DEBUG com.beanit.openiec61850.ServerAssociation - sub BDA is:IEDBiogasCHP/MMXU1.VA.phsC.cVal.mag.i: 0
14:23:47.357 [openiec61850-osi-server-7-thread-1] DEBUG com.beanit.openiec61850.ServerAssociation - sub BDA is:IEDBiogasCHP/MMXU1.VA.phsC.cVal.mag.f: 0.0
calling GetDataValues(IEDBiogasCHP/MMXU1.VA.phsC.cVal.mag.i)
14:23:47.357 [openiec61850-osi-server-7-thread-1] DEBUG com.beanit.openiec61850.ServerAssociation - Got a GetDataValues request for node: IEDBiogasCHP/MMXU1.VA.phsC.cVal.mag.i: 0
calling GetDataValues(IEDBiogasCHP/MMXU1.VA.phsC.cVal.mag.f)
14:23:47.357 [openiec61850-osi-server-7-thread-1] DEBUG com.beanit.openiec61850.ServerAssociation - Got a GetDataValues request for node: IEDBiogasCHP/MMXU1.VA.phsC.cVal.mag.f: 0.0
calling GetDataValues(IEDBiogasCHP/MMXU1.VA.phsC.cVal.ang)
14:23:47.358 [openiec61850-osi-server-7-thread-1] DEBUG com.beanit.openiec61850.ServerAssociation - Got a GetDataValues request for node: IEDBiogasCHP/MMXU1.VA.phsC.cVal.ang [MX]
IEDBiogasCHP/MMXU1.VA.phsC.cVal.ang.i: 0
IEDBiogasCHP/MMXU1.VA.phsC.cVal.ang.f: 0.0
14:23:47.358 [openiec61850-osi-server-7-thread-1] DEBUG com.beanit.openiec61850.ServerAssociation - sub BDA is:IEDBiogasCHP/MMXU1.VA.phsC.cVal.ang.i: 0
14:23:47.358 [openiec61850-osi-server-7-thread-1] DEBUG com.beanit.openiec61850.ServerAssociation - sub BDA is:IEDBiogasCHP/MMXU1.VA.phsC.cVal.ang.f: 0.0
calling GetDataValues(IEDBiogasCHP/MMXU1.VA.phsC.cVal.ang.i)
14:23:47.358 [openiec61850-osi-server-7-thread-1] DEBUG com.beanit.openiec61850.ServerAssociation - Got a GetDataValues request for node: IEDBiogasCHP/MMXU1.VA.phsC.cVal.ang.i: 0
calling GetDataValues(IEDBiogasCHP/MMXU1.VA.phsC.cVal.ang.f)
14:23:47.358 [openiec61850-osi-server-7-thread-1] DEBUG com.beanit.openiec61850.ServerAssociation - Got a GetDataValues request for node: IEDBiogasCHP/MMXU1.VA.phsC.cVal.ang.f: 0.0
calling GetDataValues(IEDBiogasCHP/MMXU1.VA.phsC.range)
14:23:47.358 [openiec61850-osi-server-7-thread-1] DEBUG com.beanit.openiec61850.ServerAssociation - Got a GetDataValues request for node: IEDBiogasCHP/MMXU1.VA.phsC.range: 0
calling GetDataValues(IEDBiogasCHP/MMXU1.VA.phsC.q)
14:23:47.358 [openiec61850-osi-server-7-thread-1] DEBUG com.beanit.openiec61850.ServerAssociation - Got a GetDataValues request for node: IEDBiogasCHP/MMXU1.VA.phsC.q: 0x00 0x00
calling GetDataValues(IEDBiogasCHP/MMXU1.VA.phsC.t)
14:23:47.358 [openiec61850-osi-server-7-thread-1] DEBUG com.beanit.openiec61850.ServerAssociation - Got a GetDataValues request for node: IEDBiogasCHP/MMXU1.VA.phsC.t: Thu Jan 01 01:00:00 CET 1970
calling GetDataValues(IEDBiogasCHP/MMXU1.VA.neut)
14:23:47.358 [openiec61850-osi-server-7-thread-1] DEBUG com.beanit.openiec61850.ServerAssociation - Got a GetDataValues request for node: IEDBiogasCHP/MMXU1.VA.neut [MX]
IEDBiogasCHP/MMXU1.VA.neut.instCVal [MX]
IEDBiogasCHP/MMXU1.VA.neut.instCVal.mag [MX]
IEDBiogasCHP/MMXU1.VA.neut.instCVal.mag.i: 0
IEDBiogasCHP/MMXU1.VA.neut.instCVal.mag.f: 0.0
IEDBiogasCHP/MMXU1.VA.neut.instCVal.ang [MX]
IEDBiogasCHP/MMXU1.VA.neut.instCVal.ang.i: 0
IEDBiogasCHP/MMXU1.VA.neut.instCVal.ang.f: 0.0
IEDBiogasCHP/MMXU1.VA.neut.cVal [MX]
IEDBiogasCHP/MMXU1.VA.neut.cVal.mag [MX]
IEDBiogasCHP/MMXU1.VA.neut.cVal.mag.i: 0
IEDBiogasCHP/MMXU1.VA.neut.cVal.mag.f: 0.0
IEDBiogasCHP/MMXU1.VA.neut.cVal.ang [MX]
IEDBiogasCHP/MMXU1.VA.neut.cVal.ang.i: 0
IEDBiogasCHP/MMXU1.VA.neut.cVal.ang.f: 0.0
IEDBiogasCHP/MMXU1.VA.neut.range: 0
IEDBiogasCHP/MMXU1.VA.neut.q: 0x00 0x00
IEDBiogasCHP/MMXU1.VA.neut.t: Thu Jan 01 01:00:00 CET 1970
14:23:47.359 [openiec61850-osi-server-7-thread-1] DEBUG com.beanit.openiec61850.ServerAssociation - sub BDA is:IEDBiogasCHP/MMXU1.VA.neut.instCVal.mag.i: 0
14:23:47.359 [openiec61850-osi-server-7-thread-1] DEBUG com.beanit.openiec61850.ServerAssociation - sub BDA is:IEDBiogasCHP/MMXU1.VA.neut.instCVal.mag.f: 0.0
14:23:47.359 [openiec61850-osi-server-7-thread-1] DEBUG com.beanit.openiec61850.ServerAssociation - sub BDA is:IEDBiogasCHP/MMXU1.VA.neut.instCVal.ang.i: 0
14:23:47.359 [openiec61850-osi-server-7-thread-1] DEBUG com.beanit.openiec61850.ServerAssociation - sub BDA is:IEDBiogasCHP/MMXU1.VA.neut.instCVal.ang.f: 0.0
14:23:47.359 [openiec61850-osi-server-7-thread-1] DEBUG com.beanit.openiec61850.ServerAssociation - sub BDA is:IEDBiogasCHP/MMXU1.VA.neut.cVal.mag.i: 0
14:23:47.359 [openiec61850-osi-server-7-thread-1] DEBUG com.beanit.openiec61850.ServerAssociation - sub BDA is:IEDBiogasCHP/MMXU1.VA.neut.cVal.mag.f: 0.0
14:23:47.359 [openiec61850-osi-server-7-thread-1] DEBUG com.beanit.openiec61850.ServerAssociation - sub BDA is:IEDBiogasCHP/MMXU1.VA.neut.cVal.ang.i: 0
14:23:47.359 [openiec61850-osi-server-7-thread-1] DEBUG com.beanit.openiec61850.ServerAssociation - sub BDA is:IEDBiogasCHP/MMXU1.VA.neut.cVal.ang.f: 0.0
14:23:47.359 [openiec61850-osi-server-7-thread-1] DEBUG com.beanit.openiec61850.ServerAssociation - sub BDA is:IEDBiogasCHP/MMXU1.VA.neut.range: 0
14:23:47.359 [openiec61850-osi-server-7-thread-1] DEBUG com.beanit.openiec61850.ServerAssociation - sub BDA is:IEDBiogasCHP/MMXU1.VA.neut.q: 0x00 0x00
14:23:47.359 [openiec61850-osi-server-7-thread-1] DEBUG com.beanit.openiec61850.ServerAssociation - sub BDA is:IEDBiogasCHP/MMXU1.VA.neut.t: Thu Jan 01 01:00:00 CET 1970
calling GetDataValues(IEDBiogasCHP/MMXU1.VA.neut.instCVal)
14:23:47.359 [openiec61850-osi-server-7-thread-1] DEBUG com.beanit.openiec61850.ServerAssociation - Got a GetDataValues request for node: IEDBiogasCHP/MMXU1.VA.neut.instCVal [MX]
IEDBiogasCHP/MMXU1.VA.neut.instCVal.mag [MX]
IEDBiogasCHP/MMXU1.VA.neut.instCVal.mag.i: 0
IEDBiogasCHP/MMXU1.VA.neut.instCVal.mag.f: 0.0
IEDBiogasCHP/MMXU1.VA.neut.instCVal.ang [MX]
IEDBiogasCHP/MMXU1.VA.neut.instCVal.ang.i: 0
IEDBiogasCHP/MMXU1.VA.neut.instCVal.ang.f: 0.0
14:23:47.359 [openiec61850-osi-server-7-thread-1] DEBUG com.beanit.openiec61850.ServerAssociation - sub BDA is:IEDBiogasCHP/MMXU1.VA.neut.instCVal.mag.i: 0
14:23:47.359 [openiec61850-osi-server-7-thread-1] DEBUG com.beanit.openiec61850.ServerAssociation - sub BDA is:IEDBiogasCHP/MMXU1.VA.neut.instCVal.mag.f: 0.0
14:23:47.359 [openiec61850-osi-server-7-thread-1] DEBUG com.beanit.openiec61850.ServerAssociation - sub BDA is:IEDBiogasCHP/MMXU1.VA.neut.instCVal.ang.i: 0
14:23:47.359 [openiec61850-osi-server-7-thread-1] DEBUG com.beanit.openiec61850.ServerAssociation - sub BDA is:IEDBiogasCHP/MMXU1.VA.neut.instCVal.ang.f: 0.0
calling GetDataValues(IEDBiogasCHP/MMXU1.VA.neut.instCVal.mag)
14:23:47.359 [openiec61850-osi-server-7-thread-1] DEBUG com.beanit.openiec61850.ServerAssociation - Got a GetDataValues request for node: IEDBiogasCHP/MMXU1.VA.neut.instCVal.mag [MX]
IEDBiogasCHP/MMXU1.VA.neut.instCVal.mag.i: 0
IEDBiogasCHP/MMXU1.VA.neut.instCVal.mag.f: 0.0
14:23:47.359 [openiec61850-osi-server-7-thread-1] DEBUG com.beanit.openiec61850.ServerAssociation - sub BDA is:IEDBiogasCHP/MMXU1.VA.neut.instCVal.mag.i: 0
14:23:47.359 [openiec61850-osi-server-7-thread-1] DEBUG com.beanit.openiec61850.ServerAssociation - sub BDA is:IEDBiogasCHP/MMXU1.VA.neut.instCVal.mag.f: 0.0
calling GetDataValues(IEDBiogasCHP/MMXU1.VA.neut.instCVal.mag.i)
14:23:47.359 [openiec61850-osi-server-7-thread-1] DEBUG com.beanit.openiec61850.ServerAssociation - Got a GetDataValues request for node: IEDBiogasCHP/MMXU1.VA.neut.instCVal.mag.i: 0
calling GetDataValues(IEDBiogasCHP/MMXU1.VA.neut.instCVal.mag.f)
14:23:47.359 [openiec61850-osi-server-7-thread-1] DEBUG com.beanit.openiec61850.ServerAssociation - Got a GetDataValues request for node: IEDBiogasCHP/MMXU1.VA.neut.instCVal.mag.f: 0.0
calling GetDataValues(IEDBiogasCHP/MMXU1.VA.neut.instCVal.ang)
14:23:47.359 [openiec61850-osi-server-7-thread-1] DEBUG com.beanit.openiec61850.ServerAssociation - Got a GetDataValues request for node: IEDBiogasCHP/MMXU1.VA.neut.instCVal.ang [MX]
IEDBiogasCHP/MMXU1.VA.neut.instCVal.ang.i: 0
IEDBiogasCHP/MMXU1.VA.neut.instCVal.ang.f: 0.0
14:23:47.359 [openiec61850-osi-server-7-thread-1] DEBUG com.beanit.openiec61850.ServerAssociation - sub BDA is:IEDBiogasCHP/MMXU1.VA.neut.instCVal.ang.i: 0
14:23:47.359 [openiec61850-osi-server-7-thread-1] DEBUG com.beanit.openiec61850.ServerAssociation - sub BDA is:IEDBiogasCHP/MMXU1.VA.neut.instCVal.ang.f: 0.0
calling GetDataValues(IEDBiogasCHP/MMXU1.VA.neut.instCVal.ang.i)
14:23:47.359 [openiec61850-osi-server-7-thread-1] DEBUG com.beanit.openiec61850.ServerAssociation - Got a GetDataValues request for node: IEDBiogasCHP/MMXU1.VA.neut.instCVal.ang.i: 0
calling GetDataValues(IEDBiogasCHP/MMXU1.VA.neut.instCVal.ang.f)
14:23:47.360 [openiec61850-osi-server-7-thread-1] DEBUG com.beanit.openiec61850.ServerAssociation - Got a GetDataValues request for node: IEDBiogasCHP/MMXU1.VA.neut.instCVal.ang.f: 0.0
calling GetDataValues(IEDBiogasCHP/MMXU1.VA.neut.cVal)
14:23:47.360 [openiec61850-osi-server-7-thread-1] DEBUG com.beanit.openiec61850.ServerAssociation - Got a GetDataValues request for node: IEDBiogasCHP/MMXU1.VA.neut.cVal [MX]
IEDBiogasCHP/MMXU1.VA.neut.cVal.mag [MX]
IEDBiogasCHP/MMXU1.VA.neut.cVal.mag.i: 0
IEDBiogasCHP/MMXU1.VA.neut.cVal.mag.f: 0.0
IEDBiogasCHP/MMXU1.VA.neut.cVal.ang [MX]
IEDBiogasCHP/MMXU1.VA.neut.cVal.ang.i: 0
IEDBiogasCHP/MMXU1.VA.neut.cVal.ang.f: 0.0
14:23:47.360 [openiec61850-osi-server-7-thread-1] DEBUG com.beanit.openiec61850.ServerAssociation - sub BDA is:IEDBiogasCHP/MMXU1.VA.neut.cVal.mag.i: 0
14:23:47.360 [openiec61850-osi-server-7-thread-1] DEBUG com.beanit.openiec61850.ServerAssociation - sub BDA is:IEDBiogasCHP/MMXU1.VA.neut.cVal.mag.f: 0.0
14:23:47.360 [openiec61850-osi-server-7-thread-1] DEBUG com.beanit.openiec61850.ServerAssociation - sub BDA is:IEDBiogasCHP/MMXU1.VA.neut.cVal.ang.i: 0
14:23:47.360 [openiec61850-osi-server-7-thread-1] DEBUG com.beanit.openiec61850.ServerAssociation - sub BDA is:IEDBiogasCHP/MMXU1.VA.neut.cVal.ang.f: 0.0
calling GetDataValues(IEDBiogasCHP/MMXU1.VA.neut.cVal.mag)
14:23:47.360 [openiec61850-osi-server-7-thread-1] DEBUG com.beanit.openiec61850.ServerAssociation - Got a GetDataValues request for node: IEDBiogasCHP/MMXU1.VA.neut.cVal.mag [MX]
IEDBiogasCHP/MMXU1.VA.neut.cVal.mag.i: 0
IEDBiogasCHP/MMXU1.VA.neut.cVal.mag.f: 0.0
14:23:47.360 [openiec61850-osi-server-7-thread-1] DEBUG com.beanit.openiec61850.ServerAssociation - sub BDA is:IEDBiogasCHP/MMXU1.VA.neut.cVal.mag.i: 0
14:23:47.360 [openiec61850-osi-server-7-thread-1] DEBUG com.beanit.openiec61850.ServerAssociation - sub BDA is:IEDBiogasCHP/MMXU1.VA.neut.cVal.mag.f: 0.0
calling GetDataValues(IEDBiogasCHP/MMXU1.VA.neut.cVal.mag.i)
14:23:47.360 [openiec61850-osi-server-7-thread-1] DEBUG com.beanit.openiec61850.ServerAssociation - Got a GetDataValues request for node: IEDBiogasCHP/MMXU1.VA.neut.cVal.mag.i: 0
calling GetDataValues(IEDBiogasCHP/MMXU1.VA.neut.cVal.mag.f)
14:23:47.360 [openiec61850-osi-server-7-thread-1] DEBUG com.beanit.openiec61850.ServerAssociation - Got a GetDataValues request for node: IEDBiogasCHP/MMXU1.VA.neut.cVal.mag.f: 0.0
calling GetDataValues(IEDBiogasCHP/MMXU1.VA.neut.cVal.ang)
14:23:47.360 [openiec61850-osi-server-7-thread-1] DEBUG com.beanit.openiec61850.ServerAssociation - Got a GetDataValues request for node: IEDBiogasCHP/MMXU1.VA.neut.cVal.ang [MX]
IEDBiogasCHP/MMXU1.VA.neut.cVal.ang.i: 0
IEDBiogasCHP/MMXU1.VA.neut.cVal.ang.f: 0.0
14:23:47.360 [openiec61850-osi-server-7-thread-1] DEBUG com.beanit.openiec61850.ServerAssociation - sub BDA is:IEDBiogasCHP/MMXU1.VA.neut.cVal.ang.i: 0
14:23:47.360 [openiec61850-osi-server-7-thread-1] DEBUG com.beanit.openiec61850.ServerAssociation - sub BDA is:IEDBiogasCHP/MMXU1.VA.neut.cVal.ang.f: 0.0
calling GetDataValues(IEDBiogasCHP/MMXU1.VA.neut.cVal.ang.i)
14:23:47.361 [openiec61850-osi-server-7-thread-1] DEBUG com.beanit.openiec61850.ServerAssociation - Got a GetDataValues request for node: IEDBiogasCHP/MMXU1.VA.neut.cVal.ang.i: 0
calling GetDataValues(IEDBiogasCHP/MMXU1.VA.neut.cVal.ang.f)
14:23:47.361 [openiec61850-osi-server-7-thread-1] DEBUG com.beanit.openiec61850.ServerAssociation - Got a GetDataValues request for node: IEDBiogasCHP/MMXU1.VA.neut.cVal.ang.f: 0.0
calling GetDataValues(IEDBiogasCHP/MMXU1.VA.neut.range)
14:23:47.361 [openiec61850-osi-server-7-thread-1] DEBUG com.beanit.openiec61850.ServerAssociation - Got a GetDataValues request for node: IEDBiogasCHP/MMXU1.VA.neut.range: 0
calling GetDataValues(IEDBiogasCHP/MMXU1.VA.neut.q)
14:23:47.361 [openiec61850-osi-server-7-thread-1] DEBUG com.beanit.openiec61850.ServerAssociation - Got a GetDataValues request for node: IEDBiogasCHP/MMXU1.VA.neut.q: 0x00 0x00
calling GetDataValues(IEDBiogasCHP/MMXU1.VA.neut.t)
14:23:47.361 [openiec61850-osi-server-7-thread-1] DEBUG com.beanit.openiec61850.ServerAssociation - Got a GetDataValues request for node: IEDBiogasCHP/MMXU1.VA.neut.t: Thu Jan 01 01:00:00 CET 1970
calling GetDataValues(IEDBiogasCHP/MMXU1.VA.net)
14:23:47.361 [openiec61850-osi-server-7-thread-1] DEBUG com.beanit.openiec61850.ServerAssociation - Got a GetDataValues request for node: IEDBiogasCHP/MMXU1.VA.net [MX]
IEDBiogasCHP/MMXU1.VA.net.instCVal [MX]
IEDBiogasCHP/MMXU1.VA.net.instCVal.mag [MX]
IEDBiogasCHP/MMXU1.VA.net.instCVal.mag.i: 0
IEDBiogasCHP/MMXU1.VA.net.instCVal.mag.f: 0.0
IEDBiogasCHP/MMXU1.VA.net.instCVal.ang [MX]
IEDBiogasCHP/MMXU1.VA.net.instCVal.ang.i: 0
IEDBiogasCHP/MMXU1.VA.net.instCVal.ang.f: 0.0
IEDBiogasCHP/MMXU1.VA.net.cVal [MX]
IEDBiogasCHP/MMXU1.VA.net.cVal.mag [MX]
IEDBiogasCHP/MMXU1.VA.net.cVal.mag.i: 0
IEDBiogasCHP/MMXU1.VA.net.cVal.mag.f: 0.0
IEDBiogasCHP/MMXU1.VA.net.cVal.ang [MX]
IEDBiogasCHP/MMXU1.VA.net.cVal.ang.i: 0
IEDBiogasCHP/MMXU1.VA.net.cVal.ang.f: 0.0
IEDBiogasCHP/MMXU1.VA.net.range: 0
IEDBiogasCHP/MMXU1.VA.net.q: 0x00 0x00
IEDBiogasCHP/MMXU1.VA.net.t: Thu Jan 01 01:00:00 CET 1970
14:23:47.361 [openiec61850-osi-server-7-thread-1] DEBUG com.beanit.openiec61850.ServerAssociation - sub BDA is:IEDBiogasCHP/MMXU1.VA.net.instCVal.mag.i: 0
14:23:47.361 [openiec61850-osi-server-7-thread-1] DEBUG com.beanit.openiec61850.ServerAssociation - sub BDA is:IEDBiogasCHP/MMXU1.VA.net.instCVal.mag.f: 0.0
14:23:47.361 [openiec61850-osi-server-7-thread-1] DEBUG com.beanit.openiec61850.ServerAssociation - sub BDA is:IEDBiogasCHP/MMXU1.VA.net.instCVal.ang.i: 0
14:23:47.361 [openiec61850-osi-server-7-thread-1] DEBUG com.beanit.openiec61850.ServerAssociation - sub BDA is:IEDBiogasCHP/MMXU1.VA.net.instCVal.ang.f: 0.0
14:23:47.361 [openiec61850-osi-server-7-thread-1] DEBUG com.beanit.openiec61850.ServerAssociation - sub BDA is:IEDBiogasCHP/MMXU1.VA.net.cVal.mag.i: 0
14:23:47.361 [openiec61850-osi-server-7-thread-1] DEBUG com.beanit.openiec61850.ServerAssociation - sub BDA is:IEDBiogasCHP/MMXU1.VA.net.cVal.mag.f: 0.0
14:23:47.361 [openiec61850-osi-server-7-thread-1] DEBUG com.beanit.openiec61850.ServerAssociation - sub BDA is:IEDBiogasCHP/MMXU1.VA.net.cVal.ang.i: 0
14:23:47.361 [openiec61850-osi-server-7-thread-1] DEBUG com.beanit.openiec61850.ServerAssociation - sub BDA is:IEDBiogasCHP/MMXU1.VA.net.cVal.ang.f: 0.0
14:23:47.361 [openiec61850-osi-server-7-thread-1] DEBUG com.beanit.openiec61850.ServerAssociation - sub BDA is:IEDBiogasCHP/MMXU1.VA.net.range: 0
14:23:47.361 [openiec61850-osi-server-7-thread-1] DEBUG com.beanit.openiec61850.ServerAssociation - sub BDA is:IEDBiogasCHP/MMXU1.VA.net.q: 0x00 0x00
14:23:47.361 [openiec61850-osi-server-7-thread-1] DEBUG com.beanit.openiec61850.ServerAssociation - sub BDA is:IEDBiogasCHP/MMXU1.VA.net.t: Thu Jan 01 01:00:00 CET 1970
calling GetDataValues(IEDBiogasCHP/MMXU1.VA.net.instCVal)
14:23:47.361 [openiec61850-osi-server-7-thread-1] DEBUG com.beanit.openiec61850.ServerAssociation - Got a GetDataValues request for node: IEDBiogasCHP/MMXU1.VA.net.instCVal [MX]
IEDBiogasCHP/MMXU1.VA.net.instCVal.mag [MX]
IEDBiogasCHP/MMXU1.VA.net.instCVal.mag.i: 0
IEDBiogasCHP/MMXU1.VA.net.instCVal.mag.f: 0.0
IEDBiogasCHP/MMXU1.VA.net.instCVal.ang [MX]
IEDBiogasCHP/MMXU1.VA.net.instCVal.ang.i: 0
IEDBiogasCHP/MMXU1.VA.net.instCVal.ang.f: 0.0
14:23:47.361 [openiec61850-osi-server-7-thread-1] DEBUG com.beanit.openiec61850.ServerAssociation - sub BDA is:IEDBiogasCHP/MMXU1.VA.net.instCVal.mag.i: 0
14:23:47.361 [openiec61850-osi-server-7-thread-1] DEBUG com.beanit.openiec61850.ServerAssociation - sub BDA is:IEDBiogasCHP/MMXU1.VA.net.instCVal.mag.f: 0.0
14:23:47.361 [openiec61850-osi-server-7-thread-1] DEBUG com.beanit.openiec61850.ServerAssociation - sub BDA is:IEDBiogasCHP/MMXU1.VA.net.instCVal.ang.i: 0
14:23:47.361 [openiec61850-osi-server-7-thread-1] DEBUG com.beanit.openiec61850.ServerAssociation - sub BDA is:IEDBiogasCHP/MMXU1.VA.net.instCVal.ang.f: 0.0
calling GetDataValues(IEDBiogasCHP/MMXU1.VA.net.instCVal.mag)
14:23:47.362 [openiec61850-osi-server-7-thread-1] DEBUG com.beanit.openiec61850.ServerAssociation - Got a GetDataValues request for node: IEDBiogasCHP/MMXU1.VA.net.instCVal.mag [MX]
IEDBiogasCHP/MMXU1.VA.net.instCVal.mag.i: 0
IEDBiogasCHP/MMXU1.VA.net.instCVal.mag.f: 0.0
14:23:47.362 [openiec61850-osi-server-7-thread-1] DEBUG com.beanit.openiec61850.ServerAssociation - sub BDA is:IEDBiogasCHP/MMXU1.VA.net.instCVal.mag.i: 0
14:23:47.362 [openiec61850-osi-server-7-thread-1] DEBUG com.beanit.openiec61850.ServerAssociation - sub BDA is:IEDBiogasCHP/MMXU1.VA.net.instCVal.mag.f: 0.0
calling GetDataValues(IEDBiogasCHP/MMXU1.VA.net.instCVal.mag.i)
14:23:47.362 [openiec61850-osi-server-7-thread-1] DEBUG com.beanit.openiec61850.ServerAssociation - Got a GetDataValues request for node: IEDBiogasCHP/MMXU1.VA.net.instCVal.mag.i: 0
calling GetDataValues(IEDBiogasCHP/MMXU1.VA.net.instCVal.mag.f)
14:23:47.362 [openiec61850-osi-server-7-thread-1] DEBUG com.beanit.openiec61850.ServerAssociation - Got a GetDataValues request for node: IEDBiogasCHP/MMXU1.VA.net.instCVal.mag.f: 0.0
calling GetDataValues(IEDBiogasCHP/MMXU1.VA.net.instCVal.ang)
14:23:47.362 [openiec61850-osi-server-7-thread-1] DEBUG com.beanit.openiec61850.ServerAssociation - Got a GetDataValues request for node: IEDBiogasCHP/MMXU1.VA.net.instCVal.ang [MX]
IEDBiogasCHP/MMXU1.VA.net.instCVal.ang.i: 0
IEDBiogasCHP/MMXU1.VA.net.instCVal.ang.f: 0.0
14:23:47.362 [openiec61850-osi-server-7-thread-1] DEBUG com.beanit.openiec61850.ServerAssociation - sub BDA is:IEDBiogasCHP/MMXU1.VA.net.instCVal.ang.i: 0
14:23:47.362 [openiec61850-osi-server-7-thread-1] DEBUG com.beanit.openiec61850.ServerAssociation - sub BDA is:IEDBiogasCHP/MMXU1.VA.net.instCVal.ang.f: 0.0
calling GetDataValues(IEDBiogasCHP/MMXU1.VA.net.instCVal.ang.i)
14:23:47.362 [openiec61850-osi-server-7-thread-1] DEBUG com.beanit.openiec61850.ServerAssociation - Got a GetDataValues request for node: IEDBiogasCHP/MMXU1.VA.net.instCVal.ang.i: 0
calling GetDataValues(IEDBiogasCHP/MMXU1.VA.net.instCVal.ang.f)
14:23:47.363 [openiec61850-osi-server-7-thread-1] DEBUG com.beanit.openiec61850.ServerAssociation - Got a GetDataValues request for node: IEDBiogasCHP/MMXU1.VA.net.instCVal.ang.f: 0.0
calling GetDataValues(IEDBiogasCHP/MMXU1.VA.net.cVal)
14:23:47.363 [openiec61850-osi-server-7-thread-1] DEBUG com.beanit.openiec61850.ServerAssociation - Got a GetDataValues request for node: IEDBiogasCHP/MMXU1.VA.net.cVal [MX]
IEDBiogasCHP/MMXU1.VA.net.cVal.mag [MX]
IEDBiogasCHP/MMXU1.VA.net.cVal.mag.i: 0
IEDBiogasCHP/MMXU1.VA.net.cVal.mag.f: 0.0
IEDBiogasCHP/MMXU1.VA.net.cVal.ang [MX]
IEDBiogasCHP/MMXU1.VA.net.cVal.ang.i: 0
IEDBiogasCHP/MMXU1.VA.net.cVal.ang.f: 0.0
14:23:47.363 [openiec61850-osi-server-7-thread-1] DEBUG com.beanit.openiec61850.ServerAssociation - sub BDA is:IEDBiogasCHP/MMXU1.VA.net.cVal.mag.i: 0
14:23:47.363 [openiec61850-osi-server-7-thread-1] DEBUG com.beanit.openiec61850.ServerAssociation - sub BDA is:IEDBiogasCHP/MMXU1.VA.net.cVal.mag.f: 0.0
14:23:47.363 [openiec61850-osi-server-7-thread-1] DEBUG com.beanit.openiec61850.ServerAssociation - sub BDA is:IEDBiogasCHP/MMXU1.VA.net.cVal.ang.i: 0
14:23:47.363 [openiec61850-osi-server-7-thread-1] DEBUG com.beanit.openiec61850.ServerAssociation - sub BDA is:IEDBiogasCHP/MMXU1.VA.net.cVal.ang.f: 0.0
calling GetDataValues(IEDBiogasCHP/MMXU1.VA.net.cVal.mag)
14:23:47.363 [openiec61850-osi-server-7-thread-1] DEBUG com.beanit.openiec61850.ServerAssociation - Got a GetDataValues request for node: IEDBiogasCHP/MMXU1.VA.net.cVal.mag [MX]
IEDBiogasCHP/MMXU1.VA.net.cVal.mag.i: 0
IEDBiogasCHP/MMXU1.VA.net.cVal.mag.f: 0.0
14:23:47.363 [openiec61850-osi-server-7-thread-1] DEBUG com.beanit.openiec61850.ServerAssociation - sub BDA is:IEDBiogasCHP/MMXU1.VA.net.cVal.mag.i: 0
14:23:47.363 [openiec61850-osi-server-7-thread-1] DEBUG com.beanit.openiec61850.ServerAssociation - sub BDA is:IEDBiogasCHP/MMXU1.VA.net.cVal.mag.f: 0.0
calling GetDataValues(IEDBiogasCHP/MMXU1.VA.net.cVal.mag.i)
14:23:47.363 [openiec61850-osi-server-7-thread-1] DEBUG com.beanit.openiec61850.ServerAssociation - Got a GetDataValues request for node: IEDBiogasCHP/MMXU1.VA.net.cVal.mag.i: 0
calling GetDataValues(IEDBiogasCHP/MMXU1.VA.net.cVal.mag.f)
14:23:47.363 [openiec61850-osi-server-7-thread-1] DEBUG com.beanit.openiec61850.ServerAssociation - Got a GetDataValues request for node: IEDBiogasCHP/MMXU1.VA.net.cVal.mag.f: 0.0
calling GetDataValues(IEDBiogasCHP/MMXU1.VA.net.cVal.ang)
14:23:47.363 [openiec61850-osi-server-7-thread-1] DEBUG com.beanit.openiec61850.ServerAssociation - Got a GetDataValues request for node: IEDBiogasCHP/MMXU1.VA.net.cVal.ang [MX]
IEDBiogasCHP/MMXU1.VA.net.cVal.ang.i: 0
IEDBiogasCHP/MMXU1.VA.net.cVal.ang.f: 0.0
14:23:47.363 [openiec61850-osi-server-7-thread-1] DEBUG com.beanit.openiec61850.ServerAssociation - sub BDA is:IEDBiogasCHP/MMXU1.VA.net.cVal.ang.i: 0
14:23:47.363 [openiec61850-osi-server-7-thread-1] DEBUG com.beanit.openiec61850.ServerAssociation - sub BDA is:IEDBiogasCHP/MMXU1.VA.net.cVal.ang.f: 0.0
calling GetDataValues(IEDBiogasCHP/MMXU1.VA.net.cVal.ang.i)
14:23:47.363 [openiec61850-osi-server-7-thread-1] DEBUG com.beanit.openiec61850.ServerAssociation - Got a GetDataValues request for node: IEDBiogasCHP/MMXU1.VA.net.cVal.ang.i: 0
calling GetDataValues(IEDBiogasCHP/MMXU1.VA.net.cVal.ang.f)
14:23:47.364 [openiec61850-osi-server-7-thread-1] DEBUG com.beanit.openiec61850.ServerAssociation - Got a GetDataValues request for node: IEDBiogasCHP/MMXU1.VA.net.cVal.ang.f: 0.0
calling GetDataValues(IEDBiogasCHP/MMXU1.VA.net.range)
14:23:47.364 [openiec61850-osi-server-7-thread-1] DEBUG com.beanit.openiec61850.ServerAssociation - Got a GetDataValues request for node: IEDBiogasCHP/MMXU1.VA.net.range: 0
calling GetDataValues(IEDBiogasCHP/MMXU1.VA.net.q)
14:23:47.364 [openiec61850-osi-server-7-thread-1] DEBUG com.beanit.openiec61850.ServerAssociation - Got a GetDataValues request for node: IEDBiogasCHP/MMXU1.VA.net.q: 0x00 0x00
calling GetDataValues(IEDBiogasCHP/MMXU1.VA.net.t)
14:23:47.364 [openiec61850-osi-server-7-thread-1] DEBUG com.beanit.openiec61850.ServerAssociation - Got a GetDataValues request for node: IEDBiogasCHP/MMXU1.VA.net.t: Thu Jan 01 01:00:00 CET 1970
calling GetDataValues(IEDBiogasCHP/MMXU1.VA.res)
14:23:47.364 [openiec61850-osi-server-7-thread-1] DEBUG com.beanit.openiec61850.ServerAssociation - Got a GetDataValues request for node: IEDBiogasCHP/MMXU1.VA.res [MX]
IEDBiogasCHP/MMXU1.VA.res.instCVal [MX]
IEDBiogasCHP/MMXU1.VA.res.instCVal.mag [MX]
IEDBiogasCHP/MMXU1.VA.res.instCVal.mag.i: 0
IEDBiogasCHP/MMXU1.VA.res.instCVal.mag.f: 0.0
IEDBiogasCHP/MMXU1.VA.res.instCVal.ang [MX]
IEDBiogasCHP/MMXU1.VA.res.instCVal.ang.i: 0
IEDBiogasCHP/MMXU1.VA.res.instCVal.ang.f: 0.0
IEDBiogasCHP/MMXU1.VA.res.cVal [MX]
IEDBiogasCHP/MMXU1.VA.res.cVal.mag [MX]
IEDBiogasCHP/MMXU1.VA.res.cVal.mag.i: 0
IEDBiogasCHP/MMXU1.VA.res.cVal.mag.f: 0.0
IEDBiogasCHP/MMXU1.VA.res.cVal.ang [MX]
IEDBiogasCHP/MMXU1.VA.res.cVal.ang.i: 0
IEDBiogasCHP/MMXU1.VA.res.cVal.ang.f: 0.0
IEDBiogasCHP/MMXU1.VA.res.range: 0
IEDBiogasCHP/MMXU1.VA.res.q: 0x00 0x00
IEDBiogasCHP/MMXU1.VA.res.t: Thu Jan 01 01:00:00 CET 1970
14:23:47.364 [openiec61850-osi-server-7-thread-1] DEBUG com.beanit.openiec61850.ServerAssociation - sub BDA is:IEDBiogasCHP/MMXU1.VA.res.instCVal.mag.i: 0
14:23:47.364 [openiec61850-osi-server-7-thread-1] DEBUG com.beanit.openiec61850.ServerAssociation - sub BDA is:IEDBiogasCHP/MMXU1.VA.res.instCVal.mag.f: 0.0
14:23:47.364 [openiec61850-osi-server-7-thread-1] DEBUG com.beanit.openiec61850.ServerAssociation - sub BDA is:IEDBiogasCHP/MMXU1.VA.res.instCVal.ang.i: 0
14:23:47.364 [openiec61850-osi-server-7-thread-1] DEBUG com.beanit.openiec61850.ServerAssociation - sub BDA is:IEDBiogasCHP/MMXU1.VA.res.instCVal.ang.f: 0.0
14:23:47.364 [openiec61850-osi-server-7-thread-1] DEBUG com.beanit.openiec61850.ServerAssociation - sub BDA is:IEDBiogasCHP/MMXU1.VA.res.cVal.mag.i: 0
14:23:47.364 [openiec61850-osi-server-7-thread-1] DEBUG com.beanit.openiec61850.ServerAssociation - sub BDA is:IEDBiogasCHP/MMXU1.VA.res.cVal.mag.f: 0.0
14:23:47.364 [openiec61850-osi-server-7-thread-1] DEBUG com.beanit.openiec61850.ServerAssociation - sub BDA is:IEDBiogasCHP/MMXU1.VA.res.cVal.ang.i: 0
14:23:47.364 [openiec61850-osi-server-7-thread-1] DEBUG com.beanit.openiec61850.ServerAssociation - sub BDA is:IEDBiogasCHP/MMXU1.VA.res.cVal.ang.f: 0.0
14:23:47.364 [openiec61850-osi-server-7-thread-1] DEBUG com.beanit.openiec61850.ServerAssociation - sub BDA is:IEDBiogasCHP/MMXU1.VA.res.range: 0
14:23:47.364 [openiec61850-osi-server-7-thread-1] DEBUG com.beanit.openiec61850.ServerAssociation - sub BDA is:IEDBiogasCHP/MMXU1.VA.res.q: 0x00 0x00
14:23:47.364 [openiec61850-osi-server-7-thread-1] DEBUG com.beanit.openiec61850.ServerAssociation - sub BDA is:IEDBiogasCHP/MMXU1.VA.res.t: Thu Jan 01 01:00:00 CET 1970
calling GetDataValues(IEDBiogasCHP/MMXU1.VA.res.instCVal)
14:23:47.364 [openiec61850-osi-server-7-thread-1] DEBUG com.beanit.openiec61850.ServerAssociation - Got a GetDataValues request for node: IEDBiogasCHP/MMXU1.VA.res.instCVal [MX]
IEDBiogasCHP/MMXU1.VA.res.instCVal.mag [MX]
IEDBiogasCHP/MMXU1.VA.res.instCVal.mag.i: 0
IEDBiogasCHP/MMXU1.VA.res.instCVal.mag.f: 0.0
IEDBiogasCHP/MMXU1.VA.res.instCVal.ang [MX]
IEDBiogasCHP/MMXU1.VA.res.instCVal.ang.i: 0
IEDBiogasCHP/MMXU1.VA.res.instCVal.ang.f: 0.0
14:23:47.364 [openiec61850-osi-server-7-thread-1] DEBUG com.beanit.openiec61850.ServerAssociation - sub BDA is:IEDBiogasCHP/MMXU1.VA.res.instCVal.mag.i: 0
14:23:47.364 [openiec61850-osi-server-7-thread-1] DEBUG com.beanit.openiec61850.ServerAssociation - sub BDA is:IEDBiogasCHP/MMXU1.VA.res.instCVal.mag.f: 0.0
14:23:47.364 [openiec61850-osi-server-7-thread-1] DEBUG com.beanit.openiec61850.ServerAssociation - sub BDA is:IEDBiogasCHP/MMXU1.VA.res.instCVal.ang.i: 0
14:23:47.364 [openiec61850-osi-server-7-thread-1] DEBUG com.beanit.openiec61850.ServerAssociation - sub BDA is:IEDBiogasCHP/MMXU1.VA.res.instCVal.ang.f: 0.0
calling GetDataValues(IEDBiogasCHP/MMXU1.VA.res.instCVal.mag)
14:23:47.364 [openiec61850-osi-server-7-thread-1] DEBUG com.beanit.openiec61850.ServerAssociation - Got a GetDataValues request for node: IEDBiogasCHP/MMXU1.VA.res.instCVal.mag [MX]
IEDBiogasCHP/MMXU1.VA.res.instCVal.mag.i: 0
IEDBiogasCHP/MMXU1.VA.res.instCVal.mag.f: 0.0
14:23:47.365 [openiec61850-osi-server-7-thread-1] DEBUG com.beanit.openiec61850.ServerAssociation - sub BDA is:IEDBiogasCHP/MMXU1.VA.res.instCVal.mag.i: 0
14:23:47.365 [openiec61850-osi-server-7-thread-1] DEBUG com.beanit.openiec61850.ServerAssociation - sub BDA is:IEDBiogasCHP/MMXU1.VA.res.instCVal.mag.f: 0.0
calling GetDataValues(IEDBiogasCHP/MMXU1.VA.res.instCVal.mag.i)
14:23:47.365 [openiec61850-osi-server-7-thread-1] DEBUG com.beanit.openiec61850.ServerAssociation - Got a GetDataValues request for node: IEDBiogasCHP/MMXU1.VA.res.instCVal.mag.i: 0
calling GetDataValues(IEDBiogasCHP/MMXU1.VA.res.instCVal.mag.f)
14:23:47.365 [openiec61850-osi-server-7-thread-1] DEBUG com.beanit.openiec61850.ServerAssociation - Got a GetDataValues request for node: IEDBiogasCHP/MMXU1.VA.res.instCVal.mag.f: 0.0
calling GetDataValues(IEDBiogasCHP/MMXU1.VA.res.instCVal.ang)
14:23:47.365 [openiec61850-osi-server-7-thread-1] DEBUG com.beanit.openiec61850.ServerAssociation - Got a GetDataValues request for node: IEDBiogasCHP/MMXU1.VA.res.instCVal.ang [MX]
IEDBiogasCHP/MMXU1.VA.res.instCVal.ang.i: 0
IEDBiogasCHP/MMXU1.VA.res.instCVal.ang.f: 0.0
14:23:47.365 [openiec61850-osi-server-7-thread-1] DEBUG com.beanit.openiec61850.ServerAssociation - sub BDA is:IEDBiogasCHP/MMXU1.VA.res.instCVal.ang.i: 0
14:23:47.365 [openiec61850-osi-server-7-thread-1] DEBUG com.beanit.openiec61850.ServerAssociation - sub BDA is:IEDBiogasCHP/MMXU1.VA.res.instCVal.ang.f: 0.0
calling GetDataValues(IEDBiogasCHP/MMXU1.VA.res.instCVal.ang.i)
14:23:47.365 [openiec61850-osi-server-7-thread-1] DEBUG com.beanit.openiec61850.ServerAssociation - Got a GetDataValues request for node: IEDBiogasCHP/MMXU1.VA.res.instCVal.ang.i: 0
calling GetDataValues(IEDBiogasCHP/MMXU1.VA.res.instCVal.ang.f)
14:23:47.365 [openiec61850-osi-server-7-thread-1] DEBUG com.beanit.openiec61850.ServerAssociation - Got a GetDataValues request for node: IEDBiogasCHP/MMXU1.VA.res.instCVal.ang.f: 0.0
calling GetDataValues(IEDBiogasCHP/MMXU1.VA.res.cVal)
14:23:47.365 [openiec61850-osi-server-7-thread-1] DEBUG com.beanit.openiec61850.ServerAssociation - Got a GetDataValues request for node: IEDBiogasCHP/MMXU1.VA.res.cVal [MX]
IEDBiogasCHP/MMXU1.VA.res.cVal.mag [MX]
IEDBiogasCHP/MMXU1.VA.res.cVal.mag.i: 0
IEDBiogasCHP/MMXU1.VA.res.cVal.mag.f: 0.0
IEDBiogasCHP/MMXU1.VA.res.cVal.ang [MX]
IEDBiogasCHP/MMXU1.VA.res.cVal.ang.i: 0
IEDBiogasCHP/MMXU1.VA.res.cVal.ang.f: 0.0
14:23:47.365 [openiec61850-osi-server-7-thread-1] DEBUG com.beanit.openiec61850.ServerAssociation - sub BDA is:IEDBiogasCHP/MMXU1.VA.res.cVal.mag.i: 0
14:23:47.365 [openiec61850-osi-server-7-thread-1] DEBUG com.beanit.openiec61850.ServerAssociation - sub BDA is:IEDBiogasCHP/MMXU1.VA.res.cVal.mag.f: 0.0
14:23:47.365 [openiec61850-osi-server-7-thread-1] DEBUG com.beanit.openiec61850.ServerAssociation - sub BDA is:IEDBiogasCHP/MMXU1.VA.res.cVal.ang.i: 0
14:23:47.365 [openiec61850-osi-server-7-thread-1] DEBUG com.beanit.openiec61850.ServerAssociation - sub BDA is:IEDBiogasCHP/MMXU1.VA.res.cVal.ang.f: 0.0
calling GetDataValues(IEDBiogasCHP/MMXU1.VA.res.cVal.mag)
14:23:47.365 [openiec61850-osi-server-7-thread-1] DEBUG com.beanit.openiec61850.ServerAssociation - Got a GetDataValues request for node: IEDBiogasCHP/MMXU1.VA.res.cVal.mag [MX]
IEDBiogasCHP/MMXU1.VA.res.cVal.mag.i: 0
IEDBiogasCHP/MMXU1.VA.res.cVal.mag.f: 0.0
14:23:47.365 [openiec61850-osi-server-7-thread-1] DEBUG com.beanit.openiec61850.ServerAssociation - sub BDA is:IEDBiogasCHP/MMXU1.VA.res.cVal.mag.i: 0
14:23:47.365 [openiec61850-osi-server-7-thread-1] DEBUG com.beanit.openiec61850.ServerAssociation - sub BDA is:IEDBiogasCHP/MMXU1.VA.res.cVal.mag.f: 0.0
calling GetDataValues(IEDBiogasCHP/MMXU1.VA.res.cVal.mag.i)
14:23:47.365 [openiec61850-osi-server-7-thread-1] DEBUG com.beanit.openiec61850.ServerAssociation - Got a GetDataValues request for node: IEDBiogasCHP/MMXU1.VA.res.cVal.mag.i: 0
calling GetDataValues(IEDBiogasCHP/MMXU1.VA.res.cVal.mag.f)
14:23:47.366 [openiec61850-osi-server-7-thread-1] DEBUG com.beanit.openiec61850.ServerAssociation - Got a GetDataValues request for node: IEDBiogasCHP/MMXU1.VA.res.cVal.mag.f: 0.0
calling GetDataValues(IEDBiogasCHP/MMXU1.VA.res.cVal.ang)
14:23:47.366 [openiec61850-osi-server-7-thread-1] DEBUG com.beanit.openiec61850.ServerAssociation - Got a GetDataValues request for node: IEDBiogasCHP/MMXU1.VA.res.cVal.ang [MX]
IEDBiogasCHP/MMXU1.VA.res.cVal.ang.i: 0
IEDBiogasCHP/MMXU1.VA.res.cVal.ang.f: 0.0
14:23:47.366 [openiec61850-osi-server-7-thread-1] DEBUG com.beanit.openiec61850.ServerAssociation - sub BDA is:IEDBiogasCHP/MMXU1.VA.res.cVal.ang.i: 0
14:23:47.366 [openiec61850-osi-server-7-thread-1] DEBUG com.beanit.openiec61850.ServerAssociation - sub BDA is:IEDBiogasCHP/MMXU1.VA.res.cVal.ang.f: 0.0
calling GetDataValues(IEDBiogasCHP/MMXU1.VA.res.cVal.ang.i)
14:23:47.366 [openiec61850-osi-server-7-thread-1] DEBUG com.beanit.openiec61850.ServerAssociation - Got a GetDataValues request for node: IEDBiogasCHP/MMXU1.VA.res.cVal.ang.i: 0
calling GetDataValues(IEDBiogasCHP/MMXU1.VA.res.cVal.ang.f)
14:23:47.366 [openiec61850-osi-server-7-thread-1] DEBUG com.beanit.openiec61850.ServerAssociation - Got a GetDataValues request for node: IEDBiogasCHP/MMXU1.VA.res.cVal.ang.f: 0.0
calling GetDataValues(IEDBiogasCHP/MMXU1.VA.res.range)
14:23:47.366 [openiec61850-osi-server-7-thread-1] DEBUG com.beanit.openiec61850.ServerAssociation - Got a GetDataValues request for node: IEDBiogasCHP/MMXU1.VA.res.range: 0
calling GetDataValues(IEDBiogasCHP/MMXU1.VA.res.q)
14:23:47.366 [openiec61850-osi-server-7-thread-1] DEBUG com.beanit.openiec61850.ServerAssociation - Got a GetDataValues request for node: IEDBiogasCHP/MMXU1.VA.res.q: 0x00 0x00
calling GetDataValues(IEDBiogasCHP/MMXU1.VA.res.t)
14:23:47.366 [openiec61850-osi-server-7-thread-1] DEBUG com.beanit.openiec61850.ServerAssociation - Got a GetDataValues request for node: IEDBiogasCHP/MMXU1.VA.res.t: Thu Jan 01 01:00:00 CET 1970
calling GetDataValues(IEDBiogasCHP/MMXU1.VA)
14:23:47.367 [openiec61850-osi-server-7-thread-1] DEBUG com.beanit.openiec61850.ServerAssociation - Got a GetDataValues request for node: IEDBiogasCHP/MMXU1.VA [SV]
IEDBiogasCHP/MMXU1.VA.phsA [SV]
IEDBiogasCHP/MMXU1.VA.phsA.subEna: false
IEDBiogasCHP/MMXU1.VA.phsA.subCVal [SV]
IEDBiogasCHP/MMXU1.VA.phsA.subCVal.mag [SV]
IEDBiogasCHP/MMXU1.VA.phsA.subCVal.mag.i: 0
IEDBiogasCHP/MMXU1.VA.phsA.subCVal.mag.f: 0.0
IEDBiogasCHP/MMXU1.VA.phsA.subCVal.ang [SV]
IEDBiogasCHP/MMXU1.VA.phsA.subCVal.ang.i: 0
IEDBiogasCHP/MMXU1.VA.phsA.subCVal.ang.f: 0.0
IEDBiogasCHP/MMXU1.VA.phsA.subQ: 0x00 0x00
IEDBiogasCHP/MMXU1.VA.phsA.subID: ''
IEDBiogasCHP/MMXU1.VA.phsB [SV]
IEDBiogasCHP/MMXU1.VA.phsB.subEna: false
IEDBiogasCHP/MMXU1.VA.phsB.subCVal [SV]
IEDBiogasCHP/MMXU1.VA.phsB.subCVal.mag [SV]
IEDBiogasCHP/MMXU1.VA.phsB.subCVal.mag.i: 0
IEDBiogasCHP/MMXU1.VA.phsB.subCVal.mag.f: 0.0
IEDBiogasCHP/MMXU1.VA.phsB.subCVal.ang [SV]
IEDBiogasCHP/MMXU1.VA.phsB.subCVal.ang.i: 0
IEDBiogasCHP/MMXU1.VA.phsB.subCVal.ang.f: 0.0
IEDBiogasCHP/MMXU1.VA.phsB.subQ: 0x00 0x00
IEDBiogasCHP/MMXU1.VA.phsB.subID: ''
IEDBiogasCHP/MMXU1.VA.phsC [SV]
IEDBiogasCHP/MMXU1.VA.phsC.subEna: false
IEDBiogasCHP/MMXU1.VA.phsC.subCVal [SV]
IEDBiogasCHP/MMXU1.VA.phsC.subCVal.mag [SV]
IEDBiogasCHP/MMXU1.VA.phsC.subCVal.mag.i: 0
IEDBiogasCHP/MMXU1.VA.phsC.subCVal.mag.f: 0.0
IEDBiogasCHP/MMXU1.VA.phsC.subCVal.ang [SV]
IEDBiogasCHP/MMXU1.VA.phsC.subCVal.ang.i: 0
IEDBiogasCHP/MMXU1.VA.phsC.subCVal.ang.f: 0.0
IEDBiogasCHP/MMXU1.VA.phsC.subQ: 0x00 0x00
IEDBiogasCHP/MMXU1.VA.phsC.subID: ''
IEDBiogasCHP/MMXU1.VA.neut [SV]
IEDBiogasCHP/MMXU1.VA.neut.subEna: false
IEDBiogasCHP/MMXU1.VA.neut.subCVal [SV]
IEDBiogasCHP/MMXU1.VA.neut.subCVal.mag [SV]
IEDBiogasCHP/MMXU1.VA.neut.subCVal.mag.i: 0
IEDBiogasCHP/MMXU1.VA.neut.subCVal.mag.f: 0.0
IEDBiogasCHP/MMXU1.VA.neut.subCVal.ang [SV]
IEDBiogasCHP/MMXU1.VA.neut.subCVal.ang.i: 0
IEDBiogasCHP/MMXU1.VA.neut.subCVal.ang.f: 0.0
IEDBiogasCHP/MMXU1.VA.neut.subQ: 0x00 0x00
IEDBiogasCHP/MMXU1.VA.neut.subID: ''
IEDBiogasCHP/MMXU1.VA.net [SV]
IEDBiogasCHP/MMXU1.VA.net.subEna: false
IEDBiogasCHP/MMXU1.VA.net.subCVal [SV]
IEDBiogasCHP/MMXU1.VA.net.subCVal.mag [SV]
IEDBiogasCHP/MMXU1.VA.net.subCVal.mag.i: 0
IEDBiogasCHP/MMXU1.VA.net.subCVal.mag.f: 0.0
IEDBiogasCHP/MMXU1.VA.net.subCVal.ang [SV]
IEDBiogasCHP/MMXU1.VA.net.subCVal.ang.i: 0
IEDBiogasCHP/MMXU1.VA.net.subCVal.ang.f: 0.0
IEDBiogasCHP/MMXU1.VA.net.subQ: 0x00 0x00
IEDBiogasCHP/MMXU1.VA.net.subID: ''
IEDBiogasCHP/MMXU1.VA.res [SV]
IEDBiogasCHP/MMXU1.VA.res.subEna: false
IEDBiogasCHP/MMXU1.VA.res.subCVal [SV]
IEDBiogasCHP/MMXU1.VA.res.subCVal.mag [SV]
IEDBiogasCHP/MMXU1.VA.res.subCVal.mag.i: 0
IEDBiogasCHP/MMXU1.VA.res.subCVal.mag.f: 0.0
IEDBiogasCHP/MMXU1.VA.res.subCVal.ang [SV]
IEDBiogasCHP/MMXU1.VA.res.subCVal.ang.i: 0
IEDBiogasCHP/MMXU1.VA.res.subCVal.ang.f: 0.0
IEDBiogasCHP/MMXU1.VA.res.subQ: 0x00 0x00
IEDBiogasCHP/MMXU1.VA.res.subID: ''
14:23:47.367 [openiec61850-osi-server-7-thread-1] DEBUG com.beanit.openiec61850.ServerAssociation - sub BDA is:IEDBiogasCHP/MMXU1.VA.phsA.subEna: false
14:23:47.367 [openiec61850-osi-server-7-thread-1] DEBUG com.beanit.openiec61850.ServerAssociation - sub BDA is:IEDBiogasCHP/MMXU1.VA.phsA.subCVal.mag.i: 0
14:23:47.367 [openiec61850-osi-server-7-thread-1] DEBUG com.beanit.openiec61850.ServerAssociation - sub BDA is:IEDBiogasCHP/MMXU1.VA.phsA.subCVal.mag.f: 0.0
14:23:47.367 [openiec61850-osi-server-7-thread-1] DEBUG com.beanit.openiec61850.ServerAssociation - sub BDA is:IEDBiogasCHP/MMXU1.VA.phsA.subCVal.ang.i: 0
14:23:47.367 [openiec61850-osi-server-7-thread-1] DEBUG com.beanit.openiec61850.ServerAssociation - sub BDA is:IEDBiogasCHP/MMXU1.VA.phsA.subCVal.ang.f: 0.0
14:23:47.367 [openiec61850-osi-server-7-thread-1] DEBUG com.beanit.openiec61850.ServerAssociation - sub BDA is:IEDBiogasCHP/MMXU1.VA.phsA.subQ: 0x00 0x00
14:23:47.367 [openiec61850-osi-server-7-thread-1] DEBUG com.beanit.openiec61850.ServerAssociation - sub BDA is:IEDBiogasCHP/MMXU1.VA.phsA.subID: ''
14:23:47.367 [openiec61850-osi-server-7-thread-1] DEBUG com.beanit.openiec61850.ServerAssociation - sub BDA is:IEDBiogasCHP/MMXU1.VA.phsB.subEna: false
14:23:47.367 [openiec61850-osi-server-7-thread-1] DEBUG com.beanit.openiec61850.ServerAssociation - sub BDA is:IEDBiogasCHP/MMXU1.VA.phsB.subCVal.mag.i: 0
14:23:47.367 [openiec61850-osi-server-7-thread-1] DEBUG com.beanit.openiec61850.ServerAssociation - sub BDA is:IEDBiogasCHP/MMXU1.VA.phsB.subCVal.mag.f: 0.0
14:23:47.367 [openiec61850-osi-server-7-thread-1] DEBUG com.beanit.openiec61850.ServerAssociation - sub BDA is:IEDBiogasCHP/MMXU1.VA.phsB.subCVal.ang.i: 0
14:23:47.367 [openiec61850-osi-server-7-thread-1] DEBUG com.beanit.openiec61850.ServerAssociation - sub BDA is:IEDBiogasCHP/MMXU1.VA.phsB.subCVal.ang.f: 0.0
14:23:47.367 [openiec61850-osi-server-7-thread-1] DEBUG com.beanit.openiec61850.ServerAssociation - sub BDA is:IEDBiogasCHP/MMXU1.VA.phsB.subQ: 0x00 0x00
14:23:47.367 [openiec61850-osi-server-7-thread-1] DEBUG com.beanit.openiec61850.ServerAssociation - sub BDA is:IEDBiogasCHP/MMXU1.VA.phsB.subID: ''
14:23:47.367 [openiec61850-osi-server-7-thread-1] DEBUG com.beanit.openiec61850.ServerAssociation - sub BDA is:IEDBiogasCHP/MMXU1.VA.phsC.subEna: false
14:23:47.367 [openiec61850-osi-server-7-thread-1] DEBUG com.beanit.openiec61850.ServerAssociation - sub BDA is:IEDBiogasCHP/MMXU1.VA.phsC.subCVal.mag.i: 0
14:23:47.367 [openiec61850-osi-server-7-thread-1] DEBUG com.beanit.openiec61850.ServerAssociation - sub BDA is:IEDBiogasCHP/MMXU1.VA.phsC.subCVal.mag.f: 0.0
14:23:47.367 [openiec61850-osi-server-7-thread-1] DEBUG com.beanit.openiec61850.ServerAssociation - sub BDA is:IEDBiogasCHP/MMXU1.VA.phsC.subCVal.ang.i: 0
14:23:47.367 [openiec61850-osi-server-7-thread-1] DEBUG com.beanit.openiec61850.ServerAssociation - sub BDA is:IEDBiogasCHP/MMXU1.VA.phsC.subCVal.ang.f: 0.0
14:23:47.367 [openiec61850-osi-server-7-thread-1] DEBUG com.beanit.openiec61850.ServerAssociation - sub BDA is:IEDBiogasCHP/MMXU1.VA.phsC.subQ: 0x00 0x00
14:23:47.367 [openiec61850-osi-server-7-thread-1] DEBUG com.beanit.openiec61850.ServerAssociation - sub BDA is:IEDBiogasCHP/MMXU1.VA.phsC.subID: ''
14:23:47.367 [openiec61850-osi-server-7-thread-1] DEBUG com.beanit.openiec61850.ServerAssociation - sub BDA is:IEDBiogasCHP/MMXU1.VA.neut.subEna: false
14:23:47.367 [openiec61850-osi-server-7-thread-1] DEBUG com.beanit.openiec61850.ServerAssociation - sub BDA is:IEDBiogasCHP/MMXU1.VA.neut.subCVal.mag.i: 0
14:23:47.367 [openiec61850-osi-server-7-thread-1] DEBUG com.beanit.openiec61850.ServerAssociation - sub BDA is:IEDBiogasCHP/MMXU1.VA.neut.subCVal.mag.f: 0.0
14:23:47.367 [openiec61850-osi-server-7-thread-1] DEBUG com.beanit.openiec61850.ServerAssociation - sub BDA is:IEDBiogasCHP/MMXU1.VA.neut.subCVal.ang.i: 0
14:23:47.367 [openiec61850-osi-server-7-thread-1] DEBUG com.beanit.openiec61850.ServerAssociation - sub BDA is:IEDBiogasCHP/MMXU1.VA.neut.subCVal.ang.f: 0.0
14:23:47.367 [openiec61850-osi-server-7-thread-1] DEBUG com.beanit.openiec61850.ServerAssociation - sub BDA is:IEDBiogasCHP/MMXU1.VA.neut.subQ: 0x00 0x00
14:23:47.367 [openiec61850-osi-server-7-thread-1] DEBUG com.beanit.openiec61850.ServerAssociation - sub BDA is:IEDBiogasCHP/MMXU1.VA.neut.subID: ''
14:23:47.367 [openiec61850-osi-server-7-thread-1] DEBUG com.beanit.openiec61850.ServerAssociation - sub BDA is:IEDBiogasCHP/MMXU1.VA.net.subEna: false
14:23:47.367 [openiec61850-osi-server-7-thread-1] DEBUG com.beanit.openiec61850.ServerAssociation - sub BDA is:IEDBiogasCHP/MMXU1.VA.net.subCVal.mag.i: 0
14:23:47.367 [openiec61850-osi-server-7-thread-1] DEBUG com.beanit.openiec61850.ServerAssociation - sub BDA is:IEDBiogasCHP/MMXU1.VA.net.subCVal.mag.f: 0.0
14:23:47.367 [openiec61850-osi-server-7-thread-1] DEBUG com.beanit.openiec61850.ServerAssociation - sub BDA is:IEDBiogasCHP/MMXU1.VA.net.subCVal.ang.i: 0
14:23:47.367 [openiec61850-osi-server-7-thread-1] DEBUG com.beanit.openiec61850.ServerAssociation - sub BDA is:IEDBiogasCHP/MMXU1.VA.net.subCVal.ang.f: 0.0
14:23:47.367 [openiec61850-osi-server-7-thread-1] DEBUG com.beanit.openiec61850.ServerAssociation - sub BDA is:IEDBiogasCHP/MMXU1.VA.net.subQ: 0x00 0x00
14:23:47.367 [openiec61850-osi-server-7-thread-1] DEBUG com.beanit.openiec61850.ServerAssociation - sub BDA is:IEDBiogasCHP/MMXU1.VA.net.subID: ''
14:23:47.367 [openiec61850-osi-server-7-thread-1] DEBUG com.beanit.openiec61850.ServerAssociation - sub BDA is:IEDBiogasCHP/MMXU1.VA.res.subEna: false
14:23:47.367 [openiec61850-osi-server-7-thread-1] DEBUG com.beanit.openiec61850.ServerAssociation - sub BDA is:IEDBiogasCHP/MMXU1.VA.res.subCVal.mag.i: 0
14:23:47.367 [openiec61850-osi-server-7-thread-1] DEBUG com.beanit.openiec61850.ServerAssociation - sub BDA is:IEDBiogasCHP/MMXU1.VA.res.subCVal.mag.f: 0.0
14:23:47.367 [openiec61850-osi-server-7-thread-1] DEBUG com.beanit.openiec61850.ServerAssociation - sub BDA is:IEDBiogasCHP/MMXU1.VA.res.subCVal.ang.i: 0
14:23:47.367 [openiec61850-osi-server-7-thread-1] DEBUG com.beanit.openiec61850.ServerAssociation - sub BDA is:IEDBiogasCHP/MMXU1.VA.res.subCVal.ang.f: 0.0
14:23:47.367 [openiec61850-osi-server-7-thread-1] DEBUG com.beanit.openiec61850.ServerAssociation - sub BDA is:IEDBiogasCHP/MMXU1.VA.res.subQ: 0x00 0x00
14:23:47.367 [openiec61850-osi-server-7-thread-1] DEBUG com.beanit.openiec61850.ServerAssociation - sub BDA is:IEDBiogasCHP/MMXU1.VA.res.subID: ''
calling GetDataValues(IEDBiogasCHP/MMXU1.VA.phsA)
14:23:47.367 [openiec61850-osi-server-7-thread-1] DEBUG com.beanit.openiec61850.ServerAssociation - Got a GetDataValues request for node: IEDBiogasCHP/MMXU1.VA.phsA [SV]
IEDBiogasCHP/MMXU1.VA.phsA.subEna: false
IEDBiogasCHP/MMXU1.VA.phsA.subCVal [SV]
IEDBiogasCHP/MMXU1.VA.phsA.subCVal.mag [SV]
IEDBiogasCHP/MMXU1.VA.phsA.subCVal.mag.i: 0
IEDBiogasCHP/MMXU1.VA.phsA.subCVal.mag.f: 0.0
IEDBiogasCHP/MMXU1.VA.phsA.subCVal.ang [SV]
IEDBiogasCHP/MMXU1.VA.phsA.subCVal.ang.i: 0
IEDBiogasCHP/MMXU1.VA.phsA.subCVal.ang.f: 0.0
IEDBiogasCHP/MMXU1.VA.phsA.subQ: 0x00 0x00
IEDBiogasCHP/MMXU1.VA.phsA.subID: ''
14:23:47.367 [openiec61850-osi-server-7-thread-1] DEBUG com.beanit.openiec61850.ServerAssociation - sub BDA is:IEDBiogasCHP/MMXU1.VA.phsA.subEna: false
14:23:47.367 [openiec61850-osi-server-7-thread-1] DEBUG com.beanit.openiec61850.ServerAssociation - sub BDA is:IEDBiogasCHP/MMXU1.VA.phsA.subCVal.mag.i: 0
14:23:47.367 [openiec61850-osi-server-7-thread-1] DEBUG com.beanit.openiec61850.ServerAssociation - sub BDA is:IEDBiogasCHP/MMXU1.VA.phsA.subCVal.mag.f: 0.0
14:23:47.367 [openiec61850-osi-server-7-thread-1] DEBUG com.beanit.openiec61850.ServerAssociation - sub BDA is:IEDBiogasCHP/MMXU1.VA.phsA.subCVal.ang.i: 0
14:23:47.367 [openiec61850-osi-server-7-thread-1] DEBUG com.beanit.openiec61850.ServerAssociation - sub BDA is:IEDBiogasCHP/MMXU1.VA.phsA.subCVal.ang.f: 0.0
14:23:47.367 [openiec61850-osi-server-7-thread-1] DEBUG com.beanit.openiec61850.ServerAssociation - sub BDA is:IEDBiogasCHP/MMXU1.VA.phsA.subQ: 0x00 0x00
14:23:47.367 [openiec61850-osi-server-7-thread-1] DEBUG com.beanit.openiec61850.ServerAssociation - sub BDA is:IEDBiogasCHP/MMXU1.VA.phsA.subID: ''
calling GetDataValues(IEDBiogasCHP/MMXU1.VA.phsA.subEna)
14:23:47.367 [openiec61850-osi-server-7-thread-1] DEBUG com.beanit.openiec61850.ServerAssociation - Got a GetDataValues request for node: IEDBiogasCHP/MMXU1.VA.phsA.subEna: false
calling GetDataValues(IEDBiogasCHP/MMXU1.VA.phsA.subCVal)
14:23:47.367 [openiec61850-osi-server-7-thread-1] DEBUG com.beanit.openiec61850.ServerAssociation - Got a GetDataValues request for node: IEDBiogasCHP/MMXU1.VA.phsA.subCVal [SV]
IEDBiogasCHP/MMXU1.VA.phsA.subCVal.mag [SV]
IEDBiogasCHP/MMXU1.VA.phsA.subCVal.mag.i: 0
IEDBiogasCHP/MMXU1.VA.phsA.subCVal.mag.f: 0.0
IEDBiogasCHP/MMXU1.VA.phsA.subCVal.ang [SV]
IEDBiogasCHP/MMXU1.VA.phsA.subCVal.ang.i: 0
IEDBiogasCHP/MMXU1.VA.phsA.subCVal.ang.f: 0.0
14:23:47.368 [openiec61850-osi-server-7-thread-1] DEBUG com.beanit.openiec61850.ServerAssociation - sub BDA is:IEDBiogasCHP/MMXU1.VA.phsA.subCVal.mag.i: 0
14:23:47.368 [openiec61850-osi-server-7-thread-1] DEBUG com.beanit.openiec61850.ServerAssociation - sub BDA is:IEDBiogasCHP/MMXU1.VA.phsA.subCVal.mag.f: 0.0
14:23:47.368 [openiec61850-osi-server-7-thread-1] DEBUG com.beanit.openiec61850.ServerAssociation - sub BDA is:IEDBiogasCHP/MMXU1.VA.phsA.subCVal.ang.i: 0
14:23:47.368 [openiec61850-osi-server-7-thread-1] DEBUG com.beanit.openiec61850.ServerAssociation - sub BDA is:IEDBiogasCHP/MMXU1.VA.phsA.subCVal.ang.f: 0.0
calling GetDataValues(IEDBiogasCHP/MMXU1.VA.phsA.subCVal.mag)
14:23:47.368 [openiec61850-osi-server-7-thread-1] DEBUG com.beanit.openiec61850.ServerAssociation - Got a GetDataValues request for node: IEDBiogasCHP/MMXU1.VA.phsA.subCVal.mag [SV]
IEDBiogasCHP/MMXU1.VA.phsA.subCVal.mag.i: 0
IEDBiogasCHP/MMXU1.VA.phsA.subCVal.mag.f: 0.0
14:23:47.368 [openiec61850-osi-server-7-thread-1] DEBUG com.beanit.openiec61850.ServerAssociation - sub BDA is:IEDBiogasCHP/MMXU1.VA.phsA.subCVal.mag.i: 0
14:23:47.368 [openiec61850-osi-server-7-thread-1] DEBUG com.beanit.openiec61850.ServerAssociation - sub BDA is:IEDBiogasCHP/MMXU1.VA.phsA.subCVal.mag.f: 0.0
calling GetDataValues(IEDBiogasCHP/MMXU1.VA.phsA.subCVal.mag.i)
14:23:47.368 [openiec61850-osi-server-7-thread-1] DEBUG com.beanit.openiec61850.ServerAssociation - Got a GetDataValues request for node: IEDBiogasCHP/MMXU1.VA.phsA.subCVal.mag.i: 0
calling GetDataValues(IEDBiogasCHP/MMXU1.VA.phsA.subCVal.mag.f)
14:23:47.368 [openiec61850-osi-server-7-thread-1] DEBUG com.beanit.openiec61850.ServerAssociation - Got a GetDataValues request for node: IEDBiogasCHP/MMXU1.VA.phsA.subCVal.mag.f: 0.0
calling GetDataValues(IEDBiogasCHP/MMXU1.VA.phsA.subCVal.ang)
14:23:47.368 [openiec61850-osi-server-7-thread-1] DEBUG com.beanit.openiec61850.ServerAssociation - Got a GetDataValues request for node: IEDBiogasCHP/MMXU1.VA.phsA.subCVal.ang [SV]
IEDBiogasCHP/MMXU1.VA.phsA.subCVal.ang.i: 0
IEDBiogasCHP/MMXU1.VA.phsA.subCVal.ang.f: 0.0
14:23:47.368 [openiec61850-osi-server-7-thread-1] DEBUG com.beanit.openiec61850.ServerAssociation - sub BDA is:IEDBiogasCHP/MMXU1.VA.phsA.subCVal.ang.i: 0
14:23:47.368 [openiec61850-osi-server-7-thread-1] DEBUG com.beanit.openiec61850.ServerAssociation - sub BDA is:IEDBiogasCHP/MMXU1.VA.phsA.subCVal.ang.f: 0.0
calling GetDataValues(IEDBiogasCHP/MMXU1.VA.phsA.subCVal.ang.i)
14:23:47.368 [openiec61850-osi-server-7-thread-1] DEBUG com.beanit.openiec61850.ServerAssociation - Got a GetDataValues request for node: IEDBiogasCHP/MMXU1.VA.phsA.subCVal.ang.i: 0
calling GetDataValues(IEDBiogasCHP/MMXU1.VA.phsA.subCVal.ang.f)
14:23:47.368 [openiec61850-osi-server-7-thread-1] DEBUG com.beanit.openiec61850.ServerAssociation - Got a GetDataValues request for node: IEDBiogasCHP/MMXU1.VA.phsA.subCVal.ang.f: 0.0
calling GetDataValues(IEDBiogasCHP/MMXU1.VA.phsA.subQ)
14:23:47.368 [openiec61850-osi-server-7-thread-1] DEBUG com.beanit.openiec61850.ServerAssociation - Got a GetDataValues request for node: IEDBiogasCHP/MMXU1.VA.phsA.subQ: 0x00 0x00
calling GetDataValues(IEDBiogasCHP/MMXU1.VA.phsA.subID)
14:23:47.369 [openiec61850-osi-server-7-thread-1] DEBUG com.beanit.openiec61850.ServerAssociation - Got a GetDataValues request for node: IEDBiogasCHP/MMXU1.VA.phsA.subID: ''
calling GetDataValues(IEDBiogasCHP/MMXU1.VA.phsB)
14:23:47.369 [openiec61850-osi-server-7-thread-1] DEBUG com.beanit.openiec61850.ServerAssociation - Got a GetDataValues request for node: IEDBiogasCHP/MMXU1.VA.phsB [SV]
IEDBiogasCHP/MMXU1.VA.phsB.subEna: false
IEDBiogasCHP/MMXU1.VA.phsB.subCVal [SV]
IEDBiogasCHP/MMXU1.VA.phsB.subCVal.mag [SV]
IEDBiogasCHP/MMXU1.VA.phsB.subCVal.mag.i: 0
IEDBiogasCHP/MMXU1.VA.phsB.subCVal.mag.f: 0.0
IEDBiogasCHP/MMXU1.VA.phsB.subCVal.ang [SV]
IEDBiogasCHP/MMXU1.VA.phsB.subCVal.ang.i: 0
IEDBiogasCHP/MMXU1.VA.phsB.subCVal.ang.f: 0.0
IEDBiogasCHP/MMXU1.VA.phsB.subQ: 0x00 0x00
IEDBiogasCHP/MMXU1.VA.phsB.subID: ''
14:23:47.369 [openiec61850-osi-server-7-thread-1] DEBUG com.beanit.openiec61850.ServerAssociation - sub BDA is:IEDBiogasCHP/MMXU1.VA.phsB.subEna: false
14:23:47.369 [openiec61850-osi-server-7-thread-1] DEBUG com.beanit.openiec61850.ServerAssociation - sub BDA is:IEDBiogasCHP/MMXU1.VA.phsB.subCVal.mag.i: 0
14:23:47.369 [openiec61850-osi-server-7-thread-1] DEBUG com.beanit.openiec61850.ServerAssociation - sub BDA is:IEDBiogasCHP/MMXU1.VA.phsB.subCVal.mag.f: 0.0
14:23:47.369 [openiec61850-osi-server-7-thread-1] DEBUG com.beanit.openiec61850.ServerAssociation - sub BDA is:IEDBiogasCHP/MMXU1.VA.phsB.subCVal.ang.i: 0
14:23:47.369 [openiec61850-osi-server-7-thread-1] DEBUG com.beanit.openiec61850.ServerAssociation - sub BDA is:IEDBiogasCHP/MMXU1.VA.phsB.subCVal.ang.f: 0.0
14:23:47.369 [openiec61850-osi-server-7-thread-1] DEBUG com.beanit.openiec61850.ServerAssociation - sub BDA is:IEDBiogasCHP/MMXU1.VA.phsB.subQ: 0x00 0x00
14:23:47.369 [openiec61850-osi-server-7-thread-1] DEBUG com.beanit.openiec61850.ServerAssociation - sub BDA is:IEDBiogasCHP/MMXU1.VA.phsB.subID: ''
calling GetDataValues(IEDBiogasCHP/MMXU1.VA.phsB.subEna)
14:23:47.369 [openiec61850-osi-server-7-thread-1] DEBUG com.beanit.openiec61850.ServerAssociation - Got a GetDataValues request for node: IEDBiogasCHP/MMXU1.VA.phsB.subEna: false
calling GetDataValues(IEDBiogasCHP/MMXU1.VA.phsB.subCVal)
14:23:47.369 [openiec61850-osi-server-7-thread-1] DEBUG com.beanit.openiec61850.ServerAssociation - Got a GetDataValues request for node: IEDBiogasCHP/MMXU1.VA.phsB.subCVal [SV]
IEDBiogasCHP/MMXU1.VA.phsB.subCVal.mag [SV]
IEDBiogasCHP/MMXU1.VA.phsB.subCVal.mag.i: 0
IEDBiogasCHP/MMXU1.VA.phsB.subCVal.mag.f: 0.0
IEDBiogasCHP/MMXU1.VA.phsB.subCVal.ang [SV]
IEDBiogasCHP/MMXU1.VA.phsB.subCVal.ang.i: 0
IEDBiogasCHP/MMXU1.VA.phsB.subCVal.ang.f: 0.0
14:23:47.369 [openiec61850-osi-server-7-thread-1] DEBUG com.beanit.openiec61850.ServerAssociation - sub BDA is:IEDBiogasCHP/MMXU1.VA.phsB.subCVal.mag.i: 0
14:23:47.369 [openiec61850-osi-server-7-thread-1] DEBUG com.beanit.openiec61850.ServerAssociation - sub BDA is:IEDBiogasCHP/MMXU1.VA.phsB.subCVal.mag.f: 0.0
14:23:47.369 [openiec61850-osi-server-7-thread-1] DEBUG com.beanit.openiec61850.ServerAssociation - sub BDA is:IEDBiogasCHP/MMXU1.VA.phsB.subCVal.ang.i: 0
14:23:47.369 [openiec61850-osi-server-7-thread-1] DEBUG com.beanit.openiec61850.ServerAssociation - sub BDA is:IEDBiogasCHP/MMXU1.VA.phsB.subCVal.ang.f: 0.0
calling GetDataValues(IEDBiogasCHP/MMXU1.VA.phsB.subCVal.mag)
14:23:47.369 [openiec61850-osi-server-7-thread-1] DEBUG com.beanit.openiec61850.ServerAssociation - Got a GetDataValues request for node: IEDBiogasCHP/MMXU1.VA.phsB.subCVal.mag [SV]
IEDBiogasCHP/MMXU1.VA.phsB.subCVal.mag.i: 0
IEDBiogasCHP/MMXU1.VA.phsB.subCVal.mag.f: 0.0
14:23:47.369 [openiec61850-osi-server-7-thread-1] DEBUG com.beanit.openiec61850.ServerAssociation - sub BDA is:IEDBiogasCHP/MMXU1.VA.phsB.subCVal.mag.i: 0
14:23:47.369 [openiec61850-osi-server-7-thread-1] DEBUG com.beanit.openiec61850.ServerAssociation - sub BDA is:IEDBiogasCHP/MMXU1.VA.phsB.subCVal.mag.f: 0.0
calling GetDataValues(IEDBiogasCHP/MMXU1.VA.phsB.subCVal.mag.i)
14:23:47.369 [openiec61850-osi-server-7-thread-1] DEBUG com.beanit.openiec61850.ServerAssociation - Got a GetDataValues request for node: IEDBiogasCHP/MMXU1.VA.phsB.subCVal.mag.i: 0
calling GetDataValues(IEDBiogasCHP/MMXU1.VA.phsB.subCVal.mag.f)
14:23:47.369 [openiec61850-osi-server-7-thread-1] DEBUG com.beanit.openiec61850.ServerAssociation - Got a GetDataValues request for node: IEDBiogasCHP/MMXU1.VA.phsB.subCVal.mag.f: 0.0
calling GetDataValues(IEDBiogasCHP/MMXU1.VA.phsB.subCVal.ang)
14:23:47.370 [openiec61850-osi-server-7-thread-1] DEBUG com.beanit.openiec61850.ServerAssociation - Got a GetDataValues request for node: IEDBiogasCHP/MMXU1.VA.phsB.subCVal.ang [SV]
IEDBiogasCHP/MMXU1.VA.phsB.subCVal.ang.i: 0
IEDBiogasCHP/MMXU1.VA.phsB.subCVal.ang.f: 0.0
14:23:47.370 [openiec61850-osi-server-7-thread-1] DEBUG com.beanit.openiec61850.ServerAssociation - sub BDA is:IEDBiogasCHP/MMXU1.VA.phsB.subCVal.ang.i: 0
14:23:47.370 [openiec61850-osi-server-7-thread-1] DEBUG com.beanit.openiec61850.ServerAssociation - sub BDA is:IEDBiogasCHP/MMXU1.VA.phsB.subCVal.ang.f: 0.0
calling GetDataValues(IEDBiogasCHP/MMXU1.VA.phsB.subCVal.ang.i)
14:23:47.370 [openiec61850-osi-server-7-thread-1] DEBUG com.beanit.openiec61850.ServerAssociation - Got a GetDataValues request for node: IEDBiogasCHP/MMXU1.VA.phsB.subCVal.ang.i: 0
calling GetDataValues(IEDBiogasCHP/MMXU1.VA.phsB.subCVal.ang.f)
14:23:47.370 [openiec61850-osi-server-7-thread-1] DEBUG com.beanit.openiec61850.ServerAssociation - Got a GetDataValues request for node: IEDBiogasCHP/MMXU1.VA.phsB.subCVal.ang.f: 0.0
calling GetDataValues(IEDBiogasCHP/MMXU1.VA.phsB.subQ)
14:23:47.370 [openiec61850-osi-server-7-thread-1] DEBUG com.beanit.openiec61850.ServerAssociation - Got a GetDataValues request for node: IEDBiogasCHP/MMXU1.VA.phsB.subQ: 0x00 0x00
calling GetDataValues(IEDBiogasCHP/MMXU1.VA.phsB.subID)
14:23:47.370 [openiec61850-osi-server-7-thread-1] DEBUG com.beanit.openiec61850.ServerAssociation - Got a GetDataValues request for node: IEDBiogasCHP/MMXU1.VA.phsB.subID: ''
calling GetDataValues(IEDBiogasCHP/MMXU1.VA.phsC)
14:23:47.370 [openiec61850-osi-server-7-thread-1] DEBUG com.beanit.openiec61850.ServerAssociation - Got a GetDataValues request for node: IEDBiogasCHP/MMXU1.VA.phsC [SV]
IEDBiogasCHP/MMXU1.VA.phsC.subEna: false
IEDBiogasCHP/MMXU1.VA.phsC.subCVal [SV]
IEDBiogasCHP/MMXU1.VA.phsC.subCVal.mag [SV]
IEDBiogasCHP/MMXU1.VA.phsC.subCVal.mag.i: 0
IEDBiogasCHP/MMXU1.VA.phsC.subCVal.mag.f: 0.0
IEDBiogasCHP/MMXU1.VA.phsC.subCVal.ang [SV]
IEDBiogasCHP/MMXU1.VA.phsC.subCVal.ang.i: 0
IEDBiogasCHP/MMXU1.VA.phsC.subCVal.ang.f: 0.0
IEDBiogasCHP/MMXU1.VA.phsC.subQ: 0x00 0x00
IEDBiogasCHP/MMXU1.VA.phsC.subID: ''
14:23:47.370 [openiec61850-osi-server-7-thread-1] DEBUG com.beanit.openiec61850.ServerAssociation - sub BDA is:IEDBiogasCHP/MMXU1.VA.phsC.subEna: false
14:23:47.370 [openiec61850-osi-server-7-thread-1] DEBUG com.beanit.openiec61850.ServerAssociation - sub BDA is:IEDBiogasCHP/MMXU1.VA.phsC.subCVal.mag.i: 0
14:23:47.370 [openiec61850-osi-server-7-thread-1] DEBUG com.beanit.openiec61850.ServerAssociation - sub BDA is:IEDBiogasCHP/MMXU1.VA.phsC.subCVal.mag.f: 0.0
14:23:47.370 [openiec61850-osi-server-7-thread-1] DEBUG com.beanit.openiec61850.ServerAssociation - sub BDA is:IEDBiogasCHP/MMXU1.VA.phsC.subCVal.ang.i: 0
14:23:47.370 [openiec61850-osi-server-7-thread-1] DEBUG com.beanit.openiec61850.ServerAssociation - sub BDA is:IEDBiogasCHP/MMXU1.VA.phsC.subCVal.ang.f: 0.0
14:23:47.370 [openiec61850-osi-server-7-thread-1] DEBUG com.beanit.openiec61850.ServerAssociation - sub BDA is:IEDBiogasCHP/MMXU1.VA.phsC.subQ: 0x00 0x00
14:23:47.370 [openiec61850-osi-server-7-thread-1] DEBUG com.beanit.openiec61850.ServerAssociation - sub BDA is:IEDBiogasCHP/MMXU1.VA.phsC.subID: ''
calling GetDataValues(IEDBiogasCHP/MMXU1.VA.phsC.subEna)
14:23:47.370 [openiec61850-osi-server-7-thread-1] DEBUG com.beanit.openiec61850.ServerAssociation - Got a GetDataValues request for node: IEDBiogasCHP/MMXU1.VA.phsC.subEna: false
calling GetDataValues(IEDBiogasCHP/MMXU1.VA.phsC.subCVal)
14:23:47.371 [openiec61850-osi-server-7-thread-1] DEBUG com.beanit.openiec61850.ServerAssociation - Got a GetDataValues request for node: IEDBiogasCHP/MMXU1.VA.phsC.subCVal [SV]
IEDBiogasCHP/MMXU1.VA.phsC.subCVal.mag [SV]
IEDBiogasCHP/MMXU1.VA.phsC.subCVal.mag.i: 0
IEDBiogasCHP/MMXU1.VA.phsC.subCVal.mag.f: 0.0
IEDBiogasCHP/MMXU1.VA.phsC.subCVal.ang [SV]
IEDBiogasCHP/MMXU1.VA.phsC.subCVal.ang.i: 0
IEDBiogasCHP/MMXU1.VA.phsC.subCVal.ang.f: 0.0
14:23:47.371 [openiec61850-osi-server-7-thread-1] DEBUG com.beanit.openiec61850.ServerAssociation - sub BDA is:IEDBiogasCHP/MMXU1.VA.phsC.subCVal.mag.i: 0
14:23:47.371 [openiec61850-osi-server-7-thread-1] DEBUG com.beanit.openiec61850.ServerAssociation - sub BDA is:IEDBiogasCHP/MMXU1.VA.phsC.subCVal.mag.f: 0.0
14:23:47.371 [openiec61850-osi-server-7-thread-1] DEBUG com.beanit.openiec61850.ServerAssociation - sub BDA is:IEDBiogasCHP/MMXU1.VA.phsC.subCVal.ang.i: 0
14:23:47.371 [openiec61850-osi-server-7-thread-1] DEBUG com.beanit.openiec61850.ServerAssociation - sub BDA is:IEDBiogasCHP/MMXU1.VA.phsC.subCVal.ang.f: 0.0
calling GetDataValues(IEDBiogasCHP/MMXU1.VA.phsC.subCVal.mag)
14:23:47.371 [openiec61850-osi-server-7-thread-1] DEBUG com.beanit.openiec61850.ServerAssociation - Got a GetDataValues request for node: IEDBiogasCHP/MMXU1.VA.phsC.subCVal.mag [SV]
IEDBiogasCHP/MMXU1.VA.phsC.subCVal.mag.i: 0
IEDBiogasCHP/MMXU1.VA.phsC.subCVal.mag.f: 0.0
14:23:47.371 [openiec61850-osi-server-7-thread-1] DEBUG com.beanit.openiec61850.ServerAssociation - sub BDA is:IEDBiogasCHP/MMXU1.VA.phsC.subCVal.mag.i: 0
14:23:47.371 [openiec61850-osi-server-7-thread-1] DEBUG com.beanit.openiec61850.ServerAssociation - sub BDA is:IEDBiogasCHP/MMXU1.VA.phsC.subCVal.mag.f: 0.0
calling GetDataValues(IEDBiogasCHP/MMXU1.VA.phsC.subCVal.mag.i)
14:23:47.371 [openiec61850-osi-server-7-thread-1] DEBUG com.beanit.openiec61850.ServerAssociation - Got a GetDataValues request for node: IEDBiogasCHP/MMXU1.VA.phsC.subCVal.mag.i: 0
calling GetDataValues(IEDBiogasCHP/MMXU1.VA.phsC.subCVal.mag.f)
14:23:47.371 [openiec61850-osi-server-7-thread-1] DEBUG com.beanit.openiec61850.ServerAssociation - Got a GetDataValues request for node: IEDBiogasCHP/MMXU1.VA.phsC.subCVal.mag.f: 0.0
calling GetDataValues(IEDBiogasCHP/MMXU1.VA.phsC.subCVal.ang)
14:23:47.371 [openiec61850-osi-server-7-thread-1] DEBUG com.beanit.openiec61850.ServerAssociation - Got a GetDataValues request for node: IEDBiogasCHP/MMXU1.VA.phsC.subCVal.ang [SV]
IEDBiogasCHP/MMXU1.VA.phsC.subCVal.ang.i: 0
IEDBiogasCHP/MMXU1.VA.phsC.subCVal.ang.f: 0.0
14:23:47.371 [openiec61850-osi-server-7-thread-1] DEBUG com.beanit.openiec61850.ServerAssociation - sub BDA is:IEDBiogasCHP/MMXU1.VA.phsC.subCVal.ang.i: 0
14:23:47.371 [openiec61850-osi-server-7-thread-1] DEBUG com.beanit.openiec61850.ServerAssociation - sub BDA is:IEDBiogasCHP/MMXU1.VA.phsC.subCVal.ang.f: 0.0
calling GetDataValues(IEDBiogasCHP/MMXU1.VA.phsC.subCVal.ang.i)
14:23:47.371 [openiec61850-osi-server-7-thread-1] DEBUG com.beanit.openiec61850.ServerAssociation - Got a GetDataValues request for node: IEDBiogasCHP/MMXU1.VA.phsC.subCVal.ang.i: 0
calling GetDataValues(IEDBiogasCHP/MMXU1.VA.phsC.subCVal.ang.f)
14:23:47.371 [openiec61850-osi-server-7-thread-1] DEBUG com.beanit.openiec61850.ServerAssociation - Got a GetDataValues request for node: IEDBiogasCHP/MMXU1.VA.phsC.subCVal.ang.f: 0.0
calling GetDataValues(IEDBiogasCHP/MMXU1.VA.phsC.subQ)
14:23:47.372 [openiec61850-osi-server-7-thread-1] DEBUG com.beanit.openiec61850.ServerAssociation - Got a GetDataValues request for node: IEDBiogasCHP/MMXU1.VA.phsC.subQ: 0x00 0x00
calling GetDataValues(IEDBiogasCHP/MMXU1.VA.phsC.subID)
14:23:47.372 [openiec61850-osi-server-7-thread-1] DEBUG com.beanit.openiec61850.ServerAssociation - Got a GetDataValues request for node: IEDBiogasCHP/MMXU1.VA.phsC.subID: ''
calling GetDataValues(IEDBiogasCHP/MMXU1.VA.neut)
14:23:47.372 [openiec61850-osi-server-7-thread-1] DEBUG com.beanit.openiec61850.ServerAssociation - Got a GetDataValues request for node: IEDBiogasCHP/MMXU1.VA.neut [SV]
IEDBiogasCHP/MMXU1.VA.neut.subEna: false
IEDBiogasCHP/MMXU1.VA.neut.subCVal [SV]
IEDBiogasCHP/MMXU1.VA.neut.subCVal.mag [SV]
IEDBiogasCHP/MMXU1.VA.neut.subCVal.mag.i: 0
IEDBiogasCHP/MMXU1.VA.neut.subCVal.mag.f: 0.0
IEDBiogasCHP/MMXU1.VA.neut.subCVal.ang [SV]
IEDBiogasCHP/MMXU1.VA.neut.subCVal.ang.i: 0
IEDBiogasCHP/MMXU1.VA.neut.subCVal.ang.f: 0.0
IEDBiogasCHP/MMXU1.VA.neut.subQ: 0x00 0x00
IEDBiogasCHP/MMXU1.VA.neut.subID: ''
14:23:47.372 [openiec61850-osi-server-7-thread-1] DEBUG com.beanit.openiec61850.ServerAssociation - sub BDA is:IEDBiogasCHP/MMXU1.VA.neut.subEna: false
14:23:47.372 [openiec61850-osi-server-7-thread-1] DEBUG com.beanit.openiec61850.ServerAssociation - sub BDA is:IEDBiogasCHP/MMXU1.VA.neut.subCVal.mag.i: 0
14:23:47.372 [openiec61850-osi-server-7-thread-1] DEBUG com.beanit.openiec61850.ServerAssociation - sub BDA is:IEDBiogasCHP/MMXU1.VA.neut.subCVal.mag.f: 0.0
14:23:47.372 [openiec61850-osi-server-7-thread-1] DEBUG com.beanit.openiec61850.ServerAssociation - sub BDA is:IEDBiogasCHP/MMXU1.VA.neut.subCVal.ang.i: 0
14:23:47.372 [openiec61850-osi-server-7-thread-1] DEBUG com.beanit.openiec61850.ServerAssociation - sub BDA is:IEDBiogasCHP/MMXU1.VA.neut.subCVal.ang.f: 0.0
14:23:47.372 [openiec61850-osi-server-7-thread-1] DEBUG com.beanit.openiec61850.ServerAssociation - sub BDA is:IEDBiogasCHP/MMXU1.VA.neut.subQ: 0x00 0x00
14:23:47.372 [openiec61850-osi-server-7-thread-1] DEBUG com.beanit.openiec61850.ServerAssociation - sub BDA is:IEDBiogasCHP/MMXU1.VA.neut.subID: ''
calling GetDataValues(IEDBiogasCHP/MMXU1.VA.neut.subEna)
14:23:47.372 [openiec61850-osi-server-7-thread-1] DEBUG com.beanit.openiec61850.ServerAssociation - Got a GetDataValues request for node: IEDBiogasCHP/MMXU1.VA.neut.subEna: false
calling GetDataValues(IEDBiogasCHP/MMXU1.VA.neut.subCVal)
14:23:47.372 [openiec61850-osi-server-7-thread-1] DEBUG com.beanit.openiec61850.ServerAssociation - Got a GetDataValues request for node: IEDBiogasCHP/MMXU1.VA.neut.subCVal [SV]
IEDBiogasCHP/MMXU1.VA.neut.subCVal.mag [SV]
IEDBiogasCHP/MMXU1.VA.neut.subCVal.mag.i: 0
IEDBiogasCHP/MMXU1.VA.neut.subCVal.mag.f: 0.0
IEDBiogasCHP/MMXU1.VA.neut.subCVal.ang [SV]
IEDBiogasCHP/MMXU1.VA.neut.subCVal.ang.i: 0
IEDBiogasCHP/MMXU1.VA.neut.subCVal.ang.f: 0.0
14:23:47.372 [openiec61850-osi-server-7-thread-1] DEBUG com.beanit.openiec61850.ServerAssociation - sub BDA is:IEDBiogasCHP/MMXU1.VA.neut.subCVal.mag.i: 0
14:23:47.372 [openiec61850-osi-server-7-thread-1] DEBUG com.beanit.openiec61850.ServerAssociation - sub BDA is:IEDBiogasCHP/MMXU1.VA.neut.subCVal.mag.f: 0.0
14:23:47.372 [openiec61850-osi-server-7-thread-1] DEBUG com.beanit.openiec61850.ServerAssociation - sub BDA is:IEDBiogasCHP/MMXU1.VA.neut.subCVal.ang.i: 0
14:23:47.372 [openiec61850-osi-server-7-thread-1] DEBUG com.beanit.openiec61850.ServerAssociation - sub BDA is:IEDBiogasCHP/MMXU1.VA.neut.subCVal.ang.f: 0.0
calling GetDataValues(IEDBiogasCHP/MMXU1.VA.neut.subCVal.mag)
14:23:47.372 [openiec61850-osi-server-7-thread-1] DEBUG com.beanit.openiec61850.ServerAssociation - Got a GetDataValues request for node: IEDBiogasCHP/MMXU1.VA.neut.subCVal.mag [SV]
IEDBiogasCHP/MMXU1.VA.neut.subCVal.mag.i: 0
IEDBiogasCHP/MMXU1.VA.neut.subCVal.mag.f: 0.0
14:23:47.372 [openiec61850-osi-server-7-thread-1] DEBUG com.beanit.openiec61850.ServerAssociation - sub BDA is:IEDBiogasCHP/MMXU1.VA.neut.subCVal.mag.i: 0
14:23:47.372 [openiec61850-osi-server-7-thread-1] DEBUG com.beanit.openiec61850.ServerAssociation - sub BDA is:IEDBiogasCHP/MMXU1.VA.neut.subCVal.mag.f: 0.0
calling GetDataValues(IEDBiogasCHP/MMXU1.VA.neut.subCVal.mag.i)
14:23:47.372 [openiec61850-osi-server-7-thread-1] DEBUG com.beanit.openiec61850.ServerAssociation - Got a GetDataValues request for node: IEDBiogasCHP/MMXU1.VA.neut.subCVal.mag.i: 0
calling GetDataValues(IEDBiogasCHP/MMXU1.VA.neut.subCVal.mag.f)
14:23:47.373 [openiec61850-osi-server-7-thread-1] DEBUG com.beanit.openiec61850.ServerAssociation - Got a GetDataValues request for node: IEDBiogasCHP/MMXU1.VA.neut.subCVal.mag.f: 0.0
calling GetDataValues(IEDBiogasCHP/MMXU1.VA.neut.subCVal.ang)
14:23:47.373 [openiec61850-osi-server-7-thread-1] DEBUG com.beanit.openiec61850.ServerAssociation - Got a GetDataValues request for node: IEDBiogasCHP/MMXU1.VA.neut.subCVal.ang [SV]
IEDBiogasCHP/MMXU1.VA.neut.subCVal.ang.i: 0
IEDBiogasCHP/MMXU1.VA.neut.subCVal.ang.f: 0.0
14:23:47.373 [openiec61850-osi-server-7-thread-1] DEBUG com.beanit.openiec61850.ServerAssociation - sub BDA is:IEDBiogasCHP/MMXU1.VA.neut.subCVal.ang.i: 0
14:23:47.373 [openiec61850-osi-server-7-thread-1] DEBUG com.beanit.openiec61850.ServerAssociation - sub BDA is:IEDBiogasCHP/MMXU1.VA.neut.subCVal.ang.f: 0.0
calling GetDataValues(IEDBiogasCHP/MMXU1.VA.neut.subCVal.ang.i)
14:23:47.373 [openiec61850-osi-server-7-thread-1] DEBUG com.beanit.openiec61850.ServerAssociation - Got a GetDataValues request for node: IEDBiogasCHP/MMXU1.VA.neut.subCVal.ang.i: 0
calling GetDataValues(IEDBiogasCHP/MMXU1.VA.neut.subCVal.ang.f)
14:23:47.373 [openiec61850-osi-server-7-thread-1] DEBUG com.beanit.openiec61850.ServerAssociation - Got a GetDataValues request for node: IEDBiogasCHP/MMXU1.VA.neut.subCVal.ang.f: 0.0
calling GetDataValues(IEDBiogasCHP/MMXU1.VA.neut.subQ)
14:23:47.373 [openiec61850-osi-server-7-thread-1] DEBUG com.beanit.openiec61850.ServerAssociation - Got a GetDataValues request for node: IEDBiogasCHP/MMXU1.VA.neut.subQ: 0x00 0x00
calling GetDataValues(IEDBiogasCHP/MMXU1.VA.neut.subID)
14:23:47.373 [openiec61850-osi-server-7-thread-1] DEBUG com.beanit.openiec61850.ServerAssociation - Got a GetDataValues request for node: IEDBiogasCHP/MMXU1.VA.neut.subID: ''
calling GetDataValues(IEDBiogasCHP/MMXU1.VA.net)
14:23:47.373 [openiec61850-osi-server-7-thread-1] DEBUG com.beanit.openiec61850.ServerAssociation - Got a GetDataValues request for node: IEDBiogasCHP/MMXU1.VA.net [SV]
IEDBiogasCHP/MMXU1.VA.net.subEna: false
IEDBiogasCHP/MMXU1.VA.net.subCVal [SV]
IEDBiogasCHP/MMXU1.VA.net.subCVal.mag [SV]
IEDBiogasCHP/MMXU1.VA.net.subCVal.mag.i: 0
IEDBiogasCHP/MMXU1.VA.net.subCVal.mag.f: 0.0
IEDBiogasCHP/MMXU1.VA.net.subCVal.ang [SV]
IEDBiogasCHP/MMXU1.VA.net.subCVal.ang.i: 0
IEDBiogasCHP/MMXU1.VA.net.subCVal.ang.f: 0.0
IEDBiogasCHP/MMXU1.VA.net.subQ: 0x00 0x00
IEDBiogasCHP/MMXU1.VA.net.subID: ''
14:23:47.373 [openiec61850-osi-server-7-thread-1] DEBUG com.beanit.openiec61850.ServerAssociation - sub BDA is:IEDBiogasCHP/MMXU1.VA.net.subEna: false
14:23:47.373 [openiec61850-osi-server-7-thread-1] DEBUG com.beanit.openiec61850.ServerAssociation - sub BDA is:IEDBiogasCHP/MMXU1.VA.net.subCVal.mag.i: 0
14:23:47.373 [openiec61850-osi-server-7-thread-1] DEBUG com.beanit.openiec61850.ServerAssociation - sub BDA is:IEDBiogasCHP/MMXU1.VA.net.subCVal.mag.f: 0.0
14:23:47.373 [openiec61850-osi-server-7-thread-1] DEBUG com.beanit.openiec61850.ServerAssociation - sub BDA is:IEDBiogasCHP/MMXU1.VA.net.subCVal.ang.i: 0
14:23:47.373 [openiec61850-osi-server-7-thread-1] DEBUG com.beanit.openiec61850.ServerAssociation - sub BDA is:IEDBiogasCHP/MMXU1.VA.net.subCVal.ang.f: 0.0
14:23:47.373 [openiec61850-osi-server-7-thread-1] DEBUG com.beanit.openiec61850.ServerAssociation - sub BDA is:IEDBiogasCHP/MMXU1.VA.net.subQ: 0x00 0x00
14:23:47.373 [openiec61850-osi-server-7-thread-1] DEBUG com.beanit.openiec61850.ServerAssociation - sub BDA is:IEDBiogasCHP/MMXU1.VA.net.subID: ''
calling GetDataValues(IEDBiogasCHP/MMXU1.VA.net.subEna)
14:23:47.374 [openiec61850-osi-server-7-thread-1] DEBUG com.beanit.openiec61850.ServerAssociation - Got a GetDataValues request for node: IEDBiogasCHP/MMXU1.VA.net.subEna: false
calling GetDataValues(IEDBiogasCHP/MMXU1.VA.net.subCVal)
14:23:47.374 [openiec61850-osi-server-7-thread-1] DEBUG com.beanit.openiec61850.ServerAssociation - Got a GetDataValues request for node: IEDBiogasCHP/MMXU1.VA.net.subCVal [SV]
IEDBiogasCHP/MMXU1.VA.net.subCVal.mag [SV]
IEDBiogasCHP/MMXU1.VA.net.subCVal.mag.i: 0
IEDBiogasCHP/MMXU1.VA.net.subCVal.mag.f: 0.0
IEDBiogasCHP/MMXU1.VA.net.subCVal.ang [SV]
IEDBiogasCHP/MMXU1.VA.net.subCVal.ang.i: 0
IEDBiogasCHP/MMXU1.VA.net.subCVal.ang.f: 0.0
14:23:47.374 [openiec61850-osi-server-7-thread-1] DEBUG com.beanit.openiec61850.ServerAssociation - sub BDA is:IEDBiogasCHP/MMXU1.VA.net.subCVal.mag.i: 0
14:23:47.374 [openiec61850-osi-server-7-thread-1] DEBUG com.beanit.openiec61850.ServerAssociation - sub BDA is:IEDBiogasCHP/MMXU1.VA.net.subCVal.mag.f: 0.0
14:23:47.374 [openiec61850-osi-server-7-thread-1] DEBUG com.beanit.openiec61850.ServerAssociation - sub BDA is:IEDBiogasCHP/MMXU1.VA.net.subCVal.ang.i: 0
14:23:47.374 [openiec61850-osi-server-7-thread-1] DEBUG com.beanit.openiec61850.ServerAssociation - sub BDA is:IEDBiogasCHP/MMXU1.VA.net.subCVal.ang.f: 0.0
calling GetDataValues(IEDBiogasCHP/MMXU1.VA.net.subCVal.mag)
14:23:47.374 [openiec61850-osi-server-7-thread-1] DEBUG com.beanit.openiec61850.ServerAssociation - Got a GetDataValues request for node: IEDBiogasCHP/MMXU1.VA.net.subCVal.mag [SV]
IEDBiogasCHP/MMXU1.VA.net.subCVal.mag.i: 0
IEDBiogasCHP/MMXU1.VA.net.subCVal.mag.f: 0.0
14:23:47.374 [openiec61850-osi-server-7-thread-1] DEBUG com.beanit.openiec61850.ServerAssociation - sub BDA is:IEDBiogasCHP/MMXU1.VA.net.subCVal.mag.i: 0
14:23:47.374 [openiec61850-osi-server-7-thread-1] DEBUG com.beanit.openiec61850.ServerAssociation - sub BDA is:IEDBiogasCHP/MMXU1.VA.net.subCVal.mag.f: 0.0
calling GetDataValues(IEDBiogasCHP/MMXU1.VA.net.subCVal.mag.i)
14:23:47.374 [openiec61850-osi-server-7-thread-1] DEBUG com.beanit.openiec61850.ServerAssociation - Got a GetDataValues request for node: IEDBiogasCHP/MMXU1.VA.net.subCVal.mag.i: 0
calling GetDataValues(IEDBiogasCHP/MMXU1.VA.net.subCVal.mag.f)
14:23:47.374 [openiec61850-osi-server-7-thread-1] DEBUG com.beanit.openiec61850.ServerAssociation - Got a GetDataValues request for node: IEDBiogasCHP/MMXU1.VA.net.subCVal.mag.f: 0.0
calling GetDataValues(IEDBiogasCHP/MMXU1.VA.net.subCVal.ang)
14:23:47.374 [openiec61850-osi-server-7-thread-1] DEBUG com.beanit.openiec61850.ServerAssociation - Got a GetDataValues request for node: IEDBiogasCHP/MMXU1.VA.net.subCVal.ang [SV]
IEDBiogasCHP/MMXU1.VA.net.subCVal.ang.i: 0
IEDBiogasCHP/MMXU1.VA.net.subCVal.ang.f: 0.0
14:23:47.374 [openiec61850-osi-server-7-thread-1] DEBUG com.beanit.openiec61850.ServerAssociation - sub BDA is:IEDBiogasCHP/MMXU1.VA.net.subCVal.ang.i: 0
14:23:47.374 [openiec61850-osi-server-7-thread-1] DEBUG com.beanit.openiec61850.ServerAssociation - sub BDA is:IEDBiogasCHP/MMXU1.VA.net.subCVal.ang.f: 0.0
calling GetDataValues(IEDBiogasCHP/MMXU1.VA.net.subCVal.ang.i)
14:23:47.374 [openiec61850-osi-server-7-thread-1] DEBUG com.beanit.openiec61850.ServerAssociation - Got a GetDataValues request for node: IEDBiogasCHP/MMXU1.VA.net.subCVal.ang.i: 0
calling GetDataValues(IEDBiogasCHP/MMXU1.VA.net.subCVal.ang.f)
14:23:47.374 [openiec61850-osi-server-7-thread-1] DEBUG com.beanit.openiec61850.ServerAssociation - Got a GetDataValues request for node: IEDBiogasCHP/MMXU1.VA.net.subCVal.ang.f: 0.0
calling GetDataValues(IEDBiogasCHP/MMXU1.VA.net.subQ)
14:23:47.375 [openiec61850-osi-server-7-thread-1] DEBUG com.beanit.openiec61850.ServerAssociation - Got a GetDataValues request for node: IEDBiogasCHP/MMXU1.VA.net.subQ: 0x00 0x00
calling GetDataValues(IEDBiogasCHP/MMXU1.VA.net.subID)
14:23:47.375 [openiec61850-osi-server-7-thread-1] DEBUG com.beanit.openiec61850.ServerAssociation - Got a GetDataValues request for node: IEDBiogasCHP/MMXU1.VA.net.subID: ''
calling GetDataValues(IEDBiogasCHP/MMXU1.VA.res)
14:23:47.375 [openiec61850-osi-server-7-thread-1] DEBUG com.beanit.openiec61850.ServerAssociation - Got a GetDataValues request for node: IEDBiogasCHP/MMXU1.VA.res [SV]
IEDBiogasCHP/MMXU1.VA.res.subEna: false
IEDBiogasCHP/MMXU1.VA.res.subCVal [SV]
IEDBiogasCHP/MMXU1.VA.res.subCVal.mag [SV]
IEDBiogasCHP/MMXU1.VA.res.subCVal.mag.i: 0
IEDBiogasCHP/MMXU1.VA.res.subCVal.mag.f: 0.0
IEDBiogasCHP/MMXU1.VA.res.subCVal.ang [SV]
IEDBiogasCHP/MMXU1.VA.res.subCVal.ang.i: 0
IEDBiogasCHP/MMXU1.VA.res.subCVal.ang.f: 0.0
IEDBiogasCHP/MMXU1.VA.res.subQ: 0x00 0x00
IEDBiogasCHP/MMXU1.VA.res.subID: ''
14:23:47.375 [openiec61850-osi-server-7-thread-1] DEBUG com.beanit.openiec61850.ServerAssociation - sub BDA is:IEDBiogasCHP/MMXU1.VA.res.subEna: false
14:23:47.375 [openiec61850-osi-server-7-thread-1] DEBUG com.beanit.openiec61850.ServerAssociation - sub BDA is:IEDBiogasCHP/MMXU1.VA.res.subCVal.mag.i: 0
14:23:47.375 [openiec61850-osi-server-7-thread-1] DEBUG com.beanit.openiec61850.ServerAssociation - sub BDA is:IEDBiogasCHP/MMXU1.VA.res.subCVal.mag.f: 0.0
14:23:47.375 [openiec61850-osi-server-7-thread-1] DEBUG com.beanit.openiec61850.ServerAssociation - sub BDA is:IEDBiogasCHP/MMXU1.VA.res.subCVal.ang.i: 0
14:23:47.375 [openiec61850-osi-server-7-thread-1] DEBUG com.beanit.openiec61850.ServerAssociation - sub BDA is:IEDBiogasCHP/MMXU1.VA.res.subCVal.ang.f: 0.0
14:23:47.375 [openiec61850-osi-server-7-thread-1] DEBUG com.beanit.openiec61850.ServerAssociation - sub BDA is:IEDBiogasCHP/MMXU1.VA.res.subQ: 0x00 0x00
14:23:47.375 [openiec61850-osi-server-7-thread-1] DEBUG com.beanit.openiec61850.ServerAssociation - sub BDA is:IEDBiogasCHP/MMXU1.VA.res.subID: ''
calling GetDataValues(IEDBiogasCHP/MMXU1.VA.res.subEna)
14:23:47.375 [openiec61850-osi-server-7-thread-1] DEBUG com.beanit.openiec61850.ServerAssociation - Got a GetDataValues request for node: IEDBiogasCHP/MMXU1.VA.res.subEna: false
calling GetDataValues(IEDBiogasCHP/MMXU1.VA.res.subCVal)
14:23:47.375 [openiec61850-osi-server-7-thread-1] DEBUG com.beanit.openiec61850.ServerAssociation - Got a GetDataValues request for node: IEDBiogasCHP/MMXU1.VA.res.subCVal [SV]
IEDBiogasCHP/MMXU1.VA.res.subCVal.mag [SV]
IEDBiogasCHP/MMXU1.VA.res.subCVal.mag.i: 0
IEDBiogasCHP/MMXU1.VA.res.subCVal.mag.f: 0.0
IEDBiogasCHP/MMXU1.VA.res.subCVal.ang [SV]
IEDBiogasCHP/MMXU1.VA.res.subCVal.ang.i: 0
IEDBiogasCHP/MMXU1.VA.res.subCVal.ang.f: 0.0
14:23:47.375 [openiec61850-osi-server-7-thread-1] DEBUG com.beanit.openiec61850.ServerAssociation - sub BDA is:IEDBiogasCHP/MMXU1.VA.res.subCVal.mag.i: 0
14:23:47.375 [openiec61850-osi-server-7-thread-1] DEBUG com.beanit.openiec61850.ServerAssociation - sub BDA is:IEDBiogasCHP/MMXU1.VA.res.subCVal.mag.f: 0.0
14:23:47.375 [openiec61850-osi-server-7-thread-1] DEBUG com.beanit.openiec61850.ServerAssociation - sub BDA is:IEDBiogasCHP/MMXU1.VA.res.subCVal.ang.i: 0
14:23:47.375 [openiec61850-osi-server-7-thread-1] DEBUG com.beanit.openiec61850.ServerAssociation - sub BDA is:IEDBiogasCHP/MMXU1.VA.res.subCVal.ang.f: 0.0
calling GetDataValues(IEDBiogasCHP/MMXU1.VA.res.subCVal.mag)
14:23:47.375 [openiec61850-osi-server-7-thread-1] DEBUG com.beanit.openiec61850.ServerAssociation - Got a GetDataValues request for node: IEDBiogasCHP/MMXU1.VA.res.subCVal.mag [SV]
IEDBiogasCHP/MMXU1.VA.res.subCVal.mag.i: 0
IEDBiogasCHP/MMXU1.VA.res.subCVal.mag.f: 0.0
14:23:47.375 [openiec61850-osi-server-7-thread-1] DEBUG com.beanit.openiec61850.ServerAssociation - sub BDA is:IEDBiogasCHP/MMXU1.VA.res.subCVal.mag.i: 0
14:23:47.375 [openiec61850-osi-server-7-thread-1] DEBUG com.beanit.openiec61850.ServerAssociation - sub BDA is:IEDBiogasCHP/MMXU1.VA.res.subCVal.mag.f: 0.0
calling GetDataValues(IEDBiogasCHP/MMXU1.VA.res.subCVal.mag.i)
14:23:47.376 [openiec61850-osi-server-7-thread-1] DEBUG com.beanit.openiec61850.ServerAssociation - Got a GetDataValues request for node: IEDBiogasCHP/MMXU1.VA.res.subCVal.mag.i: 0
calling GetDataValues(IEDBiogasCHP/MMXU1.VA.res.subCVal.mag.f)
14:23:47.376 [openiec61850-osi-server-7-thread-1] DEBUG com.beanit.openiec61850.ServerAssociation - Got a GetDataValues request for node: IEDBiogasCHP/MMXU1.VA.res.subCVal.mag.f: 0.0
calling GetDataValues(IEDBiogasCHP/MMXU1.VA.res.subCVal.ang)
14:23:47.376 [openiec61850-osi-server-7-thread-1] DEBUG com.beanit.openiec61850.ServerAssociation - Got a GetDataValues request for node: IEDBiogasCHP/MMXU1.VA.res.subCVal.ang [SV]
IEDBiogasCHP/MMXU1.VA.res.subCVal.ang.i: 0
IEDBiogasCHP/MMXU1.VA.res.subCVal.ang.f: 0.0
14:23:47.376 [openiec61850-osi-server-7-thread-1] DEBUG com.beanit.openiec61850.ServerAssociation - sub BDA is:IEDBiogasCHP/MMXU1.VA.res.subCVal.ang.i: 0
14:23:47.376 [openiec61850-osi-server-7-thread-1] DEBUG com.beanit.openiec61850.ServerAssociation - sub BDA is:IEDBiogasCHP/MMXU1.VA.res.subCVal.ang.f: 0.0
calling GetDataValues(IEDBiogasCHP/MMXU1.VA.res.subCVal.ang.i)
14:23:47.376 [openiec61850-osi-server-7-thread-1] DEBUG com.beanit.openiec61850.ServerAssociation - Got a GetDataValues request for node: IEDBiogasCHP/MMXU1.VA.res.subCVal.ang.i: 0
calling GetDataValues(IEDBiogasCHP/MMXU1.VA.res.subCVal.ang.f)
14:23:47.376 [openiec61850-osi-server-7-thread-1] DEBUG com.beanit.openiec61850.ServerAssociation - Got a GetDataValues request for node: IEDBiogasCHP/MMXU1.VA.res.subCVal.ang.f: 0.0
calling GetDataValues(IEDBiogasCHP/MMXU1.VA.res.subQ)
14:23:47.376 [openiec61850-osi-server-7-thread-1] DEBUG com.beanit.openiec61850.ServerAssociation - Got a GetDataValues request for node: IEDBiogasCHP/MMXU1.VA.res.subQ: 0x00 0x00
calling GetDataValues(IEDBiogasCHP/MMXU1.VA.res.subID)
14:23:47.376 [openiec61850-osi-server-7-thread-1] DEBUG com.beanit.openiec61850.ServerAssociation - Got a GetDataValues request for node: IEDBiogasCHP/MMXU1.VA.res.subID: ''
calling GetDataValues(IEDBiogasCHP/MMXU1.VA)
14:23:47.377 [openiec61850-osi-server-7-thread-1] DEBUG com.beanit.openiec61850.ServerAssociation - Got a GetDataValues request for node: IEDBiogasCHP/MMXU1.VA [CF]
IEDBiogasCHP/MMXU1.VA.angRef: 0
IEDBiogasCHP/MMXU1.VA.phsA [CF]
IEDBiogasCHP/MMXU1.VA.phsA.units [CF]
IEDBiogasCHP/MMXU1.VA.phsA.units.SIUnit: 0
IEDBiogasCHP/MMXU1.VA.phsA.units.multiplier: 0
IEDBiogasCHP/MMXU1.VA.phsA.db: 0
IEDBiogasCHP/MMXU1.VA.phsA.zeroDb: 0
IEDBiogasCHP/MMXU1.VA.phsA.rangeC [CF]
IEDBiogasCHP/MMXU1.VA.phsA.rangeC.hhLim [CF]
IEDBiogasCHP/MMXU1.VA.phsA.rangeC.hhLim.i: 0
IEDBiogasCHP/MMXU1.VA.phsA.rangeC.hhLim.f: 0.0
IEDBiogasCHP/MMXU1.VA.phsA.rangeC.hLim [CF]
IEDBiogasCHP/MMXU1.VA.phsA.rangeC.hLim.i: 0
IEDBiogasCHP/MMXU1.VA.phsA.rangeC.hLim.f: 0.0
IEDBiogasCHP/MMXU1.VA.phsA.rangeC.lLim [CF]
IEDBiogasCHP/MMXU1.VA.phsA.rangeC.lLim.i: 0
IEDBiogasCHP/MMXU1.VA.phsA.rangeC.lLim.f: 0.0
IEDBiogasCHP/MMXU1.VA.phsA.rangeC.llLim [CF]
IEDBiogasCHP/MMXU1.VA.phsA.rangeC.llLim.i: 0
IEDBiogasCHP/MMXU1.VA.phsA.rangeC.llLim.f: 0.0
IEDBiogasCHP/MMXU1.VA.phsA.rangeC.min [CF]
IEDBiogasCHP/MMXU1.VA.phsA.rangeC.min.i: 0
IEDBiogasCHP/MMXU1.VA.phsA.rangeC.min.f: 0.0
IEDBiogasCHP/MMXU1.VA.phsA.rangeC.max [CF]
IEDBiogasCHP/MMXU1.VA.phsA.rangeC.max.i: 0
IEDBiogasCHP/MMXU1.VA.phsA.rangeC.max.f: 0.0
IEDBiogasCHP/MMXU1.VA.phsA.magSVC [CF]
IEDBiogasCHP/MMXU1.VA.phsA.magSVC.scaleFactor: 0.0
IEDBiogasCHP/MMXU1.VA.phsA.magSVC.offset: 0.0
IEDBiogasCHP/MMXU1.VA.phsA.angSVC [CF]
IEDBiogasCHP/MMXU1.VA.phsA.angSVC.scaleFactor: 0.0
IEDBiogasCHP/MMXU1.VA.phsA.angSVC.offset: 0.0
IEDBiogasCHP/MMXU1.VA.phsA.angRef: 0
IEDBiogasCHP/MMXU1.VA.phsA.smpRate: 0
IEDBiogasCHP/MMXU1.VA.phsB [CF]
IEDBiogasCHP/MMXU1.VA.phsB.units [CF]
IEDBiogasCHP/MMXU1.VA.phsB.units.SIUnit: 0
IEDBiogasCHP/MMXU1.VA.phsB.units.multiplier: 0
IEDBiogasCHP/MMXU1.VA.phsB.db: 0
IEDBiogasCHP/MMXU1.VA.phsB.zeroDb: 0
IEDBiogasCHP/MMXU1.VA.phsB.rangeC [CF]
IEDBiogasCHP/MMXU1.VA.phsB.rangeC.hhLim [CF]
IEDBiogasCHP/MMXU1.VA.phsB.rangeC.hhLim.i: 0
IEDBiogasCHP/MMXU1.VA.phsB.rangeC.hhLim.f: 0.0
IEDBiogasCHP/MMXU1.VA.phsB.rangeC.hLim [CF]
IEDBiogasCHP/MMXU1.VA.phsB.rangeC.hLim.i: 0
IEDBiogasCHP/MMXU1.VA.phsB.rangeC.hLim.f: 0.0
IEDBiogasCHP/MMXU1.VA.phsB.rangeC.lLim [CF]
IEDBiogasCHP/MMXU1.VA.phsB.rangeC.lLim.i: 0
IEDBiogasCHP/MMXU1.VA.phsB.rangeC.lLim.f: 0.0
IEDBiogasCHP/MMXU1.VA.phsB.rangeC.llLim [CF]
IEDBiogasCHP/MMXU1.VA.phsB.rangeC.llLim.i: 0
IEDBiogasCHP/MMXU1.VA.phsB.rangeC.llLim.f: 0.0
IEDBiogasCHP/MMXU1.VA.phsB.rangeC.min [CF]
IEDBiogasCHP/MMXU1.VA.phsB.rangeC.min.i: 0
IEDBiogasCHP/MMXU1.VA.phsB.rangeC.min.f: 0.0
IEDBiogasCHP/MMXU1.VA.phsB.rangeC.max [CF]
IEDBiogasCHP/MMXU1.VA.phsB.rangeC.max.i: 0
IEDBiogasCHP/MMXU1.VA.phsB.rangeC.max.f: 0.0
IEDBiogasCHP/MMXU1.VA.phsB.magSVC [CF]
IEDBiogasCHP/MMXU1.VA.phsB.magSVC.scaleFactor: 0.0
IEDBiogasCHP/MMXU1.VA.phsB.magSVC.offset: 0.0
IEDBiogasCHP/MMXU1.VA.phsB.angSVC [CF]
IEDBiogasCHP/MMXU1.VA.phsB.angSVC.scaleFactor: 0.0
IEDBiogasCHP/MMXU1.VA.phsB.angSVC.offset: 0.0
IEDBiogasCHP/MMXU1.VA.phsB.angRef: 0
IEDBiogasCHP/MMXU1.VA.phsB.smpRate: 0
IEDBiogasCHP/MMXU1.VA.phsC [CF]
IEDBiogasCHP/MMXU1.VA.phsC.units [CF]
IEDBiogasCHP/MMXU1.VA.phsC.units.SIUnit: 0
IEDBiogasCHP/MMXU1.VA.phsC.units.multiplier: 0
IEDBiogasCHP/MMXU1.VA.phsC.db: 0
IEDBiogasCHP/MMXU1.VA.phsC.zeroDb: 0
IEDBiogasCHP/MMXU1.VA.phsC.rangeC [CF]
IEDBiogasCHP/MMXU1.VA.phsC.rangeC.hhLim [CF]
IEDBiogasCHP/MMXU1.VA.phsC.rangeC.hhLim.i: 0
IEDBiogasCHP/MMXU1.VA.phsC.rangeC.hhLim.f: 0.0
IEDBiogasCHP/MMXU1.VA.phsC.rangeC.hLim [CF]
IEDBiogasCHP/MMXU1.VA.phsC.rangeC.hLim.i: 0
IEDBiogasCHP/MMXU1.VA.phsC.rangeC.hLim.f: 0.0
IEDBiogasCHP/MMXU1.VA.phsC.rangeC.lLim [CF]
IEDBiogasCHP/MMXU1.VA.phsC.rangeC.lLim.i: 0
IEDBiogasCHP/MMXU1.VA.phsC.rangeC.lLim.f: 0.0
IEDBiogasCHP/MMXU1.VA.phsC.rangeC.llLim [CF]
IEDBiogasCHP/MMXU1.VA.phsC.rangeC.llLim.i: 0
IEDBiogasCHP/MMXU1.VA.phsC.rangeC.llLim.f: 0.0
IEDBiogasCHP/MMXU1.VA.phsC.rangeC.min [CF]
IEDBiogasCHP/MMXU1.VA.phsC.rangeC.min.i: 0
IEDBiogasCHP/MMXU1.VA.phsC.rangeC.min.f: 0.0
IEDBiogasCHP/MMXU1.VA.phsC.rangeC.max [CF]
IEDBiogasCHP/MMXU1.VA.phsC.rangeC.max.i: 0
IEDBiogasCHP/MMXU1.VA.phsC.rangeC.max.f: 0.0
IEDBiogasCHP/MMXU1.VA.phsC.magSVC [CF]
IEDBiogasCHP/MMXU1.VA.phsC.magSVC.scaleFactor: 0.0
IEDBiogasCHP/MMXU1.VA.phsC.magSVC.offset: 0.0
IEDBiogasCHP/MMXU1.VA.phsC.angSVC [CF]
IEDBiogasCHP/MMXU1.VA.phsC.angSVC.scaleFactor: 0.0
IEDBiogasCHP/MMXU1.VA.phsC.angSVC.offset: 0.0
IEDBiogasCHP/MMXU1.VA.phsC.angRef: 0
IEDBiogasCHP/MMXU1.VA.phsC.smpRate: 0
IEDBiogasCHP/MMXU1.VA.neut [CF]
IEDBiogasCHP/MMXU1.VA.neut.units [CF]
IEDBiogasCHP/MMXU1.VA.neut.units.SIUnit: 0
IEDBiogasCHP/MMXU1.VA.neut.units.multiplier: 0
IEDBiogasCHP/MMXU1.VA.neut.db: 0
IEDBiogasCHP/MMXU1.VA.neut.zeroDb: 0
IEDBiogasCHP/MMXU1.VA.neut.rangeC [CF]
IEDBiogasCHP/MMXU1.VA.neut.rangeC.hhLim [CF]
IEDBiogasCHP/MMXU1.VA.neut.rangeC.hhLim.i: 0
IEDBiogasCHP/MMXU1.VA.neut.rangeC.hhLim.f: 0.0
IEDBiogasCHP/MMXU1.VA.neut.rangeC.hLim [CF]
IEDBiogasCHP/MMXU1.VA.neut.rangeC.hLim.i: 0
IEDBiogasCHP/MMXU1.VA.neut.rangeC.hLim.f: 0.0
IEDBiogasCHP/MMXU1.VA.neut.rangeC.lLim [CF]
IEDBiogasCHP/MMXU1.VA.neut.rangeC.lLim.i: 0
IEDBiogasCHP/MMXU1.VA.neut.rangeC.lLim.f: 0.0
IEDBiogasCHP/MMXU1.VA.neut.rangeC.llLim [CF]
IEDBiogasCHP/MMXU1.VA.neut.rangeC.llLim.i: 0
IEDBiogasCHP/MMXU1.VA.neut.rangeC.llLim.f: 0.0
IEDBiogasCHP/MMXU1.VA.neut.rangeC.min [CF]
IEDBiogasCHP/MMXU1.VA.neut.rangeC.min.i: 0
IEDBiogasCHP/MMXU1.VA.neut.rangeC.min.f: 0.0
IEDBiogasCHP/MMXU1.VA.neut.rangeC.max [CF]
IEDBiogasCHP/MMXU1.VA.neut.rangeC.max.i: 0
IEDBiogasCHP/MMXU1.VA.neut.rangeC.max.f: 0.0
IEDBiogasCHP/MMXU1.VA.neut.magSVC [CF]
IEDBiogasCHP/MMXU1.VA.neut.magSVC.scaleFactor: 0.0
IEDBiogasCHP/MMXU1.VA.neut.magSVC.offset: 0.0
IEDBiogasCHP/MMXU1.VA.neut.angSVC [CF]
IEDBiogasCHP/MMXU1.VA.neut.angSVC.scaleFactor: 0.0
IEDBiogasCHP/MMXU1.VA.neut.angSVC.offset: 0.0
IEDBiogasCHP/MMXU1.VA.neut.angRef: 0
IEDBiogasCHP/MMXU1.VA.neut.smpRate: 0
IEDBiogasCHP/MMXU1.VA.net [CF]
IEDBiogasCHP/MMXU1.VA.net.units [CF]
IEDBiogasCHP/MMXU1.VA.net.units.SIUnit: 0
IEDBiogasCHP/MMXU1.VA.net.units.multiplier: 0
IEDBiogasCHP/MMXU1.VA.net.db: 0
IEDBiogasCHP/MMXU1.VA.net.zeroDb: 0
IEDBiogasCHP/MMXU1.VA.net.rangeC [CF]
IEDBiogasCHP/MMXU1.VA.net.rangeC.hhLim [CF]
IEDBiogasCHP/MMXU1.VA.net.rangeC.hhLim.i: 0
IEDBiogasCHP/MMXU1.VA.net.rangeC.hhLim.f: 0.0
IEDBiogasCHP/MMXU1.VA.net.rangeC.hLim [CF]
IEDBiogasCHP/MMXU1.VA.net.rangeC.hLim.i: 0
IEDBiogasCHP/MMXU1.VA.net.rangeC.hLim.f: 0.0
IEDBiogasCHP/MMXU1.VA.net.rangeC.lLim [CF]
IEDBiogasCHP/MMXU1.VA.net.rangeC.lLim.i: 0
IEDBiogasCHP/MMXU1.VA.net.rangeC.lLim.f: 0.0
IEDBiogasCHP/MMXU1.VA.net.rangeC.llLim [CF]
IEDBiogasCHP/MMXU1.VA.net.rangeC.llLim.i: 0
IEDBiogasCHP/MMXU1.VA.net.rangeC.llLim.f: 0.0
IEDBiogasCHP/MMXU1.VA.net.rangeC.min [CF]
IEDBiogasCHP/MMXU1.VA.net.rangeC.min.i: 0
IEDBiogasCHP/MMXU1.VA.net.rangeC.min.f: 0.0
IEDBiogasCHP/MMXU1.VA.net.rangeC.max [CF]
IEDBiogasCHP/MMXU1.VA.net.rangeC.max.i: 0
IEDBiogasCHP/MMXU1.VA.net.rangeC.max.f: 0.0
IEDBiogasCHP/MMXU1.VA.net.magSVC [CF]
IEDBiogasCHP/MMXU1.VA.net.magSVC.scaleFactor: 0.0
IEDBiogasCHP/MMXU1.VA.net.magSVC.offset: 0.0
IEDBiogasCHP/MMXU1.VA.net.angSVC [CF]
IEDBiogasCHP/MMXU1.VA.net.angSVC.scaleFactor: 0.0
IEDBiogasCHP/MMXU1.VA.net.angSVC.offset: 0.0
IEDBiogasCHP/MMXU1.VA.net.angRef: 0
IEDBiogasCHP/MMXU1.VA.net.smpRate: 0
IEDBiogasCHP/MMXU1.VA.res [CF]
IEDBiogasCHP/MMXU1.VA.res.units [CF]
IEDBiogasCHP/MMXU1.VA.res.units.SIUnit: 0
IEDBiogasCHP/MMXU1.VA.res.units.multiplier: 0
IEDBiogasCHP/MMXU1.VA.res.db: 0
IEDBiogasCHP/MMXU1.VA.res.zeroDb: 0
IEDBiogasCHP/MMXU1.VA.res.rangeC [CF]
IEDBiogasCHP/MMXU1.VA.res.rangeC.hhLim [CF]
IEDBiogasCHP/MMXU1.VA.res.rangeC.hhLim.i: 0
IEDBiogasCHP/MMXU1.VA.res.rangeC.hhLim.f: 0.0
IEDBiogasCHP/MMXU1.VA.res.rangeC.hLim [CF]
IEDBiogasCHP/MMXU1.VA.res.rangeC.hLim.i: 0
IEDBiogasCHP/MMXU1.VA.res.rangeC.hLim.f: 0.0
IEDBiogasCHP/MMXU1.VA.res.rangeC.lLim [CF]
IEDBiogasCHP/MMXU1.VA.res.rangeC.lLim.i: 0
IEDBiogasCHP/MMXU1.VA.res.rangeC.lLim.f: 0.0
IEDBiogasCHP/MMXU1.VA.res.rangeC.llLim [CF]
IEDBiogasCHP/MMXU1.VA.res.rangeC.llLim.i: 0
IEDBiogasCHP/MMXU1.VA.res.rangeC.llLim.f: 0.0
IEDBiogasCHP/MMXU1.VA.res.rangeC.min [CF]
IEDBiogasCHP/MMXU1.VA.res.rangeC.min.i: 0
IEDBiogasCHP/MMXU1.VA.res.rangeC.min.f: 0.0
IEDBiogasCHP/MMXU1.VA.res.rangeC.max [CF]
IEDBiogasCHP/MMXU1.VA.res.rangeC.max.i: 0
IEDBiogasCHP/MMXU1.VA.res.rangeC.max.f: 0.0
IEDBiogasCHP/MMXU1.VA.res.magSVC [CF]
IEDBiogasCHP/MMXU1.VA.res.magSVC.scaleFactor: 0.0
IEDBiogasCHP/MMXU1.VA.res.magSVC.offset: 0.0
IEDBiogasCHP/MMXU1.VA.res.angSVC [CF]
IEDBiogasCHP/MMXU1.VA.res.angSVC.scaleFactor: 0.0
IEDBiogasCHP/MMXU1.VA.res.angSVC.offset: 0.0
IEDBiogasCHP/MMXU1.VA.res.angRef: 0
IEDBiogasCHP/MMXU1.VA.res.smpRate: 0
14:23:47.377 [openiec61850-osi-server-7-thread-1] DEBUG com.beanit.openiec61850.ServerAssociation - sub BDA is:IEDBiogasCHP/MMXU1.VA.angRef: 0
14:23:47.377 [openiec61850-osi-server-7-thread-1] DEBUG com.beanit.openiec61850.ServerAssociation - sub BDA is:IEDBiogasCHP/MMXU1.VA.phsA.units.SIUnit: 0
14:23:47.377 [openiec61850-osi-server-7-thread-1] DEBUG com.beanit.openiec61850.ServerAssociation - sub BDA is:IEDBiogasCHP/MMXU1.VA.phsA.units.multiplier: 0
14:23:47.377 [openiec61850-osi-server-7-thread-1] DEBUG com.beanit.openiec61850.ServerAssociation - sub BDA is:IEDBiogasCHP/MMXU1.VA.phsA.db: 0
14:23:47.377 [openiec61850-osi-server-7-thread-1] DEBUG com.beanit.openiec61850.ServerAssociation - sub BDA is:IEDBiogasCHP/MMXU1.VA.phsA.zeroDb: 0
14:23:47.377 [openiec61850-osi-server-7-thread-1] DEBUG com.beanit.openiec61850.ServerAssociation - sub BDA is:IEDBiogasCHP/MMXU1.VA.phsA.rangeC.hhLim.i: 0
14:23:47.377 [openiec61850-osi-server-7-thread-1] DEBUG com.beanit.openiec61850.ServerAssociation - sub BDA is:IEDBiogasCHP/MMXU1.VA.phsA.rangeC.hhLim.f: 0.0
14:23:47.377 [openiec61850-osi-server-7-thread-1] DEBUG com.beanit.openiec61850.ServerAssociation - sub BDA is:IEDBiogasCHP/MMXU1.VA.phsA.rangeC.hLim.i: 0
14:23:47.377 [openiec61850-osi-server-7-thread-1] DEBUG com.beanit.openiec61850.ServerAssociation - sub BDA is:IEDBiogasCHP/MMXU1.VA.phsA.rangeC.hLim.f: 0.0
14:23:47.377 [openiec61850-osi-server-7-thread-1] DEBUG com.beanit.openiec61850.ServerAssociation - sub BDA is:IEDBiogasCHP/MMXU1.VA.phsA.rangeC.lLim.i: 0
14:23:47.377 [openiec61850-osi-server-7-thread-1] DEBUG com.beanit.openiec61850.ServerAssociation - sub BDA is:IEDBiogasCHP/MMXU1.VA.phsA.rangeC.lLim.f: 0.0
14:23:47.377 [openiec61850-osi-server-7-thread-1] DEBUG com.beanit.openiec61850.ServerAssociation - sub BDA is:IEDBiogasCHP/MMXU1.VA.phsA.rangeC.llLim.i: 0
14:23:47.377 [openiec61850-osi-server-7-thread-1] DEBUG com.beanit.openiec61850.ServerAssociation - sub BDA is:IEDBiogasCHP/MMXU1.VA.phsA.rangeC.llLim.f: 0.0
14:23:47.377 [openiec61850-osi-server-7-thread-1] DEBUG com.beanit.openiec61850.ServerAssociation - sub BDA is:IEDBiogasCHP/MMXU1.VA.phsA.rangeC.min.i: 0
14:23:47.377 [openiec61850-osi-server-7-thread-1] DEBUG com.beanit.openiec61850.ServerAssociation - sub BDA is:IEDBiogasCHP/MMXU1.VA.phsA.rangeC.min.f: 0.0
14:23:47.377 [openiec61850-osi-server-7-thread-1] DEBUG com.beanit.openiec61850.ServerAssociation - sub BDA is:IEDBiogasCHP/MMXU1.VA.phsA.rangeC.max.i: 0
14:23:47.377 [openiec61850-osi-server-7-thread-1] DEBUG com.beanit.openiec61850.ServerAssociation - sub BDA is:IEDBiogasCHP/MMXU1.VA.phsA.rangeC.max.f: 0.0
14:23:47.377 [openiec61850-osi-server-7-thread-1] DEBUG com.beanit.openiec61850.ServerAssociation - sub BDA is:IEDBiogasCHP/MMXU1.VA.phsA.magSVC.scaleFactor: 0.0
14:23:47.377 [openiec61850-osi-server-7-thread-1] DEBUG com.beanit.openiec61850.ServerAssociation - sub BDA is:IEDBiogasCHP/MMXU1.VA.phsA.magSVC.offset: 0.0
14:23:47.377 [openiec61850-osi-server-7-thread-1] DEBUG com.beanit.openiec61850.ServerAssociation - sub BDA is:IEDBiogasCHP/MMXU1.VA.phsA.angSVC.scaleFactor: 0.0
14:23:47.377 [openiec61850-osi-server-7-thread-1] DEBUG com.beanit.openiec61850.ServerAssociation - sub BDA is:IEDBiogasCHP/MMXU1.VA.phsA.angSVC.offset: 0.0
14:23:47.377 [openiec61850-osi-server-7-thread-1] DEBUG com.beanit.openiec61850.ServerAssociation - sub BDA is:IEDBiogasCHP/MMXU1.VA.phsA.angRef: 0
14:23:47.377 [openiec61850-osi-server-7-thread-1] DEBUG com.beanit.openiec61850.ServerAssociation - sub BDA is:IEDBiogasCHP/MMXU1.VA.phsA.smpRate: 0
14:23:47.377 [openiec61850-osi-server-7-thread-1] DEBUG com.beanit.openiec61850.ServerAssociation - sub BDA is:IEDBiogasCHP/MMXU1.VA.phsB.units.SIUnit: 0
14:23:47.377 [openiec61850-osi-server-7-thread-1] DEBUG com.beanit.openiec61850.ServerAssociation - sub BDA is:IEDBiogasCHP/MMXU1.VA.phsB.units.multiplier: 0
14:23:47.377 [openiec61850-osi-server-7-thread-1] DEBUG com.beanit.openiec61850.ServerAssociation - sub BDA is:IEDBiogasCHP/MMXU1.VA.phsB.db: 0
14:23:47.377 [openiec61850-osi-server-7-thread-1] DEBUG com.beanit.openiec61850.ServerAssociation - sub BDA is:IEDBiogasCHP/MMXU1.VA.phsB.zeroDb: 0
14:23:47.377 [openiec61850-osi-server-7-thread-1] DEBUG com.beanit.openiec61850.ServerAssociation - sub BDA is:IEDBiogasCHP/MMXU1.VA.phsB.rangeC.hhLim.i: 0
14:23:47.377 [openiec61850-osi-server-7-thread-1] DEBUG com.beanit.openiec61850.ServerAssociation - sub BDA is:IEDBiogasCHP/MMXU1.VA.phsB.rangeC.hhLim.f: 0.0
14:23:47.377 [openiec61850-osi-server-7-thread-1] DEBUG com.beanit.openiec61850.ServerAssociation - sub BDA is:IEDBiogasCHP/MMXU1.VA.phsB.rangeC.hLim.i: 0
14:23:47.377 [openiec61850-osi-server-7-thread-1] DEBUG com.beanit.openiec61850.ServerAssociation - sub BDA is:IEDBiogasCHP/MMXU1.VA.phsB.rangeC.hLim.f: 0.0
14:23:47.377 [openiec61850-osi-server-7-thread-1] DEBUG com.beanit.openiec61850.ServerAssociation - sub BDA is:IEDBiogasCHP/MMXU1.VA.phsB.rangeC.lLim.i: 0
14:23:47.377 [openiec61850-osi-server-7-thread-1] DEBUG com.beanit.openiec61850.ServerAssociation - sub BDA is:IEDBiogasCHP/MMXU1.VA.phsB.rangeC.lLim.f: 0.0
14:23:47.377 [openiec61850-osi-server-7-thread-1] DEBUG com.beanit.openiec61850.ServerAssociation - sub BDA is:IEDBiogasCHP/MMXU1.VA.phsB.rangeC.llLim.i: 0
14:23:47.377 [openiec61850-osi-server-7-thread-1] DEBUG com.beanit.openiec61850.ServerAssociation - sub BDA is:IEDBiogasCHP/MMXU1.VA.phsB.rangeC.llLim.f: 0.0
14:23:47.377 [openiec61850-osi-server-7-thread-1] DEBUG com.beanit.openiec61850.ServerAssociation - sub BDA is:IEDBiogasCHP/MMXU1.VA.phsB.rangeC.min.i: 0
14:23:47.377 [openiec61850-osi-server-7-thread-1] DEBUG com.beanit.openiec61850.ServerAssociation - sub BDA is:IEDBiogasCHP/MMXU1.VA.phsB.rangeC.min.f: 0.0
14:23:47.377 [openiec61850-osi-server-7-thread-1] DEBUG com.beanit.openiec61850.ServerAssociation - sub BDA is:IEDBiogasCHP/MMXU1.VA.phsB.rangeC.max.i: 0
14:23:47.377 [openiec61850-osi-server-7-thread-1] DEBUG com.beanit.openiec61850.ServerAssociation - sub BDA is:IEDBiogasCHP/MMXU1.VA.phsB.rangeC.max.f: 0.0
14:23:47.377 [openiec61850-osi-server-7-thread-1] DEBUG com.beanit.openiec61850.ServerAssociation - sub BDA is:IEDBiogasCHP/MMXU1.VA.phsB.magSVC.scaleFactor: 0.0
14:23:47.377 [openiec61850-osi-server-7-thread-1] DEBUG com.beanit.openiec61850.ServerAssociation - sub BDA is:IEDBiogasCHP/MMXU1.VA.phsB.magSVC.offset: 0.0
14:23:47.377 [openiec61850-osi-server-7-thread-1] DEBUG com.beanit.openiec61850.ServerAssociation - sub BDA is:IEDBiogasCHP/MMXU1.VA.phsB.angSVC.scaleFactor: 0.0
14:23:47.377 [openiec61850-osi-server-7-thread-1] DEBUG com.beanit.openiec61850.ServerAssociation - sub BDA is:IEDBiogasCHP/MMXU1.VA.phsB.angSVC.offset: 0.0
14:23:47.377 [openiec61850-osi-server-7-thread-1] DEBUG com.beanit.openiec61850.ServerAssociation - sub BDA is:IEDBiogasCHP/MMXU1.VA.phsB.angRef: 0
14:23:47.377 [openiec61850-osi-server-7-thread-1] DEBUG com.beanit.openiec61850.ServerAssociation - sub BDA is:IEDBiogasCHP/MMXU1.VA.phsB.smpRate: 0
14:23:47.377 [openiec61850-osi-server-7-thread-1] DEBUG com.beanit.openiec61850.ServerAssociation - sub BDA is:IEDBiogasCHP/MMXU1.VA.phsC.units.SIUnit: 0
14:23:47.377 [openiec61850-osi-server-7-thread-1] DEBUG com.beanit.openiec61850.ServerAssociation - sub BDA is:IEDBiogasCHP/MMXU1.VA.phsC.units.multiplier: 0
14:23:47.377 [openiec61850-osi-server-7-thread-1] DEBUG com.beanit.openiec61850.ServerAssociation - sub BDA is:IEDBiogasCHP/MMXU1.VA.phsC.db: 0
14:23:47.377 [openiec61850-osi-server-7-thread-1] DEBUG com.beanit.openiec61850.ServerAssociation - sub BDA is:IEDBiogasCHP/MMXU1.VA.phsC.zeroDb: 0
14:23:47.377 [openiec61850-osi-server-7-thread-1] DEBUG com.beanit.openiec61850.ServerAssociation - sub BDA is:IEDBiogasCHP/MMXU1.VA.phsC.rangeC.hhLim.i: 0
14:23:47.377 [openiec61850-osi-server-7-thread-1] DEBUG com.beanit.openiec61850.ServerAssociation - sub BDA is:IEDBiogasCHP/MMXU1.VA.phsC.rangeC.hhLim.f: 0.0
14:23:47.377 [openiec61850-osi-server-7-thread-1] DEBUG com.beanit.openiec61850.ServerAssociation - sub BDA is:IEDBiogasCHP/MMXU1.VA.phsC.rangeC.hLim.i: 0
14:23:47.377 [openiec61850-osi-server-7-thread-1] DEBUG com.beanit.openiec61850.ServerAssociation - sub BDA is:IEDBiogasCHP/MMXU1.VA.phsC.rangeC.hLim.f: 0.0
14:23:47.377 [openiec61850-osi-server-7-thread-1] DEBUG com.beanit.openiec61850.ServerAssociation - sub BDA is:IEDBiogasCHP/MMXU1.VA.phsC.rangeC.lLim.i: 0
14:23:47.377 [openiec61850-osi-server-7-thread-1] DEBUG com.beanit.openiec61850.ServerAssociation - sub BDA is:IEDBiogasCHP/MMXU1.VA.phsC.rangeC.lLim.f: 0.0
14:23:47.377 [openiec61850-osi-server-7-thread-1] DEBUG com.beanit.openiec61850.ServerAssociation - sub BDA is:IEDBiogasCHP/MMXU1.VA.phsC.rangeC.llLim.i: 0
14:23:47.377 [openiec61850-osi-server-7-thread-1] DEBUG com.beanit.openiec61850.ServerAssociation - sub BDA is:IEDBiogasCHP/MMXU1.VA.phsC.rangeC.llLim.f: 0.0
14:23:47.377 [openiec61850-osi-server-7-thread-1] DEBUG com.beanit.openiec61850.ServerAssociation - sub BDA is:IEDBiogasCHP/MMXU1.VA.phsC.rangeC.min.i: 0
14:23:47.377 [openiec61850-osi-server-7-thread-1] DEBUG com.beanit.openiec61850.ServerAssociation - sub BDA is:IEDBiogasCHP/MMXU1.VA.phsC.rangeC.min.f: 0.0
14:23:47.377 [openiec61850-osi-server-7-thread-1] DEBUG com.beanit.openiec61850.ServerAssociation - sub BDA is:IEDBiogasCHP/MMXU1.VA.phsC.rangeC.max.i: 0
14:23:47.377 [openiec61850-osi-server-7-thread-1] DEBUG com.beanit.openiec61850.ServerAssociation - sub BDA is:IEDBiogasCHP/MMXU1.VA.phsC.rangeC.max.f: 0.0
14:23:47.377 [openiec61850-osi-server-7-thread-1] DEBUG com.beanit.openiec61850.ServerAssociation - sub BDA is:IEDBiogasCHP/MMXU1.VA.phsC.magSVC.scaleFactor: 0.0
14:23:47.377 [openiec61850-osi-server-7-thread-1] DEBUG com.beanit.openiec61850.ServerAssociation - sub BDA is:IEDBiogasCHP/MMXU1.VA.phsC.magSVC.offset: 0.0
14:23:47.377 [openiec61850-osi-server-7-thread-1] DEBUG com.beanit.openiec61850.ServerAssociation - sub BDA is:IEDBiogasCHP/MMXU1.VA.phsC.angSVC.scaleFactor: 0.0
14:23:47.377 [openiec61850-osi-server-7-thread-1] DEBUG com.beanit.openiec61850.ServerAssociation - sub BDA is:IEDBiogasCHP/MMXU1.VA.phsC.angSVC.offset: 0.0
14:23:47.377 [openiec61850-osi-server-7-thread-1] DEBUG com.beanit.openiec61850.ServerAssociation - sub BDA is:IEDBiogasCHP/MMXU1.VA.phsC.angRef: 0
14:23:47.377 [openiec61850-osi-server-7-thread-1] DEBUG com.beanit.openiec61850.ServerAssociation - sub BDA is:IEDBiogasCHP/MMXU1.VA.phsC.smpRate: 0
14:23:47.377 [openiec61850-osi-server-7-thread-1] DEBUG com.beanit.openiec61850.ServerAssociation - sub BDA is:IEDBiogasCHP/MMXU1.VA.neut.units.SIUnit: 0
14:23:47.377 [openiec61850-osi-server-7-thread-1] DEBUG com.beanit.openiec61850.ServerAssociation - sub BDA is:IEDBiogasCHP/MMXU1.VA.neut.units.multiplier: 0
14:23:47.377 [openiec61850-osi-server-7-thread-1] DEBUG com.beanit.openiec61850.ServerAssociation - sub BDA is:IEDBiogasCHP/MMXU1.VA.neut.db: 0
14:23:47.377 [openiec61850-osi-server-7-thread-1] DEBUG com.beanit.openiec61850.ServerAssociation - sub BDA is:IEDBiogasCHP/MMXU1.VA.neut.zeroDb: 0
14:23:47.377 [openiec61850-osi-server-7-thread-1] DEBUG com.beanit.openiec61850.ServerAssociation - sub BDA is:IEDBiogasCHP/MMXU1.VA.neut.rangeC.hhLim.i: 0
14:23:47.377 [openiec61850-osi-server-7-thread-1] DEBUG com.beanit.openiec61850.ServerAssociation - sub BDA is:IEDBiogasCHP/MMXU1.VA.neut.rangeC.hhLim.f: 0.0
14:23:47.377 [openiec61850-osi-server-7-thread-1] DEBUG com.beanit.openiec61850.ServerAssociation - sub BDA is:IEDBiogasCHP/MMXU1.VA.neut.rangeC.hLim.i: 0
14:23:47.377 [openiec61850-osi-server-7-thread-1] DEBUG com.beanit.openiec61850.ServerAssociation - sub BDA is:IEDBiogasCHP/MMXU1.VA.neut.rangeC.hLim.f: 0.0
14:23:47.377 [openiec61850-osi-server-7-thread-1] DEBUG com.beanit.openiec61850.ServerAssociation - sub BDA is:IEDBiogasCHP/MMXU1.VA.neut.rangeC.lLim.i: 0
14:23:47.377 [openiec61850-osi-server-7-thread-1] DEBUG com.beanit.openiec61850.ServerAssociation - sub BDA is:IEDBiogasCHP/MMXU1.VA.neut.rangeC.lLim.f: 0.0
14:23:47.377 [openiec61850-osi-server-7-thread-1] DEBUG com.beanit.openiec61850.ServerAssociation - sub BDA is:IEDBiogasCHP/MMXU1.VA.neut.rangeC.llLim.i: 0
14:23:47.377 [openiec61850-osi-server-7-thread-1] DEBUG com.beanit.openiec61850.ServerAssociation - sub BDA is:IEDBiogasCHP/MMXU1.VA.neut.rangeC.llLim.f: 0.0
14:23:47.377 [openiec61850-osi-server-7-thread-1] DEBUG com.beanit.openiec61850.ServerAssociation - sub BDA is:IEDBiogasCHP/MMXU1.VA.neut.rangeC.min.i: 0
14:23:47.377 [openiec61850-osi-server-7-thread-1] DEBUG com.beanit.openiec61850.ServerAssociation - sub BDA is:IEDBiogasCHP/MMXU1.VA.neut.rangeC.min.f: 0.0
14:23:47.377 [openiec61850-osi-server-7-thread-1] DEBUG com.beanit.openiec61850.ServerAssociation - sub BDA is:IEDBiogasCHP/MMXU1.VA.neut.rangeC.max.i: 0
14:23:47.377 [openiec61850-osi-server-7-thread-1] DEBUG com.beanit.openiec61850.ServerAssociation - sub BDA is:IEDBiogasCHP/MMXU1.VA.neut.rangeC.max.f: 0.0
14:23:47.377 [openiec61850-osi-server-7-thread-1] DEBUG com.beanit.openiec61850.ServerAssociation - sub BDA is:IEDBiogasCHP/MMXU1.VA.neut.magSVC.scaleFactor: 0.0
14:23:47.377 [openiec61850-osi-server-7-thread-1] DEBUG com.beanit.openiec61850.ServerAssociation - sub BDA is:IEDBiogasCHP/MMXU1.VA.neut.magSVC.offset: 0.0
14:23:47.377 [openiec61850-osi-server-7-thread-1] DEBUG com.beanit.openiec61850.ServerAssociation - sub BDA is:IEDBiogasCHP/MMXU1.VA.neut.angSVC.scaleFactor: 0.0
14:23:47.377 [openiec61850-osi-server-7-thread-1] DEBUG com.beanit.openiec61850.ServerAssociation - sub BDA is:IEDBiogasCHP/MMXU1.VA.neut.angSVC.offset: 0.0
14:23:47.377 [openiec61850-osi-server-7-thread-1] DEBUG com.beanit.openiec61850.ServerAssociation - sub BDA is:IEDBiogasCHP/MMXU1.VA.neut.angRef: 0
14:23:47.377 [openiec61850-osi-server-7-thread-1] DEBUG com.beanit.openiec61850.ServerAssociation - sub BDA is:IEDBiogasCHP/MMXU1.VA.neut.smpRate: 0
14:23:47.377 [openiec61850-osi-server-7-thread-1] DEBUG com.beanit.openiec61850.ServerAssociation - sub BDA is:IEDBiogasCHP/MMXU1.VA.net.units.SIUnit: 0
14:23:47.377 [openiec61850-osi-server-7-thread-1] DEBUG com.beanit.openiec61850.ServerAssociation - sub BDA is:IEDBiogasCHP/MMXU1.VA.net.units.multiplier: 0
14:23:47.377 [openiec61850-osi-server-7-thread-1] DEBUG com.beanit.openiec61850.ServerAssociation - sub BDA is:IEDBiogasCHP/MMXU1.VA.net.db: 0
14:23:47.377 [openiec61850-osi-server-7-thread-1] DEBUG com.beanit.openiec61850.ServerAssociation - sub BDA is:IEDBiogasCHP/MMXU1.VA.net.zeroDb: 0
14:23:47.377 [openiec61850-osi-server-7-thread-1] DEBUG com.beanit.openiec61850.ServerAssociation - sub BDA is:IEDBiogasCHP/MMXU1.VA.net.rangeC.hhLim.i: 0
14:23:47.377 [openiec61850-osi-server-7-thread-1] DEBUG com.beanit.openiec61850.ServerAssociation - sub BDA is:IEDBiogasCHP/MMXU1.VA.net.rangeC.hhLim.f: 0.0
14:23:47.377 [openiec61850-osi-server-7-thread-1] DEBUG com.beanit.openiec61850.ServerAssociation - sub BDA is:IEDBiogasCHP/MMXU1.VA.net.rangeC.hLim.i: 0
14:23:47.377 [openiec61850-osi-server-7-thread-1] DEBUG com.beanit.openiec61850.ServerAssociation - sub BDA is:IEDBiogasCHP/MMXU1.VA.net.rangeC.hLim.f: 0.0
14:23:47.377 [openiec61850-osi-server-7-thread-1] DEBUG com.beanit.openiec61850.ServerAssociation - sub BDA is:IEDBiogasCHP/MMXU1.VA.net.rangeC.lLim.i: 0
14:23:47.377 [openiec61850-osi-server-7-thread-1] DEBUG com.beanit.openiec61850.ServerAssociation - sub BDA is:IEDBiogasCHP/MMXU1.VA.net.rangeC.lLim.f: 0.0
14:23:47.377 [openiec61850-osi-server-7-thread-1] DEBUG com.beanit.openiec61850.ServerAssociation - sub BDA is:IEDBiogasCHP/MMXU1.VA.net.rangeC.llLim.i: 0
14:23:47.377 [openiec61850-osi-server-7-thread-1] DEBUG com.beanit.openiec61850.ServerAssociation - sub BDA is:IEDBiogasCHP/MMXU1.VA.net.rangeC.llLim.f: 0.0
14:23:47.377 [openiec61850-osi-server-7-thread-1] DEBUG com.beanit.openiec61850.ServerAssociation - sub BDA is:IEDBiogasCHP/MMXU1.VA.net.rangeC.min.i: 0
14:23:47.377 [openiec61850-osi-server-7-thread-1] DEBUG com.beanit.openiec61850.ServerAssociation - sub BDA is:IEDBiogasCHP/MMXU1.VA.net.rangeC.min.f: 0.0
14:23:47.377 [openiec61850-osi-server-7-thread-1] DEBUG com.beanit.openiec61850.ServerAssociation - sub BDA is:IEDBiogasCHP/MMXU1.VA.net.rangeC.max.i: 0
14:23:47.377 [openiec61850-osi-server-7-thread-1] DEBUG com.beanit.openiec61850.ServerAssociation - sub BDA is:IEDBiogasCHP/MMXU1.VA.net.rangeC.max.f: 0.0
14:23:47.377 [openiec61850-osi-server-7-thread-1] DEBUG com.beanit.openiec61850.ServerAssociation - sub BDA is:IEDBiogasCHP/MMXU1.VA.net.magSVC.scaleFactor: 0.0
14:23:47.377 [openiec61850-osi-server-7-thread-1] DEBUG com.beanit.openiec61850.ServerAssociation - sub BDA is:IEDBiogasCHP/MMXU1.VA.net.magSVC.offset: 0.0
14:23:47.377 [openiec61850-osi-server-7-thread-1] DEBUG com.beanit.openiec61850.ServerAssociation - sub BDA is:IEDBiogasCHP/MMXU1.VA.net.angSVC.scaleFactor: 0.0
14:23:47.377 [openiec61850-osi-server-7-thread-1] DEBUG com.beanit.openiec61850.ServerAssociation - sub BDA is:IEDBiogasCHP/MMXU1.VA.net.angSVC.offset: 0.0
14:23:47.377 [openiec61850-osi-server-7-thread-1] DEBUG com.beanit.openiec61850.ServerAssociation - sub BDA is:IEDBiogasCHP/MMXU1.VA.net.angRef: 0
14:23:47.377 [openiec61850-osi-server-7-thread-1] DEBUG com.beanit.openiec61850.ServerAssociation - sub BDA is:IEDBiogasCHP/MMXU1.VA.net.smpRate: 0
14:23:47.377 [openiec61850-osi-server-7-thread-1] DEBUG com.beanit.openiec61850.ServerAssociation - sub BDA is:IEDBiogasCHP/MMXU1.VA.res.units.SIUnit: 0
14:23:47.377 [openiec61850-osi-server-7-thread-1] DEBUG com.beanit.openiec61850.ServerAssociation - sub BDA is:IEDBiogasCHP/MMXU1.VA.res.units.multiplier: 0
14:23:47.377 [openiec61850-osi-server-7-thread-1] DEBUG com.beanit.openiec61850.ServerAssociation - sub BDA is:IEDBiogasCHP/MMXU1.VA.res.db: 0
14:23:47.377 [openiec61850-osi-server-7-thread-1] DEBUG com.beanit.openiec61850.ServerAssociation - sub BDA is:IEDBiogasCHP/MMXU1.VA.res.zeroDb: 0
14:23:47.377 [openiec61850-osi-server-7-thread-1] DEBUG com.beanit.openiec61850.ServerAssociation - sub BDA is:IEDBiogasCHP/MMXU1.VA.res.rangeC.hhLim.i: 0
14:23:47.377 [openiec61850-osi-server-7-thread-1] DEBUG com.beanit.openiec61850.ServerAssociation - sub BDA is:IEDBiogasCHP/MMXU1.VA.res.rangeC.hhLim.f: 0.0
14:23:47.377 [openiec61850-osi-server-7-thread-1] DEBUG com.beanit.openiec61850.ServerAssociation - sub BDA is:IEDBiogasCHP/MMXU1.VA.res.rangeC.hLim.i: 0
14:23:47.377 [openiec61850-osi-server-7-thread-1] DEBUG com.beanit.openiec61850.ServerAssociation - sub BDA is:IEDBiogasCHP/MMXU1.VA.res.rangeC.hLim.f: 0.0
14:23:47.377 [openiec61850-osi-server-7-thread-1] DEBUG com.beanit.openiec61850.ServerAssociation - sub BDA is:IEDBiogasCHP/MMXU1.VA.res.rangeC.lLim.i: 0
14:23:47.377 [openiec61850-osi-server-7-thread-1] DEBUG com.beanit.openiec61850.ServerAssociation - sub BDA is:IEDBiogasCHP/MMXU1.VA.res.rangeC.lLim.f: 0.0
14:23:47.378 [openiec61850-osi-server-7-thread-1] DEBUG com.beanit.openiec61850.ServerAssociation - sub BDA is:IEDBiogasCHP/MMXU1.VA.res.rangeC.llLim.i: 0
14:23:47.378 [openiec61850-osi-server-7-thread-1] DEBUG com.beanit.openiec61850.ServerAssociation - sub BDA is:IEDBiogasCHP/MMXU1.VA.res.rangeC.llLim.f: 0.0
14:23:47.378 [openiec61850-osi-server-7-thread-1] DEBUG com.beanit.openiec61850.ServerAssociation - sub BDA is:IEDBiogasCHP/MMXU1.VA.res.rangeC.min.i: 0
14:23:47.378 [openiec61850-osi-server-7-thread-1] DEBUG com.beanit.openiec61850.ServerAssociation - sub BDA is:IEDBiogasCHP/MMXU1.VA.res.rangeC.min.f: 0.0
14:23:47.378 [openiec61850-osi-server-7-thread-1] DEBUG com.beanit.openiec61850.ServerAssociation - sub BDA is:IEDBiogasCHP/MMXU1.VA.res.rangeC.max.i: 0
14:23:47.378 [openiec61850-osi-server-7-thread-1] DEBUG com.beanit.openiec61850.ServerAssociation - sub BDA is:IEDBiogasCHP/MMXU1.VA.res.rangeC.max.f: 0.0
14:23:47.378 [openiec61850-osi-server-7-thread-1] DEBUG com.beanit.openiec61850.ServerAssociation - sub BDA is:IEDBiogasCHP/MMXU1.VA.res.magSVC.scaleFactor: 0.0
14:23:47.378 [openiec61850-osi-server-7-thread-1] DEBUG com.beanit.openiec61850.ServerAssociation - sub BDA is:IEDBiogasCHP/MMXU1.VA.res.magSVC.offset: 0.0
14:23:47.378 [openiec61850-osi-server-7-thread-1] DEBUG com.beanit.openiec61850.ServerAssociation - sub BDA is:IEDBiogasCHP/MMXU1.VA.res.angSVC.scaleFactor: 0.0
14:23:47.378 [openiec61850-osi-server-7-thread-1] DEBUG com.beanit.openiec61850.ServerAssociation - sub BDA is:IEDBiogasCHP/MMXU1.VA.res.angSVC.offset: 0.0
14:23:47.378 [openiec61850-osi-server-7-thread-1] DEBUG com.beanit.openiec61850.ServerAssociation - sub BDA is:IEDBiogasCHP/MMXU1.VA.res.angRef: 0
14:23:47.378 [openiec61850-osi-server-7-thread-1] DEBUG com.beanit.openiec61850.ServerAssociation - sub BDA is:IEDBiogasCHP/MMXU1.VA.res.smpRate: 0
calling GetDataValues(IEDBiogasCHP/MMXU1.VA.angRef)
14:23:47.378 [openiec61850-osi-server-7-thread-1] DEBUG com.beanit.openiec61850.ServerAssociation - Got a GetDataValues request for node: IEDBiogasCHP/MMXU1.VA.angRef: 0
calling GetDataValues(IEDBiogasCHP/MMXU1.VA.phsA)
14:23:47.378 [openiec61850-osi-server-7-thread-1] DEBUG com.beanit.openiec61850.ServerAssociation - Got a GetDataValues request for node: IEDBiogasCHP/MMXU1.VA.phsA [CF]
IEDBiogasCHP/MMXU1.VA.phsA.units [CF]
IEDBiogasCHP/MMXU1.VA.phsA.units.SIUnit: 0
IEDBiogasCHP/MMXU1.VA.phsA.units.multiplier: 0
IEDBiogasCHP/MMXU1.VA.phsA.db: 0
IEDBiogasCHP/MMXU1.VA.phsA.zeroDb: 0
IEDBiogasCHP/MMXU1.VA.phsA.rangeC [CF]
IEDBiogasCHP/MMXU1.VA.phsA.rangeC.hhLim [CF]
IEDBiogasCHP/MMXU1.VA.phsA.rangeC.hhLim.i: 0
IEDBiogasCHP/MMXU1.VA.phsA.rangeC.hhLim.f: 0.0
IEDBiogasCHP/MMXU1.VA.phsA.rangeC.hLim [CF]
IEDBiogasCHP/MMXU1.VA.phsA.rangeC.hLim.i: 0
IEDBiogasCHP/MMXU1.VA.phsA.rangeC.hLim.f: 0.0
IEDBiogasCHP/MMXU1.VA.phsA.rangeC.lLim [CF]
IEDBiogasCHP/MMXU1.VA.phsA.rangeC.lLim.i: 0
IEDBiogasCHP/MMXU1.VA.phsA.rangeC.lLim.f: 0.0
IEDBiogasCHP/MMXU1.VA.phsA.rangeC.llLim [CF]
IEDBiogasCHP/MMXU1.VA.phsA.rangeC.llLim.i: 0
IEDBiogasCHP/MMXU1.VA.phsA.rangeC.llLim.f: 0.0
IEDBiogasCHP/MMXU1.VA.phsA.rangeC.min [CF]
IEDBiogasCHP/MMXU1.VA.phsA.rangeC.min.i: 0
IEDBiogasCHP/MMXU1.VA.phsA.rangeC.min.f: 0.0
IEDBiogasCHP/MMXU1.VA.phsA.rangeC.max [CF]
IEDBiogasCHP/MMXU1.VA.phsA.rangeC.max.i: 0
IEDBiogasCHP/MMXU1.VA.phsA.rangeC.max.f: 0.0
IEDBiogasCHP/MMXU1.VA.phsA.magSVC [CF]
IEDBiogasCHP/MMXU1.VA.phsA.magSVC.scaleFactor: 0.0
IEDBiogasCHP/MMXU1.VA.phsA.magSVC.offset: 0.0
IEDBiogasCHP/MMXU1.VA.phsA.angSVC [CF]
IEDBiogasCHP/MMXU1.VA.phsA.angSVC.scaleFactor: 0.0
IEDBiogasCHP/MMXU1.VA.phsA.angSVC.offset: 0.0
IEDBiogasCHP/MMXU1.VA.phsA.angRef: 0
IEDBiogasCHP/MMXU1.VA.phsA.smpRate: 0
14:23:47.378 [openiec61850-osi-server-7-thread-1] DEBUG com.beanit.openiec61850.ServerAssociation - sub BDA is:IEDBiogasCHP/MMXU1.VA.phsA.units.SIUnit: 0
14:23:47.378 [openiec61850-osi-server-7-thread-1] DEBUG com.beanit.openiec61850.ServerAssociation - sub BDA is:IEDBiogasCHP/MMXU1.VA.phsA.units.multiplier: 0
14:23:47.378 [openiec61850-osi-server-7-thread-1] DEBUG com.beanit.openiec61850.ServerAssociation - sub BDA is:IEDBiogasCHP/MMXU1.VA.phsA.db: 0
14:23:47.378 [openiec61850-osi-server-7-thread-1] DEBUG com.beanit.openiec61850.ServerAssociation - sub BDA is:IEDBiogasCHP/MMXU1.VA.phsA.zeroDb: 0
14:23:47.378 [openiec61850-osi-server-7-thread-1] DEBUG com.beanit.openiec61850.ServerAssociation - sub BDA is:IEDBiogasCHP/MMXU1.VA.phsA.rangeC.hhLim.i: 0
14:23:47.378 [openiec61850-osi-server-7-thread-1] DEBUG com.beanit.openiec61850.ServerAssociation - sub BDA is:IEDBiogasCHP/MMXU1.VA.phsA.rangeC.hhLim.f: 0.0
14:23:47.378 [openiec61850-osi-server-7-thread-1] DEBUG com.beanit.openiec61850.ServerAssociation - sub BDA is:IEDBiogasCHP/MMXU1.VA.phsA.rangeC.hLim.i: 0
14:23:47.378 [openiec61850-osi-server-7-thread-1] DEBUG com.beanit.openiec61850.ServerAssociation - sub BDA is:IEDBiogasCHP/MMXU1.VA.phsA.rangeC.hLim.f: 0.0
14:23:47.378 [openiec61850-osi-server-7-thread-1] DEBUG com.beanit.openiec61850.ServerAssociation - sub BDA is:IEDBiogasCHP/MMXU1.VA.phsA.rangeC.lLim.i: 0
14:23:47.378 [openiec61850-osi-server-7-thread-1] DEBUG com.beanit.openiec61850.ServerAssociation - sub BDA is:IEDBiogasCHP/MMXU1.VA.phsA.rangeC.lLim.f: 0.0
14:23:47.378 [openiec61850-osi-server-7-thread-1] DEBUG com.beanit.openiec61850.ServerAssociation - sub BDA is:IEDBiogasCHP/MMXU1.VA.phsA.rangeC.llLim.i: 0
14:23:47.378 [openiec61850-osi-server-7-thread-1] DEBUG com.beanit.openiec61850.ServerAssociation - sub BDA is:IEDBiogasCHP/MMXU1.VA.phsA.rangeC.llLim.f: 0.0
14:23:47.378 [openiec61850-osi-server-7-thread-1] DEBUG com.beanit.openiec61850.ServerAssociation - sub BDA is:IEDBiogasCHP/MMXU1.VA.phsA.rangeC.min.i: 0
14:23:47.378 [openiec61850-osi-server-7-thread-1] DEBUG com.beanit.openiec61850.ServerAssociation - sub BDA is:IEDBiogasCHP/MMXU1.VA.phsA.rangeC.min.f: 0.0
14:23:47.378 [openiec61850-osi-server-7-thread-1] DEBUG com.beanit.openiec61850.ServerAssociation - sub BDA is:IEDBiogasCHP/MMXU1.VA.phsA.rangeC.max.i: 0
14:23:47.378 [openiec61850-osi-server-7-thread-1] DEBUG com.beanit.openiec61850.ServerAssociation - sub BDA is:IEDBiogasCHP/MMXU1.VA.phsA.rangeC.max.f: 0.0
14:23:47.378 [openiec61850-osi-server-7-thread-1] DEBUG com.beanit.openiec61850.ServerAssociation - sub BDA is:IEDBiogasCHP/MMXU1.VA.phsA.magSVC.scaleFactor: 0.0
14:23:47.378 [openiec61850-osi-server-7-thread-1] DEBUG com.beanit.openiec61850.ServerAssociation - sub BDA is:IEDBiogasCHP/MMXU1.VA.phsA.magSVC.offset: 0.0
14:23:47.378 [openiec61850-osi-server-7-thread-1] DEBUG com.beanit.openiec61850.ServerAssociation - sub BDA is:IEDBiogasCHP/MMXU1.VA.phsA.angSVC.scaleFactor: 0.0
14:23:47.378 [openiec61850-osi-server-7-thread-1] DEBUG com.beanit.openiec61850.ServerAssociation - sub BDA is:IEDBiogasCHP/MMXU1.VA.phsA.angSVC.offset: 0.0
14:23:47.378 [openiec61850-osi-server-7-thread-1] DEBUG com.beanit.openiec61850.ServerAssociation - sub BDA is:IEDBiogasCHP/MMXU1.VA.phsA.angRef: 0
14:23:47.378 [openiec61850-osi-server-7-thread-1] DEBUG com.beanit.openiec61850.ServerAssociation - sub BDA is:IEDBiogasCHP/MMXU1.VA.phsA.smpRate: 0
calling GetDataValues(IEDBiogasCHP/MMXU1.VA.phsA.units)
14:23:47.378 [openiec61850-osi-server-7-thread-1] DEBUG com.beanit.openiec61850.ServerAssociation - Got a GetDataValues request for node: IEDBiogasCHP/MMXU1.VA.phsA.units [CF]
IEDBiogasCHP/MMXU1.VA.phsA.units.SIUnit: 0
IEDBiogasCHP/MMXU1.VA.phsA.units.multiplier: 0
14:23:47.378 [openiec61850-osi-server-7-thread-1] DEBUG com.beanit.openiec61850.ServerAssociation - sub BDA is:IEDBiogasCHP/MMXU1.VA.phsA.units.SIUnit: 0
14:23:47.378 [openiec61850-osi-server-7-thread-1] DEBUG com.beanit.openiec61850.ServerAssociation - sub BDA is:IEDBiogasCHP/MMXU1.VA.phsA.units.multiplier: 0
calling GetDataValues(IEDBiogasCHP/MMXU1.VA.phsA.units.SIUnit)
14:23:47.379 [openiec61850-osi-server-7-thread-1] DEBUG com.beanit.openiec61850.ServerAssociation - Got a GetDataValues request for node: IEDBiogasCHP/MMXU1.VA.phsA.units.SIUnit: 0
calling GetDataValues(IEDBiogasCHP/MMXU1.VA.phsA.units.multiplier)
14:23:47.379 [openiec61850-osi-server-7-thread-1] DEBUG com.beanit.openiec61850.ServerAssociation - Got a GetDataValues request for node: IEDBiogasCHP/MMXU1.VA.phsA.units.multiplier: 0
calling GetDataValues(IEDBiogasCHP/MMXU1.VA.phsA.db)
14:23:47.379 [openiec61850-osi-server-7-thread-1] DEBUG com.beanit.openiec61850.ServerAssociation - Got a GetDataValues request for node: IEDBiogasCHP/MMXU1.VA.phsA.db: 0
calling GetDataValues(IEDBiogasCHP/MMXU1.VA.phsA.zeroDb)
14:23:47.379 [openiec61850-osi-server-7-thread-1] DEBUG com.beanit.openiec61850.ServerAssociation - Got a GetDataValues request for node: IEDBiogasCHP/MMXU1.VA.phsA.zeroDb: 0
calling GetDataValues(IEDBiogasCHP/MMXU1.VA.phsA.rangeC)
14:23:47.379 [openiec61850-osi-server-7-thread-1] DEBUG com.beanit.openiec61850.ServerAssociation - Got a GetDataValues request for node: IEDBiogasCHP/MMXU1.VA.phsA.rangeC [CF]
IEDBiogasCHP/MMXU1.VA.phsA.rangeC.hhLim [CF]
IEDBiogasCHP/MMXU1.VA.phsA.rangeC.hhLim.i: 0
IEDBiogasCHP/MMXU1.VA.phsA.rangeC.hhLim.f: 0.0
IEDBiogasCHP/MMXU1.VA.phsA.rangeC.hLim [CF]
IEDBiogasCHP/MMXU1.VA.phsA.rangeC.hLim.i: 0
IEDBiogasCHP/MMXU1.VA.phsA.rangeC.hLim.f: 0.0
IEDBiogasCHP/MMXU1.VA.phsA.rangeC.lLim [CF]
IEDBiogasCHP/MMXU1.VA.phsA.rangeC.lLim.i: 0
IEDBiogasCHP/MMXU1.VA.phsA.rangeC.lLim.f: 0.0
IEDBiogasCHP/MMXU1.VA.phsA.rangeC.llLim [CF]
IEDBiogasCHP/MMXU1.VA.phsA.rangeC.llLim.i: 0
IEDBiogasCHP/MMXU1.VA.phsA.rangeC.llLim.f: 0.0
IEDBiogasCHP/MMXU1.VA.phsA.rangeC.min [CF]
IEDBiogasCHP/MMXU1.VA.phsA.rangeC.min.i: 0
IEDBiogasCHP/MMXU1.VA.phsA.rangeC.min.f: 0.0
IEDBiogasCHP/MMXU1.VA.phsA.rangeC.max [CF]
IEDBiogasCHP/MMXU1.VA.phsA.rangeC.max.i: 0
IEDBiogasCHP/MMXU1.VA.phsA.rangeC.max.f: 0.0
14:23:47.379 [openiec61850-osi-server-7-thread-1] DEBUG com.beanit.openiec61850.ServerAssociation - sub BDA is:IEDBiogasCHP/MMXU1.VA.phsA.rangeC.hhLim.i: 0
14:23:47.379 [openiec61850-osi-server-7-thread-1] DEBUG com.beanit.openiec61850.ServerAssociation - sub BDA is:IEDBiogasCHP/MMXU1.VA.phsA.rangeC.hhLim.f: 0.0
14:23:47.379 [openiec61850-osi-server-7-thread-1] DEBUG com.beanit.openiec61850.ServerAssociation - sub BDA is:IEDBiogasCHP/MMXU1.VA.phsA.rangeC.hLim.i: 0
14:23:47.379 [openiec61850-osi-server-7-thread-1] DEBUG com.beanit.openiec61850.ServerAssociation - sub BDA is:IEDBiogasCHP/MMXU1.VA.phsA.rangeC.hLim.f: 0.0
14:23:47.379 [openiec61850-osi-server-7-thread-1] DEBUG com.beanit.openiec61850.ServerAssociation - sub BDA is:IEDBiogasCHP/MMXU1.VA.phsA.rangeC.lLim.i: 0
14:23:47.379 [openiec61850-osi-server-7-thread-1] DEBUG com.beanit.openiec61850.ServerAssociation - sub BDA is:IEDBiogasCHP/MMXU1.VA.phsA.rangeC.lLim.f: 0.0
14:23:47.379 [openiec61850-osi-server-7-thread-1] DEBUG com.beanit.openiec61850.ServerAssociation - sub BDA is:IEDBiogasCHP/MMXU1.VA.phsA.rangeC.llLim.i: 0
14:23:47.379 [openiec61850-osi-server-7-thread-1] DEBUG com.beanit.openiec61850.ServerAssociation - sub BDA is:IEDBiogasCHP/MMXU1.VA.phsA.rangeC.llLim.f: 0.0
14:23:47.379 [openiec61850-osi-server-7-thread-1] DEBUG com.beanit.openiec61850.ServerAssociation - sub BDA is:IEDBiogasCHP/MMXU1.VA.phsA.rangeC.min.i: 0
14:23:47.379 [openiec61850-osi-server-7-thread-1] DEBUG com.beanit.openiec61850.ServerAssociation - sub BDA is:IEDBiogasCHP/MMXU1.VA.phsA.rangeC.min.f: 0.0
14:23:47.379 [openiec61850-osi-server-7-thread-1] DEBUG com.beanit.openiec61850.ServerAssociation - sub BDA is:IEDBiogasCHP/MMXU1.VA.phsA.rangeC.max.i: 0
14:23:47.379 [openiec61850-osi-server-7-thread-1] DEBUG com.beanit.openiec61850.ServerAssociation - sub BDA is:IEDBiogasCHP/MMXU1.VA.phsA.rangeC.max.f: 0.0
calling GetDataValues(IEDBiogasCHP/MMXU1.VA.phsA.rangeC.hhLim)
14:23:47.379 [openiec61850-osi-server-7-thread-1] DEBUG com.beanit.openiec61850.ServerAssociation - Got a GetDataValues request for node: IEDBiogasCHP/MMXU1.VA.phsA.rangeC.hhLim [CF]
IEDBiogasCHP/MMXU1.VA.phsA.rangeC.hhLim.i: 0
IEDBiogasCHP/MMXU1.VA.phsA.rangeC.hhLim.f: 0.0
14:23:47.379 [openiec61850-osi-server-7-thread-1] DEBUG com.beanit.openiec61850.ServerAssociation - sub BDA is:IEDBiogasCHP/MMXU1.VA.phsA.rangeC.hhLim.i: 0
14:23:47.379 [openiec61850-osi-server-7-thread-1] DEBUG com.beanit.openiec61850.ServerAssociation - sub BDA is:IEDBiogasCHP/MMXU1.VA.phsA.rangeC.hhLim.f: 0.0
calling GetDataValues(IEDBiogasCHP/MMXU1.VA.phsA.rangeC.hhLim.i)
14:23:47.380 [openiec61850-osi-server-7-thread-1] DEBUG com.beanit.openiec61850.ServerAssociation - Got a GetDataValues request for node: IEDBiogasCHP/MMXU1.VA.phsA.rangeC.hhLim.i: 0
calling GetDataValues(IEDBiogasCHP/MMXU1.VA.phsA.rangeC.hhLim.f)
14:23:47.380 [openiec61850-osi-server-7-thread-1] DEBUG com.beanit.openiec61850.ServerAssociation - Got a GetDataValues request for node: IEDBiogasCHP/MMXU1.VA.phsA.rangeC.hhLim.f: 0.0
calling GetDataValues(IEDBiogasCHP/MMXU1.VA.phsA.rangeC.hLim)
14:23:47.380 [openiec61850-osi-server-7-thread-1] DEBUG com.beanit.openiec61850.ServerAssociation - Got a GetDataValues request for node: IEDBiogasCHP/MMXU1.VA.phsA.rangeC.hLim [CF]
IEDBiogasCHP/MMXU1.VA.phsA.rangeC.hLim.i: 0
IEDBiogasCHP/MMXU1.VA.phsA.rangeC.hLim.f: 0.0
14:23:47.380 [openiec61850-osi-server-7-thread-1] DEBUG com.beanit.openiec61850.ServerAssociation - sub BDA is:IEDBiogasCHP/MMXU1.VA.phsA.rangeC.hLim.i: 0
14:23:47.380 [openiec61850-osi-server-7-thread-1] DEBUG com.beanit.openiec61850.ServerAssociation - sub BDA is:IEDBiogasCHP/MMXU1.VA.phsA.rangeC.hLim.f: 0.0
calling GetDataValues(IEDBiogasCHP/MMXU1.VA.phsA.rangeC.hLim.i)
14:23:47.380 [openiec61850-osi-server-7-thread-1] DEBUG com.beanit.openiec61850.ServerAssociation - Got a GetDataValues request for node: IEDBiogasCHP/MMXU1.VA.phsA.rangeC.hLim.i: 0
calling GetDataValues(IEDBiogasCHP/MMXU1.VA.phsA.rangeC.hLim.f)
14:23:47.380 [openiec61850-osi-server-7-thread-1] DEBUG com.beanit.openiec61850.ServerAssociation - Got a GetDataValues request for node: IEDBiogasCHP/MMXU1.VA.phsA.rangeC.hLim.f: 0.0
calling GetDataValues(IEDBiogasCHP/MMXU1.VA.phsA.rangeC.lLim)
14:23:47.380 [openiec61850-osi-server-7-thread-1] DEBUG com.beanit.openiec61850.ServerAssociation - Got a GetDataValues request for node: IEDBiogasCHP/MMXU1.VA.phsA.rangeC.lLim [CF]
IEDBiogasCHP/MMXU1.VA.phsA.rangeC.lLim.i: 0
IEDBiogasCHP/MMXU1.VA.phsA.rangeC.lLim.f: 0.0
14:23:47.380 [openiec61850-osi-server-7-thread-1] DEBUG com.beanit.openiec61850.ServerAssociation - sub BDA is:IEDBiogasCHP/MMXU1.VA.phsA.rangeC.lLim.i: 0
14:23:47.380 [openiec61850-osi-server-7-thread-1] DEBUG com.beanit.openiec61850.ServerAssociation - sub BDA is:IEDBiogasCHP/MMXU1.VA.phsA.rangeC.lLim.f: 0.0
calling GetDataValues(IEDBiogasCHP/MMXU1.VA.phsA.rangeC.lLim.i)
14:23:47.380 [openiec61850-osi-server-7-thread-1] DEBUG com.beanit.openiec61850.ServerAssociation - Got a GetDataValues request for node: IEDBiogasCHP/MMXU1.VA.phsA.rangeC.lLim.i: 0
calling GetDataValues(IEDBiogasCHP/MMXU1.VA.phsA.rangeC.lLim.f)
14:23:47.380 [openiec61850-osi-server-7-thread-1] DEBUG com.beanit.openiec61850.ServerAssociation - Got a GetDataValues request for node: IEDBiogasCHP/MMXU1.VA.phsA.rangeC.lLim.f: 0.0
calling GetDataValues(IEDBiogasCHP/MMXU1.VA.phsA.rangeC.llLim)
14:23:47.381 [openiec61850-osi-server-7-thread-1] DEBUG com.beanit.openiec61850.ServerAssociation - Got a GetDataValues request for node: IEDBiogasCHP/MMXU1.VA.phsA.rangeC.llLim [CF]
IEDBiogasCHP/MMXU1.VA.phsA.rangeC.llLim.i: 0
IEDBiogasCHP/MMXU1.VA.phsA.rangeC.llLim.f: 0.0
14:23:47.381 [openiec61850-osi-server-7-thread-1] DEBUG com.beanit.openiec61850.ServerAssociation - sub BDA is:IEDBiogasCHP/MMXU1.VA.phsA.rangeC.llLim.i: 0
14:23:47.381 [openiec61850-osi-server-7-thread-1] DEBUG com.beanit.openiec61850.ServerAssociation - sub BDA is:IEDBiogasCHP/MMXU1.VA.phsA.rangeC.llLim.f: 0.0
calling GetDataValues(IEDBiogasCHP/MMXU1.VA.phsA.rangeC.llLim.i)
14:23:47.381 [openiec61850-osi-server-7-thread-1] DEBUG com.beanit.openiec61850.ServerAssociation - Got a GetDataValues request for node: IEDBiogasCHP/MMXU1.VA.phsA.rangeC.llLim.i: 0
calling GetDataValues(IEDBiogasCHP/MMXU1.VA.phsA.rangeC.llLim.f)
14:23:47.381 [openiec61850-osi-server-7-thread-1] DEBUG com.beanit.openiec61850.ServerAssociation - Got a GetDataValues request for node: IEDBiogasCHP/MMXU1.VA.phsA.rangeC.llLim.f: 0.0
calling GetDataValues(IEDBiogasCHP/MMXU1.VA.phsA.rangeC.min)
14:23:47.381 [openiec61850-osi-server-7-thread-1] DEBUG com.beanit.openiec61850.ServerAssociation - Got a GetDataValues request for node: IEDBiogasCHP/MMXU1.VA.phsA.rangeC.min [CF]
IEDBiogasCHP/MMXU1.VA.phsA.rangeC.min.i: 0
IEDBiogasCHP/MMXU1.VA.phsA.rangeC.min.f: 0.0
14:23:47.381 [openiec61850-osi-server-7-thread-1] DEBUG com.beanit.openiec61850.ServerAssociation - sub BDA is:IEDBiogasCHP/MMXU1.VA.phsA.rangeC.min.i: 0
14:23:47.381 [openiec61850-osi-server-7-thread-1] DEBUG com.beanit.openiec61850.ServerAssociation - sub BDA is:IEDBiogasCHP/MMXU1.VA.phsA.rangeC.min.f: 0.0
calling GetDataValues(IEDBiogasCHP/MMXU1.VA.phsA.rangeC.min.i)
14:23:47.381 [openiec61850-osi-server-7-thread-1] DEBUG com.beanit.openiec61850.ServerAssociation - Got a GetDataValues request for node: IEDBiogasCHP/MMXU1.VA.phsA.rangeC.min.i: 0
calling GetDataValues(IEDBiogasCHP/MMXU1.VA.phsA.rangeC.min.f)
14:23:47.381 [openiec61850-osi-server-7-thread-1] DEBUG com.beanit.openiec61850.ServerAssociation - Got a GetDataValues request for node: IEDBiogasCHP/MMXU1.VA.phsA.rangeC.min.f: 0.0
calling GetDataValues(IEDBiogasCHP/MMXU1.VA.phsA.rangeC.max)
14:23:47.381 [openiec61850-osi-server-7-thread-1] DEBUG com.beanit.openiec61850.ServerAssociation - Got a GetDataValues request for node: IEDBiogasCHP/MMXU1.VA.phsA.rangeC.max [CF]
IEDBiogasCHP/MMXU1.VA.phsA.rangeC.max.i: 0
IEDBiogasCHP/MMXU1.VA.phsA.rangeC.max.f: 0.0
14:23:47.381 [openiec61850-osi-server-7-thread-1] DEBUG com.beanit.openiec61850.ServerAssociation - sub BDA is:IEDBiogasCHP/MMXU1.VA.phsA.rangeC.max.i: 0
14:23:47.381 [openiec61850-osi-server-7-thread-1] DEBUG com.beanit.openiec61850.ServerAssociation - sub BDA is:IEDBiogasCHP/MMXU1.VA.phsA.rangeC.max.f: 0.0
calling GetDataValues(IEDBiogasCHP/MMXU1.VA.phsA.rangeC.max.i)
14:23:47.382 [openiec61850-osi-server-7-thread-1] DEBUG com.beanit.openiec61850.ServerAssociation - Got a GetDataValues request for node: IEDBiogasCHP/MMXU1.VA.phsA.rangeC.max.i: 0
calling GetDataValues(IEDBiogasCHP/MMXU1.VA.phsA.rangeC.max.f)
14:23:47.382 [openiec61850-osi-server-7-thread-1] DEBUG com.beanit.openiec61850.ServerAssociation - Got a GetDataValues request for node: IEDBiogasCHP/MMXU1.VA.phsA.rangeC.max.f: 0.0
calling GetDataValues(IEDBiogasCHP/MMXU1.VA.phsA.magSVC)
14:23:47.382 [openiec61850-osi-server-7-thread-1] DEBUG com.beanit.openiec61850.ServerAssociation - Got a GetDataValues request for node: IEDBiogasCHP/MMXU1.VA.phsA.magSVC [CF]
IEDBiogasCHP/MMXU1.VA.phsA.magSVC.scaleFactor: 0.0
IEDBiogasCHP/MMXU1.VA.phsA.magSVC.offset: 0.0
14:23:47.382 [openiec61850-osi-server-7-thread-1] DEBUG com.beanit.openiec61850.ServerAssociation - sub BDA is:IEDBiogasCHP/MMXU1.VA.phsA.magSVC.scaleFactor: 0.0
14:23:47.382 [openiec61850-osi-server-7-thread-1] DEBUG com.beanit.openiec61850.ServerAssociation - sub BDA is:IEDBiogasCHP/MMXU1.VA.phsA.magSVC.offset: 0.0
calling GetDataValues(IEDBiogasCHP/MMXU1.VA.phsA.magSVC.scaleFactor)
14:23:47.382 [openiec61850-osi-server-7-thread-1] DEBUG com.beanit.openiec61850.ServerAssociation - Got a GetDataValues request for node: IEDBiogasCHP/MMXU1.VA.phsA.magSVC.scaleFactor: 0.0
calling GetDataValues(IEDBiogasCHP/MMXU1.VA.phsA.magSVC.offset)
14:23:47.382 [openiec61850-osi-server-7-thread-1] DEBUG com.beanit.openiec61850.ServerAssociation - Got a GetDataValues request for node: IEDBiogasCHP/MMXU1.VA.phsA.magSVC.offset: 0.0
calling GetDataValues(IEDBiogasCHP/MMXU1.VA.phsA.angSVC)
14:23:47.382 [openiec61850-osi-server-7-thread-1] DEBUG com.beanit.openiec61850.ServerAssociation - Got a GetDataValues request for node: IEDBiogasCHP/MMXU1.VA.phsA.angSVC [CF]
IEDBiogasCHP/MMXU1.VA.phsA.angSVC.scaleFactor: 0.0
IEDBiogasCHP/MMXU1.VA.phsA.angSVC.offset: 0.0
14:23:47.382 [openiec61850-osi-server-7-thread-1] DEBUG com.beanit.openiec61850.ServerAssociation - sub BDA is:IEDBiogasCHP/MMXU1.VA.phsA.angSVC.scaleFactor: 0.0
14:23:47.382 [openiec61850-osi-server-7-thread-1] DEBUG com.beanit.openiec61850.ServerAssociation - sub BDA is:IEDBiogasCHP/MMXU1.VA.phsA.angSVC.offset: 0.0
calling GetDataValues(IEDBiogasCHP/MMXU1.VA.phsA.angSVC.scaleFactor)
14:23:47.382 [openiec61850-osi-server-7-thread-1] DEBUG com.beanit.openiec61850.ServerAssociation - Got a GetDataValues request for node: IEDBiogasCHP/MMXU1.VA.phsA.angSVC.scaleFactor: 0.0
calling GetDataValues(IEDBiogasCHP/MMXU1.VA.phsA.angSVC.offset)
14:23:47.382 [openiec61850-osi-server-7-thread-1] DEBUG com.beanit.openiec61850.ServerAssociation - Got a GetDataValues request for node: IEDBiogasCHP/MMXU1.VA.phsA.angSVC.offset: 0.0
calling GetDataValues(IEDBiogasCHP/MMXU1.VA.phsA.angRef)
14:23:47.382 [openiec61850-osi-server-7-thread-1] DEBUG com.beanit.openiec61850.ServerAssociation - Got a GetDataValues request for node: IEDBiogasCHP/MMXU1.VA.phsA.angRef: 0
calling GetDataValues(IEDBiogasCHP/MMXU1.VA.phsA.smpRate)
14:23:47.383 [openiec61850-osi-server-7-thread-1] DEBUG com.beanit.openiec61850.ServerAssociation - Got a GetDataValues request for node: IEDBiogasCHP/MMXU1.VA.phsA.smpRate: 0
calling GetDataValues(IEDBiogasCHP/MMXU1.VA.phsB)
14:23:47.383 [openiec61850-osi-server-7-thread-1] DEBUG com.beanit.openiec61850.ServerAssociation - Got a GetDataValues request for node: IEDBiogasCHP/MMXU1.VA.phsB [CF]
IEDBiogasCHP/MMXU1.VA.phsB.units [CF]
IEDBiogasCHP/MMXU1.VA.phsB.units.SIUnit: 0
IEDBiogasCHP/MMXU1.VA.phsB.units.multiplier: 0
IEDBiogasCHP/MMXU1.VA.phsB.db: 0
IEDBiogasCHP/MMXU1.VA.phsB.zeroDb: 0
IEDBiogasCHP/MMXU1.VA.phsB.rangeC [CF]
IEDBiogasCHP/MMXU1.VA.phsB.rangeC.hhLim [CF]
IEDBiogasCHP/MMXU1.VA.phsB.rangeC.hhLim.i: 0
IEDBiogasCHP/MMXU1.VA.phsB.rangeC.hhLim.f: 0.0
IEDBiogasCHP/MMXU1.VA.phsB.rangeC.hLim [CF]
IEDBiogasCHP/MMXU1.VA.phsB.rangeC.hLim.i: 0
IEDBiogasCHP/MMXU1.VA.phsB.rangeC.hLim.f: 0.0
IEDBiogasCHP/MMXU1.VA.phsB.rangeC.lLim [CF]
IEDBiogasCHP/MMXU1.VA.phsB.rangeC.lLim.i: 0
IEDBiogasCHP/MMXU1.VA.phsB.rangeC.lLim.f: 0.0
IEDBiogasCHP/MMXU1.VA.phsB.rangeC.llLim [CF]
IEDBiogasCHP/MMXU1.VA.phsB.rangeC.llLim.i: 0
IEDBiogasCHP/MMXU1.VA.phsB.rangeC.llLim.f: 0.0
IEDBiogasCHP/MMXU1.VA.phsB.rangeC.min [CF]
IEDBiogasCHP/MMXU1.VA.phsB.rangeC.min.i: 0
IEDBiogasCHP/MMXU1.VA.phsB.rangeC.min.f: 0.0
IEDBiogasCHP/MMXU1.VA.phsB.rangeC.max [CF]
IEDBiogasCHP/MMXU1.VA.phsB.rangeC.max.i: 0
IEDBiogasCHP/MMXU1.VA.phsB.rangeC.max.f: 0.0
IEDBiogasCHP/MMXU1.VA.phsB.magSVC [CF]
IEDBiogasCHP/MMXU1.VA.phsB.magSVC.scaleFactor: 0.0
IEDBiogasCHP/MMXU1.VA.phsB.magSVC.offset: 0.0
IEDBiogasCHP/MMXU1.VA.phsB.angSVC [CF]
IEDBiogasCHP/MMXU1.VA.phsB.angSVC.scaleFactor: 0.0
IEDBiogasCHP/MMXU1.VA.phsB.angSVC.offset: 0.0
IEDBiogasCHP/MMXU1.VA.phsB.angRef: 0
IEDBiogasCHP/MMXU1.VA.phsB.smpRate: 0
14:23:47.383 [openiec61850-osi-server-7-thread-1] DEBUG com.beanit.openiec61850.ServerAssociation - sub BDA is:IEDBiogasCHP/MMXU1.VA.phsB.units.SIUnit: 0
14:23:47.383 [openiec61850-osi-server-7-thread-1] DEBUG com.beanit.openiec61850.ServerAssociation - sub BDA is:IEDBiogasCHP/MMXU1.VA.phsB.units.multiplier: 0
14:23:47.383 [openiec61850-osi-server-7-thread-1] DEBUG com.beanit.openiec61850.ServerAssociation - sub BDA is:IEDBiogasCHP/MMXU1.VA.phsB.db: 0
14:23:47.383 [openiec61850-osi-server-7-thread-1] DEBUG com.beanit.openiec61850.ServerAssociation - sub BDA is:IEDBiogasCHP/MMXU1.VA.phsB.zeroDb: 0
14:23:47.383 [openiec61850-osi-server-7-thread-1] DEBUG com.beanit.openiec61850.ServerAssociation - sub BDA is:IEDBiogasCHP/MMXU1.VA.phsB.rangeC.hhLim.i: 0
14:23:47.383 [openiec61850-osi-server-7-thread-1] DEBUG com.beanit.openiec61850.ServerAssociation - sub BDA is:IEDBiogasCHP/MMXU1.VA.phsB.rangeC.hhLim.f: 0.0
14:23:47.383 [openiec61850-osi-server-7-thread-1] DEBUG com.beanit.openiec61850.ServerAssociation - sub BDA is:IEDBiogasCHP/MMXU1.VA.phsB.rangeC.hLim.i: 0
14:23:47.383 [openiec61850-osi-server-7-thread-1] DEBUG com.beanit.openiec61850.ServerAssociation - sub BDA is:IEDBiogasCHP/MMXU1.VA.phsB.rangeC.hLim.f: 0.0
14:23:47.383 [openiec61850-osi-server-7-thread-1] DEBUG com.beanit.openiec61850.ServerAssociation - sub BDA is:IEDBiogasCHP/MMXU1.VA.phsB.rangeC.lLim.i: 0
14:23:47.383 [openiec61850-osi-server-7-thread-1] DEBUG com.beanit.openiec61850.ServerAssociation - sub BDA is:IEDBiogasCHP/MMXU1.VA.phsB.rangeC.lLim.f: 0.0
14:23:47.383 [openiec61850-osi-server-7-thread-1] DEBUG com.beanit.openiec61850.ServerAssociation - sub BDA is:IEDBiogasCHP/MMXU1.VA.phsB.rangeC.llLim.i: 0
14:23:47.383 [openiec61850-osi-server-7-thread-1] DEBUG com.beanit.openiec61850.ServerAssociation - sub BDA is:IEDBiogasCHP/MMXU1.VA.phsB.rangeC.llLim.f: 0.0
14:23:47.383 [openiec61850-osi-server-7-thread-1] DEBUG com.beanit.openiec61850.ServerAssociation - sub BDA is:IEDBiogasCHP/MMXU1.VA.phsB.rangeC.min.i: 0
14:23:47.383 [openiec61850-osi-server-7-thread-1] DEBUG com.beanit.openiec61850.ServerAssociation - sub BDA is:IEDBiogasCHP/MMXU1.VA.phsB.rangeC.min.f: 0.0
14:23:47.383 [openiec61850-osi-server-7-thread-1] DEBUG com.beanit.openiec61850.ServerAssociation - sub BDA is:IEDBiogasCHP/MMXU1.VA.phsB.rangeC.max.i: 0
14:23:47.383 [openiec61850-osi-server-7-thread-1] DEBUG com.beanit.openiec61850.ServerAssociation - sub BDA is:IEDBiogasCHP/MMXU1.VA.phsB.rangeC.max.f: 0.0
14:23:47.383 [openiec61850-osi-server-7-thread-1] DEBUG com.beanit.openiec61850.ServerAssociation - sub BDA is:IEDBiogasCHP/MMXU1.VA.phsB.magSVC.scaleFactor: 0.0
14:23:47.383 [openiec61850-osi-server-7-thread-1] DEBUG com.beanit.openiec61850.ServerAssociation - sub BDA is:IEDBiogasCHP/MMXU1.VA.phsB.magSVC.offset: 0.0
14:23:47.383 [openiec61850-osi-server-7-thread-1] DEBUG com.beanit.openiec61850.ServerAssociation - sub BDA is:IEDBiogasCHP/MMXU1.VA.phsB.angSVC.scaleFactor: 0.0
14:23:47.383 [openiec61850-osi-server-7-thread-1] DEBUG com.beanit.openiec61850.ServerAssociation - sub BDA is:IEDBiogasCHP/MMXU1.VA.phsB.angSVC.offset: 0.0
14:23:47.383 [openiec61850-osi-server-7-thread-1] DEBUG com.beanit.openiec61850.ServerAssociation - sub BDA is:IEDBiogasCHP/MMXU1.VA.phsB.angRef: 0
14:23:47.383 [openiec61850-osi-server-7-thread-1] DEBUG com.beanit.openiec61850.ServerAssociation - sub BDA is:IEDBiogasCHP/MMXU1.VA.phsB.smpRate: 0
calling GetDataValues(IEDBiogasCHP/MMXU1.VA.phsB.units)
14:23:47.383 [openiec61850-osi-server-7-thread-1] DEBUG com.beanit.openiec61850.ServerAssociation - Got a GetDataValues request for node: IEDBiogasCHP/MMXU1.VA.phsB.units [CF]
IEDBiogasCHP/MMXU1.VA.phsB.units.SIUnit: 0
IEDBiogasCHP/MMXU1.VA.phsB.units.multiplier: 0
14:23:47.383 [openiec61850-osi-server-7-thread-1] DEBUG com.beanit.openiec61850.ServerAssociation - sub BDA is:IEDBiogasCHP/MMXU1.VA.phsB.units.SIUnit: 0
14:23:47.383 [openiec61850-osi-server-7-thread-1] DEBUG com.beanit.openiec61850.ServerAssociation - sub BDA is:IEDBiogasCHP/MMXU1.VA.phsB.units.multiplier: 0
calling GetDataValues(IEDBiogasCHP/MMXU1.VA.phsB.units.SIUnit)
14:23:47.383 [openiec61850-osi-server-7-thread-1] DEBUG com.beanit.openiec61850.ServerAssociation - Got a GetDataValues request for node: IEDBiogasCHP/MMXU1.VA.phsB.units.SIUnit: 0
calling GetDataValues(IEDBiogasCHP/MMXU1.VA.phsB.units.multiplier)
14:23:47.383 [openiec61850-osi-server-7-thread-1] DEBUG com.beanit.openiec61850.ServerAssociation - Got a GetDataValues request for node: IEDBiogasCHP/MMXU1.VA.phsB.units.multiplier: 0
calling GetDataValues(IEDBiogasCHP/MMXU1.VA.phsB.db)
14:23:47.383 [openiec61850-osi-server-7-thread-1] DEBUG com.beanit.openiec61850.ServerAssociation - Got a GetDataValues request for node: IEDBiogasCHP/MMXU1.VA.phsB.db: 0
calling GetDataValues(IEDBiogasCHP/MMXU1.VA.phsB.zeroDb)
14:23:47.384 [openiec61850-osi-server-7-thread-1] DEBUG com.beanit.openiec61850.ServerAssociation - Got a GetDataValues request for node: IEDBiogasCHP/MMXU1.VA.phsB.zeroDb: 0
calling GetDataValues(IEDBiogasCHP/MMXU1.VA.phsB.rangeC)
14:23:47.384 [openiec61850-osi-server-7-thread-1] DEBUG com.beanit.openiec61850.ServerAssociation - Got a GetDataValues request for node: IEDBiogasCHP/MMXU1.VA.phsB.rangeC [CF]
IEDBiogasCHP/MMXU1.VA.phsB.rangeC.hhLim [CF]
IEDBiogasCHP/MMXU1.VA.phsB.rangeC.hhLim.i: 0
IEDBiogasCHP/MMXU1.VA.phsB.rangeC.hhLim.f: 0.0
IEDBiogasCHP/MMXU1.VA.phsB.rangeC.hLim [CF]
IEDBiogasCHP/MMXU1.VA.phsB.rangeC.hLim.i: 0
IEDBiogasCHP/MMXU1.VA.phsB.rangeC.hLim.f: 0.0
IEDBiogasCHP/MMXU1.VA.phsB.rangeC.lLim [CF]
IEDBiogasCHP/MMXU1.VA.phsB.rangeC.lLim.i: 0
IEDBiogasCHP/MMXU1.VA.phsB.rangeC.lLim.f: 0.0
IEDBiogasCHP/MMXU1.VA.phsB.rangeC.llLim [CF]
IEDBiogasCHP/MMXU1.VA.phsB.rangeC.llLim.i: 0
IEDBiogasCHP/MMXU1.VA.phsB.rangeC.llLim.f: 0.0
IEDBiogasCHP/MMXU1.VA.phsB.rangeC.min [CF]
IEDBiogasCHP/MMXU1.VA.phsB.rangeC.min.i: 0
IEDBiogasCHP/MMXU1.VA.phsB.rangeC.min.f: 0.0
IEDBiogasCHP/MMXU1.VA.phsB.rangeC.max [CF]
IEDBiogasCHP/MMXU1.VA.phsB.rangeC.max.i: 0
IEDBiogasCHP/MMXU1.VA.phsB.rangeC.max.f: 0.0
14:23:47.384 [openiec61850-osi-server-7-thread-1] DEBUG com.beanit.openiec61850.ServerAssociation - sub BDA is:IEDBiogasCHP/MMXU1.VA.phsB.rangeC.hhLim.i: 0
14:23:47.384 [openiec61850-osi-server-7-thread-1] DEBUG com.beanit.openiec61850.ServerAssociation - sub BDA is:IEDBiogasCHP/MMXU1.VA.phsB.rangeC.hhLim.f: 0.0
14:23:47.384 [openiec61850-osi-server-7-thread-1] DEBUG com.beanit.openiec61850.ServerAssociation - sub BDA is:IEDBiogasCHP/MMXU1.VA.phsB.rangeC.hLim.i: 0
14:23:47.384 [openiec61850-osi-server-7-thread-1] DEBUG com.beanit.openiec61850.ServerAssociation - sub BDA is:IEDBiogasCHP/MMXU1.VA.phsB.rangeC.hLim.f: 0.0
14:23:47.384 [openiec61850-osi-server-7-thread-1] DEBUG com.beanit.openiec61850.ServerAssociation - sub BDA is:IEDBiogasCHP/MMXU1.VA.phsB.rangeC.lLim.i: 0
14:23:47.384 [openiec61850-osi-server-7-thread-1] DEBUG com.beanit.openiec61850.ServerAssociation - sub BDA is:IEDBiogasCHP/MMXU1.VA.phsB.rangeC.lLim.f: 0.0
14:23:47.384 [openiec61850-osi-server-7-thread-1] DEBUG com.beanit.openiec61850.ServerAssociation - sub BDA is:IEDBiogasCHP/MMXU1.VA.phsB.rangeC.llLim.i: 0
14:23:47.384 [openiec61850-osi-server-7-thread-1] DEBUG com.beanit.openiec61850.ServerAssociation - sub BDA is:IEDBiogasCHP/MMXU1.VA.phsB.rangeC.llLim.f: 0.0
14:23:47.384 [openiec61850-osi-server-7-thread-1] DEBUG com.beanit.openiec61850.ServerAssociation - sub BDA is:IEDBiogasCHP/MMXU1.VA.phsB.rangeC.min.i: 0
14:23:47.384 [openiec61850-osi-server-7-thread-1] DEBUG com.beanit.openiec61850.ServerAssociation - sub BDA is:IEDBiogasCHP/MMXU1.VA.phsB.rangeC.min.f: 0.0
14:23:47.384 [openiec61850-osi-server-7-thread-1] DEBUG com.beanit.openiec61850.ServerAssociation - sub BDA is:IEDBiogasCHP/MMXU1.VA.phsB.rangeC.max.i: 0
14:23:47.384 [openiec61850-osi-server-7-thread-1] DEBUG com.beanit.openiec61850.ServerAssociation - sub BDA is:IEDBiogasCHP/MMXU1.VA.phsB.rangeC.max.f: 0.0
calling GetDataValues(IEDBiogasCHP/MMXU1.VA.phsB.rangeC.hhLim)
14:23:47.384 [openiec61850-osi-server-7-thread-1] DEBUG com.beanit.openiec61850.ServerAssociation - Got a GetDataValues request for node: IEDBiogasCHP/MMXU1.VA.phsB.rangeC.hhLim [CF]
IEDBiogasCHP/MMXU1.VA.phsB.rangeC.hhLim.i: 0
IEDBiogasCHP/MMXU1.VA.phsB.rangeC.hhLim.f: 0.0
14:23:47.384 [openiec61850-osi-server-7-thread-1] DEBUG com.beanit.openiec61850.ServerAssociation - sub BDA is:IEDBiogasCHP/MMXU1.VA.phsB.rangeC.hhLim.i: 0
14:23:47.384 [openiec61850-osi-server-7-thread-1] DEBUG com.beanit.openiec61850.ServerAssociation - sub BDA is:IEDBiogasCHP/MMXU1.VA.phsB.rangeC.hhLim.f: 0.0
calling GetDataValues(IEDBiogasCHP/MMXU1.VA.phsB.rangeC.hhLim.i)
14:23:47.384 [openiec61850-osi-server-7-thread-1] DEBUG com.beanit.openiec61850.ServerAssociation - Got a GetDataValues request for node: IEDBiogasCHP/MMXU1.VA.phsB.rangeC.hhLim.i: 0
calling GetDataValues(IEDBiogasCHP/MMXU1.VA.phsB.rangeC.hhLim.f)
14:23:47.384 [openiec61850-osi-server-7-thread-1] DEBUG com.beanit.openiec61850.ServerAssociation - Got a GetDataValues request for node: IEDBiogasCHP/MMXU1.VA.phsB.rangeC.hhLim.f: 0.0
calling GetDataValues(IEDBiogasCHP/MMXU1.VA.phsB.rangeC.hLim)
14:23:47.384 [openiec61850-osi-server-7-thread-1] DEBUG com.beanit.openiec61850.ServerAssociation - Got a GetDataValues request for node: IEDBiogasCHP/MMXU1.VA.phsB.rangeC.hLim [CF]
IEDBiogasCHP/MMXU1.VA.phsB.rangeC.hLim.i: 0
IEDBiogasCHP/MMXU1.VA.phsB.rangeC.hLim.f: 0.0
14:23:47.384 [openiec61850-osi-server-7-thread-1] DEBUG com.beanit.openiec61850.ServerAssociation - sub BDA is:IEDBiogasCHP/MMXU1.VA.phsB.rangeC.hLim.i: 0
14:23:47.384 [openiec61850-osi-server-7-thread-1] DEBUG com.beanit.openiec61850.ServerAssociation - sub BDA is:IEDBiogasCHP/MMXU1.VA.phsB.rangeC.hLim.f: 0.0
calling GetDataValues(IEDBiogasCHP/MMXU1.VA.phsB.rangeC.hLim.i)
14:23:47.385 [openiec61850-osi-server-7-thread-1] DEBUG com.beanit.openiec61850.ServerAssociation - Got a GetDataValues request for node: IEDBiogasCHP/MMXU1.VA.phsB.rangeC.hLim.i: 0
calling GetDataValues(IEDBiogasCHP/MMXU1.VA.phsB.rangeC.hLim.f)
14:23:47.385 [openiec61850-osi-server-7-thread-1] DEBUG com.beanit.openiec61850.ServerAssociation - Got a GetDataValues request for node: IEDBiogasCHP/MMXU1.VA.phsB.rangeC.hLim.f: 0.0
calling GetDataValues(IEDBiogasCHP/MMXU1.VA.phsB.rangeC.lLim)
14:23:47.385 [openiec61850-osi-server-7-thread-1] DEBUG com.beanit.openiec61850.ServerAssociation - Got a GetDataValues request for node: IEDBiogasCHP/MMXU1.VA.phsB.rangeC.lLim [CF]
IEDBiogasCHP/MMXU1.VA.phsB.rangeC.lLim.i: 0
IEDBiogasCHP/MMXU1.VA.phsB.rangeC.lLim.f: 0.0
14:23:47.385 [openiec61850-osi-server-7-thread-1] DEBUG com.beanit.openiec61850.ServerAssociation - sub BDA is:IEDBiogasCHP/MMXU1.VA.phsB.rangeC.lLim.i: 0
14:23:47.385 [openiec61850-osi-server-7-thread-1] DEBUG com.beanit.openiec61850.ServerAssociation - sub BDA is:IEDBiogasCHP/MMXU1.VA.phsB.rangeC.lLim.f: 0.0
calling GetDataValues(IEDBiogasCHP/MMXU1.VA.phsB.rangeC.lLim.i)
14:23:47.385 [openiec61850-osi-server-7-thread-1] DEBUG com.beanit.openiec61850.ServerAssociation - Got a GetDataValues request for node: IEDBiogasCHP/MMXU1.VA.phsB.rangeC.lLim.i: 0
calling GetDataValues(IEDBiogasCHP/MMXU1.VA.phsB.rangeC.lLim.f)
14:23:47.385 [openiec61850-osi-server-7-thread-1] DEBUG com.beanit.openiec61850.ServerAssociation - Got a GetDataValues request for node: IEDBiogasCHP/MMXU1.VA.phsB.rangeC.lLim.f: 0.0
calling GetDataValues(IEDBiogasCHP/MMXU1.VA.phsB.rangeC.llLim)
14:23:47.385 [openiec61850-osi-server-7-thread-1] DEBUG com.beanit.openiec61850.ServerAssociation - Got a GetDataValues request for node: IEDBiogasCHP/MMXU1.VA.phsB.rangeC.llLim [CF]
IEDBiogasCHP/MMXU1.VA.phsB.rangeC.llLim.i: 0
IEDBiogasCHP/MMXU1.VA.phsB.rangeC.llLim.f: 0.0
14:23:47.385 [openiec61850-osi-server-7-thread-1] DEBUG com.beanit.openiec61850.ServerAssociation - sub BDA is:IEDBiogasCHP/MMXU1.VA.phsB.rangeC.llLim.i: 0
14:23:47.385 [openiec61850-osi-server-7-thread-1] DEBUG com.beanit.openiec61850.ServerAssociation - sub BDA is:IEDBiogasCHP/MMXU1.VA.phsB.rangeC.llLim.f: 0.0
calling GetDataValues(IEDBiogasCHP/MMXU1.VA.phsB.rangeC.llLim.i)
14:23:47.385 [openiec61850-osi-server-7-thread-1] DEBUG com.beanit.openiec61850.ServerAssociation - Got a GetDataValues request for node: IEDBiogasCHP/MMXU1.VA.phsB.rangeC.llLim.i: 0
calling GetDataValues(IEDBiogasCHP/MMXU1.VA.phsB.rangeC.llLim.f)
14:23:47.385 [openiec61850-osi-server-7-thread-1] DEBUG com.beanit.openiec61850.ServerAssociation - Got a GetDataValues request for node: IEDBiogasCHP/MMXU1.VA.phsB.rangeC.llLim.f: 0.0
calling GetDataValues(IEDBiogasCHP/MMXU1.VA.phsB.rangeC.min)
14:23:47.385 [openiec61850-osi-server-7-thread-1] DEBUG com.beanit.openiec61850.ServerAssociation - Got a GetDataValues request for node: IEDBiogasCHP/MMXU1.VA.phsB.rangeC.min [CF]
IEDBiogasCHP/MMXU1.VA.phsB.rangeC.min.i: 0
IEDBiogasCHP/MMXU1.VA.phsB.rangeC.min.f: 0.0
14:23:47.385 [openiec61850-osi-server-7-thread-1] DEBUG com.beanit.openiec61850.ServerAssociation - sub BDA is:IEDBiogasCHP/MMXU1.VA.phsB.rangeC.min.i: 0
14:23:47.385 [openiec61850-osi-server-7-thread-1] DEBUG com.beanit.openiec61850.ServerAssociation - sub BDA is:IEDBiogasCHP/MMXU1.VA.phsB.rangeC.min.f: 0.0
calling GetDataValues(IEDBiogasCHP/MMXU1.VA.phsB.rangeC.min.i)
14:23:47.386 [openiec61850-osi-server-7-thread-1] DEBUG com.beanit.openiec61850.ServerAssociation - Got a GetDataValues request for node: IEDBiogasCHP/MMXU1.VA.phsB.rangeC.min.i: 0
calling GetDataValues(IEDBiogasCHP/MMXU1.VA.phsB.rangeC.min.f)
14:23:47.386 [openiec61850-osi-server-7-thread-1] DEBUG com.beanit.openiec61850.ServerAssociation - Got a GetDataValues request for node: IEDBiogasCHP/MMXU1.VA.phsB.rangeC.min.f: 0.0
calling GetDataValues(IEDBiogasCHP/MMXU1.VA.phsB.rangeC.max)
14:23:47.386 [openiec61850-osi-server-7-thread-1] DEBUG com.beanit.openiec61850.ServerAssociation - Got a GetDataValues request for node: IEDBiogasCHP/MMXU1.VA.phsB.rangeC.max [CF]
IEDBiogasCHP/MMXU1.VA.phsB.rangeC.max.i: 0
IEDBiogasCHP/MMXU1.VA.phsB.rangeC.max.f: 0.0
14:23:47.386 [openiec61850-osi-server-7-thread-1] DEBUG com.beanit.openiec61850.ServerAssociation - sub BDA is:IEDBiogasCHP/MMXU1.VA.phsB.rangeC.max.i: 0
14:23:47.386 [openiec61850-osi-server-7-thread-1] DEBUG com.beanit.openiec61850.ServerAssociation - sub BDA is:IEDBiogasCHP/MMXU1.VA.phsB.rangeC.max.f: 0.0
calling GetDataValues(IEDBiogasCHP/MMXU1.VA.phsB.rangeC.max.i)
14:23:47.386 [openiec61850-osi-server-7-thread-1] DEBUG com.beanit.openiec61850.ServerAssociation - Got a GetDataValues request for node: IEDBiogasCHP/MMXU1.VA.phsB.rangeC.max.i: 0
calling GetDataValues(IEDBiogasCHP/MMXU1.VA.phsB.rangeC.max.f)
14:23:47.386 [openiec61850-osi-server-7-thread-1] DEBUG com.beanit.openiec61850.ServerAssociation - Got a GetDataValues request for node: IEDBiogasCHP/MMXU1.VA.phsB.rangeC.max.f: 0.0
calling GetDataValues(IEDBiogasCHP/MMXU1.VA.phsB.magSVC)
14:23:47.386 [openiec61850-osi-server-7-thread-1] DEBUG com.beanit.openiec61850.ServerAssociation - Got a GetDataValues request for node: IEDBiogasCHP/MMXU1.VA.phsB.magSVC [CF]
IEDBiogasCHP/MMXU1.VA.phsB.magSVC.scaleFactor: 0.0
IEDBiogasCHP/MMXU1.VA.phsB.magSVC.offset: 0.0
14:23:47.386 [openiec61850-osi-server-7-thread-1] DEBUG com.beanit.openiec61850.ServerAssociation - sub BDA is:IEDBiogasCHP/MMXU1.VA.phsB.magSVC.scaleFactor: 0.0
14:23:47.386 [openiec61850-osi-server-7-thread-1] DEBUG com.beanit.openiec61850.ServerAssociation - sub BDA is:IEDBiogasCHP/MMXU1.VA.phsB.magSVC.offset: 0.0
calling GetDataValues(IEDBiogasCHP/MMXU1.VA.phsB.magSVC.scaleFactor)
14:23:47.386 [openiec61850-osi-server-7-thread-1] DEBUG com.beanit.openiec61850.ServerAssociation - Got a GetDataValues request for node: IEDBiogasCHP/MMXU1.VA.phsB.magSVC.scaleFactor: 0.0
calling GetDataValues(IEDBiogasCHP/MMXU1.VA.phsB.magSVC.offset)
14:23:47.386 [openiec61850-osi-server-7-thread-1] DEBUG com.beanit.openiec61850.ServerAssociation - Got a GetDataValues request for node: IEDBiogasCHP/MMXU1.VA.phsB.magSVC.offset: 0.0
calling GetDataValues(IEDBiogasCHP/MMXU1.VA.phsB.angSVC)
14:23:47.387 [openiec61850-osi-server-7-thread-1] DEBUG com.beanit.openiec61850.ServerAssociation - Got a GetDataValues request for node: IEDBiogasCHP/MMXU1.VA.phsB.angSVC [CF]
IEDBiogasCHP/MMXU1.VA.phsB.angSVC.scaleFactor: 0.0
IEDBiogasCHP/MMXU1.VA.phsB.angSVC.offset: 0.0
14:23:47.387 [openiec61850-osi-server-7-thread-1] DEBUG com.beanit.openiec61850.ServerAssociation - sub BDA is:IEDBiogasCHP/MMXU1.VA.phsB.angSVC.scaleFactor: 0.0
14:23:47.387 [openiec61850-osi-server-7-thread-1] DEBUG com.beanit.openiec61850.ServerAssociation - sub BDA is:IEDBiogasCHP/MMXU1.VA.phsB.angSVC.offset: 0.0
calling GetDataValues(IEDBiogasCHP/MMXU1.VA.phsB.angSVC.scaleFactor)
14:23:47.387 [openiec61850-osi-server-7-thread-1] DEBUG com.beanit.openiec61850.ServerAssociation - Got a GetDataValues request for node: IEDBiogasCHP/MMXU1.VA.phsB.angSVC.scaleFactor: 0.0
calling GetDataValues(IEDBiogasCHP/MMXU1.VA.phsB.angSVC.offset)
14:23:47.387 [openiec61850-osi-server-7-thread-1] DEBUG com.beanit.openiec61850.ServerAssociation - Got a GetDataValues request for node: IEDBiogasCHP/MMXU1.VA.phsB.angSVC.offset: 0.0
calling GetDataValues(IEDBiogasCHP/MMXU1.VA.phsB.angRef)
14:23:47.387 [openiec61850-osi-server-7-thread-1] DEBUG com.beanit.openiec61850.ServerAssociation - Got a GetDataValues request for node: IEDBiogasCHP/MMXU1.VA.phsB.angRef: 0
calling GetDataValues(IEDBiogasCHP/MMXU1.VA.phsB.smpRate)
14:23:47.387 [openiec61850-osi-server-7-thread-1] DEBUG com.beanit.openiec61850.ServerAssociation - Got a GetDataValues request for node: IEDBiogasCHP/MMXU1.VA.phsB.smpRate: 0
calling GetDataValues(IEDBiogasCHP/MMXU1.VA.phsC)
14:23:47.387 [openiec61850-osi-server-7-thread-1] DEBUG com.beanit.openiec61850.ServerAssociation - Got a GetDataValues request for node: IEDBiogasCHP/MMXU1.VA.phsC [CF]
IEDBiogasCHP/MMXU1.VA.phsC.units [CF]
IEDBiogasCHP/MMXU1.VA.phsC.units.SIUnit: 0
IEDBiogasCHP/MMXU1.VA.phsC.units.multiplier: 0
IEDBiogasCHP/MMXU1.VA.phsC.db: 0
IEDBiogasCHP/MMXU1.VA.phsC.zeroDb: 0
IEDBiogasCHP/MMXU1.VA.phsC.rangeC [CF]
IEDBiogasCHP/MMXU1.VA.phsC.rangeC.hhLim [CF]
IEDBiogasCHP/MMXU1.VA.phsC.rangeC.hhLim.i: 0
IEDBiogasCHP/MMXU1.VA.phsC.rangeC.hhLim.f: 0.0
IEDBiogasCHP/MMXU1.VA.phsC.rangeC.hLim [CF]
IEDBiogasCHP/MMXU1.VA.phsC.rangeC.hLim.i: 0
IEDBiogasCHP/MMXU1.VA.phsC.rangeC.hLim.f: 0.0
IEDBiogasCHP/MMXU1.VA.phsC.rangeC.lLim [CF]
IEDBiogasCHP/MMXU1.VA.phsC.rangeC.lLim.i: 0
IEDBiogasCHP/MMXU1.VA.phsC.rangeC.lLim.f: 0.0
IEDBiogasCHP/MMXU1.VA.phsC.rangeC.llLim [CF]
IEDBiogasCHP/MMXU1.VA.phsC.rangeC.llLim.i: 0
IEDBiogasCHP/MMXU1.VA.phsC.rangeC.llLim.f: 0.0
IEDBiogasCHP/MMXU1.VA.phsC.rangeC.min [CF]
IEDBiogasCHP/MMXU1.VA.phsC.rangeC.min.i: 0
IEDBiogasCHP/MMXU1.VA.phsC.rangeC.min.f: 0.0
IEDBiogasCHP/MMXU1.VA.phsC.rangeC.max [CF]
IEDBiogasCHP/MMXU1.VA.phsC.rangeC.max.i: 0
IEDBiogasCHP/MMXU1.VA.phsC.rangeC.max.f: 0.0
IEDBiogasCHP/MMXU1.VA.phsC.magSVC [CF]
IEDBiogasCHP/MMXU1.VA.phsC.magSVC.scaleFactor: 0.0
IEDBiogasCHP/MMXU1.VA.phsC.magSVC.offset: 0.0
IEDBiogasCHP/MMXU1.VA.phsC.angSVC [CF]
IEDBiogasCHP/MMXU1.VA.phsC.angSVC.scaleFactor: 0.0
IEDBiogasCHP/MMXU1.VA.phsC.angSVC.offset: 0.0
IEDBiogasCHP/MMXU1.VA.phsC.angRef: 0
IEDBiogasCHP/MMXU1.VA.phsC.smpRate: 0
14:23:47.387 [openiec61850-osi-server-7-thread-1] DEBUG com.beanit.openiec61850.ServerAssociation - sub BDA is:IEDBiogasCHP/MMXU1.VA.phsC.units.SIUnit: 0
14:23:47.387 [openiec61850-osi-server-7-thread-1] DEBUG com.beanit.openiec61850.ServerAssociation - sub BDA is:IEDBiogasCHP/MMXU1.VA.phsC.units.multiplier: 0
14:23:47.387 [openiec61850-osi-server-7-thread-1] DEBUG com.beanit.openiec61850.ServerAssociation - sub BDA is:IEDBiogasCHP/MMXU1.VA.phsC.db: 0
14:23:47.387 [openiec61850-osi-server-7-thread-1] DEBUG com.beanit.openiec61850.ServerAssociation - sub BDA is:IEDBiogasCHP/MMXU1.VA.phsC.zeroDb: 0
14:23:47.387 [openiec61850-osi-server-7-thread-1] DEBUG com.beanit.openiec61850.ServerAssociation - sub BDA is:IEDBiogasCHP/MMXU1.VA.phsC.rangeC.hhLim.i: 0
14:23:47.387 [openiec61850-osi-server-7-thread-1] DEBUG com.beanit.openiec61850.ServerAssociation - sub BDA is:IEDBiogasCHP/MMXU1.VA.phsC.rangeC.hhLim.f: 0.0
14:23:47.387 [openiec61850-osi-server-7-thread-1] DEBUG com.beanit.openiec61850.ServerAssociation - sub BDA is:IEDBiogasCHP/MMXU1.VA.phsC.rangeC.hLim.i: 0
14:23:47.387 [openiec61850-osi-server-7-thread-1] DEBUG com.beanit.openiec61850.ServerAssociation - sub BDA is:IEDBiogasCHP/MMXU1.VA.phsC.rangeC.hLim.f: 0.0
14:23:47.387 [openiec61850-osi-server-7-thread-1] DEBUG com.beanit.openiec61850.ServerAssociation - sub BDA is:IEDBiogasCHP/MMXU1.VA.phsC.rangeC.lLim.i: 0
14:23:47.387 [openiec61850-osi-server-7-thread-1] DEBUG com.beanit.openiec61850.ServerAssociation - sub BDA is:IEDBiogasCHP/MMXU1.VA.phsC.rangeC.lLim.f: 0.0
14:23:47.387 [openiec61850-osi-server-7-thread-1] DEBUG com.beanit.openiec61850.ServerAssociation - sub BDA is:IEDBiogasCHP/MMXU1.VA.phsC.rangeC.llLim.i: 0
14:23:47.387 [openiec61850-osi-server-7-thread-1] DEBUG com.beanit.openiec61850.ServerAssociation - sub BDA is:IEDBiogasCHP/MMXU1.VA.phsC.rangeC.llLim.f: 0.0
14:23:47.387 [openiec61850-osi-server-7-thread-1] DEBUG com.beanit.openiec61850.ServerAssociation - sub BDA is:IEDBiogasCHP/MMXU1.VA.phsC.rangeC.min.i: 0
14:23:47.387 [openiec61850-osi-server-7-thread-1] DEBUG com.beanit.openiec61850.ServerAssociation - sub BDA is:IEDBiogasCHP/MMXU1.VA.phsC.rangeC.min.f: 0.0
14:23:47.387 [openiec61850-osi-server-7-thread-1] DEBUG com.beanit.openiec61850.ServerAssociation - sub BDA is:IEDBiogasCHP/MMXU1.VA.phsC.rangeC.max.i: 0
14:23:47.387 [openiec61850-osi-server-7-thread-1] DEBUG com.beanit.openiec61850.ServerAssociation - sub BDA is:IEDBiogasCHP/MMXU1.VA.phsC.rangeC.max.f: 0.0
14:23:47.387 [openiec61850-osi-server-7-thread-1] DEBUG com.beanit.openiec61850.ServerAssociation - sub BDA is:IEDBiogasCHP/MMXU1.VA.phsC.magSVC.scaleFactor: 0.0
14:23:47.387 [openiec61850-osi-server-7-thread-1] DEBUG com.beanit.openiec61850.ServerAssociation - sub BDA is:IEDBiogasCHP/MMXU1.VA.phsC.magSVC.offset: 0.0
14:23:47.387 [openiec61850-osi-server-7-thread-1] DEBUG com.beanit.openiec61850.ServerAssociation - sub BDA is:IEDBiogasCHP/MMXU1.VA.phsC.angSVC.scaleFactor: 0.0
14:23:47.387 [openiec61850-osi-server-7-thread-1] DEBUG com.beanit.openiec61850.ServerAssociation - sub BDA is:IEDBiogasCHP/MMXU1.VA.phsC.angSVC.offset: 0.0
14:23:47.387 [openiec61850-osi-server-7-thread-1] DEBUG com.beanit.openiec61850.ServerAssociation - sub BDA is:IEDBiogasCHP/MMXU1.VA.phsC.angRef: 0
14:23:47.387 [openiec61850-osi-server-7-thread-1] DEBUG com.beanit.openiec61850.ServerAssociation - sub BDA is:IEDBiogasCHP/MMXU1.VA.phsC.smpRate: 0
calling GetDataValues(IEDBiogasCHP/MMXU1.VA.phsC.units)
14:23:47.388 [openiec61850-osi-server-7-thread-1] DEBUG com.beanit.openiec61850.ServerAssociation - Got a GetDataValues request for node: IEDBiogasCHP/MMXU1.VA.phsC.units [CF]
IEDBiogasCHP/MMXU1.VA.phsC.units.SIUnit: 0
IEDBiogasCHP/MMXU1.VA.phsC.units.multiplier: 0
14:23:47.388 [openiec61850-osi-server-7-thread-1] DEBUG com.beanit.openiec61850.ServerAssociation - sub BDA is:IEDBiogasCHP/MMXU1.VA.phsC.units.SIUnit: 0
14:23:47.388 [openiec61850-osi-server-7-thread-1] DEBUG com.beanit.openiec61850.ServerAssociation - sub BDA is:IEDBiogasCHP/MMXU1.VA.phsC.units.multiplier: 0
calling GetDataValues(IEDBiogasCHP/MMXU1.VA.phsC.units.SIUnit)
14:23:47.388 [openiec61850-osi-server-7-thread-1] DEBUG com.beanit.openiec61850.ServerAssociation - Got a GetDataValues request for node: IEDBiogasCHP/MMXU1.VA.phsC.units.SIUnit: 0
calling GetDataValues(IEDBiogasCHP/MMXU1.VA.phsC.units.multiplier)
14:23:47.388 [openiec61850-osi-server-7-thread-1] DEBUG com.beanit.openiec61850.ServerAssociation - Got a GetDataValues request for node: IEDBiogasCHP/MMXU1.VA.phsC.units.multiplier: 0
calling GetDataValues(IEDBiogasCHP/MMXU1.VA.phsC.db)
14:23:47.388 [openiec61850-osi-server-7-thread-1] DEBUG com.beanit.openiec61850.ServerAssociation - Got a GetDataValues request for node: IEDBiogasCHP/MMXU1.VA.phsC.db: 0
calling GetDataValues(IEDBiogasCHP/MMXU1.VA.phsC.zeroDb)
14:23:47.388 [openiec61850-osi-server-7-thread-1] DEBUG com.beanit.openiec61850.ServerAssociation - Got a GetDataValues request for node: IEDBiogasCHP/MMXU1.VA.phsC.zeroDb: 0
calling GetDataValues(IEDBiogasCHP/MMXU1.VA.phsC.rangeC)
14:23:47.388 [openiec61850-osi-server-7-thread-1] DEBUG com.beanit.openiec61850.ServerAssociation - Got a GetDataValues request for node: IEDBiogasCHP/MMXU1.VA.phsC.rangeC [CF]
IEDBiogasCHP/MMXU1.VA.phsC.rangeC.hhLim [CF]
IEDBiogasCHP/MMXU1.VA.phsC.rangeC.hhLim.i: 0
IEDBiogasCHP/MMXU1.VA.phsC.rangeC.hhLim.f: 0.0
IEDBiogasCHP/MMXU1.VA.phsC.rangeC.hLim [CF]
IEDBiogasCHP/MMXU1.VA.phsC.rangeC.hLim.i: 0
IEDBiogasCHP/MMXU1.VA.phsC.rangeC.hLim.f: 0.0
IEDBiogasCHP/MMXU1.VA.phsC.rangeC.lLim [CF]
IEDBiogasCHP/MMXU1.VA.phsC.rangeC.lLim.i: 0
IEDBiogasCHP/MMXU1.VA.phsC.rangeC.lLim.f: 0.0
IEDBiogasCHP/MMXU1.VA.phsC.rangeC.llLim [CF]
IEDBiogasCHP/MMXU1.VA.phsC.rangeC.llLim.i: 0
IEDBiogasCHP/MMXU1.VA.phsC.rangeC.llLim.f: 0.0
IEDBiogasCHP/MMXU1.VA.phsC.rangeC.min [CF]
IEDBiogasCHP/MMXU1.VA.phsC.rangeC.min.i: 0
IEDBiogasCHP/MMXU1.VA.phsC.rangeC.min.f: 0.0
IEDBiogasCHP/MMXU1.VA.phsC.rangeC.max [CF]
IEDBiogasCHP/MMXU1.VA.phsC.rangeC.max.i: 0
IEDBiogasCHP/MMXU1.VA.phsC.rangeC.max.f: 0.0
14:23:47.388 [openiec61850-osi-server-7-thread-1] DEBUG com.beanit.openiec61850.ServerAssociation - sub BDA is:IEDBiogasCHP/MMXU1.VA.phsC.rangeC.hhLim.i: 0
14:23:47.388 [openiec61850-osi-server-7-thread-1] DEBUG com.beanit.openiec61850.ServerAssociation - sub BDA is:IEDBiogasCHP/MMXU1.VA.phsC.rangeC.hhLim.f: 0.0
14:23:47.388 [openiec61850-osi-server-7-thread-1] DEBUG com.beanit.openiec61850.ServerAssociation - sub BDA is:IEDBiogasCHP/MMXU1.VA.phsC.rangeC.hLim.i: 0
14:23:47.388 [openiec61850-osi-server-7-thread-1] DEBUG com.beanit.openiec61850.ServerAssociation - sub BDA is:IEDBiogasCHP/MMXU1.VA.phsC.rangeC.hLim.f: 0.0
14:23:47.388 [openiec61850-osi-server-7-thread-1] DEBUG com.beanit.openiec61850.ServerAssociation - sub BDA is:IEDBiogasCHP/MMXU1.VA.phsC.rangeC.lLim.i: 0
14:23:47.388 [openiec61850-osi-server-7-thread-1] DEBUG com.beanit.openiec61850.ServerAssociation - sub BDA is:IEDBiogasCHP/MMXU1.VA.phsC.rangeC.lLim.f: 0.0
14:23:47.388 [openiec61850-osi-server-7-thread-1] DEBUG com.beanit.openiec61850.ServerAssociation - sub BDA is:IEDBiogasCHP/MMXU1.VA.phsC.rangeC.llLim.i: 0
14:23:47.388 [openiec61850-osi-server-7-thread-1] DEBUG com.beanit.openiec61850.ServerAssociation - sub BDA is:IEDBiogasCHP/MMXU1.VA.phsC.rangeC.llLim.f: 0.0
14:23:47.388 [openiec61850-osi-server-7-thread-1] DEBUG com.beanit.openiec61850.ServerAssociation - sub BDA is:IEDBiogasCHP/MMXU1.VA.phsC.rangeC.min.i: 0
14:23:47.388 [openiec61850-osi-server-7-thread-1] DEBUG com.beanit.openiec61850.ServerAssociation - sub BDA is:IEDBiogasCHP/MMXU1.VA.phsC.rangeC.min.f: 0.0
14:23:47.388 [openiec61850-osi-server-7-thread-1] DEBUG com.beanit.openiec61850.ServerAssociation - sub BDA is:IEDBiogasCHP/MMXU1.VA.phsC.rangeC.max.i: 0
14:23:47.388 [openiec61850-osi-server-7-thread-1] DEBUG com.beanit.openiec61850.ServerAssociation - sub BDA is:IEDBiogasCHP/MMXU1.VA.phsC.rangeC.max.f: 0.0
calling GetDataValues(IEDBiogasCHP/MMXU1.VA.phsC.rangeC.hhLim)
14:23:47.388 [openiec61850-osi-server-7-thread-1] DEBUG com.beanit.openiec61850.ServerAssociation - Got a GetDataValues request for node: IEDBiogasCHP/MMXU1.VA.phsC.rangeC.hhLim [CF]
IEDBiogasCHP/MMXU1.VA.phsC.rangeC.hhLim.i: 0
IEDBiogasCHP/MMXU1.VA.phsC.rangeC.hhLim.f: 0.0
14:23:47.388 [openiec61850-osi-server-7-thread-1] DEBUG com.beanit.openiec61850.ServerAssociation - sub BDA is:IEDBiogasCHP/MMXU1.VA.phsC.rangeC.hhLim.i: 0
14:23:47.388 [openiec61850-osi-server-7-thread-1] DEBUG com.beanit.openiec61850.ServerAssociation - sub BDA is:IEDBiogasCHP/MMXU1.VA.phsC.rangeC.hhLim.f: 0.0
calling GetDataValues(IEDBiogasCHP/MMXU1.VA.phsC.rangeC.hhLim.i)
14:23:47.388 [openiec61850-osi-server-7-thread-1] DEBUG com.beanit.openiec61850.ServerAssociation - Got a GetDataValues request for node: IEDBiogasCHP/MMXU1.VA.phsC.rangeC.hhLim.i: 0
calling GetDataValues(IEDBiogasCHP/MMXU1.VA.phsC.rangeC.hhLim.f)
14:23:47.389 [openiec61850-osi-server-7-thread-1] DEBUG com.beanit.openiec61850.ServerAssociation - Got a GetDataValues request for node: IEDBiogasCHP/MMXU1.VA.phsC.rangeC.hhLim.f: 0.0
calling GetDataValues(IEDBiogasCHP/MMXU1.VA.phsC.rangeC.hLim)
14:23:47.389 [openiec61850-osi-server-7-thread-1] DEBUG com.beanit.openiec61850.ServerAssociation - Got a GetDataValues request for node: IEDBiogasCHP/MMXU1.VA.phsC.rangeC.hLim [CF]
IEDBiogasCHP/MMXU1.VA.phsC.rangeC.hLim.i: 0
IEDBiogasCHP/MMXU1.VA.phsC.rangeC.hLim.f: 0.0
14:23:47.389 [openiec61850-osi-server-7-thread-1] DEBUG com.beanit.openiec61850.ServerAssociation - sub BDA is:IEDBiogasCHP/MMXU1.VA.phsC.rangeC.hLim.i: 0
14:23:47.389 [openiec61850-osi-server-7-thread-1] DEBUG com.beanit.openiec61850.ServerAssociation - sub BDA is:IEDBiogasCHP/MMXU1.VA.phsC.rangeC.hLim.f: 0.0
calling GetDataValues(IEDBiogasCHP/MMXU1.VA.phsC.rangeC.hLim.i)
14:23:47.389 [openiec61850-osi-server-7-thread-1] DEBUG com.beanit.openiec61850.ServerAssociation - Got a GetDataValues request for node: IEDBiogasCHP/MMXU1.VA.phsC.rangeC.hLim.i: 0
calling GetDataValues(IEDBiogasCHP/MMXU1.VA.phsC.rangeC.hLim.f)
14:23:47.389 [openiec61850-osi-server-7-thread-1] DEBUG com.beanit.openiec61850.ServerAssociation - Got a GetDataValues request for node: IEDBiogasCHP/MMXU1.VA.phsC.rangeC.hLim.f: 0.0
calling GetDataValues(IEDBiogasCHP/MMXU1.VA.phsC.rangeC.lLim)
14:23:47.389 [openiec61850-osi-server-7-thread-1] DEBUG com.beanit.openiec61850.ServerAssociation - Got a GetDataValues request for node: IEDBiogasCHP/MMXU1.VA.phsC.rangeC.lLim [CF]
IEDBiogasCHP/MMXU1.VA.phsC.rangeC.lLim.i: 0
IEDBiogasCHP/MMXU1.VA.phsC.rangeC.lLim.f: 0.0
14:23:47.389 [openiec61850-osi-server-7-thread-1] DEBUG com.beanit.openiec61850.ServerAssociation - sub BDA is:IEDBiogasCHP/MMXU1.VA.phsC.rangeC.lLim.i: 0
14:23:47.389 [openiec61850-osi-server-7-thread-1] DEBUG com.beanit.openiec61850.ServerAssociation - sub BDA is:IEDBiogasCHP/MMXU1.VA.phsC.rangeC.lLim.f: 0.0
calling GetDataValues(IEDBiogasCHP/MMXU1.VA.phsC.rangeC.lLim.i)
14:23:47.389 [openiec61850-osi-server-7-thread-1] DEBUG com.beanit.openiec61850.ServerAssociation - Got a GetDataValues request for node: IEDBiogasCHP/MMXU1.VA.phsC.rangeC.lLim.i: 0
calling GetDataValues(IEDBiogasCHP/MMXU1.VA.phsC.rangeC.lLim.f)
14:23:47.389 [openiec61850-osi-server-7-thread-1] DEBUG com.beanit.openiec61850.ServerAssociation - Got a GetDataValues request for node: IEDBiogasCHP/MMXU1.VA.phsC.rangeC.lLim.f: 0.0
calling GetDataValues(IEDBiogasCHP/MMXU1.VA.phsC.rangeC.llLim)
14:23:47.389 [openiec61850-osi-server-7-thread-1] DEBUG com.beanit.openiec61850.ServerAssociation - Got a GetDataValues request for node: IEDBiogasCHP/MMXU1.VA.phsC.rangeC.llLim [CF]
IEDBiogasCHP/MMXU1.VA.phsC.rangeC.llLim.i: 0
IEDBiogasCHP/MMXU1.VA.phsC.rangeC.llLim.f: 0.0
14:23:47.389 [openiec61850-osi-server-7-thread-1] DEBUG com.beanit.openiec61850.ServerAssociation - sub BDA is:IEDBiogasCHP/MMXU1.VA.phsC.rangeC.llLim.i: 0
14:23:47.389 [openiec61850-osi-server-7-thread-1] DEBUG com.beanit.openiec61850.ServerAssociation - sub BDA is:IEDBiogasCHP/MMXU1.VA.phsC.rangeC.llLim.f: 0.0
calling GetDataValues(IEDBiogasCHP/MMXU1.VA.phsC.rangeC.llLim.i)
14:23:47.390 [openiec61850-osi-server-7-thread-1] DEBUG com.beanit.openiec61850.ServerAssociation - Got a GetDataValues request for node: IEDBiogasCHP/MMXU1.VA.phsC.rangeC.llLim.i: 0
calling GetDataValues(IEDBiogasCHP/MMXU1.VA.phsC.rangeC.llLim.f)
14:23:47.390 [openiec61850-osi-server-7-thread-1] DEBUG com.beanit.openiec61850.ServerAssociation - Got a GetDataValues request for node: IEDBiogasCHP/MMXU1.VA.phsC.rangeC.llLim.f: 0.0
calling GetDataValues(IEDBiogasCHP/MMXU1.VA.phsC.rangeC.min)
14:23:47.390 [openiec61850-osi-server-7-thread-1] DEBUG com.beanit.openiec61850.ServerAssociation - Got a GetDataValues request for node: IEDBiogasCHP/MMXU1.VA.phsC.rangeC.min [CF]
IEDBiogasCHP/MMXU1.VA.phsC.rangeC.min.i: 0
IEDBiogasCHP/MMXU1.VA.phsC.rangeC.min.f: 0.0
14:23:47.390 [openiec61850-osi-server-7-thread-1] DEBUG com.beanit.openiec61850.ServerAssociation - sub BDA is:IEDBiogasCHP/MMXU1.VA.phsC.rangeC.min.i: 0
14:23:47.390 [openiec61850-osi-server-7-thread-1] DEBUG com.beanit.openiec61850.ServerAssociation - sub BDA is:IEDBiogasCHP/MMXU1.VA.phsC.rangeC.min.f: 0.0
calling GetDataValues(IEDBiogasCHP/MMXU1.VA.phsC.rangeC.min.i)
14:23:47.390 [openiec61850-osi-server-7-thread-1] DEBUG com.beanit.openiec61850.ServerAssociation - Got a GetDataValues request for node: IEDBiogasCHP/MMXU1.VA.phsC.rangeC.min.i: 0
calling GetDataValues(IEDBiogasCHP/MMXU1.VA.phsC.rangeC.min.f)
14:23:47.390 [openiec61850-osi-server-7-thread-1] DEBUG com.beanit.openiec61850.ServerAssociation - Got a GetDataValues request for node: IEDBiogasCHP/MMXU1.VA.phsC.rangeC.min.f: 0.0
calling GetDataValues(IEDBiogasCHP/MMXU1.VA.phsC.rangeC.max)
14:23:47.390 [openiec61850-osi-server-7-thread-1] DEBUG com.beanit.openiec61850.ServerAssociation - Got a GetDataValues request for node: IEDBiogasCHP/MMXU1.VA.phsC.rangeC.max [CF]
IEDBiogasCHP/MMXU1.VA.phsC.rangeC.max.i: 0
IEDBiogasCHP/MMXU1.VA.phsC.rangeC.max.f: 0.0
14:23:47.390 [openiec61850-osi-server-7-thread-1] DEBUG com.beanit.openiec61850.ServerAssociation - sub BDA is:IEDBiogasCHP/MMXU1.VA.phsC.rangeC.max.i: 0
14:23:47.390 [openiec61850-osi-server-7-thread-1] DEBUG com.beanit.openiec61850.ServerAssociation - sub BDA is:IEDBiogasCHP/MMXU1.VA.phsC.rangeC.max.f: 0.0
calling GetDataValues(IEDBiogasCHP/MMXU1.VA.phsC.rangeC.max.i)
14:23:47.390 [openiec61850-osi-server-7-thread-1] DEBUG com.beanit.openiec61850.ServerAssociation - Got a GetDataValues request for node: IEDBiogasCHP/MMXU1.VA.phsC.rangeC.max.i: 0
calling GetDataValues(IEDBiogasCHP/MMXU1.VA.phsC.rangeC.max.f)
14:23:47.390 [openiec61850-osi-server-7-thread-1] DEBUG com.beanit.openiec61850.ServerAssociation - Got a GetDataValues request for node: IEDBiogasCHP/MMXU1.VA.phsC.rangeC.max.f: 0.0
calling GetDataValues(IEDBiogasCHP/MMXU1.VA.phsC.magSVC)
14:23:47.391 [openiec61850-osi-server-7-thread-1] DEBUG com.beanit.openiec61850.ServerAssociation - Got a GetDataValues request for node: IEDBiogasCHP/MMXU1.VA.phsC.magSVC [CF]
IEDBiogasCHP/MMXU1.VA.phsC.magSVC.scaleFactor: 0.0
IEDBiogasCHP/MMXU1.VA.phsC.magSVC.offset: 0.0
14:23:47.391 [openiec61850-osi-server-7-thread-1] DEBUG com.beanit.openiec61850.ServerAssociation - sub BDA is:IEDBiogasCHP/MMXU1.VA.phsC.magSVC.scaleFactor: 0.0
14:23:47.391 [openiec61850-osi-server-7-thread-1] DEBUG com.beanit.openiec61850.ServerAssociation - sub BDA is:IEDBiogasCHP/MMXU1.VA.phsC.magSVC.offset: 0.0
calling GetDataValues(IEDBiogasCHP/MMXU1.VA.phsC.magSVC.scaleFactor)
14:23:47.391 [openiec61850-osi-server-7-thread-1] DEBUG com.beanit.openiec61850.ServerAssociation - Got a GetDataValues request for node: IEDBiogasCHP/MMXU1.VA.phsC.magSVC.scaleFactor: 0.0
calling GetDataValues(IEDBiogasCHP/MMXU1.VA.phsC.magSVC.offset)
14:23:47.391 [openiec61850-osi-server-7-thread-1] DEBUG com.beanit.openiec61850.ServerAssociation - Got a GetDataValues request for node: IEDBiogasCHP/MMXU1.VA.phsC.magSVC.offset: 0.0
calling GetDataValues(IEDBiogasCHP/MMXU1.VA.phsC.angSVC)
14:23:47.391 [openiec61850-osi-server-7-thread-1] DEBUG com.beanit.openiec61850.ServerAssociation - Got a GetDataValues request for node: IEDBiogasCHP/MMXU1.VA.phsC.angSVC [CF]
IEDBiogasCHP/MMXU1.VA.phsC.angSVC.scaleFactor: 0.0
IEDBiogasCHP/MMXU1.VA.phsC.angSVC.offset: 0.0
14:23:47.391 [openiec61850-osi-server-7-thread-1] DEBUG com.beanit.openiec61850.ServerAssociation - sub BDA is:IEDBiogasCHP/MMXU1.VA.phsC.angSVC.scaleFactor: 0.0
14:23:47.391 [openiec61850-osi-server-7-thread-1] DEBUG com.beanit.openiec61850.ServerAssociation - sub BDA is:IEDBiogasCHP/MMXU1.VA.phsC.angSVC.offset: 0.0
calling GetDataValues(IEDBiogasCHP/MMXU1.VA.phsC.angSVC.scaleFactor)
14:23:47.391 [openiec61850-osi-server-7-thread-1] DEBUG com.beanit.openiec61850.ServerAssociation - Got a GetDataValues request for node: IEDBiogasCHP/MMXU1.VA.phsC.angSVC.scaleFactor: 0.0
calling GetDataValues(IEDBiogasCHP/MMXU1.VA.phsC.angSVC.offset)
14:23:47.391 [openiec61850-osi-server-7-thread-1] DEBUG com.beanit.openiec61850.ServerAssociation - Got a GetDataValues request for node: IEDBiogasCHP/MMXU1.VA.phsC.angSVC.offset: 0.0
calling GetDataValues(IEDBiogasCHP/MMXU1.VA.phsC.angRef)
14:23:47.391 [openiec61850-osi-server-7-thread-1] DEBUG com.beanit.openiec61850.ServerAssociation - Got a GetDataValues request for node: IEDBiogasCHP/MMXU1.VA.phsC.angRef: 0
calling GetDataValues(IEDBiogasCHP/MMXU1.VA.phsC.smpRate)
14:23:47.391 [openiec61850-osi-server-7-thread-1] DEBUG com.beanit.openiec61850.ServerAssociation - Got a GetDataValues request for node: IEDBiogasCHP/MMXU1.VA.phsC.smpRate: 0
calling GetDataValues(IEDBiogasCHP/MMXU1.VA.neut)
14:23:47.391 [openiec61850-osi-server-7-thread-1] DEBUG com.beanit.openiec61850.ServerAssociation - Got a GetDataValues request for node: IEDBiogasCHP/MMXU1.VA.neut [CF]
IEDBiogasCHP/MMXU1.VA.neut.units [CF]
IEDBiogasCHP/MMXU1.VA.neut.units.SIUnit: 0
IEDBiogasCHP/MMXU1.VA.neut.units.multiplier: 0
IEDBiogasCHP/MMXU1.VA.neut.db: 0
IEDBiogasCHP/MMXU1.VA.neut.zeroDb: 0
IEDBiogasCHP/MMXU1.VA.neut.rangeC [CF]
IEDBiogasCHP/MMXU1.VA.neut.rangeC.hhLim [CF]
IEDBiogasCHP/MMXU1.VA.neut.rangeC.hhLim.i: 0
IEDBiogasCHP/MMXU1.VA.neut.rangeC.hhLim.f: 0.0
IEDBiogasCHP/MMXU1.VA.neut.rangeC.hLim [CF]
IEDBiogasCHP/MMXU1.VA.neut.rangeC.hLim.i: 0
IEDBiogasCHP/MMXU1.VA.neut.rangeC.hLim.f: 0.0
IEDBiogasCHP/MMXU1.VA.neut.rangeC.lLim [CF]
IEDBiogasCHP/MMXU1.VA.neut.rangeC.lLim.i: 0
IEDBiogasCHP/MMXU1.VA.neut.rangeC.lLim.f: 0.0
IEDBiogasCHP/MMXU1.VA.neut.rangeC.llLim [CF]
IEDBiogasCHP/MMXU1.VA.neut.rangeC.llLim.i: 0
IEDBiogasCHP/MMXU1.VA.neut.rangeC.llLim.f: 0.0
IEDBiogasCHP/MMXU1.VA.neut.rangeC.min [CF]
IEDBiogasCHP/MMXU1.VA.neut.rangeC.min.i: 0
IEDBiogasCHP/MMXU1.VA.neut.rangeC.min.f: 0.0
IEDBiogasCHP/MMXU1.VA.neut.rangeC.max [CF]
IEDBiogasCHP/MMXU1.VA.neut.rangeC.max.i: 0
IEDBiogasCHP/MMXU1.VA.neut.rangeC.max.f: 0.0
IEDBiogasCHP/MMXU1.VA.neut.magSVC [CF]
IEDBiogasCHP/MMXU1.VA.neut.magSVC.scaleFactor: 0.0
IEDBiogasCHP/MMXU1.VA.neut.magSVC.offset: 0.0
IEDBiogasCHP/MMXU1.VA.neut.angSVC [CF]
IEDBiogasCHP/MMXU1.VA.neut.angSVC.scaleFactor: 0.0
IEDBiogasCHP/MMXU1.VA.neut.angSVC.offset: 0.0
IEDBiogasCHP/MMXU1.VA.neut.angRef: 0
IEDBiogasCHP/MMXU1.VA.neut.smpRate: 0
14:23:47.392 [openiec61850-osi-server-7-thread-1] DEBUG com.beanit.openiec61850.ServerAssociation - sub BDA is:IEDBiogasCHP/MMXU1.VA.neut.units.SIUnit: 0
14:23:47.392 [openiec61850-osi-server-7-thread-1] DEBUG com.beanit.openiec61850.ServerAssociation - sub BDA is:IEDBiogasCHP/MMXU1.VA.neut.units.multiplier: 0
14:23:47.392 [openiec61850-osi-server-7-thread-1] DEBUG com.beanit.openiec61850.ServerAssociation - sub BDA is:IEDBiogasCHP/MMXU1.VA.neut.db: 0
14:23:47.392 [openiec61850-osi-server-7-thread-1] DEBUG com.beanit.openiec61850.ServerAssociation - sub BDA is:IEDBiogasCHP/MMXU1.VA.neut.zeroDb: 0
14:23:47.392 [openiec61850-osi-server-7-thread-1] DEBUG com.beanit.openiec61850.ServerAssociation - sub BDA is:IEDBiogasCHP/MMXU1.VA.neut.rangeC.hhLim.i: 0
14:23:47.392 [openiec61850-osi-server-7-thread-1] DEBUG com.beanit.openiec61850.ServerAssociation - sub BDA is:IEDBiogasCHP/MMXU1.VA.neut.rangeC.hhLim.f: 0.0
14:23:47.392 [openiec61850-osi-server-7-thread-1] DEBUG com.beanit.openiec61850.ServerAssociation - sub BDA is:IEDBiogasCHP/MMXU1.VA.neut.rangeC.hLim.i: 0
14:23:47.392 [openiec61850-osi-server-7-thread-1] DEBUG com.beanit.openiec61850.ServerAssociation - sub BDA is:IEDBiogasCHP/MMXU1.VA.neut.rangeC.hLim.f: 0.0
14:23:47.392 [openiec61850-osi-server-7-thread-1] DEBUG com.beanit.openiec61850.ServerAssociation - sub BDA is:IEDBiogasCHP/MMXU1.VA.neut.rangeC.lLim.i: 0
14:23:47.392 [openiec61850-osi-server-7-thread-1] DEBUG com.beanit.openiec61850.ServerAssociation - sub BDA is:IEDBiogasCHP/MMXU1.VA.neut.rangeC.lLim.f: 0.0
14:23:47.392 [openiec61850-osi-server-7-thread-1] DEBUG com.beanit.openiec61850.ServerAssociation - sub BDA is:IEDBiogasCHP/MMXU1.VA.neut.rangeC.llLim.i: 0
14:23:47.392 [openiec61850-osi-server-7-thread-1] DEBUG com.beanit.openiec61850.ServerAssociation - sub BDA is:IEDBiogasCHP/MMXU1.VA.neut.rangeC.llLim.f: 0.0
14:23:47.392 [openiec61850-osi-server-7-thread-1] DEBUG com.beanit.openiec61850.ServerAssociation - sub BDA is:IEDBiogasCHP/MMXU1.VA.neut.rangeC.min.i: 0
14:23:47.392 [openiec61850-osi-server-7-thread-1] DEBUG com.beanit.openiec61850.ServerAssociation - sub BDA is:IEDBiogasCHP/MMXU1.VA.neut.rangeC.min.f: 0.0
14:23:47.392 [openiec61850-osi-server-7-thread-1] DEBUG com.beanit.openiec61850.ServerAssociation - sub BDA is:IEDBiogasCHP/MMXU1.VA.neut.rangeC.max.i: 0
14:23:47.392 [openiec61850-osi-server-7-thread-1] DEBUG com.beanit.openiec61850.ServerAssociation - sub BDA is:IEDBiogasCHP/MMXU1.VA.neut.rangeC.max.f: 0.0
14:23:47.392 [openiec61850-osi-server-7-thread-1] DEBUG com.beanit.openiec61850.ServerAssociation - sub BDA is:IEDBiogasCHP/MMXU1.VA.neut.magSVC.scaleFactor: 0.0
14:23:47.392 [openiec61850-osi-server-7-thread-1] DEBUG com.beanit.openiec61850.ServerAssociation - sub BDA is:IEDBiogasCHP/MMXU1.VA.neut.magSVC.offset: 0.0
14:23:47.392 [openiec61850-osi-server-7-thread-1] DEBUG com.beanit.openiec61850.ServerAssociation - sub BDA is:IEDBiogasCHP/MMXU1.VA.neut.angSVC.scaleFactor: 0.0
14:23:47.392 [openiec61850-osi-server-7-thread-1] DEBUG com.beanit.openiec61850.ServerAssociation - sub BDA is:IEDBiogasCHP/MMXU1.VA.neut.angSVC.offset: 0.0
14:23:47.392 [openiec61850-osi-server-7-thread-1] DEBUG com.beanit.openiec61850.ServerAssociation - sub BDA is:IEDBiogasCHP/MMXU1.VA.neut.angRef: 0
14:23:47.392 [openiec61850-osi-server-7-thread-1] DEBUG com.beanit.openiec61850.ServerAssociation - sub BDA is:IEDBiogasCHP/MMXU1.VA.neut.smpRate: 0
calling GetDataValues(IEDBiogasCHP/MMXU1.VA.neut.units)
14:23:47.392 [openiec61850-osi-server-7-thread-1] DEBUG com.beanit.openiec61850.ServerAssociation - Got a GetDataValues request for node: IEDBiogasCHP/MMXU1.VA.neut.units [CF]
IEDBiogasCHP/MMXU1.VA.neut.units.SIUnit: 0
IEDBiogasCHP/MMXU1.VA.neut.units.multiplier: 0
14:23:47.392 [openiec61850-osi-server-7-thread-1] DEBUG com.beanit.openiec61850.ServerAssociation - sub BDA is:IEDBiogasCHP/MMXU1.VA.neut.units.SIUnit: 0
14:23:47.392 [openiec61850-osi-server-7-thread-1] DEBUG com.beanit.openiec61850.ServerAssociation - sub BDA is:IEDBiogasCHP/MMXU1.VA.neut.units.multiplier: 0
calling GetDataValues(IEDBiogasCHP/MMXU1.VA.neut.units.SIUnit)
14:23:47.392 [openiec61850-osi-server-7-thread-1] DEBUG com.beanit.openiec61850.ServerAssociation - Got a GetDataValues request for node: IEDBiogasCHP/MMXU1.VA.neut.units.SIUnit: 0
calling GetDataValues(IEDBiogasCHP/MMXU1.VA.neut.units.multiplier)
14:23:47.392 [openiec61850-osi-server-7-thread-1] DEBUG com.beanit.openiec61850.ServerAssociation - Got a GetDataValues request for node: IEDBiogasCHP/MMXU1.VA.neut.units.multiplier: 0
calling GetDataValues(IEDBiogasCHP/MMXU1.VA.neut.db)
14:23:47.392 [openiec61850-osi-server-7-thread-1] DEBUG com.beanit.openiec61850.ServerAssociation - Got a GetDataValues request for node: IEDBiogasCHP/MMXU1.VA.neut.db: 0
calling GetDataValues(IEDBiogasCHP/MMXU1.VA.neut.zeroDb)
14:23:47.392 [openiec61850-osi-server-7-thread-1] DEBUG com.beanit.openiec61850.ServerAssociation - Got a GetDataValues request for node: IEDBiogasCHP/MMXU1.VA.neut.zeroDb: 0
calling GetDataValues(IEDBiogasCHP/MMXU1.VA.neut.rangeC)
14:23:47.392 [openiec61850-osi-server-7-thread-1] DEBUG com.beanit.openiec61850.ServerAssociation - Got a GetDataValues request for node: IEDBiogasCHP/MMXU1.VA.neut.rangeC [CF]
IEDBiogasCHP/MMXU1.VA.neut.rangeC.hhLim [CF]
IEDBiogasCHP/MMXU1.VA.neut.rangeC.hhLim.i: 0
IEDBiogasCHP/MMXU1.VA.neut.rangeC.hhLim.f: 0.0
IEDBiogasCHP/MMXU1.VA.neut.rangeC.hLim [CF]
IEDBiogasCHP/MMXU1.VA.neut.rangeC.hLim.i: 0
IEDBiogasCHP/MMXU1.VA.neut.rangeC.hLim.f: 0.0
IEDBiogasCHP/MMXU1.VA.neut.rangeC.lLim [CF]
IEDBiogasCHP/MMXU1.VA.neut.rangeC.lLim.i: 0
IEDBiogasCHP/MMXU1.VA.neut.rangeC.lLim.f: 0.0
IEDBiogasCHP/MMXU1.VA.neut.rangeC.llLim [CF]
IEDBiogasCHP/MMXU1.VA.neut.rangeC.llLim.i: 0
IEDBiogasCHP/MMXU1.VA.neut.rangeC.llLim.f: 0.0
IEDBiogasCHP/MMXU1.VA.neut.rangeC.min [CF]
IEDBiogasCHP/MMXU1.VA.neut.rangeC.min.i: 0
IEDBiogasCHP/MMXU1.VA.neut.rangeC.min.f: 0.0
IEDBiogasCHP/MMXU1.VA.neut.rangeC.max [CF]
IEDBiogasCHP/MMXU1.VA.neut.rangeC.max.i: 0
IEDBiogasCHP/MMXU1.VA.neut.rangeC.max.f: 0.0
14:23:47.392 [openiec61850-osi-server-7-thread-1] DEBUG com.beanit.openiec61850.ServerAssociation - sub BDA is:IEDBiogasCHP/MMXU1.VA.neut.rangeC.hhLim.i: 0
14:23:47.392 [openiec61850-osi-server-7-thread-1] DEBUG com.beanit.openiec61850.ServerAssociation - sub BDA is:IEDBiogasCHP/MMXU1.VA.neut.rangeC.hhLim.f: 0.0
14:23:47.392 [openiec61850-osi-server-7-thread-1] DEBUG com.beanit.openiec61850.ServerAssociation - sub BDA is:IEDBiogasCHP/MMXU1.VA.neut.rangeC.hLim.i: 0
14:23:47.392 [openiec61850-osi-server-7-thread-1] DEBUG com.beanit.openiec61850.ServerAssociation - sub BDA is:IEDBiogasCHP/MMXU1.VA.neut.rangeC.hLim.f: 0.0
14:23:47.392 [openiec61850-osi-server-7-thread-1] DEBUG com.beanit.openiec61850.ServerAssociation - sub BDA is:IEDBiogasCHP/MMXU1.VA.neut.rangeC.lLim.i: 0
14:23:47.392 [openiec61850-osi-server-7-thread-1] DEBUG com.beanit.openiec61850.ServerAssociation - sub BDA is:IEDBiogasCHP/MMXU1.VA.neut.rangeC.lLim.f: 0.0
14:23:47.392 [openiec61850-osi-server-7-thread-1] DEBUG com.beanit.openiec61850.ServerAssociation - sub BDA is:IEDBiogasCHP/MMXU1.VA.neut.rangeC.llLim.i: 0
14:23:47.392 [openiec61850-osi-server-7-thread-1] DEBUG com.beanit.openiec61850.ServerAssociation - sub BDA is:IEDBiogasCHP/MMXU1.VA.neut.rangeC.llLim.f: 0.0
14:23:47.392 [openiec61850-osi-server-7-thread-1] DEBUG com.beanit.openiec61850.ServerAssociation - sub BDA is:IEDBiogasCHP/MMXU1.VA.neut.rangeC.min.i: 0
14:23:47.392 [openiec61850-osi-server-7-thread-1] DEBUG com.beanit.openiec61850.ServerAssociation - sub BDA is:IEDBiogasCHP/MMXU1.VA.neut.rangeC.min.f: 0.0
14:23:47.392 [openiec61850-osi-server-7-thread-1] DEBUG com.beanit.openiec61850.ServerAssociation - sub BDA is:IEDBiogasCHP/MMXU1.VA.neut.rangeC.max.i: 0
14:23:47.392 [openiec61850-osi-server-7-thread-1] DEBUG com.beanit.openiec61850.ServerAssociation - sub BDA is:IEDBiogasCHP/MMXU1.VA.neut.rangeC.max.f: 0.0
calling GetDataValues(IEDBiogasCHP/MMXU1.VA.neut.rangeC.hhLim)
14:23:47.393 [openiec61850-osi-server-7-thread-1] DEBUG com.beanit.openiec61850.ServerAssociation - Got a GetDataValues request for node: IEDBiogasCHP/MMXU1.VA.neut.rangeC.hhLim [CF]
IEDBiogasCHP/MMXU1.VA.neut.rangeC.hhLim.i: 0
IEDBiogasCHP/MMXU1.VA.neut.rangeC.hhLim.f: 0.0
14:23:47.393 [openiec61850-osi-server-7-thread-1] DEBUG com.beanit.openiec61850.ServerAssociation - sub BDA is:IEDBiogasCHP/MMXU1.VA.neut.rangeC.hhLim.i: 0
14:23:47.393 [openiec61850-osi-server-7-thread-1] DEBUG com.beanit.openiec61850.ServerAssociation - sub BDA is:IEDBiogasCHP/MMXU1.VA.neut.rangeC.hhLim.f: 0.0
calling GetDataValues(IEDBiogasCHP/MMXU1.VA.neut.rangeC.hhLim.i)
14:23:47.393 [openiec61850-osi-server-7-thread-1] DEBUG com.beanit.openiec61850.ServerAssociation - Got a GetDataValues request for node: IEDBiogasCHP/MMXU1.VA.neut.rangeC.hhLim.i: 0
calling GetDataValues(IEDBiogasCHP/MMXU1.VA.neut.rangeC.hhLim.f)
14:23:47.393 [openiec61850-osi-server-7-thread-1] DEBUG com.beanit.openiec61850.ServerAssociation - Got a GetDataValues request for node: IEDBiogasCHP/MMXU1.VA.neut.rangeC.hhLim.f: 0.0
calling GetDataValues(IEDBiogasCHP/MMXU1.VA.neut.rangeC.hLim)
14:23:47.393 [openiec61850-osi-server-7-thread-1] DEBUG com.beanit.openiec61850.ServerAssociation - Got a GetDataValues request for node: IEDBiogasCHP/MMXU1.VA.neut.rangeC.hLim [CF]
IEDBiogasCHP/MMXU1.VA.neut.rangeC.hLim.i: 0
IEDBiogasCHP/MMXU1.VA.neut.rangeC.hLim.f: 0.0
14:23:47.393 [openiec61850-osi-server-7-thread-1] DEBUG com.beanit.openiec61850.ServerAssociation - sub BDA is:IEDBiogasCHP/MMXU1.VA.neut.rangeC.hLim.i: 0
14:23:47.393 [openiec61850-osi-server-7-thread-1] DEBUG com.beanit.openiec61850.ServerAssociation - sub BDA is:IEDBiogasCHP/MMXU1.VA.neut.rangeC.hLim.f: 0.0
calling GetDataValues(IEDBiogasCHP/MMXU1.VA.neut.rangeC.hLim.i)
14:23:47.393 [openiec61850-osi-server-7-thread-1] DEBUG com.beanit.openiec61850.ServerAssociation - Got a GetDataValues request for node: IEDBiogasCHP/MMXU1.VA.neut.rangeC.hLim.i: 0
calling GetDataValues(IEDBiogasCHP/MMXU1.VA.neut.rangeC.hLim.f)
14:23:47.393 [openiec61850-osi-server-7-thread-1] DEBUG com.beanit.openiec61850.ServerAssociation - Got a GetDataValues request for node: IEDBiogasCHP/MMXU1.VA.neut.rangeC.hLim.f: 0.0
calling GetDataValues(IEDBiogasCHP/MMXU1.VA.neut.rangeC.lLim)
14:23:47.393 [openiec61850-osi-server-7-thread-1] DEBUG com.beanit.openiec61850.ServerAssociation - Got a GetDataValues request for node: IEDBiogasCHP/MMXU1.VA.neut.rangeC.lLim [CF]
IEDBiogasCHP/MMXU1.VA.neut.rangeC.lLim.i: 0
IEDBiogasCHP/MMXU1.VA.neut.rangeC.lLim.f: 0.0
14:23:47.393 [openiec61850-osi-server-7-thread-1] DEBUG com.beanit.openiec61850.ServerAssociation - sub BDA is:IEDBiogasCHP/MMXU1.VA.neut.rangeC.lLim.i: 0
14:23:47.393 [openiec61850-osi-server-7-thread-1] DEBUG com.beanit.openiec61850.ServerAssociation - sub BDA is:IEDBiogasCHP/MMXU1.VA.neut.rangeC.lLim.f: 0.0
calling GetDataValues(IEDBiogasCHP/MMXU1.VA.neut.rangeC.lLim.i)
14:23:47.393 [openiec61850-osi-server-7-thread-1] DEBUG com.beanit.openiec61850.ServerAssociation - Got a GetDataValues request for node: IEDBiogasCHP/MMXU1.VA.neut.rangeC.lLim.i: 0
calling GetDataValues(IEDBiogasCHP/MMXU1.VA.neut.rangeC.lLim.f)
14:23:47.394 [openiec61850-osi-server-7-thread-1] DEBUG com.beanit.openiec61850.ServerAssociation - Got a GetDataValues request for node: IEDBiogasCHP/MMXU1.VA.neut.rangeC.lLim.f: 0.0
calling GetDataValues(IEDBiogasCHP/MMXU1.VA.neut.rangeC.llLim)
14:23:47.394 [openiec61850-osi-server-7-thread-1] DEBUG com.beanit.openiec61850.ServerAssociation - Got a GetDataValues request for node: IEDBiogasCHP/MMXU1.VA.neut.rangeC.llLim [CF]
IEDBiogasCHP/MMXU1.VA.neut.rangeC.llLim.i: 0
IEDBiogasCHP/MMXU1.VA.neut.rangeC.llLim.f: 0.0
14:23:47.394 [openiec61850-osi-server-7-thread-1] DEBUG com.beanit.openiec61850.ServerAssociation - sub BDA is:IEDBiogasCHP/MMXU1.VA.neut.rangeC.llLim.i: 0
14:23:47.394 [openiec61850-osi-server-7-thread-1] DEBUG com.beanit.openiec61850.ServerAssociation - sub BDA is:IEDBiogasCHP/MMXU1.VA.neut.rangeC.llLim.f: 0.0
calling GetDataValues(IEDBiogasCHP/MMXU1.VA.neut.rangeC.llLim.i)
14:23:47.394 [openiec61850-osi-server-7-thread-1] DEBUG com.beanit.openiec61850.ServerAssociation - Got a GetDataValues request for node: IEDBiogasCHP/MMXU1.VA.neut.rangeC.llLim.i: 0
calling GetDataValues(IEDBiogasCHP/MMXU1.VA.neut.rangeC.llLim.f)
14:23:47.394 [openiec61850-osi-server-7-thread-1] DEBUG com.beanit.openiec61850.ServerAssociation - Got a GetDataValues request for node: IEDBiogasCHP/MMXU1.VA.neut.rangeC.llLim.f: 0.0
calling GetDataValues(IEDBiogasCHP/MMXU1.VA.neut.rangeC.min)
14:23:47.394 [openiec61850-osi-server-7-thread-1] DEBUG com.beanit.openiec61850.ServerAssociation - Got a GetDataValues request for node: IEDBiogasCHP/MMXU1.VA.neut.rangeC.min [CF]
IEDBiogasCHP/MMXU1.VA.neut.rangeC.min.i: 0
IEDBiogasCHP/MMXU1.VA.neut.rangeC.min.f: 0.0
14:23:47.394 [openiec61850-osi-server-7-thread-1] DEBUG com.beanit.openiec61850.ServerAssociation - sub BDA is:IEDBiogasCHP/MMXU1.VA.neut.rangeC.min.i: 0
14:23:47.394 [openiec61850-osi-server-7-thread-1] DEBUG com.beanit.openiec61850.ServerAssociation - sub BDA is:IEDBiogasCHP/MMXU1.VA.neut.rangeC.min.f: 0.0
calling GetDataValues(IEDBiogasCHP/MMXU1.VA.neut.rangeC.min.i)
14:23:47.394 [openiec61850-osi-server-7-thread-1] DEBUG com.beanit.openiec61850.ServerAssociation - Got a GetDataValues request for node: IEDBiogasCHP/MMXU1.VA.neut.rangeC.min.i: 0
calling GetDataValues(IEDBiogasCHP/MMXU1.VA.neut.rangeC.min.f)
14:23:47.394 [openiec61850-osi-server-7-thread-1] DEBUG com.beanit.openiec61850.ServerAssociation - Got a GetDataValues request for node: IEDBiogasCHP/MMXU1.VA.neut.rangeC.min.f: 0.0
calling GetDataValues(IEDBiogasCHP/MMXU1.VA.neut.rangeC.max)
14:23:47.394 [openiec61850-osi-server-7-thread-1] DEBUG com.beanit.openiec61850.ServerAssociation - Got a GetDataValues request for node: IEDBiogasCHP/MMXU1.VA.neut.rangeC.max [CF]
IEDBiogasCHP/MMXU1.VA.neut.rangeC.max.i: 0
IEDBiogasCHP/MMXU1.VA.neut.rangeC.max.f: 0.0
14:23:47.394 [openiec61850-osi-server-7-thread-1] DEBUG com.beanit.openiec61850.ServerAssociation - sub BDA is:IEDBiogasCHP/MMXU1.VA.neut.rangeC.max.i: 0
14:23:47.394 [openiec61850-osi-server-7-thread-1] DEBUG com.beanit.openiec61850.ServerAssociation - sub BDA is:IEDBiogasCHP/MMXU1.VA.neut.rangeC.max.f: 0.0
calling GetDataValues(IEDBiogasCHP/MMXU1.VA.neut.rangeC.max.i)
14:23:47.395 [openiec61850-osi-server-7-thread-1] DEBUG com.beanit.openiec61850.ServerAssociation - Got a GetDataValues request for node: IEDBiogasCHP/MMXU1.VA.neut.rangeC.max.i: 0
calling GetDataValues(IEDBiogasCHP/MMXU1.VA.neut.rangeC.max.f)
14:23:47.395 [openiec61850-osi-server-7-thread-1] DEBUG com.beanit.openiec61850.ServerAssociation - Got a GetDataValues request for node: IEDBiogasCHP/MMXU1.VA.neut.rangeC.max.f: 0.0
calling GetDataValues(IEDBiogasCHP/MMXU1.VA.neut.magSVC)
14:23:47.395 [openiec61850-osi-server-7-thread-1] DEBUG com.beanit.openiec61850.ServerAssociation - Got a GetDataValues request for node: IEDBiogasCHP/MMXU1.VA.neut.magSVC [CF]
IEDBiogasCHP/MMXU1.VA.neut.magSVC.scaleFactor: 0.0
IEDBiogasCHP/MMXU1.VA.neut.magSVC.offset: 0.0
14:23:47.395 [openiec61850-osi-server-7-thread-1] DEBUG com.beanit.openiec61850.ServerAssociation - sub BDA is:IEDBiogasCHP/MMXU1.VA.neut.magSVC.scaleFactor: 0.0
14:23:47.395 [openiec61850-osi-server-7-thread-1] DEBUG com.beanit.openiec61850.ServerAssociation - sub BDA is:IEDBiogasCHP/MMXU1.VA.neut.magSVC.offset: 0.0
calling GetDataValues(IEDBiogasCHP/MMXU1.VA.neut.magSVC.scaleFactor)
14:23:47.395 [openiec61850-osi-server-7-thread-1] DEBUG com.beanit.openiec61850.ServerAssociation - Got a GetDataValues request for node: IEDBiogasCHP/MMXU1.VA.neut.magSVC.scaleFactor: 0.0
calling GetDataValues(IEDBiogasCHP/MMXU1.VA.neut.magSVC.offset)
14:23:47.395 [openiec61850-osi-server-7-thread-1] DEBUG com.beanit.openiec61850.ServerAssociation - Got a GetDataValues request for node: IEDBiogasCHP/MMXU1.VA.neut.magSVC.offset: 0.0
calling GetDataValues(IEDBiogasCHP/MMXU1.VA.neut.angSVC)
14:23:47.395 [openiec61850-osi-server-7-thread-1] DEBUG com.beanit.openiec61850.ServerAssociation - Got a GetDataValues request for node: IEDBiogasCHP/MMXU1.VA.neut.angSVC [CF]
IEDBiogasCHP/MMXU1.VA.neut.angSVC.scaleFactor: 0.0
IEDBiogasCHP/MMXU1.VA.neut.angSVC.offset: 0.0
14:23:47.395 [openiec61850-osi-server-7-thread-1] DEBUG com.beanit.openiec61850.ServerAssociation - sub BDA is:IEDBiogasCHP/MMXU1.VA.neut.angSVC.scaleFactor: 0.0
14:23:47.395 [openiec61850-osi-server-7-thread-1] DEBUG com.beanit.openiec61850.ServerAssociation - sub BDA is:IEDBiogasCHP/MMXU1.VA.neut.angSVC.offset: 0.0
calling GetDataValues(IEDBiogasCHP/MMXU1.VA.neut.angSVC.scaleFactor)
14:23:47.395 [openiec61850-osi-server-7-thread-1] DEBUG com.beanit.openiec61850.ServerAssociation - Got a GetDataValues request for node: IEDBiogasCHP/MMXU1.VA.neut.angSVC.scaleFactor: 0.0
calling GetDataValues(IEDBiogasCHP/MMXU1.VA.neut.angSVC.offset)
14:23:47.395 [openiec61850-osi-server-7-thread-1] DEBUG com.beanit.openiec61850.ServerAssociation - Got a GetDataValues request for node: IEDBiogasCHP/MMXU1.VA.neut.angSVC.offset: 0.0
calling GetDataValues(IEDBiogasCHP/MMXU1.VA.neut.angRef)
14:23:47.396 [openiec61850-osi-server-7-thread-1] DEBUG com.beanit.openiec61850.ServerAssociation - Got a GetDataValues request for node: IEDBiogasCHP/MMXU1.VA.neut.angRef: 0
calling GetDataValues(IEDBiogasCHP/MMXU1.VA.neut.smpRate)
14:23:47.396 [openiec61850-osi-server-7-thread-1] DEBUG com.beanit.openiec61850.ServerAssociation - Got a GetDataValues request for node: IEDBiogasCHP/MMXU1.VA.neut.smpRate: 0
calling GetDataValues(IEDBiogasCHP/MMXU1.VA.net)
14:23:47.396 [openiec61850-osi-server-7-thread-1] DEBUG com.beanit.openiec61850.ServerAssociation - Got a GetDataValues request for node: IEDBiogasCHP/MMXU1.VA.net [CF]
IEDBiogasCHP/MMXU1.VA.net.units [CF]
IEDBiogasCHP/MMXU1.VA.net.units.SIUnit: 0
IEDBiogasCHP/MMXU1.VA.net.units.multiplier: 0
IEDBiogasCHP/MMXU1.VA.net.db: 0
IEDBiogasCHP/MMXU1.VA.net.zeroDb: 0
IEDBiogasCHP/MMXU1.VA.net.rangeC [CF]
IEDBiogasCHP/MMXU1.VA.net.rangeC.hhLim [CF]
IEDBiogasCHP/MMXU1.VA.net.rangeC.hhLim.i: 0
IEDBiogasCHP/MMXU1.VA.net.rangeC.hhLim.f: 0.0
IEDBiogasCHP/MMXU1.VA.net.rangeC.hLim [CF]
IEDBiogasCHP/MMXU1.VA.net.rangeC.hLim.i: 0
IEDBiogasCHP/MMXU1.VA.net.rangeC.hLim.f: 0.0
IEDBiogasCHP/MMXU1.VA.net.rangeC.lLim [CF]
IEDBiogasCHP/MMXU1.VA.net.rangeC.lLim.i: 0
IEDBiogasCHP/MMXU1.VA.net.rangeC.lLim.f: 0.0
IEDBiogasCHP/MMXU1.VA.net.rangeC.llLim [CF]
IEDBiogasCHP/MMXU1.VA.net.rangeC.llLim.i: 0
IEDBiogasCHP/MMXU1.VA.net.rangeC.llLim.f: 0.0
IEDBiogasCHP/MMXU1.VA.net.rangeC.min [CF]
IEDBiogasCHP/MMXU1.VA.net.rangeC.min.i: 0
IEDBiogasCHP/MMXU1.VA.net.rangeC.min.f: 0.0
IEDBiogasCHP/MMXU1.VA.net.rangeC.max [CF]
IEDBiogasCHP/MMXU1.VA.net.rangeC.max.i: 0
IEDBiogasCHP/MMXU1.VA.net.rangeC.max.f: 0.0
IEDBiogasCHP/MMXU1.VA.net.magSVC [CF]
IEDBiogasCHP/MMXU1.VA.net.magSVC.scaleFactor: 0.0
IEDBiogasCHP/MMXU1.VA.net.magSVC.offset: 0.0
IEDBiogasCHP/MMXU1.VA.net.angSVC [CF]
IEDBiogasCHP/MMXU1.VA.net.angSVC.scaleFactor: 0.0
IEDBiogasCHP/MMXU1.VA.net.angSVC.offset: 0.0
IEDBiogasCHP/MMXU1.VA.net.angRef: 0
IEDBiogasCHP/MMXU1.VA.net.smpRate: 0
14:23:47.396 [openiec61850-osi-server-7-thread-1] DEBUG com.beanit.openiec61850.ServerAssociation - sub BDA is:IEDBiogasCHP/MMXU1.VA.net.units.SIUnit: 0
14:23:47.396 [openiec61850-osi-server-7-thread-1] DEBUG com.beanit.openiec61850.ServerAssociation - sub BDA is:IEDBiogasCHP/MMXU1.VA.net.units.multiplier: 0
14:23:47.396 [openiec61850-osi-server-7-thread-1] DEBUG com.beanit.openiec61850.ServerAssociation - sub BDA is:IEDBiogasCHP/MMXU1.VA.net.db: 0
14:23:47.396 [openiec61850-osi-server-7-thread-1] DEBUG com.beanit.openiec61850.ServerAssociation - sub BDA is:IEDBiogasCHP/MMXU1.VA.net.zeroDb: 0
14:23:47.396 [openiec61850-osi-server-7-thread-1] DEBUG com.beanit.openiec61850.ServerAssociation - sub BDA is:IEDBiogasCHP/MMXU1.VA.net.rangeC.hhLim.i: 0
14:23:47.396 [openiec61850-osi-server-7-thread-1] DEBUG com.beanit.openiec61850.ServerAssociation - sub BDA is:IEDBiogasCHP/MMXU1.VA.net.rangeC.hhLim.f: 0.0
14:23:47.396 [openiec61850-osi-server-7-thread-1] DEBUG com.beanit.openiec61850.ServerAssociation - sub BDA is:IEDBiogasCHP/MMXU1.VA.net.rangeC.hLim.i: 0
14:23:47.396 [openiec61850-osi-server-7-thread-1] DEBUG com.beanit.openiec61850.ServerAssociation - sub BDA is:IEDBiogasCHP/MMXU1.VA.net.rangeC.hLim.f: 0.0
14:23:47.396 [openiec61850-osi-server-7-thread-1] DEBUG com.beanit.openiec61850.ServerAssociation - sub BDA is:IEDBiogasCHP/MMXU1.VA.net.rangeC.lLim.i: 0
14:23:47.396 [openiec61850-osi-server-7-thread-1] DEBUG com.beanit.openiec61850.ServerAssociation - sub BDA is:IEDBiogasCHP/MMXU1.VA.net.rangeC.lLim.f: 0.0
14:23:47.396 [openiec61850-osi-server-7-thread-1] DEBUG com.beanit.openiec61850.ServerAssociation - sub BDA is:IEDBiogasCHP/MMXU1.VA.net.rangeC.llLim.i: 0
14:23:47.396 [openiec61850-osi-server-7-thread-1] DEBUG com.beanit.openiec61850.ServerAssociation - sub BDA is:IEDBiogasCHP/MMXU1.VA.net.rangeC.llLim.f: 0.0
14:23:47.396 [openiec61850-osi-server-7-thread-1] DEBUG com.beanit.openiec61850.ServerAssociation - sub BDA is:IEDBiogasCHP/MMXU1.VA.net.rangeC.min.i: 0
14:23:47.396 [openiec61850-osi-server-7-thread-1] DEBUG com.beanit.openiec61850.ServerAssociation - sub BDA is:IEDBiogasCHP/MMXU1.VA.net.rangeC.min.f: 0.0
14:23:47.396 [openiec61850-osi-server-7-thread-1] DEBUG com.beanit.openiec61850.ServerAssociation - sub BDA is:IEDBiogasCHP/MMXU1.VA.net.rangeC.max.i: 0
14:23:47.396 [openiec61850-osi-server-7-thread-1] DEBUG com.beanit.openiec61850.ServerAssociation - sub BDA is:IEDBiogasCHP/MMXU1.VA.net.rangeC.max.f: 0.0
14:23:47.396 [openiec61850-osi-server-7-thread-1] DEBUG com.beanit.openiec61850.ServerAssociation - sub BDA is:IEDBiogasCHP/MMXU1.VA.net.magSVC.scaleFactor: 0.0
14:23:47.396 [openiec61850-osi-server-7-thread-1] DEBUG com.beanit.openiec61850.ServerAssociation - sub BDA is:IEDBiogasCHP/MMXU1.VA.net.magSVC.offset: 0.0
14:23:47.396 [openiec61850-osi-server-7-thread-1] DEBUG com.beanit.openiec61850.ServerAssociation - sub BDA is:IEDBiogasCHP/MMXU1.VA.net.angSVC.scaleFactor: 0.0
14:23:47.396 [openiec61850-osi-server-7-thread-1] DEBUG com.beanit.openiec61850.ServerAssociation - sub BDA is:IEDBiogasCHP/MMXU1.VA.net.angSVC.offset: 0.0
14:23:47.396 [openiec61850-osi-server-7-thread-1] DEBUG com.beanit.openiec61850.ServerAssociation - sub BDA is:IEDBiogasCHP/MMXU1.VA.net.angRef: 0
14:23:47.396 [openiec61850-osi-server-7-thread-1] DEBUG com.beanit.openiec61850.ServerAssociation - sub BDA is:IEDBiogasCHP/MMXU1.VA.net.smpRate: 0
calling GetDataValues(IEDBiogasCHP/MMXU1.VA.net.units)
14:23:47.396 [openiec61850-osi-server-7-thread-1] DEBUG com.beanit.openiec61850.ServerAssociation - Got a GetDataValues request for node: IEDBiogasCHP/MMXU1.VA.net.units [CF]
IEDBiogasCHP/MMXU1.VA.net.units.SIUnit: 0
IEDBiogasCHP/MMXU1.VA.net.units.multiplier: 0
14:23:47.396 [openiec61850-osi-server-7-thread-1] DEBUG com.beanit.openiec61850.ServerAssociation - sub BDA is:IEDBiogasCHP/MMXU1.VA.net.units.SIUnit: 0
14:23:47.396 [openiec61850-osi-server-7-thread-1] DEBUG com.beanit.openiec61850.ServerAssociation - sub BDA is:IEDBiogasCHP/MMXU1.VA.net.units.multiplier: 0
calling GetDataValues(IEDBiogasCHP/MMXU1.VA.net.units.SIUnit)
14:23:47.396 [openiec61850-osi-server-7-thread-1] DEBUG com.beanit.openiec61850.ServerAssociation - Got a GetDataValues request for node: IEDBiogasCHP/MMXU1.VA.net.units.SIUnit: 0
calling GetDataValues(IEDBiogasCHP/MMXU1.VA.net.units.multiplier)
14:23:47.396 [openiec61850-osi-server-7-thread-1] DEBUG com.beanit.openiec61850.ServerAssociation - Got a GetDataValues request for node: IEDBiogasCHP/MMXU1.VA.net.units.multiplier: 0
calling GetDataValues(IEDBiogasCHP/MMXU1.VA.net.db)
14:23:47.396 [openiec61850-osi-server-7-thread-1] DEBUG com.beanit.openiec61850.ServerAssociation - Got a GetDataValues request for node: IEDBiogasCHP/MMXU1.VA.net.db: 0
calling GetDataValues(IEDBiogasCHP/MMXU1.VA.net.zeroDb)
14:23:47.397 [openiec61850-osi-server-7-thread-1] DEBUG com.beanit.openiec61850.ServerAssociation - Got a GetDataValues request for node: IEDBiogasCHP/MMXU1.VA.net.zeroDb: 0
calling GetDataValues(IEDBiogasCHP/MMXU1.VA.net.rangeC)
14:23:47.397 [openiec61850-osi-server-7-thread-1] DEBUG com.beanit.openiec61850.ServerAssociation - Got a GetDataValues request for node: IEDBiogasCHP/MMXU1.VA.net.rangeC [CF]
IEDBiogasCHP/MMXU1.VA.net.rangeC.hhLim [CF]
IEDBiogasCHP/MMXU1.VA.net.rangeC.hhLim.i: 0
IEDBiogasCHP/MMXU1.VA.net.rangeC.hhLim.f: 0.0
IEDBiogasCHP/MMXU1.VA.net.rangeC.hLim [CF]
IEDBiogasCHP/MMXU1.VA.net.rangeC.hLim.i: 0
IEDBiogasCHP/MMXU1.VA.net.rangeC.hLim.f: 0.0
IEDBiogasCHP/MMXU1.VA.net.rangeC.lLim [CF]
IEDBiogasCHP/MMXU1.VA.net.rangeC.lLim.i: 0
IEDBiogasCHP/MMXU1.VA.net.rangeC.lLim.f: 0.0
IEDBiogasCHP/MMXU1.VA.net.rangeC.llLim [CF]
IEDBiogasCHP/MMXU1.VA.net.rangeC.llLim.i: 0
IEDBiogasCHP/MMXU1.VA.net.rangeC.llLim.f: 0.0
IEDBiogasCHP/MMXU1.VA.net.rangeC.min [CF]
IEDBiogasCHP/MMXU1.VA.net.rangeC.min.i: 0
IEDBiogasCHP/MMXU1.VA.net.rangeC.min.f: 0.0
IEDBiogasCHP/MMXU1.VA.net.rangeC.max [CF]
IEDBiogasCHP/MMXU1.VA.net.rangeC.max.i: 0
IEDBiogasCHP/MMXU1.VA.net.rangeC.max.f: 0.0
14:23:47.397 [openiec61850-osi-server-7-thread-1] DEBUG com.beanit.openiec61850.ServerAssociation - sub BDA is:IEDBiogasCHP/MMXU1.VA.net.rangeC.hhLim.i: 0
14:23:47.397 [openiec61850-osi-server-7-thread-1] DEBUG com.beanit.openiec61850.ServerAssociation - sub BDA is:IEDBiogasCHP/MMXU1.VA.net.rangeC.hhLim.f: 0.0
14:23:47.397 [openiec61850-osi-server-7-thread-1] DEBUG com.beanit.openiec61850.ServerAssociation - sub BDA is:IEDBiogasCHP/MMXU1.VA.net.rangeC.hLim.i: 0
14:23:47.397 [openiec61850-osi-server-7-thread-1] DEBUG com.beanit.openiec61850.ServerAssociation - sub BDA is:IEDBiogasCHP/MMXU1.VA.net.rangeC.hLim.f: 0.0
14:23:47.397 [openiec61850-osi-server-7-thread-1] DEBUG com.beanit.openiec61850.ServerAssociation - sub BDA is:IEDBiogasCHP/MMXU1.VA.net.rangeC.lLim.i: 0
14:23:47.397 [openiec61850-osi-server-7-thread-1] DEBUG com.beanit.openiec61850.ServerAssociation - sub BDA is:IEDBiogasCHP/MMXU1.VA.net.rangeC.lLim.f: 0.0
14:23:47.397 [openiec61850-osi-server-7-thread-1] DEBUG com.beanit.openiec61850.ServerAssociation - sub BDA is:IEDBiogasCHP/MMXU1.VA.net.rangeC.llLim.i: 0
14:23:47.397 [openiec61850-osi-server-7-thread-1] DEBUG com.beanit.openiec61850.ServerAssociation - sub BDA is:IEDBiogasCHP/MMXU1.VA.net.rangeC.llLim.f: 0.0
14:23:47.397 [openiec61850-osi-server-7-thread-1] DEBUG com.beanit.openiec61850.ServerAssociation - sub BDA is:IEDBiogasCHP/MMXU1.VA.net.rangeC.min.i: 0
14:23:47.397 [openiec61850-osi-server-7-thread-1] DEBUG com.beanit.openiec61850.ServerAssociation - sub BDA is:IEDBiogasCHP/MMXU1.VA.net.rangeC.min.f: 0.0
14:23:47.397 [openiec61850-osi-server-7-thread-1] DEBUG com.beanit.openiec61850.ServerAssociation - sub BDA is:IEDBiogasCHP/MMXU1.VA.net.rangeC.max.i: 0
14:23:47.397 [openiec61850-osi-server-7-thread-1] DEBUG com.beanit.openiec61850.ServerAssociation - sub BDA is:IEDBiogasCHP/MMXU1.VA.net.rangeC.max.f: 0.0
calling GetDataValues(IEDBiogasCHP/MMXU1.VA.net.rangeC.hhLim)
14:23:47.397 [openiec61850-osi-server-7-thread-1] DEBUG com.beanit.openiec61850.ServerAssociation - Got a GetDataValues request for node: IEDBiogasCHP/MMXU1.VA.net.rangeC.hhLim [CF]
IEDBiogasCHP/MMXU1.VA.net.rangeC.hhLim.i: 0
IEDBiogasCHP/MMXU1.VA.net.rangeC.hhLim.f: 0.0
14:23:47.397 [openiec61850-osi-server-7-thread-1] DEBUG com.beanit.openiec61850.ServerAssociation - sub BDA is:IEDBiogasCHP/MMXU1.VA.net.rangeC.hhLim.i: 0
14:23:47.397 [openiec61850-osi-server-7-thread-1] DEBUG com.beanit.openiec61850.ServerAssociation - sub BDA is:IEDBiogasCHP/MMXU1.VA.net.rangeC.hhLim.f: 0.0
calling GetDataValues(IEDBiogasCHP/MMXU1.VA.net.rangeC.hhLim.i)
14:23:47.397 [openiec61850-osi-server-7-thread-1] DEBUG com.beanit.openiec61850.ServerAssociation - Got a GetDataValues request for node: IEDBiogasCHP/MMXU1.VA.net.rangeC.hhLim.i: 0
calling GetDataValues(IEDBiogasCHP/MMXU1.VA.net.rangeC.hhLim.f)
14:23:47.397 [openiec61850-osi-server-7-thread-1] DEBUG com.beanit.openiec61850.ServerAssociation - Got a GetDataValues request for node: IEDBiogasCHP/MMXU1.VA.net.rangeC.hhLim.f: 0.0
calling GetDataValues(IEDBiogasCHP/MMXU1.VA.net.rangeC.hLim)
14:23:47.397 [openiec61850-osi-server-7-thread-1] DEBUG com.beanit.openiec61850.ServerAssociation - Got a GetDataValues request for node: IEDBiogasCHP/MMXU1.VA.net.rangeC.hLim [CF]
IEDBiogasCHP/MMXU1.VA.net.rangeC.hLim.i: 0
IEDBiogasCHP/MMXU1.VA.net.rangeC.hLim.f: 0.0
14:23:47.397 [openiec61850-osi-server-7-thread-1] DEBUG com.beanit.openiec61850.ServerAssociation - sub BDA is:IEDBiogasCHP/MMXU1.VA.net.rangeC.hLim.i: 0
14:23:47.397 [openiec61850-osi-server-7-thread-1] DEBUG com.beanit.openiec61850.ServerAssociation - sub BDA is:IEDBiogasCHP/MMXU1.VA.net.rangeC.hLim.f: 0.0
calling GetDataValues(IEDBiogasCHP/MMXU1.VA.net.rangeC.hLim.i)
14:23:47.397 [openiec61850-osi-server-7-thread-1] DEBUG com.beanit.openiec61850.ServerAssociation - Got a GetDataValues request for node: IEDBiogasCHP/MMXU1.VA.net.rangeC.hLim.i: 0
calling GetDataValues(IEDBiogasCHP/MMXU1.VA.net.rangeC.hLim.f)
14:23:47.398 [openiec61850-osi-server-7-thread-1] DEBUG com.beanit.openiec61850.ServerAssociation - Got a GetDataValues request for node: IEDBiogasCHP/MMXU1.VA.net.rangeC.hLim.f: 0.0
calling GetDataValues(IEDBiogasCHP/MMXU1.VA.net.rangeC.lLim)
14:23:47.398 [openiec61850-osi-server-7-thread-1] DEBUG com.beanit.openiec61850.ServerAssociation - Got a GetDataValues request for node: IEDBiogasCHP/MMXU1.VA.net.rangeC.lLim [CF]
IEDBiogasCHP/MMXU1.VA.net.rangeC.lLim.i: 0
IEDBiogasCHP/MMXU1.VA.net.rangeC.lLim.f: 0.0
14:23:47.398 [openiec61850-osi-server-7-thread-1] DEBUG com.beanit.openiec61850.ServerAssociation - sub BDA is:IEDBiogasCHP/MMXU1.VA.net.rangeC.lLim.i: 0
14:23:47.398 [openiec61850-osi-server-7-thread-1] DEBUG com.beanit.openiec61850.ServerAssociation - sub BDA is:IEDBiogasCHP/MMXU1.VA.net.rangeC.lLim.f: 0.0
calling GetDataValues(IEDBiogasCHP/MMXU1.VA.net.rangeC.lLim.i)
14:23:47.398 [openiec61850-osi-server-7-thread-1] DEBUG com.beanit.openiec61850.ServerAssociation - Got a GetDataValues request for node: IEDBiogasCHP/MMXU1.VA.net.rangeC.lLim.i: 0
calling GetDataValues(IEDBiogasCHP/MMXU1.VA.net.rangeC.lLim.f)
14:23:47.398 [openiec61850-osi-server-7-thread-1] DEBUG com.beanit.openiec61850.ServerAssociation - Got a GetDataValues request for node: IEDBiogasCHP/MMXU1.VA.net.rangeC.lLim.f: 0.0
calling GetDataValues(IEDBiogasCHP/MMXU1.VA.net.rangeC.llLim)
14:23:47.398 [openiec61850-osi-server-7-thread-1] DEBUG com.beanit.openiec61850.ServerAssociation - Got a GetDataValues request for node: IEDBiogasCHP/MMXU1.VA.net.rangeC.llLim [CF]
IEDBiogasCHP/MMXU1.VA.net.rangeC.llLim.i: 0
IEDBiogasCHP/MMXU1.VA.net.rangeC.llLim.f: 0.0
14:23:47.398 [openiec61850-osi-server-7-thread-1] DEBUG com.beanit.openiec61850.ServerAssociation - sub BDA is:IEDBiogasCHP/MMXU1.VA.net.rangeC.llLim.i: 0
14:23:47.398 [openiec61850-osi-server-7-thread-1] DEBUG com.beanit.openiec61850.ServerAssociation - sub BDA is:IEDBiogasCHP/MMXU1.VA.net.rangeC.llLim.f: 0.0
calling GetDataValues(IEDBiogasCHP/MMXU1.VA.net.rangeC.llLim.i)
14:23:47.398 [openiec61850-osi-server-7-thread-1] DEBUG com.beanit.openiec61850.ServerAssociation - Got a GetDataValues request for node: IEDBiogasCHP/MMXU1.VA.net.rangeC.llLim.i: 0
calling GetDataValues(IEDBiogasCHP/MMXU1.VA.net.rangeC.llLim.f)
14:23:47.398 [openiec61850-osi-server-7-thread-1] DEBUG com.beanit.openiec61850.ServerAssociation - Got a GetDataValues request for node: IEDBiogasCHP/MMXU1.VA.net.rangeC.llLim.f: 0.0
calling GetDataValues(IEDBiogasCHP/MMXU1.VA.net.rangeC.min)
14:23:47.398 [openiec61850-osi-server-7-thread-1] DEBUG com.beanit.openiec61850.ServerAssociation - Got a GetDataValues request for node: IEDBiogasCHP/MMXU1.VA.net.rangeC.min [CF]
IEDBiogasCHP/MMXU1.VA.net.rangeC.min.i: 0
IEDBiogasCHP/MMXU1.VA.net.rangeC.min.f: 0.0
14:23:47.398 [openiec61850-osi-server-7-thread-1] DEBUG com.beanit.openiec61850.ServerAssociation - sub BDA is:IEDBiogasCHP/MMXU1.VA.net.rangeC.min.i: 0
14:23:47.398 [openiec61850-osi-server-7-thread-1] DEBUG com.beanit.openiec61850.ServerAssociation - sub BDA is:IEDBiogasCHP/MMXU1.VA.net.rangeC.min.f: 0.0
calling GetDataValues(IEDBiogasCHP/MMXU1.VA.net.rangeC.min.i)
14:23:47.399 [openiec61850-osi-server-7-thread-1] DEBUG com.beanit.openiec61850.ServerAssociation - Got a GetDataValues request for node: IEDBiogasCHP/MMXU1.VA.net.rangeC.min.i: 0
calling GetDataValues(IEDBiogasCHP/MMXU1.VA.net.rangeC.min.f)
14:23:47.399 [openiec61850-osi-server-7-thread-1] DEBUG com.beanit.openiec61850.ServerAssociation - Got a GetDataValues request for node: IEDBiogasCHP/MMXU1.VA.net.rangeC.min.f: 0.0
calling GetDataValues(IEDBiogasCHP/MMXU1.VA.net.rangeC.max)
14:23:47.399 [openiec61850-osi-server-7-thread-1] DEBUG com.beanit.openiec61850.ServerAssociation - Got a GetDataValues request for node: IEDBiogasCHP/MMXU1.VA.net.rangeC.max [CF]
IEDBiogasCHP/MMXU1.VA.net.rangeC.max.i: 0
IEDBiogasCHP/MMXU1.VA.net.rangeC.max.f: 0.0
14:23:47.399 [openiec61850-osi-server-7-thread-1] DEBUG com.beanit.openiec61850.ServerAssociation - sub BDA is:IEDBiogasCHP/MMXU1.VA.net.rangeC.max.i: 0
14:23:47.399 [openiec61850-osi-server-7-thread-1] DEBUG com.beanit.openiec61850.ServerAssociation - sub BDA is:IEDBiogasCHP/MMXU1.VA.net.rangeC.max.f: 0.0
calling GetDataValues(IEDBiogasCHP/MMXU1.VA.net.rangeC.max.i)
14:23:47.399 [openiec61850-osi-server-7-thread-1] DEBUG com.beanit.openiec61850.ServerAssociation - Got a GetDataValues request for node: IEDBiogasCHP/MMXU1.VA.net.rangeC.max.i: 0
calling GetDataValues(IEDBiogasCHP/MMXU1.VA.net.rangeC.max.f)
14:23:47.399 [openiec61850-osi-server-7-thread-1] DEBUG com.beanit.openiec61850.ServerAssociation - Got a GetDataValues request for node: IEDBiogasCHP/MMXU1.VA.net.rangeC.max.f: 0.0
calling GetDataValues(IEDBiogasCHP/MMXU1.VA.net.magSVC)
14:23:47.399 [openiec61850-osi-server-7-thread-1] DEBUG com.beanit.openiec61850.ServerAssociation - Got a GetDataValues request for node: IEDBiogasCHP/MMXU1.VA.net.magSVC [CF]
IEDBiogasCHP/MMXU1.VA.net.magSVC.scaleFactor: 0.0
IEDBiogasCHP/MMXU1.VA.net.magSVC.offset: 0.0
14:23:47.399 [openiec61850-osi-server-7-thread-1] DEBUG com.beanit.openiec61850.ServerAssociation - sub BDA is:IEDBiogasCHP/MMXU1.VA.net.magSVC.scaleFactor: 0.0
14:23:47.399 [openiec61850-osi-server-7-thread-1] DEBUG com.beanit.openiec61850.ServerAssociation - sub BDA is:IEDBiogasCHP/MMXU1.VA.net.magSVC.offset: 0.0
calling GetDataValues(IEDBiogasCHP/MMXU1.VA.net.magSVC.scaleFactor)
14:23:47.399 [openiec61850-osi-server-7-thread-1] DEBUG com.beanit.openiec61850.ServerAssociation - Got a GetDataValues request for node: IEDBiogasCHP/MMXU1.VA.net.magSVC.scaleFactor: 0.0
calling GetDataValues(IEDBiogasCHP/MMXU1.VA.net.magSVC.offset)
14:23:47.400 [openiec61850-osi-server-7-thread-1] DEBUG com.beanit.openiec61850.ServerAssociation - Got a GetDataValues request for node: IEDBiogasCHP/MMXU1.VA.net.magSVC.offset: 0.0
calling GetDataValues(IEDBiogasCHP/MMXU1.VA.net.angSVC)
14:23:47.400 [openiec61850-osi-server-7-thread-1] DEBUG com.beanit.openiec61850.ServerAssociation - Got a GetDataValues request for node: IEDBiogasCHP/MMXU1.VA.net.angSVC [CF]
IEDBiogasCHP/MMXU1.VA.net.angSVC.scaleFactor: 0.0
IEDBiogasCHP/MMXU1.VA.net.angSVC.offset: 0.0
14:23:47.400 [openiec61850-osi-server-7-thread-1] DEBUG com.beanit.openiec61850.ServerAssociation - sub BDA is:IEDBiogasCHP/MMXU1.VA.net.angSVC.scaleFactor: 0.0
14:23:47.400 [openiec61850-osi-server-7-thread-1] DEBUG com.beanit.openiec61850.ServerAssociation - sub BDA is:IEDBiogasCHP/MMXU1.VA.net.angSVC.offset: 0.0
calling GetDataValues(IEDBiogasCHP/MMXU1.VA.net.angSVC.scaleFactor)
14:23:47.400 [openiec61850-osi-server-7-thread-1] DEBUG com.beanit.openiec61850.ServerAssociation - Got a GetDataValues request for node: IEDBiogasCHP/MMXU1.VA.net.angSVC.scaleFactor: 0.0
calling GetDataValues(IEDBiogasCHP/MMXU1.VA.net.angSVC.offset)
14:23:47.400 [openiec61850-osi-server-7-thread-1] DEBUG com.beanit.openiec61850.ServerAssociation - Got a GetDataValues request for node: IEDBiogasCHP/MMXU1.VA.net.angSVC.offset: 0.0
calling GetDataValues(IEDBiogasCHP/MMXU1.VA.net.angRef)
14:23:47.400 [openiec61850-osi-server-7-thread-1] DEBUG com.beanit.openiec61850.ServerAssociation - Got a GetDataValues request for node: IEDBiogasCHP/MMXU1.VA.net.angRef: 0
calling GetDataValues(IEDBiogasCHP/MMXU1.VA.net.smpRate)
14:23:47.400 [openiec61850-osi-server-7-thread-1] DEBUG com.beanit.openiec61850.ServerAssociation - Got a GetDataValues request for node: IEDBiogasCHP/MMXU1.VA.net.smpRate: 0
calling GetDataValues(IEDBiogasCHP/MMXU1.VA.res)
14:23:47.400 [openiec61850-osi-server-7-thread-1] DEBUG com.beanit.openiec61850.ServerAssociation - Got a GetDataValues request for node: IEDBiogasCHP/MMXU1.VA.res [CF]
IEDBiogasCHP/MMXU1.VA.res.units [CF]
IEDBiogasCHP/MMXU1.VA.res.units.SIUnit: 0
IEDBiogasCHP/MMXU1.VA.res.units.multiplier: 0
IEDBiogasCHP/MMXU1.VA.res.db: 0
IEDBiogasCHP/MMXU1.VA.res.zeroDb: 0
IEDBiogasCHP/MMXU1.VA.res.rangeC [CF]
IEDBiogasCHP/MMXU1.VA.res.rangeC.hhLim [CF]
IEDBiogasCHP/MMXU1.VA.res.rangeC.hhLim.i: 0
IEDBiogasCHP/MMXU1.VA.res.rangeC.hhLim.f: 0.0
IEDBiogasCHP/MMXU1.VA.res.rangeC.hLim [CF]
IEDBiogasCHP/MMXU1.VA.res.rangeC.hLim.i: 0
IEDBiogasCHP/MMXU1.VA.res.rangeC.hLim.f: 0.0
IEDBiogasCHP/MMXU1.VA.res.rangeC.lLim [CF]
IEDBiogasCHP/MMXU1.VA.res.rangeC.lLim.i: 0
IEDBiogasCHP/MMXU1.VA.res.rangeC.lLim.f: 0.0
IEDBiogasCHP/MMXU1.VA.res.rangeC.llLim [CF]
IEDBiogasCHP/MMXU1.VA.res.rangeC.llLim.i: 0
IEDBiogasCHP/MMXU1.VA.res.rangeC.llLim.f: 0.0
IEDBiogasCHP/MMXU1.VA.res.rangeC.min [CF]
IEDBiogasCHP/MMXU1.VA.res.rangeC.min.i: 0
IEDBiogasCHP/MMXU1.VA.res.rangeC.min.f: 0.0
IEDBiogasCHP/MMXU1.VA.res.rangeC.max [CF]
IEDBiogasCHP/MMXU1.VA.res.rangeC.max.i: 0
IEDBiogasCHP/MMXU1.VA.res.rangeC.max.f: 0.0
IEDBiogasCHP/MMXU1.VA.res.magSVC [CF]
IEDBiogasCHP/MMXU1.VA.res.magSVC.scaleFactor: 0.0
IEDBiogasCHP/MMXU1.VA.res.magSVC.offset: 0.0
IEDBiogasCHP/MMXU1.VA.res.angSVC [CF]
IEDBiogasCHP/MMXU1.VA.res.angSVC.scaleFactor: 0.0
IEDBiogasCHP/MMXU1.VA.res.angSVC.offset: 0.0
IEDBiogasCHP/MMXU1.VA.res.angRef: 0
IEDBiogasCHP/MMXU1.VA.res.smpRate: 0
14:23:47.400 [openiec61850-osi-server-7-thread-1] DEBUG com.beanit.openiec61850.ServerAssociation - sub BDA is:IEDBiogasCHP/MMXU1.VA.res.units.SIUnit: 0
14:23:47.400 [openiec61850-osi-server-7-thread-1] DEBUG com.beanit.openiec61850.ServerAssociation - sub BDA is:IEDBiogasCHP/MMXU1.VA.res.units.multiplier: 0
14:23:47.400 [openiec61850-osi-server-7-thread-1] DEBUG com.beanit.openiec61850.ServerAssociation - sub BDA is:IEDBiogasCHP/MMXU1.VA.res.db: 0
14:23:47.400 [openiec61850-osi-server-7-thread-1] DEBUG com.beanit.openiec61850.ServerAssociation - sub BDA is:IEDBiogasCHP/MMXU1.VA.res.zeroDb: 0
14:23:47.400 [openiec61850-osi-server-7-thread-1] DEBUG com.beanit.openiec61850.ServerAssociation - sub BDA is:IEDBiogasCHP/MMXU1.VA.res.rangeC.hhLim.i: 0
14:23:47.400 [openiec61850-osi-server-7-thread-1] DEBUG com.beanit.openiec61850.ServerAssociation - sub BDA is:IEDBiogasCHP/MMXU1.VA.res.rangeC.hhLim.f: 0.0
14:23:47.400 [openiec61850-osi-server-7-thread-1] DEBUG com.beanit.openiec61850.ServerAssociation - sub BDA is:IEDBiogasCHP/MMXU1.VA.res.rangeC.hLim.i: 0
14:23:47.400 [openiec61850-osi-server-7-thread-1] DEBUG com.beanit.openiec61850.ServerAssociation - sub BDA is:IEDBiogasCHP/MMXU1.VA.res.rangeC.hLim.f: 0.0
14:23:47.400 [openiec61850-osi-server-7-thread-1] DEBUG com.beanit.openiec61850.ServerAssociation - sub BDA is:IEDBiogasCHP/MMXU1.VA.res.rangeC.lLim.i: 0
14:23:47.400 [openiec61850-osi-server-7-thread-1] DEBUG com.beanit.openiec61850.ServerAssociation - sub BDA is:IEDBiogasCHP/MMXU1.VA.res.rangeC.lLim.f: 0.0
14:23:47.400 [openiec61850-osi-server-7-thread-1] DEBUG com.beanit.openiec61850.ServerAssociation - sub BDA is:IEDBiogasCHP/MMXU1.VA.res.rangeC.llLim.i: 0
14:23:47.400 [openiec61850-osi-server-7-thread-1] DEBUG com.beanit.openiec61850.ServerAssociation - sub BDA is:IEDBiogasCHP/MMXU1.VA.res.rangeC.llLim.f: 0.0
14:23:47.400 [openiec61850-osi-server-7-thread-1] DEBUG com.beanit.openiec61850.ServerAssociation - sub BDA is:IEDBiogasCHP/MMXU1.VA.res.rangeC.min.i: 0
14:23:47.400 [openiec61850-osi-server-7-thread-1] DEBUG com.beanit.openiec61850.ServerAssociation - sub BDA is:IEDBiogasCHP/MMXU1.VA.res.rangeC.min.f: 0.0
14:23:47.400 [openiec61850-osi-server-7-thread-1] DEBUG com.beanit.openiec61850.ServerAssociation - sub BDA is:IEDBiogasCHP/MMXU1.VA.res.rangeC.max.i: 0
14:23:47.400 [openiec61850-osi-server-7-thread-1] DEBUG com.beanit.openiec61850.ServerAssociation - sub BDA is:IEDBiogasCHP/MMXU1.VA.res.rangeC.max.f: 0.0
14:23:47.400 [openiec61850-osi-server-7-thread-1] DEBUG com.beanit.openiec61850.ServerAssociation - sub BDA is:IEDBiogasCHP/MMXU1.VA.res.magSVC.scaleFactor: 0.0
14:23:47.400 [openiec61850-osi-server-7-thread-1] DEBUG com.beanit.openiec61850.ServerAssociation - sub BDA is:IEDBiogasCHP/MMXU1.VA.res.magSVC.offset: 0.0
14:23:47.400 [openiec61850-osi-server-7-thread-1] DEBUG com.beanit.openiec61850.ServerAssociation - sub BDA is:IEDBiogasCHP/MMXU1.VA.res.angSVC.scaleFactor: 0.0
14:23:47.400 [openiec61850-osi-server-7-thread-1] DEBUG com.beanit.openiec61850.ServerAssociation - sub BDA is:IEDBiogasCHP/MMXU1.VA.res.angSVC.offset: 0.0
14:23:47.400 [openiec61850-osi-server-7-thread-1] DEBUG com.beanit.openiec61850.ServerAssociation - sub BDA is:IEDBiogasCHP/MMXU1.VA.res.angRef: 0
14:23:47.400 [openiec61850-osi-server-7-thread-1] DEBUG com.beanit.openiec61850.ServerAssociation - sub BDA is:IEDBiogasCHP/MMXU1.VA.res.smpRate: 0
calling GetDataValues(IEDBiogasCHP/MMXU1.VA.res.units)
14:23:47.401 [openiec61850-osi-server-7-thread-1] DEBUG com.beanit.openiec61850.ServerAssociation - Got a GetDataValues request for node: IEDBiogasCHP/MMXU1.VA.res.units [CF]
IEDBiogasCHP/MMXU1.VA.res.units.SIUnit: 0
IEDBiogasCHP/MMXU1.VA.res.units.multiplier: 0
14:23:47.401 [openiec61850-osi-server-7-thread-1] DEBUG com.beanit.openiec61850.ServerAssociation - sub BDA is:IEDBiogasCHP/MMXU1.VA.res.units.SIUnit: 0
14:23:47.401 [openiec61850-osi-server-7-thread-1] DEBUG com.beanit.openiec61850.ServerAssociation - sub BDA is:IEDBiogasCHP/MMXU1.VA.res.units.multiplier: 0
calling GetDataValues(IEDBiogasCHP/MMXU1.VA.res.units.SIUnit)
14:23:47.401 [openiec61850-osi-server-7-thread-1] DEBUG com.beanit.openiec61850.ServerAssociation - Got a GetDataValues request for node: IEDBiogasCHP/MMXU1.VA.res.units.SIUnit: 0
calling GetDataValues(IEDBiogasCHP/MMXU1.VA.res.units.multiplier)
14:23:47.401 [openiec61850-osi-server-7-thread-1] DEBUG com.beanit.openiec61850.ServerAssociation - Got a GetDataValues request for node: IEDBiogasCHP/MMXU1.VA.res.units.multiplier: 0
calling GetDataValues(IEDBiogasCHP/MMXU1.VA.res.db)
14:23:47.401 [openiec61850-osi-server-7-thread-1] DEBUG com.beanit.openiec61850.ServerAssociation - Got a GetDataValues request for node: IEDBiogasCHP/MMXU1.VA.res.db: 0
calling GetDataValues(IEDBiogasCHP/MMXU1.VA.res.zeroDb)
14:23:47.401 [openiec61850-osi-server-7-thread-1] DEBUG com.beanit.openiec61850.ServerAssociation - Got a GetDataValues request for node: IEDBiogasCHP/MMXU1.VA.res.zeroDb: 0
calling GetDataValues(IEDBiogasCHP/MMXU1.VA.res.rangeC)
14:23:47.401 [openiec61850-osi-server-7-thread-1] DEBUG com.beanit.openiec61850.ServerAssociation - Got a GetDataValues request for node: IEDBiogasCHP/MMXU1.VA.res.rangeC [CF]
IEDBiogasCHP/MMXU1.VA.res.rangeC.hhLim [CF]
IEDBiogasCHP/MMXU1.VA.res.rangeC.hhLim.i: 0
IEDBiogasCHP/MMXU1.VA.res.rangeC.hhLim.f: 0.0
IEDBiogasCHP/MMXU1.VA.res.rangeC.hLim [CF]
IEDBiogasCHP/MMXU1.VA.res.rangeC.hLim.i: 0
IEDBiogasCHP/MMXU1.VA.res.rangeC.hLim.f: 0.0
IEDBiogasCHP/MMXU1.VA.res.rangeC.lLim [CF]
IEDBiogasCHP/MMXU1.VA.res.rangeC.lLim.i: 0
IEDBiogasCHP/MMXU1.VA.res.rangeC.lLim.f: 0.0
IEDBiogasCHP/MMXU1.VA.res.rangeC.llLim [CF]
IEDBiogasCHP/MMXU1.VA.res.rangeC.llLim.i: 0
IEDBiogasCHP/MMXU1.VA.res.rangeC.llLim.f: 0.0
IEDBiogasCHP/MMXU1.VA.res.rangeC.min [CF]
IEDBiogasCHP/MMXU1.VA.res.rangeC.min.i: 0
IEDBiogasCHP/MMXU1.VA.res.rangeC.min.f: 0.0
IEDBiogasCHP/MMXU1.VA.res.rangeC.max [CF]
IEDBiogasCHP/MMXU1.VA.res.rangeC.max.i: 0
IEDBiogasCHP/MMXU1.VA.res.rangeC.max.f: 0.0
14:23:47.401 [openiec61850-osi-server-7-thread-1] DEBUG com.beanit.openiec61850.ServerAssociation - sub BDA is:IEDBiogasCHP/MMXU1.VA.res.rangeC.hhLim.i: 0
14:23:47.401 [openiec61850-osi-server-7-thread-1] DEBUG com.beanit.openiec61850.ServerAssociation - sub BDA is:IEDBiogasCHP/MMXU1.VA.res.rangeC.hhLim.f: 0.0
14:23:47.401 [openiec61850-osi-server-7-thread-1] DEBUG com.beanit.openiec61850.ServerAssociation - sub BDA is:IEDBiogasCHP/MMXU1.VA.res.rangeC.hLim.i: 0
14:23:47.401 [openiec61850-osi-server-7-thread-1] DEBUG com.beanit.openiec61850.ServerAssociation - sub BDA is:IEDBiogasCHP/MMXU1.VA.res.rangeC.hLim.f: 0.0
14:23:47.401 [openiec61850-osi-server-7-thread-1] DEBUG com.beanit.openiec61850.ServerAssociation - sub BDA is:IEDBiogasCHP/MMXU1.VA.res.rangeC.lLim.i: 0
14:23:47.401 [openiec61850-osi-server-7-thread-1] DEBUG com.beanit.openiec61850.ServerAssociation - sub BDA is:IEDBiogasCHP/MMXU1.VA.res.rangeC.lLim.f: 0.0
14:23:47.401 [openiec61850-osi-server-7-thread-1] DEBUG com.beanit.openiec61850.ServerAssociation - sub BDA is:IEDBiogasCHP/MMXU1.VA.res.rangeC.llLim.i: 0
14:23:47.401 [openiec61850-osi-server-7-thread-1] DEBUG com.beanit.openiec61850.ServerAssociation - sub BDA is:IEDBiogasCHP/MMXU1.VA.res.rangeC.llLim.f: 0.0
14:23:47.401 [openiec61850-osi-server-7-thread-1] DEBUG com.beanit.openiec61850.ServerAssociation - sub BDA is:IEDBiogasCHP/MMXU1.VA.res.rangeC.min.i: 0
14:23:47.401 [openiec61850-osi-server-7-thread-1] DEBUG com.beanit.openiec61850.ServerAssociation - sub BDA is:IEDBiogasCHP/MMXU1.VA.res.rangeC.min.f: 0.0
14:23:47.401 [openiec61850-osi-server-7-thread-1] DEBUG com.beanit.openiec61850.ServerAssociation - sub BDA is:IEDBiogasCHP/MMXU1.VA.res.rangeC.max.i: 0
14:23:47.401 [openiec61850-osi-server-7-thread-1] DEBUG com.beanit.openiec61850.ServerAssociation - sub BDA is:IEDBiogasCHP/MMXU1.VA.res.rangeC.max.f: 0.0
calling GetDataValues(IEDBiogasCHP/MMXU1.VA.res.rangeC.hhLim)
14:23:47.401 [openiec61850-osi-server-7-thread-1] DEBUG com.beanit.openiec61850.ServerAssociation - Got a GetDataValues request for node: IEDBiogasCHP/MMXU1.VA.res.rangeC.hhLim [CF]
IEDBiogasCHP/MMXU1.VA.res.rangeC.hhLim.i: 0
IEDBiogasCHP/MMXU1.VA.res.rangeC.hhLim.f: 0.0
14:23:47.401 [openiec61850-osi-server-7-thread-1] DEBUG com.beanit.openiec61850.ServerAssociation - sub BDA is:IEDBiogasCHP/MMXU1.VA.res.rangeC.hhLim.i: 0
14:23:47.401 [openiec61850-osi-server-7-thread-1] DEBUG com.beanit.openiec61850.ServerAssociation - sub BDA is:IEDBiogasCHP/MMXU1.VA.res.rangeC.hhLim.f: 0.0
calling GetDataValues(IEDBiogasCHP/MMXU1.VA.res.rangeC.hhLim.i)
14:23:47.402 [openiec61850-osi-server-7-thread-1] DEBUG com.beanit.openiec61850.ServerAssociation - Got a GetDataValues request for node: IEDBiogasCHP/MMXU1.VA.res.rangeC.hhLim.i: 0
calling GetDataValues(IEDBiogasCHP/MMXU1.VA.res.rangeC.hhLim.f)
14:23:47.402 [openiec61850-osi-server-7-thread-1] DEBUG com.beanit.openiec61850.ServerAssociation - Got a GetDataValues request for node: IEDBiogasCHP/MMXU1.VA.res.rangeC.hhLim.f: 0.0
calling GetDataValues(IEDBiogasCHP/MMXU1.VA.res.rangeC.hLim)
14:23:47.402 [openiec61850-osi-server-7-thread-1] DEBUG com.beanit.openiec61850.ServerAssociation - Got a GetDataValues request for node: IEDBiogasCHP/MMXU1.VA.res.rangeC.hLim [CF]
IEDBiogasCHP/MMXU1.VA.res.rangeC.hLim.i: 0
IEDBiogasCHP/MMXU1.VA.res.rangeC.hLim.f: 0.0
14:23:47.402 [openiec61850-osi-server-7-thread-1] DEBUG com.beanit.openiec61850.ServerAssociation - sub BDA is:IEDBiogasCHP/MMXU1.VA.res.rangeC.hLim.i: 0
14:23:47.402 [openiec61850-osi-server-7-thread-1] DEBUG com.beanit.openiec61850.ServerAssociation - sub BDA is:IEDBiogasCHP/MMXU1.VA.res.rangeC.hLim.f: 0.0
calling GetDataValues(IEDBiogasCHP/MMXU1.VA.res.rangeC.hLim.i)
14:23:47.402 [openiec61850-osi-server-7-thread-1] DEBUG com.beanit.openiec61850.ServerAssociation - Got a GetDataValues request for node: IEDBiogasCHP/MMXU1.VA.res.rangeC.hLim.i: 0
calling GetDataValues(IEDBiogasCHP/MMXU1.VA.res.rangeC.hLim.f)
14:23:47.402 [openiec61850-osi-server-7-thread-1] DEBUG com.beanit.openiec61850.ServerAssociation - Got a GetDataValues request for node: IEDBiogasCHP/MMXU1.VA.res.rangeC.hLim.f: 0.0
calling GetDataValues(IEDBiogasCHP/MMXU1.VA.res.rangeC.lLim)
14:23:47.402 [openiec61850-osi-server-7-thread-1] DEBUG com.beanit.openiec61850.ServerAssociation - Got a GetDataValues request for node: IEDBiogasCHP/MMXU1.VA.res.rangeC.lLim [CF]
IEDBiogasCHP/MMXU1.VA.res.rangeC.lLim.i: 0
IEDBiogasCHP/MMXU1.VA.res.rangeC.lLim.f: 0.0
14:23:47.402 [openiec61850-osi-server-7-thread-1] DEBUG com.beanit.openiec61850.ServerAssociation - sub BDA is:IEDBiogasCHP/MMXU1.VA.res.rangeC.lLim.i: 0
14:23:47.402 [openiec61850-osi-server-7-thread-1] DEBUG com.beanit.openiec61850.ServerAssociation - sub BDA is:IEDBiogasCHP/MMXU1.VA.res.rangeC.lLim.f: 0.0
calling GetDataValues(IEDBiogasCHP/MMXU1.VA.res.rangeC.lLim.i)
14:23:47.402 [openiec61850-osi-server-7-thread-1] DEBUG com.beanit.openiec61850.ServerAssociation - Got a GetDataValues request for node: IEDBiogasCHP/MMXU1.VA.res.rangeC.lLim.i: 0
calling GetDataValues(IEDBiogasCHP/MMXU1.VA.res.rangeC.lLim.f)
14:23:47.402 [openiec61850-osi-server-7-thread-1] DEBUG com.beanit.openiec61850.ServerAssociation - Got a GetDataValues request for node: IEDBiogasCHP/MMXU1.VA.res.rangeC.lLim.f: 0.0
calling GetDataValues(IEDBiogasCHP/MMXU1.VA.res.rangeC.llLim)
14:23:47.403 [openiec61850-osi-server-7-thread-1] DEBUG com.beanit.openiec61850.ServerAssociation - Got a GetDataValues request for node: IEDBiogasCHP/MMXU1.VA.res.rangeC.llLim [CF]
IEDBiogasCHP/MMXU1.VA.res.rangeC.llLim.i: 0
IEDBiogasCHP/MMXU1.VA.res.rangeC.llLim.f: 0.0
14:23:47.403 [openiec61850-osi-server-7-thread-1] DEBUG com.beanit.openiec61850.ServerAssociation - sub BDA is:IEDBiogasCHP/MMXU1.VA.res.rangeC.llLim.i: 0
14:23:47.403 [openiec61850-osi-server-7-thread-1] DEBUG com.beanit.openiec61850.ServerAssociation - sub BDA is:IEDBiogasCHP/MMXU1.VA.res.rangeC.llLim.f: 0.0
calling GetDataValues(IEDBiogasCHP/MMXU1.VA.res.rangeC.llLim.i)
14:23:47.403 [openiec61850-osi-server-7-thread-1] DEBUG com.beanit.openiec61850.ServerAssociation - Got a GetDataValues request for node: IEDBiogasCHP/MMXU1.VA.res.rangeC.llLim.i: 0
calling GetDataValues(IEDBiogasCHP/MMXU1.VA.res.rangeC.llLim.f)
14:23:47.403 [openiec61850-osi-server-7-thread-1] DEBUG com.beanit.openiec61850.ServerAssociation - Got a GetDataValues request for node: IEDBiogasCHP/MMXU1.VA.res.rangeC.llLim.f: 0.0
calling GetDataValues(IEDBiogasCHP/MMXU1.VA.res.rangeC.min)
14:23:47.403 [openiec61850-osi-server-7-thread-1] DEBUG com.beanit.openiec61850.ServerAssociation - Got a GetDataValues request for node: IEDBiogasCHP/MMXU1.VA.res.rangeC.min [CF]
IEDBiogasCHP/MMXU1.VA.res.rangeC.min.i: 0
IEDBiogasCHP/MMXU1.VA.res.rangeC.min.f: 0.0
14:23:47.403 [openiec61850-osi-server-7-thread-1] DEBUG com.beanit.openiec61850.ServerAssociation - sub BDA is:IEDBiogasCHP/MMXU1.VA.res.rangeC.min.i: 0
14:23:47.403 [openiec61850-osi-server-7-thread-1] DEBUG com.beanit.openiec61850.ServerAssociation - sub BDA is:IEDBiogasCHP/MMXU1.VA.res.rangeC.min.f: 0.0
calling GetDataValues(IEDBiogasCHP/MMXU1.VA.res.rangeC.min.i)
14:23:47.403 [openiec61850-osi-server-7-thread-1] DEBUG com.beanit.openiec61850.ServerAssociation - Got a GetDataValues request for node: IEDBiogasCHP/MMXU1.VA.res.rangeC.min.i: 0
calling GetDataValues(IEDBiogasCHP/MMXU1.VA.res.rangeC.min.f)
14:23:47.403 [openiec61850-osi-server-7-thread-1] DEBUG com.beanit.openiec61850.ServerAssociation - Got a GetDataValues request for node: IEDBiogasCHP/MMXU1.VA.res.rangeC.min.f: 0.0
calling GetDataValues(IEDBiogasCHP/MMXU1.VA.res.rangeC.max)
14:23:47.403 [openiec61850-osi-server-7-thread-1] DEBUG com.beanit.openiec61850.ServerAssociation - Got a GetDataValues request for node: IEDBiogasCHP/MMXU1.VA.res.rangeC.max [CF]
IEDBiogasCHP/MMXU1.VA.res.rangeC.max.i: 0
IEDBiogasCHP/MMXU1.VA.res.rangeC.max.f: 0.0
14:23:47.403 [openiec61850-osi-server-7-thread-1] DEBUG com.beanit.openiec61850.ServerAssociation - sub BDA is:IEDBiogasCHP/MMXU1.VA.res.rangeC.max.i: 0
14:23:47.403 [openiec61850-osi-server-7-thread-1] DEBUG com.beanit.openiec61850.ServerAssociation - sub BDA is:IEDBiogasCHP/MMXU1.VA.res.rangeC.max.f: 0.0
calling GetDataValues(IEDBiogasCHP/MMXU1.VA.res.rangeC.max.i)
14:23:47.403 [openiec61850-osi-server-7-thread-1] DEBUG com.beanit.openiec61850.ServerAssociation - Got a GetDataValues request for node: IEDBiogasCHP/MMXU1.VA.res.rangeC.max.i: 0
calling GetDataValues(IEDBiogasCHP/MMXU1.VA.res.rangeC.max.f)
14:23:47.404 [openiec61850-osi-server-7-thread-1] DEBUG com.beanit.openiec61850.ServerAssociation - Got a GetDataValues request for node: IEDBiogasCHP/MMXU1.VA.res.rangeC.max.f: 0.0
calling GetDataValues(IEDBiogasCHP/MMXU1.VA.res.magSVC)
14:23:47.404 [openiec61850-osi-server-7-thread-1] DEBUG com.beanit.openiec61850.ServerAssociation - Got a GetDataValues request for node: IEDBiogasCHP/MMXU1.VA.res.magSVC [CF]
IEDBiogasCHP/MMXU1.VA.res.magSVC.scaleFactor: 0.0
IEDBiogasCHP/MMXU1.VA.res.magSVC.offset: 0.0
14:23:47.404 [openiec61850-osi-server-7-thread-1] DEBUG com.beanit.openiec61850.ServerAssociation - sub BDA is:IEDBiogasCHP/MMXU1.VA.res.magSVC.scaleFactor: 0.0
14:23:47.404 [openiec61850-osi-server-7-thread-1] DEBUG com.beanit.openiec61850.ServerAssociation - sub BDA is:IEDBiogasCHP/MMXU1.VA.res.magSVC.offset: 0.0
calling GetDataValues(IEDBiogasCHP/MMXU1.VA.res.magSVC.scaleFactor)
14:23:47.404 [openiec61850-osi-server-7-thread-1] DEBUG com.beanit.openiec61850.ServerAssociation - Got a GetDataValues request for node: IEDBiogasCHP/MMXU1.VA.res.magSVC.scaleFactor: 0.0
calling GetDataValues(IEDBiogasCHP/MMXU1.VA.res.magSVC.offset)
14:23:47.404 [openiec61850-osi-server-7-thread-1] DEBUG com.beanit.openiec61850.ServerAssociation - Got a GetDataValues request for node: IEDBiogasCHP/MMXU1.VA.res.magSVC.offset: 0.0
calling GetDataValues(IEDBiogasCHP/MMXU1.VA.res.angSVC)
14:23:47.404 [openiec61850-osi-server-7-thread-1] DEBUG com.beanit.openiec61850.ServerAssociation - Got a GetDataValues request for node: IEDBiogasCHP/MMXU1.VA.res.angSVC [CF]
IEDBiogasCHP/MMXU1.VA.res.angSVC.scaleFactor: 0.0
IEDBiogasCHP/MMXU1.VA.res.angSVC.offset: 0.0
14:23:47.404 [openiec61850-osi-server-7-thread-1] DEBUG com.beanit.openiec61850.ServerAssociation - sub BDA is:IEDBiogasCHP/MMXU1.VA.res.angSVC.scaleFactor: 0.0
14:23:47.404 [openiec61850-osi-server-7-thread-1] DEBUG com.beanit.openiec61850.ServerAssociation - sub BDA is:IEDBiogasCHP/MMXU1.VA.res.angSVC.offset: 0.0
calling GetDataValues(IEDBiogasCHP/MMXU1.VA.res.angSVC.scaleFactor)
14:23:47.404 [openiec61850-osi-server-7-thread-1] DEBUG com.beanit.openiec61850.ServerAssociation - Got a GetDataValues request for node: IEDBiogasCHP/MMXU1.VA.res.angSVC.scaleFactor: 0.0
calling GetDataValues(IEDBiogasCHP/MMXU1.VA.res.angSVC.offset)
14:23:47.404 [openiec61850-osi-server-7-thread-1] DEBUG com.beanit.openiec61850.ServerAssociation - Got a GetDataValues request for node: IEDBiogasCHP/MMXU1.VA.res.angSVC.offset: 0.0
calling GetDataValues(IEDBiogasCHP/MMXU1.VA.res.angRef)
14:23:47.404 [openiec61850-osi-server-7-thread-1] DEBUG com.beanit.openiec61850.ServerAssociation - Got a GetDataValues request for node: IEDBiogasCHP/MMXU1.VA.res.angRef: 0
calling GetDataValues(IEDBiogasCHP/MMXU1.VA.res.smpRate)
14:23:47.404 [openiec61850-osi-server-7-thread-1] DEBUG com.beanit.openiec61850.ServerAssociation - Got a GetDataValues request for node: IEDBiogasCHP/MMXU1.VA.res.smpRate: 0
calling GetDataValues(IEDBiogasCHP/MMXU1.VA)
14:23:47.405 [openiec61850-osi-server-7-thread-1] DEBUG com.beanit.openiec61850.ServerAssociation - Got a GetDataValues request for node: IEDBiogasCHP/MMXU1.VA [DC]
IEDBiogasCHP/MMXU1.VA.d: ''
IEDBiogasCHP/MMXU1.VA.dU: 
IEDBiogasCHP/MMXU1.VA.phsA [DC]
IEDBiogasCHP/MMXU1.VA.phsA.d: ''
IEDBiogasCHP/MMXU1.VA.phsA.dU: 
IEDBiogasCHP/MMXU1.VA.phsB [DC]
IEDBiogasCHP/MMXU1.VA.phsB.d: ''
IEDBiogasCHP/MMXU1.VA.phsB.dU: 
IEDBiogasCHP/MMXU1.VA.phsC [DC]
IEDBiogasCHP/MMXU1.VA.phsC.d: ''
IEDBiogasCHP/MMXU1.VA.phsC.dU: 
IEDBiogasCHP/MMXU1.VA.neut [DC]
IEDBiogasCHP/MMXU1.VA.neut.d: ''
IEDBiogasCHP/MMXU1.VA.neut.dU: 
IEDBiogasCHP/MMXU1.VA.net [DC]
IEDBiogasCHP/MMXU1.VA.net.d: ''
IEDBiogasCHP/MMXU1.VA.net.dU: 
IEDBiogasCHP/MMXU1.VA.res [DC]
IEDBiogasCHP/MMXU1.VA.res.d: ''
IEDBiogasCHP/MMXU1.VA.res.dU: 
14:23:47.405 [openiec61850-osi-server-7-thread-1] DEBUG com.beanit.openiec61850.ServerAssociation - sub BDA is:IEDBiogasCHP/MMXU1.VA.d: ''
14:23:47.405 [openiec61850-osi-server-7-thread-1] DEBUG com.beanit.openiec61850.ServerAssociation - sub BDA is:IEDBiogasCHP/MMXU1.VA.dU: 
14:23:47.405 [openiec61850-osi-server-7-thread-1] DEBUG com.beanit.openiec61850.ServerAssociation - sub BDA is:IEDBiogasCHP/MMXU1.VA.phsA.d: ''
14:23:47.405 [openiec61850-osi-server-7-thread-1] DEBUG com.beanit.openiec61850.ServerAssociation - sub BDA is:IEDBiogasCHP/MMXU1.VA.phsA.dU: 
14:23:47.405 [openiec61850-osi-server-7-thread-1] DEBUG com.beanit.openiec61850.ServerAssociation - sub BDA is:IEDBiogasCHP/MMXU1.VA.phsB.d: ''
14:23:47.405 [openiec61850-osi-server-7-thread-1] DEBUG com.beanit.openiec61850.ServerAssociation - sub BDA is:IEDBiogasCHP/MMXU1.VA.phsB.dU: 
14:23:47.405 [openiec61850-osi-server-7-thread-1] DEBUG com.beanit.openiec61850.ServerAssociation - sub BDA is:IEDBiogasCHP/MMXU1.VA.phsC.d: ''
14:23:47.405 [openiec61850-osi-server-7-thread-1] DEBUG com.beanit.openiec61850.ServerAssociation - sub BDA is:IEDBiogasCHP/MMXU1.VA.phsC.dU: 
14:23:47.405 [openiec61850-osi-server-7-thread-1] DEBUG com.beanit.openiec61850.ServerAssociation - sub BDA is:IEDBiogasCHP/MMXU1.VA.neut.d: ''
14:23:47.405 [openiec61850-osi-server-7-thread-1] DEBUG com.beanit.openiec61850.ServerAssociation - sub BDA is:IEDBiogasCHP/MMXU1.VA.neut.dU: 
14:23:47.405 [openiec61850-osi-server-7-thread-1] DEBUG com.beanit.openiec61850.ServerAssociation - sub BDA is:IEDBiogasCHP/MMXU1.VA.net.d: ''
14:23:47.405 [openiec61850-osi-server-7-thread-1] DEBUG com.beanit.openiec61850.ServerAssociation - sub BDA is:IEDBiogasCHP/MMXU1.VA.net.dU: 
14:23:47.405 [openiec61850-osi-server-7-thread-1] DEBUG com.beanit.openiec61850.ServerAssociation - sub BDA is:IEDBiogasCHP/MMXU1.VA.res.d: ''
14:23:47.405 [openiec61850-osi-server-7-thread-1] DEBUG com.beanit.openiec61850.ServerAssociation - sub BDA is:IEDBiogasCHP/MMXU1.VA.res.dU: 
calling GetDataValues(IEDBiogasCHP/MMXU1.VA.d)
14:23:47.405 [openiec61850-osi-server-7-thread-1] DEBUG com.beanit.openiec61850.ServerAssociation - Got a GetDataValues request for node: IEDBiogasCHP/MMXU1.VA.d: ''
calling GetDataValues(IEDBiogasCHP/MMXU1.VA.dU)
14:23:47.405 [openiec61850-osi-server-7-thread-1] DEBUG com.beanit.openiec61850.ServerAssociation - Got a GetDataValues request for node: IEDBiogasCHP/MMXU1.VA.dU: 
calling GetDataValues(IEDBiogasCHP/MMXU1.VA.phsA)
14:23:47.405 [openiec61850-osi-server-7-thread-1] DEBUG com.beanit.openiec61850.ServerAssociation - Got a GetDataValues request for node: IEDBiogasCHP/MMXU1.VA.phsA [DC]
IEDBiogasCHP/MMXU1.VA.phsA.d: ''
IEDBiogasCHP/MMXU1.VA.phsA.dU: 
14:23:47.405 [openiec61850-osi-server-7-thread-1] DEBUG com.beanit.openiec61850.ServerAssociation - sub BDA is:IEDBiogasCHP/MMXU1.VA.phsA.d: ''
14:23:47.405 [openiec61850-osi-server-7-thread-1] DEBUG com.beanit.openiec61850.ServerAssociation - sub BDA is:IEDBiogasCHP/MMXU1.VA.phsA.dU: 
calling GetDataValues(IEDBiogasCHP/MMXU1.VA.phsA.d)
14:23:47.405 [openiec61850-osi-server-7-thread-1] DEBUG com.beanit.openiec61850.ServerAssociation - Got a GetDataValues request for node: IEDBiogasCHP/MMXU1.VA.phsA.d: ''
calling GetDataValues(IEDBiogasCHP/MMXU1.VA.phsA.dU)
14:23:47.405 [openiec61850-osi-server-7-thread-1] DEBUG com.beanit.openiec61850.ServerAssociation - Got a GetDataValues request for node: IEDBiogasCHP/MMXU1.VA.phsA.dU: 
calling GetDataValues(IEDBiogasCHP/MMXU1.VA.phsB)
14:23:47.405 [openiec61850-osi-server-7-thread-1] DEBUG com.beanit.openiec61850.ServerAssociation - Got a GetDataValues request for node: IEDBiogasCHP/MMXU1.VA.phsB [DC]
IEDBiogasCHP/MMXU1.VA.phsB.d: ''
IEDBiogasCHP/MMXU1.VA.phsB.dU: 
14:23:47.405 [openiec61850-osi-server-7-thread-1] DEBUG com.beanit.openiec61850.ServerAssociation - sub BDA is:IEDBiogasCHP/MMXU1.VA.phsB.d: ''
14:23:47.405 [openiec61850-osi-server-7-thread-1] DEBUG com.beanit.openiec61850.ServerAssociation - sub BDA is:IEDBiogasCHP/MMXU1.VA.phsB.dU: 
calling GetDataValues(IEDBiogasCHP/MMXU1.VA.phsB.d)
14:23:47.406 [openiec61850-osi-server-7-thread-1] DEBUG com.beanit.openiec61850.ServerAssociation - Got a GetDataValues request for node: IEDBiogasCHP/MMXU1.VA.phsB.d: ''
calling GetDataValues(IEDBiogasCHP/MMXU1.VA.phsB.dU)
14:23:47.406 [openiec61850-osi-server-7-thread-1] DEBUG com.beanit.openiec61850.ServerAssociation - Got a GetDataValues request for node: IEDBiogasCHP/MMXU1.VA.phsB.dU: 
calling GetDataValues(IEDBiogasCHP/MMXU1.VA.phsC)
14:23:47.406 [openiec61850-osi-server-7-thread-1] DEBUG com.beanit.openiec61850.ServerAssociation - Got a GetDataValues request for node: IEDBiogasCHP/MMXU1.VA.phsC [DC]
IEDBiogasCHP/MMXU1.VA.phsC.d: ''
IEDBiogasCHP/MMXU1.VA.phsC.dU: 
14:23:47.406 [openiec61850-osi-server-7-thread-1] DEBUG com.beanit.openiec61850.ServerAssociation - sub BDA is:IEDBiogasCHP/MMXU1.VA.phsC.d: ''
14:23:47.406 [openiec61850-osi-server-7-thread-1] DEBUG com.beanit.openiec61850.ServerAssociation - sub BDA is:IEDBiogasCHP/MMXU1.VA.phsC.dU: 
calling GetDataValues(IEDBiogasCHP/MMXU1.VA.phsC.d)
14:23:47.406 [openiec61850-osi-server-7-thread-1] DEBUG com.beanit.openiec61850.ServerAssociation - Got a GetDataValues request for node: IEDBiogasCHP/MMXU1.VA.phsC.d: ''
calling GetDataValues(IEDBiogasCHP/MMXU1.VA.phsC.dU)
14:23:47.406 [openiec61850-osi-server-7-thread-1] DEBUG com.beanit.openiec61850.ServerAssociation - Got a GetDataValues request for node: IEDBiogasCHP/MMXU1.VA.phsC.dU: 
calling GetDataValues(IEDBiogasCHP/MMXU1.VA.neut)
14:23:47.406 [openiec61850-osi-server-7-thread-1] DEBUG com.beanit.openiec61850.ServerAssociation - Got a GetDataValues request for node: IEDBiogasCHP/MMXU1.VA.neut [DC]
IEDBiogasCHP/MMXU1.VA.neut.d: ''
IEDBiogasCHP/MMXU1.VA.neut.dU: 
14:23:47.406 [openiec61850-osi-server-7-thread-1] DEBUG com.beanit.openiec61850.ServerAssociation - sub BDA is:IEDBiogasCHP/MMXU1.VA.neut.d: ''
14:23:47.406 [openiec61850-osi-server-7-thread-1] DEBUG com.beanit.openiec61850.ServerAssociation - sub BDA is:IEDBiogasCHP/MMXU1.VA.neut.dU: 
calling GetDataValues(IEDBiogasCHP/MMXU1.VA.neut.d)
14:23:47.406 [openiec61850-osi-server-7-thread-1] DEBUG com.beanit.openiec61850.ServerAssociation - Got a GetDataValues request for node: IEDBiogasCHP/MMXU1.VA.neut.d: ''
calling GetDataValues(IEDBiogasCHP/MMXU1.VA.neut.dU)
14:23:47.406 [openiec61850-osi-server-7-thread-1] DEBUG com.beanit.openiec61850.ServerAssociation - Got a GetDataValues request for node: IEDBiogasCHP/MMXU1.VA.neut.dU: 
calling GetDataValues(IEDBiogasCHP/MMXU1.VA.net)
14:23:47.407 [openiec61850-osi-server-7-thread-1] DEBUG com.beanit.openiec61850.ServerAssociation - Got a GetDataValues request for node: IEDBiogasCHP/MMXU1.VA.net [DC]
IEDBiogasCHP/MMXU1.VA.net.d: ''
IEDBiogasCHP/MMXU1.VA.net.dU: 
14:23:47.407 [openiec61850-osi-server-7-thread-1] DEBUG com.beanit.openiec61850.ServerAssociation - sub BDA is:IEDBiogasCHP/MMXU1.VA.net.d: ''
14:23:47.407 [openiec61850-osi-server-7-thread-1] DEBUG com.beanit.openiec61850.ServerAssociation - sub BDA is:IEDBiogasCHP/MMXU1.VA.net.dU: 
calling GetDataValues(IEDBiogasCHP/MMXU1.VA.net.d)
14:23:47.407 [openiec61850-osi-server-7-thread-1] DEBUG com.beanit.openiec61850.ServerAssociation - Got a GetDataValues request for node: IEDBiogasCHP/MMXU1.VA.net.d: ''
calling GetDataValues(IEDBiogasCHP/MMXU1.VA.net.dU)
14:23:47.407 [openiec61850-osi-server-7-thread-1] DEBUG com.beanit.openiec61850.ServerAssociation - Got a GetDataValues request for node: IEDBiogasCHP/MMXU1.VA.net.dU: 
calling GetDataValues(IEDBiogasCHP/MMXU1.VA.res)
14:23:47.407 [openiec61850-osi-server-7-thread-1] DEBUG com.beanit.openiec61850.ServerAssociation - Got a GetDataValues request for node: IEDBiogasCHP/MMXU1.VA.res [DC]
IEDBiogasCHP/MMXU1.VA.res.d: ''
IEDBiogasCHP/MMXU1.VA.res.dU: 
14:23:47.407 [openiec61850-osi-server-7-thread-1] DEBUG com.beanit.openiec61850.ServerAssociation - sub BDA is:IEDBiogasCHP/MMXU1.VA.res.d: ''
14:23:47.407 [openiec61850-osi-server-7-thread-1] DEBUG com.beanit.openiec61850.ServerAssociation - sub BDA is:IEDBiogasCHP/MMXU1.VA.res.dU: 
calling GetDataValues(IEDBiogasCHP/MMXU1.VA.res.d)
14:23:47.407 [openiec61850-osi-server-7-thread-1] DEBUG com.beanit.openiec61850.ServerAssociation - Got a GetDataValues request for node: IEDBiogasCHP/MMXU1.VA.res.d: ''
calling GetDataValues(IEDBiogasCHP/MMXU1.VA.res.dU)
14:23:47.407 [openiec61850-osi-server-7-thread-1] DEBUG com.beanit.openiec61850.ServerAssociation - Got a GetDataValues request for node: IEDBiogasCHP/MMXU1.VA.res.dU: 
calling GetDataValues(IEDBiogasCHP/MMXU1.VA)
14:23:47.407 [openiec61850-osi-server-7-thread-1] DEBUG com.beanit.openiec61850.ServerAssociation - Got a GetDataValues request for node: IEDBiogasCHP/MMXU1.VA [EX]
IEDBiogasCHP/MMXU1.VA.cdcNs: ''
IEDBiogasCHP/MMXU1.VA.cdcName: ''
IEDBiogasCHP/MMXU1.VA.dataNs: ''
IEDBiogasCHP/MMXU1.VA.phsA [EX]
IEDBiogasCHP/MMXU1.VA.phsA.cdcNs: ''
IEDBiogasCHP/MMXU1.VA.phsA.cdcName: ''
IEDBiogasCHP/MMXU1.VA.phsA.dataNs: ''
IEDBiogasCHP/MMXU1.VA.phsB [EX]
IEDBiogasCHP/MMXU1.VA.phsB.cdcNs: ''
IEDBiogasCHP/MMXU1.VA.phsB.cdcName: ''
IEDBiogasCHP/MMXU1.VA.phsB.dataNs: ''
IEDBiogasCHP/MMXU1.VA.phsC [EX]
IEDBiogasCHP/MMXU1.VA.phsC.cdcNs: ''
IEDBiogasCHP/MMXU1.VA.phsC.cdcName: ''
IEDBiogasCHP/MMXU1.VA.phsC.dataNs: ''
IEDBiogasCHP/MMXU1.VA.neut [EX]
IEDBiogasCHP/MMXU1.VA.neut.cdcNs: ''
IEDBiogasCHP/MMXU1.VA.neut.cdcName: ''
IEDBiogasCHP/MMXU1.VA.neut.dataNs: ''
IEDBiogasCHP/MMXU1.VA.net [EX]
IEDBiogasCHP/MMXU1.VA.net.cdcNs: ''
IEDBiogasCHP/MMXU1.VA.net.cdcName: ''
IEDBiogasCHP/MMXU1.VA.net.dataNs: ''
IEDBiogasCHP/MMXU1.VA.res [EX]
IEDBiogasCHP/MMXU1.VA.res.cdcNs: ''
IEDBiogasCHP/MMXU1.VA.res.cdcName: ''
IEDBiogasCHP/MMXU1.VA.res.dataNs: ''
14:23:47.407 [openiec61850-osi-server-7-thread-1] DEBUG com.beanit.openiec61850.ServerAssociation - sub BDA is:IEDBiogasCHP/MMXU1.VA.cdcNs: ''
14:23:47.407 [openiec61850-osi-server-7-thread-1] DEBUG com.beanit.openiec61850.ServerAssociation - sub BDA is:IEDBiogasCHP/MMXU1.VA.cdcName: ''
14:23:47.407 [openiec61850-osi-server-7-thread-1] DEBUG com.beanit.openiec61850.ServerAssociation - sub BDA is:IEDBiogasCHP/MMXU1.VA.dataNs: ''
14:23:47.407 [openiec61850-osi-server-7-thread-1] DEBUG com.beanit.openiec61850.ServerAssociation - sub BDA is:IEDBiogasCHP/MMXU1.VA.phsA.cdcNs: ''
14:23:47.407 [openiec61850-osi-server-7-thread-1] DEBUG com.beanit.openiec61850.ServerAssociation - sub BDA is:IEDBiogasCHP/MMXU1.VA.phsA.cdcName: ''
14:23:47.407 [openiec61850-osi-server-7-thread-1] DEBUG com.beanit.openiec61850.ServerAssociation - sub BDA is:IEDBiogasCHP/MMXU1.VA.phsA.dataNs: ''
14:23:47.407 [openiec61850-osi-server-7-thread-1] DEBUG com.beanit.openiec61850.ServerAssociation - sub BDA is:IEDBiogasCHP/MMXU1.VA.phsB.cdcNs: ''
14:23:47.407 [openiec61850-osi-server-7-thread-1] DEBUG com.beanit.openiec61850.ServerAssociation - sub BDA is:IEDBiogasCHP/MMXU1.VA.phsB.cdcName: ''
14:23:47.407 [openiec61850-osi-server-7-thread-1] DEBUG com.beanit.openiec61850.ServerAssociation - sub BDA is:IEDBiogasCHP/MMXU1.VA.phsB.dataNs: ''
14:23:47.407 [openiec61850-osi-server-7-thread-1] DEBUG com.beanit.openiec61850.ServerAssociation - sub BDA is:IEDBiogasCHP/MMXU1.VA.phsC.cdcNs: ''
14:23:47.407 [openiec61850-osi-server-7-thread-1] DEBUG com.beanit.openiec61850.ServerAssociation - sub BDA is:IEDBiogasCHP/MMXU1.VA.phsC.cdcName: ''
14:23:47.407 [openiec61850-osi-server-7-thread-1] DEBUG com.beanit.openiec61850.ServerAssociation - sub BDA is:IEDBiogasCHP/MMXU1.VA.phsC.dataNs: ''
14:23:47.407 [openiec61850-osi-server-7-thread-1] DEBUG com.beanit.openiec61850.ServerAssociation - sub BDA is:IEDBiogasCHP/MMXU1.VA.neut.cdcNs: ''
14:23:47.407 [openiec61850-osi-server-7-thread-1] DEBUG com.beanit.openiec61850.ServerAssociation - sub BDA is:IEDBiogasCHP/MMXU1.VA.neut.cdcName: ''
14:23:47.407 [openiec61850-osi-server-7-thread-1] DEBUG com.beanit.openiec61850.ServerAssociation - sub BDA is:IEDBiogasCHP/MMXU1.VA.neut.dataNs: ''
14:23:47.407 [openiec61850-osi-server-7-thread-1] DEBUG com.beanit.openiec61850.ServerAssociation - sub BDA is:IEDBiogasCHP/MMXU1.VA.net.cdcNs: ''
14:23:47.407 [openiec61850-osi-server-7-thread-1] DEBUG com.beanit.openiec61850.ServerAssociation - sub BDA is:IEDBiogasCHP/MMXU1.VA.net.cdcName: ''
14:23:47.407 [openiec61850-osi-server-7-thread-1] DEBUG com.beanit.openiec61850.ServerAssociation - sub BDA is:IEDBiogasCHP/MMXU1.VA.net.dataNs: ''
14:23:47.408 [openiec61850-osi-server-7-thread-1] DEBUG com.beanit.openiec61850.ServerAssociation - sub BDA is:IEDBiogasCHP/MMXU1.VA.res.cdcNs: ''
14:23:47.408 [openiec61850-osi-server-7-thread-1] DEBUG com.beanit.openiec61850.ServerAssociation - sub BDA is:IEDBiogasCHP/MMXU1.VA.res.cdcName: ''
14:23:47.408 [openiec61850-osi-server-7-thread-1] DEBUG com.beanit.openiec61850.ServerAssociation - sub BDA is:IEDBiogasCHP/MMXU1.VA.res.dataNs: ''
calling GetDataValues(IEDBiogasCHP/MMXU1.VA.cdcNs)
14:23:47.408 [openiec61850-osi-server-7-thread-1] DEBUG com.beanit.openiec61850.ServerAssociation - Got a GetDataValues request for node: IEDBiogasCHP/MMXU1.VA.cdcNs: ''
calling GetDataValues(IEDBiogasCHP/MMXU1.VA.cdcName)
14:23:47.408 [openiec61850-osi-server-7-thread-1] DEBUG com.beanit.openiec61850.ServerAssociation - Got a GetDataValues request for node: IEDBiogasCHP/MMXU1.VA.cdcName: ''
calling GetDataValues(IEDBiogasCHP/MMXU1.VA.dataNs)
14:23:47.408 [openiec61850-osi-server-7-thread-1] DEBUG com.beanit.openiec61850.ServerAssociation - Got a GetDataValues request for node: IEDBiogasCHP/MMXU1.VA.dataNs: ''
calling GetDataValues(IEDBiogasCHP/MMXU1.VA.phsA)
14:23:47.408 [openiec61850-osi-server-7-thread-1] DEBUG com.beanit.openiec61850.ServerAssociation - Got a GetDataValues request for node: IEDBiogasCHP/MMXU1.VA.phsA [EX]
IEDBiogasCHP/MMXU1.VA.phsA.cdcNs: ''
IEDBiogasCHP/MMXU1.VA.phsA.cdcName: ''
IEDBiogasCHP/MMXU1.VA.phsA.dataNs: ''
14:23:47.408 [openiec61850-osi-server-7-thread-1] DEBUG com.beanit.openiec61850.ServerAssociation - sub BDA is:IEDBiogasCHP/MMXU1.VA.phsA.cdcNs: ''
14:23:47.408 [openiec61850-osi-server-7-thread-1] DEBUG com.beanit.openiec61850.ServerAssociation - sub BDA is:IEDBiogasCHP/MMXU1.VA.phsA.cdcName: ''
14:23:47.408 [openiec61850-osi-server-7-thread-1] DEBUG com.beanit.openiec61850.ServerAssociation - sub BDA is:IEDBiogasCHP/MMXU1.VA.phsA.dataNs: ''
calling GetDataValues(IEDBiogasCHP/MMXU1.VA.phsA.cdcNs)
14:23:47.408 [openiec61850-osi-server-7-thread-1] DEBUG com.beanit.openiec61850.ServerAssociation - Got a GetDataValues request for node: IEDBiogasCHP/MMXU1.VA.phsA.cdcNs: ''
calling GetDataValues(IEDBiogasCHP/MMXU1.VA.phsA.cdcName)
14:23:47.408 [openiec61850-osi-server-7-thread-1] DEBUG com.beanit.openiec61850.ServerAssociation - Got a GetDataValues request for node: IEDBiogasCHP/MMXU1.VA.phsA.cdcName: ''
calling GetDataValues(IEDBiogasCHP/MMXU1.VA.phsA.dataNs)
14:23:47.408 [openiec61850-osi-server-7-thread-1] DEBUG com.beanit.openiec61850.ServerAssociation - Got a GetDataValues request for node: IEDBiogasCHP/MMXU1.VA.phsA.dataNs: ''
calling GetDataValues(IEDBiogasCHP/MMXU1.VA.phsB)
14:23:47.408 [openiec61850-osi-server-7-thread-1] DEBUG com.beanit.openiec61850.ServerAssociation - Got a GetDataValues request for node: IEDBiogasCHP/MMXU1.VA.phsB [EX]
IEDBiogasCHP/MMXU1.VA.phsB.cdcNs: ''
IEDBiogasCHP/MMXU1.VA.phsB.cdcName: ''
IEDBiogasCHP/MMXU1.VA.phsB.dataNs: ''
14:23:47.409 [openiec61850-osi-server-7-thread-1] DEBUG com.beanit.openiec61850.ServerAssociation - sub BDA is:IEDBiogasCHP/MMXU1.VA.phsB.cdcNs: ''
14:23:47.409 [openiec61850-osi-server-7-thread-1] DEBUG com.beanit.openiec61850.ServerAssociation - sub BDA is:IEDBiogasCHP/MMXU1.VA.phsB.cdcName: ''
14:23:47.409 [openiec61850-osi-server-7-thread-1] DEBUG com.beanit.openiec61850.ServerAssociation - sub BDA is:IEDBiogasCHP/MMXU1.VA.phsB.dataNs: ''
calling GetDataValues(IEDBiogasCHP/MMXU1.VA.phsB.cdcNs)
14:23:47.409 [openiec61850-osi-server-7-thread-1] DEBUG com.beanit.openiec61850.ServerAssociation - Got a GetDataValues request for node: IEDBiogasCHP/MMXU1.VA.phsB.cdcNs: ''
calling GetDataValues(IEDBiogasCHP/MMXU1.VA.phsB.cdcName)
14:23:47.409 [openiec61850-osi-server-7-thread-1] DEBUG com.beanit.openiec61850.ServerAssociation - Got a GetDataValues request for node: IEDBiogasCHP/MMXU1.VA.phsB.cdcName: ''
calling GetDataValues(IEDBiogasCHP/MMXU1.VA.phsB.dataNs)
14:23:47.409 [openiec61850-osi-server-7-thread-1] DEBUG com.beanit.openiec61850.ServerAssociation - Got a GetDataValues request for node: IEDBiogasCHP/MMXU1.VA.phsB.dataNs: ''
calling GetDataValues(IEDBiogasCHP/MMXU1.VA.phsC)
14:23:47.409 [openiec61850-osi-server-7-thread-1] DEBUG com.beanit.openiec61850.ServerAssociation - Got a GetDataValues request for node: IEDBiogasCHP/MMXU1.VA.phsC [EX]
IEDBiogasCHP/MMXU1.VA.phsC.cdcNs: ''
IEDBiogasCHP/MMXU1.VA.phsC.cdcName: ''
IEDBiogasCHP/MMXU1.VA.phsC.dataNs: ''
14:23:47.409 [openiec61850-osi-server-7-thread-1] DEBUG com.beanit.openiec61850.ServerAssociation - sub BDA is:IEDBiogasCHP/MMXU1.VA.phsC.cdcNs: ''
14:23:47.409 [openiec61850-osi-server-7-thread-1] DEBUG com.beanit.openiec61850.ServerAssociation - sub BDA is:IEDBiogasCHP/MMXU1.VA.phsC.cdcName: ''
14:23:47.409 [openiec61850-osi-server-7-thread-1] DEBUG com.beanit.openiec61850.ServerAssociation - sub BDA is:IEDBiogasCHP/MMXU1.VA.phsC.dataNs: ''
calling GetDataValues(IEDBiogasCHP/MMXU1.VA.phsC.cdcNs)
14:23:47.409 [openiec61850-osi-server-7-thread-1] DEBUG com.beanit.openiec61850.ServerAssociation - Got a GetDataValues request for node: IEDBiogasCHP/MMXU1.VA.phsC.cdcNs: ''
calling GetDataValues(IEDBiogasCHP/MMXU1.VA.phsC.cdcName)
14:23:47.409 [openiec61850-osi-server-7-thread-1] DEBUG com.beanit.openiec61850.ServerAssociation - Got a GetDataValues request for node: IEDBiogasCHP/MMXU1.VA.phsC.cdcName: ''
calling GetDataValues(IEDBiogasCHP/MMXU1.VA.phsC.dataNs)
14:23:47.409 [openiec61850-osi-server-7-thread-1] DEBUG com.beanit.openiec61850.ServerAssociation - Got a GetDataValues request for node: IEDBiogasCHP/MMXU1.VA.phsC.dataNs: ''
calling GetDataValues(IEDBiogasCHP/MMXU1.VA.neut)
14:23:47.409 [openiec61850-osi-server-7-thread-1] DEBUG com.beanit.openiec61850.ServerAssociation - Got a GetDataValues request for node: IEDBiogasCHP/MMXU1.VA.neut [EX]
IEDBiogasCHP/MMXU1.VA.neut.cdcNs: ''
IEDBiogasCHP/MMXU1.VA.neut.cdcName: ''
IEDBiogasCHP/MMXU1.VA.neut.dataNs: ''
14:23:47.410 [openiec61850-osi-server-7-thread-1] DEBUG com.beanit.openiec61850.ServerAssociation - sub BDA is:IEDBiogasCHP/MMXU1.VA.neut.cdcNs: ''
14:23:47.410 [openiec61850-osi-server-7-thread-1] DEBUG com.beanit.openiec61850.ServerAssociation - sub BDA is:IEDBiogasCHP/MMXU1.VA.neut.cdcName: ''
14:23:47.410 [openiec61850-osi-server-7-thread-1] DEBUG com.beanit.openiec61850.ServerAssociation - sub BDA is:IEDBiogasCHP/MMXU1.VA.neut.dataNs: ''
calling GetDataValues(IEDBiogasCHP/MMXU1.VA.neut.cdcNs)
14:23:47.410 [openiec61850-osi-server-7-thread-1] DEBUG com.beanit.openiec61850.ServerAssociation - Got a GetDataValues request for node: IEDBiogasCHP/MMXU1.VA.neut.cdcNs: ''
calling GetDataValues(IEDBiogasCHP/MMXU1.VA.neut.cdcName)
14:23:47.410 [openiec61850-osi-server-7-thread-1] DEBUG com.beanit.openiec61850.ServerAssociation - Got a GetDataValues request for node: IEDBiogasCHP/MMXU1.VA.neut.cdcName: ''
calling GetDataValues(IEDBiogasCHP/MMXU1.VA.neut.dataNs)
14:23:47.410 [openiec61850-osi-server-7-thread-1] DEBUG com.beanit.openiec61850.ServerAssociation - Got a GetDataValues request for node: IEDBiogasCHP/MMXU1.VA.neut.dataNs: ''
calling GetDataValues(IEDBiogasCHP/MMXU1.VA.net)
14:23:47.410 [openiec61850-osi-server-7-thread-1] DEBUG com.beanit.openiec61850.ServerAssociation - Got a GetDataValues request for node: IEDBiogasCHP/MMXU1.VA.net [EX]
IEDBiogasCHP/MMXU1.VA.net.cdcNs: ''
IEDBiogasCHP/MMXU1.VA.net.cdcName: ''
IEDBiogasCHP/MMXU1.VA.net.dataNs: ''
14:23:47.410 [openiec61850-osi-server-7-thread-1] DEBUG com.beanit.openiec61850.ServerAssociation - sub BDA is:IEDBiogasCHP/MMXU1.VA.net.cdcNs: ''
14:23:47.410 [openiec61850-osi-server-7-thread-1] DEBUG com.beanit.openiec61850.ServerAssociation - sub BDA is:IEDBiogasCHP/MMXU1.VA.net.cdcName: ''
14:23:47.410 [openiec61850-osi-server-7-thread-1] DEBUG com.beanit.openiec61850.ServerAssociation - sub BDA is:IEDBiogasCHP/MMXU1.VA.net.dataNs: ''
calling GetDataValues(IEDBiogasCHP/MMXU1.VA.net.cdcNs)
14:23:47.410 [openiec61850-osi-server-7-thread-1] DEBUG com.beanit.openiec61850.ServerAssociation - Got a GetDataValues request for node: IEDBiogasCHP/MMXU1.VA.net.cdcNs: ''
calling GetDataValues(IEDBiogasCHP/MMXU1.VA.net.cdcName)
14:23:47.410 [openiec61850-osi-server-7-thread-1] DEBUG com.beanit.openiec61850.ServerAssociation - Got a GetDataValues request for node: IEDBiogasCHP/MMXU1.VA.net.cdcName: ''
calling GetDataValues(IEDBiogasCHP/MMXU1.VA.net.dataNs)
14:23:47.410 [openiec61850-osi-server-7-thread-1] DEBUG com.beanit.openiec61850.ServerAssociation - Got a GetDataValues request for node: IEDBiogasCHP/MMXU1.VA.net.dataNs: ''
calling GetDataValues(IEDBiogasCHP/MMXU1.VA.res)
14:23:47.410 [openiec61850-osi-server-7-thread-1] DEBUG com.beanit.openiec61850.ServerAssociation - Got a GetDataValues request for node: IEDBiogasCHP/MMXU1.VA.res [EX]
IEDBiogasCHP/MMXU1.VA.res.cdcNs: ''
IEDBiogasCHP/MMXU1.VA.res.cdcName: ''
IEDBiogasCHP/MMXU1.VA.res.dataNs: ''
14:23:47.410 [openiec61850-osi-server-7-thread-1] DEBUG com.beanit.openiec61850.ServerAssociation - sub BDA is:IEDBiogasCHP/MMXU1.VA.res.cdcNs: ''
14:23:47.410 [openiec61850-osi-server-7-thread-1] DEBUG com.beanit.openiec61850.ServerAssociation - sub BDA is:IEDBiogasCHP/MMXU1.VA.res.cdcName: ''
14:23:47.410 [openiec61850-osi-server-7-thread-1] DEBUG com.beanit.openiec61850.ServerAssociation - sub BDA is:IEDBiogasCHP/MMXU1.VA.res.dataNs: ''
calling GetDataValues(IEDBiogasCHP/MMXU1.VA.res.cdcNs)
14:23:47.411 [openiec61850-osi-server-7-thread-1] DEBUG com.beanit.openiec61850.ServerAssociation - Got a GetDataValues request for node: IEDBiogasCHP/MMXU1.VA.res.cdcNs: ''
calling GetDataValues(IEDBiogasCHP/MMXU1.VA.res.cdcName)
14:23:47.411 [openiec61850-osi-server-7-thread-1] DEBUG com.beanit.openiec61850.ServerAssociation - Got a GetDataValues request for node: IEDBiogasCHP/MMXU1.VA.res.cdcName: ''
calling GetDataValues(IEDBiogasCHP/MMXU1.VA.res.dataNs)
14:23:47.411 [openiec61850-osi-server-7-thread-1] DEBUG com.beanit.openiec61850.ServerAssociation - Got a GetDataValues request for node: IEDBiogasCHP/MMXU1.VA.res.dataNs: ''
calling GetDataValues(IEDBiogasCHP/MMXU1.PF)
14:23:47.411 [openiec61850-osi-server-7-thread-1] DEBUG com.beanit.openiec61850.ServerAssociation - Got a GetDataValues request for node: IEDBiogasCHP/MMXU1.PF [MX]
IEDBiogasCHP/MMXU1.PF.phsA [MX]
IEDBiogasCHP/MMXU1.PF.phsA.instCVal [MX]
IEDBiogasCHP/MMXU1.PF.phsA.instCVal.mag [MX]
IEDBiogasCHP/MMXU1.PF.phsA.instCVal.mag.i: 0
IEDBiogasCHP/MMXU1.PF.phsA.instCVal.mag.f: 0.0
IEDBiogasCHP/MMXU1.PF.phsA.instCVal.ang [MX]
IEDBiogasCHP/MMXU1.PF.phsA.instCVal.ang.i: 0
IEDBiogasCHP/MMXU1.PF.phsA.instCVal.ang.f: 0.0
IEDBiogasCHP/MMXU1.PF.phsA.cVal [MX]
IEDBiogasCHP/MMXU1.PF.phsA.cVal.mag [MX]
IEDBiogasCHP/MMXU1.PF.phsA.cVal.mag.i: 0
IEDBiogasCHP/MMXU1.PF.phsA.cVal.mag.f: 0.0
IEDBiogasCHP/MMXU1.PF.phsA.cVal.ang [MX]
IEDBiogasCHP/MMXU1.PF.phsA.cVal.ang.i: 0
IEDBiogasCHP/MMXU1.PF.phsA.cVal.ang.f: 0.0
IEDBiogasCHP/MMXU1.PF.phsA.range: 0
IEDBiogasCHP/MMXU1.PF.phsA.q: 0x00 0x00
IEDBiogasCHP/MMXU1.PF.phsA.t: Thu Jan 01 01:00:00 CET 1970
IEDBiogasCHP/MMXU1.PF.phsB [MX]
IEDBiogasCHP/MMXU1.PF.phsB.instCVal [MX]
IEDBiogasCHP/MMXU1.PF.phsB.instCVal.mag [MX]
IEDBiogasCHP/MMXU1.PF.phsB.instCVal.mag.i: 0
IEDBiogasCHP/MMXU1.PF.phsB.instCVal.mag.f: 0.0
IEDBiogasCHP/MMXU1.PF.phsB.instCVal.ang [MX]
IEDBiogasCHP/MMXU1.PF.phsB.instCVal.ang.i: 0
IEDBiogasCHP/MMXU1.PF.phsB.instCVal.ang.f: 0.0
IEDBiogasCHP/MMXU1.PF.phsB.cVal [MX]
IEDBiogasCHP/MMXU1.PF.phsB.cVal.mag [MX]
IEDBiogasCHP/MMXU1.PF.phsB.cVal.mag.i: 0
IEDBiogasCHP/MMXU1.PF.phsB.cVal.mag.f: 0.0
IEDBiogasCHP/MMXU1.PF.phsB.cVal.ang [MX]
IEDBiogasCHP/MMXU1.PF.phsB.cVal.ang.i: 0
IEDBiogasCHP/MMXU1.PF.phsB.cVal.ang.f: 0.0
IEDBiogasCHP/MMXU1.PF.phsB.range: 0
IEDBiogasCHP/MMXU1.PF.phsB.q: 0x00 0x00
IEDBiogasCHP/MMXU1.PF.phsB.t: Thu Jan 01 01:00:00 CET 1970
IEDBiogasCHP/MMXU1.PF.phsC [MX]
IEDBiogasCHP/MMXU1.PF.phsC.instCVal [MX]
IEDBiogasCHP/MMXU1.PF.phsC.instCVal.mag [MX]
IEDBiogasCHP/MMXU1.PF.phsC.instCVal.mag.i: 0
IEDBiogasCHP/MMXU1.PF.phsC.instCVal.mag.f: 0.0
IEDBiogasCHP/MMXU1.PF.phsC.instCVal.ang [MX]
IEDBiogasCHP/MMXU1.PF.phsC.instCVal.ang.i: 0
IEDBiogasCHP/MMXU1.PF.phsC.instCVal.ang.f: 0.0
IEDBiogasCHP/MMXU1.PF.phsC.cVal [MX]
IEDBiogasCHP/MMXU1.PF.phsC.cVal.mag [MX]
IEDBiogasCHP/MMXU1.PF.phsC.cVal.mag.i: 0
IEDBiogasCHP/MMXU1.PF.phsC.cVal.mag.f: 0.0
IEDBiogasCHP/MMXU1.PF.phsC.cVal.ang [MX]
IEDBiogasCHP/MMXU1.PF.phsC.cVal.ang.i: 0
IEDBiogasCHP/MMXU1.PF.phsC.cVal.ang.f: 0.0
IEDBiogasCHP/MMXU1.PF.phsC.range: 0
IEDBiogasCHP/MMXU1.PF.phsC.q: 0x00 0x00
IEDBiogasCHP/MMXU1.PF.phsC.t: Thu Jan 01 01:00:00 CET 1970
IEDBiogasCHP/MMXU1.PF.neut [MX]
IEDBiogasCHP/MMXU1.PF.neut.instCVal [MX]
IEDBiogasCHP/MMXU1.PF.neut.instCVal.mag [MX]
IEDBiogasCHP/MMXU1.PF.neut.instCVal.mag.i: 0
IEDBiogasCHP/MMXU1.PF.neut.instCVal.mag.f: 0.0
IEDBiogasCHP/MMXU1.PF.neut.instCVal.ang [MX]
IEDBiogasCHP/MMXU1.PF.neut.instCVal.ang.i: 0
IEDBiogasCHP/MMXU1.PF.neut.instCVal.ang.f: 0.0
IEDBiogasCHP/MMXU1.PF.neut.cVal [MX]
IEDBiogasCHP/MMXU1.PF.neut.cVal.mag [MX]
IEDBiogasCHP/MMXU1.PF.neut.cVal.mag.i: 0
IEDBiogasCHP/MMXU1.PF.neut.cVal.mag.f: 0.0
IEDBiogasCHP/MMXU1.PF.neut.cVal.ang [MX]
IEDBiogasCHP/MMXU1.PF.neut.cVal.ang.i: 0
IEDBiogasCHP/MMXU1.PF.neut.cVal.ang.f: 0.0
IEDBiogasCHP/MMXU1.PF.neut.range: 0
IEDBiogasCHP/MMXU1.PF.neut.q: 0x00 0x00
IEDBiogasCHP/MMXU1.PF.neut.t: Thu Jan 01 01:00:00 CET 1970
IEDBiogasCHP/MMXU1.PF.net [MX]
IEDBiogasCHP/MMXU1.PF.net.instCVal [MX]
IEDBiogasCHP/MMXU1.PF.net.instCVal.mag [MX]
IEDBiogasCHP/MMXU1.PF.net.instCVal.mag.i: 0
IEDBiogasCHP/MMXU1.PF.net.instCVal.mag.f: 0.0
IEDBiogasCHP/MMXU1.PF.net.instCVal.ang [MX]
IEDBiogasCHP/MMXU1.PF.net.instCVal.ang.i: 0
IEDBiogasCHP/MMXU1.PF.net.instCVal.ang.f: 0.0
IEDBiogasCHP/MMXU1.PF.net.cVal [MX]
IEDBiogasCHP/MMXU1.PF.net.cVal.mag [MX]
IEDBiogasCHP/MMXU1.PF.net.cVal.mag.i: 0
IEDBiogasCHP/MMXU1.PF.net.cVal.mag.f: 0.0
IEDBiogasCHP/MMXU1.PF.net.cVal.ang [MX]
IEDBiogasCHP/MMXU1.PF.net.cVal.ang.i: 0
IEDBiogasCHP/MMXU1.PF.net.cVal.ang.f: 0.0
IEDBiogasCHP/MMXU1.PF.net.range: 0
IEDBiogasCHP/MMXU1.PF.net.q: 0x00 0x00
IEDBiogasCHP/MMXU1.PF.net.t: Thu Jan 01 01:00:00 CET 1970
IEDBiogasCHP/MMXU1.PF.res [MX]
IEDBiogasCHP/MMXU1.PF.res.instCVal [MX]
IEDBiogasCHP/MMXU1.PF.res.instCVal.mag [MX]
IEDBiogasCHP/MMXU1.PF.res.instCVal.mag.i: 0
IEDBiogasCHP/MMXU1.PF.res.instCVal.mag.f: 0.0
IEDBiogasCHP/MMXU1.PF.res.instCVal.ang [MX]
IEDBiogasCHP/MMXU1.PF.res.instCVal.ang.i: 0
IEDBiogasCHP/MMXU1.PF.res.instCVal.ang.f: 0.0
IEDBiogasCHP/MMXU1.PF.res.cVal [MX]
IEDBiogasCHP/MMXU1.PF.res.cVal.mag [MX]
IEDBiogasCHP/MMXU1.PF.res.cVal.mag.i: 0
IEDBiogasCHP/MMXU1.PF.res.cVal.mag.f: 0.0
IEDBiogasCHP/MMXU1.PF.res.cVal.ang [MX]
IEDBiogasCHP/MMXU1.PF.res.cVal.ang.i: 0
IEDBiogasCHP/MMXU1.PF.res.cVal.ang.f: 0.0
IEDBiogasCHP/MMXU1.PF.res.range: 0
IEDBiogasCHP/MMXU1.PF.res.q: 0x00 0x00
IEDBiogasCHP/MMXU1.PF.res.t: Thu Jan 01 01:00:00 CET 1970
14:23:47.411 [openiec61850-osi-server-7-thread-1] DEBUG com.beanit.openiec61850.ServerAssociation - sub BDA is:IEDBiogasCHP/MMXU1.PF.phsA.instCVal.mag.i: 0
14:23:47.411 [openiec61850-osi-server-7-thread-1] DEBUG com.beanit.openiec61850.ServerAssociation - sub BDA is:IEDBiogasCHP/MMXU1.PF.phsA.instCVal.mag.f: 0.0
14:23:47.411 [openiec61850-osi-server-7-thread-1] DEBUG com.beanit.openiec61850.ServerAssociation - sub BDA is:IEDBiogasCHP/MMXU1.PF.phsA.instCVal.ang.i: 0
14:23:47.411 [openiec61850-osi-server-7-thread-1] DEBUG com.beanit.openiec61850.ServerAssociation - sub BDA is:IEDBiogasCHP/MMXU1.PF.phsA.instCVal.ang.f: 0.0
14:23:47.411 [openiec61850-osi-server-7-thread-1] DEBUG com.beanit.openiec61850.ServerAssociation - sub BDA is:IEDBiogasCHP/MMXU1.PF.phsA.cVal.mag.i: 0
14:23:47.411 [openiec61850-osi-server-7-thread-1] DEBUG com.beanit.openiec61850.ServerAssociation - sub BDA is:IEDBiogasCHP/MMXU1.PF.phsA.cVal.mag.f: 0.0
14:23:47.411 [openiec61850-osi-server-7-thread-1] DEBUG com.beanit.openiec61850.ServerAssociation - sub BDA is:IEDBiogasCHP/MMXU1.PF.phsA.cVal.ang.i: 0
14:23:47.411 [openiec61850-osi-server-7-thread-1] DEBUG com.beanit.openiec61850.ServerAssociation - sub BDA is:IEDBiogasCHP/MMXU1.PF.phsA.cVal.ang.f: 0.0
14:23:47.411 [openiec61850-osi-server-7-thread-1] DEBUG com.beanit.openiec61850.ServerAssociation - sub BDA is:IEDBiogasCHP/MMXU1.PF.phsA.range: 0
14:23:47.411 [openiec61850-osi-server-7-thread-1] DEBUG com.beanit.openiec61850.ServerAssociation - sub BDA is:IEDBiogasCHP/MMXU1.PF.phsA.q: 0x00 0x00
14:23:47.411 [openiec61850-osi-server-7-thread-1] DEBUG com.beanit.openiec61850.ServerAssociation - sub BDA is:IEDBiogasCHP/MMXU1.PF.phsA.t: Thu Jan 01 01:00:00 CET 1970
14:23:47.411 [openiec61850-osi-server-7-thread-1] DEBUG com.beanit.openiec61850.ServerAssociation - sub BDA is:IEDBiogasCHP/MMXU1.PF.phsB.instCVal.mag.i: 0
14:23:47.411 [openiec61850-osi-server-7-thread-1] DEBUG com.beanit.openiec61850.ServerAssociation - sub BDA is:IEDBiogasCHP/MMXU1.PF.phsB.instCVal.mag.f: 0.0
14:23:47.411 [openiec61850-osi-server-7-thread-1] DEBUG com.beanit.openiec61850.ServerAssociation - sub BDA is:IEDBiogasCHP/MMXU1.PF.phsB.instCVal.ang.i: 0
14:23:47.411 [openiec61850-osi-server-7-thread-1] DEBUG com.beanit.openiec61850.ServerAssociation - sub BDA is:IEDBiogasCHP/MMXU1.PF.phsB.instCVal.ang.f: 0.0
14:23:47.411 [openiec61850-osi-server-7-thread-1] DEBUG com.beanit.openiec61850.ServerAssociation - sub BDA is:IEDBiogasCHP/MMXU1.PF.phsB.cVal.mag.i: 0
14:23:47.411 [openiec61850-osi-server-7-thread-1] DEBUG com.beanit.openiec61850.ServerAssociation - sub BDA is:IEDBiogasCHP/MMXU1.PF.phsB.cVal.mag.f: 0.0
14:23:47.411 [openiec61850-osi-server-7-thread-1] DEBUG com.beanit.openiec61850.ServerAssociation - sub BDA is:IEDBiogasCHP/MMXU1.PF.phsB.cVal.ang.i: 0
14:23:47.411 [openiec61850-osi-server-7-thread-1] DEBUG com.beanit.openiec61850.ServerAssociation - sub BDA is:IEDBiogasCHP/MMXU1.PF.phsB.cVal.ang.f: 0.0
14:23:47.411 [openiec61850-osi-server-7-thread-1] DEBUG com.beanit.openiec61850.ServerAssociation - sub BDA is:IEDBiogasCHP/MMXU1.PF.phsB.range: 0
14:23:47.411 [openiec61850-osi-server-7-thread-1] DEBUG com.beanit.openiec61850.ServerAssociation - sub BDA is:IEDBiogasCHP/MMXU1.PF.phsB.q: 0x00 0x00
14:23:47.411 [openiec61850-osi-server-7-thread-1] DEBUG com.beanit.openiec61850.ServerAssociation - sub BDA is:IEDBiogasCHP/MMXU1.PF.phsB.t: Thu Jan 01 01:00:00 CET 1970
14:23:47.411 [openiec61850-osi-server-7-thread-1] DEBUG com.beanit.openiec61850.ServerAssociation - sub BDA is:IEDBiogasCHP/MMXU1.PF.phsC.instCVal.mag.i: 0
14:23:47.411 [openiec61850-osi-server-7-thread-1] DEBUG com.beanit.openiec61850.ServerAssociation - sub BDA is:IEDBiogasCHP/MMXU1.PF.phsC.instCVal.mag.f: 0.0
14:23:47.411 [openiec61850-osi-server-7-thread-1] DEBUG com.beanit.openiec61850.ServerAssociation - sub BDA is:IEDBiogasCHP/MMXU1.PF.phsC.instCVal.ang.i: 0
14:23:47.411 [openiec61850-osi-server-7-thread-1] DEBUG com.beanit.openiec61850.ServerAssociation - sub BDA is:IEDBiogasCHP/MMXU1.PF.phsC.instCVal.ang.f: 0.0
14:23:47.411 [openiec61850-osi-server-7-thread-1] DEBUG com.beanit.openiec61850.ServerAssociation - sub BDA is:IEDBiogasCHP/MMXU1.PF.phsC.cVal.mag.i: 0
14:23:47.411 [openiec61850-osi-server-7-thread-1] DEBUG com.beanit.openiec61850.ServerAssociation - sub BDA is:IEDBiogasCHP/MMXU1.PF.phsC.cVal.mag.f: 0.0
14:23:47.411 [openiec61850-osi-server-7-thread-1] DEBUG com.beanit.openiec61850.ServerAssociation - sub BDA is:IEDBiogasCHP/MMXU1.PF.phsC.cVal.ang.i: 0
14:23:47.411 [openiec61850-osi-server-7-thread-1] DEBUG com.beanit.openiec61850.ServerAssociation - sub BDA is:IEDBiogasCHP/MMXU1.PF.phsC.cVal.ang.f: 0.0
14:23:47.411 [openiec61850-osi-server-7-thread-1] DEBUG com.beanit.openiec61850.ServerAssociation - sub BDA is:IEDBiogasCHP/MMXU1.PF.phsC.range: 0
14:23:47.411 [openiec61850-osi-server-7-thread-1] DEBUG com.beanit.openiec61850.ServerAssociation - sub BDA is:IEDBiogasCHP/MMXU1.PF.phsC.q: 0x00 0x00
14:23:47.411 [openiec61850-osi-server-7-thread-1] DEBUG com.beanit.openiec61850.ServerAssociation - sub BDA is:IEDBiogasCHP/MMXU1.PF.phsC.t: Thu Jan 01 01:00:00 CET 1970
14:23:47.411 [openiec61850-osi-server-7-thread-1] DEBUG com.beanit.openiec61850.ServerAssociation - sub BDA is:IEDBiogasCHP/MMXU1.PF.neut.instCVal.mag.i: 0
14:23:47.411 [openiec61850-osi-server-7-thread-1] DEBUG com.beanit.openiec61850.ServerAssociation - sub BDA is:IEDBiogasCHP/MMXU1.PF.neut.instCVal.mag.f: 0.0
14:23:47.411 [openiec61850-osi-server-7-thread-1] DEBUG com.beanit.openiec61850.ServerAssociation - sub BDA is:IEDBiogasCHP/MMXU1.PF.neut.instCVal.ang.i: 0
14:23:47.411 [openiec61850-osi-server-7-thread-1] DEBUG com.beanit.openiec61850.ServerAssociation - sub BDA is:IEDBiogasCHP/MMXU1.PF.neut.instCVal.ang.f: 0.0
14:23:47.411 [openiec61850-osi-server-7-thread-1] DEBUG com.beanit.openiec61850.ServerAssociation - sub BDA is:IEDBiogasCHP/MMXU1.PF.neut.cVal.mag.i: 0
14:23:47.411 [openiec61850-osi-server-7-thread-1] DEBUG com.beanit.openiec61850.ServerAssociation - sub BDA is:IEDBiogasCHP/MMXU1.PF.neut.cVal.mag.f: 0.0
14:23:47.411 [openiec61850-osi-server-7-thread-1] DEBUG com.beanit.openiec61850.ServerAssociation - sub BDA is:IEDBiogasCHP/MMXU1.PF.neut.cVal.ang.i: 0
14:23:47.411 [openiec61850-osi-server-7-thread-1] DEBUG com.beanit.openiec61850.ServerAssociation - sub BDA is:IEDBiogasCHP/MMXU1.PF.neut.cVal.ang.f: 0.0
14:23:47.411 [openiec61850-osi-server-7-thread-1] DEBUG com.beanit.openiec61850.ServerAssociation - sub BDA is:IEDBiogasCHP/MMXU1.PF.neut.range: 0
14:23:47.411 [openiec61850-osi-server-7-thread-1] DEBUG com.beanit.openiec61850.ServerAssociation - sub BDA is:IEDBiogasCHP/MMXU1.PF.neut.q: 0x00 0x00
14:23:47.411 [openiec61850-osi-server-7-thread-1] DEBUG com.beanit.openiec61850.ServerAssociation - sub BDA is:IEDBiogasCHP/MMXU1.PF.neut.t: Thu Jan 01 01:00:00 CET 1970
14:23:47.411 [openiec61850-osi-server-7-thread-1] DEBUG com.beanit.openiec61850.ServerAssociation - sub BDA is:IEDBiogasCHP/MMXU1.PF.net.instCVal.mag.i: 0
14:23:47.411 [openiec61850-osi-server-7-thread-1] DEBUG com.beanit.openiec61850.ServerAssociation - sub BDA is:IEDBiogasCHP/MMXU1.PF.net.instCVal.mag.f: 0.0
14:23:47.411 [openiec61850-osi-server-7-thread-1] DEBUG com.beanit.openiec61850.ServerAssociation - sub BDA is:IEDBiogasCHP/MMXU1.PF.net.instCVal.ang.i: 0
14:23:47.411 [openiec61850-osi-server-7-thread-1] DEBUG com.beanit.openiec61850.ServerAssociation - sub BDA is:IEDBiogasCHP/MMXU1.PF.net.instCVal.ang.f: 0.0
14:23:47.411 [openiec61850-osi-server-7-thread-1] DEBUG com.beanit.openiec61850.ServerAssociation - sub BDA is:IEDBiogasCHP/MMXU1.PF.net.cVal.mag.i: 0
14:23:47.411 [openiec61850-osi-server-7-thread-1] DEBUG com.beanit.openiec61850.ServerAssociation - sub BDA is:IEDBiogasCHP/MMXU1.PF.net.cVal.mag.f: 0.0
14:23:47.411 [openiec61850-osi-server-7-thread-1] DEBUG com.beanit.openiec61850.ServerAssociation - sub BDA is:IEDBiogasCHP/MMXU1.PF.net.cVal.ang.i: 0
14:23:47.411 [openiec61850-osi-server-7-thread-1] DEBUG com.beanit.openiec61850.ServerAssociation - sub BDA is:IEDBiogasCHP/MMXU1.PF.net.cVal.ang.f: 0.0
14:23:47.411 [openiec61850-osi-server-7-thread-1] DEBUG com.beanit.openiec61850.ServerAssociation - sub BDA is:IEDBiogasCHP/MMXU1.PF.net.range: 0
14:23:47.411 [openiec61850-osi-server-7-thread-1] DEBUG com.beanit.openiec61850.ServerAssociation - sub BDA is:IEDBiogasCHP/MMXU1.PF.net.q: 0x00 0x00
14:23:47.411 [openiec61850-osi-server-7-thread-1] DEBUG com.beanit.openiec61850.ServerAssociation - sub BDA is:IEDBiogasCHP/MMXU1.PF.net.t: Thu Jan 01 01:00:00 CET 1970
14:23:47.411 [openiec61850-osi-server-7-thread-1] DEBUG com.beanit.openiec61850.ServerAssociation - sub BDA is:IEDBiogasCHP/MMXU1.PF.res.instCVal.mag.i: 0
14:23:47.411 [openiec61850-osi-server-7-thread-1] DEBUG com.beanit.openiec61850.ServerAssociation - sub BDA is:IEDBiogasCHP/MMXU1.PF.res.instCVal.mag.f: 0.0
14:23:47.411 [openiec61850-osi-server-7-thread-1] DEBUG com.beanit.openiec61850.ServerAssociation - sub BDA is:IEDBiogasCHP/MMXU1.PF.res.instCVal.ang.i: 0
14:23:47.411 [openiec61850-osi-server-7-thread-1] DEBUG com.beanit.openiec61850.ServerAssociation - sub BDA is:IEDBiogasCHP/MMXU1.PF.res.instCVal.ang.f: 0.0
14:23:47.411 [openiec61850-osi-server-7-thread-1] DEBUG com.beanit.openiec61850.ServerAssociation - sub BDA is:IEDBiogasCHP/MMXU1.PF.res.cVal.mag.i: 0
14:23:47.411 [openiec61850-osi-server-7-thread-1] DEBUG com.beanit.openiec61850.ServerAssociation - sub BDA is:IEDBiogasCHP/MMXU1.PF.res.cVal.mag.f: 0.0
14:23:47.411 [openiec61850-osi-server-7-thread-1] DEBUG com.beanit.openiec61850.ServerAssociation - sub BDA is:IEDBiogasCHP/MMXU1.PF.res.cVal.ang.i: 0
14:23:47.411 [openiec61850-osi-server-7-thread-1] DEBUG com.beanit.openiec61850.ServerAssociation - sub BDA is:IEDBiogasCHP/MMXU1.PF.res.cVal.ang.f: 0.0
14:23:47.411 [openiec61850-osi-server-7-thread-1] DEBUG com.beanit.openiec61850.ServerAssociation - sub BDA is:IEDBiogasCHP/MMXU1.PF.res.range: 0
14:23:47.411 [openiec61850-osi-server-7-thread-1] DEBUG com.beanit.openiec61850.ServerAssociation - sub BDA is:IEDBiogasCHP/MMXU1.PF.res.q: 0x00 0x00
14:23:47.411 [openiec61850-osi-server-7-thread-1] DEBUG com.beanit.openiec61850.ServerAssociation - sub BDA is:IEDBiogasCHP/MMXU1.PF.res.t: Thu Jan 01 01:00:00 CET 1970
calling GetDataValues(IEDBiogasCHP/MMXU1.PF.phsA)
14:23:47.412 [openiec61850-osi-server-7-thread-1] DEBUG com.beanit.openiec61850.ServerAssociation - Got a GetDataValues request for node: IEDBiogasCHP/MMXU1.PF.phsA [MX]
IEDBiogasCHP/MMXU1.PF.phsA.instCVal [MX]
IEDBiogasCHP/MMXU1.PF.phsA.instCVal.mag [MX]
IEDBiogasCHP/MMXU1.PF.phsA.instCVal.mag.i: 0
IEDBiogasCHP/MMXU1.PF.phsA.instCVal.mag.f: 0.0
IEDBiogasCHP/MMXU1.PF.phsA.instCVal.ang [MX]
IEDBiogasCHP/MMXU1.PF.phsA.instCVal.ang.i: 0
IEDBiogasCHP/MMXU1.PF.phsA.instCVal.ang.f: 0.0
IEDBiogasCHP/MMXU1.PF.phsA.cVal [MX]
IEDBiogasCHP/MMXU1.PF.phsA.cVal.mag [MX]
IEDBiogasCHP/MMXU1.PF.phsA.cVal.mag.i: 0
IEDBiogasCHP/MMXU1.PF.phsA.cVal.mag.f: 0.0
IEDBiogasCHP/MMXU1.PF.phsA.cVal.ang [MX]
IEDBiogasCHP/MMXU1.PF.phsA.cVal.ang.i: 0
IEDBiogasCHP/MMXU1.PF.phsA.cVal.ang.f: 0.0
IEDBiogasCHP/MMXU1.PF.phsA.range: 0
IEDBiogasCHP/MMXU1.PF.phsA.q: 0x00 0x00
IEDBiogasCHP/MMXU1.PF.phsA.t: Thu Jan 01 01:00:00 CET 1970
14:23:47.412 [openiec61850-osi-server-7-thread-1] DEBUG com.beanit.openiec61850.ServerAssociation - sub BDA is:IEDBiogasCHP/MMXU1.PF.phsA.instCVal.mag.i: 0
14:23:47.412 [openiec61850-osi-server-7-thread-1] DEBUG com.beanit.openiec61850.ServerAssociation - sub BDA is:IEDBiogasCHP/MMXU1.PF.phsA.instCVal.mag.f: 0.0
14:23:47.412 [openiec61850-osi-server-7-thread-1] DEBUG com.beanit.openiec61850.ServerAssociation - sub BDA is:IEDBiogasCHP/MMXU1.PF.phsA.instCVal.ang.i: 0
14:23:47.412 [openiec61850-osi-server-7-thread-1] DEBUG com.beanit.openiec61850.ServerAssociation - sub BDA is:IEDBiogasCHP/MMXU1.PF.phsA.instCVal.ang.f: 0.0
14:23:47.412 [openiec61850-osi-server-7-thread-1] DEBUG com.beanit.openiec61850.ServerAssociation - sub BDA is:IEDBiogasCHP/MMXU1.PF.phsA.cVal.mag.i: 0
14:23:47.412 [openiec61850-osi-server-7-thread-1] DEBUG com.beanit.openiec61850.ServerAssociation - sub BDA is:IEDBiogasCHP/MMXU1.PF.phsA.cVal.mag.f: 0.0
14:23:47.412 [openiec61850-osi-server-7-thread-1] DEBUG com.beanit.openiec61850.ServerAssociation - sub BDA is:IEDBiogasCHP/MMXU1.PF.phsA.cVal.ang.i: 0
14:23:47.412 [openiec61850-osi-server-7-thread-1] DEBUG com.beanit.openiec61850.ServerAssociation - sub BDA is:IEDBiogasCHP/MMXU1.PF.phsA.cVal.ang.f: 0.0
14:23:47.412 [openiec61850-osi-server-7-thread-1] DEBUG com.beanit.openiec61850.ServerAssociation - sub BDA is:IEDBiogasCHP/MMXU1.PF.phsA.range: 0
14:23:47.412 [openiec61850-osi-server-7-thread-1] DEBUG com.beanit.openiec61850.ServerAssociation - sub BDA is:IEDBiogasCHP/MMXU1.PF.phsA.q: 0x00 0x00
14:23:47.412 [openiec61850-osi-server-7-thread-1] DEBUG com.beanit.openiec61850.ServerAssociation - sub BDA is:IEDBiogasCHP/MMXU1.PF.phsA.t: Thu Jan 01 01:00:00 CET 1970
calling GetDataValues(IEDBiogasCHP/MMXU1.PF.phsA.instCVal)
14:23:47.412 [openiec61850-osi-server-7-thread-1] DEBUG com.beanit.openiec61850.ServerAssociation - Got a GetDataValues request for node: IEDBiogasCHP/MMXU1.PF.phsA.instCVal [MX]
IEDBiogasCHP/MMXU1.PF.phsA.instCVal.mag [MX]
IEDBiogasCHP/MMXU1.PF.phsA.instCVal.mag.i: 0
IEDBiogasCHP/MMXU1.PF.phsA.instCVal.mag.f: 0.0
IEDBiogasCHP/MMXU1.PF.phsA.instCVal.ang [MX]
IEDBiogasCHP/MMXU1.PF.phsA.instCVal.ang.i: 0
IEDBiogasCHP/MMXU1.PF.phsA.instCVal.ang.f: 0.0
14:23:47.412 [openiec61850-osi-server-7-thread-1] DEBUG com.beanit.openiec61850.ServerAssociation - sub BDA is:IEDBiogasCHP/MMXU1.PF.phsA.instCVal.mag.i: 0
14:23:47.412 [openiec61850-osi-server-7-thread-1] DEBUG com.beanit.openiec61850.ServerAssociation - sub BDA is:IEDBiogasCHP/MMXU1.PF.phsA.instCVal.mag.f: 0.0
14:23:47.412 [openiec61850-osi-server-7-thread-1] DEBUG com.beanit.openiec61850.ServerAssociation - sub BDA is:IEDBiogasCHP/MMXU1.PF.phsA.instCVal.ang.i: 0
14:23:47.412 [openiec61850-osi-server-7-thread-1] DEBUG com.beanit.openiec61850.ServerAssociation - sub BDA is:IEDBiogasCHP/MMXU1.PF.phsA.instCVal.ang.f: 0.0
calling GetDataValues(IEDBiogasCHP/MMXU1.PF.phsA.instCVal.mag)
14:23:47.412 [openiec61850-osi-server-7-thread-1] DEBUG com.beanit.openiec61850.ServerAssociation - Got a GetDataValues request for node: IEDBiogasCHP/MMXU1.PF.phsA.instCVal.mag [MX]
IEDBiogasCHP/MMXU1.PF.phsA.instCVal.mag.i: 0
IEDBiogasCHP/MMXU1.PF.phsA.instCVal.mag.f: 0.0
14:23:47.412 [openiec61850-osi-server-7-thread-1] DEBUG com.beanit.openiec61850.ServerAssociation - sub BDA is:IEDBiogasCHP/MMXU1.PF.phsA.instCVal.mag.i: 0
14:23:47.412 [openiec61850-osi-server-7-thread-1] DEBUG com.beanit.openiec61850.ServerAssociation - sub BDA is:IEDBiogasCHP/MMXU1.PF.phsA.instCVal.mag.f: 0.0
calling GetDataValues(IEDBiogasCHP/MMXU1.PF.phsA.instCVal.mag.i)
14:23:47.412 [openiec61850-osi-server-7-thread-1] DEBUG com.beanit.openiec61850.ServerAssociation - Got a GetDataValues request for node: IEDBiogasCHP/MMXU1.PF.phsA.instCVal.mag.i: 0
calling GetDataValues(IEDBiogasCHP/MMXU1.PF.phsA.instCVal.mag.f)
14:23:47.412 [openiec61850-osi-server-7-thread-1] DEBUG com.beanit.openiec61850.ServerAssociation - Got a GetDataValues request for node: IEDBiogasCHP/MMXU1.PF.phsA.instCVal.mag.f: 0.0
calling GetDataValues(IEDBiogasCHP/MMXU1.PF.phsA.instCVal.ang)
14:23:47.413 [openiec61850-osi-server-7-thread-1] DEBUG com.beanit.openiec61850.ServerAssociation - Got a GetDataValues request for node: IEDBiogasCHP/MMXU1.PF.phsA.instCVal.ang [MX]
IEDBiogasCHP/MMXU1.PF.phsA.instCVal.ang.i: 0
IEDBiogasCHP/MMXU1.PF.phsA.instCVal.ang.f: 0.0
14:23:47.413 [openiec61850-osi-server-7-thread-1] DEBUG com.beanit.openiec61850.ServerAssociation - sub BDA is:IEDBiogasCHP/MMXU1.PF.phsA.instCVal.ang.i: 0
14:23:47.413 [openiec61850-osi-server-7-thread-1] DEBUG com.beanit.openiec61850.ServerAssociation - sub BDA is:IEDBiogasCHP/MMXU1.PF.phsA.instCVal.ang.f: 0.0
calling GetDataValues(IEDBiogasCHP/MMXU1.PF.phsA.instCVal.ang.i)
14:23:47.413 [openiec61850-osi-server-7-thread-1] DEBUG com.beanit.openiec61850.ServerAssociation - Got a GetDataValues request for node: IEDBiogasCHP/MMXU1.PF.phsA.instCVal.ang.i: 0
calling GetDataValues(IEDBiogasCHP/MMXU1.PF.phsA.instCVal.ang.f)
14:23:47.413 [openiec61850-osi-server-7-thread-1] DEBUG com.beanit.openiec61850.ServerAssociation - Got a GetDataValues request for node: IEDBiogasCHP/MMXU1.PF.phsA.instCVal.ang.f: 0.0
calling GetDataValues(IEDBiogasCHP/MMXU1.PF.phsA.cVal)
14:23:47.413 [openiec61850-osi-server-7-thread-1] DEBUG com.beanit.openiec61850.ServerAssociation - Got a GetDataValues request for node: IEDBiogasCHP/MMXU1.PF.phsA.cVal [MX]
IEDBiogasCHP/MMXU1.PF.phsA.cVal.mag [MX]
IEDBiogasCHP/MMXU1.PF.phsA.cVal.mag.i: 0
IEDBiogasCHP/MMXU1.PF.phsA.cVal.mag.f: 0.0
IEDBiogasCHP/MMXU1.PF.phsA.cVal.ang [MX]
IEDBiogasCHP/MMXU1.PF.phsA.cVal.ang.i: 0
IEDBiogasCHP/MMXU1.PF.phsA.cVal.ang.f: 0.0
14:23:47.413 [openiec61850-osi-server-7-thread-1] DEBUG com.beanit.openiec61850.ServerAssociation - sub BDA is:IEDBiogasCHP/MMXU1.PF.phsA.cVal.mag.i: 0
14:23:47.413 [openiec61850-osi-server-7-thread-1] DEBUG com.beanit.openiec61850.ServerAssociation - sub BDA is:IEDBiogasCHP/MMXU1.PF.phsA.cVal.mag.f: 0.0
14:23:47.413 [openiec61850-osi-server-7-thread-1] DEBUG com.beanit.openiec61850.ServerAssociation - sub BDA is:IEDBiogasCHP/MMXU1.PF.phsA.cVal.ang.i: 0
14:23:47.413 [openiec61850-osi-server-7-thread-1] DEBUG com.beanit.openiec61850.ServerAssociation - sub BDA is:IEDBiogasCHP/MMXU1.PF.phsA.cVal.ang.f: 0.0
calling GetDataValues(IEDBiogasCHP/MMXU1.PF.phsA.cVal.mag)
14:23:47.413 [openiec61850-osi-server-7-thread-1] DEBUG com.beanit.openiec61850.ServerAssociation - Got a GetDataValues request for node: IEDBiogasCHP/MMXU1.PF.phsA.cVal.mag [MX]
IEDBiogasCHP/MMXU1.PF.phsA.cVal.mag.i: 0
IEDBiogasCHP/MMXU1.PF.phsA.cVal.mag.f: 0.0
14:23:47.413 [openiec61850-osi-server-7-thread-1] DEBUG com.beanit.openiec61850.ServerAssociation - sub BDA is:IEDBiogasCHP/MMXU1.PF.phsA.cVal.mag.i: 0
14:23:47.413 [openiec61850-osi-server-7-thread-1] DEBUG com.beanit.openiec61850.ServerAssociation - sub BDA is:IEDBiogasCHP/MMXU1.PF.phsA.cVal.mag.f: 0.0
calling GetDataValues(IEDBiogasCHP/MMXU1.PF.phsA.cVal.mag.i)
14:23:47.413 [openiec61850-osi-server-7-thread-1] DEBUG com.beanit.openiec61850.ServerAssociation - Got a GetDataValues request for node: IEDBiogasCHP/MMXU1.PF.phsA.cVal.mag.i: 0
calling GetDataValues(IEDBiogasCHP/MMXU1.PF.phsA.cVal.mag.f)
14:23:47.413 [openiec61850-osi-server-7-thread-1] DEBUG com.beanit.openiec61850.ServerAssociation - Got a GetDataValues request for node: IEDBiogasCHP/MMXU1.PF.phsA.cVal.mag.f: 0.0
calling GetDataValues(IEDBiogasCHP/MMXU1.PF.phsA.cVal.ang)
14:23:47.413 [openiec61850-osi-server-7-thread-1] DEBUG com.beanit.openiec61850.ServerAssociation - Got a GetDataValues request for node: IEDBiogasCHP/MMXU1.PF.phsA.cVal.ang [MX]
IEDBiogasCHP/MMXU1.PF.phsA.cVal.ang.i: 0
IEDBiogasCHP/MMXU1.PF.phsA.cVal.ang.f: 0.0
14:23:47.413 [openiec61850-osi-server-7-thread-1] DEBUG com.beanit.openiec61850.ServerAssociation - sub BDA is:IEDBiogasCHP/MMXU1.PF.phsA.cVal.ang.i: 0
14:23:47.413 [openiec61850-osi-server-7-thread-1] DEBUG com.beanit.openiec61850.ServerAssociation - sub BDA is:IEDBiogasCHP/MMXU1.PF.phsA.cVal.ang.f: 0.0
calling GetDataValues(IEDBiogasCHP/MMXU1.PF.phsA.cVal.ang.i)
14:23:47.414 [openiec61850-osi-server-7-thread-1] DEBUG com.beanit.openiec61850.ServerAssociation - Got a GetDataValues request for node: IEDBiogasCHP/MMXU1.PF.phsA.cVal.ang.i: 0
calling GetDataValues(IEDBiogasCHP/MMXU1.PF.phsA.cVal.ang.f)
14:23:47.414 [openiec61850-osi-server-7-thread-1] DEBUG com.beanit.openiec61850.ServerAssociation - Got a GetDataValues request for node: IEDBiogasCHP/MMXU1.PF.phsA.cVal.ang.f: 0.0
calling GetDataValues(IEDBiogasCHP/MMXU1.PF.phsA.range)
14:23:47.414 [openiec61850-osi-server-7-thread-1] DEBUG com.beanit.openiec61850.ServerAssociation - Got a GetDataValues request for node: IEDBiogasCHP/MMXU1.PF.phsA.range: 0
calling GetDataValues(IEDBiogasCHP/MMXU1.PF.phsA.q)
14:23:47.414 [openiec61850-osi-server-7-thread-1] DEBUG com.beanit.openiec61850.ServerAssociation - Got a GetDataValues request for node: IEDBiogasCHP/MMXU1.PF.phsA.q: 0x00 0x00
calling GetDataValues(IEDBiogasCHP/MMXU1.PF.phsA.t)
14:23:47.414 [openiec61850-osi-server-7-thread-1] DEBUG com.beanit.openiec61850.ServerAssociation - Got a GetDataValues request for node: IEDBiogasCHP/MMXU1.PF.phsA.t: Thu Jan 01 01:00:00 CET 1970
calling GetDataValues(IEDBiogasCHP/MMXU1.PF.phsB)
14:23:47.414 [openiec61850-osi-server-7-thread-1] DEBUG com.beanit.openiec61850.ServerAssociation - Got a GetDataValues request for node: IEDBiogasCHP/MMXU1.PF.phsB [MX]
IEDBiogasCHP/MMXU1.PF.phsB.instCVal [MX]
IEDBiogasCHP/MMXU1.PF.phsB.instCVal.mag [MX]
IEDBiogasCHP/MMXU1.PF.phsB.instCVal.mag.i: 0
IEDBiogasCHP/MMXU1.PF.phsB.instCVal.mag.f: 0.0
IEDBiogasCHP/MMXU1.PF.phsB.instCVal.ang [MX]
IEDBiogasCHP/MMXU1.PF.phsB.instCVal.ang.i: 0
IEDBiogasCHP/MMXU1.PF.phsB.instCVal.ang.f: 0.0
IEDBiogasCHP/MMXU1.PF.phsB.cVal [MX]
IEDBiogasCHP/MMXU1.PF.phsB.cVal.mag [MX]
IEDBiogasCHP/MMXU1.PF.phsB.cVal.mag.i: 0
IEDBiogasCHP/MMXU1.PF.phsB.cVal.mag.f: 0.0
IEDBiogasCHP/MMXU1.PF.phsB.cVal.ang [MX]
IEDBiogasCHP/MMXU1.PF.phsB.cVal.ang.i: 0
IEDBiogasCHP/MMXU1.PF.phsB.cVal.ang.f: 0.0
IEDBiogasCHP/MMXU1.PF.phsB.range: 0
IEDBiogasCHP/MMXU1.PF.phsB.q: 0x00 0x00
IEDBiogasCHP/MMXU1.PF.phsB.t: Thu Jan 01 01:00:00 CET 1970
14:23:47.414 [openiec61850-osi-server-7-thread-1] DEBUG com.beanit.openiec61850.ServerAssociation - sub BDA is:IEDBiogasCHP/MMXU1.PF.phsB.instCVal.mag.i: 0
14:23:47.414 [openiec61850-osi-server-7-thread-1] DEBUG com.beanit.openiec61850.ServerAssociation - sub BDA is:IEDBiogasCHP/MMXU1.PF.phsB.instCVal.mag.f: 0.0
14:23:47.414 [openiec61850-osi-server-7-thread-1] DEBUG com.beanit.openiec61850.ServerAssociation - sub BDA is:IEDBiogasCHP/MMXU1.PF.phsB.instCVal.ang.i: 0
14:23:47.414 [openiec61850-osi-server-7-thread-1] DEBUG com.beanit.openiec61850.ServerAssociation - sub BDA is:IEDBiogasCHP/MMXU1.PF.phsB.instCVal.ang.f: 0.0
14:23:47.414 [openiec61850-osi-server-7-thread-1] DEBUG com.beanit.openiec61850.ServerAssociation - sub BDA is:IEDBiogasCHP/MMXU1.PF.phsB.cVal.mag.i: 0
14:23:47.414 [openiec61850-osi-server-7-thread-1] DEBUG com.beanit.openiec61850.ServerAssociation - sub BDA is:IEDBiogasCHP/MMXU1.PF.phsB.cVal.mag.f: 0.0
14:23:47.414 [openiec61850-osi-server-7-thread-1] DEBUG com.beanit.openiec61850.ServerAssociation - sub BDA is:IEDBiogasCHP/MMXU1.PF.phsB.cVal.ang.i: 0
14:23:47.414 [openiec61850-osi-server-7-thread-1] DEBUG com.beanit.openiec61850.ServerAssociation - sub BDA is:IEDBiogasCHP/MMXU1.PF.phsB.cVal.ang.f: 0.0
14:23:47.414 [openiec61850-osi-server-7-thread-1] DEBUG com.beanit.openiec61850.ServerAssociation - sub BDA is:IEDBiogasCHP/MMXU1.PF.phsB.range: 0
14:23:47.414 [openiec61850-osi-server-7-thread-1] DEBUG com.beanit.openiec61850.ServerAssociation - sub BDA is:IEDBiogasCHP/MMXU1.PF.phsB.q: 0x00 0x00
14:23:47.414 [openiec61850-osi-server-7-thread-1] DEBUG com.beanit.openiec61850.ServerAssociation - sub BDA is:IEDBiogasCHP/MMXU1.PF.phsB.t: Thu Jan 01 01:00:00 CET 1970
calling GetDataValues(IEDBiogasCHP/MMXU1.PF.phsB.instCVal)
14:23:47.414 [openiec61850-osi-server-7-thread-1] DEBUG com.beanit.openiec61850.ServerAssociation - Got a GetDataValues request for node: IEDBiogasCHP/MMXU1.PF.phsB.instCVal [MX]
IEDBiogasCHP/MMXU1.PF.phsB.instCVal.mag [MX]
IEDBiogasCHP/MMXU1.PF.phsB.instCVal.mag.i: 0
IEDBiogasCHP/MMXU1.PF.phsB.instCVal.mag.f: 0.0
IEDBiogasCHP/MMXU1.PF.phsB.instCVal.ang [MX]
IEDBiogasCHP/MMXU1.PF.phsB.instCVal.ang.i: 0
IEDBiogasCHP/MMXU1.PF.phsB.instCVal.ang.f: 0.0
14:23:47.414 [openiec61850-osi-server-7-thread-1] DEBUG com.beanit.openiec61850.ServerAssociation - sub BDA is:IEDBiogasCHP/MMXU1.PF.phsB.instCVal.mag.i: 0
14:23:47.414 [openiec61850-osi-server-7-thread-1] DEBUG com.beanit.openiec61850.ServerAssociation - sub BDA is:IEDBiogasCHP/MMXU1.PF.phsB.instCVal.mag.f: 0.0
14:23:47.414 [openiec61850-osi-server-7-thread-1] DEBUG com.beanit.openiec61850.ServerAssociation - sub BDA is:IEDBiogasCHP/MMXU1.PF.phsB.instCVal.ang.i: 0
14:23:47.414 [openiec61850-osi-server-7-thread-1] DEBUG com.beanit.openiec61850.ServerAssociation - sub BDA is:IEDBiogasCHP/MMXU1.PF.phsB.instCVal.ang.f: 0.0
calling GetDataValues(IEDBiogasCHP/MMXU1.PF.phsB.instCVal.mag)
14:23:47.415 [openiec61850-osi-server-7-thread-1] DEBUG com.beanit.openiec61850.ServerAssociation - Got a GetDataValues request for node: IEDBiogasCHP/MMXU1.PF.phsB.instCVal.mag [MX]
IEDBiogasCHP/MMXU1.PF.phsB.instCVal.mag.i: 0
IEDBiogasCHP/MMXU1.PF.phsB.instCVal.mag.f: 0.0
14:23:47.415 [openiec61850-osi-server-7-thread-1] DEBUG com.beanit.openiec61850.ServerAssociation - sub BDA is:IEDBiogasCHP/MMXU1.PF.phsB.instCVal.mag.i: 0
14:23:47.415 [openiec61850-osi-server-7-thread-1] DEBUG com.beanit.openiec61850.ServerAssociation - sub BDA is:IEDBiogasCHP/MMXU1.PF.phsB.instCVal.mag.f: 0.0
calling GetDataValues(IEDBiogasCHP/MMXU1.PF.phsB.instCVal.mag.i)
14:23:47.415 [openiec61850-osi-server-7-thread-1] DEBUG com.beanit.openiec61850.ServerAssociation - Got a GetDataValues request for node: IEDBiogasCHP/MMXU1.PF.phsB.instCVal.mag.i: 0
calling GetDataValues(IEDBiogasCHP/MMXU1.PF.phsB.instCVal.mag.f)
14:23:47.415 [openiec61850-osi-server-7-thread-1] DEBUG com.beanit.openiec61850.ServerAssociation - Got a GetDataValues request for node: IEDBiogasCHP/MMXU1.PF.phsB.instCVal.mag.f: 0.0
calling GetDataValues(IEDBiogasCHP/MMXU1.PF.phsB.instCVal.ang)
14:23:47.415 [openiec61850-osi-server-7-thread-1] DEBUG com.beanit.openiec61850.ServerAssociation - Got a GetDataValues request for node: IEDBiogasCHP/MMXU1.PF.phsB.instCVal.ang [MX]
IEDBiogasCHP/MMXU1.PF.phsB.instCVal.ang.i: 0
IEDBiogasCHP/MMXU1.PF.phsB.instCVal.ang.f: 0.0
14:23:47.415 [openiec61850-osi-server-7-thread-1] DEBUG com.beanit.openiec61850.ServerAssociation - sub BDA is:IEDBiogasCHP/MMXU1.PF.phsB.instCVal.ang.i: 0
14:23:47.415 [openiec61850-osi-server-7-thread-1] DEBUG com.beanit.openiec61850.ServerAssociation - sub BDA is:IEDBiogasCHP/MMXU1.PF.phsB.instCVal.ang.f: 0.0
calling GetDataValues(IEDBiogasCHP/MMXU1.PF.phsB.instCVal.ang.i)
14:23:47.415 [openiec61850-osi-server-7-thread-1] DEBUG com.beanit.openiec61850.ServerAssociation - Got a GetDataValues request for node: IEDBiogasCHP/MMXU1.PF.phsB.instCVal.ang.i: 0
calling GetDataValues(IEDBiogasCHP/MMXU1.PF.phsB.instCVal.ang.f)
14:23:47.415 [openiec61850-osi-server-7-thread-1] DEBUG com.beanit.openiec61850.ServerAssociation - Got a GetDataValues request for node: IEDBiogasCHP/MMXU1.PF.phsB.instCVal.ang.f: 0.0
calling GetDataValues(IEDBiogasCHP/MMXU1.PF.phsB.cVal)
14:23:47.415 [openiec61850-osi-server-7-thread-1] DEBUG com.beanit.openiec61850.ServerAssociation - Got a GetDataValues request for node: IEDBiogasCHP/MMXU1.PF.phsB.cVal [MX]
IEDBiogasCHP/MMXU1.PF.phsB.cVal.mag [MX]
IEDBiogasCHP/MMXU1.PF.phsB.cVal.mag.i: 0
IEDBiogasCHP/MMXU1.PF.phsB.cVal.mag.f: 0.0
IEDBiogasCHP/MMXU1.PF.phsB.cVal.ang [MX]
IEDBiogasCHP/MMXU1.PF.phsB.cVal.ang.i: 0
IEDBiogasCHP/MMXU1.PF.phsB.cVal.ang.f: 0.0
14:23:47.415 [openiec61850-osi-server-7-thread-1] DEBUG com.beanit.openiec61850.ServerAssociation - sub BDA is:IEDBiogasCHP/MMXU1.PF.phsB.cVal.mag.i: 0
14:23:47.415 [openiec61850-osi-server-7-thread-1] DEBUG com.beanit.openiec61850.ServerAssociation - sub BDA is:IEDBiogasCHP/MMXU1.PF.phsB.cVal.mag.f: 0.0
14:23:47.415 [openiec61850-osi-server-7-thread-1] DEBUG com.beanit.openiec61850.ServerAssociation - sub BDA is:IEDBiogasCHP/MMXU1.PF.phsB.cVal.ang.i: 0
14:23:47.415 [openiec61850-osi-server-7-thread-1] DEBUG com.beanit.openiec61850.ServerAssociation - sub BDA is:IEDBiogasCHP/MMXU1.PF.phsB.cVal.ang.f: 0.0
calling GetDataValues(IEDBiogasCHP/MMXU1.PF.phsB.cVal.mag)
14:23:47.415 [openiec61850-osi-server-7-thread-1] DEBUG com.beanit.openiec61850.ServerAssociation - Got a GetDataValues request for node: IEDBiogasCHP/MMXU1.PF.phsB.cVal.mag [MX]
IEDBiogasCHP/MMXU1.PF.phsB.cVal.mag.i: 0
IEDBiogasCHP/MMXU1.PF.phsB.cVal.mag.f: 0.0
14:23:47.415 [openiec61850-osi-server-7-thread-1] DEBUG com.beanit.openiec61850.ServerAssociation - sub BDA is:IEDBiogasCHP/MMXU1.PF.phsB.cVal.mag.i: 0
14:23:47.415 [openiec61850-osi-server-7-thread-1] DEBUG com.beanit.openiec61850.ServerAssociation - sub BDA is:IEDBiogasCHP/MMXU1.PF.phsB.cVal.mag.f: 0.0
calling GetDataValues(IEDBiogasCHP/MMXU1.PF.phsB.cVal.mag.i)
14:23:47.416 [openiec61850-osi-server-7-thread-1] DEBUG com.beanit.openiec61850.ServerAssociation - Got a GetDataValues request for node: IEDBiogasCHP/MMXU1.PF.phsB.cVal.mag.i: 0
calling GetDataValues(IEDBiogasCHP/MMXU1.PF.phsB.cVal.mag.f)
14:23:47.416 [openiec61850-osi-server-7-thread-1] DEBUG com.beanit.openiec61850.ServerAssociation - Got a GetDataValues request for node: IEDBiogasCHP/MMXU1.PF.phsB.cVal.mag.f: 0.0
calling GetDataValues(IEDBiogasCHP/MMXU1.PF.phsB.cVal.ang)
14:23:47.416 [openiec61850-osi-server-7-thread-1] DEBUG com.beanit.openiec61850.ServerAssociation - Got a GetDataValues request for node: IEDBiogasCHP/MMXU1.PF.phsB.cVal.ang [MX]
IEDBiogasCHP/MMXU1.PF.phsB.cVal.ang.i: 0
IEDBiogasCHP/MMXU1.PF.phsB.cVal.ang.f: 0.0
14:23:47.416 [openiec61850-osi-server-7-thread-1] DEBUG com.beanit.openiec61850.ServerAssociation - sub BDA is:IEDBiogasCHP/MMXU1.PF.phsB.cVal.ang.i: 0
14:23:47.416 [openiec61850-osi-server-7-thread-1] DEBUG com.beanit.openiec61850.ServerAssociation - sub BDA is:IEDBiogasCHP/MMXU1.PF.phsB.cVal.ang.f: 0.0
calling GetDataValues(IEDBiogasCHP/MMXU1.PF.phsB.cVal.ang.i)
14:23:47.416 [openiec61850-osi-server-7-thread-1] DEBUG com.beanit.openiec61850.ServerAssociation - Got a GetDataValues request for node: IEDBiogasCHP/MMXU1.PF.phsB.cVal.ang.i: 0
calling GetDataValues(IEDBiogasCHP/MMXU1.PF.phsB.cVal.ang.f)
14:23:47.416 [openiec61850-osi-server-7-thread-1] DEBUG com.beanit.openiec61850.ServerAssociation - Got a GetDataValues request for node: IEDBiogasCHP/MMXU1.PF.phsB.cVal.ang.f: 0.0
calling GetDataValues(IEDBiogasCHP/MMXU1.PF.phsB.range)
14:23:47.416 [openiec61850-osi-server-7-thread-1] DEBUG com.beanit.openiec61850.ServerAssociation - Got a GetDataValues request for node: IEDBiogasCHP/MMXU1.PF.phsB.range: 0
calling GetDataValues(IEDBiogasCHP/MMXU1.PF.phsB.q)
14:23:47.416 [openiec61850-osi-server-7-thread-1] DEBUG com.beanit.openiec61850.ServerAssociation - Got a GetDataValues request for node: IEDBiogasCHP/MMXU1.PF.phsB.q: 0x00 0x00
calling GetDataValues(IEDBiogasCHP/MMXU1.PF.phsB.t)
14:23:47.417 [openiec61850-osi-server-7-thread-1] DEBUG com.beanit.openiec61850.ServerAssociation - Got a GetDataValues request for node: IEDBiogasCHP/MMXU1.PF.phsB.t: Thu Jan 01 01:00:00 CET 1970
calling GetDataValues(IEDBiogasCHP/MMXU1.PF.phsC)
14:23:47.417 [openiec61850-osi-server-7-thread-1] DEBUG com.beanit.openiec61850.ServerAssociation - Got a GetDataValues request for node: IEDBiogasCHP/MMXU1.PF.phsC [MX]
IEDBiogasCHP/MMXU1.PF.phsC.instCVal [MX]
IEDBiogasCHP/MMXU1.PF.phsC.instCVal.mag [MX]
IEDBiogasCHP/MMXU1.PF.phsC.instCVal.mag.i: 0
IEDBiogasCHP/MMXU1.PF.phsC.instCVal.mag.f: 0.0
IEDBiogasCHP/MMXU1.PF.phsC.instCVal.ang [MX]
IEDBiogasCHP/MMXU1.PF.phsC.instCVal.ang.i: 0
IEDBiogasCHP/MMXU1.PF.phsC.instCVal.ang.f: 0.0
IEDBiogasCHP/MMXU1.PF.phsC.cVal [MX]
IEDBiogasCHP/MMXU1.PF.phsC.cVal.mag [MX]
IEDBiogasCHP/MMXU1.PF.phsC.cVal.mag.i: 0
IEDBiogasCHP/MMXU1.PF.phsC.cVal.mag.f: 0.0
IEDBiogasCHP/MMXU1.PF.phsC.cVal.ang [MX]
IEDBiogasCHP/MMXU1.PF.phsC.cVal.ang.i: 0
IEDBiogasCHP/MMXU1.PF.phsC.cVal.ang.f: 0.0
IEDBiogasCHP/MMXU1.PF.phsC.range: 0
IEDBiogasCHP/MMXU1.PF.phsC.q: 0x00 0x00
IEDBiogasCHP/MMXU1.PF.phsC.t: Thu Jan 01 01:00:00 CET 1970
14:23:47.417 [openiec61850-osi-server-7-thread-1] DEBUG com.beanit.openiec61850.ServerAssociation - sub BDA is:IEDBiogasCHP/MMXU1.PF.phsC.instCVal.mag.i: 0
14:23:47.417 [openiec61850-osi-server-7-thread-1] DEBUG com.beanit.openiec61850.ServerAssociation - sub BDA is:IEDBiogasCHP/MMXU1.PF.phsC.instCVal.mag.f: 0.0
14:23:47.417 [openiec61850-osi-server-7-thread-1] DEBUG com.beanit.openiec61850.ServerAssociation - sub BDA is:IEDBiogasCHP/MMXU1.PF.phsC.instCVal.ang.i: 0
14:23:47.417 [openiec61850-osi-server-7-thread-1] DEBUG com.beanit.openiec61850.ServerAssociation - sub BDA is:IEDBiogasCHP/MMXU1.PF.phsC.instCVal.ang.f: 0.0
14:23:47.417 [openiec61850-osi-server-7-thread-1] DEBUG com.beanit.openiec61850.ServerAssociation - sub BDA is:IEDBiogasCHP/MMXU1.PF.phsC.cVal.mag.i: 0
14:23:47.417 [openiec61850-osi-server-7-thread-1] DEBUG com.beanit.openiec61850.ServerAssociation - sub BDA is:IEDBiogasCHP/MMXU1.PF.phsC.cVal.mag.f: 0.0
14:23:47.417 [openiec61850-osi-server-7-thread-1] DEBUG com.beanit.openiec61850.ServerAssociation - sub BDA is:IEDBiogasCHP/MMXU1.PF.phsC.cVal.ang.i: 0
14:23:47.417 [openiec61850-osi-server-7-thread-1] DEBUG com.beanit.openiec61850.ServerAssociation - sub BDA is:IEDBiogasCHP/MMXU1.PF.phsC.cVal.ang.f: 0.0
14:23:47.417 [openiec61850-osi-server-7-thread-1] DEBUG com.beanit.openiec61850.ServerAssociation - sub BDA is:IEDBiogasCHP/MMXU1.PF.phsC.range: 0
14:23:47.417 [openiec61850-osi-server-7-thread-1] DEBUG com.beanit.openiec61850.ServerAssociation - sub BDA is:IEDBiogasCHP/MMXU1.PF.phsC.q: 0x00 0x00
14:23:47.417 [openiec61850-osi-server-7-thread-1] DEBUG com.beanit.openiec61850.ServerAssociation - sub BDA is:IEDBiogasCHP/MMXU1.PF.phsC.t: Thu Jan 01 01:00:00 CET 1970
calling GetDataValues(IEDBiogasCHP/MMXU1.PF.phsC.instCVal)
14:23:47.417 [openiec61850-osi-server-7-thread-1] DEBUG com.beanit.openiec61850.ServerAssociation - Got a GetDataValues request for node: IEDBiogasCHP/MMXU1.PF.phsC.instCVal [MX]
IEDBiogasCHP/MMXU1.PF.phsC.instCVal.mag [MX]
IEDBiogasCHP/MMXU1.PF.phsC.instCVal.mag.i: 0
IEDBiogasCHP/MMXU1.PF.phsC.instCVal.mag.f: 0.0
IEDBiogasCHP/MMXU1.PF.phsC.instCVal.ang [MX]
IEDBiogasCHP/MMXU1.PF.phsC.instCVal.ang.i: 0
IEDBiogasCHP/MMXU1.PF.phsC.instCVal.ang.f: 0.0
14:23:47.417 [openiec61850-osi-server-7-thread-1] DEBUG com.beanit.openiec61850.ServerAssociation - sub BDA is:IEDBiogasCHP/MMXU1.PF.phsC.instCVal.mag.i: 0
14:23:47.417 [openiec61850-osi-server-7-thread-1] DEBUG com.beanit.openiec61850.ServerAssociation - sub BDA is:IEDBiogasCHP/MMXU1.PF.phsC.instCVal.mag.f: 0.0
14:23:47.417 [openiec61850-osi-server-7-thread-1] DEBUG com.beanit.openiec61850.ServerAssociation - sub BDA is:IEDBiogasCHP/MMXU1.PF.phsC.instCVal.ang.i: 0
14:23:47.417 [openiec61850-osi-server-7-thread-1] DEBUG com.beanit.openiec61850.ServerAssociation - sub BDA is:IEDBiogasCHP/MMXU1.PF.phsC.instCVal.ang.f: 0.0
calling GetDataValues(IEDBiogasCHP/MMXU1.PF.phsC.instCVal.mag)
14:23:47.417 [openiec61850-osi-server-7-thread-1] DEBUG com.beanit.openiec61850.ServerAssociation - Got a GetDataValues request for node: IEDBiogasCHP/MMXU1.PF.phsC.instCVal.mag [MX]
IEDBiogasCHP/MMXU1.PF.phsC.instCVal.mag.i: 0
IEDBiogasCHP/MMXU1.PF.phsC.instCVal.mag.f: 0.0
14:23:47.417 [openiec61850-osi-server-7-thread-1] DEBUG com.beanit.openiec61850.ServerAssociation - sub BDA is:IEDBiogasCHP/MMXU1.PF.phsC.instCVal.mag.i: 0
14:23:47.417 [openiec61850-osi-server-7-thread-1] DEBUG com.beanit.openiec61850.ServerAssociation - sub BDA is:IEDBiogasCHP/MMXU1.PF.phsC.instCVal.mag.f: 0.0
calling GetDataValues(IEDBiogasCHP/MMXU1.PF.phsC.instCVal.mag.i)
14:23:47.417 [openiec61850-osi-server-7-thread-1] DEBUG com.beanit.openiec61850.ServerAssociation - Got a GetDataValues request for node: IEDBiogasCHP/MMXU1.PF.phsC.instCVal.mag.i: 0
calling GetDataValues(IEDBiogasCHP/MMXU1.PF.phsC.instCVal.mag.f)
14:23:47.417 [openiec61850-osi-server-7-thread-1] DEBUG com.beanit.openiec61850.ServerAssociation - Got a GetDataValues request for node: IEDBiogasCHP/MMXU1.PF.phsC.instCVal.mag.f: 0.0
calling GetDataValues(IEDBiogasCHP/MMXU1.PF.phsC.instCVal.ang)
14:23:47.418 [openiec61850-osi-server-7-thread-1] DEBUG com.beanit.openiec61850.ServerAssociation - Got a GetDataValues request for node: IEDBiogasCHP/MMXU1.PF.phsC.instCVal.ang [MX]
IEDBiogasCHP/MMXU1.PF.phsC.instCVal.ang.i: 0
IEDBiogasCHP/MMXU1.PF.phsC.instCVal.ang.f: 0.0
14:23:47.418 [openiec61850-osi-server-7-thread-1] DEBUG com.beanit.openiec61850.ServerAssociation - sub BDA is:IEDBiogasCHP/MMXU1.PF.phsC.instCVal.ang.i: 0
14:23:47.418 [openiec61850-osi-server-7-thread-1] DEBUG com.beanit.openiec61850.ServerAssociation - sub BDA is:IEDBiogasCHP/MMXU1.PF.phsC.instCVal.ang.f: 0.0
calling GetDataValues(IEDBiogasCHP/MMXU1.PF.phsC.instCVal.ang.i)
14:23:47.418 [openiec61850-osi-server-7-thread-1] DEBUG com.beanit.openiec61850.ServerAssociation - Got a GetDataValues request for node: IEDBiogasCHP/MMXU1.PF.phsC.instCVal.ang.i: 0
calling GetDataValues(IEDBiogasCHP/MMXU1.PF.phsC.instCVal.ang.f)
14:23:47.418 [openiec61850-osi-server-7-thread-1] DEBUG com.beanit.openiec61850.ServerAssociation - Got a GetDataValues request for node: IEDBiogasCHP/MMXU1.PF.phsC.instCVal.ang.f: 0.0
calling GetDataValues(IEDBiogasCHP/MMXU1.PF.phsC.cVal)
14:23:47.418 [openiec61850-osi-server-7-thread-1] DEBUG com.beanit.openiec61850.ServerAssociation - Got a GetDataValues request for node: IEDBiogasCHP/MMXU1.PF.phsC.cVal [MX]
IEDBiogasCHP/MMXU1.PF.phsC.cVal.mag [MX]
IEDBiogasCHP/MMXU1.PF.phsC.cVal.mag.i: 0
IEDBiogasCHP/MMXU1.PF.phsC.cVal.mag.f: 0.0
IEDBiogasCHP/MMXU1.PF.phsC.cVal.ang [MX]
IEDBiogasCHP/MMXU1.PF.phsC.cVal.ang.i: 0
IEDBiogasCHP/MMXU1.PF.phsC.cVal.ang.f: 0.0
14:23:47.418 [openiec61850-osi-server-7-thread-1] DEBUG com.beanit.openiec61850.ServerAssociation - sub BDA is:IEDBiogasCHP/MMXU1.PF.phsC.cVal.mag.i: 0
14:23:47.418 [openiec61850-osi-server-7-thread-1] DEBUG com.beanit.openiec61850.ServerAssociation - sub BDA is:IEDBiogasCHP/MMXU1.PF.phsC.cVal.mag.f: 0.0
14:23:47.418 [openiec61850-osi-server-7-thread-1] DEBUG com.beanit.openiec61850.ServerAssociation - sub BDA is:IEDBiogasCHP/MMXU1.PF.phsC.cVal.ang.i: 0
14:23:47.418 [openiec61850-osi-server-7-thread-1] DEBUG com.beanit.openiec61850.ServerAssociation - sub BDA is:IEDBiogasCHP/MMXU1.PF.phsC.cVal.ang.f: 0.0
calling GetDataValues(IEDBiogasCHP/MMXU1.PF.phsC.cVal.mag)
14:23:47.418 [openiec61850-osi-server-7-thread-1] DEBUG com.beanit.openiec61850.ServerAssociation - Got a GetDataValues request for node: IEDBiogasCHP/MMXU1.PF.phsC.cVal.mag [MX]
IEDBiogasCHP/MMXU1.PF.phsC.cVal.mag.i: 0
IEDBiogasCHP/MMXU1.PF.phsC.cVal.mag.f: 0.0
14:23:47.418 [openiec61850-osi-server-7-thread-1] DEBUG com.beanit.openiec61850.ServerAssociation - sub BDA is:IEDBiogasCHP/MMXU1.PF.phsC.cVal.mag.i: 0
14:23:47.418 [openiec61850-osi-server-7-thread-1] DEBUG com.beanit.openiec61850.ServerAssociation - sub BDA is:IEDBiogasCHP/MMXU1.PF.phsC.cVal.mag.f: 0.0
calling GetDataValues(IEDBiogasCHP/MMXU1.PF.phsC.cVal.mag.i)
14:23:47.418 [openiec61850-osi-server-7-thread-1] DEBUG com.beanit.openiec61850.ServerAssociation - Got a GetDataValues request for node: IEDBiogasCHP/MMXU1.PF.phsC.cVal.mag.i: 0
calling GetDataValues(IEDBiogasCHP/MMXU1.PF.phsC.cVal.mag.f)
14:23:47.418 [openiec61850-osi-server-7-thread-1] DEBUG com.beanit.openiec61850.ServerAssociation - Got a GetDataValues request for node: IEDBiogasCHP/MMXU1.PF.phsC.cVal.mag.f: 0.0
calling GetDataValues(IEDBiogasCHP/MMXU1.PF.phsC.cVal.ang)
14:23:47.419 [openiec61850-osi-server-7-thread-1] DEBUG com.beanit.openiec61850.ServerAssociation - Got a GetDataValues request for node: IEDBiogasCHP/MMXU1.PF.phsC.cVal.ang [MX]
IEDBiogasCHP/MMXU1.PF.phsC.cVal.ang.i: 0
IEDBiogasCHP/MMXU1.PF.phsC.cVal.ang.f: 0.0
14:23:47.419 [openiec61850-osi-server-7-thread-1] DEBUG com.beanit.openiec61850.ServerAssociation - sub BDA is:IEDBiogasCHP/MMXU1.PF.phsC.cVal.ang.i: 0
14:23:47.419 [openiec61850-osi-server-7-thread-1] DEBUG com.beanit.openiec61850.ServerAssociation - sub BDA is:IEDBiogasCHP/MMXU1.PF.phsC.cVal.ang.f: 0.0
calling GetDataValues(IEDBiogasCHP/MMXU1.PF.phsC.cVal.ang.i)
14:23:47.419 [openiec61850-osi-server-7-thread-1] DEBUG com.beanit.openiec61850.ServerAssociation - Got a GetDataValues request for node: IEDBiogasCHP/MMXU1.PF.phsC.cVal.ang.i: 0
calling GetDataValues(IEDBiogasCHP/MMXU1.PF.phsC.cVal.ang.f)
14:23:47.419 [openiec61850-osi-server-7-thread-1] DEBUG com.beanit.openiec61850.ServerAssociation - Got a GetDataValues request for node: IEDBiogasCHP/MMXU1.PF.phsC.cVal.ang.f: 0.0
calling GetDataValues(IEDBiogasCHP/MMXU1.PF.phsC.range)
14:23:47.419 [openiec61850-osi-server-7-thread-1] DEBUG com.beanit.openiec61850.ServerAssociation - Got a GetDataValues request for node: IEDBiogasCHP/MMXU1.PF.phsC.range: 0
calling GetDataValues(IEDBiogasCHP/MMXU1.PF.phsC.q)
14:23:47.419 [openiec61850-osi-server-7-thread-1] DEBUG com.beanit.openiec61850.ServerAssociation - Got a GetDataValues request for node: IEDBiogasCHP/MMXU1.PF.phsC.q: 0x00 0x00
calling GetDataValues(IEDBiogasCHP/MMXU1.PF.phsC.t)
14:23:47.419 [openiec61850-osi-server-7-thread-1] DEBUG com.beanit.openiec61850.ServerAssociation - Got a GetDataValues request for node: IEDBiogasCHP/MMXU1.PF.phsC.t: Thu Jan 01 01:00:00 CET 1970
calling GetDataValues(IEDBiogasCHP/MMXU1.PF.neut)
14:23:47.419 [openiec61850-osi-server-7-thread-1] DEBUG com.beanit.openiec61850.ServerAssociation - Got a GetDataValues request for node: IEDBiogasCHP/MMXU1.PF.neut [MX]
IEDBiogasCHP/MMXU1.PF.neut.instCVal [MX]
IEDBiogasCHP/MMXU1.PF.neut.instCVal.mag [MX]
IEDBiogasCHP/MMXU1.PF.neut.instCVal.mag.i: 0
IEDBiogasCHP/MMXU1.PF.neut.instCVal.mag.f: 0.0
IEDBiogasCHP/MMXU1.PF.neut.instCVal.ang [MX]
IEDBiogasCHP/MMXU1.PF.neut.instCVal.ang.i: 0
IEDBiogasCHP/MMXU1.PF.neut.instCVal.ang.f: 0.0
IEDBiogasCHP/MMXU1.PF.neut.cVal [MX]
IEDBiogasCHP/MMXU1.PF.neut.cVal.mag [MX]
IEDBiogasCHP/MMXU1.PF.neut.cVal.mag.i: 0
IEDBiogasCHP/MMXU1.PF.neut.cVal.mag.f: 0.0
IEDBiogasCHP/MMXU1.PF.neut.cVal.ang [MX]
IEDBiogasCHP/MMXU1.PF.neut.cVal.ang.i: 0
IEDBiogasCHP/MMXU1.PF.neut.cVal.ang.f: 0.0
IEDBiogasCHP/MMXU1.PF.neut.range: 0
IEDBiogasCHP/MMXU1.PF.neut.q: 0x00 0x00
IEDBiogasCHP/MMXU1.PF.neut.t: Thu Jan 01 01:00:00 CET 1970
14:23:47.419 [openiec61850-osi-server-7-thread-1] DEBUG com.beanit.openiec61850.ServerAssociation - sub BDA is:IEDBiogasCHP/MMXU1.PF.neut.instCVal.mag.i: 0
14:23:47.419 [openiec61850-osi-server-7-thread-1] DEBUG com.beanit.openiec61850.ServerAssociation - sub BDA is:IEDBiogasCHP/MMXU1.PF.neut.instCVal.mag.f: 0.0
14:23:47.419 [openiec61850-osi-server-7-thread-1] DEBUG com.beanit.openiec61850.ServerAssociation - sub BDA is:IEDBiogasCHP/MMXU1.PF.neut.instCVal.ang.i: 0
14:23:47.419 [openiec61850-osi-server-7-thread-1] DEBUG com.beanit.openiec61850.ServerAssociation - sub BDA is:IEDBiogasCHP/MMXU1.PF.neut.instCVal.ang.f: 0.0
14:23:47.419 [openiec61850-osi-server-7-thread-1] DEBUG com.beanit.openiec61850.ServerAssociation - sub BDA is:IEDBiogasCHP/MMXU1.PF.neut.cVal.mag.i: 0
14:23:47.419 [openiec61850-osi-server-7-thread-1] DEBUG com.beanit.openiec61850.ServerAssociation - sub BDA is:IEDBiogasCHP/MMXU1.PF.neut.cVal.mag.f: 0.0
14:23:47.419 [openiec61850-osi-server-7-thread-1] DEBUG com.beanit.openiec61850.ServerAssociation - sub BDA is:IEDBiogasCHP/MMXU1.PF.neut.cVal.ang.i: 0
14:23:47.419 [openiec61850-osi-server-7-thread-1] DEBUG com.beanit.openiec61850.ServerAssociation - sub BDA is:IEDBiogasCHP/MMXU1.PF.neut.cVal.ang.f: 0.0
14:23:47.419 [openiec61850-osi-server-7-thread-1] DEBUG com.beanit.openiec61850.ServerAssociation - sub BDA is:IEDBiogasCHP/MMXU1.PF.neut.range: 0
14:23:47.419 [openiec61850-osi-server-7-thread-1] DEBUG com.beanit.openiec61850.ServerAssociation - sub BDA is:IEDBiogasCHP/MMXU1.PF.neut.q: 0x00 0x00
14:23:47.419 [openiec61850-osi-server-7-thread-1] DEBUG com.beanit.openiec61850.ServerAssociation - sub BDA is:IEDBiogasCHP/MMXU1.PF.neut.t: Thu Jan 01 01:00:00 CET 1970
calling GetDataValues(IEDBiogasCHP/MMXU1.PF.neut.instCVal)
14:23:47.420 [openiec61850-osi-server-7-thread-1] DEBUG com.beanit.openiec61850.ServerAssociation - Got a GetDataValues request for node: IEDBiogasCHP/MMXU1.PF.neut.instCVal [MX]
IEDBiogasCHP/MMXU1.PF.neut.instCVal.mag [MX]
IEDBiogasCHP/MMXU1.PF.neut.instCVal.mag.i: 0
IEDBiogasCHP/MMXU1.PF.neut.instCVal.mag.f: 0.0
IEDBiogasCHP/MMXU1.PF.neut.instCVal.ang [MX]
IEDBiogasCHP/MMXU1.PF.neut.instCVal.ang.i: 0
IEDBiogasCHP/MMXU1.PF.neut.instCVal.ang.f: 0.0
14:23:47.420 [openiec61850-osi-server-7-thread-1] DEBUG com.beanit.openiec61850.ServerAssociation - sub BDA is:IEDBiogasCHP/MMXU1.PF.neut.instCVal.mag.i: 0
14:23:47.420 [openiec61850-osi-server-7-thread-1] DEBUG com.beanit.openiec61850.ServerAssociation - sub BDA is:IEDBiogasCHP/MMXU1.PF.neut.instCVal.mag.f: 0.0
14:23:47.420 [openiec61850-osi-server-7-thread-1] DEBUG com.beanit.openiec61850.ServerAssociation - sub BDA is:IEDBiogasCHP/MMXU1.PF.neut.instCVal.ang.i: 0
14:23:47.420 [openiec61850-osi-server-7-thread-1] DEBUG com.beanit.openiec61850.ServerAssociation - sub BDA is:IEDBiogasCHP/MMXU1.PF.neut.instCVal.ang.f: 0.0
calling GetDataValues(IEDBiogasCHP/MMXU1.PF.neut.instCVal.mag)
14:23:47.420 [openiec61850-osi-server-7-thread-1] DEBUG com.beanit.openiec61850.ServerAssociation - Got a GetDataValues request for node: IEDBiogasCHP/MMXU1.PF.neut.instCVal.mag [MX]
IEDBiogasCHP/MMXU1.PF.neut.instCVal.mag.i: 0
IEDBiogasCHP/MMXU1.PF.neut.instCVal.mag.f: 0.0
14:23:47.420 [openiec61850-osi-server-7-thread-1] DEBUG com.beanit.openiec61850.ServerAssociation - sub BDA is:IEDBiogasCHP/MMXU1.PF.neut.instCVal.mag.i: 0
14:23:47.420 [openiec61850-osi-server-7-thread-1] DEBUG com.beanit.openiec61850.ServerAssociation - sub BDA is:IEDBiogasCHP/MMXU1.PF.neut.instCVal.mag.f: 0.0
calling GetDataValues(IEDBiogasCHP/MMXU1.PF.neut.instCVal.mag.i)
14:23:47.420 [openiec61850-osi-server-7-thread-1] DEBUG com.beanit.openiec61850.ServerAssociation - Got a GetDataValues request for node: IEDBiogasCHP/MMXU1.PF.neut.instCVal.mag.i: 0
calling GetDataValues(IEDBiogasCHP/MMXU1.PF.neut.instCVal.mag.f)
14:23:47.420 [openiec61850-osi-server-7-thread-1] DEBUG com.beanit.openiec61850.ServerAssociation - Got a GetDataValues request for node: IEDBiogasCHP/MMXU1.PF.neut.instCVal.mag.f: 0.0
calling GetDataValues(IEDBiogasCHP/MMXU1.PF.neut.instCVal.ang)
14:23:47.420 [openiec61850-osi-server-7-thread-1] DEBUG com.beanit.openiec61850.ServerAssociation - Got a GetDataValues request for node: IEDBiogasCHP/MMXU1.PF.neut.instCVal.ang [MX]
IEDBiogasCHP/MMXU1.PF.neut.instCVal.ang.i: 0
IEDBiogasCHP/MMXU1.PF.neut.instCVal.ang.f: 0.0
14:23:47.420 [openiec61850-osi-server-7-thread-1] DEBUG com.beanit.openiec61850.ServerAssociation - sub BDA is:IEDBiogasCHP/MMXU1.PF.neut.instCVal.ang.i: 0
14:23:47.420 [openiec61850-osi-server-7-thread-1] DEBUG com.beanit.openiec61850.ServerAssociation - sub BDA is:IEDBiogasCHP/MMXU1.PF.neut.instCVal.ang.f: 0.0
calling GetDataValues(IEDBiogasCHP/MMXU1.PF.neut.instCVal.ang.i)
14:23:47.420 [openiec61850-osi-server-7-thread-1] DEBUG com.beanit.openiec61850.ServerAssociation - Got a GetDataValues request for node: IEDBiogasCHP/MMXU1.PF.neut.instCVal.ang.i: 0
calling GetDataValues(IEDBiogasCHP/MMXU1.PF.neut.instCVal.ang.f)
14:23:47.420 [openiec61850-osi-server-7-thread-1] DEBUG com.beanit.openiec61850.ServerAssociation - Got a GetDataValues request for node: IEDBiogasCHP/MMXU1.PF.neut.instCVal.ang.f: 0.0
calling GetDataValues(IEDBiogasCHP/MMXU1.PF.neut.cVal)
14:23:47.421 [openiec61850-osi-server-7-thread-1] DEBUG com.beanit.openiec61850.ServerAssociation - Got a GetDataValues request for node: IEDBiogasCHP/MMXU1.PF.neut.cVal [MX]
IEDBiogasCHP/MMXU1.PF.neut.cVal.mag [MX]
IEDBiogasCHP/MMXU1.PF.neut.cVal.mag.i: 0
IEDBiogasCHP/MMXU1.PF.neut.cVal.mag.f: 0.0
IEDBiogasCHP/MMXU1.PF.neut.cVal.ang [MX]
IEDBiogasCHP/MMXU1.PF.neut.cVal.ang.i: 0
IEDBiogasCHP/MMXU1.PF.neut.cVal.ang.f: 0.0
14:23:47.421 [openiec61850-osi-server-7-thread-1] DEBUG com.beanit.openiec61850.ServerAssociation - sub BDA is:IEDBiogasCHP/MMXU1.PF.neut.cVal.mag.i: 0
14:23:47.421 [openiec61850-osi-server-7-thread-1] DEBUG com.beanit.openiec61850.ServerAssociation - sub BDA is:IEDBiogasCHP/MMXU1.PF.neut.cVal.mag.f: 0.0
14:23:47.421 [openiec61850-osi-server-7-thread-1] DEBUG com.beanit.openiec61850.ServerAssociation - sub BDA is:IEDBiogasCHP/MMXU1.PF.neut.cVal.ang.i: 0
14:23:47.421 [openiec61850-osi-server-7-thread-1] DEBUG com.beanit.openiec61850.ServerAssociation - sub BDA is:IEDBiogasCHP/MMXU1.PF.neut.cVal.ang.f: 0.0
calling GetDataValues(IEDBiogasCHP/MMXU1.PF.neut.cVal.mag)
14:23:47.421 [openiec61850-osi-server-7-thread-1] DEBUG com.beanit.openiec61850.ServerAssociation - Got a GetDataValues request for node: IEDBiogasCHP/MMXU1.PF.neut.cVal.mag [MX]
IEDBiogasCHP/MMXU1.PF.neut.cVal.mag.i: 0
IEDBiogasCHP/MMXU1.PF.neut.cVal.mag.f: 0.0
14:23:47.421 [openiec61850-osi-server-7-thread-1] DEBUG com.beanit.openiec61850.ServerAssociation - sub BDA is:IEDBiogasCHP/MMXU1.PF.neut.cVal.mag.i: 0
14:23:47.421 [openiec61850-osi-server-7-thread-1] DEBUG com.beanit.openiec61850.ServerAssociation - sub BDA is:IEDBiogasCHP/MMXU1.PF.neut.cVal.mag.f: 0.0
calling GetDataValues(IEDBiogasCHP/MMXU1.PF.neut.cVal.mag.i)
14:23:47.421 [openiec61850-osi-server-7-thread-1] DEBUG com.beanit.openiec61850.ServerAssociation - Got a GetDataValues request for node: IEDBiogasCHP/MMXU1.PF.neut.cVal.mag.i: 0
calling GetDataValues(IEDBiogasCHP/MMXU1.PF.neut.cVal.mag.f)
14:23:47.421 [openiec61850-osi-server-7-thread-1] DEBUG com.beanit.openiec61850.ServerAssociation - Got a GetDataValues request for node: IEDBiogasCHP/MMXU1.PF.neut.cVal.mag.f: 0.0
calling GetDataValues(IEDBiogasCHP/MMXU1.PF.neut.cVal.ang)
14:23:47.421 [openiec61850-osi-server-7-thread-1] DEBUG com.beanit.openiec61850.ServerAssociation - Got a GetDataValues request for node: IEDBiogasCHP/MMXU1.PF.neut.cVal.ang [MX]
IEDBiogasCHP/MMXU1.PF.neut.cVal.ang.i: 0
IEDBiogasCHP/MMXU1.PF.neut.cVal.ang.f: 0.0
14:23:47.421 [openiec61850-osi-server-7-thread-1] DEBUG com.beanit.openiec61850.ServerAssociation - sub BDA is:IEDBiogasCHP/MMXU1.PF.neut.cVal.ang.i: 0
14:23:47.421 [openiec61850-osi-server-7-thread-1] DEBUG com.beanit.openiec61850.ServerAssociation - sub BDA is:IEDBiogasCHP/MMXU1.PF.neut.cVal.ang.f: 0.0
calling GetDataValues(IEDBiogasCHP/MMXU1.PF.neut.cVal.ang.i)
14:23:47.421 [openiec61850-osi-server-7-thread-1] DEBUG com.beanit.openiec61850.ServerAssociation - Got a GetDataValues request for node: IEDBiogasCHP/MMXU1.PF.neut.cVal.ang.i: 0
calling GetDataValues(IEDBiogasCHP/MMXU1.PF.neut.cVal.ang.f)
14:23:47.421 [openiec61850-osi-server-7-thread-1] DEBUG com.beanit.openiec61850.ServerAssociation - Got a GetDataValues request for node: IEDBiogasCHP/MMXU1.PF.neut.cVal.ang.f: 0.0
calling GetDataValues(IEDBiogasCHP/MMXU1.PF.neut.range)
14:23:47.421 [openiec61850-osi-server-7-thread-1] DEBUG com.beanit.openiec61850.ServerAssociation - Got a GetDataValues request for node: IEDBiogasCHP/MMXU1.PF.neut.range: 0
calling GetDataValues(IEDBiogasCHP/MMXU1.PF.neut.q)
14:23:47.422 [openiec61850-osi-server-7-thread-1] DEBUG com.beanit.openiec61850.ServerAssociation - Got a GetDataValues request for node: IEDBiogasCHP/MMXU1.PF.neut.q: 0x00 0x00
calling GetDataValues(IEDBiogasCHP/MMXU1.PF.neut.t)
14:23:47.422 [openiec61850-osi-server-7-thread-1] DEBUG com.beanit.openiec61850.ServerAssociation - Got a GetDataValues request for node: IEDBiogasCHP/MMXU1.PF.neut.t: Thu Jan 01 01:00:00 CET 1970
calling GetDataValues(IEDBiogasCHP/MMXU1.PF.net)
14:23:47.422 [openiec61850-osi-server-7-thread-1] DEBUG com.beanit.openiec61850.ServerAssociation - Got a GetDataValues request for node: IEDBiogasCHP/MMXU1.PF.net [MX]
IEDBiogasCHP/MMXU1.PF.net.instCVal [MX]
IEDBiogasCHP/MMXU1.PF.net.instCVal.mag [MX]
IEDBiogasCHP/MMXU1.PF.net.instCVal.mag.i: 0
IEDBiogasCHP/MMXU1.PF.net.instCVal.mag.f: 0.0
IEDBiogasCHP/MMXU1.PF.net.instCVal.ang [MX]
IEDBiogasCHP/MMXU1.PF.net.instCVal.ang.i: 0
IEDBiogasCHP/MMXU1.PF.net.instCVal.ang.f: 0.0
IEDBiogasCHP/MMXU1.PF.net.cVal [MX]
IEDBiogasCHP/MMXU1.PF.net.cVal.mag [MX]
IEDBiogasCHP/MMXU1.PF.net.cVal.mag.i: 0
IEDBiogasCHP/MMXU1.PF.net.cVal.mag.f: 0.0
IEDBiogasCHP/MMXU1.PF.net.cVal.ang [MX]
IEDBiogasCHP/MMXU1.PF.net.cVal.ang.i: 0
IEDBiogasCHP/MMXU1.PF.net.cVal.ang.f: 0.0
IEDBiogasCHP/MMXU1.PF.net.range: 0
IEDBiogasCHP/MMXU1.PF.net.q: 0x00 0x00
IEDBiogasCHP/MMXU1.PF.net.t: Thu Jan 01 01:00:00 CET 1970
14:23:47.422 [openiec61850-osi-server-7-thread-1] DEBUG com.beanit.openiec61850.ServerAssociation - sub BDA is:IEDBiogasCHP/MMXU1.PF.net.instCVal.mag.i: 0
14:23:47.422 [openiec61850-osi-server-7-thread-1] DEBUG com.beanit.openiec61850.ServerAssociation - sub BDA is:IEDBiogasCHP/MMXU1.PF.net.instCVal.mag.f: 0.0
14:23:47.422 [openiec61850-osi-server-7-thread-1] DEBUG com.beanit.openiec61850.ServerAssociation - sub BDA is:IEDBiogasCHP/MMXU1.PF.net.instCVal.ang.i: 0
14:23:47.422 [openiec61850-osi-server-7-thread-1] DEBUG com.beanit.openiec61850.ServerAssociation - sub BDA is:IEDBiogasCHP/MMXU1.PF.net.instCVal.ang.f: 0.0
14:23:47.422 [openiec61850-osi-server-7-thread-1] DEBUG com.beanit.openiec61850.ServerAssociation - sub BDA is:IEDBiogasCHP/MMXU1.PF.net.cVal.mag.i: 0
14:23:47.422 [openiec61850-osi-server-7-thread-1] DEBUG com.beanit.openiec61850.ServerAssociation - sub BDA is:IEDBiogasCHP/MMXU1.PF.net.cVal.mag.f: 0.0
14:23:47.422 [openiec61850-osi-server-7-thread-1] DEBUG com.beanit.openiec61850.ServerAssociation - sub BDA is:IEDBiogasCHP/MMXU1.PF.net.cVal.ang.i: 0
14:23:47.422 [openiec61850-osi-server-7-thread-1] DEBUG com.beanit.openiec61850.ServerAssociation - sub BDA is:IEDBiogasCHP/MMXU1.PF.net.cVal.ang.f: 0.0
14:23:47.422 [openiec61850-osi-server-7-thread-1] DEBUG com.beanit.openiec61850.ServerAssociation - sub BDA is:IEDBiogasCHP/MMXU1.PF.net.range: 0
14:23:47.422 [openiec61850-osi-server-7-thread-1] DEBUG com.beanit.openiec61850.ServerAssociation - sub BDA is:IEDBiogasCHP/MMXU1.PF.net.q: 0x00 0x00
14:23:47.422 [openiec61850-osi-server-7-thread-1] DEBUG com.beanit.openiec61850.ServerAssociation - sub BDA is:IEDBiogasCHP/MMXU1.PF.net.t: Thu Jan 01 01:00:00 CET 1970
calling GetDataValues(IEDBiogasCHP/MMXU1.PF.net.instCVal)
14:23:47.422 [openiec61850-osi-server-7-thread-1] DEBUG com.beanit.openiec61850.ServerAssociation - Got a GetDataValues request for node: IEDBiogasCHP/MMXU1.PF.net.instCVal [MX]
IEDBiogasCHP/MMXU1.PF.net.instCVal.mag [MX]
IEDBiogasCHP/MMXU1.PF.net.instCVal.mag.i: 0
IEDBiogasCHP/MMXU1.PF.net.instCVal.mag.f: 0.0
IEDBiogasCHP/MMXU1.PF.net.instCVal.ang [MX]
IEDBiogasCHP/MMXU1.PF.net.instCVal.ang.i: 0
IEDBiogasCHP/MMXU1.PF.net.instCVal.ang.f: 0.0
14:23:47.422 [openiec61850-osi-server-7-thread-1] DEBUG com.beanit.openiec61850.ServerAssociation - sub BDA is:IEDBiogasCHP/MMXU1.PF.net.instCVal.mag.i: 0
14:23:47.422 [openiec61850-osi-server-7-thread-1] DEBUG com.beanit.openiec61850.ServerAssociation - sub BDA is:IEDBiogasCHP/MMXU1.PF.net.instCVal.mag.f: 0.0
14:23:47.422 [openiec61850-osi-server-7-thread-1] DEBUG com.beanit.openiec61850.ServerAssociation - sub BDA is:IEDBiogasCHP/MMXU1.PF.net.instCVal.ang.i: 0
14:23:47.422 [openiec61850-osi-server-7-thread-1] DEBUG com.beanit.openiec61850.ServerAssociation - sub BDA is:IEDBiogasCHP/MMXU1.PF.net.instCVal.ang.f: 0.0
calling GetDataValues(IEDBiogasCHP/MMXU1.PF.net.instCVal.mag)
14:23:47.422 [openiec61850-osi-server-7-thread-1] DEBUG com.beanit.openiec61850.ServerAssociation - Got a GetDataValues request for node: IEDBiogasCHP/MMXU1.PF.net.instCVal.mag [MX]
IEDBiogasCHP/MMXU1.PF.net.instCVal.mag.i: 0
IEDBiogasCHP/MMXU1.PF.net.instCVal.mag.f: 0.0
14:23:47.422 [openiec61850-osi-server-7-thread-1] DEBUG com.beanit.openiec61850.ServerAssociation - sub BDA is:IEDBiogasCHP/MMXU1.PF.net.instCVal.mag.i: 0
14:23:47.422 [openiec61850-osi-server-7-thread-1] DEBUG com.beanit.openiec61850.ServerAssociation - sub BDA is:IEDBiogasCHP/MMXU1.PF.net.instCVal.mag.f: 0.0
calling GetDataValues(IEDBiogasCHP/MMXU1.PF.net.instCVal.mag.i)
14:23:47.422 [openiec61850-osi-server-7-thread-1] DEBUG com.beanit.openiec61850.ServerAssociation - Got a GetDataValues request for node: IEDBiogasCHP/MMXU1.PF.net.instCVal.mag.i: 0
calling GetDataValues(IEDBiogasCHP/MMXU1.PF.net.instCVal.mag.f)
14:23:47.423 [openiec61850-osi-server-7-thread-1] DEBUG com.beanit.openiec61850.ServerAssociation - Got a GetDataValues request for node: IEDBiogasCHP/MMXU1.PF.net.instCVal.mag.f: 0.0
calling GetDataValues(IEDBiogasCHP/MMXU1.PF.net.instCVal.ang)
14:23:47.423 [openiec61850-osi-server-7-thread-1] DEBUG com.beanit.openiec61850.ServerAssociation - Got a GetDataValues request for node: IEDBiogasCHP/MMXU1.PF.net.instCVal.ang [MX]
IEDBiogasCHP/MMXU1.PF.net.instCVal.ang.i: 0
IEDBiogasCHP/MMXU1.PF.net.instCVal.ang.f: 0.0
14:23:47.423 [openiec61850-osi-server-7-thread-1] DEBUG com.beanit.openiec61850.ServerAssociation - sub BDA is:IEDBiogasCHP/MMXU1.PF.net.instCVal.ang.i: 0
14:23:47.423 [openiec61850-osi-server-7-thread-1] DEBUG com.beanit.openiec61850.ServerAssociation - sub BDA is:IEDBiogasCHP/MMXU1.PF.net.instCVal.ang.f: 0.0
calling GetDataValues(IEDBiogasCHP/MMXU1.PF.net.instCVal.ang.i)
14:23:47.423 [openiec61850-osi-server-7-thread-1] DEBUG com.beanit.openiec61850.ServerAssociation - Got a GetDataValues request for node: IEDBiogasCHP/MMXU1.PF.net.instCVal.ang.i: 0
calling GetDataValues(IEDBiogasCHP/MMXU1.PF.net.instCVal.ang.f)
14:23:47.423 [openiec61850-osi-server-7-thread-1] DEBUG com.beanit.openiec61850.ServerAssociation - Got a GetDataValues request for node: IEDBiogasCHP/MMXU1.PF.net.instCVal.ang.f: 0.0
calling GetDataValues(IEDBiogasCHP/MMXU1.PF.net.cVal)
14:23:47.423 [openiec61850-osi-server-7-thread-1] DEBUG com.beanit.openiec61850.ServerAssociation - Got a GetDataValues request for node: IEDBiogasCHP/MMXU1.PF.net.cVal [MX]
IEDBiogasCHP/MMXU1.PF.net.cVal.mag [MX]
IEDBiogasCHP/MMXU1.PF.net.cVal.mag.i: 0
IEDBiogasCHP/MMXU1.PF.net.cVal.mag.f: 0.0
IEDBiogasCHP/MMXU1.PF.net.cVal.ang [MX]
IEDBiogasCHP/MMXU1.PF.net.cVal.ang.i: 0
IEDBiogasCHP/MMXU1.PF.net.cVal.ang.f: 0.0
14:23:47.423 [openiec61850-osi-server-7-thread-1] DEBUG com.beanit.openiec61850.ServerAssociation - sub BDA is:IEDBiogasCHP/MMXU1.PF.net.cVal.mag.i: 0
14:23:47.423 [openiec61850-osi-server-7-thread-1] DEBUG com.beanit.openiec61850.ServerAssociation - sub BDA is:IEDBiogasCHP/MMXU1.PF.net.cVal.mag.f: 0.0
14:23:47.423 [openiec61850-osi-server-7-thread-1] DEBUG com.beanit.openiec61850.ServerAssociation - sub BDA is:IEDBiogasCHP/MMXU1.PF.net.cVal.ang.i: 0
14:23:47.423 [openiec61850-osi-server-7-thread-1] DEBUG com.beanit.openiec61850.ServerAssociation - sub BDA is:IEDBiogasCHP/MMXU1.PF.net.cVal.ang.f: 0.0
calling GetDataValues(IEDBiogasCHP/MMXU1.PF.net.cVal.mag)
14:23:47.423 [openiec61850-osi-server-7-thread-1] DEBUG com.beanit.openiec61850.ServerAssociation - Got a GetDataValues request for node: IEDBiogasCHP/MMXU1.PF.net.cVal.mag [MX]
IEDBiogasCHP/MMXU1.PF.net.cVal.mag.i: 0
IEDBiogasCHP/MMXU1.PF.net.cVal.mag.f: 0.0
14:23:47.423 [openiec61850-osi-server-7-thread-1] DEBUG com.beanit.openiec61850.ServerAssociation - sub BDA is:IEDBiogasCHP/MMXU1.PF.net.cVal.mag.i: 0
14:23:47.423 [openiec61850-osi-server-7-thread-1] DEBUG com.beanit.openiec61850.ServerAssociation - sub BDA is:IEDBiogasCHP/MMXU1.PF.net.cVal.mag.f: 0.0
calling GetDataValues(IEDBiogasCHP/MMXU1.PF.net.cVal.mag.i)
14:23:47.423 [openiec61850-osi-server-7-thread-1] DEBUG com.beanit.openiec61850.ServerAssociation - Got a GetDataValues request for node: IEDBiogasCHP/MMXU1.PF.net.cVal.mag.i: 0
calling GetDataValues(IEDBiogasCHP/MMXU1.PF.net.cVal.mag.f)
14:23:47.424 [openiec61850-osi-server-7-thread-1] DEBUG com.beanit.openiec61850.ServerAssociation - Got a GetDataValues request for node: IEDBiogasCHP/MMXU1.PF.net.cVal.mag.f: 0.0
calling GetDataValues(IEDBiogasCHP/MMXU1.PF.net.cVal.ang)
14:23:47.424 [openiec61850-osi-server-7-thread-1] DEBUG com.beanit.openiec61850.ServerAssociation - Got a GetDataValues request for node: IEDBiogasCHP/MMXU1.PF.net.cVal.ang [MX]
IEDBiogasCHP/MMXU1.PF.net.cVal.ang.i: 0
IEDBiogasCHP/MMXU1.PF.net.cVal.ang.f: 0.0
14:23:47.424 [openiec61850-osi-server-7-thread-1] DEBUG com.beanit.openiec61850.ServerAssociation - sub BDA is:IEDBiogasCHP/MMXU1.PF.net.cVal.ang.i: 0
14:23:47.424 [openiec61850-osi-server-7-thread-1] DEBUG com.beanit.openiec61850.ServerAssociation - sub BDA is:IEDBiogasCHP/MMXU1.PF.net.cVal.ang.f: 0.0
calling GetDataValues(IEDBiogasCHP/MMXU1.PF.net.cVal.ang.i)
14:23:47.424 [openiec61850-osi-server-7-thread-1] DEBUG com.beanit.openiec61850.ServerAssociation - Got a GetDataValues request for node: IEDBiogasCHP/MMXU1.PF.net.cVal.ang.i: 0
calling GetDataValues(IEDBiogasCHP/MMXU1.PF.net.cVal.ang.f)
14:23:47.424 [openiec61850-osi-server-7-thread-1] DEBUG com.beanit.openiec61850.ServerAssociation - Got a GetDataValues request for node: IEDBiogasCHP/MMXU1.PF.net.cVal.ang.f: 0.0
calling GetDataValues(IEDBiogasCHP/MMXU1.PF.net.range)
14:23:47.424 [openiec61850-osi-server-7-thread-1] DEBUG com.beanit.openiec61850.ServerAssociation - Got a GetDataValues request for node: IEDBiogasCHP/MMXU1.PF.net.range: 0
calling GetDataValues(IEDBiogasCHP/MMXU1.PF.net.q)
14:23:47.424 [openiec61850-osi-server-7-thread-1] DEBUG com.beanit.openiec61850.ServerAssociation - Got a GetDataValues request for node: IEDBiogasCHP/MMXU1.PF.net.q: 0x00 0x00
calling GetDataValues(IEDBiogasCHP/MMXU1.PF.net.t)
14:23:47.424 [openiec61850-osi-server-7-thread-1] DEBUG com.beanit.openiec61850.ServerAssociation - Got a GetDataValues request for node: IEDBiogasCHP/MMXU1.PF.net.t: Thu Jan 01 01:00:00 CET 1970
calling GetDataValues(IEDBiogasCHP/MMXU1.PF.res)
14:23:47.425 [openiec61850-osi-server-7-thread-1] DEBUG com.beanit.openiec61850.ServerAssociation - Got a GetDataValues request for node: IEDBiogasCHP/MMXU1.PF.res [MX]
IEDBiogasCHP/MMXU1.PF.res.instCVal [MX]
IEDBiogasCHP/MMXU1.PF.res.instCVal.mag [MX]
IEDBiogasCHP/MMXU1.PF.res.instCVal.mag.i: 0
IEDBiogasCHP/MMXU1.PF.res.instCVal.mag.f: 0.0
IEDBiogasCHP/MMXU1.PF.res.instCVal.ang [MX]
IEDBiogasCHP/MMXU1.PF.res.instCVal.ang.i: 0
IEDBiogasCHP/MMXU1.PF.res.instCVal.ang.f: 0.0
IEDBiogasCHP/MMXU1.PF.res.cVal [MX]
IEDBiogasCHP/MMXU1.PF.res.cVal.mag [MX]
IEDBiogasCHP/MMXU1.PF.res.cVal.mag.i: 0
IEDBiogasCHP/MMXU1.PF.res.cVal.mag.f: 0.0
IEDBiogasCHP/MMXU1.PF.res.cVal.ang [MX]
IEDBiogasCHP/MMXU1.PF.res.cVal.ang.i: 0
IEDBiogasCHP/MMXU1.PF.res.cVal.ang.f: 0.0
IEDBiogasCHP/MMXU1.PF.res.range: 0
IEDBiogasCHP/MMXU1.PF.res.q: 0x00 0x00
IEDBiogasCHP/MMXU1.PF.res.t: Thu Jan 01 01:00:00 CET 1970
14:23:47.425 [openiec61850-osi-server-7-thread-1] DEBUG com.beanit.openiec61850.ServerAssociation - sub BDA is:IEDBiogasCHP/MMXU1.PF.res.instCVal.mag.i: 0
14:23:47.425 [openiec61850-osi-server-7-thread-1] DEBUG com.beanit.openiec61850.ServerAssociation - sub BDA is:IEDBiogasCHP/MMXU1.PF.res.instCVal.mag.f: 0.0
14:23:47.425 [openiec61850-osi-server-7-thread-1] DEBUG com.beanit.openiec61850.ServerAssociation - sub BDA is:IEDBiogasCHP/MMXU1.PF.res.instCVal.ang.i: 0
14:23:47.425 [openiec61850-osi-server-7-thread-1] DEBUG com.beanit.openiec61850.ServerAssociation - sub BDA is:IEDBiogasCHP/MMXU1.PF.res.instCVal.ang.f: 0.0
14:23:47.425 [openiec61850-osi-server-7-thread-1] DEBUG com.beanit.openiec61850.ServerAssociation - sub BDA is:IEDBiogasCHP/MMXU1.PF.res.cVal.mag.i: 0
14:23:47.425 [openiec61850-osi-server-7-thread-1] DEBUG com.beanit.openiec61850.ServerAssociation - sub BDA is:IEDBiogasCHP/MMXU1.PF.res.cVal.mag.f: 0.0
14:23:47.425 [openiec61850-osi-server-7-thread-1] DEBUG com.beanit.openiec61850.ServerAssociation - sub BDA is:IEDBiogasCHP/MMXU1.PF.res.cVal.ang.i: 0
14:23:47.425 [openiec61850-osi-server-7-thread-1] DEBUG com.beanit.openiec61850.ServerAssociation - sub BDA is:IEDBiogasCHP/MMXU1.PF.res.cVal.ang.f: 0.0
14:23:47.425 [openiec61850-osi-server-7-thread-1] DEBUG com.beanit.openiec61850.ServerAssociation - sub BDA is:IEDBiogasCHP/MMXU1.PF.res.range: 0
14:23:47.425 [openiec61850-osi-server-7-thread-1] DEBUG com.beanit.openiec61850.ServerAssociation - sub BDA is:IEDBiogasCHP/MMXU1.PF.res.q: 0x00 0x00
14:23:47.425 [openiec61850-osi-server-7-thread-1] DEBUG com.beanit.openiec61850.ServerAssociation - sub BDA is:IEDBiogasCHP/MMXU1.PF.res.t: Thu Jan 01 01:00:00 CET 1970
calling GetDataValues(IEDBiogasCHP/MMXU1.PF.res.instCVal)
14:23:47.425 [openiec61850-osi-server-7-thread-1] DEBUG com.beanit.openiec61850.ServerAssociation - Got a GetDataValues request for node: IEDBiogasCHP/MMXU1.PF.res.instCVal [MX]
IEDBiogasCHP/MMXU1.PF.res.instCVal.mag [MX]
IEDBiogasCHP/MMXU1.PF.res.instCVal.mag.i: 0
IEDBiogasCHP/MMXU1.PF.res.instCVal.mag.f: 0.0
IEDBiogasCHP/MMXU1.PF.res.instCVal.ang [MX]
IEDBiogasCHP/MMXU1.PF.res.instCVal.ang.i: 0
IEDBiogasCHP/MMXU1.PF.res.instCVal.ang.f: 0.0
14:23:47.425 [openiec61850-osi-server-7-thread-1] DEBUG com.beanit.openiec61850.ServerAssociation - sub BDA is:IEDBiogasCHP/MMXU1.PF.res.instCVal.mag.i: 0
14:23:47.425 [openiec61850-osi-server-7-thread-1] DEBUG com.beanit.openiec61850.ServerAssociation - sub BDA is:IEDBiogasCHP/MMXU1.PF.res.instCVal.mag.f: 0.0
14:23:47.425 [openiec61850-osi-server-7-thread-1] DEBUG com.beanit.openiec61850.ServerAssociation - sub BDA is:IEDBiogasCHP/MMXU1.PF.res.instCVal.ang.i: 0
14:23:47.425 [openiec61850-osi-server-7-thread-1] DEBUG com.beanit.openiec61850.ServerAssociation - sub BDA is:IEDBiogasCHP/MMXU1.PF.res.instCVal.ang.f: 0.0
calling GetDataValues(IEDBiogasCHP/MMXU1.PF.res.instCVal.mag)
14:23:47.425 [openiec61850-osi-server-7-thread-1] DEBUG com.beanit.openiec61850.ServerAssociation - Got a GetDataValues request for node: IEDBiogasCHP/MMXU1.PF.res.instCVal.mag [MX]
IEDBiogasCHP/MMXU1.PF.res.instCVal.mag.i: 0
IEDBiogasCHP/MMXU1.PF.res.instCVal.mag.f: 0.0
14:23:47.425 [openiec61850-osi-server-7-thread-1] DEBUG com.beanit.openiec61850.ServerAssociation - sub BDA is:IEDBiogasCHP/MMXU1.PF.res.instCVal.mag.i: 0
14:23:47.425 [openiec61850-osi-server-7-thread-1] DEBUG com.beanit.openiec61850.ServerAssociation - sub BDA is:IEDBiogasCHP/MMXU1.PF.res.instCVal.mag.f: 0.0
calling GetDataValues(IEDBiogasCHP/MMXU1.PF.res.instCVal.mag.i)
14:23:47.425 [openiec61850-osi-server-7-thread-1] DEBUG com.beanit.openiec61850.ServerAssociation - Got a GetDataValues request for node: IEDBiogasCHP/MMXU1.PF.res.instCVal.mag.i: 0
calling GetDataValues(IEDBiogasCHP/MMXU1.PF.res.instCVal.mag.f)
14:23:47.425 [openiec61850-osi-server-7-thread-1] DEBUG com.beanit.openiec61850.ServerAssociation - Got a GetDataValues request for node: IEDBiogasCHP/MMXU1.PF.res.instCVal.mag.f: 0.0
calling GetDataValues(IEDBiogasCHP/MMXU1.PF.res.instCVal.ang)
14:23:47.425 [openiec61850-osi-server-7-thread-1] DEBUG com.beanit.openiec61850.ServerAssociation - Got a GetDataValues request for node: IEDBiogasCHP/MMXU1.PF.res.instCVal.ang [MX]
IEDBiogasCHP/MMXU1.PF.res.instCVal.ang.i: 0
IEDBiogasCHP/MMXU1.PF.res.instCVal.ang.f: 0.0
14:23:47.425 [openiec61850-osi-server-7-thread-1] DEBUG com.beanit.openiec61850.ServerAssociation - sub BDA is:IEDBiogasCHP/MMXU1.PF.res.instCVal.ang.i: 0
14:23:47.425 [openiec61850-osi-server-7-thread-1] DEBUG com.beanit.openiec61850.ServerAssociation - sub BDA is:IEDBiogasCHP/MMXU1.PF.res.instCVal.ang.f: 0.0
calling GetDataValues(IEDBiogasCHP/MMXU1.PF.res.instCVal.ang.i)
14:23:47.425 [openiec61850-osi-server-7-thread-1] DEBUG com.beanit.openiec61850.ServerAssociation - Got a GetDataValues request for node: IEDBiogasCHP/MMXU1.PF.res.instCVal.ang.i: 0
calling GetDataValues(IEDBiogasCHP/MMXU1.PF.res.instCVal.ang.f)
14:23:47.426 [openiec61850-osi-server-7-thread-1] DEBUG com.beanit.openiec61850.ServerAssociation - Got a GetDataValues request for node: IEDBiogasCHP/MMXU1.PF.res.instCVal.ang.f: 0.0
calling GetDataValues(IEDBiogasCHP/MMXU1.PF.res.cVal)
14:23:47.426 [openiec61850-osi-server-7-thread-1] DEBUG com.beanit.openiec61850.ServerAssociation - Got a GetDataValues request for node: IEDBiogasCHP/MMXU1.PF.res.cVal [MX]
IEDBiogasCHP/MMXU1.PF.res.cVal.mag [MX]
IEDBiogasCHP/MMXU1.PF.res.cVal.mag.i: 0
IEDBiogasCHP/MMXU1.PF.res.cVal.mag.f: 0.0
IEDBiogasCHP/MMXU1.PF.res.cVal.ang [MX]
IEDBiogasCHP/MMXU1.PF.res.cVal.ang.i: 0
IEDBiogasCHP/MMXU1.PF.res.cVal.ang.f: 0.0
14:23:47.426 [openiec61850-osi-server-7-thread-1] DEBUG com.beanit.openiec61850.ServerAssociation - sub BDA is:IEDBiogasCHP/MMXU1.PF.res.cVal.mag.i: 0
14:23:47.426 [openiec61850-osi-server-7-thread-1] DEBUG com.beanit.openiec61850.ServerAssociation - sub BDA is:IEDBiogasCHP/MMXU1.PF.res.cVal.mag.f: 0.0
14:23:47.426 [openiec61850-osi-server-7-thread-1] DEBUG com.beanit.openiec61850.ServerAssociation - sub BDA is:IEDBiogasCHP/MMXU1.PF.res.cVal.ang.i: 0
14:23:47.426 [openiec61850-osi-server-7-thread-1] DEBUG com.beanit.openiec61850.ServerAssociation - sub BDA is:IEDBiogasCHP/MMXU1.PF.res.cVal.ang.f: 0.0
calling GetDataValues(IEDBiogasCHP/MMXU1.PF.res.cVal.mag)
14:23:47.426 [openiec61850-osi-server-7-thread-1] DEBUG com.beanit.openiec61850.ServerAssociation - Got a GetDataValues request for node: IEDBiogasCHP/MMXU1.PF.res.cVal.mag [MX]
IEDBiogasCHP/MMXU1.PF.res.cVal.mag.i: 0
IEDBiogasCHP/MMXU1.PF.res.cVal.mag.f: 0.0
14:23:47.426 [openiec61850-osi-server-7-thread-1] DEBUG com.beanit.openiec61850.ServerAssociation - sub BDA is:IEDBiogasCHP/MMXU1.PF.res.cVal.mag.i: 0
14:23:47.426 [openiec61850-osi-server-7-thread-1] DEBUG com.beanit.openiec61850.ServerAssociation - sub BDA is:IEDBiogasCHP/MMXU1.PF.res.cVal.mag.f: 0.0
calling GetDataValues(IEDBiogasCHP/MMXU1.PF.res.cVal.mag.i)
14:23:47.426 [openiec61850-osi-server-7-thread-1] DEBUG com.beanit.openiec61850.ServerAssociation - Got a GetDataValues request for node: IEDBiogasCHP/MMXU1.PF.res.cVal.mag.i: 0
calling GetDataValues(IEDBiogasCHP/MMXU1.PF.res.cVal.mag.f)
14:23:47.426 [openiec61850-osi-server-7-thread-1] DEBUG com.beanit.openiec61850.ServerAssociation - Got a GetDataValues request for node: IEDBiogasCHP/MMXU1.PF.res.cVal.mag.f: 0.0
calling GetDataValues(IEDBiogasCHP/MMXU1.PF.res.cVal.ang)
14:23:47.426 [openiec61850-osi-server-7-thread-1] DEBUG com.beanit.openiec61850.ServerAssociation - Got a GetDataValues request for node: IEDBiogasCHP/MMXU1.PF.res.cVal.ang [MX]
IEDBiogasCHP/MMXU1.PF.res.cVal.ang.i: 0
IEDBiogasCHP/MMXU1.PF.res.cVal.ang.f: 0.0
14:23:47.426 [openiec61850-osi-server-7-thread-1] DEBUG com.beanit.openiec61850.ServerAssociation - sub BDA is:IEDBiogasCHP/MMXU1.PF.res.cVal.ang.i: 0
14:23:47.426 [openiec61850-osi-server-7-thread-1] DEBUG com.beanit.openiec61850.ServerAssociation - sub BDA is:IEDBiogasCHP/MMXU1.PF.res.cVal.ang.f: 0.0
calling GetDataValues(IEDBiogasCHP/MMXU1.PF.res.cVal.ang.i)
14:23:47.426 [openiec61850-osi-server-7-thread-1] DEBUG com.beanit.openiec61850.ServerAssociation - Got a GetDataValues request for node: IEDBiogasCHP/MMXU1.PF.res.cVal.ang.i: 0
calling GetDataValues(IEDBiogasCHP/MMXU1.PF.res.cVal.ang.f)
14:23:47.427 [openiec61850-osi-server-7-thread-1] DEBUG com.beanit.openiec61850.ServerAssociation - Got a GetDataValues request for node: IEDBiogasCHP/MMXU1.PF.res.cVal.ang.f: 0.0
calling GetDataValues(IEDBiogasCHP/MMXU1.PF.res.range)
14:23:47.427 [openiec61850-osi-server-7-thread-1] DEBUG com.beanit.openiec61850.ServerAssociation - Got a GetDataValues request for node: IEDBiogasCHP/MMXU1.PF.res.range: 0
calling GetDataValues(IEDBiogasCHP/MMXU1.PF.res.q)
14:23:47.427 [openiec61850-osi-server-7-thread-1] DEBUG com.beanit.openiec61850.ServerAssociation - Got a GetDataValues request for node: IEDBiogasCHP/MMXU1.PF.res.q: 0x00 0x00
calling GetDataValues(IEDBiogasCHP/MMXU1.PF.res.t)
14:23:47.427 [openiec61850-osi-server-7-thread-1] DEBUG com.beanit.openiec61850.ServerAssociation - Got a GetDataValues request for node: IEDBiogasCHP/MMXU1.PF.res.t: Thu Jan 01 01:00:00 CET 1970
calling GetDataValues(IEDBiogasCHP/MMXU1.PF)
14:23:47.427 [openiec61850-osi-server-7-thread-1] DEBUG com.beanit.openiec61850.ServerAssociation - Got a GetDataValues request for node: IEDBiogasCHP/MMXU1.PF [SV]
IEDBiogasCHP/MMXU1.PF.phsA [SV]
IEDBiogasCHP/MMXU1.PF.phsA.subEna: false
IEDBiogasCHP/MMXU1.PF.phsA.subCVal [SV]
IEDBiogasCHP/MMXU1.PF.phsA.subCVal.mag [SV]
IEDBiogasCHP/MMXU1.PF.phsA.subCVal.mag.i: 0
IEDBiogasCHP/MMXU1.PF.phsA.subCVal.mag.f: 0.0
IEDBiogasCHP/MMXU1.PF.phsA.subCVal.ang [SV]
IEDBiogasCHP/MMXU1.PF.phsA.subCVal.ang.i: 0
IEDBiogasCHP/MMXU1.PF.phsA.subCVal.ang.f: 0.0
IEDBiogasCHP/MMXU1.PF.phsA.subQ: 0x00 0x00
IEDBiogasCHP/MMXU1.PF.phsA.subID: ''
IEDBiogasCHP/MMXU1.PF.phsB [SV]
IEDBiogasCHP/MMXU1.PF.phsB.subEna: false
IEDBiogasCHP/MMXU1.PF.phsB.subCVal [SV]
IEDBiogasCHP/MMXU1.PF.phsB.subCVal.mag [SV]
IEDBiogasCHP/MMXU1.PF.phsB.subCVal.mag.i: 0
IEDBiogasCHP/MMXU1.PF.phsB.subCVal.mag.f: 0.0
IEDBiogasCHP/MMXU1.PF.phsB.subCVal.ang [SV]
IEDBiogasCHP/MMXU1.PF.phsB.subCVal.ang.i: 0
IEDBiogasCHP/MMXU1.PF.phsB.subCVal.ang.f: 0.0
IEDBiogasCHP/MMXU1.PF.phsB.subQ: 0x00 0x00
IEDBiogasCHP/MMXU1.PF.phsB.subID: ''
IEDBiogasCHP/MMXU1.PF.phsC [SV]
IEDBiogasCHP/MMXU1.PF.phsC.subEna: false
IEDBiogasCHP/MMXU1.PF.phsC.subCVal [SV]
IEDBiogasCHP/MMXU1.PF.phsC.subCVal.mag [SV]
IEDBiogasCHP/MMXU1.PF.phsC.subCVal.mag.i: 0
IEDBiogasCHP/MMXU1.PF.phsC.subCVal.mag.f: 0.0
IEDBiogasCHP/MMXU1.PF.phsC.subCVal.ang [SV]
IEDBiogasCHP/MMXU1.PF.phsC.subCVal.ang.i: 0
IEDBiogasCHP/MMXU1.PF.phsC.subCVal.ang.f: 0.0
IEDBiogasCHP/MMXU1.PF.phsC.subQ: 0x00 0x00
IEDBiogasCHP/MMXU1.PF.phsC.subID: ''
IEDBiogasCHP/MMXU1.PF.neut [SV]
IEDBiogasCHP/MMXU1.PF.neut.subEna: false
IEDBiogasCHP/MMXU1.PF.neut.subCVal [SV]
IEDBiogasCHP/MMXU1.PF.neut.subCVal.mag [SV]
IEDBiogasCHP/MMXU1.PF.neut.subCVal.mag.i: 0
IEDBiogasCHP/MMXU1.PF.neut.subCVal.mag.f: 0.0
IEDBiogasCHP/MMXU1.PF.neut.subCVal.ang [SV]
IEDBiogasCHP/MMXU1.PF.neut.subCVal.ang.i: 0
IEDBiogasCHP/MMXU1.PF.neut.subCVal.ang.f: 0.0
IEDBiogasCHP/MMXU1.PF.neut.subQ: 0x00 0x00
IEDBiogasCHP/MMXU1.PF.neut.subID: ''
IEDBiogasCHP/MMXU1.PF.net [SV]
IEDBiogasCHP/MMXU1.PF.net.subEna: false
IEDBiogasCHP/MMXU1.PF.net.subCVal [SV]
IEDBiogasCHP/MMXU1.PF.net.subCVal.mag [SV]
IEDBiogasCHP/MMXU1.PF.net.subCVal.mag.i: 0
IEDBiogasCHP/MMXU1.PF.net.subCVal.mag.f: 0.0
IEDBiogasCHP/MMXU1.PF.net.subCVal.ang [SV]
IEDBiogasCHP/MMXU1.PF.net.subCVal.ang.i: 0
IEDBiogasCHP/MMXU1.PF.net.subCVal.ang.f: 0.0
IEDBiogasCHP/MMXU1.PF.net.subQ: 0x00 0x00
IEDBiogasCHP/MMXU1.PF.net.subID: ''
IEDBiogasCHP/MMXU1.PF.res [SV]
IEDBiogasCHP/MMXU1.PF.res.subEna: false
IEDBiogasCHP/MMXU1.PF.res.subCVal [SV]
IEDBiogasCHP/MMXU1.PF.res.subCVal.mag [SV]
IEDBiogasCHP/MMXU1.PF.res.subCVal.mag.i: 0
IEDBiogasCHP/MMXU1.PF.res.subCVal.mag.f: 0.0
IEDBiogasCHP/MMXU1.PF.res.subCVal.ang [SV]
IEDBiogasCHP/MMXU1.PF.res.subCVal.ang.i: 0
IEDBiogasCHP/MMXU1.PF.res.subCVal.ang.f: 0.0
IEDBiogasCHP/MMXU1.PF.res.subQ: 0x00 0x00
IEDBiogasCHP/MMXU1.PF.res.subID: ''
14:23:47.427 [openiec61850-osi-server-7-thread-1] DEBUG com.beanit.openiec61850.ServerAssociation - sub BDA is:IEDBiogasCHP/MMXU1.PF.phsA.subEna: false
14:23:47.427 [openiec61850-osi-server-7-thread-1] DEBUG com.beanit.openiec61850.ServerAssociation - sub BDA is:IEDBiogasCHP/MMXU1.PF.phsA.subCVal.mag.i: 0
14:23:47.427 [openiec61850-osi-server-7-thread-1] DEBUG com.beanit.openiec61850.ServerAssociation - sub BDA is:IEDBiogasCHP/MMXU1.PF.phsA.subCVal.mag.f: 0.0
14:23:47.427 [openiec61850-osi-server-7-thread-1] DEBUG com.beanit.openiec61850.ServerAssociation - sub BDA is:IEDBiogasCHP/MMXU1.PF.phsA.subCVal.ang.i: 0
14:23:47.427 [openiec61850-osi-server-7-thread-1] DEBUG com.beanit.openiec61850.ServerAssociation - sub BDA is:IEDBiogasCHP/MMXU1.PF.phsA.subCVal.ang.f: 0.0
14:23:47.427 [openiec61850-osi-server-7-thread-1] DEBUG com.beanit.openiec61850.ServerAssociation - sub BDA is:IEDBiogasCHP/MMXU1.PF.phsA.subQ: 0x00 0x00
14:23:47.427 [openiec61850-osi-server-7-thread-1] DEBUG com.beanit.openiec61850.ServerAssociation - sub BDA is:IEDBiogasCHP/MMXU1.PF.phsA.subID: ''
14:23:47.427 [openiec61850-osi-server-7-thread-1] DEBUG com.beanit.openiec61850.ServerAssociation - sub BDA is:IEDBiogasCHP/MMXU1.PF.phsB.subEna: false
14:23:47.427 [openiec61850-osi-server-7-thread-1] DEBUG com.beanit.openiec61850.ServerAssociation - sub BDA is:IEDBiogasCHP/MMXU1.PF.phsB.subCVal.mag.i: 0
14:23:47.427 [openiec61850-osi-server-7-thread-1] DEBUG com.beanit.openiec61850.ServerAssociation - sub BDA is:IEDBiogasCHP/MMXU1.PF.phsB.subCVal.mag.f: 0.0
14:23:47.427 [openiec61850-osi-server-7-thread-1] DEBUG com.beanit.openiec61850.ServerAssociation - sub BDA is:IEDBiogasCHP/MMXU1.PF.phsB.subCVal.ang.i: 0
14:23:47.427 [openiec61850-osi-server-7-thread-1] DEBUG com.beanit.openiec61850.ServerAssociation - sub BDA is:IEDBiogasCHP/MMXU1.PF.phsB.subCVal.ang.f: 0.0
14:23:47.427 [openiec61850-osi-server-7-thread-1] DEBUG com.beanit.openiec61850.ServerAssociation - sub BDA is:IEDBiogasCHP/MMXU1.PF.phsB.subQ: 0x00 0x00
14:23:47.427 [openiec61850-osi-server-7-thread-1] DEBUG com.beanit.openiec61850.ServerAssociation - sub BDA is:IEDBiogasCHP/MMXU1.PF.phsB.subID: ''
14:23:47.427 [openiec61850-osi-server-7-thread-1] DEBUG com.beanit.openiec61850.ServerAssociation - sub BDA is:IEDBiogasCHP/MMXU1.PF.phsC.subEna: false
14:23:47.427 [openiec61850-osi-server-7-thread-1] DEBUG com.beanit.openiec61850.ServerAssociation - sub BDA is:IEDBiogasCHP/MMXU1.PF.phsC.subCVal.mag.i: 0
14:23:47.427 [openiec61850-osi-server-7-thread-1] DEBUG com.beanit.openiec61850.ServerAssociation - sub BDA is:IEDBiogasCHP/MMXU1.PF.phsC.subCVal.mag.f: 0.0
14:23:47.427 [openiec61850-osi-server-7-thread-1] DEBUG com.beanit.openiec61850.ServerAssociation - sub BDA is:IEDBiogasCHP/MMXU1.PF.phsC.subCVal.ang.i: 0
14:23:47.427 [openiec61850-osi-server-7-thread-1] DEBUG com.beanit.openiec61850.ServerAssociation - sub BDA is:IEDBiogasCHP/MMXU1.PF.phsC.subCVal.ang.f: 0.0
14:23:47.427 [openiec61850-osi-server-7-thread-1] DEBUG com.beanit.openiec61850.ServerAssociation - sub BDA is:IEDBiogasCHP/MMXU1.PF.phsC.subQ: 0x00 0x00
14:23:47.427 [openiec61850-osi-server-7-thread-1] DEBUG com.beanit.openiec61850.ServerAssociation - sub BDA is:IEDBiogasCHP/MMXU1.PF.phsC.subID: ''
14:23:47.427 [openiec61850-osi-server-7-thread-1] DEBUG com.beanit.openiec61850.ServerAssociation - sub BDA is:IEDBiogasCHP/MMXU1.PF.neut.subEna: false
14:23:47.427 [openiec61850-osi-server-7-thread-1] DEBUG com.beanit.openiec61850.ServerAssociation - sub BDA is:IEDBiogasCHP/MMXU1.PF.neut.subCVal.mag.i: 0
14:23:47.427 [openiec61850-osi-server-7-thread-1] DEBUG com.beanit.openiec61850.ServerAssociation - sub BDA is:IEDBiogasCHP/MMXU1.PF.neut.subCVal.mag.f: 0.0
14:23:47.427 [openiec61850-osi-server-7-thread-1] DEBUG com.beanit.openiec61850.ServerAssociation - sub BDA is:IEDBiogasCHP/MMXU1.PF.neut.subCVal.ang.i: 0
14:23:47.427 [openiec61850-osi-server-7-thread-1] DEBUG com.beanit.openiec61850.ServerAssociation - sub BDA is:IEDBiogasCHP/MMXU1.PF.neut.subCVal.ang.f: 0.0
14:23:47.427 [openiec61850-osi-server-7-thread-1] DEBUG com.beanit.openiec61850.ServerAssociation - sub BDA is:IEDBiogasCHP/MMXU1.PF.neut.subQ: 0x00 0x00
14:23:47.427 [openiec61850-osi-server-7-thread-1] DEBUG com.beanit.openiec61850.ServerAssociation - sub BDA is:IEDBiogasCHP/MMXU1.PF.neut.subID: ''
14:23:47.427 [openiec61850-osi-server-7-thread-1] DEBUG com.beanit.openiec61850.ServerAssociation - sub BDA is:IEDBiogasCHP/MMXU1.PF.net.subEna: false
14:23:47.427 [openiec61850-osi-server-7-thread-1] DEBUG com.beanit.openiec61850.ServerAssociation - sub BDA is:IEDBiogasCHP/MMXU1.PF.net.subCVal.mag.i: 0
14:23:47.427 [openiec61850-osi-server-7-thread-1] DEBUG com.beanit.openiec61850.ServerAssociation - sub BDA is:IEDBiogasCHP/MMXU1.PF.net.subCVal.mag.f: 0.0
14:23:47.427 [openiec61850-osi-server-7-thread-1] DEBUG com.beanit.openiec61850.ServerAssociation - sub BDA is:IEDBiogasCHP/MMXU1.PF.net.subCVal.ang.i: 0
14:23:47.427 [openiec61850-osi-server-7-thread-1] DEBUG com.beanit.openiec61850.ServerAssociation - sub BDA is:IEDBiogasCHP/MMXU1.PF.net.subCVal.ang.f: 0.0
14:23:47.427 [openiec61850-osi-server-7-thread-1] DEBUG com.beanit.openiec61850.ServerAssociation - sub BDA is:IEDBiogasCHP/MMXU1.PF.net.subQ: 0x00 0x00
14:23:47.427 [openiec61850-osi-server-7-thread-1] DEBUG com.beanit.openiec61850.ServerAssociation - sub BDA is:IEDBiogasCHP/MMXU1.PF.net.subID: ''
14:23:47.427 [openiec61850-osi-server-7-thread-1] DEBUG com.beanit.openiec61850.ServerAssociation - sub BDA is:IEDBiogasCHP/MMXU1.PF.res.subEna: false
14:23:47.427 [openiec61850-osi-server-7-thread-1] DEBUG com.beanit.openiec61850.ServerAssociation - sub BDA is:IEDBiogasCHP/MMXU1.PF.res.subCVal.mag.i: 0
14:23:47.427 [openiec61850-osi-server-7-thread-1] DEBUG com.beanit.openiec61850.ServerAssociation - sub BDA is:IEDBiogasCHP/MMXU1.PF.res.subCVal.mag.f: 0.0
14:23:47.427 [openiec61850-osi-server-7-thread-1] DEBUG com.beanit.openiec61850.ServerAssociation - sub BDA is:IEDBiogasCHP/MMXU1.PF.res.subCVal.ang.i: 0
14:23:47.427 [openiec61850-osi-server-7-thread-1] DEBUG com.beanit.openiec61850.ServerAssociation - sub BDA is:IEDBiogasCHP/MMXU1.PF.res.subCVal.ang.f: 0.0
14:23:47.427 [openiec61850-osi-server-7-thread-1] DEBUG com.beanit.openiec61850.ServerAssociation - sub BDA is:IEDBiogasCHP/MMXU1.PF.res.subQ: 0x00 0x00
14:23:47.427 [openiec61850-osi-server-7-thread-1] DEBUG com.beanit.openiec61850.ServerAssociation - sub BDA is:IEDBiogasCHP/MMXU1.PF.res.subID: ''
calling GetDataValues(IEDBiogasCHP/MMXU1.PF.phsA)
14:23:47.428 [openiec61850-osi-server-7-thread-1] DEBUG com.beanit.openiec61850.ServerAssociation - Got a GetDataValues request for node: IEDBiogasCHP/MMXU1.PF.phsA [SV]
IEDBiogasCHP/MMXU1.PF.phsA.subEna: false
IEDBiogasCHP/MMXU1.PF.phsA.subCVal [SV]
IEDBiogasCHP/MMXU1.PF.phsA.subCVal.mag [SV]
IEDBiogasCHP/MMXU1.PF.phsA.subCVal.mag.i: 0
IEDBiogasCHP/MMXU1.PF.phsA.subCVal.mag.f: 0.0
IEDBiogasCHP/MMXU1.PF.phsA.subCVal.ang [SV]
IEDBiogasCHP/MMXU1.PF.phsA.subCVal.ang.i: 0
IEDBiogasCHP/MMXU1.PF.phsA.subCVal.ang.f: 0.0
IEDBiogasCHP/MMXU1.PF.phsA.subQ: 0x00 0x00
IEDBiogasCHP/MMXU1.PF.phsA.subID: ''
14:23:47.428 [openiec61850-osi-server-7-thread-1] DEBUG com.beanit.openiec61850.ServerAssociation - sub BDA is:IEDBiogasCHP/MMXU1.PF.phsA.subEna: false
14:23:47.428 [openiec61850-osi-server-7-thread-1] DEBUG com.beanit.openiec61850.ServerAssociation - sub BDA is:IEDBiogasCHP/MMXU1.PF.phsA.subCVal.mag.i: 0
14:23:47.428 [openiec61850-osi-server-7-thread-1] DEBUG com.beanit.openiec61850.ServerAssociation - sub BDA is:IEDBiogasCHP/MMXU1.PF.phsA.subCVal.mag.f: 0.0
14:23:47.428 [openiec61850-osi-server-7-thread-1] DEBUG com.beanit.openiec61850.ServerAssociation - sub BDA is:IEDBiogasCHP/MMXU1.PF.phsA.subCVal.ang.i: 0
14:23:47.428 [openiec61850-osi-server-7-thread-1] DEBUG com.beanit.openiec61850.ServerAssociation - sub BDA is:IEDBiogasCHP/MMXU1.PF.phsA.subCVal.ang.f: 0.0
14:23:47.428 [openiec61850-osi-server-7-thread-1] DEBUG com.beanit.openiec61850.ServerAssociation - sub BDA is:IEDBiogasCHP/MMXU1.PF.phsA.subQ: 0x00 0x00
14:23:47.428 [openiec61850-osi-server-7-thread-1] DEBUG com.beanit.openiec61850.ServerAssociation - sub BDA is:IEDBiogasCHP/MMXU1.PF.phsA.subID: ''
calling GetDataValues(IEDBiogasCHP/MMXU1.PF.phsA.subEna)
14:23:47.428 [openiec61850-osi-server-7-thread-1] DEBUG com.beanit.openiec61850.ServerAssociation - Got a GetDataValues request for node: IEDBiogasCHP/MMXU1.PF.phsA.subEna: false
calling GetDataValues(IEDBiogasCHP/MMXU1.PF.phsA.subCVal)
14:23:47.428 [openiec61850-osi-server-7-thread-1] DEBUG com.beanit.openiec61850.ServerAssociation - Got a GetDataValues request for node: IEDBiogasCHP/MMXU1.PF.phsA.subCVal [SV]
IEDBiogasCHP/MMXU1.PF.phsA.subCVal.mag [SV]
IEDBiogasCHP/MMXU1.PF.phsA.subCVal.mag.i: 0
IEDBiogasCHP/MMXU1.PF.phsA.subCVal.mag.f: 0.0
IEDBiogasCHP/MMXU1.PF.phsA.subCVal.ang [SV]
IEDBiogasCHP/MMXU1.PF.phsA.subCVal.ang.i: 0
IEDBiogasCHP/MMXU1.PF.phsA.subCVal.ang.f: 0.0
14:23:47.428 [openiec61850-osi-server-7-thread-1] DEBUG com.beanit.openiec61850.ServerAssociation - sub BDA is:IEDBiogasCHP/MMXU1.PF.phsA.subCVal.mag.i: 0
14:23:47.428 [openiec61850-osi-server-7-thread-1] DEBUG com.beanit.openiec61850.ServerAssociation - sub BDA is:IEDBiogasCHP/MMXU1.PF.phsA.subCVal.mag.f: 0.0
14:23:47.428 [openiec61850-osi-server-7-thread-1] DEBUG com.beanit.openiec61850.ServerAssociation - sub BDA is:IEDBiogasCHP/MMXU1.PF.phsA.subCVal.ang.i: 0
14:23:47.428 [openiec61850-osi-server-7-thread-1] DEBUG com.beanit.openiec61850.ServerAssociation - sub BDA is:IEDBiogasCHP/MMXU1.PF.phsA.subCVal.ang.f: 0.0
calling GetDataValues(IEDBiogasCHP/MMXU1.PF.phsA.subCVal.mag)
14:23:47.428 [openiec61850-osi-server-7-thread-1] DEBUG com.beanit.openiec61850.ServerAssociation - Got a GetDataValues request for node: IEDBiogasCHP/MMXU1.PF.phsA.subCVal.mag [SV]
IEDBiogasCHP/MMXU1.PF.phsA.subCVal.mag.i: 0
IEDBiogasCHP/MMXU1.PF.phsA.subCVal.mag.f: 0.0
14:23:47.428 [openiec61850-osi-server-7-thread-1] DEBUG com.beanit.openiec61850.ServerAssociation - sub BDA is:IEDBiogasCHP/MMXU1.PF.phsA.subCVal.mag.i: 0
14:23:47.428 [openiec61850-osi-server-7-thread-1] DEBUG com.beanit.openiec61850.ServerAssociation - sub BDA is:IEDBiogasCHP/MMXU1.PF.phsA.subCVal.mag.f: 0.0
calling GetDataValues(IEDBiogasCHP/MMXU1.PF.phsA.subCVal.mag.i)
14:23:47.428 [openiec61850-osi-server-7-thread-1] DEBUG com.beanit.openiec61850.ServerAssociation - Got a GetDataValues request for node: IEDBiogasCHP/MMXU1.PF.phsA.subCVal.mag.i: 0
calling GetDataValues(IEDBiogasCHP/MMXU1.PF.phsA.subCVal.mag.f)
14:23:47.428 [openiec61850-osi-server-7-thread-1] DEBUG com.beanit.openiec61850.ServerAssociation - Got a GetDataValues request for node: IEDBiogasCHP/MMXU1.PF.phsA.subCVal.mag.f: 0.0
calling GetDataValues(IEDBiogasCHP/MMXU1.PF.phsA.subCVal.ang)
14:23:47.428 [openiec61850-osi-server-7-thread-1] DEBUG com.beanit.openiec61850.ServerAssociation - Got a GetDataValues request for node: IEDBiogasCHP/MMXU1.PF.phsA.subCVal.ang [SV]
IEDBiogasCHP/MMXU1.PF.phsA.subCVal.ang.i: 0
IEDBiogasCHP/MMXU1.PF.phsA.subCVal.ang.f: 0.0
14:23:47.428 [openiec61850-osi-server-7-thread-1] DEBUG com.beanit.openiec61850.ServerAssociation - sub BDA is:IEDBiogasCHP/MMXU1.PF.phsA.subCVal.ang.i: 0
14:23:47.428 [openiec61850-osi-server-7-thread-1] DEBUG com.beanit.openiec61850.ServerAssociation - sub BDA is:IEDBiogasCHP/MMXU1.PF.phsA.subCVal.ang.f: 0.0
calling GetDataValues(IEDBiogasCHP/MMXU1.PF.phsA.subCVal.ang.i)
14:23:47.429 [openiec61850-osi-server-7-thread-1] DEBUG com.beanit.openiec61850.ServerAssociation - Got a GetDataValues request for node: IEDBiogasCHP/MMXU1.PF.phsA.subCVal.ang.i: 0
calling GetDataValues(IEDBiogasCHP/MMXU1.PF.phsA.subCVal.ang.f)
14:23:47.429 [openiec61850-osi-server-7-thread-1] DEBUG com.beanit.openiec61850.ServerAssociation - Got a GetDataValues request for node: IEDBiogasCHP/MMXU1.PF.phsA.subCVal.ang.f: 0.0
calling GetDataValues(IEDBiogasCHP/MMXU1.PF.phsA.subQ)
14:23:47.429 [openiec61850-osi-server-7-thread-1] DEBUG com.beanit.openiec61850.ServerAssociation - Got a GetDataValues request for node: IEDBiogasCHP/MMXU1.PF.phsA.subQ: 0x00 0x00
calling GetDataValues(IEDBiogasCHP/MMXU1.PF.phsA.subID)
14:23:47.429 [openiec61850-osi-server-7-thread-1] DEBUG com.beanit.openiec61850.ServerAssociation - Got a GetDataValues request for node: IEDBiogasCHP/MMXU1.PF.phsA.subID: ''
calling GetDataValues(IEDBiogasCHP/MMXU1.PF.phsB)
14:23:47.429 [openiec61850-osi-server-7-thread-1] DEBUG com.beanit.openiec61850.ServerAssociation - Got a GetDataValues request for node: IEDBiogasCHP/MMXU1.PF.phsB [SV]
IEDBiogasCHP/MMXU1.PF.phsB.subEna: false
IEDBiogasCHP/MMXU1.PF.phsB.subCVal [SV]
IEDBiogasCHP/MMXU1.PF.phsB.subCVal.mag [SV]
IEDBiogasCHP/MMXU1.PF.phsB.subCVal.mag.i: 0
IEDBiogasCHP/MMXU1.PF.phsB.subCVal.mag.f: 0.0
IEDBiogasCHP/MMXU1.PF.phsB.subCVal.ang [SV]
IEDBiogasCHP/MMXU1.PF.phsB.subCVal.ang.i: 0
IEDBiogasCHP/MMXU1.PF.phsB.subCVal.ang.f: 0.0
IEDBiogasCHP/MMXU1.PF.phsB.subQ: 0x00 0x00
IEDBiogasCHP/MMXU1.PF.phsB.subID: ''
14:23:47.429 [openiec61850-osi-server-7-thread-1] DEBUG com.beanit.openiec61850.ServerAssociation - sub BDA is:IEDBiogasCHP/MMXU1.PF.phsB.subEna: false
14:23:47.429 [openiec61850-osi-server-7-thread-1] DEBUG com.beanit.openiec61850.ServerAssociation - sub BDA is:IEDBiogasCHP/MMXU1.PF.phsB.subCVal.mag.i: 0
14:23:47.429 [openiec61850-osi-server-7-thread-1] DEBUG com.beanit.openiec61850.ServerAssociation - sub BDA is:IEDBiogasCHP/MMXU1.PF.phsB.subCVal.mag.f: 0.0
14:23:47.429 [openiec61850-osi-server-7-thread-1] DEBUG com.beanit.openiec61850.ServerAssociation - sub BDA is:IEDBiogasCHP/MMXU1.PF.phsB.subCVal.ang.i: 0
14:23:47.429 [openiec61850-osi-server-7-thread-1] DEBUG com.beanit.openiec61850.ServerAssociation - sub BDA is:IEDBiogasCHP/MMXU1.PF.phsB.subCVal.ang.f: 0.0
14:23:47.429 [openiec61850-osi-server-7-thread-1] DEBUG com.beanit.openiec61850.ServerAssociation - sub BDA is:IEDBiogasCHP/MMXU1.PF.phsB.subQ: 0x00 0x00
14:23:47.429 [openiec61850-osi-server-7-thread-1] DEBUG com.beanit.openiec61850.ServerAssociation - sub BDA is:IEDBiogasCHP/MMXU1.PF.phsB.subID: ''
calling GetDataValues(IEDBiogasCHP/MMXU1.PF.phsB.subEna)
14:23:47.429 [openiec61850-osi-server-7-thread-1] DEBUG com.beanit.openiec61850.ServerAssociation - Got a GetDataValues request for node: IEDBiogasCHP/MMXU1.PF.phsB.subEna: false
calling GetDataValues(IEDBiogasCHP/MMXU1.PF.phsB.subCVal)
14:23:47.429 [openiec61850-osi-server-7-thread-1] DEBUG com.beanit.openiec61850.ServerAssociation - Got a GetDataValues request for node: IEDBiogasCHP/MMXU1.PF.phsB.subCVal [SV]
IEDBiogasCHP/MMXU1.PF.phsB.subCVal.mag [SV]
IEDBiogasCHP/MMXU1.PF.phsB.subCVal.mag.i: 0
IEDBiogasCHP/MMXU1.PF.phsB.subCVal.mag.f: 0.0
IEDBiogasCHP/MMXU1.PF.phsB.subCVal.ang [SV]
IEDBiogasCHP/MMXU1.PF.phsB.subCVal.ang.i: 0
IEDBiogasCHP/MMXU1.PF.phsB.subCVal.ang.f: 0.0
14:23:47.429 [openiec61850-osi-server-7-thread-1] DEBUG com.beanit.openiec61850.ServerAssociation - sub BDA is:IEDBiogasCHP/MMXU1.PF.phsB.subCVal.mag.i: 0
14:23:47.429 [openiec61850-osi-server-7-thread-1] DEBUG com.beanit.openiec61850.ServerAssociation - sub BDA is:IEDBiogasCHP/MMXU1.PF.phsB.subCVal.mag.f: 0.0
14:23:47.429 [openiec61850-osi-server-7-thread-1] DEBUG com.beanit.openiec61850.ServerAssociation - sub BDA is:IEDBiogasCHP/MMXU1.PF.phsB.subCVal.ang.i: 0
14:23:47.429 [openiec61850-osi-server-7-thread-1] DEBUG com.beanit.openiec61850.ServerAssociation - sub BDA is:IEDBiogasCHP/MMXU1.PF.phsB.subCVal.ang.f: 0.0
calling GetDataValues(IEDBiogasCHP/MMXU1.PF.phsB.subCVal.mag)
14:23:47.429 [openiec61850-osi-server-7-thread-1] DEBUG com.beanit.openiec61850.ServerAssociation - Got a GetDataValues request for node: IEDBiogasCHP/MMXU1.PF.phsB.subCVal.mag [SV]
IEDBiogasCHP/MMXU1.PF.phsB.subCVal.mag.i: 0
IEDBiogasCHP/MMXU1.PF.phsB.subCVal.mag.f: 0.0
14:23:47.429 [openiec61850-osi-server-7-thread-1] DEBUG com.beanit.openiec61850.ServerAssociation - sub BDA is:IEDBiogasCHP/MMXU1.PF.phsB.subCVal.mag.i: 0
14:23:47.429 [openiec61850-osi-server-7-thread-1] DEBUG com.beanit.openiec61850.ServerAssociation - sub BDA is:IEDBiogasCHP/MMXU1.PF.phsB.subCVal.mag.f: 0.0
calling GetDataValues(IEDBiogasCHP/MMXU1.PF.phsB.subCVal.mag.i)
14:23:47.430 [openiec61850-osi-server-7-thread-1] DEBUG com.beanit.openiec61850.ServerAssociation - Got a GetDataValues request for node: IEDBiogasCHP/MMXU1.PF.phsB.subCVal.mag.i: 0
calling GetDataValues(IEDBiogasCHP/MMXU1.PF.phsB.subCVal.mag.f)
14:23:47.430 [openiec61850-osi-server-7-thread-1] DEBUG com.beanit.openiec61850.ServerAssociation - Got a GetDataValues request for node: IEDBiogasCHP/MMXU1.PF.phsB.subCVal.mag.f: 0.0
calling GetDataValues(IEDBiogasCHP/MMXU1.PF.phsB.subCVal.ang)
14:23:47.430 [openiec61850-osi-server-7-thread-1] DEBUG com.beanit.openiec61850.ServerAssociation - Got a GetDataValues request for node: IEDBiogasCHP/MMXU1.PF.phsB.subCVal.ang [SV]
IEDBiogasCHP/MMXU1.PF.phsB.subCVal.ang.i: 0
IEDBiogasCHP/MMXU1.PF.phsB.subCVal.ang.f: 0.0
14:23:47.430 [openiec61850-osi-server-7-thread-1] DEBUG com.beanit.openiec61850.ServerAssociation - sub BDA is:IEDBiogasCHP/MMXU1.PF.phsB.subCVal.ang.i: 0
14:23:47.430 [openiec61850-osi-server-7-thread-1] DEBUG com.beanit.openiec61850.ServerAssociation - sub BDA is:IEDBiogasCHP/MMXU1.PF.phsB.subCVal.ang.f: 0.0
calling GetDataValues(IEDBiogasCHP/MMXU1.PF.phsB.subCVal.ang.i)
14:23:47.430 [openiec61850-osi-server-7-thread-1] DEBUG com.beanit.openiec61850.ServerAssociation - Got a GetDataValues request for node: IEDBiogasCHP/MMXU1.PF.phsB.subCVal.ang.i: 0
calling GetDataValues(IEDBiogasCHP/MMXU1.PF.phsB.subCVal.ang.f)
14:23:47.430 [openiec61850-osi-server-7-thread-1] DEBUG com.beanit.openiec61850.ServerAssociation - Got a GetDataValues request for node: IEDBiogasCHP/MMXU1.PF.phsB.subCVal.ang.f: 0.0
calling GetDataValues(IEDBiogasCHP/MMXU1.PF.phsB.subQ)
14:23:47.430 [openiec61850-osi-server-7-thread-1] DEBUG com.beanit.openiec61850.ServerAssociation - Got a GetDataValues request for node: IEDBiogasCHP/MMXU1.PF.phsB.subQ: 0x00 0x00
calling GetDataValues(IEDBiogasCHP/MMXU1.PF.phsB.subID)
14:23:47.431 [openiec61850-osi-server-7-thread-1] DEBUG com.beanit.openiec61850.ServerAssociation - Got a GetDataValues request for node: IEDBiogasCHP/MMXU1.PF.phsB.subID: ''
calling GetDataValues(IEDBiogasCHP/MMXU1.PF.phsC)
14:23:47.431 [openiec61850-osi-server-7-thread-1] DEBUG com.beanit.openiec61850.ServerAssociation - Got a GetDataValues request for node: IEDBiogasCHP/MMXU1.PF.phsC [SV]
IEDBiogasCHP/MMXU1.PF.phsC.subEna: false
IEDBiogasCHP/MMXU1.PF.phsC.subCVal [SV]
IEDBiogasCHP/MMXU1.PF.phsC.subCVal.mag [SV]
IEDBiogasCHP/MMXU1.PF.phsC.subCVal.mag.i: 0
IEDBiogasCHP/MMXU1.PF.phsC.subCVal.mag.f: 0.0
IEDBiogasCHP/MMXU1.PF.phsC.subCVal.ang [SV]
IEDBiogasCHP/MMXU1.PF.phsC.subCVal.ang.i: 0
IEDBiogasCHP/MMXU1.PF.phsC.subCVal.ang.f: 0.0
IEDBiogasCHP/MMXU1.PF.phsC.subQ: 0x00 0x00
IEDBiogasCHP/MMXU1.PF.phsC.subID: ''
14:23:47.431 [openiec61850-osi-server-7-thread-1] DEBUG com.beanit.openiec61850.ServerAssociation - sub BDA is:IEDBiogasCHP/MMXU1.PF.phsC.subEna: false
14:23:47.431 [openiec61850-osi-server-7-thread-1] DEBUG com.beanit.openiec61850.ServerAssociation - sub BDA is:IEDBiogasCHP/MMXU1.PF.phsC.subCVal.mag.i: 0
14:23:47.431 [openiec61850-osi-server-7-thread-1] DEBUG com.beanit.openiec61850.ServerAssociation - sub BDA is:IEDBiogasCHP/MMXU1.PF.phsC.subCVal.mag.f: 0.0
14:23:47.431 [openiec61850-osi-server-7-thread-1] DEBUG com.beanit.openiec61850.ServerAssociation - sub BDA is:IEDBiogasCHP/MMXU1.PF.phsC.subCVal.ang.i: 0
14:23:47.431 [openiec61850-osi-server-7-thread-1] DEBUG com.beanit.openiec61850.ServerAssociation - sub BDA is:IEDBiogasCHP/MMXU1.PF.phsC.subCVal.ang.f: 0.0
14:23:47.431 [openiec61850-osi-server-7-thread-1] DEBUG com.beanit.openiec61850.ServerAssociation - sub BDA is:IEDBiogasCHP/MMXU1.PF.phsC.subQ: 0x00 0x00
14:23:47.431 [openiec61850-osi-server-7-thread-1] DEBUG com.beanit.openiec61850.ServerAssociation - sub BDA is:IEDBiogasCHP/MMXU1.PF.phsC.subID: ''
calling GetDataValues(IEDBiogasCHP/MMXU1.PF.phsC.subEna)
14:23:47.431 [openiec61850-osi-server-7-thread-1] DEBUG com.beanit.openiec61850.ServerAssociation - Got a GetDataValues request for node: IEDBiogasCHP/MMXU1.PF.phsC.subEna: false
calling GetDataValues(IEDBiogasCHP/MMXU1.PF.phsC.subCVal)
14:23:47.431 [openiec61850-osi-server-7-thread-1] DEBUG com.beanit.openiec61850.ServerAssociation - Got a GetDataValues request for node: IEDBiogasCHP/MMXU1.PF.phsC.subCVal [SV]
IEDBiogasCHP/MMXU1.PF.phsC.subCVal.mag [SV]
IEDBiogasCHP/MMXU1.PF.phsC.subCVal.mag.i: 0
IEDBiogasCHP/MMXU1.PF.phsC.subCVal.mag.f: 0.0
IEDBiogasCHP/MMXU1.PF.phsC.subCVal.ang [SV]
IEDBiogasCHP/MMXU1.PF.phsC.subCVal.ang.i: 0
IEDBiogasCHP/MMXU1.PF.phsC.subCVal.ang.f: 0.0
14:23:47.431 [openiec61850-osi-server-7-thread-1] DEBUG com.beanit.openiec61850.ServerAssociation - sub BDA is:IEDBiogasCHP/MMXU1.PF.phsC.subCVal.mag.i: 0
14:23:47.431 [openiec61850-osi-server-7-thread-1] DEBUG com.beanit.openiec61850.ServerAssociation - sub BDA is:IEDBiogasCHP/MMXU1.PF.phsC.subCVal.mag.f: 0.0
14:23:47.431 [openiec61850-osi-server-7-thread-1] DEBUG com.beanit.openiec61850.ServerAssociation - sub BDA is:IEDBiogasCHP/MMXU1.PF.phsC.subCVal.ang.i: 0
14:23:47.431 [openiec61850-osi-server-7-thread-1] DEBUG com.beanit.openiec61850.ServerAssociation - sub BDA is:IEDBiogasCHP/MMXU1.PF.phsC.subCVal.ang.f: 0.0
calling GetDataValues(IEDBiogasCHP/MMXU1.PF.phsC.subCVal.mag)
14:23:47.431 [openiec61850-osi-server-7-thread-1] DEBUG com.beanit.openiec61850.ServerAssociation - Got a GetDataValues request for node: IEDBiogasCHP/MMXU1.PF.phsC.subCVal.mag [SV]
IEDBiogasCHP/MMXU1.PF.phsC.subCVal.mag.i: 0
IEDBiogasCHP/MMXU1.PF.phsC.subCVal.mag.f: 0.0
14:23:47.431 [openiec61850-osi-server-7-thread-1] DEBUG com.beanit.openiec61850.ServerAssociation - sub BDA is:IEDBiogasCHP/MMXU1.PF.phsC.subCVal.mag.i: 0
14:23:47.431 [openiec61850-osi-server-7-thread-1] DEBUG com.beanit.openiec61850.ServerAssociation - sub BDA is:IEDBiogasCHP/MMXU1.PF.phsC.subCVal.mag.f: 0.0
calling GetDataValues(IEDBiogasCHP/MMXU1.PF.phsC.subCVal.mag.i)
14:23:47.431 [openiec61850-osi-server-7-thread-1] DEBUG com.beanit.openiec61850.ServerAssociation - Got a GetDataValues request for node: IEDBiogasCHP/MMXU1.PF.phsC.subCVal.mag.i: 0
calling GetDataValues(IEDBiogasCHP/MMXU1.PF.phsC.subCVal.mag.f)
14:23:47.431 [openiec61850-osi-server-7-thread-1] DEBUG com.beanit.openiec61850.ServerAssociation - Got a GetDataValues request for node: IEDBiogasCHP/MMXU1.PF.phsC.subCVal.mag.f: 0.0
calling GetDataValues(IEDBiogasCHP/MMXU1.PF.phsC.subCVal.ang)
14:23:47.432 [openiec61850-osi-server-7-thread-1] DEBUG com.beanit.openiec61850.ServerAssociation - Got a GetDataValues request for node: IEDBiogasCHP/MMXU1.PF.phsC.subCVal.ang [SV]
IEDBiogasCHP/MMXU1.PF.phsC.subCVal.ang.i: 0
IEDBiogasCHP/MMXU1.PF.phsC.subCVal.ang.f: 0.0
14:23:47.432 [openiec61850-osi-server-7-thread-1] DEBUG com.beanit.openiec61850.ServerAssociation - sub BDA is:IEDBiogasCHP/MMXU1.PF.phsC.subCVal.ang.i: 0
14:23:47.432 [openiec61850-osi-server-7-thread-1] DEBUG com.beanit.openiec61850.ServerAssociation - sub BDA is:IEDBiogasCHP/MMXU1.PF.phsC.subCVal.ang.f: 0.0
calling GetDataValues(IEDBiogasCHP/MMXU1.PF.phsC.subCVal.ang.i)
14:23:47.432 [openiec61850-osi-server-7-thread-1] DEBUG com.beanit.openiec61850.ServerAssociation - Got a GetDataValues request for node: IEDBiogasCHP/MMXU1.PF.phsC.subCVal.ang.i: 0
calling GetDataValues(IEDBiogasCHP/MMXU1.PF.phsC.subCVal.ang.f)
14:23:47.432 [openiec61850-osi-server-7-thread-1] DEBUG com.beanit.openiec61850.ServerAssociation - Got a GetDataValues request for node: IEDBiogasCHP/MMXU1.PF.phsC.subCVal.ang.f: 0.0
calling GetDataValues(IEDBiogasCHP/MMXU1.PF.phsC.subQ)
14:23:47.432 [openiec61850-osi-server-7-thread-1] DEBUG com.beanit.openiec61850.ServerAssociation - Got a GetDataValues request for node: IEDBiogasCHP/MMXU1.PF.phsC.subQ: 0x00 0x00
calling GetDataValues(IEDBiogasCHP/MMXU1.PF.phsC.subID)
14:23:47.432 [openiec61850-osi-server-7-thread-1] DEBUG com.beanit.openiec61850.ServerAssociation - Got a GetDataValues request for node: IEDBiogasCHP/MMXU1.PF.phsC.subID: ''
calling GetDataValues(IEDBiogasCHP/MMXU1.PF.neut)
14:23:47.432 [openiec61850-osi-server-7-thread-1] DEBUG com.beanit.openiec61850.ServerAssociation - Got a GetDataValues request for node: IEDBiogasCHP/MMXU1.PF.neut [SV]
IEDBiogasCHP/MMXU1.PF.neut.subEna: false
IEDBiogasCHP/MMXU1.PF.neut.subCVal [SV]
IEDBiogasCHP/MMXU1.PF.neut.subCVal.mag [SV]
IEDBiogasCHP/MMXU1.PF.neut.subCVal.mag.i: 0
IEDBiogasCHP/MMXU1.PF.neut.subCVal.mag.f: 0.0
IEDBiogasCHP/MMXU1.PF.neut.subCVal.ang [SV]
IEDBiogasCHP/MMXU1.PF.neut.subCVal.ang.i: 0
IEDBiogasCHP/MMXU1.PF.neut.subCVal.ang.f: 0.0
IEDBiogasCHP/MMXU1.PF.neut.subQ: 0x00 0x00
IEDBiogasCHP/MMXU1.PF.neut.subID: ''
14:23:47.432 [openiec61850-osi-server-7-thread-1] DEBUG com.beanit.openiec61850.ServerAssociation - sub BDA is:IEDBiogasCHP/MMXU1.PF.neut.subEna: false
14:23:47.432 [openiec61850-osi-server-7-thread-1] DEBUG com.beanit.openiec61850.ServerAssociation - sub BDA is:IEDBiogasCHP/MMXU1.PF.neut.subCVal.mag.i: 0
14:23:47.432 [openiec61850-osi-server-7-thread-1] DEBUG com.beanit.openiec61850.ServerAssociation - sub BDA is:IEDBiogasCHP/MMXU1.PF.neut.subCVal.mag.f: 0.0
14:23:47.432 [openiec61850-osi-server-7-thread-1] DEBUG com.beanit.openiec61850.ServerAssociation - sub BDA is:IEDBiogasCHP/MMXU1.PF.neut.subCVal.ang.i: 0
14:23:47.432 [openiec61850-osi-server-7-thread-1] DEBUG com.beanit.openiec61850.ServerAssociation - sub BDA is:IEDBiogasCHP/MMXU1.PF.neut.subCVal.ang.f: 0.0
14:23:47.432 [openiec61850-osi-server-7-thread-1] DEBUG com.beanit.openiec61850.ServerAssociation - sub BDA is:IEDBiogasCHP/MMXU1.PF.neut.subQ: 0x00 0x00
14:23:47.432 [openiec61850-osi-server-7-thread-1] DEBUG com.beanit.openiec61850.ServerAssociation - sub BDA is:IEDBiogasCHP/MMXU1.PF.neut.subID: ''
calling GetDataValues(IEDBiogasCHP/MMXU1.PF.neut.subEna)
14:23:47.432 [openiec61850-osi-server-7-thread-1] DEBUG com.beanit.openiec61850.ServerAssociation - Got a GetDataValues request for node: IEDBiogasCHP/MMXU1.PF.neut.subEna: false
calling GetDataValues(IEDBiogasCHP/MMXU1.PF.neut.subCVal)
14:23:47.432 [openiec61850-osi-server-7-thread-1] DEBUG com.beanit.openiec61850.ServerAssociation - Got a GetDataValues request for node: IEDBiogasCHP/MMXU1.PF.neut.subCVal [SV]
IEDBiogasCHP/MMXU1.PF.neut.subCVal.mag [SV]
IEDBiogasCHP/MMXU1.PF.neut.subCVal.mag.i: 0
IEDBiogasCHP/MMXU1.PF.neut.subCVal.mag.f: 0.0
IEDBiogasCHP/MMXU1.PF.neut.subCVal.ang [SV]
IEDBiogasCHP/MMXU1.PF.neut.subCVal.ang.i: 0
IEDBiogasCHP/MMXU1.PF.neut.subCVal.ang.f: 0.0
14:23:47.433 [openiec61850-osi-server-7-thread-1] DEBUG com.beanit.openiec61850.ServerAssociation - sub BDA is:IEDBiogasCHP/MMXU1.PF.neut.subCVal.mag.i: 0
14:23:47.433 [openiec61850-osi-server-7-thread-1] DEBUG com.beanit.openiec61850.ServerAssociation - sub BDA is:IEDBiogasCHP/MMXU1.PF.neut.subCVal.mag.f: 0.0
14:23:47.433 [openiec61850-osi-server-7-thread-1] DEBUG com.beanit.openiec61850.ServerAssociation - sub BDA is:IEDBiogasCHP/MMXU1.PF.neut.subCVal.ang.i: 0
14:23:47.433 [openiec61850-osi-server-7-thread-1] DEBUG com.beanit.openiec61850.ServerAssociation - sub BDA is:IEDBiogasCHP/MMXU1.PF.neut.subCVal.ang.f: 0.0
calling GetDataValues(IEDBiogasCHP/MMXU1.PF.neut.subCVal.mag)
14:23:47.433 [openiec61850-osi-server-7-thread-1] DEBUG com.beanit.openiec61850.ServerAssociation - Got a GetDataValues request for node: IEDBiogasCHP/MMXU1.PF.neut.subCVal.mag [SV]
IEDBiogasCHP/MMXU1.PF.neut.subCVal.mag.i: 0
IEDBiogasCHP/MMXU1.PF.neut.subCVal.mag.f: 0.0
14:23:47.433 [openiec61850-osi-server-7-thread-1] DEBUG com.beanit.openiec61850.ServerAssociation - sub BDA is:IEDBiogasCHP/MMXU1.PF.neut.subCVal.mag.i: 0
14:23:47.433 [openiec61850-osi-server-7-thread-1] DEBUG com.beanit.openiec61850.ServerAssociation - sub BDA is:IEDBiogasCHP/MMXU1.PF.neut.subCVal.mag.f: 0.0
calling GetDataValues(IEDBiogasCHP/MMXU1.PF.neut.subCVal.mag.i)
14:23:47.433 [openiec61850-osi-server-7-thread-1] DEBUG com.beanit.openiec61850.ServerAssociation - Got a GetDataValues request for node: IEDBiogasCHP/MMXU1.PF.neut.subCVal.mag.i: 0
calling GetDataValues(IEDBiogasCHP/MMXU1.PF.neut.subCVal.mag.f)
14:23:47.433 [openiec61850-osi-server-7-thread-1] DEBUG com.beanit.openiec61850.ServerAssociation - Got a GetDataValues request for node: IEDBiogasCHP/MMXU1.PF.neut.subCVal.mag.f: 0.0
calling GetDataValues(IEDBiogasCHP/MMXU1.PF.neut.subCVal.ang)
14:23:47.433 [openiec61850-osi-server-7-thread-1] DEBUG com.beanit.openiec61850.ServerAssociation - Got a GetDataValues request for node: IEDBiogasCHP/MMXU1.PF.neut.subCVal.ang [SV]
IEDBiogasCHP/MMXU1.PF.neut.subCVal.ang.i: 0
IEDBiogasCHP/MMXU1.PF.neut.subCVal.ang.f: 0.0
14:23:47.433 [openiec61850-osi-server-7-thread-1] DEBUG com.beanit.openiec61850.ServerAssociation - sub BDA is:IEDBiogasCHP/MMXU1.PF.neut.subCVal.ang.i: 0
14:23:47.433 [openiec61850-osi-server-7-thread-1] DEBUG com.beanit.openiec61850.ServerAssociation - sub BDA is:IEDBiogasCHP/MMXU1.PF.neut.subCVal.ang.f: 0.0
calling GetDataValues(IEDBiogasCHP/MMXU1.PF.neut.subCVal.ang.i)
14:23:47.433 [openiec61850-osi-server-7-thread-1] DEBUG com.beanit.openiec61850.ServerAssociation - Got a GetDataValues request for node: IEDBiogasCHP/MMXU1.PF.neut.subCVal.ang.i: 0
calling GetDataValues(IEDBiogasCHP/MMXU1.PF.neut.subCVal.ang.f)
14:23:47.433 [openiec61850-osi-server-7-thread-1] DEBUG com.beanit.openiec61850.ServerAssociation - Got a GetDataValues request for node: IEDBiogasCHP/MMXU1.PF.neut.subCVal.ang.f: 0.0
calling GetDataValues(IEDBiogasCHP/MMXU1.PF.neut.subQ)
14:23:47.433 [openiec61850-osi-server-7-thread-1] DEBUG com.beanit.openiec61850.ServerAssociation - Got a GetDataValues request for node: IEDBiogasCHP/MMXU1.PF.neut.subQ: 0x00 0x00
calling GetDataValues(IEDBiogasCHP/MMXU1.PF.neut.subID)
14:23:47.434 [openiec61850-osi-server-7-thread-1] DEBUG com.beanit.openiec61850.ServerAssociation - Got a GetDataValues request for node: IEDBiogasCHP/MMXU1.PF.neut.subID: ''
calling GetDataValues(IEDBiogasCHP/MMXU1.PF.net)
14:23:47.434 [openiec61850-osi-server-7-thread-1] DEBUG com.beanit.openiec61850.ServerAssociation - Got a GetDataValues request for node: IEDBiogasCHP/MMXU1.PF.net [SV]
IEDBiogasCHP/MMXU1.PF.net.subEna: false
IEDBiogasCHP/MMXU1.PF.net.subCVal [SV]
IEDBiogasCHP/MMXU1.PF.net.subCVal.mag [SV]
IEDBiogasCHP/MMXU1.PF.net.subCVal.mag.i: 0
IEDBiogasCHP/MMXU1.PF.net.subCVal.mag.f: 0.0
IEDBiogasCHP/MMXU1.PF.net.subCVal.ang [SV]
IEDBiogasCHP/MMXU1.PF.net.subCVal.ang.i: 0
IEDBiogasCHP/MMXU1.PF.net.subCVal.ang.f: 0.0
IEDBiogasCHP/MMXU1.PF.net.subQ: 0x00 0x00
IEDBiogasCHP/MMXU1.PF.net.subID: ''
14:23:47.434 [openiec61850-osi-server-7-thread-1] DEBUG com.beanit.openiec61850.ServerAssociation - sub BDA is:IEDBiogasCHP/MMXU1.PF.net.subEna: false
14:23:47.434 [openiec61850-osi-server-7-thread-1] DEBUG com.beanit.openiec61850.ServerAssociation - sub BDA is:IEDBiogasCHP/MMXU1.PF.net.subCVal.mag.i: 0
14:23:47.434 [openiec61850-osi-server-7-thread-1] DEBUG com.beanit.openiec61850.ServerAssociation - sub BDA is:IEDBiogasCHP/MMXU1.PF.net.subCVal.mag.f: 0.0
14:23:47.434 [openiec61850-osi-server-7-thread-1] DEBUG com.beanit.openiec61850.ServerAssociation - sub BDA is:IEDBiogasCHP/MMXU1.PF.net.subCVal.ang.i: 0
14:23:47.434 [openiec61850-osi-server-7-thread-1] DEBUG com.beanit.openiec61850.ServerAssociation - sub BDA is:IEDBiogasCHP/MMXU1.PF.net.subCVal.ang.f: 0.0
14:23:47.434 [openiec61850-osi-server-7-thread-1] DEBUG com.beanit.openiec61850.ServerAssociation - sub BDA is:IEDBiogasCHP/MMXU1.PF.net.subQ: 0x00 0x00
14:23:47.434 [openiec61850-osi-server-7-thread-1] DEBUG com.beanit.openiec61850.ServerAssociation - sub BDA is:IEDBiogasCHP/MMXU1.PF.net.subID: ''
calling GetDataValues(IEDBiogasCHP/MMXU1.PF.net.subEna)
14:23:47.434 [openiec61850-osi-server-7-thread-1] DEBUG com.beanit.openiec61850.ServerAssociation - Got a GetDataValues request for node: IEDBiogasCHP/MMXU1.PF.net.subEna: false
calling GetDataValues(IEDBiogasCHP/MMXU1.PF.net.subCVal)
14:23:47.434 [openiec61850-osi-server-7-thread-1] DEBUG com.beanit.openiec61850.ServerAssociation - Got a GetDataValues request for node: IEDBiogasCHP/MMXU1.PF.net.subCVal [SV]
IEDBiogasCHP/MMXU1.PF.net.subCVal.mag [SV]
IEDBiogasCHP/MMXU1.PF.net.subCVal.mag.i: 0
IEDBiogasCHP/MMXU1.PF.net.subCVal.mag.f: 0.0
IEDBiogasCHP/MMXU1.PF.net.subCVal.ang [SV]
IEDBiogasCHP/MMXU1.PF.net.subCVal.ang.i: 0
IEDBiogasCHP/MMXU1.PF.net.subCVal.ang.f: 0.0
14:23:47.434 [openiec61850-osi-server-7-thread-1] DEBUG com.beanit.openiec61850.ServerAssociation - sub BDA is:IEDBiogasCHP/MMXU1.PF.net.subCVal.mag.i: 0
14:23:47.434 [openiec61850-osi-server-7-thread-1] DEBUG com.beanit.openiec61850.ServerAssociation - sub BDA is:IEDBiogasCHP/MMXU1.PF.net.subCVal.mag.f: 0.0
14:23:47.434 [openiec61850-osi-server-7-thread-1] DEBUG com.beanit.openiec61850.ServerAssociation - sub BDA is:IEDBiogasCHP/MMXU1.PF.net.subCVal.ang.i: 0
14:23:47.434 [openiec61850-osi-server-7-thread-1] DEBUG com.beanit.openiec61850.ServerAssociation - sub BDA is:IEDBiogasCHP/MMXU1.PF.net.subCVal.ang.f: 0.0
calling GetDataValues(IEDBiogasCHP/MMXU1.PF.net.subCVal.mag)
14:23:47.434 [openiec61850-osi-server-7-thread-1] DEBUG com.beanit.openiec61850.ServerAssociation - Got a GetDataValues request for node: IEDBiogasCHP/MMXU1.PF.net.subCVal.mag [SV]
IEDBiogasCHP/MMXU1.PF.net.subCVal.mag.i: 0
IEDBiogasCHP/MMXU1.PF.net.subCVal.mag.f: 0.0
14:23:47.434 [openiec61850-osi-server-7-thread-1] DEBUG com.beanit.openiec61850.ServerAssociation - sub BDA is:IEDBiogasCHP/MMXU1.PF.net.subCVal.mag.i: 0
14:23:47.434 [openiec61850-osi-server-7-thread-1] DEBUG com.beanit.openiec61850.ServerAssociation - sub BDA is:IEDBiogasCHP/MMXU1.PF.net.subCVal.mag.f: 0.0
calling GetDataValues(IEDBiogasCHP/MMXU1.PF.net.subCVal.mag.i)
14:23:47.434 [openiec61850-osi-server-7-thread-1] DEBUG com.beanit.openiec61850.ServerAssociation - Got a GetDataValues request for node: IEDBiogasCHP/MMXU1.PF.net.subCVal.mag.i: 0
calling GetDataValues(IEDBiogasCHP/MMXU1.PF.net.subCVal.mag.f)
14:23:47.434 [openiec61850-osi-server-7-thread-1] DEBUG com.beanit.openiec61850.ServerAssociation - Got a GetDataValues request for node: IEDBiogasCHP/MMXU1.PF.net.subCVal.mag.f: 0.0
calling GetDataValues(IEDBiogasCHP/MMXU1.PF.net.subCVal.ang)
14:23:47.435 [openiec61850-osi-server-7-thread-1] DEBUG com.beanit.openiec61850.ServerAssociation - Got a GetDataValues request for node: IEDBiogasCHP/MMXU1.PF.net.subCVal.ang [SV]
IEDBiogasCHP/MMXU1.PF.net.subCVal.ang.i: 0
IEDBiogasCHP/MMXU1.PF.net.subCVal.ang.f: 0.0
14:23:47.435 [openiec61850-osi-server-7-thread-1] DEBUG com.beanit.openiec61850.ServerAssociation - sub BDA is:IEDBiogasCHP/MMXU1.PF.net.subCVal.ang.i: 0
14:23:47.435 [openiec61850-osi-server-7-thread-1] DEBUG com.beanit.openiec61850.ServerAssociation - sub BDA is:IEDBiogasCHP/MMXU1.PF.net.subCVal.ang.f: 0.0
calling GetDataValues(IEDBiogasCHP/MMXU1.PF.net.subCVal.ang.i)
14:23:47.435 [openiec61850-osi-server-7-thread-1] DEBUG com.beanit.openiec61850.ServerAssociation - Got a GetDataValues request for node: IEDBiogasCHP/MMXU1.PF.net.subCVal.ang.i: 0
calling GetDataValues(IEDBiogasCHP/MMXU1.PF.net.subCVal.ang.f)
14:23:47.435 [openiec61850-osi-server-7-thread-1] DEBUG com.beanit.openiec61850.ServerAssociation - Got a GetDataValues request for node: IEDBiogasCHP/MMXU1.PF.net.subCVal.ang.f: 0.0
calling GetDataValues(IEDBiogasCHP/MMXU1.PF.net.subQ)
14:23:47.435 [openiec61850-osi-server-7-thread-1] DEBUG com.beanit.openiec61850.ServerAssociation - Got a GetDataValues request for node: IEDBiogasCHP/MMXU1.PF.net.subQ: 0x00 0x00
calling GetDataValues(IEDBiogasCHP/MMXU1.PF.net.subID)
14:23:47.435 [openiec61850-osi-server-7-thread-1] DEBUG com.beanit.openiec61850.ServerAssociation - Got a GetDataValues request for node: IEDBiogasCHP/MMXU1.PF.net.subID: ''
calling GetDataValues(IEDBiogasCHP/MMXU1.PF.res)
14:23:47.435 [openiec61850-osi-server-7-thread-1] DEBUG com.beanit.openiec61850.ServerAssociation - Got a GetDataValues request for node: IEDBiogasCHP/MMXU1.PF.res [SV]
IEDBiogasCHP/MMXU1.PF.res.subEna: false
IEDBiogasCHP/MMXU1.PF.res.subCVal [SV]
IEDBiogasCHP/MMXU1.PF.res.subCVal.mag [SV]
IEDBiogasCHP/MMXU1.PF.res.subCVal.mag.i: 0
IEDBiogasCHP/MMXU1.PF.res.subCVal.mag.f: 0.0
IEDBiogasCHP/MMXU1.PF.res.subCVal.ang [SV]
IEDBiogasCHP/MMXU1.PF.res.subCVal.ang.i: 0
IEDBiogasCHP/MMXU1.PF.res.subCVal.ang.f: 0.0
IEDBiogasCHP/MMXU1.PF.res.subQ: 0x00 0x00
IEDBiogasCHP/MMXU1.PF.res.subID: ''
14:23:47.435 [openiec61850-osi-server-7-thread-1] DEBUG com.beanit.openiec61850.ServerAssociation - sub BDA is:IEDBiogasCHP/MMXU1.PF.res.subEna: false
14:23:47.435 [openiec61850-osi-server-7-thread-1] DEBUG com.beanit.openiec61850.ServerAssociation - sub BDA is:IEDBiogasCHP/MMXU1.PF.res.subCVal.mag.i: 0
14:23:47.435 [openiec61850-osi-server-7-thread-1] DEBUG com.beanit.openiec61850.ServerAssociation - sub BDA is:IEDBiogasCHP/MMXU1.PF.res.subCVal.mag.f: 0.0
14:23:47.435 [openiec61850-osi-server-7-thread-1] DEBUG com.beanit.openiec61850.ServerAssociation - sub BDA is:IEDBiogasCHP/MMXU1.PF.res.subCVal.ang.i: 0
14:23:47.435 [openiec61850-osi-server-7-thread-1] DEBUG com.beanit.openiec61850.ServerAssociation - sub BDA is:IEDBiogasCHP/MMXU1.PF.res.subCVal.ang.f: 0.0
14:23:47.435 [openiec61850-osi-server-7-thread-1] DEBUG com.beanit.openiec61850.ServerAssociation - sub BDA is:IEDBiogasCHP/MMXU1.PF.res.subQ: 0x00 0x00
14:23:47.435 [openiec61850-osi-server-7-thread-1] DEBUG com.beanit.openiec61850.ServerAssociation - sub BDA is:IEDBiogasCHP/MMXU1.PF.res.subID: ''
calling GetDataValues(IEDBiogasCHP/MMXU1.PF.res.subEna)
14:23:47.435 [openiec61850-osi-server-7-thread-1] DEBUG com.beanit.openiec61850.ServerAssociation - Got a GetDataValues request for node: IEDBiogasCHP/MMXU1.PF.res.subEna: false
calling GetDataValues(IEDBiogasCHP/MMXU1.PF.res.subCVal)
14:23:47.435 [openiec61850-osi-server-7-thread-1] DEBUG com.beanit.openiec61850.ServerAssociation - Got a GetDataValues request for node: IEDBiogasCHP/MMXU1.PF.res.subCVal [SV]
IEDBiogasCHP/MMXU1.PF.res.subCVal.mag [SV]
IEDBiogasCHP/MMXU1.PF.res.subCVal.mag.i: 0
IEDBiogasCHP/MMXU1.PF.res.subCVal.mag.f: 0.0
IEDBiogasCHP/MMXU1.PF.res.subCVal.ang [SV]
IEDBiogasCHP/MMXU1.PF.res.subCVal.ang.i: 0
IEDBiogasCHP/MMXU1.PF.res.subCVal.ang.f: 0.0
14:23:47.435 [openiec61850-osi-server-7-thread-1] DEBUG com.beanit.openiec61850.ServerAssociation - sub BDA is:IEDBiogasCHP/MMXU1.PF.res.subCVal.mag.i: 0
14:23:47.435 [openiec61850-osi-server-7-thread-1] DEBUG com.beanit.openiec61850.ServerAssociation - sub BDA is:IEDBiogasCHP/MMXU1.PF.res.subCVal.mag.f: 0.0
14:23:47.435 [openiec61850-osi-server-7-thread-1] DEBUG com.beanit.openiec61850.ServerAssociation - sub BDA is:IEDBiogasCHP/MMXU1.PF.res.subCVal.ang.i: 0
14:23:47.436 [openiec61850-osi-server-7-thread-1] DEBUG com.beanit.openiec61850.ServerAssociation - sub BDA is:IEDBiogasCHP/MMXU1.PF.res.subCVal.ang.f: 0.0
calling GetDataValues(IEDBiogasCHP/MMXU1.PF.res.subCVal.mag)
14:23:47.436 [openiec61850-osi-server-7-thread-1] DEBUG com.beanit.openiec61850.ServerAssociation - Got a GetDataValues request for node: IEDBiogasCHP/MMXU1.PF.res.subCVal.mag [SV]
IEDBiogasCHP/MMXU1.PF.res.subCVal.mag.i: 0
IEDBiogasCHP/MMXU1.PF.res.subCVal.mag.f: 0.0
14:23:47.436 [openiec61850-osi-server-7-thread-1] DEBUG com.beanit.openiec61850.ServerAssociation - sub BDA is:IEDBiogasCHP/MMXU1.PF.res.subCVal.mag.i: 0
14:23:47.436 [openiec61850-osi-server-7-thread-1] DEBUG com.beanit.openiec61850.ServerAssociation - sub BDA is:IEDBiogasCHP/MMXU1.PF.res.subCVal.mag.f: 0.0
calling GetDataValues(IEDBiogasCHP/MMXU1.PF.res.subCVal.mag.i)
14:23:47.436 [openiec61850-osi-server-7-thread-1] DEBUG com.beanit.openiec61850.ServerAssociation - Got a GetDataValues request for node: IEDBiogasCHP/MMXU1.PF.res.subCVal.mag.i: 0
calling GetDataValues(IEDBiogasCHP/MMXU1.PF.res.subCVal.mag.f)
14:23:47.436 [openiec61850-osi-server-7-thread-1] DEBUG com.beanit.openiec61850.ServerAssociation - Got a GetDataValues request for node: IEDBiogasCHP/MMXU1.PF.res.subCVal.mag.f: 0.0
calling GetDataValues(IEDBiogasCHP/MMXU1.PF.res.subCVal.ang)
14:23:47.436 [openiec61850-osi-server-7-thread-1] DEBUG com.beanit.openiec61850.ServerAssociation - Got a GetDataValues request for node: IEDBiogasCHP/MMXU1.PF.res.subCVal.ang [SV]
IEDBiogasCHP/MMXU1.PF.res.subCVal.ang.i: 0
IEDBiogasCHP/MMXU1.PF.res.subCVal.ang.f: 0.0
14:23:47.436 [openiec61850-osi-server-7-thread-1] DEBUG com.beanit.openiec61850.ServerAssociation - sub BDA is:IEDBiogasCHP/MMXU1.PF.res.subCVal.ang.i: 0
14:23:47.436 [openiec61850-osi-server-7-thread-1] DEBUG com.beanit.openiec61850.ServerAssociation - sub BDA is:IEDBiogasCHP/MMXU1.PF.res.subCVal.ang.f: 0.0
calling GetDataValues(IEDBiogasCHP/MMXU1.PF.res.subCVal.ang.i)
14:23:47.436 [openiec61850-osi-server-7-thread-1] DEBUG com.beanit.openiec61850.ServerAssociation - Got a GetDataValues request for node: IEDBiogasCHP/MMXU1.PF.res.subCVal.ang.i: 0
calling GetDataValues(IEDBiogasCHP/MMXU1.PF.res.subCVal.ang.f)
14:23:47.436 [openiec61850-osi-server-7-thread-1] DEBUG com.beanit.openiec61850.ServerAssociation - Got a GetDataValues request for node: IEDBiogasCHP/MMXU1.PF.res.subCVal.ang.f: 0.0
calling GetDataValues(IEDBiogasCHP/MMXU1.PF.res.subQ)
14:23:47.436 [openiec61850-osi-server-7-thread-1] DEBUG com.beanit.openiec61850.ServerAssociation - Got a GetDataValues request for node: IEDBiogasCHP/MMXU1.PF.res.subQ: 0x00 0x00
calling GetDataValues(IEDBiogasCHP/MMXU1.PF.res.subID)
14:23:47.437 [openiec61850-osi-server-7-thread-1] DEBUG com.beanit.openiec61850.ServerAssociation - Got a GetDataValues request for node: IEDBiogasCHP/MMXU1.PF.res.subID: ''
calling GetDataValues(IEDBiogasCHP/MMXU1.PF)
14:23:47.437 [openiec61850-osi-server-7-thread-1] DEBUG com.beanit.openiec61850.ServerAssociation - Got a GetDataValues request for node: IEDBiogasCHP/MMXU1.PF [CF]
IEDBiogasCHP/MMXU1.PF.angRef: 0
IEDBiogasCHP/MMXU1.PF.phsA [CF]
IEDBiogasCHP/MMXU1.PF.phsA.units [CF]
IEDBiogasCHP/MMXU1.PF.phsA.units.SIUnit: 0
IEDBiogasCHP/MMXU1.PF.phsA.units.multiplier: 0
IEDBiogasCHP/MMXU1.PF.phsA.db: 0
IEDBiogasCHP/MMXU1.PF.phsA.zeroDb: 0
IEDBiogasCHP/MMXU1.PF.phsA.rangeC [CF]
IEDBiogasCHP/MMXU1.PF.phsA.rangeC.hhLim [CF]
IEDBiogasCHP/MMXU1.PF.phsA.rangeC.hhLim.i: 0
IEDBiogasCHP/MMXU1.PF.phsA.rangeC.hhLim.f: 0.0
IEDBiogasCHP/MMXU1.PF.phsA.rangeC.hLim [CF]
IEDBiogasCHP/MMXU1.PF.phsA.rangeC.hLim.i: 0
IEDBiogasCHP/MMXU1.PF.phsA.rangeC.hLim.f: 0.0
IEDBiogasCHP/MMXU1.PF.phsA.rangeC.lLim [CF]
IEDBiogasCHP/MMXU1.PF.phsA.rangeC.lLim.i: 0
IEDBiogasCHP/MMXU1.PF.phsA.rangeC.lLim.f: 0.0
IEDBiogasCHP/MMXU1.PF.phsA.rangeC.llLim [CF]
IEDBiogasCHP/MMXU1.PF.phsA.rangeC.llLim.i: 0
IEDBiogasCHP/MMXU1.PF.phsA.rangeC.llLim.f: 0.0
IEDBiogasCHP/MMXU1.PF.phsA.rangeC.min [CF]
IEDBiogasCHP/MMXU1.PF.phsA.rangeC.min.i: 0
IEDBiogasCHP/MMXU1.PF.phsA.rangeC.min.f: 0.0
IEDBiogasCHP/MMXU1.PF.phsA.rangeC.max [CF]
IEDBiogasCHP/MMXU1.PF.phsA.rangeC.max.i: 0
IEDBiogasCHP/MMXU1.PF.phsA.rangeC.max.f: 0.0
IEDBiogasCHP/MMXU1.PF.phsA.magSVC [CF]
IEDBiogasCHP/MMXU1.PF.phsA.magSVC.scaleFactor: 0.0
IEDBiogasCHP/MMXU1.PF.phsA.magSVC.offset: 0.0
IEDBiogasCHP/MMXU1.PF.phsA.angSVC [CF]
IEDBiogasCHP/MMXU1.PF.phsA.angSVC.scaleFactor: 0.0
IEDBiogasCHP/MMXU1.PF.phsA.angSVC.offset: 0.0
IEDBiogasCHP/MMXU1.PF.phsA.angRef: 0
IEDBiogasCHP/MMXU1.PF.phsA.smpRate: 0
IEDBiogasCHP/MMXU1.PF.phsB [CF]
IEDBiogasCHP/MMXU1.PF.phsB.units [CF]
IEDBiogasCHP/MMXU1.PF.phsB.units.SIUnit: 0
IEDBiogasCHP/MMXU1.PF.phsB.units.multiplier: 0
IEDBiogasCHP/MMXU1.PF.phsB.db: 0
IEDBiogasCHP/MMXU1.PF.phsB.zeroDb: 0
IEDBiogasCHP/MMXU1.PF.phsB.rangeC [CF]
IEDBiogasCHP/MMXU1.PF.phsB.rangeC.hhLim [CF]
IEDBiogasCHP/MMXU1.PF.phsB.rangeC.hhLim.i: 0
IEDBiogasCHP/MMXU1.PF.phsB.rangeC.hhLim.f: 0.0
IEDBiogasCHP/MMXU1.PF.phsB.rangeC.hLim [CF]
IEDBiogasCHP/MMXU1.PF.phsB.rangeC.hLim.i: 0
IEDBiogasCHP/MMXU1.PF.phsB.rangeC.hLim.f: 0.0
IEDBiogasCHP/MMXU1.PF.phsB.rangeC.lLim [CF]
IEDBiogasCHP/MMXU1.PF.phsB.rangeC.lLim.i: 0
IEDBiogasCHP/MMXU1.PF.phsB.rangeC.lLim.f: 0.0
IEDBiogasCHP/MMXU1.PF.phsB.rangeC.llLim [CF]
IEDBiogasCHP/MMXU1.PF.phsB.rangeC.llLim.i: 0
IEDBiogasCHP/MMXU1.PF.phsB.rangeC.llLim.f: 0.0
IEDBiogasCHP/MMXU1.PF.phsB.rangeC.min [CF]
IEDBiogasCHP/MMXU1.PF.phsB.rangeC.min.i: 0
IEDBiogasCHP/MMXU1.PF.phsB.rangeC.min.f: 0.0
IEDBiogasCHP/MMXU1.PF.phsB.rangeC.max [CF]
IEDBiogasCHP/MMXU1.PF.phsB.rangeC.max.i: 0
IEDBiogasCHP/MMXU1.PF.phsB.rangeC.max.f: 0.0
IEDBiogasCHP/MMXU1.PF.phsB.magSVC [CF]
IEDBiogasCHP/MMXU1.PF.phsB.magSVC.scaleFactor: 0.0
IEDBiogasCHP/MMXU1.PF.phsB.magSVC.offset: 0.0
IEDBiogasCHP/MMXU1.PF.phsB.angSVC [CF]
IEDBiogasCHP/MMXU1.PF.phsB.angSVC.scaleFactor: 0.0
IEDBiogasCHP/MMXU1.PF.phsB.angSVC.offset: 0.0
IEDBiogasCHP/MMXU1.PF.phsB.angRef: 0
IEDBiogasCHP/MMXU1.PF.phsB.smpRate: 0
IEDBiogasCHP/MMXU1.PF.phsC [CF]
IEDBiogasCHP/MMXU1.PF.phsC.units [CF]
IEDBiogasCHP/MMXU1.PF.phsC.units.SIUnit: 0
IEDBiogasCHP/MMXU1.PF.phsC.units.multiplier: 0
IEDBiogasCHP/MMXU1.PF.phsC.db: 0
IEDBiogasCHP/MMXU1.PF.phsC.zeroDb: 0
IEDBiogasCHP/MMXU1.PF.phsC.rangeC [CF]
IEDBiogasCHP/MMXU1.PF.phsC.rangeC.hhLim [CF]
IEDBiogasCHP/MMXU1.PF.phsC.rangeC.hhLim.i: 0
IEDBiogasCHP/MMXU1.PF.phsC.rangeC.hhLim.f: 0.0
IEDBiogasCHP/MMXU1.PF.phsC.rangeC.hLim [CF]
IEDBiogasCHP/MMXU1.PF.phsC.rangeC.hLim.i: 0
IEDBiogasCHP/MMXU1.PF.phsC.rangeC.hLim.f: 0.0
IEDBiogasCHP/MMXU1.PF.phsC.rangeC.lLim [CF]
IEDBiogasCHP/MMXU1.PF.phsC.rangeC.lLim.i: 0
IEDBiogasCHP/MMXU1.PF.phsC.rangeC.lLim.f: 0.0
IEDBiogasCHP/MMXU1.PF.phsC.rangeC.llLim [CF]
IEDBiogasCHP/MMXU1.PF.phsC.rangeC.llLim.i: 0
IEDBiogasCHP/MMXU1.PF.phsC.rangeC.llLim.f: 0.0
IEDBiogasCHP/MMXU1.PF.phsC.rangeC.min [CF]
IEDBiogasCHP/MMXU1.PF.phsC.rangeC.min.i: 0
IEDBiogasCHP/MMXU1.PF.phsC.rangeC.min.f: 0.0
IEDBiogasCHP/MMXU1.PF.phsC.rangeC.max [CF]
IEDBiogasCHP/MMXU1.PF.phsC.rangeC.max.i: 0
IEDBiogasCHP/MMXU1.PF.phsC.rangeC.max.f: 0.0
IEDBiogasCHP/MMXU1.PF.phsC.magSVC [CF]
IEDBiogasCHP/MMXU1.PF.phsC.magSVC.scaleFactor: 0.0
IEDBiogasCHP/MMXU1.PF.phsC.magSVC.offset: 0.0
IEDBiogasCHP/MMXU1.PF.phsC.angSVC [CF]
IEDBiogasCHP/MMXU1.PF.phsC.angSVC.scaleFactor: 0.0
IEDBiogasCHP/MMXU1.PF.phsC.angSVC.offset: 0.0
IEDBiogasCHP/MMXU1.PF.phsC.angRef: 0
IEDBiogasCHP/MMXU1.PF.phsC.smpRate: 0
IEDBiogasCHP/MMXU1.PF.neut [CF]
IEDBiogasCHP/MMXU1.PF.neut.units [CF]
IEDBiogasCHP/MMXU1.PF.neut.units.SIUnit: 0
IEDBiogasCHP/MMXU1.PF.neut.units.multiplier: 0
IEDBiogasCHP/MMXU1.PF.neut.db: 0
IEDBiogasCHP/MMXU1.PF.neut.zeroDb: 0
IEDBiogasCHP/MMXU1.PF.neut.rangeC [CF]
IEDBiogasCHP/MMXU1.PF.neut.rangeC.hhLim [CF]
IEDBiogasCHP/MMXU1.PF.neut.rangeC.hhLim.i: 0
IEDBiogasCHP/MMXU1.PF.neut.rangeC.hhLim.f: 0.0
IEDBiogasCHP/MMXU1.PF.neut.rangeC.hLim [CF]
IEDBiogasCHP/MMXU1.PF.neut.rangeC.hLim.i: 0
IEDBiogasCHP/MMXU1.PF.neut.rangeC.hLim.f: 0.0
IEDBiogasCHP/MMXU1.PF.neut.rangeC.lLim [CF]
IEDBiogasCHP/MMXU1.PF.neut.rangeC.lLim.i: 0
IEDBiogasCHP/MMXU1.PF.neut.rangeC.lLim.f: 0.0
IEDBiogasCHP/MMXU1.PF.neut.rangeC.llLim [CF]
IEDBiogasCHP/MMXU1.PF.neut.rangeC.llLim.i: 0
IEDBiogasCHP/MMXU1.PF.neut.rangeC.llLim.f: 0.0
IEDBiogasCHP/MMXU1.PF.neut.rangeC.min [CF]
IEDBiogasCHP/MMXU1.PF.neut.rangeC.min.i: 0
IEDBiogasCHP/MMXU1.PF.neut.rangeC.min.f: 0.0
IEDBiogasCHP/MMXU1.PF.neut.rangeC.max [CF]
IEDBiogasCHP/MMXU1.PF.neut.rangeC.max.i: 0
IEDBiogasCHP/MMXU1.PF.neut.rangeC.max.f: 0.0
IEDBiogasCHP/MMXU1.PF.neut.magSVC [CF]
IEDBiogasCHP/MMXU1.PF.neut.magSVC.scaleFactor: 0.0
IEDBiogasCHP/MMXU1.PF.neut.magSVC.offset: 0.0
IEDBiogasCHP/MMXU1.PF.neut.angSVC [CF]
IEDBiogasCHP/MMXU1.PF.neut.angSVC.scaleFactor: 0.0
IEDBiogasCHP/MMXU1.PF.neut.angSVC.offset: 0.0
IEDBiogasCHP/MMXU1.PF.neut.angRef: 0
IEDBiogasCHP/MMXU1.PF.neut.smpRate: 0
IEDBiogasCHP/MMXU1.PF.net [CF]
IEDBiogasCHP/MMXU1.PF.net.units [CF]
IEDBiogasCHP/MMXU1.PF.net.units.SIUnit: 0
IEDBiogasCHP/MMXU1.PF.net.units.multiplier: 0
IEDBiogasCHP/MMXU1.PF.net.db: 0
IEDBiogasCHP/MMXU1.PF.net.zeroDb: 0
IEDBiogasCHP/MMXU1.PF.net.rangeC [CF]
IEDBiogasCHP/MMXU1.PF.net.rangeC.hhLim [CF]
IEDBiogasCHP/MMXU1.PF.net.rangeC.hhLim.i: 0
IEDBiogasCHP/MMXU1.PF.net.rangeC.hhLim.f: 0.0
IEDBiogasCHP/MMXU1.PF.net.rangeC.hLim [CF]
IEDBiogasCHP/MMXU1.PF.net.rangeC.hLim.i: 0
IEDBiogasCHP/MMXU1.PF.net.rangeC.hLim.f: 0.0
IEDBiogasCHP/MMXU1.PF.net.rangeC.lLim [CF]
IEDBiogasCHP/MMXU1.PF.net.rangeC.lLim.i: 0
IEDBiogasCHP/MMXU1.PF.net.rangeC.lLim.f: 0.0
IEDBiogasCHP/MMXU1.PF.net.rangeC.llLim [CF]
IEDBiogasCHP/MMXU1.PF.net.rangeC.llLim.i: 0
IEDBiogasCHP/MMXU1.PF.net.rangeC.llLim.f: 0.0
IEDBiogasCHP/MMXU1.PF.net.rangeC.min [CF]
IEDBiogasCHP/MMXU1.PF.net.rangeC.min.i: 0
IEDBiogasCHP/MMXU1.PF.net.rangeC.min.f: 0.0
IEDBiogasCHP/MMXU1.PF.net.rangeC.max [CF]
IEDBiogasCHP/MMXU1.PF.net.rangeC.max.i: 0
IEDBiogasCHP/MMXU1.PF.net.rangeC.max.f: 0.0
IEDBiogasCHP/MMXU1.PF.net.magSVC [CF]
IEDBiogasCHP/MMXU1.PF.net.magSVC.scaleFactor: 0.0
IEDBiogasCHP/MMXU1.PF.net.magSVC.offset: 0.0
IEDBiogasCHP/MMXU1.PF.net.angSVC [CF]
IEDBiogasCHP/MMXU1.PF.net.angSVC.scaleFactor: 0.0
IEDBiogasCHP/MMXU1.PF.net.angSVC.offset: 0.0
IEDBiogasCHP/MMXU1.PF.net.angRef: 0
IEDBiogasCHP/MMXU1.PF.net.smpRate: 0
IEDBiogasCHP/MMXU1.PF.res [CF]
IEDBiogasCHP/MMXU1.PF.res.units [CF]
IEDBiogasCHP/MMXU1.PF.res.units.SIUnit: 0
IEDBiogasCHP/MMXU1.PF.res.units.multiplier: 0
IEDBiogasCHP/MMXU1.PF.res.db: 0
IEDBiogasCHP/MMXU1.PF.res.zeroDb: 0
IEDBiogasCHP/MMXU1.PF.res.rangeC [CF]
IEDBiogasCHP/MMXU1.PF.res.rangeC.hhLim [CF]
IEDBiogasCHP/MMXU1.PF.res.rangeC.hhLim.i: 0
IEDBiogasCHP/MMXU1.PF.res.rangeC.hhLim.f: 0.0
IEDBiogasCHP/MMXU1.PF.res.rangeC.hLim [CF]
IEDBiogasCHP/MMXU1.PF.res.rangeC.hLim.i: 0
IEDBiogasCHP/MMXU1.PF.res.rangeC.hLim.f: 0.0
IEDBiogasCHP/MMXU1.PF.res.rangeC.lLim [CF]
IEDBiogasCHP/MMXU1.PF.res.rangeC.lLim.i: 0
IEDBiogasCHP/MMXU1.PF.res.rangeC.lLim.f: 0.0
IEDBiogasCHP/MMXU1.PF.res.rangeC.llLim [CF]
IEDBiogasCHP/MMXU1.PF.res.rangeC.llLim.i: 0
IEDBiogasCHP/MMXU1.PF.res.rangeC.llLim.f: 0.0
IEDBiogasCHP/MMXU1.PF.res.rangeC.min [CF]
IEDBiogasCHP/MMXU1.PF.res.rangeC.min.i: 0
IEDBiogasCHP/MMXU1.PF.res.rangeC.min.f: 0.0
IEDBiogasCHP/MMXU1.PF.res.rangeC.max [CF]
IEDBiogasCHP/MMXU1.PF.res.rangeC.max.i: 0
IEDBiogasCHP/MMXU1.PF.res.rangeC.max.f: 0.0
IEDBiogasCHP/MMXU1.PF.res.magSVC [CF]
IEDBiogasCHP/MMXU1.PF.res.magSVC.scaleFactor: 0.0
IEDBiogasCHP/MMXU1.PF.res.magSVC.offset: 0.0
IEDBiogasCHP/MMXU1.PF.res.angSVC [CF]
IEDBiogasCHP/MMXU1.PF.res.angSVC.scaleFactor: 0.0
IEDBiogasCHP/MMXU1.PF.res.angSVC.offset: 0.0
IEDBiogasCHP/MMXU1.PF.res.angRef: 0
IEDBiogasCHP/MMXU1.PF.res.smpRate: 0
14:23:47.437 [openiec61850-osi-server-7-thread-1] DEBUG com.beanit.openiec61850.ServerAssociation - sub BDA is:IEDBiogasCHP/MMXU1.PF.angRef: 0
14:23:47.437 [openiec61850-osi-server-7-thread-1] DEBUG com.beanit.openiec61850.ServerAssociation - sub BDA is:IEDBiogasCHP/MMXU1.PF.phsA.units.SIUnit: 0
14:23:47.437 [openiec61850-osi-server-7-thread-1] DEBUG com.beanit.openiec61850.ServerAssociation - sub BDA is:IEDBiogasCHP/MMXU1.PF.phsA.units.multiplier: 0
14:23:47.437 [openiec61850-osi-server-7-thread-1] DEBUG com.beanit.openiec61850.ServerAssociation - sub BDA is:IEDBiogasCHP/MMXU1.PF.phsA.db: 0
14:23:47.437 [openiec61850-osi-server-7-thread-1] DEBUG com.beanit.openiec61850.ServerAssociation - sub BDA is:IEDBiogasCHP/MMXU1.PF.phsA.zeroDb: 0
14:23:47.437 [openiec61850-osi-server-7-thread-1] DEBUG com.beanit.openiec61850.ServerAssociation - sub BDA is:IEDBiogasCHP/MMXU1.PF.phsA.rangeC.hhLim.i: 0
14:23:47.437 [openiec61850-osi-server-7-thread-1] DEBUG com.beanit.openiec61850.ServerAssociation - sub BDA is:IEDBiogasCHP/MMXU1.PF.phsA.rangeC.hhLim.f: 0.0
14:23:47.437 [openiec61850-osi-server-7-thread-1] DEBUG com.beanit.openiec61850.ServerAssociation - sub BDA is:IEDBiogasCHP/MMXU1.PF.phsA.rangeC.hLim.i: 0
14:23:47.437 [openiec61850-osi-server-7-thread-1] DEBUG com.beanit.openiec61850.ServerAssociation - sub BDA is:IEDBiogasCHP/MMXU1.PF.phsA.rangeC.hLim.f: 0.0
14:23:47.437 [openiec61850-osi-server-7-thread-1] DEBUG com.beanit.openiec61850.ServerAssociation - sub BDA is:IEDBiogasCHP/MMXU1.PF.phsA.rangeC.lLim.i: 0
14:23:47.437 [openiec61850-osi-server-7-thread-1] DEBUG com.beanit.openiec61850.ServerAssociation - sub BDA is:IEDBiogasCHP/MMXU1.PF.phsA.rangeC.lLim.f: 0.0
14:23:47.437 [openiec61850-osi-server-7-thread-1] DEBUG com.beanit.openiec61850.ServerAssociation - sub BDA is:IEDBiogasCHP/MMXU1.PF.phsA.rangeC.llLim.i: 0
14:23:47.437 [openiec61850-osi-server-7-thread-1] DEBUG com.beanit.openiec61850.ServerAssociation - sub BDA is:IEDBiogasCHP/MMXU1.PF.phsA.rangeC.llLim.f: 0.0
14:23:47.437 [openiec61850-osi-server-7-thread-1] DEBUG com.beanit.openiec61850.ServerAssociation - sub BDA is:IEDBiogasCHP/MMXU1.PF.phsA.rangeC.min.i: 0
14:23:47.437 [openiec61850-osi-server-7-thread-1] DEBUG com.beanit.openiec61850.ServerAssociation - sub BDA is:IEDBiogasCHP/MMXU1.PF.phsA.rangeC.min.f: 0.0
14:23:47.437 [openiec61850-osi-server-7-thread-1] DEBUG com.beanit.openiec61850.ServerAssociation - sub BDA is:IEDBiogasCHP/MMXU1.PF.phsA.rangeC.max.i: 0
14:23:47.437 [openiec61850-osi-server-7-thread-1] DEBUG com.beanit.openiec61850.ServerAssociation - sub BDA is:IEDBiogasCHP/MMXU1.PF.phsA.rangeC.max.f: 0.0
14:23:47.437 [openiec61850-osi-server-7-thread-1] DEBUG com.beanit.openiec61850.ServerAssociation - sub BDA is:IEDBiogasCHP/MMXU1.PF.phsA.magSVC.scaleFactor: 0.0
14:23:47.437 [openiec61850-osi-server-7-thread-1] DEBUG com.beanit.openiec61850.ServerAssociation - sub BDA is:IEDBiogasCHP/MMXU1.PF.phsA.magSVC.offset: 0.0
14:23:47.437 [openiec61850-osi-server-7-thread-1] DEBUG com.beanit.openiec61850.ServerAssociation - sub BDA is:IEDBiogasCHP/MMXU1.PF.phsA.angSVC.scaleFactor: 0.0
14:23:47.437 [openiec61850-osi-server-7-thread-1] DEBUG com.beanit.openiec61850.ServerAssociation - sub BDA is:IEDBiogasCHP/MMXU1.PF.phsA.angSVC.offset: 0.0
14:23:47.437 [openiec61850-osi-server-7-thread-1] DEBUG com.beanit.openiec61850.ServerAssociation - sub BDA is:IEDBiogasCHP/MMXU1.PF.phsA.angRef: 0
14:23:47.437 [openiec61850-osi-server-7-thread-1] DEBUG com.beanit.openiec61850.ServerAssociation - sub BDA is:IEDBiogasCHP/MMXU1.PF.phsA.smpRate: 0
14:23:47.437 [openiec61850-osi-server-7-thread-1] DEBUG com.beanit.openiec61850.ServerAssociation - sub BDA is:IEDBiogasCHP/MMXU1.PF.phsB.units.SIUnit: 0
14:23:47.437 [openiec61850-osi-server-7-thread-1] DEBUG com.beanit.openiec61850.ServerAssociation - sub BDA is:IEDBiogasCHP/MMXU1.PF.phsB.units.multiplier: 0
14:23:47.437 [openiec61850-osi-server-7-thread-1] DEBUG com.beanit.openiec61850.ServerAssociation - sub BDA is:IEDBiogasCHP/MMXU1.PF.phsB.db: 0
14:23:47.437 [openiec61850-osi-server-7-thread-1] DEBUG com.beanit.openiec61850.ServerAssociation - sub BDA is:IEDBiogasCHP/MMXU1.PF.phsB.zeroDb: 0
14:23:47.437 [openiec61850-osi-server-7-thread-1] DEBUG com.beanit.openiec61850.ServerAssociation - sub BDA is:IEDBiogasCHP/MMXU1.PF.phsB.rangeC.hhLim.i: 0
14:23:47.437 [openiec61850-osi-server-7-thread-1] DEBUG com.beanit.openiec61850.ServerAssociation - sub BDA is:IEDBiogasCHP/MMXU1.PF.phsB.rangeC.hhLim.f: 0.0
14:23:47.437 [openiec61850-osi-server-7-thread-1] DEBUG com.beanit.openiec61850.ServerAssociation - sub BDA is:IEDBiogasCHP/MMXU1.PF.phsB.rangeC.hLim.i: 0
14:23:47.437 [openiec61850-osi-server-7-thread-1] DEBUG com.beanit.openiec61850.ServerAssociation - sub BDA is:IEDBiogasCHP/MMXU1.PF.phsB.rangeC.hLim.f: 0.0
14:23:47.437 [openiec61850-osi-server-7-thread-1] DEBUG com.beanit.openiec61850.ServerAssociation - sub BDA is:IEDBiogasCHP/MMXU1.PF.phsB.rangeC.lLim.i: 0
14:23:47.437 [openiec61850-osi-server-7-thread-1] DEBUG com.beanit.openiec61850.ServerAssociation - sub BDA is:IEDBiogasCHP/MMXU1.PF.phsB.rangeC.lLim.f: 0.0
14:23:47.437 [openiec61850-osi-server-7-thread-1] DEBUG com.beanit.openiec61850.ServerAssociation - sub BDA is:IEDBiogasCHP/MMXU1.PF.phsB.rangeC.llLim.i: 0
14:23:47.437 [openiec61850-osi-server-7-thread-1] DEBUG com.beanit.openiec61850.ServerAssociation - sub BDA is:IEDBiogasCHP/MMXU1.PF.phsB.rangeC.llLim.f: 0.0
14:23:47.437 [openiec61850-osi-server-7-thread-1] DEBUG com.beanit.openiec61850.ServerAssociation - sub BDA is:IEDBiogasCHP/MMXU1.PF.phsB.rangeC.min.i: 0
14:23:47.437 [openiec61850-osi-server-7-thread-1] DEBUG com.beanit.openiec61850.ServerAssociation - sub BDA is:IEDBiogasCHP/MMXU1.PF.phsB.rangeC.min.f: 0.0
14:23:47.437 [openiec61850-osi-server-7-thread-1] DEBUG com.beanit.openiec61850.ServerAssociation - sub BDA is:IEDBiogasCHP/MMXU1.PF.phsB.rangeC.max.i: 0
14:23:47.437 [openiec61850-osi-server-7-thread-1] DEBUG com.beanit.openiec61850.ServerAssociation - sub BDA is:IEDBiogasCHP/MMXU1.PF.phsB.rangeC.max.f: 0.0
14:23:47.437 [openiec61850-osi-server-7-thread-1] DEBUG com.beanit.openiec61850.ServerAssociation - sub BDA is:IEDBiogasCHP/MMXU1.PF.phsB.magSVC.scaleFactor: 0.0
14:23:47.437 [openiec61850-osi-server-7-thread-1] DEBUG com.beanit.openiec61850.ServerAssociation - sub BDA is:IEDBiogasCHP/MMXU1.PF.phsB.magSVC.offset: 0.0
14:23:47.437 [openiec61850-osi-server-7-thread-1] DEBUG com.beanit.openiec61850.ServerAssociation - sub BDA is:IEDBiogasCHP/MMXU1.PF.phsB.angSVC.scaleFactor: 0.0
14:23:47.437 [openiec61850-osi-server-7-thread-1] DEBUG com.beanit.openiec61850.ServerAssociation - sub BDA is:IEDBiogasCHP/MMXU1.PF.phsB.angSVC.offset: 0.0
14:23:47.437 [openiec61850-osi-server-7-thread-1] DEBUG com.beanit.openiec61850.ServerAssociation - sub BDA is:IEDBiogasCHP/MMXU1.PF.phsB.angRef: 0
14:23:47.437 [openiec61850-osi-server-7-thread-1] DEBUG com.beanit.openiec61850.ServerAssociation - sub BDA is:IEDBiogasCHP/MMXU1.PF.phsB.smpRate: 0
14:23:47.437 [openiec61850-osi-server-7-thread-1] DEBUG com.beanit.openiec61850.ServerAssociation - sub BDA is:IEDBiogasCHP/MMXU1.PF.phsC.units.SIUnit: 0
14:23:47.437 [openiec61850-osi-server-7-thread-1] DEBUG com.beanit.openiec61850.ServerAssociation - sub BDA is:IEDBiogasCHP/MMXU1.PF.phsC.units.multiplier: 0
14:23:47.437 [openiec61850-osi-server-7-thread-1] DEBUG com.beanit.openiec61850.ServerAssociation - sub BDA is:IEDBiogasCHP/MMXU1.PF.phsC.db: 0
14:23:47.437 [openiec61850-osi-server-7-thread-1] DEBUG com.beanit.openiec61850.ServerAssociation - sub BDA is:IEDBiogasCHP/MMXU1.PF.phsC.zeroDb: 0
14:23:47.437 [openiec61850-osi-server-7-thread-1] DEBUG com.beanit.openiec61850.ServerAssociation - sub BDA is:IEDBiogasCHP/MMXU1.PF.phsC.rangeC.hhLim.i: 0
14:23:47.437 [openiec61850-osi-server-7-thread-1] DEBUG com.beanit.openiec61850.ServerAssociation - sub BDA is:IEDBiogasCHP/MMXU1.PF.phsC.rangeC.hhLim.f: 0.0
14:23:47.437 [openiec61850-osi-server-7-thread-1] DEBUG com.beanit.openiec61850.ServerAssociation - sub BDA is:IEDBiogasCHP/MMXU1.PF.phsC.rangeC.hLim.i: 0
14:23:47.437 [openiec61850-osi-server-7-thread-1] DEBUG com.beanit.openiec61850.ServerAssociation - sub BDA is:IEDBiogasCHP/MMXU1.PF.phsC.rangeC.hLim.f: 0.0
14:23:47.437 [openiec61850-osi-server-7-thread-1] DEBUG com.beanit.openiec61850.ServerAssociation - sub BDA is:IEDBiogasCHP/MMXU1.PF.phsC.rangeC.lLim.i: 0
14:23:47.437 [openiec61850-osi-server-7-thread-1] DEBUG com.beanit.openiec61850.ServerAssociation - sub BDA is:IEDBiogasCHP/MMXU1.PF.phsC.rangeC.lLim.f: 0.0
14:23:47.438 [openiec61850-osi-server-7-thread-1] DEBUG com.beanit.openiec61850.ServerAssociation - sub BDA is:IEDBiogasCHP/MMXU1.PF.phsC.rangeC.llLim.i: 0
14:23:47.438 [openiec61850-osi-server-7-thread-1] DEBUG com.beanit.openiec61850.ServerAssociation - sub BDA is:IEDBiogasCHP/MMXU1.PF.phsC.rangeC.llLim.f: 0.0
14:23:47.438 [openiec61850-osi-server-7-thread-1] DEBUG com.beanit.openiec61850.ServerAssociation - sub BDA is:IEDBiogasCHP/MMXU1.PF.phsC.rangeC.min.i: 0
14:23:47.438 [openiec61850-osi-server-7-thread-1] DEBUG com.beanit.openiec61850.ServerAssociation - sub BDA is:IEDBiogasCHP/MMXU1.PF.phsC.rangeC.min.f: 0.0
14:23:47.438 [openiec61850-osi-server-7-thread-1] DEBUG com.beanit.openiec61850.ServerAssociation - sub BDA is:IEDBiogasCHP/MMXU1.PF.phsC.rangeC.max.i: 0
14:23:47.438 [openiec61850-osi-server-7-thread-1] DEBUG com.beanit.openiec61850.ServerAssociation - sub BDA is:IEDBiogasCHP/MMXU1.PF.phsC.rangeC.max.f: 0.0
14:23:47.438 [openiec61850-osi-server-7-thread-1] DEBUG com.beanit.openiec61850.ServerAssociation - sub BDA is:IEDBiogasCHP/MMXU1.PF.phsC.magSVC.scaleFactor: 0.0
14:23:47.438 [openiec61850-osi-server-7-thread-1] DEBUG com.beanit.openiec61850.ServerAssociation - sub BDA is:IEDBiogasCHP/MMXU1.PF.phsC.magSVC.offset: 0.0
14:23:47.438 [openiec61850-osi-server-7-thread-1] DEBUG com.beanit.openiec61850.ServerAssociation - sub BDA is:IEDBiogasCHP/MMXU1.PF.phsC.angSVC.scaleFactor: 0.0
14:23:47.438 [openiec61850-osi-server-7-thread-1] DEBUG com.beanit.openiec61850.ServerAssociation - sub BDA is:IEDBiogasCHP/MMXU1.PF.phsC.angSVC.offset: 0.0
14:23:47.438 [openiec61850-osi-server-7-thread-1] DEBUG com.beanit.openiec61850.ServerAssociation - sub BDA is:IEDBiogasCHP/MMXU1.PF.phsC.angRef: 0
14:23:47.438 [openiec61850-osi-server-7-thread-1] DEBUG com.beanit.openiec61850.ServerAssociation - sub BDA is:IEDBiogasCHP/MMXU1.PF.phsC.smpRate: 0
14:23:47.438 [openiec61850-osi-server-7-thread-1] DEBUG com.beanit.openiec61850.ServerAssociation - sub BDA is:IEDBiogasCHP/MMXU1.PF.neut.units.SIUnit: 0
14:23:47.438 [openiec61850-osi-server-7-thread-1] DEBUG com.beanit.openiec61850.ServerAssociation - sub BDA is:IEDBiogasCHP/MMXU1.PF.neut.units.multiplier: 0
14:23:47.438 [openiec61850-osi-server-7-thread-1] DEBUG com.beanit.openiec61850.ServerAssociation - sub BDA is:IEDBiogasCHP/MMXU1.PF.neut.db: 0
14:23:47.438 [openiec61850-osi-server-7-thread-1] DEBUG com.beanit.openiec61850.ServerAssociation - sub BDA is:IEDBiogasCHP/MMXU1.PF.neut.zeroDb: 0
14:23:47.438 [openiec61850-osi-server-7-thread-1] DEBUG com.beanit.openiec61850.ServerAssociation - sub BDA is:IEDBiogasCHP/MMXU1.PF.neut.rangeC.hhLim.i: 0
14:23:47.438 [openiec61850-osi-server-7-thread-1] DEBUG com.beanit.openiec61850.ServerAssociation - sub BDA is:IEDBiogasCHP/MMXU1.PF.neut.rangeC.hhLim.f: 0.0
14:23:47.438 [openiec61850-osi-server-7-thread-1] DEBUG com.beanit.openiec61850.ServerAssociation - sub BDA is:IEDBiogasCHP/MMXU1.PF.neut.rangeC.hLim.i: 0
14:23:47.438 [openiec61850-osi-server-7-thread-1] DEBUG com.beanit.openiec61850.ServerAssociation - sub BDA is:IEDBiogasCHP/MMXU1.PF.neut.rangeC.hLim.f: 0.0
14:23:47.438 [openiec61850-osi-server-7-thread-1] DEBUG com.beanit.openiec61850.ServerAssociation - sub BDA is:IEDBiogasCHP/MMXU1.PF.neut.rangeC.lLim.i: 0
14:23:47.438 [openiec61850-osi-server-7-thread-1] DEBUG com.beanit.openiec61850.ServerAssociation - sub BDA is:IEDBiogasCHP/MMXU1.PF.neut.rangeC.lLim.f: 0.0
14:23:47.438 [openiec61850-osi-server-7-thread-1] DEBUG com.beanit.openiec61850.ServerAssociation - sub BDA is:IEDBiogasCHP/MMXU1.PF.neut.rangeC.llLim.i: 0
14:23:47.438 [openiec61850-osi-server-7-thread-1] DEBUG com.beanit.openiec61850.ServerAssociation - sub BDA is:IEDBiogasCHP/MMXU1.PF.neut.rangeC.llLim.f: 0.0
14:23:47.438 [openiec61850-osi-server-7-thread-1] DEBUG com.beanit.openiec61850.ServerAssociation - sub BDA is:IEDBiogasCHP/MMXU1.PF.neut.rangeC.min.i: 0
14:23:47.438 [openiec61850-osi-server-7-thread-1] DEBUG com.beanit.openiec61850.ServerAssociation - sub BDA is:IEDBiogasCHP/MMXU1.PF.neut.rangeC.min.f: 0.0
14:23:47.438 [openiec61850-osi-server-7-thread-1] DEBUG com.beanit.openiec61850.ServerAssociation - sub BDA is:IEDBiogasCHP/MMXU1.PF.neut.rangeC.max.i: 0
14:23:47.438 [openiec61850-osi-server-7-thread-1] DEBUG com.beanit.openiec61850.ServerAssociation - sub BDA is:IEDBiogasCHP/MMXU1.PF.neut.rangeC.max.f: 0.0
14:23:47.438 [openiec61850-osi-server-7-thread-1] DEBUG com.beanit.openiec61850.ServerAssociation - sub BDA is:IEDBiogasCHP/MMXU1.PF.neut.magSVC.scaleFactor: 0.0
14:23:47.438 [openiec61850-osi-server-7-thread-1] DEBUG com.beanit.openiec61850.ServerAssociation - sub BDA is:IEDBiogasCHP/MMXU1.PF.neut.magSVC.offset: 0.0
14:23:47.438 [openiec61850-osi-server-7-thread-1] DEBUG com.beanit.openiec61850.ServerAssociation - sub BDA is:IEDBiogasCHP/MMXU1.PF.neut.angSVC.scaleFactor: 0.0
14:23:47.438 [openiec61850-osi-server-7-thread-1] DEBUG com.beanit.openiec61850.ServerAssociation - sub BDA is:IEDBiogasCHP/MMXU1.PF.neut.angSVC.offset: 0.0
14:23:47.438 [openiec61850-osi-server-7-thread-1] DEBUG com.beanit.openiec61850.ServerAssociation - sub BDA is:IEDBiogasCHP/MMXU1.PF.neut.angRef: 0
14:23:47.438 [openiec61850-osi-server-7-thread-1] DEBUG com.beanit.openiec61850.ServerAssociation - sub BDA is:IEDBiogasCHP/MMXU1.PF.neut.smpRate: 0
14:23:47.438 [openiec61850-osi-server-7-thread-1] DEBUG com.beanit.openiec61850.ServerAssociation - sub BDA is:IEDBiogasCHP/MMXU1.PF.net.units.SIUnit: 0
14:23:47.438 [openiec61850-osi-server-7-thread-1] DEBUG com.beanit.openiec61850.ServerAssociation - sub BDA is:IEDBiogasCHP/MMXU1.PF.net.units.multiplier: 0
14:23:47.438 [openiec61850-osi-server-7-thread-1] DEBUG com.beanit.openiec61850.ServerAssociation - sub BDA is:IEDBiogasCHP/MMXU1.PF.net.db: 0
14:23:47.438 [openiec61850-osi-server-7-thread-1] DEBUG com.beanit.openiec61850.ServerAssociation - sub BDA is:IEDBiogasCHP/MMXU1.PF.net.zeroDb: 0
14:23:47.438 [openiec61850-osi-server-7-thread-1] DEBUG com.beanit.openiec61850.ServerAssociation - sub BDA is:IEDBiogasCHP/MMXU1.PF.net.rangeC.hhLim.i: 0
14:23:47.438 [openiec61850-osi-server-7-thread-1] DEBUG com.beanit.openiec61850.ServerAssociation - sub BDA is:IEDBiogasCHP/MMXU1.PF.net.rangeC.hhLim.f: 0.0
14:23:47.438 [openiec61850-osi-server-7-thread-1] DEBUG com.beanit.openiec61850.ServerAssociation - sub BDA is:IEDBiogasCHP/MMXU1.PF.net.rangeC.hLim.i: 0
14:23:47.438 [openiec61850-osi-server-7-thread-1] DEBUG com.beanit.openiec61850.ServerAssociation - sub BDA is:IEDBiogasCHP/MMXU1.PF.net.rangeC.hLim.f: 0.0
14:23:47.438 [openiec61850-osi-server-7-thread-1] DEBUG com.beanit.openiec61850.ServerAssociation - sub BDA is:IEDBiogasCHP/MMXU1.PF.net.rangeC.lLim.i: 0
14:23:47.438 [openiec61850-osi-server-7-thread-1] DEBUG com.beanit.openiec61850.ServerAssociation - sub BDA is:IEDBiogasCHP/MMXU1.PF.net.rangeC.lLim.f: 0.0
14:23:47.438 [openiec61850-osi-server-7-thread-1] DEBUG com.beanit.openiec61850.ServerAssociation - sub BDA is:IEDBiogasCHP/MMXU1.PF.net.rangeC.llLim.i: 0
14:23:47.438 [openiec61850-osi-server-7-thread-1] DEBUG com.beanit.openiec61850.ServerAssociation - sub BDA is:IEDBiogasCHP/MMXU1.PF.net.rangeC.llLim.f: 0.0
14:23:47.438 [openiec61850-osi-server-7-thread-1] DEBUG com.beanit.openiec61850.ServerAssociation - sub BDA is:IEDBiogasCHP/MMXU1.PF.net.rangeC.min.i: 0
14:23:47.438 [openiec61850-osi-server-7-thread-1] DEBUG com.beanit.openiec61850.ServerAssociation - sub BDA is:IEDBiogasCHP/MMXU1.PF.net.rangeC.min.f: 0.0
14:23:47.438 [openiec61850-osi-server-7-thread-1] DEBUG com.beanit.openiec61850.ServerAssociation - sub BDA is:IEDBiogasCHP/MMXU1.PF.net.rangeC.max.i: 0
14:23:47.438 [openiec61850-osi-server-7-thread-1] DEBUG com.beanit.openiec61850.ServerAssociation - sub BDA is:IEDBiogasCHP/MMXU1.PF.net.rangeC.max.f: 0.0
14:23:47.438 [openiec61850-osi-server-7-thread-1] DEBUG com.beanit.openiec61850.ServerAssociation - sub BDA is:IEDBiogasCHP/MMXU1.PF.net.magSVC.scaleFactor: 0.0
14:23:47.438 [openiec61850-osi-server-7-thread-1] DEBUG com.beanit.openiec61850.ServerAssociation - sub BDA is:IEDBiogasCHP/MMXU1.PF.net.magSVC.offset: 0.0
14:23:47.438 [openiec61850-osi-server-7-thread-1] DEBUG com.beanit.openiec61850.ServerAssociation - sub BDA is:IEDBiogasCHP/MMXU1.PF.net.angSVC.scaleFactor: 0.0
14:23:47.438 [openiec61850-osi-server-7-thread-1] DEBUG com.beanit.openiec61850.ServerAssociation - sub BDA is:IEDBiogasCHP/MMXU1.PF.net.angSVC.offset: 0.0
14:23:47.438 [openiec61850-osi-server-7-thread-1] DEBUG com.beanit.openiec61850.ServerAssociation - sub BDA is:IEDBiogasCHP/MMXU1.PF.net.angRef: 0
14:23:47.438 [openiec61850-osi-server-7-thread-1] DEBUG com.beanit.openiec61850.ServerAssociation - sub BDA is:IEDBiogasCHP/MMXU1.PF.net.smpRate: 0
14:23:47.438 [openiec61850-osi-server-7-thread-1] DEBUG com.beanit.openiec61850.ServerAssociation - sub BDA is:IEDBiogasCHP/MMXU1.PF.res.units.SIUnit: 0
14:23:47.438 [openiec61850-osi-server-7-thread-1] DEBUG com.beanit.openiec61850.ServerAssociation - sub BDA is:IEDBiogasCHP/MMXU1.PF.res.units.multiplier: 0
14:23:47.438 [openiec61850-osi-server-7-thread-1] DEBUG com.beanit.openiec61850.ServerAssociation - sub BDA is:IEDBiogasCHP/MMXU1.PF.res.db: 0
14:23:47.438 [openiec61850-osi-server-7-thread-1] DEBUG com.beanit.openiec61850.ServerAssociation - sub BDA is:IEDBiogasCHP/MMXU1.PF.res.zeroDb: 0
14:23:47.438 [openiec61850-osi-server-7-thread-1] DEBUG com.beanit.openiec61850.ServerAssociation - sub BDA is:IEDBiogasCHP/MMXU1.PF.res.rangeC.hhLim.i: 0
14:23:47.438 [openiec61850-osi-server-7-thread-1] DEBUG com.beanit.openiec61850.ServerAssociation - sub BDA is:IEDBiogasCHP/MMXU1.PF.res.rangeC.hhLim.f: 0.0
14:23:47.438 [openiec61850-osi-server-7-thread-1] DEBUG com.beanit.openiec61850.ServerAssociation - sub BDA is:IEDBiogasCHP/MMXU1.PF.res.rangeC.hLim.i: 0
14:23:47.438 [openiec61850-osi-server-7-thread-1] DEBUG com.beanit.openiec61850.ServerAssociation - sub BDA is:IEDBiogasCHP/MMXU1.PF.res.rangeC.hLim.f: 0.0
14:23:47.438 [openiec61850-osi-server-7-thread-1] DEBUG com.beanit.openiec61850.ServerAssociation - sub BDA is:IEDBiogasCHP/MMXU1.PF.res.rangeC.lLim.i: 0
14:23:47.438 [openiec61850-osi-server-7-thread-1] DEBUG com.beanit.openiec61850.ServerAssociation - sub BDA is:IEDBiogasCHP/MMXU1.PF.res.rangeC.lLim.f: 0.0
14:23:47.438 [openiec61850-osi-server-7-thread-1] DEBUG com.beanit.openiec61850.ServerAssociation - sub BDA is:IEDBiogasCHP/MMXU1.PF.res.rangeC.llLim.i: 0
14:23:47.438 [openiec61850-osi-server-7-thread-1] DEBUG com.beanit.openiec61850.ServerAssociation - sub BDA is:IEDBiogasCHP/MMXU1.PF.res.rangeC.llLim.f: 0.0
14:23:47.438 [openiec61850-osi-server-7-thread-1] DEBUG com.beanit.openiec61850.ServerAssociation - sub BDA is:IEDBiogasCHP/MMXU1.PF.res.rangeC.min.i: 0
14:23:47.438 [openiec61850-osi-server-7-thread-1] DEBUG com.beanit.openiec61850.ServerAssociation - sub BDA is:IEDBiogasCHP/MMXU1.PF.res.rangeC.min.f: 0.0
14:23:47.438 [openiec61850-osi-server-7-thread-1] DEBUG com.beanit.openiec61850.ServerAssociation - sub BDA is:IEDBiogasCHP/MMXU1.PF.res.rangeC.max.i: 0
14:23:47.438 [openiec61850-osi-server-7-thread-1] DEBUG com.beanit.openiec61850.ServerAssociation - sub BDA is:IEDBiogasCHP/MMXU1.PF.res.rangeC.max.f: 0.0
14:23:47.438 [openiec61850-osi-server-7-thread-1] DEBUG com.beanit.openiec61850.ServerAssociation - sub BDA is:IEDBiogasCHP/MMXU1.PF.res.magSVC.scaleFactor: 0.0
14:23:47.438 [openiec61850-osi-server-7-thread-1] DEBUG com.beanit.openiec61850.ServerAssociation - sub BDA is:IEDBiogasCHP/MMXU1.PF.res.magSVC.offset: 0.0
14:23:47.438 [openiec61850-osi-server-7-thread-1] DEBUG com.beanit.openiec61850.ServerAssociation - sub BDA is:IEDBiogasCHP/MMXU1.PF.res.angSVC.scaleFactor: 0.0
14:23:47.438 [openiec61850-osi-server-7-thread-1] DEBUG com.beanit.openiec61850.ServerAssociation - sub BDA is:IEDBiogasCHP/MMXU1.PF.res.angSVC.offset: 0.0
14:23:47.438 [openiec61850-osi-server-7-thread-1] DEBUG com.beanit.openiec61850.ServerAssociation - sub BDA is:IEDBiogasCHP/MMXU1.PF.res.angRef: 0
14:23:47.438 [openiec61850-osi-server-7-thread-1] DEBUG com.beanit.openiec61850.ServerAssociation - sub BDA is:IEDBiogasCHP/MMXU1.PF.res.smpRate: 0
calling GetDataValues(IEDBiogasCHP/MMXU1.PF.angRef)
14:23:47.438 [openiec61850-osi-server-7-thread-1] DEBUG com.beanit.openiec61850.ServerAssociation - Got a GetDataValues request for node: IEDBiogasCHP/MMXU1.PF.angRef: 0
calling GetDataValues(IEDBiogasCHP/MMXU1.PF.phsA)
14:23:47.438 [openiec61850-osi-server-7-thread-1] DEBUG com.beanit.openiec61850.ServerAssociation - Got a GetDataValues request for node: IEDBiogasCHP/MMXU1.PF.phsA [CF]
IEDBiogasCHP/MMXU1.PF.phsA.units [CF]
IEDBiogasCHP/MMXU1.PF.phsA.units.SIUnit: 0
IEDBiogasCHP/MMXU1.PF.phsA.units.multiplier: 0
IEDBiogasCHP/MMXU1.PF.phsA.db: 0
IEDBiogasCHP/MMXU1.PF.phsA.zeroDb: 0
IEDBiogasCHP/MMXU1.PF.phsA.rangeC [CF]
IEDBiogasCHP/MMXU1.PF.phsA.rangeC.hhLim [CF]
IEDBiogasCHP/MMXU1.PF.phsA.rangeC.hhLim.i: 0
IEDBiogasCHP/MMXU1.PF.phsA.rangeC.hhLim.f: 0.0
IEDBiogasCHP/MMXU1.PF.phsA.rangeC.hLim [CF]
IEDBiogasCHP/MMXU1.PF.phsA.rangeC.hLim.i: 0
IEDBiogasCHP/MMXU1.PF.phsA.rangeC.hLim.f: 0.0
IEDBiogasCHP/MMXU1.PF.phsA.rangeC.lLim [CF]
IEDBiogasCHP/MMXU1.PF.phsA.rangeC.lLim.i: 0
IEDBiogasCHP/MMXU1.PF.phsA.rangeC.lLim.f: 0.0
IEDBiogasCHP/MMXU1.PF.phsA.rangeC.llLim [CF]
IEDBiogasCHP/MMXU1.PF.phsA.rangeC.llLim.i: 0
IEDBiogasCHP/MMXU1.PF.phsA.rangeC.llLim.f: 0.0
IEDBiogasCHP/MMXU1.PF.phsA.rangeC.min [CF]
IEDBiogasCHP/MMXU1.PF.phsA.rangeC.min.i: 0
IEDBiogasCHP/MMXU1.PF.phsA.rangeC.min.f: 0.0
IEDBiogasCHP/MMXU1.PF.phsA.rangeC.max [CF]
IEDBiogasCHP/MMXU1.PF.phsA.rangeC.max.i: 0
IEDBiogasCHP/MMXU1.PF.phsA.rangeC.max.f: 0.0
IEDBiogasCHP/MMXU1.PF.phsA.magSVC [CF]
IEDBiogasCHP/MMXU1.PF.phsA.magSVC.scaleFactor: 0.0
IEDBiogasCHP/MMXU1.PF.phsA.magSVC.offset: 0.0
IEDBiogasCHP/MMXU1.PF.phsA.angSVC [CF]
IEDBiogasCHP/MMXU1.PF.phsA.angSVC.scaleFactor: 0.0
IEDBiogasCHP/MMXU1.PF.phsA.angSVC.offset: 0.0
IEDBiogasCHP/MMXU1.PF.phsA.angRef: 0
IEDBiogasCHP/MMXU1.PF.phsA.smpRate: 0
14:23:47.438 [openiec61850-osi-server-7-thread-1] DEBUG com.beanit.openiec61850.ServerAssociation - sub BDA is:IEDBiogasCHP/MMXU1.PF.phsA.units.SIUnit: 0
14:23:47.438 [openiec61850-osi-server-7-thread-1] DEBUG com.beanit.openiec61850.ServerAssociation - sub BDA is:IEDBiogasCHP/MMXU1.PF.phsA.units.multiplier: 0
14:23:47.438 [openiec61850-osi-server-7-thread-1] DEBUG com.beanit.openiec61850.ServerAssociation - sub BDA is:IEDBiogasCHP/MMXU1.PF.phsA.db: 0
14:23:47.438 [openiec61850-osi-server-7-thread-1] DEBUG com.beanit.openiec61850.ServerAssociation - sub BDA is:IEDBiogasCHP/MMXU1.PF.phsA.zeroDb: 0
14:23:47.438 [openiec61850-osi-server-7-thread-1] DEBUG com.beanit.openiec61850.ServerAssociation - sub BDA is:IEDBiogasCHP/MMXU1.PF.phsA.rangeC.hhLim.i: 0
14:23:47.438 [openiec61850-osi-server-7-thread-1] DEBUG com.beanit.openiec61850.ServerAssociation - sub BDA is:IEDBiogasCHP/MMXU1.PF.phsA.rangeC.hhLim.f: 0.0
14:23:47.438 [openiec61850-osi-server-7-thread-1] DEBUG com.beanit.openiec61850.ServerAssociation - sub BDA is:IEDBiogasCHP/MMXU1.PF.phsA.rangeC.hLim.i: 0
14:23:47.438 [openiec61850-osi-server-7-thread-1] DEBUG com.beanit.openiec61850.ServerAssociation - sub BDA is:IEDBiogasCHP/MMXU1.PF.phsA.rangeC.hLim.f: 0.0
14:23:47.438 [openiec61850-osi-server-7-thread-1] DEBUG com.beanit.openiec61850.ServerAssociation - sub BDA is:IEDBiogasCHP/MMXU1.PF.phsA.rangeC.lLim.i: 0
14:23:47.438 [openiec61850-osi-server-7-thread-1] DEBUG com.beanit.openiec61850.ServerAssociation - sub BDA is:IEDBiogasCHP/MMXU1.PF.phsA.rangeC.lLim.f: 0.0
14:23:47.438 [openiec61850-osi-server-7-thread-1] DEBUG com.beanit.openiec61850.ServerAssociation - sub BDA is:IEDBiogasCHP/MMXU1.PF.phsA.rangeC.llLim.i: 0
14:23:47.438 [openiec61850-osi-server-7-thread-1] DEBUG com.beanit.openiec61850.ServerAssociation - sub BDA is:IEDBiogasCHP/MMXU1.PF.phsA.rangeC.llLim.f: 0.0
14:23:47.438 [openiec61850-osi-server-7-thread-1] DEBUG com.beanit.openiec61850.ServerAssociation - sub BDA is:IEDBiogasCHP/MMXU1.PF.phsA.rangeC.min.i: 0
14:23:47.439 [openiec61850-osi-server-7-thread-1] DEBUG com.beanit.openiec61850.ServerAssociation - sub BDA is:IEDBiogasCHP/MMXU1.PF.phsA.rangeC.min.f: 0.0
14:23:47.439 [openiec61850-osi-server-7-thread-1] DEBUG com.beanit.openiec61850.ServerAssociation - sub BDA is:IEDBiogasCHP/MMXU1.PF.phsA.rangeC.max.i: 0
14:23:47.439 [openiec61850-osi-server-7-thread-1] DEBUG com.beanit.openiec61850.ServerAssociation - sub BDA is:IEDBiogasCHP/MMXU1.PF.phsA.rangeC.max.f: 0.0
14:23:47.439 [openiec61850-osi-server-7-thread-1] DEBUG com.beanit.openiec61850.ServerAssociation - sub BDA is:IEDBiogasCHP/MMXU1.PF.phsA.magSVC.scaleFactor: 0.0
14:23:47.439 [openiec61850-osi-server-7-thread-1] DEBUG com.beanit.openiec61850.ServerAssociation - sub BDA is:IEDBiogasCHP/MMXU1.PF.phsA.magSVC.offset: 0.0
14:23:47.439 [openiec61850-osi-server-7-thread-1] DEBUG com.beanit.openiec61850.ServerAssociation - sub BDA is:IEDBiogasCHP/MMXU1.PF.phsA.angSVC.scaleFactor: 0.0
14:23:47.439 [openiec61850-osi-server-7-thread-1] DEBUG com.beanit.openiec61850.ServerAssociation - sub BDA is:IEDBiogasCHP/MMXU1.PF.phsA.angSVC.offset: 0.0
14:23:47.439 [openiec61850-osi-server-7-thread-1] DEBUG com.beanit.openiec61850.ServerAssociation - sub BDA is:IEDBiogasCHP/MMXU1.PF.phsA.angRef: 0
14:23:47.439 [openiec61850-osi-server-7-thread-1] DEBUG com.beanit.openiec61850.ServerAssociation - sub BDA is:IEDBiogasCHP/MMXU1.PF.phsA.smpRate: 0
calling GetDataValues(IEDBiogasCHP/MMXU1.PF.phsA.units)
14:23:47.439 [openiec61850-osi-server-7-thread-1] DEBUG com.beanit.openiec61850.ServerAssociation - Got a GetDataValues request for node: IEDBiogasCHP/MMXU1.PF.phsA.units [CF]
IEDBiogasCHP/MMXU1.PF.phsA.units.SIUnit: 0
IEDBiogasCHP/MMXU1.PF.phsA.units.multiplier: 0
14:23:47.439 [openiec61850-osi-server-7-thread-1] DEBUG com.beanit.openiec61850.ServerAssociation - sub BDA is:IEDBiogasCHP/MMXU1.PF.phsA.units.SIUnit: 0
14:23:47.439 [openiec61850-osi-server-7-thread-1] DEBUG com.beanit.openiec61850.ServerAssociation - sub BDA is:IEDBiogasCHP/MMXU1.PF.phsA.units.multiplier: 0
calling GetDataValues(IEDBiogasCHP/MMXU1.PF.phsA.units.SIUnit)
14:23:47.439 [openiec61850-osi-server-7-thread-1] DEBUG com.beanit.openiec61850.ServerAssociation - Got a GetDataValues request for node: IEDBiogasCHP/MMXU1.PF.phsA.units.SIUnit: 0
calling GetDataValues(IEDBiogasCHP/MMXU1.PF.phsA.units.multiplier)
14:23:47.439 [openiec61850-osi-server-7-thread-1] DEBUG com.beanit.openiec61850.ServerAssociation - Got a GetDataValues request for node: IEDBiogasCHP/MMXU1.PF.phsA.units.multiplier: 0
calling GetDataValues(IEDBiogasCHP/MMXU1.PF.phsA.db)
14:23:47.439 [openiec61850-osi-server-7-thread-1] DEBUG com.beanit.openiec61850.ServerAssociation - Got a GetDataValues request for node: IEDBiogasCHP/MMXU1.PF.phsA.db: 0
calling GetDataValues(IEDBiogasCHP/MMXU1.PF.phsA.zeroDb)
14:23:47.439 [openiec61850-osi-server-7-thread-1] DEBUG com.beanit.openiec61850.ServerAssociation - Got a GetDataValues request for node: IEDBiogasCHP/MMXU1.PF.phsA.zeroDb: 0
calling GetDataValues(IEDBiogasCHP/MMXU1.PF.phsA.rangeC)
14:23:47.439 [openiec61850-osi-server-7-thread-1] DEBUG com.beanit.openiec61850.ServerAssociation - Got a GetDataValues request for node: IEDBiogasCHP/MMXU1.PF.phsA.rangeC [CF]
IEDBiogasCHP/MMXU1.PF.phsA.rangeC.hhLim [CF]
IEDBiogasCHP/MMXU1.PF.phsA.rangeC.hhLim.i: 0
IEDBiogasCHP/MMXU1.PF.phsA.rangeC.hhLim.f: 0.0
IEDBiogasCHP/MMXU1.PF.phsA.rangeC.hLim [CF]
IEDBiogasCHP/MMXU1.PF.phsA.rangeC.hLim.i: 0
IEDBiogasCHP/MMXU1.PF.phsA.rangeC.hLim.f: 0.0
IEDBiogasCHP/MMXU1.PF.phsA.rangeC.lLim [CF]
IEDBiogasCHP/MMXU1.PF.phsA.rangeC.lLim.i: 0
IEDBiogasCHP/MMXU1.PF.phsA.rangeC.lLim.f: 0.0
IEDBiogasCHP/MMXU1.PF.phsA.rangeC.llLim [CF]
IEDBiogasCHP/MMXU1.PF.phsA.rangeC.llLim.i: 0
IEDBiogasCHP/MMXU1.PF.phsA.rangeC.llLim.f: 0.0
IEDBiogasCHP/MMXU1.PF.phsA.rangeC.min [CF]
IEDBiogasCHP/MMXU1.PF.phsA.rangeC.min.i: 0
IEDBiogasCHP/MMXU1.PF.phsA.rangeC.min.f: 0.0
IEDBiogasCHP/MMXU1.PF.phsA.rangeC.max [CF]
IEDBiogasCHP/MMXU1.PF.phsA.rangeC.max.i: 0
IEDBiogasCHP/MMXU1.PF.phsA.rangeC.max.f: 0.0
14:23:47.439 [openiec61850-osi-server-7-thread-1] DEBUG com.beanit.openiec61850.ServerAssociation - sub BDA is:IEDBiogasCHP/MMXU1.PF.phsA.rangeC.hhLim.i: 0
14:23:47.439 [openiec61850-osi-server-7-thread-1] DEBUG com.beanit.openiec61850.ServerAssociation - sub BDA is:IEDBiogasCHP/MMXU1.PF.phsA.rangeC.hhLim.f: 0.0
14:23:47.439 [openiec61850-osi-server-7-thread-1] DEBUG com.beanit.openiec61850.ServerAssociation - sub BDA is:IEDBiogasCHP/MMXU1.PF.phsA.rangeC.hLim.i: 0
14:23:47.439 [openiec61850-osi-server-7-thread-1] DEBUG com.beanit.openiec61850.ServerAssociation - sub BDA is:IEDBiogasCHP/MMXU1.PF.phsA.rangeC.hLim.f: 0.0
14:23:47.439 [openiec61850-osi-server-7-thread-1] DEBUG com.beanit.openiec61850.ServerAssociation - sub BDA is:IEDBiogasCHP/MMXU1.PF.phsA.rangeC.lLim.i: 0
14:23:47.439 [openiec61850-osi-server-7-thread-1] DEBUG com.beanit.openiec61850.ServerAssociation - sub BDA is:IEDBiogasCHP/MMXU1.PF.phsA.rangeC.lLim.f: 0.0
14:23:47.439 [openiec61850-osi-server-7-thread-1] DEBUG com.beanit.openiec61850.ServerAssociation - sub BDA is:IEDBiogasCHP/MMXU1.PF.phsA.rangeC.llLim.i: 0
14:23:47.439 [openiec61850-osi-server-7-thread-1] DEBUG com.beanit.openiec61850.ServerAssociation - sub BDA is:IEDBiogasCHP/MMXU1.PF.phsA.rangeC.llLim.f: 0.0
14:23:47.439 [openiec61850-osi-server-7-thread-1] DEBUG com.beanit.openiec61850.ServerAssociation - sub BDA is:IEDBiogasCHP/MMXU1.PF.phsA.rangeC.min.i: 0
14:23:47.439 [openiec61850-osi-server-7-thread-1] DEBUG com.beanit.openiec61850.ServerAssociation - sub BDA is:IEDBiogasCHP/MMXU1.PF.phsA.rangeC.min.f: 0.0
14:23:47.439 [openiec61850-osi-server-7-thread-1] DEBUG com.beanit.openiec61850.ServerAssociation - sub BDA is:IEDBiogasCHP/MMXU1.PF.phsA.rangeC.max.i: 0
14:23:47.439 [openiec61850-osi-server-7-thread-1] DEBUG com.beanit.openiec61850.ServerAssociation - sub BDA is:IEDBiogasCHP/MMXU1.PF.phsA.rangeC.max.f: 0.0
calling GetDataValues(IEDBiogasCHP/MMXU1.PF.phsA.rangeC.hhLim)
14:23:47.440 [openiec61850-osi-server-7-thread-1] DEBUG com.beanit.openiec61850.ServerAssociation - Got a GetDataValues request for node: IEDBiogasCHP/MMXU1.PF.phsA.rangeC.hhLim [CF]
IEDBiogasCHP/MMXU1.PF.phsA.rangeC.hhLim.i: 0
IEDBiogasCHP/MMXU1.PF.phsA.rangeC.hhLim.f: 0.0
14:23:47.440 [openiec61850-osi-server-7-thread-1] DEBUG com.beanit.openiec61850.ServerAssociation - sub BDA is:IEDBiogasCHP/MMXU1.PF.phsA.rangeC.hhLim.i: 0
14:23:47.440 [openiec61850-osi-server-7-thread-1] DEBUG com.beanit.openiec61850.ServerAssociation - sub BDA is:IEDBiogasCHP/MMXU1.PF.phsA.rangeC.hhLim.f: 0.0
calling GetDataValues(IEDBiogasCHP/MMXU1.PF.phsA.rangeC.hhLim.i)
14:23:47.440 [openiec61850-osi-server-7-thread-1] DEBUG com.beanit.openiec61850.ServerAssociation - Got a GetDataValues request for node: IEDBiogasCHP/MMXU1.PF.phsA.rangeC.hhLim.i: 0
calling GetDataValues(IEDBiogasCHP/MMXU1.PF.phsA.rangeC.hhLim.f)
14:23:47.440 [openiec61850-osi-server-7-thread-1] DEBUG com.beanit.openiec61850.ServerAssociation - Got a GetDataValues request for node: IEDBiogasCHP/MMXU1.PF.phsA.rangeC.hhLim.f: 0.0
calling GetDataValues(IEDBiogasCHP/MMXU1.PF.phsA.rangeC.hLim)
14:23:47.440 [openiec61850-osi-server-7-thread-1] DEBUG com.beanit.openiec61850.ServerAssociation - Got a GetDataValues request for node: IEDBiogasCHP/MMXU1.PF.phsA.rangeC.hLim [CF]
IEDBiogasCHP/MMXU1.PF.phsA.rangeC.hLim.i: 0
IEDBiogasCHP/MMXU1.PF.phsA.rangeC.hLim.f: 0.0
14:23:47.440 [openiec61850-osi-server-7-thread-1] DEBUG com.beanit.openiec61850.ServerAssociation - sub BDA is:IEDBiogasCHP/MMXU1.PF.phsA.rangeC.hLim.i: 0
14:23:47.440 [openiec61850-osi-server-7-thread-1] DEBUG com.beanit.openiec61850.ServerAssociation - sub BDA is:IEDBiogasCHP/MMXU1.PF.phsA.rangeC.hLim.f: 0.0
calling GetDataValues(IEDBiogasCHP/MMXU1.PF.phsA.rangeC.hLim.i)
14:23:47.440 [openiec61850-osi-server-7-thread-1] DEBUG com.beanit.openiec61850.ServerAssociation - Got a GetDataValues request for node: IEDBiogasCHP/MMXU1.PF.phsA.rangeC.hLim.i: 0
calling GetDataValues(IEDBiogasCHP/MMXU1.PF.phsA.rangeC.hLim.f)
14:23:47.440 [openiec61850-osi-server-7-thread-1] DEBUG com.beanit.openiec61850.ServerAssociation - Got a GetDataValues request for node: IEDBiogasCHP/MMXU1.PF.phsA.rangeC.hLim.f: 0.0
calling GetDataValues(IEDBiogasCHP/MMXU1.PF.phsA.rangeC.lLim)
14:23:47.440 [openiec61850-osi-server-7-thread-1] DEBUG com.beanit.openiec61850.ServerAssociation - Got a GetDataValues request for node: IEDBiogasCHP/MMXU1.PF.phsA.rangeC.lLim [CF]
IEDBiogasCHP/MMXU1.PF.phsA.rangeC.lLim.i: 0
IEDBiogasCHP/MMXU1.PF.phsA.rangeC.lLim.f: 0.0
14:23:47.440 [openiec61850-osi-server-7-thread-1] DEBUG com.beanit.openiec61850.ServerAssociation - sub BDA is:IEDBiogasCHP/MMXU1.PF.phsA.rangeC.lLim.i: 0
14:23:47.440 [openiec61850-osi-server-7-thread-1] DEBUG com.beanit.openiec61850.ServerAssociation - sub BDA is:IEDBiogasCHP/MMXU1.PF.phsA.rangeC.lLim.f: 0.0
calling GetDataValues(IEDBiogasCHP/MMXU1.PF.phsA.rangeC.lLim.i)
14:23:47.440 [openiec61850-osi-server-7-thread-1] DEBUG com.beanit.openiec61850.ServerAssociation - Got a GetDataValues request for node: IEDBiogasCHP/MMXU1.PF.phsA.rangeC.lLim.i: 0
calling GetDataValues(IEDBiogasCHP/MMXU1.PF.phsA.rangeC.lLim.f)
14:23:47.441 [openiec61850-osi-server-7-thread-1] DEBUG com.beanit.openiec61850.ServerAssociation - Got a GetDataValues request for node: IEDBiogasCHP/MMXU1.PF.phsA.rangeC.lLim.f: 0.0
calling GetDataValues(IEDBiogasCHP/MMXU1.PF.phsA.rangeC.llLim)
14:23:47.441 [openiec61850-osi-server-7-thread-1] DEBUG com.beanit.openiec61850.ServerAssociation - Got a GetDataValues request for node: IEDBiogasCHP/MMXU1.PF.phsA.rangeC.llLim [CF]
IEDBiogasCHP/MMXU1.PF.phsA.rangeC.llLim.i: 0
IEDBiogasCHP/MMXU1.PF.phsA.rangeC.llLim.f: 0.0
14:23:47.441 [openiec61850-osi-server-7-thread-1] DEBUG com.beanit.openiec61850.ServerAssociation - sub BDA is:IEDBiogasCHP/MMXU1.PF.phsA.rangeC.llLim.i: 0
14:23:47.441 [openiec61850-osi-server-7-thread-1] DEBUG com.beanit.openiec61850.ServerAssociation - sub BDA is:IEDBiogasCHP/MMXU1.PF.phsA.rangeC.llLim.f: 0.0
calling GetDataValues(IEDBiogasCHP/MMXU1.PF.phsA.rangeC.llLim.i)
14:23:47.441 [openiec61850-osi-server-7-thread-1] DEBUG com.beanit.openiec61850.ServerAssociation - Got a GetDataValues request for node: IEDBiogasCHP/MMXU1.PF.phsA.rangeC.llLim.i: 0
calling GetDataValues(IEDBiogasCHP/MMXU1.PF.phsA.rangeC.llLim.f)
14:23:47.441 [openiec61850-osi-server-7-thread-1] DEBUG com.beanit.openiec61850.ServerAssociation - Got a GetDataValues request for node: IEDBiogasCHP/MMXU1.PF.phsA.rangeC.llLim.f: 0.0
calling GetDataValues(IEDBiogasCHP/MMXU1.PF.phsA.rangeC.min)
14:23:47.441 [openiec61850-osi-server-7-thread-1] DEBUG com.beanit.openiec61850.ServerAssociation - Got a GetDataValues request for node: IEDBiogasCHP/MMXU1.PF.phsA.rangeC.min [CF]
IEDBiogasCHP/MMXU1.PF.phsA.rangeC.min.i: 0
IEDBiogasCHP/MMXU1.PF.phsA.rangeC.min.f: 0.0
14:23:47.441 [openiec61850-osi-server-7-thread-1] DEBUG com.beanit.openiec61850.ServerAssociation - sub BDA is:IEDBiogasCHP/MMXU1.PF.phsA.rangeC.min.i: 0
14:23:47.441 [openiec61850-osi-server-7-thread-1] DEBUG com.beanit.openiec61850.ServerAssociation - sub BDA is:IEDBiogasCHP/MMXU1.PF.phsA.rangeC.min.f: 0.0
calling GetDataValues(IEDBiogasCHP/MMXU1.PF.phsA.rangeC.min.i)
14:23:47.441 [openiec61850-osi-server-7-thread-1] DEBUG com.beanit.openiec61850.ServerAssociation - Got a GetDataValues request for node: IEDBiogasCHP/MMXU1.PF.phsA.rangeC.min.i: 0
calling GetDataValues(IEDBiogasCHP/MMXU1.PF.phsA.rangeC.min.f)
14:23:47.441 [openiec61850-osi-server-7-thread-1] DEBUG com.beanit.openiec61850.ServerAssociation - Got a GetDataValues request for node: IEDBiogasCHP/MMXU1.PF.phsA.rangeC.min.f: 0.0
calling GetDataValues(IEDBiogasCHP/MMXU1.PF.phsA.rangeC.max)
14:23:47.441 [openiec61850-osi-server-7-thread-1] DEBUG com.beanit.openiec61850.ServerAssociation - Got a GetDataValues request for node: IEDBiogasCHP/MMXU1.PF.phsA.rangeC.max [CF]
IEDBiogasCHP/MMXU1.PF.phsA.rangeC.max.i: 0
IEDBiogasCHP/MMXU1.PF.phsA.rangeC.max.f: 0.0
14:23:47.441 [openiec61850-osi-server-7-thread-1] DEBUG com.beanit.openiec61850.ServerAssociation - sub BDA is:IEDBiogasCHP/MMXU1.PF.phsA.rangeC.max.i: 0
14:23:47.441 [openiec61850-osi-server-7-thread-1] DEBUG com.beanit.openiec61850.ServerAssociation - sub BDA is:IEDBiogasCHP/MMXU1.PF.phsA.rangeC.max.f: 0.0
calling GetDataValues(IEDBiogasCHP/MMXU1.PF.phsA.rangeC.max.i)
14:23:47.442 [openiec61850-osi-server-7-thread-1] DEBUG com.beanit.openiec61850.ServerAssociation - Got a GetDataValues request for node: IEDBiogasCHP/MMXU1.PF.phsA.rangeC.max.i: 0
calling GetDataValues(IEDBiogasCHP/MMXU1.PF.phsA.rangeC.max.f)
14:23:47.442 [openiec61850-osi-server-7-thread-1] DEBUG com.beanit.openiec61850.ServerAssociation - Got a GetDataValues request for node: IEDBiogasCHP/MMXU1.PF.phsA.rangeC.max.f: 0.0
calling GetDataValues(IEDBiogasCHP/MMXU1.PF.phsA.magSVC)
14:23:47.442 [openiec61850-osi-server-7-thread-1] DEBUG com.beanit.openiec61850.ServerAssociation - Got a GetDataValues request for node: IEDBiogasCHP/MMXU1.PF.phsA.magSVC [CF]
IEDBiogasCHP/MMXU1.PF.phsA.magSVC.scaleFactor: 0.0
IEDBiogasCHP/MMXU1.PF.phsA.magSVC.offset: 0.0
14:23:47.442 [openiec61850-osi-server-7-thread-1] DEBUG com.beanit.openiec61850.ServerAssociation - sub BDA is:IEDBiogasCHP/MMXU1.PF.phsA.magSVC.scaleFactor: 0.0
14:23:47.442 [openiec61850-osi-server-7-thread-1] DEBUG com.beanit.openiec61850.ServerAssociation - sub BDA is:IEDBiogasCHP/MMXU1.PF.phsA.magSVC.offset: 0.0
calling GetDataValues(IEDBiogasCHP/MMXU1.PF.phsA.magSVC.scaleFactor)
14:23:47.442 [openiec61850-osi-server-7-thread-1] DEBUG com.beanit.openiec61850.ServerAssociation - Got a GetDataValues request for node: IEDBiogasCHP/MMXU1.PF.phsA.magSVC.scaleFactor: 0.0
calling GetDataValues(IEDBiogasCHP/MMXU1.PF.phsA.magSVC.offset)
14:23:47.442 [openiec61850-osi-server-7-thread-1] DEBUG com.beanit.openiec61850.ServerAssociation - Got a GetDataValues request for node: IEDBiogasCHP/MMXU1.PF.phsA.magSVC.offset: 0.0
calling GetDataValues(IEDBiogasCHP/MMXU1.PF.phsA.angSVC)
14:23:47.442 [openiec61850-osi-server-7-thread-1] DEBUG com.beanit.openiec61850.ServerAssociation - Got a GetDataValues request for node: IEDBiogasCHP/MMXU1.PF.phsA.angSVC [CF]
IEDBiogasCHP/MMXU1.PF.phsA.angSVC.scaleFactor: 0.0
IEDBiogasCHP/MMXU1.PF.phsA.angSVC.offset: 0.0
14:23:47.442 [openiec61850-osi-server-7-thread-1] DEBUG com.beanit.openiec61850.ServerAssociation - sub BDA is:IEDBiogasCHP/MMXU1.PF.phsA.angSVC.scaleFactor: 0.0
14:23:47.442 [openiec61850-osi-server-7-thread-1] DEBUG com.beanit.openiec61850.ServerAssociation - sub BDA is:IEDBiogasCHP/MMXU1.PF.phsA.angSVC.offset: 0.0
calling GetDataValues(IEDBiogasCHP/MMXU1.PF.phsA.angSVC.scaleFactor)
14:23:47.442 [openiec61850-osi-server-7-thread-1] DEBUG com.beanit.openiec61850.ServerAssociation - Got a GetDataValues request for node: IEDBiogasCHP/MMXU1.PF.phsA.angSVC.scaleFactor: 0.0
calling GetDataValues(IEDBiogasCHP/MMXU1.PF.phsA.angSVC.offset)
14:23:47.442 [openiec61850-osi-server-7-thread-1] DEBUG com.beanit.openiec61850.ServerAssociation - Got a GetDataValues request for node: IEDBiogasCHP/MMXU1.PF.phsA.angSVC.offset: 0.0
calling GetDataValues(IEDBiogasCHP/MMXU1.PF.phsA.angRef)
14:23:47.442 [openiec61850-osi-server-7-thread-1] DEBUG com.beanit.openiec61850.ServerAssociation - Got a GetDataValues request for node: IEDBiogasCHP/MMXU1.PF.phsA.angRef: 0
calling GetDataValues(IEDBiogasCHP/MMXU1.PF.phsA.smpRate)
14:23:47.443 [openiec61850-osi-server-7-thread-1] DEBUG com.beanit.openiec61850.ServerAssociation - Got a GetDataValues request for node: IEDBiogasCHP/MMXU1.PF.phsA.smpRate: 0
calling GetDataValues(IEDBiogasCHP/MMXU1.PF.phsB)
14:23:47.443 [openiec61850-osi-server-7-thread-1] DEBUG com.beanit.openiec61850.ServerAssociation - Got a GetDataValues request for node: IEDBiogasCHP/MMXU1.PF.phsB [CF]
IEDBiogasCHP/MMXU1.PF.phsB.units [CF]
IEDBiogasCHP/MMXU1.PF.phsB.units.SIUnit: 0
IEDBiogasCHP/MMXU1.PF.phsB.units.multiplier: 0
IEDBiogasCHP/MMXU1.PF.phsB.db: 0
IEDBiogasCHP/MMXU1.PF.phsB.zeroDb: 0
IEDBiogasCHP/MMXU1.PF.phsB.rangeC [CF]
IEDBiogasCHP/MMXU1.PF.phsB.rangeC.hhLim [CF]
IEDBiogasCHP/MMXU1.PF.phsB.rangeC.hhLim.i: 0
IEDBiogasCHP/MMXU1.PF.phsB.rangeC.hhLim.f: 0.0
IEDBiogasCHP/MMXU1.PF.phsB.rangeC.hLim [CF]
IEDBiogasCHP/MMXU1.PF.phsB.rangeC.hLim.i: 0
IEDBiogasCHP/MMXU1.PF.phsB.rangeC.hLim.f: 0.0
IEDBiogasCHP/MMXU1.PF.phsB.rangeC.lLim [CF]
IEDBiogasCHP/MMXU1.PF.phsB.rangeC.lLim.i: 0
IEDBiogasCHP/MMXU1.PF.phsB.rangeC.lLim.f: 0.0
IEDBiogasCHP/MMXU1.PF.phsB.rangeC.llLim [CF]
IEDBiogasCHP/MMXU1.PF.phsB.rangeC.llLim.i: 0
IEDBiogasCHP/MMXU1.PF.phsB.rangeC.llLim.f: 0.0
IEDBiogasCHP/MMXU1.PF.phsB.rangeC.min [CF]
IEDBiogasCHP/MMXU1.PF.phsB.rangeC.min.i: 0
IEDBiogasCHP/MMXU1.PF.phsB.rangeC.min.f: 0.0
IEDBiogasCHP/MMXU1.PF.phsB.rangeC.max [CF]
IEDBiogasCHP/MMXU1.PF.phsB.rangeC.max.i: 0
IEDBiogasCHP/MMXU1.PF.phsB.rangeC.max.f: 0.0
IEDBiogasCHP/MMXU1.PF.phsB.magSVC [CF]
IEDBiogasCHP/MMXU1.PF.phsB.magSVC.scaleFactor: 0.0
IEDBiogasCHP/MMXU1.PF.phsB.magSVC.offset: 0.0
IEDBiogasCHP/MMXU1.PF.phsB.angSVC [CF]
IEDBiogasCHP/MMXU1.PF.phsB.angSVC.scaleFactor: 0.0
IEDBiogasCHP/MMXU1.PF.phsB.angSVC.offset: 0.0
IEDBiogasCHP/MMXU1.PF.phsB.angRef: 0
IEDBiogasCHP/MMXU1.PF.phsB.smpRate: 0
14:23:47.443 [openiec61850-osi-server-7-thread-1] DEBUG com.beanit.openiec61850.ServerAssociation - sub BDA is:IEDBiogasCHP/MMXU1.PF.phsB.units.SIUnit: 0
14:23:47.443 [openiec61850-osi-server-7-thread-1] DEBUG com.beanit.openiec61850.ServerAssociation - sub BDA is:IEDBiogasCHP/MMXU1.PF.phsB.units.multiplier: 0
14:23:47.443 [openiec61850-osi-server-7-thread-1] DEBUG com.beanit.openiec61850.ServerAssociation - sub BDA is:IEDBiogasCHP/MMXU1.PF.phsB.db: 0
14:23:47.443 [openiec61850-osi-server-7-thread-1] DEBUG com.beanit.openiec61850.ServerAssociation - sub BDA is:IEDBiogasCHP/MMXU1.PF.phsB.zeroDb: 0
14:23:47.443 [openiec61850-osi-server-7-thread-1] DEBUG com.beanit.openiec61850.ServerAssociation - sub BDA is:IEDBiogasCHP/MMXU1.PF.phsB.rangeC.hhLim.i: 0
14:23:47.443 [openiec61850-osi-server-7-thread-1] DEBUG com.beanit.openiec61850.ServerAssociation - sub BDA is:IEDBiogasCHP/MMXU1.PF.phsB.rangeC.hhLim.f: 0.0
14:23:47.443 [openiec61850-osi-server-7-thread-1] DEBUG com.beanit.openiec61850.ServerAssociation - sub BDA is:IEDBiogasCHP/MMXU1.PF.phsB.rangeC.hLim.i: 0
14:23:47.443 [openiec61850-osi-server-7-thread-1] DEBUG com.beanit.openiec61850.ServerAssociation - sub BDA is:IEDBiogasCHP/MMXU1.PF.phsB.rangeC.hLim.f: 0.0
14:23:47.443 [openiec61850-osi-server-7-thread-1] DEBUG com.beanit.openiec61850.ServerAssociation - sub BDA is:IEDBiogasCHP/MMXU1.PF.phsB.rangeC.lLim.i: 0
14:23:47.443 [openiec61850-osi-server-7-thread-1] DEBUG com.beanit.openiec61850.ServerAssociation - sub BDA is:IEDBiogasCHP/MMXU1.PF.phsB.rangeC.lLim.f: 0.0
14:23:47.443 [openiec61850-osi-server-7-thread-1] DEBUG com.beanit.openiec61850.ServerAssociation - sub BDA is:IEDBiogasCHP/MMXU1.PF.phsB.rangeC.llLim.i: 0
14:23:47.443 [openiec61850-osi-server-7-thread-1] DEBUG com.beanit.openiec61850.ServerAssociation - sub BDA is:IEDBiogasCHP/MMXU1.PF.phsB.rangeC.llLim.f: 0.0
14:23:47.443 [openiec61850-osi-server-7-thread-1] DEBUG com.beanit.openiec61850.ServerAssociation - sub BDA is:IEDBiogasCHP/MMXU1.PF.phsB.rangeC.min.i: 0
14:23:47.443 [openiec61850-osi-server-7-thread-1] DEBUG com.beanit.openiec61850.ServerAssociation - sub BDA is:IEDBiogasCHP/MMXU1.PF.phsB.rangeC.min.f: 0.0
14:23:47.443 [openiec61850-osi-server-7-thread-1] DEBUG com.beanit.openiec61850.ServerAssociation - sub BDA is:IEDBiogasCHP/MMXU1.PF.phsB.rangeC.max.i: 0
14:23:47.443 [openiec61850-osi-server-7-thread-1] DEBUG com.beanit.openiec61850.ServerAssociation - sub BDA is:IEDBiogasCHP/MMXU1.PF.phsB.rangeC.max.f: 0.0
14:23:47.443 [openiec61850-osi-server-7-thread-1] DEBUG com.beanit.openiec61850.ServerAssociation - sub BDA is:IEDBiogasCHP/MMXU1.PF.phsB.magSVC.scaleFactor: 0.0
14:23:47.443 [openiec61850-osi-server-7-thread-1] DEBUG com.beanit.openiec61850.ServerAssociation - sub BDA is:IEDBiogasCHP/MMXU1.PF.phsB.magSVC.offset: 0.0
14:23:47.443 [openiec61850-osi-server-7-thread-1] DEBUG com.beanit.openiec61850.ServerAssociation - sub BDA is:IEDBiogasCHP/MMXU1.PF.phsB.angSVC.scaleFactor: 0.0
14:23:47.443 [openiec61850-osi-server-7-thread-1] DEBUG com.beanit.openiec61850.ServerAssociation - sub BDA is:IEDBiogasCHP/MMXU1.PF.phsB.angSVC.offset: 0.0
14:23:47.443 [openiec61850-osi-server-7-thread-1] DEBUG com.beanit.openiec61850.ServerAssociation - sub BDA is:IEDBiogasCHP/MMXU1.PF.phsB.angRef: 0
14:23:47.443 [openiec61850-osi-server-7-thread-1] DEBUG com.beanit.openiec61850.ServerAssociation - sub BDA is:IEDBiogasCHP/MMXU1.PF.phsB.smpRate: 0
calling GetDataValues(IEDBiogasCHP/MMXU1.PF.phsB.units)
14:23:47.443 [openiec61850-osi-server-7-thread-1] DEBUG com.beanit.openiec61850.ServerAssociation - Got a GetDataValues request for node: IEDBiogasCHP/MMXU1.PF.phsB.units [CF]
IEDBiogasCHP/MMXU1.PF.phsB.units.SIUnit: 0
IEDBiogasCHP/MMXU1.PF.phsB.units.multiplier: 0
14:23:47.443 [openiec61850-osi-server-7-thread-1] DEBUG com.beanit.openiec61850.ServerAssociation - sub BDA is:IEDBiogasCHP/MMXU1.PF.phsB.units.SIUnit: 0
14:23:47.443 [openiec61850-osi-server-7-thread-1] DEBUG com.beanit.openiec61850.ServerAssociation - sub BDA is:IEDBiogasCHP/MMXU1.PF.phsB.units.multiplier: 0
calling GetDataValues(IEDBiogasCHP/MMXU1.PF.phsB.units.SIUnit)
14:23:47.443 [openiec61850-osi-server-7-thread-1] DEBUG com.beanit.openiec61850.ServerAssociation - Got a GetDataValues request for node: IEDBiogasCHP/MMXU1.PF.phsB.units.SIUnit: 0
calling GetDataValues(IEDBiogasCHP/MMXU1.PF.phsB.units.multiplier)
14:23:47.443 [openiec61850-osi-server-7-thread-1] DEBUG com.beanit.openiec61850.ServerAssociation - Got a GetDataValues request for node: IEDBiogasCHP/MMXU1.PF.phsB.units.multiplier: 0
calling GetDataValues(IEDBiogasCHP/MMXU1.PF.phsB.db)
14:23:47.443 [openiec61850-osi-server-7-thread-1] DEBUG com.beanit.openiec61850.ServerAssociation - Got a GetDataValues request for node: IEDBiogasCHP/MMXU1.PF.phsB.db: 0
calling GetDataValues(IEDBiogasCHP/MMXU1.PF.phsB.zeroDb)
14:23:47.443 [openiec61850-osi-server-7-thread-1] DEBUG com.beanit.openiec61850.ServerAssociation - Got a GetDataValues request for node: IEDBiogasCHP/MMXU1.PF.phsB.zeroDb: 0
calling GetDataValues(IEDBiogasCHP/MMXU1.PF.phsB.rangeC)
14:23:47.444 [openiec61850-osi-server-7-thread-1] DEBUG com.beanit.openiec61850.ServerAssociation - Got a GetDataValues request for node: IEDBiogasCHP/MMXU1.PF.phsB.rangeC [CF]
IEDBiogasCHP/MMXU1.PF.phsB.rangeC.hhLim [CF]
IEDBiogasCHP/MMXU1.PF.phsB.rangeC.hhLim.i: 0
IEDBiogasCHP/MMXU1.PF.phsB.rangeC.hhLim.f: 0.0
IEDBiogasCHP/MMXU1.PF.phsB.rangeC.hLim [CF]
IEDBiogasCHP/MMXU1.PF.phsB.rangeC.hLim.i: 0
IEDBiogasCHP/MMXU1.PF.phsB.rangeC.hLim.f: 0.0
IEDBiogasCHP/MMXU1.PF.phsB.rangeC.lLim [CF]
IEDBiogasCHP/MMXU1.PF.phsB.rangeC.lLim.i: 0
IEDBiogasCHP/MMXU1.PF.phsB.rangeC.lLim.f: 0.0
IEDBiogasCHP/MMXU1.PF.phsB.rangeC.llLim [CF]
IEDBiogasCHP/MMXU1.PF.phsB.rangeC.llLim.i: 0
IEDBiogasCHP/MMXU1.PF.phsB.rangeC.llLim.f: 0.0
IEDBiogasCHP/MMXU1.PF.phsB.rangeC.min [CF]
IEDBiogasCHP/MMXU1.PF.phsB.rangeC.min.i: 0
IEDBiogasCHP/MMXU1.PF.phsB.rangeC.min.f: 0.0
IEDBiogasCHP/MMXU1.PF.phsB.rangeC.max [CF]
IEDBiogasCHP/MMXU1.PF.phsB.rangeC.max.i: 0
IEDBiogasCHP/MMXU1.PF.phsB.rangeC.max.f: 0.0
14:23:47.444 [openiec61850-osi-server-7-thread-1] DEBUG com.beanit.openiec61850.ServerAssociation - sub BDA is:IEDBiogasCHP/MMXU1.PF.phsB.rangeC.hhLim.i: 0
14:23:47.444 [openiec61850-osi-server-7-thread-1] DEBUG com.beanit.openiec61850.ServerAssociation - sub BDA is:IEDBiogasCHP/MMXU1.PF.phsB.rangeC.hhLim.f: 0.0
14:23:47.444 [openiec61850-osi-server-7-thread-1] DEBUG com.beanit.openiec61850.ServerAssociation - sub BDA is:IEDBiogasCHP/MMXU1.PF.phsB.rangeC.hLim.i: 0
14:23:47.444 [openiec61850-osi-server-7-thread-1] DEBUG com.beanit.openiec61850.ServerAssociation - sub BDA is:IEDBiogasCHP/MMXU1.PF.phsB.rangeC.hLim.f: 0.0
14:23:47.444 [openiec61850-osi-server-7-thread-1] DEBUG com.beanit.openiec61850.ServerAssociation - sub BDA is:IEDBiogasCHP/MMXU1.PF.phsB.rangeC.lLim.i: 0
14:23:47.444 [openiec61850-osi-server-7-thread-1] DEBUG com.beanit.openiec61850.ServerAssociation - sub BDA is:IEDBiogasCHP/MMXU1.PF.phsB.rangeC.lLim.f: 0.0
14:23:47.444 [openiec61850-osi-server-7-thread-1] DEBUG com.beanit.openiec61850.ServerAssociation - sub BDA is:IEDBiogasCHP/MMXU1.PF.phsB.rangeC.llLim.i: 0
14:23:47.444 [openiec61850-osi-server-7-thread-1] DEBUG com.beanit.openiec61850.ServerAssociation - sub BDA is:IEDBiogasCHP/MMXU1.PF.phsB.rangeC.llLim.f: 0.0
14:23:47.444 [openiec61850-osi-server-7-thread-1] DEBUG com.beanit.openiec61850.ServerAssociation - sub BDA is:IEDBiogasCHP/MMXU1.PF.phsB.rangeC.min.i: 0
14:23:47.444 [openiec61850-osi-server-7-thread-1] DEBUG com.beanit.openiec61850.ServerAssociation - sub BDA is:IEDBiogasCHP/MMXU1.PF.phsB.rangeC.min.f: 0.0
14:23:47.444 [openiec61850-osi-server-7-thread-1] DEBUG com.beanit.openiec61850.ServerAssociation - sub BDA is:IEDBiogasCHP/MMXU1.PF.phsB.rangeC.max.i: 0
14:23:47.444 [openiec61850-osi-server-7-thread-1] DEBUG com.beanit.openiec61850.ServerAssociation - sub BDA is:IEDBiogasCHP/MMXU1.PF.phsB.rangeC.max.f: 0.0
calling GetDataValues(IEDBiogasCHP/MMXU1.PF.phsB.rangeC.hhLim)
14:23:47.444 [openiec61850-osi-server-7-thread-1] DEBUG com.beanit.openiec61850.ServerAssociation - Got a GetDataValues request for node: IEDBiogasCHP/MMXU1.PF.phsB.rangeC.hhLim [CF]
IEDBiogasCHP/MMXU1.PF.phsB.rangeC.hhLim.i: 0
IEDBiogasCHP/MMXU1.PF.phsB.rangeC.hhLim.f: 0.0
14:23:47.444 [openiec61850-osi-server-7-thread-1] DEBUG com.beanit.openiec61850.ServerAssociation - sub BDA is:IEDBiogasCHP/MMXU1.PF.phsB.rangeC.hhLim.i: 0
14:23:47.444 [openiec61850-osi-server-7-thread-1] DEBUG com.beanit.openiec61850.ServerAssociation - sub BDA is:IEDBiogasCHP/MMXU1.PF.phsB.rangeC.hhLim.f: 0.0
calling GetDataValues(IEDBiogasCHP/MMXU1.PF.phsB.rangeC.hhLim.i)
14:23:47.444 [openiec61850-osi-server-7-thread-1] DEBUG com.beanit.openiec61850.ServerAssociation - Got a GetDataValues request for node: IEDBiogasCHP/MMXU1.PF.phsB.rangeC.hhLim.i: 0
calling GetDataValues(IEDBiogasCHP/MMXU1.PF.phsB.rangeC.hhLim.f)
14:23:47.444 [openiec61850-osi-server-7-thread-1] DEBUG com.beanit.openiec61850.ServerAssociation - Got a GetDataValues request for node: IEDBiogasCHP/MMXU1.PF.phsB.rangeC.hhLim.f: 0.0
calling GetDataValues(IEDBiogasCHP/MMXU1.PF.phsB.rangeC.hLim)
14:23:47.444 [openiec61850-osi-server-7-thread-1] DEBUG com.beanit.openiec61850.ServerAssociation - Got a GetDataValues request for node: IEDBiogasCHP/MMXU1.PF.phsB.rangeC.hLim [CF]
IEDBiogasCHP/MMXU1.PF.phsB.rangeC.hLim.i: 0
IEDBiogasCHP/MMXU1.PF.phsB.rangeC.hLim.f: 0.0
14:23:47.444 [openiec61850-osi-server-7-thread-1] DEBUG com.beanit.openiec61850.ServerAssociation - sub BDA is:IEDBiogasCHP/MMXU1.PF.phsB.rangeC.hLim.i: 0
14:23:47.444 [openiec61850-osi-server-7-thread-1] DEBUG com.beanit.openiec61850.ServerAssociation - sub BDA is:IEDBiogasCHP/MMXU1.PF.phsB.rangeC.hLim.f: 0.0
calling GetDataValues(IEDBiogasCHP/MMXU1.PF.phsB.rangeC.hLim.i)
14:23:47.444 [openiec61850-osi-server-7-thread-1] DEBUG com.beanit.openiec61850.ServerAssociation - Got a GetDataValues request for node: IEDBiogasCHP/MMXU1.PF.phsB.rangeC.hLim.i: 0
calling GetDataValues(IEDBiogasCHP/MMXU1.PF.phsB.rangeC.hLim.f)
14:23:47.444 [openiec61850-osi-server-7-thread-1] DEBUG com.beanit.openiec61850.ServerAssociation - Got a GetDataValues request for node: IEDBiogasCHP/MMXU1.PF.phsB.rangeC.hLim.f: 0.0
calling GetDataValues(IEDBiogasCHP/MMXU1.PF.phsB.rangeC.lLim)
14:23:47.445 [openiec61850-osi-server-7-thread-1] DEBUG com.beanit.openiec61850.ServerAssociation - Got a GetDataValues request for node: IEDBiogasCHP/MMXU1.PF.phsB.rangeC.lLim [CF]
IEDBiogasCHP/MMXU1.PF.phsB.rangeC.lLim.i: 0
IEDBiogasCHP/MMXU1.PF.phsB.rangeC.lLim.f: 0.0
14:23:47.445 [openiec61850-osi-server-7-thread-1] DEBUG com.beanit.openiec61850.ServerAssociation - sub BDA is:IEDBiogasCHP/MMXU1.PF.phsB.rangeC.lLim.i: 0
14:23:47.445 [openiec61850-osi-server-7-thread-1] DEBUG com.beanit.openiec61850.ServerAssociation - sub BDA is:IEDBiogasCHP/MMXU1.PF.phsB.rangeC.lLim.f: 0.0
calling GetDataValues(IEDBiogasCHP/MMXU1.PF.phsB.rangeC.lLim.i)
14:23:47.445 [openiec61850-osi-server-7-thread-1] DEBUG com.beanit.openiec61850.ServerAssociation - Got a GetDataValues request for node: IEDBiogasCHP/MMXU1.PF.phsB.rangeC.lLim.i: 0
calling GetDataValues(IEDBiogasCHP/MMXU1.PF.phsB.rangeC.lLim.f)
14:23:47.445 [openiec61850-osi-server-7-thread-1] DEBUG com.beanit.openiec61850.ServerAssociation - Got a GetDataValues request for node: IEDBiogasCHP/MMXU1.PF.phsB.rangeC.lLim.f: 0.0
calling GetDataValues(IEDBiogasCHP/MMXU1.PF.phsB.rangeC.llLim)
14:23:47.445 [openiec61850-osi-server-7-thread-1] DEBUG com.beanit.openiec61850.ServerAssociation - Got a GetDataValues request for node: IEDBiogasCHP/MMXU1.PF.phsB.rangeC.llLim [CF]
IEDBiogasCHP/MMXU1.PF.phsB.rangeC.llLim.i: 0
IEDBiogasCHP/MMXU1.PF.phsB.rangeC.llLim.f: 0.0
14:23:47.445 [openiec61850-osi-server-7-thread-1] DEBUG com.beanit.openiec61850.ServerAssociation - sub BDA is:IEDBiogasCHP/MMXU1.PF.phsB.rangeC.llLim.i: 0
14:23:47.445 [openiec61850-osi-server-7-thread-1] DEBUG com.beanit.openiec61850.ServerAssociation - sub BDA is:IEDBiogasCHP/MMXU1.PF.phsB.rangeC.llLim.f: 0.0
calling GetDataValues(IEDBiogasCHP/MMXU1.PF.phsB.rangeC.llLim.i)
14:23:47.445 [openiec61850-osi-server-7-thread-1] DEBUG com.beanit.openiec61850.ServerAssociation - Got a GetDataValues request for node: IEDBiogasCHP/MMXU1.PF.phsB.rangeC.llLim.i: 0
calling GetDataValues(IEDBiogasCHP/MMXU1.PF.phsB.rangeC.llLim.f)
14:23:47.445 [openiec61850-osi-server-7-thread-1] DEBUG com.beanit.openiec61850.ServerAssociation - Got a GetDataValues request for node: IEDBiogasCHP/MMXU1.PF.phsB.rangeC.llLim.f: 0.0
calling GetDataValues(IEDBiogasCHP/MMXU1.PF.phsB.rangeC.min)
14:23:47.445 [openiec61850-osi-server-7-thread-1] DEBUG com.beanit.openiec61850.ServerAssociation - Got a GetDataValues request for node: IEDBiogasCHP/MMXU1.PF.phsB.rangeC.min [CF]
IEDBiogasCHP/MMXU1.PF.phsB.rangeC.min.i: 0
IEDBiogasCHP/MMXU1.PF.phsB.rangeC.min.f: 0.0
14:23:47.445 [openiec61850-osi-server-7-thread-1] DEBUG com.beanit.openiec61850.ServerAssociation - sub BDA is:IEDBiogasCHP/MMXU1.PF.phsB.rangeC.min.i: 0
14:23:47.445 [openiec61850-osi-server-7-thread-1] DEBUG com.beanit.openiec61850.ServerAssociation - sub BDA is:IEDBiogasCHP/MMXU1.PF.phsB.rangeC.min.f: 0.0
calling GetDataValues(IEDBiogasCHP/MMXU1.PF.phsB.rangeC.min.i)
14:23:47.445 [openiec61850-osi-server-7-thread-1] DEBUG com.beanit.openiec61850.ServerAssociation - Got a GetDataValues request for node: IEDBiogasCHP/MMXU1.PF.phsB.rangeC.min.i: 0
calling GetDataValues(IEDBiogasCHP/MMXU1.PF.phsB.rangeC.min.f)
14:23:47.446 [openiec61850-osi-server-7-thread-1] DEBUG com.beanit.openiec61850.ServerAssociation - Got a GetDataValues request for node: IEDBiogasCHP/MMXU1.PF.phsB.rangeC.min.f: 0.0
calling GetDataValues(IEDBiogasCHP/MMXU1.PF.phsB.rangeC.max)
14:23:47.446 [openiec61850-osi-server-7-thread-1] DEBUG com.beanit.openiec61850.ServerAssociation - Got a GetDataValues request for node: IEDBiogasCHP/MMXU1.PF.phsB.rangeC.max [CF]
IEDBiogasCHP/MMXU1.PF.phsB.rangeC.max.i: 0
IEDBiogasCHP/MMXU1.PF.phsB.rangeC.max.f: 0.0
14:23:47.446 [openiec61850-osi-server-7-thread-1] DEBUG com.beanit.openiec61850.ServerAssociation - sub BDA is:IEDBiogasCHP/MMXU1.PF.phsB.rangeC.max.i: 0
14:23:47.446 [openiec61850-osi-server-7-thread-1] DEBUG com.beanit.openiec61850.ServerAssociation - sub BDA is:IEDBiogasCHP/MMXU1.PF.phsB.rangeC.max.f: 0.0
calling GetDataValues(IEDBiogasCHP/MMXU1.PF.phsB.rangeC.max.i)
14:23:47.446 [openiec61850-osi-server-7-thread-1] DEBUG com.beanit.openiec61850.ServerAssociation - Got a GetDataValues request for node: IEDBiogasCHP/MMXU1.PF.phsB.rangeC.max.i: 0
calling GetDataValues(IEDBiogasCHP/MMXU1.PF.phsB.rangeC.max.f)
14:23:47.446 [openiec61850-osi-server-7-thread-1] DEBUG com.beanit.openiec61850.ServerAssociation - Got a GetDataValues request for node: IEDBiogasCHP/MMXU1.PF.phsB.rangeC.max.f: 0.0
calling GetDataValues(IEDBiogasCHP/MMXU1.PF.phsB.magSVC)
14:23:47.446 [openiec61850-osi-server-7-thread-1] DEBUG com.beanit.openiec61850.ServerAssociation - Got a GetDataValues request for node: IEDBiogasCHP/MMXU1.PF.phsB.magSVC [CF]
IEDBiogasCHP/MMXU1.PF.phsB.magSVC.scaleFactor: 0.0
IEDBiogasCHP/MMXU1.PF.phsB.magSVC.offset: 0.0
14:23:47.446 [openiec61850-osi-server-7-thread-1] DEBUG com.beanit.openiec61850.ServerAssociation - sub BDA is:IEDBiogasCHP/MMXU1.PF.phsB.magSVC.scaleFactor: 0.0
14:23:47.446 [openiec61850-osi-server-7-thread-1] DEBUG com.beanit.openiec61850.ServerAssociation - sub BDA is:IEDBiogasCHP/MMXU1.PF.phsB.magSVC.offset: 0.0
calling GetDataValues(IEDBiogasCHP/MMXU1.PF.phsB.magSVC.scaleFactor)
14:23:47.446 [openiec61850-osi-server-7-thread-1] DEBUG com.beanit.openiec61850.ServerAssociation - Got a GetDataValues request for node: IEDBiogasCHP/MMXU1.PF.phsB.magSVC.scaleFactor: 0.0
calling GetDataValues(IEDBiogasCHP/MMXU1.PF.phsB.magSVC.offset)
14:23:47.446 [openiec61850-osi-server-7-thread-1] DEBUG com.beanit.openiec61850.ServerAssociation - Got a GetDataValues request for node: IEDBiogasCHP/MMXU1.PF.phsB.magSVC.offset: 0.0
calling GetDataValues(IEDBiogasCHP/MMXU1.PF.phsB.angSVC)
14:23:47.447 [openiec61850-osi-server-7-thread-1] DEBUG com.beanit.openiec61850.ServerAssociation - Got a GetDataValues request for node: IEDBiogasCHP/MMXU1.PF.phsB.angSVC [CF]
IEDBiogasCHP/MMXU1.PF.phsB.angSVC.scaleFactor: 0.0
IEDBiogasCHP/MMXU1.PF.phsB.angSVC.offset: 0.0
14:23:47.447 [openiec61850-osi-server-7-thread-1] DEBUG com.beanit.openiec61850.ServerAssociation - sub BDA is:IEDBiogasCHP/MMXU1.PF.phsB.angSVC.scaleFactor: 0.0
14:23:47.447 [openiec61850-osi-server-7-thread-1] DEBUG com.beanit.openiec61850.ServerAssociation - sub BDA is:IEDBiogasCHP/MMXU1.PF.phsB.angSVC.offset: 0.0
calling GetDataValues(IEDBiogasCHP/MMXU1.PF.phsB.angSVC.scaleFactor)
14:23:47.447 [openiec61850-osi-server-7-thread-1] DEBUG com.beanit.openiec61850.ServerAssociation - Got a GetDataValues request for node: IEDBiogasCHP/MMXU1.PF.phsB.angSVC.scaleFactor: 0.0
calling GetDataValues(IEDBiogasCHP/MMXU1.PF.phsB.angSVC.offset)
14:23:47.447 [openiec61850-osi-server-7-thread-1] DEBUG com.beanit.openiec61850.ServerAssociation - Got a GetDataValues request for node: IEDBiogasCHP/MMXU1.PF.phsB.angSVC.offset: 0.0
calling GetDataValues(IEDBiogasCHP/MMXU1.PF.phsB.angRef)
14:23:47.447 [openiec61850-osi-server-7-thread-1] DEBUG com.beanit.openiec61850.ServerAssociation - Got a GetDataValues request for node: IEDBiogasCHP/MMXU1.PF.phsB.angRef: 0
calling GetDataValues(IEDBiogasCHP/MMXU1.PF.phsB.smpRate)
14:23:47.447 [openiec61850-osi-server-7-thread-1] DEBUG com.beanit.openiec61850.ServerAssociation - Got a GetDataValues request for node: IEDBiogasCHP/MMXU1.PF.phsB.smpRate: 0
calling GetDataValues(IEDBiogasCHP/MMXU1.PF.phsC)
14:23:47.447 [openiec61850-osi-server-7-thread-1] DEBUG com.beanit.openiec61850.ServerAssociation - Got a GetDataValues request for node: IEDBiogasCHP/MMXU1.PF.phsC [CF]
IEDBiogasCHP/MMXU1.PF.phsC.units [CF]
IEDBiogasCHP/MMXU1.PF.phsC.units.SIUnit: 0
IEDBiogasCHP/MMXU1.PF.phsC.units.multiplier: 0
IEDBiogasCHP/MMXU1.PF.phsC.db: 0
IEDBiogasCHP/MMXU1.PF.phsC.zeroDb: 0
IEDBiogasCHP/MMXU1.PF.phsC.rangeC [CF]
IEDBiogasCHP/MMXU1.PF.phsC.rangeC.hhLim [CF]
IEDBiogasCHP/MMXU1.PF.phsC.rangeC.hhLim.i: 0
IEDBiogasCHP/MMXU1.PF.phsC.rangeC.hhLim.f: 0.0
IEDBiogasCHP/MMXU1.PF.phsC.rangeC.hLim [CF]
IEDBiogasCHP/MMXU1.PF.phsC.rangeC.hLim.i: 0
IEDBiogasCHP/MMXU1.PF.phsC.rangeC.hLim.f: 0.0
IEDBiogasCHP/MMXU1.PF.phsC.rangeC.lLim [CF]
IEDBiogasCHP/MMXU1.PF.phsC.rangeC.lLim.i: 0
IEDBiogasCHP/MMXU1.PF.phsC.rangeC.lLim.f: 0.0
IEDBiogasCHP/MMXU1.PF.phsC.rangeC.llLim [CF]
IEDBiogasCHP/MMXU1.PF.phsC.rangeC.llLim.i: 0
IEDBiogasCHP/MMXU1.PF.phsC.rangeC.llLim.f: 0.0
IEDBiogasCHP/MMXU1.PF.phsC.rangeC.min [CF]
IEDBiogasCHP/MMXU1.PF.phsC.rangeC.min.i: 0
IEDBiogasCHP/MMXU1.PF.phsC.rangeC.min.f: 0.0
IEDBiogasCHP/MMXU1.PF.phsC.rangeC.max [CF]
IEDBiogasCHP/MMXU1.PF.phsC.rangeC.max.i: 0
IEDBiogasCHP/MMXU1.PF.phsC.rangeC.max.f: 0.0
IEDBiogasCHP/MMXU1.PF.phsC.magSVC [CF]
IEDBiogasCHP/MMXU1.PF.phsC.magSVC.scaleFactor: 0.0
IEDBiogasCHP/MMXU1.PF.phsC.magSVC.offset: 0.0
IEDBiogasCHP/MMXU1.PF.phsC.angSVC [CF]
IEDBiogasCHP/MMXU1.PF.phsC.angSVC.scaleFactor: 0.0
IEDBiogasCHP/MMXU1.PF.phsC.angSVC.offset: 0.0
IEDBiogasCHP/MMXU1.PF.phsC.angRef: 0
IEDBiogasCHP/MMXU1.PF.phsC.smpRate: 0
14:23:47.447 [openiec61850-osi-server-7-thread-1] DEBUG com.beanit.openiec61850.ServerAssociation - sub BDA is:IEDBiogasCHP/MMXU1.PF.phsC.units.SIUnit: 0
14:23:47.447 [openiec61850-osi-server-7-thread-1] DEBUG com.beanit.openiec61850.ServerAssociation - sub BDA is:IEDBiogasCHP/MMXU1.PF.phsC.units.multiplier: 0
14:23:47.447 [openiec61850-osi-server-7-thread-1] DEBUG com.beanit.openiec61850.ServerAssociation - sub BDA is:IEDBiogasCHP/MMXU1.PF.phsC.db: 0
14:23:47.447 [openiec61850-osi-server-7-thread-1] DEBUG com.beanit.openiec61850.ServerAssociation - sub BDA is:IEDBiogasCHP/MMXU1.PF.phsC.zeroDb: 0
14:23:47.447 [openiec61850-osi-server-7-thread-1] DEBUG com.beanit.openiec61850.ServerAssociation - sub BDA is:IEDBiogasCHP/MMXU1.PF.phsC.rangeC.hhLim.i: 0
14:23:47.447 [openiec61850-osi-server-7-thread-1] DEBUG com.beanit.openiec61850.ServerAssociation - sub BDA is:IEDBiogasCHP/MMXU1.PF.phsC.rangeC.hhLim.f: 0.0
14:23:47.447 [openiec61850-osi-server-7-thread-1] DEBUG com.beanit.openiec61850.ServerAssociation - sub BDA is:IEDBiogasCHP/MMXU1.PF.phsC.rangeC.hLim.i: 0
14:23:47.447 [openiec61850-osi-server-7-thread-1] DEBUG com.beanit.openiec61850.ServerAssociation - sub BDA is:IEDBiogasCHP/MMXU1.PF.phsC.rangeC.hLim.f: 0.0
14:23:47.447 [openiec61850-osi-server-7-thread-1] DEBUG com.beanit.openiec61850.ServerAssociation - sub BDA is:IEDBiogasCHP/MMXU1.PF.phsC.rangeC.lLim.i: 0
14:23:47.447 [openiec61850-osi-server-7-thread-1] DEBUG com.beanit.openiec61850.ServerAssociation - sub BDA is:IEDBiogasCHP/MMXU1.PF.phsC.rangeC.lLim.f: 0.0
14:23:47.447 [openiec61850-osi-server-7-thread-1] DEBUG com.beanit.openiec61850.ServerAssociation - sub BDA is:IEDBiogasCHP/MMXU1.PF.phsC.rangeC.llLim.i: 0
14:23:47.447 [openiec61850-osi-server-7-thread-1] DEBUG com.beanit.openiec61850.ServerAssociation - sub BDA is:IEDBiogasCHP/MMXU1.PF.phsC.rangeC.llLim.f: 0.0
14:23:47.447 [openiec61850-osi-server-7-thread-1] DEBUG com.beanit.openiec61850.ServerAssociation - sub BDA is:IEDBiogasCHP/MMXU1.PF.phsC.rangeC.min.i: 0
14:23:47.447 [openiec61850-osi-server-7-thread-1] DEBUG com.beanit.openiec61850.ServerAssociation - sub BDA is:IEDBiogasCHP/MMXU1.PF.phsC.rangeC.min.f: 0.0
14:23:47.447 [openiec61850-osi-server-7-thread-1] DEBUG com.beanit.openiec61850.ServerAssociation - sub BDA is:IEDBiogasCHP/MMXU1.PF.phsC.rangeC.max.i: 0
14:23:47.447 [openiec61850-osi-server-7-thread-1] DEBUG com.beanit.openiec61850.ServerAssociation - sub BDA is:IEDBiogasCHP/MMXU1.PF.phsC.rangeC.max.f: 0.0
14:23:47.447 [openiec61850-osi-server-7-thread-1] DEBUG com.beanit.openiec61850.ServerAssociation - sub BDA is:IEDBiogasCHP/MMXU1.PF.phsC.magSVC.scaleFactor: 0.0
14:23:47.447 [openiec61850-osi-server-7-thread-1] DEBUG com.beanit.openiec61850.ServerAssociation - sub BDA is:IEDBiogasCHP/MMXU1.PF.phsC.magSVC.offset: 0.0
14:23:47.447 [openiec61850-osi-server-7-thread-1] DEBUG com.beanit.openiec61850.ServerAssociation - sub BDA is:IEDBiogasCHP/MMXU1.PF.phsC.angSVC.scaleFactor: 0.0
14:23:47.447 [openiec61850-osi-server-7-thread-1] DEBUG com.beanit.openiec61850.ServerAssociation - sub BDA is:IEDBiogasCHP/MMXU1.PF.phsC.angSVC.offset: 0.0
14:23:47.447 [openiec61850-osi-server-7-thread-1] DEBUG com.beanit.openiec61850.ServerAssociation - sub BDA is:IEDBiogasCHP/MMXU1.PF.phsC.angRef: 0
14:23:47.447 [openiec61850-osi-server-7-thread-1] DEBUG com.beanit.openiec61850.ServerAssociation - sub BDA is:IEDBiogasCHP/MMXU1.PF.phsC.smpRate: 0
calling GetDataValues(IEDBiogasCHP/MMXU1.PF.phsC.units)
14:23:47.448 [openiec61850-osi-server-7-thread-1] DEBUG com.beanit.openiec61850.ServerAssociation - Got a GetDataValues request for node: IEDBiogasCHP/MMXU1.PF.phsC.units [CF]
IEDBiogasCHP/MMXU1.PF.phsC.units.SIUnit: 0
IEDBiogasCHP/MMXU1.PF.phsC.units.multiplier: 0
14:23:47.448 [openiec61850-osi-server-7-thread-1] DEBUG com.beanit.openiec61850.ServerAssociation - sub BDA is:IEDBiogasCHP/MMXU1.PF.phsC.units.SIUnit: 0
14:23:47.448 [openiec61850-osi-server-7-thread-1] DEBUG com.beanit.openiec61850.ServerAssociation - sub BDA is:IEDBiogasCHP/MMXU1.PF.phsC.units.multiplier: 0
calling GetDataValues(IEDBiogasCHP/MMXU1.PF.phsC.units.SIUnit)
14:23:47.448 [openiec61850-osi-server-7-thread-1] DEBUG com.beanit.openiec61850.ServerAssociation - Got a GetDataValues request for node: IEDBiogasCHP/MMXU1.PF.phsC.units.SIUnit: 0
calling GetDataValues(IEDBiogasCHP/MMXU1.PF.phsC.units.multiplier)
14:23:47.448 [openiec61850-osi-server-7-thread-1] DEBUG com.beanit.openiec61850.ServerAssociation - Got a GetDataValues request for node: IEDBiogasCHP/MMXU1.PF.phsC.units.multiplier: 0
calling GetDataValues(IEDBiogasCHP/MMXU1.PF.phsC.db)
14:23:47.448 [openiec61850-osi-server-7-thread-1] DEBUG com.beanit.openiec61850.ServerAssociation - Got a GetDataValues request for node: IEDBiogasCHP/MMXU1.PF.phsC.db: 0
calling GetDataValues(IEDBiogasCHP/MMXU1.PF.phsC.zeroDb)
14:23:47.448 [openiec61850-osi-server-7-thread-1] DEBUG com.beanit.openiec61850.ServerAssociation - Got a GetDataValues request for node: IEDBiogasCHP/MMXU1.PF.phsC.zeroDb: 0
calling GetDataValues(IEDBiogasCHP/MMXU1.PF.phsC.rangeC)
14:23:47.448 [openiec61850-osi-server-7-thread-1] DEBUG com.beanit.openiec61850.ServerAssociation - Got a GetDataValues request for node: IEDBiogasCHP/MMXU1.PF.phsC.rangeC [CF]
IEDBiogasCHP/MMXU1.PF.phsC.rangeC.hhLim [CF]
IEDBiogasCHP/MMXU1.PF.phsC.rangeC.hhLim.i: 0
IEDBiogasCHP/MMXU1.PF.phsC.rangeC.hhLim.f: 0.0
IEDBiogasCHP/MMXU1.PF.phsC.rangeC.hLim [CF]
IEDBiogasCHP/MMXU1.PF.phsC.rangeC.hLim.i: 0
IEDBiogasCHP/MMXU1.PF.phsC.rangeC.hLim.f: 0.0
IEDBiogasCHP/MMXU1.PF.phsC.rangeC.lLim [CF]
IEDBiogasCHP/MMXU1.PF.phsC.rangeC.lLim.i: 0
IEDBiogasCHP/MMXU1.PF.phsC.rangeC.lLim.f: 0.0
IEDBiogasCHP/MMXU1.PF.phsC.rangeC.llLim [CF]
IEDBiogasCHP/MMXU1.PF.phsC.rangeC.llLim.i: 0
IEDBiogasCHP/MMXU1.PF.phsC.rangeC.llLim.f: 0.0
IEDBiogasCHP/MMXU1.PF.phsC.rangeC.min [CF]
IEDBiogasCHP/MMXU1.PF.phsC.rangeC.min.i: 0
IEDBiogasCHP/MMXU1.PF.phsC.rangeC.min.f: 0.0
IEDBiogasCHP/MMXU1.PF.phsC.rangeC.max [CF]
IEDBiogasCHP/MMXU1.PF.phsC.rangeC.max.i: 0
IEDBiogasCHP/MMXU1.PF.phsC.rangeC.max.f: 0.0
14:23:47.448 [openiec61850-osi-server-7-thread-1] DEBUG com.beanit.openiec61850.ServerAssociation - sub BDA is:IEDBiogasCHP/MMXU1.PF.phsC.rangeC.hhLim.i: 0
14:23:47.448 [openiec61850-osi-server-7-thread-1] DEBUG com.beanit.openiec61850.ServerAssociation - sub BDA is:IEDBiogasCHP/MMXU1.PF.phsC.rangeC.hhLim.f: 0.0
14:23:47.448 [openiec61850-osi-server-7-thread-1] DEBUG com.beanit.openiec61850.ServerAssociation - sub BDA is:IEDBiogasCHP/MMXU1.PF.phsC.rangeC.hLim.i: 0
14:23:47.448 [openiec61850-osi-server-7-thread-1] DEBUG com.beanit.openiec61850.ServerAssociation - sub BDA is:IEDBiogasCHP/MMXU1.PF.phsC.rangeC.hLim.f: 0.0
14:23:47.448 [openiec61850-osi-server-7-thread-1] DEBUG com.beanit.openiec61850.ServerAssociation - sub BDA is:IEDBiogasCHP/MMXU1.PF.phsC.rangeC.lLim.i: 0
14:23:47.448 [openiec61850-osi-server-7-thread-1] DEBUG com.beanit.openiec61850.ServerAssociation - sub BDA is:IEDBiogasCHP/MMXU1.PF.phsC.rangeC.lLim.f: 0.0
14:23:47.448 [openiec61850-osi-server-7-thread-1] DEBUG com.beanit.openiec61850.ServerAssociation - sub BDA is:IEDBiogasCHP/MMXU1.PF.phsC.rangeC.llLim.i: 0
14:23:47.448 [openiec61850-osi-server-7-thread-1] DEBUG com.beanit.openiec61850.ServerAssociation - sub BDA is:IEDBiogasCHP/MMXU1.PF.phsC.rangeC.llLim.f: 0.0
14:23:47.448 [openiec61850-osi-server-7-thread-1] DEBUG com.beanit.openiec61850.ServerAssociation - sub BDA is:IEDBiogasCHP/MMXU1.PF.phsC.rangeC.min.i: 0
14:23:47.448 [openiec61850-osi-server-7-thread-1] DEBUG com.beanit.openiec61850.ServerAssociation - sub BDA is:IEDBiogasCHP/MMXU1.PF.phsC.rangeC.min.f: 0.0
14:23:47.448 [openiec61850-osi-server-7-thread-1] DEBUG com.beanit.openiec61850.ServerAssociation - sub BDA is:IEDBiogasCHP/MMXU1.PF.phsC.rangeC.max.i: 0
14:23:47.448 [openiec61850-osi-server-7-thread-1] DEBUG com.beanit.openiec61850.ServerAssociation - sub BDA is:IEDBiogasCHP/MMXU1.PF.phsC.rangeC.max.f: 0.0
calling GetDataValues(IEDBiogasCHP/MMXU1.PF.phsC.rangeC.hhLim)
14:23:47.449 [openiec61850-osi-server-7-thread-1] DEBUG com.beanit.openiec61850.ServerAssociation - Got a GetDataValues request for node: IEDBiogasCHP/MMXU1.PF.phsC.rangeC.hhLim [CF]
IEDBiogasCHP/MMXU1.PF.phsC.rangeC.hhLim.i: 0
IEDBiogasCHP/MMXU1.PF.phsC.rangeC.hhLim.f: 0.0
14:23:47.449 [openiec61850-osi-server-7-thread-1] DEBUG com.beanit.openiec61850.ServerAssociation - sub BDA is:IEDBiogasCHP/MMXU1.PF.phsC.rangeC.hhLim.i: 0
14:23:47.449 [openiec61850-osi-server-7-thread-1] DEBUG com.beanit.openiec61850.ServerAssociation - sub BDA is:IEDBiogasCHP/MMXU1.PF.phsC.rangeC.hhLim.f: 0.0
calling GetDataValues(IEDBiogasCHP/MMXU1.PF.phsC.rangeC.hhLim.i)
14:23:47.449 [openiec61850-osi-server-7-thread-1] DEBUG com.beanit.openiec61850.ServerAssociation - Got a GetDataValues request for node: IEDBiogasCHP/MMXU1.PF.phsC.rangeC.hhLim.i: 0
calling GetDataValues(IEDBiogasCHP/MMXU1.PF.phsC.rangeC.hhLim.f)
14:23:47.449 [openiec61850-osi-server-7-thread-1] DEBUG com.beanit.openiec61850.ServerAssociation - Got a GetDataValues request for node: IEDBiogasCHP/MMXU1.PF.phsC.rangeC.hhLim.f: 0.0
calling GetDataValues(IEDBiogasCHP/MMXU1.PF.phsC.rangeC.hLim)
14:23:47.449 [openiec61850-osi-server-7-thread-1] DEBUG com.beanit.openiec61850.ServerAssociation - Got a GetDataValues request for node: IEDBiogasCHP/MMXU1.PF.phsC.rangeC.hLim [CF]
IEDBiogasCHP/MMXU1.PF.phsC.rangeC.hLim.i: 0
IEDBiogasCHP/MMXU1.PF.phsC.rangeC.hLim.f: 0.0
14:23:47.449 [openiec61850-osi-server-7-thread-1] DEBUG com.beanit.openiec61850.ServerAssociation - sub BDA is:IEDBiogasCHP/MMXU1.PF.phsC.rangeC.hLim.i: 0
14:23:47.449 [openiec61850-osi-server-7-thread-1] DEBUG com.beanit.openiec61850.ServerAssociation - sub BDA is:IEDBiogasCHP/MMXU1.PF.phsC.rangeC.hLim.f: 0.0
calling GetDataValues(IEDBiogasCHP/MMXU1.PF.phsC.rangeC.hLim.i)
14:23:47.449 [openiec61850-osi-server-7-thread-1] DEBUG com.beanit.openiec61850.ServerAssociation - Got a GetDataValues request for node: IEDBiogasCHP/MMXU1.PF.phsC.rangeC.hLim.i: 0
calling GetDataValues(IEDBiogasCHP/MMXU1.PF.phsC.rangeC.hLim.f)
14:23:47.449 [openiec61850-osi-server-7-thread-1] DEBUG com.beanit.openiec61850.ServerAssociation - Got a GetDataValues request for node: IEDBiogasCHP/MMXU1.PF.phsC.rangeC.hLim.f: 0.0
calling GetDataValues(IEDBiogasCHP/MMXU1.PF.phsC.rangeC.lLim)
14:23:47.449 [openiec61850-osi-server-7-thread-1] DEBUG com.beanit.openiec61850.ServerAssociation - Got a GetDataValues request for node: IEDBiogasCHP/MMXU1.PF.phsC.rangeC.lLim [CF]
IEDBiogasCHP/MMXU1.PF.phsC.rangeC.lLim.i: 0
IEDBiogasCHP/MMXU1.PF.phsC.rangeC.lLim.f: 0.0
14:23:47.449 [openiec61850-osi-server-7-thread-1] DEBUG com.beanit.openiec61850.ServerAssociation - sub BDA is:IEDBiogasCHP/MMXU1.PF.phsC.rangeC.lLim.i: 0
14:23:47.449 [openiec61850-osi-server-7-thread-1] DEBUG com.beanit.openiec61850.ServerAssociation - sub BDA is:IEDBiogasCHP/MMXU1.PF.phsC.rangeC.lLim.f: 0.0
calling GetDataValues(IEDBiogasCHP/MMXU1.PF.phsC.rangeC.lLim.i)
14:23:47.450 [openiec61850-osi-server-7-thread-1] DEBUG com.beanit.openiec61850.ServerAssociation - Got a GetDataValues request for node: IEDBiogasCHP/MMXU1.PF.phsC.rangeC.lLim.i: 0
calling GetDataValues(IEDBiogasCHP/MMXU1.PF.phsC.rangeC.lLim.f)
14:23:47.450 [openiec61850-osi-server-7-thread-1] DEBUG com.beanit.openiec61850.ServerAssociation - Got a GetDataValues request for node: IEDBiogasCHP/MMXU1.PF.phsC.rangeC.lLim.f: 0.0
calling GetDataValues(IEDBiogasCHP/MMXU1.PF.phsC.rangeC.llLim)
14:23:47.450 [openiec61850-osi-server-7-thread-1] DEBUG com.beanit.openiec61850.ServerAssociation - Got a GetDataValues request for node: IEDBiogasCHP/MMXU1.PF.phsC.rangeC.llLim [CF]
IEDBiogasCHP/MMXU1.PF.phsC.rangeC.llLim.i: 0
IEDBiogasCHP/MMXU1.PF.phsC.rangeC.llLim.f: 0.0
14:23:47.450 [openiec61850-osi-server-7-thread-1] DEBUG com.beanit.openiec61850.ServerAssociation - sub BDA is:IEDBiogasCHP/MMXU1.PF.phsC.rangeC.llLim.i: 0
14:23:47.450 [openiec61850-osi-server-7-thread-1] DEBUG com.beanit.openiec61850.ServerAssociation - sub BDA is:IEDBiogasCHP/MMXU1.PF.phsC.rangeC.llLim.f: 0.0
calling GetDataValues(IEDBiogasCHP/MMXU1.PF.phsC.rangeC.llLim.i)
14:23:47.450 [openiec61850-osi-server-7-thread-1] DEBUG com.beanit.openiec61850.ServerAssociation - Got a GetDataValues request for node: IEDBiogasCHP/MMXU1.PF.phsC.rangeC.llLim.i: 0
calling GetDataValues(IEDBiogasCHP/MMXU1.PF.phsC.rangeC.llLim.f)
14:23:47.450 [openiec61850-osi-server-7-thread-1] DEBUG com.beanit.openiec61850.ServerAssociation - Got a GetDataValues request for node: IEDBiogasCHP/MMXU1.PF.phsC.rangeC.llLim.f: 0.0
calling GetDataValues(IEDBiogasCHP/MMXU1.PF.phsC.rangeC.min)
14:23:47.450 [openiec61850-osi-server-7-thread-1] DEBUG com.beanit.openiec61850.ServerAssociation - Got a GetDataValues request for node: IEDBiogasCHP/MMXU1.PF.phsC.rangeC.min [CF]
IEDBiogasCHP/MMXU1.PF.phsC.rangeC.min.i: 0
IEDBiogasCHP/MMXU1.PF.phsC.rangeC.min.f: 0.0
14:23:47.450 [openiec61850-osi-server-7-thread-1] DEBUG com.beanit.openiec61850.ServerAssociation - sub BDA is:IEDBiogasCHP/MMXU1.PF.phsC.rangeC.min.i: 0
14:23:47.450 [openiec61850-osi-server-7-thread-1] DEBUG com.beanit.openiec61850.ServerAssociation - sub BDA is:IEDBiogasCHP/MMXU1.PF.phsC.rangeC.min.f: 0.0
calling GetDataValues(IEDBiogasCHP/MMXU1.PF.phsC.rangeC.min.i)
14:23:47.450 [openiec61850-osi-server-7-thread-1] DEBUG com.beanit.openiec61850.ServerAssociation - Got a GetDataValues request for node: IEDBiogasCHP/MMXU1.PF.phsC.rangeC.min.i: 0
calling GetDataValues(IEDBiogasCHP/MMXU1.PF.phsC.rangeC.min.f)
14:23:47.451 [openiec61850-osi-server-7-thread-1] DEBUG com.beanit.openiec61850.ServerAssociation - Got a GetDataValues request for node: IEDBiogasCHP/MMXU1.PF.phsC.rangeC.min.f: 0.0
calling GetDataValues(IEDBiogasCHP/MMXU1.PF.phsC.rangeC.max)
14:23:47.451 [openiec61850-osi-server-7-thread-1] DEBUG com.beanit.openiec61850.ServerAssociation - Got a GetDataValues request for node: IEDBiogasCHP/MMXU1.PF.phsC.rangeC.max [CF]
IEDBiogasCHP/MMXU1.PF.phsC.rangeC.max.i: 0
IEDBiogasCHP/MMXU1.PF.phsC.rangeC.max.f: 0.0
14:23:47.451 [openiec61850-osi-server-7-thread-1] DEBUG com.beanit.openiec61850.ServerAssociation - sub BDA is:IEDBiogasCHP/MMXU1.PF.phsC.rangeC.max.i: 0
14:23:47.451 [openiec61850-osi-server-7-thread-1] DEBUG com.beanit.openiec61850.ServerAssociation - sub BDA is:IEDBiogasCHP/MMXU1.PF.phsC.rangeC.max.f: 0.0
calling GetDataValues(IEDBiogasCHP/MMXU1.PF.phsC.rangeC.max.i)
14:23:47.451 [openiec61850-osi-server-7-thread-1] DEBUG com.beanit.openiec61850.ServerAssociation - Got a GetDataValues request for node: IEDBiogasCHP/MMXU1.PF.phsC.rangeC.max.i: 0
calling GetDataValues(IEDBiogasCHP/MMXU1.PF.phsC.rangeC.max.f)
14:23:47.451 [openiec61850-osi-server-7-thread-1] DEBUG com.beanit.openiec61850.ServerAssociation - Got a GetDataValues request for node: IEDBiogasCHP/MMXU1.PF.phsC.rangeC.max.f: 0.0
calling GetDataValues(IEDBiogasCHP/MMXU1.PF.phsC.magSVC)
14:23:47.451 [openiec61850-osi-server-7-thread-1] DEBUG com.beanit.openiec61850.ServerAssociation - Got a GetDataValues request for node: IEDBiogasCHP/MMXU1.PF.phsC.magSVC [CF]
IEDBiogasCHP/MMXU1.PF.phsC.magSVC.scaleFactor: 0.0
IEDBiogasCHP/MMXU1.PF.phsC.magSVC.offset: 0.0
14:23:47.451 [openiec61850-osi-server-7-thread-1] DEBUG com.beanit.openiec61850.ServerAssociation - sub BDA is:IEDBiogasCHP/MMXU1.PF.phsC.magSVC.scaleFactor: 0.0
14:23:47.451 [openiec61850-osi-server-7-thread-1] DEBUG com.beanit.openiec61850.ServerAssociation - sub BDA is:IEDBiogasCHP/MMXU1.PF.phsC.magSVC.offset: 0.0
calling GetDataValues(IEDBiogasCHP/MMXU1.PF.phsC.magSVC.scaleFactor)
14:23:47.451 [openiec61850-osi-server-7-thread-1] DEBUG com.beanit.openiec61850.ServerAssociation - Got a GetDataValues request for node: IEDBiogasCHP/MMXU1.PF.phsC.magSVC.scaleFactor: 0.0
calling GetDataValues(IEDBiogasCHP/MMXU1.PF.phsC.magSVC.offset)
14:23:47.452 [openiec61850-osi-server-7-thread-1] DEBUG com.beanit.openiec61850.ServerAssociation - Got a GetDataValues request for node: IEDBiogasCHP/MMXU1.PF.phsC.magSVC.offset: 0.0
calling GetDataValues(IEDBiogasCHP/MMXU1.PF.phsC.angSVC)
14:23:47.452 [openiec61850-osi-server-7-thread-1] DEBUG com.beanit.openiec61850.ServerAssociation - Got a GetDataValues request for node: IEDBiogasCHP/MMXU1.PF.phsC.angSVC [CF]
IEDBiogasCHP/MMXU1.PF.phsC.angSVC.scaleFactor: 0.0
IEDBiogasCHP/MMXU1.PF.phsC.angSVC.offset: 0.0
14:23:47.452 [openiec61850-osi-server-7-thread-1] DEBUG com.beanit.openiec61850.ServerAssociation - sub BDA is:IEDBiogasCHP/MMXU1.PF.phsC.angSVC.scaleFactor: 0.0
14:23:47.452 [openiec61850-osi-server-7-thread-1] DEBUG com.beanit.openiec61850.ServerAssociation - sub BDA is:IEDBiogasCHP/MMXU1.PF.phsC.angSVC.offset: 0.0
calling GetDataValues(IEDBiogasCHP/MMXU1.PF.phsC.angSVC.scaleFactor)
14:23:47.452 [openiec61850-osi-server-7-thread-1] DEBUG com.beanit.openiec61850.ServerAssociation - Got a GetDataValues request for node: IEDBiogasCHP/MMXU1.PF.phsC.angSVC.scaleFactor: 0.0
calling GetDataValues(IEDBiogasCHP/MMXU1.PF.phsC.angSVC.offset)
14:23:47.452 [openiec61850-osi-server-7-thread-1] DEBUG com.beanit.openiec61850.ServerAssociation - Got a GetDataValues request for node: IEDBiogasCHP/MMXU1.PF.phsC.angSVC.offset: 0.0
calling GetDataValues(IEDBiogasCHP/MMXU1.PF.phsC.angRef)
14:23:47.452 [openiec61850-osi-server-7-thread-1] DEBUG com.beanit.openiec61850.ServerAssociation - Got a GetDataValues request for node: IEDBiogasCHP/MMXU1.PF.phsC.angRef: 0
calling GetDataValues(IEDBiogasCHP/MMXU1.PF.phsC.smpRate)
14:23:47.452 [openiec61850-osi-server-7-thread-1] DEBUG com.beanit.openiec61850.ServerAssociation - Got a GetDataValues request for node: IEDBiogasCHP/MMXU1.PF.phsC.smpRate: 0
calling GetDataValues(IEDBiogasCHP/MMXU1.PF.neut)
14:23:47.453 [openiec61850-osi-server-7-thread-1] DEBUG com.beanit.openiec61850.ServerAssociation - Got a GetDataValues request for node: IEDBiogasCHP/MMXU1.PF.neut [CF]
IEDBiogasCHP/MMXU1.PF.neut.units [CF]
IEDBiogasCHP/MMXU1.PF.neut.units.SIUnit: 0
IEDBiogasCHP/MMXU1.PF.neut.units.multiplier: 0
IEDBiogasCHP/MMXU1.PF.neut.db: 0
IEDBiogasCHP/MMXU1.PF.neut.zeroDb: 0
IEDBiogasCHP/MMXU1.PF.neut.rangeC [CF]
IEDBiogasCHP/MMXU1.PF.neut.rangeC.hhLim [CF]
IEDBiogasCHP/MMXU1.PF.neut.rangeC.hhLim.i: 0
IEDBiogasCHP/MMXU1.PF.neut.rangeC.hhLim.f: 0.0
IEDBiogasCHP/MMXU1.PF.neut.rangeC.hLim [CF]
IEDBiogasCHP/MMXU1.PF.neut.rangeC.hLim.i: 0
IEDBiogasCHP/MMXU1.PF.neut.rangeC.hLim.f: 0.0
IEDBiogasCHP/MMXU1.PF.neut.rangeC.lLim [CF]
IEDBiogasCHP/MMXU1.PF.neut.rangeC.lLim.i: 0
IEDBiogasCHP/MMXU1.PF.neut.rangeC.lLim.f: 0.0
IEDBiogasCHP/MMXU1.PF.neut.rangeC.llLim [CF]
IEDBiogasCHP/MMXU1.PF.neut.rangeC.llLim.i: 0
IEDBiogasCHP/MMXU1.PF.neut.rangeC.llLim.f: 0.0
IEDBiogasCHP/MMXU1.PF.neut.rangeC.min [CF]
IEDBiogasCHP/MMXU1.PF.neut.rangeC.min.i: 0
IEDBiogasCHP/MMXU1.PF.neut.rangeC.min.f: 0.0
IEDBiogasCHP/MMXU1.PF.neut.rangeC.max [CF]
IEDBiogasCHP/MMXU1.PF.neut.rangeC.max.i: 0
IEDBiogasCHP/MMXU1.PF.neut.rangeC.max.f: 0.0
IEDBiogasCHP/MMXU1.PF.neut.magSVC [CF]
IEDBiogasCHP/MMXU1.PF.neut.magSVC.scaleFactor: 0.0
IEDBiogasCHP/MMXU1.PF.neut.magSVC.offset: 0.0
IEDBiogasCHP/MMXU1.PF.neut.angSVC [CF]
IEDBiogasCHP/MMXU1.PF.neut.angSVC.scaleFactor: 0.0
IEDBiogasCHP/MMXU1.PF.neut.angSVC.offset: 0.0
IEDBiogasCHP/MMXU1.PF.neut.angRef: 0
IEDBiogasCHP/MMXU1.PF.neut.smpRate: 0
14:23:47.453 [openiec61850-osi-server-7-thread-1] DEBUG com.beanit.openiec61850.ServerAssociation - sub BDA is:IEDBiogasCHP/MMXU1.PF.neut.units.SIUnit: 0
14:23:47.453 [openiec61850-osi-server-7-thread-1] DEBUG com.beanit.openiec61850.ServerAssociation - sub BDA is:IEDBiogasCHP/MMXU1.PF.neut.units.multiplier: 0
14:23:47.453 [openiec61850-osi-server-7-thread-1] DEBUG com.beanit.openiec61850.ServerAssociation - sub BDA is:IEDBiogasCHP/MMXU1.PF.neut.db: 0
14:23:47.453 [openiec61850-osi-server-7-thread-1] DEBUG com.beanit.openiec61850.ServerAssociation - sub BDA is:IEDBiogasCHP/MMXU1.PF.neut.zeroDb: 0
14:23:47.453 [openiec61850-osi-server-7-thread-1] DEBUG com.beanit.openiec61850.ServerAssociation - sub BDA is:IEDBiogasCHP/MMXU1.PF.neut.rangeC.hhLim.i: 0
14:23:47.453 [openiec61850-osi-server-7-thread-1] DEBUG com.beanit.openiec61850.ServerAssociation - sub BDA is:IEDBiogasCHP/MMXU1.PF.neut.rangeC.hhLim.f: 0.0
14:23:47.453 [openiec61850-osi-server-7-thread-1] DEBUG com.beanit.openiec61850.ServerAssociation - sub BDA is:IEDBiogasCHP/MMXU1.PF.neut.rangeC.hLim.i: 0
14:23:47.453 [openiec61850-osi-server-7-thread-1] DEBUG com.beanit.openiec61850.ServerAssociation - sub BDA is:IEDBiogasCHP/MMXU1.PF.neut.rangeC.hLim.f: 0.0
14:23:47.453 [openiec61850-osi-server-7-thread-1] DEBUG com.beanit.openiec61850.ServerAssociation - sub BDA is:IEDBiogasCHP/MMXU1.PF.neut.rangeC.lLim.i: 0
14:23:47.453 [openiec61850-osi-server-7-thread-1] DEBUG com.beanit.openiec61850.ServerAssociation - sub BDA is:IEDBiogasCHP/MMXU1.PF.neut.rangeC.lLim.f: 0.0
14:23:47.453 [openiec61850-osi-server-7-thread-1] DEBUG com.beanit.openiec61850.ServerAssociation - sub BDA is:IEDBiogasCHP/MMXU1.PF.neut.rangeC.llLim.i: 0
14:23:47.453 [openiec61850-osi-server-7-thread-1] DEBUG com.beanit.openiec61850.ServerAssociation - sub BDA is:IEDBiogasCHP/MMXU1.PF.neut.rangeC.llLim.f: 0.0
14:23:47.453 [openiec61850-osi-server-7-thread-1] DEBUG com.beanit.openiec61850.ServerAssociation - sub BDA is:IEDBiogasCHP/MMXU1.PF.neut.rangeC.min.i: 0
14:23:47.453 [openiec61850-osi-server-7-thread-1] DEBUG com.beanit.openiec61850.ServerAssociation - sub BDA is:IEDBiogasCHP/MMXU1.PF.neut.rangeC.min.f: 0.0
14:23:47.453 [openiec61850-osi-server-7-thread-1] DEBUG com.beanit.openiec61850.ServerAssociation - sub BDA is:IEDBiogasCHP/MMXU1.PF.neut.rangeC.max.i: 0
14:23:47.453 [openiec61850-osi-server-7-thread-1] DEBUG com.beanit.openiec61850.ServerAssociation - sub BDA is:IEDBiogasCHP/MMXU1.PF.neut.rangeC.max.f: 0.0
14:23:47.453 [openiec61850-osi-server-7-thread-1] DEBUG com.beanit.openiec61850.ServerAssociation - sub BDA is:IEDBiogasCHP/MMXU1.PF.neut.magSVC.scaleFactor: 0.0
14:23:47.453 [openiec61850-osi-server-7-thread-1] DEBUG com.beanit.openiec61850.ServerAssociation - sub BDA is:IEDBiogasCHP/MMXU1.PF.neut.magSVC.offset: 0.0
14:23:47.453 [openiec61850-osi-server-7-thread-1] DEBUG com.beanit.openiec61850.ServerAssociation - sub BDA is:IEDBiogasCHP/MMXU1.PF.neut.angSVC.scaleFactor: 0.0
14:23:47.453 [openiec61850-osi-server-7-thread-1] DEBUG com.beanit.openiec61850.ServerAssociation - sub BDA is:IEDBiogasCHP/MMXU1.PF.neut.angSVC.offset: 0.0
14:23:47.453 [openiec61850-osi-server-7-thread-1] DEBUG com.beanit.openiec61850.ServerAssociation - sub BDA is:IEDBiogasCHP/MMXU1.PF.neut.angRef: 0
14:23:47.453 [openiec61850-osi-server-7-thread-1] DEBUG com.beanit.openiec61850.ServerAssociation - sub BDA is:IEDBiogasCHP/MMXU1.PF.neut.smpRate: 0
calling GetDataValues(IEDBiogasCHP/MMXU1.PF.neut.units)
14:23:47.453 [openiec61850-osi-server-7-thread-1] DEBUG com.beanit.openiec61850.ServerAssociation - Got a GetDataValues request for node: IEDBiogasCHP/MMXU1.PF.neut.units [CF]
IEDBiogasCHP/MMXU1.PF.neut.units.SIUnit: 0
IEDBiogasCHP/MMXU1.PF.neut.units.multiplier: 0
14:23:47.453 [openiec61850-osi-server-7-thread-1] DEBUG com.beanit.openiec61850.ServerAssociation - sub BDA is:IEDBiogasCHP/MMXU1.PF.neut.units.SIUnit: 0
14:23:47.453 [openiec61850-osi-server-7-thread-1] DEBUG com.beanit.openiec61850.ServerAssociation - sub BDA is:IEDBiogasCHP/MMXU1.PF.neut.units.multiplier: 0
calling GetDataValues(IEDBiogasCHP/MMXU1.PF.neut.units.SIUnit)
14:23:47.453 [openiec61850-osi-server-7-thread-1] DEBUG com.beanit.openiec61850.ServerAssociation - Got a GetDataValues request for node: IEDBiogasCHP/MMXU1.PF.neut.units.SIUnit: 0
calling GetDataValues(IEDBiogasCHP/MMXU1.PF.neut.units.multiplier)
14:23:47.453 [openiec61850-osi-server-7-thread-1] DEBUG com.beanit.openiec61850.ServerAssociation - Got a GetDataValues request for node: IEDBiogasCHP/MMXU1.PF.neut.units.multiplier: 0
calling GetDataValues(IEDBiogasCHP/MMXU1.PF.neut.db)
14:23:47.453 [openiec61850-osi-server-7-thread-1] DEBUG com.beanit.openiec61850.ServerAssociation - Got a GetDataValues request for node: IEDBiogasCHP/MMXU1.PF.neut.db: 0
calling GetDataValues(IEDBiogasCHP/MMXU1.PF.neut.zeroDb)
14:23:47.454 [openiec61850-osi-server-7-thread-1] DEBUG com.beanit.openiec61850.ServerAssociation - Got a GetDataValues request for node: IEDBiogasCHP/MMXU1.PF.neut.zeroDb: 0
calling GetDataValues(IEDBiogasCHP/MMXU1.PF.neut.rangeC)
14:23:47.454 [openiec61850-osi-server-7-thread-1] DEBUG com.beanit.openiec61850.ServerAssociation - Got a GetDataValues request for node: IEDBiogasCHP/MMXU1.PF.neut.rangeC [CF]
IEDBiogasCHP/MMXU1.PF.neut.rangeC.hhLim [CF]
IEDBiogasCHP/MMXU1.PF.neut.rangeC.hhLim.i: 0
IEDBiogasCHP/MMXU1.PF.neut.rangeC.hhLim.f: 0.0
IEDBiogasCHP/MMXU1.PF.neut.rangeC.hLim [CF]
IEDBiogasCHP/MMXU1.PF.neut.rangeC.hLim.i: 0
IEDBiogasCHP/MMXU1.PF.neut.rangeC.hLim.f: 0.0
IEDBiogasCHP/MMXU1.PF.neut.rangeC.lLim [CF]
IEDBiogasCHP/MMXU1.PF.neut.rangeC.lLim.i: 0
IEDBiogasCHP/MMXU1.PF.neut.rangeC.lLim.f: 0.0
IEDBiogasCHP/MMXU1.PF.neut.rangeC.llLim [CF]
IEDBiogasCHP/MMXU1.PF.neut.rangeC.llLim.i: 0
IEDBiogasCHP/MMXU1.PF.neut.rangeC.llLim.f: 0.0
IEDBiogasCHP/MMXU1.PF.neut.rangeC.min [CF]
IEDBiogasCHP/MMXU1.PF.neut.rangeC.min.i: 0
IEDBiogasCHP/MMXU1.PF.neut.rangeC.min.f: 0.0
IEDBiogasCHP/MMXU1.PF.neut.rangeC.max [CF]
IEDBiogasCHP/MMXU1.PF.neut.rangeC.max.i: 0
IEDBiogasCHP/MMXU1.PF.neut.rangeC.max.f: 0.0
14:23:47.454 [openiec61850-osi-server-7-thread-1] DEBUG com.beanit.openiec61850.ServerAssociation - sub BDA is:IEDBiogasCHP/MMXU1.PF.neut.rangeC.hhLim.i: 0
14:23:47.454 [openiec61850-osi-server-7-thread-1] DEBUG com.beanit.openiec61850.ServerAssociation - sub BDA is:IEDBiogasCHP/MMXU1.PF.neut.rangeC.hhLim.f: 0.0
14:23:47.454 [openiec61850-osi-server-7-thread-1] DEBUG com.beanit.openiec61850.ServerAssociation - sub BDA is:IEDBiogasCHP/MMXU1.PF.neut.rangeC.hLim.i: 0
14:23:47.454 [openiec61850-osi-server-7-thread-1] DEBUG com.beanit.openiec61850.ServerAssociation - sub BDA is:IEDBiogasCHP/MMXU1.PF.neut.rangeC.hLim.f: 0.0
14:23:47.454 [openiec61850-osi-server-7-thread-1] DEBUG com.beanit.openiec61850.ServerAssociation - sub BDA is:IEDBiogasCHP/MMXU1.PF.neut.rangeC.lLim.i: 0
14:23:47.454 [openiec61850-osi-server-7-thread-1] DEBUG com.beanit.openiec61850.ServerAssociation - sub BDA is:IEDBiogasCHP/MMXU1.PF.neut.rangeC.lLim.f: 0.0
14:23:47.454 [openiec61850-osi-server-7-thread-1] DEBUG com.beanit.openiec61850.ServerAssociation - sub BDA is:IEDBiogasCHP/MMXU1.PF.neut.rangeC.llLim.i: 0
14:23:47.454 [openiec61850-osi-server-7-thread-1] DEBUG com.beanit.openiec61850.ServerAssociation - sub BDA is:IEDBiogasCHP/MMXU1.PF.neut.rangeC.llLim.f: 0.0
14:23:47.454 [openiec61850-osi-server-7-thread-1] DEBUG com.beanit.openiec61850.ServerAssociation - sub BDA is:IEDBiogasCHP/MMXU1.PF.neut.rangeC.min.i: 0
14:23:47.454 [openiec61850-osi-server-7-thread-1] DEBUG com.beanit.openiec61850.ServerAssociation - sub BDA is:IEDBiogasCHP/MMXU1.PF.neut.rangeC.min.f: 0.0
14:23:47.454 [openiec61850-osi-server-7-thread-1] DEBUG com.beanit.openiec61850.ServerAssociation - sub BDA is:IEDBiogasCHP/MMXU1.PF.neut.rangeC.max.i: 0
14:23:47.454 [openiec61850-osi-server-7-thread-1] DEBUG com.beanit.openiec61850.ServerAssociation - sub BDA is:IEDBiogasCHP/MMXU1.PF.neut.rangeC.max.f: 0.0
calling GetDataValues(IEDBiogasCHP/MMXU1.PF.neut.rangeC.hhLim)
14:23:47.454 [openiec61850-osi-server-7-thread-1] DEBUG com.beanit.openiec61850.ServerAssociation - Got a GetDataValues request for node: IEDBiogasCHP/MMXU1.PF.neut.rangeC.hhLim [CF]
IEDBiogasCHP/MMXU1.PF.neut.rangeC.hhLim.i: 0
IEDBiogasCHP/MMXU1.PF.neut.rangeC.hhLim.f: 0.0
14:23:47.454 [openiec61850-osi-server-7-thread-1] DEBUG com.beanit.openiec61850.ServerAssociation - sub BDA is:IEDBiogasCHP/MMXU1.PF.neut.rangeC.hhLim.i: 0
14:23:47.454 [openiec61850-osi-server-7-thread-1] DEBUG com.beanit.openiec61850.ServerAssociation - sub BDA is:IEDBiogasCHP/MMXU1.PF.neut.rangeC.hhLim.f: 0.0
calling GetDataValues(IEDBiogasCHP/MMXU1.PF.neut.rangeC.hhLim.i)
14:23:47.454 [openiec61850-osi-server-7-thread-1] DEBUG com.beanit.openiec61850.ServerAssociation - Got a GetDataValues request for node: IEDBiogasCHP/MMXU1.PF.neut.rangeC.hhLim.i: 0
calling GetDataValues(IEDBiogasCHP/MMXU1.PF.neut.rangeC.hhLim.f)
14:23:47.454 [openiec61850-osi-server-7-thread-1] DEBUG com.beanit.openiec61850.ServerAssociation - Got a GetDataValues request for node: IEDBiogasCHP/MMXU1.PF.neut.rangeC.hhLim.f: 0.0
calling GetDataValues(IEDBiogasCHP/MMXU1.PF.neut.rangeC.hLim)
14:23:47.454 [openiec61850-osi-server-7-thread-1] DEBUG com.beanit.openiec61850.ServerAssociation - Got a GetDataValues request for node: IEDBiogasCHP/MMXU1.PF.neut.rangeC.hLim [CF]
IEDBiogasCHP/MMXU1.PF.neut.rangeC.hLim.i: 0
IEDBiogasCHP/MMXU1.PF.neut.rangeC.hLim.f: 0.0
14:23:47.454 [openiec61850-osi-server-7-thread-1] DEBUG com.beanit.openiec61850.ServerAssociation - sub BDA is:IEDBiogasCHP/MMXU1.PF.neut.rangeC.hLim.i: 0
14:23:47.454 [openiec61850-osi-server-7-thread-1] DEBUG com.beanit.openiec61850.ServerAssociation - sub BDA is:IEDBiogasCHP/MMXU1.PF.neut.rangeC.hLim.f: 0.0
calling GetDataValues(IEDBiogasCHP/MMXU1.PF.neut.rangeC.hLim.i)
14:23:47.454 [openiec61850-osi-server-7-thread-1] DEBUG com.beanit.openiec61850.ServerAssociation - Got a GetDataValues request for node: IEDBiogasCHP/MMXU1.PF.neut.rangeC.hLim.i: 0
calling GetDataValues(IEDBiogasCHP/MMXU1.PF.neut.rangeC.hLim.f)
14:23:47.455 [openiec61850-osi-server-7-thread-1] DEBUG com.beanit.openiec61850.ServerAssociation - Got a GetDataValues request for node: IEDBiogasCHP/MMXU1.PF.neut.rangeC.hLim.f: 0.0
calling GetDataValues(IEDBiogasCHP/MMXU1.PF.neut.rangeC.lLim)
14:23:47.455 [openiec61850-osi-server-7-thread-1] DEBUG com.beanit.openiec61850.ServerAssociation - Got a GetDataValues request for node: IEDBiogasCHP/MMXU1.PF.neut.rangeC.lLim [CF]
IEDBiogasCHP/MMXU1.PF.neut.rangeC.lLim.i: 0
IEDBiogasCHP/MMXU1.PF.neut.rangeC.lLim.f: 0.0
14:23:47.455 [openiec61850-osi-server-7-thread-1] DEBUG com.beanit.openiec61850.ServerAssociation - sub BDA is:IEDBiogasCHP/MMXU1.PF.neut.rangeC.lLim.i: 0
14:23:47.455 [openiec61850-osi-server-7-thread-1] DEBUG com.beanit.openiec61850.ServerAssociation - sub BDA is:IEDBiogasCHP/MMXU1.PF.neut.rangeC.lLim.f: 0.0
calling GetDataValues(IEDBiogasCHP/MMXU1.PF.neut.rangeC.lLim.i)
14:23:47.455 [openiec61850-osi-server-7-thread-1] DEBUG com.beanit.openiec61850.ServerAssociation - Got a GetDataValues request for node: IEDBiogasCHP/MMXU1.PF.neut.rangeC.lLim.i: 0
calling GetDataValues(IEDBiogasCHP/MMXU1.PF.neut.rangeC.lLim.f)
14:23:47.455 [openiec61850-osi-server-7-thread-1] DEBUG com.beanit.openiec61850.ServerAssociation - Got a GetDataValues request for node: IEDBiogasCHP/MMXU1.PF.neut.rangeC.lLim.f: 0.0
calling GetDataValues(IEDBiogasCHP/MMXU1.PF.neut.rangeC.llLim)
14:23:47.455 [openiec61850-osi-server-7-thread-1] DEBUG com.beanit.openiec61850.ServerAssociation - Got a GetDataValues request for node: IEDBiogasCHP/MMXU1.PF.neut.rangeC.llLim [CF]
IEDBiogasCHP/MMXU1.PF.neut.rangeC.llLim.i: 0
IEDBiogasCHP/MMXU1.PF.neut.rangeC.llLim.f: 0.0
14:23:47.455 [openiec61850-osi-server-7-thread-1] DEBUG com.beanit.openiec61850.ServerAssociation - sub BDA is:IEDBiogasCHP/MMXU1.PF.neut.rangeC.llLim.i: 0
14:23:47.455 [openiec61850-osi-server-7-thread-1] DEBUG com.beanit.openiec61850.ServerAssociation - sub BDA is:IEDBiogasCHP/MMXU1.PF.neut.rangeC.llLim.f: 0.0
calling GetDataValues(IEDBiogasCHP/MMXU1.PF.neut.rangeC.llLim.i)
14:23:47.455 [openiec61850-osi-server-7-thread-1] DEBUG com.beanit.openiec61850.ServerAssociation - Got a GetDataValues request for node: IEDBiogasCHP/MMXU1.PF.neut.rangeC.llLim.i: 0
calling GetDataValues(IEDBiogasCHP/MMXU1.PF.neut.rangeC.llLim.f)
14:23:47.455 [openiec61850-osi-server-7-thread-1] DEBUG com.beanit.openiec61850.ServerAssociation - Got a GetDataValues request for node: IEDBiogasCHP/MMXU1.PF.neut.rangeC.llLim.f: 0.0
calling GetDataValues(IEDBiogasCHP/MMXU1.PF.neut.rangeC.min)
14:23:47.456 [openiec61850-osi-server-7-thread-1] DEBUG com.beanit.openiec61850.ServerAssociation - Got a GetDataValues request for node: IEDBiogasCHP/MMXU1.PF.neut.rangeC.min [CF]
IEDBiogasCHP/MMXU1.PF.neut.rangeC.min.i: 0
IEDBiogasCHP/MMXU1.PF.neut.rangeC.min.f: 0.0
14:23:47.456 [openiec61850-osi-server-7-thread-1] DEBUG com.beanit.openiec61850.ServerAssociation - sub BDA is:IEDBiogasCHP/MMXU1.PF.neut.rangeC.min.i: 0
14:23:47.456 [openiec61850-osi-server-7-thread-1] DEBUG com.beanit.openiec61850.ServerAssociation - sub BDA is:IEDBiogasCHP/MMXU1.PF.neut.rangeC.min.f: 0.0
calling GetDataValues(IEDBiogasCHP/MMXU1.PF.neut.rangeC.min.i)
14:23:47.456 [openiec61850-osi-server-7-thread-1] DEBUG com.beanit.openiec61850.ServerAssociation - Got a GetDataValues request for node: IEDBiogasCHP/MMXU1.PF.neut.rangeC.min.i: 0
calling GetDataValues(IEDBiogasCHP/MMXU1.PF.neut.rangeC.min.f)
14:23:47.456 [openiec61850-osi-server-7-thread-1] DEBUG com.beanit.openiec61850.ServerAssociation - Got a GetDataValues request for node: IEDBiogasCHP/MMXU1.PF.neut.rangeC.min.f: 0.0
calling GetDataValues(IEDBiogasCHP/MMXU1.PF.neut.rangeC.max)
14:23:47.456 [openiec61850-osi-server-7-thread-1] DEBUG com.beanit.openiec61850.ServerAssociation - Got a GetDataValues request for node: IEDBiogasCHP/MMXU1.PF.neut.rangeC.max [CF]
IEDBiogasCHP/MMXU1.PF.neut.rangeC.max.i: 0
IEDBiogasCHP/MMXU1.PF.neut.rangeC.max.f: 0.0
14:23:47.456 [openiec61850-osi-server-7-thread-1] DEBUG com.beanit.openiec61850.ServerAssociation - sub BDA is:IEDBiogasCHP/MMXU1.PF.neut.rangeC.max.i: 0
14:23:47.456 [openiec61850-osi-server-7-thread-1] DEBUG com.beanit.openiec61850.ServerAssociation - sub BDA is:IEDBiogasCHP/MMXU1.PF.neut.rangeC.max.f: 0.0
calling GetDataValues(IEDBiogasCHP/MMXU1.PF.neut.rangeC.max.i)
14:23:47.456 [openiec61850-osi-server-7-thread-1] DEBUG com.beanit.openiec61850.ServerAssociation - Got a GetDataValues request for node: IEDBiogasCHP/MMXU1.PF.neut.rangeC.max.i: 0
calling GetDataValues(IEDBiogasCHP/MMXU1.PF.neut.rangeC.max.f)
14:23:47.456 [openiec61850-osi-server-7-thread-1] DEBUG com.beanit.openiec61850.ServerAssociation - Got a GetDataValues request for node: IEDBiogasCHP/MMXU1.PF.neut.rangeC.max.f: 0.0
calling GetDataValues(IEDBiogasCHP/MMXU1.PF.neut.magSVC)
14:23:47.456 [openiec61850-osi-server-7-thread-1] DEBUG com.beanit.openiec61850.ServerAssociation - Got a GetDataValues request for node: IEDBiogasCHP/MMXU1.PF.neut.magSVC [CF]
IEDBiogasCHP/MMXU1.PF.neut.magSVC.scaleFactor: 0.0
IEDBiogasCHP/MMXU1.PF.neut.magSVC.offset: 0.0
14:23:47.457 [openiec61850-osi-server-7-thread-1] DEBUG com.beanit.openiec61850.ServerAssociation - sub BDA is:IEDBiogasCHP/MMXU1.PF.neut.magSVC.scaleFactor: 0.0
14:23:47.457 [openiec61850-osi-server-7-thread-1] DEBUG com.beanit.openiec61850.ServerAssociation - sub BDA is:IEDBiogasCHP/MMXU1.PF.neut.magSVC.offset: 0.0
calling GetDataValues(IEDBiogasCHP/MMXU1.PF.neut.magSVC.scaleFactor)
14:23:47.457 [openiec61850-osi-server-7-thread-1] DEBUG com.beanit.openiec61850.ServerAssociation - Got a GetDataValues request for node: IEDBiogasCHP/MMXU1.PF.neut.magSVC.scaleFactor: 0.0
calling GetDataValues(IEDBiogasCHP/MMXU1.PF.neut.magSVC.offset)
14:23:47.457 [openiec61850-osi-server-7-thread-1] DEBUG com.beanit.openiec61850.ServerAssociation - Got a GetDataValues request for node: IEDBiogasCHP/MMXU1.PF.neut.magSVC.offset: 0.0
calling GetDataValues(IEDBiogasCHP/MMXU1.PF.neut.angSVC)
14:23:47.457 [openiec61850-osi-server-7-thread-1] DEBUG com.beanit.openiec61850.ServerAssociation - Got a GetDataValues request for node: IEDBiogasCHP/MMXU1.PF.neut.angSVC [CF]
IEDBiogasCHP/MMXU1.PF.neut.angSVC.scaleFactor: 0.0
IEDBiogasCHP/MMXU1.PF.neut.angSVC.offset: 0.0
14:23:47.457 [openiec61850-osi-server-7-thread-1] DEBUG com.beanit.openiec61850.ServerAssociation - sub BDA is:IEDBiogasCHP/MMXU1.PF.neut.angSVC.scaleFactor: 0.0
14:23:47.457 [openiec61850-osi-server-7-thread-1] DEBUG com.beanit.openiec61850.ServerAssociation - sub BDA is:IEDBiogasCHP/MMXU1.PF.neut.angSVC.offset: 0.0
calling GetDataValues(IEDBiogasCHP/MMXU1.PF.neut.angSVC.scaleFactor)
14:23:47.457 [openiec61850-osi-server-7-thread-1] DEBUG com.beanit.openiec61850.ServerAssociation - Got a GetDataValues request for node: IEDBiogasCHP/MMXU1.PF.neut.angSVC.scaleFactor: 0.0
calling GetDataValues(IEDBiogasCHP/MMXU1.PF.neut.angSVC.offset)
14:23:47.457 [openiec61850-osi-server-7-thread-1] DEBUG com.beanit.openiec61850.ServerAssociation - Got a GetDataValues request for node: IEDBiogasCHP/MMXU1.PF.neut.angSVC.offset: 0.0
calling GetDataValues(IEDBiogasCHP/MMXU1.PF.neut.angRef)
14:23:47.457 [openiec61850-osi-server-7-thread-1] DEBUG com.beanit.openiec61850.ServerAssociation - Got a GetDataValues request for node: IEDBiogasCHP/MMXU1.PF.neut.angRef: 0
calling GetDataValues(IEDBiogasCHP/MMXU1.PF.neut.smpRate)
14:23:47.457 [openiec61850-osi-server-7-thread-1] DEBUG com.beanit.openiec61850.ServerAssociation - Got a GetDataValues request for node: IEDBiogasCHP/MMXU1.PF.neut.smpRate: 0
calling GetDataValues(IEDBiogasCHP/MMXU1.PF.net)
14:23:47.458 [openiec61850-osi-server-7-thread-1] DEBUG com.beanit.openiec61850.ServerAssociation - Got a GetDataValues request for node: IEDBiogasCHP/MMXU1.PF.net [CF]
IEDBiogasCHP/MMXU1.PF.net.units [CF]
IEDBiogasCHP/MMXU1.PF.net.units.SIUnit: 0
IEDBiogasCHP/MMXU1.PF.net.units.multiplier: 0
IEDBiogasCHP/MMXU1.PF.net.db: 0
IEDBiogasCHP/MMXU1.PF.net.zeroDb: 0
IEDBiogasCHP/MMXU1.PF.net.rangeC [CF]
IEDBiogasCHP/MMXU1.PF.net.rangeC.hhLim [CF]
IEDBiogasCHP/MMXU1.PF.net.rangeC.hhLim.i: 0
IEDBiogasCHP/MMXU1.PF.net.rangeC.hhLim.f: 0.0
IEDBiogasCHP/MMXU1.PF.net.rangeC.hLim [CF]
IEDBiogasCHP/MMXU1.PF.net.rangeC.hLim.i: 0
IEDBiogasCHP/MMXU1.PF.net.rangeC.hLim.f: 0.0
IEDBiogasCHP/MMXU1.PF.net.rangeC.lLim [CF]
IEDBiogasCHP/MMXU1.PF.net.rangeC.lLim.i: 0
IEDBiogasCHP/MMXU1.PF.net.rangeC.lLim.f: 0.0
IEDBiogasCHP/MMXU1.PF.net.rangeC.llLim [CF]
IEDBiogasCHP/MMXU1.PF.net.rangeC.llLim.i: 0
IEDBiogasCHP/MMXU1.PF.net.rangeC.llLim.f: 0.0
IEDBiogasCHP/MMXU1.PF.net.rangeC.min [CF]
IEDBiogasCHP/MMXU1.PF.net.rangeC.min.i: 0
IEDBiogasCHP/MMXU1.PF.net.rangeC.min.f: 0.0
IEDBiogasCHP/MMXU1.PF.net.rangeC.max [CF]
IEDBiogasCHP/MMXU1.PF.net.rangeC.max.i: 0
IEDBiogasCHP/MMXU1.PF.net.rangeC.max.f: 0.0
IEDBiogasCHP/MMXU1.PF.net.magSVC [CF]
IEDBiogasCHP/MMXU1.PF.net.magSVC.scaleFactor: 0.0
IEDBiogasCHP/MMXU1.PF.net.magSVC.offset: 0.0
IEDBiogasCHP/MMXU1.PF.net.angSVC [CF]
IEDBiogasCHP/MMXU1.PF.net.angSVC.scaleFactor: 0.0
IEDBiogasCHP/MMXU1.PF.net.angSVC.offset: 0.0
IEDBiogasCHP/MMXU1.PF.net.angRef: 0
IEDBiogasCHP/MMXU1.PF.net.smpRate: 0
14:23:47.458 [openiec61850-osi-server-7-thread-1] DEBUG com.beanit.openiec61850.ServerAssociation - sub BDA is:IEDBiogasCHP/MMXU1.PF.net.units.SIUnit: 0
14:23:47.458 [openiec61850-osi-server-7-thread-1] DEBUG com.beanit.openiec61850.ServerAssociation - sub BDA is:IEDBiogasCHP/MMXU1.PF.net.units.multiplier: 0
14:23:47.458 [openiec61850-osi-server-7-thread-1] DEBUG com.beanit.openiec61850.ServerAssociation - sub BDA is:IEDBiogasCHP/MMXU1.PF.net.db: 0
14:23:47.458 [openiec61850-osi-server-7-thread-1] DEBUG com.beanit.openiec61850.ServerAssociation - sub BDA is:IEDBiogasCHP/MMXU1.PF.net.zeroDb: 0
14:23:47.458 [openiec61850-osi-server-7-thread-1] DEBUG com.beanit.openiec61850.ServerAssociation - sub BDA is:IEDBiogasCHP/MMXU1.PF.net.rangeC.hhLim.i: 0
14:23:47.458 [openiec61850-osi-server-7-thread-1] DEBUG com.beanit.openiec61850.ServerAssociation - sub BDA is:IEDBiogasCHP/MMXU1.PF.net.rangeC.hhLim.f: 0.0
14:23:47.458 [openiec61850-osi-server-7-thread-1] DEBUG com.beanit.openiec61850.ServerAssociation - sub BDA is:IEDBiogasCHP/MMXU1.PF.net.rangeC.hLim.i: 0
14:23:47.458 [openiec61850-osi-server-7-thread-1] DEBUG com.beanit.openiec61850.ServerAssociation - sub BDA is:IEDBiogasCHP/MMXU1.PF.net.rangeC.hLim.f: 0.0
14:23:47.458 [openiec61850-osi-server-7-thread-1] DEBUG com.beanit.openiec61850.ServerAssociation - sub BDA is:IEDBiogasCHP/MMXU1.PF.net.rangeC.lLim.i: 0
14:23:47.458 [openiec61850-osi-server-7-thread-1] DEBUG com.beanit.openiec61850.ServerAssociation - sub BDA is:IEDBiogasCHP/MMXU1.PF.net.rangeC.lLim.f: 0.0
14:23:47.458 [openiec61850-osi-server-7-thread-1] DEBUG com.beanit.openiec61850.ServerAssociation - sub BDA is:IEDBiogasCHP/MMXU1.PF.net.rangeC.llLim.i: 0
14:23:47.458 [openiec61850-osi-server-7-thread-1] DEBUG com.beanit.openiec61850.ServerAssociation - sub BDA is:IEDBiogasCHP/MMXU1.PF.net.rangeC.llLim.f: 0.0
14:23:47.458 [openiec61850-osi-server-7-thread-1] DEBUG com.beanit.openiec61850.ServerAssociation - sub BDA is:IEDBiogasCHP/MMXU1.PF.net.rangeC.min.i: 0
14:23:47.458 [openiec61850-osi-server-7-thread-1] DEBUG com.beanit.openiec61850.ServerAssociation - sub BDA is:IEDBiogasCHP/MMXU1.PF.net.rangeC.min.f: 0.0
14:23:47.458 [openiec61850-osi-server-7-thread-1] DEBUG com.beanit.openiec61850.ServerAssociation - sub BDA is:IEDBiogasCHP/MMXU1.PF.net.rangeC.max.i: 0
14:23:47.458 [openiec61850-osi-server-7-thread-1] DEBUG com.beanit.openiec61850.ServerAssociation - sub BDA is:IEDBiogasCHP/MMXU1.PF.net.rangeC.max.f: 0.0
14:23:47.458 [openiec61850-osi-server-7-thread-1] DEBUG com.beanit.openiec61850.ServerAssociation - sub BDA is:IEDBiogasCHP/MMXU1.PF.net.magSVC.scaleFactor: 0.0
14:23:47.458 [openiec61850-osi-server-7-thread-1] DEBUG com.beanit.openiec61850.ServerAssociation - sub BDA is:IEDBiogasCHP/MMXU1.PF.net.magSVC.offset: 0.0
14:23:47.458 [openiec61850-osi-server-7-thread-1] DEBUG com.beanit.openiec61850.ServerAssociation - sub BDA is:IEDBiogasCHP/MMXU1.PF.net.angSVC.scaleFactor: 0.0
14:23:47.458 [openiec61850-osi-server-7-thread-1] DEBUG com.beanit.openiec61850.ServerAssociation - sub BDA is:IEDBiogasCHP/MMXU1.PF.net.angSVC.offset: 0.0
14:23:47.458 [openiec61850-osi-server-7-thread-1] DEBUG com.beanit.openiec61850.ServerAssociation - sub BDA is:IEDBiogasCHP/MMXU1.PF.net.angRef: 0
14:23:47.458 [openiec61850-osi-server-7-thread-1] DEBUG com.beanit.openiec61850.ServerAssociation - sub BDA is:IEDBiogasCHP/MMXU1.PF.net.smpRate: 0
calling GetDataValues(IEDBiogasCHP/MMXU1.PF.net.units)
14:23:47.458 [openiec61850-osi-server-7-thread-1] DEBUG com.beanit.openiec61850.ServerAssociation - Got a GetDataValues request for node: IEDBiogasCHP/MMXU1.PF.net.units [CF]
IEDBiogasCHP/MMXU1.PF.net.units.SIUnit: 0
IEDBiogasCHP/MMXU1.PF.net.units.multiplier: 0
14:23:47.458 [openiec61850-osi-server-7-thread-1] DEBUG com.beanit.openiec61850.ServerAssociation - sub BDA is:IEDBiogasCHP/MMXU1.PF.net.units.SIUnit: 0
14:23:47.458 [openiec61850-osi-server-7-thread-1] DEBUG com.beanit.openiec61850.ServerAssociation - sub BDA is:IEDBiogasCHP/MMXU1.PF.net.units.multiplier: 0
calling GetDataValues(IEDBiogasCHP/MMXU1.PF.net.units.SIUnit)
14:23:47.458 [openiec61850-osi-server-7-thread-1] DEBUG com.beanit.openiec61850.ServerAssociation - Got a GetDataValues request for node: IEDBiogasCHP/MMXU1.PF.net.units.SIUnit: 0
calling GetDataValues(IEDBiogasCHP/MMXU1.PF.net.units.multiplier)
14:23:47.458 [openiec61850-osi-server-7-thread-1] DEBUG com.beanit.openiec61850.ServerAssociation - Got a GetDataValues request for node: IEDBiogasCHP/MMXU1.PF.net.units.multiplier: 0
calling GetDataValues(IEDBiogasCHP/MMXU1.PF.net.db)
14:23:47.458 [openiec61850-osi-server-7-thread-1] DEBUG com.beanit.openiec61850.ServerAssociation - Got a GetDataValues request for node: IEDBiogasCHP/MMXU1.PF.net.db: 0
calling GetDataValues(IEDBiogasCHP/MMXU1.PF.net.zeroDb)
14:23:47.458 [openiec61850-osi-server-7-thread-1] DEBUG com.beanit.openiec61850.ServerAssociation - Got a GetDataValues request for node: IEDBiogasCHP/MMXU1.PF.net.zeroDb: 0
calling GetDataValues(IEDBiogasCHP/MMXU1.PF.net.rangeC)
14:23:47.459 [openiec61850-osi-server-7-thread-1] DEBUG com.beanit.openiec61850.ServerAssociation - Got a GetDataValues request for node: IEDBiogasCHP/MMXU1.PF.net.rangeC [CF]
IEDBiogasCHP/MMXU1.PF.net.rangeC.hhLim [CF]
IEDBiogasCHP/MMXU1.PF.net.rangeC.hhLim.i: 0
IEDBiogasCHP/MMXU1.PF.net.rangeC.hhLim.f: 0.0
IEDBiogasCHP/MMXU1.PF.net.rangeC.hLim [CF]
IEDBiogasCHP/MMXU1.PF.net.rangeC.hLim.i: 0
IEDBiogasCHP/MMXU1.PF.net.rangeC.hLim.f: 0.0
IEDBiogasCHP/MMXU1.PF.net.rangeC.lLim [CF]
IEDBiogasCHP/MMXU1.PF.net.rangeC.lLim.i: 0
IEDBiogasCHP/MMXU1.PF.net.rangeC.lLim.f: 0.0
IEDBiogasCHP/MMXU1.PF.net.rangeC.llLim [CF]
IEDBiogasCHP/MMXU1.PF.net.rangeC.llLim.i: 0
IEDBiogasCHP/MMXU1.PF.net.rangeC.llLim.f: 0.0
IEDBiogasCHP/MMXU1.PF.net.rangeC.min [CF]
IEDBiogasCHP/MMXU1.PF.net.rangeC.min.i: 0
IEDBiogasCHP/MMXU1.PF.net.rangeC.min.f: 0.0
IEDBiogasCHP/MMXU1.PF.net.rangeC.max [CF]
IEDBiogasCHP/MMXU1.PF.net.rangeC.max.i: 0
IEDBiogasCHP/MMXU1.PF.net.rangeC.max.f: 0.0
14:23:47.459 [openiec61850-osi-server-7-thread-1] DEBUG com.beanit.openiec61850.ServerAssociation - sub BDA is:IEDBiogasCHP/MMXU1.PF.net.rangeC.hhLim.i: 0
14:23:47.459 [openiec61850-osi-server-7-thread-1] DEBUG com.beanit.openiec61850.ServerAssociation - sub BDA is:IEDBiogasCHP/MMXU1.PF.net.rangeC.hhLim.f: 0.0
14:23:47.459 [openiec61850-osi-server-7-thread-1] DEBUG com.beanit.openiec61850.ServerAssociation - sub BDA is:IEDBiogasCHP/MMXU1.PF.net.rangeC.hLim.i: 0
14:23:47.459 [openiec61850-osi-server-7-thread-1] DEBUG com.beanit.openiec61850.ServerAssociation - sub BDA is:IEDBiogasCHP/MMXU1.PF.net.rangeC.hLim.f: 0.0
14:23:47.459 [openiec61850-osi-server-7-thread-1] DEBUG com.beanit.openiec61850.ServerAssociation - sub BDA is:IEDBiogasCHP/MMXU1.PF.net.rangeC.lLim.i: 0
14:23:47.459 [openiec61850-osi-server-7-thread-1] DEBUG com.beanit.openiec61850.ServerAssociation - sub BDA is:IEDBiogasCHP/MMXU1.PF.net.rangeC.lLim.f: 0.0
14:23:47.459 [openiec61850-osi-server-7-thread-1] DEBUG com.beanit.openiec61850.ServerAssociation - sub BDA is:IEDBiogasCHP/MMXU1.PF.net.rangeC.llLim.i: 0
14:23:47.459 [openiec61850-osi-server-7-thread-1] DEBUG com.beanit.openiec61850.ServerAssociation - sub BDA is:IEDBiogasCHP/MMXU1.PF.net.rangeC.llLim.f: 0.0
14:23:47.459 [openiec61850-osi-server-7-thread-1] DEBUG com.beanit.openiec61850.ServerAssociation - sub BDA is:IEDBiogasCHP/MMXU1.PF.net.rangeC.min.i: 0
14:23:47.459 [openiec61850-osi-server-7-thread-1] DEBUG com.beanit.openiec61850.ServerAssociation - sub BDA is:IEDBiogasCHP/MMXU1.PF.net.rangeC.min.f: 0.0
14:23:47.459 [openiec61850-osi-server-7-thread-1] DEBUG com.beanit.openiec61850.ServerAssociation - sub BDA is:IEDBiogasCHP/MMXU1.PF.net.rangeC.max.i: 0
14:23:47.459 [openiec61850-osi-server-7-thread-1] DEBUG com.beanit.openiec61850.ServerAssociation - sub BDA is:IEDBiogasCHP/MMXU1.PF.net.rangeC.max.f: 0.0
calling GetDataValues(IEDBiogasCHP/MMXU1.PF.net.rangeC.hhLim)
14:23:47.459 [openiec61850-osi-server-7-thread-1] DEBUG com.beanit.openiec61850.ServerAssociation - Got a GetDataValues request for node: IEDBiogasCHP/MMXU1.PF.net.rangeC.hhLim [CF]
IEDBiogasCHP/MMXU1.PF.net.rangeC.hhLim.i: 0
IEDBiogasCHP/MMXU1.PF.net.rangeC.hhLim.f: 0.0
14:23:47.459 [openiec61850-osi-server-7-thread-1] DEBUG com.beanit.openiec61850.ServerAssociation - sub BDA is:IEDBiogasCHP/MMXU1.PF.net.rangeC.hhLim.i: 0
14:23:47.459 [openiec61850-osi-server-7-thread-1] DEBUG com.beanit.openiec61850.ServerAssociation - sub BDA is:IEDBiogasCHP/MMXU1.PF.net.rangeC.hhLim.f: 0.0
calling GetDataValues(IEDBiogasCHP/MMXU1.PF.net.rangeC.hhLim.i)
14:23:47.459 [openiec61850-osi-server-7-thread-1] DEBUG com.beanit.openiec61850.ServerAssociation - Got a GetDataValues request for node: IEDBiogasCHP/MMXU1.PF.net.rangeC.hhLim.i: 0
calling GetDataValues(IEDBiogasCHP/MMXU1.PF.net.rangeC.hhLim.f)
14:23:47.459 [openiec61850-osi-server-7-thread-1] DEBUG com.beanit.openiec61850.ServerAssociation - Got a GetDataValues request for node: IEDBiogasCHP/MMXU1.PF.net.rangeC.hhLim.f: 0.0
calling GetDataValues(IEDBiogasCHP/MMXU1.PF.net.rangeC.hLim)
14:23:47.459 [openiec61850-osi-server-7-thread-1] DEBUG com.beanit.openiec61850.ServerAssociation - Got a GetDataValues request for node: IEDBiogasCHP/MMXU1.PF.net.rangeC.hLim [CF]
IEDBiogasCHP/MMXU1.PF.net.rangeC.hLim.i: 0
IEDBiogasCHP/MMXU1.PF.net.rangeC.hLim.f: 0.0
14:23:47.459 [openiec61850-osi-server-7-thread-1] DEBUG com.beanit.openiec61850.ServerAssociation - sub BDA is:IEDBiogasCHP/MMXU1.PF.net.rangeC.hLim.i: 0
14:23:47.459 [openiec61850-osi-server-7-thread-1] DEBUG com.beanit.openiec61850.ServerAssociation - sub BDA is:IEDBiogasCHP/MMXU1.PF.net.rangeC.hLim.f: 0.0
calling GetDataValues(IEDBiogasCHP/MMXU1.PF.net.rangeC.hLim.i)
14:23:47.459 [openiec61850-osi-server-7-thread-1] DEBUG com.beanit.openiec61850.ServerAssociation - Got a GetDataValues request for node: IEDBiogasCHP/MMXU1.PF.net.rangeC.hLim.i: 0
calling GetDataValues(IEDBiogasCHP/MMXU1.PF.net.rangeC.hLim.f)
14:23:47.459 [openiec61850-osi-server-7-thread-1] DEBUG com.beanit.openiec61850.ServerAssociation - Got a GetDataValues request for node: IEDBiogasCHP/MMXU1.PF.net.rangeC.hLim.f: 0.0
calling GetDataValues(IEDBiogasCHP/MMXU1.PF.net.rangeC.lLim)
14:23:47.460 [openiec61850-osi-server-7-thread-1] DEBUG com.beanit.openiec61850.ServerAssociation - Got a GetDataValues request for node: IEDBiogasCHP/MMXU1.PF.net.rangeC.lLim [CF]
IEDBiogasCHP/MMXU1.PF.net.rangeC.lLim.i: 0
IEDBiogasCHP/MMXU1.PF.net.rangeC.lLim.f: 0.0
14:23:47.460 [openiec61850-osi-server-7-thread-1] DEBUG com.beanit.openiec61850.ServerAssociation - sub BDA is:IEDBiogasCHP/MMXU1.PF.net.rangeC.lLim.i: 0
14:23:47.460 [openiec61850-osi-server-7-thread-1] DEBUG com.beanit.openiec61850.ServerAssociation - sub BDA is:IEDBiogasCHP/MMXU1.PF.net.rangeC.lLim.f: 0.0
calling GetDataValues(IEDBiogasCHP/MMXU1.PF.net.rangeC.lLim.i)
14:23:47.460 [openiec61850-osi-server-7-thread-1] DEBUG com.beanit.openiec61850.ServerAssociation - Got a GetDataValues request for node: IEDBiogasCHP/MMXU1.PF.net.rangeC.lLim.i: 0
calling GetDataValues(IEDBiogasCHP/MMXU1.PF.net.rangeC.lLim.f)
14:23:47.460 [openiec61850-osi-server-7-thread-1] DEBUG com.beanit.openiec61850.ServerAssociation - Got a GetDataValues request for node: IEDBiogasCHP/MMXU1.PF.net.rangeC.lLim.f: 0.0
calling GetDataValues(IEDBiogasCHP/MMXU1.PF.net.rangeC.llLim)
14:23:47.460 [openiec61850-osi-server-7-thread-1] DEBUG com.beanit.openiec61850.ServerAssociation - Got a GetDataValues request for node: IEDBiogasCHP/MMXU1.PF.net.rangeC.llLim [CF]
IEDBiogasCHP/MMXU1.PF.net.rangeC.llLim.i: 0
IEDBiogasCHP/MMXU1.PF.net.rangeC.llLim.f: 0.0
14:23:47.460 [openiec61850-osi-server-7-thread-1] DEBUG com.beanit.openiec61850.ServerAssociation - sub BDA is:IEDBiogasCHP/MMXU1.PF.net.rangeC.llLim.i: 0
14:23:47.460 [openiec61850-osi-server-7-thread-1] DEBUG com.beanit.openiec61850.ServerAssociation - sub BDA is:IEDBiogasCHP/MMXU1.PF.net.rangeC.llLim.f: 0.0
calling GetDataValues(IEDBiogasCHP/MMXU1.PF.net.rangeC.llLim.i)
14:23:47.460 [openiec61850-osi-server-7-thread-1] DEBUG com.beanit.openiec61850.ServerAssociation - Got a GetDataValues request for node: IEDBiogasCHP/MMXU1.PF.net.rangeC.llLim.i: 0
calling GetDataValues(IEDBiogasCHP/MMXU1.PF.net.rangeC.llLim.f)
14:23:47.460 [openiec61850-osi-server-7-thread-1] DEBUG com.beanit.openiec61850.ServerAssociation - Got a GetDataValues request for node: IEDBiogasCHP/MMXU1.PF.net.rangeC.llLim.f: 0.0
calling GetDataValues(IEDBiogasCHP/MMXU1.PF.net.rangeC.min)
14:23:47.460 [openiec61850-osi-server-7-thread-1] DEBUG com.beanit.openiec61850.ServerAssociation - Got a GetDataValues request for node: IEDBiogasCHP/MMXU1.PF.net.rangeC.min [CF]
IEDBiogasCHP/MMXU1.PF.net.rangeC.min.i: 0
IEDBiogasCHP/MMXU1.PF.net.rangeC.min.f: 0.0
14:23:47.460 [openiec61850-osi-server-7-thread-1] DEBUG com.beanit.openiec61850.ServerAssociation - sub BDA is:IEDBiogasCHP/MMXU1.PF.net.rangeC.min.i: 0
14:23:47.460 [openiec61850-osi-server-7-thread-1] DEBUG com.beanit.openiec61850.ServerAssociation - sub BDA is:IEDBiogasCHP/MMXU1.PF.net.rangeC.min.f: 0.0
calling GetDataValues(IEDBiogasCHP/MMXU1.PF.net.rangeC.min.i)
14:23:47.460 [openiec61850-osi-server-7-thread-1] DEBUG com.beanit.openiec61850.ServerAssociation - Got a GetDataValues request for node: IEDBiogasCHP/MMXU1.PF.net.rangeC.min.i: 0
calling GetDataValues(IEDBiogasCHP/MMXU1.PF.net.rangeC.min.f)
14:23:47.461 [openiec61850-osi-server-7-thread-1] DEBUG com.beanit.openiec61850.ServerAssociation - Got a GetDataValues request for node: IEDBiogasCHP/MMXU1.PF.net.rangeC.min.f: 0.0
calling GetDataValues(IEDBiogasCHP/MMXU1.PF.net.rangeC.max)
14:23:47.461 [openiec61850-osi-server-7-thread-1] DEBUG com.beanit.openiec61850.ServerAssociation - Got a GetDataValues request for node: IEDBiogasCHP/MMXU1.PF.net.rangeC.max [CF]
IEDBiogasCHP/MMXU1.PF.net.rangeC.max.i: 0
IEDBiogasCHP/MMXU1.PF.net.rangeC.max.f: 0.0
14:23:47.461 [openiec61850-osi-server-7-thread-1] DEBUG com.beanit.openiec61850.ServerAssociation - sub BDA is:IEDBiogasCHP/MMXU1.PF.net.rangeC.max.i: 0
14:23:47.461 [openiec61850-osi-server-7-thread-1] DEBUG com.beanit.openiec61850.ServerAssociation - sub BDA is:IEDBiogasCHP/MMXU1.PF.net.rangeC.max.f: 0.0
calling GetDataValues(IEDBiogasCHP/MMXU1.PF.net.rangeC.max.i)
14:23:47.461 [openiec61850-osi-server-7-thread-1] DEBUG com.beanit.openiec61850.ServerAssociation - Got a GetDataValues request for node: IEDBiogasCHP/MMXU1.PF.net.rangeC.max.i: 0
calling GetDataValues(IEDBiogasCHP/MMXU1.PF.net.rangeC.max.f)
14:23:47.461 [openiec61850-osi-server-7-thread-1] DEBUG com.beanit.openiec61850.ServerAssociation - Got a GetDataValues request for node: IEDBiogasCHP/MMXU1.PF.net.rangeC.max.f: 0.0
calling GetDataValues(IEDBiogasCHP/MMXU1.PF.net.magSVC)
14:23:47.461 [openiec61850-osi-server-7-thread-1] DEBUG com.beanit.openiec61850.ServerAssociation - Got a GetDataValues request for node: IEDBiogasCHP/MMXU1.PF.net.magSVC [CF]
IEDBiogasCHP/MMXU1.PF.net.magSVC.scaleFactor: 0.0
IEDBiogasCHP/MMXU1.PF.net.magSVC.offset: 0.0
14:23:47.461 [openiec61850-osi-server-7-thread-1] DEBUG com.beanit.openiec61850.ServerAssociation - sub BDA is:IEDBiogasCHP/MMXU1.PF.net.magSVC.scaleFactor: 0.0
14:23:47.461 [openiec61850-osi-server-7-thread-1] DEBUG com.beanit.openiec61850.ServerAssociation - sub BDA is:IEDBiogasCHP/MMXU1.PF.net.magSVC.offset: 0.0
calling GetDataValues(IEDBiogasCHP/MMXU1.PF.net.magSVC.scaleFactor)
14:23:47.461 [openiec61850-osi-server-7-thread-1] DEBUG com.beanit.openiec61850.ServerAssociation - Got a GetDataValues request for node: IEDBiogasCHP/MMXU1.PF.net.magSVC.scaleFactor: 0.0
calling GetDataValues(IEDBiogasCHP/MMXU1.PF.net.magSVC.offset)
14:23:47.461 [openiec61850-osi-server-7-thread-1] DEBUG com.beanit.openiec61850.ServerAssociation - Got a GetDataValues request for node: IEDBiogasCHP/MMXU1.PF.net.magSVC.offset: 0.0
calling GetDataValues(IEDBiogasCHP/MMXU1.PF.net.angSVC)
14:23:47.461 [openiec61850-osi-server-7-thread-1] DEBUG com.beanit.openiec61850.ServerAssociation - Got a GetDataValues request for node: IEDBiogasCHP/MMXU1.PF.net.angSVC [CF]
IEDBiogasCHP/MMXU1.PF.net.angSVC.scaleFactor: 0.0
IEDBiogasCHP/MMXU1.PF.net.angSVC.offset: 0.0
14:23:47.461 [openiec61850-osi-server-7-thread-1] DEBUG com.beanit.openiec61850.ServerAssociation - sub BDA is:IEDBiogasCHP/MMXU1.PF.net.angSVC.scaleFactor: 0.0
14:23:47.461 [openiec61850-osi-server-7-thread-1] DEBUG com.beanit.openiec61850.ServerAssociation - sub BDA is:IEDBiogasCHP/MMXU1.PF.net.angSVC.offset: 0.0
calling GetDataValues(IEDBiogasCHP/MMXU1.PF.net.angSVC.scaleFactor)
14:23:47.461 [openiec61850-osi-server-7-thread-1] DEBUG com.beanit.openiec61850.ServerAssociation - Got a GetDataValues request for node: IEDBiogasCHP/MMXU1.PF.net.angSVC.scaleFactor: 0.0
calling GetDataValues(IEDBiogasCHP/MMXU1.PF.net.angSVC.offset)
14:23:47.462 [openiec61850-osi-server-7-thread-1] DEBUG com.beanit.openiec61850.ServerAssociation - Got a GetDataValues request for node: IEDBiogasCHP/MMXU1.PF.net.angSVC.offset: 0.0
calling GetDataValues(IEDBiogasCHP/MMXU1.PF.net.angRef)
14:23:47.462 [openiec61850-osi-server-7-thread-1] DEBUG com.beanit.openiec61850.ServerAssociation - Got a GetDataValues request for node: IEDBiogasCHP/MMXU1.PF.net.angRef: 0
calling GetDataValues(IEDBiogasCHP/MMXU1.PF.net.smpRate)
14:23:47.462 [openiec61850-osi-server-7-thread-1] DEBUG com.beanit.openiec61850.ServerAssociation - Got a GetDataValues request for node: IEDBiogasCHP/MMXU1.PF.net.smpRate: 0
calling GetDataValues(IEDBiogasCHP/MMXU1.PF.res)
14:23:47.462 [openiec61850-osi-server-7-thread-1] DEBUG com.beanit.openiec61850.ServerAssociation - Got a GetDataValues request for node: IEDBiogasCHP/MMXU1.PF.res [CF]
IEDBiogasCHP/MMXU1.PF.res.units [CF]
IEDBiogasCHP/MMXU1.PF.res.units.SIUnit: 0
IEDBiogasCHP/MMXU1.PF.res.units.multiplier: 0
IEDBiogasCHP/MMXU1.PF.res.db: 0
IEDBiogasCHP/MMXU1.PF.res.zeroDb: 0
IEDBiogasCHP/MMXU1.PF.res.rangeC [CF]
IEDBiogasCHP/MMXU1.PF.res.rangeC.hhLim [CF]
IEDBiogasCHP/MMXU1.PF.res.rangeC.hhLim.i: 0
IEDBiogasCHP/MMXU1.PF.res.rangeC.hhLim.f: 0.0
IEDBiogasCHP/MMXU1.PF.res.rangeC.hLim [CF]
IEDBiogasCHP/MMXU1.PF.res.rangeC.hLim.i: 0
IEDBiogasCHP/MMXU1.PF.res.rangeC.hLim.f: 0.0
IEDBiogasCHP/MMXU1.PF.res.rangeC.lLim [CF]
IEDBiogasCHP/MMXU1.PF.res.rangeC.lLim.i: 0
IEDBiogasCHP/MMXU1.PF.res.rangeC.lLim.f: 0.0
IEDBiogasCHP/MMXU1.PF.res.rangeC.llLim [CF]
IEDBiogasCHP/MMXU1.PF.res.rangeC.llLim.i: 0
IEDBiogasCHP/MMXU1.PF.res.rangeC.llLim.f: 0.0
IEDBiogasCHP/MMXU1.PF.res.rangeC.min [CF]
IEDBiogasCHP/MMXU1.PF.res.rangeC.min.i: 0
IEDBiogasCHP/MMXU1.PF.res.rangeC.min.f: 0.0
IEDBiogasCHP/MMXU1.PF.res.rangeC.max [CF]
IEDBiogasCHP/MMXU1.PF.res.rangeC.max.i: 0
IEDBiogasCHP/MMXU1.PF.res.rangeC.max.f: 0.0
IEDBiogasCHP/MMXU1.PF.res.magSVC [CF]
IEDBiogasCHP/MMXU1.PF.res.magSVC.scaleFactor: 0.0
IEDBiogasCHP/MMXU1.PF.res.magSVC.offset: 0.0
IEDBiogasCHP/MMXU1.PF.res.angSVC [CF]
IEDBiogasCHP/MMXU1.PF.res.angSVC.scaleFactor: 0.0
IEDBiogasCHP/MMXU1.PF.res.angSVC.offset: 0.0
IEDBiogasCHP/MMXU1.PF.res.angRef: 0
IEDBiogasCHP/MMXU1.PF.res.smpRate: 0
14:23:47.462 [openiec61850-osi-server-7-thread-1] DEBUG com.beanit.openiec61850.ServerAssociation - sub BDA is:IEDBiogasCHP/MMXU1.PF.res.units.SIUnit: 0
14:23:47.462 [openiec61850-osi-server-7-thread-1] DEBUG com.beanit.openiec61850.ServerAssociation - sub BDA is:IEDBiogasCHP/MMXU1.PF.res.units.multiplier: 0
14:23:47.462 [openiec61850-osi-server-7-thread-1] DEBUG com.beanit.openiec61850.ServerAssociation - sub BDA is:IEDBiogasCHP/MMXU1.PF.res.db: 0
14:23:47.462 [openiec61850-osi-server-7-thread-1] DEBUG com.beanit.openiec61850.ServerAssociation - sub BDA is:IEDBiogasCHP/MMXU1.PF.res.zeroDb: 0
14:23:47.462 [openiec61850-osi-server-7-thread-1] DEBUG com.beanit.openiec61850.ServerAssociation - sub BDA is:IEDBiogasCHP/MMXU1.PF.res.rangeC.hhLim.i: 0
14:23:47.462 [openiec61850-osi-server-7-thread-1] DEBUG com.beanit.openiec61850.ServerAssociation - sub BDA is:IEDBiogasCHP/MMXU1.PF.res.rangeC.hhLim.f: 0.0
14:23:47.462 [openiec61850-osi-server-7-thread-1] DEBUG com.beanit.openiec61850.ServerAssociation - sub BDA is:IEDBiogasCHP/MMXU1.PF.res.rangeC.hLim.i: 0
14:23:47.462 [openiec61850-osi-server-7-thread-1] DEBUG com.beanit.openiec61850.ServerAssociation - sub BDA is:IEDBiogasCHP/MMXU1.PF.res.rangeC.hLim.f: 0.0
14:23:47.462 [openiec61850-osi-server-7-thread-1] DEBUG com.beanit.openiec61850.ServerAssociation - sub BDA is:IEDBiogasCHP/MMXU1.PF.res.rangeC.lLim.i: 0
14:23:47.462 [openiec61850-osi-server-7-thread-1] DEBUG com.beanit.openiec61850.ServerAssociation - sub BDA is:IEDBiogasCHP/MMXU1.PF.res.rangeC.lLim.f: 0.0
14:23:47.462 [openiec61850-osi-server-7-thread-1] DEBUG com.beanit.openiec61850.ServerAssociation - sub BDA is:IEDBiogasCHP/MMXU1.PF.res.rangeC.llLim.i: 0
14:23:47.462 [openiec61850-osi-server-7-thread-1] DEBUG com.beanit.openiec61850.ServerAssociation - sub BDA is:IEDBiogasCHP/MMXU1.PF.res.rangeC.llLim.f: 0.0
14:23:47.462 [openiec61850-osi-server-7-thread-1] DEBUG com.beanit.openiec61850.ServerAssociation - sub BDA is:IEDBiogasCHP/MMXU1.PF.res.rangeC.min.i: 0
14:23:47.462 [openiec61850-osi-server-7-thread-1] DEBUG com.beanit.openiec61850.ServerAssociation - sub BDA is:IEDBiogasCHP/MMXU1.PF.res.rangeC.min.f: 0.0
14:23:47.462 [openiec61850-osi-server-7-thread-1] DEBUG com.beanit.openiec61850.ServerAssociation - sub BDA is:IEDBiogasCHP/MMXU1.PF.res.rangeC.max.i: 0
14:23:47.462 [openiec61850-osi-server-7-thread-1] DEBUG com.beanit.openiec61850.ServerAssociation - sub BDA is:IEDBiogasCHP/MMXU1.PF.res.rangeC.max.f: 0.0
14:23:47.462 [openiec61850-osi-server-7-thread-1] DEBUG com.beanit.openiec61850.ServerAssociation - sub BDA is:IEDBiogasCHP/MMXU1.PF.res.magSVC.scaleFactor: 0.0
14:23:47.462 [openiec61850-osi-server-7-thread-1] DEBUG com.beanit.openiec61850.ServerAssociation - sub BDA is:IEDBiogasCHP/MMXU1.PF.res.magSVC.offset: 0.0
14:23:47.462 [openiec61850-osi-server-7-thread-1] DEBUG com.beanit.openiec61850.ServerAssociation - sub BDA is:IEDBiogasCHP/MMXU1.PF.res.angSVC.scaleFactor: 0.0
14:23:47.462 [openiec61850-osi-server-7-thread-1] DEBUG com.beanit.openiec61850.ServerAssociation - sub BDA is:IEDBiogasCHP/MMXU1.PF.res.angSVC.offset: 0.0
14:23:47.462 [openiec61850-osi-server-7-thread-1] DEBUG com.beanit.openiec61850.ServerAssociation - sub BDA is:IEDBiogasCHP/MMXU1.PF.res.angRef: 0
14:23:47.462 [openiec61850-osi-server-7-thread-1] DEBUG com.beanit.openiec61850.ServerAssociation - sub BDA is:IEDBiogasCHP/MMXU1.PF.res.smpRate: 0
calling GetDataValues(IEDBiogasCHP/MMXU1.PF.res.units)
14:23:47.462 [openiec61850-osi-server-7-thread-1] DEBUG com.beanit.openiec61850.ServerAssociation - Got a GetDataValues request for node: IEDBiogasCHP/MMXU1.PF.res.units [CF]
IEDBiogasCHP/MMXU1.PF.res.units.SIUnit: 0
IEDBiogasCHP/MMXU1.PF.res.units.multiplier: 0
14:23:47.462 [openiec61850-osi-server-7-thread-1] DEBUG com.beanit.openiec61850.ServerAssociation - sub BDA is:IEDBiogasCHP/MMXU1.PF.res.units.SIUnit: 0
14:23:47.462 [openiec61850-osi-server-7-thread-1] DEBUG com.beanit.openiec61850.ServerAssociation - sub BDA is:IEDBiogasCHP/MMXU1.PF.res.units.multiplier: 0
calling GetDataValues(IEDBiogasCHP/MMXU1.PF.res.units.SIUnit)
14:23:47.462 [openiec61850-osi-server-7-thread-1] DEBUG com.beanit.openiec61850.ServerAssociation - Got a GetDataValues request for node: IEDBiogasCHP/MMXU1.PF.res.units.SIUnit: 0
calling GetDataValues(IEDBiogasCHP/MMXU1.PF.res.units.multiplier)
14:23:47.463 [openiec61850-osi-server-7-thread-1] DEBUG com.beanit.openiec61850.ServerAssociation - Got a GetDataValues request for node: IEDBiogasCHP/MMXU1.PF.res.units.multiplier: 0
calling GetDataValues(IEDBiogasCHP/MMXU1.PF.res.db)
14:23:47.463 [openiec61850-osi-server-7-thread-1] DEBUG com.beanit.openiec61850.ServerAssociation - Got a GetDataValues request for node: IEDBiogasCHP/MMXU1.PF.res.db: 0
calling GetDataValues(IEDBiogasCHP/MMXU1.PF.res.zeroDb)
14:23:47.463 [openiec61850-osi-server-7-thread-1] DEBUG com.beanit.openiec61850.ServerAssociation - Got a GetDataValues request for node: IEDBiogasCHP/MMXU1.PF.res.zeroDb: 0
calling GetDataValues(IEDBiogasCHP/MMXU1.PF.res.rangeC)
14:23:47.463 [openiec61850-osi-server-7-thread-1] DEBUG com.beanit.openiec61850.ServerAssociation - Got a GetDataValues request for node: IEDBiogasCHP/MMXU1.PF.res.rangeC [CF]
IEDBiogasCHP/MMXU1.PF.res.rangeC.hhLim [CF]
IEDBiogasCHP/MMXU1.PF.res.rangeC.hhLim.i: 0
IEDBiogasCHP/MMXU1.PF.res.rangeC.hhLim.f: 0.0
IEDBiogasCHP/MMXU1.PF.res.rangeC.hLim [CF]
IEDBiogasCHP/MMXU1.PF.res.rangeC.hLim.i: 0
IEDBiogasCHP/MMXU1.PF.res.rangeC.hLim.f: 0.0
IEDBiogasCHP/MMXU1.PF.res.rangeC.lLim [CF]
IEDBiogasCHP/MMXU1.PF.res.rangeC.lLim.i: 0
IEDBiogasCHP/MMXU1.PF.res.rangeC.lLim.f: 0.0
IEDBiogasCHP/MMXU1.PF.res.rangeC.llLim [CF]
IEDBiogasCHP/MMXU1.PF.res.rangeC.llLim.i: 0
IEDBiogasCHP/MMXU1.PF.res.rangeC.llLim.f: 0.0
IEDBiogasCHP/MMXU1.PF.res.rangeC.min [CF]
IEDBiogasCHP/MMXU1.PF.res.rangeC.min.i: 0
IEDBiogasCHP/MMXU1.PF.res.rangeC.min.f: 0.0
IEDBiogasCHP/MMXU1.PF.res.rangeC.max [CF]
IEDBiogasCHP/MMXU1.PF.res.rangeC.max.i: 0
IEDBiogasCHP/MMXU1.PF.res.rangeC.max.f: 0.0
14:23:47.463 [openiec61850-osi-server-7-thread-1] DEBUG com.beanit.openiec61850.ServerAssociation - sub BDA is:IEDBiogasCHP/MMXU1.PF.res.rangeC.hhLim.i: 0
14:23:47.463 [openiec61850-osi-server-7-thread-1] DEBUG com.beanit.openiec61850.ServerAssociation - sub BDA is:IEDBiogasCHP/MMXU1.PF.res.rangeC.hhLim.f: 0.0
14:23:47.463 [openiec61850-osi-server-7-thread-1] DEBUG com.beanit.openiec61850.ServerAssociation - sub BDA is:IEDBiogasCHP/MMXU1.PF.res.rangeC.hLim.i: 0
14:23:47.463 [openiec61850-osi-server-7-thread-1] DEBUG com.beanit.openiec61850.ServerAssociation - sub BDA is:IEDBiogasCHP/MMXU1.PF.res.rangeC.hLim.f: 0.0
14:23:47.463 [openiec61850-osi-server-7-thread-1] DEBUG com.beanit.openiec61850.ServerAssociation - sub BDA is:IEDBiogasCHP/MMXU1.PF.res.rangeC.lLim.i: 0
14:23:47.463 [openiec61850-osi-server-7-thread-1] DEBUG com.beanit.openiec61850.ServerAssociation - sub BDA is:IEDBiogasCHP/MMXU1.PF.res.rangeC.lLim.f: 0.0
14:23:47.463 [openiec61850-osi-server-7-thread-1] DEBUG com.beanit.openiec61850.ServerAssociation - sub BDA is:IEDBiogasCHP/MMXU1.PF.res.rangeC.llLim.i: 0
14:23:47.463 [openiec61850-osi-server-7-thread-1] DEBUG com.beanit.openiec61850.ServerAssociation - sub BDA is:IEDBiogasCHP/MMXU1.PF.res.rangeC.llLim.f: 0.0
14:23:47.463 [openiec61850-osi-server-7-thread-1] DEBUG com.beanit.openiec61850.ServerAssociation - sub BDA is:IEDBiogasCHP/MMXU1.PF.res.rangeC.min.i: 0
14:23:47.463 [openiec61850-osi-server-7-thread-1] DEBUG com.beanit.openiec61850.ServerAssociation - sub BDA is:IEDBiogasCHP/MMXU1.PF.res.rangeC.min.f: 0.0
14:23:47.463 [openiec61850-osi-server-7-thread-1] DEBUG com.beanit.openiec61850.ServerAssociation - sub BDA is:IEDBiogasCHP/MMXU1.PF.res.rangeC.max.i: 0
14:23:47.463 [openiec61850-osi-server-7-thread-1] DEBUG com.beanit.openiec61850.ServerAssociation - sub BDA is:IEDBiogasCHP/MMXU1.PF.res.rangeC.max.f: 0.0
calling GetDataValues(IEDBiogasCHP/MMXU1.PF.res.rangeC.hhLim)
14:23:47.463 [openiec61850-osi-server-7-thread-1] DEBUG com.beanit.openiec61850.ServerAssociation - Got a GetDataValues request for node: IEDBiogasCHP/MMXU1.PF.res.rangeC.hhLim [CF]
IEDBiogasCHP/MMXU1.PF.res.rangeC.hhLim.i: 0
IEDBiogasCHP/MMXU1.PF.res.rangeC.hhLim.f: 0.0
14:23:47.463 [openiec61850-osi-server-7-thread-1] DEBUG com.beanit.openiec61850.ServerAssociation - sub BDA is:IEDBiogasCHP/MMXU1.PF.res.rangeC.hhLim.i: 0
14:23:47.463 [openiec61850-osi-server-7-thread-1] DEBUG com.beanit.openiec61850.ServerAssociation - sub BDA is:IEDBiogasCHP/MMXU1.PF.res.rangeC.hhLim.f: 0.0
calling GetDataValues(IEDBiogasCHP/MMXU1.PF.res.rangeC.hhLim.i)
14:23:47.463 [openiec61850-osi-server-7-thread-1] DEBUG com.beanit.openiec61850.ServerAssociation - Got a GetDataValues request for node: IEDBiogasCHP/MMXU1.PF.res.rangeC.hhLim.i: 0
calling GetDataValues(IEDBiogasCHP/MMXU1.PF.res.rangeC.hhLim.f)
14:23:47.463 [openiec61850-osi-server-7-thread-1] DEBUG com.beanit.openiec61850.ServerAssociation - Got a GetDataValues request for node: IEDBiogasCHP/MMXU1.PF.res.rangeC.hhLim.f: 0.0
calling GetDataValues(IEDBiogasCHP/MMXU1.PF.res.rangeC.hLim)
14:23:47.464 [openiec61850-osi-server-7-thread-1] DEBUG com.beanit.openiec61850.ServerAssociation - Got a GetDataValues request for node: IEDBiogasCHP/MMXU1.PF.res.rangeC.hLim [CF]
IEDBiogasCHP/MMXU1.PF.res.rangeC.hLim.i: 0
IEDBiogasCHP/MMXU1.PF.res.rangeC.hLim.f: 0.0
14:23:47.464 [openiec61850-osi-server-7-thread-1] DEBUG com.beanit.openiec61850.ServerAssociation - sub BDA is:IEDBiogasCHP/MMXU1.PF.res.rangeC.hLim.i: 0
14:23:47.464 [openiec61850-osi-server-7-thread-1] DEBUG com.beanit.openiec61850.ServerAssociation - sub BDA is:IEDBiogasCHP/MMXU1.PF.res.rangeC.hLim.f: 0.0
calling GetDataValues(IEDBiogasCHP/MMXU1.PF.res.rangeC.hLim.i)
14:23:47.464 [openiec61850-osi-server-7-thread-1] DEBUG com.beanit.openiec61850.ServerAssociation - Got a GetDataValues request for node: IEDBiogasCHP/MMXU1.PF.res.rangeC.hLim.i: 0
calling GetDataValues(IEDBiogasCHP/MMXU1.PF.res.rangeC.hLim.f)
14:23:47.464 [openiec61850-osi-server-7-thread-1] DEBUG com.beanit.openiec61850.ServerAssociation - Got a GetDataValues request for node: IEDBiogasCHP/MMXU1.PF.res.rangeC.hLim.f: 0.0
calling GetDataValues(IEDBiogasCHP/MMXU1.PF.res.rangeC.lLim)
14:23:47.464 [openiec61850-osi-server-7-thread-1] DEBUG com.beanit.openiec61850.ServerAssociation - Got a GetDataValues request for node: IEDBiogasCHP/MMXU1.PF.res.rangeC.lLim [CF]
IEDBiogasCHP/MMXU1.PF.res.rangeC.lLim.i: 0
IEDBiogasCHP/MMXU1.PF.res.rangeC.lLim.f: 0.0
14:23:47.464 [openiec61850-osi-server-7-thread-1] DEBUG com.beanit.openiec61850.ServerAssociation - sub BDA is:IEDBiogasCHP/MMXU1.PF.res.rangeC.lLim.i: 0
14:23:47.464 [openiec61850-osi-server-7-thread-1] DEBUG com.beanit.openiec61850.ServerAssociation - sub BDA is:IEDBiogasCHP/MMXU1.PF.res.rangeC.lLim.f: 0.0
calling GetDataValues(IEDBiogasCHP/MMXU1.PF.res.rangeC.lLim.i)
14:23:47.464 [openiec61850-osi-server-7-thread-1] DEBUG com.beanit.openiec61850.ServerAssociation - Got a GetDataValues request for node: IEDBiogasCHP/MMXU1.PF.res.rangeC.lLim.i: 0
calling GetDataValues(IEDBiogasCHP/MMXU1.PF.res.rangeC.lLim.f)
14:23:47.464 [openiec61850-osi-server-7-thread-1] DEBUG com.beanit.openiec61850.ServerAssociation - Got a GetDataValues request for node: IEDBiogasCHP/MMXU1.PF.res.rangeC.lLim.f: 0.0
calling GetDataValues(IEDBiogasCHP/MMXU1.PF.res.rangeC.llLim)
14:23:47.464 [openiec61850-osi-server-7-thread-1] DEBUG com.beanit.openiec61850.ServerAssociation - Got a GetDataValues request for node: IEDBiogasCHP/MMXU1.PF.res.rangeC.llLim [CF]
IEDBiogasCHP/MMXU1.PF.res.rangeC.llLim.i: 0
IEDBiogasCHP/MMXU1.PF.res.rangeC.llLim.f: 0.0
14:23:47.464 [openiec61850-osi-server-7-thread-1] DEBUG com.beanit.openiec61850.ServerAssociation - sub BDA is:IEDBiogasCHP/MMXU1.PF.res.rangeC.llLim.i: 0
14:23:47.464 [openiec61850-osi-server-7-thread-1] DEBUG com.beanit.openiec61850.ServerAssociation - sub BDA is:IEDBiogasCHP/MMXU1.PF.res.rangeC.llLim.f: 0.0
calling GetDataValues(IEDBiogasCHP/MMXU1.PF.res.rangeC.llLim.i)
14:23:47.464 [openiec61850-osi-server-7-thread-1] DEBUG com.beanit.openiec61850.ServerAssociation - Got a GetDataValues request for node: IEDBiogasCHP/MMXU1.PF.res.rangeC.llLim.i: 0
calling GetDataValues(IEDBiogasCHP/MMXU1.PF.res.rangeC.llLim.f)
14:23:47.465 [openiec61850-osi-server-7-thread-1] DEBUG com.beanit.openiec61850.ServerAssociation - Got a GetDataValues request for node: IEDBiogasCHP/MMXU1.PF.res.rangeC.llLim.f: 0.0
calling GetDataValues(IEDBiogasCHP/MMXU1.PF.res.rangeC.min)
14:23:47.465 [openiec61850-osi-server-7-thread-1] DEBUG com.beanit.openiec61850.ServerAssociation - Got a GetDataValues request for node: IEDBiogasCHP/MMXU1.PF.res.rangeC.min [CF]
IEDBiogasCHP/MMXU1.PF.res.rangeC.min.i: 0
IEDBiogasCHP/MMXU1.PF.res.rangeC.min.f: 0.0
14:23:47.465 [openiec61850-osi-server-7-thread-1] DEBUG com.beanit.openiec61850.ServerAssociation - sub BDA is:IEDBiogasCHP/MMXU1.PF.res.rangeC.min.i: 0
14:23:47.465 [openiec61850-osi-server-7-thread-1] DEBUG com.beanit.openiec61850.ServerAssociation - sub BDA is:IEDBiogasCHP/MMXU1.PF.res.rangeC.min.f: 0.0
calling GetDataValues(IEDBiogasCHP/MMXU1.PF.res.rangeC.min.i)
14:23:47.465 [openiec61850-osi-server-7-thread-1] DEBUG com.beanit.openiec61850.ServerAssociation - Got a GetDataValues request for node: IEDBiogasCHP/MMXU1.PF.res.rangeC.min.i: 0
calling GetDataValues(IEDBiogasCHP/MMXU1.PF.res.rangeC.min.f)
14:23:47.465 [openiec61850-osi-server-7-thread-1] DEBUG com.beanit.openiec61850.ServerAssociation - Got a GetDataValues request for node: IEDBiogasCHP/MMXU1.PF.res.rangeC.min.f: 0.0
calling GetDataValues(IEDBiogasCHP/MMXU1.PF.res.rangeC.max)
14:23:47.465 [openiec61850-osi-server-7-thread-1] DEBUG com.beanit.openiec61850.ServerAssociation - Got a GetDataValues request for node: IEDBiogasCHP/MMXU1.PF.res.rangeC.max [CF]
IEDBiogasCHP/MMXU1.PF.res.rangeC.max.i: 0
IEDBiogasCHP/MMXU1.PF.res.rangeC.max.f: 0.0
14:23:47.465 [openiec61850-osi-server-7-thread-1] DEBUG com.beanit.openiec61850.ServerAssociation - sub BDA is:IEDBiogasCHP/MMXU1.PF.res.rangeC.max.i: 0
14:23:47.465 [openiec61850-osi-server-7-thread-1] DEBUG com.beanit.openiec61850.ServerAssociation - sub BDA is:IEDBiogasCHP/MMXU1.PF.res.rangeC.max.f: 0.0
calling GetDataValues(IEDBiogasCHP/MMXU1.PF.res.rangeC.max.i)
14:23:47.465 [openiec61850-osi-server-7-thread-1] DEBUG com.beanit.openiec61850.ServerAssociation - Got a GetDataValues request for node: IEDBiogasCHP/MMXU1.PF.res.rangeC.max.i: 0
calling GetDataValues(IEDBiogasCHP/MMXU1.PF.res.rangeC.max.f)
14:23:47.465 [openiec61850-osi-server-7-thread-1] DEBUG com.beanit.openiec61850.ServerAssociation - Got a GetDataValues request for node: IEDBiogasCHP/MMXU1.PF.res.rangeC.max.f: 0.0
calling GetDataValues(IEDBiogasCHP/MMXU1.PF.res.magSVC)
14:23:47.465 [openiec61850-osi-server-7-thread-1] DEBUG com.beanit.openiec61850.ServerAssociation - Got a GetDataValues request for node: IEDBiogasCHP/MMXU1.PF.res.magSVC [CF]
IEDBiogasCHP/MMXU1.PF.res.magSVC.scaleFactor: 0.0
IEDBiogasCHP/MMXU1.PF.res.magSVC.offset: 0.0
14:23:47.465 [openiec61850-osi-server-7-thread-1] DEBUG com.beanit.openiec61850.ServerAssociation - sub BDA is:IEDBiogasCHP/MMXU1.PF.res.magSVC.scaleFactor: 0.0
14:23:47.465 [openiec61850-osi-server-7-thread-1] DEBUG com.beanit.openiec61850.ServerAssociation - sub BDA is:IEDBiogasCHP/MMXU1.PF.res.magSVC.offset: 0.0
calling GetDataValues(IEDBiogasCHP/MMXU1.PF.res.magSVC.scaleFactor)
14:23:47.465 [openiec61850-osi-server-7-thread-1] DEBUG com.beanit.openiec61850.ServerAssociation - Got a GetDataValues request for node: IEDBiogasCHP/MMXU1.PF.res.magSVC.scaleFactor: 0.0
calling GetDataValues(IEDBiogasCHP/MMXU1.PF.res.magSVC.offset)
14:23:47.466 [openiec61850-osi-server-7-thread-1] DEBUG com.beanit.openiec61850.ServerAssociation - Got a GetDataValues request for node: IEDBiogasCHP/MMXU1.PF.res.magSVC.offset: 0.0
calling GetDataValues(IEDBiogasCHP/MMXU1.PF.res.angSVC)
14:23:47.466 [openiec61850-osi-server-7-thread-1] DEBUG com.beanit.openiec61850.ServerAssociation - Got a GetDataValues request for node: IEDBiogasCHP/MMXU1.PF.res.angSVC [CF]
IEDBiogasCHP/MMXU1.PF.res.angSVC.scaleFactor: 0.0
IEDBiogasCHP/MMXU1.PF.res.angSVC.offset: 0.0
14:23:47.466 [openiec61850-osi-server-7-thread-1] DEBUG com.beanit.openiec61850.ServerAssociation - sub BDA is:IEDBiogasCHP/MMXU1.PF.res.angSVC.scaleFactor: 0.0
14:23:47.466 [openiec61850-osi-server-7-thread-1] DEBUG com.beanit.openiec61850.ServerAssociation - sub BDA is:IEDBiogasCHP/MMXU1.PF.res.angSVC.offset: 0.0
calling GetDataValues(IEDBiogasCHP/MMXU1.PF.res.angSVC.scaleFactor)
14:23:47.466 [openiec61850-osi-server-7-thread-1] DEBUG com.beanit.openiec61850.ServerAssociation - Got a GetDataValues request for node: IEDBiogasCHP/MMXU1.PF.res.angSVC.scaleFactor: 0.0
calling GetDataValues(IEDBiogasCHP/MMXU1.PF.res.angSVC.offset)
14:23:47.466 [openiec61850-osi-server-7-thread-1] DEBUG com.beanit.openiec61850.ServerAssociation - Got a GetDataValues request for node: IEDBiogasCHP/MMXU1.PF.res.angSVC.offset: 0.0
calling GetDataValues(IEDBiogasCHP/MMXU1.PF.res.angRef)
14:23:47.466 [openiec61850-osi-server-7-thread-1] DEBUG com.beanit.openiec61850.ServerAssociation - Got a GetDataValues request for node: IEDBiogasCHP/MMXU1.PF.res.angRef: 0
calling GetDataValues(IEDBiogasCHP/MMXU1.PF.res.smpRate)
14:23:47.466 [openiec61850-osi-server-7-thread-1] DEBUG com.beanit.openiec61850.ServerAssociation - Got a GetDataValues request for node: IEDBiogasCHP/MMXU1.PF.res.smpRate: 0
calling GetDataValues(IEDBiogasCHP/MMXU1.PF)
14:23:47.466 [openiec61850-osi-server-7-thread-1] DEBUG com.beanit.openiec61850.ServerAssociation - Got a GetDataValues request for node: IEDBiogasCHP/MMXU1.PF [DC]
IEDBiogasCHP/MMXU1.PF.d: ''
IEDBiogasCHP/MMXU1.PF.dU: 
IEDBiogasCHP/MMXU1.PF.phsA [DC]
IEDBiogasCHP/MMXU1.PF.phsA.d: ''
IEDBiogasCHP/MMXU1.PF.phsA.dU: 
IEDBiogasCHP/MMXU1.PF.phsB [DC]
IEDBiogasCHP/MMXU1.PF.phsB.d: ''
IEDBiogasCHP/MMXU1.PF.phsB.dU: 
IEDBiogasCHP/MMXU1.PF.phsC [DC]
IEDBiogasCHP/MMXU1.PF.phsC.d: ''
IEDBiogasCHP/MMXU1.PF.phsC.dU: 
IEDBiogasCHP/MMXU1.PF.neut [DC]
IEDBiogasCHP/MMXU1.PF.neut.d: ''
IEDBiogasCHP/MMXU1.PF.neut.dU: 
IEDBiogasCHP/MMXU1.PF.net [DC]
IEDBiogasCHP/MMXU1.PF.net.d: ''
IEDBiogasCHP/MMXU1.PF.net.dU: 
IEDBiogasCHP/MMXU1.PF.res [DC]
IEDBiogasCHP/MMXU1.PF.res.d: ''
IEDBiogasCHP/MMXU1.PF.res.dU: 
14:23:47.466 [openiec61850-osi-server-7-thread-1] DEBUG com.beanit.openiec61850.ServerAssociation - sub BDA is:IEDBiogasCHP/MMXU1.PF.d: ''
14:23:47.466 [openiec61850-osi-server-7-thread-1] DEBUG com.beanit.openiec61850.ServerAssociation - sub BDA is:IEDBiogasCHP/MMXU1.PF.dU: 
14:23:47.466 [openiec61850-osi-server-7-thread-1] DEBUG com.beanit.openiec61850.ServerAssociation - sub BDA is:IEDBiogasCHP/MMXU1.PF.phsA.d: ''
14:23:47.466 [openiec61850-osi-server-7-thread-1] DEBUG com.beanit.openiec61850.ServerAssociation - sub BDA is:IEDBiogasCHP/MMXU1.PF.phsA.dU: 
14:23:47.466 [openiec61850-osi-server-7-thread-1] DEBUG com.beanit.openiec61850.ServerAssociation - sub BDA is:IEDBiogasCHP/MMXU1.PF.phsB.d: ''
14:23:47.466 [openiec61850-osi-server-7-thread-1] DEBUG com.beanit.openiec61850.ServerAssociation - sub BDA is:IEDBiogasCHP/MMXU1.PF.phsB.dU: 
14:23:47.466 [openiec61850-osi-server-7-thread-1] DEBUG com.beanit.openiec61850.ServerAssociation - sub BDA is:IEDBiogasCHP/MMXU1.PF.phsC.d: ''
14:23:47.466 [openiec61850-osi-server-7-thread-1] DEBUG com.beanit.openiec61850.ServerAssociation - sub BDA is:IEDBiogasCHP/MMXU1.PF.phsC.dU: 
14:23:47.466 [openiec61850-osi-server-7-thread-1] DEBUG com.beanit.openiec61850.ServerAssociation - sub BDA is:IEDBiogasCHP/MMXU1.PF.neut.d: ''
14:23:47.466 [openiec61850-osi-server-7-thread-1] DEBUG com.beanit.openiec61850.ServerAssociation - sub BDA is:IEDBiogasCHP/MMXU1.PF.neut.dU: 
14:23:47.466 [openiec61850-osi-server-7-thread-1] DEBUG com.beanit.openiec61850.ServerAssociation - sub BDA is:IEDBiogasCHP/MMXU1.PF.net.d: ''
14:23:47.466 [openiec61850-osi-server-7-thread-1] DEBUG com.beanit.openiec61850.ServerAssociation - sub BDA is:IEDBiogasCHP/MMXU1.PF.net.dU: 
14:23:47.466 [openiec61850-osi-server-7-thread-1] DEBUG com.beanit.openiec61850.ServerAssociation - sub BDA is:IEDBiogasCHP/MMXU1.PF.res.d: ''
14:23:47.466 [openiec61850-osi-server-7-thread-1] DEBUG com.beanit.openiec61850.ServerAssociation - sub BDA is:IEDBiogasCHP/MMXU1.PF.res.dU: 
calling GetDataValues(IEDBiogasCHP/MMXU1.PF.d)
14:23:47.466 [openiec61850-osi-server-7-thread-1] DEBUG com.beanit.openiec61850.ServerAssociation - Got a GetDataValues request for node: IEDBiogasCHP/MMXU1.PF.d: ''
calling GetDataValues(IEDBiogasCHP/MMXU1.PF.dU)
14:23:47.467 [openiec61850-osi-server-7-thread-1] DEBUG com.beanit.openiec61850.ServerAssociation - Got a GetDataValues request for node: IEDBiogasCHP/MMXU1.PF.dU: 
calling GetDataValues(IEDBiogasCHP/MMXU1.PF.phsA)
14:23:47.467 [openiec61850-osi-server-7-thread-1] DEBUG com.beanit.openiec61850.ServerAssociation - Got a GetDataValues request for node: IEDBiogasCHP/MMXU1.PF.phsA [DC]
IEDBiogasCHP/MMXU1.PF.phsA.d: ''
IEDBiogasCHP/MMXU1.PF.phsA.dU: 
14:23:47.467 [openiec61850-osi-server-7-thread-1] DEBUG com.beanit.openiec61850.ServerAssociation - sub BDA is:IEDBiogasCHP/MMXU1.PF.phsA.d: ''
14:23:47.467 [openiec61850-osi-server-7-thread-1] DEBUG com.beanit.openiec61850.ServerAssociation - sub BDA is:IEDBiogasCHP/MMXU1.PF.phsA.dU: 
calling GetDataValues(IEDBiogasCHP/MMXU1.PF.phsA.d)
14:23:47.467 [openiec61850-osi-server-7-thread-1] DEBUG com.beanit.openiec61850.ServerAssociation - Got a GetDataValues request for node: IEDBiogasCHP/MMXU1.PF.phsA.d: ''
calling GetDataValues(IEDBiogasCHP/MMXU1.PF.phsA.dU)
14:23:47.467 [openiec61850-osi-server-7-thread-1] DEBUG com.beanit.openiec61850.ServerAssociation - Got a GetDataValues request for node: IEDBiogasCHP/MMXU1.PF.phsA.dU: 
calling GetDataValues(IEDBiogasCHP/MMXU1.PF.phsB)
14:23:47.467 [openiec61850-osi-server-7-thread-1] DEBUG com.beanit.openiec61850.ServerAssociation - Got a GetDataValues request for node: IEDBiogasCHP/MMXU1.PF.phsB [DC]
IEDBiogasCHP/MMXU1.PF.phsB.d: ''
IEDBiogasCHP/MMXU1.PF.phsB.dU: 
14:23:47.467 [openiec61850-osi-server-7-thread-1] DEBUG com.beanit.openiec61850.ServerAssociation - sub BDA is:IEDBiogasCHP/MMXU1.PF.phsB.d: ''
14:23:47.467 [openiec61850-osi-server-7-thread-1] DEBUG com.beanit.openiec61850.ServerAssociation - sub BDA is:IEDBiogasCHP/MMXU1.PF.phsB.dU: 
calling GetDataValues(IEDBiogasCHP/MMXU1.PF.phsB.d)
14:23:47.467 [openiec61850-osi-server-7-thread-1] DEBUG com.beanit.openiec61850.ServerAssociation - Got a GetDataValues request for node: IEDBiogasCHP/MMXU1.PF.phsB.d: ''
calling GetDataValues(IEDBiogasCHP/MMXU1.PF.phsB.dU)
14:23:47.467 [openiec61850-osi-server-7-thread-1] DEBUG com.beanit.openiec61850.ServerAssociation - Got a GetDataValues request for node: IEDBiogasCHP/MMXU1.PF.phsB.dU: 
calling GetDataValues(IEDBiogasCHP/MMXU1.PF.phsC)
14:23:47.467 [openiec61850-osi-server-7-thread-1] DEBUG com.beanit.openiec61850.ServerAssociation - Got a GetDataValues request for node: IEDBiogasCHP/MMXU1.PF.phsC [DC]
IEDBiogasCHP/MMXU1.PF.phsC.d: ''
IEDBiogasCHP/MMXU1.PF.phsC.dU: 
14:23:47.467 [openiec61850-osi-server-7-thread-1] DEBUG com.beanit.openiec61850.ServerAssociation - sub BDA is:IEDBiogasCHP/MMXU1.PF.phsC.d: ''
14:23:47.467 [openiec61850-osi-server-7-thread-1] DEBUG com.beanit.openiec61850.ServerAssociation - sub BDA is:IEDBiogasCHP/MMXU1.PF.phsC.dU: 
calling GetDataValues(IEDBiogasCHP/MMXU1.PF.phsC.d)
14:23:47.467 [openiec61850-osi-server-7-thread-1] DEBUG com.beanit.openiec61850.ServerAssociation - Got a GetDataValues request for node: IEDBiogasCHP/MMXU1.PF.phsC.d: ''
calling GetDataValues(IEDBiogasCHP/MMXU1.PF.phsC.dU)
14:23:47.468 [openiec61850-osi-server-7-thread-1] DEBUG com.beanit.openiec61850.ServerAssociation - Got a GetDataValues request for node: IEDBiogasCHP/MMXU1.PF.phsC.dU: 
calling GetDataValues(IEDBiogasCHP/MMXU1.PF.neut)
14:23:47.468 [openiec61850-osi-server-7-thread-1] DEBUG com.beanit.openiec61850.ServerAssociation - Got a GetDataValues request for node: IEDBiogasCHP/MMXU1.PF.neut [DC]
IEDBiogasCHP/MMXU1.PF.neut.d: ''
IEDBiogasCHP/MMXU1.PF.neut.dU: 
14:23:47.468 [openiec61850-osi-server-7-thread-1] DEBUG com.beanit.openiec61850.ServerAssociation - sub BDA is:IEDBiogasCHP/MMXU1.PF.neut.d: ''
14:23:47.468 [openiec61850-osi-server-7-thread-1] DEBUG com.beanit.openiec61850.ServerAssociation - sub BDA is:IEDBiogasCHP/MMXU1.PF.neut.dU: 
calling GetDataValues(IEDBiogasCHP/MMXU1.PF.neut.d)
14:23:47.468 [openiec61850-osi-server-7-thread-1] DEBUG com.beanit.openiec61850.ServerAssociation - Got a GetDataValues request for node: IEDBiogasCHP/MMXU1.PF.neut.d: ''
calling GetDataValues(IEDBiogasCHP/MMXU1.PF.neut.dU)
14:23:47.468 [openiec61850-osi-server-7-thread-1] DEBUG com.beanit.openiec61850.ServerAssociation - Got a GetDataValues request for node: IEDBiogasCHP/MMXU1.PF.neut.dU: 
calling GetDataValues(IEDBiogasCHP/MMXU1.PF.net)
14:23:47.468 [openiec61850-osi-server-7-thread-1] DEBUG com.beanit.openiec61850.ServerAssociation - Got a GetDataValues request for node: IEDBiogasCHP/MMXU1.PF.net [DC]
IEDBiogasCHP/MMXU1.PF.net.d: ''
IEDBiogasCHP/MMXU1.PF.net.dU: 
14:23:47.468 [openiec61850-osi-server-7-thread-1] DEBUG com.beanit.openiec61850.ServerAssociation - sub BDA is:IEDBiogasCHP/MMXU1.PF.net.d: ''
14:23:47.468 [openiec61850-osi-server-7-thread-1] DEBUG com.beanit.openiec61850.ServerAssociation - sub BDA is:IEDBiogasCHP/MMXU1.PF.net.dU: 
calling GetDataValues(IEDBiogasCHP/MMXU1.PF.net.d)
14:23:47.468 [openiec61850-osi-server-7-thread-1] DEBUG com.beanit.openiec61850.ServerAssociation - Got a GetDataValues request for node: IEDBiogasCHP/MMXU1.PF.net.d: ''
calling GetDataValues(IEDBiogasCHP/MMXU1.PF.net.dU)
14:23:47.468 [openiec61850-osi-server-7-thread-1] DEBUG com.beanit.openiec61850.ServerAssociation - Got a GetDataValues request for node: IEDBiogasCHP/MMXU1.PF.net.dU: 
calling GetDataValues(IEDBiogasCHP/MMXU1.PF.res)
14:23:47.468 [openiec61850-osi-server-7-thread-1] DEBUG com.beanit.openiec61850.ServerAssociation - Got a GetDataValues request for node: IEDBiogasCHP/MMXU1.PF.res [DC]
IEDBiogasCHP/MMXU1.PF.res.d: ''
IEDBiogasCHP/MMXU1.PF.res.dU: 
14:23:47.468 [openiec61850-osi-server-7-thread-1] DEBUG com.beanit.openiec61850.ServerAssociation - sub BDA is:IEDBiogasCHP/MMXU1.PF.res.d: ''
14:23:47.468 [openiec61850-osi-server-7-thread-1] DEBUG com.beanit.openiec61850.ServerAssociation - sub BDA is:IEDBiogasCHP/MMXU1.PF.res.dU: 
calling GetDataValues(IEDBiogasCHP/MMXU1.PF.res.d)
14:23:47.468 [openiec61850-osi-server-7-thread-1] DEBUG com.beanit.openiec61850.ServerAssociation - Got a GetDataValues request for node: IEDBiogasCHP/MMXU1.PF.res.d: ''
calling GetDataValues(IEDBiogasCHP/MMXU1.PF.res.dU)
14:23:47.469 [openiec61850-osi-server-7-thread-1] DEBUG com.beanit.openiec61850.ServerAssociation - Got a GetDataValues request for node: IEDBiogasCHP/MMXU1.PF.res.dU: 
calling GetDataValues(IEDBiogasCHP/MMXU1.PF)
14:23:47.469 [openiec61850-osi-server-7-thread-1] DEBUG com.beanit.openiec61850.ServerAssociation - Got a GetDataValues request for node: IEDBiogasCHP/MMXU1.PF [EX]
IEDBiogasCHP/MMXU1.PF.cdcNs: ''
IEDBiogasCHP/MMXU1.PF.cdcName: ''
IEDBiogasCHP/MMXU1.PF.dataNs: ''
IEDBiogasCHP/MMXU1.PF.phsA [EX]
IEDBiogasCHP/MMXU1.PF.phsA.cdcNs: ''
IEDBiogasCHP/MMXU1.PF.phsA.cdcName: ''
IEDBiogasCHP/MMXU1.PF.phsA.dataNs: ''
IEDBiogasCHP/MMXU1.PF.phsB [EX]
IEDBiogasCHP/MMXU1.PF.phsB.cdcNs: ''
IEDBiogasCHP/MMXU1.PF.phsB.cdcName: ''
IEDBiogasCHP/MMXU1.PF.phsB.dataNs: ''
IEDBiogasCHP/MMXU1.PF.phsC [EX]
IEDBiogasCHP/MMXU1.PF.phsC.cdcNs: ''
IEDBiogasCHP/MMXU1.PF.phsC.cdcName: ''
IEDBiogasCHP/MMXU1.PF.phsC.dataNs: ''
IEDBiogasCHP/MMXU1.PF.neut [EX]
IEDBiogasCHP/MMXU1.PF.neut.cdcNs: ''
IEDBiogasCHP/MMXU1.PF.neut.cdcName: ''
IEDBiogasCHP/MMXU1.PF.neut.dataNs: ''
IEDBiogasCHP/MMXU1.PF.net [EX]
IEDBiogasCHP/MMXU1.PF.net.cdcNs: ''
IEDBiogasCHP/MMXU1.PF.net.cdcName: ''
IEDBiogasCHP/MMXU1.PF.net.dataNs: ''
IEDBiogasCHP/MMXU1.PF.res [EX]
IEDBiogasCHP/MMXU1.PF.res.cdcNs: ''
IEDBiogasCHP/MMXU1.PF.res.cdcName: ''
IEDBiogasCHP/MMXU1.PF.res.dataNs: ''
14:23:47.469 [openiec61850-osi-server-7-thread-1] DEBUG com.beanit.openiec61850.ServerAssociation - sub BDA is:IEDBiogasCHP/MMXU1.PF.cdcNs: ''
14:23:47.469 [openiec61850-osi-server-7-thread-1] DEBUG com.beanit.openiec61850.ServerAssociation - sub BDA is:IEDBiogasCHP/MMXU1.PF.cdcName: ''
14:23:47.469 [openiec61850-osi-server-7-thread-1] DEBUG com.beanit.openiec61850.ServerAssociation - sub BDA is:IEDBiogasCHP/MMXU1.PF.dataNs: ''
14:23:47.469 [openiec61850-osi-server-7-thread-1] DEBUG com.beanit.openiec61850.ServerAssociation - sub BDA is:IEDBiogasCHP/MMXU1.PF.phsA.cdcNs: ''
14:23:47.469 [openiec61850-osi-server-7-thread-1] DEBUG com.beanit.openiec61850.ServerAssociation - sub BDA is:IEDBiogasCHP/MMXU1.PF.phsA.cdcName: ''
14:23:47.469 [openiec61850-osi-server-7-thread-1] DEBUG com.beanit.openiec61850.ServerAssociation - sub BDA is:IEDBiogasCHP/MMXU1.PF.phsA.dataNs: ''
14:23:47.469 [openiec61850-osi-server-7-thread-1] DEBUG com.beanit.openiec61850.ServerAssociation - sub BDA is:IEDBiogasCHP/MMXU1.PF.phsB.cdcNs: ''
14:23:47.469 [openiec61850-osi-server-7-thread-1] DEBUG com.beanit.openiec61850.ServerAssociation - sub BDA is:IEDBiogasCHP/MMXU1.PF.phsB.cdcName: ''
14:23:47.469 [openiec61850-osi-server-7-thread-1] DEBUG com.beanit.openiec61850.ServerAssociation - sub BDA is:IEDBiogasCHP/MMXU1.PF.phsB.dataNs: ''
14:23:47.469 [openiec61850-osi-server-7-thread-1] DEBUG com.beanit.openiec61850.ServerAssociation - sub BDA is:IEDBiogasCHP/MMXU1.PF.phsC.cdcNs: ''
14:23:47.469 [openiec61850-osi-server-7-thread-1] DEBUG com.beanit.openiec61850.ServerAssociation - sub BDA is:IEDBiogasCHP/MMXU1.PF.phsC.cdcName: ''
14:23:47.469 [openiec61850-osi-server-7-thread-1] DEBUG com.beanit.openiec61850.ServerAssociation - sub BDA is:IEDBiogasCHP/MMXU1.PF.phsC.dataNs: ''
14:23:47.469 [openiec61850-osi-server-7-thread-1] DEBUG com.beanit.openiec61850.ServerAssociation - sub BDA is:IEDBiogasCHP/MMXU1.PF.neut.cdcNs: ''
14:23:47.469 [openiec61850-osi-server-7-thread-1] DEBUG com.beanit.openiec61850.ServerAssociation - sub BDA is:IEDBiogasCHP/MMXU1.PF.neut.cdcName: ''
14:23:47.469 [openiec61850-osi-server-7-thread-1] DEBUG com.beanit.openiec61850.ServerAssociation - sub BDA is:IEDBiogasCHP/MMXU1.PF.neut.dataNs: ''
14:23:47.469 [openiec61850-osi-server-7-thread-1] DEBUG com.beanit.openiec61850.ServerAssociation - sub BDA is:IEDBiogasCHP/MMXU1.PF.net.cdcNs: ''
14:23:47.469 [openiec61850-osi-server-7-thread-1] DEBUG com.beanit.openiec61850.ServerAssociation - sub BDA is:IEDBiogasCHP/MMXU1.PF.net.cdcName: ''
14:23:47.469 [openiec61850-osi-server-7-thread-1] DEBUG com.beanit.openiec61850.ServerAssociation - sub BDA is:IEDBiogasCHP/MMXU1.PF.net.dataNs: ''
14:23:47.469 [openiec61850-osi-server-7-thread-1] DEBUG com.beanit.openiec61850.ServerAssociation - sub BDA is:IEDBiogasCHP/MMXU1.PF.res.cdcNs: ''
14:23:47.469 [openiec61850-osi-server-7-thread-1] DEBUG com.beanit.openiec61850.ServerAssociation - sub BDA is:IEDBiogasCHP/MMXU1.PF.res.cdcName: ''
14:23:47.469 [openiec61850-osi-server-7-thread-1] DEBUG com.beanit.openiec61850.ServerAssociation - sub BDA is:IEDBiogasCHP/MMXU1.PF.res.dataNs: ''
calling GetDataValues(IEDBiogasCHP/MMXU1.PF.cdcNs)
14:23:47.469 [openiec61850-osi-server-7-thread-1] DEBUG com.beanit.openiec61850.ServerAssociation - Got a GetDataValues request for node: IEDBiogasCHP/MMXU1.PF.cdcNs: ''
calling GetDataValues(IEDBiogasCHP/MMXU1.PF.cdcName)
14:23:47.469 [openiec61850-osi-server-7-thread-1] DEBUG com.beanit.openiec61850.ServerAssociation - Got a GetDataValues request for node: IEDBiogasCHP/MMXU1.PF.cdcName: ''
calling GetDataValues(IEDBiogasCHP/MMXU1.PF.dataNs)
14:23:47.469 [openiec61850-osi-server-7-thread-1] DEBUG com.beanit.openiec61850.ServerAssociation - Got a GetDataValues request for node: IEDBiogasCHP/MMXU1.PF.dataNs: ''
calling GetDataValues(IEDBiogasCHP/MMXU1.PF.phsA)
14:23:47.469 [openiec61850-osi-server-7-thread-1] DEBUG com.beanit.openiec61850.ServerAssociation - Got a GetDataValues request for node: IEDBiogasCHP/MMXU1.PF.phsA [EX]
IEDBiogasCHP/MMXU1.PF.phsA.cdcNs: ''
IEDBiogasCHP/MMXU1.PF.phsA.cdcName: ''
IEDBiogasCHP/MMXU1.PF.phsA.dataNs: ''
14:23:47.469 [openiec61850-osi-server-7-thread-1] DEBUG com.beanit.openiec61850.ServerAssociation - sub BDA is:IEDBiogasCHP/MMXU1.PF.phsA.cdcNs: ''
14:23:47.469 [openiec61850-osi-server-7-thread-1] DEBUG com.beanit.openiec61850.ServerAssociation - sub BDA is:IEDBiogasCHP/MMXU1.PF.phsA.cdcName: ''
14:23:47.469 [openiec61850-osi-server-7-thread-1] DEBUG com.beanit.openiec61850.ServerAssociation - sub BDA is:IEDBiogasCHP/MMXU1.PF.phsA.dataNs: ''
calling GetDataValues(IEDBiogasCHP/MMXU1.PF.phsA.cdcNs)
14:23:47.469 [openiec61850-osi-server-7-thread-1] DEBUG com.beanit.openiec61850.ServerAssociation - Got a GetDataValues request for node: IEDBiogasCHP/MMXU1.PF.phsA.cdcNs: ''
calling GetDataValues(IEDBiogasCHP/MMXU1.PF.phsA.cdcName)
14:23:47.470 [openiec61850-osi-server-7-thread-1] DEBUG com.beanit.openiec61850.ServerAssociation - Got a GetDataValues request for node: IEDBiogasCHP/MMXU1.PF.phsA.cdcName: ''
calling GetDataValues(IEDBiogasCHP/MMXU1.PF.phsA.dataNs)
14:23:47.470 [openiec61850-osi-server-7-thread-1] DEBUG com.beanit.openiec61850.ServerAssociation - Got a GetDataValues request for node: IEDBiogasCHP/MMXU1.PF.phsA.dataNs: ''
calling GetDataValues(IEDBiogasCHP/MMXU1.PF.phsB)
14:23:47.470 [openiec61850-osi-server-7-thread-1] DEBUG com.beanit.openiec61850.ServerAssociation - Got a GetDataValues request for node: IEDBiogasCHP/MMXU1.PF.phsB [EX]
IEDBiogasCHP/MMXU1.PF.phsB.cdcNs: ''
IEDBiogasCHP/MMXU1.PF.phsB.cdcName: ''
IEDBiogasCHP/MMXU1.PF.phsB.dataNs: ''
14:23:47.470 [openiec61850-osi-server-7-thread-1] DEBUG com.beanit.openiec61850.ServerAssociation - sub BDA is:IEDBiogasCHP/MMXU1.PF.phsB.cdcNs: ''
14:23:47.470 [openiec61850-osi-server-7-thread-1] DEBUG com.beanit.openiec61850.ServerAssociation - sub BDA is:IEDBiogasCHP/MMXU1.PF.phsB.cdcName: ''
14:23:47.470 [openiec61850-osi-server-7-thread-1] DEBUG com.beanit.openiec61850.ServerAssociation - sub BDA is:IEDBiogasCHP/MMXU1.PF.phsB.dataNs: ''
calling GetDataValues(IEDBiogasCHP/MMXU1.PF.phsB.cdcNs)
14:23:47.470 [openiec61850-osi-server-7-thread-1] DEBUG com.beanit.openiec61850.ServerAssociation - Got a GetDataValues request for node: IEDBiogasCHP/MMXU1.PF.phsB.cdcNs: ''
calling GetDataValues(IEDBiogasCHP/MMXU1.PF.phsB.cdcName)
14:23:47.470 [openiec61850-osi-server-7-thread-1] DEBUG com.beanit.openiec61850.ServerAssociation - Got a GetDataValues request for node: IEDBiogasCHP/MMXU1.PF.phsB.cdcName: ''
calling GetDataValues(IEDBiogasCHP/MMXU1.PF.phsB.dataNs)
14:23:47.470 [openiec61850-osi-server-7-thread-1] DEBUG com.beanit.openiec61850.ServerAssociation - Got a GetDataValues request for node: IEDBiogasCHP/MMXU1.PF.phsB.dataNs: ''
calling GetDataValues(IEDBiogasCHP/MMXU1.PF.phsC)
14:23:47.470 [openiec61850-osi-server-7-thread-1] DEBUG com.beanit.openiec61850.ServerAssociation - Got a GetDataValues request for node: IEDBiogasCHP/MMXU1.PF.phsC [EX]
IEDBiogasCHP/MMXU1.PF.phsC.cdcNs: ''
IEDBiogasCHP/MMXU1.PF.phsC.cdcName: ''
IEDBiogasCHP/MMXU1.PF.phsC.dataNs: ''
14:23:47.470 [openiec61850-osi-server-7-thread-1] DEBUG com.beanit.openiec61850.ServerAssociation - sub BDA is:IEDBiogasCHP/MMXU1.PF.phsC.cdcNs: ''
14:23:47.470 [openiec61850-osi-server-7-thread-1] DEBUG com.beanit.openiec61850.ServerAssociation - sub BDA is:IEDBiogasCHP/MMXU1.PF.phsC.cdcName: ''
14:23:47.470 [openiec61850-osi-server-7-thread-1] DEBUG com.beanit.openiec61850.ServerAssociation - sub BDA is:IEDBiogasCHP/MMXU1.PF.phsC.dataNs: ''
calling GetDataValues(IEDBiogasCHP/MMXU1.PF.phsC.cdcNs)
14:23:47.470 [openiec61850-osi-server-7-thread-1] DEBUG com.beanit.openiec61850.ServerAssociation - Got a GetDataValues request for node: IEDBiogasCHP/MMXU1.PF.phsC.cdcNs: ''
calling GetDataValues(IEDBiogasCHP/MMXU1.PF.phsC.cdcName)
14:23:47.471 [openiec61850-osi-server-7-thread-1] DEBUG com.beanit.openiec61850.ServerAssociation - Got a GetDataValues request for node: IEDBiogasCHP/MMXU1.PF.phsC.cdcName: ''
calling GetDataValues(IEDBiogasCHP/MMXU1.PF.phsC.dataNs)
14:23:47.471 [openiec61850-osi-server-7-thread-1] DEBUG com.beanit.openiec61850.ServerAssociation - Got a GetDataValues request for node: IEDBiogasCHP/MMXU1.PF.phsC.dataNs: ''
calling GetDataValues(IEDBiogasCHP/MMXU1.PF.neut)
14:23:47.471 [openiec61850-osi-server-7-thread-1] DEBUG com.beanit.openiec61850.ServerAssociation - Got a GetDataValues request for node: IEDBiogasCHP/MMXU1.PF.neut [EX]
IEDBiogasCHP/MMXU1.PF.neut.cdcNs: ''
IEDBiogasCHP/MMXU1.PF.neut.cdcName: ''
IEDBiogasCHP/MMXU1.PF.neut.dataNs: ''
14:23:47.471 [openiec61850-osi-server-7-thread-1] DEBUG com.beanit.openiec61850.ServerAssociation - sub BDA is:IEDBiogasCHP/MMXU1.PF.neut.cdcNs: ''
14:23:47.471 [openiec61850-osi-server-7-thread-1] DEBUG com.beanit.openiec61850.ServerAssociation - sub BDA is:IEDBiogasCHP/MMXU1.PF.neut.cdcName: ''
14:23:47.471 [openiec61850-osi-server-7-thread-1] DEBUG com.beanit.openiec61850.ServerAssociation - sub BDA is:IEDBiogasCHP/MMXU1.PF.neut.dataNs: ''
calling GetDataValues(IEDBiogasCHP/MMXU1.PF.neut.cdcNs)
14:23:47.471 [openiec61850-osi-server-7-thread-1] DEBUG com.beanit.openiec61850.ServerAssociation - Got a GetDataValues request for node: IEDBiogasCHP/MMXU1.PF.neut.cdcNs: ''
calling GetDataValues(IEDBiogasCHP/MMXU1.PF.neut.cdcName)
14:23:47.471 [openiec61850-osi-server-7-thread-1] DEBUG com.beanit.openiec61850.ServerAssociation - Got a GetDataValues request for node: IEDBiogasCHP/MMXU1.PF.neut.cdcName: ''
calling GetDataValues(IEDBiogasCHP/MMXU1.PF.neut.dataNs)
14:23:47.471 [openiec61850-osi-server-7-thread-1] DEBUG com.beanit.openiec61850.ServerAssociation - Got a GetDataValues request for node: IEDBiogasCHP/MMXU1.PF.neut.dataNs: ''
calling GetDataValues(IEDBiogasCHP/MMXU1.PF.net)
14:23:47.471 [openiec61850-osi-server-7-thread-1] DEBUG com.beanit.openiec61850.ServerAssociation - Got a GetDataValues request for node: IEDBiogasCHP/MMXU1.PF.net [EX]
IEDBiogasCHP/MMXU1.PF.net.cdcNs: ''
IEDBiogasCHP/MMXU1.PF.net.cdcName: ''
IEDBiogasCHP/MMXU1.PF.net.dataNs: ''
14:23:47.471 [openiec61850-osi-server-7-thread-1] DEBUG com.beanit.openiec61850.ServerAssociation - sub BDA is:IEDBiogasCHP/MMXU1.PF.net.cdcNs: ''
14:23:47.471 [openiec61850-osi-server-7-thread-1] DEBUG com.beanit.openiec61850.ServerAssociation - sub BDA is:IEDBiogasCHP/MMXU1.PF.net.cdcName: ''
14:23:47.471 [openiec61850-osi-server-7-thread-1] DEBUG com.beanit.openiec61850.ServerAssociation - sub BDA is:IEDBiogasCHP/MMXU1.PF.net.dataNs: ''
calling GetDataValues(IEDBiogasCHP/MMXU1.PF.net.cdcNs)
14:23:47.472 [openiec61850-osi-server-7-thread-1] DEBUG com.beanit.openiec61850.ServerAssociation - Got a GetDataValues request for node: IEDBiogasCHP/MMXU1.PF.net.cdcNs: ''
calling GetDataValues(IEDBiogasCHP/MMXU1.PF.net.cdcName)
14:23:47.472 [openiec61850-osi-server-7-thread-1] DEBUG com.beanit.openiec61850.ServerAssociation - Got a GetDataValues request for node: IEDBiogasCHP/MMXU1.PF.net.cdcName: ''
calling GetDataValues(IEDBiogasCHP/MMXU1.PF.net.dataNs)
14:23:47.472 [openiec61850-osi-server-7-thread-1] DEBUG com.beanit.openiec61850.ServerAssociation - Got a GetDataValues request for node: IEDBiogasCHP/MMXU1.PF.net.dataNs: ''
calling GetDataValues(IEDBiogasCHP/MMXU1.PF.res)
14:23:47.472 [openiec61850-osi-server-7-thread-1] DEBUG com.beanit.openiec61850.ServerAssociation - Got a GetDataValues request for node: IEDBiogasCHP/MMXU1.PF.res [EX]
IEDBiogasCHP/MMXU1.PF.res.cdcNs: ''
IEDBiogasCHP/MMXU1.PF.res.cdcName: ''
IEDBiogasCHP/MMXU1.PF.res.dataNs: ''
14:23:47.472 [openiec61850-osi-server-7-thread-1] DEBUG com.beanit.openiec61850.ServerAssociation - sub BDA is:IEDBiogasCHP/MMXU1.PF.res.cdcNs: ''
14:23:47.472 [openiec61850-osi-server-7-thread-1] DEBUG com.beanit.openiec61850.ServerAssociation - sub BDA is:IEDBiogasCHP/MMXU1.PF.res.cdcName: ''
14:23:47.472 [openiec61850-osi-server-7-thread-1] DEBUG com.beanit.openiec61850.ServerAssociation - sub BDA is:IEDBiogasCHP/MMXU1.PF.res.dataNs: ''
calling GetDataValues(IEDBiogasCHP/MMXU1.PF.res.cdcNs)
14:23:47.472 [openiec61850-osi-server-7-thread-1] DEBUG com.beanit.openiec61850.ServerAssociation - Got a GetDataValues request for node: IEDBiogasCHP/MMXU1.PF.res.cdcNs: ''
calling GetDataValues(IEDBiogasCHP/MMXU1.PF.res.cdcName)
14:23:47.472 [openiec61850-osi-server-7-thread-1] DEBUG com.beanit.openiec61850.ServerAssociation - Got a GetDataValues request for node: IEDBiogasCHP/MMXU1.PF.res.cdcName: ''
calling GetDataValues(IEDBiogasCHP/MMXU1.PF.res.dataNs)
14:23:47.472 [openiec61850-osi-server-7-thread-1] DEBUG com.beanit.openiec61850.ServerAssociation - Got a GetDataValues request for node: IEDBiogasCHP/MMXU1.PF.res.dataNs: ''
calling GetDataValues(IEDBiogasCHP/MMXU1.Z)
14:23:47.472 [openiec61850-osi-server-7-thread-1] DEBUG com.beanit.openiec61850.ServerAssociation - Got a GetDataValues request for node: IEDBiogasCHP/MMXU1.Z [MX]
IEDBiogasCHP/MMXU1.Z.phsA [MX]
IEDBiogasCHP/MMXU1.Z.phsA.instCVal [MX]
IEDBiogasCHP/MMXU1.Z.phsA.instCVal.mag [MX]
IEDBiogasCHP/MMXU1.Z.phsA.instCVal.mag.i: 0
IEDBiogasCHP/MMXU1.Z.phsA.instCVal.mag.f: 0.0
IEDBiogasCHP/MMXU1.Z.phsA.instCVal.ang [MX]
IEDBiogasCHP/MMXU1.Z.phsA.instCVal.ang.i: 0
IEDBiogasCHP/MMXU1.Z.phsA.instCVal.ang.f: 0.0
IEDBiogasCHP/MMXU1.Z.phsA.cVal [MX]
IEDBiogasCHP/MMXU1.Z.phsA.cVal.mag [MX]
IEDBiogasCHP/MMXU1.Z.phsA.cVal.mag.i: 0
IEDBiogasCHP/MMXU1.Z.phsA.cVal.mag.f: 0.0
IEDBiogasCHP/MMXU1.Z.phsA.cVal.ang [MX]
IEDBiogasCHP/MMXU1.Z.phsA.cVal.ang.i: 0
IEDBiogasCHP/MMXU1.Z.phsA.cVal.ang.f: 0.0
IEDBiogasCHP/MMXU1.Z.phsA.range: 0
IEDBiogasCHP/MMXU1.Z.phsA.q: 0x00 0x00
IEDBiogasCHP/MMXU1.Z.phsA.t: Thu Jan 01 01:00:00 CET 1970
IEDBiogasCHP/MMXU1.Z.phsB [MX]
IEDBiogasCHP/MMXU1.Z.phsB.instCVal [MX]
IEDBiogasCHP/MMXU1.Z.phsB.instCVal.mag [MX]
IEDBiogasCHP/MMXU1.Z.phsB.instCVal.mag.i: 0
IEDBiogasCHP/MMXU1.Z.phsB.instCVal.mag.f: 0.0
IEDBiogasCHP/MMXU1.Z.phsB.instCVal.ang [MX]
IEDBiogasCHP/MMXU1.Z.phsB.instCVal.ang.i: 0
IEDBiogasCHP/MMXU1.Z.phsB.instCVal.ang.f: 0.0
IEDBiogasCHP/MMXU1.Z.phsB.cVal [MX]
IEDBiogasCHP/MMXU1.Z.phsB.cVal.mag [MX]
IEDBiogasCHP/MMXU1.Z.phsB.cVal.mag.i: 0
IEDBiogasCHP/MMXU1.Z.phsB.cVal.mag.f: 0.0
IEDBiogasCHP/MMXU1.Z.phsB.cVal.ang [MX]
IEDBiogasCHP/MMXU1.Z.phsB.cVal.ang.i: 0
IEDBiogasCHP/MMXU1.Z.phsB.cVal.ang.f: 0.0
IEDBiogasCHP/MMXU1.Z.phsB.range: 0
IEDBiogasCHP/MMXU1.Z.phsB.q: 0x00 0x00
IEDBiogasCHP/MMXU1.Z.phsB.t: Thu Jan 01 01:00:00 CET 1970
IEDBiogasCHP/MMXU1.Z.phsC [MX]
IEDBiogasCHP/MMXU1.Z.phsC.instCVal [MX]
IEDBiogasCHP/MMXU1.Z.phsC.instCVal.mag [MX]
IEDBiogasCHP/MMXU1.Z.phsC.instCVal.mag.i: 0
IEDBiogasCHP/MMXU1.Z.phsC.instCVal.mag.f: 0.0
IEDBiogasCHP/MMXU1.Z.phsC.instCVal.ang [MX]
IEDBiogasCHP/MMXU1.Z.phsC.instCVal.ang.i: 0
IEDBiogasCHP/MMXU1.Z.phsC.instCVal.ang.f: 0.0
IEDBiogasCHP/MMXU1.Z.phsC.cVal [MX]
IEDBiogasCHP/MMXU1.Z.phsC.cVal.mag [MX]
IEDBiogasCHP/MMXU1.Z.phsC.cVal.mag.i: 0
IEDBiogasCHP/MMXU1.Z.phsC.cVal.mag.f: 0.0
IEDBiogasCHP/MMXU1.Z.phsC.cVal.ang [MX]
IEDBiogasCHP/MMXU1.Z.phsC.cVal.ang.i: 0
IEDBiogasCHP/MMXU1.Z.phsC.cVal.ang.f: 0.0
IEDBiogasCHP/MMXU1.Z.phsC.range: 0
IEDBiogasCHP/MMXU1.Z.phsC.q: 0x00 0x00
IEDBiogasCHP/MMXU1.Z.phsC.t: Thu Jan 01 01:00:00 CET 1970
IEDBiogasCHP/MMXU1.Z.neut [MX]
IEDBiogasCHP/MMXU1.Z.neut.instCVal [MX]
IEDBiogasCHP/MMXU1.Z.neut.instCVal.mag [MX]
IEDBiogasCHP/MMXU1.Z.neut.instCVal.mag.i: 0
IEDBiogasCHP/MMXU1.Z.neut.instCVal.mag.f: 0.0
IEDBiogasCHP/MMXU1.Z.neut.instCVal.ang [MX]
IEDBiogasCHP/MMXU1.Z.neut.instCVal.ang.i: 0
IEDBiogasCHP/MMXU1.Z.neut.instCVal.ang.f: 0.0
IEDBiogasCHP/MMXU1.Z.neut.cVal [MX]
IEDBiogasCHP/MMXU1.Z.neut.cVal.mag [MX]
IEDBiogasCHP/MMXU1.Z.neut.cVal.mag.i: 0
IEDBiogasCHP/MMXU1.Z.neut.cVal.mag.f: 0.0
IEDBiogasCHP/MMXU1.Z.neut.cVal.ang [MX]
IEDBiogasCHP/MMXU1.Z.neut.cVal.ang.i: 0
IEDBiogasCHP/MMXU1.Z.neut.cVal.ang.f: 0.0
IEDBiogasCHP/MMXU1.Z.neut.range: 0
IEDBiogasCHP/MMXU1.Z.neut.q: 0x00 0x00
IEDBiogasCHP/MMXU1.Z.neut.t: Thu Jan 01 01:00:00 CET 1970
IEDBiogasCHP/MMXU1.Z.net [MX]
IEDBiogasCHP/MMXU1.Z.net.instCVal [MX]
IEDBiogasCHP/MMXU1.Z.net.instCVal.mag [MX]
IEDBiogasCHP/MMXU1.Z.net.instCVal.mag.i: 0
IEDBiogasCHP/MMXU1.Z.net.instCVal.mag.f: 0.0
IEDBiogasCHP/MMXU1.Z.net.instCVal.ang [MX]
IEDBiogasCHP/MMXU1.Z.net.instCVal.ang.i: 0
IEDBiogasCHP/MMXU1.Z.net.instCVal.ang.f: 0.0
IEDBiogasCHP/MMXU1.Z.net.cVal [MX]
IEDBiogasCHP/MMXU1.Z.net.cVal.mag [MX]
IEDBiogasCHP/MMXU1.Z.net.cVal.mag.i: 0
IEDBiogasCHP/MMXU1.Z.net.cVal.mag.f: 0.0
IEDBiogasCHP/MMXU1.Z.net.cVal.ang [MX]
IEDBiogasCHP/MMXU1.Z.net.cVal.ang.i: 0
IEDBiogasCHP/MMXU1.Z.net.cVal.ang.f: 0.0
IEDBiogasCHP/MMXU1.Z.net.range: 0
IEDBiogasCHP/MMXU1.Z.net.q: 0x00 0x00
IEDBiogasCHP/MMXU1.Z.net.t: Thu Jan 01 01:00:00 CET 1970
IEDBiogasCHP/MMXU1.Z.res [MX]
IEDBiogasCHP/MMXU1.Z.res.instCVal [MX]
IEDBiogasCHP/MMXU1.Z.res.instCVal.mag [MX]
IEDBiogasCHP/MMXU1.Z.res.instCVal.mag.i: 0
IEDBiogasCHP/MMXU1.Z.res.instCVal.mag.f: 0.0
IEDBiogasCHP/MMXU1.Z.res.instCVal.ang [MX]
IEDBiogasCHP/MMXU1.Z.res.instCVal.ang.i: 0
IEDBiogasCHP/MMXU1.Z.res.instCVal.ang.f: 0.0
IEDBiogasCHP/MMXU1.Z.res.cVal [MX]
IEDBiogasCHP/MMXU1.Z.res.cVal.mag [MX]
IEDBiogasCHP/MMXU1.Z.res.cVal.mag.i: 0
IEDBiogasCHP/MMXU1.Z.res.cVal.mag.f: 0.0
IEDBiogasCHP/MMXU1.Z.res.cVal.ang [MX]
IEDBiogasCHP/MMXU1.Z.res.cVal.ang.i: 0
IEDBiogasCHP/MMXU1.Z.res.cVal.ang.f: 0.0
IEDBiogasCHP/MMXU1.Z.res.range: 0
IEDBiogasCHP/MMXU1.Z.res.q: 0x00 0x00
IEDBiogasCHP/MMXU1.Z.res.t: Thu Jan 01 01:00:00 CET 1970
14:23:47.473 [openiec61850-osi-server-7-thread-1] DEBUG com.beanit.openiec61850.ServerAssociation - sub BDA is:IEDBiogasCHP/MMXU1.Z.phsA.instCVal.mag.i: 0
14:23:47.473 [openiec61850-osi-server-7-thread-1] DEBUG com.beanit.openiec61850.ServerAssociation - sub BDA is:IEDBiogasCHP/MMXU1.Z.phsA.instCVal.mag.f: 0.0
14:23:47.473 [openiec61850-osi-server-7-thread-1] DEBUG com.beanit.openiec61850.ServerAssociation - sub BDA is:IEDBiogasCHP/MMXU1.Z.phsA.instCVal.ang.i: 0
14:23:47.473 [openiec61850-osi-server-7-thread-1] DEBUG com.beanit.openiec61850.ServerAssociation - sub BDA is:IEDBiogasCHP/MMXU1.Z.phsA.instCVal.ang.f: 0.0
14:23:47.473 [openiec61850-osi-server-7-thread-1] DEBUG com.beanit.openiec61850.ServerAssociation - sub BDA is:IEDBiogasCHP/MMXU1.Z.phsA.cVal.mag.i: 0
14:23:47.473 [openiec61850-osi-server-7-thread-1] DEBUG com.beanit.openiec61850.ServerAssociation - sub BDA is:IEDBiogasCHP/MMXU1.Z.phsA.cVal.mag.f: 0.0
14:23:47.473 [openiec61850-osi-server-7-thread-1] DEBUG com.beanit.openiec61850.ServerAssociation - sub BDA is:IEDBiogasCHP/MMXU1.Z.phsA.cVal.ang.i: 0
14:23:47.473 [openiec61850-osi-server-7-thread-1] DEBUG com.beanit.openiec61850.ServerAssociation - sub BDA is:IEDBiogasCHP/MMXU1.Z.phsA.cVal.ang.f: 0.0
14:23:47.473 [openiec61850-osi-server-7-thread-1] DEBUG com.beanit.openiec61850.ServerAssociation - sub BDA is:IEDBiogasCHP/MMXU1.Z.phsA.range: 0
14:23:47.473 [openiec61850-osi-server-7-thread-1] DEBUG com.beanit.openiec61850.ServerAssociation - sub BDA is:IEDBiogasCHP/MMXU1.Z.phsA.q: 0x00 0x00
14:23:47.473 [openiec61850-osi-server-7-thread-1] DEBUG com.beanit.openiec61850.ServerAssociation - sub BDA is:IEDBiogasCHP/MMXU1.Z.phsA.t: Thu Jan 01 01:00:00 CET 1970
14:23:47.473 [openiec61850-osi-server-7-thread-1] DEBUG com.beanit.openiec61850.ServerAssociation - sub BDA is:IEDBiogasCHP/MMXU1.Z.phsB.instCVal.mag.i: 0
14:23:47.473 [openiec61850-osi-server-7-thread-1] DEBUG com.beanit.openiec61850.ServerAssociation - sub BDA is:IEDBiogasCHP/MMXU1.Z.phsB.instCVal.mag.f: 0.0
14:23:47.473 [openiec61850-osi-server-7-thread-1] DEBUG com.beanit.openiec61850.ServerAssociation - sub BDA is:IEDBiogasCHP/MMXU1.Z.phsB.instCVal.ang.i: 0
14:23:47.473 [openiec61850-osi-server-7-thread-1] DEBUG com.beanit.openiec61850.ServerAssociation - sub BDA is:IEDBiogasCHP/MMXU1.Z.phsB.instCVal.ang.f: 0.0
14:23:47.473 [openiec61850-osi-server-7-thread-1] DEBUG com.beanit.openiec61850.ServerAssociation - sub BDA is:IEDBiogasCHP/MMXU1.Z.phsB.cVal.mag.i: 0
14:23:47.473 [openiec61850-osi-server-7-thread-1] DEBUG com.beanit.openiec61850.ServerAssociation - sub BDA is:IEDBiogasCHP/MMXU1.Z.phsB.cVal.mag.f: 0.0
14:23:47.473 [openiec61850-osi-server-7-thread-1] DEBUG com.beanit.openiec61850.ServerAssociation - sub BDA is:IEDBiogasCHP/MMXU1.Z.phsB.cVal.ang.i: 0
14:23:47.473 [openiec61850-osi-server-7-thread-1] DEBUG com.beanit.openiec61850.ServerAssociation - sub BDA is:IEDBiogasCHP/MMXU1.Z.phsB.cVal.ang.f: 0.0
14:23:47.473 [openiec61850-osi-server-7-thread-1] DEBUG com.beanit.openiec61850.ServerAssociation - sub BDA is:IEDBiogasCHP/MMXU1.Z.phsB.range: 0
14:23:47.473 [openiec61850-osi-server-7-thread-1] DEBUG com.beanit.openiec61850.ServerAssociation - sub BDA is:IEDBiogasCHP/MMXU1.Z.phsB.q: 0x00 0x00
14:23:47.473 [openiec61850-osi-server-7-thread-1] DEBUG com.beanit.openiec61850.ServerAssociation - sub BDA is:IEDBiogasCHP/MMXU1.Z.phsB.t: Thu Jan 01 01:00:00 CET 1970
14:23:47.473 [openiec61850-osi-server-7-thread-1] DEBUG com.beanit.openiec61850.ServerAssociation - sub BDA is:IEDBiogasCHP/MMXU1.Z.phsC.instCVal.mag.i: 0
14:23:47.473 [openiec61850-osi-server-7-thread-1] DEBUG com.beanit.openiec61850.ServerAssociation - sub BDA is:IEDBiogasCHP/MMXU1.Z.phsC.instCVal.mag.f: 0.0
14:23:47.473 [openiec61850-osi-server-7-thread-1] DEBUG com.beanit.openiec61850.ServerAssociation - sub BDA is:IEDBiogasCHP/MMXU1.Z.phsC.instCVal.ang.i: 0
14:23:47.473 [openiec61850-osi-server-7-thread-1] DEBUG com.beanit.openiec61850.ServerAssociation - sub BDA is:IEDBiogasCHP/MMXU1.Z.phsC.instCVal.ang.f: 0.0
14:23:47.473 [openiec61850-osi-server-7-thread-1] DEBUG com.beanit.openiec61850.ServerAssociation - sub BDA is:IEDBiogasCHP/MMXU1.Z.phsC.cVal.mag.i: 0
14:23:47.473 [openiec61850-osi-server-7-thread-1] DEBUG com.beanit.openiec61850.ServerAssociation - sub BDA is:IEDBiogasCHP/MMXU1.Z.phsC.cVal.mag.f: 0.0
14:23:47.473 [openiec61850-osi-server-7-thread-1] DEBUG com.beanit.openiec61850.ServerAssociation - sub BDA is:IEDBiogasCHP/MMXU1.Z.phsC.cVal.ang.i: 0
14:23:47.473 [openiec61850-osi-server-7-thread-1] DEBUG com.beanit.openiec61850.ServerAssociation - sub BDA is:IEDBiogasCHP/MMXU1.Z.phsC.cVal.ang.f: 0.0
14:23:47.473 [openiec61850-osi-server-7-thread-1] DEBUG com.beanit.openiec61850.ServerAssociation - sub BDA is:IEDBiogasCHP/MMXU1.Z.phsC.range: 0
14:23:47.473 [openiec61850-osi-server-7-thread-1] DEBUG com.beanit.openiec61850.ServerAssociation - sub BDA is:IEDBiogasCHP/MMXU1.Z.phsC.q: 0x00 0x00
14:23:47.473 [openiec61850-osi-server-7-thread-1] DEBUG com.beanit.openiec61850.ServerAssociation - sub BDA is:IEDBiogasCHP/MMXU1.Z.phsC.t: Thu Jan 01 01:00:00 CET 1970
14:23:47.473 [openiec61850-osi-server-7-thread-1] DEBUG com.beanit.openiec61850.ServerAssociation - sub BDA is:IEDBiogasCHP/MMXU1.Z.neut.instCVal.mag.i: 0
14:23:47.473 [openiec61850-osi-server-7-thread-1] DEBUG com.beanit.openiec61850.ServerAssociation - sub BDA is:IEDBiogasCHP/MMXU1.Z.neut.instCVal.mag.f: 0.0
14:23:47.473 [openiec61850-osi-server-7-thread-1] DEBUG com.beanit.openiec61850.ServerAssociation - sub BDA is:IEDBiogasCHP/MMXU1.Z.neut.instCVal.ang.i: 0
14:23:47.473 [openiec61850-osi-server-7-thread-1] DEBUG com.beanit.openiec61850.ServerAssociation - sub BDA is:IEDBiogasCHP/MMXU1.Z.neut.instCVal.ang.f: 0.0
14:23:47.473 [openiec61850-osi-server-7-thread-1] DEBUG com.beanit.openiec61850.ServerAssociation - sub BDA is:IEDBiogasCHP/MMXU1.Z.neut.cVal.mag.i: 0
14:23:47.473 [openiec61850-osi-server-7-thread-1] DEBUG com.beanit.openiec61850.ServerAssociation - sub BDA is:IEDBiogasCHP/MMXU1.Z.neut.cVal.mag.f: 0.0
14:23:47.473 [openiec61850-osi-server-7-thread-1] DEBUG com.beanit.openiec61850.ServerAssociation - sub BDA is:IEDBiogasCHP/MMXU1.Z.neut.cVal.ang.i: 0
14:23:47.473 [openiec61850-osi-server-7-thread-1] DEBUG com.beanit.openiec61850.ServerAssociation - sub BDA is:IEDBiogasCHP/MMXU1.Z.neut.cVal.ang.f: 0.0
14:23:47.473 [openiec61850-osi-server-7-thread-1] DEBUG com.beanit.openiec61850.ServerAssociation - sub BDA is:IEDBiogasCHP/MMXU1.Z.neut.range: 0
14:23:47.473 [openiec61850-osi-server-7-thread-1] DEBUG com.beanit.openiec61850.ServerAssociation - sub BDA is:IEDBiogasCHP/MMXU1.Z.neut.q: 0x00 0x00
14:23:47.473 [openiec61850-osi-server-7-thread-1] DEBUG com.beanit.openiec61850.ServerAssociation - sub BDA is:IEDBiogasCHP/MMXU1.Z.neut.t: Thu Jan 01 01:00:00 CET 1970
14:23:47.473 [openiec61850-osi-server-7-thread-1] DEBUG com.beanit.openiec61850.ServerAssociation - sub BDA is:IEDBiogasCHP/MMXU1.Z.net.instCVal.mag.i: 0
14:23:47.473 [openiec61850-osi-server-7-thread-1] DEBUG com.beanit.openiec61850.ServerAssociation - sub BDA is:IEDBiogasCHP/MMXU1.Z.net.instCVal.mag.f: 0.0
14:23:47.473 [openiec61850-osi-server-7-thread-1] DEBUG com.beanit.openiec61850.ServerAssociation - sub BDA is:IEDBiogasCHP/MMXU1.Z.net.instCVal.ang.i: 0
14:23:47.473 [openiec61850-osi-server-7-thread-1] DEBUG com.beanit.openiec61850.ServerAssociation - sub BDA is:IEDBiogasCHP/MMXU1.Z.net.instCVal.ang.f: 0.0
14:23:47.473 [openiec61850-osi-server-7-thread-1] DEBUG com.beanit.openiec61850.ServerAssociation - sub BDA is:IEDBiogasCHP/MMXU1.Z.net.cVal.mag.i: 0
14:23:47.473 [openiec61850-osi-server-7-thread-1] DEBUG com.beanit.openiec61850.ServerAssociation - sub BDA is:IEDBiogasCHP/MMXU1.Z.net.cVal.mag.f: 0.0
14:23:47.473 [openiec61850-osi-server-7-thread-1] DEBUG com.beanit.openiec61850.ServerAssociation - sub BDA is:IEDBiogasCHP/MMXU1.Z.net.cVal.ang.i: 0
14:23:47.473 [openiec61850-osi-server-7-thread-1] DEBUG com.beanit.openiec61850.ServerAssociation - sub BDA is:IEDBiogasCHP/MMXU1.Z.net.cVal.ang.f: 0.0
14:23:47.473 [openiec61850-osi-server-7-thread-1] DEBUG com.beanit.openiec61850.ServerAssociation - sub BDA is:IEDBiogasCHP/MMXU1.Z.net.range: 0
14:23:47.473 [openiec61850-osi-server-7-thread-1] DEBUG com.beanit.openiec61850.ServerAssociation - sub BDA is:IEDBiogasCHP/MMXU1.Z.net.q: 0x00 0x00
14:23:47.473 [openiec61850-osi-server-7-thread-1] DEBUG com.beanit.openiec61850.ServerAssociation - sub BDA is:IEDBiogasCHP/MMXU1.Z.net.t: Thu Jan 01 01:00:00 CET 1970
14:23:47.473 [openiec61850-osi-server-7-thread-1] DEBUG com.beanit.openiec61850.ServerAssociation - sub BDA is:IEDBiogasCHP/MMXU1.Z.res.instCVal.mag.i: 0
14:23:47.473 [openiec61850-osi-server-7-thread-1] DEBUG com.beanit.openiec61850.ServerAssociation - sub BDA is:IEDBiogasCHP/MMXU1.Z.res.instCVal.mag.f: 0.0
14:23:47.473 [openiec61850-osi-server-7-thread-1] DEBUG com.beanit.openiec61850.ServerAssociation - sub BDA is:IEDBiogasCHP/MMXU1.Z.res.instCVal.ang.i: 0
14:23:47.473 [openiec61850-osi-server-7-thread-1] DEBUG com.beanit.openiec61850.ServerAssociation - sub BDA is:IEDBiogasCHP/MMXU1.Z.res.instCVal.ang.f: 0.0
14:23:47.473 [openiec61850-osi-server-7-thread-1] DEBUG com.beanit.openiec61850.ServerAssociation - sub BDA is:IEDBiogasCHP/MMXU1.Z.res.cVal.mag.i: 0
14:23:47.473 [openiec61850-osi-server-7-thread-1] DEBUG com.beanit.openiec61850.ServerAssociation - sub BDA is:IEDBiogasCHP/MMXU1.Z.res.cVal.mag.f: 0.0
14:23:47.473 [openiec61850-osi-server-7-thread-1] DEBUG com.beanit.openiec61850.ServerAssociation - sub BDA is:IEDBiogasCHP/MMXU1.Z.res.cVal.ang.i: 0
14:23:47.473 [openiec61850-osi-server-7-thread-1] DEBUG com.beanit.openiec61850.ServerAssociation - sub BDA is:IEDBiogasCHP/MMXU1.Z.res.cVal.ang.f: 0.0
14:23:47.473 [openiec61850-osi-server-7-thread-1] DEBUG com.beanit.openiec61850.ServerAssociation - sub BDA is:IEDBiogasCHP/MMXU1.Z.res.range: 0
14:23:47.473 [openiec61850-osi-server-7-thread-1] DEBUG com.beanit.openiec61850.ServerAssociation - sub BDA is:IEDBiogasCHP/MMXU1.Z.res.q: 0x00 0x00
14:23:47.473 [openiec61850-osi-server-7-thread-1] DEBUG com.beanit.openiec61850.ServerAssociation - sub BDA is:IEDBiogasCHP/MMXU1.Z.res.t: Thu Jan 01 01:00:00 CET 1970
calling GetDataValues(IEDBiogasCHP/MMXU1.Z.phsA)
14:23:47.473 [openiec61850-osi-server-7-thread-1] DEBUG com.beanit.openiec61850.ServerAssociation - Got a GetDataValues request for node: IEDBiogasCHP/MMXU1.Z.phsA [MX]
IEDBiogasCHP/MMXU1.Z.phsA.instCVal [MX]
IEDBiogasCHP/MMXU1.Z.phsA.instCVal.mag [MX]
IEDBiogasCHP/MMXU1.Z.phsA.instCVal.mag.i: 0
IEDBiogasCHP/MMXU1.Z.phsA.instCVal.mag.f: 0.0
IEDBiogasCHP/MMXU1.Z.phsA.instCVal.ang [MX]
IEDBiogasCHP/MMXU1.Z.phsA.instCVal.ang.i: 0
IEDBiogasCHP/MMXU1.Z.phsA.instCVal.ang.f: 0.0
IEDBiogasCHP/MMXU1.Z.phsA.cVal [MX]
IEDBiogasCHP/MMXU1.Z.phsA.cVal.mag [MX]
IEDBiogasCHP/MMXU1.Z.phsA.cVal.mag.i: 0
IEDBiogasCHP/MMXU1.Z.phsA.cVal.mag.f: 0.0
IEDBiogasCHP/MMXU1.Z.phsA.cVal.ang [MX]
IEDBiogasCHP/MMXU1.Z.phsA.cVal.ang.i: 0
IEDBiogasCHP/MMXU1.Z.phsA.cVal.ang.f: 0.0
IEDBiogasCHP/MMXU1.Z.phsA.range: 0
IEDBiogasCHP/MMXU1.Z.phsA.q: 0x00 0x00
IEDBiogasCHP/MMXU1.Z.phsA.t: Thu Jan 01 01:00:00 CET 1970
14:23:47.473 [openiec61850-osi-server-7-thread-1] DEBUG com.beanit.openiec61850.ServerAssociation - sub BDA is:IEDBiogasCHP/MMXU1.Z.phsA.instCVal.mag.i: 0
14:23:47.473 [openiec61850-osi-server-7-thread-1] DEBUG com.beanit.openiec61850.ServerAssociation - sub BDA is:IEDBiogasCHP/MMXU1.Z.phsA.instCVal.mag.f: 0.0
14:23:47.473 [openiec61850-osi-server-7-thread-1] DEBUG com.beanit.openiec61850.ServerAssociation - sub BDA is:IEDBiogasCHP/MMXU1.Z.phsA.instCVal.ang.i: 0
14:23:47.473 [openiec61850-osi-server-7-thread-1] DEBUG com.beanit.openiec61850.ServerAssociation - sub BDA is:IEDBiogasCHP/MMXU1.Z.phsA.instCVal.ang.f: 0.0
14:23:47.473 [openiec61850-osi-server-7-thread-1] DEBUG com.beanit.openiec61850.ServerAssociation - sub BDA is:IEDBiogasCHP/MMXU1.Z.phsA.cVal.mag.i: 0
14:23:47.473 [openiec61850-osi-server-7-thread-1] DEBUG com.beanit.openiec61850.ServerAssociation - sub BDA is:IEDBiogasCHP/MMXU1.Z.phsA.cVal.mag.f: 0.0
14:23:47.473 [openiec61850-osi-server-7-thread-1] DEBUG com.beanit.openiec61850.ServerAssociation - sub BDA is:IEDBiogasCHP/MMXU1.Z.phsA.cVal.ang.i: 0
14:23:47.473 [openiec61850-osi-server-7-thread-1] DEBUG com.beanit.openiec61850.ServerAssociation - sub BDA is:IEDBiogasCHP/MMXU1.Z.phsA.cVal.ang.f: 0.0
14:23:47.473 [openiec61850-osi-server-7-thread-1] DEBUG com.beanit.openiec61850.ServerAssociation - sub BDA is:IEDBiogasCHP/MMXU1.Z.phsA.range: 0
14:23:47.473 [openiec61850-osi-server-7-thread-1] DEBUG com.beanit.openiec61850.ServerAssociation - sub BDA is:IEDBiogasCHP/MMXU1.Z.phsA.q: 0x00 0x00
14:23:47.473 [openiec61850-osi-server-7-thread-1] DEBUG com.beanit.openiec61850.ServerAssociation - sub BDA is:IEDBiogasCHP/MMXU1.Z.phsA.t: Thu Jan 01 01:00:00 CET 1970
calling GetDataValues(IEDBiogasCHP/MMXU1.Z.phsA.instCVal)
14:23:47.474 [openiec61850-osi-server-7-thread-1] DEBUG com.beanit.openiec61850.ServerAssociation - Got a GetDataValues request for node: IEDBiogasCHP/MMXU1.Z.phsA.instCVal [MX]
IEDBiogasCHP/MMXU1.Z.phsA.instCVal.mag [MX]
IEDBiogasCHP/MMXU1.Z.phsA.instCVal.mag.i: 0
IEDBiogasCHP/MMXU1.Z.phsA.instCVal.mag.f: 0.0
IEDBiogasCHP/MMXU1.Z.phsA.instCVal.ang [MX]
IEDBiogasCHP/MMXU1.Z.phsA.instCVal.ang.i: 0
IEDBiogasCHP/MMXU1.Z.phsA.instCVal.ang.f: 0.0
14:23:47.474 [openiec61850-osi-server-7-thread-1] DEBUG com.beanit.openiec61850.ServerAssociation - sub BDA is:IEDBiogasCHP/MMXU1.Z.phsA.instCVal.mag.i: 0
14:23:47.474 [openiec61850-osi-server-7-thread-1] DEBUG com.beanit.openiec61850.ServerAssociation - sub BDA is:IEDBiogasCHP/MMXU1.Z.phsA.instCVal.mag.f: 0.0
14:23:47.474 [openiec61850-osi-server-7-thread-1] DEBUG com.beanit.openiec61850.ServerAssociation - sub BDA is:IEDBiogasCHP/MMXU1.Z.phsA.instCVal.ang.i: 0
14:23:47.474 [openiec61850-osi-server-7-thread-1] DEBUG com.beanit.openiec61850.ServerAssociation - sub BDA is:IEDBiogasCHP/MMXU1.Z.phsA.instCVal.ang.f: 0.0
calling GetDataValues(IEDBiogasCHP/MMXU1.Z.phsA.instCVal.mag)
14:23:47.474 [openiec61850-osi-server-7-thread-1] DEBUG com.beanit.openiec61850.ServerAssociation - Got a GetDataValues request for node: IEDBiogasCHP/MMXU1.Z.phsA.instCVal.mag [MX]
IEDBiogasCHP/MMXU1.Z.phsA.instCVal.mag.i: 0
IEDBiogasCHP/MMXU1.Z.phsA.instCVal.mag.f: 0.0
14:23:47.474 [openiec61850-osi-server-7-thread-1] DEBUG com.beanit.openiec61850.ServerAssociation - sub BDA is:IEDBiogasCHP/MMXU1.Z.phsA.instCVal.mag.i: 0
14:23:47.474 [openiec61850-osi-server-7-thread-1] DEBUG com.beanit.openiec61850.ServerAssociation - sub BDA is:IEDBiogasCHP/MMXU1.Z.phsA.instCVal.mag.f: 0.0
calling GetDataValues(IEDBiogasCHP/MMXU1.Z.phsA.instCVal.mag.i)
14:23:47.474 [openiec61850-osi-server-7-thread-1] DEBUG com.beanit.openiec61850.ServerAssociation - Got a GetDataValues request for node: IEDBiogasCHP/MMXU1.Z.phsA.instCVal.mag.i: 0
calling GetDataValues(IEDBiogasCHP/MMXU1.Z.phsA.instCVal.mag.f)
14:23:47.474 [openiec61850-osi-server-7-thread-1] DEBUG com.beanit.openiec61850.ServerAssociation - Got a GetDataValues request for node: IEDBiogasCHP/MMXU1.Z.phsA.instCVal.mag.f: 0.0
calling GetDataValues(IEDBiogasCHP/MMXU1.Z.phsA.instCVal.ang)
14:23:47.474 [openiec61850-osi-server-7-thread-1] DEBUG com.beanit.openiec61850.ServerAssociation - Got a GetDataValues request for node: IEDBiogasCHP/MMXU1.Z.phsA.instCVal.ang [MX]
IEDBiogasCHP/MMXU1.Z.phsA.instCVal.ang.i: 0
IEDBiogasCHP/MMXU1.Z.phsA.instCVal.ang.f: 0.0
14:23:47.474 [openiec61850-osi-server-7-thread-1] DEBUG com.beanit.openiec61850.ServerAssociation - sub BDA is:IEDBiogasCHP/MMXU1.Z.phsA.instCVal.ang.i: 0
14:23:47.474 [openiec61850-osi-server-7-thread-1] DEBUG com.beanit.openiec61850.ServerAssociation - sub BDA is:IEDBiogasCHP/MMXU1.Z.phsA.instCVal.ang.f: 0.0
calling GetDataValues(IEDBiogasCHP/MMXU1.Z.phsA.instCVal.ang.i)
14:23:47.474 [openiec61850-osi-server-7-thread-1] DEBUG com.beanit.openiec61850.ServerAssociation - Got a GetDataValues request for node: IEDBiogasCHP/MMXU1.Z.phsA.instCVal.ang.i: 0
calling GetDataValues(IEDBiogasCHP/MMXU1.Z.phsA.instCVal.ang.f)
14:23:47.475 [openiec61850-osi-server-7-thread-1] DEBUG com.beanit.openiec61850.ServerAssociation - Got a GetDataValues request for node: IEDBiogasCHP/MMXU1.Z.phsA.instCVal.ang.f: 0.0
calling GetDataValues(IEDBiogasCHP/MMXU1.Z.phsA.cVal)
14:23:47.475 [openiec61850-osi-server-7-thread-1] DEBUG com.beanit.openiec61850.ServerAssociation - Got a GetDataValues request for node: IEDBiogasCHP/MMXU1.Z.phsA.cVal [MX]
IEDBiogasCHP/MMXU1.Z.phsA.cVal.mag [MX]
IEDBiogasCHP/MMXU1.Z.phsA.cVal.mag.i: 0
IEDBiogasCHP/MMXU1.Z.phsA.cVal.mag.f: 0.0
IEDBiogasCHP/MMXU1.Z.phsA.cVal.ang [MX]
IEDBiogasCHP/MMXU1.Z.phsA.cVal.ang.i: 0
IEDBiogasCHP/MMXU1.Z.phsA.cVal.ang.f: 0.0
14:23:47.475 [openiec61850-osi-server-7-thread-1] DEBUG com.beanit.openiec61850.ServerAssociation - sub BDA is:IEDBiogasCHP/MMXU1.Z.phsA.cVal.mag.i: 0
14:23:47.475 [openiec61850-osi-server-7-thread-1] DEBUG com.beanit.openiec61850.ServerAssociation - sub BDA is:IEDBiogasCHP/MMXU1.Z.phsA.cVal.mag.f: 0.0
14:23:47.475 [openiec61850-osi-server-7-thread-1] DEBUG com.beanit.openiec61850.ServerAssociation - sub BDA is:IEDBiogasCHP/MMXU1.Z.phsA.cVal.ang.i: 0
14:23:47.475 [openiec61850-osi-server-7-thread-1] DEBUG com.beanit.openiec61850.ServerAssociation - sub BDA is:IEDBiogasCHP/MMXU1.Z.phsA.cVal.ang.f: 0.0
calling GetDataValues(IEDBiogasCHP/MMXU1.Z.phsA.cVal.mag)
14:23:47.475 [openiec61850-osi-server-7-thread-1] DEBUG com.beanit.openiec61850.ServerAssociation - Got a GetDataValues request for node: IEDBiogasCHP/MMXU1.Z.phsA.cVal.mag [MX]
IEDBiogasCHP/MMXU1.Z.phsA.cVal.mag.i: 0
IEDBiogasCHP/MMXU1.Z.phsA.cVal.mag.f: 0.0
14:23:47.475 [openiec61850-osi-server-7-thread-1] DEBUG com.beanit.openiec61850.ServerAssociation - sub BDA is:IEDBiogasCHP/MMXU1.Z.phsA.cVal.mag.i: 0
14:23:47.475 [openiec61850-osi-server-7-thread-1] DEBUG com.beanit.openiec61850.ServerAssociation - sub BDA is:IEDBiogasCHP/MMXU1.Z.phsA.cVal.mag.f: 0.0
calling GetDataValues(IEDBiogasCHP/MMXU1.Z.phsA.cVal.mag.i)
14:23:47.475 [openiec61850-osi-server-7-thread-1] DEBUG com.beanit.openiec61850.ServerAssociation - Got a GetDataValues request for node: IEDBiogasCHP/MMXU1.Z.phsA.cVal.mag.i: 0
calling GetDataValues(IEDBiogasCHP/MMXU1.Z.phsA.cVal.mag.f)
14:23:47.475 [openiec61850-osi-server-7-thread-1] DEBUG com.beanit.openiec61850.ServerAssociation - Got a GetDataValues request for node: IEDBiogasCHP/MMXU1.Z.phsA.cVal.mag.f: 0.0
calling GetDataValues(IEDBiogasCHP/MMXU1.Z.phsA.cVal.ang)
14:23:47.475 [openiec61850-osi-server-7-thread-1] DEBUG com.beanit.openiec61850.ServerAssociation - Got a GetDataValues request for node: IEDBiogasCHP/MMXU1.Z.phsA.cVal.ang [MX]
IEDBiogasCHP/MMXU1.Z.phsA.cVal.ang.i: 0
IEDBiogasCHP/MMXU1.Z.phsA.cVal.ang.f: 0.0
14:23:47.475 [openiec61850-osi-server-7-thread-1] DEBUG com.beanit.openiec61850.ServerAssociation - sub BDA is:IEDBiogasCHP/MMXU1.Z.phsA.cVal.ang.i: 0
14:23:47.475 [openiec61850-osi-server-7-thread-1] DEBUG com.beanit.openiec61850.ServerAssociation - sub BDA is:IEDBiogasCHP/MMXU1.Z.phsA.cVal.ang.f: 0.0
calling GetDataValues(IEDBiogasCHP/MMXU1.Z.phsA.cVal.ang.i)
14:23:47.475 [openiec61850-osi-server-7-thread-1] DEBUG com.beanit.openiec61850.ServerAssociation - Got a GetDataValues request for node: IEDBiogasCHP/MMXU1.Z.phsA.cVal.ang.i: 0
calling GetDataValues(IEDBiogasCHP/MMXU1.Z.phsA.cVal.ang.f)
14:23:47.475 [openiec61850-osi-server-7-thread-1] DEBUG com.beanit.openiec61850.ServerAssociation - Got a GetDataValues request for node: IEDBiogasCHP/MMXU1.Z.phsA.cVal.ang.f: 0.0
calling GetDataValues(IEDBiogasCHP/MMXU1.Z.phsA.range)
14:23:47.476 [openiec61850-osi-server-7-thread-1] DEBUG com.beanit.openiec61850.ServerAssociation - Got a GetDataValues request for node: IEDBiogasCHP/MMXU1.Z.phsA.range: 0
calling GetDataValues(IEDBiogasCHP/MMXU1.Z.phsA.q)
14:23:47.476 [openiec61850-osi-server-7-thread-1] DEBUG com.beanit.openiec61850.ServerAssociation - Got a GetDataValues request for node: IEDBiogasCHP/MMXU1.Z.phsA.q: 0x00 0x00
calling GetDataValues(IEDBiogasCHP/MMXU1.Z.phsA.t)
14:23:47.476 [openiec61850-osi-server-7-thread-1] DEBUG com.beanit.openiec61850.ServerAssociation - Got a GetDataValues request for node: IEDBiogasCHP/MMXU1.Z.phsA.t: Thu Jan 01 01:00:00 CET 1970
calling GetDataValues(IEDBiogasCHP/MMXU1.Z.phsB)
14:23:47.476 [openiec61850-osi-server-7-thread-1] DEBUG com.beanit.openiec61850.ServerAssociation - Got a GetDataValues request for node: IEDBiogasCHP/MMXU1.Z.phsB [MX]
IEDBiogasCHP/MMXU1.Z.phsB.instCVal [MX]
IEDBiogasCHP/MMXU1.Z.phsB.instCVal.mag [MX]
IEDBiogasCHP/MMXU1.Z.phsB.instCVal.mag.i: 0
IEDBiogasCHP/MMXU1.Z.phsB.instCVal.mag.f: 0.0
IEDBiogasCHP/MMXU1.Z.phsB.instCVal.ang [MX]
IEDBiogasCHP/MMXU1.Z.phsB.instCVal.ang.i: 0
IEDBiogasCHP/MMXU1.Z.phsB.instCVal.ang.f: 0.0
IEDBiogasCHP/MMXU1.Z.phsB.cVal [MX]
IEDBiogasCHP/MMXU1.Z.phsB.cVal.mag [MX]
IEDBiogasCHP/MMXU1.Z.phsB.cVal.mag.i: 0
IEDBiogasCHP/MMXU1.Z.phsB.cVal.mag.f: 0.0
IEDBiogasCHP/MMXU1.Z.phsB.cVal.ang [MX]
IEDBiogasCHP/MMXU1.Z.phsB.cVal.ang.i: 0
IEDBiogasCHP/MMXU1.Z.phsB.cVal.ang.f: 0.0
IEDBiogasCHP/MMXU1.Z.phsB.range: 0
IEDBiogasCHP/MMXU1.Z.phsB.q: 0x00 0x00
IEDBiogasCHP/MMXU1.Z.phsB.t: Thu Jan 01 01:00:00 CET 1970
14:23:47.476 [openiec61850-osi-server-7-thread-1] DEBUG com.beanit.openiec61850.ServerAssociation - sub BDA is:IEDBiogasCHP/MMXU1.Z.phsB.instCVal.mag.i: 0
14:23:47.476 [openiec61850-osi-server-7-thread-1] DEBUG com.beanit.openiec61850.ServerAssociation - sub BDA is:IEDBiogasCHP/MMXU1.Z.phsB.instCVal.mag.f: 0.0
14:23:47.476 [openiec61850-osi-server-7-thread-1] DEBUG com.beanit.openiec61850.ServerAssociation - sub BDA is:IEDBiogasCHP/MMXU1.Z.phsB.instCVal.ang.i: 0
14:23:47.476 [openiec61850-osi-server-7-thread-1] DEBUG com.beanit.openiec61850.ServerAssociation - sub BDA is:IEDBiogasCHP/MMXU1.Z.phsB.instCVal.ang.f: 0.0
14:23:47.476 [openiec61850-osi-server-7-thread-1] DEBUG com.beanit.openiec61850.ServerAssociation - sub BDA is:IEDBiogasCHP/MMXU1.Z.phsB.cVal.mag.i: 0
14:23:47.476 [openiec61850-osi-server-7-thread-1] DEBUG com.beanit.openiec61850.ServerAssociation - sub BDA is:IEDBiogasCHP/MMXU1.Z.phsB.cVal.mag.f: 0.0
14:23:47.476 [openiec61850-osi-server-7-thread-1] DEBUG com.beanit.openiec61850.ServerAssociation - sub BDA is:IEDBiogasCHP/MMXU1.Z.phsB.cVal.ang.i: 0
14:23:47.476 [openiec61850-osi-server-7-thread-1] DEBUG com.beanit.openiec61850.ServerAssociation - sub BDA is:IEDBiogasCHP/MMXU1.Z.phsB.cVal.ang.f: 0.0
14:23:47.476 [openiec61850-osi-server-7-thread-1] DEBUG com.beanit.openiec61850.ServerAssociation - sub BDA is:IEDBiogasCHP/MMXU1.Z.phsB.range: 0
14:23:47.476 [openiec61850-osi-server-7-thread-1] DEBUG com.beanit.openiec61850.ServerAssociation - sub BDA is:IEDBiogasCHP/MMXU1.Z.phsB.q: 0x00 0x00
14:23:47.476 [openiec61850-osi-server-7-thread-1] DEBUG com.beanit.openiec61850.ServerAssociation - sub BDA is:IEDBiogasCHP/MMXU1.Z.phsB.t: Thu Jan 01 01:00:00 CET 1970
calling GetDataValues(IEDBiogasCHP/MMXU1.Z.phsB.instCVal)
14:23:47.476 [openiec61850-osi-server-7-thread-1] DEBUG com.beanit.openiec61850.ServerAssociation - Got a GetDataValues request for node: IEDBiogasCHP/MMXU1.Z.phsB.instCVal [MX]
IEDBiogasCHP/MMXU1.Z.phsB.instCVal.mag [MX]
IEDBiogasCHP/MMXU1.Z.phsB.instCVal.mag.i: 0
IEDBiogasCHP/MMXU1.Z.phsB.instCVal.mag.f: 0.0
IEDBiogasCHP/MMXU1.Z.phsB.instCVal.ang [MX]
IEDBiogasCHP/MMXU1.Z.phsB.instCVal.ang.i: 0
IEDBiogasCHP/MMXU1.Z.phsB.instCVal.ang.f: 0.0
14:23:47.476 [openiec61850-osi-server-7-thread-1] DEBUG com.beanit.openiec61850.ServerAssociation - sub BDA is:IEDBiogasCHP/MMXU1.Z.phsB.instCVal.mag.i: 0
14:23:47.476 [openiec61850-osi-server-7-thread-1] DEBUG com.beanit.openiec61850.ServerAssociation - sub BDA is:IEDBiogasCHP/MMXU1.Z.phsB.instCVal.mag.f: 0.0
14:23:47.476 [openiec61850-osi-server-7-thread-1] DEBUG com.beanit.openiec61850.ServerAssociation - sub BDA is:IEDBiogasCHP/MMXU1.Z.phsB.instCVal.ang.i: 0
14:23:47.476 [openiec61850-osi-server-7-thread-1] DEBUG com.beanit.openiec61850.ServerAssociation - sub BDA is:IEDBiogasCHP/MMXU1.Z.phsB.instCVal.ang.f: 0.0
calling GetDataValues(IEDBiogasCHP/MMXU1.Z.phsB.instCVal.mag)
14:23:47.476 [openiec61850-osi-server-7-thread-1] DEBUG com.beanit.openiec61850.ServerAssociation - Got a GetDataValues request for node: IEDBiogasCHP/MMXU1.Z.phsB.instCVal.mag [MX]
IEDBiogasCHP/MMXU1.Z.phsB.instCVal.mag.i: 0
IEDBiogasCHP/MMXU1.Z.phsB.instCVal.mag.f: 0.0
14:23:47.476 [openiec61850-osi-server-7-thread-1] DEBUG com.beanit.openiec61850.ServerAssociation - sub BDA is:IEDBiogasCHP/MMXU1.Z.phsB.instCVal.mag.i: 0
14:23:47.476 [openiec61850-osi-server-7-thread-1] DEBUG com.beanit.openiec61850.ServerAssociation - sub BDA is:IEDBiogasCHP/MMXU1.Z.phsB.instCVal.mag.f: 0.0
calling GetDataValues(IEDBiogasCHP/MMXU1.Z.phsB.instCVal.mag.i)
14:23:47.476 [openiec61850-osi-server-7-thread-1] DEBUG com.beanit.openiec61850.ServerAssociation - Got a GetDataValues request for node: IEDBiogasCHP/MMXU1.Z.phsB.instCVal.mag.i: 0
calling GetDataValues(IEDBiogasCHP/MMXU1.Z.phsB.instCVal.mag.f)
14:23:47.477 [openiec61850-osi-server-7-thread-1] DEBUG com.beanit.openiec61850.ServerAssociation - Got a GetDataValues request for node: IEDBiogasCHP/MMXU1.Z.phsB.instCVal.mag.f: 0.0
calling GetDataValues(IEDBiogasCHP/MMXU1.Z.phsB.instCVal.ang)
14:23:47.477 [openiec61850-osi-server-7-thread-1] DEBUG com.beanit.openiec61850.ServerAssociation - Got a GetDataValues request for node: IEDBiogasCHP/MMXU1.Z.phsB.instCVal.ang [MX]
IEDBiogasCHP/MMXU1.Z.phsB.instCVal.ang.i: 0
IEDBiogasCHP/MMXU1.Z.phsB.instCVal.ang.f: 0.0
14:23:47.477 [openiec61850-osi-server-7-thread-1] DEBUG com.beanit.openiec61850.ServerAssociation - sub BDA is:IEDBiogasCHP/MMXU1.Z.phsB.instCVal.ang.i: 0
14:23:47.477 [openiec61850-osi-server-7-thread-1] DEBUG com.beanit.openiec61850.ServerAssociation - sub BDA is:IEDBiogasCHP/MMXU1.Z.phsB.instCVal.ang.f: 0.0
calling GetDataValues(IEDBiogasCHP/MMXU1.Z.phsB.instCVal.ang.i)
14:23:47.477 [openiec61850-osi-server-7-thread-1] DEBUG com.beanit.openiec61850.ServerAssociation - Got a GetDataValues request for node: IEDBiogasCHP/MMXU1.Z.phsB.instCVal.ang.i: 0
calling GetDataValues(IEDBiogasCHP/MMXU1.Z.phsB.instCVal.ang.f)
14:23:47.477 [openiec61850-osi-server-7-thread-1] DEBUG com.beanit.openiec61850.ServerAssociation - Got a GetDataValues request for node: IEDBiogasCHP/MMXU1.Z.phsB.instCVal.ang.f: 0.0
calling GetDataValues(IEDBiogasCHP/MMXU1.Z.phsB.cVal)
14:23:47.477 [openiec61850-osi-server-7-thread-1] DEBUG com.beanit.openiec61850.ServerAssociation - Got a GetDataValues request for node: IEDBiogasCHP/MMXU1.Z.phsB.cVal [MX]
IEDBiogasCHP/MMXU1.Z.phsB.cVal.mag [MX]
IEDBiogasCHP/MMXU1.Z.phsB.cVal.mag.i: 0
IEDBiogasCHP/MMXU1.Z.phsB.cVal.mag.f: 0.0
IEDBiogasCHP/MMXU1.Z.phsB.cVal.ang [MX]
IEDBiogasCHP/MMXU1.Z.phsB.cVal.ang.i: 0
IEDBiogasCHP/MMXU1.Z.phsB.cVal.ang.f: 0.0
14:23:47.477 [openiec61850-osi-server-7-thread-1] DEBUG com.beanit.openiec61850.ServerAssociation - sub BDA is:IEDBiogasCHP/MMXU1.Z.phsB.cVal.mag.i: 0
14:23:47.477 [openiec61850-osi-server-7-thread-1] DEBUG com.beanit.openiec61850.ServerAssociation - sub BDA is:IEDBiogasCHP/MMXU1.Z.phsB.cVal.mag.f: 0.0
14:23:47.477 [openiec61850-osi-server-7-thread-1] DEBUG com.beanit.openiec61850.ServerAssociation - sub BDA is:IEDBiogasCHP/MMXU1.Z.phsB.cVal.ang.i: 0
14:23:47.477 [openiec61850-osi-server-7-thread-1] DEBUG com.beanit.openiec61850.ServerAssociation - sub BDA is:IEDBiogasCHP/MMXU1.Z.phsB.cVal.ang.f: 0.0
calling GetDataValues(IEDBiogasCHP/MMXU1.Z.phsB.cVal.mag)
14:23:47.477 [openiec61850-osi-server-7-thread-1] DEBUG com.beanit.openiec61850.ServerAssociation - Got a GetDataValues request for node: IEDBiogasCHP/MMXU1.Z.phsB.cVal.mag [MX]
IEDBiogasCHP/MMXU1.Z.phsB.cVal.mag.i: 0
IEDBiogasCHP/MMXU1.Z.phsB.cVal.mag.f: 0.0
14:23:47.477 [openiec61850-osi-server-7-thread-1] DEBUG com.beanit.openiec61850.ServerAssociation - sub BDA is:IEDBiogasCHP/MMXU1.Z.phsB.cVal.mag.i: 0
14:23:47.477 [openiec61850-osi-server-7-thread-1] DEBUG com.beanit.openiec61850.ServerAssociation - sub BDA is:IEDBiogasCHP/MMXU1.Z.phsB.cVal.mag.f: 0.0
calling GetDataValues(IEDBiogasCHP/MMXU1.Z.phsB.cVal.mag.i)
14:23:47.477 [openiec61850-osi-server-7-thread-1] DEBUG com.beanit.openiec61850.ServerAssociation - Got a GetDataValues request for node: IEDBiogasCHP/MMXU1.Z.phsB.cVal.mag.i: 0
calling GetDataValues(IEDBiogasCHP/MMXU1.Z.phsB.cVal.mag.f)
14:23:47.477 [openiec61850-osi-server-7-thread-1] DEBUG com.beanit.openiec61850.ServerAssociation - Got a GetDataValues request for node: IEDBiogasCHP/MMXU1.Z.phsB.cVal.mag.f: 0.0
calling GetDataValues(IEDBiogasCHP/MMXU1.Z.phsB.cVal.ang)
14:23:47.478 [openiec61850-osi-server-7-thread-1] DEBUG com.beanit.openiec61850.ServerAssociation - Got a GetDataValues request for node: IEDBiogasCHP/MMXU1.Z.phsB.cVal.ang [MX]
IEDBiogasCHP/MMXU1.Z.phsB.cVal.ang.i: 0
IEDBiogasCHP/MMXU1.Z.phsB.cVal.ang.f: 0.0
14:23:47.478 [openiec61850-osi-server-7-thread-1] DEBUG com.beanit.openiec61850.ServerAssociation - sub BDA is:IEDBiogasCHP/MMXU1.Z.phsB.cVal.ang.i: 0
14:23:47.478 [openiec61850-osi-server-7-thread-1] DEBUG com.beanit.openiec61850.ServerAssociation - sub BDA is:IEDBiogasCHP/MMXU1.Z.phsB.cVal.ang.f: 0.0
calling GetDataValues(IEDBiogasCHP/MMXU1.Z.phsB.cVal.ang.i)
14:23:47.478 [openiec61850-osi-server-7-thread-1] DEBUG com.beanit.openiec61850.ServerAssociation - Got a GetDataValues request for node: IEDBiogasCHP/MMXU1.Z.phsB.cVal.ang.i: 0
calling GetDataValues(IEDBiogasCHP/MMXU1.Z.phsB.cVal.ang.f)
14:23:47.478 [openiec61850-osi-server-7-thread-1] DEBUG com.beanit.openiec61850.ServerAssociation - Got a GetDataValues request for node: IEDBiogasCHP/MMXU1.Z.phsB.cVal.ang.f: 0.0
calling GetDataValues(IEDBiogasCHP/MMXU1.Z.phsB.range)
14:23:47.478 [openiec61850-osi-server-7-thread-1] DEBUG com.beanit.openiec61850.ServerAssociation - Got a GetDataValues request for node: IEDBiogasCHP/MMXU1.Z.phsB.range: 0
calling GetDataValues(IEDBiogasCHP/MMXU1.Z.phsB.q)
14:23:47.478 [openiec61850-osi-server-7-thread-1] DEBUG com.beanit.openiec61850.ServerAssociation - Got a GetDataValues request for node: IEDBiogasCHP/MMXU1.Z.phsB.q: 0x00 0x00
calling GetDataValues(IEDBiogasCHP/MMXU1.Z.phsB.t)
14:23:47.478 [openiec61850-osi-server-7-thread-1] DEBUG com.beanit.openiec61850.ServerAssociation - Got a GetDataValues request for node: IEDBiogasCHP/MMXU1.Z.phsB.t: Thu Jan 01 01:00:00 CET 1970
calling GetDataValues(IEDBiogasCHP/MMXU1.Z.phsC)
14:23:47.478 [openiec61850-osi-server-7-thread-1] DEBUG com.beanit.openiec61850.ServerAssociation - Got a GetDataValues request for node: IEDBiogasCHP/MMXU1.Z.phsC [MX]
IEDBiogasCHP/MMXU1.Z.phsC.instCVal [MX]
IEDBiogasCHP/MMXU1.Z.phsC.instCVal.mag [MX]
IEDBiogasCHP/MMXU1.Z.phsC.instCVal.mag.i: 0
IEDBiogasCHP/MMXU1.Z.phsC.instCVal.mag.f: 0.0
IEDBiogasCHP/MMXU1.Z.phsC.instCVal.ang [MX]
IEDBiogasCHP/MMXU1.Z.phsC.instCVal.ang.i: 0
IEDBiogasCHP/MMXU1.Z.phsC.instCVal.ang.f: 0.0
IEDBiogasCHP/MMXU1.Z.phsC.cVal [MX]
IEDBiogasCHP/MMXU1.Z.phsC.cVal.mag [MX]
IEDBiogasCHP/MMXU1.Z.phsC.cVal.mag.i: 0
IEDBiogasCHP/MMXU1.Z.phsC.cVal.mag.f: 0.0
IEDBiogasCHP/MMXU1.Z.phsC.cVal.ang [MX]
IEDBiogasCHP/MMXU1.Z.phsC.cVal.ang.i: 0
IEDBiogasCHP/MMXU1.Z.phsC.cVal.ang.f: 0.0
IEDBiogasCHP/MMXU1.Z.phsC.range: 0
IEDBiogasCHP/MMXU1.Z.phsC.q: 0x00 0x00
IEDBiogasCHP/MMXU1.Z.phsC.t: Thu Jan 01 01:00:00 CET 1970
14:23:47.478 [openiec61850-osi-server-7-thread-1] DEBUG com.beanit.openiec61850.ServerAssociation - sub BDA is:IEDBiogasCHP/MMXU1.Z.phsC.instCVal.mag.i: 0
14:23:47.478 [openiec61850-osi-server-7-thread-1] DEBUG com.beanit.openiec61850.ServerAssociation - sub BDA is:IEDBiogasCHP/MMXU1.Z.phsC.instCVal.mag.f: 0.0
14:23:47.478 [openiec61850-osi-server-7-thread-1] DEBUG com.beanit.openiec61850.ServerAssociation - sub BDA is:IEDBiogasCHP/MMXU1.Z.phsC.instCVal.ang.i: 0
14:23:47.478 [openiec61850-osi-server-7-thread-1] DEBUG com.beanit.openiec61850.ServerAssociation - sub BDA is:IEDBiogasCHP/MMXU1.Z.phsC.instCVal.ang.f: 0.0
14:23:47.478 [openiec61850-osi-server-7-thread-1] DEBUG com.beanit.openiec61850.ServerAssociation - sub BDA is:IEDBiogasCHP/MMXU1.Z.phsC.cVal.mag.i: 0
14:23:47.478 [openiec61850-osi-server-7-thread-1] DEBUG com.beanit.openiec61850.ServerAssociation - sub BDA is:IEDBiogasCHP/MMXU1.Z.phsC.cVal.mag.f: 0.0
14:23:47.478 [openiec61850-osi-server-7-thread-1] DEBUG com.beanit.openiec61850.ServerAssociation - sub BDA is:IEDBiogasCHP/MMXU1.Z.phsC.cVal.ang.i: 0
14:23:47.478 [openiec61850-osi-server-7-thread-1] DEBUG com.beanit.openiec61850.ServerAssociation - sub BDA is:IEDBiogasCHP/MMXU1.Z.phsC.cVal.ang.f: 0.0
14:23:47.478 [openiec61850-osi-server-7-thread-1] DEBUG com.beanit.openiec61850.ServerAssociation - sub BDA is:IEDBiogasCHP/MMXU1.Z.phsC.range: 0
14:23:47.478 [openiec61850-osi-server-7-thread-1] DEBUG com.beanit.openiec61850.ServerAssociation - sub BDA is:IEDBiogasCHP/MMXU1.Z.phsC.q: 0x00 0x00
14:23:47.478 [openiec61850-osi-server-7-thread-1] DEBUG com.beanit.openiec61850.ServerAssociation - sub BDA is:IEDBiogasCHP/MMXU1.Z.phsC.t: Thu Jan 01 01:00:00 CET 1970
calling GetDataValues(IEDBiogasCHP/MMXU1.Z.phsC.instCVal)
14:23:47.479 [openiec61850-osi-server-7-thread-1] DEBUG com.beanit.openiec61850.ServerAssociation - Got a GetDataValues request for node: IEDBiogasCHP/MMXU1.Z.phsC.instCVal [MX]
IEDBiogasCHP/MMXU1.Z.phsC.instCVal.mag [MX]
IEDBiogasCHP/MMXU1.Z.phsC.instCVal.mag.i: 0
IEDBiogasCHP/MMXU1.Z.phsC.instCVal.mag.f: 0.0
IEDBiogasCHP/MMXU1.Z.phsC.instCVal.ang [MX]
IEDBiogasCHP/MMXU1.Z.phsC.instCVal.ang.i: 0
IEDBiogasCHP/MMXU1.Z.phsC.instCVal.ang.f: 0.0
14:23:47.479 [openiec61850-osi-server-7-thread-1] DEBUG com.beanit.openiec61850.ServerAssociation - sub BDA is:IEDBiogasCHP/MMXU1.Z.phsC.instCVal.mag.i: 0
14:23:47.479 [openiec61850-osi-server-7-thread-1] DEBUG com.beanit.openiec61850.ServerAssociation - sub BDA is:IEDBiogasCHP/MMXU1.Z.phsC.instCVal.mag.f: 0.0
14:23:47.479 [openiec61850-osi-server-7-thread-1] DEBUG com.beanit.openiec61850.ServerAssociation - sub BDA is:IEDBiogasCHP/MMXU1.Z.phsC.instCVal.ang.i: 0
14:23:47.479 [openiec61850-osi-server-7-thread-1] DEBUG com.beanit.openiec61850.ServerAssociation - sub BDA is:IEDBiogasCHP/MMXU1.Z.phsC.instCVal.ang.f: 0.0
calling GetDataValues(IEDBiogasCHP/MMXU1.Z.phsC.instCVal.mag)
14:23:47.479 [openiec61850-osi-server-7-thread-1] DEBUG com.beanit.openiec61850.ServerAssociation - Got a GetDataValues request for node: IEDBiogasCHP/MMXU1.Z.phsC.instCVal.mag [MX]
IEDBiogasCHP/MMXU1.Z.phsC.instCVal.mag.i: 0
IEDBiogasCHP/MMXU1.Z.phsC.instCVal.mag.f: 0.0
14:23:47.479 [openiec61850-osi-server-7-thread-1] DEBUG com.beanit.openiec61850.ServerAssociation - sub BDA is:IEDBiogasCHP/MMXU1.Z.phsC.instCVal.mag.i: 0
14:23:47.479 [openiec61850-osi-server-7-thread-1] DEBUG com.beanit.openiec61850.ServerAssociation - sub BDA is:IEDBiogasCHP/MMXU1.Z.phsC.instCVal.mag.f: 0.0
calling GetDataValues(IEDBiogasCHP/MMXU1.Z.phsC.instCVal.mag.i)
14:23:47.479 [openiec61850-osi-server-7-thread-1] DEBUG com.beanit.openiec61850.ServerAssociation - Got a GetDataValues request for node: IEDBiogasCHP/MMXU1.Z.phsC.instCVal.mag.i: 0
calling GetDataValues(IEDBiogasCHP/MMXU1.Z.phsC.instCVal.mag.f)
14:23:47.479 [openiec61850-osi-server-7-thread-1] DEBUG com.beanit.openiec61850.ServerAssociation - Got a GetDataValues request for node: IEDBiogasCHP/MMXU1.Z.phsC.instCVal.mag.f: 0.0
calling GetDataValues(IEDBiogasCHP/MMXU1.Z.phsC.instCVal.ang)
14:23:47.479 [openiec61850-osi-server-7-thread-1] DEBUG com.beanit.openiec61850.ServerAssociation - Got a GetDataValues request for node: IEDBiogasCHP/MMXU1.Z.phsC.instCVal.ang [MX]
IEDBiogasCHP/MMXU1.Z.phsC.instCVal.ang.i: 0
IEDBiogasCHP/MMXU1.Z.phsC.instCVal.ang.f: 0.0
14:23:47.479 [openiec61850-osi-server-7-thread-1] DEBUG com.beanit.openiec61850.ServerAssociation - sub BDA is:IEDBiogasCHP/MMXU1.Z.phsC.instCVal.ang.i: 0
14:23:47.479 [openiec61850-osi-server-7-thread-1] DEBUG com.beanit.openiec61850.ServerAssociation - sub BDA is:IEDBiogasCHP/MMXU1.Z.phsC.instCVal.ang.f: 0.0
calling GetDataValues(IEDBiogasCHP/MMXU1.Z.phsC.instCVal.ang.i)
14:23:47.479 [openiec61850-osi-server-7-thread-1] DEBUG com.beanit.openiec61850.ServerAssociation - Got a GetDataValues request for node: IEDBiogasCHP/MMXU1.Z.phsC.instCVal.ang.i: 0
calling GetDataValues(IEDBiogasCHP/MMXU1.Z.phsC.instCVal.ang.f)
14:23:47.480 [openiec61850-osi-server-7-thread-1] DEBUG com.beanit.openiec61850.ServerAssociation - Got a GetDataValues request for node: IEDBiogasCHP/MMXU1.Z.phsC.instCVal.ang.f: 0.0
calling GetDataValues(IEDBiogasCHP/MMXU1.Z.phsC.cVal)
14:23:47.480 [openiec61850-osi-server-7-thread-1] DEBUG com.beanit.openiec61850.ServerAssociation - Got a GetDataValues request for node: IEDBiogasCHP/MMXU1.Z.phsC.cVal [MX]
IEDBiogasCHP/MMXU1.Z.phsC.cVal.mag [MX]
IEDBiogasCHP/MMXU1.Z.phsC.cVal.mag.i: 0
IEDBiogasCHP/MMXU1.Z.phsC.cVal.mag.f: 0.0
IEDBiogasCHP/MMXU1.Z.phsC.cVal.ang [MX]
IEDBiogasCHP/MMXU1.Z.phsC.cVal.ang.i: 0
IEDBiogasCHP/MMXU1.Z.phsC.cVal.ang.f: 0.0
14:23:47.480 [openiec61850-osi-server-7-thread-1] DEBUG com.beanit.openiec61850.ServerAssociation - sub BDA is:IEDBiogasCHP/MMXU1.Z.phsC.cVal.mag.i: 0
14:23:47.480 [openiec61850-osi-server-7-thread-1] DEBUG com.beanit.openiec61850.ServerAssociation - sub BDA is:IEDBiogasCHP/MMXU1.Z.phsC.cVal.mag.f: 0.0
14:23:47.480 [openiec61850-osi-server-7-thread-1] DEBUG com.beanit.openiec61850.ServerAssociation - sub BDA is:IEDBiogasCHP/MMXU1.Z.phsC.cVal.ang.i: 0
14:23:47.480 [openiec61850-osi-server-7-thread-1] DEBUG com.beanit.openiec61850.ServerAssociation - sub BDA is:IEDBiogasCHP/MMXU1.Z.phsC.cVal.ang.f: 0.0
calling GetDataValues(IEDBiogasCHP/MMXU1.Z.phsC.cVal.mag)
14:23:47.480 [openiec61850-osi-server-7-thread-1] DEBUG com.beanit.openiec61850.ServerAssociation - Got a GetDataValues request for node: IEDBiogasCHP/MMXU1.Z.phsC.cVal.mag [MX]
IEDBiogasCHP/MMXU1.Z.phsC.cVal.mag.i: 0
IEDBiogasCHP/MMXU1.Z.phsC.cVal.mag.f: 0.0
14:23:47.480 [openiec61850-osi-server-7-thread-1] DEBUG com.beanit.openiec61850.ServerAssociation - sub BDA is:IEDBiogasCHP/MMXU1.Z.phsC.cVal.mag.i: 0
14:23:47.480 [openiec61850-osi-server-7-thread-1] DEBUG com.beanit.openiec61850.ServerAssociation - sub BDA is:IEDBiogasCHP/MMXU1.Z.phsC.cVal.mag.f: 0.0
calling GetDataValues(IEDBiogasCHP/MMXU1.Z.phsC.cVal.mag.i)
14:23:47.480 [openiec61850-osi-server-7-thread-1] DEBUG com.beanit.openiec61850.ServerAssociation - Got a GetDataValues request for node: IEDBiogasCHP/MMXU1.Z.phsC.cVal.mag.i: 0
calling GetDataValues(IEDBiogasCHP/MMXU1.Z.phsC.cVal.mag.f)
14:23:47.480 [openiec61850-osi-server-7-thread-1] DEBUG com.beanit.openiec61850.ServerAssociation - Got a GetDataValues request for node: IEDBiogasCHP/MMXU1.Z.phsC.cVal.mag.f: 0.0
calling GetDataValues(IEDBiogasCHP/MMXU1.Z.phsC.cVal.ang)
14:23:47.480 [openiec61850-osi-server-7-thread-1] DEBUG com.beanit.openiec61850.ServerAssociation - Got a GetDataValues request for node: IEDBiogasCHP/MMXU1.Z.phsC.cVal.ang [MX]
IEDBiogasCHP/MMXU1.Z.phsC.cVal.ang.i: 0
IEDBiogasCHP/MMXU1.Z.phsC.cVal.ang.f: 0.0
14:23:47.480 [openiec61850-osi-server-7-thread-1] DEBUG com.beanit.openiec61850.ServerAssociation - sub BDA is:IEDBiogasCHP/MMXU1.Z.phsC.cVal.ang.i: 0
14:23:47.480 [openiec61850-osi-server-7-thread-1] DEBUG com.beanit.openiec61850.ServerAssociation - sub BDA is:IEDBiogasCHP/MMXU1.Z.phsC.cVal.ang.f: 0.0
calling GetDataValues(IEDBiogasCHP/MMXU1.Z.phsC.cVal.ang.i)
14:23:47.480 [openiec61850-osi-server-7-thread-1] DEBUG com.beanit.openiec61850.ServerAssociation - Got a GetDataValues request for node: IEDBiogasCHP/MMXU1.Z.phsC.cVal.ang.i: 0
calling GetDataValues(IEDBiogasCHP/MMXU1.Z.phsC.cVal.ang.f)
14:23:47.480 [openiec61850-osi-server-7-thread-1] DEBUG com.beanit.openiec61850.ServerAssociation - Got a GetDataValues request for node: IEDBiogasCHP/MMXU1.Z.phsC.cVal.ang.f: 0.0
calling GetDataValues(IEDBiogasCHP/MMXU1.Z.phsC.range)
14:23:47.481 [openiec61850-osi-server-7-thread-1] DEBUG com.beanit.openiec61850.ServerAssociation - Got a GetDataValues request for node: IEDBiogasCHP/MMXU1.Z.phsC.range: 0
calling GetDataValues(IEDBiogasCHP/MMXU1.Z.phsC.q)
14:23:47.481 [openiec61850-osi-server-7-thread-1] DEBUG com.beanit.openiec61850.ServerAssociation - Got a GetDataValues request for node: IEDBiogasCHP/MMXU1.Z.phsC.q: 0x00 0x00
calling GetDataValues(IEDBiogasCHP/MMXU1.Z.phsC.t)
14:23:47.481 [openiec61850-osi-server-7-thread-1] DEBUG com.beanit.openiec61850.ServerAssociation - Got a GetDataValues request for node: IEDBiogasCHP/MMXU1.Z.phsC.t: Thu Jan 01 01:00:00 CET 1970
calling GetDataValues(IEDBiogasCHP/MMXU1.Z.neut)
14:23:47.481 [openiec61850-osi-server-7-thread-1] DEBUG com.beanit.openiec61850.ServerAssociation - Got a GetDataValues request for node: IEDBiogasCHP/MMXU1.Z.neut [MX]
IEDBiogasCHP/MMXU1.Z.neut.instCVal [MX]
IEDBiogasCHP/MMXU1.Z.neut.instCVal.mag [MX]
IEDBiogasCHP/MMXU1.Z.neut.instCVal.mag.i: 0
IEDBiogasCHP/MMXU1.Z.neut.instCVal.mag.f: 0.0
IEDBiogasCHP/MMXU1.Z.neut.instCVal.ang [MX]
IEDBiogasCHP/MMXU1.Z.neut.instCVal.ang.i: 0
IEDBiogasCHP/MMXU1.Z.neut.instCVal.ang.f: 0.0
IEDBiogasCHP/MMXU1.Z.neut.cVal [MX]
IEDBiogasCHP/MMXU1.Z.neut.cVal.mag [MX]
IEDBiogasCHP/MMXU1.Z.neut.cVal.mag.i: 0
IEDBiogasCHP/MMXU1.Z.neut.cVal.mag.f: 0.0
IEDBiogasCHP/MMXU1.Z.neut.cVal.ang [MX]
IEDBiogasCHP/MMXU1.Z.neut.cVal.ang.i: 0
IEDBiogasCHP/MMXU1.Z.neut.cVal.ang.f: 0.0
IEDBiogasCHP/MMXU1.Z.neut.range: 0
IEDBiogasCHP/MMXU1.Z.neut.q: 0x00 0x00
IEDBiogasCHP/MMXU1.Z.neut.t: Thu Jan 01 01:00:00 CET 1970
14:23:47.481 [openiec61850-osi-server-7-thread-1] DEBUG com.beanit.openiec61850.ServerAssociation - sub BDA is:IEDBiogasCHP/MMXU1.Z.neut.instCVal.mag.i: 0
14:23:47.481 [openiec61850-osi-server-7-thread-1] DEBUG com.beanit.openiec61850.ServerAssociation - sub BDA is:IEDBiogasCHP/MMXU1.Z.neut.instCVal.mag.f: 0.0
14:23:47.481 [openiec61850-osi-server-7-thread-1] DEBUG com.beanit.openiec61850.ServerAssociation - sub BDA is:IEDBiogasCHP/MMXU1.Z.neut.instCVal.ang.i: 0
14:23:47.481 [openiec61850-osi-server-7-thread-1] DEBUG com.beanit.openiec61850.ServerAssociation - sub BDA is:IEDBiogasCHP/MMXU1.Z.neut.instCVal.ang.f: 0.0
14:23:47.481 [openiec61850-osi-server-7-thread-1] DEBUG com.beanit.openiec61850.ServerAssociation - sub BDA is:IEDBiogasCHP/MMXU1.Z.neut.cVal.mag.i: 0
14:23:47.481 [openiec61850-osi-server-7-thread-1] DEBUG com.beanit.openiec61850.ServerAssociation - sub BDA is:IEDBiogasCHP/MMXU1.Z.neut.cVal.mag.f: 0.0
14:23:47.481 [openiec61850-osi-server-7-thread-1] DEBUG com.beanit.openiec61850.ServerAssociation - sub BDA is:IEDBiogasCHP/MMXU1.Z.neut.cVal.ang.i: 0
14:23:47.481 [openiec61850-osi-server-7-thread-1] DEBUG com.beanit.openiec61850.ServerAssociation - sub BDA is:IEDBiogasCHP/MMXU1.Z.neut.cVal.ang.f: 0.0
14:23:47.481 [openiec61850-osi-server-7-thread-1] DEBUG com.beanit.openiec61850.ServerAssociation - sub BDA is:IEDBiogasCHP/MMXU1.Z.neut.range: 0
14:23:47.481 [openiec61850-osi-server-7-thread-1] DEBUG com.beanit.openiec61850.ServerAssociation - sub BDA is:IEDBiogasCHP/MMXU1.Z.neut.q: 0x00 0x00
14:23:47.481 [openiec61850-osi-server-7-thread-1] DEBUG com.beanit.openiec61850.ServerAssociation - sub BDA is:IEDBiogasCHP/MMXU1.Z.neut.t: Thu Jan 01 01:00:00 CET 1970
calling GetDataValues(IEDBiogasCHP/MMXU1.Z.neut.instCVal)
14:23:47.481 [openiec61850-osi-server-7-thread-1] DEBUG com.beanit.openiec61850.ServerAssociation - Got a GetDataValues request for node: IEDBiogasCHP/MMXU1.Z.neut.instCVal [MX]
IEDBiogasCHP/MMXU1.Z.neut.instCVal.mag [MX]
IEDBiogasCHP/MMXU1.Z.neut.instCVal.mag.i: 0
IEDBiogasCHP/MMXU1.Z.neut.instCVal.mag.f: 0.0
IEDBiogasCHP/MMXU1.Z.neut.instCVal.ang [MX]
IEDBiogasCHP/MMXU1.Z.neut.instCVal.ang.i: 0
IEDBiogasCHP/MMXU1.Z.neut.instCVal.ang.f: 0.0
14:23:47.481 [openiec61850-osi-server-7-thread-1] DEBUG com.beanit.openiec61850.ServerAssociation - sub BDA is:IEDBiogasCHP/MMXU1.Z.neut.instCVal.mag.i: 0
14:23:47.481 [openiec61850-osi-server-7-thread-1] DEBUG com.beanit.openiec61850.ServerAssociation - sub BDA is:IEDBiogasCHP/MMXU1.Z.neut.instCVal.mag.f: 0.0
14:23:47.481 [openiec61850-osi-server-7-thread-1] DEBUG com.beanit.openiec61850.ServerAssociation - sub BDA is:IEDBiogasCHP/MMXU1.Z.neut.instCVal.ang.i: 0
14:23:47.481 [openiec61850-osi-server-7-thread-1] DEBUG com.beanit.openiec61850.ServerAssociation - sub BDA is:IEDBiogasCHP/MMXU1.Z.neut.instCVal.ang.f: 0.0
calling GetDataValues(IEDBiogasCHP/MMXU1.Z.neut.instCVal.mag)
14:23:47.481 [openiec61850-osi-server-7-thread-1] DEBUG com.beanit.openiec61850.ServerAssociation - Got a GetDataValues request for node: IEDBiogasCHP/MMXU1.Z.neut.instCVal.mag [MX]
IEDBiogasCHP/MMXU1.Z.neut.instCVal.mag.i: 0
IEDBiogasCHP/MMXU1.Z.neut.instCVal.mag.f: 0.0
14:23:47.481 [openiec61850-osi-server-7-thread-1] DEBUG com.beanit.openiec61850.ServerAssociation - sub BDA is:IEDBiogasCHP/MMXU1.Z.neut.instCVal.mag.i: 0
14:23:47.481 [openiec61850-osi-server-7-thread-1] DEBUG com.beanit.openiec61850.ServerAssociation - sub BDA is:IEDBiogasCHP/MMXU1.Z.neut.instCVal.mag.f: 0.0
calling GetDataValues(IEDBiogasCHP/MMXU1.Z.neut.instCVal.mag.i)
14:23:47.482 [openiec61850-osi-server-7-thread-1] DEBUG com.beanit.openiec61850.ServerAssociation - Got a GetDataValues request for node: IEDBiogasCHP/MMXU1.Z.neut.instCVal.mag.i: 0
calling GetDataValues(IEDBiogasCHP/MMXU1.Z.neut.instCVal.mag.f)
14:23:47.482 [openiec61850-osi-server-7-thread-1] DEBUG com.beanit.openiec61850.ServerAssociation - Got a GetDataValues request for node: IEDBiogasCHP/MMXU1.Z.neut.instCVal.mag.f: 0.0
calling GetDataValues(IEDBiogasCHP/MMXU1.Z.neut.instCVal.ang)
14:23:47.482 [openiec61850-osi-server-7-thread-1] DEBUG com.beanit.openiec61850.ServerAssociation - Got a GetDataValues request for node: IEDBiogasCHP/MMXU1.Z.neut.instCVal.ang [MX]
IEDBiogasCHP/MMXU1.Z.neut.instCVal.ang.i: 0
IEDBiogasCHP/MMXU1.Z.neut.instCVal.ang.f: 0.0
14:23:47.482 [openiec61850-osi-server-7-thread-1] DEBUG com.beanit.openiec61850.ServerAssociation - sub BDA is:IEDBiogasCHP/MMXU1.Z.neut.instCVal.ang.i: 0
14:23:47.482 [openiec61850-osi-server-7-thread-1] DEBUG com.beanit.openiec61850.ServerAssociation - sub BDA is:IEDBiogasCHP/MMXU1.Z.neut.instCVal.ang.f: 0.0
calling GetDataValues(IEDBiogasCHP/MMXU1.Z.neut.instCVal.ang.i)
14:23:47.482 [openiec61850-osi-server-7-thread-1] DEBUG com.beanit.openiec61850.ServerAssociation - Got a GetDataValues request for node: IEDBiogasCHP/MMXU1.Z.neut.instCVal.ang.i: 0
calling GetDataValues(IEDBiogasCHP/MMXU1.Z.neut.instCVal.ang.f)
14:23:47.482 [openiec61850-osi-server-7-thread-1] DEBUG com.beanit.openiec61850.ServerAssociation - Got a GetDataValues request for node: IEDBiogasCHP/MMXU1.Z.neut.instCVal.ang.f: 0.0
calling GetDataValues(IEDBiogasCHP/MMXU1.Z.neut.cVal)
14:23:47.482 [openiec61850-osi-server-7-thread-1] DEBUG com.beanit.openiec61850.ServerAssociation - Got a GetDataValues request for node: IEDBiogasCHP/MMXU1.Z.neut.cVal [MX]
IEDBiogasCHP/MMXU1.Z.neut.cVal.mag [MX]
IEDBiogasCHP/MMXU1.Z.neut.cVal.mag.i: 0
IEDBiogasCHP/MMXU1.Z.neut.cVal.mag.f: 0.0
IEDBiogasCHP/MMXU1.Z.neut.cVal.ang [MX]
IEDBiogasCHP/MMXU1.Z.neut.cVal.ang.i: 0
IEDBiogasCHP/MMXU1.Z.neut.cVal.ang.f: 0.0
14:23:47.482 [openiec61850-osi-server-7-thread-1] DEBUG com.beanit.openiec61850.ServerAssociation - sub BDA is:IEDBiogasCHP/MMXU1.Z.neut.cVal.mag.i: 0
14:23:47.482 [openiec61850-osi-server-7-thread-1] DEBUG com.beanit.openiec61850.ServerAssociation - sub BDA is:IEDBiogasCHP/MMXU1.Z.neut.cVal.mag.f: 0.0
14:23:47.482 [openiec61850-osi-server-7-thread-1] DEBUG com.beanit.openiec61850.ServerAssociation - sub BDA is:IEDBiogasCHP/MMXU1.Z.neut.cVal.ang.i: 0
14:23:47.482 [openiec61850-osi-server-7-thread-1] DEBUG com.beanit.openiec61850.ServerAssociation - sub BDA is:IEDBiogasCHP/MMXU1.Z.neut.cVal.ang.f: 0.0
calling GetDataValues(IEDBiogasCHP/MMXU1.Z.neut.cVal.mag)
14:23:47.482 [openiec61850-osi-server-7-thread-1] DEBUG com.beanit.openiec61850.ServerAssociation - Got a GetDataValues request for node: IEDBiogasCHP/MMXU1.Z.neut.cVal.mag [MX]
IEDBiogasCHP/MMXU1.Z.neut.cVal.mag.i: 0
IEDBiogasCHP/MMXU1.Z.neut.cVal.mag.f: 0.0
14:23:47.482 [openiec61850-osi-server-7-thread-1] DEBUG com.beanit.openiec61850.ServerAssociation - sub BDA is:IEDBiogasCHP/MMXU1.Z.neut.cVal.mag.i: 0
14:23:47.482 [openiec61850-osi-server-7-thread-1] DEBUG com.beanit.openiec61850.ServerAssociation - sub BDA is:IEDBiogasCHP/MMXU1.Z.neut.cVal.mag.f: 0.0
calling GetDataValues(IEDBiogasCHP/MMXU1.Z.neut.cVal.mag.i)
14:23:47.483 [openiec61850-osi-server-7-thread-1] DEBUG com.beanit.openiec61850.ServerAssociation - Got a GetDataValues request for node: IEDBiogasCHP/MMXU1.Z.neut.cVal.mag.i: 0
calling GetDataValues(IEDBiogasCHP/MMXU1.Z.neut.cVal.mag.f)
14:23:47.483 [openiec61850-osi-server-7-thread-1] DEBUG com.beanit.openiec61850.ServerAssociation - Got a GetDataValues request for node: IEDBiogasCHP/MMXU1.Z.neut.cVal.mag.f: 0.0
calling GetDataValues(IEDBiogasCHP/MMXU1.Z.neut.cVal.ang)
14:23:47.483 [openiec61850-osi-server-7-thread-1] DEBUG com.beanit.openiec61850.ServerAssociation - Got a GetDataValues request for node: IEDBiogasCHP/MMXU1.Z.neut.cVal.ang [MX]
IEDBiogasCHP/MMXU1.Z.neut.cVal.ang.i: 0
IEDBiogasCHP/MMXU1.Z.neut.cVal.ang.f: 0.0
14:23:47.483 [openiec61850-osi-server-7-thread-1] DEBUG com.beanit.openiec61850.ServerAssociation - sub BDA is:IEDBiogasCHP/MMXU1.Z.neut.cVal.ang.i: 0
14:23:47.483 [openiec61850-osi-server-7-thread-1] DEBUG com.beanit.openiec61850.ServerAssociation - sub BDA is:IEDBiogasCHP/MMXU1.Z.neut.cVal.ang.f: 0.0
calling GetDataValues(IEDBiogasCHP/MMXU1.Z.neut.cVal.ang.i)
14:23:47.483 [openiec61850-osi-server-7-thread-1] DEBUG com.beanit.openiec61850.ServerAssociation - Got a GetDataValues request for node: IEDBiogasCHP/MMXU1.Z.neut.cVal.ang.i: 0
calling GetDataValues(IEDBiogasCHP/MMXU1.Z.neut.cVal.ang.f)
14:23:47.483 [openiec61850-osi-server-7-thread-1] DEBUG com.beanit.openiec61850.ServerAssociation - Got a GetDataValues request for node: IEDBiogasCHP/MMXU1.Z.neut.cVal.ang.f: 0.0
calling GetDataValues(IEDBiogasCHP/MMXU1.Z.neut.range)
14:23:47.483 [openiec61850-osi-server-7-thread-1] DEBUG com.beanit.openiec61850.ServerAssociation - Got a GetDataValues request for node: IEDBiogasCHP/MMXU1.Z.neut.range: 0
calling GetDataValues(IEDBiogasCHP/MMXU1.Z.neut.q)
14:23:47.483 [openiec61850-osi-server-7-thread-1] DEBUG com.beanit.openiec61850.ServerAssociation - Got a GetDataValues request for node: IEDBiogasCHP/MMXU1.Z.neut.q: 0x00 0x00
calling GetDataValues(IEDBiogasCHP/MMXU1.Z.neut.t)
14:23:47.483 [openiec61850-osi-server-7-thread-1] DEBUG com.beanit.openiec61850.ServerAssociation - Got a GetDataValues request for node: IEDBiogasCHP/MMXU1.Z.neut.t: Thu Jan 01 01:00:00 CET 1970
calling GetDataValues(IEDBiogasCHP/MMXU1.Z.net)
14:23:47.484 [openiec61850-osi-server-7-thread-1] DEBUG com.beanit.openiec61850.ServerAssociation - Got a GetDataValues request for node: IEDBiogasCHP/MMXU1.Z.net [MX]
IEDBiogasCHP/MMXU1.Z.net.instCVal [MX]
IEDBiogasCHP/MMXU1.Z.net.instCVal.mag [MX]
IEDBiogasCHP/MMXU1.Z.net.instCVal.mag.i: 0
IEDBiogasCHP/MMXU1.Z.net.instCVal.mag.f: 0.0
IEDBiogasCHP/MMXU1.Z.net.instCVal.ang [MX]
IEDBiogasCHP/MMXU1.Z.net.instCVal.ang.i: 0
IEDBiogasCHP/MMXU1.Z.net.instCVal.ang.f: 0.0
IEDBiogasCHP/MMXU1.Z.net.cVal [MX]
IEDBiogasCHP/MMXU1.Z.net.cVal.mag [MX]
IEDBiogasCHP/MMXU1.Z.net.cVal.mag.i: 0
IEDBiogasCHP/MMXU1.Z.net.cVal.mag.f: 0.0
IEDBiogasCHP/MMXU1.Z.net.cVal.ang [MX]
IEDBiogasCHP/MMXU1.Z.net.cVal.ang.i: 0
IEDBiogasCHP/MMXU1.Z.net.cVal.ang.f: 0.0
IEDBiogasCHP/MMXU1.Z.net.range: 0
IEDBiogasCHP/MMXU1.Z.net.q: 0x00 0x00
IEDBiogasCHP/MMXU1.Z.net.t: Thu Jan 01 01:00:00 CET 1970
14:23:47.484 [openiec61850-osi-server-7-thread-1] DEBUG com.beanit.openiec61850.ServerAssociation - sub BDA is:IEDBiogasCHP/MMXU1.Z.net.instCVal.mag.i: 0
14:23:47.484 [openiec61850-osi-server-7-thread-1] DEBUG com.beanit.openiec61850.ServerAssociation - sub BDA is:IEDBiogasCHP/MMXU1.Z.net.instCVal.mag.f: 0.0
14:23:47.484 [openiec61850-osi-server-7-thread-1] DEBUG com.beanit.openiec61850.ServerAssociation - sub BDA is:IEDBiogasCHP/MMXU1.Z.net.instCVal.ang.i: 0
14:23:47.484 [openiec61850-osi-server-7-thread-1] DEBUG com.beanit.openiec61850.ServerAssociation - sub BDA is:IEDBiogasCHP/MMXU1.Z.net.instCVal.ang.f: 0.0
14:23:47.484 [openiec61850-osi-server-7-thread-1] DEBUG com.beanit.openiec61850.ServerAssociation - sub BDA is:IEDBiogasCHP/MMXU1.Z.net.cVal.mag.i: 0
14:23:47.484 [openiec61850-osi-server-7-thread-1] DEBUG com.beanit.openiec61850.ServerAssociation - sub BDA is:IEDBiogasCHP/MMXU1.Z.net.cVal.mag.f: 0.0
14:23:47.484 [openiec61850-osi-server-7-thread-1] DEBUG com.beanit.openiec61850.ServerAssociation - sub BDA is:IEDBiogasCHP/MMXU1.Z.net.cVal.ang.i: 0
14:23:47.484 [openiec61850-osi-server-7-thread-1] DEBUG com.beanit.openiec61850.ServerAssociation - sub BDA is:IEDBiogasCHP/MMXU1.Z.net.cVal.ang.f: 0.0
14:23:47.484 [openiec61850-osi-server-7-thread-1] DEBUG com.beanit.openiec61850.ServerAssociation - sub BDA is:IEDBiogasCHP/MMXU1.Z.net.range: 0
14:23:47.484 [openiec61850-osi-server-7-thread-1] DEBUG com.beanit.openiec61850.ServerAssociation - sub BDA is:IEDBiogasCHP/MMXU1.Z.net.q: 0x00 0x00
14:23:47.484 [openiec61850-osi-server-7-thread-1] DEBUG com.beanit.openiec61850.ServerAssociation - sub BDA is:IEDBiogasCHP/MMXU1.Z.net.t: Thu Jan 01 01:00:00 CET 1970
calling GetDataValues(IEDBiogasCHP/MMXU1.Z.net.instCVal)
14:23:47.484 [openiec61850-osi-server-7-thread-1] DEBUG com.beanit.openiec61850.ServerAssociation - Got a GetDataValues request for node: IEDBiogasCHP/MMXU1.Z.net.instCVal [MX]
IEDBiogasCHP/MMXU1.Z.net.instCVal.mag [MX]
IEDBiogasCHP/MMXU1.Z.net.instCVal.mag.i: 0
IEDBiogasCHP/MMXU1.Z.net.instCVal.mag.f: 0.0
IEDBiogasCHP/MMXU1.Z.net.instCVal.ang [MX]
IEDBiogasCHP/MMXU1.Z.net.instCVal.ang.i: 0
IEDBiogasCHP/MMXU1.Z.net.instCVal.ang.f: 0.0
14:23:47.484 [openiec61850-osi-server-7-thread-1] DEBUG com.beanit.openiec61850.ServerAssociation - sub BDA is:IEDBiogasCHP/MMXU1.Z.net.instCVal.mag.i: 0
14:23:47.484 [openiec61850-osi-server-7-thread-1] DEBUG com.beanit.openiec61850.ServerAssociation - sub BDA is:IEDBiogasCHP/MMXU1.Z.net.instCVal.mag.f: 0.0
14:23:47.484 [openiec61850-osi-server-7-thread-1] DEBUG com.beanit.openiec61850.ServerAssociation - sub BDA is:IEDBiogasCHP/MMXU1.Z.net.instCVal.ang.i: 0
14:23:47.484 [openiec61850-osi-server-7-thread-1] DEBUG com.beanit.openiec61850.ServerAssociation - sub BDA is:IEDBiogasCHP/MMXU1.Z.net.instCVal.ang.f: 0.0
calling GetDataValues(IEDBiogasCHP/MMXU1.Z.net.instCVal.mag)
14:23:47.484 [openiec61850-osi-server-7-thread-1] DEBUG com.beanit.openiec61850.ServerAssociation - Got a GetDataValues request for node: IEDBiogasCHP/MMXU1.Z.net.instCVal.mag [MX]
IEDBiogasCHP/MMXU1.Z.net.instCVal.mag.i: 0
IEDBiogasCHP/MMXU1.Z.net.instCVal.mag.f: 0.0
14:23:47.484 [openiec61850-osi-server-7-thread-1] DEBUG com.beanit.openiec61850.ServerAssociation - sub BDA is:IEDBiogasCHP/MMXU1.Z.net.instCVal.mag.i: 0
14:23:47.484 [openiec61850-osi-server-7-thread-1] DEBUG com.beanit.openiec61850.ServerAssociation - sub BDA is:IEDBiogasCHP/MMXU1.Z.net.instCVal.mag.f: 0.0
calling GetDataValues(IEDBiogasCHP/MMXU1.Z.net.instCVal.mag.i)
14:23:47.484 [openiec61850-osi-server-7-thread-1] DEBUG com.beanit.openiec61850.ServerAssociation - Got a GetDataValues request for node: IEDBiogasCHP/MMXU1.Z.net.instCVal.mag.i: 0
calling GetDataValues(IEDBiogasCHP/MMXU1.Z.net.instCVal.mag.f)
14:23:47.484 [openiec61850-osi-server-7-thread-1] DEBUG com.beanit.openiec61850.ServerAssociation - Got a GetDataValues request for node: IEDBiogasCHP/MMXU1.Z.net.instCVal.mag.f: 0.0
calling GetDataValues(IEDBiogasCHP/MMXU1.Z.net.instCVal.ang)
14:23:47.484 [openiec61850-osi-server-7-thread-1] DEBUG com.beanit.openiec61850.ServerAssociation - Got a GetDataValues request for node: IEDBiogasCHP/MMXU1.Z.net.instCVal.ang [MX]
IEDBiogasCHP/MMXU1.Z.net.instCVal.ang.i: 0
IEDBiogasCHP/MMXU1.Z.net.instCVal.ang.f: 0.0
14:23:47.484 [openiec61850-osi-server-7-thread-1] DEBUG com.beanit.openiec61850.ServerAssociation - sub BDA is:IEDBiogasCHP/MMXU1.Z.net.instCVal.ang.i: 0
14:23:47.484 [openiec61850-osi-server-7-thread-1] DEBUG com.beanit.openiec61850.ServerAssociation - sub BDA is:IEDBiogasCHP/MMXU1.Z.net.instCVal.ang.f: 0.0
calling GetDataValues(IEDBiogasCHP/MMXU1.Z.net.instCVal.ang.i)
14:23:47.484 [openiec61850-osi-server-7-thread-1] DEBUG com.beanit.openiec61850.ServerAssociation - Got a GetDataValues request for node: IEDBiogasCHP/MMXU1.Z.net.instCVal.ang.i: 0
calling GetDataValues(IEDBiogasCHP/MMXU1.Z.net.instCVal.ang.f)
14:23:47.485 [openiec61850-osi-server-7-thread-1] DEBUG com.beanit.openiec61850.ServerAssociation - Got a GetDataValues request for node: IEDBiogasCHP/MMXU1.Z.net.instCVal.ang.f: 0.0
calling GetDataValues(IEDBiogasCHP/MMXU1.Z.net.cVal)
14:23:47.485 [openiec61850-osi-server-7-thread-1] DEBUG com.beanit.openiec61850.ServerAssociation - Got a GetDataValues request for node: IEDBiogasCHP/MMXU1.Z.net.cVal [MX]
IEDBiogasCHP/MMXU1.Z.net.cVal.mag [MX]
IEDBiogasCHP/MMXU1.Z.net.cVal.mag.i: 0
IEDBiogasCHP/MMXU1.Z.net.cVal.mag.f: 0.0
IEDBiogasCHP/MMXU1.Z.net.cVal.ang [MX]
IEDBiogasCHP/MMXU1.Z.net.cVal.ang.i: 0
IEDBiogasCHP/MMXU1.Z.net.cVal.ang.f: 0.0
14:23:47.485 [openiec61850-osi-server-7-thread-1] DEBUG com.beanit.openiec61850.ServerAssociation - sub BDA is:IEDBiogasCHP/MMXU1.Z.net.cVal.mag.i: 0
14:23:47.485 [openiec61850-osi-server-7-thread-1] DEBUG com.beanit.openiec61850.ServerAssociation - sub BDA is:IEDBiogasCHP/MMXU1.Z.net.cVal.mag.f: 0.0
14:23:47.485 [openiec61850-osi-server-7-thread-1] DEBUG com.beanit.openiec61850.ServerAssociation - sub BDA is:IEDBiogasCHP/MMXU1.Z.net.cVal.ang.i: 0
14:23:47.485 [openiec61850-osi-server-7-thread-1] DEBUG com.beanit.openiec61850.ServerAssociation - sub BDA is:IEDBiogasCHP/MMXU1.Z.net.cVal.ang.f: 0.0
calling GetDataValues(IEDBiogasCHP/MMXU1.Z.net.cVal.mag)
14:23:47.485 [openiec61850-osi-server-7-thread-1] DEBUG com.beanit.openiec61850.ServerAssociation - Got a GetDataValues request for node: IEDBiogasCHP/MMXU1.Z.net.cVal.mag [MX]
IEDBiogasCHP/MMXU1.Z.net.cVal.mag.i: 0
IEDBiogasCHP/MMXU1.Z.net.cVal.mag.f: 0.0
14:23:47.485 [openiec61850-osi-server-7-thread-1] DEBUG com.beanit.openiec61850.ServerAssociation - sub BDA is:IEDBiogasCHP/MMXU1.Z.net.cVal.mag.i: 0
14:23:47.485 [openiec61850-osi-server-7-thread-1] DEBUG com.beanit.openiec61850.ServerAssociation - sub BDA is:IEDBiogasCHP/MMXU1.Z.net.cVal.mag.f: 0.0
calling GetDataValues(IEDBiogasCHP/MMXU1.Z.net.cVal.mag.i)
14:23:47.485 [openiec61850-osi-server-7-thread-1] DEBUG com.beanit.openiec61850.ServerAssociation - Got a GetDataValues request for node: IEDBiogasCHP/MMXU1.Z.net.cVal.mag.i: 0
calling GetDataValues(IEDBiogasCHP/MMXU1.Z.net.cVal.mag.f)
14:23:47.485 [openiec61850-osi-server-7-thread-1] DEBUG com.beanit.openiec61850.ServerAssociation - Got a GetDataValues request for node: IEDBiogasCHP/MMXU1.Z.net.cVal.mag.f: 0.0
calling GetDataValues(IEDBiogasCHP/MMXU1.Z.net.cVal.ang)
14:23:47.485 [openiec61850-osi-server-7-thread-1] DEBUG com.beanit.openiec61850.ServerAssociation - Got a GetDataValues request for node: IEDBiogasCHP/MMXU1.Z.net.cVal.ang [MX]
IEDBiogasCHP/MMXU1.Z.net.cVal.ang.i: 0
IEDBiogasCHP/MMXU1.Z.net.cVal.ang.f: 0.0
14:23:47.485 [openiec61850-osi-server-7-thread-1] DEBUG com.beanit.openiec61850.ServerAssociation - sub BDA is:IEDBiogasCHP/MMXU1.Z.net.cVal.ang.i: 0
14:23:47.485 [openiec61850-osi-server-7-thread-1] DEBUG com.beanit.openiec61850.ServerAssociation - sub BDA is:IEDBiogasCHP/MMXU1.Z.net.cVal.ang.f: 0.0
calling GetDataValues(IEDBiogasCHP/MMXU1.Z.net.cVal.ang.i)
14:23:47.486 [openiec61850-osi-server-7-thread-1] DEBUG com.beanit.openiec61850.ServerAssociation - Got a GetDataValues request for node: IEDBiogasCHP/MMXU1.Z.net.cVal.ang.i: 0
calling GetDataValues(IEDBiogasCHP/MMXU1.Z.net.cVal.ang.f)
14:23:47.486 [openiec61850-osi-server-7-thread-1] DEBUG com.beanit.openiec61850.ServerAssociation - Got a GetDataValues request for node: IEDBiogasCHP/MMXU1.Z.net.cVal.ang.f: 0.0
calling GetDataValues(IEDBiogasCHP/MMXU1.Z.net.range)
14:23:47.486 [openiec61850-osi-server-7-thread-1] DEBUG com.beanit.openiec61850.ServerAssociation - Got a GetDataValues request for node: IEDBiogasCHP/MMXU1.Z.net.range: 0
calling GetDataValues(IEDBiogasCHP/MMXU1.Z.net.q)
14:23:47.486 [openiec61850-osi-server-7-thread-1] DEBUG com.beanit.openiec61850.ServerAssociation - Got a GetDataValues request for node: IEDBiogasCHP/MMXU1.Z.net.q: 0x00 0x00
calling GetDataValues(IEDBiogasCHP/MMXU1.Z.net.t)
14:23:47.486 [openiec61850-osi-server-7-thread-1] DEBUG com.beanit.openiec61850.ServerAssociation - Got a GetDataValues request for node: IEDBiogasCHP/MMXU1.Z.net.t: Thu Jan 01 01:00:00 CET 1970
calling GetDataValues(IEDBiogasCHP/MMXU1.Z.res)
14:23:47.486 [openiec61850-osi-server-7-thread-1] DEBUG com.beanit.openiec61850.ServerAssociation - Got a GetDataValues request for node: IEDBiogasCHP/MMXU1.Z.res [MX]
IEDBiogasCHP/MMXU1.Z.res.instCVal [MX]
IEDBiogasCHP/MMXU1.Z.res.instCVal.mag [MX]
IEDBiogasCHP/MMXU1.Z.res.instCVal.mag.i: 0
IEDBiogasCHP/MMXU1.Z.res.instCVal.mag.f: 0.0
IEDBiogasCHP/MMXU1.Z.res.instCVal.ang [MX]
IEDBiogasCHP/MMXU1.Z.res.instCVal.ang.i: 0
IEDBiogasCHP/MMXU1.Z.res.instCVal.ang.f: 0.0
IEDBiogasCHP/MMXU1.Z.res.cVal [MX]
IEDBiogasCHP/MMXU1.Z.res.cVal.mag [MX]
IEDBiogasCHP/MMXU1.Z.res.cVal.mag.i: 0
IEDBiogasCHP/MMXU1.Z.res.cVal.mag.f: 0.0
IEDBiogasCHP/MMXU1.Z.res.cVal.ang [MX]
IEDBiogasCHP/MMXU1.Z.res.cVal.ang.i: 0
IEDBiogasCHP/MMXU1.Z.res.cVal.ang.f: 0.0
IEDBiogasCHP/MMXU1.Z.res.range: 0
IEDBiogasCHP/MMXU1.Z.res.q: 0x00 0x00
IEDBiogasCHP/MMXU1.Z.res.t: Thu Jan 01 01:00:00 CET 1970
14:23:47.486 [openiec61850-osi-server-7-thread-1] DEBUG com.beanit.openiec61850.ServerAssociation - sub BDA is:IEDBiogasCHP/MMXU1.Z.res.instCVal.mag.i: 0
14:23:47.486 [openiec61850-osi-server-7-thread-1] DEBUG com.beanit.openiec61850.ServerAssociation - sub BDA is:IEDBiogasCHP/MMXU1.Z.res.instCVal.mag.f: 0.0
14:23:47.486 [openiec61850-osi-server-7-thread-1] DEBUG com.beanit.openiec61850.ServerAssociation - sub BDA is:IEDBiogasCHP/MMXU1.Z.res.instCVal.ang.i: 0
14:23:47.486 [openiec61850-osi-server-7-thread-1] DEBUG com.beanit.openiec61850.ServerAssociation - sub BDA is:IEDBiogasCHP/MMXU1.Z.res.instCVal.ang.f: 0.0
14:23:47.486 [openiec61850-osi-server-7-thread-1] DEBUG com.beanit.openiec61850.ServerAssociation - sub BDA is:IEDBiogasCHP/MMXU1.Z.res.cVal.mag.i: 0
14:23:47.486 [openiec61850-osi-server-7-thread-1] DEBUG com.beanit.openiec61850.ServerAssociation - sub BDA is:IEDBiogasCHP/MMXU1.Z.res.cVal.mag.f: 0.0
14:23:47.486 [openiec61850-osi-server-7-thread-1] DEBUG com.beanit.openiec61850.ServerAssociation - sub BDA is:IEDBiogasCHP/MMXU1.Z.res.cVal.ang.i: 0
14:23:47.486 [openiec61850-osi-server-7-thread-1] DEBUG com.beanit.openiec61850.ServerAssociation - sub BDA is:IEDBiogasCHP/MMXU1.Z.res.cVal.ang.f: 0.0
14:23:47.486 [openiec61850-osi-server-7-thread-1] DEBUG com.beanit.openiec61850.ServerAssociation - sub BDA is:IEDBiogasCHP/MMXU1.Z.res.range: 0
14:23:47.486 [openiec61850-osi-server-7-thread-1] DEBUG com.beanit.openiec61850.ServerAssociation - sub BDA is:IEDBiogasCHP/MMXU1.Z.res.q: 0x00 0x00
14:23:47.486 [openiec61850-osi-server-7-thread-1] DEBUG com.beanit.openiec61850.ServerAssociation - sub BDA is:IEDBiogasCHP/MMXU1.Z.res.t: Thu Jan 01 01:00:00 CET 1970
calling GetDataValues(IEDBiogasCHP/MMXU1.Z.res.instCVal)
14:23:47.486 [openiec61850-osi-server-7-thread-1] DEBUG com.beanit.openiec61850.ServerAssociation - Got a GetDataValues request for node: IEDBiogasCHP/MMXU1.Z.res.instCVal [MX]
IEDBiogasCHP/MMXU1.Z.res.instCVal.mag [MX]
IEDBiogasCHP/MMXU1.Z.res.instCVal.mag.i: 0
IEDBiogasCHP/MMXU1.Z.res.instCVal.mag.f: 0.0
IEDBiogasCHP/MMXU1.Z.res.instCVal.ang [MX]
IEDBiogasCHP/MMXU1.Z.res.instCVal.ang.i: 0
IEDBiogasCHP/MMXU1.Z.res.instCVal.ang.f: 0.0
14:23:47.486 [openiec61850-osi-server-7-thread-1] DEBUG com.beanit.openiec61850.ServerAssociation - sub BDA is:IEDBiogasCHP/MMXU1.Z.res.instCVal.mag.i: 0
14:23:47.486 [openiec61850-osi-server-7-thread-1] DEBUG com.beanit.openiec61850.ServerAssociation - sub BDA is:IEDBiogasCHP/MMXU1.Z.res.instCVal.mag.f: 0.0
14:23:47.486 [openiec61850-osi-server-7-thread-1] DEBUG com.beanit.openiec61850.ServerAssociation - sub BDA is:IEDBiogasCHP/MMXU1.Z.res.instCVal.ang.i: 0
14:23:47.486 [openiec61850-osi-server-7-thread-1] DEBUG com.beanit.openiec61850.ServerAssociation - sub BDA is:IEDBiogasCHP/MMXU1.Z.res.instCVal.ang.f: 0.0
calling GetDataValues(IEDBiogasCHP/MMXU1.Z.res.instCVal.mag)
14:23:47.487 [openiec61850-osi-server-7-thread-1] DEBUG com.beanit.openiec61850.ServerAssociation - Got a GetDataValues request for node: IEDBiogasCHP/MMXU1.Z.res.instCVal.mag [MX]
IEDBiogasCHP/MMXU1.Z.res.instCVal.mag.i: 0
IEDBiogasCHP/MMXU1.Z.res.instCVal.mag.f: 0.0
14:23:47.487 [openiec61850-osi-server-7-thread-1] DEBUG com.beanit.openiec61850.ServerAssociation - sub BDA is:IEDBiogasCHP/MMXU1.Z.res.instCVal.mag.i: 0
14:23:47.487 [openiec61850-osi-server-7-thread-1] DEBUG com.beanit.openiec61850.ServerAssociation - sub BDA is:IEDBiogasCHP/MMXU1.Z.res.instCVal.mag.f: 0.0
calling GetDataValues(IEDBiogasCHP/MMXU1.Z.res.instCVal.mag.i)
14:23:47.487 [openiec61850-osi-server-7-thread-1] DEBUG com.beanit.openiec61850.ServerAssociation - Got a GetDataValues request for node: IEDBiogasCHP/MMXU1.Z.res.instCVal.mag.i: 0
calling GetDataValues(IEDBiogasCHP/MMXU1.Z.res.instCVal.mag.f)
14:23:47.487 [openiec61850-osi-server-7-thread-1] DEBUG com.beanit.openiec61850.ServerAssociation - Got a GetDataValues request for node: IEDBiogasCHP/MMXU1.Z.res.instCVal.mag.f: 0.0
calling GetDataValues(IEDBiogasCHP/MMXU1.Z.res.instCVal.ang)
14:23:47.487 [openiec61850-osi-server-7-thread-1] DEBUG com.beanit.openiec61850.ServerAssociation - Got a GetDataValues request for node: IEDBiogasCHP/MMXU1.Z.res.instCVal.ang [MX]
IEDBiogasCHP/MMXU1.Z.res.instCVal.ang.i: 0
IEDBiogasCHP/MMXU1.Z.res.instCVal.ang.f: 0.0
14:23:47.487 [openiec61850-osi-server-7-thread-1] DEBUG com.beanit.openiec61850.ServerAssociation - sub BDA is:IEDBiogasCHP/MMXU1.Z.res.instCVal.ang.i: 0
14:23:47.487 [openiec61850-osi-server-7-thread-1] DEBUG com.beanit.openiec61850.ServerAssociation - sub BDA is:IEDBiogasCHP/MMXU1.Z.res.instCVal.ang.f: 0.0
calling GetDataValues(IEDBiogasCHP/MMXU1.Z.res.instCVal.ang.i)
14:23:47.487 [openiec61850-osi-server-7-thread-1] DEBUG com.beanit.openiec61850.ServerAssociation - Got a GetDataValues request for node: IEDBiogasCHP/MMXU1.Z.res.instCVal.ang.i: 0
calling GetDataValues(IEDBiogasCHP/MMXU1.Z.res.instCVal.ang.f)
14:23:47.487 [openiec61850-osi-server-7-thread-1] DEBUG com.beanit.openiec61850.ServerAssociation - Got a GetDataValues request for node: IEDBiogasCHP/MMXU1.Z.res.instCVal.ang.f: 0.0
calling GetDataValues(IEDBiogasCHP/MMXU1.Z.res.cVal)
14:23:47.487 [openiec61850-osi-server-7-thread-1] DEBUG com.beanit.openiec61850.ServerAssociation - Got a GetDataValues request for node: IEDBiogasCHP/MMXU1.Z.res.cVal [MX]
IEDBiogasCHP/MMXU1.Z.res.cVal.mag [MX]
IEDBiogasCHP/MMXU1.Z.res.cVal.mag.i: 0
IEDBiogasCHP/MMXU1.Z.res.cVal.mag.f: 0.0
IEDBiogasCHP/MMXU1.Z.res.cVal.ang [MX]
IEDBiogasCHP/MMXU1.Z.res.cVal.ang.i: 0
IEDBiogasCHP/MMXU1.Z.res.cVal.ang.f: 0.0
14:23:47.487 [openiec61850-osi-server-7-thread-1] DEBUG com.beanit.openiec61850.ServerAssociation - sub BDA is:IEDBiogasCHP/MMXU1.Z.res.cVal.mag.i: 0
14:23:47.487 [openiec61850-osi-server-7-thread-1] DEBUG com.beanit.openiec61850.ServerAssociation - sub BDA is:IEDBiogasCHP/MMXU1.Z.res.cVal.mag.f: 0.0
14:23:47.487 [openiec61850-osi-server-7-thread-1] DEBUG com.beanit.openiec61850.ServerAssociation - sub BDA is:IEDBiogasCHP/MMXU1.Z.res.cVal.ang.i: 0
14:23:47.487 [openiec61850-osi-server-7-thread-1] DEBUG com.beanit.openiec61850.ServerAssociation - sub BDA is:IEDBiogasCHP/MMXU1.Z.res.cVal.ang.f: 0.0
calling GetDataValues(IEDBiogasCHP/MMXU1.Z.res.cVal.mag)
14:23:47.488 [openiec61850-osi-server-7-thread-1] DEBUG com.beanit.openiec61850.ServerAssociation - Got a GetDataValues request for node: IEDBiogasCHP/MMXU1.Z.res.cVal.mag [MX]
IEDBiogasCHP/MMXU1.Z.res.cVal.mag.i: 0
IEDBiogasCHP/MMXU1.Z.res.cVal.mag.f: 0.0
14:23:47.488 [openiec61850-osi-server-7-thread-1] DEBUG com.beanit.openiec61850.ServerAssociation - sub BDA is:IEDBiogasCHP/MMXU1.Z.res.cVal.mag.i: 0
14:23:47.488 [openiec61850-osi-server-7-thread-1] DEBUG com.beanit.openiec61850.ServerAssociation - sub BDA is:IEDBiogasCHP/MMXU1.Z.res.cVal.mag.f: 0.0
calling GetDataValues(IEDBiogasCHP/MMXU1.Z.res.cVal.mag.i)
14:23:47.488 [openiec61850-osi-server-7-thread-1] DEBUG com.beanit.openiec61850.ServerAssociation - Got a GetDataValues request for node: IEDBiogasCHP/MMXU1.Z.res.cVal.mag.i: 0
calling GetDataValues(IEDBiogasCHP/MMXU1.Z.res.cVal.mag.f)
14:23:47.488 [openiec61850-osi-server-7-thread-1] DEBUG com.beanit.openiec61850.ServerAssociation - Got a GetDataValues request for node: IEDBiogasCHP/MMXU1.Z.res.cVal.mag.f: 0.0
calling GetDataValues(IEDBiogasCHP/MMXU1.Z.res.cVal.ang)
14:23:47.488 [openiec61850-osi-server-7-thread-1] DEBUG com.beanit.openiec61850.ServerAssociation - Got a GetDataValues request for node: IEDBiogasCHP/MMXU1.Z.res.cVal.ang [MX]
IEDBiogasCHP/MMXU1.Z.res.cVal.ang.i: 0
IEDBiogasCHP/MMXU1.Z.res.cVal.ang.f: 0.0
14:23:47.488 [openiec61850-osi-server-7-thread-1] DEBUG com.beanit.openiec61850.ServerAssociation - sub BDA is:IEDBiogasCHP/MMXU1.Z.res.cVal.ang.i: 0
14:23:47.488 [openiec61850-osi-server-7-thread-1] DEBUG com.beanit.openiec61850.ServerAssociation - sub BDA is:IEDBiogasCHP/MMXU1.Z.res.cVal.ang.f: 0.0
calling GetDataValues(IEDBiogasCHP/MMXU1.Z.res.cVal.ang.i)
14:23:47.488 [openiec61850-osi-server-7-thread-1] DEBUG com.beanit.openiec61850.ServerAssociation - Got a GetDataValues request for node: IEDBiogasCHP/MMXU1.Z.res.cVal.ang.i: 0
calling GetDataValues(IEDBiogasCHP/MMXU1.Z.res.cVal.ang.f)
14:23:47.488 [openiec61850-osi-server-7-thread-1] DEBUG com.beanit.openiec61850.ServerAssociation - Got a GetDataValues request for node: IEDBiogasCHP/MMXU1.Z.res.cVal.ang.f: 0.0
calling GetDataValues(IEDBiogasCHP/MMXU1.Z.res.range)
14:23:47.488 [openiec61850-osi-server-7-thread-1] DEBUG com.beanit.openiec61850.ServerAssociation - Got a GetDataValues request for node: IEDBiogasCHP/MMXU1.Z.res.range: 0
calling GetDataValues(IEDBiogasCHP/MMXU1.Z.res.q)
14:23:47.488 [openiec61850-osi-server-7-thread-1] DEBUG com.beanit.openiec61850.ServerAssociation - Got a GetDataValues request for node: IEDBiogasCHP/MMXU1.Z.res.q: 0x00 0x00
calling GetDataValues(IEDBiogasCHP/MMXU1.Z.res.t)
14:23:47.488 [openiec61850-osi-server-7-thread-1] DEBUG com.beanit.openiec61850.ServerAssociation - Got a GetDataValues request for node: IEDBiogasCHP/MMXU1.Z.res.t: Thu Jan 01 01:00:00 CET 1970
calling GetDataValues(IEDBiogasCHP/MMXU1.Z)
14:23:47.489 [openiec61850-osi-server-7-thread-1] DEBUG com.beanit.openiec61850.ServerAssociation - Got a GetDataValues request for node: IEDBiogasCHP/MMXU1.Z [SV]
IEDBiogasCHP/MMXU1.Z.phsA [SV]
IEDBiogasCHP/MMXU1.Z.phsA.subEna: false
IEDBiogasCHP/MMXU1.Z.phsA.subCVal [SV]
IEDBiogasCHP/MMXU1.Z.phsA.subCVal.mag [SV]
IEDBiogasCHP/MMXU1.Z.phsA.subCVal.mag.i: 0
IEDBiogasCHP/MMXU1.Z.phsA.subCVal.mag.f: 0.0
IEDBiogasCHP/MMXU1.Z.phsA.subCVal.ang [SV]
IEDBiogasCHP/MMXU1.Z.phsA.subCVal.ang.i: 0
IEDBiogasCHP/MMXU1.Z.phsA.subCVal.ang.f: 0.0
IEDBiogasCHP/MMXU1.Z.phsA.subQ: 0x00 0x00
IEDBiogasCHP/MMXU1.Z.phsA.subID: ''
IEDBiogasCHP/MMXU1.Z.phsB [SV]
IEDBiogasCHP/MMXU1.Z.phsB.subEna: false
IEDBiogasCHP/MMXU1.Z.phsB.subCVal [SV]
IEDBiogasCHP/MMXU1.Z.phsB.subCVal.mag [SV]
IEDBiogasCHP/MMXU1.Z.phsB.subCVal.mag.i: 0
IEDBiogasCHP/MMXU1.Z.phsB.subCVal.mag.f: 0.0
IEDBiogasCHP/MMXU1.Z.phsB.subCVal.ang [SV]
IEDBiogasCHP/MMXU1.Z.phsB.subCVal.ang.i: 0
IEDBiogasCHP/MMXU1.Z.phsB.subCVal.ang.f: 0.0
IEDBiogasCHP/MMXU1.Z.phsB.subQ: 0x00 0x00
IEDBiogasCHP/MMXU1.Z.phsB.subID: ''
IEDBiogasCHP/MMXU1.Z.phsC [SV]
IEDBiogasCHP/MMXU1.Z.phsC.subEna: false
IEDBiogasCHP/MMXU1.Z.phsC.subCVal [SV]
IEDBiogasCHP/MMXU1.Z.phsC.subCVal.mag [SV]
IEDBiogasCHP/MMXU1.Z.phsC.subCVal.mag.i: 0
IEDBiogasCHP/MMXU1.Z.phsC.subCVal.mag.f: 0.0
IEDBiogasCHP/MMXU1.Z.phsC.subCVal.ang [SV]
IEDBiogasCHP/MMXU1.Z.phsC.subCVal.ang.i: 0
IEDBiogasCHP/MMXU1.Z.phsC.subCVal.ang.f: 0.0
IEDBiogasCHP/MMXU1.Z.phsC.subQ: 0x00 0x00
IEDBiogasCHP/MMXU1.Z.phsC.subID: ''
IEDBiogasCHP/MMXU1.Z.neut [SV]
IEDBiogasCHP/MMXU1.Z.neut.subEna: false
IEDBiogasCHP/MMXU1.Z.neut.subCVal [SV]
IEDBiogasCHP/MMXU1.Z.neut.subCVal.mag [SV]
IEDBiogasCHP/MMXU1.Z.neut.subCVal.mag.i: 0
IEDBiogasCHP/MMXU1.Z.neut.subCVal.mag.f: 0.0
IEDBiogasCHP/MMXU1.Z.neut.subCVal.ang [SV]
IEDBiogasCHP/MMXU1.Z.neut.subCVal.ang.i: 0
IEDBiogasCHP/MMXU1.Z.neut.subCVal.ang.f: 0.0
IEDBiogasCHP/MMXU1.Z.neut.subQ: 0x00 0x00
IEDBiogasCHP/MMXU1.Z.neut.subID: ''
IEDBiogasCHP/MMXU1.Z.net [SV]
IEDBiogasCHP/MMXU1.Z.net.subEna: false
IEDBiogasCHP/MMXU1.Z.net.subCVal [SV]
IEDBiogasCHP/MMXU1.Z.net.subCVal.mag [SV]
IEDBiogasCHP/MMXU1.Z.net.subCVal.mag.i: 0
IEDBiogasCHP/MMXU1.Z.net.subCVal.mag.f: 0.0
IEDBiogasCHP/MMXU1.Z.net.subCVal.ang [SV]
IEDBiogasCHP/MMXU1.Z.net.subCVal.ang.i: 0
IEDBiogasCHP/MMXU1.Z.net.subCVal.ang.f: 0.0
IEDBiogasCHP/MMXU1.Z.net.subQ: 0x00 0x00
IEDBiogasCHP/MMXU1.Z.net.subID: ''
IEDBiogasCHP/MMXU1.Z.res [SV]
IEDBiogasCHP/MMXU1.Z.res.subEna: false
IEDBiogasCHP/MMXU1.Z.res.subCVal [SV]
IEDBiogasCHP/MMXU1.Z.res.subCVal.mag [SV]
IEDBiogasCHP/MMXU1.Z.res.subCVal.mag.i: 0
IEDBiogasCHP/MMXU1.Z.res.subCVal.mag.f: 0.0
IEDBiogasCHP/MMXU1.Z.res.subCVal.ang [SV]
IEDBiogasCHP/MMXU1.Z.res.subCVal.ang.i: 0
IEDBiogasCHP/MMXU1.Z.res.subCVal.ang.f: 0.0
IEDBiogasCHP/MMXU1.Z.res.subQ: 0x00 0x00
IEDBiogasCHP/MMXU1.Z.res.subID: ''
14:23:47.489 [openiec61850-osi-server-7-thread-1] DEBUG com.beanit.openiec61850.ServerAssociation - sub BDA is:IEDBiogasCHP/MMXU1.Z.phsA.subEna: false
14:23:47.489 [openiec61850-osi-server-7-thread-1] DEBUG com.beanit.openiec61850.ServerAssociation - sub BDA is:IEDBiogasCHP/MMXU1.Z.phsA.subCVal.mag.i: 0
14:23:47.489 [openiec61850-osi-server-7-thread-1] DEBUG com.beanit.openiec61850.ServerAssociation - sub BDA is:IEDBiogasCHP/MMXU1.Z.phsA.subCVal.mag.f: 0.0
14:23:47.489 [openiec61850-osi-server-7-thread-1] DEBUG com.beanit.openiec61850.ServerAssociation - sub BDA is:IEDBiogasCHP/MMXU1.Z.phsA.subCVal.ang.i: 0
14:23:47.489 [openiec61850-osi-server-7-thread-1] DEBUG com.beanit.openiec61850.ServerAssociation - sub BDA is:IEDBiogasCHP/MMXU1.Z.phsA.subCVal.ang.f: 0.0
14:23:47.489 [openiec61850-osi-server-7-thread-1] DEBUG com.beanit.openiec61850.ServerAssociation - sub BDA is:IEDBiogasCHP/MMXU1.Z.phsA.subQ: 0x00 0x00
14:23:47.489 [openiec61850-osi-server-7-thread-1] DEBUG com.beanit.openiec61850.ServerAssociation - sub BDA is:IEDBiogasCHP/MMXU1.Z.phsA.subID: ''
14:23:47.489 [openiec61850-osi-server-7-thread-1] DEBUG com.beanit.openiec61850.ServerAssociation - sub BDA is:IEDBiogasCHP/MMXU1.Z.phsB.subEna: false
14:23:47.489 [openiec61850-osi-server-7-thread-1] DEBUG com.beanit.openiec61850.ServerAssociation - sub BDA is:IEDBiogasCHP/MMXU1.Z.phsB.subCVal.mag.i: 0
14:23:47.489 [openiec61850-osi-server-7-thread-1] DEBUG com.beanit.openiec61850.ServerAssociation - sub BDA is:IEDBiogasCHP/MMXU1.Z.phsB.subCVal.mag.f: 0.0
14:23:47.489 [openiec61850-osi-server-7-thread-1] DEBUG com.beanit.openiec61850.ServerAssociation - sub BDA is:IEDBiogasCHP/MMXU1.Z.phsB.subCVal.ang.i: 0
14:23:47.489 [openiec61850-osi-server-7-thread-1] DEBUG com.beanit.openiec61850.ServerAssociation - sub BDA is:IEDBiogasCHP/MMXU1.Z.phsB.subCVal.ang.f: 0.0
14:23:47.489 [openiec61850-osi-server-7-thread-1] DEBUG com.beanit.openiec61850.ServerAssociation - sub BDA is:IEDBiogasCHP/MMXU1.Z.phsB.subQ: 0x00 0x00
14:23:47.489 [openiec61850-osi-server-7-thread-1] DEBUG com.beanit.openiec61850.ServerAssociation - sub BDA is:IEDBiogasCHP/MMXU1.Z.phsB.subID: ''
14:23:47.489 [openiec61850-osi-server-7-thread-1] DEBUG com.beanit.openiec61850.ServerAssociation - sub BDA is:IEDBiogasCHP/MMXU1.Z.phsC.subEna: false
14:23:47.489 [openiec61850-osi-server-7-thread-1] DEBUG com.beanit.openiec61850.ServerAssociation - sub BDA is:IEDBiogasCHP/MMXU1.Z.phsC.subCVal.mag.i: 0
14:23:47.489 [openiec61850-osi-server-7-thread-1] DEBUG com.beanit.openiec61850.ServerAssociation - sub BDA is:IEDBiogasCHP/MMXU1.Z.phsC.subCVal.mag.f: 0.0
14:23:47.489 [openiec61850-osi-server-7-thread-1] DEBUG com.beanit.openiec61850.ServerAssociation - sub BDA is:IEDBiogasCHP/MMXU1.Z.phsC.subCVal.ang.i: 0
14:23:47.489 [openiec61850-osi-server-7-thread-1] DEBUG com.beanit.openiec61850.ServerAssociation - sub BDA is:IEDBiogasCHP/MMXU1.Z.phsC.subCVal.ang.f: 0.0
14:23:47.489 [openiec61850-osi-server-7-thread-1] DEBUG com.beanit.openiec61850.ServerAssociation - sub BDA is:IEDBiogasCHP/MMXU1.Z.phsC.subQ: 0x00 0x00
14:23:47.489 [openiec61850-osi-server-7-thread-1] DEBUG com.beanit.openiec61850.ServerAssociation - sub BDA is:IEDBiogasCHP/MMXU1.Z.phsC.subID: ''
14:23:47.489 [openiec61850-osi-server-7-thread-1] DEBUG com.beanit.openiec61850.ServerAssociation - sub BDA is:IEDBiogasCHP/MMXU1.Z.neut.subEna: false
14:23:47.489 [openiec61850-osi-server-7-thread-1] DEBUG com.beanit.openiec61850.ServerAssociation - sub BDA is:IEDBiogasCHP/MMXU1.Z.neut.subCVal.mag.i: 0
14:23:47.489 [openiec61850-osi-server-7-thread-1] DEBUG com.beanit.openiec61850.ServerAssociation - sub BDA is:IEDBiogasCHP/MMXU1.Z.neut.subCVal.mag.f: 0.0
14:23:47.489 [openiec61850-osi-server-7-thread-1] DEBUG com.beanit.openiec61850.ServerAssociation - sub BDA is:IEDBiogasCHP/MMXU1.Z.neut.subCVal.ang.i: 0
14:23:47.489 [openiec61850-osi-server-7-thread-1] DEBUG com.beanit.openiec61850.ServerAssociation - sub BDA is:IEDBiogasCHP/MMXU1.Z.neut.subCVal.ang.f: 0.0
14:23:47.489 [openiec61850-osi-server-7-thread-1] DEBUG com.beanit.openiec61850.ServerAssociation - sub BDA is:IEDBiogasCHP/MMXU1.Z.neut.subQ: 0x00 0x00
14:23:47.489 [openiec61850-osi-server-7-thread-1] DEBUG com.beanit.openiec61850.ServerAssociation - sub BDA is:IEDBiogasCHP/MMXU1.Z.neut.subID: ''
14:23:47.489 [openiec61850-osi-server-7-thread-1] DEBUG com.beanit.openiec61850.ServerAssociation - sub BDA is:IEDBiogasCHP/MMXU1.Z.net.subEna: false
14:23:47.489 [openiec61850-osi-server-7-thread-1] DEBUG com.beanit.openiec61850.ServerAssociation - sub BDA is:IEDBiogasCHP/MMXU1.Z.net.subCVal.mag.i: 0
14:23:47.489 [openiec61850-osi-server-7-thread-1] DEBUG com.beanit.openiec61850.ServerAssociation - sub BDA is:IEDBiogasCHP/MMXU1.Z.net.subCVal.mag.f: 0.0
14:23:47.489 [openiec61850-osi-server-7-thread-1] DEBUG com.beanit.openiec61850.ServerAssociation - sub BDA is:IEDBiogasCHP/MMXU1.Z.net.subCVal.ang.i: 0
14:23:47.489 [openiec61850-osi-server-7-thread-1] DEBUG com.beanit.openiec61850.ServerAssociation - sub BDA is:IEDBiogasCHP/MMXU1.Z.net.subCVal.ang.f: 0.0
14:23:47.489 [openiec61850-osi-server-7-thread-1] DEBUG com.beanit.openiec61850.ServerAssociation - sub BDA is:IEDBiogasCHP/MMXU1.Z.net.subQ: 0x00 0x00
14:23:47.489 [openiec61850-osi-server-7-thread-1] DEBUG com.beanit.openiec61850.ServerAssociation - sub BDA is:IEDBiogasCHP/MMXU1.Z.net.subID: ''
14:23:47.489 [openiec61850-osi-server-7-thread-1] DEBUG com.beanit.openiec61850.ServerAssociation - sub BDA is:IEDBiogasCHP/MMXU1.Z.res.subEna: false
14:23:47.489 [openiec61850-osi-server-7-thread-1] DEBUG com.beanit.openiec61850.ServerAssociation - sub BDA is:IEDBiogasCHP/MMXU1.Z.res.subCVal.mag.i: 0
14:23:47.489 [openiec61850-osi-server-7-thread-1] DEBUG com.beanit.openiec61850.ServerAssociation - sub BDA is:IEDBiogasCHP/MMXU1.Z.res.subCVal.mag.f: 0.0
14:23:47.489 [openiec61850-osi-server-7-thread-1] DEBUG com.beanit.openiec61850.ServerAssociation - sub BDA is:IEDBiogasCHP/MMXU1.Z.res.subCVal.ang.i: 0
14:23:47.489 [openiec61850-osi-server-7-thread-1] DEBUG com.beanit.openiec61850.ServerAssociation - sub BDA is:IEDBiogasCHP/MMXU1.Z.res.subCVal.ang.f: 0.0
14:23:47.489 [openiec61850-osi-server-7-thread-1] DEBUG com.beanit.openiec61850.ServerAssociation - sub BDA is:IEDBiogasCHP/MMXU1.Z.res.subQ: 0x00 0x00
14:23:47.489 [openiec61850-osi-server-7-thread-1] DEBUG com.beanit.openiec61850.ServerAssociation - sub BDA is:IEDBiogasCHP/MMXU1.Z.res.subID: ''
calling GetDataValues(IEDBiogasCHP/MMXU1.Z.phsA)
14:23:47.489 [openiec61850-osi-server-7-thread-1] DEBUG com.beanit.openiec61850.ServerAssociation - Got a GetDataValues request for node: IEDBiogasCHP/MMXU1.Z.phsA [SV]
IEDBiogasCHP/MMXU1.Z.phsA.subEna: false
IEDBiogasCHP/MMXU1.Z.phsA.subCVal [SV]
IEDBiogasCHP/MMXU1.Z.phsA.subCVal.mag [SV]
IEDBiogasCHP/MMXU1.Z.phsA.subCVal.mag.i: 0
IEDBiogasCHP/MMXU1.Z.phsA.subCVal.mag.f: 0.0
IEDBiogasCHP/MMXU1.Z.phsA.subCVal.ang [SV]
IEDBiogasCHP/MMXU1.Z.phsA.subCVal.ang.i: 0
IEDBiogasCHP/MMXU1.Z.phsA.subCVal.ang.f: 0.0
IEDBiogasCHP/MMXU1.Z.phsA.subQ: 0x00 0x00
IEDBiogasCHP/MMXU1.Z.phsA.subID: ''
14:23:47.489 [openiec61850-osi-server-7-thread-1] DEBUG com.beanit.openiec61850.ServerAssociation - sub BDA is:IEDBiogasCHP/MMXU1.Z.phsA.subEna: false
14:23:47.489 [openiec61850-osi-server-7-thread-1] DEBUG com.beanit.openiec61850.ServerAssociation - sub BDA is:IEDBiogasCHP/MMXU1.Z.phsA.subCVal.mag.i: 0
14:23:47.489 [openiec61850-osi-server-7-thread-1] DEBUG com.beanit.openiec61850.ServerAssociation - sub BDA is:IEDBiogasCHP/MMXU1.Z.phsA.subCVal.mag.f: 0.0
14:23:47.489 [openiec61850-osi-server-7-thread-1] DEBUG com.beanit.openiec61850.ServerAssociation - sub BDA is:IEDBiogasCHP/MMXU1.Z.phsA.subCVal.ang.i: 0
14:23:47.489 [openiec61850-osi-server-7-thread-1] DEBUG com.beanit.openiec61850.ServerAssociation - sub BDA is:IEDBiogasCHP/MMXU1.Z.phsA.subCVal.ang.f: 0.0
14:23:47.489 [openiec61850-osi-server-7-thread-1] DEBUG com.beanit.openiec61850.ServerAssociation - sub BDA is:IEDBiogasCHP/MMXU1.Z.phsA.subQ: 0x00 0x00
14:23:47.489 [openiec61850-osi-server-7-thread-1] DEBUG com.beanit.openiec61850.ServerAssociation - sub BDA is:IEDBiogasCHP/MMXU1.Z.phsA.subID: ''
calling GetDataValues(IEDBiogasCHP/MMXU1.Z.phsA.subEna)
14:23:47.489 [openiec61850-osi-server-7-thread-1] DEBUG com.beanit.openiec61850.ServerAssociation - Got a GetDataValues request for node: IEDBiogasCHP/MMXU1.Z.phsA.subEna: false
calling GetDataValues(IEDBiogasCHP/MMXU1.Z.phsA.subCVal)
14:23:47.489 [openiec61850-osi-server-7-thread-1] DEBUG com.beanit.openiec61850.ServerAssociation - Got a GetDataValues request for node: IEDBiogasCHP/MMXU1.Z.phsA.subCVal [SV]
IEDBiogasCHP/MMXU1.Z.phsA.subCVal.mag [SV]
IEDBiogasCHP/MMXU1.Z.phsA.subCVal.mag.i: 0
IEDBiogasCHP/MMXU1.Z.phsA.subCVal.mag.f: 0.0
IEDBiogasCHP/MMXU1.Z.phsA.subCVal.ang [SV]
IEDBiogasCHP/MMXU1.Z.phsA.subCVal.ang.i: 0
IEDBiogasCHP/MMXU1.Z.phsA.subCVal.ang.f: 0.0
14:23:47.490 [openiec61850-osi-server-7-thread-1] DEBUG com.beanit.openiec61850.ServerAssociation - sub BDA is:IEDBiogasCHP/MMXU1.Z.phsA.subCVal.mag.i: 0
14:23:47.490 [openiec61850-osi-server-7-thread-1] DEBUG com.beanit.openiec61850.ServerAssociation - sub BDA is:IEDBiogasCHP/MMXU1.Z.phsA.subCVal.mag.f: 0.0
14:23:47.490 [openiec61850-osi-server-7-thread-1] DEBUG com.beanit.openiec61850.ServerAssociation - sub BDA is:IEDBiogasCHP/MMXU1.Z.phsA.subCVal.ang.i: 0
14:23:47.490 [openiec61850-osi-server-7-thread-1] DEBUG com.beanit.openiec61850.ServerAssociation - sub BDA is:IEDBiogasCHP/MMXU1.Z.phsA.subCVal.ang.f: 0.0
calling GetDataValues(IEDBiogasCHP/MMXU1.Z.phsA.subCVal.mag)
14:23:47.490 [openiec61850-osi-server-7-thread-1] DEBUG com.beanit.openiec61850.ServerAssociation - Got a GetDataValues request for node: IEDBiogasCHP/MMXU1.Z.phsA.subCVal.mag [SV]
IEDBiogasCHP/MMXU1.Z.phsA.subCVal.mag.i: 0
IEDBiogasCHP/MMXU1.Z.phsA.subCVal.mag.f: 0.0
14:23:47.490 [openiec61850-osi-server-7-thread-1] DEBUG com.beanit.openiec61850.ServerAssociation - sub BDA is:IEDBiogasCHP/MMXU1.Z.phsA.subCVal.mag.i: 0
14:23:47.490 [openiec61850-osi-server-7-thread-1] DEBUG com.beanit.openiec61850.ServerAssociation - sub BDA is:IEDBiogasCHP/MMXU1.Z.phsA.subCVal.mag.f: 0.0
calling GetDataValues(IEDBiogasCHP/MMXU1.Z.phsA.subCVal.mag.i)
14:23:47.490 [openiec61850-osi-server-7-thread-1] DEBUG com.beanit.openiec61850.ServerAssociation - Got a GetDataValues request for node: IEDBiogasCHP/MMXU1.Z.phsA.subCVal.mag.i: 0
calling GetDataValues(IEDBiogasCHP/MMXU1.Z.phsA.subCVal.mag.f)
14:23:47.490 [openiec61850-osi-server-7-thread-1] DEBUG com.beanit.openiec61850.ServerAssociation - Got a GetDataValues request for node: IEDBiogasCHP/MMXU1.Z.phsA.subCVal.mag.f: 0.0
calling GetDataValues(IEDBiogasCHP/MMXU1.Z.phsA.subCVal.ang)
14:23:47.490 [openiec61850-osi-server-7-thread-1] DEBUG com.beanit.openiec61850.ServerAssociation - Got a GetDataValues request for node: IEDBiogasCHP/MMXU1.Z.phsA.subCVal.ang [SV]
IEDBiogasCHP/MMXU1.Z.phsA.subCVal.ang.i: 0
IEDBiogasCHP/MMXU1.Z.phsA.subCVal.ang.f: 0.0
14:23:47.490 [openiec61850-osi-server-7-thread-1] DEBUG com.beanit.openiec61850.ServerAssociation - sub BDA is:IEDBiogasCHP/MMXU1.Z.phsA.subCVal.ang.i: 0
14:23:47.490 [openiec61850-osi-server-7-thread-1] DEBUG com.beanit.openiec61850.ServerAssociation - sub BDA is:IEDBiogasCHP/MMXU1.Z.phsA.subCVal.ang.f: 0.0
calling GetDataValues(IEDBiogasCHP/MMXU1.Z.phsA.subCVal.ang.i)
14:23:47.490 [openiec61850-osi-server-7-thread-1] DEBUG com.beanit.openiec61850.ServerAssociation - Got a GetDataValues request for node: IEDBiogasCHP/MMXU1.Z.phsA.subCVal.ang.i: 0
calling GetDataValues(IEDBiogasCHP/MMXU1.Z.phsA.subCVal.ang.f)
14:23:47.490 [openiec61850-osi-server-7-thread-1] DEBUG com.beanit.openiec61850.ServerAssociation - Got a GetDataValues request for node: IEDBiogasCHP/MMXU1.Z.phsA.subCVal.ang.f: 0.0
calling GetDataValues(IEDBiogasCHP/MMXU1.Z.phsA.subQ)
14:23:47.490 [openiec61850-osi-server-7-thread-1] DEBUG com.beanit.openiec61850.ServerAssociation - Got a GetDataValues request for node: IEDBiogasCHP/MMXU1.Z.phsA.subQ: 0x00 0x00
calling GetDataValues(IEDBiogasCHP/MMXU1.Z.phsA.subID)
14:23:47.491 [openiec61850-osi-server-7-thread-1] DEBUG com.beanit.openiec61850.ServerAssociation - Got a GetDataValues request for node: IEDBiogasCHP/MMXU1.Z.phsA.subID: ''
calling GetDataValues(IEDBiogasCHP/MMXU1.Z.phsB)
14:23:47.491 [openiec61850-osi-server-7-thread-1] DEBUG com.beanit.openiec61850.ServerAssociation - Got a GetDataValues request for node: IEDBiogasCHP/MMXU1.Z.phsB [SV]
IEDBiogasCHP/MMXU1.Z.phsB.subEna: false
IEDBiogasCHP/MMXU1.Z.phsB.subCVal [SV]
IEDBiogasCHP/MMXU1.Z.phsB.subCVal.mag [SV]
IEDBiogasCHP/MMXU1.Z.phsB.subCVal.mag.i: 0
IEDBiogasCHP/MMXU1.Z.phsB.subCVal.mag.f: 0.0
IEDBiogasCHP/MMXU1.Z.phsB.subCVal.ang [SV]
IEDBiogasCHP/MMXU1.Z.phsB.subCVal.ang.i: 0
IEDBiogasCHP/MMXU1.Z.phsB.subCVal.ang.f: 0.0
IEDBiogasCHP/MMXU1.Z.phsB.subQ: 0x00 0x00
IEDBiogasCHP/MMXU1.Z.phsB.subID: ''
14:23:47.491 [openiec61850-osi-server-7-thread-1] DEBUG com.beanit.openiec61850.ServerAssociation - sub BDA is:IEDBiogasCHP/MMXU1.Z.phsB.subEna: false
14:23:47.491 [openiec61850-osi-server-7-thread-1] DEBUG com.beanit.openiec61850.ServerAssociation - sub BDA is:IEDBiogasCHP/MMXU1.Z.phsB.subCVal.mag.i: 0
14:23:47.491 [openiec61850-osi-server-7-thread-1] DEBUG com.beanit.openiec61850.ServerAssociation - sub BDA is:IEDBiogasCHP/MMXU1.Z.phsB.subCVal.mag.f: 0.0
14:23:47.491 [openiec61850-osi-server-7-thread-1] DEBUG com.beanit.openiec61850.ServerAssociation - sub BDA is:IEDBiogasCHP/MMXU1.Z.phsB.subCVal.ang.i: 0
14:23:47.491 [openiec61850-osi-server-7-thread-1] DEBUG com.beanit.openiec61850.ServerAssociation - sub BDA is:IEDBiogasCHP/MMXU1.Z.phsB.subCVal.ang.f: 0.0
14:23:47.491 [openiec61850-osi-server-7-thread-1] DEBUG com.beanit.openiec61850.ServerAssociation - sub BDA is:IEDBiogasCHP/MMXU1.Z.phsB.subQ: 0x00 0x00
14:23:47.491 [openiec61850-osi-server-7-thread-1] DEBUG com.beanit.openiec61850.ServerAssociation - sub BDA is:IEDBiogasCHP/MMXU1.Z.phsB.subID: ''
calling GetDataValues(IEDBiogasCHP/MMXU1.Z.phsB.subEna)
14:23:47.491 [openiec61850-osi-server-7-thread-1] DEBUG com.beanit.openiec61850.ServerAssociation - Got a GetDataValues request for node: IEDBiogasCHP/MMXU1.Z.phsB.subEna: false
calling GetDataValues(IEDBiogasCHP/MMXU1.Z.phsB.subCVal)
14:23:47.491 [openiec61850-osi-server-7-thread-1] DEBUG com.beanit.openiec61850.ServerAssociation - Got a GetDataValues request for node: IEDBiogasCHP/MMXU1.Z.phsB.subCVal [SV]
IEDBiogasCHP/MMXU1.Z.phsB.subCVal.mag [SV]
IEDBiogasCHP/MMXU1.Z.phsB.subCVal.mag.i: 0
IEDBiogasCHP/MMXU1.Z.phsB.subCVal.mag.f: 0.0
IEDBiogasCHP/MMXU1.Z.phsB.subCVal.ang [SV]
IEDBiogasCHP/MMXU1.Z.phsB.subCVal.ang.i: 0
IEDBiogasCHP/MMXU1.Z.phsB.subCVal.ang.f: 0.0
14:23:47.491 [openiec61850-osi-server-7-thread-1] DEBUG com.beanit.openiec61850.ServerAssociation - sub BDA is:IEDBiogasCHP/MMXU1.Z.phsB.subCVal.mag.i: 0
14:23:47.491 [openiec61850-osi-server-7-thread-1] DEBUG com.beanit.openiec61850.ServerAssociation - sub BDA is:IEDBiogasCHP/MMXU1.Z.phsB.subCVal.mag.f: 0.0
14:23:47.491 [openiec61850-osi-server-7-thread-1] DEBUG com.beanit.openiec61850.ServerAssociation - sub BDA is:IEDBiogasCHP/MMXU1.Z.phsB.subCVal.ang.i: 0
14:23:47.491 [openiec61850-osi-server-7-thread-1] DEBUG com.beanit.openiec61850.ServerAssociation - sub BDA is:IEDBiogasCHP/MMXU1.Z.phsB.subCVal.ang.f: 0.0
calling GetDataValues(IEDBiogasCHP/MMXU1.Z.phsB.subCVal.mag)
14:23:47.491 [openiec61850-osi-server-7-thread-1] DEBUG com.beanit.openiec61850.ServerAssociation - Got a GetDataValues request for node: IEDBiogasCHP/MMXU1.Z.phsB.subCVal.mag [SV]
IEDBiogasCHP/MMXU1.Z.phsB.subCVal.mag.i: 0
IEDBiogasCHP/MMXU1.Z.phsB.subCVal.mag.f: 0.0
14:23:47.491 [openiec61850-osi-server-7-thread-1] DEBUG com.beanit.openiec61850.ServerAssociation - sub BDA is:IEDBiogasCHP/MMXU1.Z.phsB.subCVal.mag.i: 0
14:23:47.491 [openiec61850-osi-server-7-thread-1] DEBUG com.beanit.openiec61850.ServerAssociation - sub BDA is:IEDBiogasCHP/MMXU1.Z.phsB.subCVal.mag.f: 0.0
calling GetDataValues(IEDBiogasCHP/MMXU1.Z.phsB.subCVal.mag.i)
14:23:47.491 [openiec61850-osi-server-7-thread-1] DEBUG com.beanit.openiec61850.ServerAssociation - Got a GetDataValues request for node: IEDBiogasCHP/MMXU1.Z.phsB.subCVal.mag.i: 0
calling GetDataValues(IEDBiogasCHP/MMXU1.Z.phsB.subCVal.mag.f)
14:23:47.491 [openiec61850-osi-server-7-thread-1] DEBUG com.beanit.openiec61850.ServerAssociation - Got a GetDataValues request for node: IEDBiogasCHP/MMXU1.Z.phsB.subCVal.mag.f: 0.0
calling GetDataValues(IEDBiogasCHP/MMXU1.Z.phsB.subCVal.ang)
14:23:47.491 [openiec61850-osi-server-7-thread-1] DEBUG com.beanit.openiec61850.ServerAssociation - Got a GetDataValues request for node: IEDBiogasCHP/MMXU1.Z.phsB.subCVal.ang [SV]
IEDBiogasCHP/MMXU1.Z.phsB.subCVal.ang.i: 0
IEDBiogasCHP/MMXU1.Z.phsB.subCVal.ang.f: 0.0
14:23:47.492 [openiec61850-osi-server-7-thread-1] DEBUG com.beanit.openiec61850.ServerAssociation - sub BDA is:IEDBiogasCHP/MMXU1.Z.phsB.subCVal.ang.i: 0
14:23:47.492 [openiec61850-osi-server-7-thread-1] DEBUG com.beanit.openiec61850.ServerAssociation - sub BDA is:IEDBiogasCHP/MMXU1.Z.phsB.subCVal.ang.f: 0.0
calling GetDataValues(IEDBiogasCHP/MMXU1.Z.phsB.subCVal.ang.i)
14:23:47.492 [openiec61850-osi-server-7-thread-1] DEBUG com.beanit.openiec61850.ServerAssociation - Got a GetDataValues request for node: IEDBiogasCHP/MMXU1.Z.phsB.subCVal.ang.i: 0
calling GetDataValues(IEDBiogasCHP/MMXU1.Z.phsB.subCVal.ang.f)
14:23:47.492 [openiec61850-osi-server-7-thread-1] DEBUG com.beanit.openiec61850.ServerAssociation - Got a GetDataValues request for node: IEDBiogasCHP/MMXU1.Z.phsB.subCVal.ang.f: 0.0
calling GetDataValues(IEDBiogasCHP/MMXU1.Z.phsB.subQ)
14:23:47.492 [openiec61850-osi-server-7-thread-1] DEBUG com.beanit.openiec61850.ServerAssociation - Got a GetDataValues request for node: IEDBiogasCHP/MMXU1.Z.phsB.subQ: 0x00 0x00
calling GetDataValues(IEDBiogasCHP/MMXU1.Z.phsB.subID)
14:23:47.492 [openiec61850-osi-server-7-thread-1] DEBUG com.beanit.openiec61850.ServerAssociation - Got a GetDataValues request for node: IEDBiogasCHP/MMXU1.Z.phsB.subID: ''
calling GetDataValues(IEDBiogasCHP/MMXU1.Z.phsC)
14:23:47.492 [openiec61850-osi-server-7-thread-1] DEBUG com.beanit.openiec61850.ServerAssociation - Got a GetDataValues request for node: IEDBiogasCHP/MMXU1.Z.phsC [SV]
IEDBiogasCHP/MMXU1.Z.phsC.subEna: false
IEDBiogasCHP/MMXU1.Z.phsC.subCVal [SV]
IEDBiogasCHP/MMXU1.Z.phsC.subCVal.mag [SV]
IEDBiogasCHP/MMXU1.Z.phsC.subCVal.mag.i: 0
IEDBiogasCHP/MMXU1.Z.phsC.subCVal.mag.f: 0.0
IEDBiogasCHP/MMXU1.Z.phsC.subCVal.ang [SV]
IEDBiogasCHP/MMXU1.Z.phsC.subCVal.ang.i: 0
IEDBiogasCHP/MMXU1.Z.phsC.subCVal.ang.f: 0.0
IEDBiogasCHP/MMXU1.Z.phsC.subQ: 0x00 0x00
IEDBiogasCHP/MMXU1.Z.phsC.subID: ''
14:23:47.492 [openiec61850-osi-server-7-thread-1] DEBUG com.beanit.openiec61850.ServerAssociation - sub BDA is:IEDBiogasCHP/MMXU1.Z.phsC.subEna: false
14:23:47.492 [openiec61850-osi-server-7-thread-1] DEBUG com.beanit.openiec61850.ServerAssociation - sub BDA is:IEDBiogasCHP/MMXU1.Z.phsC.subCVal.mag.i: 0
14:23:47.492 [openiec61850-osi-server-7-thread-1] DEBUG com.beanit.openiec61850.ServerAssociation - sub BDA is:IEDBiogasCHP/MMXU1.Z.phsC.subCVal.mag.f: 0.0
14:23:47.492 [openiec61850-osi-server-7-thread-1] DEBUG com.beanit.openiec61850.ServerAssociation - sub BDA is:IEDBiogasCHP/MMXU1.Z.phsC.subCVal.ang.i: 0
14:23:47.492 [openiec61850-osi-server-7-thread-1] DEBUG com.beanit.openiec61850.ServerAssociation - sub BDA is:IEDBiogasCHP/MMXU1.Z.phsC.subCVal.ang.f: 0.0
14:23:47.492 [openiec61850-osi-server-7-thread-1] DEBUG com.beanit.openiec61850.ServerAssociation - sub BDA is:IEDBiogasCHP/MMXU1.Z.phsC.subQ: 0x00 0x00
14:23:47.492 [openiec61850-osi-server-7-thread-1] DEBUG com.beanit.openiec61850.ServerAssociation - sub BDA is:IEDBiogasCHP/MMXU1.Z.phsC.subID: ''
calling GetDataValues(IEDBiogasCHP/MMXU1.Z.phsC.subEna)
14:23:47.492 [openiec61850-osi-server-7-thread-1] DEBUG com.beanit.openiec61850.ServerAssociation - Got a GetDataValues request for node: IEDBiogasCHP/MMXU1.Z.phsC.subEna: false
calling GetDataValues(IEDBiogasCHP/MMXU1.Z.phsC.subCVal)
14:23:47.492 [openiec61850-osi-server-7-thread-1] DEBUG com.beanit.openiec61850.ServerAssociation - Got a GetDataValues request for node: IEDBiogasCHP/MMXU1.Z.phsC.subCVal [SV]
IEDBiogasCHP/MMXU1.Z.phsC.subCVal.mag [SV]
IEDBiogasCHP/MMXU1.Z.phsC.subCVal.mag.i: 0
IEDBiogasCHP/MMXU1.Z.phsC.subCVal.mag.f: 0.0
IEDBiogasCHP/MMXU1.Z.phsC.subCVal.ang [SV]
IEDBiogasCHP/MMXU1.Z.phsC.subCVal.ang.i: 0
IEDBiogasCHP/MMXU1.Z.phsC.subCVal.ang.f: 0.0
14:23:47.492 [openiec61850-osi-server-7-thread-1] DEBUG com.beanit.openiec61850.ServerAssociation - sub BDA is:IEDBiogasCHP/MMXU1.Z.phsC.subCVal.mag.i: 0
14:23:47.492 [openiec61850-osi-server-7-thread-1] DEBUG com.beanit.openiec61850.ServerAssociation - sub BDA is:IEDBiogasCHP/MMXU1.Z.phsC.subCVal.mag.f: 0.0
14:23:47.492 [openiec61850-osi-server-7-thread-1] DEBUG com.beanit.openiec61850.ServerAssociation - sub BDA is:IEDBiogasCHP/MMXU1.Z.phsC.subCVal.ang.i: 0
14:23:47.492 [openiec61850-osi-server-7-thread-1] DEBUG com.beanit.openiec61850.ServerAssociation - sub BDA is:IEDBiogasCHP/MMXU1.Z.phsC.subCVal.ang.f: 0.0
calling GetDataValues(IEDBiogasCHP/MMXU1.Z.phsC.subCVal.mag)
14:23:47.493 [openiec61850-osi-server-7-thread-1] DEBUG com.beanit.openiec61850.ServerAssociation - Got a GetDataValues request for node: IEDBiogasCHP/MMXU1.Z.phsC.subCVal.mag [SV]
IEDBiogasCHP/MMXU1.Z.phsC.subCVal.mag.i: 0
IEDBiogasCHP/MMXU1.Z.phsC.subCVal.mag.f: 0.0
14:23:47.493 [openiec61850-osi-server-7-thread-1] DEBUG com.beanit.openiec61850.ServerAssociation - sub BDA is:IEDBiogasCHP/MMXU1.Z.phsC.subCVal.mag.i: 0
14:23:47.493 [openiec61850-osi-server-7-thread-1] DEBUG com.beanit.openiec61850.ServerAssociation - sub BDA is:IEDBiogasCHP/MMXU1.Z.phsC.subCVal.mag.f: 0.0
calling GetDataValues(IEDBiogasCHP/MMXU1.Z.phsC.subCVal.mag.i)
14:23:47.493 [openiec61850-osi-server-7-thread-1] DEBUG com.beanit.openiec61850.ServerAssociation - Got a GetDataValues request for node: IEDBiogasCHP/MMXU1.Z.phsC.subCVal.mag.i: 0
calling GetDataValues(IEDBiogasCHP/MMXU1.Z.phsC.subCVal.mag.f)
14:23:47.493 [openiec61850-osi-server-7-thread-1] DEBUG com.beanit.openiec61850.ServerAssociation - Got a GetDataValues request for node: IEDBiogasCHP/MMXU1.Z.phsC.subCVal.mag.f: 0.0
calling GetDataValues(IEDBiogasCHP/MMXU1.Z.phsC.subCVal.ang)
14:23:47.493 [openiec61850-osi-server-7-thread-1] DEBUG com.beanit.openiec61850.ServerAssociation - Got a GetDataValues request for node: IEDBiogasCHP/MMXU1.Z.phsC.subCVal.ang [SV]
IEDBiogasCHP/MMXU1.Z.phsC.subCVal.ang.i: 0
IEDBiogasCHP/MMXU1.Z.phsC.subCVal.ang.f: 0.0
14:23:47.493 [openiec61850-osi-server-7-thread-1] DEBUG com.beanit.openiec61850.ServerAssociation - sub BDA is:IEDBiogasCHP/MMXU1.Z.phsC.subCVal.ang.i: 0
14:23:47.493 [openiec61850-osi-server-7-thread-1] DEBUG com.beanit.openiec61850.ServerAssociation - sub BDA is:IEDBiogasCHP/MMXU1.Z.phsC.subCVal.ang.f: 0.0
calling GetDataValues(IEDBiogasCHP/MMXU1.Z.phsC.subCVal.ang.i)
14:23:47.493 [openiec61850-osi-server-7-thread-1] DEBUG com.beanit.openiec61850.ServerAssociation - Got a GetDataValues request for node: IEDBiogasCHP/MMXU1.Z.phsC.subCVal.ang.i: 0
calling GetDataValues(IEDBiogasCHP/MMXU1.Z.phsC.subCVal.ang.f)
14:23:47.493 [openiec61850-osi-server-7-thread-1] DEBUG com.beanit.openiec61850.ServerAssociation - Got a GetDataValues request for node: IEDBiogasCHP/MMXU1.Z.phsC.subCVal.ang.f: 0.0
calling GetDataValues(IEDBiogasCHP/MMXU1.Z.phsC.subQ)
14:23:47.493 [openiec61850-osi-server-7-thread-1] DEBUG com.beanit.openiec61850.ServerAssociation - Got a GetDataValues request for node: IEDBiogasCHP/MMXU1.Z.phsC.subQ: 0x00 0x00
calling GetDataValues(IEDBiogasCHP/MMXU1.Z.phsC.subID)
14:23:47.493 [openiec61850-osi-server-7-thread-1] DEBUG com.beanit.openiec61850.ServerAssociation - Got a GetDataValues request for node: IEDBiogasCHP/MMXU1.Z.phsC.subID: ''
calling GetDataValues(IEDBiogasCHP/MMXU1.Z.neut)
14:23:47.493 [openiec61850-osi-server-7-thread-1] DEBUG com.beanit.openiec61850.ServerAssociation - Got a GetDataValues request for node: IEDBiogasCHP/MMXU1.Z.neut [SV]
IEDBiogasCHP/MMXU1.Z.neut.subEna: false
IEDBiogasCHP/MMXU1.Z.neut.subCVal [SV]
IEDBiogasCHP/MMXU1.Z.neut.subCVal.mag [SV]
IEDBiogasCHP/MMXU1.Z.neut.subCVal.mag.i: 0
IEDBiogasCHP/MMXU1.Z.neut.subCVal.mag.f: 0.0
IEDBiogasCHP/MMXU1.Z.neut.subCVal.ang [SV]
IEDBiogasCHP/MMXU1.Z.neut.subCVal.ang.i: 0
IEDBiogasCHP/MMXU1.Z.neut.subCVal.ang.f: 0.0
IEDBiogasCHP/MMXU1.Z.neut.subQ: 0x00 0x00
IEDBiogasCHP/MMXU1.Z.neut.subID: ''
14:23:47.494 [openiec61850-osi-server-7-thread-1] DEBUG com.beanit.openiec61850.ServerAssociation - sub BDA is:IEDBiogasCHP/MMXU1.Z.neut.subEna: false
14:23:47.494 [openiec61850-osi-server-7-thread-1] DEBUG com.beanit.openiec61850.ServerAssociation - sub BDA is:IEDBiogasCHP/MMXU1.Z.neut.subCVal.mag.i: 0
14:23:47.494 [openiec61850-osi-server-7-thread-1] DEBUG com.beanit.openiec61850.ServerAssociation - sub BDA is:IEDBiogasCHP/MMXU1.Z.neut.subCVal.mag.f: 0.0
14:23:47.494 [openiec61850-osi-server-7-thread-1] DEBUG com.beanit.openiec61850.ServerAssociation - sub BDA is:IEDBiogasCHP/MMXU1.Z.neut.subCVal.ang.i: 0
14:23:47.494 [openiec61850-osi-server-7-thread-1] DEBUG com.beanit.openiec61850.ServerAssociation - sub BDA is:IEDBiogasCHP/MMXU1.Z.neut.subCVal.ang.f: 0.0
14:23:47.494 [openiec61850-osi-server-7-thread-1] DEBUG com.beanit.openiec61850.ServerAssociation - sub BDA is:IEDBiogasCHP/MMXU1.Z.neut.subQ: 0x00 0x00
14:23:47.494 [openiec61850-osi-server-7-thread-1] DEBUG com.beanit.openiec61850.ServerAssociation - sub BDA is:IEDBiogasCHP/MMXU1.Z.neut.subID: ''
calling GetDataValues(IEDBiogasCHP/MMXU1.Z.neut.subEna)
14:23:47.494 [openiec61850-osi-server-7-thread-1] DEBUG com.beanit.openiec61850.ServerAssociation - Got a GetDataValues request for node: IEDBiogasCHP/MMXU1.Z.neut.subEna: false
calling GetDataValues(IEDBiogasCHP/MMXU1.Z.neut.subCVal)
14:23:47.494 [openiec61850-osi-server-7-thread-1] DEBUG com.beanit.openiec61850.ServerAssociation - Got a GetDataValues request for node: IEDBiogasCHP/MMXU1.Z.neut.subCVal [SV]
IEDBiogasCHP/MMXU1.Z.neut.subCVal.mag [SV]
IEDBiogasCHP/MMXU1.Z.neut.subCVal.mag.i: 0
IEDBiogasCHP/MMXU1.Z.neut.subCVal.mag.f: 0.0
IEDBiogasCHP/MMXU1.Z.neut.subCVal.ang [SV]
IEDBiogasCHP/MMXU1.Z.neut.subCVal.ang.i: 0
IEDBiogasCHP/MMXU1.Z.neut.subCVal.ang.f: 0.0
14:23:47.494 [openiec61850-osi-server-7-thread-1] DEBUG com.beanit.openiec61850.ServerAssociation - sub BDA is:IEDBiogasCHP/MMXU1.Z.neut.subCVal.mag.i: 0
14:23:47.494 [openiec61850-osi-server-7-thread-1] DEBUG com.beanit.openiec61850.ServerAssociation - sub BDA is:IEDBiogasCHP/MMXU1.Z.neut.subCVal.mag.f: 0.0
14:23:47.494 [openiec61850-osi-server-7-thread-1] DEBUG com.beanit.openiec61850.ServerAssociation - sub BDA is:IEDBiogasCHP/MMXU1.Z.neut.subCVal.ang.i: 0
14:23:47.494 [openiec61850-osi-server-7-thread-1] DEBUG com.beanit.openiec61850.ServerAssociation - sub BDA is:IEDBiogasCHP/MMXU1.Z.neut.subCVal.ang.f: 0.0
calling GetDataValues(IEDBiogasCHP/MMXU1.Z.neut.subCVal.mag)
14:23:47.494 [openiec61850-osi-server-7-thread-1] DEBUG com.beanit.openiec61850.ServerAssociation - Got a GetDataValues request for node: IEDBiogasCHP/MMXU1.Z.neut.subCVal.mag [SV]
IEDBiogasCHP/MMXU1.Z.neut.subCVal.mag.i: 0
IEDBiogasCHP/MMXU1.Z.neut.subCVal.mag.f: 0.0
14:23:47.494 [openiec61850-osi-server-7-thread-1] DEBUG com.beanit.openiec61850.ServerAssociation - sub BDA is:IEDBiogasCHP/MMXU1.Z.neut.subCVal.mag.i: 0
14:23:47.494 [openiec61850-osi-server-7-thread-1] DEBUG com.beanit.openiec61850.ServerAssociation - sub BDA is:IEDBiogasCHP/MMXU1.Z.neut.subCVal.mag.f: 0.0
calling GetDataValues(IEDBiogasCHP/MMXU1.Z.neut.subCVal.mag.i)
14:23:47.494 [openiec61850-osi-server-7-thread-1] DEBUG com.beanit.openiec61850.ServerAssociation - Got a GetDataValues request for node: IEDBiogasCHP/MMXU1.Z.neut.subCVal.mag.i: 0
calling GetDataValues(IEDBiogasCHP/MMXU1.Z.neut.subCVal.mag.f)
14:23:47.494 [openiec61850-osi-server-7-thread-1] DEBUG com.beanit.openiec61850.ServerAssociation - Got a GetDataValues request for node: IEDBiogasCHP/MMXU1.Z.neut.subCVal.mag.f: 0.0
calling GetDataValues(IEDBiogasCHP/MMXU1.Z.neut.subCVal.ang)
14:23:47.494 [openiec61850-osi-server-7-thread-1] DEBUG com.beanit.openiec61850.ServerAssociation - Got a GetDataValues request for node: IEDBiogasCHP/MMXU1.Z.neut.subCVal.ang [SV]
IEDBiogasCHP/MMXU1.Z.neut.subCVal.ang.i: 0
IEDBiogasCHP/MMXU1.Z.neut.subCVal.ang.f: 0.0
14:23:47.494 [openiec61850-osi-server-7-thread-1] DEBUG com.beanit.openiec61850.ServerAssociation - sub BDA is:IEDBiogasCHP/MMXU1.Z.neut.subCVal.ang.i: 0
14:23:47.494 [openiec61850-osi-server-7-thread-1] DEBUG com.beanit.openiec61850.ServerAssociation - sub BDA is:IEDBiogasCHP/MMXU1.Z.neut.subCVal.ang.f: 0.0
calling GetDataValues(IEDBiogasCHP/MMXU1.Z.neut.subCVal.ang.i)
14:23:47.494 [openiec61850-osi-server-7-thread-1] DEBUG com.beanit.openiec61850.ServerAssociation - Got a GetDataValues request for node: IEDBiogasCHP/MMXU1.Z.neut.subCVal.ang.i: 0
calling GetDataValues(IEDBiogasCHP/MMXU1.Z.neut.subCVal.ang.f)
14:23:47.495 [openiec61850-osi-server-7-thread-1] DEBUG com.beanit.openiec61850.ServerAssociation - Got a GetDataValues request for node: IEDBiogasCHP/MMXU1.Z.neut.subCVal.ang.f: 0.0
calling GetDataValues(IEDBiogasCHP/MMXU1.Z.neut.subQ)
14:23:47.495 [openiec61850-osi-server-7-thread-1] DEBUG com.beanit.openiec61850.ServerAssociation - Got a GetDataValues request for node: IEDBiogasCHP/MMXU1.Z.neut.subQ: 0x00 0x00
calling GetDataValues(IEDBiogasCHP/MMXU1.Z.neut.subID)
14:23:47.495 [openiec61850-osi-server-7-thread-1] DEBUG com.beanit.openiec61850.ServerAssociation - Got a GetDataValues request for node: IEDBiogasCHP/MMXU1.Z.neut.subID: ''
calling GetDataValues(IEDBiogasCHP/MMXU1.Z.net)
14:23:47.495 [openiec61850-osi-server-7-thread-1] DEBUG com.beanit.openiec61850.ServerAssociation - Got a GetDataValues request for node: IEDBiogasCHP/MMXU1.Z.net [SV]
IEDBiogasCHP/MMXU1.Z.net.subEna: false
IEDBiogasCHP/MMXU1.Z.net.subCVal [SV]
IEDBiogasCHP/MMXU1.Z.net.subCVal.mag [SV]
IEDBiogasCHP/MMXU1.Z.net.subCVal.mag.i: 0
IEDBiogasCHP/MMXU1.Z.net.subCVal.mag.f: 0.0
IEDBiogasCHP/MMXU1.Z.net.subCVal.ang [SV]
IEDBiogasCHP/MMXU1.Z.net.subCVal.ang.i: 0
IEDBiogasCHP/MMXU1.Z.net.subCVal.ang.f: 0.0
IEDBiogasCHP/MMXU1.Z.net.subQ: 0x00 0x00
IEDBiogasCHP/MMXU1.Z.net.subID: ''
14:23:47.495 [openiec61850-osi-server-7-thread-1] DEBUG com.beanit.openiec61850.ServerAssociation - sub BDA is:IEDBiogasCHP/MMXU1.Z.net.subEna: false
14:23:47.495 [openiec61850-osi-server-7-thread-1] DEBUG com.beanit.openiec61850.ServerAssociation - sub BDA is:IEDBiogasCHP/MMXU1.Z.net.subCVal.mag.i: 0
14:23:47.495 [openiec61850-osi-server-7-thread-1] DEBUG com.beanit.openiec61850.ServerAssociation - sub BDA is:IEDBiogasCHP/MMXU1.Z.net.subCVal.mag.f: 0.0
14:23:47.495 [openiec61850-osi-server-7-thread-1] DEBUG com.beanit.openiec61850.ServerAssociation - sub BDA is:IEDBiogasCHP/MMXU1.Z.net.subCVal.ang.i: 0
14:23:47.495 [openiec61850-osi-server-7-thread-1] DEBUG com.beanit.openiec61850.ServerAssociation - sub BDA is:IEDBiogasCHP/MMXU1.Z.net.subCVal.ang.f: 0.0
14:23:47.495 [openiec61850-osi-server-7-thread-1] DEBUG com.beanit.openiec61850.ServerAssociation - sub BDA is:IEDBiogasCHP/MMXU1.Z.net.subQ: 0x00 0x00
14:23:47.495 [openiec61850-osi-server-7-thread-1] DEBUG com.beanit.openiec61850.ServerAssociation - sub BDA is:IEDBiogasCHP/MMXU1.Z.net.subID: ''
calling GetDataValues(IEDBiogasCHP/MMXU1.Z.net.subEna)
14:23:47.495 [openiec61850-osi-server-7-thread-1] DEBUG com.beanit.openiec61850.ServerAssociation - Got a GetDataValues request for node: IEDBiogasCHP/MMXU1.Z.net.subEna: false
calling GetDataValues(IEDBiogasCHP/MMXU1.Z.net.subCVal)
14:23:47.495 [openiec61850-osi-server-7-thread-1] DEBUG com.beanit.openiec61850.ServerAssociation - Got a GetDataValues request for node: IEDBiogasCHP/MMXU1.Z.net.subCVal [SV]
IEDBiogasCHP/MMXU1.Z.net.subCVal.mag [SV]
IEDBiogasCHP/MMXU1.Z.net.subCVal.mag.i: 0
IEDBiogasCHP/MMXU1.Z.net.subCVal.mag.f: 0.0
IEDBiogasCHP/MMXU1.Z.net.subCVal.ang [SV]
IEDBiogasCHP/MMXU1.Z.net.subCVal.ang.i: 0
IEDBiogasCHP/MMXU1.Z.net.subCVal.ang.f: 0.0
14:23:47.495 [openiec61850-osi-server-7-thread-1] DEBUG com.beanit.openiec61850.ServerAssociation - sub BDA is:IEDBiogasCHP/MMXU1.Z.net.subCVal.mag.i: 0
14:23:47.495 [openiec61850-osi-server-7-thread-1] DEBUG com.beanit.openiec61850.ServerAssociation - sub BDA is:IEDBiogasCHP/MMXU1.Z.net.subCVal.mag.f: 0.0
14:23:47.495 [openiec61850-osi-server-7-thread-1] DEBUG com.beanit.openiec61850.ServerAssociation - sub BDA is:IEDBiogasCHP/MMXU1.Z.net.subCVal.ang.i: 0
14:23:47.495 [openiec61850-osi-server-7-thread-1] DEBUG com.beanit.openiec61850.ServerAssociation - sub BDA is:IEDBiogasCHP/MMXU1.Z.net.subCVal.ang.f: 0.0
calling GetDataValues(IEDBiogasCHP/MMXU1.Z.net.subCVal.mag)
14:23:47.495 [openiec61850-osi-server-7-thread-1] DEBUG com.beanit.openiec61850.ServerAssociation - Got a GetDataValues request for node: IEDBiogasCHP/MMXU1.Z.net.subCVal.mag [SV]
IEDBiogasCHP/MMXU1.Z.net.subCVal.mag.i: 0
IEDBiogasCHP/MMXU1.Z.net.subCVal.mag.f: 0.0
14:23:47.495 [openiec61850-osi-server-7-thread-1] DEBUG com.beanit.openiec61850.ServerAssociation - sub BDA is:IEDBiogasCHP/MMXU1.Z.net.subCVal.mag.i: 0
14:23:47.495 [openiec61850-osi-server-7-thread-1] DEBUG com.beanit.openiec61850.ServerAssociation - sub BDA is:IEDBiogasCHP/MMXU1.Z.net.subCVal.mag.f: 0.0
calling GetDataValues(IEDBiogasCHP/MMXU1.Z.net.subCVal.mag.i)
14:23:47.496 [openiec61850-osi-server-7-thread-1] DEBUG com.beanit.openiec61850.ServerAssociation - Got a GetDataValues request for node: IEDBiogasCHP/MMXU1.Z.net.subCVal.mag.i: 0
calling GetDataValues(IEDBiogasCHP/MMXU1.Z.net.subCVal.mag.f)
14:23:47.496 [openiec61850-osi-server-7-thread-1] DEBUG com.beanit.openiec61850.ServerAssociation - Got a GetDataValues request for node: IEDBiogasCHP/MMXU1.Z.net.subCVal.mag.f: 0.0
calling GetDataValues(IEDBiogasCHP/MMXU1.Z.net.subCVal.ang)
14:23:47.496 [openiec61850-osi-server-7-thread-1] DEBUG com.beanit.openiec61850.ServerAssociation - Got a GetDataValues request for node: IEDBiogasCHP/MMXU1.Z.net.subCVal.ang [SV]
IEDBiogasCHP/MMXU1.Z.net.subCVal.ang.i: 0
IEDBiogasCHP/MMXU1.Z.net.subCVal.ang.f: 0.0
14:23:47.496 [openiec61850-osi-server-7-thread-1] DEBUG com.beanit.openiec61850.ServerAssociation - sub BDA is:IEDBiogasCHP/MMXU1.Z.net.subCVal.ang.i: 0
14:23:47.496 [openiec61850-osi-server-7-thread-1] DEBUG com.beanit.openiec61850.ServerAssociation - sub BDA is:IEDBiogasCHP/MMXU1.Z.net.subCVal.ang.f: 0.0
calling GetDataValues(IEDBiogasCHP/MMXU1.Z.net.subCVal.ang.i)
14:23:47.496 [openiec61850-osi-server-7-thread-1] DEBUG com.beanit.openiec61850.ServerAssociation - Got a GetDataValues request for node: IEDBiogasCHP/MMXU1.Z.net.subCVal.ang.i: 0
calling GetDataValues(IEDBiogasCHP/MMXU1.Z.net.subCVal.ang.f)
14:23:47.496 [openiec61850-osi-server-7-thread-1] DEBUG com.beanit.openiec61850.ServerAssociation - Got a GetDataValues request for node: IEDBiogasCHP/MMXU1.Z.net.subCVal.ang.f: 0.0
calling GetDataValues(IEDBiogasCHP/MMXU1.Z.net.subQ)
14:23:47.496 [openiec61850-osi-server-7-thread-1] DEBUG com.beanit.openiec61850.ServerAssociation - Got a GetDataValues request for node: IEDBiogasCHP/MMXU1.Z.net.subQ: 0x00 0x00
calling GetDataValues(IEDBiogasCHP/MMXU1.Z.net.subID)
14:23:47.496 [openiec61850-osi-server-7-thread-1] DEBUG com.beanit.openiec61850.ServerAssociation - Got a GetDataValues request for node: IEDBiogasCHP/MMXU1.Z.net.subID: ''
calling GetDataValues(IEDBiogasCHP/MMXU1.Z.res)
14:23:47.496 [openiec61850-osi-server-7-thread-1] DEBUG com.beanit.openiec61850.ServerAssociation - Got a GetDataValues request for node: IEDBiogasCHP/MMXU1.Z.res [SV]
IEDBiogasCHP/MMXU1.Z.res.subEna: false
IEDBiogasCHP/MMXU1.Z.res.subCVal [SV]
IEDBiogasCHP/MMXU1.Z.res.subCVal.mag [SV]
IEDBiogasCHP/MMXU1.Z.res.subCVal.mag.i: 0
IEDBiogasCHP/MMXU1.Z.res.subCVal.mag.f: 0.0
IEDBiogasCHP/MMXU1.Z.res.subCVal.ang [SV]
IEDBiogasCHP/MMXU1.Z.res.subCVal.ang.i: 0
IEDBiogasCHP/MMXU1.Z.res.subCVal.ang.f: 0.0
IEDBiogasCHP/MMXU1.Z.res.subQ: 0x00 0x00
IEDBiogasCHP/MMXU1.Z.res.subID: ''
14:23:47.496 [openiec61850-osi-server-7-thread-1] DEBUG com.beanit.openiec61850.ServerAssociation - sub BDA is:IEDBiogasCHP/MMXU1.Z.res.subEna: false
14:23:47.496 [openiec61850-osi-server-7-thread-1] DEBUG com.beanit.openiec61850.ServerAssociation - sub BDA is:IEDBiogasCHP/MMXU1.Z.res.subCVal.mag.i: 0
14:23:47.496 [openiec61850-osi-server-7-thread-1] DEBUG com.beanit.openiec61850.ServerAssociation - sub BDA is:IEDBiogasCHP/MMXU1.Z.res.subCVal.mag.f: 0.0
14:23:47.496 [openiec61850-osi-server-7-thread-1] DEBUG com.beanit.openiec61850.ServerAssociation - sub BDA is:IEDBiogasCHP/MMXU1.Z.res.subCVal.ang.i: 0
14:23:47.496 [openiec61850-osi-server-7-thread-1] DEBUG com.beanit.openiec61850.ServerAssociation - sub BDA is:IEDBiogasCHP/MMXU1.Z.res.subCVal.ang.f: 0.0
14:23:47.496 [openiec61850-osi-server-7-thread-1] DEBUG com.beanit.openiec61850.ServerAssociation - sub BDA is:IEDBiogasCHP/MMXU1.Z.res.subQ: 0x00 0x00
14:23:47.496 [openiec61850-osi-server-7-thread-1] DEBUG com.beanit.openiec61850.ServerAssociation - sub BDA is:IEDBiogasCHP/MMXU1.Z.res.subID: ''
calling GetDataValues(IEDBiogasCHP/MMXU1.Z.res.subEna)
14:23:47.497 [openiec61850-osi-server-7-thread-1] DEBUG com.beanit.openiec61850.ServerAssociation - Got a GetDataValues request for node: IEDBiogasCHP/MMXU1.Z.res.subEna: false
calling GetDataValues(IEDBiogasCHP/MMXU1.Z.res.subCVal)
14:23:47.497 [openiec61850-osi-server-7-thread-1] DEBUG com.beanit.openiec61850.ServerAssociation - Got a GetDataValues request for node: IEDBiogasCHP/MMXU1.Z.res.subCVal [SV]
IEDBiogasCHP/MMXU1.Z.res.subCVal.mag [SV]
IEDBiogasCHP/MMXU1.Z.res.subCVal.mag.i: 0
IEDBiogasCHP/MMXU1.Z.res.subCVal.mag.f: 0.0
IEDBiogasCHP/MMXU1.Z.res.subCVal.ang [SV]
IEDBiogasCHP/MMXU1.Z.res.subCVal.ang.i: 0
IEDBiogasCHP/MMXU1.Z.res.subCVal.ang.f: 0.0
14:23:47.497 [openiec61850-osi-server-7-thread-1] DEBUG com.beanit.openiec61850.ServerAssociation - sub BDA is:IEDBiogasCHP/MMXU1.Z.res.subCVal.mag.i: 0
14:23:47.497 [openiec61850-osi-server-7-thread-1] DEBUG com.beanit.openiec61850.ServerAssociation - sub BDA is:IEDBiogasCHP/MMXU1.Z.res.subCVal.mag.f: 0.0
14:23:47.497 [openiec61850-osi-server-7-thread-1] DEBUG com.beanit.openiec61850.ServerAssociation - sub BDA is:IEDBiogasCHP/MMXU1.Z.res.subCVal.ang.i: 0
14:23:47.497 [openiec61850-osi-server-7-thread-1] DEBUG com.beanit.openiec61850.ServerAssociation - sub BDA is:IEDBiogasCHP/MMXU1.Z.res.subCVal.ang.f: 0.0
calling GetDataValues(IEDBiogasCHP/MMXU1.Z.res.subCVal.mag)
14:23:47.497 [openiec61850-osi-server-7-thread-1] DEBUG com.beanit.openiec61850.ServerAssociation - Got a GetDataValues request for node: IEDBiogasCHP/MMXU1.Z.res.subCVal.mag [SV]
IEDBiogasCHP/MMXU1.Z.res.subCVal.mag.i: 0
IEDBiogasCHP/MMXU1.Z.res.subCVal.mag.f: 0.0
14:23:47.497 [openiec61850-osi-server-7-thread-1] DEBUG com.beanit.openiec61850.ServerAssociation - sub BDA is:IEDBiogasCHP/MMXU1.Z.res.subCVal.mag.i: 0
14:23:47.497 [openiec61850-osi-server-7-thread-1] DEBUG com.beanit.openiec61850.ServerAssociation - sub BDA is:IEDBiogasCHP/MMXU1.Z.res.subCVal.mag.f: 0.0
calling GetDataValues(IEDBiogasCHP/MMXU1.Z.res.subCVal.mag.i)
14:23:47.497 [openiec61850-osi-server-7-thread-1] DEBUG com.beanit.openiec61850.ServerAssociation - Got a GetDataValues request for node: IEDBiogasCHP/MMXU1.Z.res.subCVal.mag.i: 0
calling GetDataValues(IEDBiogasCHP/MMXU1.Z.res.subCVal.mag.f)
14:23:47.497 [openiec61850-osi-server-7-thread-1] DEBUG com.beanit.openiec61850.ServerAssociation - Got a GetDataValues request for node: IEDBiogasCHP/MMXU1.Z.res.subCVal.mag.f: 0.0
calling GetDataValues(IEDBiogasCHP/MMXU1.Z.res.subCVal.ang)
14:23:47.497 [openiec61850-osi-server-7-thread-1] DEBUG com.beanit.openiec61850.ServerAssociation - Got a GetDataValues request for node: IEDBiogasCHP/MMXU1.Z.res.subCVal.ang [SV]
IEDBiogasCHP/MMXU1.Z.res.subCVal.ang.i: 0
IEDBiogasCHP/MMXU1.Z.res.subCVal.ang.f: 0.0
14:23:47.497 [openiec61850-osi-server-7-thread-1] DEBUG com.beanit.openiec61850.ServerAssociation - sub BDA is:IEDBiogasCHP/MMXU1.Z.res.subCVal.ang.i: 0
14:23:47.497 [openiec61850-osi-server-7-thread-1] DEBUG com.beanit.openiec61850.ServerAssociation - sub BDA is:IEDBiogasCHP/MMXU1.Z.res.subCVal.ang.f: 0.0
calling GetDataValues(IEDBiogasCHP/MMXU1.Z.res.subCVal.ang.i)
14:23:47.497 [openiec61850-osi-server-7-thread-1] DEBUG com.beanit.openiec61850.ServerAssociation - Got a GetDataValues request for node: IEDBiogasCHP/MMXU1.Z.res.subCVal.ang.i: 0
calling GetDataValues(IEDBiogasCHP/MMXU1.Z.res.subCVal.ang.f)
14:23:47.497 [openiec61850-osi-server-7-thread-1] DEBUG com.beanit.openiec61850.ServerAssociation - Got a GetDataValues request for node: IEDBiogasCHP/MMXU1.Z.res.subCVal.ang.f: 0.0
calling GetDataValues(IEDBiogasCHP/MMXU1.Z.res.subQ)
14:23:47.498 [openiec61850-osi-server-7-thread-1] DEBUG com.beanit.openiec61850.ServerAssociation - Got a GetDataValues request for node: IEDBiogasCHP/MMXU1.Z.res.subQ: 0x00 0x00
calling GetDataValues(IEDBiogasCHP/MMXU1.Z.res.subID)
14:23:47.498 [openiec61850-osi-server-7-thread-1] DEBUG com.beanit.openiec61850.ServerAssociation - Got a GetDataValues request for node: IEDBiogasCHP/MMXU1.Z.res.subID: ''
calling GetDataValues(IEDBiogasCHP/MMXU1.Z)
14:23:47.498 [openiec61850-osi-server-7-thread-1] DEBUG com.beanit.openiec61850.ServerAssociation - Got a GetDataValues request for node: IEDBiogasCHP/MMXU1.Z [CF]
IEDBiogasCHP/MMXU1.Z.angRef: 0
IEDBiogasCHP/MMXU1.Z.phsA [CF]
IEDBiogasCHP/MMXU1.Z.phsA.units [CF]
IEDBiogasCHP/MMXU1.Z.phsA.units.SIUnit: 0
IEDBiogasCHP/MMXU1.Z.phsA.units.multiplier: 0
IEDBiogasCHP/MMXU1.Z.phsA.db: 0
IEDBiogasCHP/MMXU1.Z.phsA.zeroDb: 0
IEDBiogasCHP/MMXU1.Z.phsA.rangeC [CF]
IEDBiogasCHP/MMXU1.Z.phsA.rangeC.hhLim [CF]
IEDBiogasCHP/MMXU1.Z.phsA.rangeC.hhLim.i: 0
IEDBiogasCHP/MMXU1.Z.phsA.rangeC.hhLim.f: 0.0
IEDBiogasCHP/MMXU1.Z.phsA.rangeC.hLim [CF]
IEDBiogasCHP/MMXU1.Z.phsA.rangeC.hLim.i: 0
IEDBiogasCHP/MMXU1.Z.phsA.rangeC.hLim.f: 0.0
IEDBiogasCHP/MMXU1.Z.phsA.rangeC.lLim [CF]
IEDBiogasCHP/MMXU1.Z.phsA.rangeC.lLim.i: 0
IEDBiogasCHP/MMXU1.Z.phsA.rangeC.lLim.f: 0.0
IEDBiogasCHP/MMXU1.Z.phsA.rangeC.llLim [CF]
IEDBiogasCHP/MMXU1.Z.phsA.rangeC.llLim.i: 0
IEDBiogasCHP/MMXU1.Z.phsA.rangeC.llLim.f: 0.0
IEDBiogasCHP/MMXU1.Z.phsA.rangeC.min [CF]
IEDBiogasCHP/MMXU1.Z.phsA.rangeC.min.i: 0
IEDBiogasCHP/MMXU1.Z.phsA.rangeC.min.f: 0.0
IEDBiogasCHP/MMXU1.Z.phsA.rangeC.max [CF]
IEDBiogasCHP/MMXU1.Z.phsA.rangeC.max.i: 0
IEDBiogasCHP/MMXU1.Z.phsA.rangeC.max.f: 0.0
IEDBiogasCHP/MMXU1.Z.phsA.magSVC [CF]
IEDBiogasCHP/MMXU1.Z.phsA.magSVC.scaleFactor: 0.0
IEDBiogasCHP/MMXU1.Z.phsA.magSVC.offset: 0.0
IEDBiogasCHP/MMXU1.Z.phsA.angSVC [CF]
IEDBiogasCHP/MMXU1.Z.phsA.angSVC.scaleFactor: 0.0
IEDBiogasCHP/MMXU1.Z.phsA.angSVC.offset: 0.0
IEDBiogasCHP/MMXU1.Z.phsA.angRef: 0
IEDBiogasCHP/MMXU1.Z.phsA.smpRate: 0
IEDBiogasCHP/MMXU1.Z.phsB [CF]
IEDBiogasCHP/MMXU1.Z.phsB.units [CF]
IEDBiogasCHP/MMXU1.Z.phsB.units.SIUnit: 0
IEDBiogasCHP/MMXU1.Z.phsB.units.multiplier: 0
IEDBiogasCHP/MMXU1.Z.phsB.db: 0
IEDBiogasCHP/MMXU1.Z.phsB.zeroDb: 0
IEDBiogasCHP/MMXU1.Z.phsB.rangeC [CF]
IEDBiogasCHP/MMXU1.Z.phsB.rangeC.hhLim [CF]
IEDBiogasCHP/MMXU1.Z.phsB.rangeC.hhLim.i: 0
IEDBiogasCHP/MMXU1.Z.phsB.rangeC.hhLim.f: 0.0
IEDBiogasCHP/MMXU1.Z.phsB.rangeC.hLim [CF]
IEDBiogasCHP/MMXU1.Z.phsB.rangeC.hLim.i: 0
IEDBiogasCHP/MMXU1.Z.phsB.rangeC.hLim.f: 0.0
IEDBiogasCHP/MMXU1.Z.phsB.rangeC.lLim [CF]
IEDBiogasCHP/MMXU1.Z.phsB.rangeC.lLim.i: 0
IEDBiogasCHP/MMXU1.Z.phsB.rangeC.lLim.f: 0.0
IEDBiogasCHP/MMXU1.Z.phsB.rangeC.llLim [CF]
IEDBiogasCHP/MMXU1.Z.phsB.rangeC.llLim.i: 0
IEDBiogasCHP/MMXU1.Z.phsB.rangeC.llLim.f: 0.0
IEDBiogasCHP/MMXU1.Z.phsB.rangeC.min [CF]
IEDBiogasCHP/MMXU1.Z.phsB.rangeC.min.i: 0
IEDBiogasCHP/MMXU1.Z.phsB.rangeC.min.f: 0.0
IEDBiogasCHP/MMXU1.Z.phsB.rangeC.max [CF]
IEDBiogasCHP/MMXU1.Z.phsB.rangeC.max.i: 0
IEDBiogasCHP/MMXU1.Z.phsB.rangeC.max.f: 0.0
IEDBiogasCHP/MMXU1.Z.phsB.magSVC [CF]
IEDBiogasCHP/MMXU1.Z.phsB.magSVC.scaleFactor: 0.0
IEDBiogasCHP/MMXU1.Z.phsB.magSVC.offset: 0.0
IEDBiogasCHP/MMXU1.Z.phsB.angSVC [CF]
IEDBiogasCHP/MMXU1.Z.phsB.angSVC.scaleFactor: 0.0
IEDBiogasCHP/MMXU1.Z.phsB.angSVC.offset: 0.0
IEDBiogasCHP/MMXU1.Z.phsB.angRef: 0
IEDBiogasCHP/MMXU1.Z.phsB.smpRate: 0
IEDBiogasCHP/MMXU1.Z.phsC [CF]
IEDBiogasCHP/MMXU1.Z.phsC.units [CF]
IEDBiogasCHP/MMXU1.Z.phsC.units.SIUnit: 0
IEDBiogasCHP/MMXU1.Z.phsC.units.multiplier: 0
IEDBiogasCHP/MMXU1.Z.phsC.db: 0
IEDBiogasCHP/MMXU1.Z.phsC.zeroDb: 0
IEDBiogasCHP/MMXU1.Z.phsC.rangeC [CF]
IEDBiogasCHP/MMXU1.Z.phsC.rangeC.hhLim [CF]
IEDBiogasCHP/MMXU1.Z.phsC.rangeC.hhLim.i: 0
IEDBiogasCHP/MMXU1.Z.phsC.rangeC.hhLim.f: 0.0
IEDBiogasCHP/MMXU1.Z.phsC.rangeC.hLim [CF]
IEDBiogasCHP/MMXU1.Z.phsC.rangeC.hLim.i: 0
IEDBiogasCHP/MMXU1.Z.phsC.rangeC.hLim.f: 0.0
IEDBiogasCHP/MMXU1.Z.phsC.rangeC.lLim [CF]
IEDBiogasCHP/MMXU1.Z.phsC.rangeC.lLim.i: 0
IEDBiogasCHP/MMXU1.Z.phsC.rangeC.lLim.f: 0.0
IEDBiogasCHP/MMXU1.Z.phsC.rangeC.llLim [CF]
IEDBiogasCHP/MMXU1.Z.phsC.rangeC.llLim.i: 0
IEDBiogasCHP/MMXU1.Z.phsC.rangeC.llLim.f: 0.0
IEDBiogasCHP/MMXU1.Z.phsC.rangeC.min [CF]
IEDBiogasCHP/MMXU1.Z.phsC.rangeC.min.i: 0
IEDBiogasCHP/MMXU1.Z.phsC.rangeC.min.f: 0.0
IEDBiogasCHP/MMXU1.Z.phsC.rangeC.max [CF]
IEDBiogasCHP/MMXU1.Z.phsC.rangeC.max.i: 0
IEDBiogasCHP/MMXU1.Z.phsC.rangeC.max.f: 0.0
IEDBiogasCHP/MMXU1.Z.phsC.magSVC [CF]
IEDBiogasCHP/MMXU1.Z.phsC.magSVC.scaleFactor: 0.0
IEDBiogasCHP/MMXU1.Z.phsC.magSVC.offset: 0.0
IEDBiogasCHP/MMXU1.Z.phsC.angSVC [CF]
IEDBiogasCHP/MMXU1.Z.phsC.angSVC.scaleFactor: 0.0
IEDBiogasCHP/MMXU1.Z.phsC.angSVC.offset: 0.0
IEDBiogasCHP/MMXU1.Z.phsC.angRef: 0
IEDBiogasCHP/MMXU1.Z.phsC.smpRate: 0
IEDBiogasCHP/MMXU1.Z.neut [CF]
IEDBiogasCHP/MMXU1.Z.neut.units [CF]
IEDBiogasCHP/MMXU1.Z.neut.units.SIUnit: 0
IEDBiogasCHP/MMXU1.Z.neut.units.multiplier: 0
IEDBiogasCHP/MMXU1.Z.neut.db: 0
IEDBiogasCHP/MMXU1.Z.neut.zeroDb: 0
IEDBiogasCHP/MMXU1.Z.neut.rangeC [CF]
IEDBiogasCHP/MMXU1.Z.neut.rangeC.hhLim [CF]
IEDBiogasCHP/MMXU1.Z.neut.rangeC.hhLim.i: 0
IEDBiogasCHP/MMXU1.Z.neut.rangeC.hhLim.f: 0.0
IEDBiogasCHP/MMXU1.Z.neut.rangeC.hLim [CF]
IEDBiogasCHP/MMXU1.Z.neut.rangeC.hLim.i: 0
IEDBiogasCHP/MMXU1.Z.neut.rangeC.hLim.f: 0.0
IEDBiogasCHP/MMXU1.Z.neut.rangeC.lLim [CF]
IEDBiogasCHP/MMXU1.Z.neut.rangeC.lLim.i: 0
IEDBiogasCHP/MMXU1.Z.neut.rangeC.lLim.f: 0.0
IEDBiogasCHP/MMXU1.Z.neut.rangeC.llLim [CF]
IEDBiogasCHP/MMXU1.Z.neut.rangeC.llLim.i: 0
IEDBiogasCHP/MMXU1.Z.neut.rangeC.llLim.f: 0.0
IEDBiogasCHP/MMXU1.Z.neut.rangeC.min [CF]
IEDBiogasCHP/MMXU1.Z.neut.rangeC.min.i: 0
IEDBiogasCHP/MMXU1.Z.neut.rangeC.min.f: 0.0
IEDBiogasCHP/MMXU1.Z.neut.rangeC.max [CF]
IEDBiogasCHP/MMXU1.Z.neut.rangeC.max.i: 0
IEDBiogasCHP/MMXU1.Z.neut.rangeC.max.f: 0.0
IEDBiogasCHP/MMXU1.Z.neut.magSVC [CF]
IEDBiogasCHP/MMXU1.Z.neut.magSVC.scaleFactor: 0.0
IEDBiogasCHP/MMXU1.Z.neut.magSVC.offset: 0.0
IEDBiogasCHP/MMXU1.Z.neut.angSVC [CF]
IEDBiogasCHP/MMXU1.Z.neut.angSVC.scaleFactor: 0.0
IEDBiogasCHP/MMXU1.Z.neut.angSVC.offset: 0.0
IEDBiogasCHP/MMXU1.Z.neut.angRef: 0
IEDBiogasCHP/MMXU1.Z.neut.smpRate: 0
IEDBiogasCHP/MMXU1.Z.net [CF]
IEDBiogasCHP/MMXU1.Z.net.units [CF]
IEDBiogasCHP/MMXU1.Z.net.units.SIUnit: 0
IEDBiogasCHP/MMXU1.Z.net.units.multiplier: 0
IEDBiogasCHP/MMXU1.Z.net.db: 0
IEDBiogasCHP/MMXU1.Z.net.zeroDb: 0
IEDBiogasCHP/MMXU1.Z.net.rangeC [CF]
IEDBiogasCHP/MMXU1.Z.net.rangeC.hhLim [CF]
IEDBiogasCHP/MMXU1.Z.net.rangeC.hhLim.i: 0
IEDBiogasCHP/MMXU1.Z.net.rangeC.hhLim.f: 0.0
IEDBiogasCHP/MMXU1.Z.net.rangeC.hLim [CF]
IEDBiogasCHP/MMXU1.Z.net.rangeC.hLim.i: 0
IEDBiogasCHP/MMXU1.Z.net.rangeC.hLim.f: 0.0
IEDBiogasCHP/MMXU1.Z.net.rangeC.lLim [CF]
IEDBiogasCHP/MMXU1.Z.net.rangeC.lLim.i: 0
IEDBiogasCHP/MMXU1.Z.net.rangeC.lLim.f: 0.0
IEDBiogasCHP/MMXU1.Z.net.rangeC.llLim [CF]
IEDBiogasCHP/MMXU1.Z.net.rangeC.llLim.i: 0
IEDBiogasCHP/MMXU1.Z.net.rangeC.llLim.f: 0.0
IEDBiogasCHP/MMXU1.Z.net.rangeC.min [CF]
IEDBiogasCHP/MMXU1.Z.net.rangeC.min.i: 0
IEDBiogasCHP/MMXU1.Z.net.rangeC.min.f: 0.0
IEDBiogasCHP/MMXU1.Z.net.rangeC.max [CF]
IEDBiogasCHP/MMXU1.Z.net.rangeC.max.i: 0
IEDBiogasCHP/MMXU1.Z.net.rangeC.max.f: 0.0
IEDBiogasCHP/MMXU1.Z.net.magSVC [CF]
IEDBiogasCHP/MMXU1.Z.net.magSVC.scaleFactor: 0.0
IEDBiogasCHP/MMXU1.Z.net.magSVC.offset: 0.0
IEDBiogasCHP/MMXU1.Z.net.angSVC [CF]
IEDBiogasCHP/MMXU1.Z.net.angSVC.scaleFactor: 0.0
IEDBiogasCHP/MMXU1.Z.net.angSVC.offset: 0.0
IEDBiogasCHP/MMXU1.Z.net.angRef: 0
IEDBiogasCHP/MMXU1.Z.net.smpRate: 0
IEDBiogasCHP/MMXU1.Z.res [CF]
IEDBiogasCHP/MMXU1.Z.res.units [CF]
IEDBiogasCHP/MMXU1.Z.res.units.SIUnit: 0
IEDBiogasCHP/MMXU1.Z.res.units.multiplier: 0
IEDBiogasCHP/MMXU1.Z.res.db: 0
IEDBiogasCHP/MMXU1.Z.res.zeroDb: 0
IEDBiogasCHP/MMXU1.Z.res.rangeC [CF]
IEDBiogasCHP/MMXU1.Z.res.rangeC.hhLim [CF]
IEDBiogasCHP/MMXU1.Z.res.rangeC.hhLim.i: 0
IEDBiogasCHP/MMXU1.Z.res.rangeC.hhLim.f: 0.0
IEDBiogasCHP/MMXU1.Z.res.rangeC.hLim [CF]
IEDBiogasCHP/MMXU1.Z.res.rangeC.hLim.i: 0
IEDBiogasCHP/MMXU1.Z.res.rangeC.hLim.f: 0.0
IEDBiogasCHP/MMXU1.Z.res.rangeC.lLim [CF]
IEDBiogasCHP/MMXU1.Z.res.rangeC.lLim.i: 0
IEDBiogasCHP/MMXU1.Z.res.rangeC.lLim.f: 0.0
IEDBiogasCHP/MMXU1.Z.res.rangeC.llLim [CF]
IEDBiogasCHP/MMXU1.Z.res.rangeC.llLim.i: 0
IEDBiogasCHP/MMXU1.Z.res.rangeC.llLim.f: 0.0
IEDBiogasCHP/MMXU1.Z.res.rangeC.min [CF]
IEDBiogasCHP/MMXU1.Z.res.rangeC.min.i: 0
IEDBiogasCHP/MMXU1.Z.res.rangeC.min.f: 0.0
IEDBiogasCHP/MMXU1.Z.res.rangeC.max [CF]
IEDBiogasCHP/MMXU1.Z.res.rangeC.max.i: 0
IEDBiogasCHP/MMXU1.Z.res.rangeC.max.f: 0.0
IEDBiogasCHP/MMXU1.Z.res.magSVC [CF]
IEDBiogasCHP/MMXU1.Z.res.magSVC.scaleFactor: 0.0
IEDBiogasCHP/MMXU1.Z.res.magSVC.offset: 0.0
IEDBiogasCHP/MMXU1.Z.res.angSVC [CF]
IEDBiogasCHP/MMXU1.Z.res.angSVC.scaleFactor: 0.0
IEDBiogasCHP/MMXU1.Z.res.angSVC.offset: 0.0
IEDBiogasCHP/MMXU1.Z.res.angRef: 0
IEDBiogasCHP/MMXU1.Z.res.smpRate: 0
14:23:47.498 [openiec61850-osi-server-7-thread-1] DEBUG com.beanit.openiec61850.ServerAssociation - sub BDA is:IEDBiogasCHP/MMXU1.Z.angRef: 0
14:23:47.498 [openiec61850-osi-server-7-thread-1] DEBUG com.beanit.openiec61850.ServerAssociation - sub BDA is:IEDBiogasCHP/MMXU1.Z.phsA.units.SIUnit: 0
14:23:47.498 [openiec61850-osi-server-7-thread-1] DEBUG com.beanit.openiec61850.ServerAssociation - sub BDA is:IEDBiogasCHP/MMXU1.Z.phsA.units.multiplier: 0
14:23:47.498 [openiec61850-osi-server-7-thread-1] DEBUG com.beanit.openiec61850.ServerAssociation - sub BDA is:IEDBiogasCHP/MMXU1.Z.phsA.db: 0
14:23:47.498 [openiec61850-osi-server-7-thread-1] DEBUG com.beanit.openiec61850.ServerAssociation - sub BDA is:IEDBiogasCHP/MMXU1.Z.phsA.zeroDb: 0
14:23:47.498 [openiec61850-osi-server-7-thread-1] DEBUG com.beanit.openiec61850.ServerAssociation - sub BDA is:IEDBiogasCHP/MMXU1.Z.phsA.rangeC.hhLim.i: 0
14:23:47.498 [openiec61850-osi-server-7-thread-1] DEBUG com.beanit.openiec61850.ServerAssociation - sub BDA is:IEDBiogasCHP/MMXU1.Z.phsA.rangeC.hhLim.f: 0.0
14:23:47.498 [openiec61850-osi-server-7-thread-1] DEBUG com.beanit.openiec61850.ServerAssociation - sub BDA is:IEDBiogasCHP/MMXU1.Z.phsA.rangeC.hLim.i: 0
14:23:47.498 [openiec61850-osi-server-7-thread-1] DEBUG com.beanit.openiec61850.ServerAssociation - sub BDA is:IEDBiogasCHP/MMXU1.Z.phsA.rangeC.hLim.f: 0.0
14:23:47.498 [openiec61850-osi-server-7-thread-1] DEBUG com.beanit.openiec61850.ServerAssociation - sub BDA is:IEDBiogasCHP/MMXU1.Z.phsA.rangeC.lLim.i: 0
14:23:47.498 [openiec61850-osi-server-7-thread-1] DEBUG com.beanit.openiec61850.ServerAssociation - sub BDA is:IEDBiogasCHP/MMXU1.Z.phsA.rangeC.lLim.f: 0.0
14:23:47.498 [openiec61850-osi-server-7-thread-1] DEBUG com.beanit.openiec61850.ServerAssociation - sub BDA is:IEDBiogasCHP/MMXU1.Z.phsA.rangeC.llLim.i: 0
14:23:47.498 [openiec61850-osi-server-7-thread-1] DEBUG com.beanit.openiec61850.ServerAssociation - sub BDA is:IEDBiogasCHP/MMXU1.Z.phsA.rangeC.llLim.f: 0.0
14:23:47.498 [openiec61850-osi-server-7-thread-1] DEBUG com.beanit.openiec61850.ServerAssociation - sub BDA is:IEDBiogasCHP/MMXU1.Z.phsA.rangeC.min.i: 0
14:23:47.498 [openiec61850-osi-server-7-thread-1] DEBUG com.beanit.openiec61850.ServerAssociation - sub BDA is:IEDBiogasCHP/MMXU1.Z.phsA.rangeC.min.f: 0.0
14:23:47.498 [openiec61850-osi-server-7-thread-1] DEBUG com.beanit.openiec61850.ServerAssociation - sub BDA is:IEDBiogasCHP/MMXU1.Z.phsA.rangeC.max.i: 0
14:23:47.498 [openiec61850-osi-server-7-thread-1] DEBUG com.beanit.openiec61850.ServerAssociation - sub BDA is:IEDBiogasCHP/MMXU1.Z.phsA.rangeC.max.f: 0.0
14:23:47.498 [openiec61850-osi-server-7-thread-1] DEBUG com.beanit.openiec61850.ServerAssociation - sub BDA is:IEDBiogasCHP/MMXU1.Z.phsA.magSVC.scaleFactor: 0.0
14:23:47.498 [openiec61850-osi-server-7-thread-1] DEBUG com.beanit.openiec61850.ServerAssociation - sub BDA is:IEDBiogasCHP/MMXU1.Z.phsA.magSVC.offset: 0.0
14:23:47.498 [openiec61850-osi-server-7-thread-1] DEBUG com.beanit.openiec61850.ServerAssociation - sub BDA is:IEDBiogasCHP/MMXU1.Z.phsA.angSVC.scaleFactor: 0.0
14:23:47.498 [openiec61850-osi-server-7-thread-1] DEBUG com.beanit.openiec61850.ServerAssociation - sub BDA is:IEDBiogasCHP/MMXU1.Z.phsA.angSVC.offset: 0.0
14:23:47.498 [openiec61850-osi-server-7-thread-1] DEBUG com.beanit.openiec61850.ServerAssociation - sub BDA is:IEDBiogasCHP/MMXU1.Z.phsA.angRef: 0
14:23:47.498 [openiec61850-osi-server-7-thread-1] DEBUG com.beanit.openiec61850.ServerAssociation - sub BDA is:IEDBiogasCHP/MMXU1.Z.phsA.smpRate: 0
14:23:47.498 [openiec61850-osi-server-7-thread-1] DEBUG com.beanit.openiec61850.ServerAssociation - sub BDA is:IEDBiogasCHP/MMXU1.Z.phsB.units.SIUnit: 0
14:23:47.498 [openiec61850-osi-server-7-thread-1] DEBUG com.beanit.openiec61850.ServerAssociation - sub BDA is:IEDBiogasCHP/MMXU1.Z.phsB.units.multiplier: 0
14:23:47.498 [openiec61850-osi-server-7-thread-1] DEBUG com.beanit.openiec61850.ServerAssociation - sub BDA is:IEDBiogasCHP/MMXU1.Z.phsB.db: 0
14:23:47.499 [openiec61850-osi-server-7-thread-1] DEBUG com.beanit.openiec61850.ServerAssociation - sub BDA is:IEDBiogasCHP/MMXU1.Z.phsB.zeroDb: 0
14:23:47.499 [openiec61850-osi-server-7-thread-1] DEBUG com.beanit.openiec61850.ServerAssociation - sub BDA is:IEDBiogasCHP/MMXU1.Z.phsB.rangeC.hhLim.i: 0
14:23:47.499 [openiec61850-osi-server-7-thread-1] DEBUG com.beanit.openiec61850.ServerAssociation - sub BDA is:IEDBiogasCHP/MMXU1.Z.phsB.rangeC.hhLim.f: 0.0
14:23:47.499 [openiec61850-osi-server-7-thread-1] DEBUG com.beanit.openiec61850.ServerAssociation - sub BDA is:IEDBiogasCHP/MMXU1.Z.phsB.rangeC.hLim.i: 0
14:23:47.499 [openiec61850-osi-server-7-thread-1] DEBUG com.beanit.openiec61850.ServerAssociation - sub BDA is:IEDBiogasCHP/MMXU1.Z.phsB.rangeC.hLim.f: 0.0
14:23:47.499 [openiec61850-osi-server-7-thread-1] DEBUG com.beanit.openiec61850.ServerAssociation - sub BDA is:IEDBiogasCHP/MMXU1.Z.phsB.rangeC.lLim.i: 0
14:23:47.499 [openiec61850-osi-server-7-thread-1] DEBUG com.beanit.openiec61850.ServerAssociation - sub BDA is:IEDBiogasCHP/MMXU1.Z.phsB.rangeC.lLim.f: 0.0
14:23:47.499 [openiec61850-osi-server-7-thread-1] DEBUG com.beanit.openiec61850.ServerAssociation - sub BDA is:IEDBiogasCHP/MMXU1.Z.phsB.rangeC.llLim.i: 0
14:23:47.499 [openiec61850-osi-server-7-thread-1] DEBUG com.beanit.openiec61850.ServerAssociation - sub BDA is:IEDBiogasCHP/MMXU1.Z.phsB.rangeC.llLim.f: 0.0
14:23:47.499 [openiec61850-osi-server-7-thread-1] DEBUG com.beanit.openiec61850.ServerAssociation - sub BDA is:IEDBiogasCHP/MMXU1.Z.phsB.rangeC.min.i: 0
14:23:47.499 [openiec61850-osi-server-7-thread-1] DEBUG com.beanit.openiec61850.ServerAssociation - sub BDA is:IEDBiogasCHP/MMXU1.Z.phsB.rangeC.min.f: 0.0
14:23:47.499 [openiec61850-osi-server-7-thread-1] DEBUG com.beanit.openiec61850.ServerAssociation - sub BDA is:IEDBiogasCHP/MMXU1.Z.phsB.rangeC.max.i: 0
14:23:47.499 [openiec61850-osi-server-7-thread-1] DEBUG com.beanit.openiec61850.ServerAssociation - sub BDA is:IEDBiogasCHP/MMXU1.Z.phsB.rangeC.max.f: 0.0
14:23:47.499 [openiec61850-osi-server-7-thread-1] DEBUG com.beanit.openiec61850.ServerAssociation - sub BDA is:IEDBiogasCHP/MMXU1.Z.phsB.magSVC.scaleFactor: 0.0
14:23:47.499 [openiec61850-osi-server-7-thread-1] DEBUG com.beanit.openiec61850.ServerAssociation - sub BDA is:IEDBiogasCHP/MMXU1.Z.phsB.magSVC.offset: 0.0
14:23:47.499 [openiec61850-osi-server-7-thread-1] DEBUG com.beanit.openiec61850.ServerAssociation - sub BDA is:IEDBiogasCHP/MMXU1.Z.phsB.angSVC.scaleFactor: 0.0
14:23:47.499 [openiec61850-osi-server-7-thread-1] DEBUG com.beanit.openiec61850.ServerAssociation - sub BDA is:IEDBiogasCHP/MMXU1.Z.phsB.angSVC.offset: 0.0
14:23:47.499 [openiec61850-osi-server-7-thread-1] DEBUG com.beanit.openiec61850.ServerAssociation - sub BDA is:IEDBiogasCHP/MMXU1.Z.phsB.angRef: 0
14:23:47.499 [openiec61850-osi-server-7-thread-1] DEBUG com.beanit.openiec61850.ServerAssociation - sub BDA is:IEDBiogasCHP/MMXU1.Z.phsB.smpRate: 0
14:23:47.499 [openiec61850-osi-server-7-thread-1] DEBUG com.beanit.openiec61850.ServerAssociation - sub BDA is:IEDBiogasCHP/MMXU1.Z.phsC.units.SIUnit: 0
14:23:47.499 [openiec61850-osi-server-7-thread-1] DEBUG com.beanit.openiec61850.ServerAssociation - sub BDA is:IEDBiogasCHP/MMXU1.Z.phsC.units.multiplier: 0
14:23:47.499 [openiec61850-osi-server-7-thread-1] DEBUG com.beanit.openiec61850.ServerAssociation - sub BDA is:IEDBiogasCHP/MMXU1.Z.phsC.db: 0
14:23:47.499 [openiec61850-osi-server-7-thread-1] DEBUG com.beanit.openiec61850.ServerAssociation - sub BDA is:IEDBiogasCHP/MMXU1.Z.phsC.zeroDb: 0
14:23:47.499 [openiec61850-osi-server-7-thread-1] DEBUG com.beanit.openiec61850.ServerAssociation - sub BDA is:IEDBiogasCHP/MMXU1.Z.phsC.rangeC.hhLim.i: 0
14:23:47.499 [openiec61850-osi-server-7-thread-1] DEBUG com.beanit.openiec61850.ServerAssociation - sub BDA is:IEDBiogasCHP/MMXU1.Z.phsC.rangeC.hhLim.f: 0.0
14:23:47.499 [openiec61850-osi-server-7-thread-1] DEBUG com.beanit.openiec61850.ServerAssociation - sub BDA is:IEDBiogasCHP/MMXU1.Z.phsC.rangeC.hLim.i: 0
14:23:47.499 [openiec61850-osi-server-7-thread-1] DEBUG com.beanit.openiec61850.ServerAssociation - sub BDA is:IEDBiogasCHP/MMXU1.Z.phsC.rangeC.hLim.f: 0.0
14:23:47.499 [openiec61850-osi-server-7-thread-1] DEBUG com.beanit.openiec61850.ServerAssociation - sub BDA is:IEDBiogasCHP/MMXU1.Z.phsC.rangeC.lLim.i: 0
14:23:47.499 [openiec61850-osi-server-7-thread-1] DEBUG com.beanit.openiec61850.ServerAssociation - sub BDA is:IEDBiogasCHP/MMXU1.Z.phsC.rangeC.lLim.f: 0.0
14:23:47.499 [openiec61850-osi-server-7-thread-1] DEBUG com.beanit.openiec61850.ServerAssociation - sub BDA is:IEDBiogasCHP/MMXU1.Z.phsC.rangeC.llLim.i: 0
14:23:47.499 [openiec61850-osi-server-7-thread-1] DEBUG com.beanit.openiec61850.ServerAssociation - sub BDA is:IEDBiogasCHP/MMXU1.Z.phsC.rangeC.llLim.f: 0.0
14:23:47.499 [openiec61850-osi-server-7-thread-1] DEBUG com.beanit.openiec61850.ServerAssociation - sub BDA is:IEDBiogasCHP/MMXU1.Z.phsC.rangeC.min.i: 0
14:23:47.499 [openiec61850-osi-server-7-thread-1] DEBUG com.beanit.openiec61850.ServerAssociation - sub BDA is:IEDBiogasCHP/MMXU1.Z.phsC.rangeC.min.f: 0.0
14:23:47.499 [openiec61850-osi-server-7-thread-1] DEBUG com.beanit.openiec61850.ServerAssociation - sub BDA is:IEDBiogasCHP/MMXU1.Z.phsC.rangeC.max.i: 0
14:23:47.499 [openiec61850-osi-server-7-thread-1] DEBUG com.beanit.openiec61850.ServerAssociation - sub BDA is:IEDBiogasCHP/MMXU1.Z.phsC.rangeC.max.f: 0.0
14:23:47.499 [openiec61850-osi-server-7-thread-1] DEBUG com.beanit.openiec61850.ServerAssociation - sub BDA is:IEDBiogasCHP/MMXU1.Z.phsC.magSVC.scaleFactor: 0.0
14:23:47.499 [openiec61850-osi-server-7-thread-1] DEBUG com.beanit.openiec61850.ServerAssociation - sub BDA is:IEDBiogasCHP/MMXU1.Z.phsC.magSVC.offset: 0.0
14:23:47.499 [openiec61850-osi-server-7-thread-1] DEBUG com.beanit.openiec61850.ServerAssociation - sub BDA is:IEDBiogasCHP/MMXU1.Z.phsC.angSVC.scaleFactor: 0.0
14:23:47.499 [openiec61850-osi-server-7-thread-1] DEBUG com.beanit.openiec61850.ServerAssociation - sub BDA is:IEDBiogasCHP/MMXU1.Z.phsC.angSVC.offset: 0.0
14:23:47.499 [openiec61850-osi-server-7-thread-1] DEBUG com.beanit.openiec61850.ServerAssociation - sub BDA is:IEDBiogasCHP/MMXU1.Z.phsC.angRef: 0
14:23:47.499 [openiec61850-osi-server-7-thread-1] DEBUG com.beanit.openiec61850.ServerAssociation - sub BDA is:IEDBiogasCHP/MMXU1.Z.phsC.smpRate: 0
14:23:47.499 [openiec61850-osi-server-7-thread-1] DEBUG com.beanit.openiec61850.ServerAssociation - sub BDA is:IEDBiogasCHP/MMXU1.Z.neut.units.SIUnit: 0
14:23:47.499 [openiec61850-osi-server-7-thread-1] DEBUG com.beanit.openiec61850.ServerAssociation - sub BDA is:IEDBiogasCHP/MMXU1.Z.neut.units.multiplier: 0
14:23:47.499 [openiec61850-osi-server-7-thread-1] DEBUG com.beanit.openiec61850.ServerAssociation - sub BDA is:IEDBiogasCHP/MMXU1.Z.neut.db: 0
14:23:47.499 [openiec61850-osi-server-7-thread-1] DEBUG com.beanit.openiec61850.ServerAssociation - sub BDA is:IEDBiogasCHP/MMXU1.Z.neut.zeroDb: 0
14:23:47.499 [openiec61850-osi-server-7-thread-1] DEBUG com.beanit.openiec61850.ServerAssociation - sub BDA is:IEDBiogasCHP/MMXU1.Z.neut.rangeC.hhLim.i: 0
14:23:47.499 [openiec61850-osi-server-7-thread-1] DEBUG com.beanit.openiec61850.ServerAssociation - sub BDA is:IEDBiogasCHP/MMXU1.Z.neut.rangeC.hhLim.f: 0.0
14:23:47.499 [openiec61850-osi-server-7-thread-1] DEBUG com.beanit.openiec61850.ServerAssociation - sub BDA is:IEDBiogasCHP/MMXU1.Z.neut.rangeC.hLim.i: 0
14:23:47.499 [openiec61850-osi-server-7-thread-1] DEBUG com.beanit.openiec61850.ServerAssociation - sub BDA is:IEDBiogasCHP/MMXU1.Z.neut.rangeC.hLim.f: 0.0
14:23:47.499 [openiec61850-osi-server-7-thread-1] DEBUG com.beanit.openiec61850.ServerAssociation - sub BDA is:IEDBiogasCHP/MMXU1.Z.neut.rangeC.lLim.i: 0
14:23:47.499 [openiec61850-osi-server-7-thread-1] DEBUG com.beanit.openiec61850.ServerAssociation - sub BDA is:IEDBiogasCHP/MMXU1.Z.neut.rangeC.lLim.f: 0.0
14:23:47.499 [openiec61850-osi-server-7-thread-1] DEBUG com.beanit.openiec61850.ServerAssociation - sub BDA is:IEDBiogasCHP/MMXU1.Z.neut.rangeC.llLim.i: 0
14:23:47.499 [openiec61850-osi-server-7-thread-1] DEBUG com.beanit.openiec61850.ServerAssociation - sub BDA is:IEDBiogasCHP/MMXU1.Z.neut.rangeC.llLim.f: 0.0
14:23:47.499 [openiec61850-osi-server-7-thread-1] DEBUG com.beanit.openiec61850.ServerAssociation - sub BDA is:IEDBiogasCHP/MMXU1.Z.neut.rangeC.min.i: 0
14:23:47.499 [openiec61850-osi-server-7-thread-1] DEBUG com.beanit.openiec61850.ServerAssociation - sub BDA is:IEDBiogasCHP/MMXU1.Z.neut.rangeC.min.f: 0.0
14:23:47.499 [openiec61850-osi-server-7-thread-1] DEBUG com.beanit.openiec61850.ServerAssociation - sub BDA is:IEDBiogasCHP/MMXU1.Z.neut.rangeC.max.i: 0
14:23:47.499 [openiec61850-osi-server-7-thread-1] DEBUG com.beanit.openiec61850.ServerAssociation - sub BDA is:IEDBiogasCHP/MMXU1.Z.neut.rangeC.max.f: 0.0
14:23:47.499 [openiec61850-osi-server-7-thread-1] DEBUG com.beanit.openiec61850.ServerAssociation - sub BDA is:IEDBiogasCHP/MMXU1.Z.neut.magSVC.scaleFactor: 0.0
14:23:47.499 [openiec61850-osi-server-7-thread-1] DEBUG com.beanit.openiec61850.ServerAssociation - sub BDA is:IEDBiogasCHP/MMXU1.Z.neut.magSVC.offset: 0.0
14:23:47.499 [openiec61850-osi-server-7-thread-1] DEBUG com.beanit.openiec61850.ServerAssociation - sub BDA is:IEDBiogasCHP/MMXU1.Z.neut.angSVC.scaleFactor: 0.0
14:23:47.499 [openiec61850-osi-server-7-thread-1] DEBUG com.beanit.openiec61850.ServerAssociation - sub BDA is:IEDBiogasCHP/MMXU1.Z.neut.angSVC.offset: 0.0
14:23:47.499 [openiec61850-osi-server-7-thread-1] DEBUG com.beanit.openiec61850.ServerAssociation - sub BDA is:IEDBiogasCHP/MMXU1.Z.neut.angRef: 0
14:23:47.499 [openiec61850-osi-server-7-thread-1] DEBUG com.beanit.openiec61850.ServerAssociation - sub BDA is:IEDBiogasCHP/MMXU1.Z.neut.smpRate: 0
14:23:47.499 [openiec61850-osi-server-7-thread-1] DEBUG com.beanit.openiec61850.ServerAssociation - sub BDA is:IEDBiogasCHP/MMXU1.Z.net.units.SIUnit: 0
14:23:47.499 [openiec61850-osi-server-7-thread-1] DEBUG com.beanit.openiec61850.ServerAssociation - sub BDA is:IEDBiogasCHP/MMXU1.Z.net.units.multiplier: 0
14:23:47.499 [openiec61850-osi-server-7-thread-1] DEBUG com.beanit.openiec61850.ServerAssociation - sub BDA is:IEDBiogasCHP/MMXU1.Z.net.db: 0
14:23:47.499 [openiec61850-osi-server-7-thread-1] DEBUG com.beanit.openiec61850.ServerAssociation - sub BDA is:IEDBiogasCHP/MMXU1.Z.net.zeroDb: 0
14:23:47.499 [openiec61850-osi-server-7-thread-1] DEBUG com.beanit.openiec61850.ServerAssociation - sub BDA is:IEDBiogasCHP/MMXU1.Z.net.rangeC.hhLim.i: 0
14:23:47.499 [openiec61850-osi-server-7-thread-1] DEBUG com.beanit.openiec61850.ServerAssociation - sub BDA is:IEDBiogasCHP/MMXU1.Z.net.rangeC.hhLim.f: 0.0
14:23:47.499 [openiec61850-osi-server-7-thread-1] DEBUG com.beanit.openiec61850.ServerAssociation - sub BDA is:IEDBiogasCHP/MMXU1.Z.net.rangeC.hLim.i: 0
14:23:47.499 [openiec61850-osi-server-7-thread-1] DEBUG com.beanit.openiec61850.ServerAssociation - sub BDA is:IEDBiogasCHP/MMXU1.Z.net.rangeC.hLim.f: 0.0
14:23:47.499 [openiec61850-osi-server-7-thread-1] DEBUG com.beanit.openiec61850.ServerAssociation - sub BDA is:IEDBiogasCHP/MMXU1.Z.net.rangeC.lLim.i: 0
14:23:47.499 [openiec61850-osi-server-7-thread-1] DEBUG com.beanit.openiec61850.ServerAssociation - sub BDA is:IEDBiogasCHP/MMXU1.Z.net.rangeC.lLim.f: 0.0
14:23:47.499 [openiec61850-osi-server-7-thread-1] DEBUG com.beanit.openiec61850.ServerAssociation - sub BDA is:IEDBiogasCHP/MMXU1.Z.net.rangeC.llLim.i: 0
14:23:47.499 [openiec61850-osi-server-7-thread-1] DEBUG com.beanit.openiec61850.ServerAssociation - sub BDA is:IEDBiogasCHP/MMXU1.Z.net.rangeC.llLim.f: 0.0
14:23:47.499 [openiec61850-osi-server-7-thread-1] DEBUG com.beanit.openiec61850.ServerAssociation - sub BDA is:IEDBiogasCHP/MMXU1.Z.net.rangeC.min.i: 0
14:23:47.499 [openiec61850-osi-server-7-thread-1] DEBUG com.beanit.openiec61850.ServerAssociation - sub BDA is:IEDBiogasCHP/MMXU1.Z.net.rangeC.min.f: 0.0
14:23:47.499 [openiec61850-osi-server-7-thread-1] DEBUG com.beanit.openiec61850.ServerAssociation - sub BDA is:IEDBiogasCHP/MMXU1.Z.net.rangeC.max.i: 0
14:23:47.499 [openiec61850-osi-server-7-thread-1] DEBUG com.beanit.openiec61850.ServerAssociation - sub BDA is:IEDBiogasCHP/MMXU1.Z.net.rangeC.max.f: 0.0
14:23:47.499 [openiec61850-osi-server-7-thread-1] DEBUG com.beanit.openiec61850.ServerAssociation - sub BDA is:IEDBiogasCHP/MMXU1.Z.net.magSVC.scaleFactor: 0.0
14:23:47.499 [openiec61850-osi-server-7-thread-1] DEBUG com.beanit.openiec61850.ServerAssociation - sub BDA is:IEDBiogasCHP/MMXU1.Z.net.magSVC.offset: 0.0
14:23:47.499 [openiec61850-osi-server-7-thread-1] DEBUG com.beanit.openiec61850.ServerAssociation - sub BDA is:IEDBiogasCHP/MMXU1.Z.net.angSVC.scaleFactor: 0.0
14:23:47.499 [openiec61850-osi-server-7-thread-1] DEBUG com.beanit.openiec61850.ServerAssociation - sub BDA is:IEDBiogasCHP/MMXU1.Z.net.angSVC.offset: 0.0
14:23:47.499 [openiec61850-osi-server-7-thread-1] DEBUG com.beanit.openiec61850.ServerAssociation - sub BDA is:IEDBiogasCHP/MMXU1.Z.net.angRef: 0
14:23:47.499 [openiec61850-osi-server-7-thread-1] DEBUG com.beanit.openiec61850.ServerAssociation - sub BDA is:IEDBiogasCHP/MMXU1.Z.net.smpRate: 0
14:23:47.499 [openiec61850-osi-server-7-thread-1] DEBUG com.beanit.openiec61850.ServerAssociation - sub BDA is:IEDBiogasCHP/MMXU1.Z.res.units.SIUnit: 0
14:23:47.499 [openiec61850-osi-server-7-thread-1] DEBUG com.beanit.openiec61850.ServerAssociation - sub BDA is:IEDBiogasCHP/MMXU1.Z.res.units.multiplier: 0
14:23:47.499 [openiec61850-osi-server-7-thread-1] DEBUG com.beanit.openiec61850.ServerAssociation - sub BDA is:IEDBiogasCHP/MMXU1.Z.res.db: 0
14:23:47.499 [openiec61850-osi-server-7-thread-1] DEBUG com.beanit.openiec61850.ServerAssociation - sub BDA is:IEDBiogasCHP/MMXU1.Z.res.zeroDb: 0
14:23:47.499 [openiec61850-osi-server-7-thread-1] DEBUG com.beanit.openiec61850.ServerAssociation - sub BDA is:IEDBiogasCHP/MMXU1.Z.res.rangeC.hhLim.i: 0
14:23:47.499 [openiec61850-osi-server-7-thread-1] DEBUG com.beanit.openiec61850.ServerAssociation - sub BDA is:IEDBiogasCHP/MMXU1.Z.res.rangeC.hhLim.f: 0.0
14:23:47.499 [openiec61850-osi-server-7-thread-1] DEBUG com.beanit.openiec61850.ServerAssociation - sub BDA is:IEDBiogasCHP/MMXU1.Z.res.rangeC.hLim.i: 0
14:23:47.499 [openiec61850-osi-server-7-thread-1] DEBUG com.beanit.openiec61850.ServerAssociation - sub BDA is:IEDBiogasCHP/MMXU1.Z.res.rangeC.hLim.f: 0.0
14:23:47.499 [openiec61850-osi-server-7-thread-1] DEBUG com.beanit.openiec61850.ServerAssociation - sub BDA is:IEDBiogasCHP/MMXU1.Z.res.rangeC.lLim.i: 0
14:23:47.499 [openiec61850-osi-server-7-thread-1] DEBUG com.beanit.openiec61850.ServerAssociation - sub BDA is:IEDBiogasCHP/MMXU1.Z.res.rangeC.lLim.f: 0.0
14:23:47.499 [openiec61850-osi-server-7-thread-1] DEBUG com.beanit.openiec61850.ServerAssociation - sub BDA is:IEDBiogasCHP/MMXU1.Z.res.rangeC.llLim.i: 0
14:23:47.499 [openiec61850-osi-server-7-thread-1] DEBUG com.beanit.openiec61850.ServerAssociation - sub BDA is:IEDBiogasCHP/MMXU1.Z.res.rangeC.llLim.f: 0.0
14:23:47.499 [openiec61850-osi-server-7-thread-1] DEBUG com.beanit.openiec61850.ServerAssociation - sub BDA is:IEDBiogasCHP/MMXU1.Z.res.rangeC.min.i: 0
14:23:47.499 [openiec61850-osi-server-7-thread-1] DEBUG com.beanit.openiec61850.ServerAssociation - sub BDA is:IEDBiogasCHP/MMXU1.Z.res.rangeC.min.f: 0.0
14:23:47.499 [openiec61850-osi-server-7-thread-1] DEBUG com.beanit.openiec61850.ServerAssociation - sub BDA is:IEDBiogasCHP/MMXU1.Z.res.rangeC.max.i: 0
14:23:47.499 [openiec61850-osi-server-7-thread-1] DEBUG com.beanit.openiec61850.ServerAssociation - sub BDA is:IEDBiogasCHP/MMXU1.Z.res.rangeC.max.f: 0.0
14:23:47.499 [openiec61850-osi-server-7-thread-1] DEBUG com.beanit.openiec61850.ServerAssociation - sub BDA is:IEDBiogasCHP/MMXU1.Z.res.magSVC.scaleFactor: 0.0
14:23:47.499 [openiec61850-osi-server-7-thread-1] DEBUG com.beanit.openiec61850.ServerAssociation - sub BDA is:IEDBiogasCHP/MMXU1.Z.res.magSVC.offset: 0.0
14:23:47.499 [openiec61850-osi-server-7-thread-1] DEBUG com.beanit.openiec61850.ServerAssociation - sub BDA is:IEDBiogasCHP/MMXU1.Z.res.angSVC.scaleFactor: 0.0
14:23:47.499 [openiec61850-osi-server-7-thread-1] DEBUG com.beanit.openiec61850.ServerAssociation - sub BDA is:IEDBiogasCHP/MMXU1.Z.res.angSVC.offset: 0.0
14:23:47.499 [openiec61850-osi-server-7-thread-1] DEBUG com.beanit.openiec61850.ServerAssociation - sub BDA is:IEDBiogasCHP/MMXU1.Z.res.angRef: 0
14:23:47.499 [openiec61850-osi-server-7-thread-1] DEBUG com.beanit.openiec61850.ServerAssociation - sub BDA is:IEDBiogasCHP/MMXU1.Z.res.smpRate: 0
calling GetDataValues(IEDBiogasCHP/MMXU1.Z.angRef)
14:23:47.499 [openiec61850-osi-server-7-thread-1] DEBUG com.beanit.openiec61850.ServerAssociation - Got a GetDataValues request for node: IEDBiogasCHP/MMXU1.Z.angRef: 0
calling GetDataValues(IEDBiogasCHP/MMXU1.Z.phsA)
14:23:47.499 [openiec61850-osi-server-7-thread-1] DEBUG com.beanit.openiec61850.ServerAssociation - Got a GetDataValues request for node: IEDBiogasCHP/MMXU1.Z.phsA [CF]
IEDBiogasCHP/MMXU1.Z.phsA.units [CF]
IEDBiogasCHP/MMXU1.Z.phsA.units.SIUnit: 0
IEDBiogasCHP/MMXU1.Z.phsA.units.multiplier: 0
IEDBiogasCHP/MMXU1.Z.phsA.db: 0
IEDBiogasCHP/MMXU1.Z.phsA.zeroDb: 0
IEDBiogasCHP/MMXU1.Z.phsA.rangeC [CF]
IEDBiogasCHP/MMXU1.Z.phsA.rangeC.hhLim [CF]
IEDBiogasCHP/MMXU1.Z.phsA.rangeC.hhLim.i: 0
IEDBiogasCHP/MMXU1.Z.phsA.rangeC.hhLim.f: 0.0
IEDBiogasCHP/MMXU1.Z.phsA.rangeC.hLim [CF]
IEDBiogasCHP/MMXU1.Z.phsA.rangeC.hLim.i: 0
IEDBiogasCHP/MMXU1.Z.phsA.rangeC.hLim.f: 0.0
IEDBiogasCHP/MMXU1.Z.phsA.rangeC.lLim [CF]
IEDBiogasCHP/MMXU1.Z.phsA.rangeC.lLim.i: 0
IEDBiogasCHP/MMXU1.Z.phsA.rangeC.lLim.f: 0.0
IEDBiogasCHP/MMXU1.Z.phsA.rangeC.llLim [CF]
IEDBiogasCHP/MMXU1.Z.phsA.rangeC.llLim.i: 0
IEDBiogasCHP/MMXU1.Z.phsA.rangeC.llLim.f: 0.0
IEDBiogasCHP/MMXU1.Z.phsA.rangeC.min [CF]
IEDBiogasCHP/MMXU1.Z.phsA.rangeC.min.i: 0
IEDBiogasCHP/MMXU1.Z.phsA.rangeC.min.f: 0.0
IEDBiogasCHP/MMXU1.Z.phsA.rangeC.max [CF]
IEDBiogasCHP/MMXU1.Z.phsA.rangeC.max.i: 0
IEDBiogasCHP/MMXU1.Z.phsA.rangeC.max.f: 0.0
IEDBiogasCHP/MMXU1.Z.phsA.magSVC [CF]
IEDBiogasCHP/MMXU1.Z.phsA.magSVC.scaleFactor: 0.0
IEDBiogasCHP/MMXU1.Z.phsA.magSVC.offset: 0.0
IEDBiogasCHP/MMXU1.Z.phsA.angSVC [CF]
IEDBiogasCHP/MMXU1.Z.phsA.angSVC.scaleFactor: 0.0
IEDBiogasCHP/MMXU1.Z.phsA.angSVC.offset: 0.0
IEDBiogasCHP/MMXU1.Z.phsA.angRef: 0
IEDBiogasCHP/MMXU1.Z.phsA.smpRate: 0
14:23:47.499 [openiec61850-osi-server-7-thread-1] DEBUG com.beanit.openiec61850.ServerAssociation - sub BDA is:IEDBiogasCHP/MMXU1.Z.phsA.units.SIUnit: 0
14:23:47.499 [openiec61850-osi-server-7-thread-1] DEBUG com.beanit.openiec61850.ServerAssociation - sub BDA is:IEDBiogasCHP/MMXU1.Z.phsA.units.multiplier: 0
14:23:47.499 [openiec61850-osi-server-7-thread-1] DEBUG com.beanit.openiec61850.ServerAssociation - sub BDA is:IEDBiogasCHP/MMXU1.Z.phsA.db: 0
14:23:47.499 [openiec61850-osi-server-7-thread-1] DEBUG com.beanit.openiec61850.ServerAssociation - sub BDA is:IEDBiogasCHP/MMXU1.Z.phsA.zeroDb: 0
14:23:47.499 [openiec61850-osi-server-7-thread-1] DEBUG com.beanit.openiec61850.ServerAssociation - sub BDA is:IEDBiogasCHP/MMXU1.Z.phsA.rangeC.hhLim.i: 0
14:23:47.499 [openiec61850-osi-server-7-thread-1] DEBUG com.beanit.openiec61850.ServerAssociation - sub BDA is:IEDBiogasCHP/MMXU1.Z.phsA.rangeC.hhLim.f: 0.0
14:23:47.499 [openiec61850-osi-server-7-thread-1] DEBUG com.beanit.openiec61850.ServerAssociation - sub BDA is:IEDBiogasCHP/MMXU1.Z.phsA.rangeC.hLim.i: 0
14:23:47.499 [openiec61850-osi-server-7-thread-1] DEBUG com.beanit.openiec61850.ServerAssociation - sub BDA is:IEDBiogasCHP/MMXU1.Z.phsA.rangeC.hLim.f: 0.0
14:23:47.499 [openiec61850-osi-server-7-thread-1] DEBUG com.beanit.openiec61850.ServerAssociation - sub BDA is:IEDBiogasCHP/MMXU1.Z.phsA.rangeC.lLim.i: 0
14:23:47.499 [openiec61850-osi-server-7-thread-1] DEBUG com.beanit.openiec61850.ServerAssociation - sub BDA is:IEDBiogasCHP/MMXU1.Z.phsA.rangeC.lLim.f: 0.0
14:23:47.499 [openiec61850-osi-server-7-thread-1] DEBUG com.beanit.openiec61850.ServerAssociation - sub BDA is:IEDBiogasCHP/MMXU1.Z.phsA.rangeC.llLim.i: 0
14:23:47.499 [openiec61850-osi-server-7-thread-1] DEBUG com.beanit.openiec61850.ServerAssociation - sub BDA is:IEDBiogasCHP/MMXU1.Z.phsA.rangeC.llLim.f: 0.0
14:23:47.499 [openiec61850-osi-server-7-thread-1] DEBUG com.beanit.openiec61850.ServerAssociation - sub BDA is:IEDBiogasCHP/MMXU1.Z.phsA.rangeC.min.i: 0
14:23:47.499 [openiec61850-osi-server-7-thread-1] DEBUG com.beanit.openiec61850.ServerAssociation - sub BDA is:IEDBiogasCHP/MMXU1.Z.phsA.rangeC.min.f: 0.0
14:23:47.499 [openiec61850-osi-server-7-thread-1] DEBUG com.beanit.openiec61850.ServerAssociation - sub BDA is:IEDBiogasCHP/MMXU1.Z.phsA.rangeC.max.i: 0
14:23:47.499 [openiec61850-osi-server-7-thread-1] DEBUG com.beanit.openiec61850.ServerAssociation - sub BDA is:IEDBiogasCHP/MMXU1.Z.phsA.rangeC.max.f: 0.0
14:23:47.499 [openiec61850-osi-server-7-thread-1] DEBUG com.beanit.openiec61850.ServerAssociation - sub BDA is:IEDBiogasCHP/MMXU1.Z.phsA.magSVC.scaleFactor: 0.0
14:23:47.499 [openiec61850-osi-server-7-thread-1] DEBUG com.beanit.openiec61850.ServerAssociation - sub BDA is:IEDBiogasCHP/MMXU1.Z.phsA.magSVC.offset: 0.0
14:23:47.499 [openiec61850-osi-server-7-thread-1] DEBUG com.beanit.openiec61850.ServerAssociation - sub BDA is:IEDBiogasCHP/MMXU1.Z.phsA.angSVC.scaleFactor: 0.0
14:23:47.499 [openiec61850-osi-server-7-thread-1] DEBUG com.beanit.openiec61850.ServerAssociation - sub BDA is:IEDBiogasCHP/MMXU1.Z.phsA.angSVC.offset: 0.0
14:23:47.499 [openiec61850-osi-server-7-thread-1] DEBUG com.beanit.openiec61850.ServerAssociation - sub BDA is:IEDBiogasCHP/MMXU1.Z.phsA.angRef: 0
14:23:47.499 [openiec61850-osi-server-7-thread-1] DEBUG com.beanit.openiec61850.ServerAssociation - sub BDA is:IEDBiogasCHP/MMXU1.Z.phsA.smpRate: 0
calling GetDataValues(IEDBiogasCHP/MMXU1.Z.phsA.units)
14:23:47.500 [openiec61850-osi-server-7-thread-1] DEBUG com.beanit.openiec61850.ServerAssociation - Got a GetDataValues request for node: IEDBiogasCHP/MMXU1.Z.phsA.units [CF]
IEDBiogasCHP/MMXU1.Z.phsA.units.SIUnit: 0
IEDBiogasCHP/MMXU1.Z.phsA.units.multiplier: 0
14:23:47.500 [openiec61850-osi-server-7-thread-1] DEBUG com.beanit.openiec61850.ServerAssociation - sub BDA is:IEDBiogasCHP/MMXU1.Z.phsA.units.SIUnit: 0
14:23:47.500 [openiec61850-osi-server-7-thread-1] DEBUG com.beanit.openiec61850.ServerAssociation - sub BDA is:IEDBiogasCHP/MMXU1.Z.phsA.units.multiplier: 0
calling GetDataValues(IEDBiogasCHP/MMXU1.Z.phsA.units.SIUnit)
14:23:47.500 [openiec61850-osi-server-7-thread-1] DEBUG com.beanit.openiec61850.ServerAssociation - Got a GetDataValues request for node: IEDBiogasCHP/MMXU1.Z.phsA.units.SIUnit: 0
calling GetDataValues(IEDBiogasCHP/MMXU1.Z.phsA.units.multiplier)
14:23:47.500 [openiec61850-osi-server-7-thread-1] DEBUG com.beanit.openiec61850.ServerAssociation - Got a GetDataValues request for node: IEDBiogasCHP/MMXU1.Z.phsA.units.multiplier: 0
calling GetDataValues(IEDBiogasCHP/MMXU1.Z.phsA.db)
14:23:47.500 [openiec61850-osi-server-7-thread-1] DEBUG com.beanit.openiec61850.ServerAssociation - Got a GetDataValues request for node: IEDBiogasCHP/MMXU1.Z.phsA.db: 0
calling GetDataValues(IEDBiogasCHP/MMXU1.Z.phsA.zeroDb)
14:23:47.500 [openiec61850-osi-server-7-thread-1] DEBUG com.beanit.openiec61850.ServerAssociation - Got a GetDataValues request for node: IEDBiogasCHP/MMXU1.Z.phsA.zeroDb: 0
calling GetDataValues(IEDBiogasCHP/MMXU1.Z.phsA.rangeC)
14:23:47.500 [openiec61850-osi-server-7-thread-1] DEBUG com.beanit.openiec61850.ServerAssociation - Got a GetDataValues request for node: IEDBiogasCHP/MMXU1.Z.phsA.rangeC [CF]
IEDBiogasCHP/MMXU1.Z.phsA.rangeC.hhLim [CF]
IEDBiogasCHP/MMXU1.Z.phsA.rangeC.hhLim.i: 0
IEDBiogasCHP/MMXU1.Z.phsA.rangeC.hhLim.f: 0.0
IEDBiogasCHP/MMXU1.Z.phsA.rangeC.hLim [CF]
IEDBiogasCHP/MMXU1.Z.phsA.rangeC.hLim.i: 0
IEDBiogasCHP/MMXU1.Z.phsA.rangeC.hLim.f: 0.0
IEDBiogasCHP/MMXU1.Z.phsA.rangeC.lLim [CF]
IEDBiogasCHP/MMXU1.Z.phsA.rangeC.lLim.i: 0
IEDBiogasCHP/MMXU1.Z.phsA.rangeC.lLim.f: 0.0
IEDBiogasCHP/MMXU1.Z.phsA.rangeC.llLim [CF]
IEDBiogasCHP/MMXU1.Z.phsA.rangeC.llLim.i: 0
IEDBiogasCHP/MMXU1.Z.phsA.rangeC.llLim.f: 0.0
IEDBiogasCHP/MMXU1.Z.phsA.rangeC.min [CF]
IEDBiogasCHP/MMXU1.Z.phsA.rangeC.min.i: 0
IEDBiogasCHP/MMXU1.Z.phsA.rangeC.min.f: 0.0
IEDBiogasCHP/MMXU1.Z.phsA.rangeC.max [CF]
IEDBiogasCHP/MMXU1.Z.phsA.rangeC.max.i: 0
IEDBiogasCHP/MMXU1.Z.phsA.rangeC.max.f: 0.0
14:23:47.500 [openiec61850-osi-server-7-thread-1] DEBUG com.beanit.openiec61850.ServerAssociation - sub BDA is:IEDBiogasCHP/MMXU1.Z.phsA.rangeC.hhLim.i: 0
14:23:47.500 [openiec61850-osi-server-7-thread-1] DEBUG com.beanit.openiec61850.ServerAssociation - sub BDA is:IEDBiogasCHP/MMXU1.Z.phsA.rangeC.hhLim.f: 0.0
14:23:47.500 [openiec61850-osi-server-7-thread-1] DEBUG com.beanit.openiec61850.ServerAssociation - sub BDA is:IEDBiogasCHP/MMXU1.Z.phsA.rangeC.hLim.i: 0
14:23:47.500 [openiec61850-osi-server-7-thread-1] DEBUG com.beanit.openiec61850.ServerAssociation - sub BDA is:IEDBiogasCHP/MMXU1.Z.phsA.rangeC.hLim.f: 0.0
14:23:47.500 [openiec61850-osi-server-7-thread-1] DEBUG com.beanit.openiec61850.ServerAssociation - sub BDA is:IEDBiogasCHP/MMXU1.Z.phsA.rangeC.lLim.i: 0
14:23:47.500 [openiec61850-osi-server-7-thread-1] DEBUG com.beanit.openiec61850.ServerAssociation - sub BDA is:IEDBiogasCHP/MMXU1.Z.phsA.rangeC.lLim.f: 0.0
14:23:47.500 [openiec61850-osi-server-7-thread-1] DEBUG com.beanit.openiec61850.ServerAssociation - sub BDA is:IEDBiogasCHP/MMXU1.Z.phsA.rangeC.llLim.i: 0
14:23:47.500 [openiec61850-osi-server-7-thread-1] DEBUG com.beanit.openiec61850.ServerAssociation - sub BDA is:IEDBiogasCHP/MMXU1.Z.phsA.rangeC.llLim.f: 0.0
14:23:47.500 [openiec61850-osi-server-7-thread-1] DEBUG com.beanit.openiec61850.ServerAssociation - sub BDA is:IEDBiogasCHP/MMXU1.Z.phsA.rangeC.min.i: 0
14:23:47.500 [openiec61850-osi-server-7-thread-1] DEBUG com.beanit.openiec61850.ServerAssociation - sub BDA is:IEDBiogasCHP/MMXU1.Z.phsA.rangeC.min.f: 0.0
14:23:47.500 [openiec61850-osi-server-7-thread-1] DEBUG com.beanit.openiec61850.ServerAssociation - sub BDA is:IEDBiogasCHP/MMXU1.Z.phsA.rangeC.max.i: 0
14:23:47.500 [openiec61850-osi-server-7-thread-1] DEBUG com.beanit.openiec61850.ServerAssociation - sub BDA is:IEDBiogasCHP/MMXU1.Z.phsA.rangeC.max.f: 0.0
calling GetDataValues(IEDBiogasCHP/MMXU1.Z.phsA.rangeC.hhLim)
14:23:47.500 [openiec61850-osi-server-7-thread-1] DEBUG com.beanit.openiec61850.ServerAssociation - Got a GetDataValues request for node: IEDBiogasCHP/MMXU1.Z.phsA.rangeC.hhLim [CF]
IEDBiogasCHP/MMXU1.Z.phsA.rangeC.hhLim.i: 0
IEDBiogasCHP/MMXU1.Z.phsA.rangeC.hhLim.f: 0.0
14:23:47.500 [openiec61850-osi-server-7-thread-1] DEBUG com.beanit.openiec61850.ServerAssociation - sub BDA is:IEDBiogasCHP/MMXU1.Z.phsA.rangeC.hhLim.i: 0
14:23:47.500 [openiec61850-osi-server-7-thread-1] DEBUG com.beanit.openiec61850.ServerAssociation - sub BDA is:IEDBiogasCHP/MMXU1.Z.phsA.rangeC.hhLim.f: 0.0
calling GetDataValues(IEDBiogasCHP/MMXU1.Z.phsA.rangeC.hhLim.i)
14:23:47.501 [openiec61850-osi-server-7-thread-1] DEBUG com.beanit.openiec61850.ServerAssociation - Got a GetDataValues request for node: IEDBiogasCHP/MMXU1.Z.phsA.rangeC.hhLim.i: 0
calling GetDataValues(IEDBiogasCHP/MMXU1.Z.phsA.rangeC.hhLim.f)
14:23:47.501 [openiec61850-osi-server-7-thread-1] DEBUG com.beanit.openiec61850.ServerAssociation - Got a GetDataValues request for node: IEDBiogasCHP/MMXU1.Z.phsA.rangeC.hhLim.f: 0.0
calling GetDataValues(IEDBiogasCHP/MMXU1.Z.phsA.rangeC.hLim)
14:23:47.501 [openiec61850-osi-server-7-thread-1] DEBUG com.beanit.openiec61850.ServerAssociation - Got a GetDataValues request for node: IEDBiogasCHP/MMXU1.Z.phsA.rangeC.hLim [CF]
IEDBiogasCHP/MMXU1.Z.phsA.rangeC.hLim.i: 0
IEDBiogasCHP/MMXU1.Z.phsA.rangeC.hLim.f: 0.0
14:23:47.501 [openiec61850-osi-server-7-thread-1] DEBUG com.beanit.openiec61850.ServerAssociation - sub BDA is:IEDBiogasCHP/MMXU1.Z.phsA.rangeC.hLim.i: 0
14:23:47.501 [openiec61850-osi-server-7-thread-1] DEBUG com.beanit.openiec61850.ServerAssociation - sub BDA is:IEDBiogasCHP/MMXU1.Z.phsA.rangeC.hLim.f: 0.0
calling GetDataValues(IEDBiogasCHP/MMXU1.Z.phsA.rangeC.hLim.i)
14:23:47.501 [openiec61850-osi-server-7-thread-1] DEBUG com.beanit.openiec61850.ServerAssociation - Got a GetDataValues request for node: IEDBiogasCHP/MMXU1.Z.phsA.rangeC.hLim.i: 0
calling GetDataValues(IEDBiogasCHP/MMXU1.Z.phsA.rangeC.hLim.f)
14:23:47.501 [openiec61850-osi-server-7-thread-1] DEBUG com.beanit.openiec61850.ServerAssociation - Got a GetDataValues request for node: IEDBiogasCHP/MMXU1.Z.phsA.rangeC.hLim.f: 0.0
calling GetDataValues(IEDBiogasCHP/MMXU1.Z.phsA.rangeC.lLim)
14:23:47.501 [openiec61850-osi-server-7-thread-1] DEBUG com.beanit.openiec61850.ServerAssociation - Got a GetDataValues request for node: IEDBiogasCHP/MMXU1.Z.phsA.rangeC.lLim [CF]
IEDBiogasCHP/MMXU1.Z.phsA.rangeC.lLim.i: 0
IEDBiogasCHP/MMXU1.Z.phsA.rangeC.lLim.f: 0.0
14:23:47.501 [openiec61850-osi-server-7-thread-1] DEBUG com.beanit.openiec61850.ServerAssociation - sub BDA is:IEDBiogasCHP/MMXU1.Z.phsA.rangeC.lLim.i: 0
14:23:47.501 [openiec61850-osi-server-7-thread-1] DEBUG com.beanit.openiec61850.ServerAssociation - sub BDA is:IEDBiogasCHP/MMXU1.Z.phsA.rangeC.lLim.f: 0.0
calling GetDataValues(IEDBiogasCHP/MMXU1.Z.phsA.rangeC.lLim.i)
14:23:47.501 [openiec61850-osi-server-7-thread-1] DEBUG com.beanit.openiec61850.ServerAssociation - Got a GetDataValues request for node: IEDBiogasCHP/MMXU1.Z.phsA.rangeC.lLim.i: 0
calling GetDataValues(IEDBiogasCHP/MMXU1.Z.phsA.rangeC.lLim.f)
14:23:47.502 [openiec61850-osi-server-7-thread-1] DEBUG com.beanit.openiec61850.ServerAssociation - Got a GetDataValues request for node: IEDBiogasCHP/MMXU1.Z.phsA.rangeC.lLim.f: 0.0
calling GetDataValues(IEDBiogasCHP/MMXU1.Z.phsA.rangeC.llLim)
14:23:47.502 [openiec61850-osi-server-7-thread-1] DEBUG com.beanit.openiec61850.ServerAssociation - Got a GetDataValues request for node: IEDBiogasCHP/MMXU1.Z.phsA.rangeC.llLim [CF]
IEDBiogasCHP/MMXU1.Z.phsA.rangeC.llLim.i: 0
IEDBiogasCHP/MMXU1.Z.phsA.rangeC.llLim.f: 0.0
14:23:47.502 [openiec61850-osi-server-7-thread-1] DEBUG com.beanit.openiec61850.ServerAssociation - sub BDA is:IEDBiogasCHP/MMXU1.Z.phsA.rangeC.llLim.i: 0
14:23:47.502 [openiec61850-osi-server-7-thread-1] DEBUG com.beanit.openiec61850.ServerAssociation - sub BDA is:IEDBiogasCHP/MMXU1.Z.phsA.rangeC.llLim.f: 0.0
calling GetDataValues(IEDBiogasCHP/MMXU1.Z.phsA.rangeC.llLim.i)
14:23:47.502 [openiec61850-osi-server-7-thread-1] DEBUG com.beanit.openiec61850.ServerAssociation - Got a GetDataValues request for node: IEDBiogasCHP/MMXU1.Z.phsA.rangeC.llLim.i: 0
calling GetDataValues(IEDBiogasCHP/MMXU1.Z.phsA.rangeC.llLim.f)
14:23:47.502 [openiec61850-osi-server-7-thread-1] DEBUG com.beanit.openiec61850.ServerAssociation - Got a GetDataValues request for node: IEDBiogasCHP/MMXU1.Z.phsA.rangeC.llLim.f: 0.0
calling GetDataValues(IEDBiogasCHP/MMXU1.Z.phsA.rangeC.min)
14:23:47.502 [openiec61850-osi-server-7-thread-1] DEBUG com.beanit.openiec61850.ServerAssociation - Got a GetDataValues request for node: IEDBiogasCHP/MMXU1.Z.phsA.rangeC.min [CF]
IEDBiogasCHP/MMXU1.Z.phsA.rangeC.min.i: 0
IEDBiogasCHP/MMXU1.Z.phsA.rangeC.min.f: 0.0
14:23:47.502 [openiec61850-osi-server-7-thread-1] DEBUG com.beanit.openiec61850.ServerAssociation - sub BDA is:IEDBiogasCHP/MMXU1.Z.phsA.rangeC.min.i: 0
14:23:47.502 [openiec61850-osi-server-7-thread-1] DEBUG com.beanit.openiec61850.ServerAssociation - sub BDA is:IEDBiogasCHP/MMXU1.Z.phsA.rangeC.min.f: 0.0
calling GetDataValues(IEDBiogasCHP/MMXU1.Z.phsA.rangeC.min.i)
14:23:47.502 [openiec61850-osi-server-7-thread-1] DEBUG com.beanit.openiec61850.ServerAssociation - Got a GetDataValues request for node: IEDBiogasCHP/MMXU1.Z.phsA.rangeC.min.i: 0
calling GetDataValues(IEDBiogasCHP/MMXU1.Z.phsA.rangeC.min.f)
14:23:47.502 [openiec61850-osi-server-7-thread-1] DEBUG com.beanit.openiec61850.ServerAssociation - Got a GetDataValues request for node: IEDBiogasCHP/MMXU1.Z.phsA.rangeC.min.f: 0.0
calling GetDataValues(IEDBiogasCHP/MMXU1.Z.phsA.rangeC.max)
14:23:47.502 [openiec61850-osi-server-7-thread-1] DEBUG com.beanit.openiec61850.ServerAssociation - Got a GetDataValues request for node: IEDBiogasCHP/MMXU1.Z.phsA.rangeC.max [CF]
IEDBiogasCHP/MMXU1.Z.phsA.rangeC.max.i: 0
IEDBiogasCHP/MMXU1.Z.phsA.rangeC.max.f: 0.0
14:23:47.502 [openiec61850-osi-server-7-thread-1] DEBUG com.beanit.openiec61850.ServerAssociation - sub BDA is:IEDBiogasCHP/MMXU1.Z.phsA.rangeC.max.i: 0
14:23:47.502 [openiec61850-osi-server-7-thread-1] DEBUG com.beanit.openiec61850.ServerAssociation - sub BDA is:IEDBiogasCHP/MMXU1.Z.phsA.rangeC.max.f: 0.0
calling GetDataValues(IEDBiogasCHP/MMXU1.Z.phsA.rangeC.max.i)
14:23:47.502 [openiec61850-osi-server-7-thread-1] DEBUG com.beanit.openiec61850.ServerAssociation - Got a GetDataValues request for node: IEDBiogasCHP/MMXU1.Z.phsA.rangeC.max.i: 0
calling GetDataValues(IEDBiogasCHP/MMXU1.Z.phsA.rangeC.max.f)
14:23:47.503 [openiec61850-osi-server-7-thread-1] DEBUG com.beanit.openiec61850.ServerAssociation - Got a GetDataValues request for node: IEDBiogasCHP/MMXU1.Z.phsA.rangeC.max.f: 0.0
calling GetDataValues(IEDBiogasCHP/MMXU1.Z.phsA.magSVC)
14:23:47.503 [openiec61850-osi-server-7-thread-1] DEBUG com.beanit.openiec61850.ServerAssociation - Got a GetDataValues request for node: IEDBiogasCHP/MMXU1.Z.phsA.magSVC [CF]
IEDBiogasCHP/MMXU1.Z.phsA.magSVC.scaleFactor: 0.0
IEDBiogasCHP/MMXU1.Z.phsA.magSVC.offset: 0.0
14:23:47.503 [openiec61850-osi-server-7-thread-1] DEBUG com.beanit.openiec61850.ServerAssociation - sub BDA is:IEDBiogasCHP/MMXU1.Z.phsA.magSVC.scaleFactor: 0.0
14:23:47.503 [openiec61850-osi-server-7-thread-1] DEBUG com.beanit.openiec61850.ServerAssociation - sub BDA is:IEDBiogasCHP/MMXU1.Z.phsA.magSVC.offset: 0.0
calling GetDataValues(IEDBiogasCHP/MMXU1.Z.phsA.magSVC.scaleFactor)
14:23:47.503 [openiec61850-osi-server-7-thread-1] DEBUG com.beanit.openiec61850.ServerAssociation - Got a GetDataValues request for node: IEDBiogasCHP/MMXU1.Z.phsA.magSVC.scaleFactor: 0.0
calling GetDataValues(IEDBiogasCHP/MMXU1.Z.phsA.magSVC.offset)
14:23:47.503 [openiec61850-osi-server-7-thread-1] DEBUG com.beanit.openiec61850.ServerAssociation - Got a GetDataValues request for node: IEDBiogasCHP/MMXU1.Z.phsA.magSVC.offset: 0.0
calling GetDataValues(IEDBiogasCHP/MMXU1.Z.phsA.angSVC)
14:23:47.503 [openiec61850-osi-server-7-thread-1] DEBUG com.beanit.openiec61850.ServerAssociation - Got a GetDataValues request for node: IEDBiogasCHP/MMXU1.Z.phsA.angSVC [CF]
IEDBiogasCHP/MMXU1.Z.phsA.angSVC.scaleFactor: 0.0
IEDBiogasCHP/MMXU1.Z.phsA.angSVC.offset: 0.0
14:23:47.503 [openiec61850-osi-server-7-thread-1] DEBUG com.beanit.openiec61850.ServerAssociation - sub BDA is:IEDBiogasCHP/MMXU1.Z.phsA.angSVC.scaleFactor: 0.0
14:23:47.503 [openiec61850-osi-server-7-thread-1] DEBUG com.beanit.openiec61850.ServerAssociation - sub BDA is:IEDBiogasCHP/MMXU1.Z.phsA.angSVC.offset: 0.0
calling GetDataValues(IEDBiogasCHP/MMXU1.Z.phsA.angSVC.scaleFactor)
14:23:47.503 [openiec61850-osi-server-7-thread-1] DEBUG com.beanit.openiec61850.ServerAssociation - Got a GetDataValues request for node: IEDBiogasCHP/MMXU1.Z.phsA.angSVC.scaleFactor: 0.0
calling GetDataValues(IEDBiogasCHP/MMXU1.Z.phsA.angSVC.offset)
14:23:47.503 [openiec61850-osi-server-7-thread-1] DEBUG com.beanit.openiec61850.ServerAssociation - Got a GetDataValues request for node: IEDBiogasCHP/MMXU1.Z.phsA.angSVC.offset: 0.0
calling GetDataValues(IEDBiogasCHP/MMXU1.Z.phsA.angRef)
14:23:47.503 [openiec61850-osi-server-7-thread-1] DEBUG com.beanit.openiec61850.ServerAssociation - Got a GetDataValues request for node: IEDBiogasCHP/MMXU1.Z.phsA.angRef: 0
calling GetDataValues(IEDBiogasCHP/MMXU1.Z.phsA.smpRate)
14:23:47.504 [openiec61850-osi-server-7-thread-1] DEBUG com.beanit.openiec61850.ServerAssociation - Got a GetDataValues request for node: IEDBiogasCHP/MMXU1.Z.phsA.smpRate: 0
calling GetDataValues(IEDBiogasCHP/MMXU1.Z.phsB)
14:23:47.504 [openiec61850-osi-server-7-thread-1] DEBUG com.beanit.openiec61850.ServerAssociation - Got a GetDataValues request for node: IEDBiogasCHP/MMXU1.Z.phsB [CF]
IEDBiogasCHP/MMXU1.Z.phsB.units [CF]
IEDBiogasCHP/MMXU1.Z.phsB.units.SIUnit: 0
IEDBiogasCHP/MMXU1.Z.phsB.units.multiplier: 0
IEDBiogasCHP/MMXU1.Z.phsB.db: 0
IEDBiogasCHP/MMXU1.Z.phsB.zeroDb: 0
IEDBiogasCHP/MMXU1.Z.phsB.rangeC [CF]
IEDBiogasCHP/MMXU1.Z.phsB.rangeC.hhLim [CF]
IEDBiogasCHP/MMXU1.Z.phsB.rangeC.hhLim.i: 0
IEDBiogasCHP/MMXU1.Z.phsB.rangeC.hhLim.f: 0.0
IEDBiogasCHP/MMXU1.Z.phsB.rangeC.hLim [CF]
IEDBiogasCHP/MMXU1.Z.phsB.rangeC.hLim.i: 0
IEDBiogasCHP/MMXU1.Z.phsB.rangeC.hLim.f: 0.0
IEDBiogasCHP/MMXU1.Z.phsB.rangeC.lLim [CF]
IEDBiogasCHP/MMXU1.Z.phsB.rangeC.lLim.i: 0
IEDBiogasCHP/MMXU1.Z.phsB.rangeC.lLim.f: 0.0
IEDBiogasCHP/MMXU1.Z.phsB.rangeC.llLim [CF]
IEDBiogasCHP/MMXU1.Z.phsB.rangeC.llLim.i: 0
IEDBiogasCHP/MMXU1.Z.phsB.rangeC.llLim.f: 0.0
IEDBiogasCHP/MMXU1.Z.phsB.rangeC.min [CF]
IEDBiogasCHP/MMXU1.Z.phsB.rangeC.min.i: 0
IEDBiogasCHP/MMXU1.Z.phsB.rangeC.min.f: 0.0
IEDBiogasCHP/MMXU1.Z.phsB.rangeC.max [CF]
IEDBiogasCHP/MMXU1.Z.phsB.rangeC.max.i: 0
IEDBiogasCHP/MMXU1.Z.phsB.rangeC.max.f: 0.0
IEDBiogasCHP/MMXU1.Z.phsB.magSVC [CF]
IEDBiogasCHP/MMXU1.Z.phsB.magSVC.scaleFactor: 0.0
IEDBiogasCHP/MMXU1.Z.phsB.magSVC.offset: 0.0
IEDBiogasCHP/MMXU1.Z.phsB.angSVC [CF]
IEDBiogasCHP/MMXU1.Z.phsB.angSVC.scaleFactor: 0.0
IEDBiogasCHP/MMXU1.Z.phsB.angSVC.offset: 0.0
IEDBiogasCHP/MMXU1.Z.phsB.angRef: 0
IEDBiogasCHP/MMXU1.Z.phsB.smpRate: 0
14:23:47.504 [openiec61850-osi-server-7-thread-1] DEBUG com.beanit.openiec61850.ServerAssociation - sub BDA is:IEDBiogasCHP/MMXU1.Z.phsB.units.SIUnit: 0
14:23:47.504 [openiec61850-osi-server-7-thread-1] DEBUG com.beanit.openiec61850.ServerAssociation - sub BDA is:IEDBiogasCHP/MMXU1.Z.phsB.units.multiplier: 0
14:23:47.504 [openiec61850-osi-server-7-thread-1] DEBUG com.beanit.openiec61850.ServerAssociation - sub BDA is:IEDBiogasCHP/MMXU1.Z.phsB.db: 0
14:23:47.504 [openiec61850-osi-server-7-thread-1] DEBUG com.beanit.openiec61850.ServerAssociation - sub BDA is:IEDBiogasCHP/MMXU1.Z.phsB.zeroDb: 0
14:23:47.504 [openiec61850-osi-server-7-thread-1] DEBUG com.beanit.openiec61850.ServerAssociation - sub BDA is:IEDBiogasCHP/MMXU1.Z.phsB.rangeC.hhLim.i: 0
14:23:47.504 [openiec61850-osi-server-7-thread-1] DEBUG com.beanit.openiec61850.ServerAssociation - sub BDA is:IEDBiogasCHP/MMXU1.Z.phsB.rangeC.hhLim.f: 0.0
14:23:47.504 [openiec61850-osi-server-7-thread-1] DEBUG com.beanit.openiec61850.ServerAssociation - sub BDA is:IEDBiogasCHP/MMXU1.Z.phsB.rangeC.hLim.i: 0
14:23:47.504 [openiec61850-osi-server-7-thread-1] DEBUG com.beanit.openiec61850.ServerAssociation - sub BDA is:IEDBiogasCHP/MMXU1.Z.phsB.rangeC.hLim.f: 0.0
14:23:47.504 [openiec61850-osi-server-7-thread-1] DEBUG com.beanit.openiec61850.ServerAssociation - sub BDA is:IEDBiogasCHP/MMXU1.Z.phsB.rangeC.lLim.i: 0
14:23:47.504 [openiec61850-osi-server-7-thread-1] DEBUG com.beanit.openiec61850.ServerAssociation - sub BDA is:IEDBiogasCHP/MMXU1.Z.phsB.rangeC.lLim.f: 0.0
14:23:47.504 [openiec61850-osi-server-7-thread-1] DEBUG com.beanit.openiec61850.ServerAssociation - sub BDA is:IEDBiogasCHP/MMXU1.Z.phsB.rangeC.llLim.i: 0
14:23:47.504 [openiec61850-osi-server-7-thread-1] DEBUG com.beanit.openiec61850.ServerAssociation - sub BDA is:IEDBiogasCHP/MMXU1.Z.phsB.rangeC.llLim.f: 0.0
14:23:47.504 [openiec61850-osi-server-7-thread-1] DEBUG com.beanit.openiec61850.ServerAssociation - sub BDA is:IEDBiogasCHP/MMXU1.Z.phsB.rangeC.min.i: 0
14:23:47.504 [openiec61850-osi-server-7-thread-1] DEBUG com.beanit.openiec61850.ServerAssociation - sub BDA is:IEDBiogasCHP/MMXU1.Z.phsB.rangeC.min.f: 0.0
14:23:47.504 [openiec61850-osi-server-7-thread-1] DEBUG com.beanit.openiec61850.ServerAssociation - sub BDA is:IEDBiogasCHP/MMXU1.Z.phsB.rangeC.max.i: 0
14:23:47.504 [openiec61850-osi-server-7-thread-1] DEBUG com.beanit.openiec61850.ServerAssociation - sub BDA is:IEDBiogasCHP/MMXU1.Z.phsB.rangeC.max.f: 0.0
14:23:47.504 [openiec61850-osi-server-7-thread-1] DEBUG com.beanit.openiec61850.ServerAssociation - sub BDA is:IEDBiogasCHP/MMXU1.Z.phsB.magSVC.scaleFactor: 0.0
14:23:47.504 [openiec61850-osi-server-7-thread-1] DEBUG com.beanit.openiec61850.ServerAssociation - sub BDA is:IEDBiogasCHP/MMXU1.Z.phsB.magSVC.offset: 0.0
14:23:47.504 [openiec61850-osi-server-7-thread-1] DEBUG com.beanit.openiec61850.ServerAssociation - sub BDA is:IEDBiogasCHP/MMXU1.Z.phsB.angSVC.scaleFactor: 0.0
14:23:47.504 [openiec61850-osi-server-7-thread-1] DEBUG com.beanit.openiec61850.ServerAssociation - sub BDA is:IEDBiogasCHP/MMXU1.Z.phsB.angSVC.offset: 0.0
14:23:47.504 [openiec61850-osi-server-7-thread-1] DEBUG com.beanit.openiec61850.ServerAssociation - sub BDA is:IEDBiogasCHP/MMXU1.Z.phsB.angRef: 0
14:23:47.504 [openiec61850-osi-server-7-thread-1] DEBUG com.beanit.openiec61850.ServerAssociation - sub BDA is:IEDBiogasCHP/MMXU1.Z.phsB.smpRate: 0
calling GetDataValues(IEDBiogasCHP/MMXU1.Z.phsB.units)
14:23:47.504 [openiec61850-osi-server-7-thread-1] DEBUG com.beanit.openiec61850.ServerAssociation - Got a GetDataValues request for node: IEDBiogasCHP/MMXU1.Z.phsB.units [CF]
IEDBiogasCHP/MMXU1.Z.phsB.units.SIUnit: 0
IEDBiogasCHP/MMXU1.Z.phsB.units.multiplier: 0
14:23:47.504 [openiec61850-osi-server-7-thread-1] DEBUG com.beanit.openiec61850.ServerAssociation - sub BDA is:IEDBiogasCHP/MMXU1.Z.phsB.units.SIUnit: 0
14:23:47.504 [openiec61850-osi-server-7-thread-1] DEBUG com.beanit.openiec61850.ServerAssociation - sub BDA is:IEDBiogasCHP/MMXU1.Z.phsB.units.multiplier: 0
calling GetDataValues(IEDBiogasCHP/MMXU1.Z.phsB.units.SIUnit)
14:23:47.504 [openiec61850-osi-server-7-thread-1] DEBUG com.beanit.openiec61850.ServerAssociation - Got a GetDataValues request for node: IEDBiogasCHP/MMXU1.Z.phsB.units.SIUnit: 0
calling GetDataValues(IEDBiogasCHP/MMXU1.Z.phsB.units.multiplier)
14:23:47.504 [openiec61850-osi-server-7-thread-1] DEBUG com.beanit.openiec61850.ServerAssociation - Got a GetDataValues request for node: IEDBiogasCHP/MMXU1.Z.phsB.units.multiplier: 0
calling GetDataValues(IEDBiogasCHP/MMXU1.Z.phsB.db)
14:23:47.504 [openiec61850-osi-server-7-thread-1] DEBUG com.beanit.openiec61850.ServerAssociation - Got a GetDataValues request for node: IEDBiogasCHP/MMXU1.Z.phsB.db: 0
calling GetDataValues(IEDBiogasCHP/MMXU1.Z.phsB.zeroDb)
14:23:47.505 [openiec61850-osi-server-7-thread-1] DEBUG com.beanit.openiec61850.ServerAssociation - Got a GetDataValues request for node: IEDBiogasCHP/MMXU1.Z.phsB.zeroDb: 0
calling GetDataValues(IEDBiogasCHP/MMXU1.Z.phsB.rangeC)
14:23:47.505 [openiec61850-osi-server-7-thread-1] DEBUG com.beanit.openiec61850.ServerAssociation - Got a GetDataValues request for node: IEDBiogasCHP/MMXU1.Z.phsB.rangeC [CF]
IEDBiogasCHP/MMXU1.Z.phsB.rangeC.hhLim [CF]
IEDBiogasCHP/MMXU1.Z.phsB.rangeC.hhLim.i: 0
IEDBiogasCHP/MMXU1.Z.phsB.rangeC.hhLim.f: 0.0
IEDBiogasCHP/MMXU1.Z.phsB.rangeC.hLim [CF]
IEDBiogasCHP/MMXU1.Z.phsB.rangeC.hLim.i: 0
IEDBiogasCHP/MMXU1.Z.phsB.rangeC.hLim.f: 0.0
IEDBiogasCHP/MMXU1.Z.phsB.rangeC.lLim [CF]
IEDBiogasCHP/MMXU1.Z.phsB.rangeC.lLim.i: 0
IEDBiogasCHP/MMXU1.Z.phsB.rangeC.lLim.f: 0.0
IEDBiogasCHP/MMXU1.Z.phsB.rangeC.llLim [CF]
IEDBiogasCHP/MMXU1.Z.phsB.rangeC.llLim.i: 0
IEDBiogasCHP/MMXU1.Z.phsB.rangeC.llLim.f: 0.0
IEDBiogasCHP/MMXU1.Z.phsB.rangeC.min [CF]
IEDBiogasCHP/MMXU1.Z.phsB.rangeC.min.i: 0
IEDBiogasCHP/MMXU1.Z.phsB.rangeC.min.f: 0.0
IEDBiogasCHP/MMXU1.Z.phsB.rangeC.max [CF]
IEDBiogasCHP/MMXU1.Z.phsB.rangeC.max.i: 0
IEDBiogasCHP/MMXU1.Z.phsB.rangeC.max.f: 0.0
14:23:47.505 [openiec61850-osi-server-7-thread-1] DEBUG com.beanit.openiec61850.ServerAssociation - sub BDA is:IEDBiogasCHP/MMXU1.Z.phsB.rangeC.hhLim.i: 0
14:23:47.505 [openiec61850-osi-server-7-thread-1] DEBUG com.beanit.openiec61850.ServerAssociation - sub BDA is:IEDBiogasCHP/MMXU1.Z.phsB.rangeC.hhLim.f: 0.0
14:23:47.505 [openiec61850-osi-server-7-thread-1] DEBUG com.beanit.openiec61850.ServerAssociation - sub BDA is:IEDBiogasCHP/MMXU1.Z.phsB.rangeC.hLim.i: 0
14:23:47.505 [openiec61850-osi-server-7-thread-1] DEBUG com.beanit.openiec61850.ServerAssociation - sub BDA is:IEDBiogasCHP/MMXU1.Z.phsB.rangeC.hLim.f: 0.0
14:23:47.505 [openiec61850-osi-server-7-thread-1] DEBUG com.beanit.openiec61850.ServerAssociation - sub BDA is:IEDBiogasCHP/MMXU1.Z.phsB.rangeC.lLim.i: 0
14:23:47.505 [openiec61850-osi-server-7-thread-1] DEBUG com.beanit.openiec61850.ServerAssociation - sub BDA is:IEDBiogasCHP/MMXU1.Z.phsB.rangeC.lLim.f: 0.0
14:23:47.505 [openiec61850-osi-server-7-thread-1] DEBUG com.beanit.openiec61850.ServerAssociation - sub BDA is:IEDBiogasCHP/MMXU1.Z.phsB.rangeC.llLim.i: 0
14:23:47.505 [openiec61850-osi-server-7-thread-1] DEBUG com.beanit.openiec61850.ServerAssociation - sub BDA is:IEDBiogasCHP/MMXU1.Z.phsB.rangeC.llLim.f: 0.0
14:23:47.505 [openiec61850-osi-server-7-thread-1] DEBUG com.beanit.openiec61850.ServerAssociation - sub BDA is:IEDBiogasCHP/MMXU1.Z.phsB.rangeC.min.i: 0
14:23:47.505 [openiec61850-osi-server-7-thread-1] DEBUG com.beanit.openiec61850.ServerAssociation - sub BDA is:IEDBiogasCHP/MMXU1.Z.phsB.rangeC.min.f: 0.0
14:23:47.505 [openiec61850-osi-server-7-thread-1] DEBUG com.beanit.openiec61850.ServerAssociation - sub BDA is:IEDBiogasCHP/MMXU1.Z.phsB.rangeC.max.i: 0
14:23:47.505 [openiec61850-osi-server-7-thread-1] DEBUG com.beanit.openiec61850.ServerAssociation - sub BDA is:IEDBiogasCHP/MMXU1.Z.phsB.rangeC.max.f: 0.0
calling GetDataValues(IEDBiogasCHP/MMXU1.Z.phsB.rangeC.hhLim)
14:23:47.505 [openiec61850-osi-server-7-thread-1] DEBUG com.beanit.openiec61850.ServerAssociation - Got a GetDataValues request for node: IEDBiogasCHP/MMXU1.Z.phsB.rangeC.hhLim [CF]
IEDBiogasCHP/MMXU1.Z.phsB.rangeC.hhLim.i: 0
IEDBiogasCHP/MMXU1.Z.phsB.rangeC.hhLim.f: 0.0
14:23:47.505 [openiec61850-osi-server-7-thread-1] DEBUG com.beanit.openiec61850.ServerAssociation - sub BDA is:IEDBiogasCHP/MMXU1.Z.phsB.rangeC.hhLim.i: 0
14:23:47.505 [openiec61850-osi-server-7-thread-1] DEBUG com.beanit.openiec61850.ServerAssociation - sub BDA is:IEDBiogasCHP/MMXU1.Z.phsB.rangeC.hhLim.f: 0.0
calling GetDataValues(IEDBiogasCHP/MMXU1.Z.phsB.rangeC.hhLim.i)
14:23:47.505 [openiec61850-osi-server-7-thread-1] DEBUG com.beanit.openiec61850.ServerAssociation - Got a GetDataValues request for node: IEDBiogasCHP/MMXU1.Z.phsB.rangeC.hhLim.i: 0
calling GetDataValues(IEDBiogasCHP/MMXU1.Z.phsB.rangeC.hhLim.f)
14:23:47.505 [openiec61850-osi-server-7-thread-1] DEBUG com.beanit.openiec61850.ServerAssociation - Got a GetDataValues request for node: IEDBiogasCHP/MMXU1.Z.phsB.rangeC.hhLim.f: 0.0
calling GetDataValues(IEDBiogasCHP/MMXU1.Z.phsB.rangeC.hLim)
14:23:47.505 [openiec61850-osi-server-7-thread-1] DEBUG com.beanit.openiec61850.ServerAssociation - Got a GetDataValues request for node: IEDBiogasCHP/MMXU1.Z.phsB.rangeC.hLim [CF]
IEDBiogasCHP/MMXU1.Z.phsB.rangeC.hLim.i: 0
IEDBiogasCHP/MMXU1.Z.phsB.rangeC.hLim.f: 0.0
14:23:47.505 [openiec61850-osi-server-7-thread-1] DEBUG com.beanit.openiec61850.ServerAssociation - sub BDA is:IEDBiogasCHP/MMXU1.Z.phsB.rangeC.hLim.i: 0
14:23:47.505 [openiec61850-osi-server-7-thread-1] DEBUG com.beanit.openiec61850.ServerAssociation - sub BDA is:IEDBiogasCHP/MMXU1.Z.phsB.rangeC.hLim.f: 0.0
calling GetDataValues(IEDBiogasCHP/MMXU1.Z.phsB.rangeC.hLim.i)
14:23:47.505 [openiec61850-osi-server-7-thread-1] DEBUG com.beanit.openiec61850.ServerAssociation - Got a GetDataValues request for node: IEDBiogasCHP/MMXU1.Z.phsB.rangeC.hLim.i: 0
calling GetDataValues(IEDBiogasCHP/MMXU1.Z.phsB.rangeC.hLim.f)
14:23:47.506 [openiec61850-osi-server-7-thread-1] DEBUG com.beanit.openiec61850.ServerAssociation - Got a GetDataValues request for node: IEDBiogasCHP/MMXU1.Z.phsB.rangeC.hLim.f: 0.0
calling GetDataValues(IEDBiogasCHP/MMXU1.Z.phsB.rangeC.lLim)
14:23:47.506 [openiec61850-osi-server-7-thread-1] DEBUG com.beanit.openiec61850.ServerAssociation - Got a GetDataValues request for node: IEDBiogasCHP/MMXU1.Z.phsB.rangeC.lLim [CF]
IEDBiogasCHP/MMXU1.Z.phsB.rangeC.lLim.i: 0
IEDBiogasCHP/MMXU1.Z.phsB.rangeC.lLim.f: 0.0
14:23:47.506 [openiec61850-osi-server-7-thread-1] DEBUG com.beanit.openiec61850.ServerAssociation - sub BDA is:IEDBiogasCHP/MMXU1.Z.phsB.rangeC.lLim.i: 0
14:23:47.506 [openiec61850-osi-server-7-thread-1] DEBUG com.beanit.openiec61850.ServerAssociation - sub BDA is:IEDBiogasCHP/MMXU1.Z.phsB.rangeC.lLim.f: 0.0
calling GetDataValues(IEDBiogasCHP/MMXU1.Z.phsB.rangeC.lLim.i)
14:23:47.506 [openiec61850-osi-server-7-thread-1] DEBUG com.beanit.openiec61850.ServerAssociation - Got a GetDataValues request for node: IEDBiogasCHP/MMXU1.Z.phsB.rangeC.lLim.i: 0
calling GetDataValues(IEDBiogasCHP/MMXU1.Z.phsB.rangeC.lLim.f)
14:23:47.506 [openiec61850-osi-server-7-thread-1] DEBUG com.beanit.openiec61850.ServerAssociation - Got a GetDataValues request for node: IEDBiogasCHP/MMXU1.Z.phsB.rangeC.lLim.f: 0.0
calling GetDataValues(IEDBiogasCHP/MMXU1.Z.phsB.rangeC.llLim)
14:23:47.506 [openiec61850-osi-server-7-thread-1] DEBUG com.beanit.openiec61850.ServerAssociation - Got a GetDataValues request for node: IEDBiogasCHP/MMXU1.Z.phsB.rangeC.llLim [CF]
IEDBiogasCHP/MMXU1.Z.phsB.rangeC.llLim.i: 0
IEDBiogasCHP/MMXU1.Z.phsB.rangeC.llLim.f: 0.0
14:23:47.506 [openiec61850-osi-server-7-thread-1] DEBUG com.beanit.openiec61850.ServerAssociation - sub BDA is:IEDBiogasCHP/MMXU1.Z.phsB.rangeC.llLim.i: 0
14:23:47.506 [openiec61850-osi-server-7-thread-1] DEBUG com.beanit.openiec61850.ServerAssociation - sub BDA is:IEDBiogasCHP/MMXU1.Z.phsB.rangeC.llLim.f: 0.0
calling GetDataValues(IEDBiogasCHP/MMXU1.Z.phsB.rangeC.llLim.i)
14:23:47.506 [openiec61850-osi-server-7-thread-1] DEBUG com.beanit.openiec61850.ServerAssociation - Got a GetDataValues request for node: IEDBiogasCHP/MMXU1.Z.phsB.rangeC.llLim.i: 0
calling GetDataValues(IEDBiogasCHP/MMXU1.Z.phsB.rangeC.llLim.f)
14:23:47.506 [openiec61850-osi-server-7-thread-1] DEBUG com.beanit.openiec61850.ServerAssociation - Got a GetDataValues request for node: IEDBiogasCHP/MMXU1.Z.phsB.rangeC.llLim.f: 0.0
calling GetDataValues(IEDBiogasCHP/MMXU1.Z.phsB.rangeC.min)
14:23:47.506 [openiec61850-osi-server-7-thread-1] DEBUG com.beanit.openiec61850.ServerAssociation - Got a GetDataValues request for node: IEDBiogasCHP/MMXU1.Z.phsB.rangeC.min [CF]
IEDBiogasCHP/MMXU1.Z.phsB.rangeC.min.i: 0
IEDBiogasCHP/MMXU1.Z.phsB.rangeC.min.f: 0.0
14:23:47.506 [openiec61850-osi-server-7-thread-1] DEBUG com.beanit.openiec61850.ServerAssociation - sub BDA is:IEDBiogasCHP/MMXU1.Z.phsB.rangeC.min.i: 0
14:23:47.506 [openiec61850-osi-server-7-thread-1] DEBUG com.beanit.openiec61850.ServerAssociation - sub BDA is:IEDBiogasCHP/MMXU1.Z.phsB.rangeC.min.f: 0.0
calling GetDataValues(IEDBiogasCHP/MMXU1.Z.phsB.rangeC.min.i)
14:23:47.507 [openiec61850-osi-server-7-thread-1] DEBUG com.beanit.openiec61850.ServerAssociation - Got a GetDataValues request for node: IEDBiogasCHP/MMXU1.Z.phsB.rangeC.min.i: 0
calling GetDataValues(IEDBiogasCHP/MMXU1.Z.phsB.rangeC.min.f)
14:23:47.507 [openiec61850-osi-server-7-thread-1] DEBUG com.beanit.openiec61850.ServerAssociation - Got a GetDataValues request for node: IEDBiogasCHP/MMXU1.Z.phsB.rangeC.min.f: 0.0
calling GetDataValues(IEDBiogasCHP/MMXU1.Z.phsB.rangeC.max)
14:23:47.507 [openiec61850-osi-server-7-thread-1] DEBUG com.beanit.openiec61850.ServerAssociation - Got a GetDataValues request for node: IEDBiogasCHP/MMXU1.Z.phsB.rangeC.max [CF]
IEDBiogasCHP/MMXU1.Z.phsB.rangeC.max.i: 0
IEDBiogasCHP/MMXU1.Z.phsB.rangeC.max.f: 0.0
14:23:47.507 [openiec61850-osi-server-7-thread-1] DEBUG com.beanit.openiec61850.ServerAssociation - sub BDA is:IEDBiogasCHP/MMXU1.Z.phsB.rangeC.max.i: 0
14:23:47.507 [openiec61850-osi-server-7-thread-1] DEBUG com.beanit.openiec61850.ServerAssociation - sub BDA is:IEDBiogasCHP/MMXU1.Z.phsB.rangeC.max.f: 0.0
calling GetDataValues(IEDBiogasCHP/MMXU1.Z.phsB.rangeC.max.i)
14:23:47.507 [openiec61850-osi-server-7-thread-1] DEBUG com.beanit.openiec61850.ServerAssociation - Got a GetDataValues request for node: IEDBiogasCHP/MMXU1.Z.phsB.rangeC.max.i: 0
calling GetDataValues(IEDBiogasCHP/MMXU1.Z.phsB.rangeC.max.f)
14:23:47.507 [openiec61850-osi-server-7-thread-1] DEBUG com.beanit.openiec61850.ServerAssociation - Got a GetDataValues request for node: IEDBiogasCHP/MMXU1.Z.phsB.rangeC.max.f: 0.0
calling GetDataValues(IEDBiogasCHP/MMXU1.Z.phsB.magSVC)
14:23:47.507 [openiec61850-osi-server-7-thread-1] DEBUG com.beanit.openiec61850.ServerAssociation - Got a GetDataValues request for node: IEDBiogasCHP/MMXU1.Z.phsB.magSVC [CF]
IEDBiogasCHP/MMXU1.Z.phsB.magSVC.scaleFactor: 0.0
IEDBiogasCHP/MMXU1.Z.phsB.magSVC.offset: 0.0
14:23:47.507 [openiec61850-osi-server-7-thread-1] DEBUG com.beanit.openiec61850.ServerAssociation - sub BDA is:IEDBiogasCHP/MMXU1.Z.phsB.magSVC.scaleFactor: 0.0
14:23:47.507 [openiec61850-osi-server-7-thread-1] DEBUG com.beanit.openiec61850.ServerAssociation - sub BDA is:IEDBiogasCHP/MMXU1.Z.phsB.magSVC.offset: 0.0
calling GetDataValues(IEDBiogasCHP/MMXU1.Z.phsB.magSVC.scaleFactor)
14:23:47.507 [openiec61850-osi-server-7-thread-1] DEBUG com.beanit.openiec61850.ServerAssociation - Got a GetDataValues request for node: IEDBiogasCHP/MMXU1.Z.phsB.magSVC.scaleFactor: 0.0
calling GetDataValues(IEDBiogasCHP/MMXU1.Z.phsB.magSVC.offset)
14:23:47.508 [openiec61850-osi-server-7-thread-1] DEBUG com.beanit.openiec61850.ServerAssociation - Got a GetDataValues request for node: IEDBiogasCHP/MMXU1.Z.phsB.magSVC.offset: 0.0
calling GetDataValues(IEDBiogasCHP/MMXU1.Z.phsB.angSVC)
14:23:47.508 [openiec61850-osi-server-7-thread-1] DEBUG com.beanit.openiec61850.ServerAssociation - Got a GetDataValues request for node: IEDBiogasCHP/MMXU1.Z.phsB.angSVC [CF]
IEDBiogasCHP/MMXU1.Z.phsB.angSVC.scaleFactor: 0.0
IEDBiogasCHP/MMXU1.Z.phsB.angSVC.offset: 0.0
14:23:47.508 [openiec61850-osi-server-7-thread-1] DEBUG com.beanit.openiec61850.ServerAssociation - sub BDA is:IEDBiogasCHP/MMXU1.Z.phsB.angSVC.scaleFactor: 0.0
14:23:47.508 [openiec61850-osi-server-7-thread-1] DEBUG com.beanit.openiec61850.ServerAssociation - sub BDA is:IEDBiogasCHP/MMXU1.Z.phsB.angSVC.offset: 0.0
calling GetDataValues(IEDBiogasCHP/MMXU1.Z.phsB.angSVC.scaleFactor)
14:23:47.508 [openiec61850-osi-server-7-thread-1] DEBUG com.beanit.openiec61850.ServerAssociation - Got a GetDataValues request for node: IEDBiogasCHP/MMXU1.Z.phsB.angSVC.scaleFactor: 0.0
calling GetDataValues(IEDBiogasCHP/MMXU1.Z.phsB.angSVC.offset)
14:23:47.508 [openiec61850-osi-server-7-thread-1] DEBUG com.beanit.openiec61850.ServerAssociation - Got a GetDataValues request for node: IEDBiogasCHP/MMXU1.Z.phsB.angSVC.offset: 0.0
calling GetDataValues(IEDBiogasCHP/MMXU1.Z.phsB.angRef)
14:23:47.508 [openiec61850-osi-server-7-thread-1] DEBUG com.beanit.openiec61850.ServerAssociation - Got a GetDataValues request for node: IEDBiogasCHP/MMXU1.Z.phsB.angRef: 0
calling GetDataValues(IEDBiogasCHP/MMXU1.Z.phsB.smpRate)
14:23:47.508 [openiec61850-osi-server-7-thread-1] DEBUG com.beanit.openiec61850.ServerAssociation - Got a GetDataValues request for node: IEDBiogasCHP/MMXU1.Z.phsB.smpRate: 0
calling GetDataValues(IEDBiogasCHP/MMXU1.Z.phsC)
14:23:47.508 [openiec61850-osi-server-7-thread-1] DEBUG com.beanit.openiec61850.ServerAssociation - Got a GetDataValues request for node: IEDBiogasCHP/MMXU1.Z.phsC [CF]
IEDBiogasCHP/MMXU1.Z.phsC.units [CF]
IEDBiogasCHP/MMXU1.Z.phsC.units.SIUnit: 0
IEDBiogasCHP/MMXU1.Z.phsC.units.multiplier: 0
IEDBiogasCHP/MMXU1.Z.phsC.db: 0
IEDBiogasCHP/MMXU1.Z.phsC.zeroDb: 0
IEDBiogasCHP/MMXU1.Z.phsC.rangeC [CF]
IEDBiogasCHP/MMXU1.Z.phsC.rangeC.hhLim [CF]
IEDBiogasCHP/MMXU1.Z.phsC.rangeC.hhLim.i: 0
IEDBiogasCHP/MMXU1.Z.phsC.rangeC.hhLim.f: 0.0
IEDBiogasCHP/MMXU1.Z.phsC.rangeC.hLim [CF]
IEDBiogasCHP/MMXU1.Z.phsC.rangeC.hLim.i: 0
IEDBiogasCHP/MMXU1.Z.phsC.rangeC.hLim.f: 0.0
IEDBiogasCHP/MMXU1.Z.phsC.rangeC.lLim [CF]
IEDBiogasCHP/MMXU1.Z.phsC.rangeC.lLim.i: 0
IEDBiogasCHP/MMXU1.Z.phsC.rangeC.lLim.f: 0.0
IEDBiogasCHP/MMXU1.Z.phsC.rangeC.llLim [CF]
IEDBiogasCHP/MMXU1.Z.phsC.rangeC.llLim.i: 0
IEDBiogasCHP/MMXU1.Z.phsC.rangeC.llLim.f: 0.0
IEDBiogasCHP/MMXU1.Z.phsC.rangeC.min [CF]
IEDBiogasCHP/MMXU1.Z.phsC.rangeC.min.i: 0
IEDBiogasCHP/MMXU1.Z.phsC.rangeC.min.f: 0.0
IEDBiogasCHP/MMXU1.Z.phsC.rangeC.max [CF]
IEDBiogasCHP/MMXU1.Z.phsC.rangeC.max.i: 0
IEDBiogasCHP/MMXU1.Z.phsC.rangeC.max.f: 0.0
IEDBiogasCHP/MMXU1.Z.phsC.magSVC [CF]
IEDBiogasCHP/MMXU1.Z.phsC.magSVC.scaleFactor: 0.0
IEDBiogasCHP/MMXU1.Z.phsC.magSVC.offset: 0.0
IEDBiogasCHP/MMXU1.Z.phsC.angSVC [CF]
IEDBiogasCHP/MMXU1.Z.phsC.angSVC.scaleFactor: 0.0
IEDBiogasCHP/MMXU1.Z.phsC.angSVC.offset: 0.0
IEDBiogasCHP/MMXU1.Z.phsC.angRef: 0
IEDBiogasCHP/MMXU1.Z.phsC.smpRate: 0
14:23:47.508 [openiec61850-osi-server-7-thread-1] DEBUG com.beanit.openiec61850.ServerAssociation - sub BDA is:IEDBiogasCHP/MMXU1.Z.phsC.units.SIUnit: 0
14:23:47.508 [openiec61850-osi-server-7-thread-1] DEBUG com.beanit.openiec61850.ServerAssociation - sub BDA is:IEDBiogasCHP/MMXU1.Z.phsC.units.multiplier: 0
14:23:47.508 [openiec61850-osi-server-7-thread-1] DEBUG com.beanit.openiec61850.ServerAssociation - sub BDA is:IEDBiogasCHP/MMXU1.Z.phsC.db: 0
14:23:47.508 [openiec61850-osi-server-7-thread-1] DEBUG com.beanit.openiec61850.ServerAssociation - sub BDA is:IEDBiogasCHP/MMXU1.Z.phsC.zeroDb: 0
14:23:47.508 [openiec61850-osi-server-7-thread-1] DEBUG com.beanit.openiec61850.ServerAssociation - sub BDA is:IEDBiogasCHP/MMXU1.Z.phsC.rangeC.hhLim.i: 0
14:23:47.508 [openiec61850-osi-server-7-thread-1] DEBUG com.beanit.openiec61850.ServerAssociation - sub BDA is:IEDBiogasCHP/MMXU1.Z.phsC.rangeC.hhLim.f: 0.0
14:23:47.508 [openiec61850-osi-server-7-thread-1] DEBUG com.beanit.openiec61850.ServerAssociation - sub BDA is:IEDBiogasCHP/MMXU1.Z.phsC.rangeC.hLim.i: 0
14:23:47.508 [openiec61850-osi-server-7-thread-1] DEBUG com.beanit.openiec61850.ServerAssociation - sub BDA is:IEDBiogasCHP/MMXU1.Z.phsC.rangeC.hLim.f: 0.0
14:23:47.508 [openiec61850-osi-server-7-thread-1] DEBUG com.beanit.openiec61850.ServerAssociation - sub BDA is:IEDBiogasCHP/MMXU1.Z.phsC.rangeC.lLim.i: 0
14:23:47.508 [openiec61850-osi-server-7-thread-1] DEBUG com.beanit.openiec61850.ServerAssociation - sub BDA is:IEDBiogasCHP/MMXU1.Z.phsC.rangeC.lLim.f: 0.0
14:23:47.508 [openiec61850-osi-server-7-thread-1] DEBUG com.beanit.openiec61850.ServerAssociation - sub BDA is:IEDBiogasCHP/MMXU1.Z.phsC.rangeC.llLim.i: 0
14:23:47.508 [openiec61850-osi-server-7-thread-1] DEBUG com.beanit.openiec61850.ServerAssociation - sub BDA is:IEDBiogasCHP/MMXU1.Z.phsC.rangeC.llLim.f: 0.0
14:23:47.508 [openiec61850-osi-server-7-thread-1] DEBUG com.beanit.openiec61850.ServerAssociation - sub BDA is:IEDBiogasCHP/MMXU1.Z.phsC.rangeC.min.i: 0
14:23:47.508 [openiec61850-osi-server-7-thread-1] DEBUG com.beanit.openiec61850.ServerAssociation - sub BDA is:IEDBiogasCHP/MMXU1.Z.phsC.rangeC.min.f: 0.0
14:23:47.508 [openiec61850-osi-server-7-thread-1] DEBUG com.beanit.openiec61850.ServerAssociation - sub BDA is:IEDBiogasCHP/MMXU1.Z.phsC.rangeC.max.i: 0
14:23:47.508 [openiec61850-osi-server-7-thread-1] DEBUG com.beanit.openiec61850.ServerAssociation - sub BDA is:IEDBiogasCHP/MMXU1.Z.phsC.rangeC.max.f: 0.0
14:23:47.508 [openiec61850-osi-server-7-thread-1] DEBUG com.beanit.openiec61850.ServerAssociation - sub BDA is:IEDBiogasCHP/MMXU1.Z.phsC.magSVC.scaleFactor: 0.0
14:23:47.508 [openiec61850-osi-server-7-thread-1] DEBUG com.beanit.openiec61850.ServerAssociation - sub BDA is:IEDBiogasCHP/MMXU1.Z.phsC.magSVC.offset: 0.0
14:23:47.508 [openiec61850-osi-server-7-thread-1] DEBUG com.beanit.openiec61850.ServerAssociation - sub BDA is:IEDBiogasCHP/MMXU1.Z.phsC.angSVC.scaleFactor: 0.0
14:23:47.508 [openiec61850-osi-server-7-thread-1] DEBUG com.beanit.openiec61850.ServerAssociation - sub BDA is:IEDBiogasCHP/MMXU1.Z.phsC.angSVC.offset: 0.0
14:23:47.508 [openiec61850-osi-server-7-thread-1] DEBUG com.beanit.openiec61850.ServerAssociation - sub BDA is:IEDBiogasCHP/MMXU1.Z.phsC.angRef: 0
14:23:47.508 [openiec61850-osi-server-7-thread-1] DEBUG com.beanit.openiec61850.ServerAssociation - sub BDA is:IEDBiogasCHP/MMXU1.Z.phsC.smpRate: 0
calling GetDataValues(IEDBiogasCHP/MMXU1.Z.phsC.units)
14:23:47.509 [openiec61850-osi-server-7-thread-1] DEBUG com.beanit.openiec61850.ServerAssociation - Got a GetDataValues request for node: IEDBiogasCHP/MMXU1.Z.phsC.units [CF]
IEDBiogasCHP/MMXU1.Z.phsC.units.SIUnit: 0
IEDBiogasCHP/MMXU1.Z.phsC.units.multiplier: 0
14:23:47.509 [openiec61850-osi-server-7-thread-1] DEBUG com.beanit.openiec61850.ServerAssociation - sub BDA is:IEDBiogasCHP/MMXU1.Z.phsC.units.SIUnit: 0
14:23:47.509 [openiec61850-osi-server-7-thread-1] DEBUG com.beanit.openiec61850.ServerAssociation - sub BDA is:IEDBiogasCHP/MMXU1.Z.phsC.units.multiplier: 0
calling GetDataValues(IEDBiogasCHP/MMXU1.Z.phsC.units.SIUnit)
14:23:47.509 [openiec61850-osi-server-7-thread-1] DEBUG com.beanit.openiec61850.ServerAssociation - Got a GetDataValues request for node: IEDBiogasCHP/MMXU1.Z.phsC.units.SIUnit: 0
calling GetDataValues(IEDBiogasCHP/MMXU1.Z.phsC.units.multiplier)
14:23:47.509 [openiec61850-osi-server-7-thread-1] DEBUG com.beanit.openiec61850.ServerAssociation - Got a GetDataValues request for node: IEDBiogasCHP/MMXU1.Z.phsC.units.multiplier: 0
calling GetDataValues(IEDBiogasCHP/MMXU1.Z.phsC.db)
14:23:47.509 [openiec61850-osi-server-7-thread-1] DEBUG com.beanit.openiec61850.ServerAssociation - Got a GetDataValues request for node: IEDBiogasCHP/MMXU1.Z.phsC.db: 0
calling GetDataValues(IEDBiogasCHP/MMXU1.Z.phsC.zeroDb)
14:23:47.509 [openiec61850-osi-server-7-thread-1] DEBUG com.beanit.openiec61850.ServerAssociation - Got a GetDataValues request for node: IEDBiogasCHP/MMXU1.Z.phsC.zeroDb: 0
calling GetDataValues(IEDBiogasCHP/MMXU1.Z.phsC.rangeC)
14:23:47.509 [openiec61850-osi-server-7-thread-1] DEBUG com.beanit.openiec61850.ServerAssociation - Got a GetDataValues request for node: IEDBiogasCHP/MMXU1.Z.phsC.rangeC [CF]
IEDBiogasCHP/MMXU1.Z.phsC.rangeC.hhLim [CF]
IEDBiogasCHP/MMXU1.Z.phsC.rangeC.hhLim.i: 0
IEDBiogasCHP/MMXU1.Z.phsC.rangeC.hhLim.f: 0.0
IEDBiogasCHP/MMXU1.Z.phsC.rangeC.hLim [CF]
IEDBiogasCHP/MMXU1.Z.phsC.rangeC.hLim.i: 0
IEDBiogasCHP/MMXU1.Z.phsC.rangeC.hLim.f: 0.0
IEDBiogasCHP/MMXU1.Z.phsC.rangeC.lLim [CF]
IEDBiogasCHP/MMXU1.Z.phsC.rangeC.lLim.i: 0
IEDBiogasCHP/MMXU1.Z.phsC.rangeC.lLim.f: 0.0
IEDBiogasCHP/MMXU1.Z.phsC.rangeC.llLim [CF]
IEDBiogasCHP/MMXU1.Z.phsC.rangeC.llLim.i: 0
IEDBiogasCHP/MMXU1.Z.phsC.rangeC.llLim.f: 0.0
IEDBiogasCHP/MMXU1.Z.phsC.rangeC.min [CF]
IEDBiogasCHP/MMXU1.Z.phsC.rangeC.min.i: 0
IEDBiogasCHP/MMXU1.Z.phsC.rangeC.min.f: 0.0
IEDBiogasCHP/MMXU1.Z.phsC.rangeC.max [CF]
IEDBiogasCHP/MMXU1.Z.phsC.rangeC.max.i: 0
IEDBiogasCHP/MMXU1.Z.phsC.rangeC.max.f: 0.0
14:23:47.509 [openiec61850-osi-server-7-thread-1] DEBUG com.beanit.openiec61850.ServerAssociation - sub BDA is:IEDBiogasCHP/MMXU1.Z.phsC.rangeC.hhLim.i: 0
14:23:47.509 [openiec61850-osi-server-7-thread-1] DEBUG com.beanit.openiec61850.ServerAssociation - sub BDA is:IEDBiogasCHP/MMXU1.Z.phsC.rangeC.hhLim.f: 0.0
14:23:47.509 [openiec61850-osi-server-7-thread-1] DEBUG com.beanit.openiec61850.ServerAssociation - sub BDA is:IEDBiogasCHP/MMXU1.Z.phsC.rangeC.hLim.i: 0
14:23:47.509 [openiec61850-osi-server-7-thread-1] DEBUG com.beanit.openiec61850.ServerAssociation - sub BDA is:IEDBiogasCHP/MMXU1.Z.phsC.rangeC.hLim.f: 0.0
14:23:47.509 [openiec61850-osi-server-7-thread-1] DEBUG com.beanit.openiec61850.ServerAssociation - sub BDA is:IEDBiogasCHP/MMXU1.Z.phsC.rangeC.lLim.i: 0
14:23:47.509 [openiec61850-osi-server-7-thread-1] DEBUG com.beanit.openiec61850.ServerAssociation - sub BDA is:IEDBiogasCHP/MMXU1.Z.phsC.rangeC.lLim.f: 0.0
14:23:47.509 [openiec61850-osi-server-7-thread-1] DEBUG com.beanit.openiec61850.ServerAssociation - sub BDA is:IEDBiogasCHP/MMXU1.Z.phsC.rangeC.llLim.i: 0
14:23:47.509 [openiec61850-osi-server-7-thread-1] DEBUG com.beanit.openiec61850.ServerAssociation - sub BDA is:IEDBiogasCHP/MMXU1.Z.phsC.rangeC.llLim.f: 0.0
14:23:47.509 [openiec61850-osi-server-7-thread-1] DEBUG com.beanit.openiec61850.ServerAssociation - sub BDA is:IEDBiogasCHP/MMXU1.Z.phsC.rangeC.min.i: 0
14:23:47.509 [openiec61850-osi-server-7-thread-1] DEBUG com.beanit.openiec61850.ServerAssociation - sub BDA is:IEDBiogasCHP/MMXU1.Z.phsC.rangeC.min.f: 0.0
14:23:47.509 [openiec61850-osi-server-7-thread-1] DEBUG com.beanit.openiec61850.ServerAssociation - sub BDA is:IEDBiogasCHP/MMXU1.Z.phsC.rangeC.max.i: 0
14:23:47.509 [openiec61850-osi-server-7-thread-1] DEBUG com.beanit.openiec61850.ServerAssociation - sub BDA is:IEDBiogasCHP/MMXU1.Z.phsC.rangeC.max.f: 0.0
calling GetDataValues(IEDBiogasCHP/MMXU1.Z.phsC.rangeC.hhLim)
14:23:47.510 [openiec61850-osi-server-7-thread-1] DEBUG com.beanit.openiec61850.ServerAssociation - Got a GetDataValues request for node: IEDBiogasCHP/MMXU1.Z.phsC.rangeC.hhLim [CF]
IEDBiogasCHP/MMXU1.Z.phsC.rangeC.hhLim.i: 0
IEDBiogasCHP/MMXU1.Z.phsC.rangeC.hhLim.f: 0.0
14:23:47.510 [openiec61850-osi-server-7-thread-1] DEBUG com.beanit.openiec61850.ServerAssociation - sub BDA is:IEDBiogasCHP/MMXU1.Z.phsC.rangeC.hhLim.i: 0
14:23:47.510 [openiec61850-osi-server-7-thread-1] DEBUG com.beanit.openiec61850.ServerAssociation - sub BDA is:IEDBiogasCHP/MMXU1.Z.phsC.rangeC.hhLim.f: 0.0
calling GetDataValues(IEDBiogasCHP/MMXU1.Z.phsC.rangeC.hhLim.i)
14:23:47.510 [openiec61850-osi-server-7-thread-1] DEBUG com.beanit.openiec61850.ServerAssociation - Got a GetDataValues request for node: IEDBiogasCHP/MMXU1.Z.phsC.rangeC.hhLim.i: 0
calling GetDataValues(IEDBiogasCHP/MMXU1.Z.phsC.rangeC.hhLim.f)
14:23:47.510 [openiec61850-osi-server-7-thread-1] DEBUG com.beanit.openiec61850.ServerAssociation - Got a GetDataValues request for node: IEDBiogasCHP/MMXU1.Z.phsC.rangeC.hhLim.f: 0.0
calling GetDataValues(IEDBiogasCHP/MMXU1.Z.phsC.rangeC.hLim)
14:23:47.510 [openiec61850-osi-server-7-thread-1] DEBUG com.beanit.openiec61850.ServerAssociation - Got a GetDataValues request for node: IEDBiogasCHP/MMXU1.Z.phsC.rangeC.hLim [CF]
IEDBiogasCHP/MMXU1.Z.phsC.rangeC.hLim.i: 0
IEDBiogasCHP/MMXU1.Z.phsC.rangeC.hLim.f: 0.0
14:23:47.510 [openiec61850-osi-server-7-thread-1] DEBUG com.beanit.openiec61850.ServerAssociation - sub BDA is:IEDBiogasCHP/MMXU1.Z.phsC.rangeC.hLim.i: 0
14:23:47.510 [openiec61850-osi-server-7-thread-1] DEBUG com.beanit.openiec61850.ServerAssociation - sub BDA is:IEDBiogasCHP/MMXU1.Z.phsC.rangeC.hLim.f: 0.0
calling GetDataValues(IEDBiogasCHP/MMXU1.Z.phsC.rangeC.hLim.i)
14:23:47.510 [openiec61850-osi-server-7-thread-1] DEBUG com.beanit.openiec61850.ServerAssociation - Got a GetDataValues request for node: IEDBiogasCHP/MMXU1.Z.phsC.rangeC.hLim.i: 0
calling GetDataValues(IEDBiogasCHP/MMXU1.Z.phsC.rangeC.hLim.f)
14:23:47.510 [openiec61850-osi-server-7-thread-1] DEBUG com.beanit.openiec61850.ServerAssociation - Got a GetDataValues request for node: IEDBiogasCHP/MMXU1.Z.phsC.rangeC.hLim.f: 0.0
calling GetDataValues(IEDBiogasCHP/MMXU1.Z.phsC.rangeC.lLim)
14:23:47.510 [openiec61850-osi-server-7-thread-1] DEBUG com.beanit.openiec61850.ServerAssociation - Got a GetDataValues request for node: IEDBiogasCHP/MMXU1.Z.phsC.rangeC.lLim [CF]
IEDBiogasCHP/MMXU1.Z.phsC.rangeC.lLim.i: 0
IEDBiogasCHP/MMXU1.Z.phsC.rangeC.lLim.f: 0.0
14:23:47.510 [openiec61850-osi-server-7-thread-1] DEBUG com.beanit.openiec61850.ServerAssociation - sub BDA is:IEDBiogasCHP/MMXU1.Z.phsC.rangeC.lLim.i: 0
14:23:47.510 [openiec61850-osi-server-7-thread-1] DEBUG com.beanit.openiec61850.ServerAssociation - sub BDA is:IEDBiogasCHP/MMXU1.Z.phsC.rangeC.lLim.f: 0.0
calling GetDataValues(IEDBiogasCHP/MMXU1.Z.phsC.rangeC.lLim.i)
14:23:47.510 [openiec61850-osi-server-7-thread-1] DEBUG com.beanit.openiec61850.ServerAssociation - Got a GetDataValues request for node: IEDBiogasCHP/MMXU1.Z.phsC.rangeC.lLim.i: 0
calling GetDataValues(IEDBiogasCHP/MMXU1.Z.phsC.rangeC.lLim.f)
14:23:47.511 [openiec61850-osi-server-7-thread-1] DEBUG com.beanit.openiec61850.ServerAssociation - Got a GetDataValues request for node: IEDBiogasCHP/MMXU1.Z.phsC.rangeC.lLim.f: 0.0
calling GetDataValues(IEDBiogasCHP/MMXU1.Z.phsC.rangeC.llLim)
14:23:47.511 [openiec61850-osi-server-7-thread-1] DEBUG com.beanit.openiec61850.ServerAssociation - Got a GetDataValues request for node: IEDBiogasCHP/MMXU1.Z.phsC.rangeC.llLim [CF]
IEDBiogasCHP/MMXU1.Z.phsC.rangeC.llLim.i: 0
IEDBiogasCHP/MMXU1.Z.phsC.rangeC.llLim.f: 0.0
14:23:47.511 [openiec61850-osi-server-7-thread-1] DEBUG com.beanit.openiec61850.ServerAssociation - sub BDA is:IEDBiogasCHP/MMXU1.Z.phsC.rangeC.llLim.i: 0
14:23:47.511 [openiec61850-osi-server-7-thread-1] DEBUG com.beanit.openiec61850.ServerAssociation - sub BDA is:IEDBiogasCHP/MMXU1.Z.phsC.rangeC.llLim.f: 0.0
calling GetDataValues(IEDBiogasCHP/MMXU1.Z.phsC.rangeC.llLim.i)
14:23:47.511 [openiec61850-osi-server-7-thread-1] DEBUG com.beanit.openiec61850.ServerAssociation - Got a GetDataValues request for node: IEDBiogasCHP/MMXU1.Z.phsC.rangeC.llLim.i: 0
calling GetDataValues(IEDBiogasCHP/MMXU1.Z.phsC.rangeC.llLim.f)
14:23:47.511 [openiec61850-osi-server-7-thread-1] DEBUG com.beanit.openiec61850.ServerAssociation - Got a GetDataValues request for node: IEDBiogasCHP/MMXU1.Z.phsC.rangeC.llLim.f: 0.0
calling GetDataValues(IEDBiogasCHP/MMXU1.Z.phsC.rangeC.min)
14:23:47.511 [openiec61850-osi-server-7-thread-1] DEBUG com.beanit.openiec61850.ServerAssociation - Got a GetDataValues request for node: IEDBiogasCHP/MMXU1.Z.phsC.rangeC.min [CF]
IEDBiogasCHP/MMXU1.Z.phsC.rangeC.min.i: 0
IEDBiogasCHP/MMXU1.Z.phsC.rangeC.min.f: 0.0
14:23:47.511 [openiec61850-osi-server-7-thread-1] DEBUG com.beanit.openiec61850.ServerAssociation - sub BDA is:IEDBiogasCHP/MMXU1.Z.phsC.rangeC.min.i: 0
14:23:47.511 [openiec61850-osi-server-7-thread-1] DEBUG com.beanit.openiec61850.ServerAssociation - sub BDA is:IEDBiogasCHP/MMXU1.Z.phsC.rangeC.min.f: 0.0
calling GetDataValues(IEDBiogasCHP/MMXU1.Z.phsC.rangeC.min.i)
14:23:47.511 [openiec61850-osi-server-7-thread-1] DEBUG com.beanit.openiec61850.ServerAssociation - Got a GetDataValues request for node: IEDBiogasCHP/MMXU1.Z.phsC.rangeC.min.i: 0
calling GetDataValues(IEDBiogasCHP/MMXU1.Z.phsC.rangeC.min.f)
14:23:47.511 [openiec61850-osi-server-7-thread-1] DEBUG com.beanit.openiec61850.ServerAssociation - Got a GetDataValues request for node: IEDBiogasCHP/MMXU1.Z.phsC.rangeC.min.f: 0.0
calling GetDataValues(IEDBiogasCHP/MMXU1.Z.phsC.rangeC.max)
14:23:47.511 [openiec61850-osi-server-7-thread-1] DEBUG com.beanit.openiec61850.ServerAssociation - Got a GetDataValues request for node: IEDBiogasCHP/MMXU1.Z.phsC.rangeC.max [CF]
IEDBiogasCHP/MMXU1.Z.phsC.rangeC.max.i: 0
IEDBiogasCHP/MMXU1.Z.phsC.rangeC.max.f: 0.0
14:23:47.511 [openiec61850-osi-server-7-thread-1] DEBUG com.beanit.openiec61850.ServerAssociation - sub BDA is:IEDBiogasCHP/MMXU1.Z.phsC.rangeC.max.i: 0
14:23:47.511 [openiec61850-osi-server-7-thread-1] DEBUG com.beanit.openiec61850.ServerAssociation - sub BDA is:IEDBiogasCHP/MMXU1.Z.phsC.rangeC.max.f: 0.0
calling GetDataValues(IEDBiogasCHP/MMXU1.Z.phsC.rangeC.max.i)
14:23:47.511 [openiec61850-osi-server-7-thread-1] DEBUG com.beanit.openiec61850.ServerAssociation - Got a GetDataValues request for node: IEDBiogasCHP/MMXU1.Z.phsC.rangeC.max.i: 0
calling GetDataValues(IEDBiogasCHP/MMXU1.Z.phsC.rangeC.max.f)
14:23:47.511 [openiec61850-osi-server-7-thread-1] DEBUG com.beanit.openiec61850.ServerAssociation - Got a GetDataValues request for node: IEDBiogasCHP/MMXU1.Z.phsC.rangeC.max.f: 0.0
calling GetDataValues(IEDBiogasCHP/MMXU1.Z.phsC.magSVC)
14:23:47.512 [openiec61850-osi-server-7-thread-1] DEBUG com.beanit.openiec61850.ServerAssociation - Got a GetDataValues request for node: IEDBiogasCHP/MMXU1.Z.phsC.magSVC [CF]
IEDBiogasCHP/MMXU1.Z.phsC.magSVC.scaleFactor: 0.0
IEDBiogasCHP/MMXU1.Z.phsC.magSVC.offset: 0.0
14:23:47.512 [openiec61850-osi-server-7-thread-1] DEBUG com.beanit.openiec61850.ServerAssociation - sub BDA is:IEDBiogasCHP/MMXU1.Z.phsC.magSVC.scaleFactor: 0.0
14:23:47.512 [openiec61850-osi-server-7-thread-1] DEBUG com.beanit.openiec61850.ServerAssociation - sub BDA is:IEDBiogasCHP/MMXU1.Z.phsC.magSVC.offset: 0.0
calling GetDataValues(IEDBiogasCHP/MMXU1.Z.phsC.magSVC.scaleFactor)
14:23:47.512 [openiec61850-osi-server-7-thread-1] DEBUG com.beanit.openiec61850.ServerAssociation - Got a GetDataValues request for node: IEDBiogasCHP/MMXU1.Z.phsC.magSVC.scaleFactor: 0.0
calling GetDataValues(IEDBiogasCHP/MMXU1.Z.phsC.magSVC.offset)
14:23:47.512 [openiec61850-osi-server-7-thread-1] DEBUG com.beanit.openiec61850.ServerAssociation - Got a GetDataValues request for node: IEDBiogasCHP/MMXU1.Z.phsC.magSVC.offset: 0.0
calling GetDataValues(IEDBiogasCHP/MMXU1.Z.phsC.angSVC)
14:23:47.512 [openiec61850-osi-server-7-thread-1] DEBUG com.beanit.openiec61850.ServerAssociation - Got a GetDataValues request for node: IEDBiogasCHP/MMXU1.Z.phsC.angSVC [CF]
IEDBiogasCHP/MMXU1.Z.phsC.angSVC.scaleFactor: 0.0
IEDBiogasCHP/MMXU1.Z.phsC.angSVC.offset: 0.0
14:23:47.512 [openiec61850-osi-server-7-thread-1] DEBUG com.beanit.openiec61850.ServerAssociation - sub BDA is:IEDBiogasCHP/MMXU1.Z.phsC.angSVC.scaleFactor: 0.0
14:23:47.512 [openiec61850-osi-server-7-thread-1] DEBUG com.beanit.openiec61850.ServerAssociation - sub BDA is:IEDBiogasCHP/MMXU1.Z.phsC.angSVC.offset: 0.0
calling GetDataValues(IEDBiogasCHP/MMXU1.Z.phsC.angSVC.scaleFactor)
14:23:47.512 [openiec61850-osi-server-7-thread-1] DEBUG com.beanit.openiec61850.ServerAssociation - Got a GetDataValues request for node: IEDBiogasCHP/MMXU1.Z.phsC.angSVC.scaleFactor: 0.0
calling GetDataValues(IEDBiogasCHP/MMXU1.Z.phsC.angSVC.offset)
14:23:47.512 [openiec61850-osi-server-7-thread-1] DEBUG com.beanit.openiec61850.ServerAssociation - Got a GetDataValues request for node: IEDBiogasCHP/MMXU1.Z.phsC.angSVC.offset: 0.0
calling GetDataValues(IEDBiogasCHP/MMXU1.Z.phsC.angRef)
14:23:47.512 [openiec61850-osi-server-7-thread-1] DEBUG com.beanit.openiec61850.ServerAssociation - Got a GetDataValues request for node: IEDBiogasCHP/MMXU1.Z.phsC.angRef: 0
calling GetDataValues(IEDBiogasCHP/MMXU1.Z.phsC.smpRate)
14:23:47.512 [openiec61850-osi-server-7-thread-1] DEBUG com.beanit.openiec61850.ServerAssociation - Got a GetDataValues request for node: IEDBiogasCHP/MMXU1.Z.phsC.smpRate: 0
calling GetDataValues(IEDBiogasCHP/MMXU1.Z.neut)
14:23:47.512 [openiec61850-osi-server-7-thread-1] DEBUG com.beanit.openiec61850.ServerAssociation - Got a GetDataValues request for node: IEDBiogasCHP/MMXU1.Z.neut [CF]
IEDBiogasCHP/MMXU1.Z.neut.units [CF]
IEDBiogasCHP/MMXU1.Z.neut.units.SIUnit: 0
IEDBiogasCHP/MMXU1.Z.neut.units.multiplier: 0
IEDBiogasCHP/MMXU1.Z.neut.db: 0
IEDBiogasCHP/MMXU1.Z.neut.zeroDb: 0
IEDBiogasCHP/MMXU1.Z.neut.rangeC [CF]
IEDBiogasCHP/MMXU1.Z.neut.rangeC.hhLim [CF]
IEDBiogasCHP/MMXU1.Z.neut.rangeC.hhLim.i: 0
IEDBiogasCHP/MMXU1.Z.neut.rangeC.hhLim.f: 0.0
IEDBiogasCHP/MMXU1.Z.neut.rangeC.hLim [CF]
IEDBiogasCHP/MMXU1.Z.neut.rangeC.hLim.i: 0
IEDBiogasCHP/MMXU1.Z.neut.rangeC.hLim.f: 0.0
IEDBiogasCHP/MMXU1.Z.neut.rangeC.lLim [CF]
IEDBiogasCHP/MMXU1.Z.neut.rangeC.lLim.i: 0
IEDBiogasCHP/MMXU1.Z.neut.rangeC.lLim.f: 0.0
IEDBiogasCHP/MMXU1.Z.neut.rangeC.llLim [CF]
IEDBiogasCHP/MMXU1.Z.neut.rangeC.llLim.i: 0
IEDBiogasCHP/MMXU1.Z.neut.rangeC.llLim.f: 0.0
IEDBiogasCHP/MMXU1.Z.neut.rangeC.min [CF]
IEDBiogasCHP/MMXU1.Z.neut.rangeC.min.i: 0
IEDBiogasCHP/MMXU1.Z.neut.rangeC.min.f: 0.0
IEDBiogasCHP/MMXU1.Z.neut.rangeC.max [CF]
IEDBiogasCHP/MMXU1.Z.neut.rangeC.max.i: 0
IEDBiogasCHP/MMXU1.Z.neut.rangeC.max.f: 0.0
IEDBiogasCHP/MMXU1.Z.neut.magSVC [CF]
IEDBiogasCHP/MMXU1.Z.neut.magSVC.scaleFactor: 0.0
IEDBiogasCHP/MMXU1.Z.neut.magSVC.offset: 0.0
IEDBiogasCHP/MMXU1.Z.neut.angSVC [CF]
IEDBiogasCHP/MMXU1.Z.neut.angSVC.scaleFactor: 0.0
IEDBiogasCHP/MMXU1.Z.neut.angSVC.offset: 0.0
IEDBiogasCHP/MMXU1.Z.neut.angRef: 0
IEDBiogasCHP/MMXU1.Z.neut.smpRate: 0
14:23:47.513 [openiec61850-osi-server-7-thread-1] DEBUG com.beanit.openiec61850.ServerAssociation - sub BDA is:IEDBiogasCHP/MMXU1.Z.neut.units.SIUnit: 0
14:23:47.513 [openiec61850-osi-server-7-thread-1] DEBUG com.beanit.openiec61850.ServerAssociation - sub BDA is:IEDBiogasCHP/MMXU1.Z.neut.units.multiplier: 0
14:23:47.513 [openiec61850-osi-server-7-thread-1] DEBUG com.beanit.openiec61850.ServerAssociation - sub BDA is:IEDBiogasCHP/MMXU1.Z.neut.db: 0
14:23:47.513 [openiec61850-osi-server-7-thread-1] DEBUG com.beanit.openiec61850.ServerAssociation - sub BDA is:IEDBiogasCHP/MMXU1.Z.neut.zeroDb: 0
14:23:47.513 [openiec61850-osi-server-7-thread-1] DEBUG com.beanit.openiec61850.ServerAssociation - sub BDA is:IEDBiogasCHP/MMXU1.Z.neut.rangeC.hhLim.i: 0
14:23:47.513 [openiec61850-osi-server-7-thread-1] DEBUG com.beanit.openiec61850.ServerAssociation - sub BDA is:IEDBiogasCHP/MMXU1.Z.neut.rangeC.hhLim.f: 0.0
14:23:47.513 [openiec61850-osi-server-7-thread-1] DEBUG com.beanit.openiec61850.ServerAssociation - sub BDA is:IEDBiogasCHP/MMXU1.Z.neut.rangeC.hLim.i: 0
14:23:47.513 [openiec61850-osi-server-7-thread-1] DEBUG com.beanit.openiec61850.ServerAssociation - sub BDA is:IEDBiogasCHP/MMXU1.Z.neut.rangeC.hLim.f: 0.0
14:23:47.513 [openiec61850-osi-server-7-thread-1] DEBUG com.beanit.openiec61850.ServerAssociation - sub BDA is:IEDBiogasCHP/MMXU1.Z.neut.rangeC.lLim.i: 0
14:23:47.513 [openiec61850-osi-server-7-thread-1] DEBUG com.beanit.openiec61850.ServerAssociation - sub BDA is:IEDBiogasCHP/MMXU1.Z.neut.rangeC.lLim.f: 0.0
14:23:47.513 [openiec61850-osi-server-7-thread-1] DEBUG com.beanit.openiec61850.ServerAssociation - sub BDA is:IEDBiogasCHP/MMXU1.Z.neut.rangeC.llLim.i: 0
14:23:47.513 [openiec61850-osi-server-7-thread-1] DEBUG com.beanit.openiec61850.ServerAssociation - sub BDA is:IEDBiogasCHP/MMXU1.Z.neut.rangeC.llLim.f: 0.0
14:23:47.513 [openiec61850-osi-server-7-thread-1] DEBUG com.beanit.openiec61850.ServerAssociation - sub BDA is:IEDBiogasCHP/MMXU1.Z.neut.rangeC.min.i: 0
14:23:47.513 [openiec61850-osi-server-7-thread-1] DEBUG com.beanit.openiec61850.ServerAssociation - sub BDA is:IEDBiogasCHP/MMXU1.Z.neut.rangeC.min.f: 0.0
14:23:47.513 [openiec61850-osi-server-7-thread-1] DEBUG com.beanit.openiec61850.ServerAssociation - sub BDA is:IEDBiogasCHP/MMXU1.Z.neut.rangeC.max.i: 0
14:23:47.513 [openiec61850-osi-server-7-thread-1] DEBUG com.beanit.openiec61850.ServerAssociation - sub BDA is:IEDBiogasCHP/MMXU1.Z.neut.rangeC.max.f: 0.0
14:23:47.513 [openiec61850-osi-server-7-thread-1] DEBUG com.beanit.openiec61850.ServerAssociation - sub BDA is:IEDBiogasCHP/MMXU1.Z.neut.magSVC.scaleFactor: 0.0
14:23:47.513 [openiec61850-osi-server-7-thread-1] DEBUG com.beanit.openiec61850.ServerAssociation - sub BDA is:IEDBiogasCHP/MMXU1.Z.neut.magSVC.offset: 0.0
14:23:47.513 [openiec61850-osi-server-7-thread-1] DEBUG com.beanit.openiec61850.ServerAssociation - sub BDA is:IEDBiogasCHP/MMXU1.Z.neut.angSVC.scaleFactor: 0.0
14:23:47.513 [openiec61850-osi-server-7-thread-1] DEBUG com.beanit.openiec61850.ServerAssociation - sub BDA is:IEDBiogasCHP/MMXU1.Z.neut.angSVC.offset: 0.0
14:23:47.513 [openiec61850-osi-server-7-thread-1] DEBUG com.beanit.openiec61850.ServerAssociation - sub BDA is:IEDBiogasCHP/MMXU1.Z.neut.angRef: 0
14:23:47.513 [openiec61850-osi-server-7-thread-1] DEBUG com.beanit.openiec61850.ServerAssociation - sub BDA is:IEDBiogasCHP/MMXU1.Z.neut.smpRate: 0
calling GetDataValues(IEDBiogasCHP/MMXU1.Z.neut.units)
14:23:47.513 [openiec61850-osi-server-7-thread-1] DEBUG com.beanit.openiec61850.ServerAssociation - Got a GetDataValues request for node: IEDBiogasCHP/MMXU1.Z.neut.units [CF]
IEDBiogasCHP/MMXU1.Z.neut.units.SIUnit: 0
IEDBiogasCHP/MMXU1.Z.neut.units.multiplier: 0
14:23:47.513 [openiec61850-osi-server-7-thread-1] DEBUG com.beanit.openiec61850.ServerAssociation - sub BDA is:IEDBiogasCHP/MMXU1.Z.neut.units.SIUnit: 0
14:23:47.513 [openiec61850-osi-server-7-thread-1] DEBUG com.beanit.openiec61850.ServerAssociation - sub BDA is:IEDBiogasCHP/MMXU1.Z.neut.units.multiplier: 0
calling GetDataValues(IEDBiogasCHP/MMXU1.Z.neut.units.SIUnit)
14:23:47.513 [openiec61850-osi-server-7-thread-1] DEBUG com.beanit.openiec61850.ServerAssociation - Got a GetDataValues request for node: IEDBiogasCHP/MMXU1.Z.neut.units.SIUnit: 0
calling GetDataValues(IEDBiogasCHP/MMXU1.Z.neut.units.multiplier)
14:23:47.513 [openiec61850-osi-server-7-thread-1] DEBUG com.beanit.openiec61850.ServerAssociation - Got a GetDataValues request for node: IEDBiogasCHP/MMXU1.Z.neut.units.multiplier: 0
calling GetDataValues(IEDBiogasCHP/MMXU1.Z.neut.db)
14:23:47.513 [openiec61850-osi-server-7-thread-1] DEBUG com.beanit.openiec61850.ServerAssociation - Got a GetDataValues request for node: IEDBiogasCHP/MMXU1.Z.neut.db: 0
calling GetDataValues(IEDBiogasCHP/MMXU1.Z.neut.zeroDb)
14:23:47.513 [openiec61850-osi-server-7-thread-1] DEBUG com.beanit.openiec61850.ServerAssociation - Got a GetDataValues request for node: IEDBiogasCHP/MMXU1.Z.neut.zeroDb: 0
calling GetDataValues(IEDBiogasCHP/MMXU1.Z.neut.rangeC)
14:23:47.513 [openiec61850-osi-server-7-thread-1] DEBUG com.beanit.openiec61850.ServerAssociation - Got a GetDataValues request for node: IEDBiogasCHP/MMXU1.Z.neut.rangeC [CF]
IEDBiogasCHP/MMXU1.Z.neut.rangeC.hhLim [CF]
IEDBiogasCHP/MMXU1.Z.neut.rangeC.hhLim.i: 0
IEDBiogasCHP/MMXU1.Z.neut.rangeC.hhLim.f: 0.0
IEDBiogasCHP/MMXU1.Z.neut.rangeC.hLim [CF]
IEDBiogasCHP/MMXU1.Z.neut.rangeC.hLim.i: 0
IEDBiogasCHP/MMXU1.Z.neut.rangeC.hLim.f: 0.0
IEDBiogasCHP/MMXU1.Z.neut.rangeC.lLim [CF]
IEDBiogasCHP/MMXU1.Z.neut.rangeC.lLim.i: 0
IEDBiogasCHP/MMXU1.Z.neut.rangeC.lLim.f: 0.0
IEDBiogasCHP/MMXU1.Z.neut.rangeC.llLim [CF]
IEDBiogasCHP/MMXU1.Z.neut.rangeC.llLim.i: 0
IEDBiogasCHP/MMXU1.Z.neut.rangeC.llLim.f: 0.0
IEDBiogasCHP/MMXU1.Z.neut.rangeC.min [CF]
IEDBiogasCHP/MMXU1.Z.neut.rangeC.min.i: 0
IEDBiogasCHP/MMXU1.Z.neut.rangeC.min.f: 0.0
IEDBiogasCHP/MMXU1.Z.neut.rangeC.max [CF]
IEDBiogasCHP/MMXU1.Z.neut.rangeC.max.i: 0
IEDBiogasCHP/MMXU1.Z.neut.rangeC.max.f: 0.0
14:23:47.513 [openiec61850-osi-server-7-thread-1] DEBUG com.beanit.openiec61850.ServerAssociation - sub BDA is:IEDBiogasCHP/MMXU1.Z.neut.rangeC.hhLim.i: 0
14:23:47.513 [openiec61850-osi-server-7-thread-1] DEBUG com.beanit.openiec61850.ServerAssociation - sub BDA is:IEDBiogasCHP/MMXU1.Z.neut.rangeC.hhLim.f: 0.0
14:23:47.513 [openiec61850-osi-server-7-thread-1] DEBUG com.beanit.openiec61850.ServerAssociation - sub BDA is:IEDBiogasCHP/MMXU1.Z.neut.rangeC.hLim.i: 0
14:23:47.513 [openiec61850-osi-server-7-thread-1] DEBUG com.beanit.openiec61850.ServerAssociation - sub BDA is:IEDBiogasCHP/MMXU1.Z.neut.rangeC.hLim.f: 0.0
14:23:47.513 [openiec61850-osi-server-7-thread-1] DEBUG com.beanit.openiec61850.ServerAssociation - sub BDA is:IEDBiogasCHP/MMXU1.Z.neut.rangeC.lLim.i: 0
14:23:47.513 [openiec61850-osi-server-7-thread-1] DEBUG com.beanit.openiec61850.ServerAssociation - sub BDA is:IEDBiogasCHP/MMXU1.Z.neut.rangeC.lLim.f: 0.0
14:23:47.513 [openiec61850-osi-server-7-thread-1] DEBUG com.beanit.openiec61850.ServerAssociation - sub BDA is:IEDBiogasCHP/MMXU1.Z.neut.rangeC.llLim.i: 0
14:23:47.513 [openiec61850-osi-server-7-thread-1] DEBUG com.beanit.openiec61850.ServerAssociation - sub BDA is:IEDBiogasCHP/MMXU1.Z.neut.rangeC.llLim.f: 0.0
14:23:47.513 [openiec61850-osi-server-7-thread-1] DEBUG com.beanit.openiec61850.ServerAssociation - sub BDA is:IEDBiogasCHP/MMXU1.Z.neut.rangeC.min.i: 0
14:23:47.513 [openiec61850-osi-server-7-thread-1] DEBUG com.beanit.openiec61850.ServerAssociation - sub BDA is:IEDBiogasCHP/MMXU1.Z.neut.rangeC.min.f: 0.0
14:23:47.513 [openiec61850-osi-server-7-thread-1] DEBUG com.beanit.openiec61850.ServerAssociation - sub BDA is:IEDBiogasCHP/MMXU1.Z.neut.rangeC.max.i: 0
14:23:47.513 [openiec61850-osi-server-7-thread-1] DEBUG com.beanit.openiec61850.ServerAssociation - sub BDA is:IEDBiogasCHP/MMXU1.Z.neut.rangeC.max.f: 0.0
calling GetDataValues(IEDBiogasCHP/MMXU1.Z.neut.rangeC.hhLim)
14:23:47.513 [openiec61850-osi-server-7-thread-1] DEBUG com.beanit.openiec61850.ServerAssociation - Got a GetDataValues request for node: IEDBiogasCHP/MMXU1.Z.neut.rangeC.hhLim [CF]
IEDBiogasCHP/MMXU1.Z.neut.rangeC.hhLim.i: 0
IEDBiogasCHP/MMXU1.Z.neut.rangeC.hhLim.f: 0.0
14:23:47.514 [openiec61850-osi-server-7-thread-1] DEBUG com.beanit.openiec61850.ServerAssociation - sub BDA is:IEDBiogasCHP/MMXU1.Z.neut.rangeC.hhLim.i: 0
14:23:47.514 [openiec61850-osi-server-7-thread-1] DEBUG com.beanit.openiec61850.ServerAssociation - sub BDA is:IEDBiogasCHP/MMXU1.Z.neut.rangeC.hhLim.f: 0.0
calling GetDataValues(IEDBiogasCHP/MMXU1.Z.neut.rangeC.hhLim.i)
14:23:47.514 [openiec61850-osi-server-7-thread-1] DEBUG com.beanit.openiec61850.ServerAssociation - Got a GetDataValues request for node: IEDBiogasCHP/MMXU1.Z.neut.rangeC.hhLim.i: 0
calling GetDataValues(IEDBiogasCHP/MMXU1.Z.neut.rangeC.hhLim.f)
14:23:47.514 [openiec61850-osi-server-7-thread-1] DEBUG com.beanit.openiec61850.ServerAssociation - Got a GetDataValues request for node: IEDBiogasCHP/MMXU1.Z.neut.rangeC.hhLim.f: 0.0
calling GetDataValues(IEDBiogasCHP/MMXU1.Z.neut.rangeC.hLim)
14:23:47.514 [openiec61850-osi-server-7-thread-1] DEBUG com.beanit.openiec61850.ServerAssociation - Got a GetDataValues request for node: IEDBiogasCHP/MMXU1.Z.neut.rangeC.hLim [CF]
IEDBiogasCHP/MMXU1.Z.neut.rangeC.hLim.i: 0
IEDBiogasCHP/MMXU1.Z.neut.rangeC.hLim.f: 0.0
14:23:47.514 [openiec61850-osi-server-7-thread-1] DEBUG com.beanit.openiec61850.ServerAssociation - sub BDA is:IEDBiogasCHP/MMXU1.Z.neut.rangeC.hLim.i: 0
14:23:47.514 [openiec61850-osi-server-7-thread-1] DEBUG com.beanit.openiec61850.ServerAssociation - sub BDA is:IEDBiogasCHP/MMXU1.Z.neut.rangeC.hLim.f: 0.0
calling GetDataValues(IEDBiogasCHP/MMXU1.Z.neut.rangeC.hLim.i)
14:23:47.514 [openiec61850-osi-server-7-thread-1] DEBUG com.beanit.openiec61850.ServerAssociation - Got a GetDataValues request for node: IEDBiogasCHP/MMXU1.Z.neut.rangeC.hLim.i: 0
calling GetDataValues(IEDBiogasCHP/MMXU1.Z.neut.rangeC.hLim.f)
14:23:47.514 [openiec61850-osi-server-7-thread-1] DEBUG com.beanit.openiec61850.ServerAssociation - Got a GetDataValues request for node: IEDBiogasCHP/MMXU1.Z.neut.rangeC.hLim.f: 0.0
calling GetDataValues(IEDBiogasCHP/MMXU1.Z.neut.rangeC.lLim)
14:23:47.514 [openiec61850-osi-server-7-thread-1] DEBUG com.beanit.openiec61850.ServerAssociation - Got a GetDataValues request for node: IEDBiogasCHP/MMXU1.Z.neut.rangeC.lLim [CF]
IEDBiogasCHP/MMXU1.Z.neut.rangeC.lLim.i: 0
IEDBiogasCHP/MMXU1.Z.neut.rangeC.lLim.f: 0.0
14:23:47.514 [openiec61850-osi-server-7-thread-1] DEBUG com.beanit.openiec61850.ServerAssociation - sub BDA is:IEDBiogasCHP/MMXU1.Z.neut.rangeC.lLim.i: 0
14:23:47.514 [openiec61850-osi-server-7-thread-1] DEBUG com.beanit.openiec61850.ServerAssociation - sub BDA is:IEDBiogasCHP/MMXU1.Z.neut.rangeC.lLim.f: 0.0
calling GetDataValues(IEDBiogasCHP/MMXU1.Z.neut.rangeC.lLim.i)
14:23:47.514 [openiec61850-osi-server-7-thread-1] DEBUG com.beanit.openiec61850.ServerAssociation - Got a GetDataValues request for node: IEDBiogasCHP/MMXU1.Z.neut.rangeC.lLim.i: 0
calling GetDataValues(IEDBiogasCHP/MMXU1.Z.neut.rangeC.lLim.f)
14:23:47.514 [openiec61850-osi-server-7-thread-1] DEBUG com.beanit.openiec61850.ServerAssociation - Got a GetDataValues request for node: IEDBiogasCHP/MMXU1.Z.neut.rangeC.lLim.f: 0.0
calling GetDataValues(IEDBiogasCHP/MMXU1.Z.neut.rangeC.llLim)
14:23:47.514 [openiec61850-osi-server-7-thread-1] DEBUG com.beanit.openiec61850.ServerAssociation - Got a GetDataValues request for node: IEDBiogasCHP/MMXU1.Z.neut.rangeC.llLim [CF]
IEDBiogasCHP/MMXU1.Z.neut.rangeC.llLim.i: 0
IEDBiogasCHP/MMXU1.Z.neut.rangeC.llLim.f: 0.0
14:23:47.514 [openiec61850-osi-server-7-thread-1] DEBUG com.beanit.openiec61850.ServerAssociation - sub BDA is:IEDBiogasCHP/MMXU1.Z.neut.rangeC.llLim.i: 0
14:23:47.514 [openiec61850-osi-server-7-thread-1] DEBUG com.beanit.openiec61850.ServerAssociation - sub BDA is:IEDBiogasCHP/MMXU1.Z.neut.rangeC.llLim.f: 0.0
calling GetDataValues(IEDBiogasCHP/MMXU1.Z.neut.rangeC.llLim.i)
14:23:47.515 [openiec61850-osi-server-7-thread-1] DEBUG com.beanit.openiec61850.ServerAssociation - Got a GetDataValues request for node: IEDBiogasCHP/MMXU1.Z.neut.rangeC.llLim.i: 0
calling GetDataValues(IEDBiogasCHP/MMXU1.Z.neut.rangeC.llLim.f)
14:23:47.515 [openiec61850-osi-server-7-thread-1] DEBUG com.beanit.openiec61850.ServerAssociation - Got a GetDataValues request for node: IEDBiogasCHP/MMXU1.Z.neut.rangeC.llLim.f: 0.0
calling GetDataValues(IEDBiogasCHP/MMXU1.Z.neut.rangeC.min)
14:23:47.515 [openiec61850-osi-server-7-thread-1] DEBUG com.beanit.openiec61850.ServerAssociation - Got a GetDataValues request for node: IEDBiogasCHP/MMXU1.Z.neut.rangeC.min [CF]
IEDBiogasCHP/MMXU1.Z.neut.rangeC.min.i: 0
IEDBiogasCHP/MMXU1.Z.neut.rangeC.min.f: 0.0
14:23:47.515 [openiec61850-osi-server-7-thread-1] DEBUG com.beanit.openiec61850.ServerAssociation - sub BDA is:IEDBiogasCHP/MMXU1.Z.neut.rangeC.min.i: 0
14:23:47.515 [openiec61850-osi-server-7-thread-1] DEBUG com.beanit.openiec61850.ServerAssociation - sub BDA is:IEDBiogasCHP/MMXU1.Z.neut.rangeC.min.f: 0.0
calling GetDataValues(IEDBiogasCHP/MMXU1.Z.neut.rangeC.min.i)
14:23:47.515 [openiec61850-osi-server-7-thread-1] DEBUG com.beanit.openiec61850.ServerAssociation - Got a GetDataValues request for node: IEDBiogasCHP/MMXU1.Z.neut.rangeC.min.i: 0
calling GetDataValues(IEDBiogasCHP/MMXU1.Z.neut.rangeC.min.f)
14:23:47.515 [openiec61850-osi-server-7-thread-1] DEBUG com.beanit.openiec61850.ServerAssociation - Got a GetDataValues request for node: IEDBiogasCHP/MMXU1.Z.neut.rangeC.min.f: 0.0
calling GetDataValues(IEDBiogasCHP/MMXU1.Z.neut.rangeC.max)
14:23:47.515 [openiec61850-osi-server-7-thread-1] DEBUG com.beanit.openiec61850.ServerAssociation - Got a GetDataValues request for node: IEDBiogasCHP/MMXU1.Z.neut.rangeC.max [CF]
IEDBiogasCHP/MMXU1.Z.neut.rangeC.max.i: 0
IEDBiogasCHP/MMXU1.Z.neut.rangeC.max.f: 0.0
14:23:47.515 [openiec61850-osi-server-7-thread-1] DEBUG com.beanit.openiec61850.ServerAssociation - sub BDA is:IEDBiogasCHP/MMXU1.Z.neut.rangeC.max.i: 0
14:23:47.515 [openiec61850-osi-server-7-thread-1] DEBUG com.beanit.openiec61850.ServerAssociation - sub BDA is:IEDBiogasCHP/MMXU1.Z.neut.rangeC.max.f: 0.0
calling GetDataValues(IEDBiogasCHP/MMXU1.Z.neut.rangeC.max.i)
14:23:47.515 [openiec61850-osi-server-7-thread-1] DEBUG com.beanit.openiec61850.ServerAssociation - Got a GetDataValues request for node: IEDBiogasCHP/MMXU1.Z.neut.rangeC.max.i: 0
calling GetDataValues(IEDBiogasCHP/MMXU1.Z.neut.rangeC.max.f)
14:23:47.515 [openiec61850-osi-server-7-thread-1] DEBUG com.beanit.openiec61850.ServerAssociation - Got a GetDataValues request for node: IEDBiogasCHP/MMXU1.Z.neut.rangeC.max.f: 0.0
calling GetDataValues(IEDBiogasCHP/MMXU1.Z.neut.magSVC)
14:23:47.516 [openiec61850-osi-server-7-thread-1] DEBUG com.beanit.openiec61850.ServerAssociation - Got a GetDataValues request for node: IEDBiogasCHP/MMXU1.Z.neut.magSVC [CF]
IEDBiogasCHP/MMXU1.Z.neut.magSVC.scaleFactor: 0.0
IEDBiogasCHP/MMXU1.Z.neut.magSVC.offset: 0.0
14:23:47.516 [openiec61850-osi-server-7-thread-1] DEBUG com.beanit.openiec61850.ServerAssociation - sub BDA is:IEDBiogasCHP/MMXU1.Z.neut.magSVC.scaleFactor: 0.0
14:23:47.516 [openiec61850-osi-server-7-thread-1] DEBUG com.beanit.openiec61850.ServerAssociation - sub BDA is:IEDBiogasCHP/MMXU1.Z.neut.magSVC.offset: 0.0
calling GetDataValues(IEDBiogasCHP/MMXU1.Z.neut.magSVC.scaleFactor)
14:23:47.516 [openiec61850-osi-server-7-thread-1] DEBUG com.beanit.openiec61850.ServerAssociation - Got a GetDataValues request for node: IEDBiogasCHP/MMXU1.Z.neut.magSVC.scaleFactor: 0.0
calling GetDataValues(IEDBiogasCHP/MMXU1.Z.neut.magSVC.offset)
14:23:47.516 [openiec61850-osi-server-7-thread-1] DEBUG com.beanit.openiec61850.ServerAssociation - Got a GetDataValues request for node: IEDBiogasCHP/MMXU1.Z.neut.magSVC.offset: 0.0
calling GetDataValues(IEDBiogasCHP/MMXU1.Z.neut.angSVC)
14:23:47.516 [openiec61850-osi-server-7-thread-1] DEBUG com.beanit.openiec61850.ServerAssociation - Got a GetDataValues request for node: IEDBiogasCHP/MMXU1.Z.neut.angSVC [CF]
IEDBiogasCHP/MMXU1.Z.neut.angSVC.scaleFactor: 0.0
IEDBiogasCHP/MMXU1.Z.neut.angSVC.offset: 0.0
14:23:47.516 [openiec61850-osi-server-7-thread-1] DEBUG com.beanit.openiec61850.ServerAssociation - sub BDA is:IEDBiogasCHP/MMXU1.Z.neut.angSVC.scaleFactor: 0.0
14:23:47.516 [openiec61850-osi-server-7-thread-1] DEBUG com.beanit.openiec61850.ServerAssociation - sub BDA is:IEDBiogasCHP/MMXU1.Z.neut.angSVC.offset: 0.0
calling GetDataValues(IEDBiogasCHP/MMXU1.Z.neut.angSVC.scaleFactor)
14:23:47.516 [openiec61850-osi-server-7-thread-1] DEBUG com.beanit.openiec61850.ServerAssociation - Got a GetDataValues request for node: IEDBiogasCHP/MMXU1.Z.neut.angSVC.scaleFactor: 0.0
calling GetDataValues(IEDBiogasCHP/MMXU1.Z.neut.angSVC.offset)
14:23:47.516 [openiec61850-osi-server-7-thread-1] DEBUG com.beanit.openiec61850.ServerAssociation - Got a GetDataValues request for node: IEDBiogasCHP/MMXU1.Z.neut.angSVC.offset: 0.0
calling GetDataValues(IEDBiogasCHP/MMXU1.Z.neut.angRef)
14:23:47.516 [openiec61850-osi-server-7-thread-1] DEBUG com.beanit.openiec61850.ServerAssociation - Got a GetDataValues request for node: IEDBiogasCHP/MMXU1.Z.neut.angRef: 0
calling GetDataValues(IEDBiogasCHP/MMXU1.Z.neut.smpRate)
14:23:47.516 [openiec61850-osi-server-7-thread-1] DEBUG com.beanit.openiec61850.ServerAssociation - Got a GetDataValues request for node: IEDBiogasCHP/MMXU1.Z.neut.smpRate: 0
calling GetDataValues(IEDBiogasCHP/MMXU1.Z.net)
14:23:47.517 [openiec61850-osi-server-7-thread-1] DEBUG com.beanit.openiec61850.ServerAssociation - Got a GetDataValues request for node: IEDBiogasCHP/MMXU1.Z.net [CF]
IEDBiogasCHP/MMXU1.Z.net.units [CF]
IEDBiogasCHP/MMXU1.Z.net.units.SIUnit: 0
IEDBiogasCHP/MMXU1.Z.net.units.multiplier: 0
IEDBiogasCHP/MMXU1.Z.net.db: 0
IEDBiogasCHP/MMXU1.Z.net.zeroDb: 0
IEDBiogasCHP/MMXU1.Z.net.rangeC [CF]
IEDBiogasCHP/MMXU1.Z.net.rangeC.hhLim [CF]
IEDBiogasCHP/MMXU1.Z.net.rangeC.hhLim.i: 0
IEDBiogasCHP/MMXU1.Z.net.rangeC.hhLim.f: 0.0
IEDBiogasCHP/MMXU1.Z.net.rangeC.hLim [CF]
IEDBiogasCHP/MMXU1.Z.net.rangeC.hLim.i: 0
IEDBiogasCHP/MMXU1.Z.net.rangeC.hLim.f: 0.0
IEDBiogasCHP/MMXU1.Z.net.rangeC.lLim [CF]
IEDBiogasCHP/MMXU1.Z.net.rangeC.lLim.i: 0
IEDBiogasCHP/MMXU1.Z.net.rangeC.lLim.f: 0.0
IEDBiogasCHP/MMXU1.Z.net.rangeC.llLim [CF]
IEDBiogasCHP/MMXU1.Z.net.rangeC.llLim.i: 0
IEDBiogasCHP/MMXU1.Z.net.rangeC.llLim.f: 0.0
IEDBiogasCHP/MMXU1.Z.net.rangeC.min [CF]
IEDBiogasCHP/MMXU1.Z.net.rangeC.min.i: 0
IEDBiogasCHP/MMXU1.Z.net.rangeC.min.f: 0.0
IEDBiogasCHP/MMXU1.Z.net.rangeC.max [CF]
IEDBiogasCHP/MMXU1.Z.net.rangeC.max.i: 0
IEDBiogasCHP/MMXU1.Z.net.rangeC.max.f: 0.0
IEDBiogasCHP/MMXU1.Z.net.magSVC [CF]
IEDBiogasCHP/MMXU1.Z.net.magSVC.scaleFactor: 0.0
IEDBiogasCHP/MMXU1.Z.net.magSVC.offset: 0.0
IEDBiogasCHP/MMXU1.Z.net.angSVC [CF]
IEDBiogasCHP/MMXU1.Z.net.angSVC.scaleFactor: 0.0
IEDBiogasCHP/MMXU1.Z.net.angSVC.offset: 0.0
IEDBiogasCHP/MMXU1.Z.net.angRef: 0
IEDBiogasCHP/MMXU1.Z.net.smpRate: 0
14:23:47.517 [openiec61850-osi-server-7-thread-1] DEBUG com.beanit.openiec61850.ServerAssociation - sub BDA is:IEDBiogasCHP/MMXU1.Z.net.units.SIUnit: 0
14:23:47.517 [openiec61850-osi-server-7-thread-1] DEBUG com.beanit.openiec61850.ServerAssociation - sub BDA is:IEDBiogasCHP/MMXU1.Z.net.units.multiplier: 0
14:23:47.517 [openiec61850-osi-server-7-thread-1] DEBUG com.beanit.openiec61850.ServerAssociation - sub BDA is:IEDBiogasCHP/MMXU1.Z.net.db: 0
14:23:47.517 [openiec61850-osi-server-7-thread-1] DEBUG com.beanit.openiec61850.ServerAssociation - sub BDA is:IEDBiogasCHP/MMXU1.Z.net.zeroDb: 0
14:23:47.517 [openiec61850-osi-server-7-thread-1] DEBUG com.beanit.openiec61850.ServerAssociation - sub BDA is:IEDBiogasCHP/MMXU1.Z.net.rangeC.hhLim.i: 0
14:23:47.517 [openiec61850-osi-server-7-thread-1] DEBUG com.beanit.openiec61850.ServerAssociation - sub BDA is:IEDBiogasCHP/MMXU1.Z.net.rangeC.hhLim.f: 0.0
14:23:47.517 [openiec61850-osi-server-7-thread-1] DEBUG com.beanit.openiec61850.ServerAssociation - sub BDA is:IEDBiogasCHP/MMXU1.Z.net.rangeC.hLim.i: 0
14:23:47.517 [openiec61850-osi-server-7-thread-1] DEBUG com.beanit.openiec61850.ServerAssociation - sub BDA is:IEDBiogasCHP/MMXU1.Z.net.rangeC.hLim.f: 0.0
14:23:47.517 [openiec61850-osi-server-7-thread-1] DEBUG com.beanit.openiec61850.ServerAssociation - sub BDA is:IEDBiogasCHP/MMXU1.Z.net.rangeC.lLim.i: 0
14:23:47.517 [openiec61850-osi-server-7-thread-1] DEBUG com.beanit.openiec61850.ServerAssociation - sub BDA is:IEDBiogasCHP/MMXU1.Z.net.rangeC.lLim.f: 0.0
14:23:47.517 [openiec61850-osi-server-7-thread-1] DEBUG com.beanit.openiec61850.ServerAssociation - sub BDA is:IEDBiogasCHP/MMXU1.Z.net.rangeC.llLim.i: 0
14:23:47.517 [openiec61850-osi-server-7-thread-1] DEBUG com.beanit.openiec61850.ServerAssociation - sub BDA is:IEDBiogasCHP/MMXU1.Z.net.rangeC.llLim.f: 0.0
14:23:47.517 [openiec61850-osi-server-7-thread-1] DEBUG com.beanit.openiec61850.ServerAssociation - sub BDA is:IEDBiogasCHP/MMXU1.Z.net.rangeC.min.i: 0
14:23:47.517 [openiec61850-osi-server-7-thread-1] DEBUG com.beanit.openiec61850.ServerAssociation - sub BDA is:IEDBiogasCHP/MMXU1.Z.net.rangeC.min.f: 0.0
14:23:47.517 [openiec61850-osi-server-7-thread-1] DEBUG com.beanit.openiec61850.ServerAssociation - sub BDA is:IEDBiogasCHP/MMXU1.Z.net.rangeC.max.i: 0
14:23:47.517 [openiec61850-osi-server-7-thread-1] DEBUG com.beanit.openiec61850.ServerAssociation - sub BDA is:IEDBiogasCHP/MMXU1.Z.net.rangeC.max.f: 0.0
14:23:47.517 [openiec61850-osi-server-7-thread-1] DEBUG com.beanit.openiec61850.ServerAssociation - sub BDA is:IEDBiogasCHP/MMXU1.Z.net.magSVC.scaleFactor: 0.0
14:23:47.517 [openiec61850-osi-server-7-thread-1] DEBUG com.beanit.openiec61850.ServerAssociation - sub BDA is:IEDBiogasCHP/MMXU1.Z.net.magSVC.offset: 0.0
14:23:47.517 [openiec61850-osi-server-7-thread-1] DEBUG com.beanit.openiec61850.ServerAssociation - sub BDA is:IEDBiogasCHP/MMXU1.Z.net.angSVC.scaleFactor: 0.0
14:23:47.517 [openiec61850-osi-server-7-thread-1] DEBUG com.beanit.openiec61850.ServerAssociation - sub BDA is:IEDBiogasCHP/MMXU1.Z.net.angSVC.offset: 0.0
14:23:47.517 [openiec61850-osi-server-7-thread-1] DEBUG com.beanit.openiec61850.ServerAssociation - sub BDA is:IEDBiogasCHP/MMXU1.Z.net.angRef: 0
14:23:47.517 [openiec61850-osi-server-7-thread-1] DEBUG com.beanit.openiec61850.ServerAssociation - sub BDA is:IEDBiogasCHP/MMXU1.Z.net.smpRate: 0
calling GetDataValues(IEDBiogasCHP/MMXU1.Z.net.units)
14:23:47.517 [openiec61850-osi-server-7-thread-1] DEBUG com.beanit.openiec61850.ServerAssociation - Got a GetDataValues request for node: IEDBiogasCHP/MMXU1.Z.net.units [CF]
IEDBiogasCHP/MMXU1.Z.net.units.SIUnit: 0
IEDBiogasCHP/MMXU1.Z.net.units.multiplier: 0
14:23:47.517 [openiec61850-osi-server-7-thread-1] DEBUG com.beanit.openiec61850.ServerAssociation - sub BDA is:IEDBiogasCHP/MMXU1.Z.net.units.SIUnit: 0
14:23:47.517 [openiec61850-osi-server-7-thread-1] DEBUG com.beanit.openiec61850.ServerAssociation - sub BDA is:IEDBiogasCHP/MMXU1.Z.net.units.multiplier: 0
calling GetDataValues(IEDBiogasCHP/MMXU1.Z.net.units.SIUnit)
14:23:47.517 [openiec61850-osi-server-7-thread-1] DEBUG com.beanit.openiec61850.ServerAssociation - Got a GetDataValues request for node: IEDBiogasCHP/MMXU1.Z.net.units.SIUnit: 0
calling GetDataValues(IEDBiogasCHP/MMXU1.Z.net.units.multiplier)
14:23:47.517 [openiec61850-osi-server-7-thread-1] DEBUG com.beanit.openiec61850.ServerAssociation - Got a GetDataValues request for node: IEDBiogasCHP/MMXU1.Z.net.units.multiplier: 0
calling GetDataValues(IEDBiogasCHP/MMXU1.Z.net.db)
14:23:47.517 [openiec61850-osi-server-7-thread-1] DEBUG com.beanit.openiec61850.ServerAssociation - Got a GetDataValues request for node: IEDBiogasCHP/MMXU1.Z.net.db: 0
calling GetDataValues(IEDBiogasCHP/MMXU1.Z.net.zeroDb)
14:23:47.518 [openiec61850-osi-server-7-thread-1] DEBUG com.beanit.openiec61850.ServerAssociation - Got a GetDataValues request for node: IEDBiogasCHP/MMXU1.Z.net.zeroDb: 0
calling GetDataValues(IEDBiogasCHP/MMXU1.Z.net.rangeC)
14:23:47.518 [openiec61850-osi-server-7-thread-1] DEBUG com.beanit.openiec61850.ServerAssociation - Got a GetDataValues request for node: IEDBiogasCHP/MMXU1.Z.net.rangeC [CF]
IEDBiogasCHP/MMXU1.Z.net.rangeC.hhLim [CF]
IEDBiogasCHP/MMXU1.Z.net.rangeC.hhLim.i: 0
IEDBiogasCHP/MMXU1.Z.net.rangeC.hhLim.f: 0.0
IEDBiogasCHP/MMXU1.Z.net.rangeC.hLim [CF]
IEDBiogasCHP/MMXU1.Z.net.rangeC.hLim.i: 0
IEDBiogasCHP/MMXU1.Z.net.rangeC.hLim.f: 0.0
IEDBiogasCHP/MMXU1.Z.net.rangeC.lLim [CF]
IEDBiogasCHP/MMXU1.Z.net.rangeC.lLim.i: 0
IEDBiogasCHP/MMXU1.Z.net.rangeC.lLim.f: 0.0
IEDBiogasCHP/MMXU1.Z.net.rangeC.llLim [CF]
IEDBiogasCHP/MMXU1.Z.net.rangeC.llLim.i: 0
IEDBiogasCHP/MMXU1.Z.net.rangeC.llLim.f: 0.0
IEDBiogasCHP/MMXU1.Z.net.rangeC.min [CF]
IEDBiogasCHP/MMXU1.Z.net.rangeC.min.i: 0
IEDBiogasCHP/MMXU1.Z.net.rangeC.min.f: 0.0
IEDBiogasCHP/MMXU1.Z.net.rangeC.max [CF]
IEDBiogasCHP/MMXU1.Z.net.rangeC.max.i: 0
IEDBiogasCHP/MMXU1.Z.net.rangeC.max.f: 0.0
14:23:47.518 [openiec61850-osi-server-7-thread-1] DEBUG com.beanit.openiec61850.ServerAssociation - sub BDA is:IEDBiogasCHP/MMXU1.Z.net.rangeC.hhLim.i: 0
14:23:47.518 [openiec61850-osi-server-7-thread-1] DEBUG com.beanit.openiec61850.ServerAssociation - sub BDA is:IEDBiogasCHP/MMXU1.Z.net.rangeC.hhLim.f: 0.0
14:23:47.518 [openiec61850-osi-server-7-thread-1] DEBUG com.beanit.openiec61850.ServerAssociation - sub BDA is:IEDBiogasCHP/MMXU1.Z.net.rangeC.hLim.i: 0
14:23:47.518 [openiec61850-osi-server-7-thread-1] DEBUG com.beanit.openiec61850.ServerAssociation - sub BDA is:IEDBiogasCHP/MMXU1.Z.net.rangeC.hLim.f: 0.0
14:23:47.518 [openiec61850-osi-server-7-thread-1] DEBUG com.beanit.openiec61850.ServerAssociation - sub BDA is:IEDBiogasCHP/MMXU1.Z.net.rangeC.lLim.i: 0
14:23:47.518 [openiec61850-osi-server-7-thread-1] DEBUG com.beanit.openiec61850.ServerAssociation - sub BDA is:IEDBiogasCHP/MMXU1.Z.net.rangeC.lLim.f: 0.0
14:23:47.518 [openiec61850-osi-server-7-thread-1] DEBUG com.beanit.openiec61850.ServerAssociation - sub BDA is:IEDBiogasCHP/MMXU1.Z.net.rangeC.llLim.i: 0
14:23:47.518 [openiec61850-osi-server-7-thread-1] DEBUG com.beanit.openiec61850.ServerAssociation - sub BDA is:IEDBiogasCHP/MMXU1.Z.net.rangeC.llLim.f: 0.0
14:23:47.518 [openiec61850-osi-server-7-thread-1] DEBUG com.beanit.openiec61850.ServerAssociation - sub BDA is:IEDBiogasCHP/MMXU1.Z.net.rangeC.min.i: 0
14:23:47.518 [openiec61850-osi-server-7-thread-1] DEBUG com.beanit.openiec61850.ServerAssociation - sub BDA is:IEDBiogasCHP/MMXU1.Z.net.rangeC.min.f: 0.0
14:23:47.518 [openiec61850-osi-server-7-thread-1] DEBUG com.beanit.openiec61850.ServerAssociation - sub BDA is:IEDBiogasCHP/MMXU1.Z.net.rangeC.max.i: 0
14:23:47.518 [openiec61850-osi-server-7-thread-1] DEBUG com.beanit.openiec61850.ServerAssociation - sub BDA is:IEDBiogasCHP/MMXU1.Z.net.rangeC.max.f: 0.0
calling GetDataValues(IEDBiogasCHP/MMXU1.Z.net.rangeC.hhLim)
14:23:47.518 [openiec61850-osi-server-7-thread-1] DEBUG com.beanit.openiec61850.ServerAssociation - Got a GetDataValues request for node: IEDBiogasCHP/MMXU1.Z.net.rangeC.hhLim [CF]
IEDBiogasCHP/MMXU1.Z.net.rangeC.hhLim.i: 0
IEDBiogasCHP/MMXU1.Z.net.rangeC.hhLim.f: 0.0
14:23:47.518 [openiec61850-osi-server-7-thread-1] DEBUG com.beanit.openiec61850.ServerAssociation - sub BDA is:IEDBiogasCHP/MMXU1.Z.net.rangeC.hhLim.i: 0
14:23:47.518 [openiec61850-osi-server-7-thread-1] DEBUG com.beanit.openiec61850.ServerAssociation - sub BDA is:IEDBiogasCHP/MMXU1.Z.net.rangeC.hhLim.f: 0.0
calling GetDataValues(IEDBiogasCHP/MMXU1.Z.net.rangeC.hhLim.i)
14:23:47.518 [openiec61850-osi-server-7-thread-1] DEBUG com.beanit.openiec61850.ServerAssociation - Got a GetDataValues request for node: IEDBiogasCHP/MMXU1.Z.net.rangeC.hhLim.i: 0
calling GetDataValues(IEDBiogasCHP/MMXU1.Z.net.rangeC.hhLim.f)
14:23:47.518 [openiec61850-osi-server-7-thread-1] DEBUG com.beanit.openiec61850.ServerAssociation - Got a GetDataValues request for node: IEDBiogasCHP/MMXU1.Z.net.rangeC.hhLim.f: 0.0
calling GetDataValues(IEDBiogasCHP/MMXU1.Z.net.rangeC.hLim)
14:23:47.518 [openiec61850-osi-server-7-thread-1] DEBUG com.beanit.openiec61850.ServerAssociation - Got a GetDataValues request for node: IEDBiogasCHP/MMXU1.Z.net.rangeC.hLim [CF]
IEDBiogasCHP/MMXU1.Z.net.rangeC.hLim.i: 0
IEDBiogasCHP/MMXU1.Z.net.rangeC.hLim.f: 0.0
14:23:47.518 [openiec61850-osi-server-7-thread-1] DEBUG com.beanit.openiec61850.ServerAssociation - sub BDA is:IEDBiogasCHP/MMXU1.Z.net.rangeC.hLim.i: 0
14:23:47.518 [openiec61850-osi-server-7-thread-1] DEBUG com.beanit.openiec61850.ServerAssociation - sub BDA is:IEDBiogasCHP/MMXU1.Z.net.rangeC.hLim.f: 0.0
calling GetDataValues(IEDBiogasCHP/MMXU1.Z.net.rangeC.hLim.i)
14:23:47.518 [openiec61850-osi-server-7-thread-1] DEBUG com.beanit.openiec61850.ServerAssociation - Got a GetDataValues request for node: IEDBiogasCHP/MMXU1.Z.net.rangeC.hLim.i: 0
calling GetDataValues(IEDBiogasCHP/MMXU1.Z.net.rangeC.hLim.f)
14:23:47.519 [openiec61850-osi-server-7-thread-1] DEBUG com.beanit.openiec61850.ServerAssociation - Got a GetDataValues request for node: IEDBiogasCHP/MMXU1.Z.net.rangeC.hLim.f: 0.0
calling GetDataValues(IEDBiogasCHP/MMXU1.Z.net.rangeC.lLim)
14:23:47.519 [openiec61850-osi-server-7-thread-1] DEBUG com.beanit.openiec61850.ServerAssociation - Got a GetDataValues request for node: IEDBiogasCHP/MMXU1.Z.net.rangeC.lLim [CF]
IEDBiogasCHP/MMXU1.Z.net.rangeC.lLim.i: 0
IEDBiogasCHP/MMXU1.Z.net.rangeC.lLim.f: 0.0
14:23:47.519 [openiec61850-osi-server-7-thread-1] DEBUG com.beanit.openiec61850.ServerAssociation - sub BDA is:IEDBiogasCHP/MMXU1.Z.net.rangeC.lLim.i: 0
14:23:47.519 [openiec61850-osi-server-7-thread-1] DEBUG com.beanit.openiec61850.ServerAssociation - sub BDA is:IEDBiogasCHP/MMXU1.Z.net.rangeC.lLim.f: 0.0
calling GetDataValues(IEDBiogasCHP/MMXU1.Z.net.rangeC.lLim.i)
14:23:47.519 [openiec61850-osi-server-7-thread-1] DEBUG com.beanit.openiec61850.ServerAssociation - Got a GetDataValues request for node: IEDBiogasCHP/MMXU1.Z.net.rangeC.lLim.i: 0
calling GetDataValues(IEDBiogasCHP/MMXU1.Z.net.rangeC.lLim.f)
14:23:47.519 [openiec61850-osi-server-7-thread-1] DEBUG com.beanit.openiec61850.ServerAssociation - Got a GetDataValues request for node: IEDBiogasCHP/MMXU1.Z.net.rangeC.lLim.f: 0.0
calling GetDataValues(IEDBiogasCHP/MMXU1.Z.net.rangeC.llLim)
14:23:47.519 [openiec61850-osi-server-7-thread-1] DEBUG com.beanit.openiec61850.ServerAssociation - Got a GetDataValues request for node: IEDBiogasCHP/MMXU1.Z.net.rangeC.llLim [CF]
IEDBiogasCHP/MMXU1.Z.net.rangeC.llLim.i: 0
IEDBiogasCHP/MMXU1.Z.net.rangeC.llLim.f: 0.0
14:23:47.519 [openiec61850-osi-server-7-thread-1] DEBUG com.beanit.openiec61850.ServerAssociation - sub BDA is:IEDBiogasCHP/MMXU1.Z.net.rangeC.llLim.i: 0
14:23:47.519 [openiec61850-osi-server-7-thread-1] DEBUG com.beanit.openiec61850.ServerAssociation - sub BDA is:IEDBiogasCHP/MMXU1.Z.net.rangeC.llLim.f: 0.0
calling GetDataValues(IEDBiogasCHP/MMXU1.Z.net.rangeC.llLim.i)
14:23:47.519 [openiec61850-osi-server-7-thread-1] DEBUG com.beanit.openiec61850.ServerAssociation - Got a GetDataValues request for node: IEDBiogasCHP/MMXU1.Z.net.rangeC.llLim.i: 0
calling GetDataValues(IEDBiogasCHP/MMXU1.Z.net.rangeC.llLim.f)
14:23:47.519 [openiec61850-osi-server-7-thread-1] DEBUG com.beanit.openiec61850.ServerAssociation - Got a GetDataValues request for node: IEDBiogasCHP/MMXU1.Z.net.rangeC.llLim.f: 0.0
calling GetDataValues(IEDBiogasCHP/MMXU1.Z.net.rangeC.min)
14:23:47.519 [openiec61850-osi-server-7-thread-1] DEBUG com.beanit.openiec61850.ServerAssociation - Got a GetDataValues request for node: IEDBiogasCHP/MMXU1.Z.net.rangeC.min [CF]
IEDBiogasCHP/MMXU1.Z.net.rangeC.min.i: 0
IEDBiogasCHP/MMXU1.Z.net.rangeC.min.f: 0.0
14:23:47.519 [openiec61850-osi-server-7-thread-1] DEBUG com.beanit.openiec61850.ServerAssociation - sub BDA is:IEDBiogasCHP/MMXU1.Z.net.rangeC.min.i: 0
14:23:47.519 [openiec61850-osi-server-7-thread-1] DEBUG com.beanit.openiec61850.ServerAssociation - sub BDA is:IEDBiogasCHP/MMXU1.Z.net.rangeC.min.f: 0.0
calling GetDataValues(IEDBiogasCHP/MMXU1.Z.net.rangeC.min.i)
14:23:47.520 [openiec61850-osi-server-7-thread-1] DEBUG com.beanit.openiec61850.ServerAssociation - Got a GetDataValues request for node: IEDBiogasCHP/MMXU1.Z.net.rangeC.min.i: 0
calling GetDataValues(IEDBiogasCHP/MMXU1.Z.net.rangeC.min.f)
14:23:47.520 [openiec61850-osi-server-7-thread-1] DEBUG com.beanit.openiec61850.ServerAssociation - Got a GetDataValues request for node: IEDBiogasCHP/MMXU1.Z.net.rangeC.min.f: 0.0
calling GetDataValues(IEDBiogasCHP/MMXU1.Z.net.rangeC.max)
14:23:47.520 [openiec61850-osi-server-7-thread-1] DEBUG com.beanit.openiec61850.ServerAssociation - Got a GetDataValues request for node: IEDBiogasCHP/MMXU1.Z.net.rangeC.max [CF]
IEDBiogasCHP/MMXU1.Z.net.rangeC.max.i: 0
IEDBiogasCHP/MMXU1.Z.net.rangeC.max.f: 0.0
14:23:47.520 [openiec61850-osi-server-7-thread-1] DEBUG com.beanit.openiec61850.ServerAssociation - sub BDA is:IEDBiogasCHP/MMXU1.Z.net.rangeC.max.i: 0
14:23:47.520 [openiec61850-osi-server-7-thread-1] DEBUG com.beanit.openiec61850.ServerAssociation - sub BDA is:IEDBiogasCHP/MMXU1.Z.net.rangeC.max.f: 0.0
calling GetDataValues(IEDBiogasCHP/MMXU1.Z.net.rangeC.max.i)
14:23:47.520 [openiec61850-osi-server-7-thread-1] DEBUG com.beanit.openiec61850.ServerAssociation - Got a GetDataValues request for node: IEDBiogasCHP/MMXU1.Z.net.rangeC.max.i: 0
calling GetDataValues(IEDBiogasCHP/MMXU1.Z.net.rangeC.max.f)
14:23:47.520 [openiec61850-osi-server-7-thread-1] DEBUG com.beanit.openiec61850.ServerAssociation - Got a GetDataValues request for node: IEDBiogasCHP/MMXU1.Z.net.rangeC.max.f: 0.0
calling GetDataValues(IEDBiogasCHP/MMXU1.Z.net.magSVC)
14:23:47.520 [openiec61850-osi-server-7-thread-1] DEBUG com.beanit.openiec61850.ServerAssociation - Got a GetDataValues request for node: IEDBiogasCHP/MMXU1.Z.net.magSVC [CF]
IEDBiogasCHP/MMXU1.Z.net.magSVC.scaleFactor: 0.0
IEDBiogasCHP/MMXU1.Z.net.magSVC.offset: 0.0
14:23:47.520 [openiec61850-osi-server-7-thread-1] DEBUG com.beanit.openiec61850.ServerAssociation - sub BDA is:IEDBiogasCHP/MMXU1.Z.net.magSVC.scaleFactor: 0.0
14:23:47.520 [openiec61850-osi-server-7-thread-1] DEBUG com.beanit.openiec61850.ServerAssociation - sub BDA is:IEDBiogasCHP/MMXU1.Z.net.magSVC.offset: 0.0
calling GetDataValues(IEDBiogasCHP/MMXU1.Z.net.magSVC.scaleFactor)
14:23:47.520 [openiec61850-osi-server-7-thread-1] DEBUG com.beanit.openiec61850.ServerAssociation - Got a GetDataValues request for node: IEDBiogasCHP/MMXU1.Z.net.magSVC.scaleFactor: 0.0
calling GetDataValues(IEDBiogasCHP/MMXU1.Z.net.magSVC.offset)
14:23:47.520 [openiec61850-osi-server-7-thread-1] DEBUG com.beanit.openiec61850.ServerAssociation - Got a GetDataValues request for node: IEDBiogasCHP/MMXU1.Z.net.magSVC.offset: 0.0
calling GetDataValues(IEDBiogasCHP/MMXU1.Z.net.angSVC)
14:23:47.521 [openiec61850-osi-server-7-thread-1] DEBUG com.beanit.openiec61850.ServerAssociation - Got a GetDataValues request for node: IEDBiogasCHP/MMXU1.Z.net.angSVC [CF]
IEDBiogasCHP/MMXU1.Z.net.angSVC.scaleFactor: 0.0
IEDBiogasCHP/MMXU1.Z.net.angSVC.offset: 0.0
14:23:47.521 [openiec61850-osi-server-7-thread-1] DEBUG com.beanit.openiec61850.ServerAssociation - sub BDA is:IEDBiogasCHP/MMXU1.Z.net.angSVC.scaleFactor: 0.0
14:23:47.521 [openiec61850-osi-server-7-thread-1] DEBUG com.beanit.openiec61850.ServerAssociation - sub BDA is:IEDBiogasCHP/MMXU1.Z.net.angSVC.offset: 0.0
calling GetDataValues(IEDBiogasCHP/MMXU1.Z.net.angSVC.scaleFactor)
14:23:47.521 [openiec61850-osi-server-7-thread-1] DEBUG com.beanit.openiec61850.ServerAssociation - Got a GetDataValues request for node: IEDBiogasCHP/MMXU1.Z.net.angSVC.scaleFactor: 0.0
calling GetDataValues(IEDBiogasCHP/MMXU1.Z.net.angSVC.offset)
14:23:47.521 [openiec61850-osi-server-7-thread-1] DEBUG com.beanit.openiec61850.ServerAssociation - Got a GetDataValues request for node: IEDBiogasCHP/MMXU1.Z.net.angSVC.offset: 0.0
calling GetDataValues(IEDBiogasCHP/MMXU1.Z.net.angRef)
14:23:47.521 [openiec61850-osi-server-7-thread-1] DEBUG com.beanit.openiec61850.ServerAssociation - Got a GetDataValues request for node: IEDBiogasCHP/MMXU1.Z.net.angRef: 0
calling GetDataValues(IEDBiogasCHP/MMXU1.Z.net.smpRate)
14:23:47.521 [openiec61850-osi-server-7-thread-1] DEBUG com.beanit.openiec61850.ServerAssociation - Got a GetDataValues request for node: IEDBiogasCHP/MMXU1.Z.net.smpRate: 0
calling GetDataValues(IEDBiogasCHP/MMXU1.Z.res)
14:23:47.521 [openiec61850-osi-server-7-thread-1] DEBUG com.beanit.openiec61850.ServerAssociation - Got a GetDataValues request for node: IEDBiogasCHP/MMXU1.Z.res [CF]
IEDBiogasCHP/MMXU1.Z.res.units [CF]
IEDBiogasCHP/MMXU1.Z.res.units.SIUnit: 0
IEDBiogasCHP/MMXU1.Z.res.units.multiplier: 0
IEDBiogasCHP/MMXU1.Z.res.db: 0
IEDBiogasCHP/MMXU1.Z.res.zeroDb: 0
IEDBiogasCHP/MMXU1.Z.res.rangeC [CF]
IEDBiogasCHP/MMXU1.Z.res.rangeC.hhLim [CF]
IEDBiogasCHP/MMXU1.Z.res.rangeC.hhLim.i: 0
IEDBiogasCHP/MMXU1.Z.res.rangeC.hhLim.f: 0.0
IEDBiogasCHP/MMXU1.Z.res.rangeC.hLim [CF]
IEDBiogasCHP/MMXU1.Z.res.rangeC.hLim.i: 0
IEDBiogasCHP/MMXU1.Z.res.rangeC.hLim.f: 0.0
IEDBiogasCHP/MMXU1.Z.res.rangeC.lLim [CF]
IEDBiogasCHP/MMXU1.Z.res.rangeC.lLim.i: 0
IEDBiogasCHP/MMXU1.Z.res.rangeC.lLim.f: 0.0
IEDBiogasCHP/MMXU1.Z.res.rangeC.llLim [CF]
IEDBiogasCHP/MMXU1.Z.res.rangeC.llLim.i: 0
IEDBiogasCHP/MMXU1.Z.res.rangeC.llLim.f: 0.0
IEDBiogasCHP/MMXU1.Z.res.rangeC.min [CF]
IEDBiogasCHP/MMXU1.Z.res.rangeC.min.i: 0
IEDBiogasCHP/MMXU1.Z.res.rangeC.min.f: 0.0
IEDBiogasCHP/MMXU1.Z.res.rangeC.max [CF]
IEDBiogasCHP/MMXU1.Z.res.rangeC.max.i: 0
IEDBiogasCHP/MMXU1.Z.res.rangeC.max.f: 0.0
IEDBiogasCHP/MMXU1.Z.res.magSVC [CF]
IEDBiogasCHP/MMXU1.Z.res.magSVC.scaleFactor: 0.0
IEDBiogasCHP/MMXU1.Z.res.magSVC.offset: 0.0
IEDBiogasCHP/MMXU1.Z.res.angSVC [CF]
IEDBiogasCHP/MMXU1.Z.res.angSVC.scaleFactor: 0.0
IEDBiogasCHP/MMXU1.Z.res.angSVC.offset: 0.0
IEDBiogasCHP/MMXU1.Z.res.angRef: 0
IEDBiogasCHP/MMXU1.Z.res.smpRate: 0
14:23:47.521 [openiec61850-osi-server-7-thread-1] DEBUG com.beanit.openiec61850.ServerAssociation - sub BDA is:IEDBiogasCHP/MMXU1.Z.res.units.SIUnit: 0
14:23:47.521 [openiec61850-osi-server-7-thread-1] DEBUG com.beanit.openiec61850.ServerAssociation - sub BDA is:IEDBiogasCHP/MMXU1.Z.res.units.multiplier: 0
14:23:47.521 [openiec61850-osi-server-7-thread-1] DEBUG com.beanit.openiec61850.ServerAssociation - sub BDA is:IEDBiogasCHP/MMXU1.Z.res.db: 0
14:23:47.521 [openiec61850-osi-server-7-thread-1] DEBUG com.beanit.openiec61850.ServerAssociation - sub BDA is:IEDBiogasCHP/MMXU1.Z.res.zeroDb: 0
14:23:47.521 [openiec61850-osi-server-7-thread-1] DEBUG com.beanit.openiec61850.ServerAssociation - sub BDA is:IEDBiogasCHP/MMXU1.Z.res.rangeC.hhLim.i: 0
14:23:47.521 [openiec61850-osi-server-7-thread-1] DEBUG com.beanit.openiec61850.ServerAssociation - sub BDA is:IEDBiogasCHP/MMXU1.Z.res.rangeC.hhLim.f: 0.0
14:23:47.521 [openiec61850-osi-server-7-thread-1] DEBUG com.beanit.openiec61850.ServerAssociation - sub BDA is:IEDBiogasCHP/MMXU1.Z.res.rangeC.hLim.i: 0
14:23:47.521 [openiec61850-osi-server-7-thread-1] DEBUG com.beanit.openiec61850.ServerAssociation - sub BDA is:IEDBiogasCHP/MMXU1.Z.res.rangeC.hLim.f: 0.0
14:23:47.521 [openiec61850-osi-server-7-thread-1] DEBUG com.beanit.openiec61850.ServerAssociation - sub BDA is:IEDBiogasCHP/MMXU1.Z.res.rangeC.lLim.i: 0
14:23:47.521 [openiec61850-osi-server-7-thread-1] DEBUG com.beanit.openiec61850.ServerAssociation - sub BDA is:IEDBiogasCHP/MMXU1.Z.res.rangeC.lLim.f: 0.0
14:23:47.521 [openiec61850-osi-server-7-thread-1] DEBUG com.beanit.openiec61850.ServerAssociation - sub BDA is:IEDBiogasCHP/MMXU1.Z.res.rangeC.llLim.i: 0
14:23:47.521 [openiec61850-osi-server-7-thread-1] DEBUG com.beanit.openiec61850.ServerAssociation - sub BDA is:IEDBiogasCHP/MMXU1.Z.res.rangeC.llLim.f: 0.0
14:23:47.521 [openiec61850-osi-server-7-thread-1] DEBUG com.beanit.openiec61850.ServerAssociation - sub BDA is:IEDBiogasCHP/MMXU1.Z.res.rangeC.min.i: 0
14:23:47.521 [openiec61850-osi-server-7-thread-1] DEBUG com.beanit.openiec61850.ServerAssociation - sub BDA is:IEDBiogasCHP/MMXU1.Z.res.rangeC.min.f: 0.0
14:23:47.521 [openiec61850-osi-server-7-thread-1] DEBUG com.beanit.openiec61850.ServerAssociation - sub BDA is:IEDBiogasCHP/MMXU1.Z.res.rangeC.max.i: 0
14:23:47.521 [openiec61850-osi-server-7-thread-1] DEBUG com.beanit.openiec61850.ServerAssociation - sub BDA is:IEDBiogasCHP/MMXU1.Z.res.rangeC.max.f: 0.0
14:23:47.521 [openiec61850-osi-server-7-thread-1] DEBUG com.beanit.openiec61850.ServerAssociation - sub BDA is:IEDBiogasCHP/MMXU1.Z.res.magSVC.scaleFactor: 0.0
14:23:47.521 [openiec61850-osi-server-7-thread-1] DEBUG com.beanit.openiec61850.ServerAssociation - sub BDA is:IEDBiogasCHP/MMXU1.Z.res.magSVC.offset: 0.0
14:23:47.521 [openiec61850-osi-server-7-thread-1] DEBUG com.beanit.openiec61850.ServerAssociation - sub BDA is:IEDBiogasCHP/MMXU1.Z.res.angSVC.scaleFactor: 0.0
14:23:47.521 [openiec61850-osi-server-7-thread-1] DEBUG com.beanit.openiec61850.ServerAssociation - sub BDA is:IEDBiogasCHP/MMXU1.Z.res.angSVC.offset: 0.0
14:23:47.521 [openiec61850-osi-server-7-thread-1] DEBUG com.beanit.openiec61850.ServerAssociation - sub BDA is:IEDBiogasCHP/MMXU1.Z.res.angRef: 0
14:23:47.521 [openiec61850-osi-server-7-thread-1] DEBUG com.beanit.openiec61850.ServerAssociation - sub BDA is:IEDBiogasCHP/MMXU1.Z.res.smpRate: 0
calling GetDataValues(IEDBiogasCHP/MMXU1.Z.res.units)
14:23:47.522 [openiec61850-osi-server-7-thread-1] DEBUG com.beanit.openiec61850.ServerAssociation - Got a GetDataValues request for node: IEDBiogasCHP/MMXU1.Z.res.units [CF]
IEDBiogasCHP/MMXU1.Z.res.units.SIUnit: 0
IEDBiogasCHP/MMXU1.Z.res.units.multiplier: 0
14:23:47.522 [openiec61850-osi-server-7-thread-1] DEBUG com.beanit.openiec61850.ServerAssociation - sub BDA is:IEDBiogasCHP/MMXU1.Z.res.units.SIUnit: 0
14:23:47.522 [openiec61850-osi-server-7-thread-1] DEBUG com.beanit.openiec61850.ServerAssociation - sub BDA is:IEDBiogasCHP/MMXU1.Z.res.units.multiplier: 0
calling GetDataValues(IEDBiogasCHP/MMXU1.Z.res.units.SIUnit)
14:23:47.522 [openiec61850-osi-server-7-thread-1] DEBUG com.beanit.openiec61850.ServerAssociation - Got a GetDataValues request for node: IEDBiogasCHP/MMXU1.Z.res.units.SIUnit: 0
calling GetDataValues(IEDBiogasCHP/MMXU1.Z.res.units.multiplier)
14:23:47.522 [openiec61850-osi-server-7-thread-1] DEBUG com.beanit.openiec61850.ServerAssociation - Got a GetDataValues request for node: IEDBiogasCHP/MMXU1.Z.res.units.multiplier: 0
calling GetDataValues(IEDBiogasCHP/MMXU1.Z.res.db)
14:23:47.522 [openiec61850-osi-server-7-thread-1] DEBUG com.beanit.openiec61850.ServerAssociation - Got a GetDataValues request for node: IEDBiogasCHP/MMXU1.Z.res.db: 0
calling GetDataValues(IEDBiogasCHP/MMXU1.Z.res.zeroDb)
14:23:47.522 [openiec61850-osi-server-7-thread-1] DEBUG com.beanit.openiec61850.ServerAssociation - Got a GetDataValues request for node: IEDBiogasCHP/MMXU1.Z.res.zeroDb: 0
calling GetDataValues(IEDBiogasCHP/MMXU1.Z.res.rangeC)
14:23:47.522 [openiec61850-osi-server-7-thread-1] DEBUG com.beanit.openiec61850.ServerAssociation - Got a GetDataValues request for node: IEDBiogasCHP/MMXU1.Z.res.rangeC [CF]
IEDBiogasCHP/MMXU1.Z.res.rangeC.hhLim [CF]
IEDBiogasCHP/MMXU1.Z.res.rangeC.hhLim.i: 0
IEDBiogasCHP/MMXU1.Z.res.rangeC.hhLim.f: 0.0
IEDBiogasCHP/MMXU1.Z.res.rangeC.hLim [CF]
IEDBiogasCHP/MMXU1.Z.res.rangeC.hLim.i: 0
IEDBiogasCHP/MMXU1.Z.res.rangeC.hLim.f: 0.0
IEDBiogasCHP/MMXU1.Z.res.rangeC.lLim [CF]
IEDBiogasCHP/MMXU1.Z.res.rangeC.lLim.i: 0
IEDBiogasCHP/MMXU1.Z.res.rangeC.lLim.f: 0.0
IEDBiogasCHP/MMXU1.Z.res.rangeC.llLim [CF]
IEDBiogasCHP/MMXU1.Z.res.rangeC.llLim.i: 0
IEDBiogasCHP/MMXU1.Z.res.rangeC.llLim.f: 0.0
IEDBiogasCHP/MMXU1.Z.res.rangeC.min [CF]
IEDBiogasCHP/MMXU1.Z.res.rangeC.min.i: 0
IEDBiogasCHP/MMXU1.Z.res.rangeC.min.f: 0.0
IEDBiogasCHP/MMXU1.Z.res.rangeC.max [CF]
IEDBiogasCHP/MMXU1.Z.res.rangeC.max.i: 0
IEDBiogasCHP/MMXU1.Z.res.rangeC.max.f: 0.0
14:23:47.522 [openiec61850-osi-server-7-thread-1] DEBUG com.beanit.openiec61850.ServerAssociation - sub BDA is:IEDBiogasCHP/MMXU1.Z.res.rangeC.hhLim.i: 0
14:23:47.522 [openiec61850-osi-server-7-thread-1] DEBUG com.beanit.openiec61850.ServerAssociation - sub BDA is:IEDBiogasCHP/MMXU1.Z.res.rangeC.hhLim.f: 0.0
14:23:47.522 [openiec61850-osi-server-7-thread-1] DEBUG com.beanit.openiec61850.ServerAssociation - sub BDA is:IEDBiogasCHP/MMXU1.Z.res.rangeC.hLim.i: 0
14:23:47.522 [openiec61850-osi-server-7-thread-1] DEBUG com.beanit.openiec61850.ServerAssociation - sub BDA is:IEDBiogasCHP/MMXU1.Z.res.rangeC.hLim.f: 0.0
14:23:47.522 [openiec61850-osi-server-7-thread-1] DEBUG com.beanit.openiec61850.ServerAssociation - sub BDA is:IEDBiogasCHP/MMXU1.Z.res.rangeC.lLim.i: 0
14:23:47.522 [openiec61850-osi-server-7-thread-1] DEBUG com.beanit.openiec61850.ServerAssociation - sub BDA is:IEDBiogasCHP/MMXU1.Z.res.rangeC.lLim.f: 0.0
14:23:47.522 [openiec61850-osi-server-7-thread-1] DEBUG com.beanit.openiec61850.ServerAssociation - sub BDA is:IEDBiogasCHP/MMXU1.Z.res.rangeC.llLim.i: 0
14:23:47.522 [openiec61850-osi-server-7-thread-1] DEBUG com.beanit.openiec61850.ServerAssociation - sub BDA is:IEDBiogasCHP/MMXU1.Z.res.rangeC.llLim.f: 0.0
14:23:47.522 [openiec61850-osi-server-7-thread-1] DEBUG com.beanit.openiec61850.ServerAssociation - sub BDA is:IEDBiogasCHP/MMXU1.Z.res.rangeC.min.i: 0
14:23:47.522 [openiec61850-osi-server-7-thread-1] DEBUG com.beanit.openiec61850.ServerAssociation - sub BDA is:IEDBiogasCHP/MMXU1.Z.res.rangeC.min.f: 0.0
14:23:47.522 [openiec61850-osi-server-7-thread-1] DEBUG com.beanit.openiec61850.ServerAssociation - sub BDA is:IEDBiogasCHP/MMXU1.Z.res.rangeC.max.i: 0
14:23:47.522 [openiec61850-osi-server-7-thread-1] DEBUG com.beanit.openiec61850.ServerAssociation - sub BDA is:IEDBiogasCHP/MMXU1.Z.res.rangeC.max.f: 0.0
calling GetDataValues(IEDBiogasCHP/MMXU1.Z.res.rangeC.hhLim)
14:23:47.522 [openiec61850-osi-server-7-thread-1] DEBUG com.beanit.openiec61850.ServerAssociation - Got a GetDataValues request for node: IEDBiogasCHP/MMXU1.Z.res.rangeC.hhLim [CF]
IEDBiogasCHP/MMXU1.Z.res.rangeC.hhLim.i: 0
IEDBiogasCHP/MMXU1.Z.res.rangeC.hhLim.f: 0.0
14:23:47.522 [openiec61850-osi-server-7-thread-1] DEBUG com.beanit.openiec61850.ServerAssociation - sub BDA is:IEDBiogasCHP/MMXU1.Z.res.rangeC.hhLim.i: 0
14:23:47.522 [openiec61850-osi-server-7-thread-1] DEBUG com.beanit.openiec61850.ServerAssociation - sub BDA is:IEDBiogasCHP/MMXU1.Z.res.rangeC.hhLim.f: 0.0
calling GetDataValues(IEDBiogasCHP/MMXU1.Z.res.rangeC.hhLim.i)
14:23:47.522 [openiec61850-osi-server-7-thread-1] DEBUG com.beanit.openiec61850.ServerAssociation - Got a GetDataValues request for node: IEDBiogasCHP/MMXU1.Z.res.rangeC.hhLim.i: 0
calling GetDataValues(IEDBiogasCHP/MMXU1.Z.res.rangeC.hhLim.f)
14:23:47.523 [openiec61850-osi-server-7-thread-1] DEBUG com.beanit.openiec61850.ServerAssociation - Got a GetDataValues request for node: IEDBiogasCHP/MMXU1.Z.res.rangeC.hhLim.f: 0.0
calling GetDataValues(IEDBiogasCHP/MMXU1.Z.res.rangeC.hLim)
14:23:47.523 [openiec61850-osi-server-7-thread-1] DEBUG com.beanit.openiec61850.ServerAssociation - Got a GetDataValues request for node: IEDBiogasCHP/MMXU1.Z.res.rangeC.hLim [CF]
IEDBiogasCHP/MMXU1.Z.res.rangeC.hLim.i: 0
IEDBiogasCHP/MMXU1.Z.res.rangeC.hLim.f: 0.0
14:23:47.523 [openiec61850-osi-server-7-thread-1] DEBUG com.beanit.openiec61850.ServerAssociation - sub BDA is:IEDBiogasCHP/MMXU1.Z.res.rangeC.hLim.i: 0
14:23:47.523 [openiec61850-osi-server-7-thread-1] DEBUG com.beanit.openiec61850.ServerAssociation - sub BDA is:IEDBiogasCHP/MMXU1.Z.res.rangeC.hLim.f: 0.0
calling GetDataValues(IEDBiogasCHP/MMXU1.Z.res.rangeC.hLim.i)
14:23:47.523 [openiec61850-osi-server-7-thread-1] DEBUG com.beanit.openiec61850.ServerAssociation - Got a GetDataValues request for node: IEDBiogasCHP/MMXU1.Z.res.rangeC.hLim.i: 0
calling GetDataValues(IEDBiogasCHP/MMXU1.Z.res.rangeC.hLim.f)
14:23:47.523 [openiec61850-osi-server-7-thread-1] DEBUG com.beanit.openiec61850.ServerAssociation - Got a GetDataValues request for node: IEDBiogasCHP/MMXU1.Z.res.rangeC.hLim.f: 0.0
calling GetDataValues(IEDBiogasCHP/MMXU1.Z.res.rangeC.lLim)
14:23:47.523 [openiec61850-osi-server-7-thread-1] DEBUG com.beanit.openiec61850.ServerAssociation - Got a GetDataValues request for node: IEDBiogasCHP/MMXU1.Z.res.rangeC.lLim [CF]
IEDBiogasCHP/MMXU1.Z.res.rangeC.lLim.i: 0
IEDBiogasCHP/MMXU1.Z.res.rangeC.lLim.f: 0.0
14:23:47.523 [openiec61850-osi-server-7-thread-1] DEBUG com.beanit.openiec61850.ServerAssociation - sub BDA is:IEDBiogasCHP/MMXU1.Z.res.rangeC.lLim.i: 0
14:23:47.523 [openiec61850-osi-server-7-thread-1] DEBUG com.beanit.openiec61850.ServerAssociation - sub BDA is:IEDBiogasCHP/MMXU1.Z.res.rangeC.lLim.f: 0.0
calling GetDataValues(IEDBiogasCHP/MMXU1.Z.res.rangeC.lLim.i)
14:23:47.523 [openiec61850-osi-server-7-thread-1] DEBUG com.beanit.openiec61850.ServerAssociation - Got a GetDataValues request for node: IEDBiogasCHP/MMXU1.Z.res.rangeC.lLim.i: 0
calling GetDataValues(IEDBiogasCHP/MMXU1.Z.res.rangeC.lLim.f)
14:23:47.523 [openiec61850-osi-server-7-thread-1] DEBUG com.beanit.openiec61850.ServerAssociation - Got a GetDataValues request for node: IEDBiogasCHP/MMXU1.Z.res.rangeC.lLim.f: 0.0
calling GetDataValues(IEDBiogasCHP/MMXU1.Z.res.rangeC.llLim)
14:23:47.524 [openiec61850-osi-server-7-thread-1] DEBUG com.beanit.openiec61850.ServerAssociation - Got a GetDataValues request for node: IEDBiogasCHP/MMXU1.Z.res.rangeC.llLim [CF]
IEDBiogasCHP/MMXU1.Z.res.rangeC.llLim.i: 0
IEDBiogasCHP/MMXU1.Z.res.rangeC.llLim.f: 0.0
14:23:47.524 [openiec61850-osi-server-7-thread-1] DEBUG com.beanit.openiec61850.ServerAssociation - sub BDA is:IEDBiogasCHP/MMXU1.Z.res.rangeC.llLim.i: 0
14:23:47.524 [openiec61850-osi-server-7-thread-1] DEBUG com.beanit.openiec61850.ServerAssociation - sub BDA is:IEDBiogasCHP/MMXU1.Z.res.rangeC.llLim.f: 0.0
calling GetDataValues(IEDBiogasCHP/MMXU1.Z.res.rangeC.llLim.i)
14:23:47.524 [openiec61850-osi-server-7-thread-1] DEBUG com.beanit.openiec61850.ServerAssociation - Got a GetDataValues request for node: IEDBiogasCHP/MMXU1.Z.res.rangeC.llLim.i: 0
calling GetDataValues(IEDBiogasCHP/MMXU1.Z.res.rangeC.llLim.f)
14:23:47.524 [openiec61850-osi-server-7-thread-1] DEBUG com.beanit.openiec61850.ServerAssociation - Got a GetDataValues request for node: IEDBiogasCHP/MMXU1.Z.res.rangeC.llLim.f: 0.0
calling GetDataValues(IEDBiogasCHP/MMXU1.Z.res.rangeC.min)
14:23:47.524 [openiec61850-osi-server-7-thread-1] DEBUG com.beanit.openiec61850.ServerAssociation - Got a GetDataValues request for node: IEDBiogasCHP/MMXU1.Z.res.rangeC.min [CF]
IEDBiogasCHP/MMXU1.Z.res.rangeC.min.i: 0
IEDBiogasCHP/MMXU1.Z.res.rangeC.min.f: 0.0
14:23:47.524 [openiec61850-osi-server-7-thread-1] DEBUG com.beanit.openiec61850.ServerAssociation - sub BDA is:IEDBiogasCHP/MMXU1.Z.res.rangeC.min.i: 0
14:23:47.524 [openiec61850-osi-server-7-thread-1] DEBUG com.beanit.openiec61850.ServerAssociation - sub BDA is:IEDBiogasCHP/MMXU1.Z.res.rangeC.min.f: 0.0
calling GetDataValues(IEDBiogasCHP/MMXU1.Z.res.rangeC.min.i)
14:23:47.524 [openiec61850-osi-server-7-thread-1] DEBUG com.beanit.openiec61850.ServerAssociation - Got a GetDataValues request for node: IEDBiogasCHP/MMXU1.Z.res.rangeC.min.i: 0
calling GetDataValues(IEDBiogasCHP/MMXU1.Z.res.rangeC.min.f)
14:23:47.524 [openiec61850-osi-server-7-thread-1] DEBUG com.beanit.openiec61850.ServerAssociation - Got a GetDataValues request for node: IEDBiogasCHP/MMXU1.Z.res.rangeC.min.f: 0.0
calling GetDataValues(IEDBiogasCHP/MMXU1.Z.res.rangeC.max)
14:23:47.524 [openiec61850-osi-server-7-thread-1] DEBUG com.beanit.openiec61850.ServerAssociation - Got a GetDataValues request for node: IEDBiogasCHP/MMXU1.Z.res.rangeC.max [CF]
IEDBiogasCHP/MMXU1.Z.res.rangeC.max.i: 0
IEDBiogasCHP/MMXU1.Z.res.rangeC.max.f: 0.0
14:23:47.524 [openiec61850-osi-server-7-thread-1] DEBUG com.beanit.openiec61850.ServerAssociation - sub BDA is:IEDBiogasCHP/MMXU1.Z.res.rangeC.max.i: 0
14:23:47.524 [openiec61850-osi-server-7-thread-1] DEBUG com.beanit.openiec61850.ServerAssociation - sub BDA is:IEDBiogasCHP/MMXU1.Z.res.rangeC.max.f: 0.0
calling GetDataValues(IEDBiogasCHP/MMXU1.Z.res.rangeC.max.i)
14:23:47.524 [openiec61850-osi-server-7-thread-1] DEBUG com.beanit.openiec61850.ServerAssociation - Got a GetDataValues request for node: IEDBiogasCHP/MMXU1.Z.res.rangeC.max.i: 0
calling GetDataValues(IEDBiogasCHP/MMXU1.Z.res.rangeC.max.f)
14:23:47.525 [openiec61850-osi-server-7-thread-1] DEBUG com.beanit.openiec61850.ServerAssociation - Got a GetDataValues request for node: IEDBiogasCHP/MMXU1.Z.res.rangeC.max.f: 0.0
calling GetDataValues(IEDBiogasCHP/MMXU1.Z.res.magSVC)
14:23:47.525 [openiec61850-osi-server-7-thread-1] DEBUG com.beanit.openiec61850.ServerAssociation - Got a GetDataValues request for node: IEDBiogasCHP/MMXU1.Z.res.magSVC [CF]
IEDBiogasCHP/MMXU1.Z.res.magSVC.scaleFactor: 0.0
IEDBiogasCHP/MMXU1.Z.res.magSVC.offset: 0.0
14:23:47.525 [openiec61850-osi-server-7-thread-1] DEBUG com.beanit.openiec61850.ServerAssociation - sub BDA is:IEDBiogasCHP/MMXU1.Z.res.magSVC.scaleFactor: 0.0
14:23:47.525 [openiec61850-osi-server-7-thread-1] DEBUG com.beanit.openiec61850.ServerAssociation - sub BDA is:IEDBiogasCHP/MMXU1.Z.res.magSVC.offset: 0.0
calling GetDataValues(IEDBiogasCHP/MMXU1.Z.res.magSVC.scaleFactor)
14:23:47.525 [openiec61850-osi-server-7-thread-1] DEBUG com.beanit.openiec61850.ServerAssociation - Got a GetDataValues request for node: IEDBiogasCHP/MMXU1.Z.res.magSVC.scaleFactor: 0.0
calling GetDataValues(IEDBiogasCHP/MMXU1.Z.res.magSVC.offset)
14:23:47.525 [openiec61850-osi-server-7-thread-1] DEBUG com.beanit.openiec61850.ServerAssociation - Got a GetDataValues request for node: IEDBiogasCHP/MMXU1.Z.res.magSVC.offset: 0.0
calling GetDataValues(IEDBiogasCHP/MMXU1.Z.res.angSVC)
14:23:47.525 [openiec61850-osi-server-7-thread-1] DEBUG com.beanit.openiec61850.ServerAssociation - Got a GetDataValues request for node: IEDBiogasCHP/MMXU1.Z.res.angSVC [CF]
IEDBiogasCHP/MMXU1.Z.res.angSVC.scaleFactor: 0.0
IEDBiogasCHP/MMXU1.Z.res.angSVC.offset: 0.0
14:23:47.525 [openiec61850-osi-server-7-thread-1] DEBUG com.beanit.openiec61850.ServerAssociation - sub BDA is:IEDBiogasCHP/MMXU1.Z.res.angSVC.scaleFactor: 0.0
14:23:47.525 [openiec61850-osi-server-7-thread-1] DEBUG com.beanit.openiec61850.ServerAssociation - sub BDA is:IEDBiogasCHP/MMXU1.Z.res.angSVC.offset: 0.0
calling GetDataValues(IEDBiogasCHP/MMXU1.Z.res.angSVC.scaleFactor)
14:23:47.525 [openiec61850-osi-server-7-thread-1] DEBUG com.beanit.openiec61850.ServerAssociation - Got a GetDataValues request for node: IEDBiogasCHP/MMXU1.Z.res.angSVC.scaleFactor: 0.0
calling GetDataValues(IEDBiogasCHP/MMXU1.Z.res.angSVC.offset)
14:23:47.525 [openiec61850-osi-server-7-thread-1] DEBUG com.beanit.openiec61850.ServerAssociation - Got a GetDataValues request for node: IEDBiogasCHP/MMXU1.Z.res.angSVC.offset: 0.0
calling GetDataValues(IEDBiogasCHP/MMXU1.Z.res.angRef)
14:23:47.525 [openiec61850-osi-server-7-thread-1] DEBUG com.beanit.openiec61850.ServerAssociation - Got a GetDataValues request for node: IEDBiogasCHP/MMXU1.Z.res.angRef: 0
calling GetDataValues(IEDBiogasCHP/MMXU1.Z.res.smpRate)
14:23:47.526 [openiec61850-osi-server-7-thread-1] DEBUG com.beanit.openiec61850.ServerAssociation - Got a GetDataValues request for node: IEDBiogasCHP/MMXU1.Z.res.smpRate: 0
calling GetDataValues(IEDBiogasCHP/MMXU1.Z)
14:23:47.526 [openiec61850-osi-server-7-thread-1] DEBUG com.beanit.openiec61850.ServerAssociation - Got a GetDataValues request for node: IEDBiogasCHP/MMXU1.Z [DC]
IEDBiogasCHP/MMXU1.Z.d: ''
IEDBiogasCHP/MMXU1.Z.dU: 
IEDBiogasCHP/MMXU1.Z.phsA [DC]
IEDBiogasCHP/MMXU1.Z.phsA.d: ''
IEDBiogasCHP/MMXU1.Z.phsA.dU: 
IEDBiogasCHP/MMXU1.Z.phsB [DC]
IEDBiogasCHP/MMXU1.Z.phsB.d: ''
IEDBiogasCHP/MMXU1.Z.phsB.dU: 
IEDBiogasCHP/MMXU1.Z.phsC [DC]
IEDBiogasCHP/MMXU1.Z.phsC.d: ''
IEDBiogasCHP/MMXU1.Z.phsC.dU: 
IEDBiogasCHP/MMXU1.Z.neut [DC]
IEDBiogasCHP/MMXU1.Z.neut.d: ''
IEDBiogasCHP/MMXU1.Z.neut.dU: 
IEDBiogasCHP/MMXU1.Z.net [DC]
IEDBiogasCHP/MMXU1.Z.net.d: ''
IEDBiogasCHP/MMXU1.Z.net.dU: 
IEDBiogasCHP/MMXU1.Z.res [DC]
IEDBiogasCHP/MMXU1.Z.res.d: ''
IEDBiogasCHP/MMXU1.Z.res.dU: 
14:23:47.526 [openiec61850-osi-server-7-thread-1] DEBUG com.beanit.openiec61850.ServerAssociation - sub BDA is:IEDBiogasCHP/MMXU1.Z.d: ''
14:23:47.526 [openiec61850-osi-server-7-thread-1] DEBUG com.beanit.openiec61850.ServerAssociation - sub BDA is:IEDBiogasCHP/MMXU1.Z.dU: 
14:23:47.526 [openiec61850-osi-server-7-thread-1] DEBUG com.beanit.openiec61850.ServerAssociation - sub BDA is:IEDBiogasCHP/MMXU1.Z.phsA.d: ''
14:23:47.526 [openiec61850-osi-server-7-thread-1] DEBUG com.beanit.openiec61850.ServerAssociation - sub BDA is:IEDBiogasCHP/MMXU1.Z.phsA.dU: 
14:23:47.526 [openiec61850-osi-server-7-thread-1] DEBUG com.beanit.openiec61850.ServerAssociation - sub BDA is:IEDBiogasCHP/MMXU1.Z.phsB.d: ''
14:23:47.526 [openiec61850-osi-server-7-thread-1] DEBUG com.beanit.openiec61850.ServerAssociation - sub BDA is:IEDBiogasCHP/MMXU1.Z.phsB.dU: 
14:23:47.526 [openiec61850-osi-server-7-thread-1] DEBUG com.beanit.openiec61850.ServerAssociation - sub BDA is:IEDBiogasCHP/MMXU1.Z.phsC.d: ''
14:23:47.526 [openiec61850-osi-server-7-thread-1] DEBUG com.beanit.openiec61850.ServerAssociation - sub BDA is:IEDBiogasCHP/MMXU1.Z.phsC.dU: 
14:23:47.526 [openiec61850-osi-server-7-thread-1] DEBUG com.beanit.openiec61850.ServerAssociation - sub BDA is:IEDBiogasCHP/MMXU1.Z.neut.d: ''
14:23:47.526 [openiec61850-osi-server-7-thread-1] DEBUG com.beanit.openiec61850.ServerAssociation - sub BDA is:IEDBiogasCHP/MMXU1.Z.neut.dU: 
14:23:47.526 [openiec61850-osi-server-7-thread-1] DEBUG com.beanit.openiec61850.ServerAssociation - sub BDA is:IEDBiogasCHP/MMXU1.Z.net.d: ''
14:23:47.526 [openiec61850-osi-server-7-thread-1] DEBUG com.beanit.openiec61850.ServerAssociation - sub BDA is:IEDBiogasCHP/MMXU1.Z.net.dU: 
14:23:47.526 [openiec61850-osi-server-7-thread-1] DEBUG com.beanit.openiec61850.ServerAssociation - sub BDA is:IEDBiogasCHP/MMXU1.Z.res.d: ''
14:23:47.526 [openiec61850-osi-server-7-thread-1] DEBUG com.beanit.openiec61850.ServerAssociation - sub BDA is:IEDBiogasCHP/MMXU1.Z.res.dU: 
calling GetDataValues(IEDBiogasCHP/MMXU1.Z.d)
14:23:47.526 [openiec61850-osi-server-7-thread-1] DEBUG com.beanit.openiec61850.ServerAssociation - Got a GetDataValues request for node: IEDBiogasCHP/MMXU1.Z.d: ''
calling GetDataValues(IEDBiogasCHP/MMXU1.Z.dU)
14:23:47.526 [openiec61850-osi-server-7-thread-1] DEBUG com.beanit.openiec61850.ServerAssociation - Got a GetDataValues request for node: IEDBiogasCHP/MMXU1.Z.dU: 
calling GetDataValues(IEDBiogasCHP/MMXU1.Z.phsA)
14:23:47.526 [openiec61850-osi-server-7-thread-1] DEBUG com.beanit.openiec61850.ServerAssociation - Got a GetDataValues request for node: IEDBiogasCHP/MMXU1.Z.phsA [DC]
IEDBiogasCHP/MMXU1.Z.phsA.d: ''
IEDBiogasCHP/MMXU1.Z.phsA.dU: 
14:23:47.526 [openiec61850-osi-server-7-thread-1] DEBUG com.beanit.openiec61850.ServerAssociation - sub BDA is:IEDBiogasCHP/MMXU1.Z.phsA.d: ''
14:23:47.526 [openiec61850-osi-server-7-thread-1] DEBUG com.beanit.openiec61850.ServerAssociation - sub BDA is:IEDBiogasCHP/MMXU1.Z.phsA.dU: 
calling GetDataValues(IEDBiogasCHP/MMXU1.Z.phsA.d)
14:23:47.526 [openiec61850-osi-server-7-thread-1] DEBUG com.beanit.openiec61850.ServerAssociation - Got a GetDataValues request for node: IEDBiogasCHP/MMXU1.Z.phsA.d: ''
calling GetDataValues(IEDBiogasCHP/MMXU1.Z.phsA.dU)
14:23:47.526 [openiec61850-osi-server-7-thread-1] DEBUG com.beanit.openiec61850.ServerAssociation - Got a GetDataValues request for node: IEDBiogasCHP/MMXU1.Z.phsA.dU: 
calling GetDataValues(IEDBiogasCHP/MMXU1.Z.phsB)
14:23:47.527 [openiec61850-osi-server-7-thread-1] DEBUG com.beanit.openiec61850.ServerAssociation - Got a GetDataValues request for node: IEDBiogasCHP/MMXU1.Z.phsB [DC]
IEDBiogasCHP/MMXU1.Z.phsB.d: ''
IEDBiogasCHP/MMXU1.Z.phsB.dU: 
14:23:47.527 [openiec61850-osi-server-7-thread-1] DEBUG com.beanit.openiec61850.ServerAssociation - sub BDA is:IEDBiogasCHP/MMXU1.Z.phsB.d: ''
14:23:47.527 [openiec61850-osi-server-7-thread-1] DEBUG com.beanit.openiec61850.ServerAssociation - sub BDA is:IEDBiogasCHP/MMXU1.Z.phsB.dU: 
calling GetDataValues(IEDBiogasCHP/MMXU1.Z.phsB.d)
14:23:47.527 [openiec61850-osi-server-7-thread-1] DEBUG com.beanit.openiec61850.ServerAssociation - Got a GetDataValues request for node: IEDBiogasCHP/MMXU1.Z.phsB.d: ''
calling GetDataValues(IEDBiogasCHP/MMXU1.Z.phsB.dU)
14:23:47.527 [openiec61850-osi-server-7-thread-1] DEBUG com.beanit.openiec61850.ServerAssociation - Got a GetDataValues request for node: IEDBiogasCHP/MMXU1.Z.phsB.dU: 
calling GetDataValues(IEDBiogasCHP/MMXU1.Z.phsC)
14:23:47.527 [openiec61850-osi-server-7-thread-1] DEBUG com.beanit.openiec61850.ServerAssociation - Got a GetDataValues request for node: IEDBiogasCHP/MMXU1.Z.phsC [DC]
IEDBiogasCHP/MMXU1.Z.phsC.d: ''
IEDBiogasCHP/MMXU1.Z.phsC.dU: 
14:23:47.527 [openiec61850-osi-server-7-thread-1] DEBUG com.beanit.openiec61850.ServerAssociation - sub BDA is:IEDBiogasCHP/MMXU1.Z.phsC.d: ''
14:23:47.527 [openiec61850-osi-server-7-thread-1] DEBUG com.beanit.openiec61850.ServerAssociation - sub BDA is:IEDBiogasCHP/MMXU1.Z.phsC.dU: 
calling GetDataValues(IEDBiogasCHP/MMXU1.Z.phsC.d)
14:23:47.527 [openiec61850-osi-server-7-thread-1] DEBUG com.beanit.openiec61850.ServerAssociation - Got a GetDataValues request for node: IEDBiogasCHP/MMXU1.Z.phsC.d: ''
calling GetDataValues(IEDBiogasCHP/MMXU1.Z.phsC.dU)
14:23:47.527 [openiec61850-osi-server-7-thread-1] DEBUG com.beanit.openiec61850.ServerAssociation - Got a GetDataValues request for node: IEDBiogasCHP/MMXU1.Z.phsC.dU: 
calling GetDataValues(IEDBiogasCHP/MMXU1.Z.neut)
14:23:47.527 [openiec61850-osi-server-7-thread-1] DEBUG com.beanit.openiec61850.ServerAssociation - Got a GetDataValues request for node: IEDBiogasCHP/MMXU1.Z.neut [DC]
IEDBiogasCHP/MMXU1.Z.neut.d: ''
IEDBiogasCHP/MMXU1.Z.neut.dU: 
14:23:47.527 [openiec61850-osi-server-7-thread-1] DEBUG com.beanit.openiec61850.ServerAssociation - sub BDA is:IEDBiogasCHP/MMXU1.Z.neut.d: ''
14:23:47.527 [openiec61850-osi-server-7-thread-1] DEBUG com.beanit.openiec61850.ServerAssociation - sub BDA is:IEDBiogasCHP/MMXU1.Z.neut.dU: 
calling GetDataValues(IEDBiogasCHP/MMXU1.Z.neut.d)
14:23:47.527 [openiec61850-osi-server-7-thread-1] DEBUG com.beanit.openiec61850.ServerAssociation - Got a GetDataValues request for node: IEDBiogasCHP/MMXU1.Z.neut.d: ''
calling GetDataValues(IEDBiogasCHP/MMXU1.Z.neut.dU)
14:23:47.528 [openiec61850-osi-server-7-thread-1] DEBUG com.beanit.openiec61850.ServerAssociation - Got a GetDataValues request for node: IEDBiogasCHP/MMXU1.Z.neut.dU: 
calling GetDataValues(IEDBiogasCHP/MMXU1.Z.net)
14:23:47.528 [openiec61850-osi-server-7-thread-1] DEBUG com.beanit.openiec61850.ServerAssociation - Got a GetDataValues request for node: IEDBiogasCHP/MMXU1.Z.net [DC]
IEDBiogasCHP/MMXU1.Z.net.d: ''
IEDBiogasCHP/MMXU1.Z.net.dU: 
14:23:47.528 [openiec61850-osi-server-7-thread-1] DEBUG com.beanit.openiec61850.ServerAssociation - sub BDA is:IEDBiogasCHP/MMXU1.Z.net.d: ''
14:23:47.528 [openiec61850-osi-server-7-thread-1] DEBUG com.beanit.openiec61850.ServerAssociation - sub BDA is:IEDBiogasCHP/MMXU1.Z.net.dU: 
calling GetDataValues(IEDBiogasCHP/MMXU1.Z.net.d)
14:23:47.528 [openiec61850-osi-server-7-thread-1] DEBUG com.beanit.openiec61850.ServerAssociation - Got a GetDataValues request for node: IEDBiogasCHP/MMXU1.Z.net.d: ''
calling GetDataValues(IEDBiogasCHP/MMXU1.Z.net.dU)
14:23:47.528 [openiec61850-osi-server-7-thread-1] DEBUG com.beanit.openiec61850.ServerAssociation - Got a GetDataValues request for node: IEDBiogasCHP/MMXU1.Z.net.dU: 
calling GetDataValues(IEDBiogasCHP/MMXU1.Z.res)
14:23:47.528 [openiec61850-osi-server-7-thread-1] DEBUG com.beanit.openiec61850.ServerAssociation - Got a GetDataValues request for node: IEDBiogasCHP/MMXU1.Z.res [DC]
IEDBiogasCHP/MMXU1.Z.res.d: ''
IEDBiogasCHP/MMXU1.Z.res.dU: 
14:23:47.528 [openiec61850-osi-server-7-thread-1] DEBUG com.beanit.openiec61850.ServerAssociation - sub BDA is:IEDBiogasCHP/MMXU1.Z.res.d: ''
14:23:47.528 [openiec61850-osi-server-7-thread-1] DEBUG com.beanit.openiec61850.ServerAssociation - sub BDA is:IEDBiogasCHP/MMXU1.Z.res.dU: 
calling GetDataValues(IEDBiogasCHP/MMXU1.Z.res.d)
14:23:47.528 [openiec61850-osi-server-7-thread-1] DEBUG com.beanit.openiec61850.ServerAssociation - Got a GetDataValues request for node: IEDBiogasCHP/MMXU1.Z.res.d: ''
calling GetDataValues(IEDBiogasCHP/MMXU1.Z.res.dU)
14:23:47.528 [openiec61850-osi-server-7-thread-1] DEBUG com.beanit.openiec61850.ServerAssociation - Got a GetDataValues request for node: IEDBiogasCHP/MMXU1.Z.res.dU: 
calling GetDataValues(IEDBiogasCHP/MMXU1.Z)
14:23:47.529 [openiec61850-osi-server-7-thread-1] DEBUG com.beanit.openiec61850.ServerAssociation - Got a GetDataValues request for node: IEDBiogasCHP/MMXU1.Z [EX]
IEDBiogasCHP/MMXU1.Z.cdcNs: ''
IEDBiogasCHP/MMXU1.Z.cdcName: ''
IEDBiogasCHP/MMXU1.Z.dataNs: ''
IEDBiogasCHP/MMXU1.Z.phsA [EX]
IEDBiogasCHP/MMXU1.Z.phsA.cdcNs: ''
IEDBiogasCHP/MMXU1.Z.phsA.cdcName: ''
IEDBiogasCHP/MMXU1.Z.phsA.dataNs: ''
IEDBiogasCHP/MMXU1.Z.phsB [EX]
IEDBiogasCHP/MMXU1.Z.phsB.cdcNs: ''
IEDBiogasCHP/MMXU1.Z.phsB.cdcName: ''
IEDBiogasCHP/MMXU1.Z.phsB.dataNs: ''
IEDBiogasCHP/MMXU1.Z.phsC [EX]
IEDBiogasCHP/MMXU1.Z.phsC.cdcNs: ''
IEDBiogasCHP/MMXU1.Z.phsC.cdcName: ''
IEDBiogasCHP/MMXU1.Z.phsC.dataNs: ''
IEDBiogasCHP/MMXU1.Z.neut [EX]
IEDBiogasCHP/MMXU1.Z.neut.cdcNs: ''
IEDBiogasCHP/MMXU1.Z.neut.cdcName: ''
IEDBiogasCHP/MMXU1.Z.neut.dataNs: ''
IEDBiogasCHP/MMXU1.Z.net [EX]
IEDBiogasCHP/MMXU1.Z.net.cdcNs: ''
IEDBiogasCHP/MMXU1.Z.net.cdcName: ''
IEDBiogasCHP/MMXU1.Z.net.dataNs: ''
IEDBiogasCHP/MMXU1.Z.res [EX]
IEDBiogasCHP/MMXU1.Z.res.cdcNs: ''
IEDBiogasCHP/MMXU1.Z.res.cdcName: ''
IEDBiogasCHP/MMXU1.Z.res.dataNs: ''
14:23:47.529 [openiec61850-osi-server-7-thread-1] DEBUG com.beanit.openiec61850.ServerAssociation - sub BDA is:IEDBiogasCHP/MMXU1.Z.cdcNs: ''
14:23:47.529 [openiec61850-osi-server-7-thread-1] DEBUG com.beanit.openiec61850.ServerAssociation - sub BDA is:IEDBiogasCHP/MMXU1.Z.cdcName: ''
14:23:47.529 [openiec61850-osi-server-7-thread-1] DEBUG com.beanit.openiec61850.ServerAssociation - sub BDA is:IEDBiogasCHP/MMXU1.Z.dataNs: ''
14:23:47.529 [openiec61850-osi-server-7-thread-1] DEBUG com.beanit.openiec61850.ServerAssociation - sub BDA is:IEDBiogasCHP/MMXU1.Z.phsA.cdcNs: ''
14:23:47.529 [openiec61850-osi-server-7-thread-1] DEBUG com.beanit.openiec61850.ServerAssociation - sub BDA is:IEDBiogasCHP/MMXU1.Z.phsA.cdcName: ''
14:23:47.529 [openiec61850-osi-server-7-thread-1] DEBUG com.beanit.openiec61850.ServerAssociation - sub BDA is:IEDBiogasCHP/MMXU1.Z.phsA.dataNs: ''
14:23:47.529 [openiec61850-osi-server-7-thread-1] DEBUG com.beanit.openiec61850.ServerAssociation - sub BDA is:IEDBiogasCHP/MMXU1.Z.phsB.cdcNs: ''
14:23:47.529 [openiec61850-osi-server-7-thread-1] DEBUG com.beanit.openiec61850.ServerAssociation - sub BDA is:IEDBiogasCHP/MMXU1.Z.phsB.cdcName: ''
14:23:47.529 [openiec61850-osi-server-7-thread-1] DEBUG com.beanit.openiec61850.ServerAssociation - sub BDA is:IEDBiogasCHP/MMXU1.Z.phsB.dataNs: ''
14:23:47.529 [openiec61850-osi-server-7-thread-1] DEBUG com.beanit.openiec61850.ServerAssociation - sub BDA is:IEDBiogasCHP/MMXU1.Z.phsC.cdcNs: ''
14:23:47.529 [openiec61850-osi-server-7-thread-1] DEBUG com.beanit.openiec61850.ServerAssociation - sub BDA is:IEDBiogasCHP/MMXU1.Z.phsC.cdcName: ''
14:23:47.529 [openiec61850-osi-server-7-thread-1] DEBUG com.beanit.openiec61850.ServerAssociation - sub BDA is:IEDBiogasCHP/MMXU1.Z.phsC.dataNs: ''
14:23:47.529 [openiec61850-osi-server-7-thread-1] DEBUG com.beanit.openiec61850.ServerAssociation - sub BDA is:IEDBiogasCHP/MMXU1.Z.neut.cdcNs: ''
14:23:47.529 [openiec61850-osi-server-7-thread-1] DEBUG com.beanit.openiec61850.ServerAssociation - sub BDA is:IEDBiogasCHP/MMXU1.Z.neut.cdcName: ''
14:23:47.529 [openiec61850-osi-server-7-thread-1] DEBUG com.beanit.openiec61850.ServerAssociation - sub BDA is:IEDBiogasCHP/MMXU1.Z.neut.dataNs: ''
14:23:47.529 [openiec61850-osi-server-7-thread-1] DEBUG com.beanit.openiec61850.ServerAssociation - sub BDA is:IEDBiogasCHP/MMXU1.Z.net.cdcNs: ''
14:23:47.529 [openiec61850-osi-server-7-thread-1] DEBUG com.beanit.openiec61850.ServerAssociation - sub BDA is:IEDBiogasCHP/MMXU1.Z.net.cdcName: ''
14:23:47.529 [openiec61850-osi-server-7-thread-1] DEBUG com.beanit.openiec61850.ServerAssociation - sub BDA is:IEDBiogasCHP/MMXU1.Z.net.dataNs: ''
14:23:47.529 [openiec61850-osi-server-7-thread-1] DEBUG com.beanit.openiec61850.ServerAssociation - sub BDA is:IEDBiogasCHP/MMXU1.Z.res.cdcNs: ''
14:23:47.529 [openiec61850-osi-server-7-thread-1] DEBUG com.beanit.openiec61850.ServerAssociation - sub BDA is:IEDBiogasCHP/MMXU1.Z.res.cdcName: ''
14:23:47.529 [openiec61850-osi-server-7-thread-1] DEBUG com.beanit.openiec61850.ServerAssociation - sub BDA is:IEDBiogasCHP/MMXU1.Z.res.dataNs: ''
calling GetDataValues(IEDBiogasCHP/MMXU1.Z.cdcNs)
14:23:47.529 [openiec61850-osi-server-7-thread-1] DEBUG com.beanit.openiec61850.ServerAssociation - Got a GetDataValues request for node: IEDBiogasCHP/MMXU1.Z.cdcNs: ''
calling GetDataValues(IEDBiogasCHP/MMXU1.Z.cdcName)
14:23:47.529 [openiec61850-osi-server-7-thread-1] DEBUG com.beanit.openiec61850.ServerAssociation - Got a GetDataValues request for node: IEDBiogasCHP/MMXU1.Z.cdcName: ''
calling GetDataValues(IEDBiogasCHP/MMXU1.Z.dataNs)
14:23:47.529 [openiec61850-osi-server-7-thread-1] DEBUG com.beanit.openiec61850.ServerAssociation - Got a GetDataValues request for node: IEDBiogasCHP/MMXU1.Z.dataNs: ''
calling GetDataValues(IEDBiogasCHP/MMXU1.Z.phsA)
14:23:47.529 [openiec61850-osi-server-7-thread-1] DEBUG com.beanit.openiec61850.ServerAssociation - Got a GetDataValues request for node: IEDBiogasCHP/MMXU1.Z.phsA [EX]
IEDBiogasCHP/MMXU1.Z.phsA.cdcNs: ''
IEDBiogasCHP/MMXU1.Z.phsA.cdcName: ''
IEDBiogasCHP/MMXU1.Z.phsA.dataNs: ''
14:23:47.529 [openiec61850-osi-server-7-thread-1] DEBUG com.beanit.openiec61850.ServerAssociation - sub BDA is:IEDBiogasCHP/MMXU1.Z.phsA.cdcNs: ''
14:23:47.529 [openiec61850-osi-server-7-thread-1] DEBUG com.beanit.openiec61850.ServerAssociation - sub BDA is:IEDBiogasCHP/MMXU1.Z.phsA.cdcName: ''
14:23:47.529 [openiec61850-osi-server-7-thread-1] DEBUG com.beanit.openiec61850.ServerAssociation - sub BDA is:IEDBiogasCHP/MMXU1.Z.phsA.dataNs: ''
calling GetDataValues(IEDBiogasCHP/MMXU1.Z.phsA.cdcNs)
14:23:47.529 [openiec61850-osi-server-7-thread-1] DEBUG com.beanit.openiec61850.ServerAssociation - Got a GetDataValues request for node: IEDBiogasCHP/MMXU1.Z.phsA.cdcNs: ''
calling GetDataValues(IEDBiogasCHP/MMXU1.Z.phsA.cdcName)
14:23:47.529 [openiec61850-osi-server-7-thread-1] DEBUG com.beanit.openiec61850.ServerAssociation - Got a GetDataValues request for node: IEDBiogasCHP/MMXU1.Z.phsA.cdcName: ''
calling GetDataValues(IEDBiogasCHP/MMXU1.Z.phsA.dataNs)
14:23:47.529 [openiec61850-osi-server-7-thread-1] DEBUG com.beanit.openiec61850.ServerAssociation - Got a GetDataValues request for node: IEDBiogasCHP/MMXU1.Z.phsA.dataNs: ''
calling GetDataValues(IEDBiogasCHP/MMXU1.Z.phsB)
14:23:47.530 [openiec61850-osi-server-7-thread-1] DEBUG com.beanit.openiec61850.ServerAssociation - Got a GetDataValues request for node: IEDBiogasCHP/MMXU1.Z.phsB [EX]
IEDBiogasCHP/MMXU1.Z.phsB.cdcNs: ''
IEDBiogasCHP/MMXU1.Z.phsB.cdcName: ''
IEDBiogasCHP/MMXU1.Z.phsB.dataNs: ''
14:23:47.530 [openiec61850-osi-server-7-thread-1] DEBUG com.beanit.openiec61850.ServerAssociation - sub BDA is:IEDBiogasCHP/MMXU1.Z.phsB.cdcNs: ''
14:23:47.530 [openiec61850-osi-server-7-thread-1] DEBUG com.beanit.openiec61850.ServerAssociation - sub BDA is:IEDBiogasCHP/MMXU1.Z.phsB.cdcName: ''
14:23:47.530 [openiec61850-osi-server-7-thread-1] DEBUG com.beanit.openiec61850.ServerAssociation - sub BDA is:IEDBiogasCHP/MMXU1.Z.phsB.dataNs: ''
calling GetDataValues(IEDBiogasCHP/MMXU1.Z.phsB.cdcNs)
14:23:47.530 [openiec61850-osi-server-7-thread-1] DEBUG com.beanit.openiec61850.ServerAssociation - Got a GetDataValues request for node: IEDBiogasCHP/MMXU1.Z.phsB.cdcNs: ''
calling GetDataValues(IEDBiogasCHP/MMXU1.Z.phsB.cdcName)
14:23:47.530 [openiec61850-osi-server-7-thread-1] DEBUG com.beanit.openiec61850.ServerAssociation - Got a GetDataValues request for node: IEDBiogasCHP/MMXU1.Z.phsB.cdcName: ''
calling GetDataValues(IEDBiogasCHP/MMXU1.Z.phsB.dataNs)
14:23:47.530 [openiec61850-osi-server-7-thread-1] DEBUG com.beanit.openiec61850.ServerAssociation - Got a GetDataValues request for node: IEDBiogasCHP/MMXU1.Z.phsB.dataNs: ''
calling GetDataValues(IEDBiogasCHP/MMXU1.Z.phsC)
14:23:47.530 [openiec61850-osi-server-7-thread-1] DEBUG com.beanit.openiec61850.ServerAssociation - Got a GetDataValues request for node: IEDBiogasCHP/MMXU1.Z.phsC [EX]
IEDBiogasCHP/MMXU1.Z.phsC.cdcNs: ''
IEDBiogasCHP/MMXU1.Z.phsC.cdcName: ''
IEDBiogasCHP/MMXU1.Z.phsC.dataNs: ''
14:23:47.530 [openiec61850-osi-server-7-thread-1] DEBUG com.beanit.openiec61850.ServerAssociation - sub BDA is:IEDBiogasCHP/MMXU1.Z.phsC.cdcNs: ''
14:23:47.530 [openiec61850-osi-server-7-thread-1] DEBUG com.beanit.openiec61850.ServerAssociation - sub BDA is:IEDBiogasCHP/MMXU1.Z.phsC.cdcName: ''
14:23:47.530 [openiec61850-osi-server-7-thread-1] DEBUG com.beanit.openiec61850.ServerAssociation - sub BDA is:IEDBiogasCHP/MMXU1.Z.phsC.dataNs: ''
calling GetDataValues(IEDBiogasCHP/MMXU1.Z.phsC.cdcNs)
14:23:47.530 [openiec61850-osi-server-7-thread-1] DEBUG com.beanit.openiec61850.ServerAssociation - Got a GetDataValues request for node: IEDBiogasCHP/MMXU1.Z.phsC.cdcNs: ''
calling GetDataValues(IEDBiogasCHP/MMXU1.Z.phsC.cdcName)
14:23:47.530 [openiec61850-osi-server-7-thread-1] DEBUG com.beanit.openiec61850.ServerAssociation - Got a GetDataValues request for node: IEDBiogasCHP/MMXU1.Z.phsC.cdcName: ''
calling GetDataValues(IEDBiogasCHP/MMXU1.Z.phsC.dataNs)
14:23:47.530 [openiec61850-osi-server-7-thread-1] DEBUG com.beanit.openiec61850.ServerAssociation - Got a GetDataValues request for node: IEDBiogasCHP/MMXU1.Z.phsC.dataNs: ''
calling GetDataValues(IEDBiogasCHP/MMXU1.Z.neut)
14:23:47.531 [openiec61850-osi-server-7-thread-1] DEBUG com.beanit.openiec61850.ServerAssociation - Got a GetDataValues request for node: IEDBiogasCHP/MMXU1.Z.neut [EX]
IEDBiogasCHP/MMXU1.Z.neut.cdcNs: ''
IEDBiogasCHP/MMXU1.Z.neut.cdcName: ''
IEDBiogasCHP/MMXU1.Z.neut.dataNs: ''
14:23:47.531 [openiec61850-osi-server-7-thread-1] DEBUG com.beanit.openiec61850.ServerAssociation - sub BDA is:IEDBiogasCHP/MMXU1.Z.neut.cdcNs: ''
14:23:47.531 [openiec61850-osi-server-7-thread-1] DEBUG com.beanit.openiec61850.ServerAssociation - sub BDA is:IEDBiogasCHP/MMXU1.Z.neut.cdcName: ''
14:23:47.531 [openiec61850-osi-server-7-thread-1] DEBUG com.beanit.openiec61850.ServerAssociation - sub BDA is:IEDBiogasCHP/MMXU1.Z.neut.dataNs: ''
calling GetDataValues(IEDBiogasCHP/MMXU1.Z.neut.cdcNs)
14:23:47.531 [openiec61850-osi-server-7-thread-1] DEBUG com.beanit.openiec61850.ServerAssociation - Got a GetDataValues request for node: IEDBiogasCHP/MMXU1.Z.neut.cdcNs: ''
calling GetDataValues(IEDBiogasCHP/MMXU1.Z.neut.cdcName)
14:23:47.531 [openiec61850-osi-server-7-thread-1] DEBUG com.beanit.openiec61850.ServerAssociation - Got a GetDataValues request for node: IEDBiogasCHP/MMXU1.Z.neut.cdcName: ''
calling GetDataValues(IEDBiogasCHP/MMXU1.Z.neut.dataNs)
14:23:47.531 [openiec61850-osi-server-7-thread-1] DEBUG com.beanit.openiec61850.ServerAssociation - Got a GetDataValues request for node: IEDBiogasCHP/MMXU1.Z.neut.dataNs: ''
calling GetDataValues(IEDBiogasCHP/MMXU1.Z.net)
14:23:47.531 [openiec61850-osi-server-7-thread-1] DEBUG com.beanit.openiec61850.ServerAssociation - Got a GetDataValues request for node: IEDBiogasCHP/MMXU1.Z.net [EX]
IEDBiogasCHP/MMXU1.Z.net.cdcNs: ''
IEDBiogasCHP/MMXU1.Z.net.cdcName: ''
IEDBiogasCHP/MMXU1.Z.net.dataNs: ''
14:23:47.531 [openiec61850-osi-server-7-thread-1] DEBUG com.beanit.openiec61850.ServerAssociation - sub BDA is:IEDBiogasCHP/MMXU1.Z.net.cdcNs: ''
14:23:47.531 [openiec61850-osi-server-7-thread-1] DEBUG com.beanit.openiec61850.ServerAssociation - sub BDA is:IEDBiogasCHP/MMXU1.Z.net.cdcName: ''
14:23:47.531 [openiec61850-osi-server-7-thread-1] DEBUG com.beanit.openiec61850.ServerAssociation - sub BDA is:IEDBiogasCHP/MMXU1.Z.net.dataNs: ''
calling GetDataValues(IEDBiogasCHP/MMXU1.Z.net.cdcNs)
14:23:47.531 [openiec61850-osi-server-7-thread-1] DEBUG com.beanit.openiec61850.ServerAssociation - Got a GetDataValues request for node: IEDBiogasCHP/MMXU1.Z.net.cdcNs: ''
calling GetDataValues(IEDBiogasCHP/MMXU1.Z.net.cdcName)
14:23:47.531 [openiec61850-osi-server-7-thread-1] DEBUG com.beanit.openiec61850.ServerAssociation - Got a GetDataValues request for node: IEDBiogasCHP/MMXU1.Z.net.cdcName: ''
calling GetDataValues(IEDBiogasCHP/MMXU1.Z.net.dataNs)
14:23:47.531 [openiec61850-osi-server-7-thread-1] DEBUG com.beanit.openiec61850.ServerAssociation - Got a GetDataValues request for node: IEDBiogasCHP/MMXU1.Z.net.dataNs: ''
calling GetDataValues(IEDBiogasCHP/MMXU1.Z.res)
14:23:47.531 [openiec61850-osi-server-7-thread-1] DEBUG com.beanit.openiec61850.ServerAssociation - Got a GetDataValues request for node: IEDBiogasCHP/MMXU1.Z.res [EX]
IEDBiogasCHP/MMXU1.Z.res.cdcNs: ''
IEDBiogasCHP/MMXU1.Z.res.cdcName: ''
IEDBiogasCHP/MMXU1.Z.res.dataNs: ''
14:23:47.531 [openiec61850-osi-server-7-thread-1] DEBUG com.beanit.openiec61850.ServerAssociation - sub BDA is:IEDBiogasCHP/MMXU1.Z.res.cdcNs: ''
14:23:47.531 [openiec61850-osi-server-7-thread-1] DEBUG com.beanit.openiec61850.ServerAssociation - sub BDA is:IEDBiogasCHP/MMXU1.Z.res.cdcName: ''
14:23:47.531 [openiec61850-osi-server-7-thread-1] DEBUG com.beanit.openiec61850.ServerAssociation - sub BDA is:IEDBiogasCHP/MMXU1.Z.res.dataNs: ''
calling GetDataValues(IEDBiogasCHP/MMXU1.Z.res.cdcNs)
14:23:47.532 [openiec61850-osi-server-7-thread-1] DEBUG com.beanit.openiec61850.ServerAssociation - Got a GetDataValues request for node: IEDBiogasCHP/MMXU1.Z.res.cdcNs: ''
calling GetDataValues(IEDBiogasCHP/MMXU1.Z.res.cdcName)
14:23:47.532 [openiec61850-osi-server-7-thread-1] DEBUG com.beanit.openiec61850.ServerAssociation - Got a GetDataValues request for node: IEDBiogasCHP/MMXU1.Z.res.cdcName: ''
calling GetDataValues(IEDBiogasCHP/MMXU1.Z.res.dataNs)
14:23:47.532 [openiec61850-osi-server-7-thread-1] DEBUG com.beanit.openiec61850.ServerAssociation - Got a GetDataValues request for node: IEDBiogasCHP/MMXU1.Z.res.dataNs: ''
calling GetDataValues(IEDBiogasCHP/MMXU1.ucrb)
14:23:47.532 [openiec61850-osi-server-7-thread-1] DEBUG com.beanit.openiec61850.ServerAssociation - Got a GetDataValues request for node: IEDBiogasCHP/MMXU1.ucrb [RP]
IEDBiogasCHP/MMXU1.ucrb.RptID: IEDBiogasCHP/MMXU1$ucrb
IEDBiogasCHP/MMXU1.ucrb.RptEna: false
IEDBiogasCHP/MMXU1.ucrb.Resv: false
IEDBiogasCHP/MMXU1.ucrb.DatSet: IEDBiogasCHP/MMXU1$DS_MMXU
IEDBiogasCHP/MMXU1.ucrb.ConfRev: 1
IEDBiogasCHP/MMXU1.ucrb.OptFlds: 0x78 0x00
IEDBiogasCHP/MMXU1.ucrb.BufTm: 1000
IEDBiogasCHP/MMXU1.ucrb.SqNum: 0
IEDBiogasCHP/MMXU1.ucrb.TrgOps: 0x74, data change: true, data update: true, quality change:true, integrity period: false, GI: true
IEDBiogasCHP/MMXU1.ucrb.IntgPd: 5000
IEDBiogasCHP/MMXU1.ucrb.GI: false
IEDBiogasCHP/MMXU1.ucrb.Owner: []
14:23:47.532 [openiec61850-osi-server-7-thread-1] DEBUG com.beanit.openiec61850.ServerAssociation - sub BDA is:IEDBiogasCHP/MMXU1.ucrb.RptID: IEDBiogasCHP/MMXU1$ucrb
14:23:47.532 [openiec61850-osi-server-7-thread-1] DEBUG com.beanit.openiec61850.ServerAssociation - sub BDA is:IEDBiogasCHP/MMXU1.ucrb.RptEna: false
14:23:47.532 [openiec61850-osi-server-7-thread-1] DEBUG com.beanit.openiec61850.ServerAssociation - sub BDA is:IEDBiogasCHP/MMXU1.ucrb.Resv: false
14:23:47.532 [openiec61850-osi-server-7-thread-1] DEBUG com.beanit.openiec61850.ServerAssociation - sub BDA is:IEDBiogasCHP/MMXU1.ucrb.DatSet: IEDBiogasCHP/MMXU1$DS_MMXU
14:23:47.532 [openiec61850-osi-server-7-thread-1] DEBUG com.beanit.openiec61850.ServerAssociation - sub BDA is:IEDBiogasCHP/MMXU1.ucrb.ConfRev: 1
14:23:47.532 [openiec61850-osi-server-7-thread-1] DEBUG com.beanit.openiec61850.ServerAssociation - sub BDA is:IEDBiogasCHP/MMXU1.ucrb.OptFlds: 0x78 0x00
14:23:47.532 [openiec61850-osi-server-7-thread-1] DEBUG com.beanit.openiec61850.ServerAssociation - sub BDA is:IEDBiogasCHP/MMXU1.ucrb.BufTm: 1000
14:23:47.532 [openiec61850-osi-server-7-thread-1] DEBUG com.beanit.openiec61850.ServerAssociation - sub BDA is:IEDBiogasCHP/MMXU1.ucrb.SqNum: 0
14:23:47.532 [openiec61850-osi-server-7-thread-1] DEBUG com.beanit.openiec61850.ServerAssociation - sub BDA is:IEDBiogasCHP/MMXU1.ucrb.TrgOps: 0x74, data change: true, data update: true, quality change:true, integrity period: false, GI: true
14:23:47.532 [openiec61850-osi-server-7-thread-1] DEBUG com.beanit.openiec61850.ServerAssociation - sub BDA is:IEDBiogasCHP/MMXU1.ucrb.IntgPd: 5000
14:23:47.532 [openiec61850-osi-server-7-thread-1] DEBUG com.beanit.openiec61850.ServerAssociation - sub BDA is:IEDBiogasCHP/MMXU1.ucrb.GI: false
14:23:47.532 [openiec61850-osi-server-7-thread-1] DEBUG com.beanit.openiec61850.ServerAssociation - sub BDA is:IEDBiogasCHP/MMXU1.ucrb.Owner: []
calling GetDataValues(IEDBiogasCHP/MMXU1.ucrb.RptID)
14:23:47.532 [openiec61850-osi-server-7-thread-1] DEBUG com.beanit.openiec61850.ServerAssociation - Got a GetDataValues request for node: IEDBiogasCHP/MMXU1.ucrb.RptID: IEDBiogasCHP/MMXU1$ucrb
calling GetDataValues(IEDBiogasCHP/MMXU1.ucrb.RptEna)
14:23:47.532 [openiec61850-osi-server-7-thread-1] DEBUG com.beanit.openiec61850.ServerAssociation - Got a GetDataValues request for node: IEDBiogasCHP/MMXU1.ucrb.RptEna: false
calling GetDataValues(IEDBiogasCHP/MMXU1.ucrb.Resv)
14:23:47.532 [openiec61850-osi-server-7-thread-1] DEBUG com.beanit.openiec61850.ServerAssociation - Got a GetDataValues request for node: IEDBiogasCHP/MMXU1.ucrb.Resv: false
calling GetDataValues(IEDBiogasCHP/MMXU1.ucrb.DatSet)
14:23:47.533 [openiec61850-osi-server-7-thread-1] DEBUG com.beanit.openiec61850.ServerAssociation - Got a GetDataValues request for node: IEDBiogasCHP/MMXU1.ucrb.DatSet: IEDBiogasCHP/MMXU1$DS_MMXU
calling GetDataValues(IEDBiogasCHP/MMXU1.ucrb.ConfRev)
14:23:47.533 [openiec61850-osi-server-7-thread-1] DEBUG com.beanit.openiec61850.ServerAssociation - Got a GetDataValues request for node: IEDBiogasCHP/MMXU1.ucrb.ConfRev: 1
calling GetDataValues(IEDBiogasCHP/MMXU1.ucrb.OptFlds)
14:23:47.533 [openiec61850-osi-server-7-thread-1] DEBUG com.beanit.openiec61850.ServerAssociation - Got a GetDataValues request for node: IEDBiogasCHP/MMXU1.ucrb.OptFlds: 0x78 0x00
calling GetDataValues(IEDBiogasCHP/MMXU1.ucrb.BufTm)
14:23:47.533 [openiec61850-osi-server-7-thread-1] DEBUG com.beanit.openiec61850.ServerAssociation - Got a GetDataValues request for node: IEDBiogasCHP/MMXU1.ucrb.BufTm: 1000
calling GetDataValues(IEDBiogasCHP/MMXU1.ucrb.SqNum)
14:23:47.533 [openiec61850-osi-server-7-thread-1] DEBUG com.beanit.openiec61850.ServerAssociation - Got a GetDataValues request for node: IEDBiogasCHP/MMXU1.ucrb.SqNum: 0
calling GetDataValues(IEDBiogasCHP/MMXU1.ucrb.TrgOps)
14:23:47.533 [openiec61850-osi-server-7-thread-1] DEBUG com.beanit.openiec61850.ServerAssociation - Got a GetDataValues request for node: IEDBiogasCHP/MMXU1.ucrb.TrgOps: 0x74, data change: true, data update: true, quality change:true, integrity period: false, GI: true
calling GetDataValues(IEDBiogasCHP/MMXU1.ucrb.IntgPd)
14:23:47.533 [openiec61850-osi-server-7-thread-1] DEBUG com.beanit.openiec61850.ServerAssociation - Got a GetDataValues request for node: IEDBiogasCHP/MMXU1.ucrb.IntgPd: 5000
calling GetDataValues(IEDBiogasCHP/MMXU1.ucrb.GI)
14:23:47.533 [openiec61850-osi-server-7-thread-1] DEBUG com.beanit.openiec61850.ServerAssociation - Got a GetDataValues request for node: IEDBiogasCHP/MMXU1.ucrb.GI: false
calling GetDataValues(IEDBiogasCHP/MMXU1.ucrb.Owner)
14:23:47.533 [openiec61850-osi-server-7-thread-1] DEBUG com.beanit.openiec61850.ServerAssociation - Got a GetDataValues request for node: IEDBiogasCHP/MMXU1.ucrb.Owner: []
14:23:47.534 [openiec61850-osi-server-7-thread-1] DEBUG com.beanit.openiec61850.ServerAssociation - Connection was closed by client.
Association closed!
]]></system-out>
  <system-err><![CDATA[]]></system-err>
</testsuite>
