<?xml version="1.0" encoding="UTF-8"?>
<testsuite name="com.beanit.openiec61850.integrationtests.ClientServerITest" tests="1" skipped="0" failures="0" errors="0" timestamp="2020-02-19T13:23:34" hostname="Mandl-PC" time="12.467">
  <properties/>
  <testcase name="testClientServerCom" classname="com.beanit.openiec61850.integrationtests.ClientServerITest" time="12.467"/>
  <system-out><![CDATA[IED Server is running
setting totWmag to: 1.0
Attempting to connect to server 127.0.0.1 on port 54321
calling GetDataValues(ied1lDevice1/LLN0.Mod)
14:23:34.357 [openiec61850-osi-server-3-thread-1] DEBUG com.beanit.openiec61850.ServerAssociation - Got a GetDataValues request for node: ied1lDevice1/LLN0.Mod [ST]
ied1lDevice1/LLN0.Mod.q: 0x00 0x00
ied1lDevice1/LLN0.Mod.t: Thu Jan 01 01:00:00 CET 1970
14:23:34.359 [openiec61850-osi-server-3-thread-1] DEBUG com.beanit.openiec61850.ServerAssociation - sub BDA is:ied1lDevice1/LLN0.Mod.q: 0x00 0x00
14:23:34.359 [openiec61850-osi-server-3-thread-1] DEBUG com.beanit.openiec61850.ServerAssociation - sub BDA is:ied1lDevice1/LLN0.Mod.t: Thu Jan 01 01:00:00 CET 1970
calling GetDataValues(ied1lDevice1/LLN0.Mod.q)
14:23:34.363 [openiec61850-osi-server-3-thread-1] DEBUG com.beanit.openiec61850.ServerAssociation - Got a GetDataValues request for node: ied1lDevice1/LLN0.Mod.q: 0x00 0x00
calling GetDataValues(ied1lDevice1/LLN0.Mod.t)
14:23:34.363 [openiec61850-osi-server-3-thread-1] DEBUG com.beanit.openiec61850.ServerAssociation - Got a GetDataValues request for node: ied1lDevice1/LLN0.Mod.t: Thu Jan 01 01:00:00 CET 1970
calling GetDataValues(ied1lDevice1/LLN0.Mod)
14:23:34.364 [openiec61850-osi-server-3-thread-1] DEBUG com.beanit.openiec61850.ServerAssociation - Got a GetDataValues request for node: ied1lDevice1/LLN0.Mod [CF]
ied1lDevice1/LLN0.Mod.ctlModel: 0
14:23:34.364 [openiec61850-osi-server-3-thread-1] DEBUG com.beanit.openiec61850.ServerAssociation - sub BDA is:ied1lDevice1/LLN0.Mod.ctlModel: 0
calling GetDataValues(ied1lDevice1/LLN0.Mod.ctlModel)
14:23:34.365 [openiec61850-osi-server-3-thread-1] DEBUG com.beanit.openiec61850.ServerAssociation - Got a GetDataValues request for node: ied1lDevice1/LLN0.Mod.ctlModel: 0
calling GetDataValues(ied1lDevice1/LLN0.Beh)
14:23:34.365 [openiec61850-osi-server-3-thread-1] DEBUG com.beanit.openiec61850.ServerAssociation - Got a GetDataValues request for node: ied1lDevice1/LLN0.Beh [ST]
ied1lDevice1/LLN0.Beh.stVal: 0
ied1lDevice1/LLN0.Beh.q: 0x00 0x00
ied1lDevice1/LLN0.Beh.t: Thu Jan 01 01:00:00 CET 1970
14:23:34.365 [openiec61850-osi-server-3-thread-1] DEBUG com.beanit.openiec61850.ServerAssociation - sub BDA is:ied1lDevice1/LLN0.Beh.stVal: 0
14:23:34.365 [openiec61850-osi-server-3-thread-1] DEBUG com.beanit.openiec61850.ServerAssociation - sub BDA is:ied1lDevice1/LLN0.Beh.q: 0x00 0x00
14:23:34.365 [openiec61850-osi-server-3-thread-1] DEBUG com.beanit.openiec61850.ServerAssociation - sub BDA is:ied1lDevice1/LLN0.Beh.t: Thu Jan 01 01:00:00 CET 1970
calling GetDataValues(ied1lDevice1/LLN0.Beh.stVal)
14:23:34.366 [openiec61850-osi-server-3-thread-1] DEBUG com.beanit.openiec61850.ServerAssociation - Got a GetDataValues request for node: ied1lDevice1/LLN0.Beh.stVal: 0
calling GetDataValues(ied1lDevice1/LLN0.Beh.q)
14:23:34.366 [openiec61850-osi-server-3-thread-1] DEBUG com.beanit.openiec61850.ServerAssociation - Got a GetDataValues request for node: ied1lDevice1/LLN0.Beh.q: 0x00 0x00
calling GetDataValues(ied1lDevice1/LLN0.Beh.t)
14:23:34.367 [openiec61850-osi-server-3-thread-1] DEBUG com.beanit.openiec61850.ServerAssociation - Got a GetDataValues request for node: ied1lDevice1/LLN0.Beh.t: Thu Jan 01 01:00:00 CET 1970
calling GetDataValues(ied1lDevice1/LLN0.Health)
14:23:34.367 [openiec61850-osi-server-3-thread-1] DEBUG com.beanit.openiec61850.ServerAssociation - Got a GetDataValues request for node: ied1lDevice1/LLN0.Health [ST]
ied1lDevice1/LLN0.Health.stVal: 0
ied1lDevice1/LLN0.Health.q: 0x00 0x00
ied1lDevice1/LLN0.Health.t: Thu Jan 01 01:00:00 CET 1970
14:23:34.367 [openiec61850-osi-server-3-thread-1] DEBUG com.beanit.openiec61850.ServerAssociation - sub BDA is:ied1lDevice1/LLN0.Health.stVal: 0
14:23:34.367 [openiec61850-osi-server-3-thread-1] DEBUG com.beanit.openiec61850.ServerAssociation - sub BDA is:ied1lDevice1/LLN0.Health.q: 0x00 0x00
14:23:34.367 [openiec61850-osi-server-3-thread-1] DEBUG com.beanit.openiec61850.ServerAssociation - sub BDA is:ied1lDevice1/LLN0.Health.t: Thu Jan 01 01:00:00 CET 1970
calling GetDataValues(ied1lDevice1/LLN0.Health.stVal)
14:23:34.368 [openiec61850-osi-server-3-thread-1] DEBUG com.beanit.openiec61850.ServerAssociation - Got a GetDataValues request for node: ied1lDevice1/LLN0.Health.stVal: 0
calling GetDataValues(ied1lDevice1/LLN0.Health.q)
14:23:34.368 [openiec61850-osi-server-3-thread-1] DEBUG com.beanit.openiec61850.ServerAssociation - Got a GetDataValues request for node: ied1lDevice1/LLN0.Health.q: 0x00 0x00
calling GetDataValues(ied1lDevice1/LLN0.Health.t)
14:23:34.369 [openiec61850-osi-server-3-thread-1] DEBUG com.beanit.openiec61850.ServerAssociation - Got a GetDataValues request for node: ied1lDevice1/LLN0.Health.t: Thu Jan 01 01:00:00 CET 1970
calling GetDataValues(ied1lDevice1/LLN0.NamPlt)
14:23:34.369 [openiec61850-osi-server-3-thread-1] DEBUG com.beanit.openiec61850.ServerAssociation - Got a GetDataValues request for node: ied1lDevice1/LLN0.NamPlt [DC]
ied1lDevice1/LLN0.NamPlt.vendor: ''
ied1lDevice1/LLN0.NamPlt.swRev: ''
ied1lDevice1/LLN0.NamPlt.d: ''
ied1lDevice1/LLN0.NamPlt.configRev: ''
14:23:34.369 [openiec61850-osi-server-3-thread-1] DEBUG com.beanit.openiec61850.ServerAssociation - sub BDA is:ied1lDevice1/LLN0.NamPlt.vendor: ''
14:23:34.369 [openiec61850-osi-server-3-thread-1] DEBUG com.beanit.openiec61850.ServerAssociation - sub BDA is:ied1lDevice1/LLN0.NamPlt.swRev: ''
14:23:34.370 [openiec61850-osi-server-3-thread-1] DEBUG com.beanit.openiec61850.ServerAssociation - sub BDA is:ied1lDevice1/LLN0.NamPlt.d: ''
14:23:34.370 [openiec61850-osi-server-3-thread-1] DEBUG com.beanit.openiec61850.ServerAssociation - sub BDA is:ied1lDevice1/LLN0.NamPlt.configRev: ''
calling GetDataValues(ied1lDevice1/LLN0.NamPlt.vendor)
14:23:34.370 [openiec61850-osi-server-3-thread-1] DEBUG com.beanit.openiec61850.ServerAssociation - Got a GetDataValues request for node: ied1lDevice1/LLN0.NamPlt.vendor: ''
calling GetDataValues(ied1lDevice1/LLN0.NamPlt.swRev)
14:23:34.370 [openiec61850-osi-server-3-thread-1] DEBUG com.beanit.openiec61850.ServerAssociation - Got a GetDataValues request for node: ied1lDevice1/LLN0.NamPlt.swRev: ''
calling GetDataValues(ied1lDevice1/LLN0.NamPlt.d)
14:23:34.371 [openiec61850-osi-server-3-thread-1] DEBUG com.beanit.openiec61850.ServerAssociation - Got a GetDataValues request for node: ied1lDevice1/LLN0.NamPlt.d: ''
calling GetDataValues(ied1lDevice1/LLN0.NamPlt.configRev)
14:23:34.371 [openiec61850-osi-server-3-thread-1] DEBUG com.beanit.openiec61850.ServerAssociation - Got a GetDataValues request for node: ied1lDevice1/LLN0.NamPlt.configRev: ''
calling GetDataValues(ied1lDevice1/LLN0.NamPlt)
14:23:34.371 [openiec61850-osi-server-3-thread-1] DEBUG com.beanit.openiec61850.ServerAssociation - Got a GetDataValues request for node: ied1lDevice1/LLN0.NamPlt [EX]
ied1lDevice1/LLN0.NamPlt.ldNs: ''
14:23:34.371 [openiec61850-osi-server-3-thread-1] DEBUG com.beanit.openiec61850.ServerAssociation - sub BDA is:ied1lDevice1/LLN0.NamPlt.ldNs: ''
calling GetDataValues(ied1lDevice1/LLN0.NamPlt.ldNs)
14:23:34.372 [openiec61850-osi-server-3-thread-1] DEBUG com.beanit.openiec61850.ServerAssociation - Got a GetDataValues request for node: ied1lDevice1/LLN0.NamPlt.ldNs: ''
calling GetDataValues(ied1lDevice1/LLN0.urcb101)
14:23:34.372 [openiec61850-osi-server-3-thread-1] DEBUG com.beanit.openiec61850.ServerAssociation - Got a GetDataValues request for node: ied1lDevice1/LLN0.urcb101 [RP]
ied1lDevice1/LLN0.urcb101.RptID: urcb1
ied1lDevice1/LLN0.urcb101.RptEna: false
ied1lDevice1/LLN0.urcb101.Resv: false
ied1lDevice1/LLN0.urcb101.DatSet: ied1lDevice1/LLN0$dataset1
ied1lDevice1/LLN0.urcb101.ConfRev: 0
ied1lDevice1/LLN0.urcb101.OptFlds: 0x78 0x00
ied1lDevice1/LLN0.urcb101.BufTm: 50
ied1lDevice1/LLN0.urcb101.SqNum: 0
ied1lDevice1/LLN0.urcb101.TrgOps: 0x74, data change: true, data update: true, quality change:true, integrity period: false, GI: true
ied1lDevice1/LLN0.urcb101.IntgPd: 5000
ied1lDevice1/LLN0.urcb101.GI: false
ied1lDevice1/LLN0.urcb101.Owner: []
14:23:34.373 [openiec61850-osi-server-3-thread-1] DEBUG com.beanit.openiec61850.ServerAssociation - sub BDA is:ied1lDevice1/LLN0.urcb101.RptID: urcb1
14:23:34.373 [openiec61850-osi-server-3-thread-1] DEBUG com.beanit.openiec61850.ServerAssociation - sub BDA is:ied1lDevice1/LLN0.urcb101.RptEna: false
14:23:34.373 [openiec61850-osi-server-3-thread-1] DEBUG com.beanit.openiec61850.ServerAssociation - sub BDA is:ied1lDevice1/LLN0.urcb101.Resv: false
14:23:34.373 [openiec61850-osi-server-3-thread-1] DEBUG com.beanit.openiec61850.ServerAssociation - sub BDA is:ied1lDevice1/LLN0.urcb101.DatSet: ied1lDevice1/LLN0$dataset1
14:23:34.373 [openiec61850-osi-server-3-thread-1] DEBUG com.beanit.openiec61850.ServerAssociation - sub BDA is:ied1lDevice1/LLN0.urcb101.ConfRev: 0
14:23:34.373 [openiec61850-osi-server-3-thread-1] DEBUG com.beanit.openiec61850.ServerAssociation - sub BDA is:ied1lDevice1/LLN0.urcb101.OptFlds: 0x78 0x00
14:23:34.373 [openiec61850-osi-server-3-thread-1] DEBUG com.beanit.openiec61850.ServerAssociation - sub BDA is:ied1lDevice1/LLN0.urcb101.BufTm: 50
14:23:34.373 [openiec61850-osi-server-3-thread-1] DEBUG com.beanit.openiec61850.ServerAssociation - sub BDA is:ied1lDevice1/LLN0.urcb101.SqNum: 0
14:23:34.373 [openiec61850-osi-server-3-thread-1] DEBUG com.beanit.openiec61850.ServerAssociation - sub BDA is:ied1lDevice1/LLN0.urcb101.TrgOps: 0x74, data change: true, data update: true, quality change:true, integrity period: false, GI: true
14:23:34.373 [openiec61850-osi-server-3-thread-1] DEBUG com.beanit.openiec61850.ServerAssociation - sub BDA is:ied1lDevice1/LLN0.urcb101.IntgPd: 5000
14:23:34.373 [openiec61850-osi-server-3-thread-1] DEBUG com.beanit.openiec61850.ServerAssociation - sub BDA is:ied1lDevice1/LLN0.urcb101.GI: false
14:23:34.373 [openiec61850-osi-server-3-thread-1] DEBUG com.beanit.openiec61850.ServerAssociation - sub BDA is:ied1lDevice1/LLN0.urcb101.Owner: []
calling GetDataValues(ied1lDevice1/LLN0.urcb101.RptID)
14:23:34.374 [openiec61850-osi-server-3-thread-1] DEBUG com.beanit.openiec61850.ServerAssociation - Got a GetDataValues request for node: ied1lDevice1/LLN0.urcb101.RptID: urcb1
calling GetDataValues(ied1lDevice1/LLN0.urcb101.RptEna)
14:23:34.375 [openiec61850-osi-server-3-thread-1] DEBUG com.beanit.openiec61850.ServerAssociation - Got a GetDataValues request for node: ied1lDevice1/LLN0.urcb101.RptEna: false
calling GetDataValues(ied1lDevice1/LLN0.urcb101.Resv)
14:23:34.375 [openiec61850-osi-server-3-thread-1] DEBUG com.beanit.openiec61850.ServerAssociation - Got a GetDataValues request for node: ied1lDevice1/LLN0.urcb101.Resv: false
calling GetDataValues(ied1lDevice1/LLN0.urcb101.DatSet)
14:23:34.376 [openiec61850-osi-server-3-thread-1] DEBUG com.beanit.openiec61850.ServerAssociation - Got a GetDataValues request for node: ied1lDevice1/LLN0.urcb101.DatSet: ied1lDevice1/LLN0$dataset1
calling GetDataValues(ied1lDevice1/LLN0.urcb101.ConfRev)
14:23:34.376 [openiec61850-osi-server-3-thread-1] DEBUG com.beanit.openiec61850.ServerAssociation - Got a GetDataValues request for node: ied1lDevice1/LLN0.urcb101.ConfRev: 0
calling GetDataValues(ied1lDevice1/LLN0.urcb101.OptFlds)
14:23:34.376 [openiec61850-osi-server-3-thread-1] DEBUG com.beanit.openiec61850.ServerAssociation - Got a GetDataValues request for node: ied1lDevice1/LLN0.urcb101.OptFlds: 0x78 0x00
calling GetDataValues(ied1lDevice1/LLN0.urcb101.BufTm)
14:23:34.377 [openiec61850-osi-server-3-thread-1] DEBUG com.beanit.openiec61850.ServerAssociation - Got a GetDataValues request for node: ied1lDevice1/LLN0.urcb101.BufTm: 50
calling GetDataValues(ied1lDevice1/LLN0.urcb101.SqNum)
14:23:34.377 [openiec61850-osi-server-3-thread-1] DEBUG com.beanit.openiec61850.ServerAssociation - Got a GetDataValues request for node: ied1lDevice1/LLN0.urcb101.SqNum: 0
calling GetDataValues(ied1lDevice1/LLN0.urcb101.TrgOps)
14:23:34.377 [openiec61850-osi-server-3-thread-1] DEBUG com.beanit.openiec61850.ServerAssociation - Got a GetDataValues request for node: ied1lDevice1/LLN0.urcb101.TrgOps: 0x74, data change: true, data update: true, quality change:true, integrity period: false, GI: true
calling GetDataValues(ied1lDevice1/LLN0.urcb101.IntgPd)
14:23:34.378 [openiec61850-osi-server-3-thread-1] DEBUG com.beanit.openiec61850.ServerAssociation - Got a GetDataValues request for node: ied1lDevice1/LLN0.urcb101.IntgPd: 5000
calling GetDataValues(ied1lDevice1/LLN0.urcb101.GI)
14:23:34.378 [openiec61850-osi-server-3-thread-1] DEBUG com.beanit.openiec61850.ServerAssociation - Got a GetDataValues request for node: ied1lDevice1/LLN0.urcb101.GI: false
calling GetDataValues(ied1lDevice1/LLN0.urcb101.Owner)
14:23:34.378 [openiec61850-osi-server-3-thread-1] DEBUG com.beanit.openiec61850.ServerAssociation - Got a GetDataValues request for node: ied1lDevice1/LLN0.urcb101.Owner: []
calling GetDataValues(ied1lDevice1/LLN0.urcb102)
14:23:34.379 [openiec61850-osi-server-3-thread-1] DEBUG com.beanit.openiec61850.ServerAssociation - Got a GetDataValues request for node: ied1lDevice1/LLN0.urcb102 [RP]
ied1lDevice1/LLN0.urcb102.RptID: urcb1
ied1lDevice1/LLN0.urcb102.RptEna: false
ied1lDevice1/LLN0.urcb102.Resv: false
ied1lDevice1/LLN0.urcb102.DatSet: ied1lDevice1/LLN0$dataset1
ied1lDevice1/LLN0.urcb102.ConfRev: 0
ied1lDevice1/LLN0.urcb102.OptFlds: 0x78 0x00
ied1lDevice1/LLN0.urcb102.BufTm: 50
ied1lDevice1/LLN0.urcb102.SqNum: 0
ied1lDevice1/LLN0.urcb102.TrgOps: 0x74, data change: true, data update: true, quality change:true, integrity period: false, GI: true
ied1lDevice1/LLN0.urcb102.IntgPd: 5000
ied1lDevice1/LLN0.urcb102.GI: false
ied1lDevice1/LLN0.urcb102.Owner: []
14:23:34.379 [openiec61850-osi-server-3-thread-1] DEBUG com.beanit.openiec61850.ServerAssociation - sub BDA is:ied1lDevice1/LLN0.urcb102.RptID: urcb1
14:23:34.379 [openiec61850-osi-server-3-thread-1] DEBUG com.beanit.openiec61850.ServerAssociation - sub BDA is:ied1lDevice1/LLN0.urcb102.RptEna: false
14:23:34.379 [openiec61850-osi-server-3-thread-1] DEBUG com.beanit.openiec61850.ServerAssociation - sub BDA is:ied1lDevice1/LLN0.urcb102.Resv: false
14:23:34.379 [openiec61850-osi-server-3-thread-1] DEBUG com.beanit.openiec61850.ServerAssociation - sub BDA is:ied1lDevice1/LLN0.urcb102.DatSet: ied1lDevice1/LLN0$dataset1
14:23:34.379 [openiec61850-osi-server-3-thread-1] DEBUG com.beanit.openiec61850.ServerAssociation - sub BDA is:ied1lDevice1/LLN0.urcb102.ConfRev: 0
14:23:34.379 [openiec61850-osi-server-3-thread-1] DEBUG com.beanit.openiec61850.ServerAssociation - sub BDA is:ied1lDevice1/LLN0.urcb102.OptFlds: 0x78 0x00
14:23:34.379 [openiec61850-osi-server-3-thread-1] DEBUG com.beanit.openiec61850.ServerAssociation - sub BDA is:ied1lDevice1/LLN0.urcb102.BufTm: 50
14:23:34.379 [openiec61850-osi-server-3-thread-1] DEBUG com.beanit.openiec61850.ServerAssociation - sub BDA is:ied1lDevice1/LLN0.urcb102.SqNum: 0
14:23:34.379 [openiec61850-osi-server-3-thread-1] DEBUG com.beanit.openiec61850.ServerAssociation - sub BDA is:ied1lDevice1/LLN0.urcb102.TrgOps: 0x74, data change: true, data update: true, quality change:true, integrity period: false, GI: true
14:23:34.380 [openiec61850-osi-server-3-thread-1] DEBUG com.beanit.openiec61850.ServerAssociation - sub BDA is:ied1lDevice1/LLN0.urcb102.IntgPd: 5000
14:23:34.380 [openiec61850-osi-server-3-thread-1] DEBUG com.beanit.openiec61850.ServerAssociation - sub BDA is:ied1lDevice1/LLN0.urcb102.GI: false
14:23:34.380 [openiec61850-osi-server-3-thread-1] DEBUG com.beanit.openiec61850.ServerAssociation - sub BDA is:ied1lDevice1/LLN0.urcb102.Owner: []
calling GetDataValues(ied1lDevice1/LLN0.urcb102.RptID)
14:23:34.380 [openiec61850-osi-server-3-thread-1] DEBUG com.beanit.openiec61850.ServerAssociation - Got a GetDataValues request for node: ied1lDevice1/LLN0.urcb102.RptID: urcb1
calling GetDataValues(ied1lDevice1/LLN0.urcb102.RptEna)
14:23:34.380 [openiec61850-osi-server-3-thread-1] DEBUG com.beanit.openiec61850.ServerAssociation - Got a GetDataValues request for node: ied1lDevice1/LLN0.urcb102.RptEna: false
calling GetDataValues(ied1lDevice1/LLN0.urcb102.Resv)
14:23:34.381 [openiec61850-osi-server-3-thread-1] DEBUG com.beanit.openiec61850.ServerAssociation - Got a GetDataValues request for node: ied1lDevice1/LLN0.urcb102.Resv: false
calling GetDataValues(ied1lDevice1/LLN0.urcb102.DatSet)
14:23:34.381 [openiec61850-osi-server-3-thread-1] DEBUG com.beanit.openiec61850.ServerAssociation - Got a GetDataValues request for node: ied1lDevice1/LLN0.urcb102.DatSet: ied1lDevice1/LLN0$dataset1
calling GetDataValues(ied1lDevice1/LLN0.urcb102.ConfRev)
14:23:34.381 [openiec61850-osi-server-3-thread-1] DEBUG com.beanit.openiec61850.ServerAssociation - Got a GetDataValues request for node: ied1lDevice1/LLN0.urcb102.ConfRev: 0
calling GetDataValues(ied1lDevice1/LLN0.urcb102.OptFlds)
14:23:34.382 [openiec61850-osi-server-3-thread-1] DEBUG com.beanit.openiec61850.ServerAssociation - Got a GetDataValues request for node: ied1lDevice1/LLN0.urcb102.OptFlds: 0x78 0x00
calling GetDataValues(ied1lDevice1/LLN0.urcb102.BufTm)
14:23:34.382 [openiec61850-osi-server-3-thread-1] DEBUG com.beanit.openiec61850.ServerAssociation - Got a GetDataValues request for node: ied1lDevice1/LLN0.urcb102.BufTm: 50
calling GetDataValues(ied1lDevice1/LLN0.urcb102.SqNum)
14:23:34.382 [openiec61850-osi-server-3-thread-1] DEBUG com.beanit.openiec61850.ServerAssociation - Got a GetDataValues request for node: ied1lDevice1/LLN0.urcb102.SqNum: 0
calling GetDataValues(ied1lDevice1/LLN0.urcb102.TrgOps)
14:23:34.383 [openiec61850-osi-server-3-thread-1] DEBUG com.beanit.openiec61850.ServerAssociation - Got a GetDataValues request for node: ied1lDevice1/LLN0.urcb102.TrgOps: 0x74, data change: true, data update: true, quality change:true, integrity period: false, GI: true
calling GetDataValues(ied1lDevice1/LLN0.urcb102.IntgPd)
14:23:34.383 [openiec61850-osi-server-3-thread-1] DEBUG com.beanit.openiec61850.ServerAssociation - Got a GetDataValues request for node: ied1lDevice1/LLN0.urcb102.IntgPd: 5000
calling GetDataValues(ied1lDevice1/LLN0.urcb102.GI)
14:23:34.383 [openiec61850-osi-server-3-thread-1] DEBUG com.beanit.openiec61850.ServerAssociation - Got a GetDataValues request for node: ied1lDevice1/LLN0.urcb102.GI: false
calling GetDataValues(ied1lDevice1/LLN0.urcb102.Owner)
14:23:34.384 [openiec61850-osi-server-3-thread-1] DEBUG com.beanit.openiec61850.ServerAssociation - Got a GetDataValues request for node: ied1lDevice1/LLN0.urcb102.Owner: []
calling GetDataValues(ied1lDevice1/LLN0.urcb2)
14:23:34.384 [openiec61850-osi-server-3-thread-1] DEBUG com.beanit.openiec61850.ServerAssociation - Got a GetDataValues request for node: ied1lDevice1/LLN0.urcb2 [RP]
ied1lDevice1/LLN0.urcb2.RptID: ied1lDevice1/LLN0.urcb2
ied1lDevice1/LLN0.urcb2.RptEna: false
ied1lDevice1/LLN0.urcb2.Resv: false
ied1lDevice1/LLN0.urcb2.DatSet: ied1lDevice1/LLN0$dataset1
ied1lDevice1/LLN0.urcb2.ConfRev: 0
ied1lDevice1/LLN0.urcb2.OptFlds: 0x00 0x00
ied1lDevice1/LLN0.urcb2.BufTm: 0
ied1lDevice1/LLN0.urcb2.SqNum: 0
ied1lDevice1/LLN0.urcb2.TrgOps: 0x04, data change: false, data update: false, quality change:false, integrity period: false, GI: true
ied1lDevice1/LLN0.urcb2.IntgPd: 0
ied1lDevice1/LLN0.urcb2.GI: false
ied1lDevice1/LLN0.urcb2.Owner: []
14:23:34.384 [openiec61850-osi-server-3-thread-1] DEBUG com.beanit.openiec61850.ServerAssociation - sub BDA is:ied1lDevice1/LLN0.urcb2.RptID: ied1lDevice1/LLN0.urcb2
14:23:34.384 [openiec61850-osi-server-3-thread-1] DEBUG com.beanit.openiec61850.ServerAssociation - sub BDA is:ied1lDevice1/LLN0.urcb2.RptEna: false
14:23:34.385 [openiec61850-osi-server-3-thread-1] DEBUG com.beanit.openiec61850.ServerAssociation - sub BDA is:ied1lDevice1/LLN0.urcb2.Resv: false
14:23:34.385 [openiec61850-osi-server-3-thread-1] DEBUG com.beanit.openiec61850.ServerAssociation - sub BDA is:ied1lDevice1/LLN0.urcb2.DatSet: ied1lDevice1/LLN0$dataset1
14:23:34.385 [openiec61850-osi-server-3-thread-1] DEBUG com.beanit.openiec61850.ServerAssociation - sub BDA is:ied1lDevice1/LLN0.urcb2.ConfRev: 0
14:23:34.385 [openiec61850-osi-server-3-thread-1] DEBUG com.beanit.openiec61850.ServerAssociation - sub BDA is:ied1lDevice1/LLN0.urcb2.OptFlds: 0x00 0x00
14:23:34.385 [openiec61850-osi-server-3-thread-1] DEBUG com.beanit.openiec61850.ServerAssociation - sub BDA is:ied1lDevice1/LLN0.urcb2.BufTm: 0
14:23:34.385 [openiec61850-osi-server-3-thread-1] DEBUG com.beanit.openiec61850.ServerAssociation - sub BDA is:ied1lDevice1/LLN0.urcb2.SqNum: 0
14:23:34.385 [openiec61850-osi-server-3-thread-1] DEBUG com.beanit.openiec61850.ServerAssociation - sub BDA is:ied1lDevice1/LLN0.urcb2.TrgOps: 0x04, data change: false, data update: false, quality change:false, integrity period: false, GI: true
14:23:34.385 [openiec61850-osi-server-3-thread-1] DEBUG com.beanit.openiec61850.ServerAssociation - sub BDA is:ied1lDevice1/LLN0.urcb2.IntgPd: 0
14:23:34.385 [openiec61850-osi-server-3-thread-1] DEBUG com.beanit.openiec61850.ServerAssociation - sub BDA is:ied1lDevice1/LLN0.urcb2.GI: false
14:23:34.385 [openiec61850-osi-server-3-thread-1] DEBUG com.beanit.openiec61850.ServerAssociation - sub BDA is:ied1lDevice1/LLN0.urcb2.Owner: []
calling GetDataValues(ied1lDevice1/LLN0.urcb2.RptID)
14:23:34.385 [openiec61850-osi-server-3-thread-1] DEBUG com.beanit.openiec61850.ServerAssociation - Got a GetDataValues request for node: ied1lDevice1/LLN0.urcb2.RptID: ied1lDevice1/LLN0.urcb2
calling GetDataValues(ied1lDevice1/LLN0.urcb2.RptEna)
14:23:34.386 [openiec61850-osi-server-3-thread-1] DEBUG com.beanit.openiec61850.ServerAssociation - Got a GetDataValues request for node: ied1lDevice1/LLN0.urcb2.RptEna: false
calling GetDataValues(ied1lDevice1/LLN0.urcb2.Resv)
14:23:34.386 [openiec61850-osi-server-3-thread-1] DEBUG com.beanit.openiec61850.ServerAssociation - Got a GetDataValues request for node: ied1lDevice1/LLN0.urcb2.Resv: false
calling GetDataValues(ied1lDevice1/LLN0.urcb2.DatSet)
14:23:34.386 [openiec61850-osi-server-3-thread-1] DEBUG com.beanit.openiec61850.ServerAssociation - Got a GetDataValues request for node: ied1lDevice1/LLN0.urcb2.DatSet: ied1lDevice1/LLN0$dataset1
calling GetDataValues(ied1lDevice1/LLN0.urcb2.ConfRev)
14:23:34.387 [openiec61850-osi-server-3-thread-1] DEBUG com.beanit.openiec61850.ServerAssociation - Got a GetDataValues request for node: ied1lDevice1/LLN0.urcb2.ConfRev: 0
calling GetDataValues(ied1lDevice1/LLN0.urcb2.OptFlds)
14:23:34.387 [openiec61850-osi-server-3-thread-1] DEBUG com.beanit.openiec61850.ServerAssociation - Got a GetDataValues request for node: ied1lDevice1/LLN0.urcb2.OptFlds: 0x00 0x00
calling GetDataValues(ied1lDevice1/LLN0.urcb2.BufTm)
14:23:34.387 [openiec61850-osi-server-3-thread-1] DEBUG com.beanit.openiec61850.ServerAssociation - Got a GetDataValues request for node: ied1lDevice1/LLN0.urcb2.BufTm: 0
calling GetDataValues(ied1lDevice1/LLN0.urcb2.SqNum)
14:23:34.388 [openiec61850-osi-server-3-thread-1] DEBUG com.beanit.openiec61850.ServerAssociation - Got a GetDataValues request for node: ied1lDevice1/LLN0.urcb2.SqNum: 0
calling GetDataValues(ied1lDevice1/LLN0.urcb2.TrgOps)
14:23:34.388 [openiec61850-osi-server-3-thread-1] DEBUG com.beanit.openiec61850.ServerAssociation - Got a GetDataValues request for node: ied1lDevice1/LLN0.urcb2.TrgOps: 0x04, data change: false, data update: false, quality change:false, integrity period: false, GI: true
calling GetDataValues(ied1lDevice1/LLN0.urcb2.IntgPd)
14:23:34.388 [openiec61850-osi-server-3-thread-1] DEBUG com.beanit.openiec61850.ServerAssociation - Got a GetDataValues request for node: ied1lDevice1/LLN0.urcb2.IntgPd: 0
calling GetDataValues(ied1lDevice1/LLN0.urcb2.GI)
14:23:34.389 [openiec61850-osi-server-3-thread-1] DEBUG com.beanit.openiec61850.ServerAssociation - Got a GetDataValues request for node: ied1lDevice1/LLN0.urcb2.GI: false
calling GetDataValues(ied1lDevice1/LLN0.urcb2.Owner)
14:23:34.389 [openiec61850-osi-server-3-thread-1] DEBUG com.beanit.openiec61850.ServerAssociation - Got a GetDataValues request for node: ied1lDevice1/LLN0.urcb2.Owner: []
calling GetDataValues(ied1lDevice1/LPHD1.PhyNam)
14:23:34.389 [openiec61850-osi-server-3-thread-1] DEBUG com.beanit.openiec61850.ServerAssociation - Got a GetDataValues request for node: ied1lDevice1/LPHD1.PhyNam [DC]
ied1lDevice1/LPHD1.PhyNam.vendor: ''
14:23:34.389 [openiec61850-osi-server-3-thread-1] DEBUG com.beanit.openiec61850.ServerAssociation - sub BDA is:ied1lDevice1/LPHD1.PhyNam.vendor: ''
calling GetDataValues(ied1lDevice1/LPHD1.PhyNam.vendor)
14:23:34.390 [openiec61850-osi-server-3-thread-1] DEBUG com.beanit.openiec61850.ServerAssociation - Got a GetDataValues request for node: ied1lDevice1/LPHD1.PhyNam.vendor: ''
calling GetDataValues(ied1lDevice1/LPHD1.PhyHealth)
14:23:34.390 [openiec61850-osi-server-3-thread-1] DEBUG com.beanit.openiec61850.ServerAssociation - Got a GetDataValues request for node: ied1lDevice1/LPHD1.PhyHealth [ST]
ied1lDevice1/LPHD1.PhyHealth.stVal: 0
ied1lDevice1/LPHD1.PhyHealth.q: 0x00 0x00
ied1lDevice1/LPHD1.PhyHealth.t: Thu Jan 01 01:00:00 CET 1970
14:23:34.390 [openiec61850-osi-server-3-thread-1] DEBUG com.beanit.openiec61850.ServerAssociation - sub BDA is:ied1lDevice1/LPHD1.PhyHealth.stVal: 0
14:23:34.390 [openiec61850-osi-server-3-thread-1] DEBUG com.beanit.openiec61850.ServerAssociation - sub BDA is:ied1lDevice1/LPHD1.PhyHealth.q: 0x00 0x00
14:23:34.390 [openiec61850-osi-server-3-thread-1] DEBUG com.beanit.openiec61850.ServerAssociation - sub BDA is:ied1lDevice1/LPHD1.PhyHealth.t: Thu Jan 01 01:00:00 CET 1970
calling GetDataValues(ied1lDevice1/LPHD1.PhyHealth.stVal)
14:23:34.391 [openiec61850-osi-server-3-thread-1] DEBUG com.beanit.openiec61850.ServerAssociation - Got a GetDataValues request for node: ied1lDevice1/LPHD1.PhyHealth.stVal: 0
calling GetDataValues(ied1lDevice1/LPHD1.PhyHealth.q)
14:23:34.391 [openiec61850-osi-server-3-thread-1] DEBUG com.beanit.openiec61850.ServerAssociation - Got a GetDataValues request for node: ied1lDevice1/LPHD1.PhyHealth.q: 0x00 0x00
calling GetDataValues(ied1lDevice1/LPHD1.PhyHealth.t)
14:23:34.391 [openiec61850-osi-server-3-thread-1] DEBUG com.beanit.openiec61850.ServerAssociation - Got a GetDataValues request for node: ied1lDevice1/LPHD1.PhyHealth.t: Thu Jan 01 01:00:00 CET 1970
calling GetDataValues(ied1lDevice1/LPHD1.Proxy)
14:23:34.392 [openiec61850-osi-server-3-thread-1] DEBUG com.beanit.openiec61850.ServerAssociation - Got a GetDataValues request for node: ied1lDevice1/LPHD1.Proxy [ST]
ied1lDevice1/LPHD1.Proxy.stVal: false
ied1lDevice1/LPHD1.Proxy.q: 0x00 0x00
ied1lDevice1/LPHD1.Proxy.t: Thu Jan 01 01:00:00 CET 1970
14:23:34.392 [openiec61850-osi-server-3-thread-1] DEBUG com.beanit.openiec61850.ServerAssociation - sub BDA is:ied1lDevice1/LPHD1.Proxy.stVal: false
14:23:34.392 [openiec61850-osi-server-3-thread-1] DEBUG com.beanit.openiec61850.ServerAssociation - sub BDA is:ied1lDevice1/LPHD1.Proxy.q: 0x00 0x00
14:23:34.392 [openiec61850-osi-server-3-thread-1] DEBUG com.beanit.openiec61850.ServerAssociation - sub BDA is:ied1lDevice1/LPHD1.Proxy.t: Thu Jan 01 01:00:00 CET 1970
calling GetDataValues(ied1lDevice1/LPHD1.Proxy.stVal)
14:23:34.392 [openiec61850-osi-server-3-thread-1] DEBUG com.beanit.openiec61850.ServerAssociation - Got a GetDataValues request for node: ied1lDevice1/LPHD1.Proxy.stVal: false
calling GetDataValues(ied1lDevice1/LPHD1.Proxy.q)
14:23:34.393 [openiec61850-osi-server-3-thread-1] DEBUG com.beanit.openiec61850.ServerAssociation - Got a GetDataValues request for node: ied1lDevice1/LPHD1.Proxy.q: 0x00 0x00
calling GetDataValues(ied1lDevice1/LPHD1.Proxy.t)
14:23:34.393 [openiec61850-osi-server-3-thread-1] DEBUG com.beanit.openiec61850.ServerAssociation - Got a GetDataValues request for node: ied1lDevice1/LPHD1.Proxy.t: Thu Jan 01 01:00:00 CET 1970
calling GetDataValues(ied1lDevice1/MMXU1.Mod)
14:23:34.393 [openiec61850-osi-server-3-thread-1] DEBUG com.beanit.openiec61850.ServerAssociation - Got a GetDataValues request for node: ied1lDevice1/MMXU1.Mod [ST]
ied1lDevice1/MMXU1.Mod.q: 0x00 0x00
ied1lDevice1/MMXU1.Mod.t: Thu Jan 01 01:00:00 CET 1970
14:23:34.393 [openiec61850-osi-server-3-thread-1] DEBUG com.beanit.openiec61850.ServerAssociation - sub BDA is:ied1lDevice1/MMXU1.Mod.q: 0x00 0x00
14:23:34.393 [openiec61850-osi-server-3-thread-1] DEBUG com.beanit.openiec61850.ServerAssociation - sub BDA is:ied1lDevice1/MMXU1.Mod.t: Thu Jan 01 01:00:00 CET 1970
calling GetDataValues(ied1lDevice1/MMXU1.Mod.q)
14:23:34.394 [openiec61850-osi-server-3-thread-1] DEBUG com.beanit.openiec61850.ServerAssociation - Got a GetDataValues request for node: ied1lDevice1/MMXU1.Mod.q: 0x00 0x00
calling GetDataValues(ied1lDevice1/MMXU1.Mod.t)
14:23:34.394 [openiec61850-osi-server-3-thread-1] DEBUG com.beanit.openiec61850.ServerAssociation - Got a GetDataValues request for node: ied1lDevice1/MMXU1.Mod.t: Thu Jan 01 01:00:00 CET 1970
calling GetDataValues(ied1lDevice1/MMXU1.Mod)
14:23:34.394 [openiec61850-osi-server-3-thread-1] DEBUG com.beanit.openiec61850.ServerAssociation - Got a GetDataValues request for node: ied1lDevice1/MMXU1.Mod [CF]
ied1lDevice1/MMXU1.Mod.ctlModel: 0
14:23:34.394 [openiec61850-osi-server-3-thread-1] DEBUG com.beanit.openiec61850.ServerAssociation - sub BDA is:ied1lDevice1/MMXU1.Mod.ctlModel: 0
calling GetDataValues(ied1lDevice1/MMXU1.Mod.ctlModel)
14:23:34.395 [openiec61850-osi-server-3-thread-1] DEBUG com.beanit.openiec61850.ServerAssociation - Got a GetDataValues request for node: ied1lDevice1/MMXU1.Mod.ctlModel: 0
calling GetDataValues(ied1lDevice1/MMXU1.Beh)
14:23:34.395 [openiec61850-osi-server-3-thread-1] DEBUG com.beanit.openiec61850.ServerAssociation - Got a GetDataValues request for node: ied1lDevice1/MMXU1.Beh [ST]
ied1lDevice1/MMXU1.Beh.stVal: 0
ied1lDevice1/MMXU1.Beh.q: 0x00 0x00
ied1lDevice1/MMXU1.Beh.t: Thu Jan 01 01:00:00 CET 1970
14:23:34.395 [openiec61850-osi-server-3-thread-1] DEBUG com.beanit.openiec61850.ServerAssociation - sub BDA is:ied1lDevice1/MMXU1.Beh.stVal: 0
14:23:34.395 [openiec61850-osi-server-3-thread-1] DEBUG com.beanit.openiec61850.ServerAssociation - sub BDA is:ied1lDevice1/MMXU1.Beh.q: 0x00 0x00
14:23:34.395 [openiec61850-osi-server-3-thread-1] DEBUG com.beanit.openiec61850.ServerAssociation - sub BDA is:ied1lDevice1/MMXU1.Beh.t: Thu Jan 01 01:00:00 CET 1970
calling GetDataValues(ied1lDevice1/MMXU1.Beh.stVal)
14:23:34.395 [openiec61850-osi-server-3-thread-1] DEBUG com.beanit.openiec61850.ServerAssociation - Got a GetDataValues request for node: ied1lDevice1/MMXU1.Beh.stVal: 0
calling GetDataValues(ied1lDevice1/MMXU1.Beh.q)
14:23:34.396 [openiec61850-osi-server-3-thread-1] DEBUG com.beanit.openiec61850.ServerAssociation - Got a GetDataValues request for node: ied1lDevice1/MMXU1.Beh.q: 0x00 0x00
calling GetDataValues(ied1lDevice1/MMXU1.Beh.t)
14:23:34.396 [openiec61850-osi-server-3-thread-1] DEBUG com.beanit.openiec61850.ServerAssociation - Got a GetDataValues request for node: ied1lDevice1/MMXU1.Beh.t: Thu Jan 01 01:00:00 CET 1970
calling GetDataValues(ied1lDevice1/MMXU1.Health)
14:23:34.396 [openiec61850-osi-server-3-thread-1] DEBUG com.beanit.openiec61850.ServerAssociation - Got a GetDataValues request for node: ied1lDevice1/MMXU1.Health [ST]
ied1lDevice1/MMXU1.Health.stVal: 0
ied1lDevice1/MMXU1.Health.q: 0x00 0x00
ied1lDevice1/MMXU1.Health.t: Thu Jan 01 01:00:00 CET 1970
14:23:34.396 [openiec61850-osi-server-3-thread-1] DEBUG com.beanit.openiec61850.ServerAssociation - sub BDA is:ied1lDevice1/MMXU1.Health.stVal: 0
14:23:34.396 [openiec61850-osi-server-3-thread-1] DEBUG com.beanit.openiec61850.ServerAssociation - sub BDA is:ied1lDevice1/MMXU1.Health.q: 0x00 0x00
14:23:34.397 [openiec61850-osi-server-3-thread-1] DEBUG com.beanit.openiec61850.ServerAssociation - sub BDA is:ied1lDevice1/MMXU1.Health.t: Thu Jan 01 01:00:00 CET 1970
calling GetDataValues(ied1lDevice1/MMXU1.Health.stVal)
14:23:34.397 [openiec61850-osi-server-3-thread-1] DEBUG com.beanit.openiec61850.ServerAssociation - Got a GetDataValues request for node: ied1lDevice1/MMXU1.Health.stVal: 0
calling GetDataValues(ied1lDevice1/MMXU1.Health.q)
14:23:34.397 [openiec61850-osi-server-3-thread-1] DEBUG com.beanit.openiec61850.ServerAssociation - Got a GetDataValues request for node: ied1lDevice1/MMXU1.Health.q: 0x00 0x00
calling GetDataValues(ied1lDevice1/MMXU1.Health.t)
14:23:34.397 [openiec61850-osi-server-3-thread-1] DEBUG com.beanit.openiec61850.ServerAssociation - Got a GetDataValues request for node: ied1lDevice1/MMXU1.Health.t: Thu Jan 01 01:00:00 CET 1970
calling GetDataValues(ied1lDevice1/MMXU1.NamPlt)
14:23:34.398 [openiec61850-osi-server-3-thread-1] DEBUG com.beanit.openiec61850.ServerAssociation - Got a GetDataValues request for node: ied1lDevice1/MMXU1.NamPlt [DC]
ied1lDevice1/MMXU1.NamPlt.vendor: ''
ied1lDevice1/MMXU1.NamPlt.swRev: ''
ied1lDevice1/MMXU1.NamPlt.d: ''
14:23:34.398 [openiec61850-osi-server-3-thread-1] DEBUG com.beanit.openiec61850.ServerAssociation - sub BDA is:ied1lDevice1/MMXU1.NamPlt.vendor: ''
14:23:34.398 [openiec61850-osi-server-3-thread-1] DEBUG com.beanit.openiec61850.ServerAssociation - sub BDA is:ied1lDevice1/MMXU1.NamPlt.swRev: ''
14:23:34.398 [openiec61850-osi-server-3-thread-1] DEBUG com.beanit.openiec61850.ServerAssociation - sub BDA is:ied1lDevice1/MMXU1.NamPlt.d: ''
calling GetDataValues(ied1lDevice1/MMXU1.NamPlt.vendor)
14:23:34.398 [openiec61850-osi-server-3-thread-1] DEBUG com.beanit.openiec61850.ServerAssociation - Got a GetDataValues request for node: ied1lDevice1/MMXU1.NamPlt.vendor: ''
calling GetDataValues(ied1lDevice1/MMXU1.NamPlt.swRev)
14:23:34.398 [openiec61850-osi-server-3-thread-1] DEBUG com.beanit.openiec61850.ServerAssociation - Got a GetDataValues request for node: ied1lDevice1/MMXU1.NamPlt.swRev: ''
calling GetDataValues(ied1lDevice1/MMXU1.NamPlt.d)
14:23:34.399 [openiec61850-osi-server-3-thread-1] DEBUG com.beanit.openiec61850.ServerAssociation - Got a GetDataValues request for node: ied1lDevice1/MMXU1.NamPlt.d: ''
calling GetDataValues(ied1lDevice1/MMXU1.TotW)
14:23:34.399 [openiec61850-osi-server-3-thread-1] DEBUG com.beanit.openiec61850.ServerAssociation - Got a GetDataValues request for node: ied1lDevice1/MMXU1.TotW [MX]
ied1lDevice1/MMXU1.TotW.mag [MX]
ied1lDevice1/MMXU1.TotW.mag.f: 0.0
ied1lDevice1/MMXU1.TotW.q: 0x00 0x00
ied1lDevice1/MMXU1.TotW.t: Thu Jan 01 01:00:00 CET 1970
14:23:34.399 [openiec61850-osi-server-3-thread-1] DEBUG com.beanit.openiec61850.ServerAssociation - sub BDA is:ied1lDevice1/MMXU1.TotW.mag.f: 0.0
14:23:34.399 [openiec61850-osi-server-3-thread-1] DEBUG com.beanit.openiec61850.ServerAssociation - sub BDA is:ied1lDevice1/MMXU1.TotW.q: 0x00 0x00
14:23:34.399 [openiec61850-osi-server-3-thread-1] DEBUG com.beanit.openiec61850.ServerAssociation - sub BDA is:ied1lDevice1/MMXU1.TotW.t: Thu Jan 01 01:00:00 CET 1970
calling GetDataValues(ied1lDevice1/MMXU1.TotW.mag)
14:23:34.400 [openiec61850-osi-server-3-thread-1] DEBUG com.beanit.openiec61850.ServerAssociation - Got a GetDataValues request for node: ied1lDevice1/MMXU1.TotW.mag [MX]
ied1lDevice1/MMXU1.TotW.mag.f: 0.0
14:23:34.400 [openiec61850-osi-server-3-thread-1] DEBUG com.beanit.openiec61850.ServerAssociation - sub BDA is:ied1lDevice1/MMXU1.TotW.mag.f: 0.0
calling GetDataValues(ied1lDevice1/MMXU1.TotW.mag.f)
14:23:34.401 [openiec61850-osi-server-3-thread-1] DEBUG com.beanit.openiec61850.ServerAssociation - Got a GetDataValues request for node: ied1lDevice1/MMXU1.TotW.mag.f: 0.0
calling GetDataValues(ied1lDevice1/MMXU1.TotW.q)
14:23:34.401 [openiec61850-osi-server-3-thread-1] DEBUG com.beanit.openiec61850.ServerAssociation - Got a GetDataValues request for node: ied1lDevice1/MMXU1.TotW.q: 0x00 0x00
calling GetDataValues(ied1lDevice1/MMXU1.TotW.t)
14:23:34.401 [openiec61850-osi-server-3-thread-1] DEBUG com.beanit.openiec61850.ServerAssociation - Got a GetDataValues request for node: ied1lDevice1/MMXU1.TotW.t: Thu Jan 01 01:00:00 CET 1970
calling GetDataValues(ied1lDevice1/MMXU1.W)
14:23:34.402 [openiec61850-osi-server-3-thread-1] DEBUG com.beanit.openiec61850.ServerAssociation - Got a GetDataValues request for node: ied1lDevice1/MMXU1.W [MX]
ied1lDevice1/MMXU1.W.phsA [MX]
ied1lDevice1/MMXU1.W.phsA.cVal [MX]
ied1lDevice1/MMXU1.W.phsA.cVal.mag [MX]
ied1lDevice1/MMXU1.W.phsA.cVal.mag.f: 0.0
ied1lDevice1/MMXU1.W.phsA.q: 0x00 0x00
ied1lDevice1/MMXU1.W.phsA.t: Thu Jan 01 01:00:00 CET 1970
ied1lDevice1/MMXU1.W.phsB [MX]
ied1lDevice1/MMXU1.W.phsB.cVal [MX]
ied1lDevice1/MMXU1.W.phsB.cVal.mag [MX]
ied1lDevice1/MMXU1.W.phsB.cVal.mag.f: 0.0
ied1lDevice1/MMXU1.W.phsB.q: 0x00 0x00
ied1lDevice1/MMXU1.W.phsB.t: Thu Jan 01 01:00:00 CET 1970
ied1lDevice1/MMXU1.W.phsC [MX]
ied1lDevice1/MMXU1.W.phsC.cVal [MX]
ied1lDevice1/MMXU1.W.phsC.cVal.mag [MX]
ied1lDevice1/MMXU1.W.phsC.cVal.mag.f: 0.0
ied1lDevice1/MMXU1.W.phsC.q: 0x00 0x00
ied1lDevice1/MMXU1.W.phsC.t: Thu Jan 01 01:00:00 CET 1970
14:23:34.402 [openiec61850-osi-server-3-thread-1] DEBUG com.beanit.openiec61850.ServerAssociation - sub BDA is:ied1lDevice1/MMXU1.W.phsA.cVal.mag.f: 0.0
14:23:34.402 [openiec61850-osi-server-3-thread-1] DEBUG com.beanit.openiec61850.ServerAssociation - sub BDA is:ied1lDevice1/MMXU1.W.phsA.q: 0x00 0x00
14:23:34.402 [openiec61850-osi-server-3-thread-1] DEBUG com.beanit.openiec61850.ServerAssociation - sub BDA is:ied1lDevice1/MMXU1.W.phsA.t: Thu Jan 01 01:00:00 CET 1970
14:23:34.402 [openiec61850-osi-server-3-thread-1] DEBUG com.beanit.openiec61850.ServerAssociation - sub BDA is:ied1lDevice1/MMXU1.W.phsB.cVal.mag.f: 0.0
14:23:34.402 [openiec61850-osi-server-3-thread-1] DEBUG com.beanit.openiec61850.ServerAssociation - sub BDA is:ied1lDevice1/MMXU1.W.phsB.q: 0x00 0x00
14:23:34.402 [openiec61850-osi-server-3-thread-1] DEBUG com.beanit.openiec61850.ServerAssociation - sub BDA is:ied1lDevice1/MMXU1.W.phsB.t: Thu Jan 01 01:00:00 CET 1970
14:23:34.402 [openiec61850-osi-server-3-thread-1] DEBUG com.beanit.openiec61850.ServerAssociation - sub BDA is:ied1lDevice1/MMXU1.W.phsC.cVal.mag.f: 0.0
14:23:34.402 [openiec61850-osi-server-3-thread-1] DEBUG com.beanit.openiec61850.ServerAssociation - sub BDA is:ied1lDevice1/MMXU1.W.phsC.q: 0x00 0x00
14:23:34.402 [openiec61850-osi-server-3-thread-1] DEBUG com.beanit.openiec61850.ServerAssociation - sub BDA is:ied1lDevice1/MMXU1.W.phsC.t: Thu Jan 01 01:00:00 CET 1970
calling GetDataValues(ied1lDevice1/MMXU1.W.phsA)
14:23:34.403 [openiec61850-osi-server-3-thread-1] DEBUG com.beanit.openiec61850.ServerAssociation - Got a GetDataValues request for node: ied1lDevice1/MMXU1.W.phsA [MX]
ied1lDevice1/MMXU1.W.phsA.cVal [MX]
ied1lDevice1/MMXU1.W.phsA.cVal.mag [MX]
ied1lDevice1/MMXU1.W.phsA.cVal.mag.f: 0.0
ied1lDevice1/MMXU1.W.phsA.q: 0x00 0x00
ied1lDevice1/MMXU1.W.phsA.t: Thu Jan 01 01:00:00 CET 1970
14:23:34.403 [openiec61850-osi-server-3-thread-1] DEBUG com.beanit.openiec61850.ServerAssociation - sub BDA is:ied1lDevice1/MMXU1.W.phsA.cVal.mag.f: 0.0
14:23:34.403 [openiec61850-osi-server-3-thread-1] DEBUG com.beanit.openiec61850.ServerAssociation - sub BDA is:ied1lDevice1/MMXU1.W.phsA.q: 0x00 0x00
14:23:34.403 [openiec61850-osi-server-3-thread-1] DEBUG com.beanit.openiec61850.ServerAssociation - sub BDA is:ied1lDevice1/MMXU1.W.phsA.t: Thu Jan 01 01:00:00 CET 1970
calling GetDataValues(ied1lDevice1/MMXU1.W.phsA.cVal)
14:23:34.403 [openiec61850-osi-server-3-thread-1] DEBUG com.beanit.openiec61850.ServerAssociation - Got a GetDataValues request for node: ied1lDevice1/MMXU1.W.phsA.cVal [MX]
ied1lDevice1/MMXU1.W.phsA.cVal.mag [MX]
ied1lDevice1/MMXU1.W.phsA.cVal.mag.f: 0.0
14:23:34.403 [openiec61850-osi-server-3-thread-1] DEBUG com.beanit.openiec61850.ServerAssociation - sub BDA is:ied1lDevice1/MMXU1.W.phsA.cVal.mag.f: 0.0
calling GetDataValues(ied1lDevice1/MMXU1.W.phsA.cVal.mag)
14:23:34.404 [openiec61850-osi-server-3-thread-1] DEBUG com.beanit.openiec61850.ServerAssociation - Got a GetDataValues request for node: ied1lDevice1/MMXU1.W.phsA.cVal.mag [MX]
ied1lDevice1/MMXU1.W.phsA.cVal.mag.f: 0.0
14:23:34.404 [openiec61850-osi-server-3-thread-1] DEBUG com.beanit.openiec61850.ServerAssociation - sub BDA is:ied1lDevice1/MMXU1.W.phsA.cVal.mag.f: 0.0
calling GetDataValues(ied1lDevice1/MMXU1.W.phsA.cVal.mag.f)
14:23:34.404 [openiec61850-osi-server-3-thread-1] DEBUG com.beanit.openiec61850.ServerAssociation - Got a GetDataValues request for node: ied1lDevice1/MMXU1.W.phsA.cVal.mag.f: 0.0
calling GetDataValues(ied1lDevice1/MMXU1.W.phsA.q)
14:23:34.404 [openiec61850-osi-server-3-thread-1] DEBUG com.beanit.openiec61850.ServerAssociation - Got a GetDataValues request for node: ied1lDevice1/MMXU1.W.phsA.q: 0x00 0x00
calling GetDataValues(ied1lDevice1/MMXU1.W.phsA.t)
14:23:34.405 [openiec61850-osi-server-3-thread-1] DEBUG com.beanit.openiec61850.ServerAssociation - Got a GetDataValues request for node: ied1lDevice1/MMXU1.W.phsA.t: Thu Jan 01 01:00:00 CET 1970
calling GetDataValues(ied1lDevice1/MMXU1.W.phsB)
14:23:34.405 [openiec61850-osi-server-3-thread-1] DEBUG com.beanit.openiec61850.ServerAssociation - Got a GetDataValues request for node: ied1lDevice1/MMXU1.W.phsB [MX]
ied1lDevice1/MMXU1.W.phsB.cVal [MX]
ied1lDevice1/MMXU1.W.phsB.cVal.mag [MX]
ied1lDevice1/MMXU1.W.phsB.cVal.mag.f: 0.0
ied1lDevice1/MMXU1.W.phsB.q: 0x00 0x00
ied1lDevice1/MMXU1.W.phsB.t: Thu Jan 01 01:00:00 CET 1970
14:23:34.405 [openiec61850-osi-server-3-thread-1] DEBUG com.beanit.openiec61850.ServerAssociation - sub BDA is:ied1lDevice1/MMXU1.W.phsB.cVal.mag.f: 0.0
14:23:34.405 [openiec61850-osi-server-3-thread-1] DEBUG com.beanit.openiec61850.ServerAssociation - sub BDA is:ied1lDevice1/MMXU1.W.phsB.q: 0x00 0x00
14:23:34.405 [openiec61850-osi-server-3-thread-1] DEBUG com.beanit.openiec61850.ServerAssociation - sub BDA is:ied1lDevice1/MMXU1.W.phsB.t: Thu Jan 01 01:00:00 CET 1970
calling GetDataValues(ied1lDevice1/MMXU1.W.phsB.cVal)
14:23:34.405 [openiec61850-osi-server-3-thread-1] DEBUG com.beanit.openiec61850.ServerAssociation - Got a GetDataValues request for node: ied1lDevice1/MMXU1.W.phsB.cVal [MX]
ied1lDevice1/MMXU1.W.phsB.cVal.mag [MX]
ied1lDevice1/MMXU1.W.phsB.cVal.mag.f: 0.0
14:23:34.405 [openiec61850-osi-server-3-thread-1] DEBUG com.beanit.openiec61850.ServerAssociation - sub BDA is:ied1lDevice1/MMXU1.W.phsB.cVal.mag.f: 0.0
calling GetDataValues(ied1lDevice1/MMXU1.W.phsB.cVal.mag)
14:23:34.406 [openiec61850-osi-server-3-thread-1] DEBUG com.beanit.openiec61850.ServerAssociation - Got a GetDataValues request for node: ied1lDevice1/MMXU1.W.phsB.cVal.mag [MX]
ied1lDevice1/MMXU1.W.phsB.cVal.mag.f: 0.0
14:23:34.406 [openiec61850-osi-server-3-thread-1] DEBUG com.beanit.openiec61850.ServerAssociation - sub BDA is:ied1lDevice1/MMXU1.W.phsB.cVal.mag.f: 0.0
calling GetDataValues(ied1lDevice1/MMXU1.W.phsB.cVal.mag.f)
14:23:34.406 [openiec61850-osi-server-3-thread-1] DEBUG com.beanit.openiec61850.ServerAssociation - Got a GetDataValues request for node: ied1lDevice1/MMXU1.W.phsB.cVal.mag.f: 0.0
calling GetDataValues(ied1lDevice1/MMXU1.W.phsB.q)
14:23:34.406 [openiec61850-osi-server-3-thread-1] DEBUG com.beanit.openiec61850.ServerAssociation - Got a GetDataValues request for node: ied1lDevice1/MMXU1.W.phsB.q: 0x00 0x00
calling GetDataValues(ied1lDevice1/MMXU1.W.phsB.t)
14:23:34.407 [openiec61850-osi-server-3-thread-1] DEBUG com.beanit.openiec61850.ServerAssociation - Got a GetDataValues request for node: ied1lDevice1/MMXU1.W.phsB.t: Thu Jan 01 01:00:00 CET 1970
calling GetDataValues(ied1lDevice1/MMXU1.W.phsC)
14:23:34.407 [openiec61850-osi-server-3-thread-1] DEBUG com.beanit.openiec61850.ServerAssociation - Got a GetDataValues request for node: ied1lDevice1/MMXU1.W.phsC [MX]
ied1lDevice1/MMXU1.W.phsC.cVal [MX]
ied1lDevice1/MMXU1.W.phsC.cVal.mag [MX]
ied1lDevice1/MMXU1.W.phsC.cVal.mag.f: 0.0
ied1lDevice1/MMXU1.W.phsC.q: 0x00 0x00
ied1lDevice1/MMXU1.W.phsC.t: Thu Jan 01 01:00:00 CET 1970
14:23:34.407 [openiec61850-osi-server-3-thread-1] DEBUG com.beanit.openiec61850.ServerAssociation - sub BDA is:ied1lDevice1/MMXU1.W.phsC.cVal.mag.f: 0.0
14:23:34.407 [openiec61850-osi-server-3-thread-1] DEBUG com.beanit.openiec61850.ServerAssociation - sub BDA is:ied1lDevice1/MMXU1.W.phsC.q: 0x00 0x00
14:23:34.407 [openiec61850-osi-server-3-thread-1] DEBUG com.beanit.openiec61850.ServerAssociation - sub BDA is:ied1lDevice1/MMXU1.W.phsC.t: Thu Jan 01 01:00:00 CET 1970
calling GetDataValues(ied1lDevice1/MMXU1.W.phsC.cVal)
14:23:34.407 [openiec61850-osi-server-3-thread-1] DEBUG com.beanit.openiec61850.ServerAssociation - Got a GetDataValues request for node: ied1lDevice1/MMXU1.W.phsC.cVal [MX]
ied1lDevice1/MMXU1.W.phsC.cVal.mag [MX]
ied1lDevice1/MMXU1.W.phsC.cVal.mag.f: 0.0
14:23:34.408 [openiec61850-osi-server-3-thread-1] DEBUG com.beanit.openiec61850.ServerAssociation - sub BDA is:ied1lDevice1/MMXU1.W.phsC.cVal.mag.f: 0.0
calling GetDataValues(ied1lDevice1/MMXU1.W.phsC.cVal.mag)
14:23:34.408 [openiec61850-osi-server-3-thread-1] DEBUG com.beanit.openiec61850.ServerAssociation - Got a GetDataValues request for node: ied1lDevice1/MMXU1.W.phsC.cVal.mag [MX]
ied1lDevice1/MMXU1.W.phsC.cVal.mag.f: 0.0
14:23:34.408 [openiec61850-osi-server-3-thread-1] DEBUG com.beanit.openiec61850.ServerAssociation - sub BDA is:ied1lDevice1/MMXU1.W.phsC.cVal.mag.f: 0.0
calling GetDataValues(ied1lDevice1/MMXU1.W.phsC.cVal.mag.f)
14:23:34.408 [openiec61850-osi-server-3-thread-1] DEBUG com.beanit.openiec61850.ServerAssociation - Got a GetDataValues request for node: ied1lDevice1/MMXU1.W.phsC.cVal.mag.f: 0.0
calling GetDataValues(ied1lDevice1/MMXU1.W.phsC.q)
14:23:34.409 [openiec61850-osi-server-3-thread-1] DEBUG com.beanit.openiec61850.ServerAssociation - Got a GetDataValues request for node: ied1lDevice1/MMXU1.W.phsC.q: 0x00 0x00
calling GetDataValues(ied1lDevice1/MMXU1.W.phsC.t)
14:23:34.409 [openiec61850-osi-server-3-thread-1] DEBUG com.beanit.openiec61850.ServerAssociation - Got a GetDataValues request for node: ied1lDevice1/MMXU1.W.phsC.t: Thu Jan 01 01:00:00 CET 1970
calling GetDataValues(ied1lDevice1/CSWI1.Mod)
14:23:34.409 [openiec61850-osi-server-3-thread-1] DEBUG com.beanit.openiec61850.ServerAssociation - Got a GetDataValues request for node: ied1lDevice1/CSWI1.Mod [ST]
ied1lDevice1/CSWI1.Mod.q: 0x00 0x00
ied1lDevice1/CSWI1.Mod.t: Thu Jan 01 01:00:00 CET 1970
14:23:34.409 [openiec61850-osi-server-3-thread-1] DEBUG com.beanit.openiec61850.ServerAssociation - sub BDA is:ied1lDevice1/CSWI1.Mod.q: 0x00 0x00
14:23:34.409 [openiec61850-osi-server-3-thread-1] DEBUG com.beanit.openiec61850.ServerAssociation - sub BDA is:ied1lDevice1/CSWI1.Mod.t: Thu Jan 01 01:00:00 CET 1970
calling GetDataValues(ied1lDevice1/CSWI1.Mod.q)
14:23:34.410 [openiec61850-osi-server-3-thread-1] DEBUG com.beanit.openiec61850.ServerAssociation - Got a GetDataValues request for node: ied1lDevice1/CSWI1.Mod.q: 0x00 0x00
calling GetDataValues(ied1lDevice1/CSWI1.Mod.t)
14:23:34.410 [openiec61850-osi-server-3-thread-1] DEBUG com.beanit.openiec61850.ServerAssociation - Got a GetDataValues request for node: ied1lDevice1/CSWI1.Mod.t: Thu Jan 01 01:00:00 CET 1970
calling GetDataValues(ied1lDevice1/CSWI1.Mod)
14:23:34.410 [openiec61850-osi-server-3-thread-1] DEBUG com.beanit.openiec61850.ServerAssociation - Got a GetDataValues request for node: ied1lDevice1/CSWI1.Mod [CF]
ied1lDevice1/CSWI1.Mod.ctlModel: 0
14:23:34.410 [openiec61850-osi-server-3-thread-1] DEBUG com.beanit.openiec61850.ServerAssociation - sub BDA is:ied1lDevice1/CSWI1.Mod.ctlModel: 0
calling GetDataValues(ied1lDevice1/CSWI1.Mod.ctlModel)
14:23:34.411 [openiec61850-osi-server-3-thread-1] DEBUG com.beanit.openiec61850.ServerAssociation - Got a GetDataValues request for node: ied1lDevice1/CSWI1.Mod.ctlModel: 0
calling GetDataValues(ied1lDevice1/CSWI1.Beh)
14:23:34.411 [openiec61850-osi-server-3-thread-1] DEBUG com.beanit.openiec61850.ServerAssociation - Got a GetDataValues request for node: ied1lDevice1/CSWI1.Beh [ST]
ied1lDevice1/CSWI1.Beh.stVal: 0
ied1lDevice1/CSWI1.Beh.q: 0x00 0x00
ied1lDevice1/CSWI1.Beh.t: Thu Jan 01 01:00:00 CET 1970
14:23:34.411 [openiec61850-osi-server-3-thread-1] DEBUG com.beanit.openiec61850.ServerAssociation - sub BDA is:ied1lDevice1/CSWI1.Beh.stVal: 0
14:23:34.411 [openiec61850-osi-server-3-thread-1] DEBUG com.beanit.openiec61850.ServerAssociation - sub BDA is:ied1lDevice1/CSWI1.Beh.q: 0x00 0x00
14:23:34.411 [openiec61850-osi-server-3-thread-1] DEBUG com.beanit.openiec61850.ServerAssociation - sub BDA is:ied1lDevice1/CSWI1.Beh.t: Thu Jan 01 01:00:00 CET 1970
calling GetDataValues(ied1lDevice1/CSWI1.Beh.stVal)
14:23:34.411 [openiec61850-osi-server-3-thread-1] DEBUG com.beanit.openiec61850.ServerAssociation - Got a GetDataValues request for node: ied1lDevice1/CSWI1.Beh.stVal: 0
calling GetDataValues(ied1lDevice1/CSWI1.Beh.q)
14:23:34.412 [openiec61850-osi-server-3-thread-1] DEBUG com.beanit.openiec61850.ServerAssociation - Got a GetDataValues request for node: ied1lDevice1/CSWI1.Beh.q: 0x00 0x00
calling GetDataValues(ied1lDevice1/CSWI1.Beh.t)
14:23:34.412 [openiec61850-osi-server-3-thread-1] DEBUG com.beanit.openiec61850.ServerAssociation - Got a GetDataValues request for node: ied1lDevice1/CSWI1.Beh.t: Thu Jan 01 01:00:00 CET 1970
calling GetDataValues(ied1lDevice1/CSWI1.Health)
14:23:34.412 [openiec61850-osi-server-3-thread-1] DEBUG com.beanit.openiec61850.ServerAssociation - Got a GetDataValues request for node: ied1lDevice1/CSWI1.Health [ST]
ied1lDevice1/CSWI1.Health.stVal: 0
ied1lDevice1/CSWI1.Health.q: 0x00 0x00
ied1lDevice1/CSWI1.Health.t: Thu Jan 01 01:00:00 CET 1970
14:23:34.412 [openiec61850-osi-server-3-thread-1] DEBUG com.beanit.openiec61850.ServerAssociation - sub BDA is:ied1lDevice1/CSWI1.Health.stVal: 0
14:23:34.412 [openiec61850-osi-server-3-thread-1] DEBUG com.beanit.openiec61850.ServerAssociation - sub BDA is:ied1lDevice1/CSWI1.Health.q: 0x00 0x00
14:23:34.412 [openiec61850-osi-server-3-thread-1] DEBUG com.beanit.openiec61850.ServerAssociation - sub BDA is:ied1lDevice1/CSWI1.Health.t: Thu Jan 01 01:00:00 CET 1970
calling GetDataValues(ied1lDevice1/CSWI1.Health.stVal)
14:23:34.413 [openiec61850-osi-server-3-thread-1] DEBUG com.beanit.openiec61850.ServerAssociation - Got a GetDataValues request for node: ied1lDevice1/CSWI1.Health.stVal: 0
calling GetDataValues(ied1lDevice1/CSWI1.Health.q)
14:23:34.413 [openiec61850-osi-server-3-thread-1] DEBUG com.beanit.openiec61850.ServerAssociation - Got a GetDataValues request for node: ied1lDevice1/CSWI1.Health.q: 0x00 0x00
calling GetDataValues(ied1lDevice1/CSWI1.Health.t)
14:23:34.413 [openiec61850-osi-server-3-thread-1] DEBUG com.beanit.openiec61850.ServerAssociation - Got a GetDataValues request for node: ied1lDevice1/CSWI1.Health.t: Thu Jan 01 01:00:00 CET 1970
calling GetDataValues(ied1lDevice1/CSWI1.NamPlt)
14:23:34.414 [openiec61850-osi-server-3-thread-1] DEBUG com.beanit.openiec61850.ServerAssociation - Got a GetDataValues request for node: ied1lDevice1/CSWI1.NamPlt [DC]
ied1lDevice1/CSWI1.NamPlt.vendor: ''
ied1lDevice1/CSWI1.NamPlt.swRev: ''
ied1lDevice1/CSWI1.NamPlt.d: ''
14:23:34.414 [openiec61850-osi-server-3-thread-1] DEBUG com.beanit.openiec61850.ServerAssociation - sub BDA is:ied1lDevice1/CSWI1.NamPlt.vendor: ''
14:23:34.414 [openiec61850-osi-server-3-thread-1] DEBUG com.beanit.openiec61850.ServerAssociation - sub BDA is:ied1lDevice1/CSWI1.NamPlt.swRev: ''
14:23:34.414 [openiec61850-osi-server-3-thread-1] DEBUG com.beanit.openiec61850.ServerAssociation - sub BDA is:ied1lDevice1/CSWI1.NamPlt.d: ''
calling GetDataValues(ied1lDevice1/CSWI1.NamPlt.vendor)
14:23:34.414 [openiec61850-osi-server-3-thread-1] DEBUG com.beanit.openiec61850.ServerAssociation - Got a GetDataValues request for node: ied1lDevice1/CSWI1.NamPlt.vendor: ''
calling GetDataValues(ied1lDevice1/CSWI1.NamPlt.swRev)
14:23:34.414 [openiec61850-osi-server-3-thread-1] DEBUG com.beanit.openiec61850.ServerAssociation - Got a GetDataValues request for node: ied1lDevice1/CSWI1.NamPlt.swRev: ''
calling GetDataValues(ied1lDevice1/CSWI1.NamPlt.d)
14:23:34.414 [openiec61850-osi-server-3-thread-1] DEBUG com.beanit.openiec61850.ServerAssociation - Got a GetDataValues request for node: ied1lDevice1/CSWI1.NamPlt.d: ''
calling GetDataValues(ied1lDevice1/CSWI1.Pos)
14:23:34.415 [openiec61850-osi-server-3-thread-1] DEBUG com.beanit.openiec61850.ServerAssociation - Got a GetDataValues request for node: ied1lDevice1/CSWI1.Pos [ST]
ied1lDevice1/CSWI1.Pos.q: 0x00 0x00
ied1lDevice1/CSWI1.Pos.t: Thu Jan 01 01:00:00 CET 1970
14:23:34.415 [openiec61850-osi-server-3-thread-1] DEBUG com.beanit.openiec61850.ServerAssociation - sub BDA is:ied1lDevice1/CSWI1.Pos.q: 0x00 0x00
14:23:34.415 [openiec61850-osi-server-3-thread-1] DEBUG com.beanit.openiec61850.ServerAssociation - sub BDA is:ied1lDevice1/CSWI1.Pos.t: Thu Jan 01 01:00:00 CET 1970
calling GetDataValues(ied1lDevice1/CSWI1.Pos.q)
14:23:34.415 [openiec61850-osi-server-3-thread-1] DEBUG com.beanit.openiec61850.ServerAssociation - Got a GetDataValues request for node: ied1lDevice1/CSWI1.Pos.q: 0x00 0x00
calling GetDataValues(ied1lDevice1/CSWI1.Pos.t)
14:23:34.416 [openiec61850-osi-server-3-thread-1] DEBUG com.beanit.openiec61850.ServerAssociation - Got a GetDataValues request for node: ied1lDevice1/CSWI1.Pos.t: Thu Jan 01 01:00:00 CET 1970
calling GetDataValues(ied1lDevice1/CSWI1.Pos)
14:23:34.416 [openiec61850-osi-server-3-thread-1] DEBUG com.beanit.openiec61850.ServerAssociation - Got a GetDataValues request for node: ied1lDevice1/CSWI1.Pos [CF]
ied1lDevice1/CSWI1.Pos.ctlModel: 1
14:23:34.416 [openiec61850-osi-server-3-thread-1] DEBUG com.beanit.openiec61850.ServerAssociation - sub BDA is:ied1lDevice1/CSWI1.Pos.ctlModel: 1
calling GetDataValues(ied1lDevice1/CSWI1.Pos.ctlModel)
14:23:34.416 [openiec61850-osi-server-3-thread-1] DEBUG com.beanit.openiec61850.ServerAssociation - Got a GetDataValues request for node: ied1lDevice1/CSWI1.Pos.ctlModel: 1
calling GetDataValues(ied1lDevice1/CSWI1.PosA)
14:23:34.417 [openiec61850-osi-server-3-thread-1] DEBUG com.beanit.openiec61850.ServerAssociation - Got a GetDataValues request for node: ied1lDevice1/CSWI1.PosA [ST]
ied1lDevice1/CSWI1.PosA.q: 0x00 0x00
ied1lDevice1/CSWI1.PosA.t: Thu Jan 01 01:00:00 CET 1970
14:23:34.417 [openiec61850-osi-server-3-thread-1] DEBUG com.beanit.openiec61850.ServerAssociation - sub BDA is:ied1lDevice1/CSWI1.PosA.q: 0x00 0x00
14:23:34.417 [openiec61850-osi-server-3-thread-1] DEBUG com.beanit.openiec61850.ServerAssociation - sub BDA is:ied1lDevice1/CSWI1.PosA.t: Thu Jan 01 01:00:00 CET 1970
calling GetDataValues(ied1lDevice1/CSWI1.PosA.q)
14:23:34.417 [openiec61850-osi-server-3-thread-1] DEBUG com.beanit.openiec61850.ServerAssociation - Got a GetDataValues request for node: ied1lDevice1/CSWI1.PosA.q: 0x00 0x00
calling GetDataValues(ied1lDevice1/CSWI1.PosA.t)
14:23:34.417 [openiec61850-osi-server-3-thread-1] DEBUG com.beanit.openiec61850.ServerAssociation - Got a GetDataValues request for node: ied1lDevice1/CSWI1.PosA.t: Thu Jan 01 01:00:00 CET 1970
calling GetDataValues(ied1lDevice1/CSWI1.PosA)
14:23:34.418 [openiec61850-osi-server-3-thread-1] DEBUG com.beanit.openiec61850.ServerAssociation - Got a GetDataValues request for node: ied1lDevice1/CSWI1.PosA [CF]
ied1lDevice1/CSWI1.PosA.ctlModel: 2
ied1lDevice1/CSWI1.PosA.sboTimeout: 1000
14:23:34.418 [openiec61850-osi-server-3-thread-1] DEBUG com.beanit.openiec61850.ServerAssociation - sub BDA is:ied1lDevice1/CSWI1.PosA.ctlModel: 2
14:23:34.418 [openiec61850-osi-server-3-thread-1] DEBUG com.beanit.openiec61850.ServerAssociation - sub BDA is:ied1lDevice1/CSWI1.PosA.sboTimeout: 1000
calling GetDataValues(ied1lDevice1/CSWI1.PosA.ctlModel)
14:23:34.418 [openiec61850-osi-server-3-thread-1] DEBUG com.beanit.openiec61850.ServerAssociation - Got a GetDataValues request for node: ied1lDevice1/CSWI1.PosA.ctlModel: 2
calling GetDataValues(ied1lDevice1/CSWI1.PosA.sboTimeout)
14:23:34.418 [openiec61850-osi-server-3-thread-1] DEBUG com.beanit.openiec61850.ServerAssociation - Got a GetDataValues request for node: ied1lDevice1/CSWI1.PosA.sboTimeout: 1000
calling GetDataValues(ied1lDevice1/CSWI1.PosB)
14:23:34.419 [openiec61850-osi-server-3-thread-1] DEBUG com.beanit.openiec61850.ServerAssociation - Got a GetDataValues request for node: ied1lDevice1/CSWI1.PosB [ST]
ied1lDevice1/CSWI1.PosB.q: 0x00 0x00
ied1lDevice1/CSWI1.PosB.t: Thu Jan 01 01:00:00 CET 1970
14:23:34.419 [openiec61850-osi-server-3-thread-1] DEBUG com.beanit.openiec61850.ServerAssociation - sub BDA is:ied1lDevice1/CSWI1.PosB.q: 0x00 0x00
14:23:34.419 [openiec61850-osi-server-3-thread-1] DEBUG com.beanit.openiec61850.ServerAssociation - sub BDA is:ied1lDevice1/CSWI1.PosB.t: Thu Jan 01 01:00:00 CET 1970
calling GetDataValues(ied1lDevice1/CSWI1.PosB.q)
14:23:34.419 [openiec61850-osi-server-3-thread-1] DEBUG com.beanit.openiec61850.ServerAssociation - Got a GetDataValues request for node: ied1lDevice1/CSWI1.PosB.q: 0x00 0x00
calling GetDataValues(ied1lDevice1/CSWI1.PosB.t)
14:23:34.419 [openiec61850-osi-server-3-thread-1] DEBUG com.beanit.openiec61850.ServerAssociation - Got a GetDataValues request for node: ied1lDevice1/CSWI1.PosB.t: Thu Jan 01 01:00:00 CET 1970
calling GetDataValues(ied1lDevice1/CSWI1.PosB)
14:23:34.420 [openiec61850-osi-server-3-thread-1] DEBUG com.beanit.openiec61850.ServerAssociation - Got a GetDataValues request for node: ied1lDevice1/CSWI1.PosB [CF]
ied1lDevice1/CSWI1.PosB.ctlModel: 3
14:23:34.420 [openiec61850-osi-server-3-thread-1] DEBUG com.beanit.openiec61850.ServerAssociation - sub BDA is:ied1lDevice1/CSWI1.PosB.ctlModel: 3
calling GetDataValues(ied1lDevice1/CSWI1.PosB.ctlModel)
14:23:34.420 [openiec61850-osi-server-3-thread-1] DEBUG com.beanit.openiec61850.ServerAssociation - Got a GetDataValues request for node: ied1lDevice1/CSWI1.PosB.ctlModel: 3
calling GetDataValues(ied1lDevice1/CSWI1.PosC)
14:23:34.420 [openiec61850-osi-server-3-thread-1] DEBUG com.beanit.openiec61850.ServerAssociation - Got a GetDataValues request for node: ied1lDevice1/CSWI1.PosC [ST]
ied1lDevice1/CSWI1.PosC.q: 0x00 0x00
ied1lDevice1/CSWI1.PosC.t: Thu Jan 01 01:00:00 CET 1970
14:23:34.420 [openiec61850-osi-server-3-thread-1] DEBUG com.beanit.openiec61850.ServerAssociation - sub BDA is:ied1lDevice1/CSWI1.PosC.q: 0x00 0x00
14:23:34.420 [openiec61850-osi-server-3-thread-1] DEBUG com.beanit.openiec61850.ServerAssociation - sub BDA is:ied1lDevice1/CSWI1.PosC.t: Thu Jan 01 01:00:00 CET 1970
calling GetDataValues(ied1lDevice1/CSWI1.PosC.q)
14:23:34.421 [openiec61850-osi-server-3-thread-1] DEBUG com.beanit.openiec61850.ServerAssociation - Got a GetDataValues request for node: ied1lDevice1/CSWI1.PosC.q: 0x00 0x00
calling GetDataValues(ied1lDevice1/CSWI1.PosC.t)
14:23:34.421 [openiec61850-osi-server-3-thread-1] DEBUG com.beanit.openiec61850.ServerAssociation - Got a GetDataValues request for node: ied1lDevice1/CSWI1.PosC.t: Thu Jan 01 01:00:00 CET 1970
calling GetDataValues(ied1lDevice1/CSWI1.PosC)
14:23:34.421 [openiec61850-osi-server-3-thread-1] DEBUG com.beanit.openiec61850.ServerAssociation - Got a GetDataValues request for node: ied1lDevice1/CSWI1.PosC [CF]
ied1lDevice1/CSWI1.PosC.ctlModel: 4
14:23:34.421 [openiec61850-osi-server-3-thread-1] DEBUG com.beanit.openiec61850.ServerAssociation - sub BDA is:ied1lDevice1/CSWI1.PosC.ctlModel: 4
calling GetDataValues(ied1lDevice1/CSWI1.PosC.ctlModel)
14:23:34.421 [openiec61850-osi-server-3-thread-1] DEBUG com.beanit.openiec61850.ServerAssociation - Got a GetDataValues request for node: ied1lDevice1/CSWI1.PosC.ctlModel: 4
calling GetDataValues(ied1lDevice1/DSCH1.Mod)
14:23:34.422 [openiec61850-osi-server-3-thread-1] DEBUG com.beanit.openiec61850.ServerAssociation - Got a GetDataValues request for node: ied1lDevice1/DSCH1.Mod [ST]
ied1lDevice1/DSCH1.Mod.q: 0x00 0x00
ied1lDevice1/DSCH1.Mod.t: Thu Jan 01 01:00:00 CET 1970
14:23:34.422 [openiec61850-osi-server-3-thread-1] DEBUG com.beanit.openiec61850.ServerAssociation - sub BDA is:ied1lDevice1/DSCH1.Mod.q: 0x00 0x00
14:23:34.422 [openiec61850-osi-server-3-thread-1] DEBUG com.beanit.openiec61850.ServerAssociation - sub BDA is:ied1lDevice1/DSCH1.Mod.t: Thu Jan 01 01:00:00 CET 1970
calling GetDataValues(ied1lDevice1/DSCH1.Mod.q)
14:23:34.422 [openiec61850-osi-server-3-thread-1] DEBUG com.beanit.openiec61850.ServerAssociation - Got a GetDataValues request for node: ied1lDevice1/DSCH1.Mod.q: 0x00 0x00
calling GetDataValues(ied1lDevice1/DSCH1.Mod.t)
14:23:34.422 [openiec61850-osi-server-3-thread-1] DEBUG com.beanit.openiec61850.ServerAssociation - Got a GetDataValues request for node: ied1lDevice1/DSCH1.Mod.t: Thu Jan 01 01:00:00 CET 1970
calling GetDataValues(ied1lDevice1/DSCH1.Mod)
14:23:34.423 [openiec61850-osi-server-3-thread-1] DEBUG com.beanit.openiec61850.ServerAssociation - Got a GetDataValues request for node: ied1lDevice1/DSCH1.Mod [CF]
ied1lDevice1/DSCH1.Mod.ctlModel: 0
14:23:34.423 [openiec61850-osi-server-3-thread-1] DEBUG com.beanit.openiec61850.ServerAssociation - sub BDA is:ied1lDevice1/DSCH1.Mod.ctlModel: 0
calling GetDataValues(ied1lDevice1/DSCH1.Mod.ctlModel)
14:23:34.423 [openiec61850-osi-server-3-thread-1] DEBUG com.beanit.openiec61850.ServerAssociation - Got a GetDataValues request for node: ied1lDevice1/DSCH1.Mod.ctlModel: 0
calling GetDataValues(ied1lDevice1/DSCH1.Beh)
14:23:34.424 [openiec61850-osi-server-3-thread-1] DEBUG com.beanit.openiec61850.ServerAssociation - Got a GetDataValues request for node: ied1lDevice1/DSCH1.Beh [ST]
ied1lDevice1/DSCH1.Beh.stVal: 0
ied1lDevice1/DSCH1.Beh.q: 0x00 0x00
ied1lDevice1/DSCH1.Beh.t: Thu Jan 01 01:00:00 CET 1970
14:23:34.424 [openiec61850-osi-server-3-thread-1] DEBUG com.beanit.openiec61850.ServerAssociation - sub BDA is:ied1lDevice1/DSCH1.Beh.stVal: 0
14:23:34.424 [openiec61850-osi-server-3-thread-1] DEBUG com.beanit.openiec61850.ServerAssociation - sub BDA is:ied1lDevice1/DSCH1.Beh.q: 0x00 0x00
14:23:34.424 [openiec61850-osi-server-3-thread-1] DEBUG com.beanit.openiec61850.ServerAssociation - sub BDA is:ied1lDevice1/DSCH1.Beh.t: Thu Jan 01 01:00:00 CET 1970
calling GetDataValues(ied1lDevice1/DSCH1.Beh.stVal)
14:23:34.424 [openiec61850-osi-server-3-thread-1] DEBUG com.beanit.openiec61850.ServerAssociation - Got a GetDataValues request for node: ied1lDevice1/DSCH1.Beh.stVal: 0
calling GetDataValues(ied1lDevice1/DSCH1.Beh.q)
14:23:34.424 [openiec61850-osi-server-3-thread-1] DEBUG com.beanit.openiec61850.ServerAssociation - Got a GetDataValues request for node: ied1lDevice1/DSCH1.Beh.q: 0x00 0x00
calling GetDataValues(ied1lDevice1/DSCH1.Beh.t)
14:23:34.425 [openiec61850-osi-server-3-thread-1] DEBUG com.beanit.openiec61850.ServerAssociation - Got a GetDataValues request for node: ied1lDevice1/DSCH1.Beh.t: Thu Jan 01 01:00:00 CET 1970
calling GetDataValues(ied1lDevice1/DSCH1.Health)
14:23:34.425 [openiec61850-osi-server-3-thread-1] DEBUG com.beanit.openiec61850.ServerAssociation - Got a GetDataValues request for node: ied1lDevice1/DSCH1.Health [ST]
ied1lDevice1/DSCH1.Health.stVal: 0
ied1lDevice1/DSCH1.Health.q: 0x00 0x00
ied1lDevice1/DSCH1.Health.t: Thu Jan 01 01:00:00 CET 1970
14:23:34.425 [openiec61850-osi-server-3-thread-1] DEBUG com.beanit.openiec61850.ServerAssociation - sub BDA is:ied1lDevice1/DSCH1.Health.stVal: 0
14:23:34.425 [openiec61850-osi-server-3-thread-1] DEBUG com.beanit.openiec61850.ServerAssociation - sub BDA is:ied1lDevice1/DSCH1.Health.q: 0x00 0x00
14:23:34.425 [openiec61850-osi-server-3-thread-1] DEBUG com.beanit.openiec61850.ServerAssociation - sub BDA is:ied1lDevice1/DSCH1.Health.t: Thu Jan 01 01:00:00 CET 1970
calling GetDataValues(ied1lDevice1/DSCH1.Health.stVal)
14:23:34.425 [openiec61850-osi-server-3-thread-1] DEBUG com.beanit.openiec61850.ServerAssociation - Got a GetDataValues request for node: ied1lDevice1/DSCH1.Health.stVal: 0
calling GetDataValues(ied1lDevice1/DSCH1.Health.q)
14:23:34.426 [openiec61850-osi-server-3-thread-1] DEBUG com.beanit.openiec61850.ServerAssociation - Got a GetDataValues request for node: ied1lDevice1/DSCH1.Health.q: 0x00 0x00
calling GetDataValues(ied1lDevice1/DSCH1.Health.t)
14:23:34.426 [openiec61850-osi-server-3-thread-1] DEBUG com.beanit.openiec61850.ServerAssociation - Got a GetDataValues request for node: ied1lDevice1/DSCH1.Health.t: Thu Jan 01 01:00:00 CET 1970
calling GetDataValues(ied1lDevice1/DSCH1.NamPlt)
14:23:34.426 [openiec61850-osi-server-3-thread-1] DEBUG com.beanit.openiec61850.ServerAssociation - Got a GetDataValues request for node: ied1lDevice1/DSCH1.NamPlt [DC]
ied1lDevice1/DSCH1.NamPlt.vendor: ''
ied1lDevice1/DSCH1.NamPlt.swRev: ''
ied1lDevice1/DSCH1.NamPlt.d: ''
14:23:34.426 [openiec61850-osi-server-3-thread-1] DEBUG com.beanit.openiec61850.ServerAssociation - sub BDA is:ied1lDevice1/DSCH1.NamPlt.vendor: ''
14:23:34.426 [openiec61850-osi-server-3-thread-1] DEBUG com.beanit.openiec61850.ServerAssociation - sub BDA is:ied1lDevice1/DSCH1.NamPlt.swRev: ''
14:23:34.426 [openiec61850-osi-server-3-thread-1] DEBUG com.beanit.openiec61850.ServerAssociation - sub BDA is:ied1lDevice1/DSCH1.NamPlt.d: ''
calling GetDataValues(ied1lDevice1/DSCH1.NamPlt.vendor)
14:23:34.427 [openiec61850-osi-server-3-thread-1] DEBUG com.beanit.openiec61850.ServerAssociation - Got a GetDataValues request for node: ied1lDevice1/DSCH1.NamPlt.vendor: ''
calling GetDataValues(ied1lDevice1/DSCH1.NamPlt.swRev)
14:23:34.427 [openiec61850-osi-server-3-thread-1] DEBUG com.beanit.openiec61850.ServerAssociation - Got a GetDataValues request for node: ied1lDevice1/DSCH1.NamPlt.swRev: ''
calling GetDataValues(ied1lDevice1/DSCH1.NamPlt.d)
14:23:34.427 [openiec61850-osi-server-3-thread-1] DEBUG com.beanit.openiec61850.ServerAssociation - Got a GetDataValues request for node: ied1lDevice1/DSCH1.NamPlt.d: ''
calling GetDataValues(ied1lDevice1/DSCH1.SchdSt)
14:23:34.427 [openiec61850-osi-server-3-thread-1] DEBUG com.beanit.openiec61850.ServerAssociation - Got a GetDataValues request for node: ied1lDevice1/DSCH1.SchdSt [ST]
ied1lDevice1/DSCH1.SchdSt.stVal: 0
ied1lDevice1/DSCH1.SchdSt.q: 0x00 0x00
ied1lDevice1/DSCH1.SchdSt.t: Thu Jan 01 01:00:00 CET 1970
14:23:34.427 [openiec61850-osi-server-3-thread-1] DEBUG com.beanit.openiec61850.ServerAssociation - sub BDA is:ied1lDevice1/DSCH1.SchdSt.stVal: 0
14:23:34.427 [openiec61850-osi-server-3-thread-1] DEBUG com.beanit.openiec61850.ServerAssociation - sub BDA is:ied1lDevice1/DSCH1.SchdSt.q: 0x00 0x00
14:23:34.427 [openiec61850-osi-server-3-thread-1] DEBUG com.beanit.openiec61850.ServerAssociation - sub BDA is:ied1lDevice1/DSCH1.SchdSt.t: Thu Jan 01 01:00:00 CET 1970
calling GetDataValues(ied1lDevice1/DSCH1.SchdSt.stVal)
14:23:34.428 [openiec61850-osi-server-3-thread-1] DEBUG com.beanit.openiec61850.ServerAssociation - Got a GetDataValues request for node: ied1lDevice1/DSCH1.SchdSt.stVal: 0
calling GetDataValues(ied1lDevice1/DSCH1.SchdSt.q)
14:23:34.428 [openiec61850-osi-server-3-thread-1] DEBUG com.beanit.openiec61850.ServerAssociation - Got a GetDataValues request for node: ied1lDevice1/DSCH1.SchdSt.q: 0x00 0x00
calling GetDataValues(ied1lDevice1/DSCH1.SchdSt.t)
14:23:34.428 [openiec61850-osi-server-3-thread-1] DEBUG com.beanit.openiec61850.ServerAssociation - Got a GetDataValues request for node: ied1lDevice1/DSCH1.SchdSt.t: Thu Jan 01 01:00:00 CET 1970
calling GetDataValues(ied1lDevice1/DSCH1.SchdAbsTm)
14:23:34.429 [openiec61850-osi-server-3-thread-1] DEBUG com.beanit.openiec61850.ServerAssociation - Got a GetDataValues request for node: ied1lDevice1/DSCH1.SchdAbsTm [SP]
ied1lDevice1/DSCH1.SchdAbsTm.val [SP]
ied1lDevice1/DSCH1.SchdAbsTm.val(0): 0.0
ied1lDevice1/DSCH1.SchdAbsTm.val(1): 0.0
ied1lDevice1/DSCH1.SchdAbsTm.val(2): 0.0
ied1lDevice1/DSCH1.SchdAbsTm.val(3): 0.0
ied1lDevice1/DSCH1.SchdAbsTm.val(4): 0.0
ied1lDevice1/DSCH1.SchdAbsTm.val(5): 0.0
ied1lDevice1/DSCH1.SchdAbsTm.val(6): 0.0
ied1lDevice1/DSCH1.SchdAbsTm.val(7): 0.0
ied1lDevice1/DSCH1.SchdAbsTm.val(8): 0.0
ied1lDevice1/DSCH1.SchdAbsTm.val(9): 0.0
ied1lDevice1/DSCH1.SchdAbsTm.val(10): 0.0
ied1lDevice1/DSCH1.SchdAbsTm.val(11): 0.0
ied1lDevice1/DSCH1.SchdAbsTm.val(12): 0.0
ied1lDevice1/DSCH1.SchdAbsTm.val(13): 0.0
ied1lDevice1/DSCH1.SchdAbsTm.val(14): 0.0
ied1lDevice1/DSCH1.SchdAbsTm.val(15): 0.0
ied1lDevice1/DSCH1.SchdAbsTm.val(16): 0.0
ied1lDevice1/DSCH1.SchdAbsTm.val(17): 0.0
ied1lDevice1/DSCH1.SchdAbsTm.val(18): 0.0
ied1lDevice1/DSCH1.SchdAbsTm.val(19): 0.0
ied1lDevice1/DSCH1.SchdAbsTm.val(20): 0.0
ied1lDevice1/DSCH1.SchdAbsTm.val(21): 0.0
ied1lDevice1/DSCH1.SchdAbsTm.val(22): 0.0
ied1lDevice1/DSCH1.SchdAbsTm.val(23): 0.0
ied1lDevice1/DSCH1.SchdAbsTm.val(24): 0.0
ied1lDevice1/DSCH1.SchdAbsTm.val(25): 0.0
ied1lDevice1/DSCH1.SchdAbsTm.val(26): 0.0
ied1lDevice1/DSCH1.SchdAbsTm.val(27): 0.0
ied1lDevice1/DSCH1.SchdAbsTm.val(28): 0.0
ied1lDevice1/DSCH1.SchdAbsTm.val(29): 0.0
ied1lDevice1/DSCH1.SchdAbsTm.val(30): 0.0
ied1lDevice1/DSCH1.SchdAbsTm.val(31): 0.0
ied1lDevice1/DSCH1.SchdAbsTm.val(32): 0.0
ied1lDevice1/DSCH1.SchdAbsTm.val(33): 0.0
ied1lDevice1/DSCH1.SchdAbsTm.val(34): 0.0
ied1lDevice1/DSCH1.SchdAbsTm.val(35): 0.0
ied1lDevice1/DSCH1.SchdAbsTm.val(36): 0.0
ied1lDevice1/DSCH1.SchdAbsTm.val(37): 0.0
ied1lDevice1/DSCH1.SchdAbsTm.val(38): 0.0
ied1lDevice1/DSCH1.SchdAbsTm.val(39): 0.0
ied1lDevice1/DSCH1.SchdAbsTm.val(40): 0.0
ied1lDevice1/DSCH1.SchdAbsTm.val(41): 0.0
ied1lDevice1/DSCH1.SchdAbsTm.val(42): 0.0
ied1lDevice1/DSCH1.SchdAbsTm.val(43): 0.0
ied1lDevice1/DSCH1.SchdAbsTm.val(44): 0.0
ied1lDevice1/DSCH1.SchdAbsTm.val(45): 0.0
ied1lDevice1/DSCH1.SchdAbsTm.val(46): 0.0
ied1lDevice1/DSCH1.SchdAbsTm.val(47): 0.0
ied1lDevice1/DSCH1.SchdAbsTm.val(48): 0.0
ied1lDevice1/DSCH1.SchdAbsTm.val(49): 0.0
ied1lDevice1/DSCH1.SchdAbsTm.val(50): 0.0
ied1lDevice1/DSCH1.SchdAbsTm.val(51): 0.0
ied1lDevice1/DSCH1.SchdAbsTm.val(52): 0.0
ied1lDevice1/DSCH1.SchdAbsTm.val(53): 0.0
ied1lDevice1/DSCH1.SchdAbsTm.val(54): 0.0
ied1lDevice1/DSCH1.SchdAbsTm.val(55): 0.0
ied1lDevice1/DSCH1.SchdAbsTm.val(56): 0.0
ied1lDevice1/DSCH1.SchdAbsTm.val(57): 0.0
ied1lDevice1/DSCH1.SchdAbsTm.val(58): 0.0
ied1lDevice1/DSCH1.SchdAbsTm.val(59): 0.0
ied1lDevice1/DSCH1.SchdAbsTm.val(60): 0.0
ied1lDevice1/DSCH1.SchdAbsTm.val(61): 0.0
ied1lDevice1/DSCH1.SchdAbsTm.val(62): 0.0
ied1lDevice1/DSCH1.SchdAbsTm.val(63): 0.0
ied1lDevice1/DSCH1.SchdAbsTm.val(64): 0.0
ied1lDevice1/DSCH1.SchdAbsTm.val(65): 0.0
ied1lDevice1/DSCH1.SchdAbsTm.val(66): 0.0
ied1lDevice1/DSCH1.SchdAbsTm.val(67): 0.0
ied1lDevice1/DSCH1.SchdAbsTm.val(68): 0.0
ied1lDevice1/DSCH1.SchdAbsTm.val(69): 0.0
ied1lDevice1/DSCH1.SchdAbsTm.val(70): 0.0
ied1lDevice1/DSCH1.SchdAbsTm.val(71): 0.0
ied1lDevice1/DSCH1.SchdAbsTm.val(72): 0.0
ied1lDevice1/DSCH1.SchdAbsTm.val(73): 0.0
ied1lDevice1/DSCH1.SchdAbsTm.val(74): 0.0
ied1lDevice1/DSCH1.SchdAbsTm.val(75): 0.0
ied1lDevice1/DSCH1.SchdAbsTm.val(76): 0.0
ied1lDevice1/DSCH1.SchdAbsTm.val(77): 0.0
ied1lDevice1/DSCH1.SchdAbsTm.val(78): 0.0
ied1lDevice1/DSCH1.SchdAbsTm.val(79): 0.0
ied1lDevice1/DSCH1.SchdAbsTm.val(80): 0.0
ied1lDevice1/DSCH1.SchdAbsTm.val(81): 0.0
ied1lDevice1/DSCH1.SchdAbsTm.val(82): 0.0
ied1lDevice1/DSCH1.SchdAbsTm.val(83): 0.0
ied1lDevice1/DSCH1.SchdAbsTm.val(84): 0.0
ied1lDevice1/DSCH1.SchdAbsTm.val(85): 0.0
ied1lDevice1/DSCH1.SchdAbsTm.val(86): 0.0
ied1lDevice1/DSCH1.SchdAbsTm.val(87): 0.0
ied1lDevice1/DSCH1.SchdAbsTm.val(88): 0.0
ied1lDevice1/DSCH1.SchdAbsTm.val(89): 0.0
ied1lDevice1/DSCH1.SchdAbsTm.val(90): 0.0
ied1lDevice1/DSCH1.SchdAbsTm.val(91): 0.0
ied1lDevice1/DSCH1.SchdAbsTm.val(92): 0.0
ied1lDevice1/DSCH1.SchdAbsTm.val(93): 0.0
ied1lDevice1/DSCH1.SchdAbsTm.val(94): 0.0
ied1lDevice1/DSCH1.SchdAbsTm.val(95): 0.0
ied1lDevice1/DSCH1.SchdAbsTm.val(96): 0.0
ied1lDevice1/DSCH1.SchdAbsTm.val(97): 0.0
ied1lDevice1/DSCH1.SchdAbsTm.val(98): 0.0
ied1lDevice1/DSCH1.SchdAbsTm.val(99): 0.0
ied1lDevice1/DSCH1.SchdAbsTm.val(100): 0.0
ied1lDevice1/DSCH1.SchdAbsTm.val(101): 0.0
ied1lDevice1/DSCH1.SchdAbsTm.val(102): 0.0
ied1lDevice1/DSCH1.SchdAbsTm.val(103): 0.0
ied1lDevice1/DSCH1.SchdAbsTm.val(104): 0.0
ied1lDevice1/DSCH1.SchdAbsTm.val(105): 0.0
ied1lDevice1/DSCH1.SchdAbsTm.val(106): 0.0
ied1lDevice1/DSCH1.SchdAbsTm.val(107): 0.0
ied1lDevice1/DSCH1.SchdAbsTm.val(108): 0.0
ied1lDevice1/DSCH1.SchdAbsTm.val(109): 0.0
ied1lDevice1/DSCH1.SchdAbsTm.val(110): 0.0
ied1lDevice1/DSCH1.SchdAbsTm.val(111): 0.0
ied1lDevice1/DSCH1.SchdAbsTm.val(112): 0.0
ied1lDevice1/DSCH1.SchdAbsTm.val(113): 0.0
ied1lDevice1/DSCH1.SchdAbsTm.val(114): 0.0
ied1lDevice1/DSCH1.SchdAbsTm.val(115): 0.0
ied1lDevice1/DSCH1.SchdAbsTm.val(116): 0.0
ied1lDevice1/DSCH1.SchdAbsTm.val(117): 0.0
ied1lDevice1/DSCH1.SchdAbsTm.val(118): 0.0
ied1lDevice1/DSCH1.SchdAbsTm.val(119): 0.0
ied1lDevice1/DSCH1.SchdAbsTm.val(120): 0.0
ied1lDevice1/DSCH1.SchdAbsTm.val(121): 0.0
ied1lDevice1/DSCH1.SchdAbsTm.val(122): 0.0
ied1lDevice1/DSCH1.SchdAbsTm.val(123): 0.0
ied1lDevice1/DSCH1.SchdAbsTm.val(124): 0.0
ied1lDevice1/DSCH1.SchdAbsTm.val(125): 0.0
ied1lDevice1/DSCH1.SchdAbsTm.val(126): 0.0
ied1lDevice1/DSCH1.SchdAbsTm.val(127): 0.0
ied1lDevice1/DSCH1.SchdAbsTm.val(128): 0.0
ied1lDevice1/DSCH1.SchdAbsTm.val(129): 0.0
ied1lDevice1/DSCH1.SchdAbsTm.val(130): 0.0
ied1lDevice1/DSCH1.SchdAbsTm.val(131): 0.0
ied1lDevice1/DSCH1.SchdAbsTm.val(132): 0.0
ied1lDevice1/DSCH1.SchdAbsTm.val(133): 0.0
ied1lDevice1/DSCH1.SchdAbsTm.val(134): 0.0
ied1lDevice1/DSCH1.SchdAbsTm.val(135): 0.0
ied1lDevice1/DSCH1.SchdAbsTm.val(136): 0.0
ied1lDevice1/DSCH1.SchdAbsTm.val(137): 0.0
ied1lDevice1/DSCH1.SchdAbsTm.val(138): 0.0
ied1lDevice1/DSCH1.SchdAbsTm.val(139): 0.0
ied1lDevice1/DSCH1.SchdAbsTm.val(140): 0.0
ied1lDevice1/DSCH1.SchdAbsTm.val(141): 0.0
ied1lDevice1/DSCH1.SchdAbsTm.val(142): 0.0
ied1lDevice1/DSCH1.SchdAbsTm.val(143): 0.0
ied1lDevice1/DSCH1.SchdAbsTm.val(144): 0.0
ied1lDevice1/DSCH1.SchdAbsTm.val(145): 0.0
ied1lDevice1/DSCH1.SchdAbsTm.val(146): 0.0
ied1lDevice1/DSCH1.SchdAbsTm.val(147): 0.0
ied1lDevice1/DSCH1.SchdAbsTm.val(148): 0.0
ied1lDevice1/DSCH1.SchdAbsTm.val(149): 0.0
ied1lDevice1/DSCH1.SchdAbsTm.val(150): 0.0
ied1lDevice1/DSCH1.SchdAbsTm.val(151): 0.0
ied1lDevice1/DSCH1.SchdAbsTm.val(152): 0.0
ied1lDevice1/DSCH1.SchdAbsTm.val(153): 0.0
ied1lDevice1/DSCH1.SchdAbsTm.val(154): 0.0
ied1lDevice1/DSCH1.SchdAbsTm.val(155): 0.0
ied1lDevice1/DSCH1.SchdAbsTm.val(156): 0.0
ied1lDevice1/DSCH1.SchdAbsTm.val(157): 0.0
ied1lDevice1/DSCH1.SchdAbsTm.val(158): 0.0
ied1lDevice1/DSCH1.SchdAbsTm.val(159): 0.0
ied1lDevice1/DSCH1.SchdAbsTm.val(160): 0.0
ied1lDevice1/DSCH1.SchdAbsTm.val(161): 0.0
ied1lDevice1/DSCH1.SchdAbsTm.val(162): 0.0
ied1lDevice1/DSCH1.SchdAbsTm.val(163): 0.0
ied1lDevice1/DSCH1.SchdAbsTm.val(164): 0.0
ied1lDevice1/DSCH1.SchdAbsTm.val(165): 0.0
ied1lDevice1/DSCH1.SchdAbsTm.val(166): 0.0
ied1lDevice1/DSCH1.SchdAbsTm.val(167): 0.0
ied1lDevice1/DSCH1.SchdAbsTm.val(168): 0.0
ied1lDevice1/DSCH1.SchdAbsTm.val(169): 0.0
ied1lDevice1/DSCH1.SchdAbsTm.val(170): 0.0
ied1lDevice1/DSCH1.SchdAbsTm.val(171): 0.0
ied1lDevice1/DSCH1.SchdAbsTm.val(172): 0.0
ied1lDevice1/DSCH1.SchdAbsTm.val(173): 0.0
ied1lDevice1/DSCH1.SchdAbsTm.val(174): 0.0
ied1lDevice1/DSCH1.SchdAbsTm.val(175): 0.0
ied1lDevice1/DSCH1.SchdAbsTm.val(176): 0.0
ied1lDevice1/DSCH1.SchdAbsTm.val(177): 0.0
ied1lDevice1/DSCH1.SchdAbsTm.val(178): 0.0
ied1lDevice1/DSCH1.SchdAbsTm.val(179): 0.0
ied1lDevice1/DSCH1.SchdAbsTm.val(180): 0.0
ied1lDevice1/DSCH1.SchdAbsTm.val(181): 0.0
ied1lDevice1/DSCH1.SchdAbsTm.val(182): 0.0
ied1lDevice1/DSCH1.SchdAbsTm.val(183): 0.0
ied1lDevice1/DSCH1.SchdAbsTm.val(184): 0.0
ied1lDevice1/DSCH1.SchdAbsTm.val(185): 0.0
ied1lDevice1/DSCH1.SchdAbsTm.val(186): 0.0
ied1lDevice1/DSCH1.SchdAbsTm.val(187): 0.0
ied1lDevice1/DSCH1.SchdAbsTm.val(188): 0.0
ied1lDevice1/DSCH1.SchdAbsTm.val(189): 0.0
ied1lDevice1/DSCH1.SchdAbsTm.val(190): 0.0
ied1lDevice1/DSCH1.SchdAbsTm.val(191): 0.0
ied1lDevice1/DSCH1.SchdAbsTm.val(192): 0.0
ied1lDevice1/DSCH1.SchdAbsTm.val(193): 0.0
ied1lDevice1/DSCH1.SchdAbsTm.val(194): 0.0
ied1lDevice1/DSCH1.SchdAbsTm.val(195): 0.0
ied1lDevice1/DSCH1.SchdAbsTm.val(196): 0.0
ied1lDevice1/DSCH1.SchdAbsTm.val(197): 0.0
ied1lDevice1/DSCH1.SchdAbsTm.val(198): 0.0
ied1lDevice1/DSCH1.SchdAbsTm.val(199): 0.0
ied1lDevice1/DSCH1.SchdAbsTm.val(200): 0.0
ied1lDevice1/DSCH1.SchdAbsTm.val(201): 0.0
ied1lDevice1/DSCH1.SchdAbsTm.val(202): 0.0
ied1lDevice1/DSCH1.SchdAbsTm.val(203): 0.0
ied1lDevice1/DSCH1.SchdAbsTm.val(204): 0.0
ied1lDevice1/DSCH1.SchdAbsTm.val(205): 0.0
ied1lDevice1/DSCH1.SchdAbsTm.val(206): 0.0
ied1lDevice1/DSCH1.SchdAbsTm.val(207): 0.0
ied1lDevice1/DSCH1.SchdAbsTm.val(208): 0.0
ied1lDevice1/DSCH1.SchdAbsTm.val(209): 0.0
ied1lDevice1/DSCH1.SchdAbsTm.val(210): 0.0
ied1lDevice1/DSCH1.SchdAbsTm.val(211): 0.0
ied1lDevice1/DSCH1.SchdAbsTm.val(212): 0.0
ied1lDevice1/DSCH1.SchdAbsTm.val(213): 0.0
ied1lDevice1/DSCH1.SchdAbsTm.val(214): 0.0
ied1lDevice1/DSCH1.SchdAbsTm.val(215): 0.0
ied1lDevice1/DSCH1.SchdAbsTm.val(216): 0.0
ied1lDevice1/DSCH1.SchdAbsTm.val(217): 0.0
ied1lDevice1/DSCH1.SchdAbsTm.val(218): 0.0
ied1lDevice1/DSCH1.SchdAbsTm.val(219): 0.0
ied1lDevice1/DSCH1.SchdAbsTm.val(220): 0.0
ied1lDevice1/DSCH1.SchdAbsTm.val(221): 0.0
ied1lDevice1/DSCH1.SchdAbsTm.val(222): 0.0
ied1lDevice1/DSCH1.SchdAbsTm.val(223): 0.0
ied1lDevice1/DSCH1.SchdAbsTm.val(224): 0.0
ied1lDevice1/DSCH1.SchdAbsTm.val(225): 0.0
ied1lDevice1/DSCH1.SchdAbsTm.val(226): 0.0
ied1lDevice1/DSCH1.SchdAbsTm.val(227): 0.0
ied1lDevice1/DSCH1.SchdAbsTm.val(228): 0.0
ied1lDevice1/DSCH1.SchdAbsTm.val(229): 0.0
ied1lDevice1/DSCH1.SchdAbsTm.val(230): 0.0
ied1lDevice1/DSCH1.SchdAbsTm.val(231): 0.0
ied1lDevice1/DSCH1.SchdAbsTm.val(232): 0.0
ied1lDevice1/DSCH1.SchdAbsTm.val(233): 0.0
ied1lDevice1/DSCH1.SchdAbsTm.val(234): 0.0
ied1lDevice1/DSCH1.SchdAbsTm.val(235): 0.0
ied1lDevice1/DSCH1.SchdAbsTm.val(236): 0.0
ied1lDevice1/DSCH1.SchdAbsTm.val(237): 0.0
ied1lDevice1/DSCH1.SchdAbsTm.val(238): 0.0
ied1lDevice1/DSCH1.SchdAbsTm.val(239): 0.0
ied1lDevice1/DSCH1.SchdAbsTm.val(240): 0.0
ied1lDevice1/DSCH1.SchdAbsTm.val(241): 0.0
ied1lDevice1/DSCH1.SchdAbsTm.val(242): 0.0
ied1lDevice1/DSCH1.SchdAbsTm.val(243): 0.0
ied1lDevice1/DSCH1.SchdAbsTm.val(244): 0.0
ied1lDevice1/DSCH1.SchdAbsTm.val(245): 0.0
ied1lDevice1/DSCH1.SchdAbsTm.val(246): 0.0
ied1lDevice1/DSCH1.SchdAbsTm.val(247): 0.0
ied1lDevice1/DSCH1.SchdAbsTm.val(248): 0.0
ied1lDevice1/DSCH1.SchdAbsTm.val(249): 0.0
ied1lDevice1/DSCH1.SchdAbsTm.val(250): 0.0
ied1lDevice1/DSCH1.SchdAbsTm.val(251): 0.0
ied1lDevice1/DSCH1.SchdAbsTm.val(252): 0.0
ied1lDevice1/DSCH1.SchdAbsTm.val(253): 0.0
ied1lDevice1/DSCH1.SchdAbsTm.val(254): 0.0
ied1lDevice1/DSCH1.SchdAbsTm.sptestval1: 0
ied1lDevice1/DSCH1.SchdAbsTm.sptestval2: 0
14:23:34.432 [openiec61850-osi-server-3-thread-1] DEBUG com.beanit.openiec61850.ServerAssociation - sub BDA is:ied1lDevice1/DSCH1.SchdAbsTm.val(0): 0.0
14:23:34.432 [openiec61850-osi-server-3-thread-1] DEBUG com.beanit.openiec61850.ServerAssociation - sub BDA is:ied1lDevice1/DSCH1.SchdAbsTm.val(1): 0.0
14:23:34.432 [openiec61850-osi-server-3-thread-1] DEBUG com.beanit.openiec61850.ServerAssociation - sub BDA is:ied1lDevice1/DSCH1.SchdAbsTm.val(2): 0.0
14:23:34.432 [openiec61850-osi-server-3-thread-1] DEBUG com.beanit.openiec61850.ServerAssociation - sub BDA is:ied1lDevice1/DSCH1.SchdAbsTm.val(3): 0.0
14:23:34.432 [openiec61850-osi-server-3-thread-1] DEBUG com.beanit.openiec61850.ServerAssociation - sub BDA is:ied1lDevice1/DSCH1.SchdAbsTm.val(4): 0.0
14:23:34.432 [openiec61850-osi-server-3-thread-1] DEBUG com.beanit.openiec61850.ServerAssociation - sub BDA is:ied1lDevice1/DSCH1.SchdAbsTm.val(5): 0.0
14:23:34.432 [openiec61850-osi-server-3-thread-1] DEBUG com.beanit.openiec61850.ServerAssociation - sub BDA is:ied1lDevice1/DSCH1.SchdAbsTm.val(6): 0.0
14:23:34.432 [openiec61850-osi-server-3-thread-1] DEBUG com.beanit.openiec61850.ServerAssociation - sub BDA is:ied1lDevice1/DSCH1.SchdAbsTm.val(7): 0.0
14:23:34.432 [openiec61850-osi-server-3-thread-1] DEBUG com.beanit.openiec61850.ServerAssociation - sub BDA is:ied1lDevice1/DSCH1.SchdAbsTm.val(8): 0.0
14:23:34.432 [openiec61850-osi-server-3-thread-1] DEBUG com.beanit.openiec61850.ServerAssociation - sub BDA is:ied1lDevice1/DSCH1.SchdAbsTm.val(9): 0.0
14:23:34.432 [openiec61850-osi-server-3-thread-1] DEBUG com.beanit.openiec61850.ServerAssociation - sub BDA is:ied1lDevice1/DSCH1.SchdAbsTm.val(10): 0.0
14:23:34.432 [openiec61850-osi-server-3-thread-1] DEBUG com.beanit.openiec61850.ServerAssociation - sub BDA is:ied1lDevice1/DSCH1.SchdAbsTm.val(11): 0.0
14:23:34.432 [openiec61850-osi-server-3-thread-1] DEBUG com.beanit.openiec61850.ServerAssociation - sub BDA is:ied1lDevice1/DSCH1.SchdAbsTm.val(12): 0.0
14:23:34.432 [openiec61850-osi-server-3-thread-1] DEBUG com.beanit.openiec61850.ServerAssociation - sub BDA is:ied1lDevice1/DSCH1.SchdAbsTm.val(13): 0.0
14:23:34.432 [openiec61850-osi-server-3-thread-1] DEBUG com.beanit.openiec61850.ServerAssociation - sub BDA is:ied1lDevice1/DSCH1.SchdAbsTm.val(14): 0.0
14:23:34.432 [openiec61850-osi-server-3-thread-1] DEBUG com.beanit.openiec61850.ServerAssociation - sub BDA is:ied1lDevice1/DSCH1.SchdAbsTm.val(15): 0.0
14:23:34.432 [openiec61850-osi-server-3-thread-1] DEBUG com.beanit.openiec61850.ServerAssociation - sub BDA is:ied1lDevice1/DSCH1.SchdAbsTm.val(16): 0.0
14:23:34.432 [openiec61850-osi-server-3-thread-1] DEBUG com.beanit.openiec61850.ServerAssociation - sub BDA is:ied1lDevice1/DSCH1.SchdAbsTm.val(17): 0.0
14:23:34.432 [openiec61850-osi-server-3-thread-1] DEBUG com.beanit.openiec61850.ServerAssociation - sub BDA is:ied1lDevice1/DSCH1.SchdAbsTm.val(18): 0.0
14:23:34.432 [openiec61850-osi-server-3-thread-1] DEBUG com.beanit.openiec61850.ServerAssociation - sub BDA is:ied1lDevice1/DSCH1.SchdAbsTm.val(19): 0.0
14:23:34.432 [openiec61850-osi-server-3-thread-1] DEBUG com.beanit.openiec61850.ServerAssociation - sub BDA is:ied1lDevice1/DSCH1.SchdAbsTm.val(20): 0.0
14:23:34.432 [openiec61850-osi-server-3-thread-1] DEBUG com.beanit.openiec61850.ServerAssociation - sub BDA is:ied1lDevice1/DSCH1.SchdAbsTm.val(21): 0.0
14:23:34.432 [openiec61850-osi-server-3-thread-1] DEBUG com.beanit.openiec61850.ServerAssociation - sub BDA is:ied1lDevice1/DSCH1.SchdAbsTm.val(22): 0.0
14:23:34.432 [openiec61850-osi-server-3-thread-1] DEBUG com.beanit.openiec61850.ServerAssociation - sub BDA is:ied1lDevice1/DSCH1.SchdAbsTm.val(23): 0.0
14:23:34.432 [openiec61850-osi-server-3-thread-1] DEBUG com.beanit.openiec61850.ServerAssociation - sub BDA is:ied1lDevice1/DSCH1.SchdAbsTm.val(24): 0.0
14:23:34.432 [openiec61850-osi-server-3-thread-1] DEBUG com.beanit.openiec61850.ServerAssociation - sub BDA is:ied1lDevice1/DSCH1.SchdAbsTm.val(25): 0.0
14:23:34.432 [openiec61850-osi-server-3-thread-1] DEBUG com.beanit.openiec61850.ServerAssociation - sub BDA is:ied1lDevice1/DSCH1.SchdAbsTm.val(26): 0.0
14:23:34.432 [openiec61850-osi-server-3-thread-1] DEBUG com.beanit.openiec61850.ServerAssociation - sub BDA is:ied1lDevice1/DSCH1.SchdAbsTm.val(27): 0.0
14:23:34.432 [openiec61850-osi-server-3-thread-1] DEBUG com.beanit.openiec61850.ServerAssociation - sub BDA is:ied1lDevice1/DSCH1.SchdAbsTm.val(28): 0.0
14:23:34.432 [openiec61850-osi-server-3-thread-1] DEBUG com.beanit.openiec61850.ServerAssociation - sub BDA is:ied1lDevice1/DSCH1.SchdAbsTm.val(29): 0.0
14:23:34.432 [openiec61850-osi-server-3-thread-1] DEBUG com.beanit.openiec61850.ServerAssociation - sub BDA is:ied1lDevice1/DSCH1.SchdAbsTm.val(30): 0.0
14:23:34.432 [openiec61850-osi-server-3-thread-1] DEBUG com.beanit.openiec61850.ServerAssociation - sub BDA is:ied1lDevice1/DSCH1.SchdAbsTm.val(31): 0.0
14:23:34.432 [openiec61850-osi-server-3-thread-1] DEBUG com.beanit.openiec61850.ServerAssociation - sub BDA is:ied1lDevice1/DSCH1.SchdAbsTm.val(32): 0.0
14:23:34.433 [openiec61850-osi-server-3-thread-1] DEBUG com.beanit.openiec61850.ServerAssociation - sub BDA is:ied1lDevice1/DSCH1.SchdAbsTm.val(33): 0.0
14:23:34.433 [openiec61850-osi-server-3-thread-1] DEBUG com.beanit.openiec61850.ServerAssociation - sub BDA is:ied1lDevice1/DSCH1.SchdAbsTm.val(34): 0.0
14:23:34.433 [openiec61850-osi-server-3-thread-1] DEBUG com.beanit.openiec61850.ServerAssociation - sub BDA is:ied1lDevice1/DSCH1.SchdAbsTm.val(35): 0.0
14:23:34.433 [openiec61850-osi-server-3-thread-1] DEBUG com.beanit.openiec61850.ServerAssociation - sub BDA is:ied1lDevice1/DSCH1.SchdAbsTm.val(36): 0.0
14:23:34.433 [openiec61850-osi-server-3-thread-1] DEBUG com.beanit.openiec61850.ServerAssociation - sub BDA is:ied1lDevice1/DSCH1.SchdAbsTm.val(37): 0.0
14:23:34.433 [openiec61850-osi-server-3-thread-1] DEBUG com.beanit.openiec61850.ServerAssociation - sub BDA is:ied1lDevice1/DSCH1.SchdAbsTm.val(38): 0.0
14:23:34.433 [openiec61850-osi-server-3-thread-1] DEBUG com.beanit.openiec61850.ServerAssociation - sub BDA is:ied1lDevice1/DSCH1.SchdAbsTm.val(39): 0.0
14:23:34.433 [openiec61850-osi-server-3-thread-1] DEBUG com.beanit.openiec61850.ServerAssociation - sub BDA is:ied1lDevice1/DSCH1.SchdAbsTm.val(40): 0.0
14:23:34.433 [openiec61850-osi-server-3-thread-1] DEBUG com.beanit.openiec61850.ServerAssociation - sub BDA is:ied1lDevice1/DSCH1.SchdAbsTm.val(41): 0.0
14:23:34.433 [openiec61850-osi-server-3-thread-1] DEBUG com.beanit.openiec61850.ServerAssociation - sub BDA is:ied1lDevice1/DSCH1.SchdAbsTm.val(42): 0.0
14:23:34.433 [openiec61850-osi-server-3-thread-1] DEBUG com.beanit.openiec61850.ServerAssociation - sub BDA is:ied1lDevice1/DSCH1.SchdAbsTm.val(43): 0.0
14:23:34.433 [openiec61850-osi-server-3-thread-1] DEBUG com.beanit.openiec61850.ServerAssociation - sub BDA is:ied1lDevice1/DSCH1.SchdAbsTm.val(44): 0.0
14:23:34.433 [openiec61850-osi-server-3-thread-1] DEBUG com.beanit.openiec61850.ServerAssociation - sub BDA is:ied1lDevice1/DSCH1.SchdAbsTm.val(45): 0.0
14:23:34.433 [openiec61850-osi-server-3-thread-1] DEBUG com.beanit.openiec61850.ServerAssociation - sub BDA is:ied1lDevice1/DSCH1.SchdAbsTm.val(46): 0.0
14:23:34.433 [openiec61850-osi-server-3-thread-1] DEBUG com.beanit.openiec61850.ServerAssociation - sub BDA is:ied1lDevice1/DSCH1.SchdAbsTm.val(47): 0.0
14:23:34.433 [openiec61850-osi-server-3-thread-1] DEBUG com.beanit.openiec61850.ServerAssociation - sub BDA is:ied1lDevice1/DSCH1.SchdAbsTm.val(48): 0.0
14:23:34.433 [openiec61850-osi-server-3-thread-1] DEBUG com.beanit.openiec61850.ServerAssociation - sub BDA is:ied1lDevice1/DSCH1.SchdAbsTm.val(49): 0.0
14:23:34.433 [openiec61850-osi-server-3-thread-1] DEBUG com.beanit.openiec61850.ServerAssociation - sub BDA is:ied1lDevice1/DSCH1.SchdAbsTm.val(50): 0.0
14:23:34.433 [openiec61850-osi-server-3-thread-1] DEBUG com.beanit.openiec61850.ServerAssociation - sub BDA is:ied1lDevice1/DSCH1.SchdAbsTm.val(51): 0.0
14:23:34.433 [openiec61850-osi-server-3-thread-1] DEBUG com.beanit.openiec61850.ServerAssociation - sub BDA is:ied1lDevice1/DSCH1.SchdAbsTm.val(52): 0.0
14:23:34.433 [openiec61850-osi-server-3-thread-1] DEBUG com.beanit.openiec61850.ServerAssociation - sub BDA is:ied1lDevice1/DSCH1.SchdAbsTm.val(53): 0.0
14:23:34.433 [openiec61850-osi-server-3-thread-1] DEBUG com.beanit.openiec61850.ServerAssociation - sub BDA is:ied1lDevice1/DSCH1.SchdAbsTm.val(54): 0.0
14:23:34.433 [openiec61850-osi-server-3-thread-1] DEBUG com.beanit.openiec61850.ServerAssociation - sub BDA is:ied1lDevice1/DSCH1.SchdAbsTm.val(55): 0.0
14:23:34.433 [openiec61850-osi-server-3-thread-1] DEBUG com.beanit.openiec61850.ServerAssociation - sub BDA is:ied1lDevice1/DSCH1.SchdAbsTm.val(56): 0.0
14:23:34.433 [openiec61850-osi-server-3-thread-1] DEBUG com.beanit.openiec61850.ServerAssociation - sub BDA is:ied1lDevice1/DSCH1.SchdAbsTm.val(57): 0.0
14:23:34.433 [openiec61850-osi-server-3-thread-1] DEBUG com.beanit.openiec61850.ServerAssociation - sub BDA is:ied1lDevice1/DSCH1.SchdAbsTm.val(58): 0.0
14:23:34.433 [openiec61850-osi-server-3-thread-1] DEBUG com.beanit.openiec61850.ServerAssociation - sub BDA is:ied1lDevice1/DSCH1.SchdAbsTm.val(59): 0.0
14:23:34.433 [openiec61850-osi-server-3-thread-1] DEBUG com.beanit.openiec61850.ServerAssociation - sub BDA is:ied1lDevice1/DSCH1.SchdAbsTm.val(60): 0.0
14:23:34.433 [openiec61850-osi-server-3-thread-1] DEBUG com.beanit.openiec61850.ServerAssociation - sub BDA is:ied1lDevice1/DSCH1.SchdAbsTm.val(61): 0.0
14:23:34.433 [openiec61850-osi-server-3-thread-1] DEBUG com.beanit.openiec61850.ServerAssociation - sub BDA is:ied1lDevice1/DSCH1.SchdAbsTm.val(62): 0.0
14:23:34.433 [openiec61850-osi-server-3-thread-1] DEBUG com.beanit.openiec61850.ServerAssociation - sub BDA is:ied1lDevice1/DSCH1.SchdAbsTm.val(63): 0.0
14:23:34.433 [openiec61850-osi-server-3-thread-1] DEBUG com.beanit.openiec61850.ServerAssociation - sub BDA is:ied1lDevice1/DSCH1.SchdAbsTm.val(64): 0.0
14:23:34.433 [openiec61850-osi-server-3-thread-1] DEBUG com.beanit.openiec61850.ServerAssociation - sub BDA is:ied1lDevice1/DSCH1.SchdAbsTm.val(65): 0.0
14:23:34.433 [openiec61850-osi-server-3-thread-1] DEBUG com.beanit.openiec61850.ServerAssociation - sub BDA is:ied1lDevice1/DSCH1.SchdAbsTm.val(66): 0.0
14:23:34.433 [openiec61850-osi-server-3-thread-1] DEBUG com.beanit.openiec61850.ServerAssociation - sub BDA is:ied1lDevice1/DSCH1.SchdAbsTm.val(67): 0.0
14:23:34.433 [openiec61850-osi-server-3-thread-1] DEBUG com.beanit.openiec61850.ServerAssociation - sub BDA is:ied1lDevice1/DSCH1.SchdAbsTm.val(68): 0.0
14:23:34.433 [openiec61850-osi-server-3-thread-1] DEBUG com.beanit.openiec61850.ServerAssociation - sub BDA is:ied1lDevice1/DSCH1.SchdAbsTm.val(69): 0.0
14:23:34.433 [openiec61850-osi-server-3-thread-1] DEBUG com.beanit.openiec61850.ServerAssociation - sub BDA is:ied1lDevice1/DSCH1.SchdAbsTm.val(70): 0.0
14:23:34.433 [openiec61850-osi-server-3-thread-1] DEBUG com.beanit.openiec61850.ServerAssociation - sub BDA is:ied1lDevice1/DSCH1.SchdAbsTm.val(71): 0.0
14:23:34.433 [openiec61850-osi-server-3-thread-1] DEBUG com.beanit.openiec61850.ServerAssociation - sub BDA is:ied1lDevice1/DSCH1.SchdAbsTm.val(72): 0.0
14:23:34.433 [openiec61850-osi-server-3-thread-1] DEBUG com.beanit.openiec61850.ServerAssociation - sub BDA is:ied1lDevice1/DSCH1.SchdAbsTm.val(73): 0.0
14:23:34.433 [openiec61850-osi-server-3-thread-1] DEBUG com.beanit.openiec61850.ServerAssociation - sub BDA is:ied1lDevice1/DSCH1.SchdAbsTm.val(74): 0.0
14:23:34.433 [openiec61850-osi-server-3-thread-1] DEBUG com.beanit.openiec61850.ServerAssociation - sub BDA is:ied1lDevice1/DSCH1.SchdAbsTm.val(75): 0.0
14:23:34.433 [openiec61850-osi-server-3-thread-1] DEBUG com.beanit.openiec61850.ServerAssociation - sub BDA is:ied1lDevice1/DSCH1.SchdAbsTm.val(76): 0.0
14:23:34.433 [openiec61850-osi-server-3-thread-1] DEBUG com.beanit.openiec61850.ServerAssociation - sub BDA is:ied1lDevice1/DSCH1.SchdAbsTm.val(77): 0.0
14:23:34.433 [openiec61850-osi-server-3-thread-1] DEBUG com.beanit.openiec61850.ServerAssociation - sub BDA is:ied1lDevice1/DSCH1.SchdAbsTm.val(78): 0.0
14:23:34.433 [openiec61850-osi-server-3-thread-1] DEBUG com.beanit.openiec61850.ServerAssociation - sub BDA is:ied1lDevice1/DSCH1.SchdAbsTm.val(79): 0.0
14:23:34.433 [openiec61850-osi-server-3-thread-1] DEBUG com.beanit.openiec61850.ServerAssociation - sub BDA is:ied1lDevice1/DSCH1.SchdAbsTm.val(80): 0.0
14:23:34.433 [openiec61850-osi-server-3-thread-1] DEBUG com.beanit.openiec61850.ServerAssociation - sub BDA is:ied1lDevice1/DSCH1.SchdAbsTm.val(81): 0.0
14:23:34.433 [openiec61850-osi-server-3-thread-1] DEBUG com.beanit.openiec61850.ServerAssociation - sub BDA is:ied1lDevice1/DSCH1.SchdAbsTm.val(82): 0.0
14:23:34.433 [openiec61850-osi-server-3-thread-1] DEBUG com.beanit.openiec61850.ServerAssociation - sub BDA is:ied1lDevice1/DSCH1.SchdAbsTm.val(83): 0.0
14:23:34.434 [openiec61850-osi-server-3-thread-1] DEBUG com.beanit.openiec61850.ServerAssociation - sub BDA is:ied1lDevice1/DSCH1.SchdAbsTm.val(84): 0.0
14:23:34.434 [openiec61850-osi-server-3-thread-1] DEBUG com.beanit.openiec61850.ServerAssociation - sub BDA is:ied1lDevice1/DSCH1.SchdAbsTm.val(85): 0.0
14:23:34.434 [openiec61850-osi-server-3-thread-1] DEBUG com.beanit.openiec61850.ServerAssociation - sub BDA is:ied1lDevice1/DSCH1.SchdAbsTm.val(86): 0.0
14:23:34.434 [openiec61850-osi-server-3-thread-1] DEBUG com.beanit.openiec61850.ServerAssociation - sub BDA is:ied1lDevice1/DSCH1.SchdAbsTm.val(87): 0.0
14:23:34.434 [openiec61850-osi-server-3-thread-1] DEBUG com.beanit.openiec61850.ServerAssociation - sub BDA is:ied1lDevice1/DSCH1.SchdAbsTm.val(88): 0.0
14:23:34.434 [openiec61850-osi-server-3-thread-1] DEBUG com.beanit.openiec61850.ServerAssociation - sub BDA is:ied1lDevice1/DSCH1.SchdAbsTm.val(89): 0.0
14:23:34.434 [openiec61850-osi-server-3-thread-1] DEBUG com.beanit.openiec61850.ServerAssociation - sub BDA is:ied1lDevice1/DSCH1.SchdAbsTm.val(90): 0.0
14:23:34.434 [openiec61850-osi-server-3-thread-1] DEBUG com.beanit.openiec61850.ServerAssociation - sub BDA is:ied1lDevice1/DSCH1.SchdAbsTm.val(91): 0.0
14:23:34.434 [openiec61850-osi-server-3-thread-1] DEBUG com.beanit.openiec61850.ServerAssociation - sub BDA is:ied1lDevice1/DSCH1.SchdAbsTm.val(92): 0.0
14:23:34.434 [openiec61850-osi-server-3-thread-1] DEBUG com.beanit.openiec61850.ServerAssociation - sub BDA is:ied1lDevice1/DSCH1.SchdAbsTm.val(93): 0.0
14:23:34.434 [openiec61850-osi-server-3-thread-1] DEBUG com.beanit.openiec61850.ServerAssociation - sub BDA is:ied1lDevice1/DSCH1.SchdAbsTm.val(94): 0.0
14:23:34.434 [openiec61850-osi-server-3-thread-1] DEBUG com.beanit.openiec61850.ServerAssociation - sub BDA is:ied1lDevice1/DSCH1.SchdAbsTm.val(95): 0.0
14:23:34.434 [openiec61850-osi-server-3-thread-1] DEBUG com.beanit.openiec61850.ServerAssociation - sub BDA is:ied1lDevice1/DSCH1.SchdAbsTm.val(96): 0.0
14:23:34.434 [openiec61850-osi-server-3-thread-1] DEBUG com.beanit.openiec61850.ServerAssociation - sub BDA is:ied1lDevice1/DSCH1.SchdAbsTm.val(97): 0.0
14:23:34.434 [openiec61850-osi-server-3-thread-1] DEBUG com.beanit.openiec61850.ServerAssociation - sub BDA is:ied1lDevice1/DSCH1.SchdAbsTm.val(98): 0.0
14:23:34.434 [openiec61850-osi-server-3-thread-1] DEBUG com.beanit.openiec61850.ServerAssociation - sub BDA is:ied1lDevice1/DSCH1.SchdAbsTm.val(99): 0.0
14:23:34.434 [openiec61850-osi-server-3-thread-1] DEBUG com.beanit.openiec61850.ServerAssociation - sub BDA is:ied1lDevice1/DSCH1.SchdAbsTm.val(100): 0.0
14:23:34.434 [openiec61850-osi-server-3-thread-1] DEBUG com.beanit.openiec61850.ServerAssociation - sub BDA is:ied1lDevice1/DSCH1.SchdAbsTm.val(101): 0.0
14:23:34.434 [openiec61850-osi-server-3-thread-1] DEBUG com.beanit.openiec61850.ServerAssociation - sub BDA is:ied1lDevice1/DSCH1.SchdAbsTm.val(102): 0.0
14:23:34.434 [openiec61850-osi-server-3-thread-1] DEBUG com.beanit.openiec61850.ServerAssociation - sub BDA is:ied1lDevice1/DSCH1.SchdAbsTm.val(103): 0.0
14:23:34.434 [openiec61850-osi-server-3-thread-1] DEBUG com.beanit.openiec61850.ServerAssociation - sub BDA is:ied1lDevice1/DSCH1.SchdAbsTm.val(104): 0.0
14:23:34.434 [openiec61850-osi-server-3-thread-1] DEBUG com.beanit.openiec61850.ServerAssociation - sub BDA is:ied1lDevice1/DSCH1.SchdAbsTm.val(105): 0.0
14:23:34.434 [openiec61850-osi-server-3-thread-1] DEBUG com.beanit.openiec61850.ServerAssociation - sub BDA is:ied1lDevice1/DSCH1.SchdAbsTm.val(106): 0.0
14:23:34.434 [openiec61850-osi-server-3-thread-1] DEBUG com.beanit.openiec61850.ServerAssociation - sub BDA is:ied1lDevice1/DSCH1.SchdAbsTm.val(107): 0.0
14:23:34.434 [openiec61850-osi-server-3-thread-1] DEBUG com.beanit.openiec61850.ServerAssociation - sub BDA is:ied1lDevice1/DSCH1.SchdAbsTm.val(108): 0.0
14:23:34.434 [openiec61850-osi-server-3-thread-1] DEBUG com.beanit.openiec61850.ServerAssociation - sub BDA is:ied1lDevice1/DSCH1.SchdAbsTm.val(109): 0.0
14:23:34.434 [openiec61850-osi-server-3-thread-1] DEBUG com.beanit.openiec61850.ServerAssociation - sub BDA is:ied1lDevice1/DSCH1.SchdAbsTm.val(110): 0.0
14:23:34.434 [openiec61850-osi-server-3-thread-1] DEBUG com.beanit.openiec61850.ServerAssociation - sub BDA is:ied1lDevice1/DSCH1.SchdAbsTm.val(111): 0.0
14:23:34.434 [openiec61850-osi-server-3-thread-1] DEBUG com.beanit.openiec61850.ServerAssociation - sub BDA is:ied1lDevice1/DSCH1.SchdAbsTm.val(112): 0.0
14:23:34.434 [openiec61850-osi-server-3-thread-1] DEBUG com.beanit.openiec61850.ServerAssociation - sub BDA is:ied1lDevice1/DSCH1.SchdAbsTm.val(113): 0.0
14:23:34.434 [openiec61850-osi-server-3-thread-1] DEBUG com.beanit.openiec61850.ServerAssociation - sub BDA is:ied1lDevice1/DSCH1.SchdAbsTm.val(114): 0.0
14:23:34.434 [openiec61850-osi-server-3-thread-1] DEBUG com.beanit.openiec61850.ServerAssociation - sub BDA is:ied1lDevice1/DSCH1.SchdAbsTm.val(115): 0.0
14:23:34.434 [openiec61850-osi-server-3-thread-1] DEBUG com.beanit.openiec61850.ServerAssociation - sub BDA is:ied1lDevice1/DSCH1.SchdAbsTm.val(116): 0.0
14:23:34.434 [openiec61850-osi-server-3-thread-1] DEBUG com.beanit.openiec61850.ServerAssociation - sub BDA is:ied1lDevice1/DSCH1.SchdAbsTm.val(117): 0.0
14:23:34.434 [openiec61850-osi-server-3-thread-1] DEBUG com.beanit.openiec61850.ServerAssociation - sub BDA is:ied1lDevice1/DSCH1.SchdAbsTm.val(118): 0.0
14:23:34.434 [openiec61850-osi-server-3-thread-1] DEBUG com.beanit.openiec61850.ServerAssociation - sub BDA is:ied1lDevice1/DSCH1.SchdAbsTm.val(119): 0.0
14:23:34.434 [openiec61850-osi-server-3-thread-1] DEBUG com.beanit.openiec61850.ServerAssociation - sub BDA is:ied1lDevice1/DSCH1.SchdAbsTm.val(120): 0.0
14:23:34.434 [openiec61850-osi-server-3-thread-1] DEBUG com.beanit.openiec61850.ServerAssociation - sub BDA is:ied1lDevice1/DSCH1.SchdAbsTm.val(121): 0.0
14:23:34.434 [openiec61850-osi-server-3-thread-1] DEBUG com.beanit.openiec61850.ServerAssociation - sub BDA is:ied1lDevice1/DSCH1.SchdAbsTm.val(122): 0.0
14:23:34.434 [openiec61850-osi-server-3-thread-1] DEBUG com.beanit.openiec61850.ServerAssociation - sub BDA is:ied1lDevice1/DSCH1.SchdAbsTm.val(123): 0.0
14:23:34.434 [openiec61850-osi-server-3-thread-1] DEBUG com.beanit.openiec61850.ServerAssociation - sub BDA is:ied1lDevice1/DSCH1.SchdAbsTm.val(124): 0.0
14:23:34.434 [openiec61850-osi-server-3-thread-1] DEBUG com.beanit.openiec61850.ServerAssociation - sub BDA is:ied1lDevice1/DSCH1.SchdAbsTm.val(125): 0.0
14:23:34.434 [openiec61850-osi-server-3-thread-1] DEBUG com.beanit.openiec61850.ServerAssociation - sub BDA is:ied1lDevice1/DSCH1.SchdAbsTm.val(126): 0.0
14:23:34.434 [openiec61850-osi-server-3-thread-1] DEBUG com.beanit.openiec61850.ServerAssociation - sub BDA is:ied1lDevice1/DSCH1.SchdAbsTm.val(127): 0.0
14:23:34.434 [openiec61850-osi-server-3-thread-1] DEBUG com.beanit.openiec61850.ServerAssociation - sub BDA is:ied1lDevice1/DSCH1.SchdAbsTm.val(128): 0.0
14:23:34.434 [openiec61850-osi-server-3-thread-1] DEBUG com.beanit.openiec61850.ServerAssociation - sub BDA is:ied1lDevice1/DSCH1.SchdAbsTm.val(129): 0.0
14:23:34.434 [openiec61850-osi-server-3-thread-1] DEBUG com.beanit.openiec61850.ServerAssociation - sub BDA is:ied1lDevice1/DSCH1.SchdAbsTm.val(130): 0.0
14:23:34.435 [openiec61850-osi-server-3-thread-1] DEBUG com.beanit.openiec61850.ServerAssociation - sub BDA is:ied1lDevice1/DSCH1.SchdAbsTm.val(131): 0.0
14:23:34.435 [openiec61850-osi-server-3-thread-1] DEBUG com.beanit.openiec61850.ServerAssociation - sub BDA is:ied1lDevice1/DSCH1.SchdAbsTm.val(132): 0.0
14:23:34.435 [openiec61850-osi-server-3-thread-1] DEBUG com.beanit.openiec61850.ServerAssociation - sub BDA is:ied1lDevice1/DSCH1.SchdAbsTm.val(133): 0.0
14:23:34.435 [openiec61850-osi-server-3-thread-1] DEBUG com.beanit.openiec61850.ServerAssociation - sub BDA is:ied1lDevice1/DSCH1.SchdAbsTm.val(134): 0.0
14:23:34.435 [openiec61850-osi-server-3-thread-1] DEBUG com.beanit.openiec61850.ServerAssociation - sub BDA is:ied1lDevice1/DSCH1.SchdAbsTm.val(135): 0.0
14:23:34.435 [openiec61850-osi-server-3-thread-1] DEBUG com.beanit.openiec61850.ServerAssociation - sub BDA is:ied1lDevice1/DSCH1.SchdAbsTm.val(136): 0.0
14:23:34.435 [openiec61850-osi-server-3-thread-1] DEBUG com.beanit.openiec61850.ServerAssociation - sub BDA is:ied1lDevice1/DSCH1.SchdAbsTm.val(137): 0.0
14:23:34.435 [openiec61850-osi-server-3-thread-1] DEBUG com.beanit.openiec61850.ServerAssociation - sub BDA is:ied1lDevice1/DSCH1.SchdAbsTm.val(138): 0.0
14:23:34.435 [openiec61850-osi-server-3-thread-1] DEBUG com.beanit.openiec61850.ServerAssociation - sub BDA is:ied1lDevice1/DSCH1.SchdAbsTm.val(139): 0.0
14:23:34.435 [openiec61850-osi-server-3-thread-1] DEBUG com.beanit.openiec61850.ServerAssociation - sub BDA is:ied1lDevice1/DSCH1.SchdAbsTm.val(140): 0.0
14:23:34.435 [openiec61850-osi-server-3-thread-1] DEBUG com.beanit.openiec61850.ServerAssociation - sub BDA is:ied1lDevice1/DSCH1.SchdAbsTm.val(141): 0.0
14:23:34.435 [openiec61850-osi-server-3-thread-1] DEBUG com.beanit.openiec61850.ServerAssociation - sub BDA is:ied1lDevice1/DSCH1.SchdAbsTm.val(142): 0.0
14:23:34.435 [openiec61850-osi-server-3-thread-1] DEBUG com.beanit.openiec61850.ServerAssociation - sub BDA is:ied1lDevice1/DSCH1.SchdAbsTm.val(143): 0.0
14:23:34.435 [openiec61850-osi-server-3-thread-1] DEBUG com.beanit.openiec61850.ServerAssociation - sub BDA is:ied1lDevice1/DSCH1.SchdAbsTm.val(144): 0.0
14:23:34.435 [openiec61850-osi-server-3-thread-1] DEBUG com.beanit.openiec61850.ServerAssociation - sub BDA is:ied1lDevice1/DSCH1.SchdAbsTm.val(145): 0.0
14:23:34.435 [openiec61850-osi-server-3-thread-1] DEBUG com.beanit.openiec61850.ServerAssociation - sub BDA is:ied1lDevice1/DSCH1.SchdAbsTm.val(146): 0.0
14:23:34.435 [openiec61850-osi-server-3-thread-1] DEBUG com.beanit.openiec61850.ServerAssociation - sub BDA is:ied1lDevice1/DSCH1.SchdAbsTm.val(147): 0.0
14:23:34.435 [openiec61850-osi-server-3-thread-1] DEBUG com.beanit.openiec61850.ServerAssociation - sub BDA is:ied1lDevice1/DSCH1.SchdAbsTm.val(148): 0.0
14:23:34.435 [openiec61850-osi-server-3-thread-1] DEBUG com.beanit.openiec61850.ServerAssociation - sub BDA is:ied1lDevice1/DSCH1.SchdAbsTm.val(149): 0.0
14:23:34.435 [openiec61850-osi-server-3-thread-1] DEBUG com.beanit.openiec61850.ServerAssociation - sub BDA is:ied1lDevice1/DSCH1.SchdAbsTm.val(150): 0.0
14:23:34.435 [openiec61850-osi-server-3-thread-1] DEBUG com.beanit.openiec61850.ServerAssociation - sub BDA is:ied1lDevice1/DSCH1.SchdAbsTm.val(151): 0.0
14:23:34.435 [openiec61850-osi-server-3-thread-1] DEBUG com.beanit.openiec61850.ServerAssociation - sub BDA is:ied1lDevice1/DSCH1.SchdAbsTm.val(152): 0.0
14:23:34.435 [openiec61850-osi-server-3-thread-1] DEBUG com.beanit.openiec61850.ServerAssociation - sub BDA is:ied1lDevice1/DSCH1.SchdAbsTm.val(153): 0.0
14:23:34.435 [openiec61850-osi-server-3-thread-1] DEBUG com.beanit.openiec61850.ServerAssociation - sub BDA is:ied1lDevice1/DSCH1.SchdAbsTm.val(154): 0.0
14:23:34.435 [openiec61850-osi-server-3-thread-1] DEBUG com.beanit.openiec61850.ServerAssociation - sub BDA is:ied1lDevice1/DSCH1.SchdAbsTm.val(155): 0.0
14:23:34.435 [openiec61850-osi-server-3-thread-1] DEBUG com.beanit.openiec61850.ServerAssociation - sub BDA is:ied1lDevice1/DSCH1.SchdAbsTm.val(156): 0.0
14:23:34.435 [openiec61850-osi-server-3-thread-1] DEBUG com.beanit.openiec61850.ServerAssociation - sub BDA is:ied1lDevice1/DSCH1.SchdAbsTm.val(157): 0.0
14:23:34.435 [openiec61850-osi-server-3-thread-1] DEBUG com.beanit.openiec61850.ServerAssociation - sub BDA is:ied1lDevice1/DSCH1.SchdAbsTm.val(158): 0.0
14:23:34.435 [openiec61850-osi-server-3-thread-1] DEBUG com.beanit.openiec61850.ServerAssociation - sub BDA is:ied1lDevice1/DSCH1.SchdAbsTm.val(159): 0.0
14:23:34.435 [openiec61850-osi-server-3-thread-1] DEBUG com.beanit.openiec61850.ServerAssociation - sub BDA is:ied1lDevice1/DSCH1.SchdAbsTm.val(160): 0.0
14:23:34.435 [openiec61850-osi-server-3-thread-1] DEBUG com.beanit.openiec61850.ServerAssociation - sub BDA is:ied1lDevice1/DSCH1.SchdAbsTm.val(161): 0.0
14:23:34.435 [openiec61850-osi-server-3-thread-1] DEBUG com.beanit.openiec61850.ServerAssociation - sub BDA is:ied1lDevice1/DSCH1.SchdAbsTm.val(162): 0.0
14:23:34.435 [openiec61850-osi-server-3-thread-1] DEBUG com.beanit.openiec61850.ServerAssociation - sub BDA is:ied1lDevice1/DSCH1.SchdAbsTm.val(163): 0.0
14:23:34.435 [openiec61850-osi-server-3-thread-1] DEBUG com.beanit.openiec61850.ServerAssociation - sub BDA is:ied1lDevice1/DSCH1.SchdAbsTm.val(164): 0.0
14:23:34.435 [openiec61850-osi-server-3-thread-1] DEBUG com.beanit.openiec61850.ServerAssociation - sub BDA is:ied1lDevice1/DSCH1.SchdAbsTm.val(165): 0.0
14:23:34.435 [openiec61850-osi-server-3-thread-1] DEBUG com.beanit.openiec61850.ServerAssociation - sub BDA is:ied1lDevice1/DSCH1.SchdAbsTm.val(166): 0.0
14:23:34.435 [openiec61850-osi-server-3-thread-1] DEBUG com.beanit.openiec61850.ServerAssociation - sub BDA is:ied1lDevice1/DSCH1.SchdAbsTm.val(167): 0.0
14:23:34.435 [openiec61850-osi-server-3-thread-1] DEBUG com.beanit.openiec61850.ServerAssociation - sub BDA is:ied1lDevice1/DSCH1.SchdAbsTm.val(168): 0.0
14:23:34.435 [openiec61850-osi-server-3-thread-1] DEBUG com.beanit.openiec61850.ServerAssociation - sub BDA is:ied1lDevice1/DSCH1.SchdAbsTm.val(169): 0.0
14:23:34.435 [openiec61850-osi-server-3-thread-1] DEBUG com.beanit.openiec61850.ServerAssociation - sub BDA is:ied1lDevice1/DSCH1.SchdAbsTm.val(170): 0.0
14:23:34.435 [openiec61850-osi-server-3-thread-1] DEBUG com.beanit.openiec61850.ServerAssociation - sub BDA is:ied1lDevice1/DSCH1.SchdAbsTm.val(171): 0.0
14:23:34.435 [openiec61850-osi-server-3-thread-1] DEBUG com.beanit.openiec61850.ServerAssociation - sub BDA is:ied1lDevice1/DSCH1.SchdAbsTm.val(172): 0.0
14:23:34.435 [openiec61850-osi-server-3-thread-1] DEBUG com.beanit.openiec61850.ServerAssociation - sub BDA is:ied1lDevice1/DSCH1.SchdAbsTm.val(173): 0.0
14:23:34.435 [openiec61850-osi-server-3-thread-1] DEBUG com.beanit.openiec61850.ServerAssociation - sub BDA is:ied1lDevice1/DSCH1.SchdAbsTm.val(174): 0.0
14:23:34.435 [openiec61850-osi-server-3-thread-1] DEBUG com.beanit.openiec61850.ServerAssociation - sub BDA is:ied1lDevice1/DSCH1.SchdAbsTm.val(175): 0.0
14:23:34.435 [openiec61850-osi-server-3-thread-1] DEBUG com.beanit.openiec61850.ServerAssociation - sub BDA is:ied1lDevice1/DSCH1.SchdAbsTm.val(176): 0.0
14:23:34.435 [openiec61850-osi-server-3-thread-1] DEBUG com.beanit.openiec61850.ServerAssociation - sub BDA is:ied1lDevice1/DSCH1.SchdAbsTm.val(177): 0.0
14:23:34.436 [openiec61850-osi-server-3-thread-1] DEBUG com.beanit.openiec61850.ServerAssociation - sub BDA is:ied1lDevice1/DSCH1.SchdAbsTm.val(178): 0.0
14:23:34.436 [openiec61850-osi-server-3-thread-1] DEBUG com.beanit.openiec61850.ServerAssociation - sub BDA is:ied1lDevice1/DSCH1.SchdAbsTm.val(179): 0.0
14:23:34.436 [openiec61850-osi-server-3-thread-1] DEBUG com.beanit.openiec61850.ServerAssociation - sub BDA is:ied1lDevice1/DSCH1.SchdAbsTm.val(180): 0.0
14:23:34.436 [openiec61850-osi-server-3-thread-1] DEBUG com.beanit.openiec61850.ServerAssociation - sub BDA is:ied1lDevice1/DSCH1.SchdAbsTm.val(181): 0.0
14:23:34.436 [openiec61850-osi-server-3-thread-1] DEBUG com.beanit.openiec61850.ServerAssociation - sub BDA is:ied1lDevice1/DSCH1.SchdAbsTm.val(182): 0.0
14:23:34.436 [openiec61850-osi-server-3-thread-1] DEBUG com.beanit.openiec61850.ServerAssociation - sub BDA is:ied1lDevice1/DSCH1.SchdAbsTm.val(183): 0.0
14:23:34.436 [openiec61850-osi-server-3-thread-1] DEBUG com.beanit.openiec61850.ServerAssociation - sub BDA is:ied1lDevice1/DSCH1.SchdAbsTm.val(184): 0.0
14:23:34.436 [openiec61850-osi-server-3-thread-1] DEBUG com.beanit.openiec61850.ServerAssociation - sub BDA is:ied1lDevice1/DSCH1.SchdAbsTm.val(185): 0.0
14:23:34.436 [openiec61850-osi-server-3-thread-1] DEBUG com.beanit.openiec61850.ServerAssociation - sub BDA is:ied1lDevice1/DSCH1.SchdAbsTm.val(186): 0.0
14:23:34.436 [openiec61850-osi-server-3-thread-1] DEBUG com.beanit.openiec61850.ServerAssociation - sub BDA is:ied1lDevice1/DSCH1.SchdAbsTm.val(187): 0.0
14:23:34.436 [openiec61850-osi-server-3-thread-1] DEBUG com.beanit.openiec61850.ServerAssociation - sub BDA is:ied1lDevice1/DSCH1.SchdAbsTm.val(188): 0.0
14:23:34.436 [openiec61850-osi-server-3-thread-1] DEBUG com.beanit.openiec61850.ServerAssociation - sub BDA is:ied1lDevice1/DSCH1.SchdAbsTm.val(189): 0.0
14:23:34.436 [openiec61850-osi-server-3-thread-1] DEBUG com.beanit.openiec61850.ServerAssociation - sub BDA is:ied1lDevice1/DSCH1.SchdAbsTm.val(190): 0.0
14:23:34.436 [openiec61850-osi-server-3-thread-1] DEBUG com.beanit.openiec61850.ServerAssociation - sub BDA is:ied1lDevice1/DSCH1.SchdAbsTm.val(191): 0.0
14:23:34.436 [openiec61850-osi-server-3-thread-1] DEBUG com.beanit.openiec61850.ServerAssociation - sub BDA is:ied1lDevice1/DSCH1.SchdAbsTm.val(192): 0.0
14:23:34.436 [openiec61850-osi-server-3-thread-1] DEBUG com.beanit.openiec61850.ServerAssociation - sub BDA is:ied1lDevice1/DSCH1.SchdAbsTm.val(193): 0.0
14:23:34.436 [openiec61850-osi-server-3-thread-1] DEBUG com.beanit.openiec61850.ServerAssociation - sub BDA is:ied1lDevice1/DSCH1.SchdAbsTm.val(194): 0.0
14:23:34.436 [openiec61850-osi-server-3-thread-1] DEBUG com.beanit.openiec61850.ServerAssociation - sub BDA is:ied1lDevice1/DSCH1.SchdAbsTm.val(195): 0.0
14:23:34.436 [openiec61850-osi-server-3-thread-1] DEBUG com.beanit.openiec61850.ServerAssociation - sub BDA is:ied1lDevice1/DSCH1.SchdAbsTm.val(196): 0.0
14:23:34.436 [openiec61850-osi-server-3-thread-1] DEBUG com.beanit.openiec61850.ServerAssociation - sub BDA is:ied1lDevice1/DSCH1.SchdAbsTm.val(197): 0.0
14:23:34.436 [openiec61850-osi-server-3-thread-1] DEBUG com.beanit.openiec61850.ServerAssociation - sub BDA is:ied1lDevice1/DSCH1.SchdAbsTm.val(198): 0.0
14:23:34.436 [openiec61850-osi-server-3-thread-1] DEBUG com.beanit.openiec61850.ServerAssociation - sub BDA is:ied1lDevice1/DSCH1.SchdAbsTm.val(199): 0.0
14:23:34.436 [openiec61850-osi-server-3-thread-1] DEBUG com.beanit.openiec61850.ServerAssociation - sub BDA is:ied1lDevice1/DSCH1.SchdAbsTm.val(200): 0.0
14:23:34.436 [openiec61850-osi-server-3-thread-1] DEBUG com.beanit.openiec61850.ServerAssociation - sub BDA is:ied1lDevice1/DSCH1.SchdAbsTm.val(201): 0.0
14:23:34.436 [openiec61850-osi-server-3-thread-1] DEBUG com.beanit.openiec61850.ServerAssociation - sub BDA is:ied1lDevice1/DSCH1.SchdAbsTm.val(202): 0.0
14:23:34.436 [openiec61850-osi-server-3-thread-1] DEBUG com.beanit.openiec61850.ServerAssociation - sub BDA is:ied1lDevice1/DSCH1.SchdAbsTm.val(203): 0.0
14:23:34.436 [openiec61850-osi-server-3-thread-1] DEBUG com.beanit.openiec61850.ServerAssociation - sub BDA is:ied1lDevice1/DSCH1.SchdAbsTm.val(204): 0.0
14:23:34.436 [openiec61850-osi-server-3-thread-1] DEBUG com.beanit.openiec61850.ServerAssociation - sub BDA is:ied1lDevice1/DSCH1.SchdAbsTm.val(205): 0.0
14:23:34.436 [openiec61850-osi-server-3-thread-1] DEBUG com.beanit.openiec61850.ServerAssociation - sub BDA is:ied1lDevice1/DSCH1.SchdAbsTm.val(206): 0.0
14:23:34.436 [openiec61850-osi-server-3-thread-1] DEBUG com.beanit.openiec61850.ServerAssociation - sub BDA is:ied1lDevice1/DSCH1.SchdAbsTm.val(207): 0.0
14:23:34.436 [openiec61850-osi-server-3-thread-1] DEBUG com.beanit.openiec61850.ServerAssociation - sub BDA is:ied1lDevice1/DSCH1.SchdAbsTm.val(208): 0.0
14:23:34.436 [openiec61850-osi-server-3-thread-1] DEBUG com.beanit.openiec61850.ServerAssociation - sub BDA is:ied1lDevice1/DSCH1.SchdAbsTm.val(209): 0.0
14:23:34.436 [openiec61850-osi-server-3-thread-1] DEBUG com.beanit.openiec61850.ServerAssociation - sub BDA is:ied1lDevice1/DSCH1.SchdAbsTm.val(210): 0.0
14:23:34.436 [openiec61850-osi-server-3-thread-1] DEBUG com.beanit.openiec61850.ServerAssociation - sub BDA is:ied1lDevice1/DSCH1.SchdAbsTm.val(211): 0.0
14:23:34.436 [openiec61850-osi-server-3-thread-1] DEBUG com.beanit.openiec61850.ServerAssociation - sub BDA is:ied1lDevice1/DSCH1.SchdAbsTm.val(212): 0.0
14:23:34.436 [openiec61850-osi-server-3-thread-1] DEBUG com.beanit.openiec61850.ServerAssociation - sub BDA is:ied1lDevice1/DSCH1.SchdAbsTm.val(213): 0.0
14:23:34.436 [openiec61850-osi-server-3-thread-1] DEBUG com.beanit.openiec61850.ServerAssociation - sub BDA is:ied1lDevice1/DSCH1.SchdAbsTm.val(214): 0.0
14:23:34.436 [openiec61850-osi-server-3-thread-1] DEBUG com.beanit.openiec61850.ServerAssociation - sub BDA is:ied1lDevice1/DSCH1.SchdAbsTm.val(215): 0.0
14:23:34.436 [openiec61850-osi-server-3-thread-1] DEBUG com.beanit.openiec61850.ServerAssociation - sub BDA is:ied1lDevice1/DSCH1.SchdAbsTm.val(216): 0.0
14:23:34.436 [openiec61850-osi-server-3-thread-1] DEBUG com.beanit.openiec61850.ServerAssociation - sub BDA is:ied1lDevice1/DSCH1.SchdAbsTm.val(217): 0.0
14:23:34.436 [openiec61850-osi-server-3-thread-1] DEBUG com.beanit.openiec61850.ServerAssociation - sub BDA is:ied1lDevice1/DSCH1.SchdAbsTm.val(218): 0.0
14:23:34.436 [openiec61850-osi-server-3-thread-1] DEBUG com.beanit.openiec61850.ServerAssociation - sub BDA is:ied1lDevice1/DSCH1.SchdAbsTm.val(219): 0.0
14:23:34.436 [openiec61850-osi-server-3-thread-1] DEBUG com.beanit.openiec61850.ServerAssociation - sub BDA is:ied1lDevice1/DSCH1.SchdAbsTm.val(220): 0.0
14:23:34.436 [openiec61850-osi-server-3-thread-1] DEBUG com.beanit.openiec61850.ServerAssociation - sub BDA is:ied1lDevice1/DSCH1.SchdAbsTm.val(221): 0.0
14:23:34.436 [openiec61850-osi-server-3-thread-1] DEBUG com.beanit.openiec61850.ServerAssociation - sub BDA is:ied1lDevice1/DSCH1.SchdAbsTm.val(222): 0.0
14:23:34.436 [openiec61850-osi-server-3-thread-1] DEBUG com.beanit.openiec61850.ServerAssociation - sub BDA is:ied1lDevice1/DSCH1.SchdAbsTm.val(223): 0.0
14:23:34.436 [openiec61850-osi-server-3-thread-1] DEBUG com.beanit.openiec61850.ServerAssociation - sub BDA is:ied1lDevice1/DSCH1.SchdAbsTm.val(224): 0.0
14:23:34.437 [openiec61850-osi-server-3-thread-1] DEBUG com.beanit.openiec61850.ServerAssociation - sub BDA is:ied1lDevice1/DSCH1.SchdAbsTm.val(225): 0.0
14:23:34.437 [openiec61850-osi-server-3-thread-1] DEBUG com.beanit.openiec61850.ServerAssociation - sub BDA is:ied1lDevice1/DSCH1.SchdAbsTm.val(226): 0.0
14:23:34.437 [openiec61850-osi-server-3-thread-1] DEBUG com.beanit.openiec61850.ServerAssociation - sub BDA is:ied1lDevice1/DSCH1.SchdAbsTm.val(227): 0.0
14:23:34.437 [openiec61850-osi-server-3-thread-1] DEBUG com.beanit.openiec61850.ServerAssociation - sub BDA is:ied1lDevice1/DSCH1.SchdAbsTm.val(228): 0.0
14:23:34.437 [openiec61850-osi-server-3-thread-1] DEBUG com.beanit.openiec61850.ServerAssociation - sub BDA is:ied1lDevice1/DSCH1.SchdAbsTm.val(229): 0.0
14:23:34.437 [openiec61850-osi-server-3-thread-1] DEBUG com.beanit.openiec61850.ServerAssociation - sub BDA is:ied1lDevice1/DSCH1.SchdAbsTm.val(230): 0.0
14:23:34.437 [openiec61850-osi-server-3-thread-1] DEBUG com.beanit.openiec61850.ServerAssociation - sub BDA is:ied1lDevice1/DSCH1.SchdAbsTm.val(231): 0.0
14:23:34.437 [openiec61850-osi-server-3-thread-1] DEBUG com.beanit.openiec61850.ServerAssociation - sub BDA is:ied1lDevice1/DSCH1.SchdAbsTm.val(232): 0.0
14:23:34.437 [openiec61850-osi-server-3-thread-1] DEBUG com.beanit.openiec61850.ServerAssociation - sub BDA is:ied1lDevice1/DSCH1.SchdAbsTm.val(233): 0.0
14:23:34.437 [openiec61850-osi-server-3-thread-1] DEBUG com.beanit.openiec61850.ServerAssociation - sub BDA is:ied1lDevice1/DSCH1.SchdAbsTm.val(234): 0.0
14:23:34.437 [openiec61850-osi-server-3-thread-1] DEBUG com.beanit.openiec61850.ServerAssociation - sub BDA is:ied1lDevice1/DSCH1.SchdAbsTm.val(235): 0.0
14:23:34.437 [openiec61850-osi-server-3-thread-1] DEBUG com.beanit.openiec61850.ServerAssociation - sub BDA is:ied1lDevice1/DSCH1.SchdAbsTm.val(236): 0.0
14:23:34.437 [openiec61850-osi-server-3-thread-1] DEBUG com.beanit.openiec61850.ServerAssociation - sub BDA is:ied1lDevice1/DSCH1.SchdAbsTm.val(237): 0.0
14:23:34.437 [openiec61850-osi-server-3-thread-1] DEBUG com.beanit.openiec61850.ServerAssociation - sub BDA is:ied1lDevice1/DSCH1.SchdAbsTm.val(238): 0.0
14:23:34.437 [openiec61850-osi-server-3-thread-1] DEBUG com.beanit.openiec61850.ServerAssociation - sub BDA is:ied1lDevice1/DSCH1.SchdAbsTm.val(239): 0.0
14:23:34.437 [openiec61850-osi-server-3-thread-1] DEBUG com.beanit.openiec61850.ServerAssociation - sub BDA is:ied1lDevice1/DSCH1.SchdAbsTm.val(240): 0.0
14:23:34.437 [openiec61850-osi-server-3-thread-1] DEBUG com.beanit.openiec61850.ServerAssociation - sub BDA is:ied1lDevice1/DSCH1.SchdAbsTm.val(241): 0.0
14:23:34.437 [openiec61850-osi-server-3-thread-1] DEBUG com.beanit.openiec61850.ServerAssociation - sub BDA is:ied1lDevice1/DSCH1.SchdAbsTm.val(242): 0.0
14:23:34.437 [openiec61850-osi-server-3-thread-1] DEBUG com.beanit.openiec61850.ServerAssociation - sub BDA is:ied1lDevice1/DSCH1.SchdAbsTm.val(243): 0.0
14:23:34.437 [openiec61850-osi-server-3-thread-1] DEBUG com.beanit.openiec61850.ServerAssociation - sub BDA is:ied1lDevice1/DSCH1.SchdAbsTm.val(244): 0.0
14:23:34.437 [openiec61850-osi-server-3-thread-1] DEBUG com.beanit.openiec61850.ServerAssociation - sub BDA is:ied1lDevice1/DSCH1.SchdAbsTm.val(245): 0.0
14:23:34.437 [openiec61850-osi-server-3-thread-1] DEBUG com.beanit.openiec61850.ServerAssociation - sub BDA is:ied1lDevice1/DSCH1.SchdAbsTm.val(246): 0.0
14:23:34.437 [openiec61850-osi-server-3-thread-1] DEBUG com.beanit.openiec61850.ServerAssociation - sub BDA is:ied1lDevice1/DSCH1.SchdAbsTm.val(247): 0.0
14:23:34.437 [openiec61850-osi-server-3-thread-1] DEBUG com.beanit.openiec61850.ServerAssociation - sub BDA is:ied1lDevice1/DSCH1.SchdAbsTm.val(248): 0.0
14:23:34.437 [openiec61850-osi-server-3-thread-1] DEBUG com.beanit.openiec61850.ServerAssociation - sub BDA is:ied1lDevice1/DSCH1.SchdAbsTm.val(249): 0.0
14:23:34.437 [openiec61850-osi-server-3-thread-1] DEBUG com.beanit.openiec61850.ServerAssociation - sub BDA is:ied1lDevice1/DSCH1.SchdAbsTm.val(250): 0.0
14:23:34.437 [openiec61850-osi-server-3-thread-1] DEBUG com.beanit.openiec61850.ServerAssociation - sub BDA is:ied1lDevice1/DSCH1.SchdAbsTm.val(251): 0.0
14:23:34.437 [openiec61850-osi-server-3-thread-1] DEBUG com.beanit.openiec61850.ServerAssociation - sub BDA is:ied1lDevice1/DSCH1.SchdAbsTm.val(252): 0.0
14:23:34.437 [openiec61850-osi-server-3-thread-1] DEBUG com.beanit.openiec61850.ServerAssociation - sub BDA is:ied1lDevice1/DSCH1.SchdAbsTm.val(253): 0.0
14:23:34.437 [openiec61850-osi-server-3-thread-1] DEBUG com.beanit.openiec61850.ServerAssociation - sub BDA is:ied1lDevice1/DSCH1.SchdAbsTm.val(254): 0.0
14:23:34.437 [openiec61850-osi-server-3-thread-1] DEBUG com.beanit.openiec61850.ServerAssociation - sub BDA is:ied1lDevice1/DSCH1.SchdAbsTm.sptestval1: 0
14:23:34.437 [openiec61850-osi-server-3-thread-1] DEBUG com.beanit.openiec61850.ServerAssociation - sub BDA is:ied1lDevice1/DSCH1.SchdAbsTm.sptestval2: 0
calling GetDataValues(ied1lDevice1/DSCH1.SchdAbsTm.val)
14:23:34.439 [openiec61850-osi-server-3-thread-1] DEBUG com.beanit.openiec61850.ServerAssociation - Got a GetDataValues request for node: ied1lDevice1/DSCH1.SchdAbsTm.val [SP]
ied1lDevice1/DSCH1.SchdAbsTm.val(0): 0.0
ied1lDevice1/DSCH1.SchdAbsTm.val(1): 0.0
ied1lDevice1/DSCH1.SchdAbsTm.val(2): 0.0
ied1lDevice1/DSCH1.SchdAbsTm.val(3): 0.0
ied1lDevice1/DSCH1.SchdAbsTm.val(4): 0.0
ied1lDevice1/DSCH1.SchdAbsTm.val(5): 0.0
ied1lDevice1/DSCH1.SchdAbsTm.val(6): 0.0
ied1lDevice1/DSCH1.SchdAbsTm.val(7): 0.0
ied1lDevice1/DSCH1.SchdAbsTm.val(8): 0.0
ied1lDevice1/DSCH1.SchdAbsTm.val(9): 0.0
ied1lDevice1/DSCH1.SchdAbsTm.val(10): 0.0
ied1lDevice1/DSCH1.SchdAbsTm.val(11): 0.0
ied1lDevice1/DSCH1.SchdAbsTm.val(12): 0.0
ied1lDevice1/DSCH1.SchdAbsTm.val(13): 0.0
ied1lDevice1/DSCH1.SchdAbsTm.val(14): 0.0
ied1lDevice1/DSCH1.SchdAbsTm.val(15): 0.0
ied1lDevice1/DSCH1.SchdAbsTm.val(16): 0.0
ied1lDevice1/DSCH1.SchdAbsTm.val(17): 0.0
ied1lDevice1/DSCH1.SchdAbsTm.val(18): 0.0
ied1lDevice1/DSCH1.SchdAbsTm.val(19): 0.0
ied1lDevice1/DSCH1.SchdAbsTm.val(20): 0.0
ied1lDevice1/DSCH1.SchdAbsTm.val(21): 0.0
ied1lDevice1/DSCH1.SchdAbsTm.val(22): 0.0
ied1lDevice1/DSCH1.SchdAbsTm.val(23): 0.0
ied1lDevice1/DSCH1.SchdAbsTm.val(24): 0.0
ied1lDevice1/DSCH1.SchdAbsTm.val(25): 0.0
ied1lDevice1/DSCH1.SchdAbsTm.val(26): 0.0
ied1lDevice1/DSCH1.SchdAbsTm.val(27): 0.0
ied1lDevice1/DSCH1.SchdAbsTm.val(28): 0.0
ied1lDevice1/DSCH1.SchdAbsTm.val(29): 0.0
ied1lDevice1/DSCH1.SchdAbsTm.val(30): 0.0
ied1lDevice1/DSCH1.SchdAbsTm.val(31): 0.0
ied1lDevice1/DSCH1.SchdAbsTm.val(32): 0.0
ied1lDevice1/DSCH1.SchdAbsTm.val(33): 0.0
ied1lDevice1/DSCH1.SchdAbsTm.val(34): 0.0
ied1lDevice1/DSCH1.SchdAbsTm.val(35): 0.0
ied1lDevice1/DSCH1.SchdAbsTm.val(36): 0.0
ied1lDevice1/DSCH1.SchdAbsTm.val(37): 0.0
ied1lDevice1/DSCH1.SchdAbsTm.val(38): 0.0
ied1lDevice1/DSCH1.SchdAbsTm.val(39): 0.0
ied1lDevice1/DSCH1.SchdAbsTm.val(40): 0.0
ied1lDevice1/DSCH1.SchdAbsTm.val(41): 0.0
ied1lDevice1/DSCH1.SchdAbsTm.val(42): 0.0
ied1lDevice1/DSCH1.SchdAbsTm.val(43): 0.0
ied1lDevice1/DSCH1.SchdAbsTm.val(44): 0.0
ied1lDevice1/DSCH1.SchdAbsTm.val(45): 0.0
ied1lDevice1/DSCH1.SchdAbsTm.val(46): 0.0
ied1lDevice1/DSCH1.SchdAbsTm.val(47): 0.0
ied1lDevice1/DSCH1.SchdAbsTm.val(48): 0.0
ied1lDevice1/DSCH1.SchdAbsTm.val(49): 0.0
ied1lDevice1/DSCH1.SchdAbsTm.val(50): 0.0
ied1lDevice1/DSCH1.SchdAbsTm.val(51): 0.0
ied1lDevice1/DSCH1.SchdAbsTm.val(52): 0.0
ied1lDevice1/DSCH1.SchdAbsTm.val(53): 0.0
ied1lDevice1/DSCH1.SchdAbsTm.val(54): 0.0
ied1lDevice1/DSCH1.SchdAbsTm.val(55): 0.0
ied1lDevice1/DSCH1.SchdAbsTm.val(56): 0.0
ied1lDevice1/DSCH1.SchdAbsTm.val(57): 0.0
ied1lDevice1/DSCH1.SchdAbsTm.val(58): 0.0
ied1lDevice1/DSCH1.SchdAbsTm.val(59): 0.0
ied1lDevice1/DSCH1.SchdAbsTm.val(60): 0.0
ied1lDevice1/DSCH1.SchdAbsTm.val(61): 0.0
ied1lDevice1/DSCH1.SchdAbsTm.val(62): 0.0
ied1lDevice1/DSCH1.SchdAbsTm.val(63): 0.0
ied1lDevice1/DSCH1.SchdAbsTm.val(64): 0.0
ied1lDevice1/DSCH1.SchdAbsTm.val(65): 0.0
ied1lDevice1/DSCH1.SchdAbsTm.val(66): 0.0
ied1lDevice1/DSCH1.SchdAbsTm.val(67): 0.0
ied1lDevice1/DSCH1.SchdAbsTm.val(68): 0.0
ied1lDevice1/DSCH1.SchdAbsTm.val(69): 0.0
ied1lDevice1/DSCH1.SchdAbsTm.val(70): 0.0
ied1lDevice1/DSCH1.SchdAbsTm.val(71): 0.0
ied1lDevice1/DSCH1.SchdAbsTm.val(72): 0.0
ied1lDevice1/DSCH1.SchdAbsTm.val(73): 0.0
ied1lDevice1/DSCH1.SchdAbsTm.val(74): 0.0
ied1lDevice1/DSCH1.SchdAbsTm.val(75): 0.0
ied1lDevice1/DSCH1.SchdAbsTm.val(76): 0.0
ied1lDevice1/DSCH1.SchdAbsTm.val(77): 0.0
ied1lDevice1/DSCH1.SchdAbsTm.val(78): 0.0
ied1lDevice1/DSCH1.SchdAbsTm.val(79): 0.0
ied1lDevice1/DSCH1.SchdAbsTm.val(80): 0.0
ied1lDevice1/DSCH1.SchdAbsTm.val(81): 0.0
ied1lDevice1/DSCH1.SchdAbsTm.val(82): 0.0
ied1lDevice1/DSCH1.SchdAbsTm.val(83): 0.0
ied1lDevice1/DSCH1.SchdAbsTm.val(84): 0.0
ied1lDevice1/DSCH1.SchdAbsTm.val(85): 0.0
ied1lDevice1/DSCH1.SchdAbsTm.val(86): 0.0
ied1lDevice1/DSCH1.SchdAbsTm.val(87): 0.0
ied1lDevice1/DSCH1.SchdAbsTm.val(88): 0.0
ied1lDevice1/DSCH1.SchdAbsTm.val(89): 0.0
ied1lDevice1/DSCH1.SchdAbsTm.val(90): 0.0
ied1lDevice1/DSCH1.SchdAbsTm.val(91): 0.0
ied1lDevice1/DSCH1.SchdAbsTm.val(92): 0.0
ied1lDevice1/DSCH1.SchdAbsTm.val(93): 0.0
ied1lDevice1/DSCH1.SchdAbsTm.val(94): 0.0
ied1lDevice1/DSCH1.SchdAbsTm.val(95): 0.0
ied1lDevice1/DSCH1.SchdAbsTm.val(96): 0.0
ied1lDevice1/DSCH1.SchdAbsTm.val(97): 0.0
ied1lDevice1/DSCH1.SchdAbsTm.val(98): 0.0
ied1lDevice1/DSCH1.SchdAbsTm.val(99): 0.0
ied1lDevice1/DSCH1.SchdAbsTm.val(100): 0.0
ied1lDevice1/DSCH1.SchdAbsTm.val(101): 0.0
ied1lDevice1/DSCH1.SchdAbsTm.val(102): 0.0
ied1lDevice1/DSCH1.SchdAbsTm.val(103): 0.0
ied1lDevice1/DSCH1.SchdAbsTm.val(104): 0.0
ied1lDevice1/DSCH1.SchdAbsTm.val(105): 0.0
ied1lDevice1/DSCH1.SchdAbsTm.val(106): 0.0
ied1lDevice1/DSCH1.SchdAbsTm.val(107): 0.0
ied1lDevice1/DSCH1.SchdAbsTm.val(108): 0.0
ied1lDevice1/DSCH1.SchdAbsTm.val(109): 0.0
ied1lDevice1/DSCH1.SchdAbsTm.val(110): 0.0
ied1lDevice1/DSCH1.SchdAbsTm.val(111): 0.0
ied1lDevice1/DSCH1.SchdAbsTm.val(112): 0.0
ied1lDevice1/DSCH1.SchdAbsTm.val(113): 0.0
ied1lDevice1/DSCH1.SchdAbsTm.val(114): 0.0
ied1lDevice1/DSCH1.SchdAbsTm.val(115): 0.0
ied1lDevice1/DSCH1.SchdAbsTm.val(116): 0.0
ied1lDevice1/DSCH1.SchdAbsTm.val(117): 0.0
ied1lDevice1/DSCH1.SchdAbsTm.val(118): 0.0
ied1lDevice1/DSCH1.SchdAbsTm.val(119): 0.0
ied1lDevice1/DSCH1.SchdAbsTm.val(120): 0.0
ied1lDevice1/DSCH1.SchdAbsTm.val(121): 0.0
ied1lDevice1/DSCH1.SchdAbsTm.val(122): 0.0
ied1lDevice1/DSCH1.SchdAbsTm.val(123): 0.0
ied1lDevice1/DSCH1.SchdAbsTm.val(124): 0.0
ied1lDevice1/DSCH1.SchdAbsTm.val(125): 0.0
ied1lDevice1/DSCH1.SchdAbsTm.val(126): 0.0
ied1lDevice1/DSCH1.SchdAbsTm.val(127): 0.0
ied1lDevice1/DSCH1.SchdAbsTm.val(128): 0.0
ied1lDevice1/DSCH1.SchdAbsTm.val(129): 0.0
ied1lDevice1/DSCH1.SchdAbsTm.val(130): 0.0
ied1lDevice1/DSCH1.SchdAbsTm.val(131): 0.0
ied1lDevice1/DSCH1.SchdAbsTm.val(132): 0.0
ied1lDevice1/DSCH1.SchdAbsTm.val(133): 0.0
ied1lDevice1/DSCH1.SchdAbsTm.val(134): 0.0
ied1lDevice1/DSCH1.SchdAbsTm.val(135): 0.0
ied1lDevice1/DSCH1.SchdAbsTm.val(136): 0.0
ied1lDevice1/DSCH1.SchdAbsTm.val(137): 0.0
ied1lDevice1/DSCH1.SchdAbsTm.val(138): 0.0
ied1lDevice1/DSCH1.SchdAbsTm.val(139): 0.0
ied1lDevice1/DSCH1.SchdAbsTm.val(140): 0.0
ied1lDevice1/DSCH1.SchdAbsTm.val(141): 0.0
ied1lDevice1/DSCH1.SchdAbsTm.val(142): 0.0
ied1lDevice1/DSCH1.SchdAbsTm.val(143): 0.0
ied1lDevice1/DSCH1.SchdAbsTm.val(144): 0.0
ied1lDevice1/DSCH1.SchdAbsTm.val(145): 0.0
ied1lDevice1/DSCH1.SchdAbsTm.val(146): 0.0
ied1lDevice1/DSCH1.SchdAbsTm.val(147): 0.0
ied1lDevice1/DSCH1.SchdAbsTm.val(148): 0.0
ied1lDevice1/DSCH1.SchdAbsTm.val(149): 0.0
ied1lDevice1/DSCH1.SchdAbsTm.val(150): 0.0
ied1lDevice1/DSCH1.SchdAbsTm.val(151): 0.0
ied1lDevice1/DSCH1.SchdAbsTm.val(152): 0.0
ied1lDevice1/DSCH1.SchdAbsTm.val(153): 0.0
ied1lDevice1/DSCH1.SchdAbsTm.val(154): 0.0
ied1lDevice1/DSCH1.SchdAbsTm.val(155): 0.0
ied1lDevice1/DSCH1.SchdAbsTm.val(156): 0.0
ied1lDevice1/DSCH1.SchdAbsTm.val(157): 0.0
ied1lDevice1/DSCH1.SchdAbsTm.val(158): 0.0
ied1lDevice1/DSCH1.SchdAbsTm.val(159): 0.0
ied1lDevice1/DSCH1.SchdAbsTm.val(160): 0.0
ied1lDevice1/DSCH1.SchdAbsTm.val(161): 0.0
ied1lDevice1/DSCH1.SchdAbsTm.val(162): 0.0
ied1lDevice1/DSCH1.SchdAbsTm.val(163): 0.0
ied1lDevice1/DSCH1.SchdAbsTm.val(164): 0.0
ied1lDevice1/DSCH1.SchdAbsTm.val(165): 0.0
ied1lDevice1/DSCH1.SchdAbsTm.val(166): 0.0
ied1lDevice1/DSCH1.SchdAbsTm.val(167): 0.0
ied1lDevice1/DSCH1.SchdAbsTm.val(168): 0.0
ied1lDevice1/DSCH1.SchdAbsTm.val(169): 0.0
ied1lDevice1/DSCH1.SchdAbsTm.val(170): 0.0
ied1lDevice1/DSCH1.SchdAbsTm.val(171): 0.0
ied1lDevice1/DSCH1.SchdAbsTm.val(172): 0.0
ied1lDevice1/DSCH1.SchdAbsTm.val(173): 0.0
ied1lDevice1/DSCH1.SchdAbsTm.val(174): 0.0
ied1lDevice1/DSCH1.SchdAbsTm.val(175): 0.0
ied1lDevice1/DSCH1.SchdAbsTm.val(176): 0.0
ied1lDevice1/DSCH1.SchdAbsTm.val(177): 0.0
ied1lDevice1/DSCH1.SchdAbsTm.val(178): 0.0
ied1lDevice1/DSCH1.SchdAbsTm.val(179): 0.0
ied1lDevice1/DSCH1.SchdAbsTm.val(180): 0.0
ied1lDevice1/DSCH1.SchdAbsTm.val(181): 0.0
ied1lDevice1/DSCH1.SchdAbsTm.val(182): 0.0
ied1lDevice1/DSCH1.SchdAbsTm.val(183): 0.0
ied1lDevice1/DSCH1.SchdAbsTm.val(184): 0.0
ied1lDevice1/DSCH1.SchdAbsTm.val(185): 0.0
ied1lDevice1/DSCH1.SchdAbsTm.val(186): 0.0
ied1lDevice1/DSCH1.SchdAbsTm.val(187): 0.0
ied1lDevice1/DSCH1.SchdAbsTm.val(188): 0.0
ied1lDevice1/DSCH1.SchdAbsTm.val(189): 0.0
ied1lDevice1/DSCH1.SchdAbsTm.val(190): 0.0
ied1lDevice1/DSCH1.SchdAbsTm.val(191): 0.0
ied1lDevice1/DSCH1.SchdAbsTm.val(192): 0.0
ied1lDevice1/DSCH1.SchdAbsTm.val(193): 0.0
ied1lDevice1/DSCH1.SchdAbsTm.val(194): 0.0
ied1lDevice1/DSCH1.SchdAbsTm.val(195): 0.0
ied1lDevice1/DSCH1.SchdAbsTm.val(196): 0.0
ied1lDevice1/DSCH1.SchdAbsTm.val(197): 0.0
ied1lDevice1/DSCH1.SchdAbsTm.val(198): 0.0
ied1lDevice1/DSCH1.SchdAbsTm.val(199): 0.0
ied1lDevice1/DSCH1.SchdAbsTm.val(200): 0.0
ied1lDevice1/DSCH1.SchdAbsTm.val(201): 0.0
ied1lDevice1/DSCH1.SchdAbsTm.val(202): 0.0
ied1lDevice1/DSCH1.SchdAbsTm.val(203): 0.0
ied1lDevice1/DSCH1.SchdAbsTm.val(204): 0.0
ied1lDevice1/DSCH1.SchdAbsTm.val(205): 0.0
ied1lDevice1/DSCH1.SchdAbsTm.val(206): 0.0
ied1lDevice1/DSCH1.SchdAbsTm.val(207): 0.0
ied1lDevice1/DSCH1.SchdAbsTm.val(208): 0.0
ied1lDevice1/DSCH1.SchdAbsTm.val(209): 0.0
ied1lDevice1/DSCH1.SchdAbsTm.val(210): 0.0
ied1lDevice1/DSCH1.SchdAbsTm.val(211): 0.0
ied1lDevice1/DSCH1.SchdAbsTm.val(212): 0.0
ied1lDevice1/DSCH1.SchdAbsTm.val(213): 0.0
ied1lDevice1/DSCH1.SchdAbsTm.val(214): 0.0
ied1lDevice1/DSCH1.SchdAbsTm.val(215): 0.0
ied1lDevice1/DSCH1.SchdAbsTm.val(216): 0.0
ied1lDevice1/DSCH1.SchdAbsTm.val(217): 0.0
ied1lDevice1/DSCH1.SchdAbsTm.val(218): 0.0
ied1lDevice1/DSCH1.SchdAbsTm.val(219): 0.0
ied1lDevice1/DSCH1.SchdAbsTm.val(220): 0.0
ied1lDevice1/DSCH1.SchdAbsTm.val(221): 0.0
ied1lDevice1/DSCH1.SchdAbsTm.val(222): 0.0
ied1lDevice1/DSCH1.SchdAbsTm.val(223): 0.0
ied1lDevice1/DSCH1.SchdAbsTm.val(224): 0.0
ied1lDevice1/DSCH1.SchdAbsTm.val(225): 0.0
ied1lDevice1/DSCH1.SchdAbsTm.val(226): 0.0
ied1lDevice1/DSCH1.SchdAbsTm.val(227): 0.0
ied1lDevice1/DSCH1.SchdAbsTm.val(228): 0.0
ied1lDevice1/DSCH1.SchdAbsTm.val(229): 0.0
ied1lDevice1/DSCH1.SchdAbsTm.val(230): 0.0
ied1lDevice1/DSCH1.SchdAbsTm.val(231): 0.0
ied1lDevice1/DSCH1.SchdAbsTm.val(232): 0.0
ied1lDevice1/DSCH1.SchdAbsTm.val(233): 0.0
ied1lDevice1/DSCH1.SchdAbsTm.val(234): 0.0
ied1lDevice1/DSCH1.SchdAbsTm.val(235): 0.0
ied1lDevice1/DSCH1.SchdAbsTm.val(236): 0.0
ied1lDevice1/DSCH1.SchdAbsTm.val(237): 0.0
ied1lDevice1/DSCH1.SchdAbsTm.val(238): 0.0
ied1lDevice1/DSCH1.SchdAbsTm.val(239): 0.0
ied1lDevice1/DSCH1.SchdAbsTm.val(240): 0.0
ied1lDevice1/DSCH1.SchdAbsTm.val(241): 0.0
ied1lDevice1/DSCH1.SchdAbsTm.val(242): 0.0
ied1lDevice1/DSCH1.SchdAbsTm.val(243): 0.0
ied1lDevice1/DSCH1.SchdAbsTm.val(244): 0.0
ied1lDevice1/DSCH1.SchdAbsTm.val(245): 0.0
ied1lDevice1/DSCH1.SchdAbsTm.val(246): 0.0
ied1lDevice1/DSCH1.SchdAbsTm.val(247): 0.0
ied1lDevice1/DSCH1.SchdAbsTm.val(248): 0.0
ied1lDevice1/DSCH1.SchdAbsTm.val(249): 0.0
ied1lDevice1/DSCH1.SchdAbsTm.val(250): 0.0
ied1lDevice1/DSCH1.SchdAbsTm.val(251): 0.0
ied1lDevice1/DSCH1.SchdAbsTm.val(252): 0.0
ied1lDevice1/DSCH1.SchdAbsTm.val(253): 0.0
ied1lDevice1/DSCH1.SchdAbsTm.val(254): 0.0
14:23:34.441 [openiec61850-osi-server-3-thread-1] DEBUG com.beanit.openiec61850.ServerAssociation - sub BDA is:ied1lDevice1/DSCH1.SchdAbsTm.val(0): 0.0
14:23:34.441 [openiec61850-osi-server-3-thread-1] DEBUG com.beanit.openiec61850.ServerAssociation - sub BDA is:ied1lDevice1/DSCH1.SchdAbsTm.val(1): 0.0
14:23:34.441 [openiec61850-osi-server-3-thread-1] DEBUG com.beanit.openiec61850.ServerAssociation - sub BDA is:ied1lDevice1/DSCH1.SchdAbsTm.val(2): 0.0
14:23:34.441 [openiec61850-osi-server-3-thread-1] DEBUG com.beanit.openiec61850.ServerAssociation - sub BDA is:ied1lDevice1/DSCH1.SchdAbsTm.val(3): 0.0
14:23:34.441 [openiec61850-osi-server-3-thread-1] DEBUG com.beanit.openiec61850.ServerAssociation - sub BDA is:ied1lDevice1/DSCH1.SchdAbsTm.val(4): 0.0
14:23:34.441 [openiec61850-osi-server-3-thread-1] DEBUG com.beanit.openiec61850.ServerAssociation - sub BDA is:ied1lDevice1/DSCH1.SchdAbsTm.val(5): 0.0
14:23:34.441 [openiec61850-osi-server-3-thread-1] DEBUG com.beanit.openiec61850.ServerAssociation - sub BDA is:ied1lDevice1/DSCH1.SchdAbsTm.val(6): 0.0
14:23:34.441 [openiec61850-osi-server-3-thread-1] DEBUG com.beanit.openiec61850.ServerAssociation - sub BDA is:ied1lDevice1/DSCH1.SchdAbsTm.val(7): 0.0
14:23:34.441 [openiec61850-osi-server-3-thread-1] DEBUG com.beanit.openiec61850.ServerAssociation - sub BDA is:ied1lDevice1/DSCH1.SchdAbsTm.val(8): 0.0
14:23:34.441 [openiec61850-osi-server-3-thread-1] DEBUG com.beanit.openiec61850.ServerAssociation - sub BDA is:ied1lDevice1/DSCH1.SchdAbsTm.val(9): 0.0
14:23:34.441 [openiec61850-osi-server-3-thread-1] DEBUG com.beanit.openiec61850.ServerAssociation - sub BDA is:ied1lDevice1/DSCH1.SchdAbsTm.val(10): 0.0
14:23:34.441 [openiec61850-osi-server-3-thread-1] DEBUG com.beanit.openiec61850.ServerAssociation - sub BDA is:ied1lDevice1/DSCH1.SchdAbsTm.val(11): 0.0
14:23:34.441 [openiec61850-osi-server-3-thread-1] DEBUG com.beanit.openiec61850.ServerAssociation - sub BDA is:ied1lDevice1/DSCH1.SchdAbsTm.val(12): 0.0
14:23:34.441 [openiec61850-osi-server-3-thread-1] DEBUG com.beanit.openiec61850.ServerAssociation - sub BDA is:ied1lDevice1/DSCH1.SchdAbsTm.val(13): 0.0
14:23:34.441 [openiec61850-osi-server-3-thread-1] DEBUG com.beanit.openiec61850.ServerAssociation - sub BDA is:ied1lDevice1/DSCH1.SchdAbsTm.val(14): 0.0
14:23:34.441 [openiec61850-osi-server-3-thread-1] DEBUG com.beanit.openiec61850.ServerAssociation - sub BDA is:ied1lDevice1/DSCH1.SchdAbsTm.val(15): 0.0
14:23:34.441 [openiec61850-osi-server-3-thread-1] DEBUG com.beanit.openiec61850.ServerAssociation - sub BDA is:ied1lDevice1/DSCH1.SchdAbsTm.val(16): 0.0
14:23:34.441 [openiec61850-osi-server-3-thread-1] DEBUG com.beanit.openiec61850.ServerAssociation - sub BDA is:ied1lDevice1/DSCH1.SchdAbsTm.val(17): 0.0
14:23:34.441 [openiec61850-osi-server-3-thread-1] DEBUG com.beanit.openiec61850.ServerAssociation - sub BDA is:ied1lDevice1/DSCH1.SchdAbsTm.val(18): 0.0
14:23:34.441 [openiec61850-osi-server-3-thread-1] DEBUG com.beanit.openiec61850.ServerAssociation - sub BDA is:ied1lDevice1/DSCH1.SchdAbsTm.val(19): 0.0
14:23:34.441 [openiec61850-osi-server-3-thread-1] DEBUG com.beanit.openiec61850.ServerAssociation - sub BDA is:ied1lDevice1/DSCH1.SchdAbsTm.val(20): 0.0
14:23:34.441 [openiec61850-osi-server-3-thread-1] DEBUG com.beanit.openiec61850.ServerAssociation - sub BDA is:ied1lDevice1/DSCH1.SchdAbsTm.val(21): 0.0
14:23:34.441 [openiec61850-osi-server-3-thread-1] DEBUG com.beanit.openiec61850.ServerAssociation - sub BDA is:ied1lDevice1/DSCH1.SchdAbsTm.val(22): 0.0
14:23:34.441 [openiec61850-osi-server-3-thread-1] DEBUG com.beanit.openiec61850.ServerAssociation - sub BDA is:ied1lDevice1/DSCH1.SchdAbsTm.val(23): 0.0
14:23:34.441 [openiec61850-osi-server-3-thread-1] DEBUG com.beanit.openiec61850.ServerAssociation - sub BDA is:ied1lDevice1/DSCH1.SchdAbsTm.val(24): 0.0
14:23:34.441 [openiec61850-osi-server-3-thread-1] DEBUG com.beanit.openiec61850.ServerAssociation - sub BDA is:ied1lDevice1/DSCH1.SchdAbsTm.val(25): 0.0
14:23:34.441 [openiec61850-osi-server-3-thread-1] DEBUG com.beanit.openiec61850.ServerAssociation - sub BDA is:ied1lDevice1/DSCH1.SchdAbsTm.val(26): 0.0
14:23:34.441 [openiec61850-osi-server-3-thread-1] DEBUG com.beanit.openiec61850.ServerAssociation - sub BDA is:ied1lDevice1/DSCH1.SchdAbsTm.val(27): 0.0
14:23:34.441 [openiec61850-osi-server-3-thread-1] DEBUG com.beanit.openiec61850.ServerAssociation - sub BDA is:ied1lDevice1/DSCH1.SchdAbsTm.val(28): 0.0
14:23:34.441 [openiec61850-osi-server-3-thread-1] DEBUG com.beanit.openiec61850.ServerAssociation - sub BDA is:ied1lDevice1/DSCH1.SchdAbsTm.val(29): 0.0
14:23:34.441 [openiec61850-osi-server-3-thread-1] DEBUG com.beanit.openiec61850.ServerAssociation - sub BDA is:ied1lDevice1/DSCH1.SchdAbsTm.val(30): 0.0
14:23:34.441 [openiec61850-osi-server-3-thread-1] DEBUG com.beanit.openiec61850.ServerAssociation - sub BDA is:ied1lDevice1/DSCH1.SchdAbsTm.val(31): 0.0
14:23:34.441 [openiec61850-osi-server-3-thread-1] DEBUG com.beanit.openiec61850.ServerAssociation - sub BDA is:ied1lDevice1/DSCH1.SchdAbsTm.val(32): 0.0
14:23:34.441 [openiec61850-osi-server-3-thread-1] DEBUG com.beanit.openiec61850.ServerAssociation - sub BDA is:ied1lDevice1/DSCH1.SchdAbsTm.val(33): 0.0
14:23:34.441 [openiec61850-osi-server-3-thread-1] DEBUG com.beanit.openiec61850.ServerAssociation - sub BDA is:ied1lDevice1/DSCH1.SchdAbsTm.val(34): 0.0
14:23:34.441 [openiec61850-osi-server-3-thread-1] DEBUG com.beanit.openiec61850.ServerAssociation - sub BDA is:ied1lDevice1/DSCH1.SchdAbsTm.val(35): 0.0
14:23:34.441 [openiec61850-osi-server-3-thread-1] DEBUG com.beanit.openiec61850.ServerAssociation - sub BDA is:ied1lDevice1/DSCH1.SchdAbsTm.val(36): 0.0
14:23:34.441 [openiec61850-osi-server-3-thread-1] DEBUG com.beanit.openiec61850.ServerAssociation - sub BDA is:ied1lDevice1/DSCH1.SchdAbsTm.val(37): 0.0
14:23:34.441 [openiec61850-osi-server-3-thread-1] DEBUG com.beanit.openiec61850.ServerAssociation - sub BDA is:ied1lDevice1/DSCH1.SchdAbsTm.val(38): 0.0
14:23:34.441 [openiec61850-osi-server-3-thread-1] DEBUG com.beanit.openiec61850.ServerAssociation - sub BDA is:ied1lDevice1/DSCH1.SchdAbsTm.val(39): 0.0
14:23:34.441 [openiec61850-osi-server-3-thread-1] DEBUG com.beanit.openiec61850.ServerAssociation - sub BDA is:ied1lDevice1/DSCH1.SchdAbsTm.val(40): 0.0
14:23:34.441 [openiec61850-osi-server-3-thread-1] DEBUG com.beanit.openiec61850.ServerAssociation - sub BDA is:ied1lDevice1/DSCH1.SchdAbsTm.val(41): 0.0
14:23:34.441 [openiec61850-osi-server-3-thread-1] DEBUG com.beanit.openiec61850.ServerAssociation - sub BDA is:ied1lDevice1/DSCH1.SchdAbsTm.val(42): 0.0
14:23:34.441 [openiec61850-osi-server-3-thread-1] DEBUG com.beanit.openiec61850.ServerAssociation - sub BDA is:ied1lDevice1/DSCH1.SchdAbsTm.val(43): 0.0
14:23:34.441 [openiec61850-osi-server-3-thread-1] DEBUG com.beanit.openiec61850.ServerAssociation - sub BDA is:ied1lDevice1/DSCH1.SchdAbsTm.val(44): 0.0
14:23:34.441 [openiec61850-osi-server-3-thread-1] DEBUG com.beanit.openiec61850.ServerAssociation - sub BDA is:ied1lDevice1/DSCH1.SchdAbsTm.val(45): 0.0
14:23:34.441 [openiec61850-osi-server-3-thread-1] DEBUG com.beanit.openiec61850.ServerAssociation - sub BDA is:ied1lDevice1/DSCH1.SchdAbsTm.val(46): 0.0
14:23:34.441 [openiec61850-osi-server-3-thread-1] DEBUG com.beanit.openiec61850.ServerAssociation - sub BDA is:ied1lDevice1/DSCH1.SchdAbsTm.val(47): 0.0
14:23:34.441 [openiec61850-osi-server-3-thread-1] DEBUG com.beanit.openiec61850.ServerAssociation - sub BDA is:ied1lDevice1/DSCH1.SchdAbsTm.val(48): 0.0
14:23:34.441 [openiec61850-osi-server-3-thread-1] DEBUG com.beanit.openiec61850.ServerAssociation - sub BDA is:ied1lDevice1/DSCH1.SchdAbsTm.val(49): 0.0
14:23:34.441 [openiec61850-osi-server-3-thread-1] DEBUG com.beanit.openiec61850.ServerAssociation - sub BDA is:ied1lDevice1/DSCH1.SchdAbsTm.val(50): 0.0
14:23:34.441 [openiec61850-osi-server-3-thread-1] DEBUG com.beanit.openiec61850.ServerAssociation - sub BDA is:ied1lDevice1/DSCH1.SchdAbsTm.val(51): 0.0
14:23:34.442 [openiec61850-osi-server-3-thread-1] DEBUG com.beanit.openiec61850.ServerAssociation - sub BDA is:ied1lDevice1/DSCH1.SchdAbsTm.val(52): 0.0
14:23:34.442 [openiec61850-osi-server-3-thread-1] DEBUG com.beanit.openiec61850.ServerAssociation - sub BDA is:ied1lDevice1/DSCH1.SchdAbsTm.val(53): 0.0
14:23:34.442 [openiec61850-osi-server-3-thread-1] DEBUG com.beanit.openiec61850.ServerAssociation - sub BDA is:ied1lDevice1/DSCH1.SchdAbsTm.val(54): 0.0
14:23:34.442 [openiec61850-osi-server-3-thread-1] DEBUG com.beanit.openiec61850.ServerAssociation - sub BDA is:ied1lDevice1/DSCH1.SchdAbsTm.val(55): 0.0
14:23:34.442 [openiec61850-osi-server-3-thread-1] DEBUG com.beanit.openiec61850.ServerAssociation - sub BDA is:ied1lDevice1/DSCH1.SchdAbsTm.val(56): 0.0
14:23:34.442 [openiec61850-osi-server-3-thread-1] DEBUG com.beanit.openiec61850.ServerAssociation - sub BDA is:ied1lDevice1/DSCH1.SchdAbsTm.val(57): 0.0
14:23:34.442 [openiec61850-osi-server-3-thread-1] DEBUG com.beanit.openiec61850.ServerAssociation - sub BDA is:ied1lDevice1/DSCH1.SchdAbsTm.val(58): 0.0
14:23:34.442 [openiec61850-osi-server-3-thread-1] DEBUG com.beanit.openiec61850.ServerAssociation - sub BDA is:ied1lDevice1/DSCH1.SchdAbsTm.val(59): 0.0
14:23:34.442 [openiec61850-osi-server-3-thread-1] DEBUG com.beanit.openiec61850.ServerAssociation - sub BDA is:ied1lDevice1/DSCH1.SchdAbsTm.val(60): 0.0
14:23:34.442 [openiec61850-osi-server-3-thread-1] DEBUG com.beanit.openiec61850.ServerAssociation - sub BDA is:ied1lDevice1/DSCH1.SchdAbsTm.val(61): 0.0
14:23:34.442 [openiec61850-osi-server-3-thread-1] DEBUG com.beanit.openiec61850.ServerAssociation - sub BDA is:ied1lDevice1/DSCH1.SchdAbsTm.val(62): 0.0
14:23:34.442 [openiec61850-osi-server-3-thread-1] DEBUG com.beanit.openiec61850.ServerAssociation - sub BDA is:ied1lDevice1/DSCH1.SchdAbsTm.val(63): 0.0
14:23:34.442 [openiec61850-osi-server-3-thread-1] DEBUG com.beanit.openiec61850.ServerAssociation - sub BDA is:ied1lDevice1/DSCH1.SchdAbsTm.val(64): 0.0
14:23:34.442 [openiec61850-osi-server-3-thread-1] DEBUG com.beanit.openiec61850.ServerAssociation - sub BDA is:ied1lDevice1/DSCH1.SchdAbsTm.val(65): 0.0
14:23:34.442 [openiec61850-osi-server-3-thread-1] DEBUG com.beanit.openiec61850.ServerAssociation - sub BDA is:ied1lDevice1/DSCH1.SchdAbsTm.val(66): 0.0
14:23:34.442 [openiec61850-osi-server-3-thread-1] DEBUG com.beanit.openiec61850.ServerAssociation - sub BDA is:ied1lDevice1/DSCH1.SchdAbsTm.val(67): 0.0
14:23:34.442 [openiec61850-osi-server-3-thread-1] DEBUG com.beanit.openiec61850.ServerAssociation - sub BDA is:ied1lDevice1/DSCH1.SchdAbsTm.val(68): 0.0
14:23:34.442 [openiec61850-osi-server-3-thread-1] DEBUG com.beanit.openiec61850.ServerAssociation - sub BDA is:ied1lDevice1/DSCH1.SchdAbsTm.val(69): 0.0
14:23:34.442 [openiec61850-osi-server-3-thread-1] DEBUG com.beanit.openiec61850.ServerAssociation - sub BDA is:ied1lDevice1/DSCH1.SchdAbsTm.val(70): 0.0
14:23:34.442 [openiec61850-osi-server-3-thread-1] DEBUG com.beanit.openiec61850.ServerAssociation - sub BDA is:ied1lDevice1/DSCH1.SchdAbsTm.val(71): 0.0
14:23:34.442 [openiec61850-osi-server-3-thread-1] DEBUG com.beanit.openiec61850.ServerAssociation - sub BDA is:ied1lDevice1/DSCH1.SchdAbsTm.val(72): 0.0
14:23:34.442 [openiec61850-osi-server-3-thread-1] DEBUG com.beanit.openiec61850.ServerAssociation - sub BDA is:ied1lDevice1/DSCH1.SchdAbsTm.val(73): 0.0
14:23:34.442 [openiec61850-osi-server-3-thread-1] DEBUG com.beanit.openiec61850.ServerAssociation - sub BDA is:ied1lDevice1/DSCH1.SchdAbsTm.val(74): 0.0
14:23:34.442 [openiec61850-osi-server-3-thread-1] DEBUG com.beanit.openiec61850.ServerAssociation - sub BDA is:ied1lDevice1/DSCH1.SchdAbsTm.val(75): 0.0
14:23:34.442 [openiec61850-osi-server-3-thread-1] DEBUG com.beanit.openiec61850.ServerAssociation - sub BDA is:ied1lDevice1/DSCH1.SchdAbsTm.val(76): 0.0
14:23:34.442 [openiec61850-osi-server-3-thread-1] DEBUG com.beanit.openiec61850.ServerAssociation - sub BDA is:ied1lDevice1/DSCH1.SchdAbsTm.val(77): 0.0
14:23:34.442 [openiec61850-osi-server-3-thread-1] DEBUG com.beanit.openiec61850.ServerAssociation - sub BDA is:ied1lDevice1/DSCH1.SchdAbsTm.val(78): 0.0
14:23:34.442 [openiec61850-osi-server-3-thread-1] DEBUG com.beanit.openiec61850.ServerAssociation - sub BDA is:ied1lDevice1/DSCH1.SchdAbsTm.val(79): 0.0
14:23:34.442 [openiec61850-osi-server-3-thread-1] DEBUG com.beanit.openiec61850.ServerAssociation - sub BDA is:ied1lDevice1/DSCH1.SchdAbsTm.val(80): 0.0
14:23:34.442 [openiec61850-osi-server-3-thread-1] DEBUG com.beanit.openiec61850.ServerAssociation - sub BDA is:ied1lDevice1/DSCH1.SchdAbsTm.val(81): 0.0
14:23:34.442 [openiec61850-osi-server-3-thread-1] DEBUG com.beanit.openiec61850.ServerAssociation - sub BDA is:ied1lDevice1/DSCH1.SchdAbsTm.val(82): 0.0
14:23:34.442 [openiec61850-osi-server-3-thread-1] DEBUG com.beanit.openiec61850.ServerAssociation - sub BDA is:ied1lDevice1/DSCH1.SchdAbsTm.val(83): 0.0
14:23:34.442 [openiec61850-osi-server-3-thread-1] DEBUG com.beanit.openiec61850.ServerAssociation - sub BDA is:ied1lDevice1/DSCH1.SchdAbsTm.val(84): 0.0
14:23:34.442 [openiec61850-osi-server-3-thread-1] DEBUG com.beanit.openiec61850.ServerAssociation - sub BDA is:ied1lDevice1/DSCH1.SchdAbsTm.val(85): 0.0
14:23:34.442 [openiec61850-osi-server-3-thread-1] DEBUG com.beanit.openiec61850.ServerAssociation - sub BDA is:ied1lDevice1/DSCH1.SchdAbsTm.val(86): 0.0
14:23:34.442 [openiec61850-osi-server-3-thread-1] DEBUG com.beanit.openiec61850.ServerAssociation - sub BDA is:ied1lDevice1/DSCH1.SchdAbsTm.val(87): 0.0
14:23:34.442 [openiec61850-osi-server-3-thread-1] DEBUG com.beanit.openiec61850.ServerAssociation - sub BDA is:ied1lDevice1/DSCH1.SchdAbsTm.val(88): 0.0
14:23:34.442 [openiec61850-osi-server-3-thread-1] DEBUG com.beanit.openiec61850.ServerAssociation - sub BDA is:ied1lDevice1/DSCH1.SchdAbsTm.val(89): 0.0
14:23:34.442 [openiec61850-osi-server-3-thread-1] DEBUG com.beanit.openiec61850.ServerAssociation - sub BDA is:ied1lDevice1/DSCH1.SchdAbsTm.val(90): 0.0
14:23:34.442 [openiec61850-osi-server-3-thread-1] DEBUG com.beanit.openiec61850.ServerAssociation - sub BDA is:ied1lDevice1/DSCH1.SchdAbsTm.val(91): 0.0
14:23:34.442 [openiec61850-osi-server-3-thread-1] DEBUG com.beanit.openiec61850.ServerAssociation - sub BDA is:ied1lDevice1/DSCH1.SchdAbsTm.val(92): 0.0
14:23:34.442 [openiec61850-osi-server-3-thread-1] DEBUG com.beanit.openiec61850.ServerAssociation - sub BDA is:ied1lDevice1/DSCH1.SchdAbsTm.val(93): 0.0
14:23:34.442 [openiec61850-osi-server-3-thread-1] DEBUG com.beanit.openiec61850.ServerAssociation - sub BDA is:ied1lDevice1/DSCH1.SchdAbsTm.val(94): 0.0
14:23:34.442 [openiec61850-osi-server-3-thread-1] DEBUG com.beanit.openiec61850.ServerAssociation - sub BDA is:ied1lDevice1/DSCH1.SchdAbsTm.val(95): 0.0
14:23:34.442 [openiec61850-osi-server-3-thread-1] DEBUG com.beanit.openiec61850.ServerAssociation - sub BDA is:ied1lDevice1/DSCH1.SchdAbsTm.val(96): 0.0
14:23:34.442 [openiec61850-osi-server-3-thread-1] DEBUG com.beanit.openiec61850.ServerAssociation - sub BDA is:ied1lDevice1/DSCH1.SchdAbsTm.val(97): 0.0
14:23:34.442 [openiec61850-osi-server-3-thread-1] DEBUG com.beanit.openiec61850.ServerAssociation - sub BDA is:ied1lDevice1/DSCH1.SchdAbsTm.val(98): 0.0
14:23:34.442 [openiec61850-osi-server-3-thread-1] DEBUG com.beanit.openiec61850.ServerAssociation - sub BDA is:ied1lDevice1/DSCH1.SchdAbsTm.val(99): 0.0
14:23:34.442 [openiec61850-osi-server-3-thread-1] DEBUG com.beanit.openiec61850.ServerAssociation - sub BDA is:ied1lDevice1/DSCH1.SchdAbsTm.val(100): 0.0
14:23:34.442 [openiec61850-osi-server-3-thread-1] DEBUG com.beanit.openiec61850.ServerAssociation - sub BDA is:ied1lDevice1/DSCH1.SchdAbsTm.val(101): 0.0
14:23:34.442 [openiec61850-osi-server-3-thread-1] DEBUG com.beanit.openiec61850.ServerAssociation - sub BDA is:ied1lDevice1/DSCH1.SchdAbsTm.val(102): 0.0
14:23:34.442 [openiec61850-osi-server-3-thread-1] DEBUG com.beanit.openiec61850.ServerAssociation - sub BDA is:ied1lDevice1/DSCH1.SchdAbsTm.val(103): 0.0
14:23:34.442 [openiec61850-osi-server-3-thread-1] DEBUG com.beanit.openiec61850.ServerAssociation - sub BDA is:ied1lDevice1/DSCH1.SchdAbsTm.val(104): 0.0
14:23:34.442 [openiec61850-osi-server-3-thread-1] DEBUG com.beanit.openiec61850.ServerAssociation - sub BDA is:ied1lDevice1/DSCH1.SchdAbsTm.val(105): 0.0
14:23:34.442 [openiec61850-osi-server-3-thread-1] DEBUG com.beanit.openiec61850.ServerAssociation - sub BDA is:ied1lDevice1/DSCH1.SchdAbsTm.val(106): 0.0
14:23:34.442 [openiec61850-osi-server-3-thread-1] DEBUG com.beanit.openiec61850.ServerAssociation - sub BDA is:ied1lDevice1/DSCH1.SchdAbsTm.val(107): 0.0
14:23:34.442 [openiec61850-osi-server-3-thread-1] DEBUG com.beanit.openiec61850.ServerAssociation - sub BDA is:ied1lDevice1/DSCH1.SchdAbsTm.val(108): 0.0
14:23:34.442 [openiec61850-osi-server-3-thread-1] DEBUG com.beanit.openiec61850.ServerAssociation - sub BDA is:ied1lDevice1/DSCH1.SchdAbsTm.val(109): 0.0
14:23:34.442 [openiec61850-osi-server-3-thread-1] DEBUG com.beanit.openiec61850.ServerAssociation - sub BDA is:ied1lDevice1/DSCH1.SchdAbsTm.val(110): 0.0
14:23:34.442 [openiec61850-osi-server-3-thread-1] DEBUG com.beanit.openiec61850.ServerAssociation - sub BDA is:ied1lDevice1/DSCH1.SchdAbsTm.val(111): 0.0
14:23:34.442 [openiec61850-osi-server-3-thread-1] DEBUG com.beanit.openiec61850.ServerAssociation - sub BDA is:ied1lDevice1/DSCH1.SchdAbsTm.val(112): 0.0
14:23:34.442 [openiec61850-osi-server-3-thread-1] DEBUG com.beanit.openiec61850.ServerAssociation - sub BDA is:ied1lDevice1/DSCH1.SchdAbsTm.val(113): 0.0
14:23:34.442 [openiec61850-osi-server-3-thread-1] DEBUG com.beanit.openiec61850.ServerAssociation - sub BDA is:ied1lDevice1/DSCH1.SchdAbsTm.val(114): 0.0
14:23:34.442 [openiec61850-osi-server-3-thread-1] DEBUG com.beanit.openiec61850.ServerAssociation - sub BDA is:ied1lDevice1/DSCH1.SchdAbsTm.val(115): 0.0
14:23:34.442 [openiec61850-osi-server-3-thread-1] DEBUG com.beanit.openiec61850.ServerAssociation - sub BDA is:ied1lDevice1/DSCH1.SchdAbsTm.val(116): 0.0
14:23:34.442 [openiec61850-osi-server-3-thread-1] DEBUG com.beanit.openiec61850.ServerAssociation - sub BDA is:ied1lDevice1/DSCH1.SchdAbsTm.val(117): 0.0
14:23:34.442 [openiec61850-osi-server-3-thread-1] DEBUG com.beanit.openiec61850.ServerAssociation - sub BDA is:ied1lDevice1/DSCH1.SchdAbsTm.val(118): 0.0
14:23:34.442 [openiec61850-osi-server-3-thread-1] DEBUG com.beanit.openiec61850.ServerAssociation - sub BDA is:ied1lDevice1/DSCH1.SchdAbsTm.val(119): 0.0
14:23:34.442 [openiec61850-osi-server-3-thread-1] DEBUG com.beanit.openiec61850.ServerAssociation - sub BDA is:ied1lDevice1/DSCH1.SchdAbsTm.val(120): 0.0
14:23:34.442 [openiec61850-osi-server-3-thread-1] DEBUG com.beanit.openiec61850.ServerAssociation - sub BDA is:ied1lDevice1/DSCH1.SchdAbsTm.val(121): 0.0
14:23:34.442 [openiec61850-osi-server-3-thread-1] DEBUG com.beanit.openiec61850.ServerAssociation - sub BDA is:ied1lDevice1/DSCH1.SchdAbsTm.val(122): 0.0
14:23:34.442 [openiec61850-osi-server-3-thread-1] DEBUG com.beanit.openiec61850.ServerAssociation - sub BDA is:ied1lDevice1/DSCH1.SchdAbsTm.val(123): 0.0
14:23:34.442 [openiec61850-osi-server-3-thread-1] DEBUG com.beanit.openiec61850.ServerAssociation - sub BDA is:ied1lDevice1/DSCH1.SchdAbsTm.val(124): 0.0
14:23:34.442 [openiec61850-osi-server-3-thread-1] DEBUG com.beanit.openiec61850.ServerAssociation - sub BDA is:ied1lDevice1/DSCH1.SchdAbsTm.val(125): 0.0
14:23:34.442 [openiec61850-osi-server-3-thread-1] DEBUG com.beanit.openiec61850.ServerAssociation - sub BDA is:ied1lDevice1/DSCH1.SchdAbsTm.val(126): 0.0
14:23:34.442 [openiec61850-osi-server-3-thread-1] DEBUG com.beanit.openiec61850.ServerAssociation - sub BDA is:ied1lDevice1/DSCH1.SchdAbsTm.val(127): 0.0
14:23:34.442 [openiec61850-osi-server-3-thread-1] DEBUG com.beanit.openiec61850.ServerAssociation - sub BDA is:ied1lDevice1/DSCH1.SchdAbsTm.val(128): 0.0
14:23:34.442 [openiec61850-osi-server-3-thread-1] DEBUG com.beanit.openiec61850.ServerAssociation - sub BDA is:ied1lDevice1/DSCH1.SchdAbsTm.val(129): 0.0
14:23:34.442 [openiec61850-osi-server-3-thread-1] DEBUG com.beanit.openiec61850.ServerAssociation - sub BDA is:ied1lDevice1/DSCH1.SchdAbsTm.val(130): 0.0
14:23:34.442 [openiec61850-osi-server-3-thread-1] DEBUG com.beanit.openiec61850.ServerAssociation - sub BDA is:ied1lDevice1/DSCH1.SchdAbsTm.val(131): 0.0
14:23:34.442 [openiec61850-osi-server-3-thread-1] DEBUG com.beanit.openiec61850.ServerAssociation - sub BDA is:ied1lDevice1/DSCH1.SchdAbsTm.val(132): 0.0
14:23:34.442 [openiec61850-osi-server-3-thread-1] DEBUG com.beanit.openiec61850.ServerAssociation - sub BDA is:ied1lDevice1/DSCH1.SchdAbsTm.val(133): 0.0
14:23:34.442 [openiec61850-osi-server-3-thread-1] DEBUG com.beanit.openiec61850.ServerAssociation - sub BDA is:ied1lDevice1/DSCH1.SchdAbsTm.val(134): 0.0
14:23:34.442 [openiec61850-osi-server-3-thread-1] DEBUG com.beanit.openiec61850.ServerAssociation - sub BDA is:ied1lDevice1/DSCH1.SchdAbsTm.val(135): 0.0
14:23:34.443 [openiec61850-osi-server-3-thread-1] DEBUG com.beanit.openiec61850.ServerAssociation - sub BDA is:ied1lDevice1/DSCH1.SchdAbsTm.val(136): 0.0
14:23:34.443 [openiec61850-osi-server-3-thread-1] DEBUG com.beanit.openiec61850.ServerAssociation - sub BDA is:ied1lDevice1/DSCH1.SchdAbsTm.val(137): 0.0
14:23:34.443 [openiec61850-osi-server-3-thread-1] DEBUG com.beanit.openiec61850.ServerAssociation - sub BDA is:ied1lDevice1/DSCH1.SchdAbsTm.val(138): 0.0
14:23:34.443 [openiec61850-osi-server-3-thread-1] DEBUG com.beanit.openiec61850.ServerAssociation - sub BDA is:ied1lDevice1/DSCH1.SchdAbsTm.val(139): 0.0
14:23:34.443 [openiec61850-osi-server-3-thread-1] DEBUG com.beanit.openiec61850.ServerAssociation - sub BDA is:ied1lDevice1/DSCH1.SchdAbsTm.val(140): 0.0
14:23:34.443 [openiec61850-osi-server-3-thread-1] DEBUG com.beanit.openiec61850.ServerAssociation - sub BDA is:ied1lDevice1/DSCH1.SchdAbsTm.val(141): 0.0
14:23:34.443 [openiec61850-osi-server-3-thread-1] DEBUG com.beanit.openiec61850.ServerAssociation - sub BDA is:ied1lDevice1/DSCH1.SchdAbsTm.val(142): 0.0
14:23:34.443 [openiec61850-osi-server-3-thread-1] DEBUG com.beanit.openiec61850.ServerAssociation - sub BDA is:ied1lDevice1/DSCH1.SchdAbsTm.val(143): 0.0
14:23:34.443 [openiec61850-osi-server-3-thread-1] DEBUG com.beanit.openiec61850.ServerAssociation - sub BDA is:ied1lDevice1/DSCH1.SchdAbsTm.val(144): 0.0
14:23:34.443 [openiec61850-osi-server-3-thread-1] DEBUG com.beanit.openiec61850.ServerAssociation - sub BDA is:ied1lDevice1/DSCH1.SchdAbsTm.val(145): 0.0
14:23:34.443 [openiec61850-osi-server-3-thread-1] DEBUG com.beanit.openiec61850.ServerAssociation - sub BDA is:ied1lDevice1/DSCH1.SchdAbsTm.val(146): 0.0
14:23:34.443 [openiec61850-osi-server-3-thread-1] DEBUG com.beanit.openiec61850.ServerAssociation - sub BDA is:ied1lDevice1/DSCH1.SchdAbsTm.val(147): 0.0
14:23:34.443 [openiec61850-osi-server-3-thread-1] DEBUG com.beanit.openiec61850.ServerAssociation - sub BDA is:ied1lDevice1/DSCH1.SchdAbsTm.val(148): 0.0
14:23:34.443 [openiec61850-osi-server-3-thread-1] DEBUG com.beanit.openiec61850.ServerAssociation - sub BDA is:ied1lDevice1/DSCH1.SchdAbsTm.val(149): 0.0
14:23:34.443 [openiec61850-osi-server-3-thread-1] DEBUG com.beanit.openiec61850.ServerAssociation - sub BDA is:ied1lDevice1/DSCH1.SchdAbsTm.val(150): 0.0
14:23:34.443 [openiec61850-osi-server-3-thread-1] DEBUG com.beanit.openiec61850.ServerAssociation - sub BDA is:ied1lDevice1/DSCH1.SchdAbsTm.val(151): 0.0
14:23:34.443 [openiec61850-osi-server-3-thread-1] DEBUG com.beanit.openiec61850.ServerAssociation - sub BDA is:ied1lDevice1/DSCH1.SchdAbsTm.val(152): 0.0
14:23:34.443 [openiec61850-osi-server-3-thread-1] DEBUG com.beanit.openiec61850.ServerAssociation - sub BDA is:ied1lDevice1/DSCH1.SchdAbsTm.val(153): 0.0
14:23:34.443 [openiec61850-osi-server-3-thread-1] DEBUG com.beanit.openiec61850.ServerAssociation - sub BDA is:ied1lDevice1/DSCH1.SchdAbsTm.val(154): 0.0
14:23:34.443 [openiec61850-osi-server-3-thread-1] DEBUG com.beanit.openiec61850.ServerAssociation - sub BDA is:ied1lDevice1/DSCH1.SchdAbsTm.val(155): 0.0
14:23:34.443 [openiec61850-osi-server-3-thread-1] DEBUG com.beanit.openiec61850.ServerAssociation - sub BDA is:ied1lDevice1/DSCH1.SchdAbsTm.val(156): 0.0
14:23:34.443 [openiec61850-osi-server-3-thread-1] DEBUG com.beanit.openiec61850.ServerAssociation - sub BDA is:ied1lDevice1/DSCH1.SchdAbsTm.val(157): 0.0
14:23:34.443 [openiec61850-osi-server-3-thread-1] DEBUG com.beanit.openiec61850.ServerAssociation - sub BDA is:ied1lDevice1/DSCH1.SchdAbsTm.val(158): 0.0
14:23:34.443 [openiec61850-osi-server-3-thread-1] DEBUG com.beanit.openiec61850.ServerAssociation - sub BDA is:ied1lDevice1/DSCH1.SchdAbsTm.val(159): 0.0
14:23:34.443 [openiec61850-osi-server-3-thread-1] DEBUG com.beanit.openiec61850.ServerAssociation - sub BDA is:ied1lDevice1/DSCH1.SchdAbsTm.val(160): 0.0
14:23:34.443 [openiec61850-osi-server-3-thread-1] DEBUG com.beanit.openiec61850.ServerAssociation - sub BDA is:ied1lDevice1/DSCH1.SchdAbsTm.val(161): 0.0
14:23:34.443 [openiec61850-osi-server-3-thread-1] DEBUG com.beanit.openiec61850.ServerAssociation - sub BDA is:ied1lDevice1/DSCH1.SchdAbsTm.val(162): 0.0
14:23:34.443 [openiec61850-osi-server-3-thread-1] DEBUG com.beanit.openiec61850.ServerAssociation - sub BDA is:ied1lDevice1/DSCH1.SchdAbsTm.val(163): 0.0
14:23:34.443 [openiec61850-osi-server-3-thread-1] DEBUG com.beanit.openiec61850.ServerAssociation - sub BDA is:ied1lDevice1/DSCH1.SchdAbsTm.val(164): 0.0
14:23:34.443 [openiec61850-osi-server-3-thread-1] DEBUG com.beanit.openiec61850.ServerAssociation - sub BDA is:ied1lDevice1/DSCH1.SchdAbsTm.val(165): 0.0
14:23:34.443 [openiec61850-osi-server-3-thread-1] DEBUG com.beanit.openiec61850.ServerAssociation - sub BDA is:ied1lDevice1/DSCH1.SchdAbsTm.val(166): 0.0
14:23:34.443 [openiec61850-osi-server-3-thread-1] DEBUG com.beanit.openiec61850.ServerAssociation - sub BDA is:ied1lDevice1/DSCH1.SchdAbsTm.val(167): 0.0
14:23:34.443 [openiec61850-osi-server-3-thread-1] DEBUG com.beanit.openiec61850.ServerAssociation - sub BDA is:ied1lDevice1/DSCH1.SchdAbsTm.val(168): 0.0
14:23:34.443 [openiec61850-osi-server-3-thread-1] DEBUG com.beanit.openiec61850.ServerAssociation - sub BDA is:ied1lDevice1/DSCH1.SchdAbsTm.val(169): 0.0
14:23:34.443 [openiec61850-osi-server-3-thread-1] DEBUG com.beanit.openiec61850.ServerAssociation - sub BDA is:ied1lDevice1/DSCH1.SchdAbsTm.val(170): 0.0
14:23:34.443 [openiec61850-osi-server-3-thread-1] DEBUG com.beanit.openiec61850.ServerAssociation - sub BDA is:ied1lDevice1/DSCH1.SchdAbsTm.val(171): 0.0
14:23:34.443 [openiec61850-osi-server-3-thread-1] DEBUG com.beanit.openiec61850.ServerAssociation - sub BDA is:ied1lDevice1/DSCH1.SchdAbsTm.val(172): 0.0
14:23:34.443 [openiec61850-osi-server-3-thread-1] DEBUG com.beanit.openiec61850.ServerAssociation - sub BDA is:ied1lDevice1/DSCH1.SchdAbsTm.val(173): 0.0
14:23:34.443 [openiec61850-osi-server-3-thread-1] DEBUG com.beanit.openiec61850.ServerAssociation - sub BDA is:ied1lDevice1/DSCH1.SchdAbsTm.val(174): 0.0
14:23:34.443 [openiec61850-osi-server-3-thread-1] DEBUG com.beanit.openiec61850.ServerAssociation - sub BDA is:ied1lDevice1/DSCH1.SchdAbsTm.val(175): 0.0
14:23:34.443 [openiec61850-osi-server-3-thread-1] DEBUG com.beanit.openiec61850.ServerAssociation - sub BDA is:ied1lDevice1/DSCH1.SchdAbsTm.val(176): 0.0
14:23:34.443 [openiec61850-osi-server-3-thread-1] DEBUG com.beanit.openiec61850.ServerAssociation - sub BDA is:ied1lDevice1/DSCH1.SchdAbsTm.val(177): 0.0
14:23:34.443 [openiec61850-osi-server-3-thread-1] DEBUG com.beanit.openiec61850.ServerAssociation - sub BDA is:ied1lDevice1/DSCH1.SchdAbsTm.val(178): 0.0
14:23:34.443 [openiec61850-osi-server-3-thread-1] DEBUG com.beanit.openiec61850.ServerAssociation - sub BDA is:ied1lDevice1/DSCH1.SchdAbsTm.val(179): 0.0
14:23:34.443 [openiec61850-osi-server-3-thread-1] DEBUG com.beanit.openiec61850.ServerAssociation - sub BDA is:ied1lDevice1/DSCH1.SchdAbsTm.val(180): 0.0
14:23:34.443 [openiec61850-osi-server-3-thread-1] DEBUG com.beanit.openiec61850.ServerAssociation - sub BDA is:ied1lDevice1/DSCH1.SchdAbsTm.val(181): 0.0
14:23:34.443 [openiec61850-osi-server-3-thread-1] DEBUG com.beanit.openiec61850.ServerAssociation - sub BDA is:ied1lDevice1/DSCH1.SchdAbsTm.val(182): 0.0
14:23:34.443 [openiec61850-osi-server-3-thread-1] DEBUG com.beanit.openiec61850.ServerAssociation - sub BDA is:ied1lDevice1/DSCH1.SchdAbsTm.val(183): 0.0
14:23:34.443 [openiec61850-osi-server-3-thread-1] DEBUG com.beanit.openiec61850.ServerAssociation - sub BDA is:ied1lDevice1/DSCH1.SchdAbsTm.val(184): 0.0
14:23:34.444 [openiec61850-osi-server-3-thread-1] DEBUG com.beanit.openiec61850.ServerAssociation - sub BDA is:ied1lDevice1/DSCH1.SchdAbsTm.val(185): 0.0
14:23:34.445 [openiec61850-osi-server-3-thread-1] DEBUG com.beanit.openiec61850.ServerAssociation - sub BDA is:ied1lDevice1/DSCH1.SchdAbsTm.val(186): 0.0
14:23:34.445 [openiec61850-osi-server-3-thread-1] DEBUG com.beanit.openiec61850.ServerAssociation - sub BDA is:ied1lDevice1/DSCH1.SchdAbsTm.val(187): 0.0
14:23:34.445 [openiec61850-osi-server-3-thread-1] DEBUG com.beanit.openiec61850.ServerAssociation - sub BDA is:ied1lDevice1/DSCH1.SchdAbsTm.val(188): 0.0
14:23:34.445 [openiec61850-osi-server-3-thread-1] DEBUG com.beanit.openiec61850.ServerAssociation - sub BDA is:ied1lDevice1/DSCH1.SchdAbsTm.val(189): 0.0
14:23:34.445 [openiec61850-osi-server-3-thread-1] DEBUG com.beanit.openiec61850.ServerAssociation - sub BDA is:ied1lDevice1/DSCH1.SchdAbsTm.val(190): 0.0
14:23:34.445 [openiec61850-osi-server-3-thread-1] DEBUG com.beanit.openiec61850.ServerAssociation - sub BDA is:ied1lDevice1/DSCH1.SchdAbsTm.val(191): 0.0
14:23:34.445 [openiec61850-osi-server-3-thread-1] DEBUG com.beanit.openiec61850.ServerAssociation - sub BDA is:ied1lDevice1/DSCH1.SchdAbsTm.val(192): 0.0
14:23:34.445 [openiec61850-osi-server-3-thread-1] DEBUG com.beanit.openiec61850.ServerAssociation - sub BDA is:ied1lDevice1/DSCH1.SchdAbsTm.val(193): 0.0
14:23:34.445 [openiec61850-osi-server-3-thread-1] DEBUG com.beanit.openiec61850.ServerAssociation - sub BDA is:ied1lDevice1/DSCH1.SchdAbsTm.val(194): 0.0
14:23:34.445 [openiec61850-osi-server-3-thread-1] DEBUG com.beanit.openiec61850.ServerAssociation - sub BDA is:ied1lDevice1/DSCH1.SchdAbsTm.val(195): 0.0
14:23:34.445 [openiec61850-osi-server-3-thread-1] DEBUG com.beanit.openiec61850.ServerAssociation - sub BDA is:ied1lDevice1/DSCH1.SchdAbsTm.val(196): 0.0
14:23:34.445 [openiec61850-osi-server-3-thread-1] DEBUG com.beanit.openiec61850.ServerAssociation - sub BDA is:ied1lDevice1/DSCH1.SchdAbsTm.val(197): 0.0
14:23:34.445 [openiec61850-osi-server-3-thread-1] DEBUG com.beanit.openiec61850.ServerAssociation - sub BDA is:ied1lDevice1/DSCH1.SchdAbsTm.val(198): 0.0
14:23:34.445 [openiec61850-osi-server-3-thread-1] DEBUG com.beanit.openiec61850.ServerAssociation - sub BDA is:ied1lDevice1/DSCH1.SchdAbsTm.val(199): 0.0
14:23:34.445 [openiec61850-osi-server-3-thread-1] DEBUG com.beanit.openiec61850.ServerAssociation - sub BDA is:ied1lDevice1/DSCH1.SchdAbsTm.val(200): 0.0
14:23:34.445 [openiec61850-osi-server-3-thread-1] DEBUG com.beanit.openiec61850.ServerAssociation - sub BDA is:ied1lDevice1/DSCH1.SchdAbsTm.val(201): 0.0
14:23:34.445 [openiec61850-osi-server-3-thread-1] DEBUG com.beanit.openiec61850.ServerAssociation - sub BDA is:ied1lDevice1/DSCH1.SchdAbsTm.val(202): 0.0
14:23:34.445 [openiec61850-osi-server-3-thread-1] DEBUG com.beanit.openiec61850.ServerAssociation - sub BDA is:ied1lDevice1/DSCH1.SchdAbsTm.val(203): 0.0
14:23:34.445 [openiec61850-osi-server-3-thread-1] DEBUG com.beanit.openiec61850.ServerAssociation - sub BDA is:ied1lDevice1/DSCH1.SchdAbsTm.val(204): 0.0
14:23:34.445 [openiec61850-osi-server-3-thread-1] DEBUG com.beanit.openiec61850.ServerAssociation - sub BDA is:ied1lDevice1/DSCH1.SchdAbsTm.val(205): 0.0
14:23:34.445 [openiec61850-osi-server-3-thread-1] DEBUG com.beanit.openiec61850.ServerAssociation - sub BDA is:ied1lDevice1/DSCH1.SchdAbsTm.val(206): 0.0
14:23:34.445 [openiec61850-osi-server-3-thread-1] DEBUG com.beanit.openiec61850.ServerAssociation - sub BDA is:ied1lDevice1/DSCH1.SchdAbsTm.val(207): 0.0
14:23:34.445 [openiec61850-osi-server-3-thread-1] DEBUG com.beanit.openiec61850.ServerAssociation - sub BDA is:ied1lDevice1/DSCH1.SchdAbsTm.val(208): 0.0
14:23:34.445 [openiec61850-osi-server-3-thread-1] DEBUG com.beanit.openiec61850.ServerAssociation - sub BDA is:ied1lDevice1/DSCH1.SchdAbsTm.val(209): 0.0
14:23:34.445 [openiec61850-osi-server-3-thread-1] DEBUG com.beanit.openiec61850.ServerAssociation - sub BDA is:ied1lDevice1/DSCH1.SchdAbsTm.val(210): 0.0
14:23:34.445 [openiec61850-osi-server-3-thread-1] DEBUG com.beanit.openiec61850.ServerAssociation - sub BDA is:ied1lDevice1/DSCH1.SchdAbsTm.val(211): 0.0
14:23:34.445 [openiec61850-osi-server-3-thread-1] DEBUG com.beanit.openiec61850.ServerAssociation - sub BDA is:ied1lDevice1/DSCH1.SchdAbsTm.val(212): 0.0
14:23:34.445 [openiec61850-osi-server-3-thread-1] DEBUG com.beanit.openiec61850.ServerAssociation - sub BDA is:ied1lDevice1/DSCH1.SchdAbsTm.val(213): 0.0
14:23:34.445 [openiec61850-osi-server-3-thread-1] DEBUG com.beanit.openiec61850.ServerAssociation - sub BDA is:ied1lDevice1/DSCH1.SchdAbsTm.val(214): 0.0
14:23:34.445 [openiec61850-osi-server-3-thread-1] DEBUG com.beanit.openiec61850.ServerAssociation - sub BDA is:ied1lDevice1/DSCH1.SchdAbsTm.val(215): 0.0
14:23:34.445 [openiec61850-osi-server-3-thread-1] DEBUG com.beanit.openiec61850.ServerAssociation - sub BDA is:ied1lDevice1/DSCH1.SchdAbsTm.val(216): 0.0
14:23:34.445 [openiec61850-osi-server-3-thread-1] DEBUG com.beanit.openiec61850.ServerAssociation - sub BDA is:ied1lDevice1/DSCH1.SchdAbsTm.val(217): 0.0
14:23:34.445 [openiec61850-osi-server-3-thread-1] DEBUG com.beanit.openiec61850.ServerAssociation - sub BDA is:ied1lDevice1/DSCH1.SchdAbsTm.val(218): 0.0
14:23:34.445 [openiec61850-osi-server-3-thread-1] DEBUG com.beanit.openiec61850.ServerAssociation - sub BDA is:ied1lDevice1/DSCH1.SchdAbsTm.val(219): 0.0
14:23:34.445 [openiec61850-osi-server-3-thread-1] DEBUG com.beanit.openiec61850.ServerAssociation - sub BDA is:ied1lDevice1/DSCH1.SchdAbsTm.val(220): 0.0
14:23:34.445 [openiec61850-osi-server-3-thread-1] DEBUG com.beanit.openiec61850.ServerAssociation - sub BDA is:ied1lDevice1/DSCH1.SchdAbsTm.val(221): 0.0
14:23:34.445 [openiec61850-osi-server-3-thread-1] DEBUG com.beanit.openiec61850.ServerAssociation - sub BDA is:ied1lDevice1/DSCH1.SchdAbsTm.val(222): 0.0
14:23:34.445 [openiec61850-osi-server-3-thread-1] DEBUG com.beanit.openiec61850.ServerAssociation - sub BDA is:ied1lDevice1/DSCH1.SchdAbsTm.val(223): 0.0
14:23:34.445 [openiec61850-osi-server-3-thread-1] DEBUG com.beanit.openiec61850.ServerAssociation - sub BDA is:ied1lDevice1/DSCH1.SchdAbsTm.val(224): 0.0
14:23:34.445 [openiec61850-osi-server-3-thread-1] DEBUG com.beanit.openiec61850.ServerAssociation - sub BDA is:ied1lDevice1/DSCH1.SchdAbsTm.val(225): 0.0
14:23:34.445 [openiec61850-osi-server-3-thread-1] DEBUG com.beanit.openiec61850.ServerAssociation - sub BDA is:ied1lDevice1/DSCH1.SchdAbsTm.val(226): 0.0
14:23:34.445 [openiec61850-osi-server-3-thread-1] DEBUG com.beanit.openiec61850.ServerAssociation - sub BDA is:ied1lDevice1/DSCH1.SchdAbsTm.val(227): 0.0
14:23:34.445 [openiec61850-osi-server-3-thread-1] DEBUG com.beanit.openiec61850.ServerAssociation - sub BDA is:ied1lDevice1/DSCH1.SchdAbsTm.val(228): 0.0
14:23:34.445 [openiec61850-osi-server-3-thread-1] DEBUG com.beanit.openiec61850.ServerAssociation - sub BDA is:ied1lDevice1/DSCH1.SchdAbsTm.val(229): 0.0
14:23:34.445 [openiec61850-osi-server-3-thread-1] DEBUG com.beanit.openiec61850.ServerAssociation - sub BDA is:ied1lDevice1/DSCH1.SchdAbsTm.val(230): 0.0
14:23:34.445 [openiec61850-osi-server-3-thread-1] DEBUG com.beanit.openiec61850.ServerAssociation - sub BDA is:ied1lDevice1/DSCH1.SchdAbsTm.val(231): 0.0
14:23:34.445 [openiec61850-osi-server-3-thread-1] DEBUG com.beanit.openiec61850.ServerAssociation - sub BDA is:ied1lDevice1/DSCH1.SchdAbsTm.val(232): 0.0
14:23:34.445 [openiec61850-osi-server-3-thread-1] DEBUG com.beanit.openiec61850.ServerAssociation - sub BDA is:ied1lDevice1/DSCH1.SchdAbsTm.val(233): 0.0
14:23:34.445 [openiec61850-osi-server-3-thread-1] DEBUG com.beanit.openiec61850.ServerAssociation - sub BDA is:ied1lDevice1/DSCH1.SchdAbsTm.val(234): 0.0
14:23:34.445 [openiec61850-osi-server-3-thread-1] DEBUG com.beanit.openiec61850.ServerAssociation - sub BDA is:ied1lDevice1/DSCH1.SchdAbsTm.val(235): 0.0
14:23:34.445 [openiec61850-osi-server-3-thread-1] DEBUG com.beanit.openiec61850.ServerAssociation - sub BDA is:ied1lDevice1/DSCH1.SchdAbsTm.val(236): 0.0
14:23:34.445 [openiec61850-osi-server-3-thread-1] DEBUG com.beanit.openiec61850.ServerAssociation - sub BDA is:ied1lDevice1/DSCH1.SchdAbsTm.val(237): 0.0
14:23:34.445 [openiec61850-osi-server-3-thread-1] DEBUG com.beanit.openiec61850.ServerAssociation - sub BDA is:ied1lDevice1/DSCH1.SchdAbsTm.val(238): 0.0
14:23:34.445 [openiec61850-osi-server-3-thread-1] DEBUG com.beanit.openiec61850.ServerAssociation - sub BDA is:ied1lDevice1/DSCH1.SchdAbsTm.val(239): 0.0
14:23:34.445 [openiec61850-osi-server-3-thread-1] DEBUG com.beanit.openiec61850.ServerAssociation - sub BDA is:ied1lDevice1/DSCH1.SchdAbsTm.val(240): 0.0
14:23:34.445 [openiec61850-osi-server-3-thread-1] DEBUG com.beanit.openiec61850.ServerAssociation - sub BDA is:ied1lDevice1/DSCH1.SchdAbsTm.val(241): 0.0
14:23:34.445 [openiec61850-osi-server-3-thread-1] DEBUG com.beanit.openiec61850.ServerAssociation - sub BDA is:ied1lDevice1/DSCH1.SchdAbsTm.val(242): 0.0
14:23:34.445 [openiec61850-osi-server-3-thread-1] DEBUG com.beanit.openiec61850.ServerAssociation - sub BDA is:ied1lDevice1/DSCH1.SchdAbsTm.val(243): 0.0
14:23:34.445 [openiec61850-osi-server-3-thread-1] DEBUG com.beanit.openiec61850.ServerAssociation - sub BDA is:ied1lDevice1/DSCH1.SchdAbsTm.val(244): 0.0
14:23:34.445 [openiec61850-osi-server-3-thread-1] DEBUG com.beanit.openiec61850.ServerAssociation - sub BDA is:ied1lDevice1/DSCH1.SchdAbsTm.val(245): 0.0
14:23:34.445 [openiec61850-osi-server-3-thread-1] DEBUG com.beanit.openiec61850.ServerAssociation - sub BDA is:ied1lDevice1/DSCH1.SchdAbsTm.val(246): 0.0
14:23:34.445 [openiec61850-osi-server-3-thread-1] DEBUG com.beanit.openiec61850.ServerAssociation - sub BDA is:ied1lDevice1/DSCH1.SchdAbsTm.val(247): 0.0
14:23:34.445 [openiec61850-osi-server-3-thread-1] DEBUG com.beanit.openiec61850.ServerAssociation - sub BDA is:ied1lDevice1/DSCH1.SchdAbsTm.val(248): 0.0
14:23:34.445 [openiec61850-osi-server-3-thread-1] DEBUG com.beanit.openiec61850.ServerAssociation - sub BDA is:ied1lDevice1/DSCH1.SchdAbsTm.val(249): 0.0
14:23:34.445 [openiec61850-osi-server-3-thread-1] DEBUG com.beanit.openiec61850.ServerAssociation - sub BDA is:ied1lDevice1/DSCH1.SchdAbsTm.val(250): 0.0
14:23:34.445 [openiec61850-osi-server-3-thread-1] DEBUG com.beanit.openiec61850.ServerAssociation - sub BDA is:ied1lDevice1/DSCH1.SchdAbsTm.val(251): 0.0
14:23:34.445 [openiec61850-osi-server-3-thread-1] DEBUG com.beanit.openiec61850.ServerAssociation - sub BDA is:ied1lDevice1/DSCH1.SchdAbsTm.val(252): 0.0
14:23:34.445 [openiec61850-osi-server-3-thread-1] DEBUG com.beanit.openiec61850.ServerAssociation - sub BDA is:ied1lDevice1/DSCH1.SchdAbsTm.val(253): 0.0
14:23:34.445 [openiec61850-osi-server-3-thread-1] DEBUG com.beanit.openiec61850.ServerAssociation - sub BDA is:ied1lDevice1/DSCH1.SchdAbsTm.val(254): 0.0
calling GetDataValues(ied1lDevice1/DSCH1.SchdAbsTm.val(0))
14:23:34.449 [openiec61850-osi-server-3-thread-1] DEBUG com.beanit.openiec61850.ServerAssociation - Got a GetDataValues request for node: ied1lDevice1/DSCH1.SchdAbsTm.val(0): 0.0
calling GetDataValues(ied1lDevice1/DSCH1.SchdAbsTm.val(1))
14:23:34.449 [openiec61850-osi-server-3-thread-1] DEBUG com.beanit.openiec61850.ServerAssociation - Got a GetDataValues request for node: ied1lDevice1/DSCH1.SchdAbsTm.val(1): 0.0
calling GetDataValues(ied1lDevice1/DSCH1.SchdAbsTm.val(2))
14:23:34.450 [openiec61850-osi-server-3-thread-1] DEBUG com.beanit.openiec61850.ServerAssociation - Got a GetDataValues request for node: ied1lDevice1/DSCH1.SchdAbsTm.val(2): 0.0
calling GetDataValues(ied1lDevice1/DSCH1.SchdAbsTm.val(3))
14:23:34.450 [openiec61850-osi-server-3-thread-1] DEBUG com.beanit.openiec61850.ServerAssociation - Got a GetDataValues request for node: ied1lDevice1/DSCH1.SchdAbsTm.val(3): 0.0
calling GetDataValues(ied1lDevice1/DSCH1.SchdAbsTm.val(4))
14:23:34.450 [openiec61850-osi-server-3-thread-1] DEBUG com.beanit.openiec61850.ServerAssociation - Got a GetDataValues request for node: ied1lDevice1/DSCH1.SchdAbsTm.val(4): 0.0
calling GetDataValues(ied1lDevice1/DSCH1.SchdAbsTm.val(5))
14:23:34.451 [openiec61850-osi-server-3-thread-1] DEBUG com.beanit.openiec61850.ServerAssociation - Got a GetDataValues request for node: ied1lDevice1/DSCH1.SchdAbsTm.val(5): 0.0
calling GetDataValues(ied1lDevice1/DSCH1.SchdAbsTm.val(6))
14:23:34.451 [openiec61850-osi-server-3-thread-1] DEBUG com.beanit.openiec61850.ServerAssociation - Got a GetDataValues request for node: ied1lDevice1/DSCH1.SchdAbsTm.val(6): 0.0
calling GetDataValues(ied1lDevice1/DSCH1.SchdAbsTm.val(7))
14:23:34.451 [openiec61850-osi-server-3-thread-1] DEBUG com.beanit.openiec61850.ServerAssociation - Got a GetDataValues request for node: ied1lDevice1/DSCH1.SchdAbsTm.val(7): 0.0
calling GetDataValues(ied1lDevice1/DSCH1.SchdAbsTm.val(8))
14:23:34.451 [openiec61850-osi-server-3-thread-1] DEBUG com.beanit.openiec61850.ServerAssociation - Got a GetDataValues request for node: ied1lDevice1/DSCH1.SchdAbsTm.val(8): 0.0
calling GetDataValues(ied1lDevice1/DSCH1.SchdAbsTm.val(9))
14:23:34.451 [openiec61850-osi-server-3-thread-1] DEBUG com.beanit.openiec61850.ServerAssociation - Got a GetDataValues request for node: ied1lDevice1/DSCH1.SchdAbsTm.val(9): 0.0
calling GetDataValues(ied1lDevice1/DSCH1.SchdAbsTm.val(10))
14:23:34.452 [openiec61850-osi-server-3-thread-1] DEBUG com.beanit.openiec61850.ServerAssociation - Got a GetDataValues request for node: ied1lDevice1/DSCH1.SchdAbsTm.val(10): 0.0
calling GetDataValues(ied1lDevice1/DSCH1.SchdAbsTm.val(11))
14:23:34.452 [openiec61850-osi-server-3-thread-1] DEBUG com.beanit.openiec61850.ServerAssociation - Got a GetDataValues request for node: ied1lDevice1/DSCH1.SchdAbsTm.val(11): 0.0
calling GetDataValues(ied1lDevice1/DSCH1.SchdAbsTm.val(12))
14:23:34.452 [openiec61850-osi-server-3-thread-1] DEBUG com.beanit.openiec61850.ServerAssociation - Got a GetDataValues request for node: ied1lDevice1/DSCH1.SchdAbsTm.val(12): 0.0
calling GetDataValues(ied1lDevice1/DSCH1.SchdAbsTm.val(13))
14:23:34.453 [openiec61850-osi-server-3-thread-1] DEBUG com.beanit.openiec61850.ServerAssociation - Got a GetDataValues request for node: ied1lDevice1/DSCH1.SchdAbsTm.val(13): 0.0
calling GetDataValues(ied1lDevice1/DSCH1.SchdAbsTm.val(14))
14:23:34.453 [openiec61850-osi-server-3-thread-1] DEBUG com.beanit.openiec61850.ServerAssociation - Got a GetDataValues request for node: ied1lDevice1/DSCH1.SchdAbsTm.val(14): 0.0
calling GetDataValues(ied1lDevice1/DSCH1.SchdAbsTm.val(15))
14:23:34.453 [openiec61850-osi-server-3-thread-1] DEBUG com.beanit.openiec61850.ServerAssociation - Got a GetDataValues request for node: ied1lDevice1/DSCH1.SchdAbsTm.val(15): 0.0
calling GetDataValues(ied1lDevice1/DSCH1.SchdAbsTm.val(16))
14:23:34.453 [openiec61850-osi-server-3-thread-1] DEBUG com.beanit.openiec61850.ServerAssociation - Got a GetDataValues request for node: ied1lDevice1/DSCH1.SchdAbsTm.val(16): 0.0
calling GetDataValues(ied1lDevice1/DSCH1.SchdAbsTm.val(17))
14:23:34.454 [openiec61850-osi-server-3-thread-1] DEBUG com.beanit.openiec61850.ServerAssociation - Got a GetDataValues request for node: ied1lDevice1/DSCH1.SchdAbsTm.val(17): 0.0
calling GetDataValues(ied1lDevice1/DSCH1.SchdAbsTm.val(18))
14:23:34.454 [openiec61850-osi-server-3-thread-1] DEBUG com.beanit.openiec61850.ServerAssociation - Got a GetDataValues request for node: ied1lDevice1/DSCH1.SchdAbsTm.val(18): 0.0
calling GetDataValues(ied1lDevice1/DSCH1.SchdAbsTm.val(19))
14:23:34.454 [openiec61850-osi-server-3-thread-1] DEBUG com.beanit.openiec61850.ServerAssociation - Got a GetDataValues request for node: ied1lDevice1/DSCH1.SchdAbsTm.val(19): 0.0
calling GetDataValues(ied1lDevice1/DSCH1.SchdAbsTm.val(20))
14:23:34.454 [openiec61850-osi-server-3-thread-1] DEBUG com.beanit.openiec61850.ServerAssociation - Got a GetDataValues request for node: ied1lDevice1/DSCH1.SchdAbsTm.val(20): 0.0
calling GetDataValues(ied1lDevice1/DSCH1.SchdAbsTm.val(21))
14:23:34.455 [openiec61850-osi-server-3-thread-1] DEBUG com.beanit.openiec61850.ServerAssociation - Got a GetDataValues request for node: ied1lDevice1/DSCH1.SchdAbsTm.val(21): 0.0
calling GetDataValues(ied1lDevice1/DSCH1.SchdAbsTm.val(22))
14:23:34.455 [openiec61850-osi-server-3-thread-1] DEBUG com.beanit.openiec61850.ServerAssociation - Got a GetDataValues request for node: ied1lDevice1/DSCH1.SchdAbsTm.val(22): 0.0
calling GetDataValues(ied1lDevice1/DSCH1.SchdAbsTm.val(23))
14:23:34.455 [openiec61850-osi-server-3-thread-1] DEBUG com.beanit.openiec61850.ServerAssociation - Got a GetDataValues request for node: ied1lDevice1/DSCH1.SchdAbsTm.val(23): 0.0
calling GetDataValues(ied1lDevice1/DSCH1.SchdAbsTm.val(24))
14:23:34.455 [openiec61850-osi-server-3-thread-1] DEBUG com.beanit.openiec61850.ServerAssociation - Got a GetDataValues request for node: ied1lDevice1/DSCH1.SchdAbsTm.val(24): 0.0
calling GetDataValues(ied1lDevice1/DSCH1.SchdAbsTm.val(25))
14:23:34.456 [openiec61850-osi-server-3-thread-1] DEBUG com.beanit.openiec61850.ServerAssociation - Got a GetDataValues request for node: ied1lDevice1/DSCH1.SchdAbsTm.val(25): 0.0
calling GetDataValues(ied1lDevice1/DSCH1.SchdAbsTm.val(26))
14:23:34.456 [openiec61850-osi-server-3-thread-1] DEBUG com.beanit.openiec61850.ServerAssociation - Got a GetDataValues request for node: ied1lDevice1/DSCH1.SchdAbsTm.val(26): 0.0
calling GetDataValues(ied1lDevice1/DSCH1.SchdAbsTm.val(27))
14:23:34.456 [openiec61850-osi-server-3-thread-1] DEBUG com.beanit.openiec61850.ServerAssociation - Got a GetDataValues request for node: ied1lDevice1/DSCH1.SchdAbsTm.val(27): 0.0
calling GetDataValues(ied1lDevice1/DSCH1.SchdAbsTm.val(28))
14:23:34.456 [openiec61850-osi-server-3-thread-1] DEBUG com.beanit.openiec61850.ServerAssociation - Got a GetDataValues request for node: ied1lDevice1/DSCH1.SchdAbsTm.val(28): 0.0
calling GetDataValues(ied1lDevice1/DSCH1.SchdAbsTm.val(29))
14:23:34.457 [openiec61850-osi-server-3-thread-1] DEBUG com.beanit.openiec61850.ServerAssociation - Got a GetDataValues request for node: ied1lDevice1/DSCH1.SchdAbsTm.val(29): 0.0
calling GetDataValues(ied1lDevice1/DSCH1.SchdAbsTm.val(30))
14:23:34.457 [openiec61850-osi-server-3-thread-1] DEBUG com.beanit.openiec61850.ServerAssociation - Got a GetDataValues request for node: ied1lDevice1/DSCH1.SchdAbsTm.val(30): 0.0
calling GetDataValues(ied1lDevice1/DSCH1.SchdAbsTm.val(31))
14:23:34.457 [openiec61850-osi-server-3-thread-1] DEBUG com.beanit.openiec61850.ServerAssociation - Got a GetDataValues request for node: ied1lDevice1/DSCH1.SchdAbsTm.val(31): 0.0
calling GetDataValues(ied1lDevice1/DSCH1.SchdAbsTm.val(32))
14:23:34.457 [openiec61850-osi-server-3-thread-1] DEBUG com.beanit.openiec61850.ServerAssociation - Got a GetDataValues request for node: ied1lDevice1/DSCH1.SchdAbsTm.val(32): 0.0
calling GetDataValues(ied1lDevice1/DSCH1.SchdAbsTm.val(33))
14:23:34.457 [openiec61850-osi-server-3-thread-1] DEBUG com.beanit.openiec61850.ServerAssociation - Got a GetDataValues request for node: ied1lDevice1/DSCH1.SchdAbsTm.val(33): 0.0
calling GetDataValues(ied1lDevice1/DSCH1.SchdAbsTm.val(34))
14:23:34.458 [openiec61850-osi-server-3-thread-1] DEBUG com.beanit.openiec61850.ServerAssociation - Got a GetDataValues request for node: ied1lDevice1/DSCH1.SchdAbsTm.val(34): 0.0
calling GetDataValues(ied1lDevice1/DSCH1.SchdAbsTm.val(35))
14:23:34.458 [openiec61850-osi-server-3-thread-1] DEBUG com.beanit.openiec61850.ServerAssociation - Got a GetDataValues request for node: ied1lDevice1/DSCH1.SchdAbsTm.val(35): 0.0
calling GetDataValues(ied1lDevice1/DSCH1.SchdAbsTm.val(36))
14:23:34.458 [openiec61850-osi-server-3-thread-1] DEBUG com.beanit.openiec61850.ServerAssociation - Got a GetDataValues request for node: ied1lDevice1/DSCH1.SchdAbsTm.val(36): 0.0
calling GetDataValues(ied1lDevice1/DSCH1.SchdAbsTm.val(37))
14:23:34.459 [openiec61850-osi-server-3-thread-1] DEBUG com.beanit.openiec61850.ServerAssociation - Got a GetDataValues request for node: ied1lDevice1/DSCH1.SchdAbsTm.val(37): 0.0
calling GetDataValues(ied1lDevice1/DSCH1.SchdAbsTm.val(38))
14:23:34.459 [openiec61850-osi-server-3-thread-1] DEBUG com.beanit.openiec61850.ServerAssociation - Got a GetDataValues request for node: ied1lDevice1/DSCH1.SchdAbsTm.val(38): 0.0
calling GetDataValues(ied1lDevice1/DSCH1.SchdAbsTm.val(39))
14:23:34.459 [openiec61850-osi-server-3-thread-1] DEBUG com.beanit.openiec61850.ServerAssociation - Got a GetDataValues request for node: ied1lDevice1/DSCH1.SchdAbsTm.val(39): 0.0
calling GetDataValues(ied1lDevice1/DSCH1.SchdAbsTm.val(40))
14:23:34.459 [openiec61850-osi-server-3-thread-1] DEBUG com.beanit.openiec61850.ServerAssociation - Got a GetDataValues request for node: ied1lDevice1/DSCH1.SchdAbsTm.val(40): 0.0
calling GetDataValues(ied1lDevice1/DSCH1.SchdAbsTm.val(41))
14:23:34.459 [openiec61850-osi-server-3-thread-1] DEBUG com.beanit.openiec61850.ServerAssociation - Got a GetDataValues request for node: ied1lDevice1/DSCH1.SchdAbsTm.val(41): 0.0
calling GetDataValues(ied1lDevice1/DSCH1.SchdAbsTm.val(42))
14:23:34.460 [openiec61850-osi-server-3-thread-1] DEBUG com.beanit.openiec61850.ServerAssociation - Got a GetDataValues request for node: ied1lDevice1/DSCH1.SchdAbsTm.val(42): 0.0
calling GetDataValues(ied1lDevice1/DSCH1.SchdAbsTm.val(43))
14:23:34.460 [openiec61850-osi-server-3-thread-1] DEBUG com.beanit.openiec61850.ServerAssociation - Got a GetDataValues request for node: ied1lDevice1/DSCH1.SchdAbsTm.val(43): 0.0
calling GetDataValues(ied1lDevice1/DSCH1.SchdAbsTm.val(44))
14:23:34.460 [openiec61850-osi-server-3-thread-1] DEBUG com.beanit.openiec61850.ServerAssociation - Got a GetDataValues request for node: ied1lDevice1/DSCH1.SchdAbsTm.val(44): 0.0
calling GetDataValues(ied1lDevice1/DSCH1.SchdAbsTm.val(45))
14:23:34.460 [openiec61850-osi-server-3-thread-1] DEBUG com.beanit.openiec61850.ServerAssociation - Got a GetDataValues request for node: ied1lDevice1/DSCH1.SchdAbsTm.val(45): 0.0
calling GetDataValues(ied1lDevice1/DSCH1.SchdAbsTm.val(46))
14:23:34.461 [openiec61850-osi-server-3-thread-1] DEBUG com.beanit.openiec61850.ServerAssociation - Got a GetDataValues request for node: ied1lDevice1/DSCH1.SchdAbsTm.val(46): 0.0
calling GetDataValues(ied1lDevice1/DSCH1.SchdAbsTm.val(47))
14:23:34.461 [openiec61850-osi-server-3-thread-1] DEBUG com.beanit.openiec61850.ServerAssociation - Got a GetDataValues request for node: ied1lDevice1/DSCH1.SchdAbsTm.val(47): 0.0
calling GetDataValues(ied1lDevice1/DSCH1.SchdAbsTm.val(48))
14:23:34.461 [openiec61850-osi-server-3-thread-1] DEBUG com.beanit.openiec61850.ServerAssociation - Got a GetDataValues request for node: ied1lDevice1/DSCH1.SchdAbsTm.val(48): 0.0
calling GetDataValues(ied1lDevice1/DSCH1.SchdAbsTm.val(49))
14:23:34.461 [openiec61850-osi-server-3-thread-1] DEBUG com.beanit.openiec61850.ServerAssociation - Got a GetDataValues request for node: ied1lDevice1/DSCH1.SchdAbsTm.val(49): 0.0
calling GetDataValues(ied1lDevice1/DSCH1.SchdAbsTm.val(50))
14:23:34.462 [openiec61850-osi-server-3-thread-1] DEBUG com.beanit.openiec61850.ServerAssociation - Got a GetDataValues request for node: ied1lDevice1/DSCH1.SchdAbsTm.val(50): 0.0
calling GetDataValues(ied1lDevice1/DSCH1.SchdAbsTm.val(51))
14:23:34.462 [openiec61850-osi-server-3-thread-1] DEBUG com.beanit.openiec61850.ServerAssociation - Got a GetDataValues request for node: ied1lDevice1/DSCH1.SchdAbsTm.val(51): 0.0
calling GetDataValues(ied1lDevice1/DSCH1.SchdAbsTm.val(52))
14:23:34.462 [openiec61850-osi-server-3-thread-1] DEBUG com.beanit.openiec61850.ServerAssociation - Got a GetDataValues request for node: ied1lDevice1/DSCH1.SchdAbsTm.val(52): 0.0
calling GetDataValues(ied1lDevice1/DSCH1.SchdAbsTm.val(53))
14:23:34.462 [openiec61850-osi-server-3-thread-1] DEBUG com.beanit.openiec61850.ServerAssociation - Got a GetDataValues request for node: ied1lDevice1/DSCH1.SchdAbsTm.val(53): 0.0
calling GetDataValues(ied1lDevice1/DSCH1.SchdAbsTm.val(54))
14:23:34.463 [openiec61850-osi-server-3-thread-1] DEBUG com.beanit.openiec61850.ServerAssociation - Got a GetDataValues request for node: ied1lDevice1/DSCH1.SchdAbsTm.val(54): 0.0
calling GetDataValues(ied1lDevice1/DSCH1.SchdAbsTm.val(55))
14:23:34.463 [openiec61850-osi-server-3-thread-1] DEBUG com.beanit.openiec61850.ServerAssociation - Got a GetDataValues request for node: ied1lDevice1/DSCH1.SchdAbsTm.val(55): 0.0
calling GetDataValues(ied1lDevice1/DSCH1.SchdAbsTm.val(56))
14:23:34.463 [openiec61850-osi-server-3-thread-1] DEBUG com.beanit.openiec61850.ServerAssociation - Got a GetDataValues request for node: ied1lDevice1/DSCH1.SchdAbsTm.val(56): 0.0
calling GetDataValues(ied1lDevice1/DSCH1.SchdAbsTm.val(57))
14:23:34.463 [openiec61850-osi-server-3-thread-1] DEBUG com.beanit.openiec61850.ServerAssociation - Got a GetDataValues request for node: ied1lDevice1/DSCH1.SchdAbsTm.val(57): 0.0
calling GetDataValues(ied1lDevice1/DSCH1.SchdAbsTm.val(58))
14:23:34.464 [openiec61850-osi-server-3-thread-1] DEBUG com.beanit.openiec61850.ServerAssociation - Got a GetDataValues request for node: ied1lDevice1/DSCH1.SchdAbsTm.val(58): 0.0
calling GetDataValues(ied1lDevice1/DSCH1.SchdAbsTm.val(59))
14:23:34.464 [openiec61850-osi-server-3-thread-1] DEBUG com.beanit.openiec61850.ServerAssociation - Got a GetDataValues request for node: ied1lDevice1/DSCH1.SchdAbsTm.val(59): 0.0
calling GetDataValues(ied1lDevice1/DSCH1.SchdAbsTm.val(60))
14:23:34.464 [openiec61850-osi-server-3-thread-1] DEBUG com.beanit.openiec61850.ServerAssociation - Got a GetDataValues request for node: ied1lDevice1/DSCH1.SchdAbsTm.val(60): 0.0
calling GetDataValues(ied1lDevice1/DSCH1.SchdAbsTm.val(61))
14:23:34.464 [openiec61850-osi-server-3-thread-1] DEBUG com.beanit.openiec61850.ServerAssociation - Got a GetDataValues request for node: ied1lDevice1/DSCH1.SchdAbsTm.val(61): 0.0
calling GetDataValues(ied1lDevice1/DSCH1.SchdAbsTm.val(62))
14:23:34.464 [openiec61850-osi-server-3-thread-1] DEBUG com.beanit.openiec61850.ServerAssociation - Got a GetDataValues request for node: ied1lDevice1/DSCH1.SchdAbsTm.val(62): 0.0
calling GetDataValues(ied1lDevice1/DSCH1.SchdAbsTm.val(63))
14:23:34.465 [openiec61850-osi-server-3-thread-1] DEBUG com.beanit.openiec61850.ServerAssociation - Got a GetDataValues request for node: ied1lDevice1/DSCH1.SchdAbsTm.val(63): 0.0
calling GetDataValues(ied1lDevice1/DSCH1.SchdAbsTm.val(64))
14:23:34.465 [openiec61850-osi-server-3-thread-1] DEBUG com.beanit.openiec61850.ServerAssociation - Got a GetDataValues request for node: ied1lDevice1/DSCH1.SchdAbsTm.val(64): 0.0
calling GetDataValues(ied1lDevice1/DSCH1.SchdAbsTm.val(65))
14:23:34.465 [openiec61850-osi-server-3-thread-1] DEBUG com.beanit.openiec61850.ServerAssociation - Got a GetDataValues request for node: ied1lDevice1/DSCH1.SchdAbsTm.val(65): 0.0
calling GetDataValues(ied1lDevice1/DSCH1.SchdAbsTm.val(66))
14:23:34.465 [openiec61850-osi-server-3-thread-1] DEBUG com.beanit.openiec61850.ServerAssociation - Got a GetDataValues request for node: ied1lDevice1/DSCH1.SchdAbsTm.val(66): 0.0
calling GetDataValues(ied1lDevice1/DSCH1.SchdAbsTm.val(67))
14:23:34.465 [openiec61850-osi-server-3-thread-1] DEBUG com.beanit.openiec61850.ServerAssociation - Got a GetDataValues request for node: ied1lDevice1/DSCH1.SchdAbsTm.val(67): 0.0
calling GetDataValues(ied1lDevice1/DSCH1.SchdAbsTm.val(68))
14:23:34.466 [openiec61850-osi-server-3-thread-1] DEBUG com.beanit.openiec61850.ServerAssociation - Got a GetDataValues request for node: ied1lDevice1/DSCH1.SchdAbsTm.val(68): 0.0
calling GetDataValues(ied1lDevice1/DSCH1.SchdAbsTm.val(69))
14:23:34.466 [openiec61850-osi-server-3-thread-1] DEBUG com.beanit.openiec61850.ServerAssociation - Got a GetDataValues request for node: ied1lDevice1/DSCH1.SchdAbsTm.val(69): 0.0
calling GetDataValues(ied1lDevice1/DSCH1.SchdAbsTm.val(70))
14:23:34.466 [openiec61850-osi-server-3-thread-1] DEBUG com.beanit.openiec61850.ServerAssociation - Got a GetDataValues request for node: ied1lDevice1/DSCH1.SchdAbsTm.val(70): 0.0
calling GetDataValues(ied1lDevice1/DSCH1.SchdAbsTm.val(71))
14:23:34.466 [openiec61850-osi-server-3-thread-1] DEBUG com.beanit.openiec61850.ServerAssociation - Got a GetDataValues request for node: ied1lDevice1/DSCH1.SchdAbsTm.val(71): 0.0
calling GetDataValues(ied1lDevice1/DSCH1.SchdAbsTm.val(72))
14:23:34.467 [openiec61850-osi-server-3-thread-1] DEBUG com.beanit.openiec61850.ServerAssociation - Got a GetDataValues request for node: ied1lDevice1/DSCH1.SchdAbsTm.val(72): 0.0
calling GetDataValues(ied1lDevice1/DSCH1.SchdAbsTm.val(73))
14:23:34.467 [openiec61850-osi-server-3-thread-1] DEBUG com.beanit.openiec61850.ServerAssociation - Got a GetDataValues request for node: ied1lDevice1/DSCH1.SchdAbsTm.val(73): 0.0
calling GetDataValues(ied1lDevice1/DSCH1.SchdAbsTm.val(74))
14:23:34.467 [openiec61850-osi-server-3-thread-1] DEBUG com.beanit.openiec61850.ServerAssociation - Got a GetDataValues request for node: ied1lDevice1/DSCH1.SchdAbsTm.val(74): 0.0
calling GetDataValues(ied1lDevice1/DSCH1.SchdAbsTm.val(75))
14:23:34.467 [openiec61850-osi-server-3-thread-1] DEBUG com.beanit.openiec61850.ServerAssociation - Got a GetDataValues request for node: ied1lDevice1/DSCH1.SchdAbsTm.val(75): 0.0
calling GetDataValues(ied1lDevice1/DSCH1.SchdAbsTm.val(76))
14:23:34.468 [openiec61850-osi-server-3-thread-1] DEBUG com.beanit.openiec61850.ServerAssociation - Got a GetDataValues request for node: ied1lDevice1/DSCH1.SchdAbsTm.val(76): 0.0
calling GetDataValues(ied1lDevice1/DSCH1.SchdAbsTm.val(77))
14:23:34.468 [openiec61850-osi-server-3-thread-1] DEBUG com.beanit.openiec61850.ServerAssociation - Got a GetDataValues request for node: ied1lDevice1/DSCH1.SchdAbsTm.val(77): 0.0
calling GetDataValues(ied1lDevice1/DSCH1.SchdAbsTm.val(78))
14:23:34.468 [openiec61850-osi-server-3-thread-1] DEBUG com.beanit.openiec61850.ServerAssociation - Got a GetDataValues request for node: ied1lDevice1/DSCH1.SchdAbsTm.val(78): 0.0
calling GetDataValues(ied1lDevice1/DSCH1.SchdAbsTm.val(79))
14:23:34.468 [openiec61850-osi-server-3-thread-1] DEBUG com.beanit.openiec61850.ServerAssociation - Got a GetDataValues request for node: ied1lDevice1/DSCH1.SchdAbsTm.val(79): 0.0
calling GetDataValues(ied1lDevice1/DSCH1.SchdAbsTm.val(80))
14:23:34.468 [openiec61850-osi-server-3-thread-1] DEBUG com.beanit.openiec61850.ServerAssociation - Got a GetDataValues request for node: ied1lDevice1/DSCH1.SchdAbsTm.val(80): 0.0
calling GetDataValues(ied1lDevice1/DSCH1.SchdAbsTm.val(81))
14:23:34.469 [openiec61850-osi-server-3-thread-1] DEBUG com.beanit.openiec61850.ServerAssociation - Got a GetDataValues request for node: ied1lDevice1/DSCH1.SchdAbsTm.val(81): 0.0
calling GetDataValues(ied1lDevice1/DSCH1.SchdAbsTm.val(82))
14:23:34.469 [openiec61850-osi-server-3-thread-1] DEBUG com.beanit.openiec61850.ServerAssociation - Got a GetDataValues request for node: ied1lDevice1/DSCH1.SchdAbsTm.val(82): 0.0
calling GetDataValues(ied1lDevice1/DSCH1.SchdAbsTm.val(83))
14:23:34.469 [openiec61850-osi-server-3-thread-1] DEBUG com.beanit.openiec61850.ServerAssociation - Got a GetDataValues request for node: ied1lDevice1/DSCH1.SchdAbsTm.val(83): 0.0
calling GetDataValues(ied1lDevice1/DSCH1.SchdAbsTm.val(84))
14:23:34.470 [openiec61850-osi-server-3-thread-1] DEBUG com.beanit.openiec61850.ServerAssociation - Got a GetDataValues request for node: ied1lDevice1/DSCH1.SchdAbsTm.val(84): 0.0
calling GetDataValues(ied1lDevice1/DSCH1.SchdAbsTm.val(85))
14:23:34.470 [openiec61850-osi-server-3-thread-1] DEBUG com.beanit.openiec61850.ServerAssociation - Got a GetDataValues request for node: ied1lDevice1/DSCH1.SchdAbsTm.val(85): 0.0
calling GetDataValues(ied1lDevice1/DSCH1.SchdAbsTm.val(86))
14:23:34.470 [openiec61850-osi-server-3-thread-1] DEBUG com.beanit.openiec61850.ServerAssociation - Got a GetDataValues request for node: ied1lDevice1/DSCH1.SchdAbsTm.val(86): 0.0
calling GetDataValues(ied1lDevice1/DSCH1.SchdAbsTm.val(87))
14:23:34.470 [openiec61850-osi-server-3-thread-1] DEBUG com.beanit.openiec61850.ServerAssociation - Got a GetDataValues request for node: ied1lDevice1/DSCH1.SchdAbsTm.val(87): 0.0
calling GetDataValues(ied1lDevice1/DSCH1.SchdAbsTm.val(88))
14:23:34.471 [openiec61850-osi-server-3-thread-1] DEBUG com.beanit.openiec61850.ServerAssociation - Got a GetDataValues request for node: ied1lDevice1/DSCH1.SchdAbsTm.val(88): 0.0
calling GetDataValues(ied1lDevice1/DSCH1.SchdAbsTm.val(89))
14:23:34.471 [openiec61850-osi-server-3-thread-1] DEBUG com.beanit.openiec61850.ServerAssociation - Got a GetDataValues request for node: ied1lDevice1/DSCH1.SchdAbsTm.val(89): 0.0
calling GetDataValues(ied1lDevice1/DSCH1.SchdAbsTm.val(90))
14:23:34.471 [openiec61850-osi-server-3-thread-1] DEBUG com.beanit.openiec61850.ServerAssociation - Got a GetDataValues request for node: ied1lDevice1/DSCH1.SchdAbsTm.val(90): 0.0
calling GetDataValues(ied1lDevice1/DSCH1.SchdAbsTm.val(91))
14:23:34.471 [openiec61850-osi-server-3-thread-1] DEBUG com.beanit.openiec61850.ServerAssociation - Got a GetDataValues request for node: ied1lDevice1/DSCH1.SchdAbsTm.val(91): 0.0
calling GetDataValues(ied1lDevice1/DSCH1.SchdAbsTm.val(92))
14:23:34.472 [openiec61850-osi-server-3-thread-1] DEBUG com.beanit.openiec61850.ServerAssociation - Got a GetDataValues request for node: ied1lDevice1/DSCH1.SchdAbsTm.val(92): 0.0
calling GetDataValues(ied1lDevice1/DSCH1.SchdAbsTm.val(93))
14:23:34.472 [openiec61850-osi-server-3-thread-1] DEBUG com.beanit.openiec61850.ServerAssociation - Got a GetDataValues request for node: ied1lDevice1/DSCH1.SchdAbsTm.val(93): 0.0
calling GetDataValues(ied1lDevice1/DSCH1.SchdAbsTm.val(94))
14:23:34.472 [openiec61850-osi-server-3-thread-1] DEBUG com.beanit.openiec61850.ServerAssociation - Got a GetDataValues request for node: ied1lDevice1/DSCH1.SchdAbsTm.val(94): 0.0
calling GetDataValues(ied1lDevice1/DSCH1.SchdAbsTm.val(95))
14:23:34.472 [openiec61850-osi-server-3-thread-1] DEBUG com.beanit.openiec61850.ServerAssociation - Got a GetDataValues request for node: ied1lDevice1/DSCH1.SchdAbsTm.val(95): 0.0
calling GetDataValues(ied1lDevice1/DSCH1.SchdAbsTm.val(96))
14:23:34.473 [openiec61850-osi-server-3-thread-1] DEBUG com.beanit.openiec61850.ServerAssociation - Got a GetDataValues request for node: ied1lDevice1/DSCH1.SchdAbsTm.val(96): 0.0
calling GetDataValues(ied1lDevice1/DSCH1.SchdAbsTm.val(97))
14:23:34.473 [openiec61850-osi-server-3-thread-1] DEBUG com.beanit.openiec61850.ServerAssociation - Got a GetDataValues request for node: ied1lDevice1/DSCH1.SchdAbsTm.val(97): 0.0
calling GetDataValues(ied1lDevice1/DSCH1.SchdAbsTm.val(98))
14:23:34.473 [openiec61850-osi-server-3-thread-1] DEBUG com.beanit.openiec61850.ServerAssociation - Got a GetDataValues request for node: ied1lDevice1/DSCH1.SchdAbsTm.val(98): 0.0
calling GetDataValues(ied1lDevice1/DSCH1.SchdAbsTm.val(99))
14:23:34.473 [openiec61850-osi-server-3-thread-1] DEBUG com.beanit.openiec61850.ServerAssociation - Got a GetDataValues request for node: ied1lDevice1/DSCH1.SchdAbsTm.val(99): 0.0
calling GetDataValues(ied1lDevice1/DSCH1.SchdAbsTm.val(100))
14:23:34.473 [openiec61850-osi-server-3-thread-1] DEBUG com.beanit.openiec61850.ServerAssociation - Got a GetDataValues request for node: ied1lDevice1/DSCH1.SchdAbsTm.val(100): 0.0
calling GetDataValues(ied1lDevice1/DSCH1.SchdAbsTm.val(101))
14:23:34.474 [openiec61850-osi-server-3-thread-1] DEBUG com.beanit.openiec61850.ServerAssociation - Got a GetDataValues request for node: ied1lDevice1/DSCH1.SchdAbsTm.val(101): 0.0
calling GetDataValues(ied1lDevice1/DSCH1.SchdAbsTm.val(102))
14:23:34.474 [openiec61850-osi-server-3-thread-1] DEBUG com.beanit.openiec61850.ServerAssociation - Got a GetDataValues request for node: ied1lDevice1/DSCH1.SchdAbsTm.val(102): 0.0
calling GetDataValues(ied1lDevice1/DSCH1.SchdAbsTm.val(103))
14:23:34.474 [openiec61850-osi-server-3-thread-1] DEBUG com.beanit.openiec61850.ServerAssociation - Got a GetDataValues request for node: ied1lDevice1/DSCH1.SchdAbsTm.val(103): 0.0
calling GetDataValues(ied1lDevice1/DSCH1.SchdAbsTm.val(104))
14:23:34.474 [openiec61850-osi-server-3-thread-1] DEBUG com.beanit.openiec61850.ServerAssociation - Got a GetDataValues request for node: ied1lDevice1/DSCH1.SchdAbsTm.val(104): 0.0
calling GetDataValues(ied1lDevice1/DSCH1.SchdAbsTm.val(105))
14:23:34.475 [openiec61850-osi-server-3-thread-1] DEBUG com.beanit.openiec61850.ServerAssociation - Got a GetDataValues request for node: ied1lDevice1/DSCH1.SchdAbsTm.val(105): 0.0
calling GetDataValues(ied1lDevice1/DSCH1.SchdAbsTm.val(106))
14:23:34.475 [openiec61850-osi-server-3-thread-1] DEBUG com.beanit.openiec61850.ServerAssociation - Got a GetDataValues request for node: ied1lDevice1/DSCH1.SchdAbsTm.val(106): 0.0
calling GetDataValues(ied1lDevice1/DSCH1.SchdAbsTm.val(107))
14:23:34.475 [openiec61850-osi-server-3-thread-1] DEBUG com.beanit.openiec61850.ServerAssociation - Got a GetDataValues request for node: ied1lDevice1/DSCH1.SchdAbsTm.val(107): 0.0
calling GetDataValues(ied1lDevice1/DSCH1.SchdAbsTm.val(108))
14:23:34.475 [openiec61850-osi-server-3-thread-1] DEBUG com.beanit.openiec61850.ServerAssociation - Got a GetDataValues request for node: ied1lDevice1/DSCH1.SchdAbsTm.val(108): 0.0
calling GetDataValues(ied1lDevice1/DSCH1.SchdAbsTm.val(109))
14:23:34.476 [openiec61850-osi-server-3-thread-1] DEBUG com.beanit.openiec61850.ServerAssociation - Got a GetDataValues request for node: ied1lDevice1/DSCH1.SchdAbsTm.val(109): 0.0
calling GetDataValues(ied1lDevice1/DSCH1.SchdAbsTm.val(110))
14:23:34.476 [openiec61850-osi-server-3-thread-1] DEBUG com.beanit.openiec61850.ServerAssociation - Got a GetDataValues request for node: ied1lDevice1/DSCH1.SchdAbsTm.val(110): 0.0
calling GetDataValues(ied1lDevice1/DSCH1.SchdAbsTm.val(111))
14:23:34.476 [openiec61850-osi-server-3-thread-1] DEBUG com.beanit.openiec61850.ServerAssociation - Got a GetDataValues request for node: ied1lDevice1/DSCH1.SchdAbsTm.val(111): 0.0
calling GetDataValues(ied1lDevice1/DSCH1.SchdAbsTm.val(112))
14:23:34.476 [openiec61850-osi-server-3-thread-1] DEBUG com.beanit.openiec61850.ServerAssociation - Got a GetDataValues request for node: ied1lDevice1/DSCH1.SchdAbsTm.val(112): 0.0
calling GetDataValues(ied1lDevice1/DSCH1.SchdAbsTm.val(113))
14:23:34.476 [openiec61850-osi-server-3-thread-1] DEBUG com.beanit.openiec61850.ServerAssociation - Got a GetDataValues request for node: ied1lDevice1/DSCH1.SchdAbsTm.val(113): 0.0
calling GetDataValues(ied1lDevice1/DSCH1.SchdAbsTm.val(114))
14:23:34.477 [openiec61850-osi-server-3-thread-1] DEBUG com.beanit.openiec61850.ServerAssociation - Got a GetDataValues request for node: ied1lDevice1/DSCH1.SchdAbsTm.val(114): 0.0
calling GetDataValues(ied1lDevice1/DSCH1.SchdAbsTm.val(115))
14:23:34.477 [openiec61850-osi-server-3-thread-1] DEBUG com.beanit.openiec61850.ServerAssociation - Got a GetDataValues request for node: ied1lDevice1/DSCH1.SchdAbsTm.val(115): 0.0
calling GetDataValues(ied1lDevice1/DSCH1.SchdAbsTm.val(116))
14:23:34.477 [openiec61850-osi-server-3-thread-1] DEBUG com.beanit.openiec61850.ServerAssociation - Got a GetDataValues request for node: ied1lDevice1/DSCH1.SchdAbsTm.val(116): 0.0
calling GetDataValues(ied1lDevice1/DSCH1.SchdAbsTm.val(117))
14:23:34.477 [openiec61850-osi-server-3-thread-1] DEBUG com.beanit.openiec61850.ServerAssociation - Got a GetDataValues request for node: ied1lDevice1/DSCH1.SchdAbsTm.val(117): 0.0
calling GetDataValues(ied1lDevice1/DSCH1.SchdAbsTm.val(118))
14:23:34.477 [openiec61850-osi-server-3-thread-1] DEBUG com.beanit.openiec61850.ServerAssociation - Got a GetDataValues request for node: ied1lDevice1/DSCH1.SchdAbsTm.val(118): 0.0
calling GetDataValues(ied1lDevice1/DSCH1.SchdAbsTm.val(119))
14:23:34.478 [openiec61850-osi-server-3-thread-1] DEBUG com.beanit.openiec61850.ServerAssociation - Got a GetDataValues request for node: ied1lDevice1/DSCH1.SchdAbsTm.val(119): 0.0
calling GetDataValues(ied1lDevice1/DSCH1.SchdAbsTm.val(120))
14:23:34.478 [openiec61850-osi-server-3-thread-1] DEBUG com.beanit.openiec61850.ServerAssociation - Got a GetDataValues request for node: ied1lDevice1/DSCH1.SchdAbsTm.val(120): 0.0
calling GetDataValues(ied1lDevice1/DSCH1.SchdAbsTm.val(121))
14:23:34.478 [openiec61850-osi-server-3-thread-1] DEBUG com.beanit.openiec61850.ServerAssociation - Got a GetDataValues request for node: ied1lDevice1/DSCH1.SchdAbsTm.val(121): 0.0
calling GetDataValues(ied1lDevice1/DSCH1.SchdAbsTm.val(122))
14:23:34.478 [openiec61850-osi-server-3-thread-1] DEBUG com.beanit.openiec61850.ServerAssociation - Got a GetDataValues request for node: ied1lDevice1/DSCH1.SchdAbsTm.val(122): 0.0
calling GetDataValues(ied1lDevice1/DSCH1.SchdAbsTm.val(123))
14:23:34.478 [openiec61850-osi-server-3-thread-1] DEBUG com.beanit.openiec61850.ServerAssociation - Got a GetDataValues request for node: ied1lDevice1/DSCH1.SchdAbsTm.val(123): 0.0
calling GetDataValues(ied1lDevice1/DSCH1.SchdAbsTm.val(124))
14:23:34.479 [openiec61850-osi-server-3-thread-1] DEBUG com.beanit.openiec61850.ServerAssociation - Got a GetDataValues request for node: ied1lDevice1/DSCH1.SchdAbsTm.val(124): 0.0
calling GetDataValues(ied1lDevice1/DSCH1.SchdAbsTm.val(125))
14:23:34.479 [openiec61850-osi-server-3-thread-1] DEBUG com.beanit.openiec61850.ServerAssociation - Got a GetDataValues request for node: ied1lDevice1/DSCH1.SchdAbsTm.val(125): 0.0
calling GetDataValues(ied1lDevice1/DSCH1.SchdAbsTm.val(126))
14:23:34.479 [openiec61850-osi-server-3-thread-1] DEBUG com.beanit.openiec61850.ServerAssociation - Got a GetDataValues request for node: ied1lDevice1/DSCH1.SchdAbsTm.val(126): 0.0
calling GetDataValues(ied1lDevice1/DSCH1.SchdAbsTm.val(127))
14:23:34.479 [openiec61850-osi-server-3-thread-1] DEBUG com.beanit.openiec61850.ServerAssociation - Got a GetDataValues request for node: ied1lDevice1/DSCH1.SchdAbsTm.val(127): 0.0
calling GetDataValues(ied1lDevice1/DSCH1.SchdAbsTm.val(128))
14:23:34.479 [openiec61850-osi-server-3-thread-1] DEBUG com.beanit.openiec61850.ServerAssociation - Got a GetDataValues request for node: ied1lDevice1/DSCH1.SchdAbsTm.val(128): 0.0
calling GetDataValues(ied1lDevice1/DSCH1.SchdAbsTm.val(129))
14:23:34.480 [openiec61850-osi-server-3-thread-1] DEBUG com.beanit.openiec61850.ServerAssociation - Got a GetDataValues request for node: ied1lDevice1/DSCH1.SchdAbsTm.val(129): 0.0
calling GetDataValues(ied1lDevice1/DSCH1.SchdAbsTm.val(130))
14:23:34.480 [openiec61850-osi-server-3-thread-1] DEBUG com.beanit.openiec61850.ServerAssociation - Got a GetDataValues request for node: ied1lDevice1/DSCH1.SchdAbsTm.val(130): 0.0
calling GetDataValues(ied1lDevice1/DSCH1.SchdAbsTm.val(131))
14:23:34.480 [openiec61850-osi-server-3-thread-1] DEBUG com.beanit.openiec61850.ServerAssociation - Got a GetDataValues request for node: ied1lDevice1/DSCH1.SchdAbsTm.val(131): 0.0
calling GetDataValues(ied1lDevice1/DSCH1.SchdAbsTm.val(132))
14:23:34.480 [openiec61850-osi-server-3-thread-1] DEBUG com.beanit.openiec61850.ServerAssociation - Got a GetDataValues request for node: ied1lDevice1/DSCH1.SchdAbsTm.val(132): 0.0
calling GetDataValues(ied1lDevice1/DSCH1.SchdAbsTm.val(133))
14:23:34.481 [openiec61850-osi-server-3-thread-1] DEBUG com.beanit.openiec61850.ServerAssociation - Got a GetDataValues request for node: ied1lDevice1/DSCH1.SchdAbsTm.val(133): 0.0
calling GetDataValues(ied1lDevice1/DSCH1.SchdAbsTm.val(134))
14:23:34.481 [openiec61850-osi-server-3-thread-1] DEBUG com.beanit.openiec61850.ServerAssociation - Got a GetDataValues request for node: ied1lDevice1/DSCH1.SchdAbsTm.val(134): 0.0
calling GetDataValues(ied1lDevice1/DSCH1.SchdAbsTm.val(135))
14:23:34.481 [openiec61850-osi-server-3-thread-1] DEBUG com.beanit.openiec61850.ServerAssociation - Got a GetDataValues request for node: ied1lDevice1/DSCH1.SchdAbsTm.val(135): 0.0
calling GetDataValues(ied1lDevice1/DSCH1.SchdAbsTm.val(136))
14:23:34.481 [openiec61850-osi-server-3-thread-1] DEBUG com.beanit.openiec61850.ServerAssociation - Got a GetDataValues request for node: ied1lDevice1/DSCH1.SchdAbsTm.val(136): 0.0
calling GetDataValues(ied1lDevice1/DSCH1.SchdAbsTm.val(137))
14:23:34.481 [openiec61850-osi-server-3-thread-1] DEBUG com.beanit.openiec61850.ServerAssociation - Got a GetDataValues request for node: ied1lDevice1/DSCH1.SchdAbsTm.val(137): 0.0
calling GetDataValues(ied1lDevice1/DSCH1.SchdAbsTm.val(138))
14:23:34.482 [openiec61850-osi-server-3-thread-1] DEBUG com.beanit.openiec61850.ServerAssociation - Got a GetDataValues request for node: ied1lDevice1/DSCH1.SchdAbsTm.val(138): 0.0
calling GetDataValues(ied1lDevice1/DSCH1.SchdAbsTm.val(139))
14:23:34.482 [openiec61850-osi-server-3-thread-1] DEBUG com.beanit.openiec61850.ServerAssociation - Got a GetDataValues request for node: ied1lDevice1/DSCH1.SchdAbsTm.val(139): 0.0
calling GetDataValues(ied1lDevice1/DSCH1.SchdAbsTm.val(140))
14:23:34.482 [openiec61850-osi-server-3-thread-1] DEBUG com.beanit.openiec61850.ServerAssociation - Got a GetDataValues request for node: ied1lDevice1/DSCH1.SchdAbsTm.val(140): 0.0
calling GetDataValues(ied1lDevice1/DSCH1.SchdAbsTm.val(141))
14:23:34.482 [openiec61850-osi-server-3-thread-1] DEBUG com.beanit.openiec61850.ServerAssociation - Got a GetDataValues request for node: ied1lDevice1/DSCH1.SchdAbsTm.val(141): 0.0
calling GetDataValues(ied1lDevice1/DSCH1.SchdAbsTm.val(142))
14:23:34.482 [openiec61850-osi-server-3-thread-1] DEBUG com.beanit.openiec61850.ServerAssociation - Got a GetDataValues request for node: ied1lDevice1/DSCH1.SchdAbsTm.val(142): 0.0
calling GetDataValues(ied1lDevice1/DSCH1.SchdAbsTm.val(143))
14:23:34.483 [openiec61850-osi-server-3-thread-1] DEBUG com.beanit.openiec61850.ServerAssociation - Got a GetDataValues request for node: ied1lDevice1/DSCH1.SchdAbsTm.val(143): 0.0
calling GetDataValues(ied1lDevice1/DSCH1.SchdAbsTm.val(144))
14:23:34.483 [openiec61850-osi-server-3-thread-1] DEBUG com.beanit.openiec61850.ServerAssociation - Got a GetDataValues request for node: ied1lDevice1/DSCH1.SchdAbsTm.val(144): 0.0
calling GetDataValues(ied1lDevice1/DSCH1.SchdAbsTm.val(145))
14:23:34.483 [openiec61850-osi-server-3-thread-1] DEBUG com.beanit.openiec61850.ServerAssociation - Got a GetDataValues request for node: ied1lDevice1/DSCH1.SchdAbsTm.val(145): 0.0
calling GetDataValues(ied1lDevice1/DSCH1.SchdAbsTm.val(146))
14:23:34.483 [openiec61850-osi-server-3-thread-1] DEBUG com.beanit.openiec61850.ServerAssociation - Got a GetDataValues request for node: ied1lDevice1/DSCH1.SchdAbsTm.val(146): 0.0
calling GetDataValues(ied1lDevice1/DSCH1.SchdAbsTm.val(147))
14:23:34.484 [openiec61850-osi-server-3-thread-1] DEBUG com.beanit.openiec61850.ServerAssociation - Got a GetDataValues request for node: ied1lDevice1/DSCH1.SchdAbsTm.val(147): 0.0
calling GetDataValues(ied1lDevice1/DSCH1.SchdAbsTm.val(148))
14:23:34.484 [openiec61850-osi-server-3-thread-1] DEBUG com.beanit.openiec61850.ServerAssociation - Got a GetDataValues request for node: ied1lDevice1/DSCH1.SchdAbsTm.val(148): 0.0
calling GetDataValues(ied1lDevice1/DSCH1.SchdAbsTm.val(149))
14:23:34.484 [openiec61850-osi-server-3-thread-1] DEBUG com.beanit.openiec61850.ServerAssociation - Got a GetDataValues request for node: ied1lDevice1/DSCH1.SchdAbsTm.val(149): 0.0
calling GetDataValues(ied1lDevice1/DSCH1.SchdAbsTm.val(150))
14:23:34.484 [openiec61850-osi-server-3-thread-1] DEBUG com.beanit.openiec61850.ServerAssociation - Got a GetDataValues request for node: ied1lDevice1/DSCH1.SchdAbsTm.val(150): 0.0
calling GetDataValues(ied1lDevice1/DSCH1.SchdAbsTm.val(151))
14:23:34.484 [openiec61850-osi-server-3-thread-1] DEBUG com.beanit.openiec61850.ServerAssociation - Got a GetDataValues request for node: ied1lDevice1/DSCH1.SchdAbsTm.val(151): 0.0
calling GetDataValues(ied1lDevice1/DSCH1.SchdAbsTm.val(152))
14:23:34.485 [openiec61850-osi-server-3-thread-1] DEBUG com.beanit.openiec61850.ServerAssociation - Got a GetDataValues request for node: ied1lDevice1/DSCH1.SchdAbsTm.val(152): 0.0
calling GetDataValues(ied1lDevice1/DSCH1.SchdAbsTm.val(153))
14:23:34.485 [openiec61850-osi-server-3-thread-1] DEBUG com.beanit.openiec61850.ServerAssociation - Got a GetDataValues request for node: ied1lDevice1/DSCH1.SchdAbsTm.val(153): 0.0
calling GetDataValues(ied1lDevice1/DSCH1.SchdAbsTm.val(154))
14:23:34.485 [openiec61850-osi-server-3-thread-1] DEBUG com.beanit.openiec61850.ServerAssociation - Got a GetDataValues request for node: ied1lDevice1/DSCH1.SchdAbsTm.val(154): 0.0
calling GetDataValues(ied1lDevice1/DSCH1.SchdAbsTm.val(155))
14:23:34.485 [openiec61850-osi-server-3-thread-1] DEBUG com.beanit.openiec61850.ServerAssociation - Got a GetDataValues request for node: ied1lDevice1/DSCH1.SchdAbsTm.val(155): 0.0
calling GetDataValues(ied1lDevice1/DSCH1.SchdAbsTm.val(156))
14:23:34.485 [openiec61850-osi-server-3-thread-1] DEBUG com.beanit.openiec61850.ServerAssociation - Got a GetDataValues request for node: ied1lDevice1/DSCH1.SchdAbsTm.val(156): 0.0
calling GetDataValues(ied1lDevice1/DSCH1.SchdAbsTm.val(157))
14:23:34.486 [openiec61850-osi-server-3-thread-1] DEBUG com.beanit.openiec61850.ServerAssociation - Got a GetDataValues request for node: ied1lDevice1/DSCH1.SchdAbsTm.val(157): 0.0
calling GetDataValues(ied1lDevice1/DSCH1.SchdAbsTm.val(158))
14:23:34.486 [openiec61850-osi-server-3-thread-1] DEBUG com.beanit.openiec61850.ServerAssociation - Got a GetDataValues request for node: ied1lDevice1/DSCH1.SchdAbsTm.val(158): 0.0
calling GetDataValues(ied1lDevice1/DSCH1.SchdAbsTm.val(159))
14:23:34.486 [openiec61850-osi-server-3-thread-1] DEBUG com.beanit.openiec61850.ServerAssociation - Got a GetDataValues request for node: ied1lDevice1/DSCH1.SchdAbsTm.val(159): 0.0
calling GetDataValues(ied1lDevice1/DSCH1.SchdAbsTm.val(160))
14:23:34.486 [openiec61850-osi-server-3-thread-1] DEBUG com.beanit.openiec61850.ServerAssociation - Got a GetDataValues request for node: ied1lDevice1/DSCH1.SchdAbsTm.val(160): 0.0
calling GetDataValues(ied1lDevice1/DSCH1.SchdAbsTm.val(161))
14:23:34.487 [openiec61850-osi-server-3-thread-1] DEBUG com.beanit.openiec61850.ServerAssociation - Got a GetDataValues request for node: ied1lDevice1/DSCH1.SchdAbsTm.val(161): 0.0
calling GetDataValues(ied1lDevice1/DSCH1.SchdAbsTm.val(162))
14:23:34.487 [openiec61850-osi-server-3-thread-1] DEBUG com.beanit.openiec61850.ServerAssociation - Got a GetDataValues request for node: ied1lDevice1/DSCH1.SchdAbsTm.val(162): 0.0
calling GetDataValues(ied1lDevice1/DSCH1.SchdAbsTm.val(163))
14:23:34.487 [openiec61850-osi-server-3-thread-1] DEBUG com.beanit.openiec61850.ServerAssociation - Got a GetDataValues request for node: ied1lDevice1/DSCH1.SchdAbsTm.val(163): 0.0
calling GetDataValues(ied1lDevice1/DSCH1.SchdAbsTm.val(164))
14:23:34.487 [openiec61850-osi-server-3-thread-1] DEBUG com.beanit.openiec61850.ServerAssociation - Got a GetDataValues request for node: ied1lDevice1/DSCH1.SchdAbsTm.val(164): 0.0
calling GetDataValues(ied1lDevice1/DSCH1.SchdAbsTm.val(165))
14:23:34.487 [openiec61850-osi-server-3-thread-1] DEBUG com.beanit.openiec61850.ServerAssociation - Got a GetDataValues request for node: ied1lDevice1/DSCH1.SchdAbsTm.val(165): 0.0
calling GetDataValues(ied1lDevice1/DSCH1.SchdAbsTm.val(166))
14:23:34.487 [openiec61850-osi-server-3-thread-1] DEBUG com.beanit.openiec61850.ServerAssociation - Got a GetDataValues request for node: ied1lDevice1/DSCH1.SchdAbsTm.val(166): 0.0
calling GetDataValues(ied1lDevice1/DSCH1.SchdAbsTm.val(167))
14:23:34.488 [openiec61850-osi-server-3-thread-1] DEBUG com.beanit.openiec61850.ServerAssociation - Got a GetDataValues request for node: ied1lDevice1/DSCH1.SchdAbsTm.val(167): 0.0
calling GetDataValues(ied1lDevice1/DSCH1.SchdAbsTm.val(168))
14:23:34.488 [openiec61850-osi-server-3-thread-1] DEBUG com.beanit.openiec61850.ServerAssociation - Got a GetDataValues request for node: ied1lDevice1/DSCH1.SchdAbsTm.val(168): 0.0
calling GetDataValues(ied1lDevice1/DSCH1.SchdAbsTm.val(169))
14:23:34.488 [openiec61850-osi-server-3-thread-1] DEBUG com.beanit.openiec61850.ServerAssociation - Got a GetDataValues request for node: ied1lDevice1/DSCH1.SchdAbsTm.val(169): 0.0
calling GetDataValues(ied1lDevice1/DSCH1.SchdAbsTm.val(170))
14:23:34.488 [openiec61850-osi-server-3-thread-1] DEBUG com.beanit.openiec61850.ServerAssociation - Got a GetDataValues request for node: ied1lDevice1/DSCH1.SchdAbsTm.val(170): 0.0
calling GetDataValues(ied1lDevice1/DSCH1.SchdAbsTm.val(171))
14:23:34.488 [openiec61850-osi-server-3-thread-1] DEBUG com.beanit.openiec61850.ServerAssociation - Got a GetDataValues request for node: ied1lDevice1/DSCH1.SchdAbsTm.val(171): 0.0
calling GetDataValues(ied1lDevice1/DSCH1.SchdAbsTm.val(172))
14:23:34.489 [openiec61850-osi-server-3-thread-1] DEBUG com.beanit.openiec61850.ServerAssociation - Got a GetDataValues request for node: ied1lDevice1/DSCH1.SchdAbsTm.val(172): 0.0
calling GetDataValues(ied1lDevice1/DSCH1.SchdAbsTm.val(173))
14:23:34.489 [openiec61850-osi-server-3-thread-1] DEBUG com.beanit.openiec61850.ServerAssociation - Got a GetDataValues request for node: ied1lDevice1/DSCH1.SchdAbsTm.val(173): 0.0
calling GetDataValues(ied1lDevice1/DSCH1.SchdAbsTm.val(174))
14:23:34.489 [openiec61850-osi-server-3-thread-1] DEBUG com.beanit.openiec61850.ServerAssociation - Got a GetDataValues request for node: ied1lDevice1/DSCH1.SchdAbsTm.val(174): 0.0
calling GetDataValues(ied1lDevice1/DSCH1.SchdAbsTm.val(175))
14:23:34.489 [openiec61850-osi-server-3-thread-1] DEBUG com.beanit.openiec61850.ServerAssociation - Got a GetDataValues request for node: ied1lDevice1/DSCH1.SchdAbsTm.val(175): 0.0
calling GetDataValues(ied1lDevice1/DSCH1.SchdAbsTm.val(176))
14:23:34.490 [openiec61850-osi-server-3-thread-1] DEBUG com.beanit.openiec61850.ServerAssociation - Got a GetDataValues request for node: ied1lDevice1/DSCH1.SchdAbsTm.val(176): 0.0
calling GetDataValues(ied1lDevice1/DSCH1.SchdAbsTm.val(177))
14:23:34.490 [openiec61850-osi-server-3-thread-1] DEBUG com.beanit.openiec61850.ServerAssociation - Got a GetDataValues request for node: ied1lDevice1/DSCH1.SchdAbsTm.val(177): 0.0
calling GetDataValues(ied1lDevice1/DSCH1.SchdAbsTm.val(178))
14:23:34.490 [openiec61850-osi-server-3-thread-1] DEBUG com.beanit.openiec61850.ServerAssociation - Got a GetDataValues request for node: ied1lDevice1/DSCH1.SchdAbsTm.val(178): 0.0
calling GetDataValues(ied1lDevice1/DSCH1.SchdAbsTm.val(179))
14:23:34.490 [openiec61850-osi-server-3-thread-1] DEBUG com.beanit.openiec61850.ServerAssociation - Got a GetDataValues request for node: ied1lDevice1/DSCH1.SchdAbsTm.val(179): 0.0
calling GetDataValues(ied1lDevice1/DSCH1.SchdAbsTm.val(180))
14:23:34.490 [openiec61850-osi-server-3-thread-1] DEBUG com.beanit.openiec61850.ServerAssociation - Got a GetDataValues request for node: ied1lDevice1/DSCH1.SchdAbsTm.val(180): 0.0
calling GetDataValues(ied1lDevice1/DSCH1.SchdAbsTm.val(181))
14:23:34.490 [openiec61850-osi-server-3-thread-1] DEBUG com.beanit.openiec61850.ServerAssociation - Got a GetDataValues request for node: ied1lDevice1/DSCH1.SchdAbsTm.val(181): 0.0
calling GetDataValues(ied1lDevice1/DSCH1.SchdAbsTm.val(182))
14:23:34.491 [openiec61850-osi-server-3-thread-1] DEBUG com.beanit.openiec61850.ServerAssociation - Got a GetDataValues request for node: ied1lDevice1/DSCH1.SchdAbsTm.val(182): 0.0
calling GetDataValues(ied1lDevice1/DSCH1.SchdAbsTm.val(183))
14:23:34.491 [openiec61850-osi-server-3-thread-1] DEBUG com.beanit.openiec61850.ServerAssociation - Got a GetDataValues request for node: ied1lDevice1/DSCH1.SchdAbsTm.val(183): 0.0
calling GetDataValues(ied1lDevice1/DSCH1.SchdAbsTm.val(184))
14:23:34.491 [openiec61850-osi-server-3-thread-1] DEBUG com.beanit.openiec61850.ServerAssociation - Got a GetDataValues request for node: ied1lDevice1/DSCH1.SchdAbsTm.val(184): 0.0
calling GetDataValues(ied1lDevice1/DSCH1.SchdAbsTm.val(185))
14:23:34.491 [openiec61850-osi-server-3-thread-1] DEBUG com.beanit.openiec61850.ServerAssociation - Got a GetDataValues request for node: ied1lDevice1/DSCH1.SchdAbsTm.val(185): 0.0
calling GetDataValues(ied1lDevice1/DSCH1.SchdAbsTm.val(186))
14:23:34.491 [openiec61850-osi-server-3-thread-1] DEBUG com.beanit.openiec61850.ServerAssociation - Got a GetDataValues request for node: ied1lDevice1/DSCH1.SchdAbsTm.val(186): 0.0
calling GetDataValues(ied1lDevice1/DSCH1.SchdAbsTm.val(187))
14:23:34.492 [openiec61850-osi-server-3-thread-1] DEBUG com.beanit.openiec61850.ServerAssociation - Got a GetDataValues request for node: ied1lDevice1/DSCH1.SchdAbsTm.val(187): 0.0
calling GetDataValues(ied1lDevice1/DSCH1.SchdAbsTm.val(188))
14:23:34.492 [openiec61850-osi-server-3-thread-1] DEBUG com.beanit.openiec61850.ServerAssociation - Got a GetDataValues request for node: ied1lDevice1/DSCH1.SchdAbsTm.val(188): 0.0
calling GetDataValues(ied1lDevice1/DSCH1.SchdAbsTm.val(189))
14:23:34.492 [openiec61850-osi-server-3-thread-1] DEBUG com.beanit.openiec61850.ServerAssociation - Got a GetDataValues request for node: ied1lDevice1/DSCH1.SchdAbsTm.val(189): 0.0
calling GetDataValues(ied1lDevice1/DSCH1.SchdAbsTm.val(190))
14:23:34.492 [openiec61850-osi-server-3-thread-1] DEBUG com.beanit.openiec61850.ServerAssociation - Got a GetDataValues request for node: ied1lDevice1/DSCH1.SchdAbsTm.val(190): 0.0
calling GetDataValues(ied1lDevice1/DSCH1.SchdAbsTm.val(191))
14:23:34.493 [openiec61850-osi-server-3-thread-1] DEBUG com.beanit.openiec61850.ServerAssociation - Got a GetDataValues request for node: ied1lDevice1/DSCH1.SchdAbsTm.val(191): 0.0
calling GetDataValues(ied1lDevice1/DSCH1.SchdAbsTm.val(192))
14:23:34.493 [openiec61850-osi-server-3-thread-1] DEBUG com.beanit.openiec61850.ServerAssociation - Got a GetDataValues request for node: ied1lDevice1/DSCH1.SchdAbsTm.val(192): 0.0
calling GetDataValues(ied1lDevice1/DSCH1.SchdAbsTm.val(193))
14:23:34.493 [openiec61850-osi-server-3-thread-1] DEBUG com.beanit.openiec61850.ServerAssociation - Got a GetDataValues request for node: ied1lDevice1/DSCH1.SchdAbsTm.val(193): 0.0
calling GetDataValues(ied1lDevice1/DSCH1.SchdAbsTm.val(194))
14:23:34.493 [openiec61850-osi-server-3-thread-1] DEBUG com.beanit.openiec61850.ServerAssociation - Got a GetDataValues request for node: ied1lDevice1/DSCH1.SchdAbsTm.val(194): 0.0
calling GetDataValues(ied1lDevice1/DSCH1.SchdAbsTm.val(195))
14:23:34.494 [openiec61850-osi-server-3-thread-1] DEBUG com.beanit.openiec61850.ServerAssociation - Got a GetDataValues request for node: ied1lDevice1/DSCH1.SchdAbsTm.val(195): 0.0
calling GetDataValues(ied1lDevice1/DSCH1.SchdAbsTm.val(196))
14:23:34.494 [openiec61850-osi-server-3-thread-1] DEBUG com.beanit.openiec61850.ServerAssociation - Got a GetDataValues request for node: ied1lDevice1/DSCH1.SchdAbsTm.val(196): 0.0
calling GetDataValues(ied1lDevice1/DSCH1.SchdAbsTm.val(197))
14:23:34.494 [openiec61850-osi-server-3-thread-1] DEBUG com.beanit.openiec61850.ServerAssociation - Got a GetDataValues request for node: ied1lDevice1/DSCH1.SchdAbsTm.val(197): 0.0
calling GetDataValues(ied1lDevice1/DSCH1.SchdAbsTm.val(198))
14:23:34.494 [openiec61850-osi-server-3-thread-1] DEBUG com.beanit.openiec61850.ServerAssociation - Got a GetDataValues request for node: ied1lDevice1/DSCH1.SchdAbsTm.val(198): 0.0
calling GetDataValues(ied1lDevice1/DSCH1.SchdAbsTm.val(199))
14:23:34.494 [openiec61850-osi-server-3-thread-1] DEBUG com.beanit.openiec61850.ServerAssociation - Got a GetDataValues request for node: ied1lDevice1/DSCH1.SchdAbsTm.val(199): 0.0
calling GetDataValues(ied1lDevice1/DSCH1.SchdAbsTm.val(200))
14:23:34.495 [openiec61850-osi-server-3-thread-1] DEBUG com.beanit.openiec61850.ServerAssociation - Got a GetDataValues request for node: ied1lDevice1/DSCH1.SchdAbsTm.val(200): 0.0
calling GetDataValues(ied1lDevice1/DSCH1.SchdAbsTm.val(201))
14:23:34.495 [openiec61850-osi-server-3-thread-1] DEBUG com.beanit.openiec61850.ServerAssociation - Got a GetDataValues request for node: ied1lDevice1/DSCH1.SchdAbsTm.val(201): 0.0
calling GetDataValues(ied1lDevice1/DSCH1.SchdAbsTm.val(202))
14:23:34.495 [openiec61850-osi-server-3-thread-1] DEBUG com.beanit.openiec61850.ServerAssociation - Got a GetDataValues request for node: ied1lDevice1/DSCH1.SchdAbsTm.val(202): 0.0
calling GetDataValues(ied1lDevice1/DSCH1.SchdAbsTm.val(203))
14:23:34.495 [openiec61850-osi-server-3-thread-1] DEBUG com.beanit.openiec61850.ServerAssociation - Got a GetDataValues request for node: ied1lDevice1/DSCH1.SchdAbsTm.val(203): 0.0
calling GetDataValues(ied1lDevice1/DSCH1.SchdAbsTm.val(204))
14:23:34.495 [openiec61850-osi-server-3-thread-1] DEBUG com.beanit.openiec61850.ServerAssociation - Got a GetDataValues request for node: ied1lDevice1/DSCH1.SchdAbsTm.val(204): 0.0
calling GetDataValues(ied1lDevice1/DSCH1.SchdAbsTm.val(205))
14:23:34.496 [openiec61850-osi-server-3-thread-1] DEBUG com.beanit.openiec61850.ServerAssociation - Got a GetDataValues request for node: ied1lDevice1/DSCH1.SchdAbsTm.val(205): 0.0
calling GetDataValues(ied1lDevice1/DSCH1.SchdAbsTm.val(206))
14:23:34.496 [openiec61850-osi-server-3-thread-1] DEBUG com.beanit.openiec61850.ServerAssociation - Got a GetDataValues request for node: ied1lDevice1/DSCH1.SchdAbsTm.val(206): 0.0
calling GetDataValues(ied1lDevice1/DSCH1.SchdAbsTm.val(207))
14:23:34.496 [openiec61850-osi-server-3-thread-1] DEBUG com.beanit.openiec61850.ServerAssociation - Got a GetDataValues request for node: ied1lDevice1/DSCH1.SchdAbsTm.val(207): 0.0
calling GetDataValues(ied1lDevice1/DSCH1.SchdAbsTm.val(208))
14:23:34.496 [openiec61850-osi-server-3-thread-1] DEBUG com.beanit.openiec61850.ServerAssociation - Got a GetDataValues request for node: ied1lDevice1/DSCH1.SchdAbsTm.val(208): 0.0
calling GetDataValues(ied1lDevice1/DSCH1.SchdAbsTm.val(209))
14:23:34.497 [openiec61850-osi-server-3-thread-1] DEBUG com.beanit.openiec61850.ServerAssociation - Got a GetDataValues request for node: ied1lDevice1/DSCH1.SchdAbsTm.val(209): 0.0
calling GetDataValues(ied1lDevice1/DSCH1.SchdAbsTm.val(210))
14:23:34.497 [openiec61850-osi-server-3-thread-1] DEBUG com.beanit.openiec61850.ServerAssociation - Got a GetDataValues request for node: ied1lDevice1/DSCH1.SchdAbsTm.val(210): 0.0
calling GetDataValues(ied1lDevice1/DSCH1.SchdAbsTm.val(211))
14:23:34.497 [openiec61850-osi-server-3-thread-1] DEBUG com.beanit.openiec61850.ServerAssociation - Got a GetDataValues request for node: ied1lDevice1/DSCH1.SchdAbsTm.val(211): 0.0
calling GetDataValues(ied1lDevice1/DSCH1.SchdAbsTm.val(212))
14:23:34.497 [openiec61850-osi-server-3-thread-1] DEBUG com.beanit.openiec61850.ServerAssociation - Got a GetDataValues request for node: ied1lDevice1/DSCH1.SchdAbsTm.val(212): 0.0
calling GetDataValues(ied1lDevice1/DSCH1.SchdAbsTm.val(213))
14:23:34.497 [openiec61850-osi-server-3-thread-1] DEBUG com.beanit.openiec61850.ServerAssociation - Got a GetDataValues request for node: ied1lDevice1/DSCH1.SchdAbsTm.val(213): 0.0
calling GetDataValues(ied1lDevice1/DSCH1.SchdAbsTm.val(214))
14:23:34.498 [openiec61850-osi-server-3-thread-1] DEBUG com.beanit.openiec61850.ServerAssociation - Got a GetDataValues request for node: ied1lDevice1/DSCH1.SchdAbsTm.val(214): 0.0
calling GetDataValues(ied1lDevice1/DSCH1.SchdAbsTm.val(215))
14:23:34.498 [openiec61850-osi-server-3-thread-1] DEBUG com.beanit.openiec61850.ServerAssociation - Got a GetDataValues request for node: ied1lDevice1/DSCH1.SchdAbsTm.val(215): 0.0
calling GetDataValues(ied1lDevice1/DSCH1.SchdAbsTm.val(216))
14:23:34.498 [openiec61850-osi-server-3-thread-1] DEBUG com.beanit.openiec61850.ServerAssociation - Got a GetDataValues request for node: ied1lDevice1/DSCH1.SchdAbsTm.val(216): 0.0
calling GetDataValues(ied1lDevice1/DSCH1.SchdAbsTm.val(217))
14:23:34.498 [openiec61850-osi-server-3-thread-1] DEBUG com.beanit.openiec61850.ServerAssociation - Got a GetDataValues request for node: ied1lDevice1/DSCH1.SchdAbsTm.val(217): 0.0
calling GetDataValues(ied1lDevice1/DSCH1.SchdAbsTm.val(218))
14:23:34.499 [openiec61850-osi-server-3-thread-1] DEBUG com.beanit.openiec61850.ServerAssociation - Got a GetDataValues request for node: ied1lDevice1/DSCH1.SchdAbsTm.val(218): 0.0
calling GetDataValues(ied1lDevice1/DSCH1.SchdAbsTm.val(219))
14:23:34.499 [openiec61850-osi-server-3-thread-1] DEBUG com.beanit.openiec61850.ServerAssociation - Got a GetDataValues request for node: ied1lDevice1/DSCH1.SchdAbsTm.val(219): 0.0
calling GetDataValues(ied1lDevice1/DSCH1.SchdAbsTm.val(220))
14:23:34.499 [openiec61850-osi-server-3-thread-1] DEBUG com.beanit.openiec61850.ServerAssociation - Got a GetDataValues request for node: ied1lDevice1/DSCH1.SchdAbsTm.val(220): 0.0
calling GetDataValues(ied1lDevice1/DSCH1.SchdAbsTm.val(221))
14:23:34.499 [openiec61850-osi-server-3-thread-1] DEBUG com.beanit.openiec61850.ServerAssociation - Got a GetDataValues request for node: ied1lDevice1/DSCH1.SchdAbsTm.val(221): 0.0
calling GetDataValues(ied1lDevice1/DSCH1.SchdAbsTm.val(222))
14:23:34.499 [openiec61850-osi-server-3-thread-1] DEBUG com.beanit.openiec61850.ServerAssociation - Got a GetDataValues request for node: ied1lDevice1/DSCH1.SchdAbsTm.val(222): 0.0
calling GetDataValues(ied1lDevice1/DSCH1.SchdAbsTm.val(223))
14:23:34.500 [openiec61850-osi-server-3-thread-1] DEBUG com.beanit.openiec61850.ServerAssociation - Got a GetDataValues request for node: ied1lDevice1/DSCH1.SchdAbsTm.val(223): 0.0
calling GetDataValues(ied1lDevice1/DSCH1.SchdAbsTm.val(224))
14:23:34.500 [openiec61850-osi-server-3-thread-1] DEBUG com.beanit.openiec61850.ServerAssociation - Got a GetDataValues request for node: ied1lDevice1/DSCH1.SchdAbsTm.val(224): 0.0
calling GetDataValues(ied1lDevice1/DSCH1.SchdAbsTm.val(225))
14:23:34.500 [openiec61850-osi-server-3-thread-1] DEBUG com.beanit.openiec61850.ServerAssociation - Got a GetDataValues request for node: ied1lDevice1/DSCH1.SchdAbsTm.val(225): 0.0
calling GetDataValues(ied1lDevice1/DSCH1.SchdAbsTm.val(226))
14:23:34.500 [openiec61850-osi-server-3-thread-1] DEBUG com.beanit.openiec61850.ServerAssociation - Got a GetDataValues request for node: ied1lDevice1/DSCH1.SchdAbsTm.val(226): 0.0
calling GetDataValues(ied1lDevice1/DSCH1.SchdAbsTm.val(227))
14:23:34.500 [openiec61850-osi-server-3-thread-1] DEBUG com.beanit.openiec61850.ServerAssociation - Got a GetDataValues request for node: ied1lDevice1/DSCH1.SchdAbsTm.val(227): 0.0
calling GetDataValues(ied1lDevice1/DSCH1.SchdAbsTm.val(228))
14:23:34.501 [openiec61850-osi-server-3-thread-1] DEBUG com.beanit.openiec61850.ServerAssociation - Got a GetDataValues request for node: ied1lDevice1/DSCH1.SchdAbsTm.val(228): 0.0
calling GetDataValues(ied1lDevice1/DSCH1.SchdAbsTm.val(229))
14:23:34.501 [openiec61850-osi-server-3-thread-1] DEBUG com.beanit.openiec61850.ServerAssociation - Got a GetDataValues request for node: ied1lDevice1/DSCH1.SchdAbsTm.val(229): 0.0
calling GetDataValues(ied1lDevice1/DSCH1.SchdAbsTm.val(230))
14:23:34.501 [openiec61850-osi-server-3-thread-1] DEBUG com.beanit.openiec61850.ServerAssociation - Got a GetDataValues request for node: ied1lDevice1/DSCH1.SchdAbsTm.val(230): 0.0
calling GetDataValues(ied1lDevice1/DSCH1.SchdAbsTm.val(231))
14:23:34.501 [openiec61850-osi-server-3-thread-1] DEBUG com.beanit.openiec61850.ServerAssociation - Got a GetDataValues request for node: ied1lDevice1/DSCH1.SchdAbsTm.val(231): 0.0
calling GetDataValues(ied1lDevice1/DSCH1.SchdAbsTm.val(232))
14:23:34.501 [openiec61850-osi-server-3-thread-1] DEBUG com.beanit.openiec61850.ServerAssociation - Got a GetDataValues request for node: ied1lDevice1/DSCH1.SchdAbsTm.val(232): 0.0
calling GetDataValues(ied1lDevice1/DSCH1.SchdAbsTm.val(233))
14:23:34.502 [openiec61850-osi-server-3-thread-1] DEBUG com.beanit.openiec61850.ServerAssociation - Got a GetDataValues request for node: ied1lDevice1/DSCH1.SchdAbsTm.val(233): 0.0
calling GetDataValues(ied1lDevice1/DSCH1.SchdAbsTm.val(234))
14:23:34.502 [openiec61850-osi-server-3-thread-1] DEBUG com.beanit.openiec61850.ServerAssociation - Got a GetDataValues request for node: ied1lDevice1/DSCH1.SchdAbsTm.val(234): 0.0
calling GetDataValues(ied1lDevice1/DSCH1.SchdAbsTm.val(235))
14:23:34.502 [openiec61850-osi-server-3-thread-1] DEBUG com.beanit.openiec61850.ServerAssociation - Got a GetDataValues request for node: ied1lDevice1/DSCH1.SchdAbsTm.val(235): 0.0
calling GetDataValues(ied1lDevice1/DSCH1.SchdAbsTm.val(236))
14:23:34.502 [openiec61850-osi-server-3-thread-1] DEBUG com.beanit.openiec61850.ServerAssociation - Got a GetDataValues request for node: ied1lDevice1/DSCH1.SchdAbsTm.val(236): 0.0
calling GetDataValues(ied1lDevice1/DSCH1.SchdAbsTm.val(237))
14:23:34.502 [openiec61850-osi-server-3-thread-1] DEBUG com.beanit.openiec61850.ServerAssociation - Got a GetDataValues request for node: ied1lDevice1/DSCH1.SchdAbsTm.val(237): 0.0
calling GetDataValues(ied1lDevice1/DSCH1.SchdAbsTm.val(238))
14:23:34.502 [openiec61850-osi-server-3-thread-1] DEBUG com.beanit.openiec61850.ServerAssociation - Got a GetDataValues request for node: ied1lDevice1/DSCH1.SchdAbsTm.val(238): 0.0
calling GetDataValues(ied1lDevice1/DSCH1.SchdAbsTm.val(239))
14:23:34.503 [openiec61850-osi-server-3-thread-1] DEBUG com.beanit.openiec61850.ServerAssociation - Got a GetDataValues request for node: ied1lDevice1/DSCH1.SchdAbsTm.val(239): 0.0
calling GetDataValues(ied1lDevice1/DSCH1.SchdAbsTm.val(240))
14:23:34.503 [openiec61850-osi-server-3-thread-1] DEBUG com.beanit.openiec61850.ServerAssociation - Got a GetDataValues request for node: ied1lDevice1/DSCH1.SchdAbsTm.val(240): 0.0
calling GetDataValues(ied1lDevice1/DSCH1.SchdAbsTm.val(241))
14:23:34.503 [openiec61850-osi-server-3-thread-1] DEBUG com.beanit.openiec61850.ServerAssociation - Got a GetDataValues request for node: ied1lDevice1/DSCH1.SchdAbsTm.val(241): 0.0
calling GetDataValues(ied1lDevice1/DSCH1.SchdAbsTm.val(242))
14:23:34.503 [openiec61850-osi-server-3-thread-1] DEBUG com.beanit.openiec61850.ServerAssociation - Got a GetDataValues request for node: ied1lDevice1/DSCH1.SchdAbsTm.val(242): 0.0
calling GetDataValues(ied1lDevice1/DSCH1.SchdAbsTm.val(243))
14:23:34.503 [openiec61850-osi-server-3-thread-1] DEBUG com.beanit.openiec61850.ServerAssociation - Got a GetDataValues request for node: ied1lDevice1/DSCH1.SchdAbsTm.val(243): 0.0
calling GetDataValues(ied1lDevice1/DSCH1.SchdAbsTm.val(244))
14:23:34.504 [openiec61850-osi-server-3-thread-1] DEBUG com.beanit.openiec61850.ServerAssociation - Got a GetDataValues request for node: ied1lDevice1/DSCH1.SchdAbsTm.val(244): 0.0
calling GetDataValues(ied1lDevice1/DSCH1.SchdAbsTm.val(245))
14:23:34.504 [openiec61850-osi-server-3-thread-1] DEBUG com.beanit.openiec61850.ServerAssociation - Got a GetDataValues request for node: ied1lDevice1/DSCH1.SchdAbsTm.val(245): 0.0
calling GetDataValues(ied1lDevice1/DSCH1.SchdAbsTm.val(246))
14:23:34.504 [openiec61850-osi-server-3-thread-1] DEBUG com.beanit.openiec61850.ServerAssociation - Got a GetDataValues request for node: ied1lDevice1/DSCH1.SchdAbsTm.val(246): 0.0
calling GetDataValues(ied1lDevice1/DSCH1.SchdAbsTm.val(247))
14:23:34.504 [openiec61850-osi-server-3-thread-1] DEBUG com.beanit.openiec61850.ServerAssociation - Got a GetDataValues request for node: ied1lDevice1/DSCH1.SchdAbsTm.val(247): 0.0
calling GetDataValues(ied1lDevice1/DSCH1.SchdAbsTm.val(248))
14:23:34.504 [openiec61850-osi-server-3-thread-1] DEBUG com.beanit.openiec61850.ServerAssociation - Got a GetDataValues request for node: ied1lDevice1/DSCH1.SchdAbsTm.val(248): 0.0
calling GetDataValues(ied1lDevice1/DSCH1.SchdAbsTm.val(249))
14:23:34.504 [openiec61850-osi-server-3-thread-1] DEBUG com.beanit.openiec61850.ServerAssociation - Got a GetDataValues request for node: ied1lDevice1/DSCH1.SchdAbsTm.val(249): 0.0
calling GetDataValues(ied1lDevice1/DSCH1.SchdAbsTm.val(250))
14:23:34.505 [openiec61850-osi-server-3-thread-1] DEBUG com.beanit.openiec61850.ServerAssociation - Got a GetDataValues request for node: ied1lDevice1/DSCH1.SchdAbsTm.val(250): 0.0
calling GetDataValues(ied1lDevice1/DSCH1.SchdAbsTm.val(251))
14:23:34.505 [openiec61850-osi-server-3-thread-1] DEBUG com.beanit.openiec61850.ServerAssociation - Got a GetDataValues request for node: ied1lDevice1/DSCH1.SchdAbsTm.val(251): 0.0
calling GetDataValues(ied1lDevice1/DSCH1.SchdAbsTm.val(252))
14:23:34.505 [openiec61850-osi-server-3-thread-1] DEBUG com.beanit.openiec61850.ServerAssociation - Got a GetDataValues request for node: ied1lDevice1/DSCH1.SchdAbsTm.val(252): 0.0
calling GetDataValues(ied1lDevice1/DSCH1.SchdAbsTm.val(253))
14:23:34.505 [openiec61850-osi-server-3-thread-1] DEBUG com.beanit.openiec61850.ServerAssociation - Got a GetDataValues request for node: ied1lDevice1/DSCH1.SchdAbsTm.val(253): 0.0
calling GetDataValues(ied1lDevice1/DSCH1.SchdAbsTm.val(254))
14:23:34.505 [openiec61850-osi-server-3-thread-1] DEBUG com.beanit.openiec61850.ServerAssociation - Got a GetDataValues request for node: ied1lDevice1/DSCH1.SchdAbsTm.val(254): 0.0
calling GetDataValues(ied1lDevice1/DSCH1.SchdAbsTm.sptestval1)
14:23:34.506 [openiec61850-osi-server-3-thread-1] DEBUG com.beanit.openiec61850.ServerAssociation - Got a GetDataValues request for node: ied1lDevice1/DSCH1.SchdAbsTm.sptestval1: 0
calling GetDataValues(ied1lDevice1/DSCH1.SchdAbsTm.sptestval2)
14:23:34.506 [openiec61850-osi-server-3-thread-1] DEBUG com.beanit.openiec61850.ServerAssociation - Got a GetDataValues request for node: ied1lDevice1/DSCH1.SchdAbsTm.sptestval2: 0
14:23:34.506 [openiec61850-osi-server-3-thread-1] DEBUG com.beanit.openiec61850.ServerAssociation - Got a GetDataValues request for node: ied1lDevice1/MMXU1.TotW.t: Thu Jan 01 01:00:00 CET 1970
14:23:34.508 [openiec61850-osi-server-3-thread-1] DEBUG com.beanit.openiec61850.ServerAssociation - Got a Write request
14:23:34.508 [openiec61850-osi-server-3-thread-1] DEBUG com.beanit.openiec61850.ServerAssociation - Got a SetDataValues request.
DataSource: got write request
14:23:34.509 [openiec61850-osi-server-3-thread-1] DEBUG com.beanit.openiec61850.ServerAssociation - Got a GetDataValues request for node: ied1lDevice1/LLN0.NamPlt.vendor: Fraunhofer ISE
14:23:34.509 [openiec61850-osi-server-3-thread-1] DEBUG com.beanit.openiec61850.ServerAssociation - Got a Write request
14:23:34.509 [openiec61850-osi-server-3-thread-1] DEBUG com.beanit.openiec61850.ServerAssociation - Got a SetDataSetValues request.
DataSource: got write request
14:23:34.509 [openiec61850-osi-server-3-thread-1] DEBUG com.beanit.openiec61850.ServerAssociation - Got a GetDataSetValues request.
14:23:34.511 [openiec61850-osi-server-3-thread-1] DEBUG com.beanit.openiec61850.ServerAssociation - Got a CreateDataSet request
14:23:34.511 [openiec61850-osi-server-3-thread-1] DEBUG com.beanit.openiec61850.ServerAssociation - Got a GetDataSetValues request.
14:23:34.513 [openiec61850-osi-server-3-thread-1] DEBUG com.beanit.openiec61850.ServerAssociation - Got a DeleteDataSet request
14:23:34.514 [openiec61850-osi-server-3-thread-1] DEBUG com.beanit.openiec61850.ServerAssociation - Got a GetDataSetValues request.
14:23:34.514 [openiec61850-osi-server-3-thread-1] WARN com.beanit.openiec61850.ServerAssociation - handleGetDataSetValuesRequest: a DataSet with the given reference does not exist
14:23:34.516 [openiec61850-osi-server-3-thread-1] DEBUG com.beanit.openiec61850.ServerAssociation - Got a GetDataSetValues request.
14:23:34.516 [openiec61850-osi-server-3-thread-1] DEBUG com.beanit.openiec61850.ServerAssociation - Got a GetDataValues request for node: ied1lDevice1/CSWI1.PosA.SBO: ''
14:23:34.516 [openiec61850-osi-server-3-thread-1] DEBUG com.beanit.openiec61850.ServerAssociation - Got a GetDataValues request for node: ied1lDevice1/CSWI1.PosA.SBO: ''
14:23:34.520 [openiec61850-osi-server-4-thread-2] DEBUG com.beanit.openiec61850.ServerAssociation - Got a GetServerDirectory (MMS GetNameList[DOMAIN]) request
14:23:34.522 [openiec61850-osi-server-4-thread-2] DEBUG com.beanit.openiec61850.ServerAssociation - Got a Get{LD|LN}Directory (MMS GetNameList[NAMED_VARIABLE]) request
14:23:34.523 [openiec61850-osi-server-4-thread-2] DEBUG com.beanit.openiec61850.ServerAssociation - Got a GetDataDirectory/GetDataDefinition (MMS GetVariableAccessAttributes) request
14:23:34.529 [openiec61850-osi-server-4-thread-2] DEBUG com.beanit.openiec61850.ServerAssociation - Got a GetDataDirectory/GetDataDefinition (MMS GetVariableAccessAttributes) request
14:23:34.529 [openiec61850-osi-server-4-thread-2] DEBUG com.beanit.openiec61850.ServerAssociation - Got a GetDataDirectory/GetDataDefinition (MMS GetVariableAccessAttributes) request
14:23:34.531 [openiec61850-osi-server-4-thread-2] DEBUG com.beanit.openiec61850.ServerAssociation - Got a GetDataDirectory/GetDataDefinition (MMS GetVariableAccessAttributes) request
14:23:34.532 [openiec61850-osi-server-4-thread-2] DEBUG com.beanit.openiec61850.ServerAssociation - Got a GetDataDirectory/GetDataDefinition (MMS GetVariableAccessAttributes) request
14:23:34.534 [openiec61850-osi-server-4-thread-2] DEBUG com.beanit.openiec61850.ServerAssociation - Got a GetLogicalNodeDirectory[DataSet] (MMS GetNameList[NAMED_VARIABLE_LIST]) request
14:23:34.534 [openiec61850-osi-server-4-thread-2] DEBUG com.beanit.openiec61850.ServerAssociation - Got a GetDataSetDirectory request
14:23:34.535 [openiec61850-osi-server-4-thread-2] DEBUG com.beanit.openiec61850.ServerAssociation - Got a GetDataSetDirectory request
14:23:34.535 [openiec61850-osi-server-4-thread-2] DEBUG com.beanit.openiec61850.ServerAssociation - Got a GetDataValues request for node: ied1lDevice1/CSWI1.PosA.SBO: ''
14:23:35.536 [openiec61850-osi-server-4-thread-2] DEBUG com.beanit.openiec61850.ServerAssociation - Got a GetDataValues request for node: ied1lDevice1/CSWI1.PosA.SBO: ''
14:23:35.536 [openiec61850-osi-server-3-thread-1] DEBUG com.beanit.openiec61850.ServerAssociation - Got a GetDataValues request for node: ied1lDevice1/CSWI1.PosA.SBO: ''
14:23:35.537 [openiec61850-osi-server-4-thread-2] DEBUG com.beanit.openiec61850.ServerAssociation - Connection was closed by client.
Association closed!
Connection closed by client
14:23:35.638 [openiec61850-osi-server-3-thread-1] DEBUG com.beanit.openiec61850.ServerAssociation - Got a GetDataValues request for node: ied1lDevice1/CSWI1.PosA.SBO: ''
14:23:35.638 [openiec61850-osi-server-3-thread-1] DEBUG com.beanit.openiec61850.ServerAssociation - Got a Write request
14:23:35.638 [openiec61850-osi-server-3-thread-1] DEBUG com.beanit.openiec61850.ServerAssociation - Got a SetDataValues request.
DataSource: got write request
14:23:35.638 [openiec61850-osi-server-3-thread-1] DEBUG com.beanit.openiec61850.ServerAssociation - Got a GetDataValues request for node: ied1lDevice1/LLN0.urcb101 [RP]
ied1lDevice1/LLN0.urcb101.RptID: urcb1
ied1lDevice1/LLN0.urcb101.RptEna: false
ied1lDevice1/LLN0.urcb101.Resv: false
ied1lDevice1/LLN0.urcb101.DatSet: ied1lDevice1/LLN0$dataset1
ied1lDevice1/LLN0.urcb101.ConfRev: 0
ied1lDevice1/LLN0.urcb101.OptFlds: 0x78 0x00
ied1lDevice1/LLN0.urcb101.BufTm: 50
ied1lDevice1/LLN0.urcb101.SqNum: 0
ied1lDevice1/LLN0.urcb101.TrgOps: 0x74, data change: true, data update: true, quality change:true, integrity period: false, GI: true
ied1lDevice1/LLN0.urcb101.IntgPd: 5000
ied1lDevice1/LLN0.urcb101.GI: false
ied1lDevice1/LLN0.urcb101.Owner: []
14:23:35.639 [openiec61850-osi-server-3-thread-1] DEBUG com.beanit.openiec61850.ServerAssociation - sub BDA is:ied1lDevice1/LLN0.urcb101.RptID: urcb1
14:23:35.639 [openiec61850-osi-server-3-thread-1] DEBUG com.beanit.openiec61850.ServerAssociation - sub BDA is:ied1lDevice1/LLN0.urcb101.RptEna: false
14:23:35.639 [openiec61850-osi-server-3-thread-1] DEBUG com.beanit.openiec61850.ServerAssociation - sub BDA is:ied1lDevice1/LLN0.urcb101.Resv: false
14:23:35.639 [openiec61850-osi-server-3-thread-1] DEBUG com.beanit.openiec61850.ServerAssociation - sub BDA is:ied1lDevice1/LLN0.urcb101.DatSet: ied1lDevice1/LLN0$dataset1
14:23:35.639 [openiec61850-osi-server-3-thread-1] DEBUG com.beanit.openiec61850.ServerAssociation - sub BDA is:ied1lDevice1/LLN0.urcb101.ConfRev: 0
14:23:35.639 [openiec61850-osi-server-3-thread-1] DEBUG com.beanit.openiec61850.ServerAssociation - sub BDA is:ied1lDevice1/LLN0.urcb101.OptFlds: 0x78 0x00
14:23:35.639 [openiec61850-osi-server-3-thread-1] DEBUG com.beanit.openiec61850.ServerAssociation - sub BDA is:ied1lDevice1/LLN0.urcb101.BufTm: 50
14:23:35.639 [openiec61850-osi-server-3-thread-1] DEBUG com.beanit.openiec61850.ServerAssociation - sub BDA is:ied1lDevice1/LLN0.urcb101.SqNum: 0
14:23:35.639 [openiec61850-osi-server-3-thread-1] DEBUG com.beanit.openiec61850.ServerAssociation - sub BDA is:ied1lDevice1/LLN0.urcb101.TrgOps: 0x74, data change: true, data update: true, quality change:true, integrity period: false, GI: true
14:23:35.639 [openiec61850-osi-server-3-thread-1] DEBUG com.beanit.openiec61850.ServerAssociation - sub BDA is:ied1lDevice1/LLN0.urcb101.IntgPd: 5000
14:23:35.639 [openiec61850-osi-server-3-thread-1] DEBUG com.beanit.openiec61850.ServerAssociation - sub BDA is:ied1lDevice1/LLN0.urcb101.GI: false
14:23:35.639 [openiec61850-osi-server-3-thread-1] DEBUG com.beanit.openiec61850.ServerAssociation - sub BDA is:ied1lDevice1/LLN0.urcb101.Owner: []
14:23:35.639 [openiec61850-osi-server-3-thread-1] DEBUG com.beanit.openiec61850.ServerAssociation - Got a GetDataValues request for node: ied1lDevice1/LLN0.urcb2 [RP]
ied1lDevice1/LLN0.urcb2.RptID: ied1lDevice1/LLN0.urcb2
ied1lDevice1/LLN0.urcb2.RptEna: false
ied1lDevice1/LLN0.urcb2.Resv: false
ied1lDevice1/LLN0.urcb2.DatSet: ied1lDevice1/LLN0$dataset1
ied1lDevice1/LLN0.urcb2.ConfRev: 0
ied1lDevice1/LLN0.urcb2.OptFlds: 0x00 0x00
ied1lDevice1/LLN0.urcb2.BufTm: 0
ied1lDevice1/LLN0.urcb2.SqNum: 0
ied1lDevice1/LLN0.urcb2.TrgOps: 0x04, data change: false, data update: false, quality change:false, integrity period: false, GI: true
ied1lDevice1/LLN0.urcb2.IntgPd: 0
ied1lDevice1/LLN0.urcb2.GI: false
ied1lDevice1/LLN0.urcb2.Owner: []
14:23:35.639 [openiec61850-osi-server-3-thread-1] DEBUG com.beanit.openiec61850.ServerAssociation - sub BDA is:ied1lDevice1/LLN0.urcb2.RptID: ied1lDevice1/LLN0.urcb2
14:23:35.639 [openiec61850-osi-server-3-thread-1] DEBUG com.beanit.openiec61850.ServerAssociation - sub BDA is:ied1lDevice1/LLN0.urcb2.RptEna: false
14:23:35.639 [openiec61850-osi-server-3-thread-1] DEBUG com.beanit.openiec61850.ServerAssociation - sub BDA is:ied1lDevice1/LLN0.urcb2.Resv: false
14:23:35.639 [openiec61850-osi-server-3-thread-1] DEBUG com.beanit.openiec61850.ServerAssociation - sub BDA is:ied1lDevice1/LLN0.urcb2.DatSet: ied1lDevice1/LLN0$dataset1
14:23:35.639 [openiec61850-osi-server-3-thread-1] DEBUG com.beanit.openiec61850.ServerAssociation - sub BDA is:ied1lDevice1/LLN0.urcb2.ConfRev: 0
14:23:35.639 [openiec61850-osi-server-3-thread-1] DEBUG com.beanit.openiec61850.ServerAssociation - sub BDA is:ied1lDevice1/LLN0.urcb2.OptFlds: 0x00 0x00
14:23:35.639 [openiec61850-osi-server-3-thread-1] DEBUG com.beanit.openiec61850.ServerAssociation - sub BDA is:ied1lDevice1/LLN0.urcb2.BufTm: 0
14:23:35.639 [openiec61850-osi-server-3-thread-1] DEBUG com.beanit.openiec61850.ServerAssociation - sub BDA is:ied1lDevice1/LLN0.urcb2.SqNum: 0
14:23:35.639 [openiec61850-osi-server-3-thread-1] DEBUG com.beanit.openiec61850.ServerAssociation - sub BDA is:ied1lDevice1/LLN0.urcb2.TrgOps: 0x04, data change: false, data update: false, quality change:false, integrity period: false, GI: true
14:23:35.639 [openiec61850-osi-server-3-thread-1] DEBUG com.beanit.openiec61850.ServerAssociation - sub BDA is:ied1lDevice1/LLN0.urcb2.IntgPd: 0
14:23:35.639 [openiec61850-osi-server-3-thread-1] DEBUG com.beanit.openiec61850.ServerAssociation - sub BDA is:ied1lDevice1/LLN0.urcb2.GI: false
14:23:35.639 [openiec61850-osi-server-3-thread-1] DEBUG com.beanit.openiec61850.ServerAssociation - sub BDA is:ied1lDevice1/LLN0.urcb2.Owner: []
14:23:35.639 [openiec61850-osi-server-3-thread-1] DEBUG com.beanit.openiec61850.ServerAssociation - Got a GetDataValues request for node: ied1lDevice1/LLN0.urcb101.Resv: false
14:23:35.639 [openiec61850-osi-server-3-thread-1] DEBUG com.beanit.openiec61850.ServerAssociation - Got a Write request
14:23:35.639 [openiec61850-osi-server-3-thread-1] DEBUG com.beanit.openiec61850.ServerAssociation - Got a SetDataValues request.
14:23:35.640 [openiec61850-osi-server-3-thread-1] DEBUG com.beanit.openiec61850.ServerAssociation - Got a GetDataValues request for node: ied1lDevice1/LLN0.urcb101.Resv: true
14:23:35.640 [openiec61850-osi-server-3-thread-1] DEBUG com.beanit.openiec61850.ServerAssociation - Got a Write request
14:23:35.640 [openiec61850-osi-server-3-thread-1] DEBUG com.beanit.openiec61850.ServerAssociation - Got a SetDataValues request.
14:23:35.640 [openiec61850-osi-server-3-thread-1] DEBUG com.beanit.openiec61850.ServerAssociation - Got a Write request
14:23:35.640 [openiec61850-osi-server-3-thread-1] DEBUG com.beanit.openiec61850.ServerAssociation - Got a SetDataValues request.
14:23:35.640 [openiec61850-osi-server-3-thread-1] DEBUG com.beanit.openiec61850.ServerAssociation - Got a Write request
14:23:35.640 [openiec61850-osi-server-3-thread-1] DEBUG com.beanit.openiec61850.ServerAssociation - Got a SetDataValues request.
14:23:35.640 [openiec61850-osi-server-3-thread-1] DEBUG com.beanit.openiec61850.ServerAssociation - Got a Write request
14:23:35.640 [openiec61850-osi-server-3-thread-1] DEBUG com.beanit.openiec61850.ServerAssociation - Got a SetDataValues request.
14:23:35.640 [openiec61850-osi-server-3-thread-1] DEBUG com.beanit.openiec61850.ServerAssociation - Got a Write request
14:23:35.640 [openiec61850-osi-server-3-thread-1] DEBUG com.beanit.openiec61850.ServerAssociation - Got a SetDataValues request.
14:23:35.641 [openiec61850-osi-server-3-thread-1] DEBUG com.beanit.openiec61850.ServerAssociation - Got a Write request
14:23:35.641 [openiec61850-osi-server-3-thread-1] DEBUG com.beanit.openiec61850.ServerAssociation - Got a SetDataValues request.
14:23:35.641 [openiec61850-osi-server-3-thread-1] DEBUG com.beanit.openiec61850.ServerAssociation - Got a GetDataValues request for node: ied1lDevice1/LLN0.urcb101 [RP]
ied1lDevice1/LLN0.urcb101.RptID: myurcb1
ied1lDevice1/LLN0.urcb101.RptEna: false
ied1lDevice1/LLN0.urcb101.Resv: true
ied1lDevice1/LLN0.urcb101.DatSet: ied1lDevice1/LLN0$dataset1
ied1lDevice1/LLN0.urcb101.ConfRev: 0
ied1lDevice1/LLN0.urcb101.OptFlds: 0x78 0x00
ied1lDevice1/LLN0.urcb101.BufTm: 50
ied1lDevice1/LLN0.urcb101.SqNum: 0
ied1lDevice1/LLN0.urcb101.TrgOps: 0x20, data change: false, data update: false, quality change:true, integrity period: false, GI: false
ied1lDevice1/LLN0.urcb101.IntgPd: 5000
ied1lDevice1/LLN0.urcb101.GI: false
ied1lDevice1/LLN0.urcb101.Owner: []
14:23:35.641 [openiec61850-osi-server-3-thread-1] DEBUG com.beanit.openiec61850.ServerAssociation - sub BDA is:ied1lDevice1/LLN0.urcb101.RptID: myurcb1
14:23:35.641 [openiec61850-osi-server-3-thread-1] DEBUG com.beanit.openiec61850.ServerAssociation - sub BDA is:ied1lDevice1/LLN0.urcb101.RptEna: false
14:23:35.641 [openiec61850-osi-server-3-thread-1] DEBUG com.beanit.openiec61850.ServerAssociation - sub BDA is:ied1lDevice1/LLN0.urcb101.Resv: true
14:23:35.641 [openiec61850-osi-server-3-thread-1] DEBUG com.beanit.openiec61850.ServerAssociation - sub BDA is:ied1lDevice1/LLN0.urcb101.DatSet: ied1lDevice1/LLN0$dataset1
14:23:35.641 [openiec61850-osi-server-3-thread-1] DEBUG com.beanit.openiec61850.ServerAssociation - sub BDA is:ied1lDevice1/LLN0.urcb101.ConfRev: 0
14:23:35.641 [openiec61850-osi-server-3-thread-1] DEBUG com.beanit.openiec61850.ServerAssociation - sub BDA is:ied1lDevice1/LLN0.urcb101.OptFlds: 0x78 0x00
14:23:35.641 [openiec61850-osi-server-3-thread-1] DEBUG com.beanit.openiec61850.ServerAssociation - sub BDA is:ied1lDevice1/LLN0.urcb101.BufTm: 50
14:23:35.641 [openiec61850-osi-server-3-thread-1] DEBUG com.beanit.openiec61850.ServerAssociation - sub BDA is:ied1lDevice1/LLN0.urcb101.SqNum: 0
14:23:35.641 [openiec61850-osi-server-3-thread-1] DEBUG com.beanit.openiec61850.ServerAssociation - sub BDA is:ied1lDevice1/LLN0.urcb101.TrgOps: 0x20, data change: false, data update: false, quality change:true, integrity period: false, GI: false
14:23:35.641 [openiec61850-osi-server-3-thread-1] DEBUG com.beanit.openiec61850.ServerAssociation - sub BDA is:ied1lDevice1/LLN0.urcb101.IntgPd: 5000
14:23:35.641 [openiec61850-osi-server-3-thread-1] DEBUG com.beanit.openiec61850.ServerAssociation - sub BDA is:ied1lDevice1/LLN0.urcb101.GI: false
14:23:35.641 [openiec61850-osi-server-3-thread-1] DEBUG com.beanit.openiec61850.ServerAssociation - sub BDA is:ied1lDevice1/LLN0.urcb101.Owner: []
14:23:35.641 [openiec61850-osi-server-3-thread-1] DEBUG com.beanit.openiec61850.ServerAssociation - Got a Write request
14:23:35.641 [openiec61850-osi-server-3-thread-1] DEBUG com.beanit.openiec61850.ServerAssociation - Got a SetDataValues request.
14:23:35.641 [openiec61850-osi-server-3-thread-1] DEBUG com.beanit.openiec61850.ServerAssociation - Got a Write request
14:23:35.641 [openiec61850-osi-server-3-thread-1] DEBUG com.beanit.openiec61850.ServerAssociation - Got a SetDataValues request.
14:23:35.641 [openiec61850-osi-server-3-thread-1] DEBUG com.beanit.openiec61850.ServerAssociation - Got a Write request
14:23:35.641 [openiec61850-osi-server-3-thread-1] DEBUG com.beanit.openiec61850.ServerAssociation - Got a SetDataValues request.
14:23:35.642 [openiec61850-osi-server-3-thread-1] DEBUG com.beanit.openiec61850.ServerAssociation - Got a Write request
14:23:35.642 [openiec61850-osi-server-3-thread-1] DEBUG com.beanit.openiec61850.ServerAssociation - Got a SetDataValues request.
14:23:35.642 [openiec61850-osi-server-3-thread-1] INFO com.beanit.openiec61850.ServerAssociation - Client tried to initiate a general interrogation even though URCB is not enabled by this client or general interrogation is not enabled in the trigger options.
14:23:35.642 [openiec61850-osi-server-3-thread-1] DEBUG com.beanit.openiec61850.ServerAssociation - Got a Write request
14:23:35.642 [openiec61850-osi-server-3-thread-1] DEBUG com.beanit.openiec61850.ServerAssociation - Got a SetDataValues request.
14:23:35.642 [openiec61850-osi-server-3-thread-1] DEBUG com.beanit.openiec61850.ServerAssociation - Got a Write request
14:23:35.642 [openiec61850-osi-server-3-thread-1] DEBUG com.beanit.openiec61850.ServerAssociation - Got a SetDataValues request.
14:23:35.642 [openiec61850-osi-server-3-thread-1] DEBUG com.beanit.openiec61850.ServerAssociation - Got a Write request
14:23:35.642 [openiec61850-osi-server-3-thread-1] DEBUG com.beanit.openiec61850.ServerAssociation - Got a SetDataValues request.
14:23:35.642 [openiec61850-osi-server-3-thread-1] DEBUG com.beanit.openiec61850.ServerAssociation - Got a Write request
14:23:35.642 [openiec61850-osi-server-3-thread-1] DEBUG com.beanit.openiec61850.ServerAssociation - Got a SetDataValues request.
14:23:35.642 [openiec61850-osi-server-3-thread-1] DEBUG com.beanit.openiec61850.ServerAssociation - Got a Write request
14:23:35.642 [openiec61850-osi-server-3-thread-1] DEBUG com.beanit.openiec61850.ServerAssociation - Got a SetDataValues request.
14:23:35.643 [openiec61850-osi-server-3-thread-1] DEBUG com.beanit.openiec61850.ServerAssociation - Got a Write request
14:23:35.643 [openiec61850-osi-server-3-thread-1] DEBUG com.beanit.openiec61850.ServerAssociation - Got a SetDataValues request.
14:23:35.643 [openiec61850-osi-server-3-thread-1] DEBUG com.beanit.openiec61850.ServerAssociation - Got a Write request
14:23:35.643 [openiec61850-osi-server-3-thread-1] DEBUG com.beanit.openiec61850.ServerAssociation - Got a SetDataValues request.
got report!
got report!
14:23:39.644 [openiec61850-osi-server-3-thread-1] DEBUG com.beanit.openiec61850.ServerAssociation - Got a Write request
14:23:39.644 [openiec61850-osi-server-3-thread-1] DEBUG com.beanit.openiec61850.ServerAssociation - Got a SetDataValues request.
14:23:39.645 [openiec61850-osi-server-3-thread-1] DEBUG com.beanit.openiec61850.ServerAssociation - Got a Write request
14:23:39.645 [openiec61850-osi-server-3-thread-1] DEBUG com.beanit.openiec61850.ServerAssociation - Got a SetDataValues request.
14:23:39.645 [openiec61850-osi-server-3-thread-1] DEBUG com.beanit.openiec61850.ServerAssociation - Got a Write request
14:23:39.645 [openiec61850-osi-server-3-thread-1] DEBUG com.beanit.openiec61850.ServerAssociation - Got a SetDataValues request.
got report!
got report!
got report!
got report!
got report!
got report!
14:23:46.145 [openiec61850-osi-server-3-thread-1] DEBUG com.beanit.openiec61850.ServerAssociation - Got a Write request
14:23:46.145 [openiec61850-osi-server-3-thread-1] DEBUG com.beanit.openiec61850.ServerAssociation - Got a SetDataValues request.
14:23:46.145 [openiec61850-osi-server-3-thread-1] DEBUG com.beanit.openiec61850.ServerAssociation - Connection was closed by client.
Association closed!
Connection disconnected by client
]]></system-out>
  <system-err><![CDATA[]]></system-err>
</testsuite>
