<?xml version="1.0" encoding="UTF-8"?>
<testsuite name="com.beanit.openiec61850.integrationtests.ReportingTest" tests="2" skipped="0" failures="0" errors="0" timestamp="2020-02-19T13:23:48" hostname="Mandl-PC" time="2.534">
  <properties/>
  <testcase name="reportingWithCreatedDataSetTest" classname="com.beanit.openiec61850.integrationtests.ReportingTest" time="1.52"/>
  <testcase name="reportingTest" classname="com.beanit.openiec61850.integrationtests.ReportingTest" time="1.014"/>
  <system-out><![CDATA[14:23:48.049 [openiec61850-osi-server-8-thread-1] DEBUG com.beanit.openiec61850.ServerAssociation - Got a GetServerDirectory (MMS GetNameList[DOMAIN]) request
14:23:48.049 [openiec61850-osi-server-8-thread-1] DEBUG com.beanit.openiec61850.ServerAssociation - Got a Get{LD|LN}Directory (MMS GetNameList[NAMED_VARIABLE]) request
14:23:48.050 [openiec61850-osi-server-8-thread-1] DEBUG com.beanit.openiec61850.ServerAssociation - Got a GetDataDirectory/GetDataDefinition (MMS GetVariableAccessAttributes) request
14:23:48.051 [openiec61850-osi-server-8-thread-1] DEBUG com.beanit.openiec61850.ServerAssociation - Got a GetDataDirectory/GetDataDefinition (MMS GetVariableAccessAttributes) request
14:23:48.051 [openiec61850-osi-server-8-thread-1] DEBUG com.beanit.openiec61850.ServerAssociation - Got a GetDataDirectory/GetDataDefinition (MMS GetVariableAccessAttributes) request
14:23:48.052 [openiec61850-osi-server-8-thread-1] DEBUG com.beanit.openiec61850.ServerAssociation - Got a GetDataDirectory/GetDataDefinition (MMS GetVariableAccessAttributes) request
14:23:48.053 [openiec61850-osi-server-8-thread-1] DEBUG com.beanit.openiec61850.ServerAssociation - Got a GetDataDirectory/GetDataDefinition (MMS GetVariableAccessAttributes) request
14:23:48.054 [openiec61850-osi-server-8-thread-1] DEBUG com.beanit.openiec61850.ServerAssociation - Got a GetLogicalNodeDirectory[DataSet] (MMS GetNameList[NAMED_VARIABLE_LIST]) request
14:23:48.054 [openiec61850-osi-server-8-thread-1] DEBUG com.beanit.openiec61850.ServerAssociation - Got a GetDataSetDirectory request
14:23:48.054 [openiec61850-osi-server-8-thread-1] DEBUG com.beanit.openiec61850.ServerAssociation - Got a GetDataSetDirectory request
14:23:48.055 [openiec61850-osi-server-8-thread-1] DEBUG com.beanit.openiec61850.ServerAssociation - Got a CreateDataSet request
14:23:48.055 [openiec61850-osi-server-8-thread-1] DEBUG com.beanit.openiec61850.ServerAssociation - Got a GetDataValues request for node: ied1lDevice1/LLN0.urcb101 [RP]
ied1lDevice1/LLN0.urcb101.RptID: urcb1
ied1lDevice1/LLN0.urcb101.RptEna: false
ied1lDevice1/LLN0.urcb101.Resv: false
ied1lDevice1/LLN0.urcb101.DatSet: ied1lDevice1/LLN0$dataset1
ied1lDevice1/LLN0.urcb101.ConfRev: 0
ied1lDevice1/LLN0.urcb101.OptFlds: 0x78 0x00
ied1lDevice1/LLN0.urcb101.BufTm: 50
ied1lDevice1/LLN0.urcb101.SqNum: 0
ied1lDevice1/LLN0.urcb101.TrgOps: 0x74, data change: true, data update: true, quality change:true, integrity period: false, GI: true
ied1lDevice1/LLN0.urcb101.IntgPd: 5000
ied1lDevice1/LLN0.urcb101.GI: false
ied1lDevice1/LLN0.urcb101.Owner: []
14:23:48.055 [openiec61850-osi-server-8-thread-1] DEBUG com.beanit.openiec61850.ServerAssociation - sub BDA is:ied1lDevice1/LLN0.urcb101.RptID: urcb1
14:23:48.055 [openiec61850-osi-server-8-thread-1] DEBUG com.beanit.openiec61850.ServerAssociation - sub BDA is:ied1lDevice1/LLN0.urcb101.RptEna: false
14:23:48.055 [openiec61850-osi-server-8-thread-1] DEBUG com.beanit.openiec61850.ServerAssociation - sub BDA is:ied1lDevice1/LLN0.urcb101.Resv: false
14:23:48.055 [openiec61850-osi-server-8-thread-1] DEBUG com.beanit.openiec61850.ServerAssociation - sub BDA is:ied1lDevice1/LLN0.urcb101.DatSet: ied1lDevice1/LLN0$dataset1
14:23:48.055 [openiec61850-osi-server-8-thread-1] DEBUG com.beanit.openiec61850.ServerAssociation - sub BDA is:ied1lDevice1/LLN0.urcb101.ConfRev: 0
14:23:48.055 [openiec61850-osi-server-8-thread-1] DEBUG com.beanit.openiec61850.ServerAssociation - sub BDA is:ied1lDevice1/LLN0.urcb101.OptFlds: 0x78 0x00
14:23:48.055 [openiec61850-osi-server-8-thread-1] DEBUG com.beanit.openiec61850.ServerAssociation - sub BDA is:ied1lDevice1/LLN0.urcb101.BufTm: 50
14:23:48.055 [openiec61850-osi-server-8-thread-1] DEBUG com.beanit.openiec61850.ServerAssociation - sub BDA is:ied1lDevice1/LLN0.urcb101.SqNum: 0
14:23:48.055 [openiec61850-osi-server-8-thread-1] DEBUG com.beanit.openiec61850.ServerAssociation - sub BDA is:ied1lDevice1/LLN0.urcb101.TrgOps: 0x74, data change: true, data update: true, quality change:true, integrity period: false, GI: true
14:23:48.055 [openiec61850-osi-server-8-thread-1] DEBUG com.beanit.openiec61850.ServerAssociation - sub BDA is:ied1lDevice1/LLN0.urcb101.IntgPd: 5000
14:23:48.055 [openiec61850-osi-server-8-thread-1] DEBUG com.beanit.openiec61850.ServerAssociation - sub BDA is:ied1lDevice1/LLN0.urcb101.GI: false
14:23:48.055 [openiec61850-osi-server-8-thread-1] DEBUG com.beanit.openiec61850.ServerAssociation - sub BDA is:ied1lDevice1/LLN0.urcb101.Owner: []
dataset: ied1lDevice1/LLN0$dataset1
14:23:48.055 [openiec61850-osi-server-8-thread-1] DEBUG com.beanit.openiec61850.ServerAssociation - Got a Write request
14:23:48.055 [openiec61850-osi-server-8-thread-1] DEBUG com.beanit.openiec61850.ServerAssociation - Got a SetDataValues request.
14:23:48.055 [openiec61850-osi-server-8-thread-1] DEBUG com.beanit.openiec61850.ServerAssociation - Got a Write request
14:23:48.055 [openiec61850-osi-server-8-thread-1] DEBUG com.beanit.openiec61850.ServerAssociation - Got a SetDataValues request.
14:23:48.056 [openiec61850-osi-server-8-thread-1] DEBUG com.beanit.openiec61850.ServerAssociation - Got a GetDataValues request for node: ied1lDevice1/LLN0.urcb101 [RP]
ied1lDevice1/LLN0.urcb101.RptID: urcb1
ied1lDevice1/LLN0.urcb101.RptEna: false
ied1lDevice1/LLN0.urcb101.Resv: true
ied1lDevice1/LLN0.urcb101.DatSet: ied1lDevice1/LLN0$datasetnew
ied1lDevice1/LLN0.urcb101.ConfRev: 0
ied1lDevice1/LLN0.urcb101.OptFlds: 0x78 0x00
ied1lDevice1/LLN0.urcb101.BufTm: 50
ied1lDevice1/LLN0.urcb101.SqNum: 0
ied1lDevice1/LLN0.urcb101.TrgOps: 0x74, data change: true, data update: true, quality change:true, integrity period: false, GI: true
ied1lDevice1/LLN0.urcb101.IntgPd: 5000
ied1lDevice1/LLN0.urcb101.GI: false
ied1lDevice1/LLN0.urcb101.Owner: []
14:23:48.056 [openiec61850-osi-server-8-thread-1] DEBUG com.beanit.openiec61850.ServerAssociation - sub BDA is:ied1lDevice1/LLN0.urcb101.RptID: urcb1
14:23:48.056 [openiec61850-osi-server-8-thread-1] DEBUG com.beanit.openiec61850.ServerAssociation - sub BDA is:ied1lDevice1/LLN0.urcb101.RptEna: false
14:23:48.056 [openiec61850-osi-server-8-thread-1] DEBUG com.beanit.openiec61850.ServerAssociation - sub BDA is:ied1lDevice1/LLN0.urcb101.Resv: true
14:23:48.056 [openiec61850-osi-server-8-thread-1] DEBUG com.beanit.openiec61850.ServerAssociation - sub BDA is:ied1lDevice1/LLN0.urcb101.DatSet: ied1lDevice1/LLN0$datasetnew
14:23:48.056 [openiec61850-osi-server-8-thread-1] DEBUG com.beanit.openiec61850.ServerAssociation - sub BDA is:ied1lDevice1/LLN0.urcb101.ConfRev: 0
14:23:48.056 [openiec61850-osi-server-8-thread-1] DEBUG com.beanit.openiec61850.ServerAssociation - sub BDA is:ied1lDevice1/LLN0.urcb101.OptFlds: 0x78 0x00
14:23:48.056 [openiec61850-osi-server-8-thread-1] DEBUG com.beanit.openiec61850.ServerAssociation - sub BDA is:ied1lDevice1/LLN0.urcb101.BufTm: 50
14:23:48.056 [openiec61850-osi-server-8-thread-1] DEBUG com.beanit.openiec61850.ServerAssociation - sub BDA is:ied1lDevice1/LLN0.urcb101.SqNum: 0
14:23:48.056 [openiec61850-osi-server-8-thread-1] DEBUG com.beanit.openiec61850.ServerAssociation - sub BDA is:ied1lDevice1/LLN0.urcb101.TrgOps: 0x74, data change: true, data update: true, quality change:true, integrity period: false, GI: true
14:23:48.056 [openiec61850-osi-server-8-thread-1] DEBUG com.beanit.openiec61850.ServerAssociation - sub BDA is:ied1lDevice1/LLN0.urcb101.IntgPd: 5000
14:23:48.056 [openiec61850-osi-server-8-thread-1] DEBUG com.beanit.openiec61850.ServerAssociation - sub BDA is:ied1lDevice1/LLN0.urcb101.GI: false
14:23:48.056 [openiec61850-osi-server-8-thread-1] DEBUG com.beanit.openiec61850.ServerAssociation - sub BDA is:ied1lDevice1/LLN0.urcb101.Owner: []
14:23:48.056 [openiec61850-osi-server-8-thread-1] DEBUG com.beanit.openiec61850.ServerAssociation - Got a Write request
14:23:48.056 [openiec61850-osi-server-8-thread-1] DEBUG com.beanit.openiec61850.ServerAssociation - Got a SetDataValues request.
got a report.
14:23:49.561 [openiec61850-osi-server-8-thread-1] WARN com.beanit.openiec61850.ServerAssociation - IOException at lower layers while listening for incoming request. Closing association.
java.net.SocketException: Socket closed
	at java.base/sun.nio.ch.NioSocketImpl.endRead(NioSocketImpl.java:249)
	at java.base/sun.nio.ch.NioSocketImpl.implRead(NioSocketImpl.java:328)
	at java.base/sun.nio.ch.NioSocketImpl.read(NioSocketImpl.java:351)
	at java.base/sun.nio.ch.NioSocketImpl$1.read(NioSocketImpl.java:802)
	at java.base/java.net.Socket$SocketInputStream.read(Socket.java:937)
	at java.base/java.io.BufferedInputStream.fill(BufferedInputStream.java:245)
	at java.base/java.io.BufferedInputStream.read(BufferedInputStream.java:264)
	at java.base/java.io.DataInputStream.readByte(DataInputStream.java:270)
	at com.beanit.jositransport.TConnection.receive(TConnection.java:506)
	at com.beanit.josistack.AcseAssociation.receive(AcseAssociation.java:853)
	at com.beanit.openiec61850.ServerAssociation.listenForMmsRequest(ServerAssociation.java:444)
	at com.beanit.openiec61850.ServerAssociation.handleConnection(ServerAssociation.java:249)
	at com.beanit.openiec61850.ServerAssociation.handleNewAssociation(ServerAssociation.java:156)
	at com.beanit.openiec61850.ServerSap.connectionIndication(ServerSap.java:307)
	at com.beanit.openiec61850.AcseListener.connectionIndication(AcseListener.java:31)
	at com.beanit.josistack.ServerAcseSap.connectionIndication(ServerAcseSap.java:119)
	at com.beanit.jositransport.ServerThread$ConnectionHandler.run(ServerThread.java:143)
	at java.base/java.util.concurrent.ThreadPoolExecutor.runWorker(ThreadPoolExecutor.java:1128)
	at java.base/java.util.concurrent.ThreadPoolExecutor$Worker.run(ThreadPoolExecutor.java:628)
	at java.base/java.lang.Thread.run(Thread.java:830)
14:23:49.565 [openiec61850-osi-server-10-thread-1] DEBUG com.beanit.openiec61850.ServerAssociation - Got a GetServerDirectory (MMS GetNameList[DOMAIN]) request
14:23:49.566 [openiec61850-osi-server-10-thread-1] DEBUG com.beanit.openiec61850.ServerAssociation - Got a Get{LD|LN}Directory (MMS GetNameList[NAMED_VARIABLE]) request
14:23:49.566 [openiec61850-osi-server-10-thread-1] DEBUG com.beanit.openiec61850.ServerAssociation - Got a GetDataDirectory/GetDataDefinition (MMS GetVariableAccessAttributes) request
14:23:49.567 [openiec61850-osi-server-10-thread-1] DEBUG com.beanit.openiec61850.ServerAssociation - Got a GetDataDirectory/GetDataDefinition (MMS GetVariableAccessAttributes) request
14:23:49.567 [openiec61850-osi-server-10-thread-1] DEBUG com.beanit.openiec61850.ServerAssociation - Got a GetDataDirectory/GetDataDefinition (MMS GetVariableAccessAttributes) request
14:23:49.567 [openiec61850-osi-server-10-thread-1] DEBUG com.beanit.openiec61850.ServerAssociation - Got a GetDataDirectory/GetDataDefinition (MMS GetVariableAccessAttributes) request
14:23:49.568 [openiec61850-osi-server-10-thread-1] DEBUG com.beanit.openiec61850.ServerAssociation - Got a GetDataDirectory/GetDataDefinition (MMS GetVariableAccessAttributes) request
14:23:49.569 [openiec61850-osi-server-10-thread-1] DEBUG com.beanit.openiec61850.ServerAssociation - Got a GetLogicalNodeDirectory[DataSet] (MMS GetNameList[NAMED_VARIABLE_LIST]) request
14:23:49.569 [openiec61850-osi-server-10-thread-1] DEBUG com.beanit.openiec61850.ServerAssociation - Got a GetDataSetDirectory request
14:23:49.569 [openiec61850-osi-server-10-thread-1] DEBUG com.beanit.openiec61850.ServerAssociation - Got a GetDataSetDirectory request
14:23:49.570 [openiec61850-osi-server-10-thread-1] DEBUG com.beanit.openiec61850.ServerAssociation - Got a GetDataValues request for node: ied1lDevice1/LLN0.urcb101 [RP]
ied1lDevice1/LLN0.urcb101.RptID: urcb1
ied1lDevice1/LLN0.urcb101.RptEna: false
ied1lDevice1/LLN0.urcb101.Resv: false
ied1lDevice1/LLN0.urcb101.DatSet: ied1lDevice1/LLN0$dataset1
ied1lDevice1/LLN0.urcb101.ConfRev: 0
ied1lDevice1/LLN0.urcb101.OptFlds: 0x78 0x00
ied1lDevice1/LLN0.urcb101.BufTm: 50
ied1lDevice1/LLN0.urcb101.SqNum: 0
ied1lDevice1/LLN0.urcb101.TrgOps: 0x74, data change: true, data update: true, quality change:true, integrity period: false, GI: true
ied1lDevice1/LLN0.urcb101.IntgPd: 5000
ied1lDevice1/LLN0.urcb101.GI: false
ied1lDevice1/LLN0.urcb101.Owner: []
14:23:49.570 [openiec61850-osi-server-10-thread-1] DEBUG com.beanit.openiec61850.ServerAssociation - sub BDA is:ied1lDevice1/LLN0.urcb101.RptID: urcb1
14:23:49.570 [openiec61850-osi-server-10-thread-1] DEBUG com.beanit.openiec61850.ServerAssociation - sub BDA is:ied1lDevice1/LLN0.urcb101.RptEna: false
14:23:49.570 [openiec61850-osi-server-10-thread-1] DEBUG com.beanit.openiec61850.ServerAssociation - sub BDA is:ied1lDevice1/LLN0.urcb101.Resv: false
14:23:49.570 [openiec61850-osi-server-10-thread-1] DEBUG com.beanit.openiec61850.ServerAssociation - sub BDA is:ied1lDevice1/LLN0.urcb101.DatSet: ied1lDevice1/LLN0$dataset1
14:23:49.570 [openiec61850-osi-server-10-thread-1] DEBUG com.beanit.openiec61850.ServerAssociation - sub BDA is:ied1lDevice1/LLN0.urcb101.ConfRev: 0
14:23:49.570 [openiec61850-osi-server-10-thread-1] DEBUG com.beanit.openiec61850.ServerAssociation - sub BDA is:ied1lDevice1/LLN0.urcb101.OptFlds: 0x78 0x00
14:23:49.570 [openiec61850-osi-server-10-thread-1] DEBUG com.beanit.openiec61850.ServerAssociation - sub BDA is:ied1lDevice1/LLN0.urcb101.BufTm: 50
14:23:49.570 [openiec61850-osi-server-10-thread-1] DEBUG com.beanit.openiec61850.ServerAssociation - sub BDA is:ied1lDevice1/LLN0.urcb101.SqNum: 0
14:23:49.570 [openiec61850-osi-server-10-thread-1] DEBUG com.beanit.openiec61850.ServerAssociation - sub BDA is:ied1lDevice1/LLN0.urcb101.TrgOps: 0x74, data change: true, data update: true, quality change:true, integrity period: false, GI: true
14:23:49.570 [openiec61850-osi-server-10-thread-1] DEBUG com.beanit.openiec61850.ServerAssociation - sub BDA is:ied1lDevice1/LLN0.urcb101.IntgPd: 5000
14:23:49.570 [openiec61850-osi-server-10-thread-1] DEBUG com.beanit.openiec61850.ServerAssociation - sub BDA is:ied1lDevice1/LLN0.urcb101.GI: false
14:23:49.570 [openiec61850-osi-server-10-thread-1] DEBUG com.beanit.openiec61850.ServerAssociation - sub BDA is:ied1lDevice1/LLN0.urcb101.Owner: []
14:23:49.570 [openiec61850-osi-server-10-thread-1] DEBUG com.beanit.openiec61850.ServerAssociation - Got a Write request
14:23:49.570 [openiec61850-osi-server-10-thread-1] DEBUG com.beanit.openiec61850.ServerAssociation - Got a SetDataValues request.
14:23:49.570 [openiec61850-osi-server-10-thread-1] DEBUG com.beanit.openiec61850.ServerAssociation - Got a Write request
14:23:49.570 [openiec61850-osi-server-10-thread-1] DEBUG com.beanit.openiec61850.ServerAssociation - Got a SetDataValues request.
got a report.
]]></system-out>
  <system-err><![CDATA[]]></system-err>
</testsuite>
