<?xml version="1.0" encoding="UTF-8"?>
<testsuite name="com.beanit.openiec61850.integrationtests.ClientServerITest" tests="1" skipped="0" failures="1" errors="0" timestamp="2020-02-29T20:48:06" hostname="Mandl-PC" time="5.507">
  <properties/>
  <testcase name="testClientServerCom" classname="com.beanit.openiec61850.integrationtests.ClientServerITest" time="5.507">
    <failure message="java.lang.AssertionError: expected:&lt;2&gt; but was:&lt;1&gt;" type="java.lang.AssertionError">java.lang.AssertionError: expected:&lt;2&gt; but was:&lt;1&gt;
	at org.junit.Assert.fail(Assert.java:88)
	at org.junit.Assert.failNotEquals(Assert.java:834)
	at org.junit.Assert.assertEquals(Assert.java:645)
	at org.junit.Assert.assertEquals(Assert.java:631)
	at com.beanit.openiec61850.integrationtests.ClientServerITest.testClientServerCom(ClientServerITest.java:397)
	at java.base/jdk.internal.reflect.NativeMethodAccessorImpl.invoke0(Native Method)
	at java.base/jdk.internal.reflect.NativeMethodAccessorImpl.invoke(NativeMethodAccessorImpl.java:62)
	at java.base/jdk.internal.reflect.DelegatingMethodAccessorImpl.invoke(DelegatingMethodAccessorImpl.java:43)
	at java.base/java.lang.reflect.Method.invoke(Method.java:567)
	at org.junit.runners.model.FrameworkMethod$1.runReflectiveCall(FrameworkMethod.java:50)
	at org.junit.internal.runners.model.ReflectiveCallable.run(ReflectiveCallable.java:12)
	at org.junit.runners.model.FrameworkMethod.invokeExplosively(FrameworkMethod.java:47)
	at org.junit.internal.runners.statements.InvokeMethod.evaluate(InvokeMethod.java:17)
	at org.junit.runners.ParentRunner.runLeaf(ParentRunner.java:325)
	at org.junit.runners.BlockJUnit4ClassRunner.runChild(BlockJUnit4ClassRunner.java:78)
	at org.junit.runners.BlockJUnit4ClassRunner.runChild(BlockJUnit4ClassRunner.java:57)
	at org.junit.runners.ParentRunner$3.run(ParentRunner.java:290)
	at org.junit.runners.ParentRunner$1.schedule(ParentRunner.java:71)
	at org.junit.runners.ParentRunner.runChildren(ParentRunner.java:288)
	at org.junit.runners.ParentRunner.access$000(ParentRunner.java:58)
	at org.junit.runners.ParentRunner$2.evaluate(ParentRunner.java:268)
	at org.junit.runners.ParentRunner.run(ParentRunner.java:363)
	at org.gradle.api.internal.tasks.testing.junit.JUnitTestClassExecutor.runTestClass(JUnitTestClassExecutor.java:110)
	at org.gradle.api.internal.tasks.testing.junit.JUnitTestClassExecutor.execute(JUnitTestClassExecutor.java:58)
	at org.gradle.api.internal.tasks.testing.junit.JUnitTestClassExecutor.execute(JUnitTestClassExecutor.java:38)
	at org.gradle.api.internal.tasks.testing.junit.AbstractJUnitTestClassProcessor.processTestClass(AbstractJUnitTestClassProcessor.java:62)
	at org.gradle.api.internal.tasks.testing.SuiteTestClassProcessor.processTestClass(SuiteTestClassProcessor.java:51)
	at java.base/jdk.internal.reflect.NativeMethodAccessorImpl.invoke0(Native Method)
	at java.base/jdk.internal.reflect.NativeMethodAccessorImpl.invoke(NativeMethodAccessorImpl.java:62)
	at java.base/jdk.internal.reflect.DelegatingMethodAccessorImpl.invoke(DelegatingMethodAccessorImpl.java:43)
	at java.base/java.lang.reflect.Method.invoke(Method.java:567)
	at org.gradle.internal.dispatch.ReflectionDispatch.dispatch(ReflectionDispatch.java:35)
	at org.gradle.internal.dispatch.ReflectionDispatch.dispatch(ReflectionDispatch.java:24)
	at org.gradle.internal.dispatch.ContextClassLoaderDispatch.dispatch(ContextClassLoaderDispatch.java:32)
	at org.gradle.internal.dispatch.ProxyDispatchAdapter$DispatchingInvocationHandler.invoke(ProxyDispatchAdapter.java:93)
	at com.sun.proxy.$Proxy2.processTestClass(Unknown Source)
	at org.gradle.api.internal.tasks.testing.worker.TestWorker.processTestClass(TestWorker.java:118)
	at java.base/jdk.internal.reflect.NativeMethodAccessorImpl.invoke0(Native Method)
	at java.base/jdk.internal.reflect.NativeMethodAccessorImpl.invoke(NativeMethodAccessorImpl.java:62)
	at java.base/jdk.internal.reflect.DelegatingMethodAccessorImpl.invoke(DelegatingMethodAccessorImpl.java:43)
	at java.base/java.lang.reflect.Method.invoke(Method.java:567)
	at org.gradle.internal.dispatch.ReflectionDispatch.dispatch(ReflectionDispatch.java:35)
	at org.gradle.internal.dispatch.ReflectionDispatch.dispatch(ReflectionDispatch.java:24)
	at org.gradle.internal.remote.internal.hub.MessageHubBackedObjectConnection$DispatchWrapper.dispatch(MessageHubBackedObjectConnection.java:175)
	at org.gradle.internal.remote.internal.hub.MessageHubBackedObjectConnection$DispatchWrapper.dispatch(MessageHubBackedObjectConnection.java:157)
	at org.gradle.internal.remote.internal.hub.MessageHub$Handler.run(MessageHub.java:404)
	at org.gradle.internal.concurrent.ExecutorPolicy$CatchAndRecordFailures.onExecute(ExecutorPolicy.java:63)
	at org.gradle.internal.concurrent.ManagedExecutorImpl$1.run(ManagedExecutorImpl.java:46)
	at java.base/java.util.concurrent.ThreadPoolExecutor.runWorker(ThreadPoolExecutor.java:1128)
	at java.base/java.util.concurrent.ThreadPoolExecutor$Worker.run(ThreadPoolExecutor.java:628)
	at org.gradle.internal.concurrent.ThreadFactoryImpl$ManagedThreadRunnable.run(ThreadFactoryImpl.java:55)
	at java.base/java.lang.Thread.run(Thread.java:830)
</failure>
  </testcase>
  <system-out><![CDATA[IED Server is running
Attempting to connect to server 127.0.0.1 on port 54321
setting totWmag to: 1.0
calling GetDataValues(ied1lDevice1/LLN0.Mod)
21:48:06.912 [openiec61850-osi-server-3-thread-1] DEBUG com.beanit.openiec61850.ServerAssociation - Got a GetDataValues request for node: ied1lDevice1/LLN0.Mod [ST]
ied1lDevice1/LLN0.Mod.q: 0x00 0x00
ied1lDevice1/LLN0.Mod.t: Thu Jan 01 01:00:00 CET 1970
21:48:06.914 [openiec61850-osi-server-3-thread-1] DEBUG com.beanit.openiec61850.ServerAssociation - sub BDA is:ied1lDevice1/LLN0.Mod.q: 0x00 0x00
21:48:06.915 [openiec61850-osi-server-3-thread-1] DEBUG com.beanit.openiec61850.ServerAssociation - sub BDA is:ied1lDevice1/LLN0.Mod.t: Thu Jan 01 01:00:00 CET 1970
calling GetDataValues(ied1lDevice1/LLN0.Mod.q)
21:48:06.919 [openiec61850-osi-server-3-thread-1] DEBUG com.beanit.openiec61850.ServerAssociation - Got a GetDataValues request for node: ied1lDevice1/LLN0.Mod.q: 0x00 0x00
calling GetDataValues(ied1lDevice1/LLN0.Mod.t)
21:48:06.920 [openiec61850-osi-server-3-thread-1] DEBUG com.beanit.openiec61850.ServerAssociation - Got a GetDataValues request for node: ied1lDevice1/LLN0.Mod.t: Thu Jan 01 01:00:00 CET 1970
calling GetDataValues(ied1lDevice1/LLN0.Mod)
21:48:06.920 [openiec61850-osi-server-3-thread-1] DEBUG com.beanit.openiec61850.ServerAssociation - Got a GetDataValues request for node: ied1lDevice1/LLN0.Mod [CF]
ied1lDevice1/LLN0.Mod.ctlModel: 0
21:48:06.920 [openiec61850-osi-server-3-thread-1] DEBUG com.beanit.openiec61850.ServerAssociation - sub BDA is:ied1lDevice1/LLN0.Mod.ctlModel: 0
calling GetDataValues(ied1lDevice1/LLN0.Mod.ctlModel)
21:48:06.921 [openiec61850-osi-server-3-thread-1] DEBUG com.beanit.openiec61850.ServerAssociation - Got a GetDataValues request for node: ied1lDevice1/LLN0.Mod.ctlModel: 0
calling GetDataValues(ied1lDevice1/LLN0.Beh)
21:48:06.922 [openiec61850-osi-server-3-thread-1] DEBUG com.beanit.openiec61850.ServerAssociation - Got a GetDataValues request for node: ied1lDevice1/LLN0.Beh [ST]
ied1lDevice1/LLN0.Beh.stVal: 0
ied1lDevice1/LLN0.Beh.q: 0x00 0x00
ied1lDevice1/LLN0.Beh.t: Thu Jan 01 01:00:00 CET 1970
21:48:06.922 [openiec61850-osi-server-3-thread-1] DEBUG com.beanit.openiec61850.ServerAssociation - sub BDA is:ied1lDevice1/LLN0.Beh.stVal: 0
21:48:06.922 [openiec61850-osi-server-3-thread-1] DEBUG com.beanit.openiec61850.ServerAssociation - sub BDA is:ied1lDevice1/LLN0.Beh.q: 0x00 0x00
21:48:06.922 [openiec61850-osi-server-3-thread-1] DEBUG com.beanit.openiec61850.ServerAssociation - sub BDA is:ied1lDevice1/LLN0.Beh.t: Thu Jan 01 01:00:00 CET 1970
calling GetDataValues(ied1lDevice1/LLN0.Beh.stVal)
21:48:06.923 [openiec61850-osi-server-3-thread-1] DEBUG com.beanit.openiec61850.ServerAssociation - Got a GetDataValues request for node: ied1lDevice1/LLN0.Beh.stVal: 0
calling GetDataValues(ied1lDevice1/LLN0.Beh.q)
21:48:06.923 [openiec61850-osi-server-3-thread-1] DEBUG com.beanit.openiec61850.ServerAssociation - Got a GetDataValues request for node: ied1lDevice1/LLN0.Beh.q: 0x00 0x00
calling GetDataValues(ied1lDevice1/LLN0.Beh.t)
21:48:06.924 [openiec61850-osi-server-3-thread-1] DEBUG com.beanit.openiec61850.ServerAssociation - Got a GetDataValues request for node: ied1lDevice1/LLN0.Beh.t: Thu Jan 01 01:00:00 CET 1970
calling GetDataValues(ied1lDevice1/LLN0.Health)
21:48:06.924 [openiec61850-osi-server-3-thread-1] DEBUG com.beanit.openiec61850.ServerAssociation - Got a GetDataValues request for node: ied1lDevice1/LLN0.Health [ST]
ied1lDevice1/LLN0.Health.stVal: 0
ied1lDevice1/LLN0.Health.q: 0x00 0x00
ied1lDevice1/LLN0.Health.t: Thu Jan 01 01:00:00 CET 1970
21:48:06.925 [openiec61850-osi-server-3-thread-1] DEBUG com.beanit.openiec61850.ServerAssociation - sub BDA is:ied1lDevice1/LLN0.Health.stVal: 0
21:48:06.925 [openiec61850-osi-server-3-thread-1] DEBUG com.beanit.openiec61850.ServerAssociation - sub BDA is:ied1lDevice1/LLN0.Health.q: 0x00 0x00
21:48:06.925 [openiec61850-osi-server-3-thread-1] DEBUG com.beanit.openiec61850.ServerAssociation - sub BDA is:ied1lDevice1/LLN0.Health.t: Thu Jan 01 01:00:00 CET 1970
calling GetDataValues(ied1lDevice1/LLN0.Health.stVal)
21:48:06.925 [openiec61850-osi-server-3-thread-1] DEBUG com.beanit.openiec61850.ServerAssociation - Got a GetDataValues request for node: ied1lDevice1/LLN0.Health.stVal: 0
calling GetDataValues(ied1lDevice1/LLN0.Health.q)
21:48:06.926 [openiec61850-osi-server-3-thread-1] DEBUG com.beanit.openiec61850.ServerAssociation - Got a GetDataValues request for node: ied1lDevice1/LLN0.Health.q: 0x00 0x00
calling GetDataValues(ied1lDevice1/LLN0.Health.t)
21:48:06.926 [openiec61850-osi-server-3-thread-1] DEBUG com.beanit.openiec61850.ServerAssociation - Got a GetDataValues request for node: ied1lDevice1/LLN0.Health.t: Thu Jan 01 01:00:00 CET 1970
calling GetDataValues(ied1lDevice1/LLN0.NamPlt)
21:48:06.927 [openiec61850-osi-server-3-thread-1] DEBUG com.beanit.openiec61850.ServerAssociation - Got a GetDataValues request for node: ied1lDevice1/LLN0.NamPlt [DC]
ied1lDevice1/LLN0.NamPlt.vendor: ''
ied1lDevice1/LLN0.NamPlt.swRev: ''
ied1lDevice1/LLN0.NamPlt.d: ''
ied1lDevice1/LLN0.NamPlt.configRev: ''
21:48:06.927 [openiec61850-osi-server-3-thread-1] DEBUG com.beanit.openiec61850.ServerAssociation - sub BDA is:ied1lDevice1/LLN0.NamPlt.vendor: ''
21:48:06.927 [openiec61850-osi-server-3-thread-1] DEBUG com.beanit.openiec61850.ServerAssociation - sub BDA is:ied1lDevice1/LLN0.NamPlt.swRev: ''
21:48:06.927 [openiec61850-osi-server-3-thread-1] DEBUG com.beanit.openiec61850.ServerAssociation - sub BDA is:ied1lDevice1/LLN0.NamPlt.d: ''
21:48:06.927 [openiec61850-osi-server-3-thread-1] DEBUG com.beanit.openiec61850.ServerAssociation - sub BDA is:ied1lDevice1/LLN0.NamPlt.configRev: ''
calling GetDataValues(ied1lDevice1/LLN0.NamPlt.vendor)
21:48:06.928 [openiec61850-osi-server-3-thread-1] DEBUG com.beanit.openiec61850.ServerAssociation - Got a GetDataValues request for node: ied1lDevice1/LLN0.NamPlt.vendor: ''
calling GetDataValues(ied1lDevice1/LLN0.NamPlt.swRev)
21:48:06.929 [openiec61850-osi-server-3-thread-1] DEBUG com.beanit.openiec61850.ServerAssociation - Got a GetDataValues request for node: ied1lDevice1/LLN0.NamPlt.swRev: ''
calling GetDataValues(ied1lDevice1/LLN0.NamPlt.d)
21:48:06.929 [openiec61850-osi-server-3-thread-1] DEBUG com.beanit.openiec61850.ServerAssociation - Got a GetDataValues request for node: ied1lDevice1/LLN0.NamPlt.d: ''
calling GetDataValues(ied1lDevice1/LLN0.NamPlt.configRev)
21:48:06.929 [openiec61850-osi-server-3-thread-1] DEBUG com.beanit.openiec61850.ServerAssociation - Got a GetDataValues request for node: ied1lDevice1/LLN0.NamPlt.configRev: ''
calling GetDataValues(ied1lDevice1/LLN0.NamPlt)
21:48:06.930 [openiec61850-osi-server-3-thread-1] DEBUG com.beanit.openiec61850.ServerAssociation - Got a GetDataValues request for node: ied1lDevice1/LLN0.NamPlt [EX]
ied1lDevice1/LLN0.NamPlt.ldNs: ''
21:48:06.930 [openiec61850-osi-server-3-thread-1] DEBUG com.beanit.openiec61850.ServerAssociation - sub BDA is:ied1lDevice1/LLN0.NamPlt.ldNs: ''
calling GetDataValues(ied1lDevice1/LLN0.NamPlt.ldNs)
21:48:06.930 [openiec61850-osi-server-3-thread-1] DEBUG com.beanit.openiec61850.ServerAssociation - Got a GetDataValues request for node: ied1lDevice1/LLN0.NamPlt.ldNs: ''
calling GetDataValues(ied1lDevice1/LLN0.urcb101)
21:48:06.931 [openiec61850-osi-server-3-thread-1] DEBUG com.beanit.openiec61850.ServerAssociation - Got a GetDataValues request for node: ied1lDevice1/LLN0.urcb101 [RP]
ied1lDevice1/LLN0.urcb101.RptID: urcb1
ied1lDevice1/LLN0.urcb101.RptEna: false
ied1lDevice1/LLN0.urcb101.Resv: false
ied1lDevice1/LLN0.urcb101.DatSet: ied1lDevice1/LLN0$dataset1
ied1lDevice1/LLN0.urcb101.ConfRev: 0
ied1lDevice1/LLN0.urcb101.OptFlds: 0x78 0x00
ied1lDevice1/LLN0.urcb101.BufTm: 50
ied1lDevice1/LLN0.urcb101.SqNum: 0
ied1lDevice1/LLN0.urcb101.TrgOps: 0x74, data change: true, data update: true, quality change:true, integrity period: false, GI: true
ied1lDevice1/LLN0.urcb101.IntgPd: 5000
ied1lDevice1/LLN0.urcb101.GI: false
ied1lDevice1/LLN0.urcb101.Owner: []
21:48:06.931 [openiec61850-osi-server-3-thread-1] DEBUG com.beanit.openiec61850.ServerAssociation - sub BDA is:ied1lDevice1/LLN0.urcb101.RptID: urcb1
21:48:06.931 [openiec61850-osi-server-3-thread-1] DEBUG com.beanit.openiec61850.ServerAssociation - sub BDA is:ied1lDevice1/LLN0.urcb101.RptEna: false
21:48:06.932 [openiec61850-osi-server-3-thread-1] DEBUG com.beanit.openiec61850.ServerAssociation - sub BDA is:ied1lDevice1/LLN0.urcb101.Resv: false
21:48:06.932 [openiec61850-osi-server-3-thread-1] DEBUG com.beanit.openiec61850.ServerAssociation - sub BDA is:ied1lDevice1/LLN0.urcb101.DatSet: ied1lDevice1/LLN0$dataset1
21:48:06.932 [openiec61850-osi-server-3-thread-1] DEBUG com.beanit.openiec61850.ServerAssociation - sub BDA is:ied1lDevice1/LLN0.urcb101.ConfRev: 0
21:48:06.932 [openiec61850-osi-server-3-thread-1] DEBUG com.beanit.openiec61850.ServerAssociation - sub BDA is:ied1lDevice1/LLN0.urcb101.OptFlds: 0x78 0x00
21:48:06.932 [openiec61850-osi-server-3-thread-1] DEBUG com.beanit.openiec61850.ServerAssociation - sub BDA is:ied1lDevice1/LLN0.urcb101.BufTm: 50
21:48:06.932 [openiec61850-osi-server-3-thread-1] DEBUG com.beanit.openiec61850.ServerAssociation - sub BDA is:ied1lDevice1/LLN0.urcb101.SqNum: 0
21:48:06.932 [openiec61850-osi-server-3-thread-1] DEBUG com.beanit.openiec61850.ServerAssociation - sub BDA is:ied1lDevice1/LLN0.urcb101.TrgOps: 0x74, data change: true, data update: true, quality change:true, integrity period: false, GI: true
21:48:06.932 [openiec61850-osi-server-3-thread-1] DEBUG com.beanit.openiec61850.ServerAssociation - sub BDA is:ied1lDevice1/LLN0.urcb101.IntgPd: 5000
21:48:06.932 [openiec61850-osi-server-3-thread-1] DEBUG com.beanit.openiec61850.ServerAssociation - sub BDA is:ied1lDevice1/LLN0.urcb101.GI: false
21:48:06.932 [openiec61850-osi-server-3-thread-1] DEBUG com.beanit.openiec61850.ServerAssociation - sub BDA is:ied1lDevice1/LLN0.urcb101.Owner: []
calling GetDataValues(ied1lDevice1/LLN0.urcb101.RptID)
21:48:06.934 [openiec61850-osi-server-3-thread-1] DEBUG com.beanit.openiec61850.ServerAssociation - Got a GetDataValues request for node: ied1lDevice1/LLN0.urcb101.RptID: urcb1
calling GetDataValues(ied1lDevice1/LLN0.urcb101.RptEna)
21:48:06.934 [openiec61850-osi-server-3-thread-1] DEBUG com.beanit.openiec61850.ServerAssociation - Got a GetDataValues request for node: ied1lDevice1/LLN0.urcb101.RptEna: false
calling GetDataValues(ied1lDevice1/LLN0.urcb101.Resv)
21:48:06.935 [openiec61850-osi-server-3-thread-1] DEBUG com.beanit.openiec61850.ServerAssociation - Got a GetDataValues request for node: ied1lDevice1/LLN0.urcb101.Resv: false
calling GetDataValues(ied1lDevice1/LLN0.urcb101.DatSet)
21:48:06.935 [openiec61850-osi-server-3-thread-1] DEBUG com.beanit.openiec61850.ServerAssociation - Got a GetDataValues request for node: ied1lDevice1/LLN0.urcb101.DatSet: ied1lDevice1/LLN0$dataset1
calling GetDataValues(ied1lDevice1/LLN0.urcb101.ConfRev)
21:48:06.935 [openiec61850-osi-server-3-thread-1] DEBUG com.beanit.openiec61850.ServerAssociation - Got a GetDataValues request for node: ied1lDevice1/LLN0.urcb101.ConfRev: 0
calling GetDataValues(ied1lDevice1/LLN0.urcb101.OptFlds)
21:48:06.936 [openiec61850-osi-server-3-thread-1] DEBUG com.beanit.openiec61850.ServerAssociation - Got a GetDataValues request for node: ied1lDevice1/LLN0.urcb101.OptFlds: 0x78 0x00
calling GetDataValues(ied1lDevice1/LLN0.urcb101.BufTm)
21:48:06.936 [openiec61850-osi-server-3-thread-1] DEBUG com.beanit.openiec61850.ServerAssociation - Got a GetDataValues request for node: ied1lDevice1/LLN0.urcb101.BufTm: 50
calling GetDataValues(ied1lDevice1/LLN0.urcb101.SqNum)
21:48:06.937 [openiec61850-osi-server-3-thread-1] DEBUG com.beanit.openiec61850.ServerAssociation - Got a GetDataValues request for node: ied1lDevice1/LLN0.urcb101.SqNum: 0
calling GetDataValues(ied1lDevice1/LLN0.urcb101.TrgOps)
21:48:06.937 [openiec61850-osi-server-3-thread-1] DEBUG com.beanit.openiec61850.ServerAssociation - Got a GetDataValues request for node: ied1lDevice1/LLN0.urcb101.TrgOps: 0x74, data change: true, data update: true, quality change:true, integrity period: false, GI: true
calling GetDataValues(ied1lDevice1/LLN0.urcb101.IntgPd)
21:48:06.937 [openiec61850-osi-server-3-thread-1] DEBUG com.beanit.openiec61850.ServerAssociation - Got a GetDataValues request for node: ied1lDevice1/LLN0.urcb101.IntgPd: 5000
calling GetDataValues(ied1lDevice1/LLN0.urcb101.GI)
21:48:06.938 [openiec61850-osi-server-3-thread-1] DEBUG com.beanit.openiec61850.ServerAssociation - Got a GetDataValues request for node: ied1lDevice1/LLN0.urcb101.GI: false
calling GetDataValues(ied1lDevice1/LLN0.urcb101.Owner)
21:48:06.938 [openiec61850-osi-server-3-thread-1] DEBUG com.beanit.openiec61850.ServerAssociation - Got a GetDataValues request for node: ied1lDevice1/LLN0.urcb101.Owner: []
calling GetDataValues(ied1lDevice1/LLN0.urcb102)
21:48:06.939 [openiec61850-osi-server-3-thread-1] DEBUG com.beanit.openiec61850.ServerAssociation - Got a GetDataValues request for node: ied1lDevice1/LLN0.urcb102 [RP]
ied1lDevice1/LLN0.urcb102.RptID: urcb1
ied1lDevice1/LLN0.urcb102.RptEna: false
ied1lDevice1/LLN0.urcb102.Resv: false
ied1lDevice1/LLN0.urcb102.DatSet: ied1lDevice1/LLN0$dataset1
ied1lDevice1/LLN0.urcb102.ConfRev: 0
ied1lDevice1/LLN0.urcb102.OptFlds: 0x78 0x00
ied1lDevice1/LLN0.urcb102.BufTm: 50
ied1lDevice1/LLN0.urcb102.SqNum: 0
ied1lDevice1/LLN0.urcb102.TrgOps: 0x74, data change: true, data update: true, quality change:true, integrity period: false, GI: true
ied1lDevice1/LLN0.urcb102.IntgPd: 5000
ied1lDevice1/LLN0.urcb102.GI: false
ied1lDevice1/LLN0.urcb102.Owner: []
21:48:06.939 [openiec61850-osi-server-3-thread-1] DEBUG com.beanit.openiec61850.ServerAssociation - sub BDA is:ied1lDevice1/LLN0.urcb102.RptID: urcb1
21:48:06.939 [openiec61850-osi-server-3-thread-1] DEBUG com.beanit.openiec61850.ServerAssociation - sub BDA is:ied1lDevice1/LLN0.urcb102.RptEna: false
21:48:06.939 [openiec61850-osi-server-3-thread-1] DEBUG com.beanit.openiec61850.ServerAssociation - sub BDA is:ied1lDevice1/LLN0.urcb102.Resv: false
21:48:06.939 [openiec61850-osi-server-3-thread-1] DEBUG com.beanit.openiec61850.ServerAssociation - sub BDA is:ied1lDevice1/LLN0.urcb102.DatSet: ied1lDevice1/LLN0$dataset1
21:48:06.939 [openiec61850-osi-server-3-thread-1] DEBUG com.beanit.openiec61850.ServerAssociation - sub BDA is:ied1lDevice1/LLN0.urcb102.ConfRev: 0
21:48:06.939 [openiec61850-osi-server-3-thread-1] DEBUG com.beanit.openiec61850.ServerAssociation - sub BDA is:ied1lDevice1/LLN0.urcb102.OptFlds: 0x78 0x00
21:48:06.939 [openiec61850-osi-server-3-thread-1] DEBUG com.beanit.openiec61850.ServerAssociation - sub BDA is:ied1lDevice1/LLN0.urcb102.BufTm: 50
21:48:06.939 [openiec61850-osi-server-3-thread-1] DEBUG com.beanit.openiec61850.ServerAssociation - sub BDA is:ied1lDevice1/LLN0.urcb102.SqNum: 0
21:48:06.939 [openiec61850-osi-server-3-thread-1] DEBUG com.beanit.openiec61850.ServerAssociation - sub BDA is:ied1lDevice1/LLN0.urcb102.TrgOps: 0x74, data change: true, data update: true, quality change:true, integrity period: false, GI: true
21:48:06.939 [openiec61850-osi-server-3-thread-1] DEBUG com.beanit.openiec61850.ServerAssociation - sub BDA is:ied1lDevice1/LLN0.urcb102.IntgPd: 5000
21:48:06.939 [openiec61850-osi-server-3-thread-1] DEBUG com.beanit.openiec61850.ServerAssociation - sub BDA is:ied1lDevice1/LLN0.urcb102.GI: false
21:48:06.939 [openiec61850-osi-server-3-thread-1] DEBUG com.beanit.openiec61850.ServerAssociation - sub BDA is:ied1lDevice1/LLN0.urcb102.Owner: []
calling GetDataValues(ied1lDevice1/LLN0.urcb102.RptID)
21:48:06.940 [openiec61850-osi-server-3-thread-1] DEBUG com.beanit.openiec61850.ServerAssociation - Got a GetDataValues request for node: ied1lDevice1/LLN0.urcb102.RptID: urcb1
calling GetDataValues(ied1lDevice1/LLN0.urcb102.RptEna)
21:48:06.940 [openiec61850-osi-server-3-thread-1] DEBUG com.beanit.openiec61850.ServerAssociation - Got a GetDataValues request for node: ied1lDevice1/LLN0.urcb102.RptEna: false
calling GetDataValues(ied1lDevice1/LLN0.urcb102.Resv)
21:48:06.941 [openiec61850-osi-server-3-thread-1] DEBUG com.beanit.openiec61850.ServerAssociation - Got a GetDataValues request for node: ied1lDevice1/LLN0.urcb102.Resv: false
calling GetDataValues(ied1lDevice1/LLN0.urcb102.DatSet)
21:48:06.941 [openiec61850-osi-server-3-thread-1] DEBUG com.beanit.openiec61850.ServerAssociation - Got a GetDataValues request for node: ied1lDevice1/LLN0.urcb102.DatSet: ied1lDevice1/LLN0$dataset1
calling GetDataValues(ied1lDevice1/LLN0.urcb102.ConfRev)
21:48:06.941 [openiec61850-osi-server-3-thread-1] DEBUG com.beanit.openiec61850.ServerAssociation - Got a GetDataValues request for node: ied1lDevice1/LLN0.urcb102.ConfRev: 0
calling GetDataValues(ied1lDevice1/LLN0.urcb102.OptFlds)
21:48:06.942 [openiec61850-osi-server-3-thread-1] DEBUG com.beanit.openiec61850.ServerAssociation - Got a GetDataValues request for node: ied1lDevice1/LLN0.urcb102.OptFlds: 0x78 0x00
calling GetDataValues(ied1lDevice1/LLN0.urcb102.BufTm)
21:48:06.942 [openiec61850-osi-server-3-thread-1] DEBUG com.beanit.openiec61850.ServerAssociation - Got a GetDataValues request for node: ied1lDevice1/LLN0.urcb102.BufTm: 50
calling GetDataValues(ied1lDevice1/LLN0.urcb102.SqNum)
21:48:06.943 [openiec61850-osi-server-3-thread-1] DEBUG com.beanit.openiec61850.ServerAssociation - Got a GetDataValues request for node: ied1lDevice1/LLN0.urcb102.SqNum: 0
calling GetDataValues(ied1lDevice1/LLN0.urcb102.TrgOps)
21:48:06.943 [openiec61850-osi-server-3-thread-1] DEBUG com.beanit.openiec61850.ServerAssociation - Got a GetDataValues request for node: ied1lDevice1/LLN0.urcb102.TrgOps: 0x74, data change: true, data update: true, quality change:true, integrity period: false, GI: true
calling GetDataValues(ied1lDevice1/LLN0.urcb102.IntgPd)
21:48:06.943 [openiec61850-osi-server-3-thread-1] DEBUG com.beanit.openiec61850.ServerAssociation - Got a GetDataValues request for node: ied1lDevice1/LLN0.urcb102.IntgPd: 5000
calling GetDataValues(ied1lDevice1/LLN0.urcb102.GI)
21:48:06.944 [openiec61850-osi-server-3-thread-1] DEBUG com.beanit.openiec61850.ServerAssociation - Got a GetDataValues request for node: ied1lDevice1/LLN0.urcb102.GI: false
calling GetDataValues(ied1lDevice1/LLN0.urcb102.Owner)
21:48:06.944 [openiec61850-osi-server-3-thread-1] DEBUG com.beanit.openiec61850.ServerAssociation - Got a GetDataValues request for node: ied1lDevice1/LLN0.urcb102.Owner: []
calling GetDataValues(ied1lDevice1/LLN0.urcb2)
21:48:06.944 [openiec61850-osi-server-3-thread-1] DEBUG com.beanit.openiec61850.ServerAssociation - Got a GetDataValues request for node: ied1lDevice1/LLN0.urcb2 [RP]
ied1lDevice1/LLN0.urcb2.RptID: ied1lDevice1/LLN0.urcb2
ied1lDevice1/LLN0.urcb2.RptEna: false
ied1lDevice1/LLN0.urcb2.Resv: false
ied1lDevice1/LLN0.urcb2.DatSet: ied1lDevice1/LLN0$dataset1
ied1lDevice1/LLN0.urcb2.ConfRev: 0
ied1lDevice1/LLN0.urcb2.OptFlds: 0x00 0x00
ied1lDevice1/LLN0.urcb2.BufTm: 0
ied1lDevice1/LLN0.urcb2.SqNum: 0
ied1lDevice1/LLN0.urcb2.TrgOps: 0x04, data change: false, data update: false, quality change:false, integrity period: false, GI: true
ied1lDevice1/LLN0.urcb2.IntgPd: 0
ied1lDevice1/LLN0.urcb2.GI: false
ied1lDevice1/LLN0.urcb2.Owner: []
21:48:06.945 [openiec61850-osi-server-3-thread-1] DEBUG com.beanit.openiec61850.ServerAssociation - sub BDA is:ied1lDevice1/LLN0.urcb2.RptID: ied1lDevice1/LLN0.urcb2
21:48:06.945 [openiec61850-osi-server-3-thread-1] DEBUG com.beanit.openiec61850.ServerAssociation - sub BDA is:ied1lDevice1/LLN0.urcb2.RptEna: false
21:48:06.945 [openiec61850-osi-server-3-thread-1] DEBUG com.beanit.openiec61850.ServerAssociation - sub BDA is:ied1lDevice1/LLN0.urcb2.Resv: false
21:48:06.945 [openiec61850-osi-server-3-thread-1] DEBUG com.beanit.openiec61850.ServerAssociation - sub BDA is:ied1lDevice1/LLN0.urcb2.DatSet: ied1lDevice1/LLN0$dataset1
21:48:06.945 [openiec61850-osi-server-3-thread-1] DEBUG com.beanit.openiec61850.ServerAssociation - sub BDA is:ied1lDevice1/LLN0.urcb2.ConfRev: 0
21:48:06.945 [openiec61850-osi-server-3-thread-1] DEBUG com.beanit.openiec61850.ServerAssociation - sub BDA is:ied1lDevice1/LLN0.urcb2.OptFlds: 0x00 0x00
21:48:06.945 [openiec61850-osi-server-3-thread-1] DEBUG com.beanit.openiec61850.ServerAssociation - sub BDA is:ied1lDevice1/LLN0.urcb2.BufTm: 0
21:48:06.945 [openiec61850-osi-server-3-thread-1] DEBUG com.beanit.openiec61850.ServerAssociation - sub BDA is:ied1lDevice1/LLN0.urcb2.SqNum: 0
21:48:06.945 [openiec61850-osi-server-3-thread-1] DEBUG com.beanit.openiec61850.ServerAssociation - sub BDA is:ied1lDevice1/LLN0.urcb2.TrgOps: 0x04, data change: false, data update: false, quality change:false, integrity period: false, GI: true
21:48:06.945 [openiec61850-osi-server-3-thread-1] DEBUG com.beanit.openiec61850.ServerAssociation - sub BDA is:ied1lDevice1/LLN0.urcb2.IntgPd: 0
21:48:06.945 [openiec61850-osi-server-3-thread-1] DEBUG com.beanit.openiec61850.ServerAssociation - sub BDA is:ied1lDevice1/LLN0.urcb2.GI: false
21:48:06.945 [openiec61850-osi-server-3-thread-1] DEBUG com.beanit.openiec61850.ServerAssociation - sub BDA is:ied1lDevice1/LLN0.urcb2.Owner: []
calling GetDataValues(ied1lDevice1/LLN0.urcb2.RptID)
21:48:06.946 [openiec61850-osi-server-3-thread-1] DEBUG com.beanit.openiec61850.ServerAssociation - Got a GetDataValues request for node: ied1lDevice1/LLN0.urcb2.RptID: ied1lDevice1/LLN0.urcb2
calling GetDataValues(ied1lDevice1/LLN0.urcb2.RptEna)
21:48:06.946 [openiec61850-osi-server-3-thread-1] DEBUG com.beanit.openiec61850.ServerAssociation - Got a GetDataValues request for node: ied1lDevice1/LLN0.urcb2.RptEna: false
calling GetDataValues(ied1lDevice1/LLN0.urcb2.Resv)
21:48:06.946 [openiec61850-osi-server-3-thread-1] DEBUG com.beanit.openiec61850.ServerAssociation - Got a GetDataValues request for node: ied1lDevice1/LLN0.urcb2.Resv: false
calling GetDataValues(ied1lDevice1/LLN0.urcb2.DatSet)
21:48:06.947 [openiec61850-osi-server-3-thread-1] DEBUG com.beanit.openiec61850.ServerAssociation - Got a GetDataValues request for node: ied1lDevice1/LLN0.urcb2.DatSet: ied1lDevice1/LLN0$dataset1
calling GetDataValues(ied1lDevice1/LLN0.urcb2.ConfRev)
21:48:06.947 [openiec61850-osi-server-3-thread-1] DEBUG com.beanit.openiec61850.ServerAssociation - Got a GetDataValues request for node: ied1lDevice1/LLN0.urcb2.ConfRev: 0
calling GetDataValues(ied1lDevice1/LLN0.urcb2.OptFlds)
21:48:06.947 [openiec61850-osi-server-3-thread-1] DEBUG com.beanit.openiec61850.ServerAssociation - Got a GetDataValues request for node: ied1lDevice1/LLN0.urcb2.OptFlds: 0x00 0x00
calling GetDataValues(ied1lDevice1/LLN0.urcb2.BufTm)
21:48:06.948 [openiec61850-osi-server-3-thread-1] DEBUG com.beanit.openiec61850.ServerAssociation - Got a GetDataValues request for node: ied1lDevice1/LLN0.urcb2.BufTm: 0
calling GetDataValues(ied1lDevice1/LLN0.urcb2.SqNum)
21:48:06.948 [openiec61850-osi-server-3-thread-1] DEBUG com.beanit.openiec61850.ServerAssociation - Got a GetDataValues request for node: ied1lDevice1/LLN0.urcb2.SqNum: 0
calling GetDataValues(ied1lDevice1/LLN0.urcb2.TrgOps)
21:48:06.949 [openiec61850-osi-server-3-thread-1] DEBUG com.beanit.openiec61850.ServerAssociation - Got a GetDataValues request for node: ied1lDevice1/LLN0.urcb2.TrgOps: 0x04, data change: false, data update: false, quality change:false, integrity period: false, GI: true
calling GetDataValues(ied1lDevice1/LLN0.urcb2.IntgPd)
21:48:06.949 [openiec61850-osi-server-3-thread-1] DEBUG com.beanit.openiec61850.ServerAssociation - Got a GetDataValues request for node: ied1lDevice1/LLN0.urcb2.IntgPd: 0
calling GetDataValues(ied1lDevice1/LLN0.urcb2.GI)
21:48:06.949 [openiec61850-osi-server-3-thread-1] DEBUG com.beanit.openiec61850.ServerAssociation - Got a GetDataValues request for node: ied1lDevice1/LLN0.urcb2.GI: false
calling GetDataValues(ied1lDevice1/LLN0.urcb2.Owner)
21:48:06.950 [openiec61850-osi-server-3-thread-1] DEBUG com.beanit.openiec61850.ServerAssociation - Got a GetDataValues request for node: ied1lDevice1/LLN0.urcb2.Owner: []
calling GetDataValues(ied1lDevice1/LPHD1.PhyNam)
21:48:06.950 [openiec61850-osi-server-3-thread-1] DEBUG com.beanit.openiec61850.ServerAssociation - Got a GetDataValues request for node: ied1lDevice1/LPHD1.PhyNam [DC]
ied1lDevice1/LPHD1.PhyNam.vendor: ''
21:48:06.950 [openiec61850-osi-server-3-thread-1] DEBUG com.beanit.openiec61850.ServerAssociation - sub BDA is:ied1lDevice1/LPHD1.PhyNam.vendor: ''
calling GetDataValues(ied1lDevice1/LPHD1.PhyNam.vendor)
21:48:06.950 [openiec61850-osi-server-3-thread-1] DEBUG com.beanit.openiec61850.ServerAssociation - Got a GetDataValues request for node: ied1lDevice1/LPHD1.PhyNam.vendor: ''
calling GetDataValues(ied1lDevice1/LPHD1.PhyHealth)
21:48:06.951 [openiec61850-osi-server-3-thread-1] DEBUG com.beanit.openiec61850.ServerAssociation - Got a GetDataValues request for node: ied1lDevice1/LPHD1.PhyHealth [ST]
ied1lDevice1/LPHD1.PhyHealth.stVal: 0
ied1lDevice1/LPHD1.PhyHealth.q: 0x00 0x00
ied1lDevice1/LPHD1.PhyHealth.t: Thu Jan 01 01:00:00 CET 1970
21:48:06.951 [openiec61850-osi-server-3-thread-1] DEBUG com.beanit.openiec61850.ServerAssociation - sub BDA is:ied1lDevice1/LPHD1.PhyHealth.stVal: 0
21:48:06.951 [openiec61850-osi-server-3-thread-1] DEBUG com.beanit.openiec61850.ServerAssociation - sub BDA is:ied1lDevice1/LPHD1.PhyHealth.q: 0x00 0x00
21:48:06.951 [openiec61850-osi-server-3-thread-1] DEBUG com.beanit.openiec61850.ServerAssociation - sub BDA is:ied1lDevice1/LPHD1.PhyHealth.t: Thu Jan 01 01:00:00 CET 1970
calling GetDataValues(ied1lDevice1/LPHD1.PhyHealth.stVal)
21:48:06.951 [openiec61850-osi-server-3-thread-1] DEBUG com.beanit.openiec61850.ServerAssociation - Got a GetDataValues request for node: ied1lDevice1/LPHD1.PhyHealth.stVal: 0
calling GetDataValues(ied1lDevice1/LPHD1.PhyHealth.q)
21:48:06.952 [openiec61850-osi-server-3-thread-1] DEBUG com.beanit.openiec61850.ServerAssociation - Got a GetDataValues request for node: ied1lDevice1/LPHD1.PhyHealth.q: 0x00 0x00
calling GetDataValues(ied1lDevice1/LPHD1.PhyHealth.t)
21:48:06.952 [openiec61850-osi-server-3-thread-1] DEBUG com.beanit.openiec61850.ServerAssociation - Got a GetDataValues request for node: ied1lDevice1/LPHD1.PhyHealth.t: Thu Jan 01 01:00:00 CET 1970
calling GetDataValues(ied1lDevice1/LPHD1.Proxy)
21:48:06.953 [openiec61850-osi-server-3-thread-1] DEBUG com.beanit.openiec61850.ServerAssociation - Got a GetDataValues request for node: ied1lDevice1/LPHD1.Proxy [ST]
ied1lDevice1/LPHD1.Proxy.stVal: false
ied1lDevice1/LPHD1.Proxy.q: 0x00 0x00
ied1lDevice1/LPHD1.Proxy.t: Thu Jan 01 01:00:00 CET 1970
21:48:06.953 [openiec61850-osi-server-3-thread-1] DEBUG com.beanit.openiec61850.ServerAssociation - sub BDA is:ied1lDevice1/LPHD1.Proxy.stVal: false
21:48:06.953 [openiec61850-osi-server-3-thread-1] DEBUG com.beanit.openiec61850.ServerAssociation - sub BDA is:ied1lDevice1/LPHD1.Proxy.q: 0x00 0x00
21:48:06.953 [openiec61850-osi-server-3-thread-1] DEBUG com.beanit.openiec61850.ServerAssociation - sub BDA is:ied1lDevice1/LPHD1.Proxy.t: Thu Jan 01 01:00:00 CET 1970
calling GetDataValues(ied1lDevice1/LPHD1.Proxy.stVal)
21:48:06.953 [openiec61850-osi-server-3-thread-1] DEBUG com.beanit.openiec61850.ServerAssociation - Got a GetDataValues request for node: ied1lDevice1/LPHD1.Proxy.stVal: false
calling GetDataValues(ied1lDevice1/LPHD1.Proxy.q)
21:48:06.954 [openiec61850-osi-server-3-thread-1] DEBUG com.beanit.openiec61850.ServerAssociation - Got a GetDataValues request for node: ied1lDevice1/LPHD1.Proxy.q: 0x00 0x00
calling GetDataValues(ied1lDevice1/LPHD1.Proxy.t)
21:48:06.954 [openiec61850-osi-server-3-thread-1] DEBUG com.beanit.openiec61850.ServerAssociation - Got a GetDataValues request for node: ied1lDevice1/LPHD1.Proxy.t: Thu Jan 01 01:00:00 CET 1970
calling GetDataValues(ied1lDevice1/MMXU1.Mod)
21:48:06.955 [openiec61850-osi-server-3-thread-1] DEBUG com.beanit.openiec61850.ServerAssociation - Got a GetDataValues request for node: ied1lDevice1/MMXU1.Mod [ST]
ied1lDevice1/MMXU1.Mod.q: 0x00 0x00
ied1lDevice1/MMXU1.Mod.t: Thu Jan 01 01:00:00 CET 1970
21:48:06.955 [openiec61850-osi-server-3-thread-1] DEBUG com.beanit.openiec61850.ServerAssociation - sub BDA is:ied1lDevice1/MMXU1.Mod.q: 0x00 0x00
21:48:06.955 [openiec61850-osi-server-3-thread-1] DEBUG com.beanit.openiec61850.ServerAssociation - sub BDA is:ied1lDevice1/MMXU1.Mod.t: Thu Jan 01 01:00:00 CET 1970
calling GetDataValues(ied1lDevice1/MMXU1.Mod.q)
21:48:06.955 [openiec61850-osi-server-3-thread-1] DEBUG com.beanit.openiec61850.ServerAssociation - Got a GetDataValues request for node: ied1lDevice1/MMXU1.Mod.q: 0x00 0x00
calling GetDataValues(ied1lDevice1/MMXU1.Mod.t)
21:48:06.956 [openiec61850-osi-server-3-thread-1] DEBUG com.beanit.openiec61850.ServerAssociation - Got a GetDataValues request for node: ied1lDevice1/MMXU1.Mod.t: Thu Jan 01 01:00:00 CET 1970
calling GetDataValues(ied1lDevice1/MMXU1.Mod)
21:48:06.956 [openiec61850-osi-server-3-thread-1] DEBUG com.beanit.openiec61850.ServerAssociation - Got a GetDataValues request for node: ied1lDevice1/MMXU1.Mod [CF]
ied1lDevice1/MMXU1.Mod.ctlModel: 0
21:48:06.956 [openiec61850-osi-server-3-thread-1] DEBUG com.beanit.openiec61850.ServerAssociation - sub BDA is:ied1lDevice1/MMXU1.Mod.ctlModel: 0
calling GetDataValues(ied1lDevice1/MMXU1.Mod.ctlModel)
21:48:06.956 [openiec61850-osi-server-3-thread-1] DEBUG com.beanit.openiec61850.ServerAssociation - Got a GetDataValues request for node: ied1lDevice1/MMXU1.Mod.ctlModel: 0
calling GetDataValues(ied1lDevice1/MMXU1.Beh)
21:48:06.957 [openiec61850-osi-server-3-thread-1] DEBUG com.beanit.openiec61850.ServerAssociation - Got a GetDataValues request for node: ied1lDevice1/MMXU1.Beh [ST]
ied1lDevice1/MMXU1.Beh.stVal: 0
ied1lDevice1/MMXU1.Beh.q: 0x00 0x00
ied1lDevice1/MMXU1.Beh.t: Thu Jan 01 01:00:00 CET 1970
21:48:06.957 [openiec61850-osi-server-3-thread-1] DEBUG com.beanit.openiec61850.ServerAssociation - sub BDA is:ied1lDevice1/MMXU1.Beh.stVal: 0
21:48:06.957 [openiec61850-osi-server-3-thread-1] DEBUG com.beanit.openiec61850.ServerAssociation - sub BDA is:ied1lDevice1/MMXU1.Beh.q: 0x00 0x00
21:48:06.957 [openiec61850-osi-server-3-thread-1] DEBUG com.beanit.openiec61850.ServerAssociation - sub BDA is:ied1lDevice1/MMXU1.Beh.t: Thu Jan 01 01:00:00 CET 1970
calling GetDataValues(ied1lDevice1/MMXU1.Beh.stVal)
21:48:06.957 [openiec61850-osi-server-3-thread-1] DEBUG com.beanit.openiec61850.ServerAssociation - Got a GetDataValues request for node: ied1lDevice1/MMXU1.Beh.stVal: 0
calling GetDataValues(ied1lDevice1/MMXU1.Beh.q)
21:48:06.958 [openiec61850-osi-server-3-thread-1] DEBUG com.beanit.openiec61850.ServerAssociation - Got a GetDataValues request for node: ied1lDevice1/MMXU1.Beh.q: 0x00 0x00
calling GetDataValues(ied1lDevice1/MMXU1.Beh.t)
21:48:06.958 [openiec61850-osi-server-3-thread-1] DEBUG com.beanit.openiec61850.ServerAssociation - Got a GetDataValues request for node: ied1lDevice1/MMXU1.Beh.t: Thu Jan 01 01:00:00 CET 1970
calling GetDataValues(ied1lDevice1/MMXU1.Health)
21:48:06.958 [openiec61850-osi-server-3-thread-1] DEBUG com.beanit.openiec61850.ServerAssociation - Got a GetDataValues request for node: ied1lDevice1/MMXU1.Health [ST]
ied1lDevice1/MMXU1.Health.stVal: 0
ied1lDevice1/MMXU1.Health.q: 0x00 0x00
ied1lDevice1/MMXU1.Health.t: Thu Jan 01 01:00:00 CET 1970
21:48:06.958 [openiec61850-osi-server-3-thread-1] DEBUG com.beanit.openiec61850.ServerAssociation - sub BDA is:ied1lDevice1/MMXU1.Health.stVal: 0
21:48:06.958 [openiec61850-osi-server-3-thread-1] DEBUG com.beanit.openiec61850.ServerAssociation - sub BDA is:ied1lDevice1/MMXU1.Health.q: 0x00 0x00
21:48:06.959 [openiec61850-osi-server-3-thread-1] DEBUG com.beanit.openiec61850.ServerAssociation - sub BDA is:ied1lDevice1/MMXU1.Health.t: Thu Jan 01 01:00:00 CET 1970
calling GetDataValues(ied1lDevice1/MMXU1.Health.stVal)
21:48:06.959 [openiec61850-osi-server-3-thread-1] DEBUG com.beanit.openiec61850.ServerAssociation - Got a GetDataValues request for node: ied1lDevice1/MMXU1.Health.stVal: 0
calling GetDataValues(ied1lDevice1/MMXU1.Health.q)
21:48:06.959 [openiec61850-osi-server-3-thread-1] DEBUG com.beanit.openiec61850.ServerAssociation - Got a GetDataValues request for node: ied1lDevice1/MMXU1.Health.q: 0x00 0x00
calling GetDataValues(ied1lDevice1/MMXU1.Health.t)
21:48:06.960 [openiec61850-osi-server-3-thread-1] DEBUG com.beanit.openiec61850.ServerAssociation - Got a GetDataValues request for node: ied1lDevice1/MMXU1.Health.t: Thu Jan 01 01:00:00 CET 1970
calling GetDataValues(ied1lDevice1/MMXU1.NamPlt)
21:48:06.960 [openiec61850-osi-server-3-thread-1] DEBUG com.beanit.openiec61850.ServerAssociation - Got a GetDataValues request for node: ied1lDevice1/MMXU1.NamPlt [DC]
ied1lDevice1/MMXU1.NamPlt.vendor: ''
ied1lDevice1/MMXU1.NamPlt.swRev: ''
ied1lDevice1/MMXU1.NamPlt.d: ''
21:48:06.960 [openiec61850-osi-server-3-thread-1] DEBUG com.beanit.openiec61850.ServerAssociation - sub BDA is:ied1lDevice1/MMXU1.NamPlt.vendor: ''
21:48:06.960 [openiec61850-osi-server-3-thread-1] DEBUG com.beanit.openiec61850.ServerAssociation - sub BDA is:ied1lDevice1/MMXU1.NamPlt.swRev: ''
21:48:06.960 [openiec61850-osi-server-3-thread-1] DEBUG com.beanit.openiec61850.ServerAssociation - sub BDA is:ied1lDevice1/MMXU1.NamPlt.d: ''
calling GetDataValues(ied1lDevice1/MMXU1.NamPlt.vendor)
21:48:06.960 [openiec61850-osi-server-3-thread-1] DEBUG com.beanit.openiec61850.ServerAssociation - Got a GetDataValues request for node: ied1lDevice1/MMXU1.NamPlt.vendor: ''
calling GetDataValues(ied1lDevice1/MMXU1.NamPlt.swRev)
21:48:06.961 [openiec61850-osi-server-3-thread-1] DEBUG com.beanit.openiec61850.ServerAssociation - Got a GetDataValues request for node: ied1lDevice1/MMXU1.NamPlt.swRev: ''
calling GetDataValues(ied1lDevice1/MMXU1.NamPlt.d)
21:48:06.961 [openiec61850-osi-server-3-thread-1] DEBUG com.beanit.openiec61850.ServerAssociation - Got a GetDataValues request for node: ied1lDevice1/MMXU1.NamPlt.d: ''
calling GetDataValues(ied1lDevice1/MMXU1.TotW)
21:48:06.962 [openiec61850-osi-server-3-thread-1] DEBUG com.beanit.openiec61850.ServerAssociation - Got a GetDataValues request for node: ied1lDevice1/MMXU1.TotW [MX]
ied1lDevice1/MMXU1.TotW.mag [MX]
ied1lDevice1/MMXU1.TotW.mag.f: 0.0
ied1lDevice1/MMXU1.TotW.q: 0x00 0x00
ied1lDevice1/MMXU1.TotW.t: Thu Jan 01 01:00:00 CET 1970
21:48:06.962 [openiec61850-osi-server-3-thread-1] DEBUG com.beanit.openiec61850.ServerAssociation - sub BDA is:ied1lDevice1/MMXU1.TotW.mag.f: 0.0
21:48:06.962 [openiec61850-osi-server-3-thread-1] DEBUG com.beanit.openiec61850.ServerAssociation - sub BDA is:ied1lDevice1/MMXU1.TotW.q: 0x00 0x00
21:48:06.962 [openiec61850-osi-server-3-thread-1] DEBUG com.beanit.openiec61850.ServerAssociation - sub BDA is:ied1lDevice1/MMXU1.TotW.t: Thu Jan 01 01:00:00 CET 1970
calling GetDataValues(ied1lDevice1/MMXU1.TotW.mag)
21:48:06.963 [openiec61850-osi-server-3-thread-1] DEBUG com.beanit.openiec61850.ServerAssociation - Got a GetDataValues request for node: ied1lDevice1/MMXU1.TotW.mag [MX]
ied1lDevice1/MMXU1.TotW.mag.f: 0.0
21:48:06.963 [openiec61850-osi-server-3-thread-1] DEBUG com.beanit.openiec61850.ServerAssociation - sub BDA is:ied1lDevice1/MMXU1.TotW.mag.f: 0.0
calling GetDataValues(ied1lDevice1/MMXU1.TotW.mag.f)
21:48:06.963 [openiec61850-osi-server-3-thread-1] DEBUG com.beanit.openiec61850.ServerAssociation - Got a GetDataValues request for node: ied1lDevice1/MMXU1.TotW.mag.f: 0.0
calling GetDataValues(ied1lDevice1/MMXU1.TotW.q)
21:48:06.963 [openiec61850-osi-server-3-thread-1] DEBUG com.beanit.openiec61850.ServerAssociation - Got a GetDataValues request for node: ied1lDevice1/MMXU1.TotW.q: 0x00 0x00
calling GetDataValues(ied1lDevice1/MMXU1.TotW.t)
21:48:06.964 [openiec61850-osi-server-3-thread-1] DEBUG com.beanit.openiec61850.ServerAssociation - Got a GetDataValues request for node: ied1lDevice1/MMXU1.TotW.t: Thu Jan 01 01:00:00 CET 1970
calling GetDataValues(ied1lDevice1/MMXU1.W)
21:48:06.964 [openiec61850-osi-server-3-thread-1] DEBUG com.beanit.openiec61850.ServerAssociation - Got a GetDataValues request for node: ied1lDevice1/MMXU1.W [MX]
ied1lDevice1/MMXU1.W.phsA [MX]
ied1lDevice1/MMXU1.W.phsA.cVal [MX]
ied1lDevice1/MMXU1.W.phsA.cVal.mag [MX]
ied1lDevice1/MMXU1.W.phsA.cVal.mag.f: 0.0
ied1lDevice1/MMXU1.W.phsA.q: 0x00 0x00
ied1lDevice1/MMXU1.W.phsA.t: Thu Jan 01 01:00:00 CET 1970
ied1lDevice1/MMXU1.W.phsB [MX]
ied1lDevice1/MMXU1.W.phsB.cVal [MX]
ied1lDevice1/MMXU1.W.phsB.cVal.mag [MX]
ied1lDevice1/MMXU1.W.phsB.cVal.mag.f: 0.0
ied1lDevice1/MMXU1.W.phsB.q: 0x00 0x00
ied1lDevice1/MMXU1.W.phsB.t: Thu Jan 01 01:00:00 CET 1970
ied1lDevice1/MMXU1.W.phsC [MX]
ied1lDevice1/MMXU1.W.phsC.cVal [MX]
ied1lDevice1/MMXU1.W.phsC.cVal.mag [MX]
ied1lDevice1/MMXU1.W.phsC.cVal.mag.f: 0.0
ied1lDevice1/MMXU1.W.phsC.q: 0x00 0x00
ied1lDevice1/MMXU1.W.phsC.t: Thu Jan 01 01:00:00 CET 1970
21:48:06.964 [openiec61850-osi-server-3-thread-1] DEBUG com.beanit.openiec61850.ServerAssociation - sub BDA is:ied1lDevice1/MMXU1.W.phsA.cVal.mag.f: 0.0
21:48:06.964 [openiec61850-osi-server-3-thread-1] DEBUG com.beanit.openiec61850.ServerAssociation - sub BDA is:ied1lDevice1/MMXU1.W.phsA.q: 0x00 0x00
21:48:06.965 [openiec61850-osi-server-3-thread-1] DEBUG com.beanit.openiec61850.ServerAssociation - sub BDA is:ied1lDevice1/MMXU1.W.phsA.t: Thu Jan 01 01:00:00 CET 1970
21:48:06.965 [openiec61850-osi-server-3-thread-1] DEBUG com.beanit.openiec61850.ServerAssociation - sub BDA is:ied1lDevice1/MMXU1.W.phsB.cVal.mag.f: 0.0
21:48:06.965 [openiec61850-osi-server-3-thread-1] DEBUG com.beanit.openiec61850.ServerAssociation - sub BDA is:ied1lDevice1/MMXU1.W.phsB.q: 0x00 0x00
21:48:06.965 [openiec61850-osi-server-3-thread-1] DEBUG com.beanit.openiec61850.ServerAssociation - sub BDA is:ied1lDevice1/MMXU1.W.phsB.t: Thu Jan 01 01:00:00 CET 1970
21:48:06.965 [openiec61850-osi-server-3-thread-1] DEBUG com.beanit.openiec61850.ServerAssociation - sub BDA is:ied1lDevice1/MMXU1.W.phsC.cVal.mag.f: 0.0
21:48:06.965 [openiec61850-osi-server-3-thread-1] DEBUG com.beanit.openiec61850.ServerAssociation - sub BDA is:ied1lDevice1/MMXU1.W.phsC.q: 0x00 0x00
21:48:06.965 [openiec61850-osi-server-3-thread-1] DEBUG com.beanit.openiec61850.ServerAssociation - sub BDA is:ied1lDevice1/MMXU1.W.phsC.t: Thu Jan 01 01:00:00 CET 1970
calling GetDataValues(ied1lDevice1/MMXU1.W.phsA)
21:48:06.965 [openiec61850-osi-server-3-thread-1] DEBUG com.beanit.openiec61850.ServerAssociation - Got a GetDataValues request for node: ied1lDevice1/MMXU1.W.phsA [MX]
ied1lDevice1/MMXU1.W.phsA.cVal [MX]
ied1lDevice1/MMXU1.W.phsA.cVal.mag [MX]
ied1lDevice1/MMXU1.W.phsA.cVal.mag.f: 0.0
ied1lDevice1/MMXU1.W.phsA.q: 0x00 0x00
ied1lDevice1/MMXU1.W.phsA.t: Thu Jan 01 01:00:00 CET 1970
21:48:06.965 [openiec61850-osi-server-3-thread-1] DEBUG com.beanit.openiec61850.ServerAssociation - sub BDA is:ied1lDevice1/MMXU1.W.phsA.cVal.mag.f: 0.0
21:48:06.965 [openiec61850-osi-server-3-thread-1] DEBUG com.beanit.openiec61850.ServerAssociation - sub BDA is:ied1lDevice1/MMXU1.W.phsA.q: 0x00 0x00
21:48:06.965 [openiec61850-osi-server-3-thread-1] DEBUG com.beanit.openiec61850.ServerAssociation - sub BDA is:ied1lDevice1/MMXU1.W.phsA.t: Thu Jan 01 01:00:00 CET 1970
calling GetDataValues(ied1lDevice1/MMXU1.W.phsA.cVal)
21:48:06.966 [openiec61850-osi-server-3-thread-1] DEBUG com.beanit.openiec61850.ServerAssociation - Got a GetDataValues request for node: ied1lDevice1/MMXU1.W.phsA.cVal [MX]
ied1lDevice1/MMXU1.W.phsA.cVal.mag [MX]
ied1lDevice1/MMXU1.W.phsA.cVal.mag.f: 0.0
21:48:06.966 [openiec61850-osi-server-3-thread-1] DEBUG com.beanit.openiec61850.ServerAssociation - sub BDA is:ied1lDevice1/MMXU1.W.phsA.cVal.mag.f: 0.0
calling GetDataValues(ied1lDevice1/MMXU1.W.phsA.cVal.mag)
21:48:06.966 [openiec61850-osi-server-3-thread-1] DEBUG com.beanit.openiec61850.ServerAssociation - Got a GetDataValues request for node: ied1lDevice1/MMXU1.W.phsA.cVal.mag [MX]
ied1lDevice1/MMXU1.W.phsA.cVal.mag.f: 0.0
21:48:06.966 [openiec61850-osi-server-3-thread-1] DEBUG com.beanit.openiec61850.ServerAssociation - sub BDA is:ied1lDevice1/MMXU1.W.phsA.cVal.mag.f: 0.0
calling GetDataValues(ied1lDevice1/MMXU1.W.phsA.cVal.mag.f)
21:48:06.967 [openiec61850-osi-server-3-thread-1] DEBUG com.beanit.openiec61850.ServerAssociation - Got a GetDataValues request for node: ied1lDevice1/MMXU1.W.phsA.cVal.mag.f: 0.0
calling GetDataValues(ied1lDevice1/MMXU1.W.phsA.q)
21:48:06.967 [openiec61850-osi-server-3-thread-1] DEBUG com.beanit.openiec61850.ServerAssociation - Got a GetDataValues request for node: ied1lDevice1/MMXU1.W.phsA.q: 0x00 0x00
calling GetDataValues(ied1lDevice1/MMXU1.W.phsA.t)
21:48:06.967 [openiec61850-osi-server-3-thread-1] DEBUG com.beanit.openiec61850.ServerAssociation - Got a GetDataValues request for node: ied1lDevice1/MMXU1.W.phsA.t: Thu Jan 01 01:00:00 CET 1970
calling GetDataValues(ied1lDevice1/MMXU1.W.phsB)
21:48:06.968 [openiec61850-osi-server-3-thread-1] DEBUG com.beanit.openiec61850.ServerAssociation - Got a GetDataValues request for node: ied1lDevice1/MMXU1.W.phsB [MX]
ied1lDevice1/MMXU1.W.phsB.cVal [MX]
ied1lDevice1/MMXU1.W.phsB.cVal.mag [MX]
ied1lDevice1/MMXU1.W.phsB.cVal.mag.f: 0.0
ied1lDevice1/MMXU1.W.phsB.q: 0x00 0x00
ied1lDevice1/MMXU1.W.phsB.t: Thu Jan 01 01:00:00 CET 1970
21:48:06.968 [openiec61850-osi-server-3-thread-1] DEBUG com.beanit.openiec61850.ServerAssociation - sub BDA is:ied1lDevice1/MMXU1.W.phsB.cVal.mag.f: 0.0
21:48:06.968 [openiec61850-osi-server-3-thread-1] DEBUG com.beanit.openiec61850.ServerAssociation - sub BDA is:ied1lDevice1/MMXU1.W.phsB.q: 0x00 0x00
21:48:06.968 [openiec61850-osi-server-3-thread-1] DEBUG com.beanit.openiec61850.ServerAssociation - sub BDA is:ied1lDevice1/MMXU1.W.phsB.t: Thu Jan 01 01:00:00 CET 1970
calling GetDataValues(ied1lDevice1/MMXU1.W.phsB.cVal)
21:48:06.969 [openiec61850-osi-server-3-thread-1] DEBUG com.beanit.openiec61850.ServerAssociation - Got a GetDataValues request for node: ied1lDevice1/MMXU1.W.phsB.cVal [MX]
ied1lDevice1/MMXU1.W.phsB.cVal.mag [MX]
ied1lDevice1/MMXU1.W.phsB.cVal.mag.f: 0.0
21:48:06.969 [openiec61850-osi-server-3-thread-1] DEBUG com.beanit.openiec61850.ServerAssociation - sub BDA is:ied1lDevice1/MMXU1.W.phsB.cVal.mag.f: 0.0
calling GetDataValues(ied1lDevice1/MMXU1.W.phsB.cVal.mag)
21:48:06.969 [openiec61850-osi-server-3-thread-1] DEBUG com.beanit.openiec61850.ServerAssociation - Got a GetDataValues request for node: ied1lDevice1/MMXU1.W.phsB.cVal.mag [MX]
ied1lDevice1/MMXU1.W.phsB.cVal.mag.f: 0.0
21:48:06.969 [openiec61850-osi-server-3-thread-1] DEBUG com.beanit.openiec61850.ServerAssociation - sub BDA is:ied1lDevice1/MMXU1.W.phsB.cVal.mag.f: 0.0
calling GetDataValues(ied1lDevice1/MMXU1.W.phsB.cVal.mag.f)
21:48:06.970 [openiec61850-osi-server-3-thread-1] DEBUG com.beanit.openiec61850.ServerAssociation - Got a GetDataValues request for node: ied1lDevice1/MMXU1.W.phsB.cVal.mag.f: 0.0
calling GetDataValues(ied1lDevice1/MMXU1.W.phsB.q)
21:48:06.970 [openiec61850-osi-server-3-thread-1] DEBUG com.beanit.openiec61850.ServerAssociation - Got a GetDataValues request for node: ied1lDevice1/MMXU1.W.phsB.q: 0x00 0x00
calling GetDataValues(ied1lDevice1/MMXU1.W.phsB.t)
21:48:06.970 [openiec61850-osi-server-3-thread-1] DEBUG com.beanit.openiec61850.ServerAssociation - Got a GetDataValues request for node: ied1lDevice1/MMXU1.W.phsB.t: Thu Jan 01 01:00:00 CET 1970
calling GetDataValues(ied1lDevice1/MMXU1.W.phsC)
21:48:06.970 [openiec61850-osi-server-3-thread-1] DEBUG com.beanit.openiec61850.ServerAssociation - Got a GetDataValues request for node: ied1lDevice1/MMXU1.W.phsC [MX]
ied1lDevice1/MMXU1.W.phsC.cVal [MX]
ied1lDevice1/MMXU1.W.phsC.cVal.mag [MX]
ied1lDevice1/MMXU1.W.phsC.cVal.mag.f: 0.0
ied1lDevice1/MMXU1.W.phsC.q: 0x00 0x00
ied1lDevice1/MMXU1.W.phsC.t: Thu Jan 01 01:00:00 CET 1970
21:48:06.971 [openiec61850-osi-server-3-thread-1] DEBUG com.beanit.openiec61850.ServerAssociation - sub BDA is:ied1lDevice1/MMXU1.W.phsC.cVal.mag.f: 0.0
21:48:06.971 [openiec61850-osi-server-3-thread-1] DEBUG com.beanit.openiec61850.ServerAssociation - sub BDA is:ied1lDevice1/MMXU1.W.phsC.q: 0x00 0x00
21:48:06.971 [openiec61850-osi-server-3-thread-1] DEBUG com.beanit.openiec61850.ServerAssociation - sub BDA is:ied1lDevice1/MMXU1.W.phsC.t: Thu Jan 01 01:00:00 CET 1970
calling GetDataValues(ied1lDevice1/MMXU1.W.phsC.cVal)
21:48:06.971 [openiec61850-osi-server-3-thread-1] DEBUG com.beanit.openiec61850.ServerAssociation - Got a GetDataValues request for node: ied1lDevice1/MMXU1.W.phsC.cVal [MX]
ied1lDevice1/MMXU1.W.phsC.cVal.mag [MX]
ied1lDevice1/MMXU1.W.phsC.cVal.mag.f: 0.0
21:48:06.971 [openiec61850-osi-server-3-thread-1] DEBUG com.beanit.openiec61850.ServerAssociation - sub BDA is:ied1lDevice1/MMXU1.W.phsC.cVal.mag.f: 0.0
calling GetDataValues(ied1lDevice1/MMXU1.W.phsC.cVal.mag)
21:48:06.971 [openiec61850-osi-server-3-thread-1] DEBUG com.beanit.openiec61850.ServerAssociation - Got a GetDataValues request for node: ied1lDevice1/MMXU1.W.phsC.cVal.mag [MX]
ied1lDevice1/MMXU1.W.phsC.cVal.mag.f: 0.0
21:48:06.972 [openiec61850-osi-server-3-thread-1] DEBUG com.beanit.openiec61850.ServerAssociation - sub BDA is:ied1lDevice1/MMXU1.W.phsC.cVal.mag.f: 0.0
calling GetDataValues(ied1lDevice1/MMXU1.W.phsC.cVal.mag.f)
21:48:06.972 [openiec61850-osi-server-3-thread-1] DEBUG com.beanit.openiec61850.ServerAssociation - Got a GetDataValues request for node: ied1lDevice1/MMXU1.W.phsC.cVal.mag.f: 0.0
calling GetDataValues(ied1lDevice1/MMXU1.W.phsC.q)
21:48:06.972 [openiec61850-osi-server-3-thread-1] DEBUG com.beanit.openiec61850.ServerAssociation - Got a GetDataValues request for node: ied1lDevice1/MMXU1.W.phsC.q: 0x00 0x00
calling GetDataValues(ied1lDevice1/MMXU1.W.phsC.t)
21:48:06.973 [openiec61850-osi-server-3-thread-1] DEBUG com.beanit.openiec61850.ServerAssociation - Got a GetDataValues request for node: ied1lDevice1/MMXU1.W.phsC.t: Thu Jan 01 01:00:00 CET 1970
calling GetDataValues(ied1lDevice1/CSWI1.Mod)
21:48:06.973 [openiec61850-osi-server-3-thread-1] DEBUG com.beanit.openiec61850.ServerAssociation - Got a GetDataValues request for node: ied1lDevice1/CSWI1.Mod [ST]
ied1lDevice1/CSWI1.Mod.q: 0x00 0x00
ied1lDevice1/CSWI1.Mod.t: Thu Jan 01 01:00:00 CET 1970
21:48:06.973 [openiec61850-osi-server-3-thread-1] DEBUG com.beanit.openiec61850.ServerAssociation - sub BDA is:ied1lDevice1/CSWI1.Mod.q: 0x00 0x00
21:48:06.973 [openiec61850-osi-server-3-thread-1] DEBUG com.beanit.openiec61850.ServerAssociation - sub BDA is:ied1lDevice1/CSWI1.Mod.t: Thu Jan 01 01:00:00 CET 1970
calling GetDataValues(ied1lDevice1/CSWI1.Mod.q)
21:48:06.974 [openiec61850-osi-server-3-thread-1] DEBUG com.beanit.openiec61850.ServerAssociation - Got a GetDataValues request for node: ied1lDevice1/CSWI1.Mod.q: 0x00 0x00
calling GetDataValues(ied1lDevice1/CSWI1.Mod.t)
21:48:06.974 [openiec61850-osi-server-3-thread-1] DEBUG com.beanit.openiec61850.ServerAssociation - Got a GetDataValues request for node: ied1lDevice1/CSWI1.Mod.t: Thu Jan 01 01:00:00 CET 1970
calling GetDataValues(ied1lDevice1/CSWI1.Mod)
21:48:06.974 [openiec61850-osi-server-3-thread-1] DEBUG com.beanit.openiec61850.ServerAssociation - Got a GetDataValues request for node: ied1lDevice1/CSWI1.Mod [CF]
ied1lDevice1/CSWI1.Mod.ctlModel: 0
21:48:06.974 [openiec61850-osi-server-3-thread-1] DEBUG com.beanit.openiec61850.ServerAssociation - sub BDA is:ied1lDevice1/CSWI1.Mod.ctlModel: 0
calling GetDataValues(ied1lDevice1/CSWI1.Mod.ctlModel)
21:48:06.975 [openiec61850-osi-server-3-thread-1] DEBUG com.beanit.openiec61850.ServerAssociation - Got a GetDataValues request for node: ied1lDevice1/CSWI1.Mod.ctlModel: 0
calling GetDataValues(ied1lDevice1/CSWI1.Beh)
21:48:06.975 [openiec61850-osi-server-3-thread-1] DEBUG com.beanit.openiec61850.ServerAssociation - Got a GetDataValues request for node: ied1lDevice1/CSWI1.Beh [ST]
ied1lDevice1/CSWI1.Beh.stVal: 0
ied1lDevice1/CSWI1.Beh.q: 0x00 0x00
ied1lDevice1/CSWI1.Beh.t: Thu Jan 01 01:00:00 CET 1970
21:48:06.975 [openiec61850-osi-server-3-thread-1] DEBUG com.beanit.openiec61850.ServerAssociation - sub BDA is:ied1lDevice1/CSWI1.Beh.stVal: 0
21:48:06.975 [openiec61850-osi-server-3-thread-1] DEBUG com.beanit.openiec61850.ServerAssociation - sub BDA is:ied1lDevice1/CSWI1.Beh.q: 0x00 0x00
21:48:06.975 [openiec61850-osi-server-3-thread-1] DEBUG com.beanit.openiec61850.ServerAssociation - sub BDA is:ied1lDevice1/CSWI1.Beh.t: Thu Jan 01 01:00:00 CET 1970
calling GetDataValues(ied1lDevice1/CSWI1.Beh.stVal)
21:48:06.975 [openiec61850-osi-server-3-thread-1] DEBUG com.beanit.openiec61850.ServerAssociation - Got a GetDataValues request for node: ied1lDevice1/CSWI1.Beh.stVal: 0
calling GetDataValues(ied1lDevice1/CSWI1.Beh.q)
21:48:06.976 [openiec61850-osi-server-3-thread-1] DEBUG com.beanit.openiec61850.ServerAssociation - Got a GetDataValues request for node: ied1lDevice1/CSWI1.Beh.q: 0x00 0x00
calling GetDataValues(ied1lDevice1/CSWI1.Beh.t)
21:48:06.976 [openiec61850-osi-server-3-thread-1] DEBUG com.beanit.openiec61850.ServerAssociation - Got a GetDataValues request for node: ied1lDevice1/CSWI1.Beh.t: Thu Jan 01 01:00:00 CET 1970
calling GetDataValues(ied1lDevice1/CSWI1.Health)
21:48:06.976 [openiec61850-osi-server-3-thread-1] DEBUG com.beanit.openiec61850.ServerAssociation - Got a GetDataValues request for node: ied1lDevice1/CSWI1.Health [ST]
ied1lDevice1/CSWI1.Health.stVal: 0
ied1lDevice1/CSWI1.Health.q: 0x00 0x00
ied1lDevice1/CSWI1.Health.t: Thu Jan 01 01:00:00 CET 1970
21:48:06.976 [openiec61850-osi-server-3-thread-1] DEBUG com.beanit.openiec61850.ServerAssociation - sub BDA is:ied1lDevice1/CSWI1.Health.stVal: 0
21:48:06.976 [openiec61850-osi-server-3-thread-1] DEBUG com.beanit.openiec61850.ServerAssociation - sub BDA is:ied1lDevice1/CSWI1.Health.q: 0x00 0x00
21:48:06.976 [openiec61850-osi-server-3-thread-1] DEBUG com.beanit.openiec61850.ServerAssociation - sub BDA is:ied1lDevice1/CSWI1.Health.t: Thu Jan 01 01:00:00 CET 1970
calling GetDataValues(ied1lDevice1/CSWI1.Health.stVal)
21:48:06.977 [openiec61850-osi-server-3-thread-1] DEBUG com.beanit.openiec61850.ServerAssociation - Got a GetDataValues request for node: ied1lDevice1/CSWI1.Health.stVal: 0
calling GetDataValues(ied1lDevice1/CSWI1.Health.q)
21:48:06.977 [openiec61850-osi-server-3-thread-1] DEBUG com.beanit.openiec61850.ServerAssociation - Got a GetDataValues request for node: ied1lDevice1/CSWI1.Health.q: 0x00 0x00
calling GetDataValues(ied1lDevice1/CSWI1.Health.t)
21:48:06.977 [openiec61850-osi-server-3-thread-1] DEBUG com.beanit.openiec61850.ServerAssociation - Got a GetDataValues request for node: ied1lDevice1/CSWI1.Health.t: Thu Jan 01 01:00:00 CET 1970
calling GetDataValues(ied1lDevice1/CSWI1.NamPlt)
21:48:06.978 [openiec61850-osi-server-3-thread-1] DEBUG com.beanit.openiec61850.ServerAssociation - Got a GetDataValues request for node: ied1lDevice1/CSWI1.NamPlt [DC]
ied1lDevice1/CSWI1.NamPlt.vendor: ''
ied1lDevice1/CSWI1.NamPlt.swRev: ''
ied1lDevice1/CSWI1.NamPlt.d: ''
21:48:06.978 [openiec61850-osi-server-3-thread-1] DEBUG com.beanit.openiec61850.ServerAssociation - sub BDA is:ied1lDevice1/CSWI1.NamPlt.vendor: ''
21:48:06.978 [openiec61850-osi-server-3-thread-1] DEBUG com.beanit.openiec61850.ServerAssociation - sub BDA is:ied1lDevice1/CSWI1.NamPlt.swRev: ''
21:48:06.978 [openiec61850-osi-server-3-thread-1] DEBUG com.beanit.openiec61850.ServerAssociation - sub BDA is:ied1lDevice1/CSWI1.NamPlt.d: ''
calling GetDataValues(ied1lDevice1/CSWI1.NamPlt.vendor)
21:48:06.978 [openiec61850-osi-server-3-thread-1] DEBUG com.beanit.openiec61850.ServerAssociation - Got a GetDataValues request for node: ied1lDevice1/CSWI1.NamPlt.vendor: ''
calling GetDataValues(ied1lDevice1/CSWI1.NamPlt.swRev)
21:48:06.978 [openiec61850-osi-server-3-thread-1] DEBUG com.beanit.openiec61850.ServerAssociation - Got a GetDataValues request for node: ied1lDevice1/CSWI1.NamPlt.swRev: ''
calling GetDataValues(ied1lDevice1/CSWI1.NamPlt.d)
21:48:06.979 [openiec61850-osi-server-3-thread-1] DEBUG com.beanit.openiec61850.ServerAssociation - Got a GetDataValues request for node: ied1lDevice1/CSWI1.NamPlt.d: ''
calling GetDataValues(ied1lDevice1/CSWI1.Pos)
21:48:06.979 [openiec61850-osi-server-3-thread-1] DEBUG com.beanit.openiec61850.ServerAssociation - Got a GetDataValues request for node: ied1lDevice1/CSWI1.Pos [ST]
ied1lDevice1/CSWI1.Pos.q: 0x00 0x00
ied1lDevice1/CSWI1.Pos.t: Thu Jan 01 01:00:00 CET 1970
21:48:06.979 [openiec61850-osi-server-3-thread-1] DEBUG com.beanit.openiec61850.ServerAssociation - sub BDA is:ied1lDevice1/CSWI1.Pos.q: 0x00 0x00
21:48:06.979 [openiec61850-osi-server-3-thread-1] DEBUG com.beanit.openiec61850.ServerAssociation - sub BDA is:ied1lDevice1/CSWI1.Pos.t: Thu Jan 01 01:00:00 CET 1970
calling GetDataValues(ied1lDevice1/CSWI1.Pos.q)
21:48:06.980 [openiec61850-osi-server-3-thread-1] DEBUG com.beanit.openiec61850.ServerAssociation - Got a GetDataValues request for node: ied1lDevice1/CSWI1.Pos.q: 0x00 0x00
calling GetDataValues(ied1lDevice1/CSWI1.Pos.t)
21:48:06.980 [openiec61850-osi-server-3-thread-1] DEBUG com.beanit.openiec61850.ServerAssociation - Got a GetDataValues request for node: ied1lDevice1/CSWI1.Pos.t: Thu Jan 01 01:00:00 CET 1970
calling GetDataValues(ied1lDevice1/CSWI1.Pos)
21:48:06.980 [openiec61850-osi-server-3-thread-1] DEBUG com.beanit.openiec61850.ServerAssociation - Got a GetDataValues request for node: ied1lDevice1/CSWI1.Pos [CF]
ied1lDevice1/CSWI1.Pos.ctlModel: 1
21:48:06.980 [openiec61850-osi-server-3-thread-1] DEBUG com.beanit.openiec61850.ServerAssociation - sub BDA is:ied1lDevice1/CSWI1.Pos.ctlModel: 1
calling GetDataValues(ied1lDevice1/CSWI1.Pos.ctlModel)
21:48:06.981 [openiec61850-osi-server-3-thread-1] DEBUG com.beanit.openiec61850.ServerAssociation - Got a GetDataValues request for node: ied1lDevice1/CSWI1.Pos.ctlModel: 1
calling GetDataValues(ied1lDevice1/CSWI1.PosA)
21:48:06.981 [openiec61850-osi-server-3-thread-1] DEBUG com.beanit.openiec61850.ServerAssociation - Got a GetDataValues request for node: ied1lDevice1/CSWI1.PosA [ST]
ied1lDevice1/CSWI1.PosA.q: 0x00 0x00
ied1lDevice1/CSWI1.PosA.t: Thu Jan 01 01:00:00 CET 1970
21:48:06.981 [openiec61850-osi-server-3-thread-1] DEBUG com.beanit.openiec61850.ServerAssociation - sub BDA is:ied1lDevice1/CSWI1.PosA.q: 0x00 0x00
21:48:06.981 [openiec61850-osi-server-3-thread-1] DEBUG com.beanit.openiec61850.ServerAssociation - sub BDA is:ied1lDevice1/CSWI1.PosA.t: Thu Jan 01 01:00:00 CET 1970
calling GetDataValues(ied1lDevice1/CSWI1.PosA.q)
21:48:06.982 [openiec61850-osi-server-3-thread-1] DEBUG com.beanit.openiec61850.ServerAssociation - Got a GetDataValues request for node: ied1lDevice1/CSWI1.PosA.q: 0x00 0x00
calling GetDataValues(ied1lDevice1/CSWI1.PosA.t)
21:48:06.982 [openiec61850-osi-server-3-thread-1] DEBUG com.beanit.openiec61850.ServerAssociation - Got a GetDataValues request for node: ied1lDevice1/CSWI1.PosA.t: Thu Jan 01 01:00:00 CET 1970
calling GetDataValues(ied1lDevice1/CSWI1.PosA)
21:48:06.982 [openiec61850-osi-server-3-thread-1] DEBUG com.beanit.openiec61850.ServerAssociation - Got a GetDataValues request for node: ied1lDevice1/CSWI1.PosA [CF]
ied1lDevice1/CSWI1.PosA.ctlModel: 2
ied1lDevice1/CSWI1.PosA.sboTimeout: 1000
21:48:06.982 [openiec61850-osi-server-3-thread-1] DEBUG com.beanit.openiec61850.ServerAssociation - sub BDA is:ied1lDevice1/CSWI1.PosA.ctlModel: 2
21:48:06.982 [openiec61850-osi-server-3-thread-1] DEBUG com.beanit.openiec61850.ServerAssociation - sub BDA is:ied1lDevice1/CSWI1.PosA.sboTimeout: 1000
calling GetDataValues(ied1lDevice1/CSWI1.PosA.ctlModel)
21:48:06.983 [openiec61850-osi-server-3-thread-1] DEBUG com.beanit.openiec61850.ServerAssociation - Got a GetDataValues request for node: ied1lDevice1/CSWI1.PosA.ctlModel: 2
calling GetDataValues(ied1lDevice1/CSWI1.PosA.sboTimeout)
21:48:06.983 [openiec61850-osi-server-3-thread-1] DEBUG com.beanit.openiec61850.ServerAssociation - Got a GetDataValues request for node: ied1lDevice1/CSWI1.PosA.sboTimeout: 1000
calling GetDataValues(ied1lDevice1/CSWI1.PosB)
21:48:06.983 [openiec61850-osi-server-3-thread-1] DEBUG com.beanit.openiec61850.ServerAssociation - Got a GetDataValues request for node: ied1lDevice1/CSWI1.PosB [ST]
ied1lDevice1/CSWI1.PosB.q: 0x00 0x00
ied1lDevice1/CSWI1.PosB.t: Thu Jan 01 01:00:00 CET 1970
21:48:06.983 [openiec61850-osi-server-3-thread-1] DEBUG com.beanit.openiec61850.ServerAssociation - sub BDA is:ied1lDevice1/CSWI1.PosB.q: 0x00 0x00
21:48:06.983 [openiec61850-osi-server-3-thread-1] DEBUG com.beanit.openiec61850.ServerAssociation - sub BDA is:ied1lDevice1/CSWI1.PosB.t: Thu Jan 01 01:00:00 CET 1970
calling GetDataValues(ied1lDevice1/CSWI1.PosB.q)
21:48:06.984 [openiec61850-osi-server-3-thread-1] DEBUG com.beanit.openiec61850.ServerAssociation - Got a GetDataValues request for node: ied1lDevice1/CSWI1.PosB.q: 0x00 0x00
calling GetDataValues(ied1lDevice1/CSWI1.PosB.t)
21:48:06.984 [openiec61850-osi-server-3-thread-1] DEBUG com.beanit.openiec61850.ServerAssociation - Got a GetDataValues request for node: ied1lDevice1/CSWI1.PosB.t: Thu Jan 01 01:00:00 CET 1970
calling GetDataValues(ied1lDevice1/CSWI1.PosB)
21:48:06.984 [openiec61850-osi-server-3-thread-1] DEBUG com.beanit.openiec61850.ServerAssociation - Got a GetDataValues request for node: ied1lDevice1/CSWI1.PosB [CF]
ied1lDevice1/CSWI1.PosB.ctlModel: 3
21:48:06.984 [openiec61850-osi-server-3-thread-1] DEBUG com.beanit.openiec61850.ServerAssociation - sub BDA is:ied1lDevice1/CSWI1.PosB.ctlModel: 3
calling GetDataValues(ied1lDevice1/CSWI1.PosB.ctlModel)
21:48:06.985 [openiec61850-osi-server-3-thread-1] DEBUG com.beanit.openiec61850.ServerAssociation - Got a GetDataValues request for node: ied1lDevice1/CSWI1.PosB.ctlModel: 3
calling GetDataValues(ied1lDevice1/CSWI1.PosC)
21:48:06.985 [openiec61850-osi-server-3-thread-1] DEBUG com.beanit.openiec61850.ServerAssociation - Got a GetDataValues request for node: ied1lDevice1/CSWI1.PosC [ST]
ied1lDevice1/CSWI1.PosC.q: 0x00 0x00
ied1lDevice1/CSWI1.PosC.t: Thu Jan 01 01:00:00 CET 1970
21:48:06.985 [openiec61850-osi-server-3-thread-1] DEBUG com.beanit.openiec61850.ServerAssociation - sub BDA is:ied1lDevice1/CSWI1.PosC.q: 0x00 0x00
21:48:06.985 [openiec61850-osi-server-3-thread-1] DEBUG com.beanit.openiec61850.ServerAssociation - sub BDA is:ied1lDevice1/CSWI1.PosC.t: Thu Jan 01 01:00:00 CET 1970
calling GetDataValues(ied1lDevice1/CSWI1.PosC.q)
21:48:06.985 [openiec61850-osi-server-3-thread-1] DEBUG com.beanit.openiec61850.ServerAssociation - Got a GetDataValues request for node: ied1lDevice1/CSWI1.PosC.q: 0x00 0x00
calling GetDataValues(ied1lDevice1/CSWI1.PosC.t)
21:48:06.986 [openiec61850-osi-server-3-thread-1] DEBUG com.beanit.openiec61850.ServerAssociation - Got a GetDataValues request for node: ied1lDevice1/CSWI1.PosC.t: Thu Jan 01 01:00:00 CET 1970
calling GetDataValues(ied1lDevice1/CSWI1.PosC)
21:48:06.986 [openiec61850-osi-server-3-thread-1] DEBUG com.beanit.openiec61850.ServerAssociation - Got a GetDataValues request for node: ied1lDevice1/CSWI1.PosC [CF]
ied1lDevice1/CSWI1.PosC.ctlModel: 4
21:48:06.986 [openiec61850-osi-server-3-thread-1] DEBUG com.beanit.openiec61850.ServerAssociation - sub BDA is:ied1lDevice1/CSWI1.PosC.ctlModel: 4
calling GetDataValues(ied1lDevice1/CSWI1.PosC.ctlModel)
21:48:06.986 [openiec61850-osi-server-3-thread-1] DEBUG com.beanit.openiec61850.ServerAssociation - Got a GetDataValues request for node: ied1lDevice1/CSWI1.PosC.ctlModel: 4
calling GetDataValues(ied1lDevice1/DSCH1.Mod)
21:48:06.987 [openiec61850-osi-server-3-thread-1] DEBUG com.beanit.openiec61850.ServerAssociation - Got a GetDataValues request for node: ied1lDevice1/DSCH1.Mod [ST]
ied1lDevice1/DSCH1.Mod.q: 0x00 0x00
ied1lDevice1/DSCH1.Mod.t: Thu Jan 01 01:00:00 CET 1970
21:48:06.987 [openiec61850-osi-server-3-thread-1] DEBUG com.beanit.openiec61850.ServerAssociation - sub BDA is:ied1lDevice1/DSCH1.Mod.q: 0x00 0x00
21:48:06.987 [openiec61850-osi-server-3-thread-1] DEBUG com.beanit.openiec61850.ServerAssociation - sub BDA is:ied1lDevice1/DSCH1.Mod.t: Thu Jan 01 01:00:00 CET 1970
calling GetDataValues(ied1lDevice1/DSCH1.Mod.q)
21:48:06.987 [openiec61850-osi-server-3-thread-1] DEBUG com.beanit.openiec61850.ServerAssociation - Got a GetDataValues request for node: ied1lDevice1/DSCH1.Mod.q: 0x00 0x00
calling GetDataValues(ied1lDevice1/DSCH1.Mod.t)
21:48:06.987 [openiec61850-osi-server-3-thread-1] DEBUG com.beanit.openiec61850.ServerAssociation - Got a GetDataValues request for node: ied1lDevice1/DSCH1.Mod.t: Thu Jan 01 01:00:00 CET 1970
calling GetDataValues(ied1lDevice1/DSCH1.Mod)
21:48:06.988 [openiec61850-osi-server-3-thread-1] DEBUG com.beanit.openiec61850.ServerAssociation - Got a GetDataValues request for node: ied1lDevice1/DSCH1.Mod [CF]
ied1lDevice1/DSCH1.Mod.ctlModel: 0
21:48:06.988 [openiec61850-osi-server-3-thread-1] DEBUG com.beanit.openiec61850.ServerAssociation - sub BDA is:ied1lDevice1/DSCH1.Mod.ctlModel: 0
calling GetDataValues(ied1lDevice1/DSCH1.Mod.ctlModel)
21:48:06.988 [openiec61850-osi-server-3-thread-1] DEBUG com.beanit.openiec61850.ServerAssociation - Got a GetDataValues request for node: ied1lDevice1/DSCH1.Mod.ctlModel: 0
calling GetDataValues(ied1lDevice1/DSCH1.Beh)
21:48:06.988 [openiec61850-osi-server-3-thread-1] DEBUG com.beanit.openiec61850.ServerAssociation - Got a GetDataValues request for node: ied1lDevice1/DSCH1.Beh [ST]
ied1lDevice1/DSCH1.Beh.stVal: 0
ied1lDevice1/DSCH1.Beh.q: 0x00 0x00
ied1lDevice1/DSCH1.Beh.t: Thu Jan 01 01:00:00 CET 1970
21:48:06.988 [openiec61850-osi-server-3-thread-1] DEBUG com.beanit.openiec61850.ServerAssociation - sub BDA is:ied1lDevice1/DSCH1.Beh.stVal: 0
21:48:06.988 [openiec61850-osi-server-3-thread-1] DEBUG com.beanit.openiec61850.ServerAssociation - sub BDA is:ied1lDevice1/DSCH1.Beh.q: 0x00 0x00
21:48:06.988 [openiec61850-osi-server-3-thread-1] DEBUG com.beanit.openiec61850.ServerAssociation - sub BDA is:ied1lDevice1/DSCH1.Beh.t: Thu Jan 01 01:00:00 CET 1970
calling GetDataValues(ied1lDevice1/DSCH1.Beh.stVal)
21:48:06.989 [openiec61850-osi-server-3-thread-1] DEBUG com.beanit.openiec61850.ServerAssociation - Got a GetDataValues request for node: ied1lDevice1/DSCH1.Beh.stVal: 0
calling GetDataValues(ied1lDevice1/DSCH1.Beh.q)
21:48:06.989 [openiec61850-osi-server-3-thread-1] DEBUG com.beanit.openiec61850.ServerAssociation - Got a GetDataValues request for node: ied1lDevice1/DSCH1.Beh.q: 0x00 0x00
calling GetDataValues(ied1lDevice1/DSCH1.Beh.t)
21:48:06.989 [openiec61850-osi-server-3-thread-1] DEBUG com.beanit.openiec61850.ServerAssociation - Got a GetDataValues request for node: ied1lDevice1/DSCH1.Beh.t: Thu Jan 01 01:00:00 CET 1970
calling GetDataValues(ied1lDevice1/DSCH1.Health)
21:48:06.990 [openiec61850-osi-server-3-thread-1] DEBUG com.beanit.openiec61850.ServerAssociation - Got a GetDataValues request for node: ied1lDevice1/DSCH1.Health [ST]
ied1lDevice1/DSCH1.Health.stVal: 0
ied1lDevice1/DSCH1.Health.q: 0x00 0x00
ied1lDevice1/DSCH1.Health.t: Thu Jan 01 01:00:00 CET 1970
21:48:06.990 [openiec61850-osi-server-3-thread-1] DEBUG com.beanit.openiec61850.ServerAssociation - sub BDA is:ied1lDevice1/DSCH1.Health.stVal: 0
21:48:06.990 [openiec61850-osi-server-3-thread-1] DEBUG com.beanit.openiec61850.ServerAssociation - sub BDA is:ied1lDevice1/DSCH1.Health.q: 0x00 0x00
21:48:06.990 [openiec61850-osi-server-3-thread-1] DEBUG com.beanit.openiec61850.ServerAssociation - sub BDA is:ied1lDevice1/DSCH1.Health.t: Thu Jan 01 01:00:00 CET 1970
calling GetDataValues(ied1lDevice1/DSCH1.Health.stVal)
21:48:06.990 [openiec61850-osi-server-3-thread-1] DEBUG com.beanit.openiec61850.ServerAssociation - Got a GetDataValues request for node: ied1lDevice1/DSCH1.Health.stVal: 0
calling GetDataValues(ied1lDevice1/DSCH1.Health.q)
21:48:06.990 [openiec61850-osi-server-3-thread-1] DEBUG com.beanit.openiec61850.ServerAssociation - Got a GetDataValues request for node: ied1lDevice1/DSCH1.Health.q: 0x00 0x00
calling GetDataValues(ied1lDevice1/DSCH1.Health.t)
21:48:06.991 [openiec61850-osi-server-3-thread-1] DEBUG com.beanit.openiec61850.ServerAssociation - Got a GetDataValues request for node: ied1lDevice1/DSCH1.Health.t: Thu Jan 01 01:00:00 CET 1970
calling GetDataValues(ied1lDevice1/DSCH1.NamPlt)
21:48:06.991 [openiec61850-osi-server-3-thread-1] DEBUG com.beanit.openiec61850.ServerAssociation - Got a GetDataValues request for node: ied1lDevice1/DSCH1.NamPlt [DC]
ied1lDevice1/DSCH1.NamPlt.vendor: ''
ied1lDevice1/DSCH1.NamPlt.swRev: ''
ied1lDevice1/DSCH1.NamPlt.d: ''
21:48:06.991 [openiec61850-osi-server-3-thread-1] DEBUG com.beanit.openiec61850.ServerAssociation - sub BDA is:ied1lDevice1/DSCH1.NamPlt.vendor: ''
21:48:06.991 [openiec61850-osi-server-3-thread-1] DEBUG com.beanit.openiec61850.ServerAssociation - sub BDA is:ied1lDevice1/DSCH1.NamPlt.swRev: ''
21:48:06.991 [openiec61850-osi-server-3-thread-1] DEBUG com.beanit.openiec61850.ServerAssociation - sub BDA is:ied1lDevice1/DSCH1.NamPlt.d: ''
calling GetDataValues(ied1lDevice1/DSCH1.NamPlt.vendor)
21:48:06.991 [openiec61850-osi-server-3-thread-1] DEBUG com.beanit.openiec61850.ServerAssociation - Got a GetDataValues request for node: ied1lDevice1/DSCH1.NamPlt.vendor: ''
calling GetDataValues(ied1lDevice1/DSCH1.NamPlt.swRev)
21:48:06.991 [openiec61850-osi-server-3-thread-1] DEBUG com.beanit.openiec61850.ServerAssociation - Got a GetDataValues request for node: ied1lDevice1/DSCH1.NamPlt.swRev: ''
calling GetDataValues(ied1lDevice1/DSCH1.NamPlt.d)
21:48:06.992 [openiec61850-osi-server-3-thread-1] DEBUG com.beanit.openiec61850.ServerAssociation - Got a GetDataValues request for node: ied1lDevice1/DSCH1.NamPlt.d: ''
calling GetDataValues(ied1lDevice1/DSCH1.SchdSt)
21:48:06.992 [openiec61850-osi-server-3-thread-1] DEBUG com.beanit.openiec61850.ServerAssociation - Got a GetDataValues request for node: ied1lDevice1/DSCH1.SchdSt [ST]
ied1lDevice1/DSCH1.SchdSt.stVal: 0
ied1lDevice1/DSCH1.SchdSt.q: 0x00 0x00
ied1lDevice1/DSCH1.SchdSt.t: Thu Jan 01 01:00:00 CET 1970
21:48:06.992 [openiec61850-osi-server-3-thread-1] DEBUG com.beanit.openiec61850.ServerAssociation - sub BDA is:ied1lDevice1/DSCH1.SchdSt.stVal: 0
21:48:06.992 [openiec61850-osi-server-3-thread-1] DEBUG com.beanit.openiec61850.ServerAssociation - sub BDA is:ied1lDevice1/DSCH1.SchdSt.q: 0x00 0x00
21:48:06.992 [openiec61850-osi-server-3-thread-1] DEBUG com.beanit.openiec61850.ServerAssociation - sub BDA is:ied1lDevice1/DSCH1.SchdSt.t: Thu Jan 01 01:00:00 CET 1970
calling GetDataValues(ied1lDevice1/DSCH1.SchdSt.stVal)
21:48:06.992 [openiec61850-osi-server-3-thread-1] DEBUG com.beanit.openiec61850.ServerAssociation - Got a GetDataValues request for node: ied1lDevice1/DSCH1.SchdSt.stVal: 0
calling GetDataValues(ied1lDevice1/DSCH1.SchdSt.q)
21:48:06.993 [openiec61850-osi-server-3-thread-1] DEBUG com.beanit.openiec61850.ServerAssociation - Got a GetDataValues request for node: ied1lDevice1/DSCH1.SchdSt.q: 0x00 0x00
calling GetDataValues(ied1lDevice1/DSCH1.SchdSt.t)
21:48:06.993 [openiec61850-osi-server-3-thread-1] DEBUG com.beanit.openiec61850.ServerAssociation - Got a GetDataValues request for node: ied1lDevice1/DSCH1.SchdSt.t: Thu Jan 01 01:00:00 CET 1970
calling GetDataValues(ied1lDevice1/DSCH1.SchdAbsTm)
21:48:06.994 [openiec61850-osi-server-3-thread-1] DEBUG com.beanit.openiec61850.ServerAssociation - Got a GetDataValues request for node: ied1lDevice1/DSCH1.SchdAbsTm [SP]
ied1lDevice1/DSCH1.SchdAbsTm.val [SP]
ied1lDevice1/DSCH1.SchdAbsTm.val(0): 0.0
ied1lDevice1/DSCH1.SchdAbsTm.val(1): 0.0
ied1lDevice1/DSCH1.SchdAbsTm.val(2): 0.0
ied1lDevice1/DSCH1.SchdAbsTm.val(3): 0.0
ied1lDevice1/DSCH1.SchdAbsTm.val(4): 0.0
ied1lDevice1/DSCH1.SchdAbsTm.val(5): 0.0
ied1lDevice1/DSCH1.SchdAbsTm.val(6): 0.0
ied1lDevice1/DSCH1.SchdAbsTm.val(7): 0.0
ied1lDevice1/DSCH1.SchdAbsTm.val(8): 0.0
ied1lDevice1/DSCH1.SchdAbsTm.val(9): 0.0
ied1lDevice1/DSCH1.SchdAbsTm.val(10): 0.0
ied1lDevice1/DSCH1.SchdAbsTm.val(11): 0.0
ied1lDevice1/DSCH1.SchdAbsTm.val(12): 0.0
ied1lDevice1/DSCH1.SchdAbsTm.val(13): 0.0
ied1lDevice1/DSCH1.SchdAbsTm.val(14): 0.0
ied1lDevice1/DSCH1.SchdAbsTm.val(15): 0.0
ied1lDevice1/DSCH1.SchdAbsTm.val(16): 0.0
ied1lDevice1/DSCH1.SchdAbsTm.val(17): 0.0
ied1lDevice1/DSCH1.SchdAbsTm.val(18): 0.0
ied1lDevice1/DSCH1.SchdAbsTm.val(19): 0.0
ied1lDevice1/DSCH1.SchdAbsTm.val(20): 0.0
ied1lDevice1/DSCH1.SchdAbsTm.val(21): 0.0
ied1lDevice1/DSCH1.SchdAbsTm.val(22): 0.0
ied1lDevice1/DSCH1.SchdAbsTm.val(23): 0.0
ied1lDevice1/DSCH1.SchdAbsTm.val(24): 0.0
ied1lDevice1/DSCH1.SchdAbsTm.val(25): 0.0
ied1lDevice1/DSCH1.SchdAbsTm.val(26): 0.0
ied1lDevice1/DSCH1.SchdAbsTm.val(27): 0.0
ied1lDevice1/DSCH1.SchdAbsTm.val(28): 0.0
ied1lDevice1/DSCH1.SchdAbsTm.val(29): 0.0
ied1lDevice1/DSCH1.SchdAbsTm.val(30): 0.0
ied1lDevice1/DSCH1.SchdAbsTm.val(31): 0.0
ied1lDevice1/DSCH1.SchdAbsTm.val(32): 0.0
ied1lDevice1/DSCH1.SchdAbsTm.val(33): 0.0
ied1lDevice1/DSCH1.SchdAbsTm.val(34): 0.0
ied1lDevice1/DSCH1.SchdAbsTm.val(35): 0.0
ied1lDevice1/DSCH1.SchdAbsTm.val(36): 0.0
ied1lDevice1/DSCH1.SchdAbsTm.val(37): 0.0
ied1lDevice1/DSCH1.SchdAbsTm.val(38): 0.0
ied1lDevice1/DSCH1.SchdAbsTm.val(39): 0.0
ied1lDevice1/DSCH1.SchdAbsTm.val(40): 0.0
ied1lDevice1/DSCH1.SchdAbsTm.val(41): 0.0
ied1lDevice1/DSCH1.SchdAbsTm.val(42): 0.0
ied1lDevice1/DSCH1.SchdAbsTm.val(43): 0.0
ied1lDevice1/DSCH1.SchdAbsTm.val(44): 0.0
ied1lDevice1/DSCH1.SchdAbsTm.val(45): 0.0
ied1lDevice1/DSCH1.SchdAbsTm.val(46): 0.0
ied1lDevice1/DSCH1.SchdAbsTm.val(47): 0.0
ied1lDevice1/DSCH1.SchdAbsTm.val(48): 0.0
ied1lDevice1/DSCH1.SchdAbsTm.val(49): 0.0
ied1lDevice1/DSCH1.SchdAbsTm.val(50): 0.0
ied1lDevice1/DSCH1.SchdAbsTm.val(51): 0.0
ied1lDevice1/DSCH1.SchdAbsTm.val(52): 0.0
ied1lDevice1/DSCH1.SchdAbsTm.val(53): 0.0
ied1lDevice1/DSCH1.SchdAbsTm.val(54): 0.0
ied1lDevice1/DSCH1.SchdAbsTm.val(55): 0.0
ied1lDevice1/DSCH1.SchdAbsTm.val(56): 0.0
ied1lDevice1/DSCH1.SchdAbsTm.val(57): 0.0
ied1lDevice1/DSCH1.SchdAbsTm.val(58): 0.0
ied1lDevice1/DSCH1.SchdAbsTm.val(59): 0.0
ied1lDevice1/DSCH1.SchdAbsTm.val(60): 0.0
ied1lDevice1/DSCH1.SchdAbsTm.val(61): 0.0
ied1lDevice1/DSCH1.SchdAbsTm.val(62): 0.0
ied1lDevice1/DSCH1.SchdAbsTm.val(63): 0.0
ied1lDevice1/DSCH1.SchdAbsTm.val(64): 0.0
ied1lDevice1/DSCH1.SchdAbsTm.val(65): 0.0
ied1lDevice1/DSCH1.SchdAbsTm.val(66): 0.0
ied1lDevice1/DSCH1.SchdAbsTm.val(67): 0.0
ied1lDevice1/DSCH1.SchdAbsTm.val(68): 0.0
ied1lDevice1/DSCH1.SchdAbsTm.val(69): 0.0
ied1lDevice1/DSCH1.SchdAbsTm.val(70): 0.0
ied1lDevice1/DSCH1.SchdAbsTm.val(71): 0.0
ied1lDevice1/DSCH1.SchdAbsTm.val(72): 0.0
ied1lDevice1/DSCH1.SchdAbsTm.val(73): 0.0
ied1lDevice1/DSCH1.SchdAbsTm.val(74): 0.0
ied1lDevice1/DSCH1.SchdAbsTm.val(75): 0.0
ied1lDevice1/DSCH1.SchdAbsTm.val(76): 0.0
ied1lDevice1/DSCH1.SchdAbsTm.val(77): 0.0
ied1lDevice1/DSCH1.SchdAbsTm.val(78): 0.0
ied1lDevice1/DSCH1.SchdAbsTm.val(79): 0.0
ied1lDevice1/DSCH1.SchdAbsTm.val(80): 0.0
ied1lDevice1/DSCH1.SchdAbsTm.val(81): 0.0
ied1lDevice1/DSCH1.SchdAbsTm.val(82): 0.0
ied1lDevice1/DSCH1.SchdAbsTm.val(83): 0.0
ied1lDevice1/DSCH1.SchdAbsTm.val(84): 0.0
ied1lDevice1/DSCH1.SchdAbsTm.val(85): 0.0
ied1lDevice1/DSCH1.SchdAbsTm.val(86): 0.0
ied1lDevice1/DSCH1.SchdAbsTm.val(87): 0.0
ied1lDevice1/DSCH1.SchdAbsTm.val(88): 0.0
ied1lDevice1/DSCH1.SchdAbsTm.val(89): 0.0
ied1lDevice1/DSCH1.SchdAbsTm.val(90): 0.0
ied1lDevice1/DSCH1.SchdAbsTm.val(91): 0.0
ied1lDevice1/DSCH1.SchdAbsTm.val(92): 0.0
ied1lDevice1/DSCH1.SchdAbsTm.val(93): 0.0
ied1lDevice1/DSCH1.SchdAbsTm.val(94): 0.0
ied1lDevice1/DSCH1.SchdAbsTm.val(95): 0.0
ied1lDevice1/DSCH1.SchdAbsTm.val(96): 0.0
ied1lDevice1/DSCH1.SchdAbsTm.val(97): 0.0
ied1lDevice1/DSCH1.SchdAbsTm.val(98): 0.0
ied1lDevice1/DSCH1.SchdAbsTm.val(99): 0.0
ied1lDevice1/DSCH1.SchdAbsTm.val(100): 0.0
ied1lDevice1/DSCH1.SchdAbsTm.val(101): 0.0
ied1lDevice1/DSCH1.SchdAbsTm.val(102): 0.0
ied1lDevice1/DSCH1.SchdAbsTm.val(103): 0.0
ied1lDevice1/DSCH1.SchdAbsTm.val(104): 0.0
ied1lDevice1/DSCH1.SchdAbsTm.val(105): 0.0
ied1lDevice1/DSCH1.SchdAbsTm.val(106): 0.0
ied1lDevice1/DSCH1.SchdAbsTm.val(107): 0.0
ied1lDevice1/DSCH1.SchdAbsTm.val(108): 0.0
ied1lDevice1/DSCH1.SchdAbsTm.val(109): 0.0
ied1lDevice1/DSCH1.SchdAbsTm.val(110): 0.0
ied1lDevice1/DSCH1.SchdAbsTm.val(111): 0.0
ied1lDevice1/DSCH1.SchdAbsTm.val(112): 0.0
ied1lDevice1/DSCH1.SchdAbsTm.val(113): 0.0
ied1lDevice1/DSCH1.SchdAbsTm.val(114): 0.0
ied1lDevice1/DSCH1.SchdAbsTm.val(115): 0.0
ied1lDevice1/DSCH1.SchdAbsTm.val(116): 0.0
ied1lDevice1/DSCH1.SchdAbsTm.val(117): 0.0
ied1lDevice1/DSCH1.SchdAbsTm.val(118): 0.0
ied1lDevice1/DSCH1.SchdAbsTm.val(119): 0.0
ied1lDevice1/DSCH1.SchdAbsTm.val(120): 0.0
ied1lDevice1/DSCH1.SchdAbsTm.val(121): 0.0
ied1lDevice1/DSCH1.SchdAbsTm.val(122): 0.0
ied1lDevice1/DSCH1.SchdAbsTm.val(123): 0.0
ied1lDevice1/DSCH1.SchdAbsTm.val(124): 0.0
ied1lDevice1/DSCH1.SchdAbsTm.val(125): 0.0
ied1lDevice1/DSCH1.SchdAbsTm.val(126): 0.0
ied1lDevice1/DSCH1.SchdAbsTm.val(127): 0.0
ied1lDevice1/DSCH1.SchdAbsTm.val(128): 0.0
ied1lDevice1/DSCH1.SchdAbsTm.val(129): 0.0
ied1lDevice1/DSCH1.SchdAbsTm.val(130): 0.0
ied1lDevice1/DSCH1.SchdAbsTm.val(131): 0.0
ied1lDevice1/DSCH1.SchdAbsTm.val(132): 0.0
ied1lDevice1/DSCH1.SchdAbsTm.val(133): 0.0
ied1lDevice1/DSCH1.SchdAbsTm.val(134): 0.0
ied1lDevice1/DSCH1.SchdAbsTm.val(135): 0.0
ied1lDevice1/DSCH1.SchdAbsTm.val(136): 0.0
ied1lDevice1/DSCH1.SchdAbsTm.val(137): 0.0
ied1lDevice1/DSCH1.SchdAbsTm.val(138): 0.0
ied1lDevice1/DSCH1.SchdAbsTm.val(139): 0.0
ied1lDevice1/DSCH1.SchdAbsTm.val(140): 0.0
ied1lDevice1/DSCH1.SchdAbsTm.val(141): 0.0
ied1lDevice1/DSCH1.SchdAbsTm.val(142): 0.0
ied1lDevice1/DSCH1.SchdAbsTm.val(143): 0.0
ied1lDevice1/DSCH1.SchdAbsTm.val(144): 0.0
ied1lDevice1/DSCH1.SchdAbsTm.val(145): 0.0
ied1lDevice1/DSCH1.SchdAbsTm.val(146): 0.0
ied1lDevice1/DSCH1.SchdAbsTm.val(147): 0.0
ied1lDevice1/DSCH1.SchdAbsTm.val(148): 0.0
ied1lDevice1/DSCH1.SchdAbsTm.val(149): 0.0
ied1lDevice1/DSCH1.SchdAbsTm.val(150): 0.0
ied1lDevice1/DSCH1.SchdAbsTm.val(151): 0.0
ied1lDevice1/DSCH1.SchdAbsTm.val(152): 0.0
ied1lDevice1/DSCH1.SchdAbsTm.val(153): 0.0
ied1lDevice1/DSCH1.SchdAbsTm.val(154): 0.0
ied1lDevice1/DSCH1.SchdAbsTm.val(155): 0.0
ied1lDevice1/DSCH1.SchdAbsTm.val(156): 0.0
ied1lDevice1/DSCH1.SchdAbsTm.val(157): 0.0
ied1lDevice1/DSCH1.SchdAbsTm.val(158): 0.0
ied1lDevice1/DSCH1.SchdAbsTm.val(159): 0.0
ied1lDevice1/DSCH1.SchdAbsTm.val(160): 0.0
ied1lDevice1/DSCH1.SchdAbsTm.val(161): 0.0
ied1lDevice1/DSCH1.SchdAbsTm.val(162): 0.0
ied1lDevice1/DSCH1.SchdAbsTm.val(163): 0.0
ied1lDevice1/DSCH1.SchdAbsTm.val(164): 0.0
ied1lDevice1/DSCH1.SchdAbsTm.val(165): 0.0
ied1lDevice1/DSCH1.SchdAbsTm.val(166): 0.0
ied1lDevice1/DSCH1.SchdAbsTm.val(167): 0.0
ied1lDevice1/DSCH1.SchdAbsTm.val(168): 0.0
ied1lDevice1/DSCH1.SchdAbsTm.val(169): 0.0
ied1lDevice1/DSCH1.SchdAbsTm.val(170): 0.0
ied1lDevice1/DSCH1.SchdAbsTm.val(171): 0.0
ied1lDevice1/DSCH1.SchdAbsTm.val(172): 0.0
ied1lDevice1/DSCH1.SchdAbsTm.val(173): 0.0
ied1lDevice1/DSCH1.SchdAbsTm.val(174): 0.0
ied1lDevice1/DSCH1.SchdAbsTm.val(175): 0.0
ied1lDevice1/DSCH1.SchdAbsTm.val(176): 0.0
ied1lDevice1/DSCH1.SchdAbsTm.val(177): 0.0
ied1lDevice1/DSCH1.SchdAbsTm.val(178): 0.0
ied1lDevice1/DSCH1.SchdAbsTm.val(179): 0.0
ied1lDevice1/DSCH1.SchdAbsTm.val(180): 0.0
ied1lDevice1/DSCH1.SchdAbsTm.val(181): 0.0
ied1lDevice1/DSCH1.SchdAbsTm.val(182): 0.0
ied1lDevice1/DSCH1.SchdAbsTm.val(183): 0.0
ied1lDevice1/DSCH1.SchdAbsTm.val(184): 0.0
ied1lDevice1/DSCH1.SchdAbsTm.val(185): 0.0
ied1lDevice1/DSCH1.SchdAbsTm.val(186): 0.0
ied1lDevice1/DSCH1.SchdAbsTm.val(187): 0.0
ied1lDevice1/DSCH1.SchdAbsTm.val(188): 0.0
ied1lDevice1/DSCH1.SchdAbsTm.val(189): 0.0
ied1lDevice1/DSCH1.SchdAbsTm.val(190): 0.0
ied1lDevice1/DSCH1.SchdAbsTm.val(191): 0.0
ied1lDevice1/DSCH1.SchdAbsTm.val(192): 0.0
ied1lDevice1/DSCH1.SchdAbsTm.val(193): 0.0
ied1lDevice1/DSCH1.SchdAbsTm.val(194): 0.0
ied1lDevice1/DSCH1.SchdAbsTm.val(195): 0.0
ied1lDevice1/DSCH1.SchdAbsTm.val(196): 0.0
ied1lDevice1/DSCH1.SchdAbsTm.val(197): 0.0
ied1lDevice1/DSCH1.SchdAbsTm.val(198): 0.0
ied1lDevice1/DSCH1.SchdAbsTm.val(199): 0.0
ied1lDevice1/DSCH1.SchdAbsTm.val(200): 0.0
ied1lDevice1/DSCH1.SchdAbsTm.val(201): 0.0
ied1lDevice1/DSCH1.SchdAbsTm.val(202): 0.0
ied1lDevice1/DSCH1.SchdAbsTm.val(203): 0.0
ied1lDevice1/DSCH1.SchdAbsTm.val(204): 0.0
ied1lDevice1/DSCH1.SchdAbsTm.val(205): 0.0
ied1lDevice1/DSCH1.SchdAbsTm.val(206): 0.0
ied1lDevice1/DSCH1.SchdAbsTm.val(207): 0.0
ied1lDevice1/DSCH1.SchdAbsTm.val(208): 0.0
ied1lDevice1/DSCH1.SchdAbsTm.val(209): 0.0
ied1lDevice1/DSCH1.SchdAbsTm.val(210): 0.0
ied1lDevice1/DSCH1.SchdAbsTm.val(211): 0.0
ied1lDevice1/DSCH1.SchdAbsTm.val(212): 0.0
ied1lDevice1/DSCH1.SchdAbsTm.val(213): 0.0
ied1lDevice1/DSCH1.SchdAbsTm.val(214): 0.0
ied1lDevice1/DSCH1.SchdAbsTm.val(215): 0.0
ied1lDevice1/DSCH1.SchdAbsTm.val(216): 0.0
ied1lDevice1/DSCH1.SchdAbsTm.val(217): 0.0
ied1lDevice1/DSCH1.SchdAbsTm.val(218): 0.0
ied1lDevice1/DSCH1.SchdAbsTm.val(219): 0.0
ied1lDevice1/DSCH1.SchdAbsTm.val(220): 0.0
ied1lDevice1/DSCH1.SchdAbsTm.val(221): 0.0
ied1lDevice1/DSCH1.SchdAbsTm.val(222): 0.0
ied1lDevice1/DSCH1.SchdAbsTm.val(223): 0.0
ied1lDevice1/DSCH1.SchdAbsTm.val(224): 0.0
ied1lDevice1/DSCH1.SchdAbsTm.val(225): 0.0
ied1lDevice1/DSCH1.SchdAbsTm.val(226): 0.0
ied1lDevice1/DSCH1.SchdAbsTm.val(227): 0.0
ied1lDevice1/DSCH1.SchdAbsTm.val(228): 0.0
ied1lDevice1/DSCH1.SchdAbsTm.val(229): 0.0
ied1lDevice1/DSCH1.SchdAbsTm.val(230): 0.0
ied1lDevice1/DSCH1.SchdAbsTm.val(231): 0.0
ied1lDevice1/DSCH1.SchdAbsTm.val(232): 0.0
ied1lDevice1/DSCH1.SchdAbsTm.val(233): 0.0
ied1lDevice1/DSCH1.SchdAbsTm.val(234): 0.0
ied1lDevice1/DSCH1.SchdAbsTm.val(235): 0.0
ied1lDevice1/DSCH1.SchdAbsTm.val(236): 0.0
ied1lDevice1/DSCH1.SchdAbsTm.val(237): 0.0
ied1lDevice1/DSCH1.SchdAbsTm.val(238): 0.0
ied1lDevice1/DSCH1.SchdAbsTm.val(239): 0.0
ied1lDevice1/DSCH1.SchdAbsTm.val(240): 0.0
ied1lDevice1/DSCH1.SchdAbsTm.val(241): 0.0
ied1lDevice1/DSCH1.SchdAbsTm.val(242): 0.0
ied1lDevice1/DSCH1.SchdAbsTm.val(243): 0.0
ied1lDevice1/DSCH1.SchdAbsTm.val(244): 0.0
ied1lDevice1/DSCH1.SchdAbsTm.val(245): 0.0
ied1lDevice1/DSCH1.SchdAbsTm.val(246): 0.0
ied1lDevice1/DSCH1.SchdAbsTm.val(247): 0.0
ied1lDevice1/DSCH1.SchdAbsTm.val(248): 0.0
ied1lDevice1/DSCH1.SchdAbsTm.val(249): 0.0
ied1lDevice1/DSCH1.SchdAbsTm.val(250): 0.0
ied1lDevice1/DSCH1.SchdAbsTm.val(251): 0.0
ied1lDevice1/DSCH1.SchdAbsTm.val(252): 0.0
ied1lDevice1/DSCH1.SchdAbsTm.val(253): 0.0
ied1lDevice1/DSCH1.SchdAbsTm.val(254): 0.0
ied1lDevice1/DSCH1.SchdAbsTm.sptestval1: 0
ied1lDevice1/DSCH1.SchdAbsTm.sptestval2: 0
21:48:06.995 [openiec61850-osi-server-3-thread-1] DEBUG com.beanit.openiec61850.ServerAssociation - sub BDA is:ied1lDevice1/DSCH1.SchdAbsTm.val(0): 0.0
21:48:06.995 [openiec61850-osi-server-3-thread-1] DEBUG com.beanit.openiec61850.ServerAssociation - sub BDA is:ied1lDevice1/DSCH1.SchdAbsTm.val(1): 0.0
21:48:06.995 [openiec61850-osi-server-3-thread-1] DEBUG com.beanit.openiec61850.ServerAssociation - sub BDA is:ied1lDevice1/DSCH1.SchdAbsTm.val(2): 0.0
21:48:06.995 [openiec61850-osi-server-3-thread-1] DEBUG com.beanit.openiec61850.ServerAssociation - sub BDA is:ied1lDevice1/DSCH1.SchdAbsTm.val(3): 0.0
21:48:06.995 [openiec61850-osi-server-3-thread-1] DEBUG com.beanit.openiec61850.ServerAssociation - sub BDA is:ied1lDevice1/DSCH1.SchdAbsTm.val(4): 0.0
21:48:06.995 [openiec61850-osi-server-3-thread-1] DEBUG com.beanit.openiec61850.ServerAssociation - sub BDA is:ied1lDevice1/DSCH1.SchdAbsTm.val(5): 0.0
21:48:06.995 [openiec61850-osi-server-3-thread-1] DEBUG com.beanit.openiec61850.ServerAssociation - sub BDA is:ied1lDevice1/DSCH1.SchdAbsTm.val(6): 0.0
21:48:06.995 [openiec61850-osi-server-3-thread-1] DEBUG com.beanit.openiec61850.ServerAssociation - sub BDA is:ied1lDevice1/DSCH1.SchdAbsTm.val(7): 0.0
21:48:06.995 [openiec61850-osi-server-3-thread-1] DEBUG com.beanit.openiec61850.ServerAssociation - sub BDA is:ied1lDevice1/DSCH1.SchdAbsTm.val(8): 0.0
21:48:06.995 [openiec61850-osi-server-3-thread-1] DEBUG com.beanit.openiec61850.ServerAssociation - sub BDA is:ied1lDevice1/DSCH1.SchdAbsTm.val(9): 0.0
21:48:06.996 [openiec61850-osi-server-3-thread-1] DEBUG com.beanit.openiec61850.ServerAssociation - sub BDA is:ied1lDevice1/DSCH1.SchdAbsTm.val(10): 0.0
21:48:06.996 [openiec61850-osi-server-3-thread-1] DEBUG com.beanit.openiec61850.ServerAssociation - sub BDA is:ied1lDevice1/DSCH1.SchdAbsTm.val(11): 0.0
21:48:06.996 [openiec61850-osi-server-3-thread-1] DEBUG com.beanit.openiec61850.ServerAssociation - sub BDA is:ied1lDevice1/DSCH1.SchdAbsTm.val(12): 0.0
21:48:06.996 [openiec61850-osi-server-3-thread-1] DEBUG com.beanit.openiec61850.ServerAssociation - sub BDA is:ied1lDevice1/DSCH1.SchdAbsTm.val(13): 0.0
21:48:06.996 [openiec61850-osi-server-3-thread-1] DEBUG com.beanit.openiec61850.ServerAssociation - sub BDA is:ied1lDevice1/DSCH1.SchdAbsTm.val(14): 0.0
21:48:06.996 [openiec61850-osi-server-3-thread-1] DEBUG com.beanit.openiec61850.ServerAssociation - sub BDA is:ied1lDevice1/DSCH1.SchdAbsTm.val(15): 0.0
21:48:06.996 [openiec61850-osi-server-3-thread-1] DEBUG com.beanit.openiec61850.ServerAssociation - sub BDA is:ied1lDevice1/DSCH1.SchdAbsTm.val(16): 0.0
21:48:06.996 [openiec61850-osi-server-3-thread-1] DEBUG com.beanit.openiec61850.ServerAssociation - sub BDA is:ied1lDevice1/DSCH1.SchdAbsTm.val(17): 0.0
21:48:06.996 [openiec61850-osi-server-3-thread-1] DEBUG com.beanit.openiec61850.ServerAssociation - sub BDA is:ied1lDevice1/DSCH1.SchdAbsTm.val(18): 0.0
21:48:06.996 [openiec61850-osi-server-3-thread-1] DEBUG com.beanit.openiec61850.ServerAssociation - sub BDA is:ied1lDevice1/DSCH1.SchdAbsTm.val(19): 0.0
21:48:06.996 [openiec61850-osi-server-3-thread-1] DEBUG com.beanit.openiec61850.ServerAssociation - sub BDA is:ied1lDevice1/DSCH1.SchdAbsTm.val(20): 0.0
21:48:06.996 [openiec61850-osi-server-3-thread-1] DEBUG com.beanit.openiec61850.ServerAssociation - sub BDA is:ied1lDevice1/DSCH1.SchdAbsTm.val(21): 0.0
21:48:06.996 [openiec61850-osi-server-3-thread-1] DEBUG com.beanit.openiec61850.ServerAssociation - sub BDA is:ied1lDevice1/DSCH1.SchdAbsTm.val(22): 0.0
21:48:06.996 [openiec61850-osi-server-3-thread-1] DEBUG com.beanit.openiec61850.ServerAssociation - sub BDA is:ied1lDevice1/DSCH1.SchdAbsTm.val(23): 0.0
21:48:06.996 [openiec61850-osi-server-3-thread-1] DEBUG com.beanit.openiec61850.ServerAssociation - sub BDA is:ied1lDevice1/DSCH1.SchdAbsTm.val(24): 0.0
21:48:06.996 [openiec61850-osi-server-3-thread-1] DEBUG com.beanit.openiec61850.ServerAssociation - sub BDA is:ied1lDevice1/DSCH1.SchdAbsTm.val(25): 0.0
21:48:06.996 [openiec61850-osi-server-3-thread-1] DEBUG com.beanit.openiec61850.ServerAssociation - sub BDA is:ied1lDevice1/DSCH1.SchdAbsTm.val(26): 0.0
21:48:06.996 [openiec61850-osi-server-3-thread-1] DEBUG com.beanit.openiec61850.ServerAssociation - sub BDA is:ied1lDevice1/DSCH1.SchdAbsTm.val(27): 0.0
21:48:06.996 [openiec61850-osi-server-3-thread-1] DEBUG com.beanit.openiec61850.ServerAssociation - sub BDA is:ied1lDevice1/DSCH1.SchdAbsTm.val(28): 0.0
21:48:06.996 [openiec61850-osi-server-3-thread-1] DEBUG com.beanit.openiec61850.ServerAssociation - sub BDA is:ied1lDevice1/DSCH1.SchdAbsTm.val(29): 0.0
21:48:06.996 [openiec61850-osi-server-3-thread-1] DEBUG com.beanit.openiec61850.ServerAssociation - sub BDA is:ied1lDevice1/DSCH1.SchdAbsTm.val(30): 0.0
21:48:06.996 [openiec61850-osi-server-3-thread-1] DEBUG com.beanit.openiec61850.ServerAssociation - sub BDA is:ied1lDevice1/DSCH1.SchdAbsTm.val(31): 0.0
21:48:06.996 [openiec61850-osi-server-3-thread-1] DEBUG com.beanit.openiec61850.ServerAssociation - sub BDA is:ied1lDevice1/DSCH1.SchdAbsTm.val(32): 0.0
21:48:06.996 [openiec61850-osi-server-3-thread-1] DEBUG com.beanit.openiec61850.ServerAssociation - sub BDA is:ied1lDevice1/DSCH1.SchdAbsTm.val(33): 0.0
21:48:06.996 [openiec61850-osi-server-3-thread-1] DEBUG com.beanit.openiec61850.ServerAssociation - sub BDA is:ied1lDevice1/DSCH1.SchdAbsTm.val(34): 0.0
21:48:06.996 [openiec61850-osi-server-3-thread-1] DEBUG com.beanit.openiec61850.ServerAssociation - sub BDA is:ied1lDevice1/DSCH1.SchdAbsTm.val(35): 0.0
21:48:06.996 [openiec61850-osi-server-3-thread-1] DEBUG com.beanit.openiec61850.ServerAssociation - sub BDA is:ied1lDevice1/DSCH1.SchdAbsTm.val(36): 0.0
21:48:06.996 [openiec61850-osi-server-3-thread-1] DEBUG com.beanit.openiec61850.ServerAssociation - sub BDA is:ied1lDevice1/DSCH1.SchdAbsTm.val(37): 0.0
21:48:06.996 [openiec61850-osi-server-3-thread-1] DEBUG com.beanit.openiec61850.ServerAssociation - sub BDA is:ied1lDevice1/DSCH1.SchdAbsTm.val(38): 0.0
21:48:06.996 [openiec61850-osi-server-3-thread-1] DEBUG com.beanit.openiec61850.ServerAssociation - sub BDA is:ied1lDevice1/DSCH1.SchdAbsTm.val(39): 0.0
21:48:06.996 [openiec61850-osi-server-3-thread-1] DEBUG com.beanit.openiec61850.ServerAssociation - sub BDA is:ied1lDevice1/DSCH1.SchdAbsTm.val(40): 0.0
21:48:06.996 [openiec61850-osi-server-3-thread-1] DEBUG com.beanit.openiec61850.ServerAssociation - sub BDA is:ied1lDevice1/DSCH1.SchdAbsTm.val(41): 0.0
21:48:06.996 [openiec61850-osi-server-3-thread-1] DEBUG com.beanit.openiec61850.ServerAssociation - sub BDA is:ied1lDevice1/DSCH1.SchdAbsTm.val(42): 0.0
21:48:06.996 [openiec61850-osi-server-3-thread-1] DEBUG com.beanit.openiec61850.ServerAssociation - sub BDA is:ied1lDevice1/DSCH1.SchdAbsTm.val(43): 0.0
21:48:06.996 [openiec61850-osi-server-3-thread-1] DEBUG com.beanit.openiec61850.ServerAssociation - sub BDA is:ied1lDevice1/DSCH1.SchdAbsTm.val(44): 0.0
21:48:06.996 [openiec61850-osi-server-3-thread-1] DEBUG com.beanit.openiec61850.ServerAssociation - sub BDA is:ied1lDevice1/DSCH1.SchdAbsTm.val(45): 0.0
21:48:06.996 [openiec61850-osi-server-3-thread-1] DEBUG com.beanit.openiec61850.ServerAssociation - sub BDA is:ied1lDevice1/DSCH1.SchdAbsTm.val(46): 0.0
21:48:06.996 [openiec61850-osi-server-3-thread-1] DEBUG com.beanit.openiec61850.ServerAssociation - sub BDA is:ied1lDevice1/DSCH1.SchdAbsTm.val(47): 0.0
21:48:06.996 [openiec61850-osi-server-3-thread-1] DEBUG com.beanit.openiec61850.ServerAssociation - sub BDA is:ied1lDevice1/DSCH1.SchdAbsTm.val(48): 0.0
21:48:06.996 [openiec61850-osi-server-3-thread-1] DEBUG com.beanit.openiec61850.ServerAssociation - sub BDA is:ied1lDevice1/DSCH1.SchdAbsTm.val(49): 0.0
21:48:06.996 [openiec61850-osi-server-3-thread-1] DEBUG com.beanit.openiec61850.ServerAssociation - sub BDA is:ied1lDevice1/DSCH1.SchdAbsTm.val(50): 0.0
21:48:06.996 [openiec61850-osi-server-3-thread-1] DEBUG com.beanit.openiec61850.ServerAssociation - sub BDA is:ied1lDevice1/DSCH1.SchdAbsTm.val(51): 0.0
21:48:06.996 [openiec61850-osi-server-3-thread-1] DEBUG com.beanit.openiec61850.ServerAssociation - sub BDA is:ied1lDevice1/DSCH1.SchdAbsTm.val(52): 0.0
21:48:06.996 [openiec61850-osi-server-3-thread-1] DEBUG com.beanit.openiec61850.ServerAssociation - sub BDA is:ied1lDevice1/DSCH1.SchdAbsTm.val(53): 0.0
21:48:06.996 [openiec61850-osi-server-3-thread-1] DEBUG com.beanit.openiec61850.ServerAssociation - sub BDA is:ied1lDevice1/DSCH1.SchdAbsTm.val(54): 0.0
21:48:06.996 [openiec61850-osi-server-3-thread-1] DEBUG com.beanit.openiec61850.ServerAssociation - sub BDA is:ied1lDevice1/DSCH1.SchdAbsTm.val(55): 0.0
21:48:06.996 [openiec61850-osi-server-3-thread-1] DEBUG com.beanit.openiec61850.ServerAssociation - sub BDA is:ied1lDevice1/DSCH1.SchdAbsTm.val(56): 0.0
21:48:06.996 [openiec61850-osi-server-3-thread-1] DEBUG com.beanit.openiec61850.ServerAssociation - sub BDA is:ied1lDevice1/DSCH1.SchdAbsTm.val(57): 0.0
21:48:06.996 [openiec61850-osi-server-3-thread-1] DEBUG com.beanit.openiec61850.ServerAssociation - sub BDA is:ied1lDevice1/DSCH1.SchdAbsTm.val(58): 0.0
21:48:06.996 [openiec61850-osi-server-3-thread-1] DEBUG com.beanit.openiec61850.ServerAssociation - sub BDA is:ied1lDevice1/DSCH1.SchdAbsTm.val(59): 0.0
21:48:06.996 [openiec61850-osi-server-3-thread-1] DEBUG com.beanit.openiec61850.ServerAssociation - sub BDA is:ied1lDevice1/DSCH1.SchdAbsTm.val(60): 0.0
21:48:06.996 [openiec61850-osi-server-3-thread-1] DEBUG com.beanit.openiec61850.ServerAssociation - sub BDA is:ied1lDevice1/DSCH1.SchdAbsTm.val(61): 0.0
21:48:06.996 [openiec61850-osi-server-3-thread-1] DEBUG com.beanit.openiec61850.ServerAssociation - sub BDA is:ied1lDevice1/DSCH1.SchdAbsTm.val(62): 0.0
21:48:06.996 [openiec61850-osi-server-3-thread-1] DEBUG com.beanit.openiec61850.ServerAssociation - sub BDA is:ied1lDevice1/DSCH1.SchdAbsTm.val(63): 0.0
21:48:06.997 [openiec61850-osi-server-3-thread-1] DEBUG com.beanit.openiec61850.ServerAssociation - sub BDA is:ied1lDevice1/DSCH1.SchdAbsTm.val(64): 0.0
21:48:06.997 [openiec61850-osi-server-3-thread-1] DEBUG com.beanit.openiec61850.ServerAssociation - sub BDA is:ied1lDevice1/DSCH1.SchdAbsTm.val(65): 0.0
21:48:06.997 [openiec61850-osi-server-3-thread-1] DEBUG com.beanit.openiec61850.ServerAssociation - sub BDA is:ied1lDevice1/DSCH1.SchdAbsTm.val(66): 0.0
21:48:06.997 [openiec61850-osi-server-3-thread-1] DEBUG com.beanit.openiec61850.ServerAssociation - sub BDA is:ied1lDevice1/DSCH1.SchdAbsTm.val(67): 0.0
21:48:06.997 [openiec61850-osi-server-3-thread-1] DEBUG com.beanit.openiec61850.ServerAssociation - sub BDA is:ied1lDevice1/DSCH1.SchdAbsTm.val(68): 0.0
21:48:06.997 [openiec61850-osi-server-3-thread-1] DEBUG com.beanit.openiec61850.ServerAssociation - sub BDA is:ied1lDevice1/DSCH1.SchdAbsTm.val(69): 0.0
21:48:06.997 [openiec61850-osi-server-3-thread-1] DEBUG com.beanit.openiec61850.ServerAssociation - sub BDA is:ied1lDevice1/DSCH1.SchdAbsTm.val(70): 0.0
21:48:06.997 [openiec61850-osi-server-3-thread-1] DEBUG com.beanit.openiec61850.ServerAssociation - sub BDA is:ied1lDevice1/DSCH1.SchdAbsTm.val(71): 0.0
21:48:06.997 [openiec61850-osi-server-3-thread-1] DEBUG com.beanit.openiec61850.ServerAssociation - sub BDA is:ied1lDevice1/DSCH1.SchdAbsTm.val(72): 0.0
21:48:06.997 [openiec61850-osi-server-3-thread-1] DEBUG com.beanit.openiec61850.ServerAssociation - sub BDA is:ied1lDevice1/DSCH1.SchdAbsTm.val(73): 0.0
21:48:06.997 [openiec61850-osi-server-3-thread-1] DEBUG com.beanit.openiec61850.ServerAssociation - sub BDA is:ied1lDevice1/DSCH1.SchdAbsTm.val(74): 0.0
21:48:06.997 [openiec61850-osi-server-3-thread-1] DEBUG com.beanit.openiec61850.ServerAssociation - sub BDA is:ied1lDevice1/DSCH1.SchdAbsTm.val(75): 0.0
21:48:06.997 [openiec61850-osi-server-3-thread-1] DEBUG com.beanit.openiec61850.ServerAssociation - sub BDA is:ied1lDevice1/DSCH1.SchdAbsTm.val(76): 0.0
21:48:06.997 [openiec61850-osi-server-3-thread-1] DEBUG com.beanit.openiec61850.ServerAssociation - sub BDA is:ied1lDevice1/DSCH1.SchdAbsTm.val(77): 0.0
21:48:06.997 [openiec61850-osi-server-3-thread-1] DEBUG com.beanit.openiec61850.ServerAssociation - sub BDA is:ied1lDevice1/DSCH1.SchdAbsTm.val(78): 0.0
21:48:06.997 [openiec61850-osi-server-3-thread-1] DEBUG com.beanit.openiec61850.ServerAssociation - sub BDA is:ied1lDevice1/DSCH1.SchdAbsTm.val(79): 0.0
21:48:06.997 [openiec61850-osi-server-3-thread-1] DEBUG com.beanit.openiec61850.ServerAssociation - sub BDA is:ied1lDevice1/DSCH1.SchdAbsTm.val(80): 0.0
21:48:06.997 [openiec61850-osi-server-3-thread-1] DEBUG com.beanit.openiec61850.ServerAssociation - sub BDA is:ied1lDevice1/DSCH1.SchdAbsTm.val(81): 0.0
21:48:06.997 [openiec61850-osi-server-3-thread-1] DEBUG com.beanit.openiec61850.ServerAssociation - sub BDA is:ied1lDevice1/DSCH1.SchdAbsTm.val(82): 0.0
21:48:06.997 [openiec61850-osi-server-3-thread-1] DEBUG com.beanit.openiec61850.ServerAssociation - sub BDA is:ied1lDevice1/DSCH1.SchdAbsTm.val(83): 0.0
21:48:06.997 [openiec61850-osi-server-3-thread-1] DEBUG com.beanit.openiec61850.ServerAssociation - sub BDA is:ied1lDevice1/DSCH1.SchdAbsTm.val(84): 0.0
21:48:06.997 [openiec61850-osi-server-3-thread-1] DEBUG com.beanit.openiec61850.ServerAssociation - sub BDA is:ied1lDevice1/DSCH1.SchdAbsTm.val(85): 0.0
21:48:06.997 [openiec61850-osi-server-3-thread-1] DEBUG com.beanit.openiec61850.ServerAssociation - sub BDA is:ied1lDevice1/DSCH1.SchdAbsTm.val(86): 0.0
21:48:06.997 [openiec61850-osi-server-3-thread-1] DEBUG com.beanit.openiec61850.ServerAssociation - sub BDA is:ied1lDevice1/DSCH1.SchdAbsTm.val(87): 0.0
21:48:06.997 [openiec61850-osi-server-3-thread-1] DEBUG com.beanit.openiec61850.ServerAssociation - sub BDA is:ied1lDevice1/DSCH1.SchdAbsTm.val(88): 0.0
21:48:06.997 [openiec61850-osi-server-3-thread-1] DEBUG com.beanit.openiec61850.ServerAssociation - sub BDA is:ied1lDevice1/DSCH1.SchdAbsTm.val(89): 0.0
21:48:06.997 [openiec61850-osi-server-3-thread-1] DEBUG com.beanit.openiec61850.ServerAssociation - sub BDA is:ied1lDevice1/DSCH1.SchdAbsTm.val(90): 0.0
21:48:06.997 [openiec61850-osi-server-3-thread-1] DEBUG com.beanit.openiec61850.ServerAssociation - sub BDA is:ied1lDevice1/DSCH1.SchdAbsTm.val(91): 0.0
21:48:06.997 [openiec61850-osi-server-3-thread-1] DEBUG com.beanit.openiec61850.ServerAssociation - sub BDA is:ied1lDevice1/DSCH1.SchdAbsTm.val(92): 0.0
21:48:06.997 [openiec61850-osi-server-3-thread-1] DEBUG com.beanit.openiec61850.ServerAssociation - sub BDA is:ied1lDevice1/DSCH1.SchdAbsTm.val(93): 0.0
21:48:06.997 [openiec61850-osi-server-3-thread-1] DEBUG com.beanit.openiec61850.ServerAssociation - sub BDA is:ied1lDevice1/DSCH1.SchdAbsTm.val(94): 0.0
21:48:06.997 [openiec61850-osi-server-3-thread-1] DEBUG com.beanit.openiec61850.ServerAssociation - sub BDA is:ied1lDevice1/DSCH1.SchdAbsTm.val(95): 0.0
21:48:06.997 [openiec61850-osi-server-3-thread-1] DEBUG com.beanit.openiec61850.ServerAssociation - sub BDA is:ied1lDevice1/DSCH1.SchdAbsTm.val(96): 0.0
21:48:06.997 [openiec61850-osi-server-3-thread-1] DEBUG com.beanit.openiec61850.ServerAssociation - sub BDA is:ied1lDevice1/DSCH1.SchdAbsTm.val(97): 0.0
21:48:06.997 [openiec61850-osi-server-3-thread-1] DEBUG com.beanit.openiec61850.ServerAssociation - sub BDA is:ied1lDevice1/DSCH1.SchdAbsTm.val(98): 0.0
21:48:06.997 [openiec61850-osi-server-3-thread-1] DEBUG com.beanit.openiec61850.ServerAssociation - sub BDA is:ied1lDevice1/DSCH1.SchdAbsTm.val(99): 0.0
21:48:06.997 [openiec61850-osi-server-3-thread-1] DEBUG com.beanit.openiec61850.ServerAssociation - sub BDA is:ied1lDevice1/DSCH1.SchdAbsTm.val(100): 0.0
21:48:06.997 [openiec61850-osi-server-3-thread-1] DEBUG com.beanit.openiec61850.ServerAssociation - sub BDA is:ied1lDevice1/DSCH1.SchdAbsTm.val(101): 0.0
21:48:06.997 [openiec61850-osi-server-3-thread-1] DEBUG com.beanit.openiec61850.ServerAssociation - sub BDA is:ied1lDevice1/DSCH1.SchdAbsTm.val(102): 0.0
21:48:06.997 [openiec61850-osi-server-3-thread-1] DEBUG com.beanit.openiec61850.ServerAssociation - sub BDA is:ied1lDevice1/DSCH1.SchdAbsTm.val(103): 0.0
21:48:06.997 [openiec61850-osi-server-3-thread-1] DEBUG com.beanit.openiec61850.ServerAssociation - sub BDA is:ied1lDevice1/DSCH1.SchdAbsTm.val(104): 0.0
21:48:06.997 [openiec61850-osi-server-3-thread-1] DEBUG com.beanit.openiec61850.ServerAssociation - sub BDA is:ied1lDevice1/DSCH1.SchdAbsTm.val(105): 0.0
21:48:06.997 [openiec61850-osi-server-3-thread-1] DEBUG com.beanit.openiec61850.ServerAssociation - sub BDA is:ied1lDevice1/DSCH1.SchdAbsTm.val(106): 0.0
21:48:06.997 [openiec61850-osi-server-3-thread-1] DEBUG com.beanit.openiec61850.ServerAssociation - sub BDA is:ied1lDevice1/DSCH1.SchdAbsTm.val(107): 0.0
21:48:06.997 [openiec61850-osi-server-3-thread-1] DEBUG com.beanit.openiec61850.ServerAssociation - sub BDA is:ied1lDevice1/DSCH1.SchdAbsTm.val(108): 0.0
21:48:06.997 [openiec61850-osi-server-3-thread-1] DEBUG com.beanit.openiec61850.ServerAssociation - sub BDA is:ied1lDevice1/DSCH1.SchdAbsTm.val(109): 0.0
21:48:06.997 [openiec61850-osi-server-3-thread-1] DEBUG com.beanit.openiec61850.ServerAssociation - sub BDA is:ied1lDevice1/DSCH1.SchdAbsTm.val(110): 0.0
21:48:06.997 [openiec61850-osi-server-3-thread-1] DEBUG com.beanit.openiec61850.ServerAssociation - sub BDA is:ied1lDevice1/DSCH1.SchdAbsTm.val(111): 0.0
21:48:06.997 [openiec61850-osi-server-3-thread-1] DEBUG com.beanit.openiec61850.ServerAssociation - sub BDA is:ied1lDevice1/DSCH1.SchdAbsTm.val(112): 0.0
21:48:06.997 [openiec61850-osi-server-3-thread-1] DEBUG com.beanit.openiec61850.ServerAssociation - sub BDA is:ied1lDevice1/DSCH1.SchdAbsTm.val(113): 0.0
21:48:06.997 [openiec61850-osi-server-3-thread-1] DEBUG com.beanit.openiec61850.ServerAssociation - sub BDA is:ied1lDevice1/DSCH1.SchdAbsTm.val(114): 0.0
21:48:06.997 [openiec61850-osi-server-3-thread-1] DEBUG com.beanit.openiec61850.ServerAssociation - sub BDA is:ied1lDevice1/DSCH1.SchdAbsTm.val(115): 0.0
21:48:06.998 [openiec61850-osi-server-3-thread-1] DEBUG com.beanit.openiec61850.ServerAssociation - sub BDA is:ied1lDevice1/DSCH1.SchdAbsTm.val(116): 0.0
21:48:06.998 [openiec61850-osi-server-3-thread-1] DEBUG com.beanit.openiec61850.ServerAssociation - sub BDA is:ied1lDevice1/DSCH1.SchdAbsTm.val(117): 0.0
21:48:06.998 [openiec61850-osi-server-3-thread-1] DEBUG com.beanit.openiec61850.ServerAssociation - sub BDA is:ied1lDevice1/DSCH1.SchdAbsTm.val(118): 0.0
21:48:06.998 [openiec61850-osi-server-3-thread-1] DEBUG com.beanit.openiec61850.ServerAssociation - sub BDA is:ied1lDevice1/DSCH1.SchdAbsTm.val(119): 0.0
21:48:06.998 [openiec61850-osi-server-3-thread-1] DEBUG com.beanit.openiec61850.ServerAssociation - sub BDA is:ied1lDevice1/DSCH1.SchdAbsTm.val(120): 0.0
21:48:06.998 [openiec61850-osi-server-3-thread-1] DEBUG com.beanit.openiec61850.ServerAssociation - sub BDA is:ied1lDevice1/DSCH1.SchdAbsTm.val(121): 0.0
21:48:06.998 [openiec61850-osi-server-3-thread-1] DEBUG com.beanit.openiec61850.ServerAssociation - sub BDA is:ied1lDevice1/DSCH1.SchdAbsTm.val(122): 0.0
21:48:06.998 [openiec61850-osi-server-3-thread-1] DEBUG com.beanit.openiec61850.ServerAssociation - sub BDA is:ied1lDevice1/DSCH1.SchdAbsTm.val(123): 0.0
21:48:06.998 [openiec61850-osi-server-3-thread-1] DEBUG com.beanit.openiec61850.ServerAssociation - sub BDA is:ied1lDevice1/DSCH1.SchdAbsTm.val(124): 0.0
21:48:06.998 [openiec61850-osi-server-3-thread-1] DEBUG com.beanit.openiec61850.ServerAssociation - sub BDA is:ied1lDevice1/DSCH1.SchdAbsTm.val(125): 0.0
21:48:06.998 [openiec61850-osi-server-3-thread-1] DEBUG com.beanit.openiec61850.ServerAssociation - sub BDA is:ied1lDevice1/DSCH1.SchdAbsTm.val(126): 0.0
21:48:06.998 [openiec61850-osi-server-3-thread-1] DEBUG com.beanit.openiec61850.ServerAssociation - sub BDA is:ied1lDevice1/DSCH1.SchdAbsTm.val(127): 0.0
21:48:06.998 [openiec61850-osi-server-3-thread-1] DEBUG com.beanit.openiec61850.ServerAssociation - sub BDA is:ied1lDevice1/DSCH1.SchdAbsTm.val(128): 0.0
21:48:06.998 [openiec61850-osi-server-3-thread-1] DEBUG com.beanit.openiec61850.ServerAssociation - sub BDA is:ied1lDevice1/DSCH1.SchdAbsTm.val(129): 0.0
21:48:06.998 [openiec61850-osi-server-3-thread-1] DEBUG com.beanit.openiec61850.ServerAssociation - sub BDA is:ied1lDevice1/DSCH1.SchdAbsTm.val(130): 0.0
21:48:06.998 [openiec61850-osi-server-3-thread-1] DEBUG com.beanit.openiec61850.ServerAssociation - sub BDA is:ied1lDevice1/DSCH1.SchdAbsTm.val(131): 0.0
21:48:06.998 [openiec61850-osi-server-3-thread-1] DEBUG com.beanit.openiec61850.ServerAssociation - sub BDA is:ied1lDevice1/DSCH1.SchdAbsTm.val(132): 0.0
21:48:06.998 [openiec61850-osi-server-3-thread-1] DEBUG com.beanit.openiec61850.ServerAssociation - sub BDA is:ied1lDevice1/DSCH1.SchdAbsTm.val(133): 0.0
21:48:06.998 [openiec61850-osi-server-3-thread-1] DEBUG com.beanit.openiec61850.ServerAssociation - sub BDA is:ied1lDevice1/DSCH1.SchdAbsTm.val(134): 0.0
21:48:06.998 [openiec61850-osi-server-3-thread-1] DEBUG com.beanit.openiec61850.ServerAssociation - sub BDA is:ied1lDevice1/DSCH1.SchdAbsTm.val(135): 0.0
21:48:06.998 [openiec61850-osi-server-3-thread-1] DEBUG com.beanit.openiec61850.ServerAssociation - sub BDA is:ied1lDevice1/DSCH1.SchdAbsTm.val(136): 0.0
21:48:06.998 [openiec61850-osi-server-3-thread-1] DEBUG com.beanit.openiec61850.ServerAssociation - sub BDA is:ied1lDevice1/DSCH1.SchdAbsTm.val(137): 0.0
21:48:06.998 [openiec61850-osi-server-3-thread-1] DEBUG com.beanit.openiec61850.ServerAssociation - sub BDA is:ied1lDevice1/DSCH1.SchdAbsTm.val(138): 0.0
21:48:06.998 [openiec61850-osi-server-3-thread-1] DEBUG com.beanit.openiec61850.ServerAssociation - sub BDA is:ied1lDevice1/DSCH1.SchdAbsTm.val(139): 0.0
21:48:06.998 [openiec61850-osi-server-3-thread-1] DEBUG com.beanit.openiec61850.ServerAssociation - sub BDA is:ied1lDevice1/DSCH1.SchdAbsTm.val(140): 0.0
21:48:06.998 [openiec61850-osi-server-3-thread-1] DEBUG com.beanit.openiec61850.ServerAssociation - sub BDA is:ied1lDevice1/DSCH1.SchdAbsTm.val(141): 0.0
21:48:06.998 [openiec61850-osi-server-3-thread-1] DEBUG com.beanit.openiec61850.ServerAssociation - sub BDA is:ied1lDevice1/DSCH1.SchdAbsTm.val(142): 0.0
21:48:06.998 [openiec61850-osi-server-3-thread-1] DEBUG com.beanit.openiec61850.ServerAssociation - sub BDA is:ied1lDevice1/DSCH1.SchdAbsTm.val(143): 0.0
21:48:06.998 [openiec61850-osi-server-3-thread-1] DEBUG com.beanit.openiec61850.ServerAssociation - sub BDA is:ied1lDevice1/DSCH1.SchdAbsTm.val(144): 0.0
21:48:06.998 [openiec61850-osi-server-3-thread-1] DEBUG com.beanit.openiec61850.ServerAssociation - sub BDA is:ied1lDevice1/DSCH1.SchdAbsTm.val(145): 0.0
21:48:06.998 [openiec61850-osi-server-3-thread-1] DEBUG com.beanit.openiec61850.ServerAssociation - sub BDA is:ied1lDevice1/DSCH1.SchdAbsTm.val(146): 0.0
21:48:06.998 [openiec61850-osi-server-3-thread-1] DEBUG com.beanit.openiec61850.ServerAssociation - sub BDA is:ied1lDevice1/DSCH1.SchdAbsTm.val(147): 0.0
21:48:06.998 [openiec61850-osi-server-3-thread-1] DEBUG com.beanit.openiec61850.ServerAssociation - sub BDA is:ied1lDevice1/DSCH1.SchdAbsTm.val(148): 0.0
21:48:06.998 [openiec61850-osi-server-3-thread-1] DEBUG com.beanit.openiec61850.ServerAssociation - sub BDA is:ied1lDevice1/DSCH1.SchdAbsTm.val(149): 0.0
21:48:06.998 [openiec61850-osi-server-3-thread-1] DEBUG com.beanit.openiec61850.ServerAssociation - sub BDA is:ied1lDevice1/DSCH1.SchdAbsTm.val(150): 0.0
21:48:06.998 [openiec61850-osi-server-3-thread-1] DEBUG com.beanit.openiec61850.ServerAssociation - sub BDA is:ied1lDevice1/DSCH1.SchdAbsTm.val(151): 0.0
21:48:06.998 [openiec61850-osi-server-3-thread-1] DEBUG com.beanit.openiec61850.ServerAssociation - sub BDA is:ied1lDevice1/DSCH1.SchdAbsTm.val(152): 0.0
21:48:06.998 [openiec61850-osi-server-3-thread-1] DEBUG com.beanit.openiec61850.ServerAssociation - sub BDA is:ied1lDevice1/DSCH1.SchdAbsTm.val(153): 0.0
21:48:06.998 [openiec61850-osi-server-3-thread-1] DEBUG com.beanit.openiec61850.ServerAssociation - sub BDA is:ied1lDevice1/DSCH1.SchdAbsTm.val(154): 0.0
21:48:06.998 [openiec61850-osi-server-3-thread-1] DEBUG com.beanit.openiec61850.ServerAssociation - sub BDA is:ied1lDevice1/DSCH1.SchdAbsTm.val(155): 0.0
21:48:06.998 [openiec61850-osi-server-3-thread-1] DEBUG com.beanit.openiec61850.ServerAssociation - sub BDA is:ied1lDevice1/DSCH1.SchdAbsTm.val(156): 0.0
21:48:06.998 [openiec61850-osi-server-3-thread-1] DEBUG com.beanit.openiec61850.ServerAssociation - sub BDA is:ied1lDevice1/DSCH1.SchdAbsTm.val(157): 0.0
21:48:06.998 [openiec61850-osi-server-3-thread-1] DEBUG com.beanit.openiec61850.ServerAssociation - sub BDA is:ied1lDevice1/DSCH1.SchdAbsTm.val(158): 0.0
21:48:06.998 [openiec61850-osi-server-3-thread-1] DEBUG com.beanit.openiec61850.ServerAssociation - sub BDA is:ied1lDevice1/DSCH1.SchdAbsTm.val(159): 0.0
21:48:06.998 [openiec61850-osi-server-3-thread-1] DEBUG com.beanit.openiec61850.ServerAssociation - sub BDA is:ied1lDevice1/DSCH1.SchdAbsTm.val(160): 0.0
21:48:06.998 [openiec61850-osi-server-3-thread-1] DEBUG com.beanit.openiec61850.ServerAssociation - sub BDA is:ied1lDevice1/DSCH1.SchdAbsTm.val(161): 0.0
21:48:06.998 [openiec61850-osi-server-3-thread-1] DEBUG com.beanit.openiec61850.ServerAssociation - sub BDA is:ied1lDevice1/DSCH1.SchdAbsTm.val(162): 0.0
21:48:06.999 [openiec61850-osi-server-3-thread-1] DEBUG com.beanit.openiec61850.ServerAssociation - sub BDA is:ied1lDevice1/DSCH1.SchdAbsTm.val(163): 0.0
21:48:06.999 [openiec61850-osi-server-3-thread-1] DEBUG com.beanit.openiec61850.ServerAssociation - sub BDA is:ied1lDevice1/DSCH1.SchdAbsTm.val(164): 0.0
21:48:06.999 [openiec61850-osi-server-3-thread-1] DEBUG com.beanit.openiec61850.ServerAssociation - sub BDA is:ied1lDevice1/DSCH1.SchdAbsTm.val(165): 0.0
21:48:06.999 [openiec61850-osi-server-3-thread-1] DEBUG com.beanit.openiec61850.ServerAssociation - sub BDA is:ied1lDevice1/DSCH1.SchdAbsTm.val(166): 0.0
21:48:06.999 [openiec61850-osi-server-3-thread-1] DEBUG com.beanit.openiec61850.ServerAssociation - sub BDA is:ied1lDevice1/DSCH1.SchdAbsTm.val(167): 0.0
21:48:06.999 [openiec61850-osi-server-3-thread-1] DEBUG com.beanit.openiec61850.ServerAssociation - sub BDA is:ied1lDevice1/DSCH1.SchdAbsTm.val(168): 0.0
21:48:06.999 [openiec61850-osi-server-3-thread-1] DEBUG com.beanit.openiec61850.ServerAssociation - sub BDA is:ied1lDevice1/DSCH1.SchdAbsTm.val(169): 0.0
21:48:06.999 [openiec61850-osi-server-3-thread-1] DEBUG com.beanit.openiec61850.ServerAssociation - sub BDA is:ied1lDevice1/DSCH1.SchdAbsTm.val(170): 0.0
21:48:06.999 [openiec61850-osi-server-3-thread-1] DEBUG com.beanit.openiec61850.ServerAssociation - sub BDA is:ied1lDevice1/DSCH1.SchdAbsTm.val(171): 0.0
21:48:06.999 [openiec61850-osi-server-3-thread-1] DEBUG com.beanit.openiec61850.ServerAssociation - sub BDA is:ied1lDevice1/DSCH1.SchdAbsTm.val(172): 0.0
21:48:06.999 [openiec61850-osi-server-3-thread-1] DEBUG com.beanit.openiec61850.ServerAssociation - sub BDA is:ied1lDevice1/DSCH1.SchdAbsTm.val(173): 0.0
21:48:06.999 [openiec61850-osi-server-3-thread-1] DEBUG com.beanit.openiec61850.ServerAssociation - sub BDA is:ied1lDevice1/DSCH1.SchdAbsTm.val(174): 0.0
21:48:06.999 [openiec61850-osi-server-3-thread-1] DEBUG com.beanit.openiec61850.ServerAssociation - sub BDA is:ied1lDevice1/DSCH1.SchdAbsTm.val(175): 0.0
21:48:06.999 [openiec61850-osi-server-3-thread-1] DEBUG com.beanit.openiec61850.ServerAssociation - sub BDA is:ied1lDevice1/DSCH1.SchdAbsTm.val(176): 0.0
21:48:06.999 [openiec61850-osi-server-3-thread-1] DEBUG com.beanit.openiec61850.ServerAssociation - sub BDA is:ied1lDevice1/DSCH1.SchdAbsTm.val(177): 0.0
21:48:06.999 [openiec61850-osi-server-3-thread-1] DEBUG com.beanit.openiec61850.ServerAssociation - sub BDA is:ied1lDevice1/DSCH1.SchdAbsTm.val(178): 0.0
21:48:06.999 [openiec61850-osi-server-3-thread-1] DEBUG com.beanit.openiec61850.ServerAssociation - sub BDA is:ied1lDevice1/DSCH1.SchdAbsTm.val(179): 0.0
21:48:06.999 [openiec61850-osi-server-3-thread-1] DEBUG com.beanit.openiec61850.ServerAssociation - sub BDA is:ied1lDevice1/DSCH1.SchdAbsTm.val(180): 0.0
21:48:06.999 [openiec61850-osi-server-3-thread-1] DEBUG com.beanit.openiec61850.ServerAssociation - sub BDA is:ied1lDevice1/DSCH1.SchdAbsTm.val(181): 0.0
21:48:06.999 [openiec61850-osi-server-3-thread-1] DEBUG com.beanit.openiec61850.ServerAssociation - sub BDA is:ied1lDevice1/DSCH1.SchdAbsTm.val(182): 0.0
21:48:06.999 [openiec61850-osi-server-3-thread-1] DEBUG com.beanit.openiec61850.ServerAssociation - sub BDA is:ied1lDevice1/DSCH1.SchdAbsTm.val(183): 0.0
21:48:06.999 [openiec61850-osi-server-3-thread-1] DEBUG com.beanit.openiec61850.ServerAssociation - sub BDA is:ied1lDevice1/DSCH1.SchdAbsTm.val(184): 0.0
21:48:06.999 [openiec61850-osi-server-3-thread-1] DEBUG com.beanit.openiec61850.ServerAssociation - sub BDA is:ied1lDevice1/DSCH1.SchdAbsTm.val(185): 0.0
21:48:06.999 [openiec61850-osi-server-3-thread-1] DEBUG com.beanit.openiec61850.ServerAssociation - sub BDA is:ied1lDevice1/DSCH1.SchdAbsTm.val(186): 0.0
21:48:06.999 [openiec61850-osi-server-3-thread-1] DEBUG com.beanit.openiec61850.ServerAssociation - sub BDA is:ied1lDevice1/DSCH1.SchdAbsTm.val(187): 0.0
21:48:06.999 [openiec61850-osi-server-3-thread-1] DEBUG com.beanit.openiec61850.ServerAssociation - sub BDA is:ied1lDevice1/DSCH1.SchdAbsTm.val(188): 0.0
21:48:06.999 [openiec61850-osi-server-3-thread-1] DEBUG com.beanit.openiec61850.ServerAssociation - sub BDA is:ied1lDevice1/DSCH1.SchdAbsTm.val(189): 0.0
21:48:06.999 [openiec61850-osi-server-3-thread-1] DEBUG com.beanit.openiec61850.ServerAssociation - sub BDA is:ied1lDevice1/DSCH1.SchdAbsTm.val(190): 0.0
21:48:06.999 [openiec61850-osi-server-3-thread-1] DEBUG com.beanit.openiec61850.ServerAssociation - sub BDA is:ied1lDevice1/DSCH1.SchdAbsTm.val(191): 0.0
21:48:06.999 [openiec61850-osi-server-3-thread-1] DEBUG com.beanit.openiec61850.ServerAssociation - sub BDA is:ied1lDevice1/DSCH1.SchdAbsTm.val(192): 0.0
21:48:06.999 [openiec61850-osi-server-3-thread-1] DEBUG com.beanit.openiec61850.ServerAssociation - sub BDA is:ied1lDevice1/DSCH1.SchdAbsTm.val(193): 0.0
21:48:06.999 [openiec61850-osi-server-3-thread-1] DEBUG com.beanit.openiec61850.ServerAssociation - sub BDA is:ied1lDevice1/DSCH1.SchdAbsTm.val(194): 0.0
21:48:06.999 [openiec61850-osi-server-3-thread-1] DEBUG com.beanit.openiec61850.ServerAssociation - sub BDA is:ied1lDevice1/DSCH1.SchdAbsTm.val(195): 0.0
21:48:06.999 [openiec61850-osi-server-3-thread-1] DEBUG com.beanit.openiec61850.ServerAssociation - sub BDA is:ied1lDevice1/DSCH1.SchdAbsTm.val(196): 0.0
21:48:06.999 [openiec61850-osi-server-3-thread-1] DEBUG com.beanit.openiec61850.ServerAssociation - sub BDA is:ied1lDevice1/DSCH1.SchdAbsTm.val(197): 0.0
21:48:06.999 [openiec61850-osi-server-3-thread-1] DEBUG com.beanit.openiec61850.ServerAssociation - sub BDA is:ied1lDevice1/DSCH1.SchdAbsTm.val(198): 0.0
21:48:06.999 [openiec61850-osi-server-3-thread-1] DEBUG com.beanit.openiec61850.ServerAssociation - sub BDA is:ied1lDevice1/DSCH1.SchdAbsTm.val(199): 0.0
21:48:06.999 [openiec61850-osi-server-3-thread-1] DEBUG com.beanit.openiec61850.ServerAssociation - sub BDA is:ied1lDevice1/DSCH1.SchdAbsTm.val(200): 0.0
21:48:06.999 [openiec61850-osi-server-3-thread-1] DEBUG com.beanit.openiec61850.ServerAssociation - sub BDA is:ied1lDevice1/DSCH1.SchdAbsTm.val(201): 0.0
21:48:06.999 [openiec61850-osi-server-3-thread-1] DEBUG com.beanit.openiec61850.ServerAssociation - sub BDA is:ied1lDevice1/DSCH1.SchdAbsTm.val(202): 0.0
21:48:06.999 [openiec61850-osi-server-3-thread-1] DEBUG com.beanit.openiec61850.ServerAssociation - sub BDA is:ied1lDevice1/DSCH1.SchdAbsTm.val(203): 0.0
21:48:06.999 [openiec61850-osi-server-3-thread-1] DEBUG com.beanit.openiec61850.ServerAssociation - sub BDA is:ied1lDevice1/DSCH1.SchdAbsTm.val(204): 0.0
21:48:06.999 [openiec61850-osi-server-3-thread-1] DEBUG com.beanit.openiec61850.ServerAssociation - sub BDA is:ied1lDevice1/DSCH1.SchdAbsTm.val(205): 0.0
21:48:06.999 [openiec61850-osi-server-3-thread-1] DEBUG com.beanit.openiec61850.ServerAssociation - sub BDA is:ied1lDevice1/DSCH1.SchdAbsTm.val(206): 0.0
21:48:06.999 [openiec61850-osi-server-3-thread-1] DEBUG com.beanit.openiec61850.ServerAssociation - sub BDA is:ied1lDevice1/DSCH1.SchdAbsTm.val(207): 0.0
21:48:06.999 [openiec61850-osi-server-3-thread-1] DEBUG com.beanit.openiec61850.ServerAssociation - sub BDA is:ied1lDevice1/DSCH1.SchdAbsTm.val(208): 0.0
21:48:06.999 [openiec61850-osi-server-3-thread-1] DEBUG com.beanit.openiec61850.ServerAssociation - sub BDA is:ied1lDevice1/DSCH1.SchdAbsTm.val(209): 0.0
21:48:06.999 [openiec61850-osi-server-3-thread-1] DEBUG com.beanit.openiec61850.ServerAssociation - sub BDA is:ied1lDevice1/DSCH1.SchdAbsTm.val(210): 0.0
21:48:06.999 [openiec61850-osi-server-3-thread-1] DEBUG com.beanit.openiec61850.ServerAssociation - sub BDA is:ied1lDevice1/DSCH1.SchdAbsTm.val(211): 0.0
21:48:06.999 [openiec61850-osi-server-3-thread-1] DEBUG com.beanit.openiec61850.ServerAssociation - sub BDA is:ied1lDevice1/DSCH1.SchdAbsTm.val(212): 0.0
21:48:07.000 [openiec61850-osi-server-3-thread-1] DEBUG com.beanit.openiec61850.ServerAssociation - sub BDA is:ied1lDevice1/DSCH1.SchdAbsTm.val(213): 0.0
21:48:07.000 [openiec61850-osi-server-3-thread-1] DEBUG com.beanit.openiec61850.ServerAssociation - sub BDA is:ied1lDevice1/DSCH1.SchdAbsTm.val(214): 0.0
21:48:07.000 [openiec61850-osi-server-3-thread-1] DEBUG com.beanit.openiec61850.ServerAssociation - sub BDA is:ied1lDevice1/DSCH1.SchdAbsTm.val(215): 0.0
21:48:07.000 [openiec61850-osi-server-3-thread-1] DEBUG com.beanit.openiec61850.ServerAssociation - sub BDA is:ied1lDevice1/DSCH1.SchdAbsTm.val(216): 0.0
21:48:07.000 [openiec61850-osi-server-3-thread-1] DEBUG com.beanit.openiec61850.ServerAssociation - sub BDA is:ied1lDevice1/DSCH1.SchdAbsTm.val(217): 0.0
21:48:07.000 [openiec61850-osi-server-3-thread-1] DEBUG com.beanit.openiec61850.ServerAssociation - sub BDA is:ied1lDevice1/DSCH1.SchdAbsTm.val(218): 0.0
21:48:07.000 [openiec61850-osi-server-3-thread-1] DEBUG com.beanit.openiec61850.ServerAssociation - sub BDA is:ied1lDevice1/DSCH1.SchdAbsTm.val(219): 0.0
21:48:07.000 [openiec61850-osi-server-3-thread-1] DEBUG com.beanit.openiec61850.ServerAssociation - sub BDA is:ied1lDevice1/DSCH1.SchdAbsTm.val(220): 0.0
21:48:07.000 [openiec61850-osi-server-3-thread-1] DEBUG com.beanit.openiec61850.ServerAssociation - sub BDA is:ied1lDevice1/DSCH1.SchdAbsTm.val(221): 0.0
21:48:07.000 [openiec61850-osi-server-3-thread-1] DEBUG com.beanit.openiec61850.ServerAssociation - sub BDA is:ied1lDevice1/DSCH1.SchdAbsTm.val(222): 0.0
21:48:07.000 [openiec61850-osi-server-3-thread-1] DEBUG com.beanit.openiec61850.ServerAssociation - sub BDA is:ied1lDevice1/DSCH1.SchdAbsTm.val(223): 0.0
21:48:07.000 [openiec61850-osi-server-3-thread-1] DEBUG com.beanit.openiec61850.ServerAssociation - sub BDA is:ied1lDevice1/DSCH1.SchdAbsTm.val(224): 0.0
21:48:07.000 [openiec61850-osi-server-3-thread-1] DEBUG com.beanit.openiec61850.ServerAssociation - sub BDA is:ied1lDevice1/DSCH1.SchdAbsTm.val(225): 0.0
21:48:07.000 [openiec61850-osi-server-3-thread-1] DEBUG com.beanit.openiec61850.ServerAssociation - sub BDA is:ied1lDevice1/DSCH1.SchdAbsTm.val(226): 0.0
21:48:07.000 [openiec61850-osi-server-3-thread-1] DEBUG com.beanit.openiec61850.ServerAssociation - sub BDA is:ied1lDevice1/DSCH1.SchdAbsTm.val(227): 0.0
21:48:07.000 [openiec61850-osi-server-3-thread-1] DEBUG com.beanit.openiec61850.ServerAssociation - sub BDA is:ied1lDevice1/DSCH1.SchdAbsTm.val(228): 0.0
21:48:07.000 [openiec61850-osi-server-3-thread-1] DEBUG com.beanit.openiec61850.ServerAssociation - sub BDA is:ied1lDevice1/DSCH1.SchdAbsTm.val(229): 0.0
21:48:07.000 [openiec61850-osi-server-3-thread-1] DEBUG com.beanit.openiec61850.ServerAssociation - sub BDA is:ied1lDevice1/DSCH1.SchdAbsTm.val(230): 0.0
21:48:07.000 [openiec61850-osi-server-3-thread-1] DEBUG com.beanit.openiec61850.ServerAssociation - sub BDA is:ied1lDevice1/DSCH1.SchdAbsTm.val(231): 0.0
21:48:07.000 [openiec61850-osi-server-3-thread-1] DEBUG com.beanit.openiec61850.ServerAssociation - sub BDA is:ied1lDevice1/DSCH1.SchdAbsTm.val(232): 0.0
21:48:07.000 [openiec61850-osi-server-3-thread-1] DEBUG com.beanit.openiec61850.ServerAssociation - sub BDA is:ied1lDevice1/DSCH1.SchdAbsTm.val(233): 0.0
21:48:07.000 [openiec61850-osi-server-3-thread-1] DEBUG com.beanit.openiec61850.ServerAssociation - sub BDA is:ied1lDevice1/DSCH1.SchdAbsTm.val(234): 0.0
21:48:07.000 [openiec61850-osi-server-3-thread-1] DEBUG com.beanit.openiec61850.ServerAssociation - sub BDA is:ied1lDevice1/DSCH1.SchdAbsTm.val(235): 0.0
21:48:07.000 [openiec61850-osi-server-3-thread-1] DEBUG com.beanit.openiec61850.ServerAssociation - sub BDA is:ied1lDevice1/DSCH1.SchdAbsTm.val(236): 0.0
21:48:07.000 [openiec61850-osi-server-3-thread-1] DEBUG com.beanit.openiec61850.ServerAssociation - sub BDA is:ied1lDevice1/DSCH1.SchdAbsTm.val(237): 0.0
21:48:07.000 [openiec61850-osi-server-3-thread-1] DEBUG com.beanit.openiec61850.ServerAssociation - sub BDA is:ied1lDevice1/DSCH1.SchdAbsTm.val(238): 0.0
21:48:07.000 [openiec61850-osi-server-3-thread-1] DEBUG com.beanit.openiec61850.ServerAssociation - sub BDA is:ied1lDevice1/DSCH1.SchdAbsTm.val(239): 0.0
21:48:07.000 [openiec61850-osi-server-3-thread-1] DEBUG com.beanit.openiec61850.ServerAssociation - sub BDA is:ied1lDevice1/DSCH1.SchdAbsTm.val(240): 0.0
21:48:07.000 [openiec61850-osi-server-3-thread-1] DEBUG com.beanit.openiec61850.ServerAssociation - sub BDA is:ied1lDevice1/DSCH1.SchdAbsTm.val(241): 0.0
21:48:07.000 [openiec61850-osi-server-3-thread-1] DEBUG com.beanit.openiec61850.ServerAssociation - sub BDA is:ied1lDevice1/DSCH1.SchdAbsTm.val(242): 0.0
21:48:07.000 [openiec61850-osi-server-3-thread-1] DEBUG com.beanit.openiec61850.ServerAssociation - sub BDA is:ied1lDevice1/DSCH1.SchdAbsTm.val(243): 0.0
21:48:07.000 [openiec61850-osi-server-3-thread-1] DEBUG com.beanit.openiec61850.ServerAssociation - sub BDA is:ied1lDevice1/DSCH1.SchdAbsTm.val(244): 0.0
21:48:07.000 [openiec61850-osi-server-3-thread-1] DEBUG com.beanit.openiec61850.ServerAssociation - sub BDA is:ied1lDevice1/DSCH1.SchdAbsTm.val(245): 0.0
21:48:07.000 [openiec61850-osi-server-3-thread-1] DEBUG com.beanit.openiec61850.ServerAssociation - sub BDA is:ied1lDevice1/DSCH1.SchdAbsTm.val(246): 0.0
21:48:07.000 [openiec61850-osi-server-3-thread-1] DEBUG com.beanit.openiec61850.ServerAssociation - sub BDA is:ied1lDevice1/DSCH1.SchdAbsTm.val(247): 0.0
21:48:07.000 [openiec61850-osi-server-3-thread-1] DEBUG com.beanit.openiec61850.ServerAssociation - sub BDA is:ied1lDevice1/DSCH1.SchdAbsTm.val(248): 0.0
21:48:07.000 [openiec61850-osi-server-3-thread-1] DEBUG com.beanit.openiec61850.ServerAssociation - sub BDA is:ied1lDevice1/DSCH1.SchdAbsTm.val(249): 0.0
21:48:07.000 [openiec61850-osi-server-3-thread-1] DEBUG com.beanit.openiec61850.ServerAssociation - sub BDA is:ied1lDevice1/DSCH1.SchdAbsTm.val(250): 0.0
21:48:07.000 [openiec61850-osi-server-3-thread-1] DEBUG com.beanit.openiec61850.ServerAssociation - sub BDA is:ied1lDevice1/DSCH1.SchdAbsTm.val(251): 0.0
21:48:07.000 [openiec61850-osi-server-3-thread-1] DEBUG com.beanit.openiec61850.ServerAssociation - sub BDA is:ied1lDevice1/DSCH1.SchdAbsTm.val(252): 0.0
21:48:07.000 [openiec61850-osi-server-3-thread-1] DEBUG com.beanit.openiec61850.ServerAssociation - sub BDA is:ied1lDevice1/DSCH1.SchdAbsTm.val(253): 0.0
21:48:07.000 [openiec61850-osi-server-3-thread-1] DEBUG com.beanit.openiec61850.ServerAssociation - sub BDA is:ied1lDevice1/DSCH1.SchdAbsTm.val(254): 0.0
21:48:07.000 [openiec61850-osi-server-3-thread-1] DEBUG com.beanit.openiec61850.ServerAssociation - sub BDA is:ied1lDevice1/DSCH1.SchdAbsTm.sptestval1: 0
21:48:07.000 [openiec61850-osi-server-3-thread-1] DEBUG com.beanit.openiec61850.ServerAssociation - sub BDA is:ied1lDevice1/DSCH1.SchdAbsTm.sptestval2: 0
calling GetDataValues(ied1lDevice1/DSCH1.SchdAbsTm.val)
21:48:07.003 [openiec61850-osi-server-3-thread-1] DEBUG com.beanit.openiec61850.ServerAssociation - Got a GetDataValues request for node: ied1lDevice1/DSCH1.SchdAbsTm.val [SP]
ied1lDevice1/DSCH1.SchdAbsTm.val(0): 0.0
ied1lDevice1/DSCH1.SchdAbsTm.val(1): 0.0
ied1lDevice1/DSCH1.SchdAbsTm.val(2): 0.0
ied1lDevice1/DSCH1.SchdAbsTm.val(3): 0.0
ied1lDevice1/DSCH1.SchdAbsTm.val(4): 0.0
ied1lDevice1/DSCH1.SchdAbsTm.val(5): 0.0
ied1lDevice1/DSCH1.SchdAbsTm.val(6): 0.0
ied1lDevice1/DSCH1.SchdAbsTm.val(7): 0.0
ied1lDevice1/DSCH1.SchdAbsTm.val(8): 0.0
ied1lDevice1/DSCH1.SchdAbsTm.val(9): 0.0
ied1lDevice1/DSCH1.SchdAbsTm.val(10): 0.0
ied1lDevice1/DSCH1.SchdAbsTm.val(11): 0.0
ied1lDevice1/DSCH1.SchdAbsTm.val(12): 0.0
ied1lDevice1/DSCH1.SchdAbsTm.val(13): 0.0
ied1lDevice1/DSCH1.SchdAbsTm.val(14): 0.0
ied1lDevice1/DSCH1.SchdAbsTm.val(15): 0.0
ied1lDevice1/DSCH1.SchdAbsTm.val(16): 0.0
ied1lDevice1/DSCH1.SchdAbsTm.val(17): 0.0
ied1lDevice1/DSCH1.SchdAbsTm.val(18): 0.0
ied1lDevice1/DSCH1.SchdAbsTm.val(19): 0.0
ied1lDevice1/DSCH1.SchdAbsTm.val(20): 0.0
ied1lDevice1/DSCH1.SchdAbsTm.val(21): 0.0
ied1lDevice1/DSCH1.SchdAbsTm.val(22): 0.0
ied1lDevice1/DSCH1.SchdAbsTm.val(23): 0.0
ied1lDevice1/DSCH1.SchdAbsTm.val(24): 0.0
ied1lDevice1/DSCH1.SchdAbsTm.val(25): 0.0
ied1lDevice1/DSCH1.SchdAbsTm.val(26): 0.0
ied1lDevice1/DSCH1.SchdAbsTm.val(27): 0.0
ied1lDevice1/DSCH1.SchdAbsTm.val(28): 0.0
ied1lDevice1/DSCH1.SchdAbsTm.val(29): 0.0
ied1lDevice1/DSCH1.SchdAbsTm.val(30): 0.0
ied1lDevice1/DSCH1.SchdAbsTm.val(31): 0.0
ied1lDevice1/DSCH1.SchdAbsTm.val(32): 0.0
ied1lDevice1/DSCH1.SchdAbsTm.val(33): 0.0
ied1lDevice1/DSCH1.SchdAbsTm.val(34): 0.0
ied1lDevice1/DSCH1.SchdAbsTm.val(35): 0.0
ied1lDevice1/DSCH1.SchdAbsTm.val(36): 0.0
ied1lDevice1/DSCH1.SchdAbsTm.val(37): 0.0
ied1lDevice1/DSCH1.SchdAbsTm.val(38): 0.0
ied1lDevice1/DSCH1.SchdAbsTm.val(39): 0.0
ied1lDevice1/DSCH1.SchdAbsTm.val(40): 0.0
ied1lDevice1/DSCH1.SchdAbsTm.val(41): 0.0
ied1lDevice1/DSCH1.SchdAbsTm.val(42): 0.0
ied1lDevice1/DSCH1.SchdAbsTm.val(43): 0.0
ied1lDevice1/DSCH1.SchdAbsTm.val(44): 0.0
ied1lDevice1/DSCH1.SchdAbsTm.val(45): 0.0
ied1lDevice1/DSCH1.SchdAbsTm.val(46): 0.0
ied1lDevice1/DSCH1.SchdAbsTm.val(47): 0.0
ied1lDevice1/DSCH1.SchdAbsTm.val(48): 0.0
ied1lDevice1/DSCH1.SchdAbsTm.val(49): 0.0
ied1lDevice1/DSCH1.SchdAbsTm.val(50): 0.0
ied1lDevice1/DSCH1.SchdAbsTm.val(51): 0.0
ied1lDevice1/DSCH1.SchdAbsTm.val(52): 0.0
ied1lDevice1/DSCH1.SchdAbsTm.val(53): 0.0
ied1lDevice1/DSCH1.SchdAbsTm.val(54): 0.0
ied1lDevice1/DSCH1.SchdAbsTm.val(55): 0.0
ied1lDevice1/DSCH1.SchdAbsTm.val(56): 0.0
ied1lDevice1/DSCH1.SchdAbsTm.val(57): 0.0
ied1lDevice1/DSCH1.SchdAbsTm.val(58): 0.0
ied1lDevice1/DSCH1.SchdAbsTm.val(59): 0.0
ied1lDevice1/DSCH1.SchdAbsTm.val(60): 0.0
ied1lDevice1/DSCH1.SchdAbsTm.val(61): 0.0
ied1lDevice1/DSCH1.SchdAbsTm.val(62): 0.0
ied1lDevice1/DSCH1.SchdAbsTm.val(63): 0.0
ied1lDevice1/DSCH1.SchdAbsTm.val(64): 0.0
ied1lDevice1/DSCH1.SchdAbsTm.val(65): 0.0
ied1lDevice1/DSCH1.SchdAbsTm.val(66): 0.0
ied1lDevice1/DSCH1.SchdAbsTm.val(67): 0.0
ied1lDevice1/DSCH1.SchdAbsTm.val(68): 0.0
ied1lDevice1/DSCH1.SchdAbsTm.val(69): 0.0
ied1lDevice1/DSCH1.SchdAbsTm.val(70): 0.0
ied1lDevice1/DSCH1.SchdAbsTm.val(71): 0.0
ied1lDevice1/DSCH1.SchdAbsTm.val(72): 0.0
ied1lDevice1/DSCH1.SchdAbsTm.val(73): 0.0
ied1lDevice1/DSCH1.SchdAbsTm.val(74): 0.0
ied1lDevice1/DSCH1.SchdAbsTm.val(75): 0.0
ied1lDevice1/DSCH1.SchdAbsTm.val(76): 0.0
ied1lDevice1/DSCH1.SchdAbsTm.val(77): 0.0
ied1lDevice1/DSCH1.SchdAbsTm.val(78): 0.0
ied1lDevice1/DSCH1.SchdAbsTm.val(79): 0.0
ied1lDevice1/DSCH1.SchdAbsTm.val(80): 0.0
ied1lDevice1/DSCH1.SchdAbsTm.val(81): 0.0
ied1lDevice1/DSCH1.SchdAbsTm.val(82): 0.0
ied1lDevice1/DSCH1.SchdAbsTm.val(83): 0.0
ied1lDevice1/DSCH1.SchdAbsTm.val(84): 0.0
ied1lDevice1/DSCH1.SchdAbsTm.val(85): 0.0
ied1lDevice1/DSCH1.SchdAbsTm.val(86): 0.0
ied1lDevice1/DSCH1.SchdAbsTm.val(87): 0.0
ied1lDevice1/DSCH1.SchdAbsTm.val(88): 0.0
ied1lDevice1/DSCH1.SchdAbsTm.val(89): 0.0
ied1lDevice1/DSCH1.SchdAbsTm.val(90): 0.0
ied1lDevice1/DSCH1.SchdAbsTm.val(91): 0.0
ied1lDevice1/DSCH1.SchdAbsTm.val(92): 0.0
ied1lDevice1/DSCH1.SchdAbsTm.val(93): 0.0
ied1lDevice1/DSCH1.SchdAbsTm.val(94): 0.0
ied1lDevice1/DSCH1.SchdAbsTm.val(95): 0.0
ied1lDevice1/DSCH1.SchdAbsTm.val(96): 0.0
ied1lDevice1/DSCH1.SchdAbsTm.val(97): 0.0
ied1lDevice1/DSCH1.SchdAbsTm.val(98): 0.0
ied1lDevice1/DSCH1.SchdAbsTm.val(99): 0.0
ied1lDevice1/DSCH1.SchdAbsTm.val(100): 0.0
ied1lDevice1/DSCH1.SchdAbsTm.val(101): 0.0
ied1lDevice1/DSCH1.SchdAbsTm.val(102): 0.0
ied1lDevice1/DSCH1.SchdAbsTm.val(103): 0.0
ied1lDevice1/DSCH1.SchdAbsTm.val(104): 0.0
ied1lDevice1/DSCH1.SchdAbsTm.val(105): 0.0
ied1lDevice1/DSCH1.SchdAbsTm.val(106): 0.0
ied1lDevice1/DSCH1.SchdAbsTm.val(107): 0.0
ied1lDevice1/DSCH1.SchdAbsTm.val(108): 0.0
ied1lDevice1/DSCH1.SchdAbsTm.val(109): 0.0
ied1lDevice1/DSCH1.SchdAbsTm.val(110): 0.0
ied1lDevice1/DSCH1.SchdAbsTm.val(111): 0.0
ied1lDevice1/DSCH1.SchdAbsTm.val(112): 0.0
ied1lDevice1/DSCH1.SchdAbsTm.val(113): 0.0
ied1lDevice1/DSCH1.SchdAbsTm.val(114): 0.0
ied1lDevice1/DSCH1.SchdAbsTm.val(115): 0.0
ied1lDevice1/DSCH1.SchdAbsTm.val(116): 0.0
ied1lDevice1/DSCH1.SchdAbsTm.val(117): 0.0
ied1lDevice1/DSCH1.SchdAbsTm.val(118): 0.0
ied1lDevice1/DSCH1.SchdAbsTm.val(119): 0.0
ied1lDevice1/DSCH1.SchdAbsTm.val(120): 0.0
ied1lDevice1/DSCH1.SchdAbsTm.val(121): 0.0
ied1lDevice1/DSCH1.SchdAbsTm.val(122): 0.0
ied1lDevice1/DSCH1.SchdAbsTm.val(123): 0.0
ied1lDevice1/DSCH1.SchdAbsTm.val(124): 0.0
ied1lDevice1/DSCH1.SchdAbsTm.val(125): 0.0
ied1lDevice1/DSCH1.SchdAbsTm.val(126): 0.0
ied1lDevice1/DSCH1.SchdAbsTm.val(127): 0.0
ied1lDevice1/DSCH1.SchdAbsTm.val(128): 0.0
ied1lDevice1/DSCH1.SchdAbsTm.val(129): 0.0
ied1lDevice1/DSCH1.SchdAbsTm.val(130): 0.0
ied1lDevice1/DSCH1.SchdAbsTm.val(131): 0.0
ied1lDevice1/DSCH1.SchdAbsTm.val(132): 0.0
ied1lDevice1/DSCH1.SchdAbsTm.val(133): 0.0
ied1lDevice1/DSCH1.SchdAbsTm.val(134): 0.0
ied1lDevice1/DSCH1.SchdAbsTm.val(135): 0.0
ied1lDevice1/DSCH1.SchdAbsTm.val(136): 0.0
ied1lDevice1/DSCH1.SchdAbsTm.val(137): 0.0
ied1lDevice1/DSCH1.SchdAbsTm.val(138): 0.0
ied1lDevice1/DSCH1.SchdAbsTm.val(139): 0.0
ied1lDevice1/DSCH1.SchdAbsTm.val(140): 0.0
ied1lDevice1/DSCH1.SchdAbsTm.val(141): 0.0
ied1lDevice1/DSCH1.SchdAbsTm.val(142): 0.0
ied1lDevice1/DSCH1.SchdAbsTm.val(143): 0.0
ied1lDevice1/DSCH1.SchdAbsTm.val(144): 0.0
ied1lDevice1/DSCH1.SchdAbsTm.val(145): 0.0
ied1lDevice1/DSCH1.SchdAbsTm.val(146): 0.0
ied1lDevice1/DSCH1.SchdAbsTm.val(147): 0.0
ied1lDevice1/DSCH1.SchdAbsTm.val(148): 0.0
ied1lDevice1/DSCH1.SchdAbsTm.val(149): 0.0
ied1lDevice1/DSCH1.SchdAbsTm.val(150): 0.0
ied1lDevice1/DSCH1.SchdAbsTm.val(151): 0.0
ied1lDevice1/DSCH1.SchdAbsTm.val(152): 0.0
ied1lDevice1/DSCH1.SchdAbsTm.val(153): 0.0
ied1lDevice1/DSCH1.SchdAbsTm.val(154): 0.0
ied1lDevice1/DSCH1.SchdAbsTm.val(155): 0.0
ied1lDevice1/DSCH1.SchdAbsTm.val(156): 0.0
ied1lDevice1/DSCH1.SchdAbsTm.val(157): 0.0
ied1lDevice1/DSCH1.SchdAbsTm.val(158): 0.0
ied1lDevice1/DSCH1.SchdAbsTm.val(159): 0.0
ied1lDevice1/DSCH1.SchdAbsTm.val(160): 0.0
ied1lDevice1/DSCH1.SchdAbsTm.val(161): 0.0
ied1lDevice1/DSCH1.SchdAbsTm.val(162): 0.0
ied1lDevice1/DSCH1.SchdAbsTm.val(163): 0.0
ied1lDevice1/DSCH1.SchdAbsTm.val(164): 0.0
ied1lDevice1/DSCH1.SchdAbsTm.val(165): 0.0
ied1lDevice1/DSCH1.SchdAbsTm.val(166): 0.0
ied1lDevice1/DSCH1.SchdAbsTm.val(167): 0.0
ied1lDevice1/DSCH1.SchdAbsTm.val(168): 0.0
ied1lDevice1/DSCH1.SchdAbsTm.val(169): 0.0
ied1lDevice1/DSCH1.SchdAbsTm.val(170): 0.0
ied1lDevice1/DSCH1.SchdAbsTm.val(171): 0.0
ied1lDevice1/DSCH1.SchdAbsTm.val(172): 0.0
ied1lDevice1/DSCH1.SchdAbsTm.val(173): 0.0
ied1lDevice1/DSCH1.SchdAbsTm.val(174): 0.0
ied1lDevice1/DSCH1.SchdAbsTm.val(175): 0.0
ied1lDevice1/DSCH1.SchdAbsTm.val(176): 0.0
ied1lDevice1/DSCH1.SchdAbsTm.val(177): 0.0
ied1lDevice1/DSCH1.SchdAbsTm.val(178): 0.0
ied1lDevice1/DSCH1.SchdAbsTm.val(179): 0.0
ied1lDevice1/DSCH1.SchdAbsTm.val(180): 0.0
ied1lDevice1/DSCH1.SchdAbsTm.val(181): 0.0
ied1lDevice1/DSCH1.SchdAbsTm.val(182): 0.0
ied1lDevice1/DSCH1.SchdAbsTm.val(183): 0.0
ied1lDevice1/DSCH1.SchdAbsTm.val(184): 0.0
ied1lDevice1/DSCH1.SchdAbsTm.val(185): 0.0
ied1lDevice1/DSCH1.SchdAbsTm.val(186): 0.0
ied1lDevice1/DSCH1.SchdAbsTm.val(187): 0.0
ied1lDevice1/DSCH1.SchdAbsTm.val(188): 0.0
ied1lDevice1/DSCH1.SchdAbsTm.val(189): 0.0
ied1lDevice1/DSCH1.SchdAbsTm.val(190): 0.0
ied1lDevice1/DSCH1.SchdAbsTm.val(191): 0.0
ied1lDevice1/DSCH1.SchdAbsTm.val(192): 0.0
ied1lDevice1/DSCH1.SchdAbsTm.val(193): 0.0
ied1lDevice1/DSCH1.SchdAbsTm.val(194): 0.0
ied1lDevice1/DSCH1.SchdAbsTm.val(195): 0.0
ied1lDevice1/DSCH1.SchdAbsTm.val(196): 0.0
ied1lDevice1/DSCH1.SchdAbsTm.val(197): 0.0
ied1lDevice1/DSCH1.SchdAbsTm.val(198): 0.0
ied1lDevice1/DSCH1.SchdAbsTm.val(199): 0.0
ied1lDevice1/DSCH1.SchdAbsTm.val(200): 0.0
ied1lDevice1/DSCH1.SchdAbsTm.val(201): 0.0
ied1lDevice1/DSCH1.SchdAbsTm.val(202): 0.0
ied1lDevice1/DSCH1.SchdAbsTm.val(203): 0.0
ied1lDevice1/DSCH1.SchdAbsTm.val(204): 0.0
ied1lDevice1/DSCH1.SchdAbsTm.val(205): 0.0
ied1lDevice1/DSCH1.SchdAbsTm.val(206): 0.0
ied1lDevice1/DSCH1.SchdAbsTm.val(207): 0.0
ied1lDevice1/DSCH1.SchdAbsTm.val(208): 0.0
ied1lDevice1/DSCH1.SchdAbsTm.val(209): 0.0
ied1lDevice1/DSCH1.SchdAbsTm.val(210): 0.0
ied1lDevice1/DSCH1.SchdAbsTm.val(211): 0.0
ied1lDevice1/DSCH1.SchdAbsTm.val(212): 0.0
ied1lDevice1/DSCH1.SchdAbsTm.val(213): 0.0
ied1lDevice1/DSCH1.SchdAbsTm.val(214): 0.0
ied1lDevice1/DSCH1.SchdAbsTm.val(215): 0.0
ied1lDevice1/DSCH1.SchdAbsTm.val(216): 0.0
ied1lDevice1/DSCH1.SchdAbsTm.val(217): 0.0
ied1lDevice1/DSCH1.SchdAbsTm.val(218): 0.0
ied1lDevice1/DSCH1.SchdAbsTm.val(219): 0.0
ied1lDevice1/DSCH1.SchdAbsTm.val(220): 0.0
ied1lDevice1/DSCH1.SchdAbsTm.val(221): 0.0
ied1lDevice1/DSCH1.SchdAbsTm.val(222): 0.0
ied1lDevice1/DSCH1.SchdAbsTm.val(223): 0.0
ied1lDevice1/DSCH1.SchdAbsTm.val(224): 0.0
ied1lDevice1/DSCH1.SchdAbsTm.val(225): 0.0
ied1lDevice1/DSCH1.SchdAbsTm.val(226): 0.0
ied1lDevice1/DSCH1.SchdAbsTm.val(227): 0.0
ied1lDevice1/DSCH1.SchdAbsTm.val(228): 0.0
ied1lDevice1/DSCH1.SchdAbsTm.val(229): 0.0
ied1lDevice1/DSCH1.SchdAbsTm.val(230): 0.0
ied1lDevice1/DSCH1.SchdAbsTm.val(231): 0.0
ied1lDevice1/DSCH1.SchdAbsTm.val(232): 0.0
ied1lDevice1/DSCH1.SchdAbsTm.val(233): 0.0
ied1lDevice1/DSCH1.SchdAbsTm.val(234): 0.0
ied1lDevice1/DSCH1.SchdAbsTm.val(235): 0.0
ied1lDevice1/DSCH1.SchdAbsTm.val(236): 0.0
ied1lDevice1/DSCH1.SchdAbsTm.val(237): 0.0
ied1lDevice1/DSCH1.SchdAbsTm.val(238): 0.0
ied1lDevice1/DSCH1.SchdAbsTm.val(239): 0.0
ied1lDevice1/DSCH1.SchdAbsTm.val(240): 0.0
ied1lDevice1/DSCH1.SchdAbsTm.val(241): 0.0
ied1lDevice1/DSCH1.SchdAbsTm.val(242): 0.0
ied1lDevice1/DSCH1.SchdAbsTm.val(243): 0.0
ied1lDevice1/DSCH1.SchdAbsTm.val(244): 0.0
ied1lDevice1/DSCH1.SchdAbsTm.val(245): 0.0
ied1lDevice1/DSCH1.SchdAbsTm.val(246): 0.0
ied1lDevice1/DSCH1.SchdAbsTm.val(247): 0.0
ied1lDevice1/DSCH1.SchdAbsTm.val(248): 0.0
ied1lDevice1/DSCH1.SchdAbsTm.val(249): 0.0
ied1lDevice1/DSCH1.SchdAbsTm.val(250): 0.0
ied1lDevice1/DSCH1.SchdAbsTm.val(251): 0.0
ied1lDevice1/DSCH1.SchdAbsTm.val(252): 0.0
ied1lDevice1/DSCH1.SchdAbsTm.val(253): 0.0
ied1lDevice1/DSCH1.SchdAbsTm.val(254): 0.0
21:48:07.004 [openiec61850-osi-server-3-thread-1] DEBUG com.beanit.openiec61850.ServerAssociation - sub BDA is:ied1lDevice1/DSCH1.SchdAbsTm.val(0): 0.0
21:48:07.004 [openiec61850-osi-server-3-thread-1] DEBUG com.beanit.openiec61850.ServerAssociation - sub BDA is:ied1lDevice1/DSCH1.SchdAbsTm.val(1): 0.0
21:48:07.004 [openiec61850-osi-server-3-thread-1] DEBUG com.beanit.openiec61850.ServerAssociation - sub BDA is:ied1lDevice1/DSCH1.SchdAbsTm.val(2): 0.0
21:48:07.004 [openiec61850-osi-server-3-thread-1] DEBUG com.beanit.openiec61850.ServerAssociation - sub BDA is:ied1lDevice1/DSCH1.SchdAbsTm.val(3): 0.0
21:48:07.004 [openiec61850-osi-server-3-thread-1] DEBUG com.beanit.openiec61850.ServerAssociation - sub BDA is:ied1lDevice1/DSCH1.SchdAbsTm.val(4): 0.0
21:48:07.004 [openiec61850-osi-server-3-thread-1] DEBUG com.beanit.openiec61850.ServerAssociation - sub BDA is:ied1lDevice1/DSCH1.SchdAbsTm.val(5): 0.0
21:48:07.005 [openiec61850-osi-server-3-thread-1] DEBUG com.beanit.openiec61850.ServerAssociation - sub BDA is:ied1lDevice1/DSCH1.SchdAbsTm.val(6): 0.0
21:48:07.005 [openiec61850-osi-server-3-thread-1] DEBUG com.beanit.openiec61850.ServerAssociation - sub BDA is:ied1lDevice1/DSCH1.SchdAbsTm.val(7): 0.0
21:48:07.005 [openiec61850-osi-server-3-thread-1] DEBUG com.beanit.openiec61850.ServerAssociation - sub BDA is:ied1lDevice1/DSCH1.SchdAbsTm.val(8): 0.0
21:48:07.005 [openiec61850-osi-server-3-thread-1] DEBUG com.beanit.openiec61850.ServerAssociation - sub BDA is:ied1lDevice1/DSCH1.SchdAbsTm.val(9): 0.0
21:48:07.005 [openiec61850-osi-server-3-thread-1] DEBUG com.beanit.openiec61850.ServerAssociation - sub BDA is:ied1lDevice1/DSCH1.SchdAbsTm.val(10): 0.0
21:48:07.005 [openiec61850-osi-server-3-thread-1] DEBUG com.beanit.openiec61850.ServerAssociation - sub BDA is:ied1lDevice1/DSCH1.SchdAbsTm.val(11): 0.0
21:48:07.005 [openiec61850-osi-server-3-thread-1] DEBUG com.beanit.openiec61850.ServerAssociation - sub BDA is:ied1lDevice1/DSCH1.SchdAbsTm.val(12): 0.0
21:48:07.005 [openiec61850-osi-server-3-thread-1] DEBUG com.beanit.openiec61850.ServerAssociation - sub BDA is:ied1lDevice1/DSCH1.SchdAbsTm.val(13): 0.0
21:48:07.005 [openiec61850-osi-server-3-thread-1] DEBUG com.beanit.openiec61850.ServerAssociation - sub BDA is:ied1lDevice1/DSCH1.SchdAbsTm.val(14): 0.0
21:48:07.005 [openiec61850-osi-server-3-thread-1] DEBUG com.beanit.openiec61850.ServerAssociation - sub BDA is:ied1lDevice1/DSCH1.SchdAbsTm.val(15): 0.0
21:48:07.005 [openiec61850-osi-server-3-thread-1] DEBUG com.beanit.openiec61850.ServerAssociation - sub BDA is:ied1lDevice1/DSCH1.SchdAbsTm.val(16): 0.0
21:48:07.005 [openiec61850-osi-server-3-thread-1] DEBUG com.beanit.openiec61850.ServerAssociation - sub BDA is:ied1lDevice1/DSCH1.SchdAbsTm.val(17): 0.0
21:48:07.005 [openiec61850-osi-server-3-thread-1] DEBUG com.beanit.openiec61850.ServerAssociation - sub BDA is:ied1lDevice1/DSCH1.SchdAbsTm.val(18): 0.0
21:48:07.005 [openiec61850-osi-server-3-thread-1] DEBUG com.beanit.openiec61850.ServerAssociation - sub BDA is:ied1lDevice1/DSCH1.SchdAbsTm.val(19): 0.0
21:48:07.005 [openiec61850-osi-server-3-thread-1] DEBUG com.beanit.openiec61850.ServerAssociation - sub BDA is:ied1lDevice1/DSCH1.SchdAbsTm.val(20): 0.0
21:48:07.005 [openiec61850-osi-server-3-thread-1] DEBUG com.beanit.openiec61850.ServerAssociation - sub BDA is:ied1lDevice1/DSCH1.SchdAbsTm.val(21): 0.0
21:48:07.005 [openiec61850-osi-server-3-thread-1] DEBUG com.beanit.openiec61850.ServerAssociation - sub BDA is:ied1lDevice1/DSCH1.SchdAbsTm.val(22): 0.0
21:48:07.005 [openiec61850-osi-server-3-thread-1] DEBUG com.beanit.openiec61850.ServerAssociation - sub BDA is:ied1lDevice1/DSCH1.SchdAbsTm.val(23): 0.0
21:48:07.005 [openiec61850-osi-server-3-thread-1] DEBUG com.beanit.openiec61850.ServerAssociation - sub BDA is:ied1lDevice1/DSCH1.SchdAbsTm.val(24): 0.0
21:48:07.005 [openiec61850-osi-server-3-thread-1] DEBUG com.beanit.openiec61850.ServerAssociation - sub BDA is:ied1lDevice1/DSCH1.SchdAbsTm.val(25): 0.0
21:48:07.005 [openiec61850-osi-server-3-thread-1] DEBUG com.beanit.openiec61850.ServerAssociation - sub BDA is:ied1lDevice1/DSCH1.SchdAbsTm.val(26): 0.0
21:48:07.005 [openiec61850-osi-server-3-thread-1] DEBUG com.beanit.openiec61850.ServerAssociation - sub BDA is:ied1lDevice1/DSCH1.SchdAbsTm.val(27): 0.0
21:48:07.005 [openiec61850-osi-server-3-thread-1] DEBUG com.beanit.openiec61850.ServerAssociation - sub BDA is:ied1lDevice1/DSCH1.SchdAbsTm.val(28): 0.0
21:48:07.005 [openiec61850-osi-server-3-thread-1] DEBUG com.beanit.openiec61850.ServerAssociation - sub BDA is:ied1lDevice1/DSCH1.SchdAbsTm.val(29): 0.0
21:48:07.005 [openiec61850-osi-server-3-thread-1] DEBUG com.beanit.openiec61850.ServerAssociation - sub BDA is:ied1lDevice1/DSCH1.SchdAbsTm.val(30): 0.0
21:48:07.005 [openiec61850-osi-server-3-thread-1] DEBUG com.beanit.openiec61850.ServerAssociation - sub BDA is:ied1lDevice1/DSCH1.SchdAbsTm.val(31): 0.0
21:48:07.005 [openiec61850-osi-server-3-thread-1] DEBUG com.beanit.openiec61850.ServerAssociation - sub BDA is:ied1lDevice1/DSCH1.SchdAbsTm.val(32): 0.0
21:48:07.005 [openiec61850-osi-server-3-thread-1] DEBUG com.beanit.openiec61850.ServerAssociation - sub BDA is:ied1lDevice1/DSCH1.SchdAbsTm.val(33): 0.0
21:48:07.005 [openiec61850-osi-server-3-thread-1] DEBUG com.beanit.openiec61850.ServerAssociation - sub BDA is:ied1lDevice1/DSCH1.SchdAbsTm.val(34): 0.0
21:48:07.005 [openiec61850-osi-server-3-thread-1] DEBUG com.beanit.openiec61850.ServerAssociation - sub BDA is:ied1lDevice1/DSCH1.SchdAbsTm.val(35): 0.0
21:48:07.005 [openiec61850-osi-server-3-thread-1] DEBUG com.beanit.openiec61850.ServerAssociation - sub BDA is:ied1lDevice1/DSCH1.SchdAbsTm.val(36): 0.0
21:48:07.005 [openiec61850-osi-server-3-thread-1] DEBUG com.beanit.openiec61850.ServerAssociation - sub BDA is:ied1lDevice1/DSCH1.SchdAbsTm.val(37): 0.0
21:48:07.005 [openiec61850-osi-server-3-thread-1] DEBUG com.beanit.openiec61850.ServerAssociation - sub BDA is:ied1lDevice1/DSCH1.SchdAbsTm.val(38): 0.0
21:48:07.005 [openiec61850-osi-server-3-thread-1] DEBUG com.beanit.openiec61850.ServerAssociation - sub BDA is:ied1lDevice1/DSCH1.SchdAbsTm.val(39): 0.0
21:48:07.005 [openiec61850-osi-server-3-thread-1] DEBUG com.beanit.openiec61850.ServerAssociation - sub BDA is:ied1lDevice1/DSCH1.SchdAbsTm.val(40): 0.0
21:48:07.005 [openiec61850-osi-server-3-thread-1] DEBUG com.beanit.openiec61850.ServerAssociation - sub BDA is:ied1lDevice1/DSCH1.SchdAbsTm.val(41): 0.0
21:48:07.005 [openiec61850-osi-server-3-thread-1] DEBUG com.beanit.openiec61850.ServerAssociation - sub BDA is:ied1lDevice1/DSCH1.SchdAbsTm.val(42): 0.0
21:48:07.005 [openiec61850-osi-server-3-thread-1] DEBUG com.beanit.openiec61850.ServerAssociation - sub BDA is:ied1lDevice1/DSCH1.SchdAbsTm.val(43): 0.0
21:48:07.005 [openiec61850-osi-server-3-thread-1] DEBUG com.beanit.openiec61850.ServerAssociation - sub BDA is:ied1lDevice1/DSCH1.SchdAbsTm.val(44): 0.0
21:48:07.005 [openiec61850-osi-server-3-thread-1] DEBUG com.beanit.openiec61850.ServerAssociation - sub BDA is:ied1lDevice1/DSCH1.SchdAbsTm.val(45): 0.0
21:48:07.005 [openiec61850-osi-server-3-thread-1] DEBUG com.beanit.openiec61850.ServerAssociation - sub BDA is:ied1lDevice1/DSCH1.SchdAbsTm.val(46): 0.0
21:48:07.005 [openiec61850-osi-server-3-thread-1] DEBUG com.beanit.openiec61850.ServerAssociation - sub BDA is:ied1lDevice1/DSCH1.SchdAbsTm.val(47): 0.0
21:48:07.006 [openiec61850-osi-server-3-thread-1] DEBUG com.beanit.openiec61850.ServerAssociation - sub BDA is:ied1lDevice1/DSCH1.SchdAbsTm.val(48): 0.0
21:48:07.006 [openiec61850-osi-server-3-thread-1] DEBUG com.beanit.openiec61850.ServerAssociation - sub BDA is:ied1lDevice1/DSCH1.SchdAbsTm.val(49): 0.0
21:48:07.006 [openiec61850-osi-server-3-thread-1] DEBUG com.beanit.openiec61850.ServerAssociation - sub BDA is:ied1lDevice1/DSCH1.SchdAbsTm.val(50): 0.0
21:48:07.006 [openiec61850-osi-server-3-thread-1] DEBUG com.beanit.openiec61850.ServerAssociation - sub BDA is:ied1lDevice1/DSCH1.SchdAbsTm.val(51): 0.0
21:48:07.006 [openiec61850-osi-server-3-thread-1] DEBUG com.beanit.openiec61850.ServerAssociation - sub BDA is:ied1lDevice1/DSCH1.SchdAbsTm.val(52): 0.0
21:48:07.006 [openiec61850-osi-server-3-thread-1] DEBUG com.beanit.openiec61850.ServerAssociation - sub BDA is:ied1lDevice1/DSCH1.SchdAbsTm.val(53): 0.0
21:48:07.006 [openiec61850-osi-server-3-thread-1] DEBUG com.beanit.openiec61850.ServerAssociation - sub BDA is:ied1lDevice1/DSCH1.SchdAbsTm.val(54): 0.0
21:48:07.006 [openiec61850-osi-server-3-thread-1] DEBUG com.beanit.openiec61850.ServerAssociation - sub BDA is:ied1lDevice1/DSCH1.SchdAbsTm.val(55): 0.0
21:48:07.006 [openiec61850-osi-server-3-thread-1] DEBUG com.beanit.openiec61850.ServerAssociation - sub BDA is:ied1lDevice1/DSCH1.SchdAbsTm.val(56): 0.0
21:48:07.006 [openiec61850-osi-server-3-thread-1] DEBUG com.beanit.openiec61850.ServerAssociation - sub BDA is:ied1lDevice1/DSCH1.SchdAbsTm.val(57): 0.0
21:48:07.006 [openiec61850-osi-server-3-thread-1] DEBUG com.beanit.openiec61850.ServerAssociation - sub BDA is:ied1lDevice1/DSCH1.SchdAbsTm.val(58): 0.0
21:48:07.006 [openiec61850-osi-server-3-thread-1] DEBUG com.beanit.openiec61850.ServerAssociation - sub BDA is:ied1lDevice1/DSCH1.SchdAbsTm.val(59): 0.0
21:48:07.006 [openiec61850-osi-server-3-thread-1] DEBUG com.beanit.openiec61850.ServerAssociation - sub BDA is:ied1lDevice1/DSCH1.SchdAbsTm.val(60): 0.0
21:48:07.006 [openiec61850-osi-server-3-thread-1] DEBUG com.beanit.openiec61850.ServerAssociation - sub BDA is:ied1lDevice1/DSCH1.SchdAbsTm.val(61): 0.0
21:48:07.006 [openiec61850-osi-server-3-thread-1] DEBUG com.beanit.openiec61850.ServerAssociation - sub BDA is:ied1lDevice1/DSCH1.SchdAbsTm.val(62): 0.0
21:48:07.006 [openiec61850-osi-server-3-thread-1] DEBUG com.beanit.openiec61850.ServerAssociation - sub BDA is:ied1lDevice1/DSCH1.SchdAbsTm.val(63): 0.0
21:48:07.006 [openiec61850-osi-server-3-thread-1] DEBUG com.beanit.openiec61850.ServerAssociation - sub BDA is:ied1lDevice1/DSCH1.SchdAbsTm.val(64): 0.0
21:48:07.006 [openiec61850-osi-server-3-thread-1] DEBUG com.beanit.openiec61850.ServerAssociation - sub BDA is:ied1lDevice1/DSCH1.SchdAbsTm.val(65): 0.0
21:48:07.006 [openiec61850-osi-server-3-thread-1] DEBUG com.beanit.openiec61850.ServerAssociation - sub BDA is:ied1lDevice1/DSCH1.SchdAbsTm.val(66): 0.0
21:48:07.006 [openiec61850-osi-server-3-thread-1] DEBUG com.beanit.openiec61850.ServerAssociation - sub BDA is:ied1lDevice1/DSCH1.SchdAbsTm.val(67): 0.0
21:48:07.006 [openiec61850-osi-server-3-thread-1] DEBUG com.beanit.openiec61850.ServerAssociation - sub BDA is:ied1lDevice1/DSCH1.SchdAbsTm.val(68): 0.0
21:48:07.006 [openiec61850-osi-server-3-thread-1] DEBUG com.beanit.openiec61850.ServerAssociation - sub BDA is:ied1lDevice1/DSCH1.SchdAbsTm.val(69): 0.0
21:48:07.006 [openiec61850-osi-server-3-thread-1] DEBUG com.beanit.openiec61850.ServerAssociation - sub BDA is:ied1lDevice1/DSCH1.SchdAbsTm.val(70): 0.0
21:48:07.006 [openiec61850-osi-server-3-thread-1] DEBUG com.beanit.openiec61850.ServerAssociation - sub BDA is:ied1lDevice1/DSCH1.SchdAbsTm.val(71): 0.0
21:48:07.006 [openiec61850-osi-server-3-thread-1] DEBUG com.beanit.openiec61850.ServerAssociation - sub BDA is:ied1lDevice1/DSCH1.SchdAbsTm.val(72): 0.0
21:48:07.006 [openiec61850-osi-server-3-thread-1] DEBUG com.beanit.openiec61850.ServerAssociation - sub BDA is:ied1lDevice1/DSCH1.SchdAbsTm.val(73): 0.0
21:48:07.006 [openiec61850-osi-server-3-thread-1] DEBUG com.beanit.openiec61850.ServerAssociation - sub BDA is:ied1lDevice1/DSCH1.SchdAbsTm.val(74): 0.0
21:48:07.006 [openiec61850-osi-server-3-thread-1] DEBUG com.beanit.openiec61850.ServerAssociation - sub BDA is:ied1lDevice1/DSCH1.SchdAbsTm.val(75): 0.0
21:48:07.006 [openiec61850-osi-server-3-thread-1] DEBUG com.beanit.openiec61850.ServerAssociation - sub BDA is:ied1lDevice1/DSCH1.SchdAbsTm.val(76): 0.0
21:48:07.006 [openiec61850-osi-server-3-thread-1] DEBUG com.beanit.openiec61850.ServerAssociation - sub BDA is:ied1lDevice1/DSCH1.SchdAbsTm.val(77): 0.0
21:48:07.006 [openiec61850-osi-server-3-thread-1] DEBUG com.beanit.openiec61850.ServerAssociation - sub BDA is:ied1lDevice1/DSCH1.SchdAbsTm.val(78): 0.0
21:48:07.006 [openiec61850-osi-server-3-thread-1] DEBUG com.beanit.openiec61850.ServerAssociation - sub BDA is:ied1lDevice1/DSCH1.SchdAbsTm.val(79): 0.0
21:48:07.006 [openiec61850-osi-server-3-thread-1] DEBUG com.beanit.openiec61850.ServerAssociation - sub BDA is:ied1lDevice1/DSCH1.SchdAbsTm.val(80): 0.0
21:48:07.006 [openiec61850-osi-server-3-thread-1] DEBUG com.beanit.openiec61850.ServerAssociation - sub BDA is:ied1lDevice1/DSCH1.SchdAbsTm.val(81): 0.0
21:48:07.006 [openiec61850-osi-server-3-thread-1] DEBUG com.beanit.openiec61850.ServerAssociation - sub BDA is:ied1lDevice1/DSCH1.SchdAbsTm.val(82): 0.0
21:48:07.006 [openiec61850-osi-server-3-thread-1] DEBUG com.beanit.openiec61850.ServerAssociation - sub BDA is:ied1lDevice1/DSCH1.SchdAbsTm.val(83): 0.0
21:48:07.006 [openiec61850-osi-server-3-thread-1] DEBUG com.beanit.openiec61850.ServerAssociation - sub BDA is:ied1lDevice1/DSCH1.SchdAbsTm.val(84): 0.0
21:48:07.006 [openiec61850-osi-server-3-thread-1] DEBUG com.beanit.openiec61850.ServerAssociation - sub BDA is:ied1lDevice1/DSCH1.SchdAbsTm.val(85): 0.0
21:48:07.006 [openiec61850-osi-server-3-thread-1] DEBUG com.beanit.openiec61850.ServerAssociation - sub BDA is:ied1lDevice1/DSCH1.SchdAbsTm.val(86): 0.0
21:48:07.006 [openiec61850-osi-server-3-thread-1] DEBUG com.beanit.openiec61850.ServerAssociation - sub BDA is:ied1lDevice1/DSCH1.SchdAbsTm.val(87): 0.0
21:48:07.006 [openiec61850-osi-server-3-thread-1] DEBUG com.beanit.openiec61850.ServerAssociation - sub BDA is:ied1lDevice1/DSCH1.SchdAbsTm.val(88): 0.0
21:48:07.006 [openiec61850-osi-server-3-thread-1] DEBUG com.beanit.openiec61850.ServerAssociation - sub BDA is:ied1lDevice1/DSCH1.SchdAbsTm.val(89): 0.0
21:48:07.006 [openiec61850-osi-server-3-thread-1] DEBUG com.beanit.openiec61850.ServerAssociation - sub BDA is:ied1lDevice1/DSCH1.SchdAbsTm.val(90): 0.0
21:48:07.006 [openiec61850-osi-server-3-thread-1] DEBUG com.beanit.openiec61850.ServerAssociation - sub BDA is:ied1lDevice1/DSCH1.SchdAbsTm.val(91): 0.0
21:48:07.006 [openiec61850-osi-server-3-thread-1] DEBUG com.beanit.openiec61850.ServerAssociation - sub BDA is:ied1lDevice1/DSCH1.SchdAbsTm.val(92): 0.0
21:48:07.006 [openiec61850-osi-server-3-thread-1] DEBUG com.beanit.openiec61850.ServerAssociation - sub BDA is:ied1lDevice1/DSCH1.SchdAbsTm.val(93): 0.0
21:48:07.006 [openiec61850-osi-server-3-thread-1] DEBUG com.beanit.openiec61850.ServerAssociation - sub BDA is:ied1lDevice1/DSCH1.SchdAbsTm.val(94): 0.0
21:48:07.006 [openiec61850-osi-server-3-thread-1] DEBUG com.beanit.openiec61850.ServerAssociation - sub BDA is:ied1lDevice1/DSCH1.SchdAbsTm.val(95): 0.0
21:48:07.006 [openiec61850-osi-server-3-thread-1] DEBUG com.beanit.openiec61850.ServerAssociation - sub BDA is:ied1lDevice1/DSCH1.SchdAbsTm.val(96): 0.0
21:48:07.006 [openiec61850-osi-server-3-thread-1] DEBUG com.beanit.openiec61850.ServerAssociation - sub BDA is:ied1lDevice1/DSCH1.SchdAbsTm.val(97): 0.0
21:48:07.006 [openiec61850-osi-server-3-thread-1] DEBUG com.beanit.openiec61850.ServerAssociation - sub BDA is:ied1lDevice1/DSCH1.SchdAbsTm.val(98): 0.0
21:48:07.006 [openiec61850-osi-server-3-thread-1] DEBUG com.beanit.openiec61850.ServerAssociation - sub BDA is:ied1lDevice1/DSCH1.SchdAbsTm.val(99): 0.0
21:48:07.006 [openiec61850-osi-server-3-thread-1] DEBUG com.beanit.openiec61850.ServerAssociation - sub BDA is:ied1lDevice1/DSCH1.SchdAbsTm.val(100): 0.0
21:48:07.006 [openiec61850-osi-server-3-thread-1] DEBUG com.beanit.openiec61850.ServerAssociation - sub BDA is:ied1lDevice1/DSCH1.SchdAbsTm.val(101): 0.0
21:48:07.006 [openiec61850-osi-server-3-thread-1] DEBUG com.beanit.openiec61850.ServerAssociation - sub BDA is:ied1lDevice1/DSCH1.SchdAbsTm.val(102): 0.0
21:48:07.006 [openiec61850-osi-server-3-thread-1] DEBUG com.beanit.openiec61850.ServerAssociation - sub BDA is:ied1lDevice1/DSCH1.SchdAbsTm.val(103): 0.0
21:48:07.006 [openiec61850-osi-server-3-thread-1] DEBUG com.beanit.openiec61850.ServerAssociation - sub BDA is:ied1lDevice1/DSCH1.SchdAbsTm.val(104): 0.0
21:48:07.006 [openiec61850-osi-server-3-thread-1] DEBUG com.beanit.openiec61850.ServerAssociation - sub BDA is:ied1lDevice1/DSCH1.SchdAbsTm.val(105): 0.0
21:48:07.006 [openiec61850-osi-server-3-thread-1] DEBUG com.beanit.openiec61850.ServerAssociation - sub BDA is:ied1lDevice1/DSCH1.SchdAbsTm.val(106): 0.0
21:48:07.007 [openiec61850-osi-server-3-thread-1] DEBUG com.beanit.openiec61850.ServerAssociation - sub BDA is:ied1lDevice1/DSCH1.SchdAbsTm.val(107): 0.0
21:48:07.007 [openiec61850-osi-server-3-thread-1] DEBUG com.beanit.openiec61850.ServerAssociation - sub BDA is:ied1lDevice1/DSCH1.SchdAbsTm.val(108): 0.0
21:48:07.007 [openiec61850-osi-server-3-thread-1] DEBUG com.beanit.openiec61850.ServerAssociation - sub BDA is:ied1lDevice1/DSCH1.SchdAbsTm.val(109): 0.0
21:48:07.007 [openiec61850-osi-server-3-thread-1] DEBUG com.beanit.openiec61850.ServerAssociation - sub BDA is:ied1lDevice1/DSCH1.SchdAbsTm.val(110): 0.0
21:48:07.007 [openiec61850-osi-server-3-thread-1] DEBUG com.beanit.openiec61850.ServerAssociation - sub BDA is:ied1lDevice1/DSCH1.SchdAbsTm.val(111): 0.0
21:48:07.007 [openiec61850-osi-server-3-thread-1] DEBUG com.beanit.openiec61850.ServerAssociation - sub BDA is:ied1lDevice1/DSCH1.SchdAbsTm.val(112): 0.0
21:48:07.007 [openiec61850-osi-server-3-thread-1] DEBUG com.beanit.openiec61850.ServerAssociation - sub BDA is:ied1lDevice1/DSCH1.SchdAbsTm.val(113): 0.0
21:48:07.007 [openiec61850-osi-server-3-thread-1] DEBUG com.beanit.openiec61850.ServerAssociation - sub BDA is:ied1lDevice1/DSCH1.SchdAbsTm.val(114): 0.0
21:48:07.007 [openiec61850-osi-server-3-thread-1] DEBUG com.beanit.openiec61850.ServerAssociation - sub BDA is:ied1lDevice1/DSCH1.SchdAbsTm.val(115): 0.0
21:48:07.007 [openiec61850-osi-server-3-thread-1] DEBUG com.beanit.openiec61850.ServerAssociation - sub BDA is:ied1lDevice1/DSCH1.SchdAbsTm.val(116): 0.0
21:48:07.007 [openiec61850-osi-server-3-thread-1] DEBUG com.beanit.openiec61850.ServerAssociation - sub BDA is:ied1lDevice1/DSCH1.SchdAbsTm.val(117): 0.0
21:48:07.007 [openiec61850-osi-server-3-thread-1] DEBUG com.beanit.openiec61850.ServerAssociation - sub BDA is:ied1lDevice1/DSCH1.SchdAbsTm.val(118): 0.0
21:48:07.007 [openiec61850-osi-server-3-thread-1] DEBUG com.beanit.openiec61850.ServerAssociation - sub BDA is:ied1lDevice1/DSCH1.SchdAbsTm.val(119): 0.0
21:48:07.007 [openiec61850-osi-server-3-thread-1] DEBUG com.beanit.openiec61850.ServerAssociation - sub BDA is:ied1lDevice1/DSCH1.SchdAbsTm.val(120): 0.0
21:48:07.007 [openiec61850-osi-server-3-thread-1] DEBUG com.beanit.openiec61850.ServerAssociation - sub BDA is:ied1lDevice1/DSCH1.SchdAbsTm.val(121): 0.0
21:48:07.007 [openiec61850-osi-server-3-thread-1] DEBUG com.beanit.openiec61850.ServerAssociation - sub BDA is:ied1lDevice1/DSCH1.SchdAbsTm.val(122): 0.0
21:48:07.007 [openiec61850-osi-server-3-thread-1] DEBUG com.beanit.openiec61850.ServerAssociation - sub BDA is:ied1lDevice1/DSCH1.SchdAbsTm.val(123): 0.0
21:48:07.007 [openiec61850-osi-server-3-thread-1] DEBUG com.beanit.openiec61850.ServerAssociation - sub BDA is:ied1lDevice1/DSCH1.SchdAbsTm.val(124): 0.0
21:48:07.007 [openiec61850-osi-server-3-thread-1] DEBUG com.beanit.openiec61850.ServerAssociation - sub BDA is:ied1lDevice1/DSCH1.SchdAbsTm.val(125): 0.0
21:48:07.007 [openiec61850-osi-server-3-thread-1] DEBUG com.beanit.openiec61850.ServerAssociation - sub BDA is:ied1lDevice1/DSCH1.SchdAbsTm.val(126): 0.0
21:48:07.007 [openiec61850-osi-server-3-thread-1] DEBUG com.beanit.openiec61850.ServerAssociation - sub BDA is:ied1lDevice1/DSCH1.SchdAbsTm.val(127): 0.0
21:48:07.007 [openiec61850-osi-server-3-thread-1] DEBUG com.beanit.openiec61850.ServerAssociation - sub BDA is:ied1lDevice1/DSCH1.SchdAbsTm.val(128): 0.0
21:48:07.007 [openiec61850-osi-server-3-thread-1] DEBUG com.beanit.openiec61850.ServerAssociation - sub BDA is:ied1lDevice1/DSCH1.SchdAbsTm.val(129): 0.0
21:48:07.007 [openiec61850-osi-server-3-thread-1] DEBUG com.beanit.openiec61850.ServerAssociation - sub BDA is:ied1lDevice1/DSCH1.SchdAbsTm.val(130): 0.0
21:48:07.007 [openiec61850-osi-server-3-thread-1] DEBUG com.beanit.openiec61850.ServerAssociation - sub BDA is:ied1lDevice1/DSCH1.SchdAbsTm.val(131): 0.0
21:48:07.007 [openiec61850-osi-server-3-thread-1] DEBUG com.beanit.openiec61850.ServerAssociation - sub BDA is:ied1lDevice1/DSCH1.SchdAbsTm.val(132): 0.0
21:48:07.007 [openiec61850-osi-server-3-thread-1] DEBUG com.beanit.openiec61850.ServerAssociation - sub BDA is:ied1lDevice1/DSCH1.SchdAbsTm.val(133): 0.0
21:48:07.007 [openiec61850-osi-server-3-thread-1] DEBUG com.beanit.openiec61850.ServerAssociation - sub BDA is:ied1lDevice1/DSCH1.SchdAbsTm.val(134): 0.0
21:48:07.007 [openiec61850-osi-server-3-thread-1] DEBUG com.beanit.openiec61850.ServerAssociation - sub BDA is:ied1lDevice1/DSCH1.SchdAbsTm.val(135): 0.0
21:48:07.007 [openiec61850-osi-server-3-thread-1] DEBUG com.beanit.openiec61850.ServerAssociation - sub BDA is:ied1lDevice1/DSCH1.SchdAbsTm.val(136): 0.0
21:48:07.007 [openiec61850-osi-server-3-thread-1] DEBUG com.beanit.openiec61850.ServerAssociation - sub BDA is:ied1lDevice1/DSCH1.SchdAbsTm.val(137): 0.0
21:48:07.007 [openiec61850-osi-server-3-thread-1] DEBUG com.beanit.openiec61850.ServerAssociation - sub BDA is:ied1lDevice1/DSCH1.SchdAbsTm.val(138): 0.0
21:48:07.007 [openiec61850-osi-server-3-thread-1] DEBUG com.beanit.openiec61850.ServerAssociation - sub BDA is:ied1lDevice1/DSCH1.SchdAbsTm.val(139): 0.0
21:48:07.007 [openiec61850-osi-server-3-thread-1] DEBUG com.beanit.openiec61850.ServerAssociation - sub BDA is:ied1lDevice1/DSCH1.SchdAbsTm.val(140): 0.0
21:48:07.007 [openiec61850-osi-server-3-thread-1] DEBUG com.beanit.openiec61850.ServerAssociation - sub BDA is:ied1lDevice1/DSCH1.SchdAbsTm.val(141): 0.0
21:48:07.007 [openiec61850-osi-server-3-thread-1] DEBUG com.beanit.openiec61850.ServerAssociation - sub BDA is:ied1lDevice1/DSCH1.SchdAbsTm.val(142): 0.0
21:48:07.007 [openiec61850-osi-server-3-thread-1] DEBUG com.beanit.openiec61850.ServerAssociation - sub BDA is:ied1lDevice1/DSCH1.SchdAbsTm.val(143): 0.0
21:48:07.007 [openiec61850-osi-server-3-thread-1] DEBUG com.beanit.openiec61850.ServerAssociation - sub BDA is:ied1lDevice1/DSCH1.SchdAbsTm.val(144): 0.0
21:48:07.007 [openiec61850-osi-server-3-thread-1] DEBUG com.beanit.openiec61850.ServerAssociation - sub BDA is:ied1lDevice1/DSCH1.SchdAbsTm.val(145): 0.0
21:48:07.007 [openiec61850-osi-server-3-thread-1] DEBUG com.beanit.openiec61850.ServerAssociation - sub BDA is:ied1lDevice1/DSCH1.SchdAbsTm.val(146): 0.0
21:48:07.007 [openiec61850-osi-server-3-thread-1] DEBUG com.beanit.openiec61850.ServerAssociation - sub BDA is:ied1lDevice1/DSCH1.SchdAbsTm.val(147): 0.0
21:48:07.007 [openiec61850-osi-server-3-thread-1] DEBUG com.beanit.openiec61850.ServerAssociation - sub BDA is:ied1lDevice1/DSCH1.SchdAbsTm.val(148): 0.0
21:48:07.007 [openiec61850-osi-server-3-thread-1] DEBUG com.beanit.openiec61850.ServerAssociation - sub BDA is:ied1lDevice1/DSCH1.SchdAbsTm.val(149): 0.0
21:48:07.007 [openiec61850-osi-server-3-thread-1] DEBUG com.beanit.openiec61850.ServerAssociation - sub BDA is:ied1lDevice1/DSCH1.SchdAbsTm.val(150): 0.0
21:48:07.007 [openiec61850-osi-server-3-thread-1] DEBUG com.beanit.openiec61850.ServerAssociation - sub BDA is:ied1lDevice1/DSCH1.SchdAbsTm.val(151): 0.0
21:48:07.007 [openiec61850-osi-server-3-thread-1] DEBUG com.beanit.openiec61850.ServerAssociation - sub BDA is:ied1lDevice1/DSCH1.SchdAbsTm.val(152): 0.0
21:48:07.007 [openiec61850-osi-server-3-thread-1] DEBUG com.beanit.openiec61850.ServerAssociation - sub BDA is:ied1lDevice1/DSCH1.SchdAbsTm.val(153): 0.0
21:48:07.007 [openiec61850-osi-server-3-thread-1] DEBUG com.beanit.openiec61850.ServerAssociation - sub BDA is:ied1lDevice1/DSCH1.SchdAbsTm.val(154): 0.0
21:48:07.007 [openiec61850-osi-server-3-thread-1] DEBUG com.beanit.openiec61850.ServerAssociation - sub BDA is:ied1lDevice1/DSCH1.SchdAbsTm.val(155): 0.0
21:48:07.007 [openiec61850-osi-server-3-thread-1] DEBUG com.beanit.openiec61850.ServerAssociation - sub BDA is:ied1lDevice1/DSCH1.SchdAbsTm.val(156): 0.0
21:48:07.008 [openiec61850-osi-server-3-thread-1] DEBUG com.beanit.openiec61850.ServerAssociation - sub BDA is:ied1lDevice1/DSCH1.SchdAbsTm.val(157): 0.0
21:48:07.008 [openiec61850-osi-server-3-thread-1] DEBUG com.beanit.openiec61850.ServerAssociation - sub BDA is:ied1lDevice1/DSCH1.SchdAbsTm.val(158): 0.0
21:48:07.008 [openiec61850-osi-server-3-thread-1] DEBUG com.beanit.openiec61850.ServerAssociation - sub BDA is:ied1lDevice1/DSCH1.SchdAbsTm.val(159): 0.0
21:48:07.008 [openiec61850-osi-server-3-thread-1] DEBUG com.beanit.openiec61850.ServerAssociation - sub BDA is:ied1lDevice1/DSCH1.SchdAbsTm.val(160): 0.0
21:48:07.008 [openiec61850-osi-server-3-thread-1] DEBUG com.beanit.openiec61850.ServerAssociation - sub BDA is:ied1lDevice1/DSCH1.SchdAbsTm.val(161): 0.0
21:48:07.008 [openiec61850-osi-server-3-thread-1] DEBUG com.beanit.openiec61850.ServerAssociation - sub BDA is:ied1lDevice1/DSCH1.SchdAbsTm.val(162): 0.0
21:48:07.008 [openiec61850-osi-server-3-thread-1] DEBUG com.beanit.openiec61850.ServerAssociation - sub BDA is:ied1lDevice1/DSCH1.SchdAbsTm.val(163): 0.0
21:48:07.008 [openiec61850-osi-server-3-thread-1] DEBUG com.beanit.openiec61850.ServerAssociation - sub BDA is:ied1lDevice1/DSCH1.SchdAbsTm.val(164): 0.0
21:48:07.008 [openiec61850-osi-server-3-thread-1] DEBUG com.beanit.openiec61850.ServerAssociation - sub BDA is:ied1lDevice1/DSCH1.SchdAbsTm.val(165): 0.0
21:48:07.008 [openiec61850-osi-server-3-thread-1] DEBUG com.beanit.openiec61850.ServerAssociation - sub BDA is:ied1lDevice1/DSCH1.SchdAbsTm.val(166): 0.0
21:48:07.008 [openiec61850-osi-server-3-thread-1] DEBUG com.beanit.openiec61850.ServerAssociation - sub BDA is:ied1lDevice1/DSCH1.SchdAbsTm.val(167): 0.0
21:48:07.008 [openiec61850-osi-server-3-thread-1] DEBUG com.beanit.openiec61850.ServerAssociation - sub BDA is:ied1lDevice1/DSCH1.SchdAbsTm.val(168): 0.0
21:48:07.008 [openiec61850-osi-server-3-thread-1] DEBUG com.beanit.openiec61850.ServerAssociation - sub BDA is:ied1lDevice1/DSCH1.SchdAbsTm.val(169): 0.0
21:48:07.008 [openiec61850-osi-server-3-thread-1] DEBUG com.beanit.openiec61850.ServerAssociation - sub BDA is:ied1lDevice1/DSCH1.SchdAbsTm.val(170): 0.0
21:48:07.008 [openiec61850-osi-server-3-thread-1] DEBUG com.beanit.openiec61850.ServerAssociation - sub BDA is:ied1lDevice1/DSCH1.SchdAbsTm.val(171): 0.0
21:48:07.008 [openiec61850-osi-server-3-thread-1] DEBUG com.beanit.openiec61850.ServerAssociation - sub BDA is:ied1lDevice1/DSCH1.SchdAbsTm.val(172): 0.0
21:48:07.008 [openiec61850-osi-server-3-thread-1] DEBUG com.beanit.openiec61850.ServerAssociation - sub BDA is:ied1lDevice1/DSCH1.SchdAbsTm.val(173): 0.0
21:48:07.008 [openiec61850-osi-server-3-thread-1] DEBUG com.beanit.openiec61850.ServerAssociation - sub BDA is:ied1lDevice1/DSCH1.SchdAbsTm.val(174): 0.0
21:48:07.008 [openiec61850-osi-server-3-thread-1] DEBUG com.beanit.openiec61850.ServerAssociation - sub BDA is:ied1lDevice1/DSCH1.SchdAbsTm.val(175): 0.0
21:48:07.008 [openiec61850-osi-server-3-thread-1] DEBUG com.beanit.openiec61850.ServerAssociation - sub BDA is:ied1lDevice1/DSCH1.SchdAbsTm.val(176): 0.0
21:48:07.008 [openiec61850-osi-server-3-thread-1] DEBUG com.beanit.openiec61850.ServerAssociation - sub BDA is:ied1lDevice1/DSCH1.SchdAbsTm.val(177): 0.0
21:48:07.008 [openiec61850-osi-server-3-thread-1] DEBUG com.beanit.openiec61850.ServerAssociation - sub BDA is:ied1lDevice1/DSCH1.SchdAbsTm.val(178): 0.0
21:48:07.008 [openiec61850-osi-server-3-thread-1] DEBUG com.beanit.openiec61850.ServerAssociation - sub BDA is:ied1lDevice1/DSCH1.SchdAbsTm.val(179): 0.0
21:48:07.008 [openiec61850-osi-server-3-thread-1] DEBUG com.beanit.openiec61850.ServerAssociation - sub BDA is:ied1lDevice1/DSCH1.SchdAbsTm.val(180): 0.0
21:48:07.008 [openiec61850-osi-server-3-thread-1] DEBUG com.beanit.openiec61850.ServerAssociation - sub BDA is:ied1lDevice1/DSCH1.SchdAbsTm.val(181): 0.0
21:48:07.008 [openiec61850-osi-server-3-thread-1] DEBUG com.beanit.openiec61850.ServerAssociation - sub BDA is:ied1lDevice1/DSCH1.SchdAbsTm.val(182): 0.0
21:48:07.008 [openiec61850-osi-server-3-thread-1] DEBUG com.beanit.openiec61850.ServerAssociation - sub BDA is:ied1lDevice1/DSCH1.SchdAbsTm.val(183): 0.0
21:48:07.008 [openiec61850-osi-server-3-thread-1] DEBUG com.beanit.openiec61850.ServerAssociation - sub BDA is:ied1lDevice1/DSCH1.SchdAbsTm.val(184): 0.0
21:48:07.008 [openiec61850-osi-server-3-thread-1] DEBUG com.beanit.openiec61850.ServerAssociation - sub BDA is:ied1lDevice1/DSCH1.SchdAbsTm.val(185): 0.0
21:48:07.008 [openiec61850-osi-server-3-thread-1] DEBUG com.beanit.openiec61850.ServerAssociation - sub BDA is:ied1lDevice1/DSCH1.SchdAbsTm.val(186): 0.0
21:48:07.008 [openiec61850-osi-server-3-thread-1] DEBUG com.beanit.openiec61850.ServerAssociation - sub BDA is:ied1lDevice1/DSCH1.SchdAbsTm.val(187): 0.0
21:48:07.008 [openiec61850-osi-server-3-thread-1] DEBUG com.beanit.openiec61850.ServerAssociation - sub BDA is:ied1lDevice1/DSCH1.SchdAbsTm.val(188): 0.0
21:48:07.008 [openiec61850-osi-server-3-thread-1] DEBUG com.beanit.openiec61850.ServerAssociation - sub BDA is:ied1lDevice1/DSCH1.SchdAbsTm.val(189): 0.0
21:48:07.008 [openiec61850-osi-server-3-thread-1] DEBUG com.beanit.openiec61850.ServerAssociation - sub BDA is:ied1lDevice1/DSCH1.SchdAbsTm.val(190): 0.0
21:48:07.008 [openiec61850-osi-server-3-thread-1] DEBUG com.beanit.openiec61850.ServerAssociation - sub BDA is:ied1lDevice1/DSCH1.SchdAbsTm.val(191): 0.0
21:48:07.008 [openiec61850-osi-server-3-thread-1] DEBUG com.beanit.openiec61850.ServerAssociation - sub BDA is:ied1lDevice1/DSCH1.SchdAbsTm.val(192): 0.0
21:48:07.008 [openiec61850-osi-server-3-thread-1] DEBUG com.beanit.openiec61850.ServerAssociation - sub BDA is:ied1lDevice1/DSCH1.SchdAbsTm.val(193): 0.0
21:48:07.008 [openiec61850-osi-server-3-thread-1] DEBUG com.beanit.openiec61850.ServerAssociation - sub BDA is:ied1lDevice1/DSCH1.SchdAbsTm.val(194): 0.0
21:48:07.008 [openiec61850-osi-server-3-thread-1] DEBUG com.beanit.openiec61850.ServerAssociation - sub BDA is:ied1lDevice1/DSCH1.SchdAbsTm.val(195): 0.0
21:48:07.008 [openiec61850-osi-server-3-thread-1] DEBUG com.beanit.openiec61850.ServerAssociation - sub BDA is:ied1lDevice1/DSCH1.SchdAbsTm.val(196): 0.0
21:48:07.008 [openiec61850-osi-server-3-thread-1] DEBUG com.beanit.openiec61850.ServerAssociation - sub BDA is:ied1lDevice1/DSCH1.SchdAbsTm.val(197): 0.0
21:48:07.008 [openiec61850-osi-server-3-thread-1] DEBUG com.beanit.openiec61850.ServerAssociation - sub BDA is:ied1lDevice1/DSCH1.SchdAbsTm.val(198): 0.0
21:48:07.008 [openiec61850-osi-server-3-thread-1] DEBUG com.beanit.openiec61850.ServerAssociation - sub BDA is:ied1lDevice1/DSCH1.SchdAbsTm.val(199): 0.0
21:48:07.008 [openiec61850-osi-server-3-thread-1] DEBUG com.beanit.openiec61850.ServerAssociation - sub BDA is:ied1lDevice1/DSCH1.SchdAbsTm.val(200): 0.0
21:48:07.008 [openiec61850-osi-server-3-thread-1] DEBUG com.beanit.openiec61850.ServerAssociation - sub BDA is:ied1lDevice1/DSCH1.SchdAbsTm.val(201): 0.0
21:48:07.008 [openiec61850-osi-server-3-thread-1] DEBUG com.beanit.openiec61850.ServerAssociation - sub BDA is:ied1lDevice1/DSCH1.SchdAbsTm.val(202): 0.0
21:48:07.008 [openiec61850-osi-server-3-thread-1] DEBUG com.beanit.openiec61850.ServerAssociation - sub BDA is:ied1lDevice1/DSCH1.SchdAbsTm.val(203): 0.0
21:48:07.008 [openiec61850-osi-server-3-thread-1] DEBUG com.beanit.openiec61850.ServerAssociation - sub BDA is:ied1lDevice1/DSCH1.SchdAbsTm.val(204): 0.0
21:48:07.008 [openiec61850-osi-server-3-thread-1] DEBUG com.beanit.openiec61850.ServerAssociation - sub BDA is:ied1lDevice1/DSCH1.SchdAbsTm.val(205): 0.0
21:48:07.008 [openiec61850-osi-server-3-thread-1] DEBUG com.beanit.openiec61850.ServerAssociation - sub BDA is:ied1lDevice1/DSCH1.SchdAbsTm.val(206): 0.0
21:48:07.008 [openiec61850-osi-server-3-thread-1] DEBUG com.beanit.openiec61850.ServerAssociation - sub BDA is:ied1lDevice1/DSCH1.SchdAbsTm.val(207): 0.0
21:48:07.008 [openiec61850-osi-server-3-thread-1] DEBUG com.beanit.openiec61850.ServerAssociation - sub BDA is:ied1lDevice1/DSCH1.SchdAbsTm.val(208): 0.0
21:48:07.008 [openiec61850-osi-server-3-thread-1] DEBUG com.beanit.openiec61850.ServerAssociation - sub BDA is:ied1lDevice1/DSCH1.SchdAbsTm.val(209): 0.0
21:48:07.008 [openiec61850-osi-server-3-thread-1] DEBUG com.beanit.openiec61850.ServerAssociation - sub BDA is:ied1lDevice1/DSCH1.SchdAbsTm.val(210): 0.0
21:48:07.008 [openiec61850-osi-server-3-thread-1] DEBUG com.beanit.openiec61850.ServerAssociation - sub BDA is:ied1lDevice1/DSCH1.SchdAbsTm.val(211): 0.0
21:48:07.008 [openiec61850-osi-server-3-thread-1] DEBUG com.beanit.openiec61850.ServerAssociation - sub BDA is:ied1lDevice1/DSCH1.SchdAbsTm.val(212): 0.0
21:48:07.008 [openiec61850-osi-server-3-thread-1] DEBUG com.beanit.openiec61850.ServerAssociation - sub BDA is:ied1lDevice1/DSCH1.SchdAbsTm.val(213): 0.0
21:48:07.008 [openiec61850-osi-server-3-thread-1] DEBUG com.beanit.openiec61850.ServerAssociation - sub BDA is:ied1lDevice1/DSCH1.SchdAbsTm.val(214): 0.0
21:48:07.008 [openiec61850-osi-server-3-thread-1] DEBUG com.beanit.openiec61850.ServerAssociation - sub BDA is:ied1lDevice1/DSCH1.SchdAbsTm.val(215): 0.0
21:48:07.009 [openiec61850-osi-server-3-thread-1] DEBUG com.beanit.openiec61850.ServerAssociation - sub BDA is:ied1lDevice1/DSCH1.SchdAbsTm.val(216): 0.0
21:48:07.009 [openiec61850-osi-server-3-thread-1] DEBUG com.beanit.openiec61850.ServerAssociation - sub BDA is:ied1lDevice1/DSCH1.SchdAbsTm.val(217): 0.0
21:48:07.009 [openiec61850-osi-server-3-thread-1] DEBUG com.beanit.openiec61850.ServerAssociation - sub BDA is:ied1lDevice1/DSCH1.SchdAbsTm.val(218): 0.0
21:48:07.009 [openiec61850-osi-server-3-thread-1] DEBUG com.beanit.openiec61850.ServerAssociation - sub BDA is:ied1lDevice1/DSCH1.SchdAbsTm.val(219): 0.0
21:48:07.009 [openiec61850-osi-server-3-thread-1] DEBUG com.beanit.openiec61850.ServerAssociation - sub BDA is:ied1lDevice1/DSCH1.SchdAbsTm.val(220): 0.0
21:48:07.009 [openiec61850-osi-server-3-thread-1] DEBUG com.beanit.openiec61850.ServerAssociation - sub BDA is:ied1lDevice1/DSCH1.SchdAbsTm.val(221): 0.0
21:48:07.009 [openiec61850-osi-server-3-thread-1] DEBUG com.beanit.openiec61850.ServerAssociation - sub BDA is:ied1lDevice1/DSCH1.SchdAbsTm.val(222): 0.0
21:48:07.009 [openiec61850-osi-server-3-thread-1] DEBUG com.beanit.openiec61850.ServerAssociation - sub BDA is:ied1lDevice1/DSCH1.SchdAbsTm.val(223): 0.0
21:48:07.009 [openiec61850-osi-server-3-thread-1] DEBUG com.beanit.openiec61850.ServerAssociation - sub BDA is:ied1lDevice1/DSCH1.SchdAbsTm.val(224): 0.0
21:48:07.009 [openiec61850-osi-server-3-thread-1] DEBUG com.beanit.openiec61850.ServerAssociation - sub BDA is:ied1lDevice1/DSCH1.SchdAbsTm.val(225): 0.0
21:48:07.009 [openiec61850-osi-server-3-thread-1] DEBUG com.beanit.openiec61850.ServerAssociation - sub BDA is:ied1lDevice1/DSCH1.SchdAbsTm.val(226): 0.0
21:48:07.009 [openiec61850-osi-server-3-thread-1] DEBUG com.beanit.openiec61850.ServerAssociation - sub BDA is:ied1lDevice1/DSCH1.SchdAbsTm.val(227): 0.0
21:48:07.009 [openiec61850-osi-server-3-thread-1] DEBUG com.beanit.openiec61850.ServerAssociation - sub BDA is:ied1lDevice1/DSCH1.SchdAbsTm.val(228): 0.0
21:48:07.009 [openiec61850-osi-server-3-thread-1] DEBUG com.beanit.openiec61850.ServerAssociation - sub BDA is:ied1lDevice1/DSCH1.SchdAbsTm.val(229): 0.0
21:48:07.009 [openiec61850-osi-server-3-thread-1] DEBUG com.beanit.openiec61850.ServerAssociation - sub BDA is:ied1lDevice1/DSCH1.SchdAbsTm.val(230): 0.0
21:48:07.009 [openiec61850-osi-server-3-thread-1] DEBUG com.beanit.openiec61850.ServerAssociation - sub BDA is:ied1lDevice1/DSCH1.SchdAbsTm.val(231): 0.0
21:48:07.009 [openiec61850-osi-server-3-thread-1] DEBUG com.beanit.openiec61850.ServerAssociation - sub BDA is:ied1lDevice1/DSCH1.SchdAbsTm.val(232): 0.0
21:48:07.009 [openiec61850-osi-server-3-thread-1] DEBUG com.beanit.openiec61850.ServerAssociation - sub BDA is:ied1lDevice1/DSCH1.SchdAbsTm.val(233): 0.0
21:48:07.009 [openiec61850-osi-server-3-thread-1] DEBUG com.beanit.openiec61850.ServerAssociation - sub BDA is:ied1lDevice1/DSCH1.SchdAbsTm.val(234): 0.0
21:48:07.009 [openiec61850-osi-server-3-thread-1] DEBUG com.beanit.openiec61850.ServerAssociation - sub BDA is:ied1lDevice1/DSCH1.SchdAbsTm.val(235): 0.0
21:48:07.009 [openiec61850-osi-server-3-thread-1] DEBUG com.beanit.openiec61850.ServerAssociation - sub BDA is:ied1lDevice1/DSCH1.SchdAbsTm.val(236): 0.0
21:48:07.009 [openiec61850-osi-server-3-thread-1] DEBUG com.beanit.openiec61850.ServerAssociation - sub BDA is:ied1lDevice1/DSCH1.SchdAbsTm.val(237): 0.0
21:48:07.009 [openiec61850-osi-server-3-thread-1] DEBUG com.beanit.openiec61850.ServerAssociation - sub BDA is:ied1lDevice1/DSCH1.SchdAbsTm.val(238): 0.0
21:48:07.009 [openiec61850-osi-server-3-thread-1] DEBUG com.beanit.openiec61850.ServerAssociation - sub BDA is:ied1lDevice1/DSCH1.SchdAbsTm.val(239): 0.0
21:48:07.009 [openiec61850-osi-server-3-thread-1] DEBUG com.beanit.openiec61850.ServerAssociation - sub BDA is:ied1lDevice1/DSCH1.SchdAbsTm.val(240): 0.0
21:48:07.009 [openiec61850-osi-server-3-thread-1] DEBUG com.beanit.openiec61850.ServerAssociation - sub BDA is:ied1lDevice1/DSCH1.SchdAbsTm.val(241): 0.0
21:48:07.009 [openiec61850-osi-server-3-thread-1] DEBUG com.beanit.openiec61850.ServerAssociation - sub BDA is:ied1lDevice1/DSCH1.SchdAbsTm.val(242): 0.0
21:48:07.009 [openiec61850-osi-server-3-thread-1] DEBUG com.beanit.openiec61850.ServerAssociation - sub BDA is:ied1lDevice1/DSCH1.SchdAbsTm.val(243): 0.0
21:48:07.009 [openiec61850-osi-server-3-thread-1] DEBUG com.beanit.openiec61850.ServerAssociation - sub BDA is:ied1lDevice1/DSCH1.SchdAbsTm.val(244): 0.0
21:48:07.009 [openiec61850-osi-server-3-thread-1] DEBUG com.beanit.openiec61850.ServerAssociation - sub BDA is:ied1lDevice1/DSCH1.SchdAbsTm.val(245): 0.0
21:48:07.009 [openiec61850-osi-server-3-thread-1] DEBUG com.beanit.openiec61850.ServerAssociation - sub BDA is:ied1lDevice1/DSCH1.SchdAbsTm.val(246): 0.0
21:48:07.009 [openiec61850-osi-server-3-thread-1] DEBUG com.beanit.openiec61850.ServerAssociation - sub BDA is:ied1lDevice1/DSCH1.SchdAbsTm.val(247): 0.0
21:48:07.009 [openiec61850-osi-server-3-thread-1] DEBUG com.beanit.openiec61850.ServerAssociation - sub BDA is:ied1lDevice1/DSCH1.SchdAbsTm.val(248): 0.0
21:48:07.009 [openiec61850-osi-server-3-thread-1] DEBUG com.beanit.openiec61850.ServerAssociation - sub BDA is:ied1lDevice1/DSCH1.SchdAbsTm.val(249): 0.0
21:48:07.009 [openiec61850-osi-server-3-thread-1] DEBUG com.beanit.openiec61850.ServerAssociation - sub BDA is:ied1lDevice1/DSCH1.SchdAbsTm.val(250): 0.0
21:48:07.009 [openiec61850-osi-server-3-thread-1] DEBUG com.beanit.openiec61850.ServerAssociation - sub BDA is:ied1lDevice1/DSCH1.SchdAbsTm.val(251): 0.0
21:48:07.009 [openiec61850-osi-server-3-thread-1] DEBUG com.beanit.openiec61850.ServerAssociation - sub BDA is:ied1lDevice1/DSCH1.SchdAbsTm.val(252): 0.0
21:48:07.009 [openiec61850-osi-server-3-thread-1] DEBUG com.beanit.openiec61850.ServerAssociation - sub BDA is:ied1lDevice1/DSCH1.SchdAbsTm.val(253): 0.0
21:48:07.009 [openiec61850-osi-server-3-thread-1] DEBUG com.beanit.openiec61850.ServerAssociation - sub BDA is:ied1lDevice1/DSCH1.SchdAbsTm.val(254): 0.0
calling GetDataValues(ied1lDevice1/DSCH1.SchdAbsTm.val(0))
21:48:07.013 [openiec61850-osi-server-3-thread-1] DEBUG com.beanit.openiec61850.ServerAssociation - Got a GetDataValues request for node: ied1lDevice1/DSCH1.SchdAbsTm.val(0): 0.0
calling GetDataValues(ied1lDevice1/DSCH1.SchdAbsTm.val(1))
21:48:07.014 [openiec61850-osi-server-3-thread-1] DEBUG com.beanit.openiec61850.ServerAssociation - Got a GetDataValues request for node: ied1lDevice1/DSCH1.SchdAbsTm.val(1): 0.0
calling GetDataValues(ied1lDevice1/DSCH1.SchdAbsTm.val(2))
21:48:07.014 [openiec61850-osi-server-3-thread-1] DEBUG com.beanit.openiec61850.ServerAssociation - Got a GetDataValues request for node: ied1lDevice1/DSCH1.SchdAbsTm.val(2): 0.0
calling GetDataValues(ied1lDevice1/DSCH1.SchdAbsTm.val(3))
21:48:07.014 [openiec61850-osi-server-3-thread-1] DEBUG com.beanit.openiec61850.ServerAssociation - Got a GetDataValues request for node: ied1lDevice1/DSCH1.SchdAbsTm.val(3): 0.0
calling GetDataValues(ied1lDevice1/DSCH1.SchdAbsTm.val(4))
21:48:07.015 [openiec61850-osi-server-3-thread-1] DEBUG com.beanit.openiec61850.ServerAssociation - Got a GetDataValues request for node: ied1lDevice1/DSCH1.SchdAbsTm.val(4): 0.0
calling GetDataValues(ied1lDevice1/DSCH1.SchdAbsTm.val(5))
21:48:07.015 [openiec61850-osi-server-3-thread-1] DEBUG com.beanit.openiec61850.ServerAssociation - Got a GetDataValues request for node: ied1lDevice1/DSCH1.SchdAbsTm.val(5): 0.0
calling GetDataValues(ied1lDevice1/DSCH1.SchdAbsTm.val(6))
21:48:07.015 [openiec61850-osi-server-3-thread-1] DEBUG com.beanit.openiec61850.ServerAssociation - Got a GetDataValues request for node: ied1lDevice1/DSCH1.SchdAbsTm.val(6): 0.0
calling GetDataValues(ied1lDevice1/DSCH1.SchdAbsTm.val(7))
21:48:07.015 [openiec61850-osi-server-3-thread-1] DEBUG com.beanit.openiec61850.ServerAssociation - Got a GetDataValues request for node: ied1lDevice1/DSCH1.SchdAbsTm.val(7): 0.0
calling GetDataValues(ied1lDevice1/DSCH1.SchdAbsTm.val(8))
21:48:07.016 [openiec61850-osi-server-3-thread-1] DEBUG com.beanit.openiec61850.ServerAssociation - Got a GetDataValues request for node: ied1lDevice1/DSCH1.SchdAbsTm.val(8): 0.0
calling GetDataValues(ied1lDevice1/DSCH1.SchdAbsTm.val(9))
21:48:07.016 [openiec61850-osi-server-3-thread-1] DEBUG com.beanit.openiec61850.ServerAssociation - Got a GetDataValues request for node: ied1lDevice1/DSCH1.SchdAbsTm.val(9): 0.0
calling GetDataValues(ied1lDevice1/DSCH1.SchdAbsTm.val(10))
21:48:07.016 [openiec61850-osi-server-3-thread-1] DEBUG com.beanit.openiec61850.ServerAssociation - Got a GetDataValues request for node: ied1lDevice1/DSCH1.SchdAbsTm.val(10): 0.0
calling GetDataValues(ied1lDevice1/DSCH1.SchdAbsTm.val(11))
21:48:07.017 [openiec61850-osi-server-3-thread-1] DEBUG com.beanit.openiec61850.ServerAssociation - Got a GetDataValues request for node: ied1lDevice1/DSCH1.SchdAbsTm.val(11): 0.0
calling GetDataValues(ied1lDevice1/DSCH1.SchdAbsTm.val(12))
21:48:07.017 [openiec61850-osi-server-3-thread-1] DEBUG com.beanit.openiec61850.ServerAssociation - Got a GetDataValues request for node: ied1lDevice1/DSCH1.SchdAbsTm.val(12): 0.0
calling GetDataValues(ied1lDevice1/DSCH1.SchdAbsTm.val(13))
21:48:07.017 [openiec61850-osi-server-3-thread-1] DEBUG com.beanit.openiec61850.ServerAssociation - Got a GetDataValues request for node: ied1lDevice1/DSCH1.SchdAbsTm.val(13): 0.0
calling GetDataValues(ied1lDevice1/DSCH1.SchdAbsTm.val(14))
21:48:07.018 [openiec61850-osi-server-3-thread-1] DEBUG com.beanit.openiec61850.ServerAssociation - Got a GetDataValues request for node: ied1lDevice1/DSCH1.SchdAbsTm.val(14): 0.0
calling GetDataValues(ied1lDevice1/DSCH1.SchdAbsTm.val(15))
21:48:07.018 [openiec61850-osi-server-3-thread-1] DEBUG com.beanit.openiec61850.ServerAssociation - Got a GetDataValues request for node: ied1lDevice1/DSCH1.SchdAbsTm.val(15): 0.0
calling GetDataValues(ied1lDevice1/DSCH1.SchdAbsTm.val(16))
21:48:07.018 [openiec61850-osi-server-3-thread-1] DEBUG com.beanit.openiec61850.ServerAssociation - Got a GetDataValues request for node: ied1lDevice1/DSCH1.SchdAbsTm.val(16): 0.0
calling GetDataValues(ied1lDevice1/DSCH1.SchdAbsTm.val(17))
21:48:07.018 [openiec61850-osi-server-3-thread-1] DEBUG com.beanit.openiec61850.ServerAssociation - Got a GetDataValues request for node: ied1lDevice1/DSCH1.SchdAbsTm.val(17): 0.0
calling GetDataValues(ied1lDevice1/DSCH1.SchdAbsTm.val(18))
21:48:07.019 [openiec61850-osi-server-3-thread-1] DEBUG com.beanit.openiec61850.ServerAssociation - Got a GetDataValues request for node: ied1lDevice1/DSCH1.SchdAbsTm.val(18): 0.0
calling GetDataValues(ied1lDevice1/DSCH1.SchdAbsTm.val(19))
21:48:07.019 [openiec61850-osi-server-3-thread-1] DEBUG com.beanit.openiec61850.ServerAssociation - Got a GetDataValues request for node: ied1lDevice1/DSCH1.SchdAbsTm.val(19): 0.0
calling GetDataValues(ied1lDevice1/DSCH1.SchdAbsTm.val(20))
21:48:07.019 [openiec61850-osi-server-3-thread-1] DEBUG com.beanit.openiec61850.ServerAssociation - Got a GetDataValues request for node: ied1lDevice1/DSCH1.SchdAbsTm.val(20): 0.0
calling GetDataValues(ied1lDevice1/DSCH1.SchdAbsTm.val(21))
21:48:07.019 [openiec61850-osi-server-3-thread-1] DEBUG com.beanit.openiec61850.ServerAssociation - Got a GetDataValues request for node: ied1lDevice1/DSCH1.SchdAbsTm.val(21): 0.0
calling GetDataValues(ied1lDevice1/DSCH1.SchdAbsTm.val(22))
21:48:07.020 [openiec61850-osi-server-3-thread-1] DEBUG com.beanit.openiec61850.ServerAssociation - Got a GetDataValues request for node: ied1lDevice1/DSCH1.SchdAbsTm.val(22): 0.0
calling GetDataValues(ied1lDevice1/DSCH1.SchdAbsTm.val(23))
21:48:07.020 [openiec61850-osi-server-3-thread-1] DEBUG com.beanit.openiec61850.ServerAssociation - Got a GetDataValues request for node: ied1lDevice1/DSCH1.SchdAbsTm.val(23): 0.0
calling GetDataValues(ied1lDevice1/DSCH1.SchdAbsTm.val(24))
21:48:07.020 [openiec61850-osi-server-3-thread-1] DEBUG com.beanit.openiec61850.ServerAssociation - Got a GetDataValues request for node: ied1lDevice1/DSCH1.SchdAbsTm.val(24): 0.0
calling GetDataValues(ied1lDevice1/DSCH1.SchdAbsTm.val(25))
21:48:07.021 [openiec61850-osi-server-3-thread-1] DEBUG com.beanit.openiec61850.ServerAssociation - Got a GetDataValues request for node: ied1lDevice1/DSCH1.SchdAbsTm.val(25): 0.0
calling GetDataValues(ied1lDevice1/DSCH1.SchdAbsTm.val(26))
21:48:07.021 [openiec61850-osi-server-3-thread-1] DEBUG com.beanit.openiec61850.ServerAssociation - Got a GetDataValues request for node: ied1lDevice1/DSCH1.SchdAbsTm.val(26): 0.0
calling GetDataValues(ied1lDevice1/DSCH1.SchdAbsTm.val(27))
21:48:07.021 [openiec61850-osi-server-3-thread-1] DEBUG com.beanit.openiec61850.ServerAssociation - Got a GetDataValues request for node: ied1lDevice1/DSCH1.SchdAbsTm.val(27): 0.0
calling GetDataValues(ied1lDevice1/DSCH1.SchdAbsTm.val(28))
21:48:07.021 [openiec61850-osi-server-3-thread-1] DEBUG com.beanit.openiec61850.ServerAssociation - Got a GetDataValues request for node: ied1lDevice1/DSCH1.SchdAbsTm.val(28): 0.0
calling GetDataValues(ied1lDevice1/DSCH1.SchdAbsTm.val(29))
21:48:07.022 [openiec61850-osi-server-3-thread-1] DEBUG com.beanit.openiec61850.ServerAssociation - Got a GetDataValues request for node: ied1lDevice1/DSCH1.SchdAbsTm.val(29): 0.0
calling GetDataValues(ied1lDevice1/DSCH1.SchdAbsTm.val(30))
21:48:07.022 [openiec61850-osi-server-3-thread-1] DEBUG com.beanit.openiec61850.ServerAssociation - Got a GetDataValues request for node: ied1lDevice1/DSCH1.SchdAbsTm.val(30): 0.0
calling GetDataValues(ied1lDevice1/DSCH1.SchdAbsTm.val(31))
21:48:07.022 [openiec61850-osi-server-3-thread-1] DEBUG com.beanit.openiec61850.ServerAssociation - Got a GetDataValues request for node: ied1lDevice1/DSCH1.SchdAbsTm.val(31): 0.0
calling GetDataValues(ied1lDevice1/DSCH1.SchdAbsTm.val(32))
21:48:07.022 [openiec61850-osi-server-3-thread-1] DEBUG com.beanit.openiec61850.ServerAssociation - Got a GetDataValues request for node: ied1lDevice1/DSCH1.SchdAbsTm.val(32): 0.0
calling GetDataValues(ied1lDevice1/DSCH1.SchdAbsTm.val(33))
21:48:07.023 [openiec61850-osi-server-3-thread-1] DEBUG com.beanit.openiec61850.ServerAssociation - Got a GetDataValues request for node: ied1lDevice1/DSCH1.SchdAbsTm.val(33): 0.0
calling GetDataValues(ied1lDevice1/DSCH1.SchdAbsTm.val(34))
21:48:07.023 [openiec61850-osi-server-3-thread-1] DEBUG com.beanit.openiec61850.ServerAssociation - Got a GetDataValues request for node: ied1lDevice1/DSCH1.SchdAbsTm.val(34): 0.0
calling GetDataValues(ied1lDevice1/DSCH1.SchdAbsTm.val(35))
21:48:07.023 [openiec61850-osi-server-3-thread-1] DEBUG com.beanit.openiec61850.ServerAssociation - Got a GetDataValues request for node: ied1lDevice1/DSCH1.SchdAbsTm.val(35): 0.0
calling GetDataValues(ied1lDevice1/DSCH1.SchdAbsTm.val(36))
21:48:07.023 [openiec61850-osi-server-3-thread-1] DEBUG com.beanit.openiec61850.ServerAssociation - Got a GetDataValues request for node: ied1lDevice1/DSCH1.SchdAbsTm.val(36): 0.0
calling GetDataValues(ied1lDevice1/DSCH1.SchdAbsTm.val(37))
21:48:07.024 [openiec61850-osi-server-3-thread-1] DEBUG com.beanit.openiec61850.ServerAssociation - Got a GetDataValues request for node: ied1lDevice1/DSCH1.SchdAbsTm.val(37): 0.0
calling GetDataValues(ied1lDevice1/DSCH1.SchdAbsTm.val(38))
21:48:07.024 [openiec61850-osi-server-3-thread-1] DEBUG com.beanit.openiec61850.ServerAssociation - Got a GetDataValues request for node: ied1lDevice1/DSCH1.SchdAbsTm.val(38): 0.0
calling GetDataValues(ied1lDevice1/DSCH1.SchdAbsTm.val(39))
21:48:07.024 [openiec61850-osi-server-3-thread-1] DEBUG com.beanit.openiec61850.ServerAssociation - Got a GetDataValues request for node: ied1lDevice1/DSCH1.SchdAbsTm.val(39): 0.0
calling GetDataValues(ied1lDevice1/DSCH1.SchdAbsTm.val(40))
21:48:07.024 [openiec61850-osi-server-3-thread-1] DEBUG com.beanit.openiec61850.ServerAssociation - Got a GetDataValues request for node: ied1lDevice1/DSCH1.SchdAbsTm.val(40): 0.0
calling GetDataValues(ied1lDevice1/DSCH1.SchdAbsTm.val(41))
21:48:07.025 [openiec61850-osi-server-3-thread-1] DEBUG com.beanit.openiec61850.ServerAssociation - Got a GetDataValues request for node: ied1lDevice1/DSCH1.SchdAbsTm.val(41): 0.0
calling GetDataValues(ied1lDevice1/DSCH1.SchdAbsTm.val(42))
21:48:07.025 [openiec61850-osi-server-3-thread-1] DEBUG com.beanit.openiec61850.ServerAssociation - Got a GetDataValues request for node: ied1lDevice1/DSCH1.SchdAbsTm.val(42): 0.0
calling GetDataValues(ied1lDevice1/DSCH1.SchdAbsTm.val(43))
21:48:07.025 [openiec61850-osi-server-3-thread-1] DEBUG com.beanit.openiec61850.ServerAssociation - Got a GetDataValues request for node: ied1lDevice1/DSCH1.SchdAbsTm.val(43): 0.0
calling GetDataValues(ied1lDevice1/DSCH1.SchdAbsTm.val(44))
21:48:07.026 [openiec61850-osi-server-3-thread-1] DEBUG com.beanit.openiec61850.ServerAssociation - Got a GetDataValues request for node: ied1lDevice1/DSCH1.SchdAbsTm.val(44): 0.0
calling GetDataValues(ied1lDevice1/DSCH1.SchdAbsTm.val(45))
21:48:07.026 [openiec61850-osi-server-3-thread-1] DEBUG com.beanit.openiec61850.ServerAssociation - Got a GetDataValues request for node: ied1lDevice1/DSCH1.SchdAbsTm.val(45): 0.0
calling GetDataValues(ied1lDevice1/DSCH1.SchdAbsTm.val(46))
21:48:07.026 [openiec61850-osi-server-3-thread-1] DEBUG com.beanit.openiec61850.ServerAssociation - Got a GetDataValues request for node: ied1lDevice1/DSCH1.SchdAbsTm.val(46): 0.0
calling GetDataValues(ied1lDevice1/DSCH1.SchdAbsTm.val(47))
21:48:07.026 [openiec61850-osi-server-3-thread-1] DEBUG com.beanit.openiec61850.ServerAssociation - Got a GetDataValues request for node: ied1lDevice1/DSCH1.SchdAbsTm.val(47): 0.0
calling GetDataValues(ied1lDevice1/DSCH1.SchdAbsTm.val(48))
21:48:07.027 [openiec61850-osi-server-3-thread-1] DEBUG com.beanit.openiec61850.ServerAssociation - Got a GetDataValues request for node: ied1lDevice1/DSCH1.SchdAbsTm.val(48): 0.0
calling GetDataValues(ied1lDevice1/DSCH1.SchdAbsTm.val(49))
21:48:07.027 [openiec61850-osi-server-3-thread-1] DEBUG com.beanit.openiec61850.ServerAssociation - Got a GetDataValues request for node: ied1lDevice1/DSCH1.SchdAbsTm.val(49): 0.0
calling GetDataValues(ied1lDevice1/DSCH1.SchdAbsTm.val(50))
21:48:07.027 [openiec61850-osi-server-3-thread-1] DEBUG com.beanit.openiec61850.ServerAssociation - Got a GetDataValues request for node: ied1lDevice1/DSCH1.SchdAbsTm.val(50): 0.0
calling GetDataValues(ied1lDevice1/DSCH1.SchdAbsTm.val(51))
21:48:07.028 [openiec61850-osi-server-3-thread-1] DEBUG com.beanit.openiec61850.ServerAssociation - Got a GetDataValues request for node: ied1lDevice1/DSCH1.SchdAbsTm.val(51): 0.0
calling GetDataValues(ied1lDevice1/DSCH1.SchdAbsTm.val(52))
21:48:07.028 [openiec61850-osi-server-3-thread-1] DEBUG com.beanit.openiec61850.ServerAssociation - Got a GetDataValues request for node: ied1lDevice1/DSCH1.SchdAbsTm.val(52): 0.0
calling GetDataValues(ied1lDevice1/DSCH1.SchdAbsTm.val(53))
21:48:07.028 [openiec61850-osi-server-3-thread-1] DEBUG com.beanit.openiec61850.ServerAssociation - Got a GetDataValues request for node: ied1lDevice1/DSCH1.SchdAbsTm.val(53): 0.0
calling GetDataValues(ied1lDevice1/DSCH1.SchdAbsTm.val(54))
21:48:07.029 [openiec61850-osi-server-3-thread-1] DEBUG com.beanit.openiec61850.ServerAssociation - Got a GetDataValues request for node: ied1lDevice1/DSCH1.SchdAbsTm.val(54): 0.0
calling GetDataValues(ied1lDevice1/DSCH1.SchdAbsTm.val(55))
21:48:07.029 [openiec61850-osi-server-3-thread-1] DEBUG com.beanit.openiec61850.ServerAssociation - Got a GetDataValues request for node: ied1lDevice1/DSCH1.SchdAbsTm.val(55): 0.0
calling GetDataValues(ied1lDevice1/DSCH1.SchdAbsTm.val(56))
21:48:07.029 [openiec61850-osi-server-3-thread-1] DEBUG com.beanit.openiec61850.ServerAssociation - Got a GetDataValues request for node: ied1lDevice1/DSCH1.SchdAbsTm.val(56): 0.0
calling GetDataValues(ied1lDevice1/DSCH1.SchdAbsTm.val(57))
21:48:07.029 [openiec61850-osi-server-3-thread-1] DEBUG com.beanit.openiec61850.ServerAssociation - Got a GetDataValues request for node: ied1lDevice1/DSCH1.SchdAbsTm.val(57): 0.0
calling GetDataValues(ied1lDevice1/DSCH1.SchdAbsTm.val(58))
21:48:07.031 [openiec61850-osi-server-3-thread-1] DEBUG com.beanit.openiec61850.ServerAssociation - Got a GetDataValues request for node: ied1lDevice1/DSCH1.SchdAbsTm.val(58): 0.0
calling GetDataValues(ied1lDevice1/DSCH1.SchdAbsTm.val(59))
21:48:07.031 [openiec61850-osi-server-3-thread-1] DEBUG com.beanit.openiec61850.ServerAssociation - Got a GetDataValues request for node: ied1lDevice1/DSCH1.SchdAbsTm.val(59): 0.0
calling GetDataValues(ied1lDevice1/DSCH1.SchdAbsTm.val(60))
21:48:07.032 [openiec61850-osi-server-3-thread-1] DEBUG com.beanit.openiec61850.ServerAssociation - Got a GetDataValues request for node: ied1lDevice1/DSCH1.SchdAbsTm.val(60): 0.0
calling GetDataValues(ied1lDevice1/DSCH1.SchdAbsTm.val(61))
21:48:07.032 [openiec61850-osi-server-3-thread-1] DEBUG com.beanit.openiec61850.ServerAssociation - Got a GetDataValues request for node: ied1lDevice1/DSCH1.SchdAbsTm.val(61): 0.0
calling GetDataValues(ied1lDevice1/DSCH1.SchdAbsTm.val(62))
21:48:07.032 [openiec61850-osi-server-3-thread-1] DEBUG com.beanit.openiec61850.ServerAssociation - Got a GetDataValues request for node: ied1lDevice1/DSCH1.SchdAbsTm.val(62): 0.0
calling GetDataValues(ied1lDevice1/DSCH1.SchdAbsTm.val(63))
21:48:07.033 [openiec61850-osi-server-3-thread-1] DEBUG com.beanit.openiec61850.ServerAssociation - Got a GetDataValues request for node: ied1lDevice1/DSCH1.SchdAbsTm.val(63): 0.0
calling GetDataValues(ied1lDevice1/DSCH1.SchdAbsTm.val(64))
21:48:07.033 [openiec61850-osi-server-3-thread-1] DEBUG com.beanit.openiec61850.ServerAssociation - Got a GetDataValues request for node: ied1lDevice1/DSCH1.SchdAbsTm.val(64): 0.0
calling GetDataValues(ied1lDevice1/DSCH1.SchdAbsTm.val(65))
21:48:07.033 [openiec61850-osi-server-3-thread-1] DEBUG com.beanit.openiec61850.ServerAssociation - Got a GetDataValues request for node: ied1lDevice1/DSCH1.SchdAbsTm.val(65): 0.0
calling GetDataValues(ied1lDevice1/DSCH1.SchdAbsTm.val(66))
21:48:07.033 [openiec61850-osi-server-3-thread-1] DEBUG com.beanit.openiec61850.ServerAssociation - Got a GetDataValues request for node: ied1lDevice1/DSCH1.SchdAbsTm.val(66): 0.0
calling GetDataValues(ied1lDevice1/DSCH1.SchdAbsTm.val(67))
21:48:07.033 [openiec61850-osi-server-3-thread-1] DEBUG com.beanit.openiec61850.ServerAssociation - Got a GetDataValues request for node: ied1lDevice1/DSCH1.SchdAbsTm.val(67): 0.0
calling GetDataValues(ied1lDevice1/DSCH1.SchdAbsTm.val(68))
21:48:07.034 [openiec61850-osi-server-3-thread-1] DEBUG com.beanit.openiec61850.ServerAssociation - Got a GetDataValues request for node: ied1lDevice1/DSCH1.SchdAbsTm.val(68): 0.0
calling GetDataValues(ied1lDevice1/DSCH1.SchdAbsTm.val(69))
21:48:07.034 [openiec61850-osi-server-3-thread-1] DEBUG com.beanit.openiec61850.ServerAssociation - Got a GetDataValues request for node: ied1lDevice1/DSCH1.SchdAbsTm.val(69): 0.0
calling GetDataValues(ied1lDevice1/DSCH1.SchdAbsTm.val(70))
21:48:07.034 [openiec61850-osi-server-3-thread-1] DEBUG com.beanit.openiec61850.ServerAssociation - Got a GetDataValues request for node: ied1lDevice1/DSCH1.SchdAbsTm.val(70): 0.0
calling GetDataValues(ied1lDevice1/DSCH1.SchdAbsTm.val(71))
21:48:07.035 [openiec61850-osi-server-3-thread-1] DEBUG com.beanit.openiec61850.ServerAssociation - Got a GetDataValues request for node: ied1lDevice1/DSCH1.SchdAbsTm.val(71): 0.0
calling GetDataValues(ied1lDevice1/DSCH1.SchdAbsTm.val(72))
21:48:07.035 [openiec61850-osi-server-3-thread-1] DEBUG com.beanit.openiec61850.ServerAssociation - Got a GetDataValues request for node: ied1lDevice1/DSCH1.SchdAbsTm.val(72): 0.0
calling GetDataValues(ied1lDevice1/DSCH1.SchdAbsTm.val(73))
21:48:07.035 [openiec61850-osi-server-3-thread-1] DEBUG com.beanit.openiec61850.ServerAssociation - Got a GetDataValues request for node: ied1lDevice1/DSCH1.SchdAbsTm.val(73): 0.0
calling GetDataValues(ied1lDevice1/DSCH1.SchdAbsTm.val(74))
21:48:07.035 [openiec61850-osi-server-3-thread-1] DEBUG com.beanit.openiec61850.ServerAssociation - Got a GetDataValues request for node: ied1lDevice1/DSCH1.SchdAbsTm.val(74): 0.0
calling GetDataValues(ied1lDevice1/DSCH1.SchdAbsTm.val(75))
21:48:07.035 [openiec61850-osi-server-3-thread-1] DEBUG com.beanit.openiec61850.ServerAssociation - Got a GetDataValues request for node: ied1lDevice1/DSCH1.SchdAbsTm.val(75): 0.0
calling GetDataValues(ied1lDevice1/DSCH1.SchdAbsTm.val(76))
21:48:07.036 [openiec61850-osi-server-3-thread-1] DEBUG com.beanit.openiec61850.ServerAssociation - Got a GetDataValues request for node: ied1lDevice1/DSCH1.SchdAbsTm.val(76): 0.0
calling GetDataValues(ied1lDevice1/DSCH1.SchdAbsTm.val(77))
21:48:07.036 [openiec61850-osi-server-3-thread-1] DEBUG com.beanit.openiec61850.ServerAssociation - Got a GetDataValues request for node: ied1lDevice1/DSCH1.SchdAbsTm.val(77): 0.0
calling GetDataValues(ied1lDevice1/DSCH1.SchdAbsTm.val(78))
21:48:07.036 [openiec61850-osi-server-3-thread-1] DEBUG com.beanit.openiec61850.ServerAssociation - Got a GetDataValues request for node: ied1lDevice1/DSCH1.SchdAbsTm.val(78): 0.0
calling GetDataValues(ied1lDevice1/DSCH1.SchdAbsTm.val(79))
21:48:07.036 [openiec61850-osi-server-3-thread-1] DEBUG com.beanit.openiec61850.ServerAssociation - Got a GetDataValues request for node: ied1lDevice1/DSCH1.SchdAbsTm.val(79): 0.0
calling GetDataValues(ied1lDevice1/DSCH1.SchdAbsTm.val(80))
21:48:07.036 [openiec61850-osi-server-3-thread-1] DEBUG com.beanit.openiec61850.ServerAssociation - Got a GetDataValues request for node: ied1lDevice1/DSCH1.SchdAbsTm.val(80): 0.0
calling GetDataValues(ied1lDevice1/DSCH1.SchdAbsTm.val(81))
21:48:07.037 [openiec61850-osi-server-3-thread-1] DEBUG com.beanit.openiec61850.ServerAssociation - Got a GetDataValues request for node: ied1lDevice1/DSCH1.SchdAbsTm.val(81): 0.0
calling GetDataValues(ied1lDevice1/DSCH1.SchdAbsTm.val(82))
21:48:07.037 [openiec61850-osi-server-3-thread-1] DEBUG com.beanit.openiec61850.ServerAssociation - Got a GetDataValues request for node: ied1lDevice1/DSCH1.SchdAbsTm.val(82): 0.0
calling GetDataValues(ied1lDevice1/DSCH1.SchdAbsTm.val(83))
21:48:07.037 [openiec61850-osi-server-3-thread-1] DEBUG com.beanit.openiec61850.ServerAssociation - Got a GetDataValues request for node: ied1lDevice1/DSCH1.SchdAbsTm.val(83): 0.0
calling GetDataValues(ied1lDevice1/DSCH1.SchdAbsTm.val(84))
21:48:07.038 [openiec61850-osi-server-3-thread-1] DEBUG com.beanit.openiec61850.ServerAssociation - Got a GetDataValues request for node: ied1lDevice1/DSCH1.SchdAbsTm.val(84): 0.0
calling GetDataValues(ied1lDevice1/DSCH1.SchdAbsTm.val(85))
21:48:07.038 [openiec61850-osi-server-3-thread-1] DEBUG com.beanit.openiec61850.ServerAssociation - Got a GetDataValues request for node: ied1lDevice1/DSCH1.SchdAbsTm.val(85): 0.0
calling GetDataValues(ied1lDevice1/DSCH1.SchdAbsTm.val(86))
21:48:07.038 [openiec61850-osi-server-3-thread-1] DEBUG com.beanit.openiec61850.ServerAssociation - Got a GetDataValues request for node: ied1lDevice1/DSCH1.SchdAbsTm.val(86): 0.0
calling GetDataValues(ied1lDevice1/DSCH1.SchdAbsTm.val(87))
21:48:07.038 [openiec61850-osi-server-3-thread-1] DEBUG com.beanit.openiec61850.ServerAssociation - Got a GetDataValues request for node: ied1lDevice1/DSCH1.SchdAbsTm.val(87): 0.0
calling GetDataValues(ied1lDevice1/DSCH1.SchdAbsTm.val(88))
21:48:07.038 [openiec61850-osi-server-3-thread-1] DEBUG com.beanit.openiec61850.ServerAssociation - Got a GetDataValues request for node: ied1lDevice1/DSCH1.SchdAbsTm.val(88): 0.0
calling GetDataValues(ied1lDevice1/DSCH1.SchdAbsTm.val(89))
21:48:07.039 [openiec61850-osi-server-3-thread-1] DEBUG com.beanit.openiec61850.ServerAssociation - Got a GetDataValues request for node: ied1lDevice1/DSCH1.SchdAbsTm.val(89): 0.0
calling GetDataValues(ied1lDevice1/DSCH1.SchdAbsTm.val(90))
21:48:07.039 [openiec61850-osi-server-3-thread-1] DEBUG com.beanit.openiec61850.ServerAssociation - Got a GetDataValues request for node: ied1lDevice1/DSCH1.SchdAbsTm.val(90): 0.0
calling GetDataValues(ied1lDevice1/DSCH1.SchdAbsTm.val(91))
21:48:07.039 [openiec61850-osi-server-3-thread-1] DEBUG com.beanit.openiec61850.ServerAssociation - Got a GetDataValues request for node: ied1lDevice1/DSCH1.SchdAbsTm.val(91): 0.0
calling GetDataValues(ied1lDevice1/DSCH1.SchdAbsTm.val(92))
21:48:07.039 [openiec61850-osi-server-3-thread-1] DEBUG com.beanit.openiec61850.ServerAssociation - Got a GetDataValues request for node: ied1lDevice1/DSCH1.SchdAbsTm.val(92): 0.0
calling GetDataValues(ied1lDevice1/DSCH1.SchdAbsTm.val(93))
21:48:07.039 [openiec61850-osi-server-3-thread-1] DEBUG com.beanit.openiec61850.ServerAssociation - Got a GetDataValues request for node: ied1lDevice1/DSCH1.SchdAbsTm.val(93): 0.0
calling GetDataValues(ied1lDevice1/DSCH1.SchdAbsTm.val(94))
21:48:07.040 [openiec61850-osi-server-3-thread-1] DEBUG com.beanit.openiec61850.ServerAssociation - Got a GetDataValues request for node: ied1lDevice1/DSCH1.SchdAbsTm.val(94): 0.0
calling GetDataValues(ied1lDevice1/DSCH1.SchdAbsTm.val(95))
21:48:07.040 [openiec61850-osi-server-3-thread-1] DEBUG com.beanit.openiec61850.ServerAssociation - Got a GetDataValues request for node: ied1lDevice1/DSCH1.SchdAbsTm.val(95): 0.0
calling GetDataValues(ied1lDevice1/DSCH1.SchdAbsTm.val(96))
21:48:07.040 [openiec61850-osi-server-3-thread-1] DEBUG com.beanit.openiec61850.ServerAssociation - Got a GetDataValues request for node: ied1lDevice1/DSCH1.SchdAbsTm.val(96): 0.0
calling GetDataValues(ied1lDevice1/DSCH1.SchdAbsTm.val(97))
21:48:07.040 [openiec61850-osi-server-3-thread-1] DEBUG com.beanit.openiec61850.ServerAssociation - Got a GetDataValues request for node: ied1lDevice1/DSCH1.SchdAbsTm.val(97): 0.0
calling GetDataValues(ied1lDevice1/DSCH1.SchdAbsTm.val(98))
21:48:07.041 [openiec61850-osi-server-3-thread-1] DEBUG com.beanit.openiec61850.ServerAssociation - Got a GetDataValues request for node: ied1lDevice1/DSCH1.SchdAbsTm.val(98): 0.0
calling GetDataValues(ied1lDevice1/DSCH1.SchdAbsTm.val(99))
21:48:07.041 [openiec61850-osi-server-3-thread-1] DEBUG com.beanit.openiec61850.ServerAssociation - Got a GetDataValues request for node: ied1lDevice1/DSCH1.SchdAbsTm.val(99): 0.0
calling GetDataValues(ied1lDevice1/DSCH1.SchdAbsTm.val(100))
21:48:07.041 [openiec61850-osi-server-3-thread-1] DEBUG com.beanit.openiec61850.ServerAssociation - Got a GetDataValues request for node: ied1lDevice1/DSCH1.SchdAbsTm.val(100): 0.0
calling GetDataValues(ied1lDevice1/DSCH1.SchdAbsTm.val(101))
21:48:07.041 [openiec61850-osi-server-3-thread-1] DEBUG com.beanit.openiec61850.ServerAssociation - Got a GetDataValues request for node: ied1lDevice1/DSCH1.SchdAbsTm.val(101): 0.0
calling GetDataValues(ied1lDevice1/DSCH1.SchdAbsTm.val(102))
21:48:07.041 [openiec61850-osi-server-3-thread-1] DEBUG com.beanit.openiec61850.ServerAssociation - Got a GetDataValues request for node: ied1lDevice1/DSCH1.SchdAbsTm.val(102): 0.0
calling GetDataValues(ied1lDevice1/DSCH1.SchdAbsTm.val(103))
21:48:07.042 [openiec61850-osi-server-3-thread-1] DEBUG com.beanit.openiec61850.ServerAssociation - Got a GetDataValues request for node: ied1lDevice1/DSCH1.SchdAbsTm.val(103): 0.0
calling GetDataValues(ied1lDevice1/DSCH1.SchdAbsTm.val(104))
21:48:07.042 [openiec61850-osi-server-3-thread-1] DEBUG com.beanit.openiec61850.ServerAssociation - Got a GetDataValues request for node: ied1lDevice1/DSCH1.SchdAbsTm.val(104): 0.0
calling GetDataValues(ied1lDevice1/DSCH1.SchdAbsTm.val(105))
21:48:07.042 [openiec61850-osi-server-3-thread-1] DEBUG com.beanit.openiec61850.ServerAssociation - Got a GetDataValues request for node: ied1lDevice1/DSCH1.SchdAbsTm.val(105): 0.0
calling GetDataValues(ied1lDevice1/DSCH1.SchdAbsTm.val(106))
21:48:07.042 [openiec61850-osi-server-3-thread-1] DEBUG com.beanit.openiec61850.ServerAssociation - Got a GetDataValues request for node: ied1lDevice1/DSCH1.SchdAbsTm.val(106): 0.0
calling GetDataValues(ied1lDevice1/DSCH1.SchdAbsTm.val(107))
21:48:07.043 [openiec61850-osi-server-3-thread-1] DEBUG com.beanit.openiec61850.ServerAssociation - Got a GetDataValues request for node: ied1lDevice1/DSCH1.SchdAbsTm.val(107): 0.0
calling GetDataValues(ied1lDevice1/DSCH1.SchdAbsTm.val(108))
21:48:07.043 [openiec61850-osi-server-3-thread-1] DEBUG com.beanit.openiec61850.ServerAssociation - Got a GetDataValues request for node: ied1lDevice1/DSCH1.SchdAbsTm.val(108): 0.0
calling GetDataValues(ied1lDevice1/DSCH1.SchdAbsTm.val(109))
21:48:07.043 [openiec61850-osi-server-3-thread-1] DEBUG com.beanit.openiec61850.ServerAssociation - Got a GetDataValues request for node: ied1lDevice1/DSCH1.SchdAbsTm.val(109): 0.0
calling GetDataValues(ied1lDevice1/DSCH1.SchdAbsTm.val(110))
21:48:07.043 [openiec61850-osi-server-3-thread-1] DEBUG com.beanit.openiec61850.ServerAssociation - Got a GetDataValues request for node: ied1lDevice1/DSCH1.SchdAbsTm.val(110): 0.0
calling GetDataValues(ied1lDevice1/DSCH1.SchdAbsTm.val(111))
21:48:07.043 [openiec61850-osi-server-3-thread-1] DEBUG com.beanit.openiec61850.ServerAssociation - Got a GetDataValues request for node: ied1lDevice1/DSCH1.SchdAbsTm.val(111): 0.0
calling GetDataValues(ied1lDevice1/DSCH1.SchdAbsTm.val(112))
21:48:07.044 [openiec61850-osi-server-3-thread-1] DEBUG com.beanit.openiec61850.ServerAssociation - Got a GetDataValues request for node: ied1lDevice1/DSCH1.SchdAbsTm.val(112): 0.0
calling GetDataValues(ied1lDevice1/DSCH1.SchdAbsTm.val(113))
21:48:07.044 [openiec61850-osi-server-3-thread-1] DEBUG com.beanit.openiec61850.ServerAssociation - Got a GetDataValues request for node: ied1lDevice1/DSCH1.SchdAbsTm.val(113): 0.0
calling GetDataValues(ied1lDevice1/DSCH1.SchdAbsTm.val(114))
21:48:07.044 [openiec61850-osi-server-3-thread-1] DEBUG com.beanit.openiec61850.ServerAssociation - Got a GetDataValues request for node: ied1lDevice1/DSCH1.SchdAbsTm.val(114): 0.0
calling GetDataValues(ied1lDevice1/DSCH1.SchdAbsTm.val(115))
21:48:07.045 [openiec61850-osi-server-3-thread-1] DEBUG com.beanit.openiec61850.ServerAssociation - Got a GetDataValues request for node: ied1lDevice1/DSCH1.SchdAbsTm.val(115): 0.0
calling GetDataValues(ied1lDevice1/DSCH1.SchdAbsTm.val(116))
21:48:07.045 [openiec61850-osi-server-3-thread-1] DEBUG com.beanit.openiec61850.ServerAssociation - Got a GetDataValues request for node: ied1lDevice1/DSCH1.SchdAbsTm.val(116): 0.0
calling GetDataValues(ied1lDevice1/DSCH1.SchdAbsTm.val(117))
21:48:07.045 [openiec61850-osi-server-3-thread-1] DEBUG com.beanit.openiec61850.ServerAssociation - Got a GetDataValues request for node: ied1lDevice1/DSCH1.SchdAbsTm.val(117): 0.0
calling GetDataValues(ied1lDevice1/DSCH1.SchdAbsTm.val(118))
21:48:07.046 [openiec61850-osi-server-3-thread-1] DEBUG com.beanit.openiec61850.ServerAssociation - Got a GetDataValues request for node: ied1lDevice1/DSCH1.SchdAbsTm.val(118): 0.0
calling GetDataValues(ied1lDevice1/DSCH1.SchdAbsTm.val(119))
21:48:07.046 [openiec61850-osi-server-3-thread-1] DEBUG com.beanit.openiec61850.ServerAssociation - Got a GetDataValues request for node: ied1lDevice1/DSCH1.SchdAbsTm.val(119): 0.0
calling GetDataValues(ied1lDevice1/DSCH1.SchdAbsTm.val(120))
21:48:07.046 [openiec61850-osi-server-3-thread-1] DEBUG com.beanit.openiec61850.ServerAssociation - Got a GetDataValues request for node: ied1lDevice1/DSCH1.SchdAbsTm.val(120): 0.0
calling GetDataValues(ied1lDevice1/DSCH1.SchdAbsTm.val(121))
21:48:07.046 [openiec61850-osi-server-3-thread-1] DEBUG com.beanit.openiec61850.ServerAssociation - Got a GetDataValues request for node: ied1lDevice1/DSCH1.SchdAbsTm.val(121): 0.0
calling GetDataValues(ied1lDevice1/DSCH1.SchdAbsTm.val(122))
21:48:07.046 [openiec61850-osi-server-3-thread-1] DEBUG com.beanit.openiec61850.ServerAssociation - Got a GetDataValues request for node: ied1lDevice1/DSCH1.SchdAbsTm.val(122): 0.0
calling GetDataValues(ied1lDevice1/DSCH1.SchdAbsTm.val(123))
21:48:07.047 [openiec61850-osi-server-3-thread-1] DEBUG com.beanit.openiec61850.ServerAssociation - Got a GetDataValues request for node: ied1lDevice1/DSCH1.SchdAbsTm.val(123): 0.0
calling GetDataValues(ied1lDevice1/DSCH1.SchdAbsTm.val(124))
21:48:07.047 [openiec61850-osi-server-3-thread-1] DEBUG com.beanit.openiec61850.ServerAssociation - Got a GetDataValues request for node: ied1lDevice1/DSCH1.SchdAbsTm.val(124): 0.0
calling GetDataValues(ied1lDevice1/DSCH1.SchdAbsTm.val(125))
21:48:07.047 [openiec61850-osi-server-3-thread-1] DEBUG com.beanit.openiec61850.ServerAssociation - Got a GetDataValues request for node: ied1lDevice1/DSCH1.SchdAbsTm.val(125): 0.0
calling GetDataValues(ied1lDevice1/DSCH1.SchdAbsTm.val(126))
21:48:07.047 [openiec61850-osi-server-3-thread-1] DEBUG com.beanit.openiec61850.ServerAssociation - Got a GetDataValues request for node: ied1lDevice1/DSCH1.SchdAbsTm.val(126): 0.0
calling GetDataValues(ied1lDevice1/DSCH1.SchdAbsTm.val(127))
21:48:07.048 [openiec61850-osi-server-3-thread-1] DEBUG com.beanit.openiec61850.ServerAssociation - Got a GetDataValues request for node: ied1lDevice1/DSCH1.SchdAbsTm.val(127): 0.0
calling GetDataValues(ied1lDevice1/DSCH1.SchdAbsTm.val(128))
21:48:07.048 [openiec61850-osi-server-3-thread-1] DEBUG com.beanit.openiec61850.ServerAssociation - Got a GetDataValues request for node: ied1lDevice1/DSCH1.SchdAbsTm.val(128): 0.0
calling GetDataValues(ied1lDevice1/DSCH1.SchdAbsTm.val(129))
21:48:07.048 [openiec61850-osi-server-3-thread-1] DEBUG com.beanit.openiec61850.ServerAssociation - Got a GetDataValues request for node: ied1lDevice1/DSCH1.SchdAbsTm.val(129): 0.0
calling GetDataValues(ied1lDevice1/DSCH1.SchdAbsTm.val(130))
21:48:07.048 [openiec61850-osi-server-3-thread-1] DEBUG com.beanit.openiec61850.ServerAssociation - Got a GetDataValues request for node: ied1lDevice1/DSCH1.SchdAbsTm.val(130): 0.0
calling GetDataValues(ied1lDevice1/DSCH1.SchdAbsTm.val(131))
21:48:07.049 [openiec61850-osi-server-3-thread-1] DEBUG com.beanit.openiec61850.ServerAssociation - Got a GetDataValues request for node: ied1lDevice1/DSCH1.SchdAbsTm.val(131): 0.0
calling GetDataValues(ied1lDevice1/DSCH1.SchdAbsTm.val(132))
21:48:07.049 [openiec61850-osi-server-3-thread-1] DEBUG com.beanit.openiec61850.ServerAssociation - Got a GetDataValues request for node: ied1lDevice1/DSCH1.SchdAbsTm.val(132): 0.0
calling GetDataValues(ied1lDevice1/DSCH1.SchdAbsTm.val(133))
21:48:07.049 [openiec61850-osi-server-3-thread-1] DEBUG com.beanit.openiec61850.ServerAssociation - Got a GetDataValues request for node: ied1lDevice1/DSCH1.SchdAbsTm.val(133): 0.0
calling GetDataValues(ied1lDevice1/DSCH1.SchdAbsTm.val(134))
21:48:07.049 [openiec61850-osi-server-3-thread-1] DEBUG com.beanit.openiec61850.ServerAssociation - Got a GetDataValues request for node: ied1lDevice1/DSCH1.SchdAbsTm.val(134): 0.0
calling GetDataValues(ied1lDevice1/DSCH1.SchdAbsTm.val(135))
21:48:07.049 [openiec61850-osi-server-3-thread-1] DEBUG com.beanit.openiec61850.ServerAssociation - Got a GetDataValues request for node: ied1lDevice1/DSCH1.SchdAbsTm.val(135): 0.0
calling GetDataValues(ied1lDevice1/DSCH1.SchdAbsTm.val(136))
21:48:07.050 [openiec61850-osi-server-3-thread-1] DEBUG com.beanit.openiec61850.ServerAssociation - Got a GetDataValues request for node: ied1lDevice1/DSCH1.SchdAbsTm.val(136): 0.0
calling GetDataValues(ied1lDevice1/DSCH1.SchdAbsTm.val(137))
21:48:07.050 [openiec61850-osi-server-3-thread-1] DEBUG com.beanit.openiec61850.ServerAssociation - Got a GetDataValues request for node: ied1lDevice1/DSCH1.SchdAbsTm.val(137): 0.0
calling GetDataValues(ied1lDevice1/DSCH1.SchdAbsTm.val(138))
21:48:07.050 [openiec61850-osi-server-3-thread-1] DEBUG com.beanit.openiec61850.ServerAssociation - Got a GetDataValues request for node: ied1lDevice1/DSCH1.SchdAbsTm.val(138): 0.0
calling GetDataValues(ied1lDevice1/DSCH1.SchdAbsTm.val(139))
21:48:07.050 [openiec61850-osi-server-3-thread-1] DEBUG com.beanit.openiec61850.ServerAssociation - Got a GetDataValues request for node: ied1lDevice1/DSCH1.SchdAbsTm.val(139): 0.0
calling GetDataValues(ied1lDevice1/DSCH1.SchdAbsTm.val(140))
21:48:07.051 [openiec61850-osi-server-3-thread-1] DEBUG com.beanit.openiec61850.ServerAssociation - Got a GetDataValues request for node: ied1lDevice1/DSCH1.SchdAbsTm.val(140): 0.0
calling GetDataValues(ied1lDevice1/DSCH1.SchdAbsTm.val(141))
21:48:07.051 [openiec61850-osi-server-3-thread-1] DEBUG com.beanit.openiec61850.ServerAssociation - Got a GetDataValues request for node: ied1lDevice1/DSCH1.SchdAbsTm.val(141): 0.0
calling GetDataValues(ied1lDevice1/DSCH1.SchdAbsTm.val(142))
21:48:07.051 [openiec61850-osi-server-3-thread-1] DEBUG com.beanit.openiec61850.ServerAssociation - Got a GetDataValues request for node: ied1lDevice1/DSCH1.SchdAbsTm.val(142): 0.0
calling GetDataValues(ied1lDevice1/DSCH1.SchdAbsTm.val(143))
21:48:07.051 [openiec61850-osi-server-3-thread-1] DEBUG com.beanit.openiec61850.ServerAssociation - Got a GetDataValues request for node: ied1lDevice1/DSCH1.SchdAbsTm.val(143): 0.0
calling GetDataValues(ied1lDevice1/DSCH1.SchdAbsTm.val(144))
21:48:07.052 [openiec61850-osi-server-3-thread-1] DEBUG com.beanit.openiec61850.ServerAssociation - Got a GetDataValues request for node: ied1lDevice1/DSCH1.SchdAbsTm.val(144): 0.0
calling GetDataValues(ied1lDevice1/DSCH1.SchdAbsTm.val(145))
21:48:07.052 [openiec61850-osi-server-3-thread-1] DEBUG com.beanit.openiec61850.ServerAssociation - Got a GetDataValues request for node: ied1lDevice1/DSCH1.SchdAbsTm.val(145): 0.0
calling GetDataValues(ied1lDevice1/DSCH1.SchdAbsTm.val(146))
21:48:07.052 [openiec61850-osi-server-3-thread-1] DEBUG com.beanit.openiec61850.ServerAssociation - Got a GetDataValues request for node: ied1lDevice1/DSCH1.SchdAbsTm.val(146): 0.0
calling GetDataValues(ied1lDevice1/DSCH1.SchdAbsTm.val(147))
21:48:07.052 [openiec61850-osi-server-3-thread-1] DEBUG com.beanit.openiec61850.ServerAssociation - Got a GetDataValues request for node: ied1lDevice1/DSCH1.SchdAbsTm.val(147): 0.0
calling GetDataValues(ied1lDevice1/DSCH1.SchdAbsTm.val(148))
21:48:07.053 [openiec61850-osi-server-3-thread-1] DEBUG com.beanit.openiec61850.ServerAssociation - Got a GetDataValues request for node: ied1lDevice1/DSCH1.SchdAbsTm.val(148): 0.0
calling GetDataValues(ied1lDevice1/DSCH1.SchdAbsTm.val(149))
21:48:07.053 [openiec61850-osi-server-3-thread-1] DEBUG com.beanit.openiec61850.ServerAssociation - Got a GetDataValues request for node: ied1lDevice1/DSCH1.SchdAbsTm.val(149): 0.0
calling GetDataValues(ied1lDevice1/DSCH1.SchdAbsTm.val(150))
21:48:07.053 [openiec61850-osi-server-3-thread-1] DEBUG com.beanit.openiec61850.ServerAssociation - Got a GetDataValues request for node: ied1lDevice1/DSCH1.SchdAbsTm.val(150): 0.0
calling GetDataValues(ied1lDevice1/DSCH1.SchdAbsTm.val(151))
21:48:07.053 [openiec61850-osi-server-3-thread-1] DEBUG com.beanit.openiec61850.ServerAssociation - Got a GetDataValues request for node: ied1lDevice1/DSCH1.SchdAbsTm.val(151): 0.0
calling GetDataValues(ied1lDevice1/DSCH1.SchdAbsTm.val(152))
21:48:07.054 [openiec61850-osi-server-3-thread-1] DEBUG com.beanit.openiec61850.ServerAssociation - Got a GetDataValues request for node: ied1lDevice1/DSCH1.SchdAbsTm.val(152): 0.0
calling GetDataValues(ied1lDevice1/DSCH1.SchdAbsTm.val(153))
21:48:07.054 [openiec61850-osi-server-3-thread-1] DEBUG com.beanit.openiec61850.ServerAssociation - Got a GetDataValues request for node: ied1lDevice1/DSCH1.SchdAbsTm.val(153): 0.0
calling GetDataValues(ied1lDevice1/DSCH1.SchdAbsTm.val(154))
21:48:07.054 [openiec61850-osi-server-3-thread-1] DEBUG com.beanit.openiec61850.ServerAssociation - Got a GetDataValues request for node: ied1lDevice1/DSCH1.SchdAbsTm.val(154): 0.0
calling GetDataValues(ied1lDevice1/DSCH1.SchdAbsTm.val(155))
21:48:07.054 [openiec61850-osi-server-3-thread-1] DEBUG com.beanit.openiec61850.ServerAssociation - Got a GetDataValues request for node: ied1lDevice1/DSCH1.SchdAbsTm.val(155): 0.0
calling GetDataValues(ied1lDevice1/DSCH1.SchdAbsTm.val(156))
21:48:07.054 [openiec61850-osi-server-3-thread-1] DEBUG com.beanit.openiec61850.ServerAssociation - Got a GetDataValues request for node: ied1lDevice1/DSCH1.SchdAbsTm.val(156): 0.0
calling GetDataValues(ied1lDevice1/DSCH1.SchdAbsTm.val(157))
21:48:07.055 [openiec61850-osi-server-3-thread-1] DEBUG com.beanit.openiec61850.ServerAssociation - Got a GetDataValues request for node: ied1lDevice1/DSCH1.SchdAbsTm.val(157): 0.0
calling GetDataValues(ied1lDevice1/DSCH1.SchdAbsTm.val(158))
21:48:07.055 [openiec61850-osi-server-3-thread-1] DEBUG com.beanit.openiec61850.ServerAssociation - Got a GetDataValues request for node: ied1lDevice1/DSCH1.SchdAbsTm.val(158): 0.0
calling GetDataValues(ied1lDevice1/DSCH1.SchdAbsTm.val(159))
21:48:07.055 [openiec61850-osi-server-3-thread-1] DEBUG com.beanit.openiec61850.ServerAssociation - Got a GetDataValues request for node: ied1lDevice1/DSCH1.SchdAbsTm.val(159): 0.0
calling GetDataValues(ied1lDevice1/DSCH1.SchdAbsTm.val(160))
21:48:07.055 [openiec61850-osi-server-3-thread-1] DEBUG com.beanit.openiec61850.ServerAssociation - Got a GetDataValues request for node: ied1lDevice1/DSCH1.SchdAbsTm.val(160): 0.0
calling GetDataValues(ied1lDevice1/DSCH1.SchdAbsTm.val(161))
21:48:07.055 [openiec61850-osi-server-3-thread-1] DEBUG com.beanit.openiec61850.ServerAssociation - Got a GetDataValues request for node: ied1lDevice1/DSCH1.SchdAbsTm.val(161): 0.0
calling GetDataValues(ied1lDevice1/DSCH1.SchdAbsTm.val(162))
21:48:07.056 [openiec61850-osi-server-3-thread-1] DEBUG com.beanit.openiec61850.ServerAssociation - Got a GetDataValues request for node: ied1lDevice1/DSCH1.SchdAbsTm.val(162): 0.0
calling GetDataValues(ied1lDevice1/DSCH1.SchdAbsTm.val(163))
21:48:07.056 [openiec61850-osi-server-3-thread-1] DEBUG com.beanit.openiec61850.ServerAssociation - Got a GetDataValues request for node: ied1lDevice1/DSCH1.SchdAbsTm.val(163): 0.0
calling GetDataValues(ied1lDevice1/DSCH1.SchdAbsTm.val(164))
21:48:07.056 [openiec61850-osi-server-3-thread-1] DEBUG com.beanit.openiec61850.ServerAssociation - Got a GetDataValues request for node: ied1lDevice1/DSCH1.SchdAbsTm.val(164): 0.0
calling GetDataValues(ied1lDevice1/DSCH1.SchdAbsTm.val(165))
21:48:07.056 [openiec61850-osi-server-3-thread-1] DEBUG com.beanit.openiec61850.ServerAssociation - Got a GetDataValues request for node: ied1lDevice1/DSCH1.SchdAbsTm.val(165): 0.0
calling GetDataValues(ied1lDevice1/DSCH1.SchdAbsTm.val(166))
21:48:07.056 [openiec61850-osi-server-3-thread-1] DEBUG com.beanit.openiec61850.ServerAssociation - Got a GetDataValues request for node: ied1lDevice1/DSCH1.SchdAbsTm.val(166): 0.0
calling GetDataValues(ied1lDevice1/DSCH1.SchdAbsTm.val(167))
21:48:07.057 [openiec61850-osi-server-3-thread-1] DEBUG com.beanit.openiec61850.ServerAssociation - Got a GetDataValues request for node: ied1lDevice1/DSCH1.SchdAbsTm.val(167): 0.0
calling GetDataValues(ied1lDevice1/DSCH1.SchdAbsTm.val(168))
21:48:07.057 [openiec61850-osi-server-3-thread-1] DEBUG com.beanit.openiec61850.ServerAssociation - Got a GetDataValues request for node: ied1lDevice1/DSCH1.SchdAbsTm.val(168): 0.0
calling GetDataValues(ied1lDevice1/DSCH1.SchdAbsTm.val(169))
21:48:07.057 [openiec61850-osi-server-3-thread-1] DEBUG com.beanit.openiec61850.ServerAssociation - Got a GetDataValues request for node: ied1lDevice1/DSCH1.SchdAbsTm.val(169): 0.0
calling GetDataValues(ied1lDevice1/DSCH1.SchdAbsTm.val(170))
21:48:07.057 [openiec61850-osi-server-3-thread-1] DEBUG com.beanit.openiec61850.ServerAssociation - Got a GetDataValues request for node: ied1lDevice1/DSCH1.SchdAbsTm.val(170): 0.0
calling GetDataValues(ied1lDevice1/DSCH1.SchdAbsTm.val(171))
21:48:07.057 [openiec61850-osi-server-3-thread-1] DEBUG com.beanit.openiec61850.ServerAssociation - Got a GetDataValues request for node: ied1lDevice1/DSCH1.SchdAbsTm.val(171): 0.0
calling GetDataValues(ied1lDevice1/DSCH1.SchdAbsTm.val(172))
21:48:07.058 [openiec61850-osi-server-3-thread-1] DEBUG com.beanit.openiec61850.ServerAssociation - Got a GetDataValues request for node: ied1lDevice1/DSCH1.SchdAbsTm.val(172): 0.0
calling GetDataValues(ied1lDevice1/DSCH1.SchdAbsTm.val(173))
21:48:07.058 [openiec61850-osi-server-3-thread-1] DEBUG com.beanit.openiec61850.ServerAssociation - Got a GetDataValues request for node: ied1lDevice1/DSCH1.SchdAbsTm.val(173): 0.0
calling GetDataValues(ied1lDevice1/DSCH1.SchdAbsTm.val(174))
21:48:07.058 [openiec61850-osi-server-3-thread-1] DEBUG com.beanit.openiec61850.ServerAssociation - Got a GetDataValues request for node: ied1lDevice1/DSCH1.SchdAbsTm.val(174): 0.0
calling GetDataValues(ied1lDevice1/DSCH1.SchdAbsTm.val(175))
21:48:07.058 [openiec61850-osi-server-3-thread-1] DEBUG com.beanit.openiec61850.ServerAssociation - Got a GetDataValues request for node: ied1lDevice1/DSCH1.SchdAbsTm.val(175): 0.0
calling GetDataValues(ied1lDevice1/DSCH1.SchdAbsTm.val(176))
21:48:07.058 [openiec61850-osi-server-3-thread-1] DEBUG com.beanit.openiec61850.ServerAssociation - Got a GetDataValues request for node: ied1lDevice1/DSCH1.SchdAbsTm.val(176): 0.0
calling GetDataValues(ied1lDevice1/DSCH1.SchdAbsTm.val(177))
21:48:07.059 [openiec61850-osi-server-3-thread-1] DEBUG com.beanit.openiec61850.ServerAssociation - Got a GetDataValues request for node: ied1lDevice1/DSCH1.SchdAbsTm.val(177): 0.0
calling GetDataValues(ied1lDevice1/DSCH1.SchdAbsTm.val(178))
21:48:07.059 [openiec61850-osi-server-3-thread-1] DEBUG com.beanit.openiec61850.ServerAssociation - Got a GetDataValues request for node: ied1lDevice1/DSCH1.SchdAbsTm.val(178): 0.0
calling GetDataValues(ied1lDevice1/DSCH1.SchdAbsTm.val(179))
21:48:07.059 [openiec61850-osi-server-3-thread-1] DEBUG com.beanit.openiec61850.ServerAssociation - Got a GetDataValues request for node: ied1lDevice1/DSCH1.SchdAbsTm.val(179): 0.0
calling GetDataValues(ied1lDevice1/DSCH1.SchdAbsTm.val(180))
21:48:07.059 [openiec61850-osi-server-3-thread-1] DEBUG com.beanit.openiec61850.ServerAssociation - Got a GetDataValues request for node: ied1lDevice1/DSCH1.SchdAbsTm.val(180): 0.0
calling GetDataValues(ied1lDevice1/DSCH1.SchdAbsTm.val(181))
21:48:07.060 [openiec61850-osi-server-3-thread-1] DEBUG com.beanit.openiec61850.ServerAssociation - Got a GetDataValues request for node: ied1lDevice1/DSCH1.SchdAbsTm.val(181): 0.0
calling GetDataValues(ied1lDevice1/DSCH1.SchdAbsTm.val(182))
21:48:07.060 [openiec61850-osi-server-3-thread-1] DEBUG com.beanit.openiec61850.ServerAssociation - Got a GetDataValues request for node: ied1lDevice1/DSCH1.SchdAbsTm.val(182): 0.0
calling GetDataValues(ied1lDevice1/DSCH1.SchdAbsTm.val(183))
21:48:07.060 [openiec61850-osi-server-3-thread-1] DEBUG com.beanit.openiec61850.ServerAssociation - Got a GetDataValues request for node: ied1lDevice1/DSCH1.SchdAbsTm.val(183): 0.0
calling GetDataValues(ied1lDevice1/DSCH1.SchdAbsTm.val(184))
21:48:07.060 [openiec61850-osi-server-3-thread-1] DEBUG com.beanit.openiec61850.ServerAssociation - Got a GetDataValues request for node: ied1lDevice1/DSCH1.SchdAbsTm.val(184): 0.0
calling GetDataValues(ied1lDevice1/DSCH1.SchdAbsTm.val(185))
21:48:07.060 [openiec61850-osi-server-3-thread-1] DEBUG com.beanit.openiec61850.ServerAssociation - Got a GetDataValues request for node: ied1lDevice1/DSCH1.SchdAbsTm.val(185): 0.0
calling GetDataValues(ied1lDevice1/DSCH1.SchdAbsTm.val(186))
21:48:07.061 [openiec61850-osi-server-3-thread-1] DEBUG com.beanit.openiec61850.ServerAssociation - Got a GetDataValues request for node: ied1lDevice1/DSCH1.SchdAbsTm.val(186): 0.0
calling GetDataValues(ied1lDevice1/DSCH1.SchdAbsTm.val(187))
21:48:07.061 [openiec61850-osi-server-3-thread-1] DEBUG com.beanit.openiec61850.ServerAssociation - Got a GetDataValues request for node: ied1lDevice1/DSCH1.SchdAbsTm.val(187): 0.0
calling GetDataValues(ied1lDevice1/DSCH1.SchdAbsTm.val(188))
21:48:07.061 [openiec61850-osi-server-3-thread-1] DEBUG com.beanit.openiec61850.ServerAssociation - Got a GetDataValues request for node: ied1lDevice1/DSCH1.SchdAbsTm.val(188): 0.0
calling GetDataValues(ied1lDevice1/DSCH1.SchdAbsTm.val(189))
21:48:07.061 [openiec61850-osi-server-3-thread-1] DEBUG com.beanit.openiec61850.ServerAssociation - Got a GetDataValues request for node: ied1lDevice1/DSCH1.SchdAbsTm.val(189): 0.0
calling GetDataValues(ied1lDevice1/DSCH1.SchdAbsTm.val(190))
21:48:07.062 [openiec61850-osi-server-3-thread-1] DEBUG com.beanit.openiec61850.ServerAssociation - Got a GetDataValues request for node: ied1lDevice1/DSCH1.SchdAbsTm.val(190): 0.0
calling GetDataValues(ied1lDevice1/DSCH1.SchdAbsTm.val(191))
21:48:07.062 [openiec61850-osi-server-3-thread-1] DEBUG com.beanit.openiec61850.ServerAssociation - Got a GetDataValues request for node: ied1lDevice1/DSCH1.SchdAbsTm.val(191): 0.0
calling GetDataValues(ied1lDevice1/DSCH1.SchdAbsTm.val(192))
21:48:07.062 [openiec61850-osi-server-3-thread-1] DEBUG com.beanit.openiec61850.ServerAssociation - Got a GetDataValues request for node: ied1lDevice1/DSCH1.SchdAbsTm.val(192): 0.0
calling GetDataValues(ied1lDevice1/DSCH1.SchdAbsTm.val(193))
21:48:07.062 [openiec61850-osi-server-3-thread-1] DEBUG com.beanit.openiec61850.ServerAssociation - Got a GetDataValues request for node: ied1lDevice1/DSCH1.SchdAbsTm.val(193): 0.0
calling GetDataValues(ied1lDevice1/DSCH1.SchdAbsTm.val(194))
21:48:07.062 [openiec61850-osi-server-3-thread-1] DEBUG com.beanit.openiec61850.ServerAssociation - Got a GetDataValues request for node: ied1lDevice1/DSCH1.SchdAbsTm.val(194): 0.0
calling GetDataValues(ied1lDevice1/DSCH1.SchdAbsTm.val(195))
21:48:07.063 [openiec61850-osi-server-3-thread-1] DEBUG com.beanit.openiec61850.ServerAssociation - Got a GetDataValues request for node: ied1lDevice1/DSCH1.SchdAbsTm.val(195): 0.0
calling GetDataValues(ied1lDevice1/DSCH1.SchdAbsTm.val(196))
21:48:07.063 [openiec61850-osi-server-3-thread-1] DEBUG com.beanit.openiec61850.ServerAssociation - Got a GetDataValues request for node: ied1lDevice1/DSCH1.SchdAbsTm.val(196): 0.0
calling GetDataValues(ied1lDevice1/DSCH1.SchdAbsTm.val(197))
21:48:07.063 [openiec61850-osi-server-3-thread-1] DEBUG com.beanit.openiec61850.ServerAssociation - Got a GetDataValues request for node: ied1lDevice1/DSCH1.SchdAbsTm.val(197): 0.0
calling GetDataValues(ied1lDevice1/DSCH1.SchdAbsTm.val(198))
21:48:07.063 [openiec61850-osi-server-3-thread-1] DEBUG com.beanit.openiec61850.ServerAssociation - Got a GetDataValues request for node: ied1lDevice1/DSCH1.SchdAbsTm.val(198): 0.0
calling GetDataValues(ied1lDevice1/DSCH1.SchdAbsTm.val(199))
21:48:07.063 [openiec61850-osi-server-3-thread-1] DEBUG com.beanit.openiec61850.ServerAssociation - Got a GetDataValues request for node: ied1lDevice1/DSCH1.SchdAbsTm.val(199): 0.0
calling GetDataValues(ied1lDevice1/DSCH1.SchdAbsTm.val(200))
21:48:07.064 [openiec61850-osi-server-3-thread-1] DEBUG com.beanit.openiec61850.ServerAssociation - Got a GetDataValues request for node: ied1lDevice1/DSCH1.SchdAbsTm.val(200): 0.0
calling GetDataValues(ied1lDevice1/DSCH1.SchdAbsTm.val(201))
21:48:07.064 [openiec61850-osi-server-3-thread-1] DEBUG com.beanit.openiec61850.ServerAssociation - Got a GetDataValues request for node: ied1lDevice1/DSCH1.SchdAbsTm.val(201): 0.0
calling GetDataValues(ied1lDevice1/DSCH1.SchdAbsTm.val(202))
21:48:07.064 [openiec61850-osi-server-3-thread-1] DEBUG com.beanit.openiec61850.ServerAssociation - Got a GetDataValues request for node: ied1lDevice1/DSCH1.SchdAbsTm.val(202): 0.0
calling GetDataValues(ied1lDevice1/DSCH1.SchdAbsTm.val(203))
21:48:07.065 [openiec61850-osi-server-3-thread-1] DEBUG com.beanit.openiec61850.ServerAssociation - Got a GetDataValues request for node: ied1lDevice1/DSCH1.SchdAbsTm.val(203): 0.0
calling GetDataValues(ied1lDevice1/DSCH1.SchdAbsTm.val(204))
21:48:07.065 [openiec61850-osi-server-3-thread-1] DEBUG com.beanit.openiec61850.ServerAssociation - Got a GetDataValues request for node: ied1lDevice1/DSCH1.SchdAbsTm.val(204): 0.0
calling GetDataValues(ied1lDevice1/DSCH1.SchdAbsTm.val(205))
21:48:07.065 [openiec61850-osi-server-3-thread-1] DEBUG com.beanit.openiec61850.ServerAssociation - Got a GetDataValues request for node: ied1lDevice1/DSCH1.SchdAbsTm.val(205): 0.0
calling GetDataValues(ied1lDevice1/DSCH1.SchdAbsTm.val(206))
21:48:07.065 [openiec61850-osi-server-3-thread-1] DEBUG com.beanit.openiec61850.ServerAssociation - Got a GetDataValues request for node: ied1lDevice1/DSCH1.SchdAbsTm.val(206): 0.0
calling GetDataValues(ied1lDevice1/DSCH1.SchdAbsTm.val(207))
21:48:07.066 [openiec61850-osi-server-3-thread-1] DEBUG com.beanit.openiec61850.ServerAssociation - Got a GetDataValues request for node: ied1lDevice1/DSCH1.SchdAbsTm.val(207): 0.0
calling GetDataValues(ied1lDevice1/DSCH1.SchdAbsTm.val(208))
21:48:07.066 [openiec61850-osi-server-3-thread-1] DEBUG com.beanit.openiec61850.ServerAssociation - Got a GetDataValues request for node: ied1lDevice1/DSCH1.SchdAbsTm.val(208): 0.0
calling GetDataValues(ied1lDevice1/DSCH1.SchdAbsTm.val(209))
21:48:07.066 [openiec61850-osi-server-3-thread-1] DEBUG com.beanit.openiec61850.ServerAssociation - Got a GetDataValues request for node: ied1lDevice1/DSCH1.SchdAbsTm.val(209): 0.0
calling GetDataValues(ied1lDevice1/DSCH1.SchdAbsTm.val(210))
21:48:07.067 [openiec61850-osi-server-3-thread-1] DEBUG com.beanit.openiec61850.ServerAssociation - Got a GetDataValues request for node: ied1lDevice1/DSCH1.SchdAbsTm.val(210): 0.0
calling GetDataValues(ied1lDevice1/DSCH1.SchdAbsTm.val(211))
21:48:07.067 [openiec61850-osi-server-3-thread-1] DEBUG com.beanit.openiec61850.ServerAssociation - Got a GetDataValues request for node: ied1lDevice1/DSCH1.SchdAbsTm.val(211): 0.0
calling GetDataValues(ied1lDevice1/DSCH1.SchdAbsTm.val(212))
21:48:07.067 [openiec61850-osi-server-3-thread-1] DEBUG com.beanit.openiec61850.ServerAssociation - Got a GetDataValues request for node: ied1lDevice1/DSCH1.SchdAbsTm.val(212): 0.0
calling GetDataValues(ied1lDevice1/DSCH1.SchdAbsTm.val(213))
21:48:07.067 [openiec61850-osi-server-3-thread-1] DEBUG com.beanit.openiec61850.ServerAssociation - Got a GetDataValues request for node: ied1lDevice1/DSCH1.SchdAbsTm.val(213): 0.0
calling GetDataValues(ied1lDevice1/DSCH1.SchdAbsTm.val(214))
21:48:07.067 [openiec61850-osi-server-3-thread-1] DEBUG com.beanit.openiec61850.ServerAssociation - Got a GetDataValues request for node: ied1lDevice1/DSCH1.SchdAbsTm.val(214): 0.0
calling GetDataValues(ied1lDevice1/DSCH1.SchdAbsTm.val(215))
21:48:07.068 [openiec61850-osi-server-3-thread-1] DEBUG com.beanit.openiec61850.ServerAssociation - Got a GetDataValues request for node: ied1lDevice1/DSCH1.SchdAbsTm.val(215): 0.0
calling GetDataValues(ied1lDevice1/DSCH1.SchdAbsTm.val(216))
21:48:07.068 [openiec61850-osi-server-3-thread-1] DEBUG com.beanit.openiec61850.ServerAssociation - Got a GetDataValues request for node: ied1lDevice1/DSCH1.SchdAbsTm.val(216): 0.0
calling GetDataValues(ied1lDevice1/DSCH1.SchdAbsTm.val(217))
21:48:07.068 [openiec61850-osi-server-3-thread-1] DEBUG com.beanit.openiec61850.ServerAssociation - Got a GetDataValues request for node: ied1lDevice1/DSCH1.SchdAbsTm.val(217): 0.0
calling GetDataValues(ied1lDevice1/DSCH1.SchdAbsTm.val(218))
21:48:07.068 [openiec61850-osi-server-3-thread-1] DEBUG com.beanit.openiec61850.ServerAssociation - Got a GetDataValues request for node: ied1lDevice1/DSCH1.SchdAbsTm.val(218): 0.0
calling GetDataValues(ied1lDevice1/DSCH1.SchdAbsTm.val(219))
21:48:07.068 [openiec61850-osi-server-3-thread-1] DEBUG com.beanit.openiec61850.ServerAssociation - Got a GetDataValues request for node: ied1lDevice1/DSCH1.SchdAbsTm.val(219): 0.0
calling GetDataValues(ied1lDevice1/DSCH1.SchdAbsTm.val(220))
21:48:07.069 [openiec61850-osi-server-3-thread-1] DEBUG com.beanit.openiec61850.ServerAssociation - Got a GetDataValues request for node: ied1lDevice1/DSCH1.SchdAbsTm.val(220): 0.0
calling GetDataValues(ied1lDevice1/DSCH1.SchdAbsTm.val(221))
21:48:07.069 [openiec61850-osi-server-3-thread-1] DEBUG com.beanit.openiec61850.ServerAssociation - Got a GetDataValues request for node: ied1lDevice1/DSCH1.SchdAbsTm.val(221): 0.0
calling GetDataValues(ied1lDevice1/DSCH1.SchdAbsTm.val(222))
21:48:07.069 [openiec61850-osi-server-3-thread-1] DEBUG com.beanit.openiec61850.ServerAssociation - Got a GetDataValues request for node: ied1lDevice1/DSCH1.SchdAbsTm.val(222): 0.0
calling GetDataValues(ied1lDevice1/DSCH1.SchdAbsTm.val(223))
21:48:07.069 [openiec61850-osi-server-3-thread-1] DEBUG com.beanit.openiec61850.ServerAssociation - Got a GetDataValues request for node: ied1lDevice1/DSCH1.SchdAbsTm.val(223): 0.0
calling GetDataValues(ied1lDevice1/DSCH1.SchdAbsTm.val(224))
21:48:07.070 [openiec61850-osi-server-3-thread-1] DEBUG com.beanit.openiec61850.ServerAssociation - Got a GetDataValues request for node: ied1lDevice1/DSCH1.SchdAbsTm.val(224): 0.0
calling GetDataValues(ied1lDevice1/DSCH1.SchdAbsTm.val(225))
21:48:07.070 [openiec61850-osi-server-3-thread-1] DEBUG com.beanit.openiec61850.ServerAssociation - Got a GetDataValues request for node: ied1lDevice1/DSCH1.SchdAbsTm.val(225): 0.0
calling GetDataValues(ied1lDevice1/DSCH1.SchdAbsTm.val(226))
21:48:07.070 [openiec61850-osi-server-3-thread-1] DEBUG com.beanit.openiec61850.ServerAssociation - Got a GetDataValues request for node: ied1lDevice1/DSCH1.SchdAbsTm.val(226): 0.0
calling GetDataValues(ied1lDevice1/DSCH1.SchdAbsTm.val(227))
21:48:07.070 [openiec61850-osi-server-3-thread-1] DEBUG com.beanit.openiec61850.ServerAssociation - Got a GetDataValues request for node: ied1lDevice1/DSCH1.SchdAbsTm.val(227): 0.0
calling GetDataValues(ied1lDevice1/DSCH1.SchdAbsTm.val(228))
21:48:07.070 [openiec61850-osi-server-3-thread-1] DEBUG com.beanit.openiec61850.ServerAssociation - Got a GetDataValues request for node: ied1lDevice1/DSCH1.SchdAbsTm.val(228): 0.0
calling GetDataValues(ied1lDevice1/DSCH1.SchdAbsTm.val(229))
21:48:07.071 [openiec61850-osi-server-3-thread-1] DEBUG com.beanit.openiec61850.ServerAssociation - Got a GetDataValues request for node: ied1lDevice1/DSCH1.SchdAbsTm.val(229): 0.0
calling GetDataValues(ied1lDevice1/DSCH1.SchdAbsTm.val(230))
21:48:07.071 [openiec61850-osi-server-3-thread-1] DEBUG com.beanit.openiec61850.ServerAssociation - Got a GetDataValues request for node: ied1lDevice1/DSCH1.SchdAbsTm.val(230): 0.0
calling GetDataValues(ied1lDevice1/DSCH1.SchdAbsTm.val(231))
21:48:07.071 [openiec61850-osi-server-3-thread-1] DEBUG com.beanit.openiec61850.ServerAssociation - Got a GetDataValues request for node: ied1lDevice1/DSCH1.SchdAbsTm.val(231): 0.0
calling GetDataValues(ied1lDevice1/DSCH1.SchdAbsTm.val(232))
21:48:07.071 [openiec61850-osi-server-3-thread-1] DEBUG com.beanit.openiec61850.ServerAssociation - Got a GetDataValues request for node: ied1lDevice1/DSCH1.SchdAbsTm.val(232): 0.0
calling GetDataValues(ied1lDevice1/DSCH1.SchdAbsTm.val(233))
21:48:07.072 [openiec61850-osi-server-3-thread-1] DEBUG com.beanit.openiec61850.ServerAssociation - Got a GetDataValues request for node: ied1lDevice1/DSCH1.SchdAbsTm.val(233): 0.0
calling GetDataValues(ied1lDevice1/DSCH1.SchdAbsTm.val(234))
21:48:07.072 [openiec61850-osi-server-3-thread-1] DEBUG com.beanit.openiec61850.ServerAssociation - Got a GetDataValues request for node: ied1lDevice1/DSCH1.SchdAbsTm.val(234): 0.0
calling GetDataValues(ied1lDevice1/DSCH1.SchdAbsTm.val(235))
21:48:07.072 [openiec61850-osi-server-3-thread-1] DEBUG com.beanit.openiec61850.ServerAssociation - Got a GetDataValues request for node: ied1lDevice1/DSCH1.SchdAbsTm.val(235): 0.0
calling GetDataValues(ied1lDevice1/DSCH1.SchdAbsTm.val(236))
21:48:07.072 [openiec61850-osi-server-3-thread-1] DEBUG com.beanit.openiec61850.ServerAssociation - Got a GetDataValues request for node: ied1lDevice1/DSCH1.SchdAbsTm.val(236): 0.0
calling GetDataValues(ied1lDevice1/DSCH1.SchdAbsTm.val(237))
21:48:07.073 [openiec61850-osi-server-3-thread-1] DEBUG com.beanit.openiec61850.ServerAssociation - Got a GetDataValues request for node: ied1lDevice1/DSCH1.SchdAbsTm.val(237): 0.0
calling GetDataValues(ied1lDevice1/DSCH1.SchdAbsTm.val(238))
21:48:07.073 [openiec61850-osi-server-3-thread-1] DEBUG com.beanit.openiec61850.ServerAssociation - Got a GetDataValues request for node: ied1lDevice1/DSCH1.SchdAbsTm.val(238): 0.0
calling GetDataValues(ied1lDevice1/DSCH1.SchdAbsTm.val(239))
21:48:07.073 [openiec61850-osi-server-3-thread-1] DEBUG com.beanit.openiec61850.ServerAssociation - Got a GetDataValues request for node: ied1lDevice1/DSCH1.SchdAbsTm.val(239): 0.0
calling GetDataValues(ied1lDevice1/DSCH1.SchdAbsTm.val(240))
21:48:07.073 [openiec61850-osi-server-3-thread-1] DEBUG com.beanit.openiec61850.ServerAssociation - Got a GetDataValues request for node: ied1lDevice1/DSCH1.SchdAbsTm.val(240): 0.0
calling GetDataValues(ied1lDevice1/DSCH1.SchdAbsTm.val(241))
21:48:07.073 [openiec61850-osi-server-3-thread-1] DEBUG com.beanit.openiec61850.ServerAssociation - Got a GetDataValues request for node: ied1lDevice1/DSCH1.SchdAbsTm.val(241): 0.0
calling GetDataValues(ied1lDevice1/DSCH1.SchdAbsTm.val(242))
21:48:07.074 [openiec61850-osi-server-3-thread-1] DEBUG com.beanit.openiec61850.ServerAssociation - Got a GetDataValues request for node: ied1lDevice1/DSCH1.SchdAbsTm.val(242): 0.0
calling GetDataValues(ied1lDevice1/DSCH1.SchdAbsTm.val(243))
21:48:07.074 [openiec61850-osi-server-3-thread-1] DEBUG com.beanit.openiec61850.ServerAssociation - Got a GetDataValues request for node: ied1lDevice1/DSCH1.SchdAbsTm.val(243): 0.0
calling GetDataValues(ied1lDevice1/DSCH1.SchdAbsTm.val(244))
21:48:07.074 [openiec61850-osi-server-3-thread-1] DEBUG com.beanit.openiec61850.ServerAssociation - Got a GetDataValues request for node: ied1lDevice1/DSCH1.SchdAbsTm.val(244): 0.0
calling GetDataValues(ied1lDevice1/DSCH1.SchdAbsTm.val(245))
21:48:07.074 [openiec61850-osi-server-3-thread-1] DEBUG com.beanit.openiec61850.ServerAssociation - Got a GetDataValues request for node: ied1lDevice1/DSCH1.SchdAbsTm.val(245): 0.0
calling GetDataValues(ied1lDevice1/DSCH1.SchdAbsTm.val(246))
21:48:07.074 [openiec61850-osi-server-3-thread-1] DEBUG com.beanit.openiec61850.ServerAssociation - Got a GetDataValues request for node: ied1lDevice1/DSCH1.SchdAbsTm.val(246): 0.0
calling GetDataValues(ied1lDevice1/DSCH1.SchdAbsTm.val(247))
21:48:07.075 [openiec61850-osi-server-3-thread-1] DEBUG com.beanit.openiec61850.ServerAssociation - Got a GetDataValues request for node: ied1lDevice1/DSCH1.SchdAbsTm.val(247): 0.0
calling GetDataValues(ied1lDevice1/DSCH1.SchdAbsTm.val(248))
21:48:07.075 [openiec61850-osi-server-3-thread-1] DEBUG com.beanit.openiec61850.ServerAssociation - Got a GetDataValues request for node: ied1lDevice1/DSCH1.SchdAbsTm.val(248): 0.0
calling GetDataValues(ied1lDevice1/DSCH1.SchdAbsTm.val(249))
21:48:07.075 [openiec61850-osi-server-3-thread-1] DEBUG com.beanit.openiec61850.ServerAssociation - Got a GetDataValues request for node: ied1lDevice1/DSCH1.SchdAbsTm.val(249): 0.0
calling GetDataValues(ied1lDevice1/DSCH1.SchdAbsTm.val(250))
21:48:07.075 [openiec61850-osi-server-3-thread-1] DEBUG com.beanit.openiec61850.ServerAssociation - Got a GetDataValues request for node: ied1lDevice1/DSCH1.SchdAbsTm.val(250): 0.0
calling GetDataValues(ied1lDevice1/DSCH1.SchdAbsTm.val(251))
21:48:07.075 [openiec61850-osi-server-3-thread-1] DEBUG com.beanit.openiec61850.ServerAssociation - Got a GetDataValues request for node: ied1lDevice1/DSCH1.SchdAbsTm.val(251): 0.0
calling GetDataValues(ied1lDevice1/DSCH1.SchdAbsTm.val(252))
21:48:07.076 [openiec61850-osi-server-3-thread-1] DEBUG com.beanit.openiec61850.ServerAssociation - Got a GetDataValues request for node: ied1lDevice1/DSCH1.SchdAbsTm.val(252): 0.0
calling GetDataValues(ied1lDevice1/DSCH1.SchdAbsTm.val(253))
21:48:07.076 [openiec61850-osi-server-3-thread-1] DEBUG com.beanit.openiec61850.ServerAssociation - Got a GetDataValues request for node: ied1lDevice1/DSCH1.SchdAbsTm.val(253): 0.0
calling GetDataValues(ied1lDevice1/DSCH1.SchdAbsTm.val(254))
21:48:07.076 [openiec61850-osi-server-3-thread-1] DEBUG com.beanit.openiec61850.ServerAssociation - Got a GetDataValues request for node: ied1lDevice1/DSCH1.SchdAbsTm.val(254): 0.0
calling GetDataValues(ied1lDevice1/DSCH1.SchdAbsTm.sptestval1)
21:48:07.076 [openiec61850-osi-server-3-thread-1] DEBUG com.beanit.openiec61850.ServerAssociation - Got a GetDataValues request for node: ied1lDevice1/DSCH1.SchdAbsTm.sptestval1: 0
calling GetDataValues(ied1lDevice1/DSCH1.SchdAbsTm.sptestval2)
21:48:07.076 [openiec61850-osi-server-3-thread-1] DEBUG com.beanit.openiec61850.ServerAssociation - Got a GetDataValues request for node: ied1lDevice1/DSCH1.SchdAbsTm.sptestval2: 0
21:48:07.076 [openiec61850-osi-server-3-thread-1] DEBUG com.beanit.openiec61850.ServerAssociation - Got a GetDataValues request for node: ied1lDevice1/MMXU1.TotW.t: Thu Jan 01 01:00:00 CET 1970
21:48:07.078 [openiec61850-osi-server-3-thread-1] DEBUG com.beanit.openiec61850.ServerAssociation - Got a Write request
21:48:07.079 [openiec61850-osi-server-3-thread-1] DEBUG com.beanit.openiec61850.ServerAssociation - Got a SetDataValues request.
DataSource: got write request
21:48:07.079 [openiec61850-osi-server-3-thread-1] DEBUG com.beanit.openiec61850.ServerAssociation - Got a GetDataValues request for node: ied1lDevice1/LLN0.NamPlt.vendor: Fraunhofer ISE
21:48:07.080 [openiec61850-osi-server-3-thread-1] DEBUG com.beanit.openiec61850.ServerAssociation - Got a Write request
21:48:07.080 [openiec61850-osi-server-3-thread-1] DEBUG com.beanit.openiec61850.ServerAssociation - Got a SetDataSetValues request.
DataSource: got write request
21:48:07.080 [openiec61850-osi-server-3-thread-1] DEBUG com.beanit.openiec61850.ServerAssociation - Got a GetDataSetValues request.
21:48:07.081 [openiec61850-osi-server-3-thread-1] DEBUG com.beanit.openiec61850.ServerAssociation - Got a CreateDataSet request
21:48:07.082 [openiec61850-osi-server-3-thread-1] DEBUG com.beanit.openiec61850.ServerAssociation - Got a GetDataSetValues request.
21:48:07.083 [openiec61850-osi-server-3-thread-1] DEBUG com.beanit.openiec61850.ServerAssociation - Got a DeleteDataSet request
21:48:07.084 [openiec61850-osi-server-3-thread-1] DEBUG com.beanit.openiec61850.ServerAssociation - Got a GetDataSetValues request.
21:48:07.084 [openiec61850-osi-server-3-thread-1] WARN com.beanit.openiec61850.ServerAssociation - handleGetDataSetValuesRequest: a DataSet with the given reference does not exist
21:48:07.087 [openiec61850-osi-server-3-thread-1] DEBUG com.beanit.openiec61850.ServerAssociation - Got a GetDataSetValues request.
21:48:07.087 [openiec61850-osi-server-3-thread-1] DEBUG com.beanit.openiec61850.ServerAssociation - Got a GetDataValues request for node: ied1lDevice1/CSWI1.PosA.SBO: ''
21:48:07.087 [openiec61850-osi-server-3-thread-1] DEBUG com.beanit.openiec61850.ServerAssociation - Got a GetDataValues request for node: ied1lDevice1/CSWI1.PosA.SBO: ''
21:48:07.091 [openiec61850-osi-server-4-thread-2] DEBUG com.beanit.openiec61850.ServerAssociation - Got a GetServerDirectory (MMS GetNameList[DOMAIN]) request
21:48:07.093 [openiec61850-osi-server-4-thread-2] DEBUG com.beanit.openiec61850.ServerAssociation - Got a Get{LD|LN}Directory (MMS GetNameList[NAMED_VARIABLE]) request
21:48:07.096 [openiec61850-osi-server-4-thread-2] DEBUG com.beanit.openiec61850.ServerAssociation - Got a GetDataDirectory/GetDataDefinition (MMS GetVariableAccessAttributes) request
21:48:07.102 [openiec61850-osi-server-4-thread-2] DEBUG com.beanit.openiec61850.ServerAssociation - Got a GetDataDirectory/GetDataDefinition (MMS GetVariableAccessAttributes) request
21:48:07.102 [openiec61850-osi-server-4-thread-2] DEBUG com.beanit.openiec61850.ServerAssociation - Got a GetDataDirectory/GetDataDefinition (MMS GetVariableAccessAttributes) request
21:48:07.104 [openiec61850-osi-server-4-thread-2] DEBUG com.beanit.openiec61850.ServerAssociation - Got a GetDataDirectory/GetDataDefinition (MMS GetVariableAccessAttributes) request
21:48:07.105 [openiec61850-osi-server-4-thread-2] DEBUG com.beanit.openiec61850.ServerAssociation - Got a GetDataDirectory/GetDataDefinition (MMS GetVariableAccessAttributes) request
21:48:07.107 [openiec61850-osi-server-4-thread-2] DEBUG com.beanit.openiec61850.ServerAssociation - Got a GetLogicalNodeDirectory[DataSet] (MMS GetNameList[NAMED_VARIABLE_LIST]) request
21:48:07.107 [openiec61850-osi-server-4-thread-2] DEBUG com.beanit.openiec61850.ServerAssociation - Got a GetDataSetDirectory request
21:48:07.108 [openiec61850-osi-server-4-thread-2] DEBUG com.beanit.openiec61850.ServerAssociation - Got a GetDataSetDirectory request
21:48:07.109 [openiec61850-osi-server-4-thread-2] DEBUG com.beanit.openiec61850.ServerAssociation - Got a GetDataValues request for node: ied1lDevice1/CSWI1.PosA.SBO: ''
21:48:08.109 [openiec61850-osi-server-4-thread-2] DEBUG com.beanit.openiec61850.ServerAssociation - Got a GetDataValues request for node: ied1lDevice1/CSWI1.PosA.SBO: ''
21:48:08.110 [openiec61850-osi-server-3-thread-1] DEBUG com.beanit.openiec61850.ServerAssociation - Got a GetDataValues request for node: ied1lDevice1/CSWI1.PosA.SBO: ''
21:48:08.110 [openiec61850-osi-server-4-thread-2] DEBUG com.beanit.openiec61850.ServerAssociation - Connection was closed by client.
Association closed!
Connection closed by client
21:48:08.211 [openiec61850-osi-server-3-thread-1] DEBUG com.beanit.openiec61850.ServerAssociation - Got a GetDataValues request for node: ied1lDevice1/CSWI1.PosA.SBO: ''
21:48:08.212 [openiec61850-osi-server-3-thread-1] DEBUG com.beanit.openiec61850.ServerAssociation - Got a Write request
21:48:08.212 [openiec61850-osi-server-3-thread-1] DEBUG com.beanit.openiec61850.ServerAssociation - Got a SetDataValues request.
DataSource: got write request
21:48:08.212 [openiec61850-osi-server-3-thread-1] DEBUG com.beanit.openiec61850.ServerAssociation - Got a GetDataValues request for node: ied1lDevice1/LLN0.urcb101 [RP]
ied1lDevice1/LLN0.urcb101.RptID: urcb1
ied1lDevice1/LLN0.urcb101.RptEna: false
ied1lDevice1/LLN0.urcb101.Resv: false
ied1lDevice1/LLN0.urcb101.DatSet: ied1lDevice1/LLN0$dataset1
ied1lDevice1/LLN0.urcb101.ConfRev: 0
ied1lDevice1/LLN0.urcb101.OptFlds: 0x78 0x00
ied1lDevice1/LLN0.urcb101.BufTm: 50
ied1lDevice1/LLN0.urcb101.SqNum: 0
ied1lDevice1/LLN0.urcb101.TrgOps: 0x74, data change: true, data update: true, quality change:true, integrity period: false, GI: true
ied1lDevice1/LLN0.urcb101.IntgPd: 5000
ied1lDevice1/LLN0.urcb101.GI: false
ied1lDevice1/LLN0.urcb101.Owner: []
21:48:08.212 [openiec61850-osi-server-3-thread-1] DEBUG com.beanit.openiec61850.ServerAssociation - sub BDA is:ied1lDevice1/LLN0.urcb101.RptID: urcb1
21:48:08.212 [openiec61850-osi-server-3-thread-1] DEBUG com.beanit.openiec61850.ServerAssociation - sub BDA is:ied1lDevice1/LLN0.urcb101.RptEna: false
21:48:08.212 [openiec61850-osi-server-3-thread-1] DEBUG com.beanit.openiec61850.ServerAssociation - sub BDA is:ied1lDevice1/LLN0.urcb101.Resv: false
21:48:08.212 [openiec61850-osi-server-3-thread-1] DEBUG com.beanit.openiec61850.ServerAssociation - sub BDA is:ied1lDevice1/LLN0.urcb101.DatSet: ied1lDevice1/LLN0$dataset1
21:48:08.212 [openiec61850-osi-server-3-thread-1] DEBUG com.beanit.openiec61850.ServerAssociation - sub BDA is:ied1lDevice1/LLN0.urcb101.ConfRev: 0
21:48:08.212 [openiec61850-osi-server-3-thread-1] DEBUG com.beanit.openiec61850.ServerAssociation - sub BDA is:ied1lDevice1/LLN0.urcb101.OptFlds: 0x78 0x00
21:48:08.212 [openiec61850-osi-server-3-thread-1] DEBUG com.beanit.openiec61850.ServerAssociation - sub BDA is:ied1lDevice1/LLN0.urcb101.BufTm: 50
21:48:08.212 [openiec61850-osi-server-3-thread-1] DEBUG com.beanit.openiec61850.ServerAssociation - sub BDA is:ied1lDevice1/LLN0.urcb101.SqNum: 0
21:48:08.212 [openiec61850-osi-server-3-thread-1] DEBUG com.beanit.openiec61850.ServerAssociation - sub BDA is:ied1lDevice1/LLN0.urcb101.TrgOps: 0x74, data change: true, data update: true, quality change:true, integrity period: false, GI: true
21:48:08.212 [openiec61850-osi-server-3-thread-1] DEBUG com.beanit.openiec61850.ServerAssociation - sub BDA is:ied1lDevice1/LLN0.urcb101.IntgPd: 5000
21:48:08.212 [openiec61850-osi-server-3-thread-1] DEBUG com.beanit.openiec61850.ServerAssociation - sub BDA is:ied1lDevice1/LLN0.urcb101.GI: false
21:48:08.212 [openiec61850-osi-server-3-thread-1] DEBUG com.beanit.openiec61850.ServerAssociation - sub BDA is:ied1lDevice1/LLN0.urcb101.Owner: []
21:48:08.212 [openiec61850-osi-server-3-thread-1] DEBUG com.beanit.openiec61850.ServerAssociation - Got a GetDataValues request for node: ied1lDevice1/LLN0.urcb2 [RP]
ied1lDevice1/LLN0.urcb2.RptID: ied1lDevice1/LLN0.urcb2
ied1lDevice1/LLN0.urcb2.RptEna: false
ied1lDevice1/LLN0.urcb2.Resv: false
ied1lDevice1/LLN0.urcb2.DatSet: ied1lDevice1/LLN0$dataset1
ied1lDevice1/LLN0.urcb2.ConfRev: 0
ied1lDevice1/LLN0.urcb2.OptFlds: 0x00 0x00
ied1lDevice1/LLN0.urcb2.BufTm: 0
ied1lDevice1/LLN0.urcb2.SqNum: 0
ied1lDevice1/LLN0.urcb2.TrgOps: 0x04, data change: false, data update: false, quality change:false, integrity period: false, GI: true
ied1lDevice1/LLN0.urcb2.IntgPd: 0
ied1lDevice1/LLN0.urcb2.GI: false
ied1lDevice1/LLN0.urcb2.Owner: []
21:48:08.212 [openiec61850-osi-server-3-thread-1] DEBUG com.beanit.openiec61850.ServerAssociation - sub BDA is:ied1lDevice1/LLN0.urcb2.RptID: ied1lDevice1/LLN0.urcb2
21:48:08.213 [openiec61850-osi-server-3-thread-1] DEBUG com.beanit.openiec61850.ServerAssociation - sub BDA is:ied1lDevice1/LLN0.urcb2.RptEna: false
21:48:08.213 [openiec61850-osi-server-3-thread-1] DEBUG com.beanit.openiec61850.ServerAssociation - sub BDA is:ied1lDevice1/LLN0.urcb2.Resv: false
21:48:08.213 [openiec61850-osi-server-3-thread-1] DEBUG com.beanit.openiec61850.ServerAssociation - sub BDA is:ied1lDevice1/LLN0.urcb2.DatSet: ied1lDevice1/LLN0$dataset1
21:48:08.213 [openiec61850-osi-server-3-thread-1] DEBUG com.beanit.openiec61850.ServerAssociation - sub BDA is:ied1lDevice1/LLN0.urcb2.ConfRev: 0
21:48:08.213 [openiec61850-osi-server-3-thread-1] DEBUG com.beanit.openiec61850.ServerAssociation - sub BDA is:ied1lDevice1/LLN0.urcb2.OptFlds: 0x00 0x00
21:48:08.213 [openiec61850-osi-server-3-thread-1] DEBUG com.beanit.openiec61850.ServerAssociation - sub BDA is:ied1lDevice1/LLN0.urcb2.BufTm: 0
21:48:08.213 [openiec61850-osi-server-3-thread-1] DEBUG com.beanit.openiec61850.ServerAssociation - sub BDA is:ied1lDevice1/LLN0.urcb2.SqNum: 0
21:48:08.213 [openiec61850-osi-server-3-thread-1] DEBUG com.beanit.openiec61850.ServerAssociation - sub BDA is:ied1lDevice1/LLN0.urcb2.TrgOps: 0x04, data change: false, data update: false, quality change:false, integrity period: false, GI: true
21:48:08.213 [openiec61850-osi-server-3-thread-1] DEBUG com.beanit.openiec61850.ServerAssociation - sub BDA is:ied1lDevice1/LLN0.urcb2.IntgPd: 0
21:48:08.213 [openiec61850-osi-server-3-thread-1] DEBUG com.beanit.openiec61850.ServerAssociation - sub BDA is:ied1lDevice1/LLN0.urcb2.GI: false
21:48:08.213 [openiec61850-osi-server-3-thread-1] DEBUG com.beanit.openiec61850.ServerAssociation - sub BDA is:ied1lDevice1/LLN0.urcb2.Owner: []
21:48:08.213 [openiec61850-osi-server-3-thread-1] DEBUG com.beanit.openiec61850.ServerAssociation - Got a GetDataValues request for node: ied1lDevice1/LLN0.urcb101.Resv: false
21:48:08.213 [openiec61850-osi-server-3-thread-1] DEBUG com.beanit.openiec61850.ServerAssociation - Got a Write request
21:48:08.213 [openiec61850-osi-server-3-thread-1] DEBUG com.beanit.openiec61850.ServerAssociation - Got a SetDataValues request.
21:48:08.213 [openiec61850-osi-server-3-thread-1] DEBUG com.beanit.openiec61850.ServerAssociation - Got a GetDataValues request for node: ied1lDevice1/LLN0.urcb101.Resv: true
21:48:08.213 [openiec61850-osi-server-3-thread-1] DEBUG com.beanit.openiec61850.ServerAssociation - Got a Write request
21:48:08.213 [openiec61850-osi-server-3-thread-1] DEBUG com.beanit.openiec61850.ServerAssociation - Got a SetDataValues request.
21:48:08.214 [openiec61850-osi-server-3-thread-1] DEBUG com.beanit.openiec61850.ServerAssociation - Got a Write request
21:48:08.214 [openiec61850-osi-server-3-thread-1] DEBUG com.beanit.openiec61850.ServerAssociation - Got a SetDataValues request.
21:48:08.214 [openiec61850-osi-server-3-thread-1] DEBUG com.beanit.openiec61850.ServerAssociation - Got a Write request
21:48:08.214 [openiec61850-osi-server-3-thread-1] DEBUG com.beanit.openiec61850.ServerAssociation - Got a SetDataValues request.
21:48:08.214 [openiec61850-osi-server-3-thread-1] DEBUG com.beanit.openiec61850.ServerAssociation - Got a Write request
21:48:08.214 [openiec61850-osi-server-3-thread-1] DEBUG com.beanit.openiec61850.ServerAssociation - Got a SetDataValues request.
21:48:08.214 [openiec61850-osi-server-3-thread-1] DEBUG com.beanit.openiec61850.ServerAssociation - Got a Write request
21:48:08.214 [openiec61850-osi-server-3-thread-1] DEBUG com.beanit.openiec61850.ServerAssociation - Got a SetDataValues request.
21:48:08.214 [openiec61850-osi-server-3-thread-1] DEBUG com.beanit.openiec61850.ServerAssociation - Got a Write request
21:48:08.214 [openiec61850-osi-server-3-thread-1] DEBUG com.beanit.openiec61850.ServerAssociation - Got a SetDataValues request.
21:48:08.214 [openiec61850-osi-server-3-thread-1] DEBUG com.beanit.openiec61850.ServerAssociation - Got a GetDataValues request for node: ied1lDevice1/LLN0.urcb101 [RP]
ied1lDevice1/LLN0.urcb101.RptID: myurcb1
ied1lDevice1/LLN0.urcb101.RptEna: false
ied1lDevice1/LLN0.urcb101.Resv: true
ied1lDevice1/LLN0.urcb101.DatSet: ied1lDevice1/LLN0$dataset1
ied1lDevice1/LLN0.urcb101.ConfRev: 0
ied1lDevice1/LLN0.urcb101.OptFlds: 0x78 0x00
ied1lDevice1/LLN0.urcb101.BufTm: 50
ied1lDevice1/LLN0.urcb101.SqNum: 0
ied1lDevice1/LLN0.urcb101.TrgOps: 0x20, data change: false, data update: false, quality change:true, integrity period: false, GI: false
ied1lDevice1/LLN0.urcb101.IntgPd: 5000
ied1lDevice1/LLN0.urcb101.GI: false
ied1lDevice1/LLN0.urcb101.Owner: []
21:48:08.214 [openiec61850-osi-server-3-thread-1] DEBUG com.beanit.openiec61850.ServerAssociation - sub BDA is:ied1lDevice1/LLN0.urcb101.RptID: myurcb1
21:48:08.214 [openiec61850-osi-server-3-thread-1] DEBUG com.beanit.openiec61850.ServerAssociation - sub BDA is:ied1lDevice1/LLN0.urcb101.RptEna: false
21:48:08.214 [openiec61850-osi-server-3-thread-1] DEBUG com.beanit.openiec61850.ServerAssociation - sub BDA is:ied1lDevice1/LLN0.urcb101.Resv: true
21:48:08.214 [openiec61850-osi-server-3-thread-1] DEBUG com.beanit.openiec61850.ServerAssociation - sub BDA is:ied1lDevice1/LLN0.urcb101.DatSet: ied1lDevice1/LLN0$dataset1
21:48:08.214 [openiec61850-osi-server-3-thread-1] DEBUG com.beanit.openiec61850.ServerAssociation - sub BDA is:ied1lDevice1/LLN0.urcb101.ConfRev: 0
21:48:08.214 [openiec61850-osi-server-3-thread-1] DEBUG com.beanit.openiec61850.ServerAssociation - sub BDA is:ied1lDevice1/LLN0.urcb101.OptFlds: 0x78 0x00
21:48:08.214 [openiec61850-osi-server-3-thread-1] DEBUG com.beanit.openiec61850.ServerAssociation - sub BDA is:ied1lDevice1/LLN0.urcb101.BufTm: 50
21:48:08.214 [openiec61850-osi-server-3-thread-1] DEBUG com.beanit.openiec61850.ServerAssociation - sub BDA is:ied1lDevice1/LLN0.urcb101.SqNum: 0
21:48:08.214 [openiec61850-osi-server-3-thread-1] DEBUG com.beanit.openiec61850.ServerAssociation - sub BDA is:ied1lDevice1/LLN0.urcb101.TrgOps: 0x20, data change: false, data update: false, quality change:true, integrity period: false, GI: false
21:48:08.214 [openiec61850-osi-server-3-thread-1] DEBUG com.beanit.openiec61850.ServerAssociation - sub BDA is:ied1lDevice1/LLN0.urcb101.IntgPd: 5000
21:48:08.214 [openiec61850-osi-server-3-thread-1] DEBUG com.beanit.openiec61850.ServerAssociation - sub BDA is:ied1lDevice1/LLN0.urcb101.GI: false
21:48:08.214 [openiec61850-osi-server-3-thread-1] DEBUG com.beanit.openiec61850.ServerAssociation - sub BDA is:ied1lDevice1/LLN0.urcb101.Owner: []
21:48:08.215 [openiec61850-osi-server-3-thread-1] DEBUG com.beanit.openiec61850.ServerAssociation - Got a Write request
21:48:08.215 [openiec61850-osi-server-3-thread-1] DEBUG com.beanit.openiec61850.ServerAssociation - Got a SetDataValues request.
21:48:08.215 [openiec61850-osi-server-3-thread-1] DEBUG com.beanit.openiec61850.ServerAssociation - Got a Write request
21:48:08.215 [openiec61850-osi-server-3-thread-1] DEBUG com.beanit.openiec61850.ServerAssociation - Got a SetDataValues request.
21:48:08.215 [openiec61850-osi-server-3-thread-1] DEBUG com.beanit.openiec61850.ServerAssociation - Got a Write request
21:48:08.215 [openiec61850-osi-server-3-thread-1] DEBUG com.beanit.openiec61850.ServerAssociation - Got a SetDataValues request.
21:48:08.215 [openiec61850-osi-server-3-thread-1] DEBUG com.beanit.openiec61850.ServerAssociation - Got a Write request
21:48:08.215 [openiec61850-osi-server-3-thread-1] DEBUG com.beanit.openiec61850.ServerAssociation - Got a SetDataValues request.
21:48:08.215 [openiec61850-osi-server-3-thread-1] INFO com.beanit.openiec61850.ServerAssociation - Client tried to initiate a general interrogation even though URCB is not enabled by this client or general interrogation is not enabled in the trigger options.
21:48:08.215 [openiec61850-osi-server-3-thread-1] DEBUG com.beanit.openiec61850.ServerAssociation - Got a Write request
21:48:08.215 [openiec61850-osi-server-3-thread-1] DEBUG com.beanit.openiec61850.ServerAssociation - Got a SetDataValues request.
21:48:08.215 [openiec61850-osi-server-3-thread-1] DEBUG com.beanit.openiec61850.ServerAssociation - Got a Write request
21:48:08.215 [openiec61850-osi-server-3-thread-1] DEBUG com.beanit.openiec61850.ServerAssociation - Got a SetDataValues request.
21:48:08.216 [openiec61850-osi-server-3-thread-1] DEBUG com.beanit.openiec61850.ServerAssociation - Got a Write request
21:48:08.216 [openiec61850-osi-server-3-thread-1] DEBUG com.beanit.openiec61850.ServerAssociation - Got a SetDataValues request.
21:48:08.216 [openiec61850-osi-server-3-thread-1] DEBUG com.beanit.openiec61850.ServerAssociation - Got a Write request
21:48:08.216 [openiec61850-osi-server-3-thread-1] DEBUG com.beanit.openiec61850.ServerAssociation - Got a SetDataValues request.
21:48:08.216 [openiec61850-osi-server-3-thread-1] DEBUG com.beanit.openiec61850.ServerAssociation - Got a Write request
21:48:08.216 [openiec61850-osi-server-3-thread-1] DEBUG com.beanit.openiec61850.ServerAssociation - Got a SetDataValues request.
21:48:08.216 [openiec61850-osi-server-3-thread-1] DEBUG com.beanit.openiec61850.ServerAssociation - Got a Write request
21:48:08.216 [openiec61850-osi-server-3-thread-1] DEBUG com.beanit.openiec61850.ServerAssociation - Got a SetDataValues request.
21:48:08.216 [openiec61850-osi-server-3-thread-1] DEBUG com.beanit.openiec61850.ServerAssociation - Got a Write request
21:48:08.216 [openiec61850-osi-server-3-thread-1] DEBUG com.beanit.openiec61850.ServerAssociation - Got a SetDataValues request.
got report!
]]></system-out>
  <system-err><![CDATA[]]></system-err>
</testsuite>
