<?xml version="1.0" encoding="UTF-8"?>
<testsuite name="com.beanit.openiec61850.integrationtests.ClientServerITest" tests="1" skipped="0" failures="1" errors="0" timestamp="2020-03-11T19:47:09" hostname="Mandl-PC" time="5.498">
  <properties/>
  <testcase name="testClientServerCom" classname="com.beanit.openiec61850.integrationtests.ClientServerITest" time="5.498">
    <failure message="java.lang.AssertionError: expected:&lt;2&gt; but was:&lt;1&gt;" type="java.lang.AssertionError">java.lang.AssertionError: expected:&lt;2&gt; but was:&lt;1&gt;
	at org.junit.Assert.fail(Assert.java:88)
	at org.junit.Assert.failNotEquals(Assert.java:834)
	at org.junit.Assert.assertEquals(Assert.java:645)
	at org.junit.Assert.assertEquals(Assert.java:631)
	at com.beanit.openiec61850.integrationtests.ClientServerITest.testClientServerCom(ClientServerITest.java:397)
	at java.base/jdk.internal.reflect.NativeMethodAccessorImpl.invoke0(Native Method)
	at java.base/jdk.internal.reflect.NativeMethodAccessorImpl.invoke(NativeMethodAccessorImpl.java:62)
	at java.base/jdk.internal.reflect.DelegatingMethodAccessorImpl.invoke(DelegatingMethodAccessorImpl.java:43)
	at java.base/java.lang.reflect.Method.invoke(Method.java:567)
	at org.junit.runners.model.FrameworkMethod$1.runReflectiveCall(FrameworkMethod.java:50)
	at org.junit.internal.runners.model.ReflectiveCallable.run(ReflectiveCallable.java:12)
	at org.junit.runners.model.FrameworkMethod.invokeExplosively(FrameworkMethod.java:47)
	at org.junit.internal.runners.statements.InvokeMethod.evaluate(InvokeMethod.java:17)
	at org.junit.runners.ParentRunner.runLeaf(ParentRunner.java:325)
	at org.junit.runners.BlockJUnit4ClassRunner.runChild(BlockJUnit4ClassRunner.java:78)
	at org.junit.runners.BlockJUnit4ClassRunner.runChild(BlockJUnit4ClassRunner.java:57)
	at org.junit.runners.ParentRunner$3.run(ParentRunner.java:290)
	at org.junit.runners.ParentRunner$1.schedule(ParentRunner.java:71)
	at org.junit.runners.ParentRunner.runChildren(ParentRunner.java:288)
	at org.junit.runners.ParentRunner.access$000(ParentRunner.java:58)
	at org.junit.runners.ParentRunner$2.evaluate(ParentRunner.java:268)
	at org.junit.runners.ParentRunner.run(ParentRunner.java:363)
	at org.gradle.api.internal.tasks.testing.junit.JUnitTestClassExecutor.runTestClass(JUnitTestClassExecutor.java:110)
	at org.gradle.api.internal.tasks.testing.junit.JUnitTestClassExecutor.execute(JUnitTestClassExecutor.java:58)
	at org.gradle.api.internal.tasks.testing.junit.JUnitTestClassExecutor.execute(JUnitTestClassExecutor.java:38)
	at org.gradle.api.internal.tasks.testing.junit.AbstractJUnitTestClassProcessor.processTestClass(AbstractJUnitTestClassProcessor.java:62)
	at org.gradle.api.internal.tasks.testing.SuiteTestClassProcessor.processTestClass(SuiteTestClassProcessor.java:51)
	at java.base/jdk.internal.reflect.NativeMethodAccessorImpl.invoke0(Native Method)
	at java.base/jdk.internal.reflect.NativeMethodAccessorImpl.invoke(NativeMethodAccessorImpl.java:62)
	at java.base/jdk.internal.reflect.DelegatingMethodAccessorImpl.invoke(DelegatingMethodAccessorImpl.java:43)
	at java.base/java.lang.reflect.Method.invoke(Method.java:567)
	at org.gradle.internal.dispatch.ReflectionDispatch.dispatch(ReflectionDispatch.java:35)
	at org.gradle.internal.dispatch.ReflectionDispatch.dispatch(ReflectionDispatch.java:24)
	at org.gradle.internal.dispatch.ContextClassLoaderDispatch.dispatch(ContextClassLoaderDispatch.java:32)
	at org.gradle.internal.dispatch.ProxyDispatchAdapter$DispatchingInvocationHandler.invoke(ProxyDispatchAdapter.java:93)
	at com.sun.proxy.$Proxy2.processTestClass(Unknown Source)
	at org.gradle.api.internal.tasks.testing.worker.TestWorker.processTestClass(TestWorker.java:118)
	at java.base/jdk.internal.reflect.NativeMethodAccessorImpl.invoke0(Native Method)
	at java.base/jdk.internal.reflect.NativeMethodAccessorImpl.invoke(NativeMethodAccessorImpl.java:62)
	at java.base/jdk.internal.reflect.DelegatingMethodAccessorImpl.invoke(DelegatingMethodAccessorImpl.java:43)
	at java.base/java.lang.reflect.Method.invoke(Method.java:567)
	at org.gradle.internal.dispatch.ReflectionDispatch.dispatch(ReflectionDispatch.java:35)
	at org.gradle.internal.dispatch.ReflectionDispatch.dispatch(ReflectionDispatch.java:24)
	at org.gradle.internal.remote.internal.hub.MessageHubBackedObjectConnection$DispatchWrapper.dispatch(MessageHubBackedObjectConnection.java:175)
	at org.gradle.internal.remote.internal.hub.MessageHubBackedObjectConnection$DispatchWrapper.dispatch(MessageHubBackedObjectConnection.java:157)
	at org.gradle.internal.remote.internal.hub.MessageHub$Handler.run(MessageHub.java:404)
	at org.gradle.internal.concurrent.ExecutorPolicy$CatchAndRecordFailures.onExecute(ExecutorPolicy.java:63)
	at org.gradle.internal.concurrent.ManagedExecutorImpl$1.run(ManagedExecutorImpl.java:46)
	at java.base/java.util.concurrent.ThreadPoolExecutor.runWorker(ThreadPoolExecutor.java:1128)
	at java.base/java.util.concurrent.ThreadPoolExecutor$Worker.run(ThreadPoolExecutor.java:628)
	at org.gradle.internal.concurrent.ThreadFactoryImpl$ManagedThreadRunnable.run(ThreadFactoryImpl.java:55)
	at java.base/java.lang.Thread.run(Thread.java:830)
</failure>
  </testcase>
  <system-out><![CDATA[IED Server is running
Attempting to connect to server 127.0.0.1 on port 54321
setting totWmag to: 1.0
calling GetDataValues(ied1lDevice1/LLN0.Mod)
20:47:10.120 [openiec61850-osi-server-1-thread-1] DEBUG com.beanit.openiec61850.ServerAssociation - Got a GetDataValues request for node: ied1lDevice1/LLN0.Mod [ST]
ied1lDevice1/LLN0.Mod.q: 0x00 0x00
ied1lDevice1/LLN0.Mod.t: Thu Jan 01 01:00:00 CET 1970
20:47:10.122 [openiec61850-osi-server-1-thread-1] DEBUG com.beanit.openiec61850.ServerAssociation - sub BDA is:ied1lDevice1/LLN0.Mod.q: 0x00 0x00
20:47:10.122 [openiec61850-osi-server-1-thread-1] DEBUG com.beanit.openiec61850.ServerAssociation - sub BDA is:ied1lDevice1/LLN0.Mod.t: Thu Jan 01 01:00:00 CET 1970
calling GetDataValues(ied1lDevice1/LLN0.Mod.q)
20:47:10.126 [openiec61850-osi-server-1-thread-1] DEBUG com.beanit.openiec61850.ServerAssociation - Got a GetDataValues request for node: ied1lDevice1/LLN0.Mod.q: 0x00 0x00
calling GetDataValues(ied1lDevice1/LLN0.Mod.t)
20:47:10.127 [openiec61850-osi-server-1-thread-1] DEBUG com.beanit.openiec61850.ServerAssociation - Got a GetDataValues request for node: ied1lDevice1/LLN0.Mod.t: Thu Jan 01 01:00:00 CET 1970
calling GetDataValues(ied1lDevice1/LLN0.Mod)
20:47:10.127 [openiec61850-osi-server-1-thread-1] DEBUG com.beanit.openiec61850.ServerAssociation - Got a GetDataValues request for node: ied1lDevice1/LLN0.Mod [CF]
ied1lDevice1/LLN0.Mod.ctlModel: 0
20:47:10.128 [openiec61850-osi-server-1-thread-1] DEBUG com.beanit.openiec61850.ServerAssociation - sub BDA is:ied1lDevice1/LLN0.Mod.ctlModel: 0
calling GetDataValues(ied1lDevice1/LLN0.Mod.ctlModel)
20:47:10.128 [openiec61850-osi-server-1-thread-1] DEBUG com.beanit.openiec61850.ServerAssociation - Got a GetDataValues request for node: ied1lDevice1/LLN0.Mod.ctlModel: 0
calling GetDataValues(ied1lDevice1/LLN0.Beh)
20:47:10.128 [openiec61850-osi-server-1-thread-1] DEBUG com.beanit.openiec61850.ServerAssociation - Got a GetDataValues request for node: ied1lDevice1/LLN0.Beh [ST]
ied1lDevice1/LLN0.Beh.stVal: 0
ied1lDevice1/LLN0.Beh.q: 0x00 0x00
ied1lDevice1/LLN0.Beh.t: Thu Jan 01 01:00:00 CET 1970
20:47:10.129 [openiec61850-osi-server-1-thread-1] DEBUG com.beanit.openiec61850.ServerAssociation - sub BDA is:ied1lDevice1/LLN0.Beh.stVal: 0
20:47:10.129 [openiec61850-osi-server-1-thread-1] DEBUG com.beanit.openiec61850.ServerAssociation - sub BDA is:ied1lDevice1/LLN0.Beh.q: 0x00 0x00
20:47:10.129 [openiec61850-osi-server-1-thread-1] DEBUG com.beanit.openiec61850.ServerAssociation - sub BDA is:ied1lDevice1/LLN0.Beh.t: Thu Jan 01 01:00:00 CET 1970
calling GetDataValues(ied1lDevice1/LLN0.Beh.stVal)
20:47:10.129 [openiec61850-osi-server-1-thread-1] DEBUG com.beanit.openiec61850.ServerAssociation - Got a GetDataValues request for node: ied1lDevice1/LLN0.Beh.stVal: 0
calling GetDataValues(ied1lDevice1/LLN0.Beh.q)
20:47:10.130 [openiec61850-osi-server-1-thread-1] DEBUG com.beanit.openiec61850.ServerAssociation - Got a GetDataValues request for node: ied1lDevice1/LLN0.Beh.q: 0x00 0x00
calling GetDataValues(ied1lDevice1/LLN0.Beh.t)
20:47:10.130 [openiec61850-osi-server-1-thread-1] DEBUG com.beanit.openiec61850.ServerAssociation - Got a GetDataValues request for node: ied1lDevice1/LLN0.Beh.t: Thu Jan 01 01:00:00 CET 1970
calling GetDataValues(ied1lDevice1/LLN0.Health)
20:47:10.131 [openiec61850-osi-server-1-thread-1] DEBUG com.beanit.openiec61850.ServerAssociation - Got a GetDataValues request for node: ied1lDevice1/LLN0.Health [ST]
ied1lDevice1/LLN0.Health.stVal: 0
ied1lDevice1/LLN0.Health.q: 0x00 0x00
ied1lDevice1/LLN0.Health.t: Thu Jan 01 01:00:00 CET 1970
20:47:10.131 [openiec61850-osi-server-1-thread-1] DEBUG com.beanit.openiec61850.ServerAssociation - sub BDA is:ied1lDevice1/LLN0.Health.stVal: 0
20:47:10.131 [openiec61850-osi-server-1-thread-1] DEBUG com.beanit.openiec61850.ServerAssociation - sub BDA is:ied1lDevice1/LLN0.Health.q: 0x00 0x00
20:47:10.131 [openiec61850-osi-server-1-thread-1] DEBUG com.beanit.openiec61850.ServerAssociation - sub BDA is:ied1lDevice1/LLN0.Health.t: Thu Jan 01 01:00:00 CET 1970
calling GetDataValues(ied1lDevice1/LLN0.Health.stVal)
20:47:10.131 [openiec61850-osi-server-1-thread-1] DEBUG com.beanit.openiec61850.ServerAssociation - Got a GetDataValues request for node: ied1lDevice1/LLN0.Health.stVal: 0
calling GetDataValues(ied1lDevice1/LLN0.Health.q)
20:47:10.132 [openiec61850-osi-server-1-thread-1] DEBUG com.beanit.openiec61850.ServerAssociation - Got a GetDataValues request for node: ied1lDevice1/LLN0.Health.q: 0x00 0x00
calling GetDataValues(ied1lDevice1/LLN0.Health.t)
20:47:10.132 [openiec61850-osi-server-1-thread-1] DEBUG com.beanit.openiec61850.ServerAssociation - Got a GetDataValues request for node: ied1lDevice1/LLN0.Health.t: Thu Jan 01 01:00:00 CET 1970
calling GetDataValues(ied1lDevice1/LLN0.NamPlt)
20:47:10.133 [openiec61850-osi-server-1-thread-1] DEBUG com.beanit.openiec61850.ServerAssociation - Got a GetDataValues request for node: ied1lDevice1/LLN0.NamPlt [DC]
ied1lDevice1/LLN0.NamPlt.vendor: ''
ied1lDevice1/LLN0.NamPlt.swRev: ''
ied1lDevice1/LLN0.NamPlt.d: ''
ied1lDevice1/LLN0.NamPlt.configRev: ''
20:47:10.133 [openiec61850-osi-server-1-thread-1] DEBUG com.beanit.openiec61850.ServerAssociation - sub BDA is:ied1lDevice1/LLN0.NamPlt.vendor: ''
20:47:10.133 [openiec61850-osi-server-1-thread-1] DEBUG com.beanit.openiec61850.ServerAssociation - sub BDA is:ied1lDevice1/LLN0.NamPlt.swRev: ''
20:47:10.133 [openiec61850-osi-server-1-thread-1] DEBUG com.beanit.openiec61850.ServerAssociation - sub BDA is:ied1lDevice1/LLN0.NamPlt.d: ''
20:47:10.133 [openiec61850-osi-server-1-thread-1] DEBUG com.beanit.openiec61850.ServerAssociation - sub BDA is:ied1lDevice1/LLN0.NamPlt.configRev: ''
calling GetDataValues(ied1lDevice1/LLN0.NamPlt.vendor)
20:47:10.133 [openiec61850-osi-server-1-thread-1] DEBUG com.beanit.openiec61850.ServerAssociation - Got a GetDataValues request for node: ied1lDevice1/LLN0.NamPlt.vendor: ''
calling GetDataValues(ied1lDevice1/LLN0.NamPlt.swRev)
20:47:10.134 [openiec61850-osi-server-1-thread-1] DEBUG com.beanit.openiec61850.ServerAssociation - Got a GetDataValues request for node: ied1lDevice1/LLN0.NamPlt.swRev: ''
calling GetDataValues(ied1lDevice1/LLN0.NamPlt.d)
20:47:10.134 [openiec61850-osi-server-1-thread-1] DEBUG com.beanit.openiec61850.ServerAssociation - Got a GetDataValues request for node: ied1lDevice1/LLN0.NamPlt.d: ''
calling GetDataValues(ied1lDevice1/LLN0.NamPlt.configRev)
20:47:10.134 [openiec61850-osi-server-1-thread-1] DEBUG com.beanit.openiec61850.ServerAssociation - Got a GetDataValues request for node: ied1lDevice1/LLN0.NamPlt.configRev: ''
calling GetDataValues(ied1lDevice1/LLN0.NamPlt)
20:47:10.135 [openiec61850-osi-server-1-thread-1] DEBUG com.beanit.openiec61850.ServerAssociation - Got a GetDataValues request for node: ied1lDevice1/LLN0.NamPlt [EX]
ied1lDevice1/LLN0.NamPlt.ldNs: ''
20:47:10.135 [openiec61850-osi-server-1-thread-1] DEBUG com.beanit.openiec61850.ServerAssociation - sub BDA is:ied1lDevice1/LLN0.NamPlt.ldNs: ''
calling GetDataValues(ied1lDevice1/LLN0.NamPlt.ldNs)
20:47:10.135 [openiec61850-osi-server-1-thread-1] DEBUG com.beanit.openiec61850.ServerAssociation - Got a GetDataValues request for node: ied1lDevice1/LLN0.NamPlt.ldNs: ''
calling GetDataValues(ied1lDevice1/LLN0.urcb101)
20:47:10.136 [openiec61850-osi-server-1-thread-1] DEBUG com.beanit.openiec61850.ServerAssociation - Got a GetDataValues request for node: ied1lDevice1/LLN0.urcb101 [RP]
ied1lDevice1/LLN0.urcb101.RptID: urcb1
ied1lDevice1/LLN0.urcb101.RptEna: false
ied1lDevice1/LLN0.urcb101.Resv: false
ied1lDevice1/LLN0.urcb101.DatSet: ied1lDevice1/LLN0$dataset1
ied1lDevice1/LLN0.urcb101.ConfRev: 0
ied1lDevice1/LLN0.urcb101.OptFlds: 0x78 0x00
ied1lDevice1/LLN0.urcb101.BufTm: 50
ied1lDevice1/LLN0.urcb101.SqNum: 0
ied1lDevice1/LLN0.urcb101.TrgOps: 0x74, data change: true, data update: true, quality change:true, integrity period: false, GI: true
ied1lDevice1/LLN0.urcb101.IntgPd: 5000
ied1lDevice1/LLN0.urcb101.GI: false
ied1lDevice1/LLN0.urcb101.Owner: []
20:47:10.136 [openiec61850-osi-server-1-thread-1] DEBUG com.beanit.openiec61850.ServerAssociation - sub BDA is:ied1lDevice1/LLN0.urcb101.RptID: urcb1
20:47:10.136 [openiec61850-osi-server-1-thread-1] DEBUG com.beanit.openiec61850.ServerAssociation - sub BDA is:ied1lDevice1/LLN0.urcb101.RptEna: false
20:47:10.136 [openiec61850-osi-server-1-thread-1] DEBUG com.beanit.openiec61850.ServerAssociation - sub BDA is:ied1lDevice1/LLN0.urcb101.Resv: false
20:47:10.136 [openiec61850-osi-server-1-thread-1] DEBUG com.beanit.openiec61850.ServerAssociation - sub BDA is:ied1lDevice1/LLN0.urcb101.DatSet: ied1lDevice1/LLN0$dataset1
20:47:10.136 [openiec61850-osi-server-1-thread-1] DEBUG com.beanit.openiec61850.ServerAssociation - sub BDA is:ied1lDevice1/LLN0.urcb101.ConfRev: 0
20:47:10.136 [openiec61850-osi-server-1-thread-1] DEBUG com.beanit.openiec61850.ServerAssociation - sub BDA is:ied1lDevice1/LLN0.urcb101.OptFlds: 0x78 0x00
20:47:10.136 [openiec61850-osi-server-1-thread-1] DEBUG com.beanit.openiec61850.ServerAssociation - sub BDA is:ied1lDevice1/LLN0.urcb101.BufTm: 50
20:47:10.136 [openiec61850-osi-server-1-thread-1] DEBUG com.beanit.openiec61850.ServerAssociation - sub BDA is:ied1lDevice1/LLN0.urcb101.SqNum: 0
20:47:10.136 [openiec61850-osi-server-1-thread-1] DEBUG com.beanit.openiec61850.ServerAssociation - sub BDA is:ied1lDevice1/LLN0.urcb101.TrgOps: 0x74, data change: true, data update: true, quality change:true, integrity period: false, GI: true
20:47:10.136 [openiec61850-osi-server-1-thread-1] DEBUG com.beanit.openiec61850.ServerAssociation - sub BDA is:ied1lDevice1/LLN0.urcb101.IntgPd: 5000
20:47:10.136 [openiec61850-osi-server-1-thread-1] DEBUG com.beanit.openiec61850.ServerAssociation - sub BDA is:ied1lDevice1/LLN0.urcb101.GI: false
20:47:10.137 [openiec61850-osi-server-1-thread-1] DEBUG com.beanit.openiec61850.ServerAssociation - sub BDA is:ied1lDevice1/LLN0.urcb101.Owner: []
calling GetDataValues(ied1lDevice1/LLN0.urcb101.RptID)
20:47:10.138 [openiec61850-osi-server-1-thread-1] DEBUG com.beanit.openiec61850.ServerAssociation - Got a GetDataValues request for node: ied1lDevice1/LLN0.urcb101.RptID: urcb1
calling GetDataValues(ied1lDevice1/LLN0.urcb101.RptEna)
20:47:10.138 [openiec61850-osi-server-1-thread-1] DEBUG com.beanit.openiec61850.ServerAssociation - Got a GetDataValues request for node: ied1lDevice1/LLN0.urcb101.RptEna: false
calling GetDataValues(ied1lDevice1/LLN0.urcb101.Resv)
20:47:10.139 [openiec61850-osi-server-1-thread-1] DEBUG com.beanit.openiec61850.ServerAssociation - Got a GetDataValues request for node: ied1lDevice1/LLN0.urcb101.Resv: false
calling GetDataValues(ied1lDevice1/LLN0.urcb101.DatSet)
20:47:10.139 [openiec61850-osi-server-1-thread-1] DEBUG com.beanit.openiec61850.ServerAssociation - Got a GetDataValues request for node: ied1lDevice1/LLN0.urcb101.DatSet: ied1lDevice1/LLN0$dataset1
calling GetDataValues(ied1lDevice1/LLN0.urcb101.ConfRev)
20:47:10.139 [openiec61850-osi-server-1-thread-1] DEBUG com.beanit.openiec61850.ServerAssociation - Got a GetDataValues request for node: ied1lDevice1/LLN0.urcb101.ConfRev: 0
calling GetDataValues(ied1lDevice1/LLN0.urcb101.OptFlds)
20:47:10.140 [openiec61850-osi-server-1-thread-1] DEBUG com.beanit.openiec61850.ServerAssociation - Got a GetDataValues request for node: ied1lDevice1/LLN0.urcb101.OptFlds: 0x78 0x00
calling GetDataValues(ied1lDevice1/LLN0.urcb101.BufTm)
20:47:10.140 [openiec61850-osi-server-1-thread-1] DEBUG com.beanit.openiec61850.ServerAssociation - Got a GetDataValues request for node: ied1lDevice1/LLN0.urcb101.BufTm: 50
calling GetDataValues(ied1lDevice1/LLN0.urcb101.SqNum)
20:47:10.140 [openiec61850-osi-server-1-thread-1] DEBUG com.beanit.openiec61850.ServerAssociation - Got a GetDataValues request for node: ied1lDevice1/LLN0.urcb101.SqNum: 0
calling GetDataValues(ied1lDevice1/LLN0.urcb101.TrgOps)
20:47:10.141 [openiec61850-osi-server-1-thread-1] DEBUG com.beanit.openiec61850.ServerAssociation - Got a GetDataValues request for node: ied1lDevice1/LLN0.urcb101.TrgOps: 0x74, data change: true, data update: true, quality change:true, integrity period: false, GI: true
calling GetDataValues(ied1lDevice1/LLN0.urcb101.IntgPd)
20:47:10.141 [openiec61850-osi-server-1-thread-1] DEBUG com.beanit.openiec61850.ServerAssociation - Got a GetDataValues request for node: ied1lDevice1/LLN0.urcb101.IntgPd: 5000
calling GetDataValues(ied1lDevice1/LLN0.urcb101.GI)
20:47:10.141 [openiec61850-osi-server-1-thread-1] DEBUG com.beanit.openiec61850.ServerAssociation - Got a GetDataValues request for node: ied1lDevice1/LLN0.urcb101.GI: false
calling GetDataValues(ied1lDevice1/LLN0.urcb101.Owner)
20:47:10.142 [openiec61850-osi-server-1-thread-1] DEBUG com.beanit.openiec61850.ServerAssociation - Got a GetDataValues request for node: ied1lDevice1/LLN0.urcb101.Owner: []
calling GetDataValues(ied1lDevice1/LLN0.urcb102)
20:47:10.142 [openiec61850-osi-server-1-thread-1] DEBUG com.beanit.openiec61850.ServerAssociation - Got a GetDataValues request for node: ied1lDevice1/LLN0.urcb102 [RP]
ied1lDevice1/LLN0.urcb102.RptID: urcb1
ied1lDevice1/LLN0.urcb102.RptEna: false
ied1lDevice1/LLN0.urcb102.Resv: false
ied1lDevice1/LLN0.urcb102.DatSet: ied1lDevice1/LLN0$dataset1
ied1lDevice1/LLN0.urcb102.ConfRev: 0
ied1lDevice1/LLN0.urcb102.OptFlds: 0x78 0x00
ied1lDevice1/LLN0.urcb102.BufTm: 50
ied1lDevice1/LLN0.urcb102.SqNum: 0
ied1lDevice1/LLN0.urcb102.TrgOps: 0x74, data change: true, data update: true, quality change:true, integrity period: false, GI: true
ied1lDevice1/LLN0.urcb102.IntgPd: 5000
ied1lDevice1/LLN0.urcb102.GI: false
ied1lDevice1/LLN0.urcb102.Owner: []
20:47:10.142 [openiec61850-osi-server-1-thread-1] DEBUG com.beanit.openiec61850.ServerAssociation - sub BDA is:ied1lDevice1/LLN0.urcb102.RptID: urcb1
20:47:10.142 [openiec61850-osi-server-1-thread-1] DEBUG com.beanit.openiec61850.ServerAssociation - sub BDA is:ied1lDevice1/LLN0.urcb102.RptEna: false
20:47:10.142 [openiec61850-osi-server-1-thread-1] DEBUG com.beanit.openiec61850.ServerAssociation - sub BDA is:ied1lDevice1/LLN0.urcb102.Resv: false
20:47:10.142 [openiec61850-osi-server-1-thread-1] DEBUG com.beanit.openiec61850.ServerAssociation - sub BDA is:ied1lDevice1/LLN0.urcb102.DatSet: ied1lDevice1/LLN0$dataset1
20:47:10.143 [openiec61850-osi-server-1-thread-1] DEBUG com.beanit.openiec61850.ServerAssociation - sub BDA is:ied1lDevice1/LLN0.urcb102.ConfRev: 0
20:47:10.143 [openiec61850-osi-server-1-thread-1] DEBUG com.beanit.openiec61850.ServerAssociation - sub BDA is:ied1lDevice1/LLN0.urcb102.OptFlds: 0x78 0x00
20:47:10.143 [openiec61850-osi-server-1-thread-1] DEBUG com.beanit.openiec61850.ServerAssociation - sub BDA is:ied1lDevice1/LLN0.urcb102.BufTm: 50
20:47:10.143 [openiec61850-osi-server-1-thread-1] DEBUG com.beanit.openiec61850.ServerAssociation - sub BDA is:ied1lDevice1/LLN0.urcb102.SqNum: 0
20:47:10.143 [openiec61850-osi-server-1-thread-1] DEBUG com.beanit.openiec61850.ServerAssociation - sub BDA is:ied1lDevice1/LLN0.urcb102.TrgOps: 0x74, data change: true, data update: true, quality change:true, integrity period: false, GI: true
20:47:10.143 [openiec61850-osi-server-1-thread-1] DEBUG com.beanit.openiec61850.ServerAssociation - sub BDA is:ied1lDevice1/LLN0.urcb102.IntgPd: 5000
20:47:10.143 [openiec61850-osi-server-1-thread-1] DEBUG com.beanit.openiec61850.ServerAssociation - sub BDA is:ied1lDevice1/LLN0.urcb102.GI: false
20:47:10.143 [openiec61850-osi-server-1-thread-1] DEBUG com.beanit.openiec61850.ServerAssociation - sub BDA is:ied1lDevice1/LLN0.urcb102.Owner: []
calling GetDataValues(ied1lDevice1/LLN0.urcb102.RptID)
20:47:10.143 [openiec61850-osi-server-1-thread-1] DEBUG com.beanit.openiec61850.ServerAssociation - Got a GetDataValues request for node: ied1lDevice1/LLN0.urcb102.RptID: urcb1
calling GetDataValues(ied1lDevice1/LLN0.urcb102.RptEna)
20:47:10.144 [openiec61850-osi-server-1-thread-1] DEBUG com.beanit.openiec61850.ServerAssociation - Got a GetDataValues request for node: ied1lDevice1/LLN0.urcb102.RptEna: false
calling GetDataValues(ied1lDevice1/LLN0.urcb102.Resv)
20:47:10.144 [openiec61850-osi-server-1-thread-1] DEBUG com.beanit.openiec61850.ServerAssociation - Got a GetDataValues request for node: ied1lDevice1/LLN0.urcb102.Resv: false
calling GetDataValues(ied1lDevice1/LLN0.urcb102.DatSet)
20:47:10.144 [openiec61850-osi-server-1-thread-1] DEBUG com.beanit.openiec61850.ServerAssociation - Got a GetDataValues request for node: ied1lDevice1/LLN0.urcb102.DatSet: ied1lDevice1/LLN0$dataset1
calling GetDataValues(ied1lDevice1/LLN0.urcb102.ConfRev)
20:47:10.145 [openiec61850-osi-server-1-thread-1] DEBUG com.beanit.openiec61850.ServerAssociation - Got a GetDataValues request for node: ied1lDevice1/LLN0.urcb102.ConfRev: 0
calling GetDataValues(ied1lDevice1/LLN0.urcb102.OptFlds)
20:47:10.145 [openiec61850-osi-server-1-thread-1] DEBUG com.beanit.openiec61850.ServerAssociation - Got a GetDataValues request for node: ied1lDevice1/LLN0.urcb102.OptFlds: 0x78 0x00
calling GetDataValues(ied1lDevice1/LLN0.urcb102.BufTm)
20:47:10.145 [openiec61850-osi-server-1-thread-1] DEBUG com.beanit.openiec61850.ServerAssociation - Got a GetDataValues request for node: ied1lDevice1/LLN0.urcb102.BufTm: 50
calling GetDataValues(ied1lDevice1/LLN0.urcb102.SqNum)
20:47:10.146 [openiec61850-osi-server-1-thread-1] DEBUG com.beanit.openiec61850.ServerAssociation - Got a GetDataValues request for node: ied1lDevice1/LLN0.urcb102.SqNum: 0
calling GetDataValues(ied1lDevice1/LLN0.urcb102.TrgOps)
20:47:10.146 [openiec61850-osi-server-1-thread-1] DEBUG com.beanit.openiec61850.ServerAssociation - Got a GetDataValues request for node: ied1lDevice1/LLN0.urcb102.TrgOps: 0x74, data change: true, data update: true, quality change:true, integrity period: false, GI: true
calling GetDataValues(ied1lDevice1/LLN0.urcb102.IntgPd)
20:47:10.146 [openiec61850-osi-server-1-thread-1] DEBUG com.beanit.openiec61850.ServerAssociation - Got a GetDataValues request for node: ied1lDevice1/LLN0.urcb102.IntgPd: 5000
calling GetDataValues(ied1lDevice1/LLN0.urcb102.GI)
20:47:10.151 [openiec61850-osi-server-1-thread-1] DEBUG com.beanit.openiec61850.ServerAssociation - Got a GetDataValues request for node: ied1lDevice1/LLN0.urcb102.GI: false
calling GetDataValues(ied1lDevice1/LLN0.urcb102.Owner)
20:47:10.153 [openiec61850-osi-server-1-thread-1] DEBUG com.beanit.openiec61850.ServerAssociation - Got a GetDataValues request for node: ied1lDevice1/LLN0.urcb102.Owner: []
calling GetDataValues(ied1lDevice1/LLN0.urcb2)
20:47:10.153 [openiec61850-osi-server-1-thread-1] DEBUG com.beanit.openiec61850.ServerAssociation - Got a GetDataValues request for node: ied1lDevice1/LLN0.urcb2 [RP]
ied1lDevice1/LLN0.urcb2.RptID: ied1lDevice1/LLN0.urcb2
ied1lDevice1/LLN0.urcb2.RptEna: false
ied1lDevice1/LLN0.urcb2.Resv: false
ied1lDevice1/LLN0.urcb2.DatSet: ied1lDevice1/LLN0$dataset1
ied1lDevice1/LLN0.urcb2.ConfRev: 0
ied1lDevice1/LLN0.urcb2.OptFlds: 0x00 0x00
ied1lDevice1/LLN0.urcb2.BufTm: 0
ied1lDevice1/LLN0.urcb2.SqNum: 0
ied1lDevice1/LLN0.urcb2.TrgOps: 0x04, data change: false, data update: false, quality change:false, integrity period: false, GI: true
ied1lDevice1/LLN0.urcb2.IntgPd: 0
ied1lDevice1/LLN0.urcb2.GI: false
ied1lDevice1/LLN0.urcb2.Owner: []
20:47:10.154 [openiec61850-osi-server-1-thread-1] DEBUG com.beanit.openiec61850.ServerAssociation - sub BDA is:ied1lDevice1/LLN0.urcb2.RptID: ied1lDevice1/LLN0.urcb2
20:47:10.154 [openiec61850-osi-server-1-thread-1] DEBUG com.beanit.openiec61850.ServerAssociation - sub BDA is:ied1lDevice1/LLN0.urcb2.RptEna: false
20:47:10.154 [openiec61850-osi-server-1-thread-1] DEBUG com.beanit.openiec61850.ServerAssociation - sub BDA is:ied1lDevice1/LLN0.urcb2.Resv: false
20:47:10.154 [openiec61850-osi-server-1-thread-1] DEBUG com.beanit.openiec61850.ServerAssociation - sub BDA is:ied1lDevice1/LLN0.urcb2.DatSet: ied1lDevice1/LLN0$dataset1
20:47:10.154 [openiec61850-osi-server-1-thread-1] DEBUG com.beanit.openiec61850.ServerAssociation - sub BDA is:ied1lDevice1/LLN0.urcb2.ConfRev: 0
20:47:10.154 [openiec61850-osi-server-1-thread-1] DEBUG com.beanit.openiec61850.ServerAssociation - sub BDA is:ied1lDevice1/LLN0.urcb2.OptFlds: 0x00 0x00
20:47:10.154 [openiec61850-osi-server-1-thread-1] DEBUG com.beanit.openiec61850.ServerAssociation - sub BDA is:ied1lDevice1/LLN0.urcb2.BufTm: 0
20:47:10.154 [openiec61850-osi-server-1-thread-1] DEBUG com.beanit.openiec61850.ServerAssociation - sub BDA is:ied1lDevice1/LLN0.urcb2.SqNum: 0
20:47:10.154 [openiec61850-osi-server-1-thread-1] DEBUG com.beanit.openiec61850.ServerAssociation - sub BDA is:ied1lDevice1/LLN0.urcb2.TrgOps: 0x04, data change: false, data update: false, quality change:false, integrity period: false, GI: true
20:47:10.154 [openiec61850-osi-server-1-thread-1] DEBUG com.beanit.openiec61850.ServerAssociation - sub BDA is:ied1lDevice1/LLN0.urcb2.IntgPd: 0
20:47:10.154 [openiec61850-osi-server-1-thread-1] DEBUG com.beanit.openiec61850.ServerAssociation - sub BDA is:ied1lDevice1/LLN0.urcb2.GI: false
20:47:10.154 [openiec61850-osi-server-1-thread-1] DEBUG com.beanit.openiec61850.ServerAssociation - sub BDA is:ied1lDevice1/LLN0.urcb2.Owner: []
calling GetDataValues(ied1lDevice1/LLN0.urcb2.RptID)
20:47:10.154 [openiec61850-osi-server-1-thread-1] DEBUG com.beanit.openiec61850.ServerAssociation - Got a GetDataValues request for node: ied1lDevice1/LLN0.urcb2.RptID: ied1lDevice1/LLN0.urcb2
calling GetDataValues(ied1lDevice1/LLN0.urcb2.RptEna)
20:47:10.155 [openiec61850-osi-server-1-thread-1] DEBUG com.beanit.openiec61850.ServerAssociation - Got a GetDataValues request for node: ied1lDevice1/LLN0.urcb2.RptEna: false
calling GetDataValues(ied1lDevice1/LLN0.urcb2.Resv)
20:47:10.155 [openiec61850-osi-server-1-thread-1] DEBUG com.beanit.openiec61850.ServerAssociation - Got a GetDataValues request for node: ied1lDevice1/LLN0.urcb2.Resv: false
calling GetDataValues(ied1lDevice1/LLN0.urcb2.DatSet)
20:47:10.155 [openiec61850-osi-server-1-thread-1] DEBUG com.beanit.openiec61850.ServerAssociation - Got a GetDataValues request for node: ied1lDevice1/LLN0.urcb2.DatSet: ied1lDevice1/LLN0$dataset1
calling GetDataValues(ied1lDevice1/LLN0.urcb2.ConfRev)
20:47:10.156 [openiec61850-osi-server-1-thread-1] DEBUG com.beanit.openiec61850.ServerAssociation - Got a GetDataValues request for node: ied1lDevice1/LLN0.urcb2.ConfRev: 0
calling GetDataValues(ied1lDevice1/LLN0.urcb2.OptFlds)
20:47:10.156 [openiec61850-osi-server-1-thread-1] DEBUG com.beanit.openiec61850.ServerAssociation - Got a GetDataValues request for node: ied1lDevice1/LLN0.urcb2.OptFlds: 0x00 0x00
calling GetDataValues(ied1lDevice1/LLN0.urcb2.BufTm)
20:47:10.157 [openiec61850-osi-server-1-thread-1] DEBUG com.beanit.openiec61850.ServerAssociation - Got a GetDataValues request for node: ied1lDevice1/LLN0.urcb2.BufTm: 0
calling GetDataValues(ied1lDevice1/LLN0.urcb2.SqNum)
20:47:10.157 [openiec61850-osi-server-1-thread-1] DEBUG com.beanit.openiec61850.ServerAssociation - Got a GetDataValues request for node: ied1lDevice1/LLN0.urcb2.SqNum: 0
calling GetDataValues(ied1lDevice1/LLN0.urcb2.TrgOps)
20:47:10.157 [openiec61850-osi-server-1-thread-1] DEBUG com.beanit.openiec61850.ServerAssociation - Got a GetDataValues request for node: ied1lDevice1/LLN0.urcb2.TrgOps: 0x04, data change: false, data update: false, quality change:false, integrity period: false, GI: true
calling GetDataValues(ied1lDevice1/LLN0.urcb2.IntgPd)
20:47:10.157 [openiec61850-osi-server-1-thread-1] DEBUG com.beanit.openiec61850.ServerAssociation - Got a GetDataValues request for node: ied1lDevice1/LLN0.urcb2.IntgPd: 0
calling GetDataValues(ied1lDevice1/LLN0.urcb2.GI)
20:47:10.158 [openiec61850-osi-server-1-thread-1] DEBUG com.beanit.openiec61850.ServerAssociation - Got a GetDataValues request for node: ied1lDevice1/LLN0.urcb2.GI: false
calling GetDataValues(ied1lDevice1/LLN0.urcb2.Owner)
20:47:10.158 [openiec61850-osi-server-1-thread-1] DEBUG com.beanit.openiec61850.ServerAssociation - Got a GetDataValues request for node: ied1lDevice1/LLN0.urcb2.Owner: []
calling GetDataValues(ied1lDevice1/LPHD1.PhyNam)
20:47:10.159 [openiec61850-osi-server-1-thread-1] DEBUG com.beanit.openiec61850.ServerAssociation - Got a GetDataValues request for node: ied1lDevice1/LPHD1.PhyNam [DC]
ied1lDevice1/LPHD1.PhyNam.vendor: ''
20:47:10.159 [openiec61850-osi-server-1-thread-1] DEBUG com.beanit.openiec61850.ServerAssociation - sub BDA is:ied1lDevice1/LPHD1.PhyNam.vendor: ''
calling GetDataValues(ied1lDevice1/LPHD1.PhyNam.vendor)
20:47:10.159 [openiec61850-osi-server-1-thread-1] DEBUG com.beanit.openiec61850.ServerAssociation - Got a GetDataValues request for node: ied1lDevice1/LPHD1.PhyNam.vendor: ''
calling GetDataValues(ied1lDevice1/LPHD1.PhyHealth)
20:47:10.159 [openiec61850-osi-server-1-thread-1] DEBUG com.beanit.openiec61850.ServerAssociation - Got a GetDataValues request for node: ied1lDevice1/LPHD1.PhyHealth [ST]
ied1lDevice1/LPHD1.PhyHealth.stVal: 0
ied1lDevice1/LPHD1.PhyHealth.q: 0x00 0x00
ied1lDevice1/LPHD1.PhyHealth.t: Thu Jan 01 01:00:00 CET 1970
20:47:10.159 [openiec61850-osi-server-1-thread-1] DEBUG com.beanit.openiec61850.ServerAssociation - sub BDA is:ied1lDevice1/LPHD1.PhyHealth.stVal: 0
20:47:10.159 [openiec61850-osi-server-1-thread-1] DEBUG com.beanit.openiec61850.ServerAssociation - sub BDA is:ied1lDevice1/LPHD1.PhyHealth.q: 0x00 0x00
20:47:10.160 [openiec61850-osi-server-1-thread-1] DEBUG com.beanit.openiec61850.ServerAssociation - sub BDA is:ied1lDevice1/LPHD1.PhyHealth.t: Thu Jan 01 01:00:00 CET 1970
calling GetDataValues(ied1lDevice1/LPHD1.PhyHealth.stVal)
20:47:10.160 [openiec61850-osi-server-1-thread-1] DEBUG com.beanit.openiec61850.ServerAssociation - Got a GetDataValues request for node: ied1lDevice1/LPHD1.PhyHealth.stVal: 0
calling GetDataValues(ied1lDevice1/LPHD1.PhyHealth.q)
20:47:10.160 [openiec61850-osi-server-1-thread-1] DEBUG com.beanit.openiec61850.ServerAssociation - Got a GetDataValues request for node: ied1lDevice1/LPHD1.PhyHealth.q: 0x00 0x00
calling GetDataValues(ied1lDevice1/LPHD1.PhyHealth.t)
20:47:10.161 [openiec61850-osi-server-1-thread-1] DEBUG com.beanit.openiec61850.ServerAssociation - Got a GetDataValues request for node: ied1lDevice1/LPHD1.PhyHealth.t: Thu Jan 01 01:00:00 CET 1970
calling GetDataValues(ied1lDevice1/LPHD1.Proxy)
20:47:10.161 [openiec61850-osi-server-1-thread-1] DEBUG com.beanit.openiec61850.ServerAssociation - Got a GetDataValues request for node: ied1lDevice1/LPHD1.Proxy [ST]
ied1lDevice1/LPHD1.Proxy.stVal: false
ied1lDevice1/LPHD1.Proxy.q: 0x00 0x00
ied1lDevice1/LPHD1.Proxy.t: Thu Jan 01 01:00:00 CET 1970
20:47:10.161 [openiec61850-osi-server-1-thread-1] DEBUG com.beanit.openiec61850.ServerAssociation - sub BDA is:ied1lDevice1/LPHD1.Proxy.stVal: false
20:47:10.161 [openiec61850-osi-server-1-thread-1] DEBUG com.beanit.openiec61850.ServerAssociation - sub BDA is:ied1lDevice1/LPHD1.Proxy.q: 0x00 0x00
20:47:10.161 [openiec61850-osi-server-1-thread-1] DEBUG com.beanit.openiec61850.ServerAssociation - sub BDA is:ied1lDevice1/LPHD1.Proxy.t: Thu Jan 01 01:00:00 CET 1970
calling GetDataValues(ied1lDevice1/LPHD1.Proxy.stVal)
20:47:10.161 [openiec61850-osi-server-1-thread-1] DEBUG com.beanit.openiec61850.ServerAssociation - Got a GetDataValues request for node: ied1lDevice1/LPHD1.Proxy.stVal: false
calling GetDataValues(ied1lDevice1/LPHD1.Proxy.q)
20:47:10.162 [openiec61850-osi-server-1-thread-1] DEBUG com.beanit.openiec61850.ServerAssociation - Got a GetDataValues request for node: ied1lDevice1/LPHD1.Proxy.q: 0x00 0x00
calling GetDataValues(ied1lDevice1/LPHD1.Proxy.t)
20:47:10.162 [openiec61850-osi-server-1-thread-1] DEBUG com.beanit.openiec61850.ServerAssociation - Got a GetDataValues request for node: ied1lDevice1/LPHD1.Proxy.t: Thu Jan 01 01:00:00 CET 1970
calling GetDataValues(ied1lDevice1/MMXU1.Mod)
20:47:10.163 [openiec61850-osi-server-1-thread-1] DEBUG com.beanit.openiec61850.ServerAssociation - Got a GetDataValues request for node: ied1lDevice1/MMXU1.Mod [ST]
ied1lDevice1/MMXU1.Mod.q: 0x00 0x00
ied1lDevice1/MMXU1.Mod.t: Thu Jan 01 01:00:00 CET 1970
20:47:10.163 [openiec61850-osi-server-1-thread-1] DEBUG com.beanit.openiec61850.ServerAssociation - sub BDA is:ied1lDevice1/MMXU1.Mod.q: 0x00 0x00
20:47:10.163 [openiec61850-osi-server-1-thread-1] DEBUG com.beanit.openiec61850.ServerAssociation - sub BDA is:ied1lDevice1/MMXU1.Mod.t: Thu Jan 01 01:00:00 CET 1970
calling GetDataValues(ied1lDevice1/MMXU1.Mod.q)
20:47:10.163 [openiec61850-osi-server-1-thread-1] DEBUG com.beanit.openiec61850.ServerAssociation - Got a GetDataValues request for node: ied1lDevice1/MMXU1.Mod.q: 0x00 0x00
calling GetDataValues(ied1lDevice1/MMXU1.Mod.t)
20:47:10.163 [openiec61850-osi-server-1-thread-1] DEBUG com.beanit.openiec61850.ServerAssociation - Got a GetDataValues request for node: ied1lDevice1/MMXU1.Mod.t: Thu Jan 01 01:00:00 CET 1970
calling GetDataValues(ied1lDevice1/MMXU1.Mod)
20:47:10.164 [openiec61850-osi-server-1-thread-1] DEBUG com.beanit.openiec61850.ServerAssociation - Got a GetDataValues request for node: ied1lDevice1/MMXU1.Mod [CF]
ied1lDevice1/MMXU1.Mod.ctlModel: 0
20:47:10.164 [openiec61850-osi-server-1-thread-1] DEBUG com.beanit.openiec61850.ServerAssociation - sub BDA is:ied1lDevice1/MMXU1.Mod.ctlModel: 0
calling GetDataValues(ied1lDevice1/MMXU1.Mod.ctlModel)
20:47:10.164 [openiec61850-osi-server-1-thread-1] DEBUG com.beanit.openiec61850.ServerAssociation - Got a GetDataValues request for node: ied1lDevice1/MMXU1.Mod.ctlModel: 0
calling GetDataValues(ied1lDevice1/MMXU1.Beh)
20:47:10.164 [openiec61850-osi-server-1-thread-1] DEBUG com.beanit.openiec61850.ServerAssociation - Got a GetDataValues request for node: ied1lDevice1/MMXU1.Beh [ST]
ied1lDevice1/MMXU1.Beh.stVal: 0
ied1lDevice1/MMXU1.Beh.q: 0x00 0x00
ied1lDevice1/MMXU1.Beh.t: Thu Jan 01 01:00:00 CET 1970
20:47:10.164 [openiec61850-osi-server-1-thread-1] DEBUG com.beanit.openiec61850.ServerAssociation - sub BDA is:ied1lDevice1/MMXU1.Beh.stVal: 0
20:47:10.165 [openiec61850-osi-server-1-thread-1] DEBUG com.beanit.openiec61850.ServerAssociation - sub BDA is:ied1lDevice1/MMXU1.Beh.q: 0x00 0x00
20:47:10.165 [openiec61850-osi-server-1-thread-1] DEBUG com.beanit.openiec61850.ServerAssociation - sub BDA is:ied1lDevice1/MMXU1.Beh.t: Thu Jan 01 01:00:00 CET 1970
calling GetDataValues(ied1lDevice1/MMXU1.Beh.stVal)
20:47:10.165 [openiec61850-osi-server-1-thread-1] DEBUG com.beanit.openiec61850.ServerAssociation - Got a GetDataValues request for node: ied1lDevice1/MMXU1.Beh.stVal: 0
calling GetDataValues(ied1lDevice1/MMXU1.Beh.q)
20:47:10.165 [openiec61850-osi-server-1-thread-1] DEBUG com.beanit.openiec61850.ServerAssociation - Got a GetDataValues request for node: ied1lDevice1/MMXU1.Beh.q: 0x00 0x00
calling GetDataValues(ied1lDevice1/MMXU1.Beh.t)
20:47:10.166 [openiec61850-osi-server-1-thread-1] DEBUG com.beanit.openiec61850.ServerAssociation - Got a GetDataValues request for node: ied1lDevice1/MMXU1.Beh.t: Thu Jan 01 01:00:00 CET 1970
calling GetDataValues(ied1lDevice1/MMXU1.Health)
20:47:10.166 [openiec61850-osi-server-1-thread-1] DEBUG com.beanit.openiec61850.ServerAssociation - Got a GetDataValues request for node: ied1lDevice1/MMXU1.Health [ST]
ied1lDevice1/MMXU1.Health.stVal: 0
ied1lDevice1/MMXU1.Health.q: 0x00 0x00
ied1lDevice1/MMXU1.Health.t: Thu Jan 01 01:00:00 CET 1970
20:47:10.166 [openiec61850-osi-server-1-thread-1] DEBUG com.beanit.openiec61850.ServerAssociation - sub BDA is:ied1lDevice1/MMXU1.Health.stVal: 0
20:47:10.166 [openiec61850-osi-server-1-thread-1] DEBUG com.beanit.openiec61850.ServerAssociation - sub BDA is:ied1lDevice1/MMXU1.Health.q: 0x00 0x00
20:47:10.166 [openiec61850-osi-server-1-thread-1] DEBUG com.beanit.openiec61850.ServerAssociation - sub BDA is:ied1lDevice1/MMXU1.Health.t: Thu Jan 01 01:00:00 CET 1970
calling GetDataValues(ied1lDevice1/MMXU1.Health.stVal)
20:47:10.166 [openiec61850-osi-server-1-thread-1] DEBUG com.beanit.openiec61850.ServerAssociation - Got a GetDataValues request for node: ied1lDevice1/MMXU1.Health.stVal: 0
calling GetDataValues(ied1lDevice1/MMXU1.Health.q)
20:47:10.167 [openiec61850-osi-server-1-thread-1] DEBUG com.beanit.openiec61850.ServerAssociation - Got a GetDataValues request for node: ied1lDevice1/MMXU1.Health.q: 0x00 0x00
calling GetDataValues(ied1lDevice1/MMXU1.Health.t)
20:47:10.167 [openiec61850-osi-server-1-thread-1] DEBUG com.beanit.openiec61850.ServerAssociation - Got a GetDataValues request for node: ied1lDevice1/MMXU1.Health.t: Thu Jan 01 01:00:00 CET 1970
calling GetDataValues(ied1lDevice1/MMXU1.NamPlt)
20:47:10.167 [openiec61850-osi-server-1-thread-1] DEBUG com.beanit.openiec61850.ServerAssociation - Got a GetDataValues request for node: ied1lDevice1/MMXU1.NamPlt [DC]
ied1lDevice1/MMXU1.NamPlt.vendor: ''
ied1lDevice1/MMXU1.NamPlt.swRev: ''
ied1lDevice1/MMXU1.NamPlt.d: ''
20:47:10.167 [openiec61850-osi-server-1-thread-1] DEBUG com.beanit.openiec61850.ServerAssociation - sub BDA is:ied1lDevice1/MMXU1.NamPlt.vendor: ''
20:47:10.167 [openiec61850-osi-server-1-thread-1] DEBUG com.beanit.openiec61850.ServerAssociation - sub BDA is:ied1lDevice1/MMXU1.NamPlt.swRev: ''
20:47:10.167 [openiec61850-osi-server-1-thread-1] DEBUG com.beanit.openiec61850.ServerAssociation - sub BDA is:ied1lDevice1/MMXU1.NamPlt.d: ''
calling GetDataValues(ied1lDevice1/MMXU1.NamPlt.vendor)
20:47:10.168 [openiec61850-osi-server-1-thread-1] DEBUG com.beanit.openiec61850.ServerAssociation - Got a GetDataValues request for node: ied1lDevice1/MMXU1.NamPlt.vendor: ''
calling GetDataValues(ied1lDevice1/MMXU1.NamPlt.swRev)
20:47:10.168 [openiec61850-osi-server-1-thread-1] DEBUG com.beanit.openiec61850.ServerAssociation - Got a GetDataValues request for node: ied1lDevice1/MMXU1.NamPlt.swRev: ''
calling GetDataValues(ied1lDevice1/MMXU1.NamPlt.d)
20:47:10.168 [openiec61850-osi-server-1-thread-1] DEBUG com.beanit.openiec61850.ServerAssociation - Got a GetDataValues request for node: ied1lDevice1/MMXU1.NamPlt.d: ''
calling GetDataValues(ied1lDevice1/MMXU1.TotW)
20:47:10.169 [openiec61850-osi-server-1-thread-1] DEBUG com.beanit.openiec61850.ServerAssociation - Got a GetDataValues request for node: ied1lDevice1/MMXU1.TotW [MX]
ied1lDevice1/MMXU1.TotW.mag [MX]
ied1lDevice1/MMXU1.TotW.mag.f: 0.0
ied1lDevice1/MMXU1.TotW.q: 0x00 0x00
ied1lDevice1/MMXU1.TotW.t: Thu Jan 01 01:00:00 CET 1970
20:47:10.169 [openiec61850-osi-server-1-thread-1] DEBUG com.beanit.openiec61850.ServerAssociation - sub BDA is:ied1lDevice1/MMXU1.TotW.mag.f: 0.0
20:47:10.169 [openiec61850-osi-server-1-thread-1] DEBUG com.beanit.openiec61850.ServerAssociation - sub BDA is:ied1lDevice1/MMXU1.TotW.q: 0x00 0x00
20:47:10.169 [openiec61850-osi-server-1-thread-1] DEBUG com.beanit.openiec61850.ServerAssociation - sub BDA is:ied1lDevice1/MMXU1.TotW.t: Thu Jan 01 01:00:00 CET 1970
calling GetDataValues(ied1lDevice1/MMXU1.TotW.mag)
20:47:10.170 [openiec61850-osi-server-1-thread-1] DEBUG com.beanit.openiec61850.ServerAssociation - Got a GetDataValues request for node: ied1lDevice1/MMXU1.TotW.mag [MX]
ied1lDevice1/MMXU1.TotW.mag.f: 0.0
20:47:10.170 [openiec61850-osi-server-1-thread-1] DEBUG com.beanit.openiec61850.ServerAssociation - sub BDA is:ied1lDevice1/MMXU1.TotW.mag.f: 0.0
calling GetDataValues(ied1lDevice1/MMXU1.TotW.mag.f)
20:47:10.170 [openiec61850-osi-server-1-thread-1] DEBUG com.beanit.openiec61850.ServerAssociation - Got a GetDataValues request for node: ied1lDevice1/MMXU1.TotW.mag.f: 0.0
calling GetDataValues(ied1lDevice1/MMXU1.TotW.q)
20:47:10.170 [openiec61850-osi-server-1-thread-1] DEBUG com.beanit.openiec61850.ServerAssociation - Got a GetDataValues request for node: ied1lDevice1/MMXU1.TotW.q: 0x00 0x00
calling GetDataValues(ied1lDevice1/MMXU1.TotW.t)
20:47:10.171 [openiec61850-osi-server-1-thread-1] DEBUG com.beanit.openiec61850.ServerAssociation - Got a GetDataValues request for node: ied1lDevice1/MMXU1.TotW.t: Thu Jan 01 01:00:00 CET 1970
calling GetDataValues(ied1lDevice1/MMXU1.W)
20:47:10.171 [openiec61850-osi-server-1-thread-1] DEBUG com.beanit.openiec61850.ServerAssociation - Got a GetDataValues request for node: ied1lDevice1/MMXU1.W [MX]
ied1lDevice1/MMXU1.W.phsA [MX]
ied1lDevice1/MMXU1.W.phsA.cVal [MX]
ied1lDevice1/MMXU1.W.phsA.cVal.mag [MX]
ied1lDevice1/MMXU1.W.phsA.cVal.mag.f: 0.0
ied1lDevice1/MMXU1.W.phsA.q: 0x00 0x00
ied1lDevice1/MMXU1.W.phsA.t: Thu Jan 01 01:00:00 CET 1970
ied1lDevice1/MMXU1.W.phsB [MX]
ied1lDevice1/MMXU1.W.phsB.cVal [MX]
ied1lDevice1/MMXU1.W.phsB.cVal.mag [MX]
ied1lDevice1/MMXU1.W.phsB.cVal.mag.f: 0.0
ied1lDevice1/MMXU1.W.phsB.q: 0x00 0x00
ied1lDevice1/MMXU1.W.phsB.t: Thu Jan 01 01:00:00 CET 1970
ied1lDevice1/MMXU1.W.phsC [MX]
ied1lDevice1/MMXU1.W.phsC.cVal [MX]
ied1lDevice1/MMXU1.W.phsC.cVal.mag [MX]
ied1lDevice1/MMXU1.W.phsC.cVal.mag.f: 0.0
ied1lDevice1/MMXU1.W.phsC.q: 0x00 0x00
ied1lDevice1/MMXU1.W.phsC.t: Thu Jan 01 01:00:00 CET 1970
20:47:10.171 [openiec61850-osi-server-1-thread-1] DEBUG com.beanit.openiec61850.ServerAssociation - sub BDA is:ied1lDevice1/MMXU1.W.phsA.cVal.mag.f: 0.0
20:47:10.171 [openiec61850-osi-server-1-thread-1] DEBUG com.beanit.openiec61850.ServerAssociation - sub BDA is:ied1lDevice1/MMXU1.W.phsA.q: 0x00 0x00
20:47:10.172 [openiec61850-osi-server-1-thread-1] DEBUG com.beanit.openiec61850.ServerAssociation - sub BDA is:ied1lDevice1/MMXU1.W.phsA.t: Thu Jan 01 01:00:00 CET 1970
20:47:10.172 [openiec61850-osi-server-1-thread-1] DEBUG com.beanit.openiec61850.ServerAssociation - sub BDA is:ied1lDevice1/MMXU1.W.phsB.cVal.mag.f: 0.0
20:47:10.172 [openiec61850-osi-server-1-thread-1] DEBUG com.beanit.openiec61850.ServerAssociation - sub BDA is:ied1lDevice1/MMXU1.W.phsB.q: 0x00 0x00
20:47:10.172 [openiec61850-osi-server-1-thread-1] DEBUG com.beanit.openiec61850.ServerAssociation - sub BDA is:ied1lDevice1/MMXU1.W.phsB.t: Thu Jan 01 01:00:00 CET 1970
20:47:10.172 [openiec61850-osi-server-1-thread-1] DEBUG com.beanit.openiec61850.ServerAssociation - sub BDA is:ied1lDevice1/MMXU1.W.phsC.cVal.mag.f: 0.0
20:47:10.172 [openiec61850-osi-server-1-thread-1] DEBUG com.beanit.openiec61850.ServerAssociation - sub BDA is:ied1lDevice1/MMXU1.W.phsC.q: 0x00 0x00
20:47:10.172 [openiec61850-osi-server-1-thread-1] DEBUG com.beanit.openiec61850.ServerAssociation - sub BDA is:ied1lDevice1/MMXU1.W.phsC.t: Thu Jan 01 01:00:00 CET 1970
calling GetDataValues(ied1lDevice1/MMXU1.W.phsA)
20:47:10.172 [openiec61850-osi-server-1-thread-1] DEBUG com.beanit.openiec61850.ServerAssociation - Got a GetDataValues request for node: ied1lDevice1/MMXU1.W.phsA [MX]
ied1lDevice1/MMXU1.W.phsA.cVal [MX]
ied1lDevice1/MMXU1.W.phsA.cVal.mag [MX]
ied1lDevice1/MMXU1.W.phsA.cVal.mag.f: 0.0
ied1lDevice1/MMXU1.W.phsA.q: 0x00 0x00
ied1lDevice1/MMXU1.W.phsA.t: Thu Jan 01 01:00:00 CET 1970
20:47:10.172 [openiec61850-osi-server-1-thread-1] DEBUG com.beanit.openiec61850.ServerAssociation - sub BDA is:ied1lDevice1/MMXU1.W.phsA.cVal.mag.f: 0.0
20:47:10.172 [openiec61850-osi-server-1-thread-1] DEBUG com.beanit.openiec61850.ServerAssociation - sub BDA is:ied1lDevice1/MMXU1.W.phsA.q: 0x00 0x00
20:47:10.172 [openiec61850-osi-server-1-thread-1] DEBUG com.beanit.openiec61850.ServerAssociation - sub BDA is:ied1lDevice1/MMXU1.W.phsA.t: Thu Jan 01 01:00:00 CET 1970
calling GetDataValues(ied1lDevice1/MMXU1.W.phsA.cVal)
20:47:10.173 [openiec61850-osi-server-1-thread-1] DEBUG com.beanit.openiec61850.ServerAssociation - Got a GetDataValues request for node: ied1lDevice1/MMXU1.W.phsA.cVal [MX]
ied1lDevice1/MMXU1.W.phsA.cVal.mag [MX]
ied1lDevice1/MMXU1.W.phsA.cVal.mag.f: 0.0
20:47:10.173 [openiec61850-osi-server-1-thread-1] DEBUG com.beanit.openiec61850.ServerAssociation - sub BDA is:ied1lDevice1/MMXU1.W.phsA.cVal.mag.f: 0.0
calling GetDataValues(ied1lDevice1/MMXU1.W.phsA.cVal.mag)
20:47:10.173 [openiec61850-osi-server-1-thread-1] DEBUG com.beanit.openiec61850.ServerAssociation - Got a GetDataValues request for node: ied1lDevice1/MMXU1.W.phsA.cVal.mag [MX]
ied1lDevice1/MMXU1.W.phsA.cVal.mag.f: 0.0
20:47:10.173 [openiec61850-osi-server-1-thread-1] DEBUG com.beanit.openiec61850.ServerAssociation - sub BDA is:ied1lDevice1/MMXU1.W.phsA.cVal.mag.f: 0.0
calling GetDataValues(ied1lDevice1/MMXU1.W.phsA.cVal.mag.f)
20:47:10.173 [openiec61850-osi-server-1-thread-1] DEBUG com.beanit.openiec61850.ServerAssociation - Got a GetDataValues request for node: ied1lDevice1/MMXU1.W.phsA.cVal.mag.f: 0.0
calling GetDataValues(ied1lDevice1/MMXU1.W.phsA.q)
20:47:10.174 [openiec61850-osi-server-1-thread-1] DEBUG com.beanit.openiec61850.ServerAssociation - Got a GetDataValues request for node: ied1lDevice1/MMXU1.W.phsA.q: 0x00 0x00
calling GetDataValues(ied1lDevice1/MMXU1.W.phsA.t)
20:47:10.174 [openiec61850-osi-server-1-thread-1] DEBUG com.beanit.openiec61850.ServerAssociation - Got a GetDataValues request for node: ied1lDevice1/MMXU1.W.phsA.t: Thu Jan 01 01:00:00 CET 1970
calling GetDataValues(ied1lDevice1/MMXU1.W.phsB)
20:47:10.174 [openiec61850-osi-server-1-thread-1] DEBUG com.beanit.openiec61850.ServerAssociation - Got a GetDataValues request for node: ied1lDevice1/MMXU1.W.phsB [MX]
ied1lDevice1/MMXU1.W.phsB.cVal [MX]
ied1lDevice1/MMXU1.W.phsB.cVal.mag [MX]
ied1lDevice1/MMXU1.W.phsB.cVal.mag.f: 0.0
ied1lDevice1/MMXU1.W.phsB.q: 0x00 0x00
ied1lDevice1/MMXU1.W.phsB.t: Thu Jan 01 01:00:00 CET 1970
20:47:10.175 [openiec61850-osi-server-1-thread-1] DEBUG com.beanit.openiec61850.ServerAssociation - sub BDA is:ied1lDevice1/MMXU1.W.phsB.cVal.mag.f: 0.0
20:47:10.175 [openiec61850-osi-server-1-thread-1] DEBUG com.beanit.openiec61850.ServerAssociation - sub BDA is:ied1lDevice1/MMXU1.W.phsB.q: 0x00 0x00
20:47:10.175 [openiec61850-osi-server-1-thread-1] DEBUG com.beanit.openiec61850.ServerAssociation - sub BDA is:ied1lDevice1/MMXU1.W.phsB.t: Thu Jan 01 01:00:00 CET 1970
calling GetDataValues(ied1lDevice1/MMXU1.W.phsB.cVal)
20:47:10.175 [openiec61850-osi-server-1-thread-1] DEBUG com.beanit.openiec61850.ServerAssociation - Got a GetDataValues request for node: ied1lDevice1/MMXU1.W.phsB.cVal [MX]
ied1lDevice1/MMXU1.W.phsB.cVal.mag [MX]
ied1lDevice1/MMXU1.W.phsB.cVal.mag.f: 0.0
20:47:10.175 [openiec61850-osi-server-1-thread-1] DEBUG com.beanit.openiec61850.ServerAssociation - sub BDA is:ied1lDevice1/MMXU1.W.phsB.cVal.mag.f: 0.0
calling GetDataValues(ied1lDevice1/MMXU1.W.phsB.cVal.mag)
20:47:10.175 [openiec61850-osi-server-1-thread-1] DEBUG com.beanit.openiec61850.ServerAssociation - Got a GetDataValues request for node: ied1lDevice1/MMXU1.W.phsB.cVal.mag [MX]
ied1lDevice1/MMXU1.W.phsB.cVal.mag.f: 0.0
20:47:10.175 [openiec61850-osi-server-1-thread-1] DEBUG com.beanit.openiec61850.ServerAssociation - sub BDA is:ied1lDevice1/MMXU1.W.phsB.cVal.mag.f: 0.0
calling GetDataValues(ied1lDevice1/MMXU1.W.phsB.cVal.mag.f)
20:47:10.176 [openiec61850-osi-server-1-thread-1] DEBUG com.beanit.openiec61850.ServerAssociation - Got a GetDataValues request for node: ied1lDevice1/MMXU1.W.phsB.cVal.mag.f: 0.0
calling GetDataValues(ied1lDevice1/MMXU1.W.phsB.q)
20:47:10.176 [openiec61850-osi-server-1-thread-1] DEBUG com.beanit.openiec61850.ServerAssociation - Got a GetDataValues request for node: ied1lDevice1/MMXU1.W.phsB.q: 0x00 0x00
calling GetDataValues(ied1lDevice1/MMXU1.W.phsB.t)
20:47:10.176 [openiec61850-osi-server-1-thread-1] DEBUG com.beanit.openiec61850.ServerAssociation - Got a GetDataValues request for node: ied1lDevice1/MMXU1.W.phsB.t: Thu Jan 01 01:00:00 CET 1970
calling GetDataValues(ied1lDevice1/MMXU1.W.phsC)
20:47:10.177 [openiec61850-osi-server-1-thread-1] DEBUG com.beanit.openiec61850.ServerAssociation - Got a GetDataValues request for node: ied1lDevice1/MMXU1.W.phsC [MX]
ied1lDevice1/MMXU1.W.phsC.cVal [MX]
ied1lDevice1/MMXU1.W.phsC.cVal.mag [MX]
ied1lDevice1/MMXU1.W.phsC.cVal.mag.f: 0.0
ied1lDevice1/MMXU1.W.phsC.q: 0x00 0x00
ied1lDevice1/MMXU1.W.phsC.t: Thu Jan 01 01:00:00 CET 1970
20:47:10.177 [openiec61850-osi-server-1-thread-1] DEBUG com.beanit.openiec61850.ServerAssociation - sub BDA is:ied1lDevice1/MMXU1.W.phsC.cVal.mag.f: 0.0
20:47:10.177 [openiec61850-osi-server-1-thread-1] DEBUG com.beanit.openiec61850.ServerAssociation - sub BDA is:ied1lDevice1/MMXU1.W.phsC.q: 0x00 0x00
20:47:10.177 [openiec61850-osi-server-1-thread-1] DEBUG com.beanit.openiec61850.ServerAssociation - sub BDA is:ied1lDevice1/MMXU1.W.phsC.t: Thu Jan 01 01:00:00 CET 1970
calling GetDataValues(ied1lDevice1/MMXU1.W.phsC.cVal)
20:47:10.177 [openiec61850-osi-server-1-thread-1] DEBUG com.beanit.openiec61850.ServerAssociation - Got a GetDataValues request for node: ied1lDevice1/MMXU1.W.phsC.cVal [MX]
ied1lDevice1/MMXU1.W.phsC.cVal.mag [MX]
ied1lDevice1/MMXU1.W.phsC.cVal.mag.f: 0.0
20:47:10.177 [openiec61850-osi-server-1-thread-1] DEBUG com.beanit.openiec61850.ServerAssociation - sub BDA is:ied1lDevice1/MMXU1.W.phsC.cVal.mag.f: 0.0
calling GetDataValues(ied1lDevice1/MMXU1.W.phsC.cVal.mag)
20:47:10.177 [openiec61850-osi-server-1-thread-1] DEBUG com.beanit.openiec61850.ServerAssociation - Got a GetDataValues request for node: ied1lDevice1/MMXU1.W.phsC.cVal.mag [MX]
ied1lDevice1/MMXU1.W.phsC.cVal.mag.f: 0.0
20:47:10.177 [openiec61850-osi-server-1-thread-1] DEBUG com.beanit.openiec61850.ServerAssociation - sub BDA is:ied1lDevice1/MMXU1.W.phsC.cVal.mag.f: 0.0
calling GetDataValues(ied1lDevice1/MMXU1.W.phsC.cVal.mag.f)
20:47:10.178 [openiec61850-osi-server-1-thread-1] DEBUG com.beanit.openiec61850.ServerAssociation - Got a GetDataValues request for node: ied1lDevice1/MMXU1.W.phsC.cVal.mag.f: 0.0
calling GetDataValues(ied1lDevice1/MMXU1.W.phsC.q)
20:47:10.178 [openiec61850-osi-server-1-thread-1] DEBUG com.beanit.openiec61850.ServerAssociation - Got a GetDataValues request for node: ied1lDevice1/MMXU1.W.phsC.q: 0x00 0x00
calling GetDataValues(ied1lDevice1/MMXU1.W.phsC.t)
20:47:10.178 [openiec61850-osi-server-1-thread-1] DEBUG com.beanit.openiec61850.ServerAssociation - Got a GetDataValues request for node: ied1lDevice1/MMXU1.W.phsC.t: Thu Jan 01 01:00:00 CET 1970
calling GetDataValues(ied1lDevice1/CSWI1.Mod)
20:47:10.179 [openiec61850-osi-server-1-thread-1] DEBUG com.beanit.openiec61850.ServerAssociation - Got a GetDataValues request for node: ied1lDevice1/CSWI1.Mod [ST]
ied1lDevice1/CSWI1.Mod.q: 0x00 0x00
ied1lDevice1/CSWI1.Mod.t: Thu Jan 01 01:00:00 CET 1970
20:47:10.179 [openiec61850-osi-server-1-thread-1] DEBUG com.beanit.openiec61850.ServerAssociation - sub BDA is:ied1lDevice1/CSWI1.Mod.q: 0x00 0x00
20:47:10.179 [openiec61850-osi-server-1-thread-1] DEBUG com.beanit.openiec61850.ServerAssociation - sub BDA is:ied1lDevice1/CSWI1.Mod.t: Thu Jan 01 01:00:00 CET 1970
calling GetDataValues(ied1lDevice1/CSWI1.Mod.q)
20:47:10.179 [openiec61850-osi-server-1-thread-1] DEBUG com.beanit.openiec61850.ServerAssociation - Got a GetDataValues request for node: ied1lDevice1/CSWI1.Mod.q: 0x00 0x00
calling GetDataValues(ied1lDevice1/CSWI1.Mod.t)
20:47:10.179 [openiec61850-osi-server-1-thread-1] DEBUG com.beanit.openiec61850.ServerAssociation - Got a GetDataValues request for node: ied1lDevice1/CSWI1.Mod.t: Thu Jan 01 01:00:00 CET 1970
calling GetDataValues(ied1lDevice1/CSWI1.Mod)
20:47:10.179 [openiec61850-osi-server-1-thread-1] DEBUG com.beanit.openiec61850.ServerAssociation - Got a GetDataValues request for node: ied1lDevice1/CSWI1.Mod [CF]
ied1lDevice1/CSWI1.Mod.ctlModel: 0
20:47:10.180 [openiec61850-osi-server-1-thread-1] DEBUG com.beanit.openiec61850.ServerAssociation - sub BDA is:ied1lDevice1/CSWI1.Mod.ctlModel: 0
calling GetDataValues(ied1lDevice1/CSWI1.Mod.ctlModel)
20:47:10.180 [openiec61850-osi-server-1-thread-1] DEBUG com.beanit.openiec61850.ServerAssociation - Got a GetDataValues request for node: ied1lDevice1/CSWI1.Mod.ctlModel: 0
calling GetDataValues(ied1lDevice1/CSWI1.Beh)
20:47:10.180 [openiec61850-osi-server-1-thread-1] DEBUG com.beanit.openiec61850.ServerAssociation - Got a GetDataValues request for node: ied1lDevice1/CSWI1.Beh [ST]
ied1lDevice1/CSWI1.Beh.stVal: 0
ied1lDevice1/CSWI1.Beh.q: 0x00 0x00
ied1lDevice1/CSWI1.Beh.t: Thu Jan 01 01:00:00 CET 1970
20:47:10.180 [openiec61850-osi-server-1-thread-1] DEBUG com.beanit.openiec61850.ServerAssociation - sub BDA is:ied1lDevice1/CSWI1.Beh.stVal: 0
20:47:10.180 [openiec61850-osi-server-1-thread-1] DEBUG com.beanit.openiec61850.ServerAssociation - sub BDA is:ied1lDevice1/CSWI1.Beh.q: 0x00 0x00
20:47:10.180 [openiec61850-osi-server-1-thread-1] DEBUG com.beanit.openiec61850.ServerAssociation - sub BDA is:ied1lDevice1/CSWI1.Beh.t: Thu Jan 01 01:00:00 CET 1970
calling GetDataValues(ied1lDevice1/CSWI1.Beh.stVal)
20:47:10.181 [openiec61850-osi-server-1-thread-1] DEBUG com.beanit.openiec61850.ServerAssociation - Got a GetDataValues request for node: ied1lDevice1/CSWI1.Beh.stVal: 0
calling GetDataValues(ied1lDevice1/CSWI1.Beh.q)
20:47:10.181 [openiec61850-osi-server-1-thread-1] DEBUG com.beanit.openiec61850.ServerAssociation - Got a GetDataValues request for node: ied1lDevice1/CSWI1.Beh.q: 0x00 0x00
calling GetDataValues(ied1lDevice1/CSWI1.Beh.t)
20:47:10.181 [openiec61850-osi-server-1-thread-1] DEBUG com.beanit.openiec61850.ServerAssociation - Got a GetDataValues request for node: ied1lDevice1/CSWI1.Beh.t: Thu Jan 01 01:00:00 CET 1970
calling GetDataValues(ied1lDevice1/CSWI1.Health)
20:47:10.182 [openiec61850-osi-server-1-thread-1] DEBUG com.beanit.openiec61850.ServerAssociation - Got a GetDataValues request for node: ied1lDevice1/CSWI1.Health [ST]
ied1lDevice1/CSWI1.Health.stVal: 0
ied1lDevice1/CSWI1.Health.q: 0x00 0x00
ied1lDevice1/CSWI1.Health.t: Thu Jan 01 01:00:00 CET 1970
20:47:10.182 [openiec61850-osi-server-1-thread-1] DEBUG com.beanit.openiec61850.ServerAssociation - sub BDA is:ied1lDevice1/CSWI1.Health.stVal: 0
20:47:10.182 [openiec61850-osi-server-1-thread-1] DEBUG com.beanit.openiec61850.ServerAssociation - sub BDA is:ied1lDevice1/CSWI1.Health.q: 0x00 0x00
20:47:10.182 [openiec61850-osi-server-1-thread-1] DEBUG com.beanit.openiec61850.ServerAssociation - sub BDA is:ied1lDevice1/CSWI1.Health.t: Thu Jan 01 01:00:00 CET 1970
calling GetDataValues(ied1lDevice1/CSWI1.Health.stVal)
20:47:10.182 [openiec61850-osi-server-1-thread-1] DEBUG com.beanit.openiec61850.ServerAssociation - Got a GetDataValues request for node: ied1lDevice1/CSWI1.Health.stVal: 0
calling GetDataValues(ied1lDevice1/CSWI1.Health.q)
20:47:10.182 [openiec61850-osi-server-1-thread-1] DEBUG com.beanit.openiec61850.ServerAssociation - Got a GetDataValues request for node: ied1lDevice1/CSWI1.Health.q: 0x00 0x00
calling GetDataValues(ied1lDevice1/CSWI1.Health.t)
20:47:10.182 [openiec61850-osi-server-1-thread-1] DEBUG com.beanit.openiec61850.ServerAssociation - Got a GetDataValues request for node: ied1lDevice1/CSWI1.Health.t: Thu Jan 01 01:00:00 CET 1970
calling GetDataValues(ied1lDevice1/CSWI1.NamPlt)
20:47:10.183 [openiec61850-osi-server-1-thread-1] DEBUG com.beanit.openiec61850.ServerAssociation - Got a GetDataValues request for node: ied1lDevice1/CSWI1.NamPlt [DC]
ied1lDevice1/CSWI1.NamPlt.vendor: ''
ied1lDevice1/CSWI1.NamPlt.swRev: ''
ied1lDevice1/CSWI1.NamPlt.d: ''
20:47:10.183 [openiec61850-osi-server-1-thread-1] DEBUG com.beanit.openiec61850.ServerAssociation - sub BDA is:ied1lDevice1/CSWI1.NamPlt.vendor: ''
20:47:10.183 [openiec61850-osi-server-1-thread-1] DEBUG com.beanit.openiec61850.ServerAssociation - sub BDA is:ied1lDevice1/CSWI1.NamPlt.swRev: ''
20:47:10.183 [openiec61850-osi-server-1-thread-1] DEBUG com.beanit.openiec61850.ServerAssociation - sub BDA is:ied1lDevice1/CSWI1.NamPlt.d: ''
calling GetDataValues(ied1lDevice1/CSWI1.NamPlt.vendor)
20:47:10.183 [openiec61850-osi-server-1-thread-1] DEBUG com.beanit.openiec61850.ServerAssociation - Got a GetDataValues request for node: ied1lDevice1/CSWI1.NamPlt.vendor: ''
calling GetDataValues(ied1lDevice1/CSWI1.NamPlt.swRev)
20:47:10.183 [openiec61850-osi-server-1-thread-1] DEBUG com.beanit.openiec61850.ServerAssociation - Got a GetDataValues request for node: ied1lDevice1/CSWI1.NamPlt.swRev: ''
calling GetDataValues(ied1lDevice1/CSWI1.NamPlt.d)
20:47:10.184 [openiec61850-osi-server-1-thread-1] DEBUG com.beanit.openiec61850.ServerAssociation - Got a GetDataValues request for node: ied1lDevice1/CSWI1.NamPlt.d: ''
calling GetDataValues(ied1lDevice1/CSWI1.Pos)
20:47:10.184 [openiec61850-osi-server-1-thread-1] DEBUG com.beanit.openiec61850.ServerAssociation - Got a GetDataValues request for node: ied1lDevice1/CSWI1.Pos [ST]
ied1lDevice1/CSWI1.Pos.q: 0x00 0x00
ied1lDevice1/CSWI1.Pos.t: Thu Jan 01 01:00:00 CET 1970
20:47:10.184 [openiec61850-osi-server-1-thread-1] DEBUG com.beanit.openiec61850.ServerAssociation - sub BDA is:ied1lDevice1/CSWI1.Pos.q: 0x00 0x00
20:47:10.184 [openiec61850-osi-server-1-thread-1] DEBUG com.beanit.openiec61850.ServerAssociation - sub BDA is:ied1lDevice1/CSWI1.Pos.t: Thu Jan 01 01:00:00 CET 1970
calling GetDataValues(ied1lDevice1/CSWI1.Pos.q)
20:47:10.185 [openiec61850-osi-server-1-thread-1] DEBUG com.beanit.openiec61850.ServerAssociation - Got a GetDataValues request for node: ied1lDevice1/CSWI1.Pos.q: 0x00 0x00
calling GetDataValues(ied1lDevice1/CSWI1.Pos.t)
20:47:10.185 [openiec61850-osi-server-1-thread-1] DEBUG com.beanit.openiec61850.ServerAssociation - Got a GetDataValues request for node: ied1lDevice1/CSWI1.Pos.t: Thu Jan 01 01:00:00 CET 1970
calling GetDataValues(ied1lDevice1/CSWI1.Pos)
20:47:10.185 [openiec61850-osi-server-1-thread-1] DEBUG com.beanit.openiec61850.ServerAssociation - Got a GetDataValues request for node: ied1lDevice1/CSWI1.Pos [CF]
ied1lDevice1/CSWI1.Pos.ctlModel: 1
20:47:10.185 [openiec61850-osi-server-1-thread-1] DEBUG com.beanit.openiec61850.ServerAssociation - sub BDA is:ied1lDevice1/CSWI1.Pos.ctlModel: 1
calling GetDataValues(ied1lDevice1/CSWI1.Pos.ctlModel)
20:47:10.186 [openiec61850-osi-server-1-thread-1] DEBUG com.beanit.openiec61850.ServerAssociation - Got a GetDataValues request for node: ied1lDevice1/CSWI1.Pos.ctlModel: 1
calling GetDataValues(ied1lDevice1/CSWI1.PosA)
20:47:10.186 [openiec61850-osi-server-1-thread-1] DEBUG com.beanit.openiec61850.ServerAssociation - Got a GetDataValues request for node: ied1lDevice1/CSWI1.PosA [ST]
ied1lDevice1/CSWI1.PosA.q: 0x00 0x00
ied1lDevice1/CSWI1.PosA.t: Thu Jan 01 01:00:00 CET 1970
20:47:10.186 [openiec61850-osi-server-1-thread-1] DEBUG com.beanit.openiec61850.ServerAssociation - sub BDA is:ied1lDevice1/CSWI1.PosA.q: 0x00 0x00
20:47:10.186 [openiec61850-osi-server-1-thread-1] DEBUG com.beanit.openiec61850.ServerAssociation - sub BDA is:ied1lDevice1/CSWI1.PosA.t: Thu Jan 01 01:00:00 CET 1970
calling GetDataValues(ied1lDevice1/CSWI1.PosA.q)
20:47:10.186 [openiec61850-osi-server-1-thread-1] DEBUG com.beanit.openiec61850.ServerAssociation - Got a GetDataValues request for node: ied1lDevice1/CSWI1.PosA.q: 0x00 0x00
calling GetDataValues(ied1lDevice1/CSWI1.PosA.t)
20:47:10.187 [openiec61850-osi-server-1-thread-1] DEBUG com.beanit.openiec61850.ServerAssociation - Got a GetDataValues request for node: ied1lDevice1/CSWI1.PosA.t: Thu Jan 01 01:00:00 CET 1970
calling GetDataValues(ied1lDevice1/CSWI1.PosA)
20:47:10.187 [openiec61850-osi-server-1-thread-1] DEBUG com.beanit.openiec61850.ServerAssociation - Got a GetDataValues request for node: ied1lDevice1/CSWI1.PosA [CF]
ied1lDevice1/CSWI1.PosA.ctlModel: 2
ied1lDevice1/CSWI1.PosA.sboTimeout: 1000
20:47:10.187 [openiec61850-osi-server-1-thread-1] DEBUG com.beanit.openiec61850.ServerAssociation - sub BDA is:ied1lDevice1/CSWI1.PosA.ctlModel: 2
20:47:10.187 [openiec61850-osi-server-1-thread-1] DEBUG com.beanit.openiec61850.ServerAssociation - sub BDA is:ied1lDevice1/CSWI1.PosA.sboTimeout: 1000
calling GetDataValues(ied1lDevice1/CSWI1.PosA.ctlModel)
20:47:10.187 [openiec61850-osi-server-1-thread-1] DEBUG com.beanit.openiec61850.ServerAssociation - Got a GetDataValues request for node: ied1lDevice1/CSWI1.PosA.ctlModel: 2
calling GetDataValues(ied1lDevice1/CSWI1.PosA.sboTimeout)
20:47:10.187 [openiec61850-osi-server-1-thread-1] DEBUG com.beanit.openiec61850.ServerAssociation - Got a GetDataValues request for node: ied1lDevice1/CSWI1.PosA.sboTimeout: 1000
calling GetDataValues(ied1lDevice1/CSWI1.PosB)
20:47:10.188 [openiec61850-osi-server-1-thread-1] DEBUG com.beanit.openiec61850.ServerAssociation - Got a GetDataValues request for node: ied1lDevice1/CSWI1.PosB [ST]
ied1lDevice1/CSWI1.PosB.q: 0x00 0x00
ied1lDevice1/CSWI1.PosB.t: Thu Jan 01 01:00:00 CET 1970
20:47:10.188 [openiec61850-osi-server-1-thread-1] DEBUG com.beanit.openiec61850.ServerAssociation - sub BDA is:ied1lDevice1/CSWI1.PosB.q: 0x00 0x00
20:47:10.188 [openiec61850-osi-server-1-thread-1] DEBUG com.beanit.openiec61850.ServerAssociation - sub BDA is:ied1lDevice1/CSWI1.PosB.t: Thu Jan 01 01:00:00 CET 1970
calling GetDataValues(ied1lDevice1/CSWI1.PosB.q)
20:47:10.188 [openiec61850-osi-server-1-thread-1] DEBUG com.beanit.openiec61850.ServerAssociation - Got a GetDataValues request for node: ied1lDevice1/CSWI1.PosB.q: 0x00 0x00
calling GetDataValues(ied1lDevice1/CSWI1.PosB.t)
20:47:10.188 [openiec61850-osi-server-1-thread-1] DEBUG com.beanit.openiec61850.ServerAssociation - Got a GetDataValues request for node: ied1lDevice1/CSWI1.PosB.t: Thu Jan 01 01:00:00 CET 1970
calling GetDataValues(ied1lDevice1/CSWI1.PosB)
20:47:10.189 [openiec61850-osi-server-1-thread-1] DEBUG com.beanit.openiec61850.ServerAssociation - Got a GetDataValues request for node: ied1lDevice1/CSWI1.PosB [CF]
ied1lDevice1/CSWI1.PosB.ctlModel: 3
20:47:10.189 [openiec61850-osi-server-1-thread-1] DEBUG com.beanit.openiec61850.ServerAssociation - sub BDA is:ied1lDevice1/CSWI1.PosB.ctlModel: 3
calling GetDataValues(ied1lDevice1/CSWI1.PosB.ctlModel)
20:47:10.189 [openiec61850-osi-server-1-thread-1] DEBUG com.beanit.openiec61850.ServerAssociation - Got a GetDataValues request for node: ied1lDevice1/CSWI1.PosB.ctlModel: 3
calling GetDataValues(ied1lDevice1/CSWI1.PosC)
20:47:10.189 [openiec61850-osi-server-1-thread-1] DEBUG com.beanit.openiec61850.ServerAssociation - Got a GetDataValues request for node: ied1lDevice1/CSWI1.PosC [ST]
ied1lDevice1/CSWI1.PosC.q: 0x00 0x00
ied1lDevice1/CSWI1.PosC.t: Thu Jan 01 01:00:00 CET 1970
20:47:10.189 [openiec61850-osi-server-1-thread-1] DEBUG com.beanit.openiec61850.ServerAssociation - sub BDA is:ied1lDevice1/CSWI1.PosC.q: 0x00 0x00
20:47:10.189 [openiec61850-osi-server-1-thread-1] DEBUG com.beanit.openiec61850.ServerAssociation - sub BDA is:ied1lDevice1/CSWI1.PosC.t: Thu Jan 01 01:00:00 CET 1970
calling GetDataValues(ied1lDevice1/CSWI1.PosC.q)
20:47:10.190 [openiec61850-osi-server-1-thread-1] DEBUG com.beanit.openiec61850.ServerAssociation - Got a GetDataValues request for node: ied1lDevice1/CSWI1.PosC.q: 0x00 0x00
calling GetDataValues(ied1lDevice1/CSWI1.PosC.t)
20:47:10.190 [openiec61850-osi-server-1-thread-1] DEBUG com.beanit.openiec61850.ServerAssociation - Got a GetDataValues request for node: ied1lDevice1/CSWI1.PosC.t: Thu Jan 01 01:00:00 CET 1970
calling GetDataValues(ied1lDevice1/CSWI1.PosC)
20:47:10.190 [openiec61850-osi-server-1-thread-1] DEBUG com.beanit.openiec61850.ServerAssociation - Got a GetDataValues request for node: ied1lDevice1/CSWI1.PosC [CF]
ied1lDevice1/CSWI1.PosC.ctlModel: 4
20:47:10.190 [openiec61850-osi-server-1-thread-1] DEBUG com.beanit.openiec61850.ServerAssociation - sub BDA is:ied1lDevice1/CSWI1.PosC.ctlModel: 4
calling GetDataValues(ied1lDevice1/CSWI1.PosC.ctlModel)
20:47:10.191 [openiec61850-osi-server-1-thread-1] DEBUG com.beanit.openiec61850.ServerAssociation - Got a GetDataValues request for node: ied1lDevice1/CSWI1.PosC.ctlModel: 4
calling GetDataValues(ied1lDevice1/DSCH1.Mod)
20:47:10.191 [openiec61850-osi-server-1-thread-1] DEBUG com.beanit.openiec61850.ServerAssociation - Got a GetDataValues request for node: ied1lDevice1/DSCH1.Mod [ST]
ied1lDevice1/DSCH1.Mod.q: 0x00 0x00
ied1lDevice1/DSCH1.Mod.t: Thu Jan 01 01:00:00 CET 1970
20:47:10.191 [openiec61850-osi-server-1-thread-1] DEBUG com.beanit.openiec61850.ServerAssociation - sub BDA is:ied1lDevice1/DSCH1.Mod.q: 0x00 0x00
20:47:10.191 [openiec61850-osi-server-1-thread-1] DEBUG com.beanit.openiec61850.ServerAssociation - sub BDA is:ied1lDevice1/DSCH1.Mod.t: Thu Jan 01 01:00:00 CET 1970
calling GetDataValues(ied1lDevice1/DSCH1.Mod.q)
20:47:10.191 [openiec61850-osi-server-1-thread-1] DEBUG com.beanit.openiec61850.ServerAssociation - Got a GetDataValues request for node: ied1lDevice1/DSCH1.Mod.q: 0x00 0x00
calling GetDataValues(ied1lDevice1/DSCH1.Mod.t)
20:47:10.191 [openiec61850-osi-server-1-thread-1] DEBUG com.beanit.openiec61850.ServerAssociation - Got a GetDataValues request for node: ied1lDevice1/DSCH1.Mod.t: Thu Jan 01 01:00:00 CET 1970
calling GetDataValues(ied1lDevice1/DSCH1.Mod)
20:47:10.192 [openiec61850-osi-server-1-thread-1] DEBUG com.beanit.openiec61850.ServerAssociation - Got a GetDataValues request for node: ied1lDevice1/DSCH1.Mod [CF]
ied1lDevice1/DSCH1.Mod.ctlModel: 0
20:47:10.192 [openiec61850-osi-server-1-thread-1] DEBUG com.beanit.openiec61850.ServerAssociation - sub BDA is:ied1lDevice1/DSCH1.Mod.ctlModel: 0
calling GetDataValues(ied1lDevice1/DSCH1.Mod.ctlModel)
20:47:10.192 [openiec61850-osi-server-1-thread-1] DEBUG com.beanit.openiec61850.ServerAssociation - Got a GetDataValues request for node: ied1lDevice1/DSCH1.Mod.ctlModel: 0
calling GetDataValues(ied1lDevice1/DSCH1.Beh)
20:47:10.192 [openiec61850-osi-server-1-thread-1] DEBUG com.beanit.openiec61850.ServerAssociation - Got a GetDataValues request for node: ied1lDevice1/DSCH1.Beh [ST]
ied1lDevice1/DSCH1.Beh.stVal: 0
ied1lDevice1/DSCH1.Beh.q: 0x00 0x00
ied1lDevice1/DSCH1.Beh.t: Thu Jan 01 01:00:00 CET 1970
20:47:10.192 [openiec61850-osi-server-1-thread-1] DEBUG com.beanit.openiec61850.ServerAssociation - sub BDA is:ied1lDevice1/DSCH1.Beh.stVal: 0
20:47:10.192 [openiec61850-osi-server-1-thread-1] DEBUG com.beanit.openiec61850.ServerAssociation - sub BDA is:ied1lDevice1/DSCH1.Beh.q: 0x00 0x00
20:47:10.192 [openiec61850-osi-server-1-thread-1] DEBUG com.beanit.openiec61850.ServerAssociation - sub BDA is:ied1lDevice1/DSCH1.Beh.t: Thu Jan 01 01:00:00 CET 1970
calling GetDataValues(ied1lDevice1/DSCH1.Beh.stVal)
20:47:10.193 [openiec61850-osi-server-1-thread-1] DEBUG com.beanit.openiec61850.ServerAssociation - Got a GetDataValues request for node: ied1lDevice1/DSCH1.Beh.stVal: 0
calling GetDataValues(ied1lDevice1/DSCH1.Beh.q)
20:47:10.193 [openiec61850-osi-server-1-thread-1] DEBUG com.beanit.openiec61850.ServerAssociation - Got a GetDataValues request for node: ied1lDevice1/DSCH1.Beh.q: 0x00 0x00
calling GetDataValues(ied1lDevice1/DSCH1.Beh.t)
20:47:10.193 [openiec61850-osi-server-1-thread-1] DEBUG com.beanit.openiec61850.ServerAssociation - Got a GetDataValues request for node: ied1lDevice1/DSCH1.Beh.t: Thu Jan 01 01:00:00 CET 1970
calling GetDataValues(ied1lDevice1/DSCH1.Health)
20:47:10.194 [openiec61850-osi-server-1-thread-1] DEBUG com.beanit.openiec61850.ServerAssociation - Got a GetDataValues request for node: ied1lDevice1/DSCH1.Health [ST]
ied1lDevice1/DSCH1.Health.stVal: 0
ied1lDevice1/DSCH1.Health.q: 0x00 0x00
ied1lDevice1/DSCH1.Health.t: Thu Jan 01 01:00:00 CET 1970
20:47:10.194 [openiec61850-osi-server-1-thread-1] DEBUG com.beanit.openiec61850.ServerAssociation - sub BDA is:ied1lDevice1/DSCH1.Health.stVal: 0
20:47:10.194 [openiec61850-osi-server-1-thread-1] DEBUG com.beanit.openiec61850.ServerAssociation - sub BDA is:ied1lDevice1/DSCH1.Health.q: 0x00 0x00
20:47:10.194 [openiec61850-osi-server-1-thread-1] DEBUG com.beanit.openiec61850.ServerAssociation - sub BDA is:ied1lDevice1/DSCH1.Health.t: Thu Jan 01 01:00:00 CET 1970
calling GetDataValues(ied1lDevice1/DSCH1.Health.stVal)
20:47:10.194 [openiec61850-osi-server-1-thread-1] DEBUG com.beanit.openiec61850.ServerAssociation - Got a GetDataValues request for node: ied1lDevice1/DSCH1.Health.stVal: 0
calling GetDataValues(ied1lDevice1/DSCH1.Health.q)
20:47:10.194 [openiec61850-osi-server-1-thread-1] DEBUG com.beanit.openiec61850.ServerAssociation - Got a GetDataValues request for node: ied1lDevice1/DSCH1.Health.q: 0x00 0x00
calling GetDataValues(ied1lDevice1/DSCH1.Health.t)
20:47:10.195 [openiec61850-osi-server-1-thread-1] DEBUG com.beanit.openiec61850.ServerAssociation - Got a GetDataValues request for node: ied1lDevice1/DSCH1.Health.t: Thu Jan 01 01:00:00 CET 1970
calling GetDataValues(ied1lDevice1/DSCH1.NamPlt)
20:47:10.195 [openiec61850-osi-server-1-thread-1] DEBUG com.beanit.openiec61850.ServerAssociation - Got a GetDataValues request for node: ied1lDevice1/DSCH1.NamPlt [DC]
ied1lDevice1/DSCH1.NamPlt.vendor: ''
ied1lDevice1/DSCH1.NamPlt.swRev: ''
ied1lDevice1/DSCH1.NamPlt.d: ''
20:47:10.195 [openiec61850-osi-server-1-thread-1] DEBUG com.beanit.openiec61850.ServerAssociation - sub BDA is:ied1lDevice1/DSCH1.NamPlt.vendor: ''
20:47:10.195 [openiec61850-osi-server-1-thread-1] DEBUG com.beanit.openiec61850.ServerAssociation - sub BDA is:ied1lDevice1/DSCH1.NamPlt.swRev: ''
20:47:10.195 [openiec61850-osi-server-1-thread-1] DEBUG com.beanit.openiec61850.ServerAssociation - sub BDA is:ied1lDevice1/DSCH1.NamPlt.d: ''
calling GetDataValues(ied1lDevice1/DSCH1.NamPlt.vendor)
20:47:10.195 [openiec61850-osi-server-1-thread-1] DEBUG com.beanit.openiec61850.ServerAssociation - Got a GetDataValues request for node: ied1lDevice1/DSCH1.NamPlt.vendor: ''
calling GetDataValues(ied1lDevice1/DSCH1.NamPlt.swRev)
20:47:10.195 [openiec61850-osi-server-1-thread-1] DEBUG com.beanit.openiec61850.ServerAssociation - Got a GetDataValues request for node: ied1lDevice1/DSCH1.NamPlt.swRev: ''
calling GetDataValues(ied1lDevice1/DSCH1.NamPlt.d)
20:47:10.196 [openiec61850-osi-server-1-thread-1] DEBUG com.beanit.openiec61850.ServerAssociation - Got a GetDataValues request for node: ied1lDevice1/DSCH1.NamPlt.d: ''
calling GetDataValues(ied1lDevice1/DSCH1.SchdSt)
20:47:10.196 [openiec61850-osi-server-1-thread-1] DEBUG com.beanit.openiec61850.ServerAssociation - Got a GetDataValues request for node: ied1lDevice1/DSCH1.SchdSt [ST]
ied1lDevice1/DSCH1.SchdSt.stVal: 0
ied1lDevice1/DSCH1.SchdSt.q: 0x00 0x00
ied1lDevice1/DSCH1.SchdSt.t: Thu Jan 01 01:00:00 CET 1970
20:47:10.196 [openiec61850-osi-server-1-thread-1] DEBUG com.beanit.openiec61850.ServerAssociation - sub BDA is:ied1lDevice1/DSCH1.SchdSt.stVal: 0
20:47:10.196 [openiec61850-osi-server-1-thread-1] DEBUG com.beanit.openiec61850.ServerAssociation - sub BDA is:ied1lDevice1/DSCH1.SchdSt.q: 0x00 0x00
20:47:10.196 [openiec61850-osi-server-1-thread-1] DEBUG com.beanit.openiec61850.ServerAssociation - sub BDA is:ied1lDevice1/DSCH1.SchdSt.t: Thu Jan 01 01:00:00 CET 1970
calling GetDataValues(ied1lDevice1/DSCH1.SchdSt.stVal)
20:47:10.196 [openiec61850-osi-server-1-thread-1] DEBUG com.beanit.openiec61850.ServerAssociation - Got a GetDataValues request for node: ied1lDevice1/DSCH1.SchdSt.stVal: 0
calling GetDataValues(ied1lDevice1/DSCH1.SchdSt.q)
20:47:10.197 [openiec61850-osi-server-1-thread-1] DEBUG com.beanit.openiec61850.ServerAssociation - Got a GetDataValues request for node: ied1lDevice1/DSCH1.SchdSt.q: 0x00 0x00
calling GetDataValues(ied1lDevice1/DSCH1.SchdSt.t)
20:47:10.197 [openiec61850-osi-server-1-thread-1] DEBUG com.beanit.openiec61850.ServerAssociation - Got a GetDataValues request for node: ied1lDevice1/DSCH1.SchdSt.t: Thu Jan 01 01:00:00 CET 1970
calling GetDataValues(ied1lDevice1/DSCH1.SchdAbsTm)
20:47:10.198 [openiec61850-osi-server-1-thread-1] DEBUG com.beanit.openiec61850.ServerAssociation - Got a GetDataValues request for node: ied1lDevice1/DSCH1.SchdAbsTm [SP]
ied1lDevice1/DSCH1.SchdAbsTm.val [SP]
ied1lDevice1/DSCH1.SchdAbsTm.val(0): 0.0
ied1lDevice1/DSCH1.SchdAbsTm.val(1): 0.0
ied1lDevice1/DSCH1.SchdAbsTm.val(2): 0.0
ied1lDevice1/DSCH1.SchdAbsTm.val(3): 0.0
ied1lDevice1/DSCH1.SchdAbsTm.val(4): 0.0
ied1lDevice1/DSCH1.SchdAbsTm.val(5): 0.0
ied1lDevice1/DSCH1.SchdAbsTm.val(6): 0.0
ied1lDevice1/DSCH1.SchdAbsTm.val(7): 0.0
ied1lDevice1/DSCH1.SchdAbsTm.val(8): 0.0
ied1lDevice1/DSCH1.SchdAbsTm.val(9): 0.0
ied1lDevice1/DSCH1.SchdAbsTm.val(10): 0.0
ied1lDevice1/DSCH1.SchdAbsTm.val(11): 0.0
ied1lDevice1/DSCH1.SchdAbsTm.val(12): 0.0
ied1lDevice1/DSCH1.SchdAbsTm.val(13): 0.0
ied1lDevice1/DSCH1.SchdAbsTm.val(14): 0.0
ied1lDevice1/DSCH1.SchdAbsTm.val(15): 0.0
ied1lDevice1/DSCH1.SchdAbsTm.val(16): 0.0
ied1lDevice1/DSCH1.SchdAbsTm.val(17): 0.0
ied1lDevice1/DSCH1.SchdAbsTm.val(18): 0.0
ied1lDevice1/DSCH1.SchdAbsTm.val(19): 0.0
ied1lDevice1/DSCH1.SchdAbsTm.val(20): 0.0
ied1lDevice1/DSCH1.SchdAbsTm.val(21): 0.0
ied1lDevice1/DSCH1.SchdAbsTm.val(22): 0.0
ied1lDevice1/DSCH1.SchdAbsTm.val(23): 0.0
ied1lDevice1/DSCH1.SchdAbsTm.val(24): 0.0
ied1lDevice1/DSCH1.SchdAbsTm.val(25): 0.0
ied1lDevice1/DSCH1.SchdAbsTm.val(26): 0.0
ied1lDevice1/DSCH1.SchdAbsTm.val(27): 0.0
ied1lDevice1/DSCH1.SchdAbsTm.val(28): 0.0
ied1lDevice1/DSCH1.SchdAbsTm.val(29): 0.0
ied1lDevice1/DSCH1.SchdAbsTm.val(30): 0.0
ied1lDevice1/DSCH1.SchdAbsTm.val(31): 0.0
ied1lDevice1/DSCH1.SchdAbsTm.val(32): 0.0
ied1lDevice1/DSCH1.SchdAbsTm.val(33): 0.0
ied1lDevice1/DSCH1.SchdAbsTm.val(34): 0.0
ied1lDevice1/DSCH1.SchdAbsTm.val(35): 0.0
ied1lDevice1/DSCH1.SchdAbsTm.val(36): 0.0
ied1lDevice1/DSCH1.SchdAbsTm.val(37): 0.0
ied1lDevice1/DSCH1.SchdAbsTm.val(38): 0.0
ied1lDevice1/DSCH1.SchdAbsTm.val(39): 0.0
ied1lDevice1/DSCH1.SchdAbsTm.val(40): 0.0
ied1lDevice1/DSCH1.SchdAbsTm.val(41): 0.0
ied1lDevice1/DSCH1.SchdAbsTm.val(42): 0.0
ied1lDevice1/DSCH1.SchdAbsTm.val(43): 0.0
ied1lDevice1/DSCH1.SchdAbsTm.val(44): 0.0
ied1lDevice1/DSCH1.SchdAbsTm.val(45): 0.0
ied1lDevice1/DSCH1.SchdAbsTm.val(46): 0.0
ied1lDevice1/DSCH1.SchdAbsTm.val(47): 0.0
ied1lDevice1/DSCH1.SchdAbsTm.val(48): 0.0
ied1lDevice1/DSCH1.SchdAbsTm.val(49): 0.0
ied1lDevice1/DSCH1.SchdAbsTm.val(50): 0.0
ied1lDevice1/DSCH1.SchdAbsTm.val(51): 0.0
ied1lDevice1/DSCH1.SchdAbsTm.val(52): 0.0
ied1lDevice1/DSCH1.SchdAbsTm.val(53): 0.0
ied1lDevice1/DSCH1.SchdAbsTm.val(54): 0.0
ied1lDevice1/DSCH1.SchdAbsTm.val(55): 0.0
ied1lDevice1/DSCH1.SchdAbsTm.val(56): 0.0
ied1lDevice1/DSCH1.SchdAbsTm.val(57): 0.0
ied1lDevice1/DSCH1.SchdAbsTm.val(58): 0.0
ied1lDevice1/DSCH1.SchdAbsTm.val(59): 0.0
ied1lDevice1/DSCH1.SchdAbsTm.val(60): 0.0
ied1lDevice1/DSCH1.SchdAbsTm.val(61): 0.0
ied1lDevice1/DSCH1.SchdAbsTm.val(62): 0.0
ied1lDevice1/DSCH1.SchdAbsTm.val(63): 0.0
ied1lDevice1/DSCH1.SchdAbsTm.val(64): 0.0
ied1lDevice1/DSCH1.SchdAbsTm.val(65): 0.0
ied1lDevice1/DSCH1.SchdAbsTm.val(66): 0.0
ied1lDevice1/DSCH1.SchdAbsTm.val(67): 0.0
ied1lDevice1/DSCH1.SchdAbsTm.val(68): 0.0
ied1lDevice1/DSCH1.SchdAbsTm.val(69): 0.0
ied1lDevice1/DSCH1.SchdAbsTm.val(70): 0.0
ied1lDevice1/DSCH1.SchdAbsTm.val(71): 0.0
ied1lDevice1/DSCH1.SchdAbsTm.val(72): 0.0
ied1lDevice1/DSCH1.SchdAbsTm.val(73): 0.0
ied1lDevice1/DSCH1.SchdAbsTm.val(74): 0.0
ied1lDevice1/DSCH1.SchdAbsTm.val(75): 0.0
ied1lDevice1/DSCH1.SchdAbsTm.val(76): 0.0
ied1lDevice1/DSCH1.SchdAbsTm.val(77): 0.0
ied1lDevice1/DSCH1.SchdAbsTm.val(78): 0.0
ied1lDevice1/DSCH1.SchdAbsTm.val(79): 0.0
ied1lDevice1/DSCH1.SchdAbsTm.val(80): 0.0
ied1lDevice1/DSCH1.SchdAbsTm.val(81): 0.0
ied1lDevice1/DSCH1.SchdAbsTm.val(82): 0.0
ied1lDevice1/DSCH1.SchdAbsTm.val(83): 0.0
ied1lDevice1/DSCH1.SchdAbsTm.val(84): 0.0
ied1lDevice1/DSCH1.SchdAbsTm.val(85): 0.0
ied1lDevice1/DSCH1.SchdAbsTm.val(86): 0.0
ied1lDevice1/DSCH1.SchdAbsTm.val(87): 0.0
ied1lDevice1/DSCH1.SchdAbsTm.val(88): 0.0
ied1lDevice1/DSCH1.SchdAbsTm.val(89): 0.0
ied1lDevice1/DSCH1.SchdAbsTm.val(90): 0.0
ied1lDevice1/DSCH1.SchdAbsTm.val(91): 0.0
ied1lDevice1/DSCH1.SchdAbsTm.val(92): 0.0
ied1lDevice1/DSCH1.SchdAbsTm.val(93): 0.0
ied1lDevice1/DSCH1.SchdAbsTm.val(94): 0.0
ied1lDevice1/DSCH1.SchdAbsTm.val(95): 0.0
ied1lDevice1/DSCH1.SchdAbsTm.val(96): 0.0
ied1lDevice1/DSCH1.SchdAbsTm.val(97): 0.0
ied1lDevice1/DSCH1.SchdAbsTm.val(98): 0.0
ied1lDevice1/DSCH1.SchdAbsTm.val(99): 0.0
ied1lDevice1/DSCH1.SchdAbsTm.val(100): 0.0
ied1lDevice1/DSCH1.SchdAbsTm.val(101): 0.0
ied1lDevice1/DSCH1.SchdAbsTm.val(102): 0.0
ied1lDevice1/DSCH1.SchdAbsTm.val(103): 0.0
ied1lDevice1/DSCH1.SchdAbsTm.val(104): 0.0
ied1lDevice1/DSCH1.SchdAbsTm.val(105): 0.0
ied1lDevice1/DSCH1.SchdAbsTm.val(106): 0.0
ied1lDevice1/DSCH1.SchdAbsTm.val(107): 0.0
ied1lDevice1/DSCH1.SchdAbsTm.val(108): 0.0
ied1lDevice1/DSCH1.SchdAbsTm.val(109): 0.0
ied1lDevice1/DSCH1.SchdAbsTm.val(110): 0.0
ied1lDevice1/DSCH1.SchdAbsTm.val(111): 0.0
ied1lDevice1/DSCH1.SchdAbsTm.val(112): 0.0
ied1lDevice1/DSCH1.SchdAbsTm.val(113): 0.0
ied1lDevice1/DSCH1.SchdAbsTm.val(114): 0.0
ied1lDevice1/DSCH1.SchdAbsTm.val(115): 0.0
ied1lDevice1/DSCH1.SchdAbsTm.val(116): 0.0
ied1lDevice1/DSCH1.SchdAbsTm.val(117): 0.0
ied1lDevice1/DSCH1.SchdAbsTm.val(118): 0.0
ied1lDevice1/DSCH1.SchdAbsTm.val(119): 0.0
ied1lDevice1/DSCH1.SchdAbsTm.val(120): 0.0
ied1lDevice1/DSCH1.SchdAbsTm.val(121): 0.0
ied1lDevice1/DSCH1.SchdAbsTm.val(122): 0.0
ied1lDevice1/DSCH1.SchdAbsTm.val(123): 0.0
ied1lDevice1/DSCH1.SchdAbsTm.val(124): 0.0
ied1lDevice1/DSCH1.SchdAbsTm.val(125): 0.0
ied1lDevice1/DSCH1.SchdAbsTm.val(126): 0.0
ied1lDevice1/DSCH1.SchdAbsTm.val(127): 0.0
ied1lDevice1/DSCH1.SchdAbsTm.val(128): 0.0
ied1lDevice1/DSCH1.SchdAbsTm.val(129): 0.0
ied1lDevice1/DSCH1.SchdAbsTm.val(130): 0.0
ied1lDevice1/DSCH1.SchdAbsTm.val(131): 0.0
ied1lDevice1/DSCH1.SchdAbsTm.val(132): 0.0
ied1lDevice1/DSCH1.SchdAbsTm.val(133): 0.0
ied1lDevice1/DSCH1.SchdAbsTm.val(134): 0.0
ied1lDevice1/DSCH1.SchdAbsTm.val(135): 0.0
ied1lDevice1/DSCH1.SchdAbsTm.val(136): 0.0
ied1lDevice1/DSCH1.SchdAbsTm.val(137): 0.0
ied1lDevice1/DSCH1.SchdAbsTm.val(138): 0.0
ied1lDevice1/DSCH1.SchdAbsTm.val(139): 0.0
ied1lDevice1/DSCH1.SchdAbsTm.val(140): 0.0
ied1lDevice1/DSCH1.SchdAbsTm.val(141): 0.0
ied1lDevice1/DSCH1.SchdAbsTm.val(142): 0.0
ied1lDevice1/DSCH1.SchdAbsTm.val(143): 0.0
ied1lDevice1/DSCH1.SchdAbsTm.val(144): 0.0
ied1lDevice1/DSCH1.SchdAbsTm.val(145): 0.0
ied1lDevice1/DSCH1.SchdAbsTm.val(146): 0.0
ied1lDevice1/DSCH1.SchdAbsTm.val(147): 0.0
ied1lDevice1/DSCH1.SchdAbsTm.val(148): 0.0
ied1lDevice1/DSCH1.SchdAbsTm.val(149): 0.0
ied1lDevice1/DSCH1.SchdAbsTm.val(150): 0.0
ied1lDevice1/DSCH1.SchdAbsTm.val(151): 0.0
ied1lDevice1/DSCH1.SchdAbsTm.val(152): 0.0
ied1lDevice1/DSCH1.SchdAbsTm.val(153): 0.0
ied1lDevice1/DSCH1.SchdAbsTm.val(154): 0.0
ied1lDevice1/DSCH1.SchdAbsTm.val(155): 0.0
ied1lDevice1/DSCH1.SchdAbsTm.val(156): 0.0
ied1lDevice1/DSCH1.SchdAbsTm.val(157): 0.0
ied1lDevice1/DSCH1.SchdAbsTm.val(158): 0.0
ied1lDevice1/DSCH1.SchdAbsTm.val(159): 0.0
ied1lDevice1/DSCH1.SchdAbsTm.val(160): 0.0
ied1lDevice1/DSCH1.SchdAbsTm.val(161): 0.0
ied1lDevice1/DSCH1.SchdAbsTm.val(162): 0.0
ied1lDevice1/DSCH1.SchdAbsTm.val(163): 0.0
ied1lDevice1/DSCH1.SchdAbsTm.val(164): 0.0
ied1lDevice1/DSCH1.SchdAbsTm.val(165): 0.0
ied1lDevice1/DSCH1.SchdAbsTm.val(166): 0.0
ied1lDevice1/DSCH1.SchdAbsTm.val(167): 0.0
ied1lDevice1/DSCH1.SchdAbsTm.val(168): 0.0
ied1lDevice1/DSCH1.SchdAbsTm.val(169): 0.0
ied1lDevice1/DSCH1.SchdAbsTm.val(170): 0.0
ied1lDevice1/DSCH1.SchdAbsTm.val(171): 0.0
ied1lDevice1/DSCH1.SchdAbsTm.val(172): 0.0
ied1lDevice1/DSCH1.SchdAbsTm.val(173): 0.0
ied1lDevice1/DSCH1.SchdAbsTm.val(174): 0.0
ied1lDevice1/DSCH1.SchdAbsTm.val(175): 0.0
ied1lDevice1/DSCH1.SchdAbsTm.val(176): 0.0
ied1lDevice1/DSCH1.SchdAbsTm.val(177): 0.0
ied1lDevice1/DSCH1.SchdAbsTm.val(178): 0.0
ied1lDevice1/DSCH1.SchdAbsTm.val(179): 0.0
ied1lDevice1/DSCH1.SchdAbsTm.val(180): 0.0
ied1lDevice1/DSCH1.SchdAbsTm.val(181): 0.0
ied1lDevice1/DSCH1.SchdAbsTm.val(182): 0.0
ied1lDevice1/DSCH1.SchdAbsTm.val(183): 0.0
ied1lDevice1/DSCH1.SchdAbsTm.val(184): 0.0
ied1lDevice1/DSCH1.SchdAbsTm.val(185): 0.0
ied1lDevice1/DSCH1.SchdAbsTm.val(186): 0.0
ied1lDevice1/DSCH1.SchdAbsTm.val(187): 0.0
ied1lDevice1/DSCH1.SchdAbsTm.val(188): 0.0
ied1lDevice1/DSCH1.SchdAbsTm.val(189): 0.0
ied1lDevice1/DSCH1.SchdAbsTm.val(190): 0.0
ied1lDevice1/DSCH1.SchdAbsTm.val(191): 0.0
ied1lDevice1/DSCH1.SchdAbsTm.val(192): 0.0
ied1lDevice1/DSCH1.SchdAbsTm.val(193): 0.0
ied1lDevice1/DSCH1.SchdAbsTm.val(194): 0.0
ied1lDevice1/DSCH1.SchdAbsTm.val(195): 0.0
ied1lDevice1/DSCH1.SchdAbsTm.val(196): 0.0
ied1lDevice1/DSCH1.SchdAbsTm.val(197): 0.0
ied1lDevice1/DSCH1.SchdAbsTm.val(198): 0.0
ied1lDevice1/DSCH1.SchdAbsTm.val(199): 0.0
ied1lDevice1/DSCH1.SchdAbsTm.val(200): 0.0
ied1lDevice1/DSCH1.SchdAbsTm.val(201): 0.0
ied1lDevice1/DSCH1.SchdAbsTm.val(202): 0.0
ied1lDevice1/DSCH1.SchdAbsTm.val(203): 0.0
ied1lDevice1/DSCH1.SchdAbsTm.val(204): 0.0
ied1lDevice1/DSCH1.SchdAbsTm.val(205): 0.0
ied1lDevice1/DSCH1.SchdAbsTm.val(206): 0.0
ied1lDevice1/DSCH1.SchdAbsTm.val(207): 0.0
ied1lDevice1/DSCH1.SchdAbsTm.val(208): 0.0
ied1lDevice1/DSCH1.SchdAbsTm.val(209): 0.0
ied1lDevice1/DSCH1.SchdAbsTm.val(210): 0.0
ied1lDevice1/DSCH1.SchdAbsTm.val(211): 0.0
ied1lDevice1/DSCH1.SchdAbsTm.val(212): 0.0
ied1lDevice1/DSCH1.SchdAbsTm.val(213): 0.0
ied1lDevice1/DSCH1.SchdAbsTm.val(214): 0.0
ied1lDevice1/DSCH1.SchdAbsTm.val(215): 0.0
ied1lDevice1/DSCH1.SchdAbsTm.val(216): 0.0
ied1lDevice1/DSCH1.SchdAbsTm.val(217): 0.0
ied1lDevice1/DSCH1.SchdAbsTm.val(218): 0.0
ied1lDevice1/DSCH1.SchdAbsTm.val(219): 0.0
ied1lDevice1/DSCH1.SchdAbsTm.val(220): 0.0
ied1lDevice1/DSCH1.SchdAbsTm.val(221): 0.0
ied1lDevice1/DSCH1.SchdAbsTm.val(222): 0.0
ied1lDevice1/DSCH1.SchdAbsTm.val(223): 0.0
ied1lDevice1/DSCH1.SchdAbsTm.val(224): 0.0
ied1lDevice1/DSCH1.SchdAbsTm.val(225): 0.0
ied1lDevice1/DSCH1.SchdAbsTm.val(226): 0.0
ied1lDevice1/DSCH1.SchdAbsTm.val(227): 0.0
ied1lDevice1/DSCH1.SchdAbsTm.val(228): 0.0
ied1lDevice1/DSCH1.SchdAbsTm.val(229): 0.0
ied1lDevice1/DSCH1.SchdAbsTm.val(230): 0.0
ied1lDevice1/DSCH1.SchdAbsTm.val(231): 0.0
ied1lDevice1/DSCH1.SchdAbsTm.val(232): 0.0
ied1lDevice1/DSCH1.SchdAbsTm.val(233): 0.0
ied1lDevice1/DSCH1.SchdAbsTm.val(234): 0.0
ied1lDevice1/DSCH1.SchdAbsTm.val(235): 0.0
ied1lDevice1/DSCH1.SchdAbsTm.val(236): 0.0
ied1lDevice1/DSCH1.SchdAbsTm.val(237): 0.0
ied1lDevice1/DSCH1.SchdAbsTm.val(238): 0.0
ied1lDevice1/DSCH1.SchdAbsTm.val(239): 0.0
ied1lDevice1/DSCH1.SchdAbsTm.val(240): 0.0
ied1lDevice1/DSCH1.SchdAbsTm.val(241): 0.0
ied1lDevice1/DSCH1.SchdAbsTm.val(242): 0.0
ied1lDevice1/DSCH1.SchdAbsTm.val(243): 0.0
ied1lDevice1/DSCH1.SchdAbsTm.val(244): 0.0
ied1lDevice1/DSCH1.SchdAbsTm.val(245): 0.0
ied1lDevice1/DSCH1.SchdAbsTm.val(246): 0.0
ied1lDevice1/DSCH1.SchdAbsTm.val(247): 0.0
ied1lDevice1/DSCH1.SchdAbsTm.val(248): 0.0
ied1lDevice1/DSCH1.SchdAbsTm.val(249): 0.0
ied1lDevice1/DSCH1.SchdAbsTm.val(250): 0.0
ied1lDevice1/DSCH1.SchdAbsTm.val(251): 0.0
ied1lDevice1/DSCH1.SchdAbsTm.val(252): 0.0
ied1lDevice1/DSCH1.SchdAbsTm.val(253): 0.0
ied1lDevice1/DSCH1.SchdAbsTm.val(254): 0.0
ied1lDevice1/DSCH1.SchdAbsTm.sptestval1: 0
ied1lDevice1/DSCH1.SchdAbsTm.sptestval2: 0
20:47:10.200 [openiec61850-osi-server-1-thread-1] DEBUG com.beanit.openiec61850.ServerAssociation - sub BDA is:ied1lDevice1/DSCH1.SchdAbsTm.val(0): 0.0
20:47:10.200 [openiec61850-osi-server-1-thread-1] DEBUG com.beanit.openiec61850.ServerAssociation - sub BDA is:ied1lDevice1/DSCH1.SchdAbsTm.val(1): 0.0
20:47:10.200 [openiec61850-osi-server-1-thread-1] DEBUG com.beanit.openiec61850.ServerAssociation - sub BDA is:ied1lDevice1/DSCH1.SchdAbsTm.val(2): 0.0
20:47:10.200 [openiec61850-osi-server-1-thread-1] DEBUG com.beanit.openiec61850.ServerAssociation - sub BDA is:ied1lDevice1/DSCH1.SchdAbsTm.val(3): 0.0
20:47:10.200 [openiec61850-osi-server-1-thread-1] DEBUG com.beanit.openiec61850.ServerAssociation - sub BDA is:ied1lDevice1/DSCH1.SchdAbsTm.val(4): 0.0
20:47:10.200 [openiec61850-osi-server-1-thread-1] DEBUG com.beanit.openiec61850.ServerAssociation - sub BDA is:ied1lDevice1/DSCH1.SchdAbsTm.val(5): 0.0
20:47:10.200 [openiec61850-osi-server-1-thread-1] DEBUG com.beanit.openiec61850.ServerAssociation - sub BDA is:ied1lDevice1/DSCH1.SchdAbsTm.val(6): 0.0
20:47:10.200 [openiec61850-osi-server-1-thread-1] DEBUG com.beanit.openiec61850.ServerAssociation - sub BDA is:ied1lDevice1/DSCH1.SchdAbsTm.val(7): 0.0
20:47:10.200 [openiec61850-osi-server-1-thread-1] DEBUG com.beanit.openiec61850.ServerAssociation - sub BDA is:ied1lDevice1/DSCH1.SchdAbsTm.val(8): 0.0
20:47:10.200 [openiec61850-osi-server-1-thread-1] DEBUG com.beanit.openiec61850.ServerAssociation - sub BDA is:ied1lDevice1/DSCH1.SchdAbsTm.val(9): 0.0
20:47:10.200 [openiec61850-osi-server-1-thread-1] DEBUG com.beanit.openiec61850.ServerAssociation - sub BDA is:ied1lDevice1/DSCH1.SchdAbsTm.val(10): 0.0
20:47:10.200 [openiec61850-osi-server-1-thread-1] DEBUG com.beanit.openiec61850.ServerAssociation - sub BDA is:ied1lDevice1/DSCH1.SchdAbsTm.val(11): 0.0
20:47:10.200 [openiec61850-osi-server-1-thread-1] DEBUG com.beanit.openiec61850.ServerAssociation - sub BDA is:ied1lDevice1/DSCH1.SchdAbsTm.val(12): 0.0
20:47:10.200 [openiec61850-osi-server-1-thread-1] DEBUG com.beanit.openiec61850.ServerAssociation - sub BDA is:ied1lDevice1/DSCH1.SchdAbsTm.val(13): 0.0
20:47:10.200 [openiec61850-osi-server-1-thread-1] DEBUG com.beanit.openiec61850.ServerAssociation - sub BDA is:ied1lDevice1/DSCH1.SchdAbsTm.val(14): 0.0
20:47:10.200 [openiec61850-osi-server-1-thread-1] DEBUG com.beanit.openiec61850.ServerAssociation - sub BDA is:ied1lDevice1/DSCH1.SchdAbsTm.val(15): 0.0
20:47:10.200 [openiec61850-osi-server-1-thread-1] DEBUG com.beanit.openiec61850.ServerAssociation - sub BDA is:ied1lDevice1/DSCH1.SchdAbsTm.val(16): 0.0
20:47:10.200 [openiec61850-osi-server-1-thread-1] DEBUG com.beanit.openiec61850.ServerAssociation - sub BDA is:ied1lDevice1/DSCH1.SchdAbsTm.val(17): 0.0
20:47:10.201 [openiec61850-osi-server-1-thread-1] DEBUG com.beanit.openiec61850.ServerAssociation - sub BDA is:ied1lDevice1/DSCH1.SchdAbsTm.val(18): 0.0
20:47:10.201 [openiec61850-osi-server-1-thread-1] DEBUG com.beanit.openiec61850.ServerAssociation - sub BDA is:ied1lDevice1/DSCH1.SchdAbsTm.val(19): 0.0
20:47:10.201 [openiec61850-osi-server-1-thread-1] DEBUG com.beanit.openiec61850.ServerAssociation - sub BDA is:ied1lDevice1/DSCH1.SchdAbsTm.val(20): 0.0
20:47:10.201 [openiec61850-osi-server-1-thread-1] DEBUG com.beanit.openiec61850.ServerAssociation - sub BDA is:ied1lDevice1/DSCH1.SchdAbsTm.val(21): 0.0
20:47:10.201 [openiec61850-osi-server-1-thread-1] DEBUG com.beanit.openiec61850.ServerAssociation - sub BDA is:ied1lDevice1/DSCH1.SchdAbsTm.val(22): 0.0
20:47:10.201 [openiec61850-osi-server-1-thread-1] DEBUG com.beanit.openiec61850.ServerAssociation - sub BDA is:ied1lDevice1/DSCH1.SchdAbsTm.val(23): 0.0
20:47:10.201 [openiec61850-osi-server-1-thread-1] DEBUG com.beanit.openiec61850.ServerAssociation - sub BDA is:ied1lDevice1/DSCH1.SchdAbsTm.val(24): 0.0
20:47:10.201 [openiec61850-osi-server-1-thread-1] DEBUG com.beanit.openiec61850.ServerAssociation - sub BDA is:ied1lDevice1/DSCH1.SchdAbsTm.val(25): 0.0
20:47:10.201 [openiec61850-osi-server-1-thread-1] DEBUG com.beanit.openiec61850.ServerAssociation - sub BDA is:ied1lDevice1/DSCH1.SchdAbsTm.val(26): 0.0
20:47:10.201 [openiec61850-osi-server-1-thread-1] DEBUG com.beanit.openiec61850.ServerAssociation - sub BDA is:ied1lDevice1/DSCH1.SchdAbsTm.val(27): 0.0
20:47:10.201 [openiec61850-osi-server-1-thread-1] DEBUG com.beanit.openiec61850.ServerAssociation - sub BDA is:ied1lDevice1/DSCH1.SchdAbsTm.val(28): 0.0
20:47:10.201 [openiec61850-osi-server-1-thread-1] DEBUG com.beanit.openiec61850.ServerAssociation - sub BDA is:ied1lDevice1/DSCH1.SchdAbsTm.val(29): 0.0
20:47:10.201 [openiec61850-osi-server-1-thread-1] DEBUG com.beanit.openiec61850.ServerAssociation - sub BDA is:ied1lDevice1/DSCH1.SchdAbsTm.val(30): 0.0
20:47:10.201 [openiec61850-osi-server-1-thread-1] DEBUG com.beanit.openiec61850.ServerAssociation - sub BDA is:ied1lDevice1/DSCH1.SchdAbsTm.val(31): 0.0
20:47:10.201 [openiec61850-osi-server-1-thread-1] DEBUG com.beanit.openiec61850.ServerAssociation - sub BDA is:ied1lDevice1/DSCH1.SchdAbsTm.val(32): 0.0
20:47:10.201 [openiec61850-osi-server-1-thread-1] DEBUG com.beanit.openiec61850.ServerAssociation - sub BDA is:ied1lDevice1/DSCH1.SchdAbsTm.val(33): 0.0
20:47:10.201 [openiec61850-osi-server-1-thread-1] DEBUG com.beanit.openiec61850.ServerAssociation - sub BDA is:ied1lDevice1/DSCH1.SchdAbsTm.val(34): 0.0
20:47:10.201 [openiec61850-osi-server-1-thread-1] DEBUG com.beanit.openiec61850.ServerAssociation - sub BDA is:ied1lDevice1/DSCH1.SchdAbsTm.val(35): 0.0
20:47:10.201 [openiec61850-osi-server-1-thread-1] DEBUG com.beanit.openiec61850.ServerAssociation - sub BDA is:ied1lDevice1/DSCH1.SchdAbsTm.val(36): 0.0
20:47:10.201 [openiec61850-osi-server-1-thread-1] DEBUG com.beanit.openiec61850.ServerAssociation - sub BDA is:ied1lDevice1/DSCH1.SchdAbsTm.val(37): 0.0
20:47:10.201 [openiec61850-osi-server-1-thread-1] DEBUG com.beanit.openiec61850.ServerAssociation - sub BDA is:ied1lDevice1/DSCH1.SchdAbsTm.val(38): 0.0
20:47:10.201 [openiec61850-osi-server-1-thread-1] DEBUG com.beanit.openiec61850.ServerAssociation - sub BDA is:ied1lDevice1/DSCH1.SchdAbsTm.val(39): 0.0
20:47:10.201 [openiec61850-osi-server-1-thread-1] DEBUG com.beanit.openiec61850.ServerAssociation - sub BDA is:ied1lDevice1/DSCH1.SchdAbsTm.val(40): 0.0
20:47:10.201 [openiec61850-osi-server-1-thread-1] DEBUG com.beanit.openiec61850.ServerAssociation - sub BDA is:ied1lDevice1/DSCH1.SchdAbsTm.val(41): 0.0
20:47:10.201 [openiec61850-osi-server-1-thread-1] DEBUG com.beanit.openiec61850.ServerAssociation - sub BDA is:ied1lDevice1/DSCH1.SchdAbsTm.val(42): 0.0
20:47:10.201 [openiec61850-osi-server-1-thread-1] DEBUG com.beanit.openiec61850.ServerAssociation - sub BDA is:ied1lDevice1/DSCH1.SchdAbsTm.val(43): 0.0
20:47:10.201 [openiec61850-osi-server-1-thread-1] DEBUG com.beanit.openiec61850.ServerAssociation - sub BDA is:ied1lDevice1/DSCH1.SchdAbsTm.val(44): 0.0
20:47:10.201 [openiec61850-osi-server-1-thread-1] DEBUG com.beanit.openiec61850.ServerAssociation - sub BDA is:ied1lDevice1/DSCH1.SchdAbsTm.val(45): 0.0
20:47:10.201 [openiec61850-osi-server-1-thread-1] DEBUG com.beanit.openiec61850.ServerAssociation - sub BDA is:ied1lDevice1/DSCH1.SchdAbsTm.val(46): 0.0
20:47:10.201 [openiec61850-osi-server-1-thread-1] DEBUG com.beanit.openiec61850.ServerAssociation - sub BDA is:ied1lDevice1/DSCH1.SchdAbsTm.val(47): 0.0
20:47:10.201 [openiec61850-osi-server-1-thread-1] DEBUG com.beanit.openiec61850.ServerAssociation - sub BDA is:ied1lDevice1/DSCH1.SchdAbsTm.val(48): 0.0
20:47:10.201 [openiec61850-osi-server-1-thread-1] DEBUG com.beanit.openiec61850.ServerAssociation - sub BDA is:ied1lDevice1/DSCH1.SchdAbsTm.val(49): 0.0
20:47:10.201 [openiec61850-osi-server-1-thread-1] DEBUG com.beanit.openiec61850.ServerAssociation - sub BDA is:ied1lDevice1/DSCH1.SchdAbsTm.val(50): 0.0
20:47:10.201 [openiec61850-osi-server-1-thread-1] DEBUG com.beanit.openiec61850.ServerAssociation - sub BDA is:ied1lDevice1/DSCH1.SchdAbsTm.val(51): 0.0
20:47:10.201 [openiec61850-osi-server-1-thread-1] DEBUG com.beanit.openiec61850.ServerAssociation - sub BDA is:ied1lDevice1/DSCH1.SchdAbsTm.val(52): 0.0
20:47:10.201 [openiec61850-osi-server-1-thread-1] DEBUG com.beanit.openiec61850.ServerAssociation - sub BDA is:ied1lDevice1/DSCH1.SchdAbsTm.val(53): 0.0
20:47:10.201 [openiec61850-osi-server-1-thread-1] DEBUG com.beanit.openiec61850.ServerAssociation - sub BDA is:ied1lDevice1/DSCH1.SchdAbsTm.val(54): 0.0
20:47:10.201 [openiec61850-osi-server-1-thread-1] DEBUG com.beanit.openiec61850.ServerAssociation - sub BDA is:ied1lDevice1/DSCH1.SchdAbsTm.val(55): 0.0
20:47:10.201 [openiec61850-osi-server-1-thread-1] DEBUG com.beanit.openiec61850.ServerAssociation - sub BDA is:ied1lDevice1/DSCH1.SchdAbsTm.val(56): 0.0
20:47:10.201 [openiec61850-osi-server-1-thread-1] DEBUG com.beanit.openiec61850.ServerAssociation - sub BDA is:ied1lDevice1/DSCH1.SchdAbsTm.val(57): 0.0
20:47:10.201 [openiec61850-osi-server-1-thread-1] DEBUG com.beanit.openiec61850.ServerAssociation - sub BDA is:ied1lDevice1/DSCH1.SchdAbsTm.val(58): 0.0
20:47:10.201 [openiec61850-osi-server-1-thread-1] DEBUG com.beanit.openiec61850.ServerAssociation - sub BDA is:ied1lDevice1/DSCH1.SchdAbsTm.val(59): 0.0
20:47:10.201 [openiec61850-osi-server-1-thread-1] DEBUG com.beanit.openiec61850.ServerAssociation - sub BDA is:ied1lDevice1/DSCH1.SchdAbsTm.val(60): 0.0
20:47:10.201 [openiec61850-osi-server-1-thread-1] DEBUG com.beanit.openiec61850.ServerAssociation - sub BDA is:ied1lDevice1/DSCH1.SchdAbsTm.val(61): 0.0
20:47:10.201 [openiec61850-osi-server-1-thread-1] DEBUG com.beanit.openiec61850.ServerAssociation - sub BDA is:ied1lDevice1/DSCH1.SchdAbsTm.val(62): 0.0
20:47:10.201 [openiec61850-osi-server-1-thread-1] DEBUG com.beanit.openiec61850.ServerAssociation - sub BDA is:ied1lDevice1/DSCH1.SchdAbsTm.val(63): 0.0
20:47:10.201 [openiec61850-osi-server-1-thread-1] DEBUG com.beanit.openiec61850.ServerAssociation - sub BDA is:ied1lDevice1/DSCH1.SchdAbsTm.val(64): 0.0
20:47:10.201 [openiec61850-osi-server-1-thread-1] DEBUG com.beanit.openiec61850.ServerAssociation - sub BDA is:ied1lDevice1/DSCH1.SchdAbsTm.val(65): 0.0
20:47:10.201 [openiec61850-osi-server-1-thread-1] DEBUG com.beanit.openiec61850.ServerAssociation - sub BDA is:ied1lDevice1/DSCH1.SchdAbsTm.val(66): 0.0
20:47:10.202 [openiec61850-osi-server-1-thread-1] DEBUG com.beanit.openiec61850.ServerAssociation - sub BDA is:ied1lDevice1/DSCH1.SchdAbsTm.val(67): 0.0
20:47:10.202 [openiec61850-osi-server-1-thread-1] DEBUG com.beanit.openiec61850.ServerAssociation - sub BDA is:ied1lDevice1/DSCH1.SchdAbsTm.val(68): 0.0
20:47:10.202 [openiec61850-osi-server-1-thread-1] DEBUG com.beanit.openiec61850.ServerAssociation - sub BDA is:ied1lDevice1/DSCH1.SchdAbsTm.val(69): 0.0
20:47:10.202 [openiec61850-osi-server-1-thread-1] DEBUG com.beanit.openiec61850.ServerAssociation - sub BDA is:ied1lDevice1/DSCH1.SchdAbsTm.val(70): 0.0
20:47:10.202 [openiec61850-osi-server-1-thread-1] DEBUG com.beanit.openiec61850.ServerAssociation - sub BDA is:ied1lDevice1/DSCH1.SchdAbsTm.val(71): 0.0
20:47:10.202 [openiec61850-osi-server-1-thread-1] DEBUG com.beanit.openiec61850.ServerAssociation - sub BDA is:ied1lDevice1/DSCH1.SchdAbsTm.val(72): 0.0
20:47:10.202 [openiec61850-osi-server-1-thread-1] DEBUG com.beanit.openiec61850.ServerAssociation - sub BDA is:ied1lDevice1/DSCH1.SchdAbsTm.val(73): 0.0
20:47:10.202 [openiec61850-osi-server-1-thread-1] DEBUG com.beanit.openiec61850.ServerAssociation - sub BDA is:ied1lDevice1/DSCH1.SchdAbsTm.val(74): 0.0
20:47:10.202 [openiec61850-osi-server-1-thread-1] DEBUG com.beanit.openiec61850.ServerAssociation - sub BDA is:ied1lDevice1/DSCH1.SchdAbsTm.val(75): 0.0
20:47:10.202 [openiec61850-osi-server-1-thread-1] DEBUG com.beanit.openiec61850.ServerAssociation - sub BDA is:ied1lDevice1/DSCH1.SchdAbsTm.val(76): 0.0
20:47:10.202 [openiec61850-osi-server-1-thread-1] DEBUG com.beanit.openiec61850.ServerAssociation - sub BDA is:ied1lDevice1/DSCH1.SchdAbsTm.val(77): 0.0
20:47:10.202 [openiec61850-osi-server-1-thread-1] DEBUG com.beanit.openiec61850.ServerAssociation - sub BDA is:ied1lDevice1/DSCH1.SchdAbsTm.val(78): 0.0
20:47:10.202 [openiec61850-osi-server-1-thread-1] DEBUG com.beanit.openiec61850.ServerAssociation - sub BDA is:ied1lDevice1/DSCH1.SchdAbsTm.val(79): 0.0
20:47:10.202 [openiec61850-osi-server-1-thread-1] DEBUG com.beanit.openiec61850.ServerAssociation - sub BDA is:ied1lDevice1/DSCH1.SchdAbsTm.val(80): 0.0
20:47:10.202 [openiec61850-osi-server-1-thread-1] DEBUG com.beanit.openiec61850.ServerAssociation - sub BDA is:ied1lDevice1/DSCH1.SchdAbsTm.val(81): 0.0
20:47:10.202 [openiec61850-osi-server-1-thread-1] DEBUG com.beanit.openiec61850.ServerAssociation - sub BDA is:ied1lDevice1/DSCH1.SchdAbsTm.val(82): 0.0
20:47:10.202 [openiec61850-osi-server-1-thread-1] DEBUG com.beanit.openiec61850.ServerAssociation - sub BDA is:ied1lDevice1/DSCH1.SchdAbsTm.val(83): 0.0
20:47:10.202 [openiec61850-osi-server-1-thread-1] DEBUG com.beanit.openiec61850.ServerAssociation - sub BDA is:ied1lDevice1/DSCH1.SchdAbsTm.val(84): 0.0
20:47:10.202 [openiec61850-osi-server-1-thread-1] DEBUG com.beanit.openiec61850.ServerAssociation - sub BDA is:ied1lDevice1/DSCH1.SchdAbsTm.val(85): 0.0
20:47:10.202 [openiec61850-osi-server-1-thread-1] DEBUG com.beanit.openiec61850.ServerAssociation - sub BDA is:ied1lDevice1/DSCH1.SchdAbsTm.val(86): 0.0
20:47:10.202 [openiec61850-osi-server-1-thread-1] DEBUG com.beanit.openiec61850.ServerAssociation - sub BDA is:ied1lDevice1/DSCH1.SchdAbsTm.val(87): 0.0
20:47:10.202 [openiec61850-osi-server-1-thread-1] DEBUG com.beanit.openiec61850.ServerAssociation - sub BDA is:ied1lDevice1/DSCH1.SchdAbsTm.val(88): 0.0
20:47:10.202 [openiec61850-osi-server-1-thread-1] DEBUG com.beanit.openiec61850.ServerAssociation - sub BDA is:ied1lDevice1/DSCH1.SchdAbsTm.val(89): 0.0
20:47:10.202 [openiec61850-osi-server-1-thread-1] DEBUG com.beanit.openiec61850.ServerAssociation - sub BDA is:ied1lDevice1/DSCH1.SchdAbsTm.val(90): 0.0
20:47:10.202 [openiec61850-osi-server-1-thread-1] DEBUG com.beanit.openiec61850.ServerAssociation - sub BDA is:ied1lDevice1/DSCH1.SchdAbsTm.val(91): 0.0
20:47:10.202 [openiec61850-osi-server-1-thread-1] DEBUG com.beanit.openiec61850.ServerAssociation - sub BDA is:ied1lDevice1/DSCH1.SchdAbsTm.val(92): 0.0
20:47:10.202 [openiec61850-osi-server-1-thread-1] DEBUG com.beanit.openiec61850.ServerAssociation - sub BDA is:ied1lDevice1/DSCH1.SchdAbsTm.val(93): 0.0
20:47:10.202 [openiec61850-osi-server-1-thread-1] DEBUG com.beanit.openiec61850.ServerAssociation - sub BDA is:ied1lDevice1/DSCH1.SchdAbsTm.val(94): 0.0
20:47:10.202 [openiec61850-osi-server-1-thread-1] DEBUG com.beanit.openiec61850.ServerAssociation - sub BDA is:ied1lDevice1/DSCH1.SchdAbsTm.val(95): 0.0
20:47:10.202 [openiec61850-osi-server-1-thread-1] DEBUG com.beanit.openiec61850.ServerAssociation - sub BDA is:ied1lDevice1/DSCH1.SchdAbsTm.val(96): 0.0
20:47:10.202 [openiec61850-osi-server-1-thread-1] DEBUG com.beanit.openiec61850.ServerAssociation - sub BDA is:ied1lDevice1/DSCH1.SchdAbsTm.val(97): 0.0
20:47:10.202 [openiec61850-osi-server-1-thread-1] DEBUG com.beanit.openiec61850.ServerAssociation - sub BDA is:ied1lDevice1/DSCH1.SchdAbsTm.val(98): 0.0
20:47:10.202 [openiec61850-osi-server-1-thread-1] DEBUG com.beanit.openiec61850.ServerAssociation - sub BDA is:ied1lDevice1/DSCH1.SchdAbsTm.val(99): 0.0
20:47:10.202 [openiec61850-osi-server-1-thread-1] DEBUG com.beanit.openiec61850.ServerAssociation - sub BDA is:ied1lDevice1/DSCH1.SchdAbsTm.val(100): 0.0
20:47:10.202 [openiec61850-osi-server-1-thread-1] DEBUG com.beanit.openiec61850.ServerAssociation - sub BDA is:ied1lDevice1/DSCH1.SchdAbsTm.val(101): 0.0
20:47:10.202 [openiec61850-osi-server-1-thread-1] DEBUG com.beanit.openiec61850.ServerAssociation - sub BDA is:ied1lDevice1/DSCH1.SchdAbsTm.val(102): 0.0
20:47:10.202 [openiec61850-osi-server-1-thread-1] DEBUG com.beanit.openiec61850.ServerAssociation - sub BDA is:ied1lDevice1/DSCH1.SchdAbsTm.val(103): 0.0
20:47:10.202 [openiec61850-osi-server-1-thread-1] DEBUG com.beanit.openiec61850.ServerAssociation - sub BDA is:ied1lDevice1/DSCH1.SchdAbsTm.val(104): 0.0
20:47:10.202 [openiec61850-osi-server-1-thread-1] DEBUG com.beanit.openiec61850.ServerAssociation - sub BDA is:ied1lDevice1/DSCH1.SchdAbsTm.val(105): 0.0
20:47:10.202 [openiec61850-osi-server-1-thread-1] DEBUG com.beanit.openiec61850.ServerAssociation - sub BDA is:ied1lDevice1/DSCH1.SchdAbsTm.val(106): 0.0
20:47:10.202 [openiec61850-osi-server-1-thread-1] DEBUG com.beanit.openiec61850.ServerAssociation - sub BDA is:ied1lDevice1/DSCH1.SchdAbsTm.val(107): 0.0
20:47:10.202 [openiec61850-osi-server-1-thread-1] DEBUG com.beanit.openiec61850.ServerAssociation - sub BDA is:ied1lDevice1/DSCH1.SchdAbsTm.val(108): 0.0
20:47:10.202 [openiec61850-osi-server-1-thread-1] DEBUG com.beanit.openiec61850.ServerAssociation - sub BDA is:ied1lDevice1/DSCH1.SchdAbsTm.val(109): 0.0
20:47:10.202 [openiec61850-osi-server-1-thread-1] DEBUG com.beanit.openiec61850.ServerAssociation - sub BDA is:ied1lDevice1/DSCH1.SchdAbsTm.val(110): 0.0
20:47:10.202 [openiec61850-osi-server-1-thread-1] DEBUG com.beanit.openiec61850.ServerAssociation - sub BDA is:ied1lDevice1/DSCH1.SchdAbsTm.val(111): 0.0
20:47:10.202 [openiec61850-osi-server-1-thread-1] DEBUG com.beanit.openiec61850.ServerAssociation - sub BDA is:ied1lDevice1/DSCH1.SchdAbsTm.val(112): 0.0
20:47:10.202 [openiec61850-osi-server-1-thread-1] DEBUG com.beanit.openiec61850.ServerAssociation - sub BDA is:ied1lDevice1/DSCH1.SchdAbsTm.val(113): 0.0
20:47:10.202 [openiec61850-osi-server-1-thread-1] DEBUG com.beanit.openiec61850.ServerAssociation - sub BDA is:ied1lDevice1/DSCH1.SchdAbsTm.val(114): 0.0
20:47:10.202 [openiec61850-osi-server-1-thread-1] DEBUG com.beanit.openiec61850.ServerAssociation - sub BDA is:ied1lDevice1/DSCH1.SchdAbsTm.val(115): 0.0
20:47:10.202 [openiec61850-osi-server-1-thread-1] DEBUG com.beanit.openiec61850.ServerAssociation - sub BDA is:ied1lDevice1/DSCH1.SchdAbsTm.val(116): 0.0
20:47:10.202 [openiec61850-osi-server-1-thread-1] DEBUG com.beanit.openiec61850.ServerAssociation - sub BDA is:ied1lDevice1/DSCH1.SchdAbsTm.val(117): 0.0
20:47:10.202 [openiec61850-osi-server-1-thread-1] DEBUG com.beanit.openiec61850.ServerAssociation - sub BDA is:ied1lDevice1/DSCH1.SchdAbsTm.val(118): 0.0
20:47:10.202 [openiec61850-osi-server-1-thread-1] DEBUG com.beanit.openiec61850.ServerAssociation - sub BDA is:ied1lDevice1/DSCH1.SchdAbsTm.val(119): 0.0
20:47:10.203 [openiec61850-osi-server-1-thread-1] DEBUG com.beanit.openiec61850.ServerAssociation - sub BDA is:ied1lDevice1/DSCH1.SchdAbsTm.val(120): 0.0
20:47:10.203 [openiec61850-osi-server-1-thread-1] DEBUG com.beanit.openiec61850.ServerAssociation - sub BDA is:ied1lDevice1/DSCH1.SchdAbsTm.val(121): 0.0
20:47:10.203 [openiec61850-osi-server-1-thread-1] DEBUG com.beanit.openiec61850.ServerAssociation - sub BDA is:ied1lDevice1/DSCH1.SchdAbsTm.val(122): 0.0
20:47:10.203 [openiec61850-osi-server-1-thread-1] DEBUG com.beanit.openiec61850.ServerAssociation - sub BDA is:ied1lDevice1/DSCH1.SchdAbsTm.val(123): 0.0
20:47:10.203 [openiec61850-osi-server-1-thread-1] DEBUG com.beanit.openiec61850.ServerAssociation - sub BDA is:ied1lDevice1/DSCH1.SchdAbsTm.val(124): 0.0
20:47:10.203 [openiec61850-osi-server-1-thread-1] DEBUG com.beanit.openiec61850.ServerAssociation - sub BDA is:ied1lDevice1/DSCH1.SchdAbsTm.val(125): 0.0
20:47:10.203 [openiec61850-osi-server-1-thread-1] DEBUG com.beanit.openiec61850.ServerAssociation - sub BDA is:ied1lDevice1/DSCH1.SchdAbsTm.val(126): 0.0
20:47:10.203 [openiec61850-osi-server-1-thread-1] DEBUG com.beanit.openiec61850.ServerAssociation - sub BDA is:ied1lDevice1/DSCH1.SchdAbsTm.val(127): 0.0
20:47:10.203 [openiec61850-osi-server-1-thread-1] DEBUG com.beanit.openiec61850.ServerAssociation - sub BDA is:ied1lDevice1/DSCH1.SchdAbsTm.val(128): 0.0
20:47:10.203 [openiec61850-osi-server-1-thread-1] DEBUG com.beanit.openiec61850.ServerAssociation - sub BDA is:ied1lDevice1/DSCH1.SchdAbsTm.val(129): 0.0
20:47:10.203 [openiec61850-osi-server-1-thread-1] DEBUG com.beanit.openiec61850.ServerAssociation - sub BDA is:ied1lDevice1/DSCH1.SchdAbsTm.val(130): 0.0
20:47:10.203 [openiec61850-osi-server-1-thread-1] DEBUG com.beanit.openiec61850.ServerAssociation - sub BDA is:ied1lDevice1/DSCH1.SchdAbsTm.val(131): 0.0
20:47:10.203 [openiec61850-osi-server-1-thread-1] DEBUG com.beanit.openiec61850.ServerAssociation - sub BDA is:ied1lDevice1/DSCH1.SchdAbsTm.val(132): 0.0
20:47:10.203 [openiec61850-osi-server-1-thread-1] DEBUG com.beanit.openiec61850.ServerAssociation - sub BDA is:ied1lDevice1/DSCH1.SchdAbsTm.val(133): 0.0
20:47:10.203 [openiec61850-osi-server-1-thread-1] DEBUG com.beanit.openiec61850.ServerAssociation - sub BDA is:ied1lDevice1/DSCH1.SchdAbsTm.val(134): 0.0
20:47:10.203 [openiec61850-osi-server-1-thread-1] DEBUG com.beanit.openiec61850.ServerAssociation - sub BDA is:ied1lDevice1/DSCH1.SchdAbsTm.val(135): 0.0
20:47:10.203 [openiec61850-osi-server-1-thread-1] DEBUG com.beanit.openiec61850.ServerAssociation - sub BDA is:ied1lDevice1/DSCH1.SchdAbsTm.val(136): 0.0
20:47:10.203 [openiec61850-osi-server-1-thread-1] DEBUG com.beanit.openiec61850.ServerAssociation - sub BDA is:ied1lDevice1/DSCH1.SchdAbsTm.val(137): 0.0
20:47:10.203 [openiec61850-osi-server-1-thread-1] DEBUG com.beanit.openiec61850.ServerAssociation - sub BDA is:ied1lDevice1/DSCH1.SchdAbsTm.val(138): 0.0
20:47:10.203 [openiec61850-osi-server-1-thread-1] DEBUG com.beanit.openiec61850.ServerAssociation - sub BDA is:ied1lDevice1/DSCH1.SchdAbsTm.val(139): 0.0
20:47:10.203 [openiec61850-osi-server-1-thread-1] DEBUG com.beanit.openiec61850.ServerAssociation - sub BDA is:ied1lDevice1/DSCH1.SchdAbsTm.val(140): 0.0
20:47:10.203 [openiec61850-osi-server-1-thread-1] DEBUG com.beanit.openiec61850.ServerAssociation - sub BDA is:ied1lDevice1/DSCH1.SchdAbsTm.val(141): 0.0
20:47:10.203 [openiec61850-osi-server-1-thread-1] DEBUG com.beanit.openiec61850.ServerAssociation - sub BDA is:ied1lDevice1/DSCH1.SchdAbsTm.val(142): 0.0
20:47:10.203 [openiec61850-osi-server-1-thread-1] DEBUG com.beanit.openiec61850.ServerAssociation - sub BDA is:ied1lDevice1/DSCH1.SchdAbsTm.val(143): 0.0
20:47:10.203 [openiec61850-osi-server-1-thread-1] DEBUG com.beanit.openiec61850.ServerAssociation - sub BDA is:ied1lDevice1/DSCH1.SchdAbsTm.val(144): 0.0
20:47:10.203 [openiec61850-osi-server-1-thread-1] DEBUG com.beanit.openiec61850.ServerAssociation - sub BDA is:ied1lDevice1/DSCH1.SchdAbsTm.val(145): 0.0
20:47:10.203 [openiec61850-osi-server-1-thread-1] DEBUG com.beanit.openiec61850.ServerAssociation - sub BDA is:ied1lDevice1/DSCH1.SchdAbsTm.val(146): 0.0
20:47:10.203 [openiec61850-osi-server-1-thread-1] DEBUG com.beanit.openiec61850.ServerAssociation - sub BDA is:ied1lDevice1/DSCH1.SchdAbsTm.val(147): 0.0
20:47:10.203 [openiec61850-osi-server-1-thread-1] DEBUG com.beanit.openiec61850.ServerAssociation - sub BDA is:ied1lDevice1/DSCH1.SchdAbsTm.val(148): 0.0
20:47:10.203 [openiec61850-osi-server-1-thread-1] DEBUG com.beanit.openiec61850.ServerAssociation - sub BDA is:ied1lDevice1/DSCH1.SchdAbsTm.val(149): 0.0
20:47:10.203 [openiec61850-osi-server-1-thread-1] DEBUG com.beanit.openiec61850.ServerAssociation - sub BDA is:ied1lDevice1/DSCH1.SchdAbsTm.val(150): 0.0
20:47:10.203 [openiec61850-osi-server-1-thread-1] DEBUG com.beanit.openiec61850.ServerAssociation - sub BDA is:ied1lDevice1/DSCH1.SchdAbsTm.val(151): 0.0
20:47:10.203 [openiec61850-osi-server-1-thread-1] DEBUG com.beanit.openiec61850.ServerAssociation - sub BDA is:ied1lDevice1/DSCH1.SchdAbsTm.val(152): 0.0
20:47:10.203 [openiec61850-osi-server-1-thread-1] DEBUG com.beanit.openiec61850.ServerAssociation - sub BDA is:ied1lDevice1/DSCH1.SchdAbsTm.val(153): 0.0
20:47:10.203 [openiec61850-osi-server-1-thread-1] DEBUG com.beanit.openiec61850.ServerAssociation - sub BDA is:ied1lDevice1/DSCH1.SchdAbsTm.val(154): 0.0
20:47:10.203 [openiec61850-osi-server-1-thread-1] DEBUG com.beanit.openiec61850.ServerAssociation - sub BDA is:ied1lDevice1/DSCH1.SchdAbsTm.val(155): 0.0
20:47:10.203 [openiec61850-osi-server-1-thread-1] DEBUG com.beanit.openiec61850.ServerAssociation - sub BDA is:ied1lDevice1/DSCH1.SchdAbsTm.val(156): 0.0
20:47:10.203 [openiec61850-osi-server-1-thread-1] DEBUG com.beanit.openiec61850.ServerAssociation - sub BDA is:ied1lDevice1/DSCH1.SchdAbsTm.val(157): 0.0
20:47:10.203 [openiec61850-osi-server-1-thread-1] DEBUG com.beanit.openiec61850.ServerAssociation - sub BDA is:ied1lDevice1/DSCH1.SchdAbsTm.val(158): 0.0
20:47:10.203 [openiec61850-osi-server-1-thread-1] DEBUG com.beanit.openiec61850.ServerAssociation - sub BDA is:ied1lDevice1/DSCH1.SchdAbsTm.val(159): 0.0
20:47:10.203 [openiec61850-osi-server-1-thread-1] DEBUG com.beanit.openiec61850.ServerAssociation - sub BDA is:ied1lDevice1/DSCH1.SchdAbsTm.val(160): 0.0
20:47:10.203 [openiec61850-osi-server-1-thread-1] DEBUG com.beanit.openiec61850.ServerAssociation - sub BDA is:ied1lDevice1/DSCH1.SchdAbsTm.val(161): 0.0
20:47:10.203 [openiec61850-osi-server-1-thread-1] DEBUG com.beanit.openiec61850.ServerAssociation - sub BDA is:ied1lDevice1/DSCH1.SchdAbsTm.val(162): 0.0
20:47:10.203 [openiec61850-osi-server-1-thread-1] DEBUG com.beanit.openiec61850.ServerAssociation - sub BDA is:ied1lDevice1/DSCH1.SchdAbsTm.val(163): 0.0
20:47:10.203 [openiec61850-osi-server-1-thread-1] DEBUG com.beanit.openiec61850.ServerAssociation - sub BDA is:ied1lDevice1/DSCH1.SchdAbsTm.val(164): 0.0
20:47:10.203 [openiec61850-osi-server-1-thread-1] DEBUG com.beanit.openiec61850.ServerAssociation - sub BDA is:ied1lDevice1/DSCH1.SchdAbsTm.val(165): 0.0
20:47:10.203 [openiec61850-osi-server-1-thread-1] DEBUG com.beanit.openiec61850.ServerAssociation - sub BDA is:ied1lDevice1/DSCH1.SchdAbsTm.val(166): 0.0
20:47:10.203 [openiec61850-osi-server-1-thread-1] DEBUG com.beanit.openiec61850.ServerAssociation - sub BDA is:ied1lDevice1/DSCH1.SchdAbsTm.val(167): 0.0
20:47:10.203 [openiec61850-osi-server-1-thread-1] DEBUG com.beanit.openiec61850.ServerAssociation - sub BDA is:ied1lDevice1/DSCH1.SchdAbsTm.val(168): 0.0
20:47:10.203 [openiec61850-osi-server-1-thread-1] DEBUG com.beanit.openiec61850.ServerAssociation - sub BDA is:ied1lDevice1/DSCH1.SchdAbsTm.val(169): 0.0
20:47:10.204 [openiec61850-osi-server-1-thread-1] DEBUG com.beanit.openiec61850.ServerAssociation - sub BDA is:ied1lDevice1/DSCH1.SchdAbsTm.val(170): 0.0
20:47:10.204 [openiec61850-osi-server-1-thread-1] DEBUG com.beanit.openiec61850.ServerAssociation - sub BDA is:ied1lDevice1/DSCH1.SchdAbsTm.val(171): 0.0
20:47:10.204 [openiec61850-osi-server-1-thread-1] DEBUG com.beanit.openiec61850.ServerAssociation - sub BDA is:ied1lDevice1/DSCH1.SchdAbsTm.val(172): 0.0
20:47:10.204 [openiec61850-osi-server-1-thread-1] DEBUG com.beanit.openiec61850.ServerAssociation - sub BDA is:ied1lDevice1/DSCH1.SchdAbsTm.val(173): 0.0
20:47:10.204 [openiec61850-osi-server-1-thread-1] DEBUG com.beanit.openiec61850.ServerAssociation - sub BDA is:ied1lDevice1/DSCH1.SchdAbsTm.val(174): 0.0
20:47:10.204 [openiec61850-osi-server-1-thread-1] DEBUG com.beanit.openiec61850.ServerAssociation - sub BDA is:ied1lDevice1/DSCH1.SchdAbsTm.val(175): 0.0
20:47:10.204 [openiec61850-osi-server-1-thread-1] DEBUG com.beanit.openiec61850.ServerAssociation - sub BDA is:ied1lDevice1/DSCH1.SchdAbsTm.val(176): 0.0
20:47:10.204 [openiec61850-osi-server-1-thread-1] DEBUG com.beanit.openiec61850.ServerAssociation - sub BDA is:ied1lDevice1/DSCH1.SchdAbsTm.val(177): 0.0
20:47:10.204 [openiec61850-osi-server-1-thread-1] DEBUG com.beanit.openiec61850.ServerAssociation - sub BDA is:ied1lDevice1/DSCH1.SchdAbsTm.val(178): 0.0
20:47:10.204 [openiec61850-osi-server-1-thread-1] DEBUG com.beanit.openiec61850.ServerAssociation - sub BDA is:ied1lDevice1/DSCH1.SchdAbsTm.val(179): 0.0
20:47:10.204 [openiec61850-osi-server-1-thread-1] DEBUG com.beanit.openiec61850.ServerAssociation - sub BDA is:ied1lDevice1/DSCH1.SchdAbsTm.val(180): 0.0
20:47:10.204 [openiec61850-osi-server-1-thread-1] DEBUG com.beanit.openiec61850.ServerAssociation - sub BDA is:ied1lDevice1/DSCH1.SchdAbsTm.val(181): 0.0
20:47:10.204 [openiec61850-osi-server-1-thread-1] DEBUG com.beanit.openiec61850.ServerAssociation - sub BDA is:ied1lDevice1/DSCH1.SchdAbsTm.val(182): 0.0
20:47:10.204 [openiec61850-osi-server-1-thread-1] DEBUG com.beanit.openiec61850.ServerAssociation - sub BDA is:ied1lDevice1/DSCH1.SchdAbsTm.val(183): 0.0
20:47:10.204 [openiec61850-osi-server-1-thread-1] DEBUG com.beanit.openiec61850.ServerAssociation - sub BDA is:ied1lDevice1/DSCH1.SchdAbsTm.val(184): 0.0
20:47:10.204 [openiec61850-osi-server-1-thread-1] DEBUG com.beanit.openiec61850.ServerAssociation - sub BDA is:ied1lDevice1/DSCH1.SchdAbsTm.val(185): 0.0
20:47:10.204 [openiec61850-osi-server-1-thread-1] DEBUG com.beanit.openiec61850.ServerAssociation - sub BDA is:ied1lDevice1/DSCH1.SchdAbsTm.val(186): 0.0
20:47:10.204 [openiec61850-osi-server-1-thread-1] DEBUG com.beanit.openiec61850.ServerAssociation - sub BDA is:ied1lDevice1/DSCH1.SchdAbsTm.val(187): 0.0
20:47:10.204 [openiec61850-osi-server-1-thread-1] DEBUG com.beanit.openiec61850.ServerAssociation - sub BDA is:ied1lDevice1/DSCH1.SchdAbsTm.val(188): 0.0
20:47:10.204 [openiec61850-osi-server-1-thread-1] DEBUG com.beanit.openiec61850.ServerAssociation - sub BDA is:ied1lDevice1/DSCH1.SchdAbsTm.val(189): 0.0
20:47:10.204 [openiec61850-osi-server-1-thread-1] DEBUG com.beanit.openiec61850.ServerAssociation - sub BDA is:ied1lDevice1/DSCH1.SchdAbsTm.val(190): 0.0
20:47:10.204 [openiec61850-osi-server-1-thread-1] DEBUG com.beanit.openiec61850.ServerAssociation - sub BDA is:ied1lDevice1/DSCH1.SchdAbsTm.val(191): 0.0
20:47:10.204 [openiec61850-osi-server-1-thread-1] DEBUG com.beanit.openiec61850.ServerAssociation - sub BDA is:ied1lDevice1/DSCH1.SchdAbsTm.val(192): 0.0
20:47:10.204 [openiec61850-osi-server-1-thread-1] DEBUG com.beanit.openiec61850.ServerAssociation - sub BDA is:ied1lDevice1/DSCH1.SchdAbsTm.val(193): 0.0
20:47:10.204 [openiec61850-osi-server-1-thread-1] DEBUG com.beanit.openiec61850.ServerAssociation - sub BDA is:ied1lDevice1/DSCH1.SchdAbsTm.val(194): 0.0
20:47:10.204 [openiec61850-osi-server-1-thread-1] DEBUG com.beanit.openiec61850.ServerAssociation - sub BDA is:ied1lDevice1/DSCH1.SchdAbsTm.val(195): 0.0
20:47:10.204 [openiec61850-osi-server-1-thread-1] DEBUG com.beanit.openiec61850.ServerAssociation - sub BDA is:ied1lDevice1/DSCH1.SchdAbsTm.val(196): 0.0
20:47:10.204 [openiec61850-osi-server-1-thread-1] DEBUG com.beanit.openiec61850.ServerAssociation - sub BDA is:ied1lDevice1/DSCH1.SchdAbsTm.val(197): 0.0
20:47:10.204 [openiec61850-osi-server-1-thread-1] DEBUG com.beanit.openiec61850.ServerAssociation - sub BDA is:ied1lDevice1/DSCH1.SchdAbsTm.val(198): 0.0
20:47:10.204 [openiec61850-osi-server-1-thread-1] DEBUG com.beanit.openiec61850.ServerAssociation - sub BDA is:ied1lDevice1/DSCH1.SchdAbsTm.val(199): 0.0
20:47:10.204 [openiec61850-osi-server-1-thread-1] DEBUG com.beanit.openiec61850.ServerAssociation - sub BDA is:ied1lDevice1/DSCH1.SchdAbsTm.val(200): 0.0
20:47:10.204 [openiec61850-osi-server-1-thread-1] DEBUG com.beanit.openiec61850.ServerAssociation - sub BDA is:ied1lDevice1/DSCH1.SchdAbsTm.val(201): 0.0
20:47:10.204 [openiec61850-osi-server-1-thread-1] DEBUG com.beanit.openiec61850.ServerAssociation - sub BDA is:ied1lDevice1/DSCH1.SchdAbsTm.val(202): 0.0
20:47:10.204 [openiec61850-osi-server-1-thread-1] DEBUG com.beanit.openiec61850.ServerAssociation - sub BDA is:ied1lDevice1/DSCH1.SchdAbsTm.val(203): 0.0
20:47:10.204 [openiec61850-osi-server-1-thread-1] DEBUG com.beanit.openiec61850.ServerAssociation - sub BDA is:ied1lDevice1/DSCH1.SchdAbsTm.val(204): 0.0
20:47:10.204 [openiec61850-osi-server-1-thread-1] DEBUG com.beanit.openiec61850.ServerAssociation - sub BDA is:ied1lDevice1/DSCH1.SchdAbsTm.val(205): 0.0
20:47:10.204 [openiec61850-osi-server-1-thread-1] DEBUG com.beanit.openiec61850.ServerAssociation - sub BDA is:ied1lDevice1/DSCH1.SchdAbsTm.val(206): 0.0
20:47:10.205 [openiec61850-osi-server-1-thread-1] DEBUG com.beanit.openiec61850.ServerAssociation - sub BDA is:ied1lDevice1/DSCH1.SchdAbsTm.val(207): 0.0
20:47:10.205 [openiec61850-osi-server-1-thread-1] DEBUG com.beanit.openiec61850.ServerAssociation - sub BDA is:ied1lDevice1/DSCH1.SchdAbsTm.val(208): 0.0
20:47:10.205 [openiec61850-osi-server-1-thread-1] DEBUG com.beanit.openiec61850.ServerAssociation - sub BDA is:ied1lDevice1/DSCH1.SchdAbsTm.val(209): 0.0
20:47:10.205 [openiec61850-osi-server-1-thread-1] DEBUG com.beanit.openiec61850.ServerAssociation - sub BDA is:ied1lDevice1/DSCH1.SchdAbsTm.val(210): 0.0
20:47:10.205 [openiec61850-osi-server-1-thread-1] DEBUG com.beanit.openiec61850.ServerAssociation - sub BDA is:ied1lDevice1/DSCH1.SchdAbsTm.val(211): 0.0
20:47:10.205 [openiec61850-osi-server-1-thread-1] DEBUG com.beanit.openiec61850.ServerAssociation - sub BDA is:ied1lDevice1/DSCH1.SchdAbsTm.val(212): 0.0
20:47:10.205 [openiec61850-osi-server-1-thread-1] DEBUG com.beanit.openiec61850.ServerAssociation - sub BDA is:ied1lDevice1/DSCH1.SchdAbsTm.val(213): 0.0
20:47:10.205 [openiec61850-osi-server-1-thread-1] DEBUG com.beanit.openiec61850.ServerAssociation - sub BDA is:ied1lDevice1/DSCH1.SchdAbsTm.val(214): 0.0
20:47:10.205 [openiec61850-osi-server-1-thread-1] DEBUG com.beanit.openiec61850.ServerAssociation - sub BDA is:ied1lDevice1/DSCH1.SchdAbsTm.val(215): 0.0
20:47:10.205 [openiec61850-osi-server-1-thread-1] DEBUG com.beanit.openiec61850.ServerAssociation - sub BDA is:ied1lDevice1/DSCH1.SchdAbsTm.val(216): 0.0
20:47:10.205 [openiec61850-osi-server-1-thread-1] DEBUG com.beanit.openiec61850.ServerAssociation - sub BDA is:ied1lDevice1/DSCH1.SchdAbsTm.val(217): 0.0
20:47:10.205 [openiec61850-osi-server-1-thread-1] DEBUG com.beanit.openiec61850.ServerAssociation - sub BDA is:ied1lDevice1/DSCH1.SchdAbsTm.val(218): 0.0
20:47:10.205 [openiec61850-osi-server-1-thread-1] DEBUG com.beanit.openiec61850.ServerAssociation - sub BDA is:ied1lDevice1/DSCH1.SchdAbsTm.val(219): 0.0
20:47:10.205 [openiec61850-osi-server-1-thread-1] DEBUG com.beanit.openiec61850.ServerAssociation - sub BDA is:ied1lDevice1/DSCH1.SchdAbsTm.val(220): 0.0
20:47:10.205 [openiec61850-osi-server-1-thread-1] DEBUG com.beanit.openiec61850.ServerAssociation - sub BDA is:ied1lDevice1/DSCH1.SchdAbsTm.val(221): 0.0
20:47:10.205 [openiec61850-osi-server-1-thread-1] DEBUG com.beanit.openiec61850.ServerAssociation - sub BDA is:ied1lDevice1/DSCH1.SchdAbsTm.val(222): 0.0
20:47:10.205 [openiec61850-osi-server-1-thread-1] DEBUG com.beanit.openiec61850.ServerAssociation - sub BDA is:ied1lDevice1/DSCH1.SchdAbsTm.val(223): 0.0
20:47:10.205 [openiec61850-osi-server-1-thread-1] DEBUG com.beanit.openiec61850.ServerAssociation - sub BDA is:ied1lDevice1/DSCH1.SchdAbsTm.val(224): 0.0
20:47:10.205 [openiec61850-osi-server-1-thread-1] DEBUG com.beanit.openiec61850.ServerAssociation - sub BDA is:ied1lDevice1/DSCH1.SchdAbsTm.val(225): 0.0
20:47:10.205 [openiec61850-osi-server-1-thread-1] DEBUG com.beanit.openiec61850.ServerAssociation - sub BDA is:ied1lDevice1/DSCH1.SchdAbsTm.val(226): 0.0
20:47:10.205 [openiec61850-osi-server-1-thread-1] DEBUG com.beanit.openiec61850.ServerAssociation - sub BDA is:ied1lDevice1/DSCH1.SchdAbsTm.val(227): 0.0
20:47:10.205 [openiec61850-osi-server-1-thread-1] DEBUG com.beanit.openiec61850.ServerAssociation - sub BDA is:ied1lDevice1/DSCH1.SchdAbsTm.val(228): 0.0
20:47:10.205 [openiec61850-osi-server-1-thread-1] DEBUG com.beanit.openiec61850.ServerAssociation - sub BDA is:ied1lDevice1/DSCH1.SchdAbsTm.val(229): 0.0
20:47:10.205 [openiec61850-osi-server-1-thread-1] DEBUG com.beanit.openiec61850.ServerAssociation - sub BDA is:ied1lDevice1/DSCH1.SchdAbsTm.val(230): 0.0
20:47:10.205 [openiec61850-osi-server-1-thread-1] DEBUG com.beanit.openiec61850.ServerAssociation - sub BDA is:ied1lDevice1/DSCH1.SchdAbsTm.val(231): 0.0
20:47:10.205 [openiec61850-osi-server-1-thread-1] DEBUG com.beanit.openiec61850.ServerAssociation - sub BDA is:ied1lDevice1/DSCH1.SchdAbsTm.val(232): 0.0
20:47:10.205 [openiec61850-osi-server-1-thread-1] DEBUG com.beanit.openiec61850.ServerAssociation - sub BDA is:ied1lDevice1/DSCH1.SchdAbsTm.val(233): 0.0
20:47:10.205 [openiec61850-osi-server-1-thread-1] DEBUG com.beanit.openiec61850.ServerAssociation - sub BDA is:ied1lDevice1/DSCH1.SchdAbsTm.val(234): 0.0
20:47:10.205 [openiec61850-osi-server-1-thread-1] DEBUG com.beanit.openiec61850.ServerAssociation - sub BDA is:ied1lDevice1/DSCH1.SchdAbsTm.val(235): 0.0
20:47:10.205 [openiec61850-osi-server-1-thread-1] DEBUG com.beanit.openiec61850.ServerAssociation - sub BDA is:ied1lDevice1/DSCH1.SchdAbsTm.val(236): 0.0
20:47:10.205 [openiec61850-osi-server-1-thread-1] DEBUG com.beanit.openiec61850.ServerAssociation - sub BDA is:ied1lDevice1/DSCH1.SchdAbsTm.val(237): 0.0
20:47:10.205 [openiec61850-osi-server-1-thread-1] DEBUG com.beanit.openiec61850.ServerAssociation - sub BDA is:ied1lDevice1/DSCH1.SchdAbsTm.val(238): 0.0
20:47:10.205 [openiec61850-osi-server-1-thread-1] DEBUG com.beanit.openiec61850.ServerAssociation - sub BDA is:ied1lDevice1/DSCH1.SchdAbsTm.val(239): 0.0
20:47:10.205 [openiec61850-osi-server-1-thread-1] DEBUG com.beanit.openiec61850.ServerAssociation - sub BDA is:ied1lDevice1/DSCH1.SchdAbsTm.val(240): 0.0
20:47:10.205 [openiec61850-osi-server-1-thread-1] DEBUG com.beanit.openiec61850.ServerAssociation - sub BDA is:ied1lDevice1/DSCH1.SchdAbsTm.val(241): 0.0
20:47:10.206 [openiec61850-osi-server-1-thread-1] DEBUG com.beanit.openiec61850.ServerAssociation - sub BDA is:ied1lDevice1/DSCH1.SchdAbsTm.val(242): 0.0
20:47:10.206 [openiec61850-osi-server-1-thread-1] DEBUG com.beanit.openiec61850.ServerAssociation - sub BDA is:ied1lDevice1/DSCH1.SchdAbsTm.val(243): 0.0
20:47:10.206 [openiec61850-osi-server-1-thread-1] DEBUG com.beanit.openiec61850.ServerAssociation - sub BDA is:ied1lDevice1/DSCH1.SchdAbsTm.val(244): 0.0
20:47:10.206 [openiec61850-osi-server-1-thread-1] DEBUG com.beanit.openiec61850.ServerAssociation - sub BDA is:ied1lDevice1/DSCH1.SchdAbsTm.val(245): 0.0
20:47:10.206 [openiec61850-osi-server-1-thread-1] DEBUG com.beanit.openiec61850.ServerAssociation - sub BDA is:ied1lDevice1/DSCH1.SchdAbsTm.val(246): 0.0
20:47:10.206 [openiec61850-osi-server-1-thread-1] DEBUG com.beanit.openiec61850.ServerAssociation - sub BDA is:ied1lDevice1/DSCH1.SchdAbsTm.val(247): 0.0
20:47:10.206 [openiec61850-osi-server-1-thread-1] DEBUG com.beanit.openiec61850.ServerAssociation - sub BDA is:ied1lDevice1/DSCH1.SchdAbsTm.val(248): 0.0
20:47:10.206 [openiec61850-osi-server-1-thread-1] DEBUG com.beanit.openiec61850.ServerAssociation - sub BDA is:ied1lDevice1/DSCH1.SchdAbsTm.val(249): 0.0
20:47:10.206 [openiec61850-osi-server-1-thread-1] DEBUG com.beanit.openiec61850.ServerAssociation - sub BDA is:ied1lDevice1/DSCH1.SchdAbsTm.val(250): 0.0
20:47:10.206 [openiec61850-osi-server-1-thread-1] DEBUG com.beanit.openiec61850.ServerAssociation - sub BDA is:ied1lDevice1/DSCH1.SchdAbsTm.val(251): 0.0
20:47:10.206 [openiec61850-osi-server-1-thread-1] DEBUG com.beanit.openiec61850.ServerAssociation - sub BDA is:ied1lDevice1/DSCH1.SchdAbsTm.val(252): 0.0
20:47:10.206 [openiec61850-osi-server-1-thread-1] DEBUG com.beanit.openiec61850.ServerAssociation - sub BDA is:ied1lDevice1/DSCH1.SchdAbsTm.val(253): 0.0
20:47:10.206 [openiec61850-osi-server-1-thread-1] DEBUG com.beanit.openiec61850.ServerAssociation - sub BDA is:ied1lDevice1/DSCH1.SchdAbsTm.val(254): 0.0
20:47:10.206 [openiec61850-osi-server-1-thread-1] DEBUG com.beanit.openiec61850.ServerAssociation - sub BDA is:ied1lDevice1/DSCH1.SchdAbsTm.sptestval1: 0
20:47:10.206 [openiec61850-osi-server-1-thread-1] DEBUG com.beanit.openiec61850.ServerAssociation - sub BDA is:ied1lDevice1/DSCH1.SchdAbsTm.sptestval2: 0
calling GetDataValues(ied1lDevice1/DSCH1.SchdAbsTm.val)
20:47:10.208 [openiec61850-osi-server-1-thread-1] DEBUG com.beanit.openiec61850.ServerAssociation - Got a GetDataValues request for node: ied1lDevice1/DSCH1.SchdAbsTm.val [SP]
ied1lDevice1/DSCH1.SchdAbsTm.val(0): 0.0
ied1lDevice1/DSCH1.SchdAbsTm.val(1): 0.0
ied1lDevice1/DSCH1.SchdAbsTm.val(2): 0.0
ied1lDevice1/DSCH1.SchdAbsTm.val(3): 0.0
ied1lDevice1/DSCH1.SchdAbsTm.val(4): 0.0
ied1lDevice1/DSCH1.SchdAbsTm.val(5): 0.0
ied1lDevice1/DSCH1.SchdAbsTm.val(6): 0.0
ied1lDevice1/DSCH1.SchdAbsTm.val(7): 0.0
ied1lDevice1/DSCH1.SchdAbsTm.val(8): 0.0
ied1lDevice1/DSCH1.SchdAbsTm.val(9): 0.0
ied1lDevice1/DSCH1.SchdAbsTm.val(10): 0.0
ied1lDevice1/DSCH1.SchdAbsTm.val(11): 0.0
ied1lDevice1/DSCH1.SchdAbsTm.val(12): 0.0
ied1lDevice1/DSCH1.SchdAbsTm.val(13): 0.0
ied1lDevice1/DSCH1.SchdAbsTm.val(14): 0.0
ied1lDevice1/DSCH1.SchdAbsTm.val(15): 0.0
ied1lDevice1/DSCH1.SchdAbsTm.val(16): 0.0
ied1lDevice1/DSCH1.SchdAbsTm.val(17): 0.0
ied1lDevice1/DSCH1.SchdAbsTm.val(18): 0.0
ied1lDevice1/DSCH1.SchdAbsTm.val(19): 0.0
ied1lDevice1/DSCH1.SchdAbsTm.val(20): 0.0
ied1lDevice1/DSCH1.SchdAbsTm.val(21): 0.0
ied1lDevice1/DSCH1.SchdAbsTm.val(22): 0.0
ied1lDevice1/DSCH1.SchdAbsTm.val(23): 0.0
ied1lDevice1/DSCH1.SchdAbsTm.val(24): 0.0
ied1lDevice1/DSCH1.SchdAbsTm.val(25): 0.0
ied1lDevice1/DSCH1.SchdAbsTm.val(26): 0.0
ied1lDevice1/DSCH1.SchdAbsTm.val(27): 0.0
ied1lDevice1/DSCH1.SchdAbsTm.val(28): 0.0
ied1lDevice1/DSCH1.SchdAbsTm.val(29): 0.0
ied1lDevice1/DSCH1.SchdAbsTm.val(30): 0.0
ied1lDevice1/DSCH1.SchdAbsTm.val(31): 0.0
ied1lDevice1/DSCH1.SchdAbsTm.val(32): 0.0
ied1lDevice1/DSCH1.SchdAbsTm.val(33): 0.0
ied1lDevice1/DSCH1.SchdAbsTm.val(34): 0.0
ied1lDevice1/DSCH1.SchdAbsTm.val(35): 0.0
ied1lDevice1/DSCH1.SchdAbsTm.val(36): 0.0
ied1lDevice1/DSCH1.SchdAbsTm.val(37): 0.0
ied1lDevice1/DSCH1.SchdAbsTm.val(38): 0.0
ied1lDevice1/DSCH1.SchdAbsTm.val(39): 0.0
ied1lDevice1/DSCH1.SchdAbsTm.val(40): 0.0
ied1lDevice1/DSCH1.SchdAbsTm.val(41): 0.0
ied1lDevice1/DSCH1.SchdAbsTm.val(42): 0.0
ied1lDevice1/DSCH1.SchdAbsTm.val(43): 0.0
ied1lDevice1/DSCH1.SchdAbsTm.val(44): 0.0
ied1lDevice1/DSCH1.SchdAbsTm.val(45): 0.0
ied1lDevice1/DSCH1.SchdAbsTm.val(46): 0.0
ied1lDevice1/DSCH1.SchdAbsTm.val(47): 0.0
ied1lDevice1/DSCH1.SchdAbsTm.val(48): 0.0
ied1lDevice1/DSCH1.SchdAbsTm.val(49): 0.0
ied1lDevice1/DSCH1.SchdAbsTm.val(50): 0.0
ied1lDevice1/DSCH1.SchdAbsTm.val(51): 0.0
ied1lDevice1/DSCH1.SchdAbsTm.val(52): 0.0
ied1lDevice1/DSCH1.SchdAbsTm.val(53): 0.0
ied1lDevice1/DSCH1.SchdAbsTm.val(54): 0.0
ied1lDevice1/DSCH1.SchdAbsTm.val(55): 0.0
ied1lDevice1/DSCH1.SchdAbsTm.val(56): 0.0
ied1lDevice1/DSCH1.SchdAbsTm.val(57): 0.0
ied1lDevice1/DSCH1.SchdAbsTm.val(58): 0.0
ied1lDevice1/DSCH1.SchdAbsTm.val(59): 0.0
ied1lDevice1/DSCH1.SchdAbsTm.val(60): 0.0
ied1lDevice1/DSCH1.SchdAbsTm.val(61): 0.0
ied1lDevice1/DSCH1.SchdAbsTm.val(62): 0.0
ied1lDevice1/DSCH1.SchdAbsTm.val(63): 0.0
ied1lDevice1/DSCH1.SchdAbsTm.val(64): 0.0
ied1lDevice1/DSCH1.SchdAbsTm.val(65): 0.0
ied1lDevice1/DSCH1.SchdAbsTm.val(66): 0.0
ied1lDevice1/DSCH1.SchdAbsTm.val(67): 0.0
ied1lDevice1/DSCH1.SchdAbsTm.val(68): 0.0
ied1lDevice1/DSCH1.SchdAbsTm.val(69): 0.0
ied1lDevice1/DSCH1.SchdAbsTm.val(70): 0.0
ied1lDevice1/DSCH1.SchdAbsTm.val(71): 0.0
ied1lDevice1/DSCH1.SchdAbsTm.val(72): 0.0
ied1lDevice1/DSCH1.SchdAbsTm.val(73): 0.0
ied1lDevice1/DSCH1.SchdAbsTm.val(74): 0.0
ied1lDevice1/DSCH1.SchdAbsTm.val(75): 0.0
ied1lDevice1/DSCH1.SchdAbsTm.val(76): 0.0
ied1lDevice1/DSCH1.SchdAbsTm.val(77): 0.0
ied1lDevice1/DSCH1.SchdAbsTm.val(78): 0.0
ied1lDevice1/DSCH1.SchdAbsTm.val(79): 0.0
ied1lDevice1/DSCH1.SchdAbsTm.val(80): 0.0
ied1lDevice1/DSCH1.SchdAbsTm.val(81): 0.0
ied1lDevice1/DSCH1.SchdAbsTm.val(82): 0.0
ied1lDevice1/DSCH1.SchdAbsTm.val(83): 0.0
ied1lDevice1/DSCH1.SchdAbsTm.val(84): 0.0
ied1lDevice1/DSCH1.SchdAbsTm.val(85): 0.0
ied1lDevice1/DSCH1.SchdAbsTm.val(86): 0.0
ied1lDevice1/DSCH1.SchdAbsTm.val(87): 0.0
ied1lDevice1/DSCH1.SchdAbsTm.val(88): 0.0
ied1lDevice1/DSCH1.SchdAbsTm.val(89): 0.0
ied1lDevice1/DSCH1.SchdAbsTm.val(90): 0.0
ied1lDevice1/DSCH1.SchdAbsTm.val(91): 0.0
ied1lDevice1/DSCH1.SchdAbsTm.val(92): 0.0
ied1lDevice1/DSCH1.SchdAbsTm.val(93): 0.0
ied1lDevice1/DSCH1.SchdAbsTm.val(94): 0.0
ied1lDevice1/DSCH1.SchdAbsTm.val(95): 0.0
ied1lDevice1/DSCH1.SchdAbsTm.val(96): 0.0
ied1lDevice1/DSCH1.SchdAbsTm.val(97): 0.0
ied1lDevice1/DSCH1.SchdAbsTm.val(98): 0.0
ied1lDevice1/DSCH1.SchdAbsTm.val(99): 0.0
ied1lDevice1/DSCH1.SchdAbsTm.val(100): 0.0
ied1lDevice1/DSCH1.SchdAbsTm.val(101): 0.0
ied1lDevice1/DSCH1.SchdAbsTm.val(102): 0.0
ied1lDevice1/DSCH1.SchdAbsTm.val(103): 0.0
ied1lDevice1/DSCH1.SchdAbsTm.val(104): 0.0
ied1lDevice1/DSCH1.SchdAbsTm.val(105): 0.0
ied1lDevice1/DSCH1.SchdAbsTm.val(106): 0.0
ied1lDevice1/DSCH1.SchdAbsTm.val(107): 0.0
ied1lDevice1/DSCH1.SchdAbsTm.val(108): 0.0
ied1lDevice1/DSCH1.SchdAbsTm.val(109): 0.0
ied1lDevice1/DSCH1.SchdAbsTm.val(110): 0.0
ied1lDevice1/DSCH1.SchdAbsTm.val(111): 0.0
ied1lDevice1/DSCH1.SchdAbsTm.val(112): 0.0
ied1lDevice1/DSCH1.SchdAbsTm.val(113): 0.0
ied1lDevice1/DSCH1.SchdAbsTm.val(114): 0.0
ied1lDevice1/DSCH1.SchdAbsTm.val(115): 0.0
ied1lDevice1/DSCH1.SchdAbsTm.val(116): 0.0
ied1lDevice1/DSCH1.SchdAbsTm.val(117): 0.0
ied1lDevice1/DSCH1.SchdAbsTm.val(118): 0.0
ied1lDevice1/DSCH1.SchdAbsTm.val(119): 0.0
ied1lDevice1/DSCH1.SchdAbsTm.val(120): 0.0
ied1lDevice1/DSCH1.SchdAbsTm.val(121): 0.0
ied1lDevice1/DSCH1.SchdAbsTm.val(122): 0.0
ied1lDevice1/DSCH1.SchdAbsTm.val(123): 0.0
ied1lDevice1/DSCH1.SchdAbsTm.val(124): 0.0
ied1lDevice1/DSCH1.SchdAbsTm.val(125): 0.0
ied1lDevice1/DSCH1.SchdAbsTm.val(126): 0.0
ied1lDevice1/DSCH1.SchdAbsTm.val(127): 0.0
ied1lDevice1/DSCH1.SchdAbsTm.val(128): 0.0
ied1lDevice1/DSCH1.SchdAbsTm.val(129): 0.0
ied1lDevice1/DSCH1.SchdAbsTm.val(130): 0.0
ied1lDevice1/DSCH1.SchdAbsTm.val(131): 0.0
ied1lDevice1/DSCH1.SchdAbsTm.val(132): 0.0
ied1lDevice1/DSCH1.SchdAbsTm.val(133): 0.0
ied1lDevice1/DSCH1.SchdAbsTm.val(134): 0.0
ied1lDevice1/DSCH1.SchdAbsTm.val(135): 0.0
ied1lDevice1/DSCH1.SchdAbsTm.val(136): 0.0
ied1lDevice1/DSCH1.SchdAbsTm.val(137): 0.0
ied1lDevice1/DSCH1.SchdAbsTm.val(138): 0.0
ied1lDevice1/DSCH1.SchdAbsTm.val(139): 0.0
ied1lDevice1/DSCH1.SchdAbsTm.val(140): 0.0
ied1lDevice1/DSCH1.SchdAbsTm.val(141): 0.0
ied1lDevice1/DSCH1.SchdAbsTm.val(142): 0.0
ied1lDevice1/DSCH1.SchdAbsTm.val(143): 0.0
ied1lDevice1/DSCH1.SchdAbsTm.val(144): 0.0
ied1lDevice1/DSCH1.SchdAbsTm.val(145): 0.0
ied1lDevice1/DSCH1.SchdAbsTm.val(146): 0.0
ied1lDevice1/DSCH1.SchdAbsTm.val(147): 0.0
ied1lDevice1/DSCH1.SchdAbsTm.val(148): 0.0
ied1lDevice1/DSCH1.SchdAbsTm.val(149): 0.0
ied1lDevice1/DSCH1.SchdAbsTm.val(150): 0.0
ied1lDevice1/DSCH1.SchdAbsTm.val(151): 0.0
ied1lDevice1/DSCH1.SchdAbsTm.val(152): 0.0
ied1lDevice1/DSCH1.SchdAbsTm.val(153): 0.0
ied1lDevice1/DSCH1.SchdAbsTm.val(154): 0.0
ied1lDevice1/DSCH1.SchdAbsTm.val(155): 0.0
ied1lDevice1/DSCH1.SchdAbsTm.val(156): 0.0
ied1lDevice1/DSCH1.SchdAbsTm.val(157): 0.0
ied1lDevice1/DSCH1.SchdAbsTm.val(158): 0.0
ied1lDevice1/DSCH1.SchdAbsTm.val(159): 0.0
ied1lDevice1/DSCH1.SchdAbsTm.val(160): 0.0
ied1lDevice1/DSCH1.SchdAbsTm.val(161): 0.0
ied1lDevice1/DSCH1.SchdAbsTm.val(162): 0.0
ied1lDevice1/DSCH1.SchdAbsTm.val(163): 0.0
ied1lDevice1/DSCH1.SchdAbsTm.val(164): 0.0
ied1lDevice1/DSCH1.SchdAbsTm.val(165): 0.0
ied1lDevice1/DSCH1.SchdAbsTm.val(166): 0.0
ied1lDevice1/DSCH1.SchdAbsTm.val(167): 0.0
ied1lDevice1/DSCH1.SchdAbsTm.val(168): 0.0
ied1lDevice1/DSCH1.SchdAbsTm.val(169): 0.0
ied1lDevice1/DSCH1.SchdAbsTm.val(170): 0.0
ied1lDevice1/DSCH1.SchdAbsTm.val(171): 0.0
ied1lDevice1/DSCH1.SchdAbsTm.val(172): 0.0
ied1lDevice1/DSCH1.SchdAbsTm.val(173): 0.0
ied1lDevice1/DSCH1.SchdAbsTm.val(174): 0.0
ied1lDevice1/DSCH1.SchdAbsTm.val(175): 0.0
ied1lDevice1/DSCH1.SchdAbsTm.val(176): 0.0
ied1lDevice1/DSCH1.SchdAbsTm.val(177): 0.0
ied1lDevice1/DSCH1.SchdAbsTm.val(178): 0.0
ied1lDevice1/DSCH1.SchdAbsTm.val(179): 0.0
ied1lDevice1/DSCH1.SchdAbsTm.val(180): 0.0
ied1lDevice1/DSCH1.SchdAbsTm.val(181): 0.0
ied1lDevice1/DSCH1.SchdAbsTm.val(182): 0.0
ied1lDevice1/DSCH1.SchdAbsTm.val(183): 0.0
ied1lDevice1/DSCH1.SchdAbsTm.val(184): 0.0
ied1lDevice1/DSCH1.SchdAbsTm.val(185): 0.0
ied1lDevice1/DSCH1.SchdAbsTm.val(186): 0.0
ied1lDevice1/DSCH1.SchdAbsTm.val(187): 0.0
ied1lDevice1/DSCH1.SchdAbsTm.val(188): 0.0
ied1lDevice1/DSCH1.SchdAbsTm.val(189): 0.0
ied1lDevice1/DSCH1.SchdAbsTm.val(190): 0.0
ied1lDevice1/DSCH1.SchdAbsTm.val(191): 0.0
ied1lDevice1/DSCH1.SchdAbsTm.val(192): 0.0
ied1lDevice1/DSCH1.SchdAbsTm.val(193): 0.0
ied1lDevice1/DSCH1.SchdAbsTm.val(194): 0.0
ied1lDevice1/DSCH1.SchdAbsTm.val(195): 0.0
ied1lDevice1/DSCH1.SchdAbsTm.val(196): 0.0
ied1lDevice1/DSCH1.SchdAbsTm.val(197): 0.0
ied1lDevice1/DSCH1.SchdAbsTm.val(198): 0.0
ied1lDevice1/DSCH1.SchdAbsTm.val(199): 0.0
ied1lDevice1/DSCH1.SchdAbsTm.val(200): 0.0
ied1lDevice1/DSCH1.SchdAbsTm.val(201): 0.0
ied1lDevice1/DSCH1.SchdAbsTm.val(202): 0.0
ied1lDevice1/DSCH1.SchdAbsTm.val(203): 0.0
ied1lDevice1/DSCH1.SchdAbsTm.val(204): 0.0
ied1lDevice1/DSCH1.SchdAbsTm.val(205): 0.0
ied1lDevice1/DSCH1.SchdAbsTm.val(206): 0.0
ied1lDevice1/DSCH1.SchdAbsTm.val(207): 0.0
ied1lDevice1/DSCH1.SchdAbsTm.val(208): 0.0
ied1lDevice1/DSCH1.SchdAbsTm.val(209): 0.0
ied1lDevice1/DSCH1.SchdAbsTm.val(210): 0.0
ied1lDevice1/DSCH1.SchdAbsTm.val(211): 0.0
ied1lDevice1/DSCH1.SchdAbsTm.val(212): 0.0
ied1lDevice1/DSCH1.SchdAbsTm.val(213): 0.0
ied1lDevice1/DSCH1.SchdAbsTm.val(214): 0.0
ied1lDevice1/DSCH1.SchdAbsTm.val(215): 0.0
ied1lDevice1/DSCH1.SchdAbsTm.val(216): 0.0
ied1lDevice1/DSCH1.SchdAbsTm.val(217): 0.0
ied1lDevice1/DSCH1.SchdAbsTm.val(218): 0.0
ied1lDevice1/DSCH1.SchdAbsTm.val(219): 0.0
ied1lDevice1/DSCH1.SchdAbsTm.val(220): 0.0
ied1lDevice1/DSCH1.SchdAbsTm.val(221): 0.0
ied1lDevice1/DSCH1.SchdAbsTm.val(222): 0.0
ied1lDevice1/DSCH1.SchdAbsTm.val(223): 0.0
ied1lDevice1/DSCH1.SchdAbsTm.val(224): 0.0
ied1lDevice1/DSCH1.SchdAbsTm.val(225): 0.0
ied1lDevice1/DSCH1.SchdAbsTm.val(226): 0.0
ied1lDevice1/DSCH1.SchdAbsTm.val(227): 0.0
ied1lDevice1/DSCH1.SchdAbsTm.val(228): 0.0
ied1lDevice1/DSCH1.SchdAbsTm.val(229): 0.0
ied1lDevice1/DSCH1.SchdAbsTm.val(230): 0.0
ied1lDevice1/DSCH1.SchdAbsTm.val(231): 0.0
ied1lDevice1/DSCH1.SchdAbsTm.val(232): 0.0
ied1lDevice1/DSCH1.SchdAbsTm.val(233): 0.0
ied1lDevice1/DSCH1.SchdAbsTm.val(234): 0.0
ied1lDevice1/DSCH1.SchdAbsTm.val(235): 0.0
ied1lDevice1/DSCH1.SchdAbsTm.val(236): 0.0
ied1lDevice1/DSCH1.SchdAbsTm.val(237): 0.0
ied1lDevice1/DSCH1.SchdAbsTm.val(238): 0.0
ied1lDevice1/DSCH1.SchdAbsTm.val(239): 0.0
ied1lDevice1/DSCH1.SchdAbsTm.val(240): 0.0
ied1lDevice1/DSCH1.SchdAbsTm.val(241): 0.0
ied1lDevice1/DSCH1.SchdAbsTm.val(242): 0.0
ied1lDevice1/DSCH1.SchdAbsTm.val(243): 0.0
ied1lDevice1/DSCH1.SchdAbsTm.val(244): 0.0
ied1lDevice1/DSCH1.SchdAbsTm.val(245): 0.0
ied1lDevice1/DSCH1.SchdAbsTm.val(246): 0.0
ied1lDevice1/DSCH1.SchdAbsTm.val(247): 0.0
ied1lDevice1/DSCH1.SchdAbsTm.val(248): 0.0
ied1lDevice1/DSCH1.SchdAbsTm.val(249): 0.0
ied1lDevice1/DSCH1.SchdAbsTm.val(250): 0.0
ied1lDevice1/DSCH1.SchdAbsTm.val(251): 0.0
ied1lDevice1/DSCH1.SchdAbsTm.val(252): 0.0
ied1lDevice1/DSCH1.SchdAbsTm.val(253): 0.0
ied1lDevice1/DSCH1.SchdAbsTm.val(254): 0.0
20:47:10.209 [openiec61850-osi-server-1-thread-1] DEBUG com.beanit.openiec61850.ServerAssociation - sub BDA is:ied1lDevice1/DSCH1.SchdAbsTm.val(0): 0.0
20:47:10.209 [openiec61850-osi-server-1-thread-1] DEBUG com.beanit.openiec61850.ServerAssociation - sub BDA is:ied1lDevice1/DSCH1.SchdAbsTm.val(1): 0.0
20:47:10.209 [openiec61850-osi-server-1-thread-1] DEBUG com.beanit.openiec61850.ServerAssociation - sub BDA is:ied1lDevice1/DSCH1.SchdAbsTm.val(2): 0.0
20:47:10.209 [openiec61850-osi-server-1-thread-1] DEBUG com.beanit.openiec61850.ServerAssociation - sub BDA is:ied1lDevice1/DSCH1.SchdAbsTm.val(3): 0.0
20:47:10.210 [openiec61850-osi-server-1-thread-1] DEBUG com.beanit.openiec61850.ServerAssociation - sub BDA is:ied1lDevice1/DSCH1.SchdAbsTm.val(4): 0.0
20:47:10.210 [openiec61850-osi-server-1-thread-1] DEBUG com.beanit.openiec61850.ServerAssociation - sub BDA is:ied1lDevice1/DSCH1.SchdAbsTm.val(5): 0.0
20:47:10.210 [openiec61850-osi-server-1-thread-1] DEBUG com.beanit.openiec61850.ServerAssociation - sub BDA is:ied1lDevice1/DSCH1.SchdAbsTm.val(6): 0.0
20:47:10.210 [openiec61850-osi-server-1-thread-1] DEBUG com.beanit.openiec61850.ServerAssociation - sub BDA is:ied1lDevice1/DSCH1.SchdAbsTm.val(7): 0.0
20:47:10.210 [openiec61850-osi-server-1-thread-1] DEBUG com.beanit.openiec61850.ServerAssociation - sub BDA is:ied1lDevice1/DSCH1.SchdAbsTm.val(8): 0.0
20:47:10.210 [openiec61850-osi-server-1-thread-1] DEBUG com.beanit.openiec61850.ServerAssociation - sub BDA is:ied1lDevice1/DSCH1.SchdAbsTm.val(9): 0.0
20:47:10.210 [openiec61850-osi-server-1-thread-1] DEBUG com.beanit.openiec61850.ServerAssociation - sub BDA is:ied1lDevice1/DSCH1.SchdAbsTm.val(10): 0.0
20:47:10.210 [openiec61850-osi-server-1-thread-1] DEBUG com.beanit.openiec61850.ServerAssociation - sub BDA is:ied1lDevice1/DSCH1.SchdAbsTm.val(11): 0.0
20:47:10.210 [openiec61850-osi-server-1-thread-1] DEBUG com.beanit.openiec61850.ServerAssociation - sub BDA is:ied1lDevice1/DSCH1.SchdAbsTm.val(12): 0.0
20:47:10.210 [openiec61850-osi-server-1-thread-1] DEBUG com.beanit.openiec61850.ServerAssociation - sub BDA is:ied1lDevice1/DSCH1.SchdAbsTm.val(13): 0.0
20:47:10.210 [openiec61850-osi-server-1-thread-1] DEBUG com.beanit.openiec61850.ServerAssociation - sub BDA is:ied1lDevice1/DSCH1.SchdAbsTm.val(14): 0.0
20:47:10.210 [openiec61850-osi-server-1-thread-1] DEBUG com.beanit.openiec61850.ServerAssociation - sub BDA is:ied1lDevice1/DSCH1.SchdAbsTm.val(15): 0.0
20:47:10.210 [openiec61850-osi-server-1-thread-1] DEBUG com.beanit.openiec61850.ServerAssociation - sub BDA is:ied1lDevice1/DSCH1.SchdAbsTm.val(16): 0.0
20:47:10.210 [openiec61850-osi-server-1-thread-1] DEBUG com.beanit.openiec61850.ServerAssociation - sub BDA is:ied1lDevice1/DSCH1.SchdAbsTm.val(17): 0.0
20:47:10.210 [openiec61850-osi-server-1-thread-1] DEBUG com.beanit.openiec61850.ServerAssociation - sub BDA is:ied1lDevice1/DSCH1.SchdAbsTm.val(18): 0.0
20:47:10.210 [openiec61850-osi-server-1-thread-1] DEBUG com.beanit.openiec61850.ServerAssociation - sub BDA is:ied1lDevice1/DSCH1.SchdAbsTm.val(19): 0.0
20:47:10.210 [openiec61850-osi-server-1-thread-1] DEBUG com.beanit.openiec61850.ServerAssociation - sub BDA is:ied1lDevice1/DSCH1.SchdAbsTm.val(20): 0.0
20:47:10.210 [openiec61850-osi-server-1-thread-1] DEBUG com.beanit.openiec61850.ServerAssociation - sub BDA is:ied1lDevice1/DSCH1.SchdAbsTm.val(21): 0.0
20:47:10.210 [openiec61850-osi-server-1-thread-1] DEBUG com.beanit.openiec61850.ServerAssociation - sub BDA is:ied1lDevice1/DSCH1.SchdAbsTm.val(22): 0.0
20:47:10.210 [openiec61850-osi-server-1-thread-1] DEBUG com.beanit.openiec61850.ServerAssociation - sub BDA is:ied1lDevice1/DSCH1.SchdAbsTm.val(23): 0.0
20:47:10.210 [openiec61850-osi-server-1-thread-1] DEBUG com.beanit.openiec61850.ServerAssociation - sub BDA is:ied1lDevice1/DSCH1.SchdAbsTm.val(24): 0.0
20:47:10.210 [openiec61850-osi-server-1-thread-1] DEBUG com.beanit.openiec61850.ServerAssociation - sub BDA is:ied1lDevice1/DSCH1.SchdAbsTm.val(25): 0.0
20:47:10.210 [openiec61850-osi-server-1-thread-1] DEBUG com.beanit.openiec61850.ServerAssociation - sub BDA is:ied1lDevice1/DSCH1.SchdAbsTm.val(26): 0.0
20:47:10.210 [openiec61850-osi-server-1-thread-1] DEBUG com.beanit.openiec61850.ServerAssociation - sub BDA is:ied1lDevice1/DSCH1.SchdAbsTm.val(27): 0.0
20:47:10.210 [openiec61850-osi-server-1-thread-1] DEBUG com.beanit.openiec61850.ServerAssociation - sub BDA is:ied1lDevice1/DSCH1.SchdAbsTm.val(28): 0.0
20:47:10.210 [openiec61850-osi-server-1-thread-1] DEBUG com.beanit.openiec61850.ServerAssociation - sub BDA is:ied1lDevice1/DSCH1.SchdAbsTm.val(29): 0.0
20:47:10.210 [openiec61850-osi-server-1-thread-1] DEBUG com.beanit.openiec61850.ServerAssociation - sub BDA is:ied1lDevice1/DSCH1.SchdAbsTm.val(30): 0.0
20:47:10.210 [openiec61850-osi-server-1-thread-1] DEBUG com.beanit.openiec61850.ServerAssociation - sub BDA is:ied1lDevice1/DSCH1.SchdAbsTm.val(31): 0.0
20:47:10.210 [openiec61850-osi-server-1-thread-1] DEBUG com.beanit.openiec61850.ServerAssociation - sub BDA is:ied1lDevice1/DSCH1.SchdAbsTm.val(32): 0.0
20:47:10.210 [openiec61850-osi-server-1-thread-1] DEBUG com.beanit.openiec61850.ServerAssociation - sub BDA is:ied1lDevice1/DSCH1.SchdAbsTm.val(33): 0.0
20:47:10.210 [openiec61850-osi-server-1-thread-1] DEBUG com.beanit.openiec61850.ServerAssociation - sub BDA is:ied1lDevice1/DSCH1.SchdAbsTm.val(34): 0.0
20:47:10.210 [openiec61850-osi-server-1-thread-1] DEBUG com.beanit.openiec61850.ServerAssociation - sub BDA is:ied1lDevice1/DSCH1.SchdAbsTm.val(35): 0.0
20:47:10.210 [openiec61850-osi-server-1-thread-1] DEBUG com.beanit.openiec61850.ServerAssociation - sub BDA is:ied1lDevice1/DSCH1.SchdAbsTm.val(36): 0.0
20:47:10.210 [openiec61850-osi-server-1-thread-1] DEBUG com.beanit.openiec61850.ServerAssociation - sub BDA is:ied1lDevice1/DSCH1.SchdAbsTm.val(37): 0.0
20:47:10.210 [openiec61850-osi-server-1-thread-1] DEBUG com.beanit.openiec61850.ServerAssociation - sub BDA is:ied1lDevice1/DSCH1.SchdAbsTm.val(38): 0.0
20:47:10.210 [openiec61850-osi-server-1-thread-1] DEBUG com.beanit.openiec61850.ServerAssociation - sub BDA is:ied1lDevice1/DSCH1.SchdAbsTm.val(39): 0.0
20:47:10.210 [openiec61850-osi-server-1-thread-1] DEBUG com.beanit.openiec61850.ServerAssociation - sub BDA is:ied1lDevice1/DSCH1.SchdAbsTm.val(40): 0.0
20:47:10.210 [openiec61850-osi-server-1-thread-1] DEBUG com.beanit.openiec61850.ServerAssociation - sub BDA is:ied1lDevice1/DSCH1.SchdAbsTm.val(41): 0.0
20:47:10.210 [openiec61850-osi-server-1-thread-1] DEBUG com.beanit.openiec61850.ServerAssociation - sub BDA is:ied1lDevice1/DSCH1.SchdAbsTm.val(42): 0.0
20:47:10.210 [openiec61850-osi-server-1-thread-1] DEBUG com.beanit.openiec61850.ServerAssociation - sub BDA is:ied1lDevice1/DSCH1.SchdAbsTm.val(43): 0.0
20:47:10.210 [openiec61850-osi-server-1-thread-1] DEBUG com.beanit.openiec61850.ServerAssociation - sub BDA is:ied1lDevice1/DSCH1.SchdAbsTm.val(44): 0.0
20:47:10.210 [openiec61850-osi-server-1-thread-1] DEBUG com.beanit.openiec61850.ServerAssociation - sub BDA is:ied1lDevice1/DSCH1.SchdAbsTm.val(45): 0.0
20:47:10.210 [openiec61850-osi-server-1-thread-1] DEBUG com.beanit.openiec61850.ServerAssociation - sub BDA is:ied1lDevice1/DSCH1.SchdAbsTm.val(46): 0.0
20:47:10.210 [openiec61850-osi-server-1-thread-1] DEBUG com.beanit.openiec61850.ServerAssociation - sub BDA is:ied1lDevice1/DSCH1.SchdAbsTm.val(47): 0.0
20:47:10.210 [openiec61850-osi-server-1-thread-1] DEBUG com.beanit.openiec61850.ServerAssociation - sub BDA is:ied1lDevice1/DSCH1.SchdAbsTm.val(48): 0.0
20:47:10.210 [openiec61850-osi-server-1-thread-1] DEBUG com.beanit.openiec61850.ServerAssociation - sub BDA is:ied1lDevice1/DSCH1.SchdAbsTm.val(49): 0.0
20:47:10.210 [openiec61850-osi-server-1-thread-1] DEBUG com.beanit.openiec61850.ServerAssociation - sub BDA is:ied1lDevice1/DSCH1.SchdAbsTm.val(50): 0.0
20:47:10.210 [openiec61850-osi-server-1-thread-1] DEBUG com.beanit.openiec61850.ServerAssociation - sub BDA is:ied1lDevice1/DSCH1.SchdAbsTm.val(51): 0.0
20:47:10.210 [openiec61850-osi-server-1-thread-1] DEBUG com.beanit.openiec61850.ServerAssociation - sub BDA is:ied1lDevice1/DSCH1.SchdAbsTm.val(52): 0.0
20:47:10.210 [openiec61850-osi-server-1-thread-1] DEBUG com.beanit.openiec61850.ServerAssociation - sub BDA is:ied1lDevice1/DSCH1.SchdAbsTm.val(53): 0.0
20:47:10.210 [openiec61850-osi-server-1-thread-1] DEBUG com.beanit.openiec61850.ServerAssociation - sub BDA is:ied1lDevice1/DSCH1.SchdAbsTm.val(54): 0.0
20:47:10.210 [openiec61850-osi-server-1-thread-1] DEBUG com.beanit.openiec61850.ServerAssociation - sub BDA is:ied1lDevice1/DSCH1.SchdAbsTm.val(55): 0.0
20:47:10.210 [openiec61850-osi-server-1-thread-1] DEBUG com.beanit.openiec61850.ServerAssociation - sub BDA is:ied1lDevice1/DSCH1.SchdAbsTm.val(56): 0.0
20:47:10.210 [openiec61850-osi-server-1-thread-1] DEBUG com.beanit.openiec61850.ServerAssociation - sub BDA is:ied1lDevice1/DSCH1.SchdAbsTm.val(57): 0.0
20:47:10.210 [openiec61850-osi-server-1-thread-1] DEBUG com.beanit.openiec61850.ServerAssociation - sub BDA is:ied1lDevice1/DSCH1.SchdAbsTm.val(58): 0.0
20:47:10.210 [openiec61850-osi-server-1-thread-1] DEBUG com.beanit.openiec61850.ServerAssociation - sub BDA is:ied1lDevice1/DSCH1.SchdAbsTm.val(59): 0.0
20:47:10.210 [openiec61850-osi-server-1-thread-1] DEBUG com.beanit.openiec61850.ServerAssociation - sub BDA is:ied1lDevice1/DSCH1.SchdAbsTm.val(60): 0.0
20:47:10.210 [openiec61850-osi-server-1-thread-1] DEBUG com.beanit.openiec61850.ServerAssociation - sub BDA is:ied1lDevice1/DSCH1.SchdAbsTm.val(61): 0.0
20:47:10.210 [openiec61850-osi-server-1-thread-1] DEBUG com.beanit.openiec61850.ServerAssociation - sub BDA is:ied1lDevice1/DSCH1.SchdAbsTm.val(62): 0.0
20:47:10.210 [openiec61850-osi-server-1-thread-1] DEBUG com.beanit.openiec61850.ServerAssociation - sub BDA is:ied1lDevice1/DSCH1.SchdAbsTm.val(63): 0.0
20:47:10.210 [openiec61850-osi-server-1-thread-1] DEBUG com.beanit.openiec61850.ServerAssociation - sub BDA is:ied1lDevice1/DSCH1.SchdAbsTm.val(64): 0.0
20:47:10.210 [openiec61850-osi-server-1-thread-1] DEBUG com.beanit.openiec61850.ServerAssociation - sub BDA is:ied1lDevice1/DSCH1.SchdAbsTm.val(65): 0.0
20:47:10.210 [openiec61850-osi-server-1-thread-1] DEBUG com.beanit.openiec61850.ServerAssociation - sub BDA is:ied1lDevice1/DSCH1.SchdAbsTm.val(66): 0.0
20:47:10.210 [openiec61850-osi-server-1-thread-1] DEBUG com.beanit.openiec61850.ServerAssociation - sub BDA is:ied1lDevice1/DSCH1.SchdAbsTm.val(67): 0.0
20:47:10.210 [openiec61850-osi-server-1-thread-1] DEBUG com.beanit.openiec61850.ServerAssociation - sub BDA is:ied1lDevice1/DSCH1.SchdAbsTm.val(68): 0.0
20:47:10.210 [openiec61850-osi-server-1-thread-1] DEBUG com.beanit.openiec61850.ServerAssociation - sub BDA is:ied1lDevice1/DSCH1.SchdAbsTm.val(69): 0.0
20:47:10.210 [openiec61850-osi-server-1-thread-1] DEBUG com.beanit.openiec61850.ServerAssociation - sub BDA is:ied1lDevice1/DSCH1.SchdAbsTm.val(70): 0.0
20:47:10.211 [openiec61850-osi-server-1-thread-1] DEBUG com.beanit.openiec61850.ServerAssociation - sub BDA is:ied1lDevice1/DSCH1.SchdAbsTm.val(71): 0.0
20:47:10.211 [openiec61850-osi-server-1-thread-1] DEBUG com.beanit.openiec61850.ServerAssociation - sub BDA is:ied1lDevice1/DSCH1.SchdAbsTm.val(72): 0.0
20:47:10.211 [openiec61850-osi-server-1-thread-1] DEBUG com.beanit.openiec61850.ServerAssociation - sub BDA is:ied1lDevice1/DSCH1.SchdAbsTm.val(73): 0.0
20:47:10.211 [openiec61850-osi-server-1-thread-1] DEBUG com.beanit.openiec61850.ServerAssociation - sub BDA is:ied1lDevice1/DSCH1.SchdAbsTm.val(74): 0.0
20:47:10.211 [openiec61850-osi-server-1-thread-1] DEBUG com.beanit.openiec61850.ServerAssociation - sub BDA is:ied1lDevice1/DSCH1.SchdAbsTm.val(75): 0.0
20:47:10.211 [openiec61850-osi-server-1-thread-1] DEBUG com.beanit.openiec61850.ServerAssociation - sub BDA is:ied1lDevice1/DSCH1.SchdAbsTm.val(76): 0.0
20:47:10.211 [openiec61850-osi-server-1-thread-1] DEBUG com.beanit.openiec61850.ServerAssociation - sub BDA is:ied1lDevice1/DSCH1.SchdAbsTm.val(77): 0.0
20:47:10.211 [openiec61850-osi-server-1-thread-1] DEBUG com.beanit.openiec61850.ServerAssociation - sub BDA is:ied1lDevice1/DSCH1.SchdAbsTm.val(78): 0.0
20:47:10.211 [openiec61850-osi-server-1-thread-1] DEBUG com.beanit.openiec61850.ServerAssociation - sub BDA is:ied1lDevice1/DSCH1.SchdAbsTm.val(79): 0.0
20:47:10.211 [openiec61850-osi-server-1-thread-1] DEBUG com.beanit.openiec61850.ServerAssociation - sub BDA is:ied1lDevice1/DSCH1.SchdAbsTm.val(80): 0.0
20:47:10.211 [openiec61850-osi-server-1-thread-1] DEBUG com.beanit.openiec61850.ServerAssociation - sub BDA is:ied1lDevice1/DSCH1.SchdAbsTm.val(81): 0.0
20:47:10.211 [openiec61850-osi-server-1-thread-1] DEBUG com.beanit.openiec61850.ServerAssociation - sub BDA is:ied1lDevice1/DSCH1.SchdAbsTm.val(82): 0.0
20:47:10.211 [openiec61850-osi-server-1-thread-1] DEBUG com.beanit.openiec61850.ServerAssociation - sub BDA is:ied1lDevice1/DSCH1.SchdAbsTm.val(83): 0.0
20:47:10.211 [openiec61850-osi-server-1-thread-1] DEBUG com.beanit.openiec61850.ServerAssociation - sub BDA is:ied1lDevice1/DSCH1.SchdAbsTm.val(84): 0.0
20:47:10.211 [openiec61850-osi-server-1-thread-1] DEBUG com.beanit.openiec61850.ServerAssociation - sub BDA is:ied1lDevice1/DSCH1.SchdAbsTm.val(85): 0.0
20:47:10.211 [openiec61850-osi-server-1-thread-1] DEBUG com.beanit.openiec61850.ServerAssociation - sub BDA is:ied1lDevice1/DSCH1.SchdAbsTm.val(86): 0.0
20:47:10.211 [openiec61850-osi-server-1-thread-1] DEBUG com.beanit.openiec61850.ServerAssociation - sub BDA is:ied1lDevice1/DSCH1.SchdAbsTm.val(87): 0.0
20:47:10.211 [openiec61850-osi-server-1-thread-1] DEBUG com.beanit.openiec61850.ServerAssociation - sub BDA is:ied1lDevice1/DSCH1.SchdAbsTm.val(88): 0.0
20:47:10.211 [openiec61850-osi-server-1-thread-1] DEBUG com.beanit.openiec61850.ServerAssociation - sub BDA is:ied1lDevice1/DSCH1.SchdAbsTm.val(89): 0.0
20:47:10.211 [openiec61850-osi-server-1-thread-1] DEBUG com.beanit.openiec61850.ServerAssociation - sub BDA is:ied1lDevice1/DSCH1.SchdAbsTm.val(90): 0.0
20:47:10.211 [openiec61850-osi-server-1-thread-1] DEBUG com.beanit.openiec61850.ServerAssociation - sub BDA is:ied1lDevice1/DSCH1.SchdAbsTm.val(91): 0.0
20:47:10.211 [openiec61850-osi-server-1-thread-1] DEBUG com.beanit.openiec61850.ServerAssociation - sub BDA is:ied1lDevice1/DSCH1.SchdAbsTm.val(92): 0.0
20:47:10.211 [openiec61850-osi-server-1-thread-1] DEBUG com.beanit.openiec61850.ServerAssociation - sub BDA is:ied1lDevice1/DSCH1.SchdAbsTm.val(93): 0.0
20:47:10.211 [openiec61850-osi-server-1-thread-1] DEBUG com.beanit.openiec61850.ServerAssociation - sub BDA is:ied1lDevice1/DSCH1.SchdAbsTm.val(94): 0.0
20:47:10.211 [openiec61850-osi-server-1-thread-1] DEBUG com.beanit.openiec61850.ServerAssociation - sub BDA is:ied1lDevice1/DSCH1.SchdAbsTm.val(95): 0.0
20:47:10.211 [openiec61850-osi-server-1-thread-1] DEBUG com.beanit.openiec61850.ServerAssociation - sub BDA is:ied1lDevice1/DSCH1.SchdAbsTm.val(96): 0.0
20:47:10.211 [openiec61850-osi-server-1-thread-1] DEBUG com.beanit.openiec61850.ServerAssociation - sub BDA is:ied1lDevice1/DSCH1.SchdAbsTm.val(97): 0.0
20:47:10.211 [openiec61850-osi-server-1-thread-1] DEBUG com.beanit.openiec61850.ServerAssociation - sub BDA is:ied1lDevice1/DSCH1.SchdAbsTm.val(98): 0.0
20:47:10.211 [openiec61850-osi-server-1-thread-1] DEBUG com.beanit.openiec61850.ServerAssociation - sub BDA is:ied1lDevice1/DSCH1.SchdAbsTm.val(99): 0.0
20:47:10.211 [openiec61850-osi-server-1-thread-1] DEBUG com.beanit.openiec61850.ServerAssociation - sub BDA is:ied1lDevice1/DSCH1.SchdAbsTm.val(100): 0.0
20:47:10.211 [openiec61850-osi-server-1-thread-1] DEBUG com.beanit.openiec61850.ServerAssociation - sub BDA is:ied1lDevice1/DSCH1.SchdAbsTm.val(101): 0.0
20:47:10.211 [openiec61850-osi-server-1-thread-1] DEBUG com.beanit.openiec61850.ServerAssociation - sub BDA is:ied1lDevice1/DSCH1.SchdAbsTm.val(102): 0.0
20:47:10.211 [openiec61850-osi-server-1-thread-1] DEBUG com.beanit.openiec61850.ServerAssociation - sub BDA is:ied1lDevice1/DSCH1.SchdAbsTm.val(103): 0.0
20:47:10.211 [openiec61850-osi-server-1-thread-1] DEBUG com.beanit.openiec61850.ServerAssociation - sub BDA is:ied1lDevice1/DSCH1.SchdAbsTm.val(104): 0.0
20:47:10.211 [openiec61850-osi-server-1-thread-1] DEBUG com.beanit.openiec61850.ServerAssociation - sub BDA is:ied1lDevice1/DSCH1.SchdAbsTm.val(105): 0.0
20:47:10.211 [openiec61850-osi-server-1-thread-1] DEBUG com.beanit.openiec61850.ServerAssociation - sub BDA is:ied1lDevice1/DSCH1.SchdAbsTm.val(106): 0.0
20:47:10.211 [openiec61850-osi-server-1-thread-1] DEBUG com.beanit.openiec61850.ServerAssociation - sub BDA is:ied1lDevice1/DSCH1.SchdAbsTm.val(107): 0.0
20:47:10.211 [openiec61850-osi-server-1-thread-1] DEBUG com.beanit.openiec61850.ServerAssociation - sub BDA is:ied1lDevice1/DSCH1.SchdAbsTm.val(108): 0.0
20:47:10.211 [openiec61850-osi-server-1-thread-1] DEBUG com.beanit.openiec61850.ServerAssociation - sub BDA is:ied1lDevice1/DSCH1.SchdAbsTm.val(109): 0.0
20:47:10.211 [openiec61850-osi-server-1-thread-1] DEBUG com.beanit.openiec61850.ServerAssociation - sub BDA is:ied1lDevice1/DSCH1.SchdAbsTm.val(110): 0.0
20:47:10.211 [openiec61850-osi-server-1-thread-1] DEBUG com.beanit.openiec61850.ServerAssociation - sub BDA is:ied1lDevice1/DSCH1.SchdAbsTm.val(111): 0.0
20:47:10.211 [openiec61850-osi-server-1-thread-1] DEBUG com.beanit.openiec61850.ServerAssociation - sub BDA is:ied1lDevice1/DSCH1.SchdAbsTm.val(112): 0.0
20:47:10.211 [openiec61850-osi-server-1-thread-1] DEBUG com.beanit.openiec61850.ServerAssociation - sub BDA is:ied1lDevice1/DSCH1.SchdAbsTm.val(113): 0.0
20:47:10.211 [openiec61850-osi-server-1-thread-1] DEBUG com.beanit.openiec61850.ServerAssociation - sub BDA is:ied1lDevice1/DSCH1.SchdAbsTm.val(114): 0.0
20:47:10.211 [openiec61850-osi-server-1-thread-1] DEBUG com.beanit.openiec61850.ServerAssociation - sub BDA is:ied1lDevice1/DSCH1.SchdAbsTm.val(115): 0.0
20:47:10.211 [openiec61850-osi-server-1-thread-1] DEBUG com.beanit.openiec61850.ServerAssociation - sub BDA is:ied1lDevice1/DSCH1.SchdAbsTm.val(116): 0.0
20:47:10.211 [openiec61850-osi-server-1-thread-1] DEBUG com.beanit.openiec61850.ServerAssociation - sub BDA is:ied1lDevice1/DSCH1.SchdAbsTm.val(117): 0.0
20:47:10.211 [openiec61850-osi-server-1-thread-1] DEBUG com.beanit.openiec61850.ServerAssociation - sub BDA is:ied1lDevice1/DSCH1.SchdAbsTm.val(118): 0.0
20:47:10.211 [openiec61850-osi-server-1-thread-1] DEBUG com.beanit.openiec61850.ServerAssociation - sub BDA is:ied1lDevice1/DSCH1.SchdAbsTm.val(119): 0.0
20:47:10.211 [openiec61850-osi-server-1-thread-1] DEBUG com.beanit.openiec61850.ServerAssociation - sub BDA is:ied1lDevice1/DSCH1.SchdAbsTm.val(120): 0.0
20:47:10.211 [openiec61850-osi-server-1-thread-1] DEBUG com.beanit.openiec61850.ServerAssociation - sub BDA is:ied1lDevice1/DSCH1.SchdAbsTm.val(121): 0.0
20:47:10.211 [openiec61850-osi-server-1-thread-1] DEBUG com.beanit.openiec61850.ServerAssociation - sub BDA is:ied1lDevice1/DSCH1.SchdAbsTm.val(122): 0.0
20:47:10.211 [openiec61850-osi-server-1-thread-1] DEBUG com.beanit.openiec61850.ServerAssociation - sub BDA is:ied1lDevice1/DSCH1.SchdAbsTm.val(123): 0.0
20:47:10.211 [openiec61850-osi-server-1-thread-1] DEBUG com.beanit.openiec61850.ServerAssociation - sub BDA is:ied1lDevice1/DSCH1.SchdAbsTm.val(124): 0.0
20:47:10.211 [openiec61850-osi-server-1-thread-1] DEBUG com.beanit.openiec61850.ServerAssociation - sub BDA is:ied1lDevice1/DSCH1.SchdAbsTm.val(125): 0.0
20:47:10.211 [openiec61850-osi-server-1-thread-1] DEBUG com.beanit.openiec61850.ServerAssociation - sub BDA is:ied1lDevice1/DSCH1.SchdAbsTm.val(126): 0.0
20:47:10.211 [openiec61850-osi-server-1-thread-1] DEBUG com.beanit.openiec61850.ServerAssociation - sub BDA is:ied1lDevice1/DSCH1.SchdAbsTm.val(127): 0.0
20:47:10.211 [openiec61850-osi-server-1-thread-1] DEBUG com.beanit.openiec61850.ServerAssociation - sub BDA is:ied1lDevice1/DSCH1.SchdAbsTm.val(128): 0.0
20:47:10.211 [openiec61850-osi-server-1-thread-1] DEBUG com.beanit.openiec61850.ServerAssociation - sub BDA is:ied1lDevice1/DSCH1.SchdAbsTm.val(129): 0.0
20:47:10.211 [openiec61850-osi-server-1-thread-1] DEBUG com.beanit.openiec61850.ServerAssociation - sub BDA is:ied1lDevice1/DSCH1.SchdAbsTm.val(130): 0.0
20:47:10.211 [openiec61850-osi-server-1-thread-1] DEBUG com.beanit.openiec61850.ServerAssociation - sub BDA is:ied1lDevice1/DSCH1.SchdAbsTm.val(131): 0.0
20:47:10.211 [openiec61850-osi-server-1-thread-1] DEBUG com.beanit.openiec61850.ServerAssociation - sub BDA is:ied1lDevice1/DSCH1.SchdAbsTm.val(132): 0.0
20:47:10.211 [openiec61850-osi-server-1-thread-1] DEBUG com.beanit.openiec61850.ServerAssociation - sub BDA is:ied1lDevice1/DSCH1.SchdAbsTm.val(133): 0.0
20:47:10.211 [openiec61850-osi-server-1-thread-1] DEBUG com.beanit.openiec61850.ServerAssociation - sub BDA is:ied1lDevice1/DSCH1.SchdAbsTm.val(134): 0.0
20:47:10.211 [openiec61850-osi-server-1-thread-1] DEBUG com.beanit.openiec61850.ServerAssociation - sub BDA is:ied1lDevice1/DSCH1.SchdAbsTm.val(135): 0.0
20:47:10.211 [openiec61850-osi-server-1-thread-1] DEBUG com.beanit.openiec61850.ServerAssociation - sub BDA is:ied1lDevice1/DSCH1.SchdAbsTm.val(136): 0.0
20:47:10.211 [openiec61850-osi-server-1-thread-1] DEBUG com.beanit.openiec61850.ServerAssociation - sub BDA is:ied1lDevice1/DSCH1.SchdAbsTm.val(137): 0.0
20:47:10.211 [openiec61850-osi-server-1-thread-1] DEBUG com.beanit.openiec61850.ServerAssociation - sub BDA is:ied1lDevice1/DSCH1.SchdAbsTm.val(138): 0.0
20:47:10.211 [openiec61850-osi-server-1-thread-1] DEBUG com.beanit.openiec61850.ServerAssociation - sub BDA is:ied1lDevice1/DSCH1.SchdAbsTm.val(139): 0.0
20:47:10.211 [openiec61850-osi-server-1-thread-1] DEBUG com.beanit.openiec61850.ServerAssociation - sub BDA is:ied1lDevice1/DSCH1.SchdAbsTm.val(140): 0.0
20:47:10.211 [openiec61850-osi-server-1-thread-1] DEBUG com.beanit.openiec61850.ServerAssociation - sub BDA is:ied1lDevice1/DSCH1.SchdAbsTm.val(141): 0.0
20:47:10.211 [openiec61850-osi-server-1-thread-1] DEBUG com.beanit.openiec61850.ServerAssociation - sub BDA is:ied1lDevice1/DSCH1.SchdAbsTm.val(142): 0.0
20:47:10.211 [openiec61850-osi-server-1-thread-1] DEBUG com.beanit.openiec61850.ServerAssociation - sub BDA is:ied1lDevice1/DSCH1.SchdAbsTm.val(143): 0.0
20:47:10.211 [openiec61850-osi-server-1-thread-1] DEBUG com.beanit.openiec61850.ServerAssociation - sub BDA is:ied1lDevice1/DSCH1.SchdAbsTm.val(144): 0.0
20:47:10.211 [openiec61850-osi-server-1-thread-1] DEBUG com.beanit.openiec61850.ServerAssociation - sub BDA is:ied1lDevice1/DSCH1.SchdAbsTm.val(145): 0.0
20:47:10.211 [openiec61850-osi-server-1-thread-1] DEBUG com.beanit.openiec61850.ServerAssociation - sub BDA is:ied1lDevice1/DSCH1.SchdAbsTm.val(146): 0.0
20:47:10.211 [openiec61850-osi-server-1-thread-1] DEBUG com.beanit.openiec61850.ServerAssociation - sub BDA is:ied1lDevice1/DSCH1.SchdAbsTm.val(147): 0.0
20:47:10.211 [openiec61850-osi-server-1-thread-1] DEBUG com.beanit.openiec61850.ServerAssociation - sub BDA is:ied1lDevice1/DSCH1.SchdAbsTm.val(148): 0.0
20:47:10.211 [openiec61850-osi-server-1-thread-1] DEBUG com.beanit.openiec61850.ServerAssociation - sub BDA is:ied1lDevice1/DSCH1.SchdAbsTm.val(149): 0.0
20:47:10.212 [openiec61850-osi-server-1-thread-1] DEBUG com.beanit.openiec61850.ServerAssociation - sub BDA is:ied1lDevice1/DSCH1.SchdAbsTm.val(150): 0.0
20:47:10.212 [openiec61850-osi-server-1-thread-1] DEBUG com.beanit.openiec61850.ServerAssociation - sub BDA is:ied1lDevice1/DSCH1.SchdAbsTm.val(151): 0.0
20:47:10.212 [openiec61850-osi-server-1-thread-1] DEBUG com.beanit.openiec61850.ServerAssociation - sub BDA is:ied1lDevice1/DSCH1.SchdAbsTm.val(152): 0.0
20:47:10.212 [openiec61850-osi-server-1-thread-1] DEBUG com.beanit.openiec61850.ServerAssociation - sub BDA is:ied1lDevice1/DSCH1.SchdAbsTm.val(153): 0.0
20:47:10.212 [openiec61850-osi-server-1-thread-1] DEBUG com.beanit.openiec61850.ServerAssociation - sub BDA is:ied1lDevice1/DSCH1.SchdAbsTm.val(154): 0.0
20:47:10.212 [openiec61850-osi-server-1-thread-1] DEBUG com.beanit.openiec61850.ServerAssociation - sub BDA is:ied1lDevice1/DSCH1.SchdAbsTm.val(155): 0.0
20:47:10.212 [openiec61850-osi-server-1-thread-1] DEBUG com.beanit.openiec61850.ServerAssociation - sub BDA is:ied1lDevice1/DSCH1.SchdAbsTm.val(156): 0.0
20:47:10.212 [openiec61850-osi-server-1-thread-1] DEBUG com.beanit.openiec61850.ServerAssociation - sub BDA is:ied1lDevice1/DSCH1.SchdAbsTm.val(157): 0.0
20:47:10.212 [openiec61850-osi-server-1-thread-1] DEBUG com.beanit.openiec61850.ServerAssociation - sub BDA is:ied1lDevice1/DSCH1.SchdAbsTm.val(158): 0.0
20:47:10.212 [openiec61850-osi-server-1-thread-1] DEBUG com.beanit.openiec61850.ServerAssociation - sub BDA is:ied1lDevice1/DSCH1.SchdAbsTm.val(159): 0.0
20:47:10.212 [openiec61850-osi-server-1-thread-1] DEBUG com.beanit.openiec61850.ServerAssociation - sub BDA is:ied1lDevice1/DSCH1.SchdAbsTm.val(160): 0.0
20:47:10.212 [openiec61850-osi-server-1-thread-1] DEBUG com.beanit.openiec61850.ServerAssociation - sub BDA is:ied1lDevice1/DSCH1.SchdAbsTm.val(161): 0.0
20:47:10.212 [openiec61850-osi-server-1-thread-1] DEBUG com.beanit.openiec61850.ServerAssociation - sub BDA is:ied1lDevice1/DSCH1.SchdAbsTm.val(162): 0.0
20:47:10.212 [openiec61850-osi-server-1-thread-1] DEBUG com.beanit.openiec61850.ServerAssociation - sub BDA is:ied1lDevice1/DSCH1.SchdAbsTm.val(163): 0.0
20:47:10.212 [openiec61850-osi-server-1-thread-1] DEBUG com.beanit.openiec61850.ServerAssociation - sub BDA is:ied1lDevice1/DSCH1.SchdAbsTm.val(164): 0.0
20:47:10.212 [openiec61850-osi-server-1-thread-1] DEBUG com.beanit.openiec61850.ServerAssociation - sub BDA is:ied1lDevice1/DSCH1.SchdAbsTm.val(165): 0.0
20:47:10.212 [openiec61850-osi-server-1-thread-1] DEBUG com.beanit.openiec61850.ServerAssociation - sub BDA is:ied1lDevice1/DSCH1.SchdAbsTm.val(166): 0.0
20:47:10.212 [openiec61850-osi-server-1-thread-1] DEBUG com.beanit.openiec61850.ServerAssociation - sub BDA is:ied1lDevice1/DSCH1.SchdAbsTm.val(167): 0.0
20:47:10.212 [openiec61850-osi-server-1-thread-1] DEBUG com.beanit.openiec61850.ServerAssociation - sub BDA is:ied1lDevice1/DSCH1.SchdAbsTm.val(168): 0.0
20:47:10.212 [openiec61850-osi-server-1-thread-1] DEBUG com.beanit.openiec61850.ServerAssociation - sub BDA is:ied1lDevice1/DSCH1.SchdAbsTm.val(169): 0.0
20:47:10.212 [openiec61850-osi-server-1-thread-1] DEBUG com.beanit.openiec61850.ServerAssociation - sub BDA is:ied1lDevice1/DSCH1.SchdAbsTm.val(170): 0.0
20:47:10.212 [openiec61850-osi-server-1-thread-1] DEBUG com.beanit.openiec61850.ServerAssociation - sub BDA is:ied1lDevice1/DSCH1.SchdAbsTm.val(171): 0.0
20:47:10.212 [openiec61850-osi-server-1-thread-1] DEBUG com.beanit.openiec61850.ServerAssociation - sub BDA is:ied1lDevice1/DSCH1.SchdAbsTm.val(172): 0.0
20:47:10.212 [openiec61850-osi-server-1-thread-1] DEBUG com.beanit.openiec61850.ServerAssociation - sub BDA is:ied1lDevice1/DSCH1.SchdAbsTm.val(173): 0.0
20:47:10.212 [openiec61850-osi-server-1-thread-1] DEBUG com.beanit.openiec61850.ServerAssociation - sub BDA is:ied1lDevice1/DSCH1.SchdAbsTm.val(174): 0.0
20:47:10.212 [openiec61850-osi-server-1-thread-1] DEBUG com.beanit.openiec61850.ServerAssociation - sub BDA is:ied1lDevice1/DSCH1.SchdAbsTm.val(175): 0.0
20:47:10.212 [openiec61850-osi-server-1-thread-1] DEBUG com.beanit.openiec61850.ServerAssociation - sub BDA is:ied1lDevice1/DSCH1.SchdAbsTm.val(176): 0.0
20:47:10.212 [openiec61850-osi-server-1-thread-1] DEBUG com.beanit.openiec61850.ServerAssociation - sub BDA is:ied1lDevice1/DSCH1.SchdAbsTm.val(177): 0.0
20:47:10.212 [openiec61850-osi-server-1-thread-1] DEBUG com.beanit.openiec61850.ServerAssociation - sub BDA is:ied1lDevice1/DSCH1.SchdAbsTm.val(178): 0.0
20:47:10.212 [openiec61850-osi-server-1-thread-1] DEBUG com.beanit.openiec61850.ServerAssociation - sub BDA is:ied1lDevice1/DSCH1.SchdAbsTm.val(179): 0.0
20:47:10.212 [openiec61850-osi-server-1-thread-1] DEBUG com.beanit.openiec61850.ServerAssociation - sub BDA is:ied1lDevice1/DSCH1.SchdAbsTm.val(180): 0.0
20:47:10.212 [openiec61850-osi-server-1-thread-1] DEBUG com.beanit.openiec61850.ServerAssociation - sub BDA is:ied1lDevice1/DSCH1.SchdAbsTm.val(181): 0.0
20:47:10.212 [openiec61850-osi-server-1-thread-1] DEBUG com.beanit.openiec61850.ServerAssociation - sub BDA is:ied1lDevice1/DSCH1.SchdAbsTm.val(182): 0.0
20:47:10.212 [openiec61850-osi-server-1-thread-1] DEBUG com.beanit.openiec61850.ServerAssociation - sub BDA is:ied1lDevice1/DSCH1.SchdAbsTm.val(183): 0.0
20:47:10.212 [openiec61850-osi-server-1-thread-1] DEBUG com.beanit.openiec61850.ServerAssociation - sub BDA is:ied1lDevice1/DSCH1.SchdAbsTm.val(184): 0.0
20:47:10.212 [openiec61850-osi-server-1-thread-1] DEBUG com.beanit.openiec61850.ServerAssociation - sub BDA is:ied1lDevice1/DSCH1.SchdAbsTm.val(185): 0.0
20:47:10.212 [openiec61850-osi-server-1-thread-1] DEBUG com.beanit.openiec61850.ServerAssociation - sub BDA is:ied1lDevice1/DSCH1.SchdAbsTm.val(186): 0.0
20:47:10.212 [openiec61850-osi-server-1-thread-1] DEBUG com.beanit.openiec61850.ServerAssociation - sub BDA is:ied1lDevice1/DSCH1.SchdAbsTm.val(187): 0.0
20:47:10.212 [openiec61850-osi-server-1-thread-1] DEBUG com.beanit.openiec61850.ServerAssociation - sub BDA is:ied1lDevice1/DSCH1.SchdAbsTm.val(188): 0.0
20:47:10.212 [openiec61850-osi-server-1-thread-1] DEBUG com.beanit.openiec61850.ServerAssociation - sub BDA is:ied1lDevice1/DSCH1.SchdAbsTm.val(189): 0.0
20:47:10.212 [openiec61850-osi-server-1-thread-1] DEBUG com.beanit.openiec61850.ServerAssociation - sub BDA is:ied1lDevice1/DSCH1.SchdAbsTm.val(190): 0.0
20:47:10.212 [openiec61850-osi-server-1-thread-1] DEBUG com.beanit.openiec61850.ServerAssociation - sub BDA is:ied1lDevice1/DSCH1.SchdAbsTm.val(191): 0.0
20:47:10.212 [openiec61850-osi-server-1-thread-1] DEBUG com.beanit.openiec61850.ServerAssociation - sub BDA is:ied1lDevice1/DSCH1.SchdAbsTm.val(192): 0.0
20:47:10.212 [openiec61850-osi-server-1-thread-1] DEBUG com.beanit.openiec61850.ServerAssociation - sub BDA is:ied1lDevice1/DSCH1.SchdAbsTm.val(193): 0.0
20:47:10.212 [openiec61850-osi-server-1-thread-1] DEBUG com.beanit.openiec61850.ServerAssociation - sub BDA is:ied1lDevice1/DSCH1.SchdAbsTm.val(194): 0.0
20:47:10.212 [openiec61850-osi-server-1-thread-1] DEBUG com.beanit.openiec61850.ServerAssociation - sub BDA is:ied1lDevice1/DSCH1.SchdAbsTm.val(195): 0.0
20:47:10.212 [openiec61850-osi-server-1-thread-1] DEBUG com.beanit.openiec61850.ServerAssociation - sub BDA is:ied1lDevice1/DSCH1.SchdAbsTm.val(196): 0.0
20:47:10.212 [openiec61850-osi-server-1-thread-1] DEBUG com.beanit.openiec61850.ServerAssociation - sub BDA is:ied1lDevice1/DSCH1.SchdAbsTm.val(197): 0.0
20:47:10.212 [openiec61850-osi-server-1-thread-1] DEBUG com.beanit.openiec61850.ServerAssociation - sub BDA is:ied1lDevice1/DSCH1.SchdAbsTm.val(198): 0.0
20:47:10.212 [openiec61850-osi-server-1-thread-1] DEBUG com.beanit.openiec61850.ServerAssociation - sub BDA is:ied1lDevice1/DSCH1.SchdAbsTm.val(199): 0.0
20:47:10.212 [openiec61850-osi-server-1-thread-1] DEBUG com.beanit.openiec61850.ServerAssociation - sub BDA is:ied1lDevice1/DSCH1.SchdAbsTm.val(200): 0.0
20:47:10.212 [openiec61850-osi-server-1-thread-1] DEBUG com.beanit.openiec61850.ServerAssociation - sub BDA is:ied1lDevice1/DSCH1.SchdAbsTm.val(201): 0.0
20:47:10.212 [openiec61850-osi-server-1-thread-1] DEBUG com.beanit.openiec61850.ServerAssociation - sub BDA is:ied1lDevice1/DSCH1.SchdAbsTm.val(202): 0.0
20:47:10.212 [openiec61850-osi-server-1-thread-1] DEBUG com.beanit.openiec61850.ServerAssociation - sub BDA is:ied1lDevice1/DSCH1.SchdAbsTm.val(203): 0.0
20:47:10.212 [openiec61850-osi-server-1-thread-1] DEBUG com.beanit.openiec61850.ServerAssociation - sub BDA is:ied1lDevice1/DSCH1.SchdAbsTm.val(204): 0.0
20:47:10.212 [openiec61850-osi-server-1-thread-1] DEBUG com.beanit.openiec61850.ServerAssociation - sub BDA is:ied1lDevice1/DSCH1.SchdAbsTm.val(205): 0.0
20:47:10.212 [openiec61850-osi-server-1-thread-1] DEBUG com.beanit.openiec61850.ServerAssociation - sub BDA is:ied1lDevice1/DSCH1.SchdAbsTm.val(206): 0.0
20:47:10.212 [openiec61850-osi-server-1-thread-1] DEBUG com.beanit.openiec61850.ServerAssociation - sub BDA is:ied1lDevice1/DSCH1.SchdAbsTm.val(207): 0.0
20:47:10.212 [openiec61850-osi-server-1-thread-1] DEBUG com.beanit.openiec61850.ServerAssociation - sub BDA is:ied1lDevice1/DSCH1.SchdAbsTm.val(208): 0.0
20:47:10.212 [openiec61850-osi-server-1-thread-1] DEBUG com.beanit.openiec61850.ServerAssociation - sub BDA is:ied1lDevice1/DSCH1.SchdAbsTm.val(209): 0.0
20:47:10.212 [openiec61850-osi-server-1-thread-1] DEBUG com.beanit.openiec61850.ServerAssociation - sub BDA is:ied1lDevice1/DSCH1.SchdAbsTm.val(210): 0.0
20:47:10.212 [openiec61850-osi-server-1-thread-1] DEBUG com.beanit.openiec61850.ServerAssociation - sub BDA is:ied1lDevice1/DSCH1.SchdAbsTm.val(211): 0.0
20:47:10.212 [openiec61850-osi-server-1-thread-1] DEBUG com.beanit.openiec61850.ServerAssociation - sub BDA is:ied1lDevice1/DSCH1.SchdAbsTm.val(212): 0.0
20:47:10.212 [openiec61850-osi-server-1-thread-1] DEBUG com.beanit.openiec61850.ServerAssociation - sub BDA is:ied1lDevice1/DSCH1.SchdAbsTm.val(213): 0.0
20:47:10.212 [openiec61850-osi-server-1-thread-1] DEBUG com.beanit.openiec61850.ServerAssociation - sub BDA is:ied1lDevice1/DSCH1.SchdAbsTm.val(214): 0.0
20:47:10.212 [openiec61850-osi-server-1-thread-1] DEBUG com.beanit.openiec61850.ServerAssociation - sub BDA is:ied1lDevice1/DSCH1.SchdAbsTm.val(215): 0.0
20:47:10.212 [openiec61850-osi-server-1-thread-1] DEBUG com.beanit.openiec61850.ServerAssociation - sub BDA is:ied1lDevice1/DSCH1.SchdAbsTm.val(216): 0.0
20:47:10.212 [openiec61850-osi-server-1-thread-1] DEBUG com.beanit.openiec61850.ServerAssociation - sub BDA is:ied1lDevice1/DSCH1.SchdAbsTm.val(217): 0.0
20:47:10.212 [openiec61850-osi-server-1-thread-1] DEBUG com.beanit.openiec61850.ServerAssociation - sub BDA is:ied1lDevice1/DSCH1.SchdAbsTm.val(218): 0.0
20:47:10.212 [openiec61850-osi-server-1-thread-1] DEBUG com.beanit.openiec61850.ServerAssociation - sub BDA is:ied1lDevice1/DSCH1.SchdAbsTm.val(219): 0.0
20:47:10.212 [openiec61850-osi-server-1-thread-1] DEBUG com.beanit.openiec61850.ServerAssociation - sub BDA is:ied1lDevice1/DSCH1.SchdAbsTm.val(220): 0.0
20:47:10.212 [openiec61850-osi-server-1-thread-1] DEBUG com.beanit.openiec61850.ServerAssociation - sub BDA is:ied1lDevice1/DSCH1.SchdAbsTm.val(221): 0.0
20:47:10.212 [openiec61850-osi-server-1-thread-1] DEBUG com.beanit.openiec61850.ServerAssociation - sub BDA is:ied1lDevice1/DSCH1.SchdAbsTm.val(222): 0.0
20:47:10.212 [openiec61850-osi-server-1-thread-1] DEBUG com.beanit.openiec61850.ServerAssociation - sub BDA is:ied1lDevice1/DSCH1.SchdAbsTm.val(223): 0.0
20:47:10.212 [openiec61850-osi-server-1-thread-1] DEBUG com.beanit.openiec61850.ServerAssociation - sub BDA is:ied1lDevice1/DSCH1.SchdAbsTm.val(224): 0.0
20:47:10.212 [openiec61850-osi-server-1-thread-1] DEBUG com.beanit.openiec61850.ServerAssociation - sub BDA is:ied1lDevice1/DSCH1.SchdAbsTm.val(225): 0.0
20:47:10.212 [openiec61850-osi-server-1-thread-1] DEBUG com.beanit.openiec61850.ServerAssociation - sub BDA is:ied1lDevice1/DSCH1.SchdAbsTm.val(226): 0.0
20:47:10.212 [openiec61850-osi-server-1-thread-1] DEBUG com.beanit.openiec61850.ServerAssociation - sub BDA is:ied1lDevice1/DSCH1.SchdAbsTm.val(227): 0.0
20:47:10.212 [openiec61850-osi-server-1-thread-1] DEBUG com.beanit.openiec61850.ServerAssociation - sub BDA is:ied1lDevice1/DSCH1.SchdAbsTm.val(228): 0.0
20:47:10.212 [openiec61850-osi-server-1-thread-1] DEBUG com.beanit.openiec61850.ServerAssociation - sub BDA is:ied1lDevice1/DSCH1.SchdAbsTm.val(229): 0.0
20:47:10.212 [openiec61850-osi-server-1-thread-1] DEBUG com.beanit.openiec61850.ServerAssociation - sub BDA is:ied1lDevice1/DSCH1.SchdAbsTm.val(230): 0.0
20:47:10.213 [openiec61850-osi-server-1-thread-1] DEBUG com.beanit.openiec61850.ServerAssociation - sub BDA is:ied1lDevice1/DSCH1.SchdAbsTm.val(231): 0.0
20:47:10.213 [openiec61850-osi-server-1-thread-1] DEBUG com.beanit.openiec61850.ServerAssociation - sub BDA is:ied1lDevice1/DSCH1.SchdAbsTm.val(232): 0.0
20:47:10.213 [openiec61850-osi-server-1-thread-1] DEBUG com.beanit.openiec61850.ServerAssociation - sub BDA is:ied1lDevice1/DSCH1.SchdAbsTm.val(233): 0.0
20:47:10.213 [openiec61850-osi-server-1-thread-1] DEBUG com.beanit.openiec61850.ServerAssociation - sub BDA is:ied1lDevice1/DSCH1.SchdAbsTm.val(234): 0.0
20:47:10.213 [openiec61850-osi-server-1-thread-1] DEBUG com.beanit.openiec61850.ServerAssociation - sub BDA is:ied1lDevice1/DSCH1.SchdAbsTm.val(235): 0.0
20:47:10.213 [openiec61850-osi-server-1-thread-1] DEBUG com.beanit.openiec61850.ServerAssociation - sub BDA is:ied1lDevice1/DSCH1.SchdAbsTm.val(236): 0.0
20:47:10.213 [openiec61850-osi-server-1-thread-1] DEBUG com.beanit.openiec61850.ServerAssociation - sub BDA is:ied1lDevice1/DSCH1.SchdAbsTm.val(237): 0.0
20:47:10.213 [openiec61850-osi-server-1-thread-1] DEBUG com.beanit.openiec61850.ServerAssociation - sub BDA is:ied1lDevice1/DSCH1.SchdAbsTm.val(238): 0.0
20:47:10.213 [openiec61850-osi-server-1-thread-1] DEBUG com.beanit.openiec61850.ServerAssociation - sub BDA is:ied1lDevice1/DSCH1.SchdAbsTm.val(239): 0.0
20:47:10.213 [openiec61850-osi-server-1-thread-1] DEBUG com.beanit.openiec61850.ServerAssociation - sub BDA is:ied1lDevice1/DSCH1.SchdAbsTm.val(240): 0.0
20:47:10.213 [openiec61850-osi-server-1-thread-1] DEBUG com.beanit.openiec61850.ServerAssociation - sub BDA is:ied1lDevice1/DSCH1.SchdAbsTm.val(241): 0.0
20:47:10.213 [openiec61850-osi-server-1-thread-1] DEBUG com.beanit.openiec61850.ServerAssociation - sub BDA is:ied1lDevice1/DSCH1.SchdAbsTm.val(242): 0.0
20:47:10.213 [openiec61850-osi-server-1-thread-1] DEBUG com.beanit.openiec61850.ServerAssociation - sub BDA is:ied1lDevice1/DSCH1.SchdAbsTm.val(243): 0.0
20:47:10.213 [openiec61850-osi-server-1-thread-1] DEBUG com.beanit.openiec61850.ServerAssociation - sub BDA is:ied1lDevice1/DSCH1.SchdAbsTm.val(244): 0.0
20:47:10.213 [openiec61850-osi-server-1-thread-1] DEBUG com.beanit.openiec61850.ServerAssociation - sub BDA is:ied1lDevice1/DSCH1.SchdAbsTm.val(245): 0.0
20:47:10.213 [openiec61850-osi-server-1-thread-1] DEBUG com.beanit.openiec61850.ServerAssociation - sub BDA is:ied1lDevice1/DSCH1.SchdAbsTm.val(246): 0.0
20:47:10.213 [openiec61850-osi-server-1-thread-1] DEBUG com.beanit.openiec61850.ServerAssociation - sub BDA is:ied1lDevice1/DSCH1.SchdAbsTm.val(247): 0.0
20:47:10.213 [openiec61850-osi-server-1-thread-1] DEBUG com.beanit.openiec61850.ServerAssociation - sub BDA is:ied1lDevice1/DSCH1.SchdAbsTm.val(248): 0.0
20:47:10.213 [openiec61850-osi-server-1-thread-1] DEBUG com.beanit.openiec61850.ServerAssociation - sub BDA is:ied1lDevice1/DSCH1.SchdAbsTm.val(249): 0.0
20:47:10.213 [openiec61850-osi-server-1-thread-1] DEBUG com.beanit.openiec61850.ServerAssociation - sub BDA is:ied1lDevice1/DSCH1.SchdAbsTm.val(250): 0.0
20:47:10.213 [openiec61850-osi-server-1-thread-1] DEBUG com.beanit.openiec61850.ServerAssociation - sub BDA is:ied1lDevice1/DSCH1.SchdAbsTm.val(251): 0.0
20:47:10.213 [openiec61850-osi-server-1-thread-1] DEBUG com.beanit.openiec61850.ServerAssociation - sub BDA is:ied1lDevice1/DSCH1.SchdAbsTm.val(252): 0.0
20:47:10.213 [openiec61850-osi-server-1-thread-1] DEBUG com.beanit.openiec61850.ServerAssociation - sub BDA is:ied1lDevice1/DSCH1.SchdAbsTm.val(253): 0.0
20:47:10.213 [openiec61850-osi-server-1-thread-1] DEBUG com.beanit.openiec61850.ServerAssociation - sub BDA is:ied1lDevice1/DSCH1.SchdAbsTm.val(254): 0.0
calling GetDataValues(ied1lDevice1/DSCH1.SchdAbsTm.val(0))
20:47:10.216 [openiec61850-osi-server-1-thread-1] DEBUG com.beanit.openiec61850.ServerAssociation - Got a GetDataValues request for node: ied1lDevice1/DSCH1.SchdAbsTm.val(0): 0.0
calling GetDataValues(ied1lDevice1/DSCH1.SchdAbsTm.val(1))
20:47:10.217 [openiec61850-osi-server-1-thread-1] DEBUG com.beanit.openiec61850.ServerAssociation - Got a GetDataValues request for node: ied1lDevice1/DSCH1.SchdAbsTm.val(1): 0.0
calling GetDataValues(ied1lDevice1/DSCH1.SchdAbsTm.val(2))
20:47:10.217 [openiec61850-osi-server-1-thread-1] DEBUG com.beanit.openiec61850.ServerAssociation - Got a GetDataValues request for node: ied1lDevice1/DSCH1.SchdAbsTm.val(2): 0.0
calling GetDataValues(ied1lDevice1/DSCH1.SchdAbsTm.val(3))
20:47:10.217 [openiec61850-osi-server-1-thread-1] DEBUG com.beanit.openiec61850.ServerAssociation - Got a GetDataValues request for node: ied1lDevice1/DSCH1.SchdAbsTm.val(3): 0.0
calling GetDataValues(ied1lDevice1/DSCH1.SchdAbsTm.val(4))
20:47:10.218 [openiec61850-osi-server-1-thread-1] DEBUG com.beanit.openiec61850.ServerAssociation - Got a GetDataValues request for node: ied1lDevice1/DSCH1.SchdAbsTm.val(4): 0.0
calling GetDataValues(ied1lDevice1/DSCH1.SchdAbsTm.val(5))
20:47:10.218 [openiec61850-osi-server-1-thread-1] DEBUG com.beanit.openiec61850.ServerAssociation - Got a GetDataValues request for node: ied1lDevice1/DSCH1.SchdAbsTm.val(5): 0.0
calling GetDataValues(ied1lDevice1/DSCH1.SchdAbsTm.val(6))
20:47:10.218 [openiec61850-osi-server-1-thread-1] DEBUG com.beanit.openiec61850.ServerAssociation - Got a GetDataValues request for node: ied1lDevice1/DSCH1.SchdAbsTm.val(6): 0.0
calling GetDataValues(ied1lDevice1/DSCH1.SchdAbsTm.val(7))
20:47:10.218 [openiec61850-osi-server-1-thread-1] DEBUG com.beanit.openiec61850.ServerAssociation - Got a GetDataValues request for node: ied1lDevice1/DSCH1.SchdAbsTm.val(7): 0.0
calling GetDataValues(ied1lDevice1/DSCH1.SchdAbsTm.val(8))
20:47:10.219 [openiec61850-osi-server-1-thread-1] DEBUG com.beanit.openiec61850.ServerAssociation - Got a GetDataValues request for node: ied1lDevice1/DSCH1.SchdAbsTm.val(8): 0.0
calling GetDataValues(ied1lDevice1/DSCH1.SchdAbsTm.val(9))
20:47:10.219 [openiec61850-osi-server-1-thread-1] DEBUG com.beanit.openiec61850.ServerAssociation - Got a GetDataValues request for node: ied1lDevice1/DSCH1.SchdAbsTm.val(9): 0.0
calling GetDataValues(ied1lDevice1/DSCH1.SchdAbsTm.val(10))
20:47:10.219 [openiec61850-osi-server-1-thread-1] DEBUG com.beanit.openiec61850.ServerAssociation - Got a GetDataValues request for node: ied1lDevice1/DSCH1.SchdAbsTm.val(10): 0.0
calling GetDataValues(ied1lDevice1/DSCH1.SchdAbsTm.val(11))
20:47:10.220 [openiec61850-osi-server-1-thread-1] DEBUG com.beanit.openiec61850.ServerAssociation - Got a GetDataValues request for node: ied1lDevice1/DSCH1.SchdAbsTm.val(11): 0.0
calling GetDataValues(ied1lDevice1/DSCH1.SchdAbsTm.val(12))
20:47:10.220 [openiec61850-osi-server-1-thread-1] DEBUG com.beanit.openiec61850.ServerAssociation - Got a GetDataValues request for node: ied1lDevice1/DSCH1.SchdAbsTm.val(12): 0.0
calling GetDataValues(ied1lDevice1/DSCH1.SchdAbsTm.val(13))
20:47:10.220 [openiec61850-osi-server-1-thread-1] DEBUG com.beanit.openiec61850.ServerAssociation - Got a GetDataValues request for node: ied1lDevice1/DSCH1.SchdAbsTm.val(13): 0.0
calling GetDataValues(ied1lDevice1/DSCH1.SchdAbsTm.val(14))
20:47:10.220 [openiec61850-osi-server-1-thread-1] DEBUG com.beanit.openiec61850.ServerAssociation - Got a GetDataValues request for node: ied1lDevice1/DSCH1.SchdAbsTm.val(14): 0.0
calling GetDataValues(ied1lDevice1/DSCH1.SchdAbsTm.val(15))
20:47:10.221 [openiec61850-osi-server-1-thread-1] DEBUG com.beanit.openiec61850.ServerAssociation - Got a GetDataValues request for node: ied1lDevice1/DSCH1.SchdAbsTm.val(15): 0.0
calling GetDataValues(ied1lDevice1/DSCH1.SchdAbsTm.val(16))
20:47:10.221 [openiec61850-osi-server-1-thread-1] DEBUG com.beanit.openiec61850.ServerAssociation - Got a GetDataValues request for node: ied1lDevice1/DSCH1.SchdAbsTm.val(16): 0.0
calling GetDataValues(ied1lDevice1/DSCH1.SchdAbsTm.val(17))
20:47:10.221 [openiec61850-osi-server-1-thread-1] DEBUG com.beanit.openiec61850.ServerAssociation - Got a GetDataValues request for node: ied1lDevice1/DSCH1.SchdAbsTm.val(17): 0.0
calling GetDataValues(ied1lDevice1/DSCH1.SchdAbsTm.val(18))
20:47:10.221 [openiec61850-osi-server-1-thread-1] DEBUG com.beanit.openiec61850.ServerAssociation - Got a GetDataValues request for node: ied1lDevice1/DSCH1.SchdAbsTm.val(18): 0.0
calling GetDataValues(ied1lDevice1/DSCH1.SchdAbsTm.val(19))
20:47:10.222 [openiec61850-osi-server-1-thread-1] DEBUG com.beanit.openiec61850.ServerAssociation - Got a GetDataValues request for node: ied1lDevice1/DSCH1.SchdAbsTm.val(19): 0.0
calling GetDataValues(ied1lDevice1/DSCH1.SchdAbsTm.val(20))
20:47:10.222 [openiec61850-osi-server-1-thread-1] DEBUG com.beanit.openiec61850.ServerAssociation - Got a GetDataValues request for node: ied1lDevice1/DSCH1.SchdAbsTm.val(20): 0.0
calling GetDataValues(ied1lDevice1/DSCH1.SchdAbsTm.val(21))
20:47:10.222 [openiec61850-osi-server-1-thread-1] DEBUG com.beanit.openiec61850.ServerAssociation - Got a GetDataValues request for node: ied1lDevice1/DSCH1.SchdAbsTm.val(21): 0.0
calling GetDataValues(ied1lDevice1/DSCH1.SchdAbsTm.val(22))
20:47:10.223 [openiec61850-osi-server-1-thread-1] DEBUG com.beanit.openiec61850.ServerAssociation - Got a GetDataValues request for node: ied1lDevice1/DSCH1.SchdAbsTm.val(22): 0.0
calling GetDataValues(ied1lDevice1/DSCH1.SchdAbsTm.val(23))
20:47:10.223 [openiec61850-osi-server-1-thread-1] DEBUG com.beanit.openiec61850.ServerAssociation - Got a GetDataValues request for node: ied1lDevice1/DSCH1.SchdAbsTm.val(23): 0.0
calling GetDataValues(ied1lDevice1/DSCH1.SchdAbsTm.val(24))
20:47:10.223 [openiec61850-osi-server-1-thread-1] DEBUG com.beanit.openiec61850.ServerAssociation - Got a GetDataValues request for node: ied1lDevice1/DSCH1.SchdAbsTm.val(24): 0.0
calling GetDataValues(ied1lDevice1/DSCH1.SchdAbsTm.val(25))
20:47:10.224 [openiec61850-osi-server-1-thread-1] DEBUG com.beanit.openiec61850.ServerAssociation - Got a GetDataValues request for node: ied1lDevice1/DSCH1.SchdAbsTm.val(25): 0.0
calling GetDataValues(ied1lDevice1/DSCH1.SchdAbsTm.val(26))
20:47:10.224 [openiec61850-osi-server-1-thread-1] DEBUG com.beanit.openiec61850.ServerAssociation - Got a GetDataValues request for node: ied1lDevice1/DSCH1.SchdAbsTm.val(26): 0.0
calling GetDataValues(ied1lDevice1/DSCH1.SchdAbsTm.val(27))
20:47:10.224 [openiec61850-osi-server-1-thread-1] DEBUG com.beanit.openiec61850.ServerAssociation - Got a GetDataValues request for node: ied1lDevice1/DSCH1.SchdAbsTm.val(27): 0.0
calling GetDataValues(ied1lDevice1/DSCH1.SchdAbsTm.val(28))
20:47:10.224 [openiec61850-osi-server-1-thread-1] DEBUG com.beanit.openiec61850.ServerAssociation - Got a GetDataValues request for node: ied1lDevice1/DSCH1.SchdAbsTm.val(28): 0.0
calling GetDataValues(ied1lDevice1/DSCH1.SchdAbsTm.val(29))
20:47:10.225 [openiec61850-osi-server-1-thread-1] DEBUG com.beanit.openiec61850.ServerAssociation - Got a GetDataValues request for node: ied1lDevice1/DSCH1.SchdAbsTm.val(29): 0.0
calling GetDataValues(ied1lDevice1/DSCH1.SchdAbsTm.val(30))
20:47:10.225 [openiec61850-osi-server-1-thread-1] DEBUG com.beanit.openiec61850.ServerAssociation - Got a GetDataValues request for node: ied1lDevice1/DSCH1.SchdAbsTm.val(30): 0.0
calling GetDataValues(ied1lDevice1/DSCH1.SchdAbsTm.val(31))
20:47:10.225 [openiec61850-osi-server-1-thread-1] DEBUG com.beanit.openiec61850.ServerAssociation - Got a GetDataValues request for node: ied1lDevice1/DSCH1.SchdAbsTm.val(31): 0.0
calling GetDataValues(ied1lDevice1/DSCH1.SchdAbsTm.val(32))
20:47:10.226 [openiec61850-osi-server-1-thread-1] DEBUG com.beanit.openiec61850.ServerAssociation - Got a GetDataValues request for node: ied1lDevice1/DSCH1.SchdAbsTm.val(32): 0.0
calling GetDataValues(ied1lDevice1/DSCH1.SchdAbsTm.val(33))
20:47:10.226 [openiec61850-osi-server-1-thread-1] DEBUG com.beanit.openiec61850.ServerAssociation - Got a GetDataValues request for node: ied1lDevice1/DSCH1.SchdAbsTm.val(33): 0.0
calling GetDataValues(ied1lDevice1/DSCH1.SchdAbsTm.val(34))
20:47:10.226 [openiec61850-osi-server-1-thread-1] DEBUG com.beanit.openiec61850.ServerAssociation - Got a GetDataValues request for node: ied1lDevice1/DSCH1.SchdAbsTm.val(34): 0.0
calling GetDataValues(ied1lDevice1/DSCH1.SchdAbsTm.val(35))
20:47:10.226 [openiec61850-osi-server-1-thread-1] DEBUG com.beanit.openiec61850.ServerAssociation - Got a GetDataValues request for node: ied1lDevice1/DSCH1.SchdAbsTm.val(35): 0.0
calling GetDataValues(ied1lDevice1/DSCH1.SchdAbsTm.val(36))
20:47:10.227 [openiec61850-osi-server-1-thread-1] DEBUG com.beanit.openiec61850.ServerAssociation - Got a GetDataValues request for node: ied1lDevice1/DSCH1.SchdAbsTm.val(36): 0.0
calling GetDataValues(ied1lDevice1/DSCH1.SchdAbsTm.val(37))
20:47:10.227 [openiec61850-osi-server-1-thread-1] DEBUG com.beanit.openiec61850.ServerAssociation - Got a GetDataValues request for node: ied1lDevice1/DSCH1.SchdAbsTm.val(37): 0.0
calling GetDataValues(ied1lDevice1/DSCH1.SchdAbsTm.val(38))
20:47:10.227 [openiec61850-osi-server-1-thread-1] DEBUG com.beanit.openiec61850.ServerAssociation - Got a GetDataValues request for node: ied1lDevice1/DSCH1.SchdAbsTm.val(38): 0.0
calling GetDataValues(ied1lDevice1/DSCH1.SchdAbsTm.val(39))
20:47:10.227 [openiec61850-osi-server-1-thread-1] DEBUG com.beanit.openiec61850.ServerAssociation - Got a GetDataValues request for node: ied1lDevice1/DSCH1.SchdAbsTm.val(39): 0.0
calling GetDataValues(ied1lDevice1/DSCH1.SchdAbsTm.val(40))
20:47:10.228 [openiec61850-osi-server-1-thread-1] DEBUG com.beanit.openiec61850.ServerAssociation - Got a GetDataValues request for node: ied1lDevice1/DSCH1.SchdAbsTm.val(40): 0.0
calling GetDataValues(ied1lDevice1/DSCH1.SchdAbsTm.val(41))
20:47:10.228 [openiec61850-osi-server-1-thread-1] DEBUG com.beanit.openiec61850.ServerAssociation - Got a GetDataValues request for node: ied1lDevice1/DSCH1.SchdAbsTm.val(41): 0.0
calling GetDataValues(ied1lDevice1/DSCH1.SchdAbsTm.val(42))
20:47:10.228 [openiec61850-osi-server-1-thread-1] DEBUG com.beanit.openiec61850.ServerAssociation - Got a GetDataValues request for node: ied1lDevice1/DSCH1.SchdAbsTm.val(42): 0.0
calling GetDataValues(ied1lDevice1/DSCH1.SchdAbsTm.val(43))
20:47:10.228 [openiec61850-osi-server-1-thread-1] DEBUG com.beanit.openiec61850.ServerAssociation - Got a GetDataValues request for node: ied1lDevice1/DSCH1.SchdAbsTm.val(43): 0.0
calling GetDataValues(ied1lDevice1/DSCH1.SchdAbsTm.val(44))
20:47:10.229 [openiec61850-osi-server-1-thread-1] DEBUG com.beanit.openiec61850.ServerAssociation - Got a GetDataValues request for node: ied1lDevice1/DSCH1.SchdAbsTm.val(44): 0.0
calling GetDataValues(ied1lDevice1/DSCH1.SchdAbsTm.val(45))
20:47:10.229 [openiec61850-osi-server-1-thread-1] DEBUG com.beanit.openiec61850.ServerAssociation - Got a GetDataValues request for node: ied1lDevice1/DSCH1.SchdAbsTm.val(45): 0.0
calling GetDataValues(ied1lDevice1/DSCH1.SchdAbsTm.val(46))
20:47:10.229 [openiec61850-osi-server-1-thread-1] DEBUG com.beanit.openiec61850.ServerAssociation - Got a GetDataValues request for node: ied1lDevice1/DSCH1.SchdAbsTm.val(46): 0.0
calling GetDataValues(ied1lDevice1/DSCH1.SchdAbsTm.val(47))
20:47:10.229 [openiec61850-osi-server-1-thread-1] DEBUG com.beanit.openiec61850.ServerAssociation - Got a GetDataValues request for node: ied1lDevice1/DSCH1.SchdAbsTm.val(47): 0.0
calling GetDataValues(ied1lDevice1/DSCH1.SchdAbsTm.val(48))
20:47:10.230 [openiec61850-osi-server-1-thread-1] DEBUG com.beanit.openiec61850.ServerAssociation - Got a GetDataValues request for node: ied1lDevice1/DSCH1.SchdAbsTm.val(48): 0.0
calling GetDataValues(ied1lDevice1/DSCH1.SchdAbsTm.val(49))
20:47:10.230 [openiec61850-osi-server-1-thread-1] DEBUG com.beanit.openiec61850.ServerAssociation - Got a GetDataValues request for node: ied1lDevice1/DSCH1.SchdAbsTm.val(49): 0.0
calling GetDataValues(ied1lDevice1/DSCH1.SchdAbsTm.val(50))
20:47:10.230 [openiec61850-osi-server-1-thread-1] DEBUG com.beanit.openiec61850.ServerAssociation - Got a GetDataValues request for node: ied1lDevice1/DSCH1.SchdAbsTm.val(50): 0.0
calling GetDataValues(ied1lDevice1/DSCH1.SchdAbsTm.val(51))
20:47:10.230 [openiec61850-osi-server-1-thread-1] DEBUG com.beanit.openiec61850.ServerAssociation - Got a GetDataValues request for node: ied1lDevice1/DSCH1.SchdAbsTm.val(51): 0.0
calling GetDataValues(ied1lDevice1/DSCH1.SchdAbsTm.val(52))
20:47:10.231 [openiec61850-osi-server-1-thread-1] DEBUG com.beanit.openiec61850.ServerAssociation - Got a GetDataValues request for node: ied1lDevice1/DSCH1.SchdAbsTm.val(52): 0.0
calling GetDataValues(ied1lDevice1/DSCH1.SchdAbsTm.val(53))
20:47:10.231 [openiec61850-osi-server-1-thread-1] DEBUG com.beanit.openiec61850.ServerAssociation - Got a GetDataValues request for node: ied1lDevice1/DSCH1.SchdAbsTm.val(53): 0.0
calling GetDataValues(ied1lDevice1/DSCH1.SchdAbsTm.val(54))
20:47:10.231 [openiec61850-osi-server-1-thread-1] DEBUG com.beanit.openiec61850.ServerAssociation - Got a GetDataValues request for node: ied1lDevice1/DSCH1.SchdAbsTm.val(54): 0.0
calling GetDataValues(ied1lDevice1/DSCH1.SchdAbsTm.val(55))
20:47:10.231 [openiec61850-osi-server-1-thread-1] DEBUG com.beanit.openiec61850.ServerAssociation - Got a GetDataValues request for node: ied1lDevice1/DSCH1.SchdAbsTm.val(55): 0.0
calling GetDataValues(ied1lDevice1/DSCH1.SchdAbsTm.val(56))
20:47:10.232 [openiec61850-osi-server-1-thread-1] DEBUG com.beanit.openiec61850.ServerAssociation - Got a GetDataValues request for node: ied1lDevice1/DSCH1.SchdAbsTm.val(56): 0.0
calling GetDataValues(ied1lDevice1/DSCH1.SchdAbsTm.val(57))
20:47:10.232 [openiec61850-osi-server-1-thread-1] DEBUG com.beanit.openiec61850.ServerAssociation - Got a GetDataValues request for node: ied1lDevice1/DSCH1.SchdAbsTm.val(57): 0.0
calling GetDataValues(ied1lDevice1/DSCH1.SchdAbsTm.val(58))
20:47:10.233 [openiec61850-osi-server-1-thread-1] DEBUG com.beanit.openiec61850.ServerAssociation - Got a GetDataValues request for node: ied1lDevice1/DSCH1.SchdAbsTm.val(58): 0.0
calling GetDataValues(ied1lDevice1/DSCH1.SchdAbsTm.val(59))
20:47:10.233 [openiec61850-osi-server-1-thread-1] DEBUG com.beanit.openiec61850.ServerAssociation - Got a GetDataValues request for node: ied1lDevice1/DSCH1.SchdAbsTm.val(59): 0.0
calling GetDataValues(ied1lDevice1/DSCH1.SchdAbsTm.val(60))
20:47:10.234 [openiec61850-osi-server-1-thread-1] DEBUG com.beanit.openiec61850.ServerAssociation - Got a GetDataValues request for node: ied1lDevice1/DSCH1.SchdAbsTm.val(60): 0.0
calling GetDataValues(ied1lDevice1/DSCH1.SchdAbsTm.val(61))
20:47:10.234 [openiec61850-osi-server-1-thread-1] DEBUG com.beanit.openiec61850.ServerAssociation - Got a GetDataValues request for node: ied1lDevice1/DSCH1.SchdAbsTm.val(61): 0.0
calling GetDataValues(ied1lDevice1/DSCH1.SchdAbsTm.val(62))
20:47:10.234 [openiec61850-osi-server-1-thread-1] DEBUG com.beanit.openiec61850.ServerAssociation - Got a GetDataValues request for node: ied1lDevice1/DSCH1.SchdAbsTm.val(62): 0.0
calling GetDataValues(ied1lDevice1/DSCH1.SchdAbsTm.val(63))
20:47:10.234 [openiec61850-osi-server-1-thread-1] DEBUG com.beanit.openiec61850.ServerAssociation - Got a GetDataValues request for node: ied1lDevice1/DSCH1.SchdAbsTm.val(63): 0.0
calling GetDataValues(ied1lDevice1/DSCH1.SchdAbsTm.val(64))
20:47:10.235 [openiec61850-osi-server-1-thread-1] DEBUG com.beanit.openiec61850.ServerAssociation - Got a GetDataValues request for node: ied1lDevice1/DSCH1.SchdAbsTm.val(64): 0.0
calling GetDataValues(ied1lDevice1/DSCH1.SchdAbsTm.val(65))
20:47:10.235 [openiec61850-osi-server-1-thread-1] DEBUG com.beanit.openiec61850.ServerAssociation - Got a GetDataValues request for node: ied1lDevice1/DSCH1.SchdAbsTm.val(65): 0.0
calling GetDataValues(ied1lDevice1/DSCH1.SchdAbsTm.val(66))
20:47:10.235 [openiec61850-osi-server-1-thread-1] DEBUG com.beanit.openiec61850.ServerAssociation - Got a GetDataValues request for node: ied1lDevice1/DSCH1.SchdAbsTm.val(66): 0.0
calling GetDataValues(ied1lDevice1/DSCH1.SchdAbsTm.val(67))
20:47:10.235 [openiec61850-osi-server-1-thread-1] DEBUG com.beanit.openiec61850.ServerAssociation - Got a GetDataValues request for node: ied1lDevice1/DSCH1.SchdAbsTm.val(67): 0.0
calling GetDataValues(ied1lDevice1/DSCH1.SchdAbsTm.val(68))
20:47:10.235 [openiec61850-osi-server-1-thread-1] DEBUG com.beanit.openiec61850.ServerAssociation - Got a GetDataValues request for node: ied1lDevice1/DSCH1.SchdAbsTm.val(68): 0.0
calling GetDataValues(ied1lDevice1/DSCH1.SchdAbsTm.val(69))
20:47:10.236 [openiec61850-osi-server-1-thread-1] DEBUG com.beanit.openiec61850.ServerAssociation - Got a GetDataValues request for node: ied1lDevice1/DSCH1.SchdAbsTm.val(69): 0.0
calling GetDataValues(ied1lDevice1/DSCH1.SchdAbsTm.val(70))
20:47:10.236 [openiec61850-osi-server-1-thread-1] DEBUG com.beanit.openiec61850.ServerAssociation - Got a GetDataValues request for node: ied1lDevice1/DSCH1.SchdAbsTm.val(70): 0.0
calling GetDataValues(ied1lDevice1/DSCH1.SchdAbsTm.val(71))
20:47:10.236 [openiec61850-osi-server-1-thread-1] DEBUG com.beanit.openiec61850.ServerAssociation - Got a GetDataValues request for node: ied1lDevice1/DSCH1.SchdAbsTm.val(71): 0.0
calling GetDataValues(ied1lDevice1/DSCH1.SchdAbsTm.val(72))
20:47:10.236 [openiec61850-osi-server-1-thread-1] DEBUG com.beanit.openiec61850.ServerAssociation - Got a GetDataValues request for node: ied1lDevice1/DSCH1.SchdAbsTm.val(72): 0.0
calling GetDataValues(ied1lDevice1/DSCH1.SchdAbsTm.val(73))
20:47:10.237 [openiec61850-osi-server-1-thread-1] DEBUG com.beanit.openiec61850.ServerAssociation - Got a GetDataValues request for node: ied1lDevice1/DSCH1.SchdAbsTm.val(73): 0.0
calling GetDataValues(ied1lDevice1/DSCH1.SchdAbsTm.val(74))
20:47:10.237 [openiec61850-osi-server-1-thread-1] DEBUG com.beanit.openiec61850.ServerAssociation - Got a GetDataValues request for node: ied1lDevice1/DSCH1.SchdAbsTm.val(74): 0.0
calling GetDataValues(ied1lDevice1/DSCH1.SchdAbsTm.val(75))
20:47:10.237 [openiec61850-osi-server-1-thread-1] DEBUG com.beanit.openiec61850.ServerAssociation - Got a GetDataValues request for node: ied1lDevice1/DSCH1.SchdAbsTm.val(75): 0.0
calling GetDataValues(ied1lDevice1/DSCH1.SchdAbsTm.val(76))
20:47:10.237 [openiec61850-osi-server-1-thread-1] DEBUG com.beanit.openiec61850.ServerAssociation - Got a GetDataValues request for node: ied1lDevice1/DSCH1.SchdAbsTm.val(76): 0.0
calling GetDataValues(ied1lDevice1/DSCH1.SchdAbsTm.val(77))
20:47:10.237 [openiec61850-osi-server-1-thread-1] DEBUG com.beanit.openiec61850.ServerAssociation - Got a GetDataValues request for node: ied1lDevice1/DSCH1.SchdAbsTm.val(77): 0.0
calling GetDataValues(ied1lDevice1/DSCH1.SchdAbsTm.val(78))
20:47:10.238 [openiec61850-osi-server-1-thread-1] DEBUG com.beanit.openiec61850.ServerAssociation - Got a GetDataValues request for node: ied1lDevice1/DSCH1.SchdAbsTm.val(78): 0.0
calling GetDataValues(ied1lDevice1/DSCH1.SchdAbsTm.val(79))
20:47:10.238 [openiec61850-osi-server-1-thread-1] DEBUG com.beanit.openiec61850.ServerAssociation - Got a GetDataValues request for node: ied1lDevice1/DSCH1.SchdAbsTm.val(79): 0.0
calling GetDataValues(ied1lDevice1/DSCH1.SchdAbsTm.val(80))
20:47:10.238 [openiec61850-osi-server-1-thread-1] DEBUG com.beanit.openiec61850.ServerAssociation - Got a GetDataValues request for node: ied1lDevice1/DSCH1.SchdAbsTm.val(80): 0.0
calling GetDataValues(ied1lDevice1/DSCH1.SchdAbsTm.val(81))
20:47:10.238 [openiec61850-osi-server-1-thread-1] DEBUG com.beanit.openiec61850.ServerAssociation - Got a GetDataValues request for node: ied1lDevice1/DSCH1.SchdAbsTm.val(81): 0.0
calling GetDataValues(ied1lDevice1/DSCH1.SchdAbsTm.val(82))
20:47:10.239 [openiec61850-osi-server-1-thread-1] DEBUG com.beanit.openiec61850.ServerAssociation - Got a GetDataValues request for node: ied1lDevice1/DSCH1.SchdAbsTm.val(82): 0.0
calling GetDataValues(ied1lDevice1/DSCH1.SchdAbsTm.val(83))
20:47:10.239 [openiec61850-osi-server-1-thread-1] DEBUG com.beanit.openiec61850.ServerAssociation - Got a GetDataValues request for node: ied1lDevice1/DSCH1.SchdAbsTm.val(83): 0.0
calling GetDataValues(ied1lDevice1/DSCH1.SchdAbsTm.val(84))
20:47:10.239 [openiec61850-osi-server-1-thread-1] DEBUG com.beanit.openiec61850.ServerAssociation - Got a GetDataValues request for node: ied1lDevice1/DSCH1.SchdAbsTm.val(84): 0.0
calling GetDataValues(ied1lDevice1/DSCH1.SchdAbsTm.val(85))
20:47:10.240 [openiec61850-osi-server-1-thread-1] DEBUG com.beanit.openiec61850.ServerAssociation - Got a GetDataValues request for node: ied1lDevice1/DSCH1.SchdAbsTm.val(85): 0.0
calling GetDataValues(ied1lDevice1/DSCH1.SchdAbsTm.val(86))
20:47:10.240 [openiec61850-osi-server-1-thread-1] DEBUG com.beanit.openiec61850.ServerAssociation - Got a GetDataValues request for node: ied1lDevice1/DSCH1.SchdAbsTm.val(86): 0.0
calling GetDataValues(ied1lDevice1/DSCH1.SchdAbsTm.val(87))
20:47:10.240 [openiec61850-osi-server-1-thread-1] DEBUG com.beanit.openiec61850.ServerAssociation - Got a GetDataValues request for node: ied1lDevice1/DSCH1.SchdAbsTm.val(87): 0.0
calling GetDataValues(ied1lDevice1/DSCH1.SchdAbsTm.val(88))
20:47:10.240 [openiec61850-osi-server-1-thread-1] DEBUG com.beanit.openiec61850.ServerAssociation - Got a GetDataValues request for node: ied1lDevice1/DSCH1.SchdAbsTm.val(88): 0.0
calling GetDataValues(ied1lDevice1/DSCH1.SchdAbsTm.val(89))
20:47:10.240 [openiec61850-osi-server-1-thread-1] DEBUG com.beanit.openiec61850.ServerAssociation - Got a GetDataValues request for node: ied1lDevice1/DSCH1.SchdAbsTm.val(89): 0.0
calling GetDataValues(ied1lDevice1/DSCH1.SchdAbsTm.val(90))
20:47:10.241 [openiec61850-osi-server-1-thread-1] DEBUG com.beanit.openiec61850.ServerAssociation - Got a GetDataValues request for node: ied1lDevice1/DSCH1.SchdAbsTm.val(90): 0.0
calling GetDataValues(ied1lDevice1/DSCH1.SchdAbsTm.val(91))
20:47:10.241 [openiec61850-osi-server-1-thread-1] DEBUG com.beanit.openiec61850.ServerAssociation - Got a GetDataValues request for node: ied1lDevice1/DSCH1.SchdAbsTm.val(91): 0.0
calling GetDataValues(ied1lDevice1/DSCH1.SchdAbsTm.val(92))
20:47:10.241 [openiec61850-osi-server-1-thread-1] DEBUG com.beanit.openiec61850.ServerAssociation - Got a GetDataValues request for node: ied1lDevice1/DSCH1.SchdAbsTm.val(92): 0.0
calling GetDataValues(ied1lDevice1/DSCH1.SchdAbsTm.val(93))
20:47:10.241 [openiec61850-osi-server-1-thread-1] DEBUG com.beanit.openiec61850.ServerAssociation - Got a GetDataValues request for node: ied1lDevice1/DSCH1.SchdAbsTm.val(93): 0.0
calling GetDataValues(ied1lDevice1/DSCH1.SchdAbsTm.val(94))
20:47:10.242 [openiec61850-osi-server-1-thread-1] DEBUG com.beanit.openiec61850.ServerAssociation - Got a GetDataValues request for node: ied1lDevice1/DSCH1.SchdAbsTm.val(94): 0.0
calling GetDataValues(ied1lDevice1/DSCH1.SchdAbsTm.val(95))
20:47:10.242 [openiec61850-osi-server-1-thread-1] DEBUG com.beanit.openiec61850.ServerAssociation - Got a GetDataValues request for node: ied1lDevice1/DSCH1.SchdAbsTm.val(95): 0.0
calling GetDataValues(ied1lDevice1/DSCH1.SchdAbsTm.val(96))
20:47:10.242 [openiec61850-osi-server-1-thread-1] DEBUG com.beanit.openiec61850.ServerAssociation - Got a GetDataValues request for node: ied1lDevice1/DSCH1.SchdAbsTm.val(96): 0.0
calling GetDataValues(ied1lDevice1/DSCH1.SchdAbsTm.val(97))
20:47:10.242 [openiec61850-osi-server-1-thread-1] DEBUG com.beanit.openiec61850.ServerAssociation - Got a GetDataValues request for node: ied1lDevice1/DSCH1.SchdAbsTm.val(97): 0.0
calling GetDataValues(ied1lDevice1/DSCH1.SchdAbsTm.val(98))
20:47:10.242 [openiec61850-osi-server-1-thread-1] DEBUG com.beanit.openiec61850.ServerAssociation - Got a GetDataValues request for node: ied1lDevice1/DSCH1.SchdAbsTm.val(98): 0.0
calling GetDataValues(ied1lDevice1/DSCH1.SchdAbsTm.val(99))
20:47:10.243 [openiec61850-osi-server-1-thread-1] DEBUG com.beanit.openiec61850.ServerAssociation - Got a GetDataValues request for node: ied1lDevice1/DSCH1.SchdAbsTm.val(99): 0.0
calling GetDataValues(ied1lDevice1/DSCH1.SchdAbsTm.val(100))
20:47:10.243 [openiec61850-osi-server-1-thread-1] DEBUG com.beanit.openiec61850.ServerAssociation - Got a GetDataValues request for node: ied1lDevice1/DSCH1.SchdAbsTm.val(100): 0.0
calling GetDataValues(ied1lDevice1/DSCH1.SchdAbsTm.val(101))
20:47:10.243 [openiec61850-osi-server-1-thread-1] DEBUG com.beanit.openiec61850.ServerAssociation - Got a GetDataValues request for node: ied1lDevice1/DSCH1.SchdAbsTm.val(101): 0.0
calling GetDataValues(ied1lDevice1/DSCH1.SchdAbsTm.val(102))
20:47:10.243 [openiec61850-osi-server-1-thread-1] DEBUG com.beanit.openiec61850.ServerAssociation - Got a GetDataValues request for node: ied1lDevice1/DSCH1.SchdAbsTm.val(102): 0.0
calling GetDataValues(ied1lDevice1/DSCH1.SchdAbsTm.val(103))
20:47:10.244 [openiec61850-osi-server-1-thread-1] DEBUG com.beanit.openiec61850.ServerAssociation - Got a GetDataValues request for node: ied1lDevice1/DSCH1.SchdAbsTm.val(103): 0.0
calling GetDataValues(ied1lDevice1/DSCH1.SchdAbsTm.val(104))
20:47:10.244 [openiec61850-osi-server-1-thread-1] DEBUG com.beanit.openiec61850.ServerAssociation - Got a GetDataValues request for node: ied1lDevice1/DSCH1.SchdAbsTm.val(104): 0.0
calling GetDataValues(ied1lDevice1/DSCH1.SchdAbsTm.val(105))
20:47:10.244 [openiec61850-osi-server-1-thread-1] DEBUG com.beanit.openiec61850.ServerAssociation - Got a GetDataValues request for node: ied1lDevice1/DSCH1.SchdAbsTm.val(105): 0.0
calling GetDataValues(ied1lDevice1/DSCH1.SchdAbsTm.val(106))
20:47:10.244 [openiec61850-osi-server-1-thread-1] DEBUG com.beanit.openiec61850.ServerAssociation - Got a GetDataValues request for node: ied1lDevice1/DSCH1.SchdAbsTm.val(106): 0.0
calling GetDataValues(ied1lDevice1/DSCH1.SchdAbsTm.val(107))
20:47:10.245 [openiec61850-osi-server-1-thread-1] DEBUG com.beanit.openiec61850.ServerAssociation - Got a GetDataValues request for node: ied1lDevice1/DSCH1.SchdAbsTm.val(107): 0.0
calling GetDataValues(ied1lDevice1/DSCH1.SchdAbsTm.val(108))
20:47:10.245 [openiec61850-osi-server-1-thread-1] DEBUG com.beanit.openiec61850.ServerAssociation - Got a GetDataValues request for node: ied1lDevice1/DSCH1.SchdAbsTm.val(108): 0.0
calling GetDataValues(ied1lDevice1/DSCH1.SchdAbsTm.val(109))
20:47:10.245 [openiec61850-osi-server-1-thread-1] DEBUG com.beanit.openiec61850.ServerAssociation - Got a GetDataValues request for node: ied1lDevice1/DSCH1.SchdAbsTm.val(109): 0.0
calling GetDataValues(ied1lDevice1/DSCH1.SchdAbsTm.val(110))
20:47:10.245 [openiec61850-osi-server-1-thread-1] DEBUG com.beanit.openiec61850.ServerAssociation - Got a GetDataValues request for node: ied1lDevice1/DSCH1.SchdAbsTm.val(110): 0.0
calling GetDataValues(ied1lDevice1/DSCH1.SchdAbsTm.val(111))
20:47:10.245 [openiec61850-osi-server-1-thread-1] DEBUG com.beanit.openiec61850.ServerAssociation - Got a GetDataValues request for node: ied1lDevice1/DSCH1.SchdAbsTm.val(111): 0.0
calling GetDataValues(ied1lDevice1/DSCH1.SchdAbsTm.val(112))
20:47:10.246 [openiec61850-osi-server-1-thread-1] DEBUG com.beanit.openiec61850.ServerAssociation - Got a GetDataValues request for node: ied1lDevice1/DSCH1.SchdAbsTm.val(112): 0.0
calling GetDataValues(ied1lDevice1/DSCH1.SchdAbsTm.val(113))
20:47:10.246 [openiec61850-osi-server-1-thread-1] DEBUG com.beanit.openiec61850.ServerAssociation - Got a GetDataValues request for node: ied1lDevice1/DSCH1.SchdAbsTm.val(113): 0.0
calling GetDataValues(ied1lDevice1/DSCH1.SchdAbsTm.val(114))
20:47:10.246 [openiec61850-osi-server-1-thread-1] DEBUG com.beanit.openiec61850.ServerAssociation - Got a GetDataValues request for node: ied1lDevice1/DSCH1.SchdAbsTm.val(114): 0.0
calling GetDataValues(ied1lDevice1/DSCH1.SchdAbsTm.val(115))
20:47:10.246 [openiec61850-osi-server-1-thread-1] DEBUG com.beanit.openiec61850.ServerAssociation - Got a GetDataValues request for node: ied1lDevice1/DSCH1.SchdAbsTm.val(115): 0.0
calling GetDataValues(ied1lDevice1/DSCH1.SchdAbsTm.val(116))
20:47:10.247 [openiec61850-osi-server-1-thread-1] DEBUG com.beanit.openiec61850.ServerAssociation - Got a GetDataValues request for node: ied1lDevice1/DSCH1.SchdAbsTm.val(116): 0.0
calling GetDataValues(ied1lDevice1/DSCH1.SchdAbsTm.val(117))
20:47:10.247 [openiec61850-osi-server-1-thread-1] DEBUG com.beanit.openiec61850.ServerAssociation - Got a GetDataValues request for node: ied1lDevice1/DSCH1.SchdAbsTm.val(117): 0.0
calling GetDataValues(ied1lDevice1/DSCH1.SchdAbsTm.val(118))
20:47:10.247 [openiec61850-osi-server-1-thread-1] DEBUG com.beanit.openiec61850.ServerAssociation - Got a GetDataValues request for node: ied1lDevice1/DSCH1.SchdAbsTm.val(118): 0.0
calling GetDataValues(ied1lDevice1/DSCH1.SchdAbsTm.val(119))
20:47:10.247 [openiec61850-osi-server-1-thread-1] DEBUG com.beanit.openiec61850.ServerAssociation - Got a GetDataValues request for node: ied1lDevice1/DSCH1.SchdAbsTm.val(119): 0.0
calling GetDataValues(ied1lDevice1/DSCH1.SchdAbsTm.val(120))
20:47:10.248 [openiec61850-osi-server-1-thread-1] DEBUG com.beanit.openiec61850.ServerAssociation - Got a GetDataValues request for node: ied1lDevice1/DSCH1.SchdAbsTm.val(120): 0.0
calling GetDataValues(ied1lDevice1/DSCH1.SchdAbsTm.val(121))
20:47:10.248 [openiec61850-osi-server-1-thread-1] DEBUG com.beanit.openiec61850.ServerAssociation - Got a GetDataValues request for node: ied1lDevice1/DSCH1.SchdAbsTm.val(121): 0.0
calling GetDataValues(ied1lDevice1/DSCH1.SchdAbsTm.val(122))
20:47:10.248 [openiec61850-osi-server-1-thread-1] DEBUG com.beanit.openiec61850.ServerAssociation - Got a GetDataValues request for node: ied1lDevice1/DSCH1.SchdAbsTm.val(122): 0.0
calling GetDataValues(ied1lDevice1/DSCH1.SchdAbsTm.val(123))
20:47:10.248 [openiec61850-osi-server-1-thread-1] DEBUG com.beanit.openiec61850.ServerAssociation - Got a GetDataValues request for node: ied1lDevice1/DSCH1.SchdAbsTm.val(123): 0.0
calling GetDataValues(ied1lDevice1/DSCH1.SchdAbsTm.val(124))
20:47:10.249 [openiec61850-osi-server-1-thread-1] DEBUG com.beanit.openiec61850.ServerAssociation - Got a GetDataValues request for node: ied1lDevice1/DSCH1.SchdAbsTm.val(124): 0.0
calling GetDataValues(ied1lDevice1/DSCH1.SchdAbsTm.val(125))
20:47:10.249 [openiec61850-osi-server-1-thread-1] DEBUG com.beanit.openiec61850.ServerAssociation - Got a GetDataValues request for node: ied1lDevice1/DSCH1.SchdAbsTm.val(125): 0.0
calling GetDataValues(ied1lDevice1/DSCH1.SchdAbsTm.val(126))
20:47:10.249 [openiec61850-osi-server-1-thread-1] DEBUG com.beanit.openiec61850.ServerAssociation - Got a GetDataValues request for node: ied1lDevice1/DSCH1.SchdAbsTm.val(126): 0.0
calling GetDataValues(ied1lDevice1/DSCH1.SchdAbsTm.val(127))
20:47:10.249 [openiec61850-osi-server-1-thread-1] DEBUG com.beanit.openiec61850.ServerAssociation - Got a GetDataValues request for node: ied1lDevice1/DSCH1.SchdAbsTm.val(127): 0.0
calling GetDataValues(ied1lDevice1/DSCH1.SchdAbsTm.val(128))
20:47:10.250 [openiec61850-osi-server-1-thread-1] DEBUG com.beanit.openiec61850.ServerAssociation - Got a GetDataValues request for node: ied1lDevice1/DSCH1.SchdAbsTm.val(128): 0.0
calling GetDataValues(ied1lDevice1/DSCH1.SchdAbsTm.val(129))
20:47:10.250 [openiec61850-osi-server-1-thread-1] DEBUG com.beanit.openiec61850.ServerAssociation - Got a GetDataValues request for node: ied1lDevice1/DSCH1.SchdAbsTm.val(129): 0.0
calling GetDataValues(ied1lDevice1/DSCH1.SchdAbsTm.val(130))
20:47:10.250 [openiec61850-osi-server-1-thread-1] DEBUG com.beanit.openiec61850.ServerAssociation - Got a GetDataValues request for node: ied1lDevice1/DSCH1.SchdAbsTm.val(130): 0.0
calling GetDataValues(ied1lDevice1/DSCH1.SchdAbsTm.val(131))
20:47:10.250 [openiec61850-osi-server-1-thread-1] DEBUG com.beanit.openiec61850.ServerAssociation - Got a GetDataValues request for node: ied1lDevice1/DSCH1.SchdAbsTm.val(131): 0.0
calling GetDataValues(ied1lDevice1/DSCH1.SchdAbsTm.val(132))
20:47:10.250 [openiec61850-osi-server-1-thread-1] DEBUG com.beanit.openiec61850.ServerAssociation - Got a GetDataValues request for node: ied1lDevice1/DSCH1.SchdAbsTm.val(132): 0.0
calling GetDataValues(ied1lDevice1/DSCH1.SchdAbsTm.val(133))
20:47:10.251 [openiec61850-osi-server-1-thread-1] DEBUG com.beanit.openiec61850.ServerAssociation - Got a GetDataValues request for node: ied1lDevice1/DSCH1.SchdAbsTm.val(133): 0.0
calling GetDataValues(ied1lDevice1/DSCH1.SchdAbsTm.val(134))
20:47:10.251 [openiec61850-osi-server-1-thread-1] DEBUG com.beanit.openiec61850.ServerAssociation - Got a GetDataValues request for node: ied1lDevice1/DSCH1.SchdAbsTm.val(134): 0.0
calling GetDataValues(ied1lDevice1/DSCH1.SchdAbsTm.val(135))
20:47:10.251 [openiec61850-osi-server-1-thread-1] DEBUG com.beanit.openiec61850.ServerAssociation - Got a GetDataValues request for node: ied1lDevice1/DSCH1.SchdAbsTm.val(135): 0.0
calling GetDataValues(ied1lDevice1/DSCH1.SchdAbsTm.val(136))
20:47:10.251 [openiec61850-osi-server-1-thread-1] DEBUG com.beanit.openiec61850.ServerAssociation - Got a GetDataValues request for node: ied1lDevice1/DSCH1.SchdAbsTm.val(136): 0.0
calling GetDataValues(ied1lDevice1/DSCH1.SchdAbsTm.val(137))
20:47:10.252 [openiec61850-osi-server-1-thread-1] DEBUG com.beanit.openiec61850.ServerAssociation - Got a GetDataValues request for node: ied1lDevice1/DSCH1.SchdAbsTm.val(137): 0.0
calling GetDataValues(ied1lDevice1/DSCH1.SchdAbsTm.val(138))
20:47:10.252 [openiec61850-osi-server-1-thread-1] DEBUG com.beanit.openiec61850.ServerAssociation - Got a GetDataValues request for node: ied1lDevice1/DSCH1.SchdAbsTm.val(138): 0.0
calling GetDataValues(ied1lDevice1/DSCH1.SchdAbsTm.val(139))
20:47:10.252 [openiec61850-osi-server-1-thread-1] DEBUG com.beanit.openiec61850.ServerAssociation - Got a GetDataValues request for node: ied1lDevice1/DSCH1.SchdAbsTm.val(139): 0.0
calling GetDataValues(ied1lDevice1/DSCH1.SchdAbsTm.val(140))
20:47:10.252 [openiec61850-osi-server-1-thread-1] DEBUG com.beanit.openiec61850.ServerAssociation - Got a GetDataValues request for node: ied1lDevice1/DSCH1.SchdAbsTm.val(140): 0.0
calling GetDataValues(ied1lDevice1/DSCH1.SchdAbsTm.val(141))
20:47:10.253 [openiec61850-osi-server-1-thread-1] DEBUG com.beanit.openiec61850.ServerAssociation - Got a GetDataValues request for node: ied1lDevice1/DSCH1.SchdAbsTm.val(141): 0.0
calling GetDataValues(ied1lDevice1/DSCH1.SchdAbsTm.val(142))
20:47:10.253 [openiec61850-osi-server-1-thread-1] DEBUG com.beanit.openiec61850.ServerAssociation - Got a GetDataValues request for node: ied1lDevice1/DSCH1.SchdAbsTm.val(142): 0.0
calling GetDataValues(ied1lDevice1/DSCH1.SchdAbsTm.val(143))
20:47:10.253 [openiec61850-osi-server-1-thread-1] DEBUG com.beanit.openiec61850.ServerAssociation - Got a GetDataValues request for node: ied1lDevice1/DSCH1.SchdAbsTm.val(143): 0.0
calling GetDataValues(ied1lDevice1/DSCH1.SchdAbsTm.val(144))
20:47:10.253 [openiec61850-osi-server-1-thread-1] DEBUG com.beanit.openiec61850.ServerAssociation - Got a GetDataValues request for node: ied1lDevice1/DSCH1.SchdAbsTm.val(144): 0.0
calling GetDataValues(ied1lDevice1/DSCH1.SchdAbsTm.val(145))
20:47:10.254 [openiec61850-osi-server-1-thread-1] DEBUG com.beanit.openiec61850.ServerAssociation - Got a GetDataValues request for node: ied1lDevice1/DSCH1.SchdAbsTm.val(145): 0.0
calling GetDataValues(ied1lDevice1/DSCH1.SchdAbsTm.val(146))
20:47:10.254 [openiec61850-osi-server-1-thread-1] DEBUG com.beanit.openiec61850.ServerAssociation - Got a GetDataValues request for node: ied1lDevice1/DSCH1.SchdAbsTm.val(146): 0.0
calling GetDataValues(ied1lDevice1/DSCH1.SchdAbsTm.val(147))
20:47:10.254 [openiec61850-osi-server-1-thread-1] DEBUG com.beanit.openiec61850.ServerAssociation - Got a GetDataValues request for node: ied1lDevice1/DSCH1.SchdAbsTm.val(147): 0.0
calling GetDataValues(ied1lDevice1/DSCH1.SchdAbsTm.val(148))
20:47:10.255 [openiec61850-osi-server-1-thread-1] DEBUG com.beanit.openiec61850.ServerAssociation - Got a GetDataValues request for node: ied1lDevice1/DSCH1.SchdAbsTm.val(148): 0.0
calling GetDataValues(ied1lDevice1/DSCH1.SchdAbsTm.val(149))
20:47:10.255 [openiec61850-osi-server-1-thread-1] DEBUG com.beanit.openiec61850.ServerAssociation - Got a GetDataValues request for node: ied1lDevice1/DSCH1.SchdAbsTm.val(149): 0.0
calling GetDataValues(ied1lDevice1/DSCH1.SchdAbsTm.val(150))
20:47:10.255 [openiec61850-osi-server-1-thread-1] DEBUG com.beanit.openiec61850.ServerAssociation - Got a GetDataValues request for node: ied1lDevice1/DSCH1.SchdAbsTm.val(150): 0.0
calling GetDataValues(ied1lDevice1/DSCH1.SchdAbsTm.val(151))
20:47:10.255 [openiec61850-osi-server-1-thread-1] DEBUG com.beanit.openiec61850.ServerAssociation - Got a GetDataValues request for node: ied1lDevice1/DSCH1.SchdAbsTm.val(151): 0.0
calling GetDataValues(ied1lDevice1/DSCH1.SchdAbsTm.val(152))
20:47:10.255 [openiec61850-osi-server-1-thread-1] DEBUG com.beanit.openiec61850.ServerAssociation - Got a GetDataValues request for node: ied1lDevice1/DSCH1.SchdAbsTm.val(152): 0.0
calling GetDataValues(ied1lDevice1/DSCH1.SchdAbsTm.val(153))
20:47:10.256 [openiec61850-osi-server-1-thread-1] DEBUG com.beanit.openiec61850.ServerAssociation - Got a GetDataValues request for node: ied1lDevice1/DSCH1.SchdAbsTm.val(153): 0.0
calling GetDataValues(ied1lDevice1/DSCH1.SchdAbsTm.val(154))
20:47:10.256 [openiec61850-osi-server-1-thread-1] DEBUG com.beanit.openiec61850.ServerAssociation - Got a GetDataValues request for node: ied1lDevice1/DSCH1.SchdAbsTm.val(154): 0.0
calling GetDataValues(ied1lDevice1/DSCH1.SchdAbsTm.val(155))
20:47:10.256 [openiec61850-osi-server-1-thread-1] DEBUG com.beanit.openiec61850.ServerAssociation - Got a GetDataValues request for node: ied1lDevice1/DSCH1.SchdAbsTm.val(155): 0.0
calling GetDataValues(ied1lDevice1/DSCH1.SchdAbsTm.val(156))
20:47:10.256 [openiec61850-osi-server-1-thread-1] DEBUG com.beanit.openiec61850.ServerAssociation - Got a GetDataValues request for node: ied1lDevice1/DSCH1.SchdAbsTm.val(156): 0.0
calling GetDataValues(ied1lDevice1/DSCH1.SchdAbsTm.val(157))
20:47:10.257 [openiec61850-osi-server-1-thread-1] DEBUG com.beanit.openiec61850.ServerAssociation - Got a GetDataValues request for node: ied1lDevice1/DSCH1.SchdAbsTm.val(157): 0.0
calling GetDataValues(ied1lDevice1/DSCH1.SchdAbsTm.val(158))
20:47:10.257 [openiec61850-osi-server-1-thread-1] DEBUG com.beanit.openiec61850.ServerAssociation - Got a GetDataValues request for node: ied1lDevice1/DSCH1.SchdAbsTm.val(158): 0.0
calling GetDataValues(ied1lDevice1/DSCH1.SchdAbsTm.val(159))
20:47:10.257 [openiec61850-osi-server-1-thread-1] DEBUG com.beanit.openiec61850.ServerAssociation - Got a GetDataValues request for node: ied1lDevice1/DSCH1.SchdAbsTm.val(159): 0.0
calling GetDataValues(ied1lDevice1/DSCH1.SchdAbsTm.val(160))
20:47:10.257 [openiec61850-osi-server-1-thread-1] DEBUG com.beanit.openiec61850.ServerAssociation - Got a GetDataValues request for node: ied1lDevice1/DSCH1.SchdAbsTm.val(160): 0.0
calling GetDataValues(ied1lDevice1/DSCH1.SchdAbsTm.val(161))
20:47:10.257 [openiec61850-osi-server-1-thread-1] DEBUG com.beanit.openiec61850.ServerAssociation - Got a GetDataValues request for node: ied1lDevice1/DSCH1.SchdAbsTm.val(161): 0.0
calling GetDataValues(ied1lDevice1/DSCH1.SchdAbsTm.val(162))
20:47:10.258 [openiec61850-osi-server-1-thread-1] DEBUG com.beanit.openiec61850.ServerAssociation - Got a GetDataValues request for node: ied1lDevice1/DSCH1.SchdAbsTm.val(162): 0.0
calling GetDataValues(ied1lDevice1/DSCH1.SchdAbsTm.val(163))
20:47:10.258 [openiec61850-osi-server-1-thread-1] DEBUG com.beanit.openiec61850.ServerAssociation - Got a GetDataValues request for node: ied1lDevice1/DSCH1.SchdAbsTm.val(163): 0.0
calling GetDataValues(ied1lDevice1/DSCH1.SchdAbsTm.val(164))
20:47:10.258 [openiec61850-osi-server-1-thread-1] DEBUG com.beanit.openiec61850.ServerAssociation - Got a GetDataValues request for node: ied1lDevice1/DSCH1.SchdAbsTm.val(164): 0.0
calling GetDataValues(ied1lDevice1/DSCH1.SchdAbsTm.val(165))
20:47:10.258 [openiec61850-osi-server-1-thread-1] DEBUG com.beanit.openiec61850.ServerAssociation - Got a GetDataValues request for node: ied1lDevice1/DSCH1.SchdAbsTm.val(165): 0.0
calling GetDataValues(ied1lDevice1/DSCH1.SchdAbsTm.val(166))
20:47:10.258 [openiec61850-osi-server-1-thread-1] DEBUG com.beanit.openiec61850.ServerAssociation - Got a GetDataValues request for node: ied1lDevice1/DSCH1.SchdAbsTm.val(166): 0.0
calling GetDataValues(ied1lDevice1/DSCH1.SchdAbsTm.val(167))
20:47:10.259 [openiec61850-osi-server-1-thread-1] DEBUG com.beanit.openiec61850.ServerAssociation - Got a GetDataValues request for node: ied1lDevice1/DSCH1.SchdAbsTm.val(167): 0.0
calling GetDataValues(ied1lDevice1/DSCH1.SchdAbsTm.val(168))
20:47:10.259 [openiec61850-osi-server-1-thread-1] DEBUG com.beanit.openiec61850.ServerAssociation - Got a GetDataValues request for node: ied1lDevice1/DSCH1.SchdAbsTm.val(168): 0.0
calling GetDataValues(ied1lDevice1/DSCH1.SchdAbsTm.val(169))
20:47:10.259 [openiec61850-osi-server-1-thread-1] DEBUG com.beanit.openiec61850.ServerAssociation - Got a GetDataValues request for node: ied1lDevice1/DSCH1.SchdAbsTm.val(169): 0.0
calling GetDataValues(ied1lDevice1/DSCH1.SchdAbsTm.val(170))
20:47:10.259 [openiec61850-osi-server-1-thread-1] DEBUG com.beanit.openiec61850.ServerAssociation - Got a GetDataValues request for node: ied1lDevice1/DSCH1.SchdAbsTm.val(170): 0.0
calling GetDataValues(ied1lDevice1/DSCH1.SchdAbsTm.val(171))
20:47:10.259 [openiec61850-osi-server-1-thread-1] DEBUG com.beanit.openiec61850.ServerAssociation - Got a GetDataValues request for node: ied1lDevice1/DSCH1.SchdAbsTm.val(171): 0.0
calling GetDataValues(ied1lDevice1/DSCH1.SchdAbsTm.val(172))
20:47:10.260 [openiec61850-osi-server-1-thread-1] DEBUG com.beanit.openiec61850.ServerAssociation - Got a GetDataValues request for node: ied1lDevice1/DSCH1.SchdAbsTm.val(172): 0.0
calling GetDataValues(ied1lDevice1/DSCH1.SchdAbsTm.val(173))
20:47:10.260 [openiec61850-osi-server-1-thread-1] DEBUG com.beanit.openiec61850.ServerAssociation - Got a GetDataValues request for node: ied1lDevice1/DSCH1.SchdAbsTm.val(173): 0.0
calling GetDataValues(ied1lDevice1/DSCH1.SchdAbsTm.val(174))
20:47:10.260 [openiec61850-osi-server-1-thread-1] DEBUG com.beanit.openiec61850.ServerAssociation - Got a GetDataValues request for node: ied1lDevice1/DSCH1.SchdAbsTm.val(174): 0.0
calling GetDataValues(ied1lDevice1/DSCH1.SchdAbsTm.val(175))
20:47:10.260 [openiec61850-osi-server-1-thread-1] DEBUG com.beanit.openiec61850.ServerAssociation - Got a GetDataValues request for node: ied1lDevice1/DSCH1.SchdAbsTm.val(175): 0.0
calling GetDataValues(ied1lDevice1/DSCH1.SchdAbsTm.val(176))
20:47:10.261 [openiec61850-osi-server-1-thread-1] DEBUG com.beanit.openiec61850.ServerAssociation - Got a GetDataValues request for node: ied1lDevice1/DSCH1.SchdAbsTm.val(176): 0.0
calling GetDataValues(ied1lDevice1/DSCH1.SchdAbsTm.val(177))
20:47:10.261 [openiec61850-osi-server-1-thread-1] DEBUG com.beanit.openiec61850.ServerAssociation - Got a GetDataValues request for node: ied1lDevice1/DSCH1.SchdAbsTm.val(177): 0.0
calling GetDataValues(ied1lDevice1/DSCH1.SchdAbsTm.val(178))
20:47:10.261 [openiec61850-osi-server-1-thread-1] DEBUG com.beanit.openiec61850.ServerAssociation - Got a GetDataValues request for node: ied1lDevice1/DSCH1.SchdAbsTm.val(178): 0.0
calling GetDataValues(ied1lDevice1/DSCH1.SchdAbsTm.val(179))
20:47:10.261 [openiec61850-osi-server-1-thread-1] DEBUG com.beanit.openiec61850.ServerAssociation - Got a GetDataValues request for node: ied1lDevice1/DSCH1.SchdAbsTm.val(179): 0.0
calling GetDataValues(ied1lDevice1/DSCH1.SchdAbsTm.val(180))
20:47:10.261 [openiec61850-osi-server-1-thread-1] DEBUG com.beanit.openiec61850.ServerAssociation - Got a GetDataValues request for node: ied1lDevice1/DSCH1.SchdAbsTm.val(180): 0.0
calling GetDataValues(ied1lDevice1/DSCH1.SchdAbsTm.val(181))
20:47:10.262 [openiec61850-osi-server-1-thread-1] DEBUG com.beanit.openiec61850.ServerAssociation - Got a GetDataValues request for node: ied1lDevice1/DSCH1.SchdAbsTm.val(181): 0.0
calling GetDataValues(ied1lDevice1/DSCH1.SchdAbsTm.val(182))
20:47:10.262 [openiec61850-osi-server-1-thread-1] DEBUG com.beanit.openiec61850.ServerAssociation - Got a GetDataValues request for node: ied1lDevice1/DSCH1.SchdAbsTm.val(182): 0.0
calling GetDataValues(ied1lDevice1/DSCH1.SchdAbsTm.val(183))
20:47:10.262 [openiec61850-osi-server-1-thread-1] DEBUG com.beanit.openiec61850.ServerAssociation - Got a GetDataValues request for node: ied1lDevice1/DSCH1.SchdAbsTm.val(183): 0.0
calling GetDataValues(ied1lDevice1/DSCH1.SchdAbsTm.val(184))
20:47:10.262 [openiec61850-osi-server-1-thread-1] DEBUG com.beanit.openiec61850.ServerAssociation - Got a GetDataValues request for node: ied1lDevice1/DSCH1.SchdAbsTm.val(184): 0.0
calling GetDataValues(ied1lDevice1/DSCH1.SchdAbsTm.val(185))
20:47:10.262 [openiec61850-osi-server-1-thread-1] DEBUG com.beanit.openiec61850.ServerAssociation - Got a GetDataValues request for node: ied1lDevice1/DSCH1.SchdAbsTm.val(185): 0.0
calling GetDataValues(ied1lDevice1/DSCH1.SchdAbsTm.val(186))
20:47:10.263 [openiec61850-osi-server-1-thread-1] DEBUG com.beanit.openiec61850.ServerAssociation - Got a GetDataValues request for node: ied1lDevice1/DSCH1.SchdAbsTm.val(186): 0.0
calling GetDataValues(ied1lDevice1/DSCH1.SchdAbsTm.val(187))
20:47:10.263 [openiec61850-osi-server-1-thread-1] DEBUG com.beanit.openiec61850.ServerAssociation - Got a GetDataValues request for node: ied1lDevice1/DSCH1.SchdAbsTm.val(187): 0.0
calling GetDataValues(ied1lDevice1/DSCH1.SchdAbsTm.val(188))
20:47:10.263 [openiec61850-osi-server-1-thread-1] DEBUG com.beanit.openiec61850.ServerAssociation - Got a GetDataValues request for node: ied1lDevice1/DSCH1.SchdAbsTm.val(188): 0.0
calling GetDataValues(ied1lDevice1/DSCH1.SchdAbsTm.val(189))
20:47:10.263 [openiec61850-osi-server-1-thread-1] DEBUG com.beanit.openiec61850.ServerAssociation - Got a GetDataValues request for node: ied1lDevice1/DSCH1.SchdAbsTm.val(189): 0.0
calling GetDataValues(ied1lDevice1/DSCH1.SchdAbsTm.val(190))
20:47:10.263 [openiec61850-osi-server-1-thread-1] DEBUG com.beanit.openiec61850.ServerAssociation - Got a GetDataValues request for node: ied1lDevice1/DSCH1.SchdAbsTm.val(190): 0.0
calling GetDataValues(ied1lDevice1/DSCH1.SchdAbsTm.val(191))
20:47:10.264 [openiec61850-osi-server-1-thread-1] DEBUG com.beanit.openiec61850.ServerAssociation - Got a GetDataValues request for node: ied1lDevice1/DSCH1.SchdAbsTm.val(191): 0.0
calling GetDataValues(ied1lDevice1/DSCH1.SchdAbsTm.val(192))
20:47:10.264 [openiec61850-osi-server-1-thread-1] DEBUG com.beanit.openiec61850.ServerAssociation - Got a GetDataValues request for node: ied1lDevice1/DSCH1.SchdAbsTm.val(192): 0.0
calling GetDataValues(ied1lDevice1/DSCH1.SchdAbsTm.val(193))
20:47:10.264 [openiec61850-osi-server-1-thread-1] DEBUG com.beanit.openiec61850.ServerAssociation - Got a GetDataValues request for node: ied1lDevice1/DSCH1.SchdAbsTm.val(193): 0.0
calling GetDataValues(ied1lDevice1/DSCH1.SchdAbsTm.val(194))
20:47:10.264 [openiec61850-osi-server-1-thread-1] DEBUG com.beanit.openiec61850.ServerAssociation - Got a GetDataValues request for node: ied1lDevice1/DSCH1.SchdAbsTm.val(194): 0.0
calling GetDataValues(ied1lDevice1/DSCH1.SchdAbsTm.val(195))
20:47:10.264 [openiec61850-osi-server-1-thread-1] DEBUG com.beanit.openiec61850.ServerAssociation - Got a GetDataValues request for node: ied1lDevice1/DSCH1.SchdAbsTm.val(195): 0.0
calling GetDataValues(ied1lDevice1/DSCH1.SchdAbsTm.val(196))
20:47:10.265 [openiec61850-osi-server-1-thread-1] DEBUG com.beanit.openiec61850.ServerAssociation - Got a GetDataValues request for node: ied1lDevice1/DSCH1.SchdAbsTm.val(196): 0.0
calling GetDataValues(ied1lDevice1/DSCH1.SchdAbsTm.val(197))
20:47:10.265 [openiec61850-osi-server-1-thread-1] DEBUG com.beanit.openiec61850.ServerAssociation - Got a GetDataValues request for node: ied1lDevice1/DSCH1.SchdAbsTm.val(197): 0.0
calling GetDataValues(ied1lDevice1/DSCH1.SchdAbsTm.val(198))
20:47:10.265 [openiec61850-osi-server-1-thread-1] DEBUG com.beanit.openiec61850.ServerAssociation - Got a GetDataValues request for node: ied1lDevice1/DSCH1.SchdAbsTm.val(198): 0.0
calling GetDataValues(ied1lDevice1/DSCH1.SchdAbsTm.val(199))
20:47:10.265 [openiec61850-osi-server-1-thread-1] DEBUG com.beanit.openiec61850.ServerAssociation - Got a GetDataValues request for node: ied1lDevice1/DSCH1.SchdAbsTm.val(199): 0.0
calling GetDataValues(ied1lDevice1/DSCH1.SchdAbsTm.val(200))
20:47:10.265 [openiec61850-osi-server-1-thread-1] DEBUG com.beanit.openiec61850.ServerAssociation - Got a GetDataValues request for node: ied1lDevice1/DSCH1.SchdAbsTm.val(200): 0.0
calling GetDataValues(ied1lDevice1/DSCH1.SchdAbsTm.val(201))
20:47:10.266 [openiec61850-osi-server-1-thread-1] DEBUG com.beanit.openiec61850.ServerAssociation - Got a GetDataValues request for node: ied1lDevice1/DSCH1.SchdAbsTm.val(201): 0.0
calling GetDataValues(ied1lDevice1/DSCH1.SchdAbsTm.val(202))
20:47:10.266 [openiec61850-osi-server-1-thread-1] DEBUG com.beanit.openiec61850.ServerAssociation - Got a GetDataValues request for node: ied1lDevice1/DSCH1.SchdAbsTm.val(202): 0.0
calling GetDataValues(ied1lDevice1/DSCH1.SchdAbsTm.val(203))
20:47:10.266 [openiec61850-osi-server-1-thread-1] DEBUG com.beanit.openiec61850.ServerAssociation - Got a GetDataValues request for node: ied1lDevice1/DSCH1.SchdAbsTm.val(203): 0.0
calling GetDataValues(ied1lDevice1/DSCH1.SchdAbsTm.val(204))
20:47:10.266 [openiec61850-osi-server-1-thread-1] DEBUG com.beanit.openiec61850.ServerAssociation - Got a GetDataValues request for node: ied1lDevice1/DSCH1.SchdAbsTm.val(204): 0.0
calling GetDataValues(ied1lDevice1/DSCH1.SchdAbsTm.val(205))
20:47:10.266 [openiec61850-osi-server-1-thread-1] DEBUG com.beanit.openiec61850.ServerAssociation - Got a GetDataValues request for node: ied1lDevice1/DSCH1.SchdAbsTm.val(205): 0.0
calling GetDataValues(ied1lDevice1/DSCH1.SchdAbsTm.val(206))
20:47:10.267 [openiec61850-osi-server-1-thread-1] DEBUG com.beanit.openiec61850.ServerAssociation - Got a GetDataValues request for node: ied1lDevice1/DSCH1.SchdAbsTm.val(206): 0.0
calling GetDataValues(ied1lDevice1/DSCH1.SchdAbsTm.val(207))
20:47:10.267 [openiec61850-osi-server-1-thread-1] DEBUG com.beanit.openiec61850.ServerAssociation - Got a GetDataValues request for node: ied1lDevice1/DSCH1.SchdAbsTm.val(207): 0.0
calling GetDataValues(ied1lDevice1/DSCH1.SchdAbsTm.val(208))
20:47:10.267 [openiec61850-osi-server-1-thread-1] DEBUG com.beanit.openiec61850.ServerAssociation - Got a GetDataValues request for node: ied1lDevice1/DSCH1.SchdAbsTm.val(208): 0.0
calling GetDataValues(ied1lDevice1/DSCH1.SchdAbsTm.val(209))
20:47:10.267 [openiec61850-osi-server-1-thread-1] DEBUG com.beanit.openiec61850.ServerAssociation - Got a GetDataValues request for node: ied1lDevice1/DSCH1.SchdAbsTm.val(209): 0.0
calling GetDataValues(ied1lDevice1/DSCH1.SchdAbsTm.val(210))
20:47:10.267 [openiec61850-osi-server-1-thread-1] DEBUG com.beanit.openiec61850.ServerAssociation - Got a GetDataValues request for node: ied1lDevice1/DSCH1.SchdAbsTm.val(210): 0.0
calling GetDataValues(ied1lDevice1/DSCH1.SchdAbsTm.val(211))
20:47:10.268 [openiec61850-osi-server-1-thread-1] DEBUG com.beanit.openiec61850.ServerAssociation - Got a GetDataValues request for node: ied1lDevice1/DSCH1.SchdAbsTm.val(211): 0.0
calling GetDataValues(ied1lDevice1/DSCH1.SchdAbsTm.val(212))
20:47:10.268 [openiec61850-osi-server-1-thread-1] DEBUG com.beanit.openiec61850.ServerAssociation - Got a GetDataValues request for node: ied1lDevice1/DSCH1.SchdAbsTm.val(212): 0.0
calling GetDataValues(ied1lDevice1/DSCH1.SchdAbsTm.val(213))
20:47:10.268 [openiec61850-osi-server-1-thread-1] DEBUG com.beanit.openiec61850.ServerAssociation - Got a GetDataValues request for node: ied1lDevice1/DSCH1.SchdAbsTm.val(213): 0.0
calling GetDataValues(ied1lDevice1/DSCH1.SchdAbsTm.val(214))
20:47:10.268 [openiec61850-osi-server-1-thread-1] DEBUG com.beanit.openiec61850.ServerAssociation - Got a GetDataValues request for node: ied1lDevice1/DSCH1.SchdAbsTm.val(214): 0.0
calling GetDataValues(ied1lDevice1/DSCH1.SchdAbsTm.val(215))
20:47:10.269 [openiec61850-osi-server-1-thread-1] DEBUG com.beanit.openiec61850.ServerAssociation - Got a GetDataValues request for node: ied1lDevice1/DSCH1.SchdAbsTm.val(215): 0.0
calling GetDataValues(ied1lDevice1/DSCH1.SchdAbsTm.val(216))
20:47:10.269 [openiec61850-osi-server-1-thread-1] DEBUG com.beanit.openiec61850.ServerAssociation - Got a GetDataValues request for node: ied1lDevice1/DSCH1.SchdAbsTm.val(216): 0.0
calling GetDataValues(ied1lDevice1/DSCH1.SchdAbsTm.val(217))
20:47:10.269 [openiec61850-osi-server-1-thread-1] DEBUG com.beanit.openiec61850.ServerAssociation - Got a GetDataValues request for node: ied1lDevice1/DSCH1.SchdAbsTm.val(217): 0.0
calling GetDataValues(ied1lDevice1/DSCH1.SchdAbsTm.val(218))
20:47:10.269 [openiec61850-osi-server-1-thread-1] DEBUG com.beanit.openiec61850.ServerAssociation - Got a GetDataValues request for node: ied1lDevice1/DSCH1.SchdAbsTm.val(218): 0.0
calling GetDataValues(ied1lDevice1/DSCH1.SchdAbsTm.val(219))
20:47:10.270 [openiec61850-osi-server-1-thread-1] DEBUG com.beanit.openiec61850.ServerAssociation - Got a GetDataValues request for node: ied1lDevice1/DSCH1.SchdAbsTm.val(219): 0.0
calling GetDataValues(ied1lDevice1/DSCH1.SchdAbsTm.val(220))
20:47:10.270 [openiec61850-osi-server-1-thread-1] DEBUG com.beanit.openiec61850.ServerAssociation - Got a GetDataValues request for node: ied1lDevice1/DSCH1.SchdAbsTm.val(220): 0.0
calling GetDataValues(ied1lDevice1/DSCH1.SchdAbsTm.val(221))
20:47:10.270 [openiec61850-osi-server-1-thread-1] DEBUG com.beanit.openiec61850.ServerAssociation - Got a GetDataValues request for node: ied1lDevice1/DSCH1.SchdAbsTm.val(221): 0.0
calling GetDataValues(ied1lDevice1/DSCH1.SchdAbsTm.val(222))
20:47:10.270 [openiec61850-osi-server-1-thread-1] DEBUG com.beanit.openiec61850.ServerAssociation - Got a GetDataValues request for node: ied1lDevice1/DSCH1.SchdAbsTm.val(222): 0.0
calling GetDataValues(ied1lDevice1/DSCH1.SchdAbsTm.val(223))
20:47:10.271 [openiec61850-osi-server-1-thread-1] DEBUG com.beanit.openiec61850.ServerAssociation - Got a GetDataValues request for node: ied1lDevice1/DSCH1.SchdAbsTm.val(223): 0.0
calling GetDataValues(ied1lDevice1/DSCH1.SchdAbsTm.val(224))
20:47:10.271 [openiec61850-osi-server-1-thread-1] DEBUG com.beanit.openiec61850.ServerAssociation - Got a GetDataValues request for node: ied1lDevice1/DSCH1.SchdAbsTm.val(224): 0.0
calling GetDataValues(ied1lDevice1/DSCH1.SchdAbsTm.val(225))
20:47:10.271 [openiec61850-osi-server-1-thread-1] DEBUG com.beanit.openiec61850.ServerAssociation - Got a GetDataValues request for node: ied1lDevice1/DSCH1.SchdAbsTm.val(225): 0.0
calling GetDataValues(ied1lDevice1/DSCH1.SchdAbsTm.val(226))
20:47:10.271 [openiec61850-osi-server-1-thread-1] DEBUG com.beanit.openiec61850.ServerAssociation - Got a GetDataValues request for node: ied1lDevice1/DSCH1.SchdAbsTm.val(226): 0.0
calling GetDataValues(ied1lDevice1/DSCH1.SchdAbsTm.val(227))
20:47:10.271 [openiec61850-osi-server-1-thread-1] DEBUG com.beanit.openiec61850.ServerAssociation - Got a GetDataValues request for node: ied1lDevice1/DSCH1.SchdAbsTm.val(227): 0.0
calling GetDataValues(ied1lDevice1/DSCH1.SchdAbsTm.val(228))
20:47:10.272 [openiec61850-osi-server-1-thread-1] DEBUG com.beanit.openiec61850.ServerAssociation - Got a GetDataValues request for node: ied1lDevice1/DSCH1.SchdAbsTm.val(228): 0.0
calling GetDataValues(ied1lDevice1/DSCH1.SchdAbsTm.val(229))
20:47:10.272 [openiec61850-osi-server-1-thread-1] DEBUG com.beanit.openiec61850.ServerAssociation - Got a GetDataValues request for node: ied1lDevice1/DSCH1.SchdAbsTm.val(229): 0.0
calling GetDataValues(ied1lDevice1/DSCH1.SchdAbsTm.val(230))
20:47:10.272 [openiec61850-osi-server-1-thread-1] DEBUG com.beanit.openiec61850.ServerAssociation - Got a GetDataValues request for node: ied1lDevice1/DSCH1.SchdAbsTm.val(230): 0.0
calling GetDataValues(ied1lDevice1/DSCH1.SchdAbsTm.val(231))
20:47:10.272 [openiec61850-osi-server-1-thread-1] DEBUG com.beanit.openiec61850.ServerAssociation - Got a GetDataValues request for node: ied1lDevice1/DSCH1.SchdAbsTm.val(231): 0.0
calling GetDataValues(ied1lDevice1/DSCH1.SchdAbsTm.val(232))
20:47:10.272 [openiec61850-osi-server-1-thread-1] DEBUG com.beanit.openiec61850.ServerAssociation - Got a GetDataValues request for node: ied1lDevice1/DSCH1.SchdAbsTm.val(232): 0.0
calling GetDataValues(ied1lDevice1/DSCH1.SchdAbsTm.val(233))
20:47:10.273 [openiec61850-osi-server-1-thread-1] DEBUG com.beanit.openiec61850.ServerAssociation - Got a GetDataValues request for node: ied1lDevice1/DSCH1.SchdAbsTm.val(233): 0.0
calling GetDataValues(ied1lDevice1/DSCH1.SchdAbsTm.val(234))
20:47:10.273 [openiec61850-osi-server-1-thread-1] DEBUG com.beanit.openiec61850.ServerAssociation - Got a GetDataValues request for node: ied1lDevice1/DSCH1.SchdAbsTm.val(234): 0.0
calling GetDataValues(ied1lDevice1/DSCH1.SchdAbsTm.val(235))
20:47:10.273 [openiec61850-osi-server-1-thread-1] DEBUG com.beanit.openiec61850.ServerAssociation - Got a GetDataValues request for node: ied1lDevice1/DSCH1.SchdAbsTm.val(235): 0.0
calling GetDataValues(ied1lDevice1/DSCH1.SchdAbsTm.val(236))
20:47:10.273 [openiec61850-osi-server-1-thread-1] DEBUG com.beanit.openiec61850.ServerAssociation - Got a GetDataValues request for node: ied1lDevice1/DSCH1.SchdAbsTm.val(236): 0.0
calling GetDataValues(ied1lDevice1/DSCH1.SchdAbsTm.val(237))
20:47:10.273 [openiec61850-osi-server-1-thread-1] DEBUG com.beanit.openiec61850.ServerAssociation - Got a GetDataValues request for node: ied1lDevice1/DSCH1.SchdAbsTm.val(237): 0.0
calling GetDataValues(ied1lDevice1/DSCH1.SchdAbsTm.val(238))
20:47:10.273 [openiec61850-osi-server-1-thread-1] DEBUG com.beanit.openiec61850.ServerAssociation - Got a GetDataValues request for node: ied1lDevice1/DSCH1.SchdAbsTm.val(238): 0.0
calling GetDataValues(ied1lDevice1/DSCH1.SchdAbsTm.val(239))
20:47:10.274 [openiec61850-osi-server-1-thread-1] DEBUG com.beanit.openiec61850.ServerAssociation - Got a GetDataValues request for node: ied1lDevice1/DSCH1.SchdAbsTm.val(239): 0.0
calling GetDataValues(ied1lDevice1/DSCH1.SchdAbsTm.val(240))
20:47:10.274 [openiec61850-osi-server-1-thread-1] DEBUG com.beanit.openiec61850.ServerAssociation - Got a GetDataValues request for node: ied1lDevice1/DSCH1.SchdAbsTm.val(240): 0.0
calling GetDataValues(ied1lDevice1/DSCH1.SchdAbsTm.val(241))
20:47:10.274 [openiec61850-osi-server-1-thread-1] DEBUG com.beanit.openiec61850.ServerAssociation - Got a GetDataValues request for node: ied1lDevice1/DSCH1.SchdAbsTm.val(241): 0.0
calling GetDataValues(ied1lDevice1/DSCH1.SchdAbsTm.val(242))
20:47:10.274 [openiec61850-osi-server-1-thread-1] DEBUG com.beanit.openiec61850.ServerAssociation - Got a GetDataValues request for node: ied1lDevice1/DSCH1.SchdAbsTm.val(242): 0.0
calling GetDataValues(ied1lDevice1/DSCH1.SchdAbsTm.val(243))
20:47:10.274 [openiec61850-osi-server-1-thread-1] DEBUG com.beanit.openiec61850.ServerAssociation - Got a GetDataValues request for node: ied1lDevice1/DSCH1.SchdAbsTm.val(243): 0.0
calling GetDataValues(ied1lDevice1/DSCH1.SchdAbsTm.val(244))
20:47:10.274 [openiec61850-osi-server-1-thread-1] DEBUG com.beanit.openiec61850.ServerAssociation - Got a GetDataValues request for node: ied1lDevice1/DSCH1.SchdAbsTm.val(244): 0.0
calling GetDataValues(ied1lDevice1/DSCH1.SchdAbsTm.val(245))
20:47:10.275 [openiec61850-osi-server-1-thread-1] DEBUG com.beanit.openiec61850.ServerAssociation - Got a GetDataValues request for node: ied1lDevice1/DSCH1.SchdAbsTm.val(245): 0.0
calling GetDataValues(ied1lDevice1/DSCH1.SchdAbsTm.val(246))
20:47:10.275 [openiec61850-osi-server-1-thread-1] DEBUG com.beanit.openiec61850.ServerAssociation - Got a GetDataValues request for node: ied1lDevice1/DSCH1.SchdAbsTm.val(246): 0.0
calling GetDataValues(ied1lDevice1/DSCH1.SchdAbsTm.val(247))
20:47:10.275 [openiec61850-osi-server-1-thread-1] DEBUG com.beanit.openiec61850.ServerAssociation - Got a GetDataValues request for node: ied1lDevice1/DSCH1.SchdAbsTm.val(247): 0.0
calling GetDataValues(ied1lDevice1/DSCH1.SchdAbsTm.val(248))
20:47:10.275 [openiec61850-osi-server-1-thread-1] DEBUG com.beanit.openiec61850.ServerAssociation - Got a GetDataValues request for node: ied1lDevice1/DSCH1.SchdAbsTm.val(248): 0.0
calling GetDataValues(ied1lDevice1/DSCH1.SchdAbsTm.val(249))
20:47:10.275 [openiec61850-osi-server-1-thread-1] DEBUG com.beanit.openiec61850.ServerAssociation - Got a GetDataValues request for node: ied1lDevice1/DSCH1.SchdAbsTm.val(249): 0.0
calling GetDataValues(ied1lDevice1/DSCH1.SchdAbsTm.val(250))
20:47:10.275 [openiec61850-osi-server-1-thread-1] DEBUG com.beanit.openiec61850.ServerAssociation - Got a GetDataValues request for node: ied1lDevice1/DSCH1.SchdAbsTm.val(250): 0.0
calling GetDataValues(ied1lDevice1/DSCH1.SchdAbsTm.val(251))
20:47:10.276 [openiec61850-osi-server-1-thread-1] DEBUG com.beanit.openiec61850.ServerAssociation - Got a GetDataValues request for node: ied1lDevice1/DSCH1.SchdAbsTm.val(251): 0.0
calling GetDataValues(ied1lDevice1/DSCH1.SchdAbsTm.val(252))
20:47:10.276 [openiec61850-osi-server-1-thread-1] DEBUG com.beanit.openiec61850.ServerAssociation - Got a GetDataValues request for node: ied1lDevice1/DSCH1.SchdAbsTm.val(252): 0.0
calling GetDataValues(ied1lDevice1/DSCH1.SchdAbsTm.val(253))
20:47:10.276 [openiec61850-osi-server-1-thread-1] DEBUG com.beanit.openiec61850.ServerAssociation - Got a GetDataValues request for node: ied1lDevice1/DSCH1.SchdAbsTm.val(253): 0.0
calling GetDataValues(ied1lDevice1/DSCH1.SchdAbsTm.val(254))
20:47:10.276 [openiec61850-osi-server-1-thread-1] DEBUG com.beanit.openiec61850.ServerAssociation - Got a GetDataValues request for node: ied1lDevice1/DSCH1.SchdAbsTm.val(254): 0.0
calling GetDataValues(ied1lDevice1/DSCH1.SchdAbsTm.sptestval1)
20:47:10.276 [openiec61850-osi-server-1-thread-1] DEBUG com.beanit.openiec61850.ServerAssociation - Got a GetDataValues request for node: ied1lDevice1/DSCH1.SchdAbsTm.sptestval1: 0
calling GetDataValues(ied1lDevice1/DSCH1.SchdAbsTm.sptestval2)
20:47:10.277 [openiec61850-osi-server-1-thread-1] DEBUG com.beanit.openiec61850.ServerAssociation - Got a GetDataValues request for node: ied1lDevice1/DSCH1.SchdAbsTm.sptestval2: 0
20:47:10.277 [openiec61850-osi-server-1-thread-1] DEBUG com.beanit.openiec61850.ServerAssociation - Got a GetDataValues request for node: ied1lDevice1/MMXU1.TotW.t: Thu Jan 01 01:00:00 CET 1970
20:47:10.278 [openiec61850-osi-server-1-thread-1] DEBUG com.beanit.openiec61850.ServerAssociation - Got a Write request
20:47:10.279 [openiec61850-osi-server-1-thread-1] DEBUG com.beanit.openiec61850.ServerAssociation - Got a SetDataValues request.
DataSource: got write request
20:47:10.280 [openiec61850-osi-server-1-thread-1] DEBUG com.beanit.openiec61850.ServerAssociation - Got a GetDataValues request for node: ied1lDevice1/LLN0.NamPlt.vendor: Fraunhofer ISE
20:47:10.280 [openiec61850-osi-server-1-thread-1] DEBUG com.beanit.openiec61850.ServerAssociation - Got a Write request
20:47:10.280 [openiec61850-osi-server-1-thread-1] DEBUG com.beanit.openiec61850.ServerAssociation - Got a SetDataSetValues request.
DataSource: got write request
20:47:10.280 [openiec61850-osi-server-1-thread-1] DEBUG com.beanit.openiec61850.ServerAssociation - Got a GetDataSetValues request.
20:47:10.281 [openiec61850-osi-server-1-thread-1] DEBUG com.beanit.openiec61850.ServerAssociation - Got a CreateDataSet request
20:47:10.282 [openiec61850-osi-server-1-thread-1] DEBUG com.beanit.openiec61850.ServerAssociation - Got a GetDataSetValues request.
20:47:10.284 [openiec61850-osi-server-1-thread-1] DEBUG com.beanit.openiec61850.ServerAssociation - Got a DeleteDataSet request
20:47:10.284 [openiec61850-osi-server-1-thread-1] DEBUG com.beanit.openiec61850.ServerAssociation - Got a GetDataSetValues request.
20:47:10.284 [openiec61850-osi-server-1-thread-1] WARN com.beanit.openiec61850.ServerAssociation - handleGetDataSetValuesRequest: a DataSet with the given reference does not exist
20:47:10.286 [openiec61850-osi-server-1-thread-1] DEBUG com.beanit.openiec61850.ServerAssociation - Got a GetDataSetValues request.
20:47:10.287 [openiec61850-osi-server-1-thread-1] DEBUG com.beanit.openiec61850.ServerAssociation - Got a GetDataValues request for node: ied1lDevice1/CSWI1.PosA.SBO: ''
20:47:10.287 [openiec61850-osi-server-1-thread-1] DEBUG com.beanit.openiec61850.ServerAssociation - Got a GetDataValues request for node: ied1lDevice1/CSWI1.PosA.SBO: ''
20:47:10.291 [openiec61850-osi-server-2-thread-2] DEBUG com.beanit.openiec61850.ServerAssociation - Got a GetServerDirectory (MMS GetNameList[DOMAIN]) request
20:47:10.293 [openiec61850-osi-server-2-thread-2] DEBUG com.beanit.openiec61850.ServerAssociation - Got a Get{LD|LN}Directory (MMS GetNameList[NAMED_VARIABLE]) request
20:47:10.295 [openiec61850-osi-server-2-thread-2] DEBUG com.beanit.openiec61850.ServerAssociation - Got a GetDataDirectory/GetDataDefinition (MMS GetVariableAccessAttributes) request
20:47:10.301 [openiec61850-osi-server-2-thread-2] DEBUG com.beanit.openiec61850.ServerAssociation - Got a GetDataDirectory/GetDataDefinition (MMS GetVariableAccessAttributes) request
20:47:10.301 [openiec61850-osi-server-2-thread-2] DEBUG com.beanit.openiec61850.ServerAssociation - Got a GetDataDirectory/GetDataDefinition (MMS GetVariableAccessAttributes) request
20:47:10.302 [openiec61850-osi-server-2-thread-2] DEBUG com.beanit.openiec61850.ServerAssociation - Got a GetDataDirectory/GetDataDefinition (MMS GetVariableAccessAttributes) request
20:47:10.304 [openiec61850-osi-server-2-thread-2] DEBUG com.beanit.openiec61850.ServerAssociation - Got a GetDataDirectory/GetDataDefinition (MMS GetVariableAccessAttributes) request
20:47:10.306 [openiec61850-osi-server-2-thread-2] DEBUG com.beanit.openiec61850.ServerAssociation - Got a GetLogicalNodeDirectory[DataSet] (MMS GetNameList[NAMED_VARIABLE_LIST]) request
20:47:10.306 [openiec61850-osi-server-2-thread-2] DEBUG com.beanit.openiec61850.ServerAssociation - Got a GetDataSetDirectory request
20:47:10.307 [openiec61850-osi-server-2-thread-2] DEBUG com.beanit.openiec61850.ServerAssociation - Got a GetDataSetDirectory request
20:47:10.307 [openiec61850-osi-server-2-thread-2] DEBUG com.beanit.openiec61850.ServerAssociation - Got a GetDataValues request for node: ied1lDevice1/CSWI1.PosA.SBO: ''
20:47:11.308 [openiec61850-osi-server-2-thread-2] DEBUG com.beanit.openiec61850.ServerAssociation - Got a GetDataValues request for node: ied1lDevice1/CSWI1.PosA.SBO: ''
20:47:11.308 [openiec61850-osi-server-1-thread-1] DEBUG com.beanit.openiec61850.ServerAssociation - Got a GetDataValues request for node: ied1lDevice1/CSWI1.PosA.SBO: ''
20:47:11.309 [openiec61850-osi-server-2-thread-2] DEBUG com.beanit.openiec61850.ServerAssociation - Connection was closed by client.
Association closed!
Connection closed by client
20:47:11.411 [openiec61850-osi-server-1-thread-1] DEBUG com.beanit.openiec61850.ServerAssociation - Got a GetDataValues request for node: ied1lDevice1/CSWI1.PosA.SBO: ''
20:47:11.411 [openiec61850-osi-server-1-thread-1] DEBUG com.beanit.openiec61850.ServerAssociation - Got a Write request
20:47:11.411 [openiec61850-osi-server-1-thread-1] DEBUG com.beanit.openiec61850.ServerAssociation - Got a SetDataValues request.
DataSource: got write request
20:47:11.411 [openiec61850-osi-server-1-thread-1] DEBUG com.beanit.openiec61850.ServerAssociation - Got a GetDataValues request for node: ied1lDevice1/LLN0.urcb101 [RP]
ied1lDevice1/LLN0.urcb101.RptID: urcb1
ied1lDevice1/LLN0.urcb101.RptEna: false
ied1lDevice1/LLN0.urcb101.Resv: false
ied1lDevice1/LLN0.urcb101.DatSet: ied1lDevice1/LLN0$dataset1
ied1lDevice1/LLN0.urcb101.ConfRev: 0
ied1lDevice1/LLN0.urcb101.OptFlds: 0x78 0x00
ied1lDevice1/LLN0.urcb101.BufTm: 50
ied1lDevice1/LLN0.urcb101.SqNum: 0
ied1lDevice1/LLN0.urcb101.TrgOps: 0x74, data change: true, data update: true, quality change:true, integrity period: false, GI: true
ied1lDevice1/LLN0.urcb101.IntgPd: 5000
ied1lDevice1/LLN0.urcb101.GI: false
ied1lDevice1/LLN0.urcb101.Owner: []
20:47:11.412 [openiec61850-osi-server-1-thread-1] DEBUG com.beanit.openiec61850.ServerAssociation - sub BDA is:ied1lDevice1/LLN0.urcb101.RptID: urcb1
20:47:11.412 [openiec61850-osi-server-1-thread-1] DEBUG com.beanit.openiec61850.ServerAssociation - sub BDA is:ied1lDevice1/LLN0.urcb101.RptEna: false
20:47:11.412 [openiec61850-osi-server-1-thread-1] DEBUG com.beanit.openiec61850.ServerAssociation - sub BDA is:ied1lDevice1/LLN0.urcb101.Resv: false
20:47:11.412 [openiec61850-osi-server-1-thread-1] DEBUG com.beanit.openiec61850.ServerAssociation - sub BDA is:ied1lDevice1/LLN0.urcb101.DatSet: ied1lDevice1/LLN0$dataset1
20:47:11.412 [openiec61850-osi-server-1-thread-1] DEBUG com.beanit.openiec61850.ServerAssociation - sub BDA is:ied1lDevice1/LLN0.urcb101.ConfRev: 0
20:47:11.412 [openiec61850-osi-server-1-thread-1] DEBUG com.beanit.openiec61850.ServerAssociation - sub BDA is:ied1lDevice1/LLN0.urcb101.OptFlds: 0x78 0x00
20:47:11.412 [openiec61850-osi-server-1-thread-1] DEBUG com.beanit.openiec61850.ServerAssociation - sub BDA is:ied1lDevice1/LLN0.urcb101.BufTm: 50
20:47:11.412 [openiec61850-osi-server-1-thread-1] DEBUG com.beanit.openiec61850.ServerAssociation - sub BDA is:ied1lDevice1/LLN0.urcb101.SqNum: 0
20:47:11.412 [openiec61850-osi-server-1-thread-1] DEBUG com.beanit.openiec61850.ServerAssociation - sub BDA is:ied1lDevice1/LLN0.urcb101.TrgOps: 0x74, data change: true, data update: true, quality change:true, integrity period: false, GI: true
20:47:11.412 [openiec61850-osi-server-1-thread-1] DEBUG com.beanit.openiec61850.ServerAssociation - sub BDA is:ied1lDevice1/LLN0.urcb101.IntgPd: 5000
20:47:11.412 [openiec61850-osi-server-1-thread-1] DEBUG com.beanit.openiec61850.ServerAssociation - sub BDA is:ied1lDevice1/LLN0.urcb101.GI: false
20:47:11.412 [openiec61850-osi-server-1-thread-1] DEBUG com.beanit.openiec61850.ServerAssociation - sub BDA is:ied1lDevice1/LLN0.urcb101.Owner: []
20:47:11.412 [openiec61850-osi-server-1-thread-1] DEBUG com.beanit.openiec61850.ServerAssociation - Got a GetDataValues request for node: ied1lDevice1/LLN0.urcb2 [RP]
ied1lDevice1/LLN0.urcb2.RptID: ied1lDevice1/LLN0.urcb2
ied1lDevice1/LLN0.urcb2.RptEna: false
ied1lDevice1/LLN0.urcb2.Resv: false
ied1lDevice1/LLN0.urcb2.DatSet: ied1lDevice1/LLN0$dataset1
ied1lDevice1/LLN0.urcb2.ConfRev: 0
ied1lDevice1/LLN0.urcb2.OptFlds: 0x00 0x00
ied1lDevice1/LLN0.urcb2.BufTm: 0
ied1lDevice1/LLN0.urcb2.SqNum: 0
ied1lDevice1/LLN0.urcb2.TrgOps: 0x04, data change: false, data update: false, quality change:false, integrity period: false, GI: true
ied1lDevice1/LLN0.urcb2.IntgPd: 0
ied1lDevice1/LLN0.urcb2.GI: false
ied1lDevice1/LLN0.urcb2.Owner: []
20:47:11.412 [openiec61850-osi-server-1-thread-1] DEBUG com.beanit.openiec61850.ServerAssociation - sub BDA is:ied1lDevice1/LLN0.urcb2.RptID: ied1lDevice1/LLN0.urcb2
20:47:11.412 [openiec61850-osi-server-1-thread-1] DEBUG com.beanit.openiec61850.ServerAssociation - sub BDA is:ied1lDevice1/LLN0.urcb2.RptEna: false
20:47:11.412 [openiec61850-osi-server-1-thread-1] DEBUG com.beanit.openiec61850.ServerAssociation - sub BDA is:ied1lDevice1/LLN0.urcb2.Resv: false
20:47:11.412 [openiec61850-osi-server-1-thread-1] DEBUG com.beanit.openiec61850.ServerAssociation - sub BDA is:ied1lDevice1/LLN0.urcb2.DatSet: ied1lDevice1/LLN0$dataset1
20:47:11.412 [openiec61850-osi-server-1-thread-1] DEBUG com.beanit.openiec61850.ServerAssociation - sub BDA is:ied1lDevice1/LLN0.urcb2.ConfRev: 0
20:47:11.412 [openiec61850-osi-server-1-thread-1] DEBUG com.beanit.openiec61850.ServerAssociation - sub BDA is:ied1lDevice1/LLN0.urcb2.OptFlds: 0x00 0x00
20:47:11.412 [openiec61850-osi-server-1-thread-1] DEBUG com.beanit.openiec61850.ServerAssociation - sub BDA is:ied1lDevice1/LLN0.urcb2.BufTm: 0
20:47:11.412 [openiec61850-osi-server-1-thread-1] DEBUG com.beanit.openiec61850.ServerAssociation - sub BDA is:ied1lDevice1/LLN0.urcb2.SqNum: 0
20:47:11.412 [openiec61850-osi-server-1-thread-1] DEBUG com.beanit.openiec61850.ServerAssociation - sub BDA is:ied1lDevice1/LLN0.urcb2.TrgOps: 0x04, data change: false, data update: false, quality change:false, integrity period: false, GI: true
20:47:11.412 [openiec61850-osi-server-1-thread-1] DEBUG com.beanit.openiec61850.ServerAssociation - sub BDA is:ied1lDevice1/LLN0.urcb2.IntgPd: 0
20:47:11.412 [openiec61850-osi-server-1-thread-1] DEBUG com.beanit.openiec61850.ServerAssociation - sub BDA is:ied1lDevice1/LLN0.urcb2.GI: false
20:47:11.412 [openiec61850-osi-server-1-thread-1] DEBUG com.beanit.openiec61850.ServerAssociation - sub BDA is:ied1lDevice1/LLN0.urcb2.Owner: []
20:47:11.412 [openiec61850-osi-server-1-thread-1] DEBUG com.beanit.openiec61850.ServerAssociation - Got a GetDataValues request for node: ied1lDevice1/LLN0.urcb101.Resv: false
20:47:11.412 [openiec61850-osi-server-1-thread-1] DEBUG com.beanit.openiec61850.ServerAssociation - Got a Write request
20:47:11.412 [openiec61850-osi-server-1-thread-1] DEBUG com.beanit.openiec61850.ServerAssociation - Got a SetDataValues request.
20:47:11.412 [openiec61850-osi-server-1-thread-1] DEBUG com.beanit.openiec61850.ServerAssociation - Got a GetDataValues request for node: ied1lDevice1/LLN0.urcb101.Resv: true
20:47:11.413 [openiec61850-osi-server-1-thread-1] DEBUG com.beanit.openiec61850.ServerAssociation - Got a Write request
20:47:11.413 [openiec61850-osi-server-1-thread-1] DEBUG com.beanit.openiec61850.ServerAssociation - Got a SetDataValues request.
20:47:11.413 [openiec61850-osi-server-1-thread-1] DEBUG com.beanit.openiec61850.ServerAssociation - Got a Write request
20:47:11.413 [openiec61850-osi-server-1-thread-1] DEBUG com.beanit.openiec61850.ServerAssociation - Got a SetDataValues request.
20:47:11.413 [openiec61850-osi-server-1-thread-1] DEBUG com.beanit.openiec61850.ServerAssociation - Got a Write request
20:47:11.413 [openiec61850-osi-server-1-thread-1] DEBUG com.beanit.openiec61850.ServerAssociation - Got a SetDataValues request.
20:47:11.413 [openiec61850-osi-server-1-thread-1] DEBUG com.beanit.openiec61850.ServerAssociation - Got a Write request
20:47:11.413 [openiec61850-osi-server-1-thread-1] DEBUG com.beanit.openiec61850.ServerAssociation - Got a SetDataValues request.
20:47:11.413 [openiec61850-osi-server-1-thread-1] DEBUG com.beanit.openiec61850.ServerAssociation - Got a Write request
20:47:11.413 [openiec61850-osi-server-1-thread-1] DEBUG com.beanit.openiec61850.ServerAssociation - Got a SetDataValues request.
20:47:11.413 [openiec61850-osi-server-1-thread-1] DEBUG com.beanit.openiec61850.ServerAssociation - Got a Write request
20:47:11.413 [openiec61850-osi-server-1-thread-1] DEBUG com.beanit.openiec61850.ServerAssociation - Got a SetDataValues request.
20:47:11.414 [openiec61850-osi-server-1-thread-1] DEBUG com.beanit.openiec61850.ServerAssociation - Got a GetDataValues request for node: ied1lDevice1/LLN0.urcb101 [RP]
ied1lDevice1/LLN0.urcb101.RptID: myurcb1
ied1lDevice1/LLN0.urcb101.RptEna: false
ied1lDevice1/LLN0.urcb101.Resv: true
ied1lDevice1/LLN0.urcb101.DatSet: ied1lDevice1/LLN0$dataset1
ied1lDevice1/LLN0.urcb101.ConfRev: 0
ied1lDevice1/LLN0.urcb101.OptFlds: 0x78 0x00
ied1lDevice1/LLN0.urcb101.BufTm: 50
ied1lDevice1/LLN0.urcb101.SqNum: 0
ied1lDevice1/LLN0.urcb101.TrgOps: 0x20, data change: false, data update: false, quality change:true, integrity period: false, GI: false
ied1lDevice1/LLN0.urcb101.IntgPd: 5000
ied1lDevice1/LLN0.urcb101.GI: false
ied1lDevice1/LLN0.urcb101.Owner: []
20:47:11.414 [openiec61850-osi-server-1-thread-1] DEBUG com.beanit.openiec61850.ServerAssociation - sub BDA is:ied1lDevice1/LLN0.urcb101.RptID: myurcb1
20:47:11.414 [openiec61850-osi-server-1-thread-1] DEBUG com.beanit.openiec61850.ServerAssociation - sub BDA is:ied1lDevice1/LLN0.urcb101.RptEna: false
20:47:11.414 [openiec61850-osi-server-1-thread-1] DEBUG com.beanit.openiec61850.ServerAssociation - sub BDA is:ied1lDevice1/LLN0.urcb101.Resv: true
20:47:11.414 [openiec61850-osi-server-1-thread-1] DEBUG com.beanit.openiec61850.ServerAssociation - sub BDA is:ied1lDevice1/LLN0.urcb101.DatSet: ied1lDevice1/LLN0$dataset1
20:47:11.414 [openiec61850-osi-server-1-thread-1] DEBUG com.beanit.openiec61850.ServerAssociation - sub BDA is:ied1lDevice1/LLN0.urcb101.ConfRev: 0
20:47:11.414 [openiec61850-osi-server-1-thread-1] DEBUG com.beanit.openiec61850.ServerAssociation - sub BDA is:ied1lDevice1/LLN0.urcb101.OptFlds: 0x78 0x00
20:47:11.414 [openiec61850-osi-server-1-thread-1] DEBUG com.beanit.openiec61850.ServerAssociation - sub BDA is:ied1lDevice1/LLN0.urcb101.BufTm: 50
20:47:11.414 [openiec61850-osi-server-1-thread-1] DEBUG com.beanit.openiec61850.ServerAssociation - sub BDA is:ied1lDevice1/LLN0.urcb101.SqNum: 0
20:47:11.414 [openiec61850-osi-server-1-thread-1] DEBUG com.beanit.openiec61850.ServerAssociation - sub BDA is:ied1lDevice1/LLN0.urcb101.TrgOps: 0x20, data change: false, data update: false, quality change:true, integrity period: false, GI: false
20:47:11.414 [openiec61850-osi-server-1-thread-1] DEBUG com.beanit.openiec61850.ServerAssociation - sub BDA is:ied1lDevice1/LLN0.urcb101.IntgPd: 5000
20:47:11.414 [openiec61850-osi-server-1-thread-1] DEBUG com.beanit.openiec61850.ServerAssociation - sub BDA is:ied1lDevice1/LLN0.urcb101.GI: false
20:47:11.414 [openiec61850-osi-server-1-thread-1] DEBUG com.beanit.openiec61850.ServerAssociation - sub BDA is:ied1lDevice1/LLN0.urcb101.Owner: []
20:47:11.414 [openiec61850-osi-server-1-thread-1] DEBUG com.beanit.openiec61850.ServerAssociation - Got a Write request
20:47:11.414 [openiec61850-osi-server-1-thread-1] DEBUG com.beanit.openiec61850.ServerAssociation - Got a SetDataValues request.
20:47:11.414 [openiec61850-osi-server-1-thread-1] DEBUG com.beanit.openiec61850.ServerAssociation - Got a Write request
20:47:11.414 [openiec61850-osi-server-1-thread-1] DEBUG com.beanit.openiec61850.ServerAssociation - Got a SetDataValues request.
20:47:11.414 [openiec61850-osi-server-1-thread-1] DEBUG com.beanit.openiec61850.ServerAssociation - Got a Write request
20:47:11.414 [openiec61850-osi-server-1-thread-1] DEBUG com.beanit.openiec61850.ServerAssociation - Got a SetDataValues request.
20:47:11.415 [openiec61850-osi-server-1-thread-1] DEBUG com.beanit.openiec61850.ServerAssociation - Got a Write request
20:47:11.415 [openiec61850-osi-server-1-thread-1] DEBUG com.beanit.openiec61850.ServerAssociation - Got a SetDataValues request.
20:47:11.415 [openiec61850-osi-server-1-thread-1] INFO com.beanit.openiec61850.ServerAssociation - Client tried to initiate a general interrogation even though URCB is not enabled by this client or general interrogation is not enabled in the trigger options.
20:47:11.415 [openiec61850-osi-server-1-thread-1] DEBUG com.beanit.openiec61850.ServerAssociation - Got a Write request
20:47:11.415 [openiec61850-osi-server-1-thread-1] DEBUG com.beanit.openiec61850.ServerAssociation - Got a SetDataValues request.
20:47:11.415 [openiec61850-osi-server-1-thread-1] DEBUG com.beanit.openiec61850.ServerAssociation - Got a Write request
20:47:11.415 [openiec61850-osi-server-1-thread-1] DEBUG com.beanit.openiec61850.ServerAssociation - Got a SetDataValues request.
20:47:11.415 [openiec61850-osi-server-1-thread-1] DEBUG com.beanit.openiec61850.ServerAssociation - Got a Write request
20:47:11.415 [openiec61850-osi-server-1-thread-1] DEBUG com.beanit.openiec61850.ServerAssociation - Got a SetDataValues request.
20:47:11.415 [openiec61850-osi-server-1-thread-1] DEBUG com.beanit.openiec61850.ServerAssociation - Got a Write request
20:47:11.415 [openiec61850-osi-server-1-thread-1] DEBUG com.beanit.openiec61850.ServerAssociation - Got a SetDataValues request.
20:47:11.415 [openiec61850-osi-server-1-thread-1] DEBUG com.beanit.openiec61850.ServerAssociation - Got a Write request
20:47:11.415 [openiec61850-osi-server-1-thread-1] DEBUG com.beanit.openiec61850.ServerAssociation - Got a SetDataValues request.
20:47:11.416 [openiec61850-osi-server-1-thread-1] DEBUG com.beanit.openiec61850.ServerAssociation - Got a Write request
20:47:11.416 [openiec61850-osi-server-1-thread-1] DEBUG com.beanit.openiec61850.ServerAssociation - Got a SetDataValues request.
20:47:11.416 [openiec61850-osi-server-1-thread-1] DEBUG com.beanit.openiec61850.ServerAssociation - Got a Write request
20:47:11.416 [openiec61850-osi-server-1-thread-1] DEBUG com.beanit.openiec61850.ServerAssociation - Got a SetDataValues request.
got report!
]]></system-out>
  <system-err><![CDATA[]]></system-err>
</testsuite>
