<?xml version="1.0" encoding="UTF-8"?>
<testsuite name="com.beanit.openiec61850.integrationtests.ClientServerITest" tests="1" skipped="0" failures="0" errors="0" timestamp="2020-02-29T19:38:39" hostname="Mandl-PC" time="12.51">
  <properties/>
  <testcase name="testClientServerCom" classname="com.beanit.openiec61850.integrationtests.ClientServerITest" time="12.51"/>
  <system-out><![CDATA[IED Server is running
Attempting to connect to server 127.0.0.1 on port 54321
setting totWmag to: 1.0
calling GetDataValues(ied1lDevice1/LLN0.Mod)
20:38:39.395 [openiec61850-osi-server-3-thread-1] DEBUG com.beanit.openiec61850.ServerAssociation - Got a GetDataValues request for node: ied1lDevice1/LLN0.Mod [ST]
ied1lDevice1/LLN0.Mod.q: 0x00 0x00
ied1lDevice1/LLN0.Mod.t: Thu Jan 01 01:00:00 CET 1970
20:38:39.397 [openiec61850-osi-server-3-thread-1] DEBUG com.beanit.openiec61850.ServerAssociation - sub BDA is:ied1lDevice1/LLN0.Mod.q: 0x00 0x00
20:38:39.397 [openiec61850-osi-server-3-thread-1] DEBUG com.beanit.openiec61850.ServerAssociation - sub BDA is:ied1lDevice1/LLN0.Mod.t: Thu Jan 01 01:00:00 CET 1970
calling GetDataValues(ied1lDevice1/LLN0.Mod.q)
20:38:39.401 [openiec61850-osi-server-3-thread-1] DEBUG com.beanit.openiec61850.ServerAssociation - Got a GetDataValues request for node: ied1lDevice1/LLN0.Mod.q: 0x00 0x00
calling GetDataValues(ied1lDevice1/LLN0.Mod.t)
20:38:39.402 [openiec61850-osi-server-3-thread-1] DEBUG com.beanit.openiec61850.ServerAssociation - Got a GetDataValues request for node: ied1lDevice1/LLN0.Mod.t: Thu Jan 01 01:00:00 CET 1970
calling GetDataValues(ied1lDevice1/LLN0.Mod)
20:38:39.402 [openiec61850-osi-server-3-thread-1] DEBUG com.beanit.openiec61850.ServerAssociation - Got a GetDataValues request for node: ied1lDevice1/LLN0.Mod [CF]
ied1lDevice1/LLN0.Mod.ctlModel: 0
20:38:39.402 [openiec61850-osi-server-3-thread-1] DEBUG com.beanit.openiec61850.ServerAssociation - sub BDA is:ied1lDevice1/LLN0.Mod.ctlModel: 0
calling GetDataValues(ied1lDevice1/LLN0.Mod.ctlModel)
20:38:39.403 [openiec61850-osi-server-3-thread-1] DEBUG com.beanit.openiec61850.ServerAssociation - Got a GetDataValues request for node: ied1lDevice1/LLN0.Mod.ctlModel: 0
calling GetDataValues(ied1lDevice1/LLN0.Beh)
20:38:39.404 [openiec61850-osi-server-3-thread-1] DEBUG com.beanit.openiec61850.ServerAssociation - Got a GetDataValues request for node: ied1lDevice1/LLN0.Beh [ST]
ied1lDevice1/LLN0.Beh.stVal: 0
ied1lDevice1/LLN0.Beh.q: 0x00 0x00
ied1lDevice1/LLN0.Beh.t: Thu Jan 01 01:00:00 CET 1970
20:38:39.404 [openiec61850-osi-server-3-thread-1] DEBUG com.beanit.openiec61850.ServerAssociation - sub BDA is:ied1lDevice1/LLN0.Beh.stVal: 0
20:38:39.404 [openiec61850-osi-server-3-thread-1] DEBUG com.beanit.openiec61850.ServerAssociation - sub BDA is:ied1lDevice1/LLN0.Beh.q: 0x00 0x00
20:38:39.404 [openiec61850-osi-server-3-thread-1] DEBUG com.beanit.openiec61850.ServerAssociation - sub BDA is:ied1lDevice1/LLN0.Beh.t: Thu Jan 01 01:00:00 CET 1970
calling GetDataValues(ied1lDevice1/LLN0.Beh.stVal)
20:38:39.404 [openiec61850-osi-server-3-thread-1] DEBUG com.beanit.openiec61850.ServerAssociation - Got a GetDataValues request for node: ied1lDevice1/LLN0.Beh.stVal: 0
calling GetDataValues(ied1lDevice1/LLN0.Beh.q)
20:38:39.405 [openiec61850-osi-server-3-thread-1] DEBUG com.beanit.openiec61850.ServerAssociation - Got a GetDataValues request for node: ied1lDevice1/LLN0.Beh.q: 0x00 0x00
calling GetDataValues(ied1lDevice1/LLN0.Beh.t)
20:38:39.405 [openiec61850-osi-server-3-thread-1] DEBUG com.beanit.openiec61850.ServerAssociation - Got a GetDataValues request for node: ied1lDevice1/LLN0.Beh.t: Thu Jan 01 01:00:00 CET 1970
calling GetDataValues(ied1lDevice1/LLN0.Health)
20:38:39.406 [openiec61850-osi-server-3-thread-1] DEBUG com.beanit.openiec61850.ServerAssociation - Got a GetDataValues request for node: ied1lDevice1/LLN0.Health [ST]
ied1lDevice1/LLN0.Health.stVal: 0
ied1lDevice1/LLN0.Health.q: 0x00 0x00
ied1lDevice1/LLN0.Health.t: Thu Jan 01 01:00:00 CET 1970
20:38:39.406 [openiec61850-osi-server-3-thread-1] DEBUG com.beanit.openiec61850.ServerAssociation - sub BDA is:ied1lDevice1/LLN0.Health.stVal: 0
20:38:39.406 [openiec61850-osi-server-3-thread-1] DEBUG com.beanit.openiec61850.ServerAssociation - sub BDA is:ied1lDevice1/LLN0.Health.q: 0x00 0x00
20:38:39.406 [openiec61850-osi-server-3-thread-1] DEBUG com.beanit.openiec61850.ServerAssociation - sub BDA is:ied1lDevice1/LLN0.Health.t: Thu Jan 01 01:00:00 CET 1970
calling GetDataValues(ied1lDevice1/LLN0.Health.stVal)
20:38:39.406 [openiec61850-osi-server-3-thread-1] DEBUG com.beanit.openiec61850.ServerAssociation - Got a GetDataValues request for node: ied1lDevice1/LLN0.Health.stVal: 0
calling GetDataValues(ied1lDevice1/LLN0.Health.q)
20:38:39.407 [openiec61850-osi-server-3-thread-1] DEBUG com.beanit.openiec61850.ServerAssociation - Got a GetDataValues request for node: ied1lDevice1/LLN0.Health.q: 0x00 0x00
calling GetDataValues(ied1lDevice1/LLN0.Health.t)
20:38:39.407 [openiec61850-osi-server-3-thread-1] DEBUG com.beanit.openiec61850.ServerAssociation - Got a GetDataValues request for node: ied1lDevice1/LLN0.Health.t: Thu Jan 01 01:00:00 CET 1970
calling GetDataValues(ied1lDevice1/LLN0.NamPlt)
20:38:39.408 [openiec61850-osi-server-3-thread-1] DEBUG com.beanit.openiec61850.ServerAssociation - Got a GetDataValues request for node: ied1lDevice1/LLN0.NamPlt [DC]
ied1lDevice1/LLN0.NamPlt.vendor: ''
ied1lDevice1/LLN0.NamPlt.swRev: ''
ied1lDevice1/LLN0.NamPlt.d: ''
ied1lDevice1/LLN0.NamPlt.configRev: ''
20:38:39.408 [openiec61850-osi-server-3-thread-1] DEBUG com.beanit.openiec61850.ServerAssociation - sub BDA is:ied1lDevice1/LLN0.NamPlt.vendor: ''
20:38:39.408 [openiec61850-osi-server-3-thread-1] DEBUG com.beanit.openiec61850.ServerAssociation - sub BDA is:ied1lDevice1/LLN0.NamPlt.swRev: ''
20:38:39.408 [openiec61850-osi-server-3-thread-1] DEBUG com.beanit.openiec61850.ServerAssociation - sub BDA is:ied1lDevice1/LLN0.NamPlt.d: ''
20:38:39.408 [openiec61850-osi-server-3-thread-1] DEBUG com.beanit.openiec61850.ServerAssociation - sub BDA is:ied1lDevice1/LLN0.NamPlt.configRev: ''
calling GetDataValues(ied1lDevice1/LLN0.NamPlt.vendor)
20:38:39.409 [openiec61850-osi-server-3-thread-1] DEBUG com.beanit.openiec61850.ServerAssociation - Got a GetDataValues request for node: ied1lDevice1/LLN0.NamPlt.vendor: ''
calling GetDataValues(ied1lDevice1/LLN0.NamPlt.swRev)
20:38:39.409 [openiec61850-osi-server-3-thread-1] DEBUG com.beanit.openiec61850.ServerAssociation - Got a GetDataValues request for node: ied1lDevice1/LLN0.NamPlt.swRev: ''
calling GetDataValues(ied1lDevice1/LLN0.NamPlt.d)
20:38:39.410 [openiec61850-osi-server-3-thread-1] DEBUG com.beanit.openiec61850.ServerAssociation - Got a GetDataValues request for node: ied1lDevice1/LLN0.NamPlt.d: ''
calling GetDataValues(ied1lDevice1/LLN0.NamPlt.configRev)
20:38:39.410 [openiec61850-osi-server-3-thread-1] DEBUG com.beanit.openiec61850.ServerAssociation - Got a GetDataValues request for node: ied1lDevice1/LLN0.NamPlt.configRev: ''
calling GetDataValues(ied1lDevice1/LLN0.NamPlt)
20:38:39.411 [openiec61850-osi-server-3-thread-1] DEBUG com.beanit.openiec61850.ServerAssociation - Got a GetDataValues request for node: ied1lDevice1/LLN0.NamPlt [EX]
ied1lDevice1/LLN0.NamPlt.ldNs: ''
20:38:39.411 [openiec61850-osi-server-3-thread-1] DEBUG com.beanit.openiec61850.ServerAssociation - sub BDA is:ied1lDevice1/LLN0.NamPlt.ldNs: ''
calling GetDataValues(ied1lDevice1/LLN0.NamPlt.ldNs)
20:38:39.411 [openiec61850-osi-server-3-thread-1] DEBUG com.beanit.openiec61850.ServerAssociation - Got a GetDataValues request for node: ied1lDevice1/LLN0.NamPlt.ldNs: ''
calling GetDataValues(ied1lDevice1/LLN0.urcb101)
20:38:39.412 [openiec61850-osi-server-3-thread-1] DEBUG com.beanit.openiec61850.ServerAssociation - Got a GetDataValues request for node: ied1lDevice1/LLN0.urcb101 [RP]
ied1lDevice1/LLN0.urcb101.RptID: urcb1
ied1lDevice1/LLN0.urcb101.RptEna: false
ied1lDevice1/LLN0.urcb101.Resv: false
ied1lDevice1/LLN0.urcb101.DatSet: ied1lDevice1/LLN0$dataset1
ied1lDevice1/LLN0.urcb101.ConfRev: 0
ied1lDevice1/LLN0.urcb101.OptFlds: 0x78 0x00
ied1lDevice1/LLN0.urcb101.BufTm: 50
ied1lDevice1/LLN0.urcb101.SqNum: 0
ied1lDevice1/LLN0.urcb101.TrgOps: 0x74, data change: true, data update: true, quality change:true, integrity period: false, GI: true
ied1lDevice1/LLN0.urcb101.IntgPd: 5000
ied1lDevice1/LLN0.urcb101.GI: false
ied1lDevice1/LLN0.urcb101.Owner: []
20:38:39.412 [openiec61850-osi-server-3-thread-1] DEBUG com.beanit.openiec61850.ServerAssociation - sub BDA is:ied1lDevice1/LLN0.urcb101.RptID: urcb1
20:38:39.412 [openiec61850-osi-server-3-thread-1] DEBUG com.beanit.openiec61850.ServerAssociation - sub BDA is:ied1lDevice1/LLN0.urcb101.RptEna: false
20:38:39.412 [openiec61850-osi-server-3-thread-1] DEBUG com.beanit.openiec61850.ServerAssociation - sub BDA is:ied1lDevice1/LLN0.urcb101.Resv: false
20:38:39.412 [openiec61850-osi-server-3-thread-1] DEBUG com.beanit.openiec61850.ServerAssociation - sub BDA is:ied1lDevice1/LLN0.urcb101.DatSet: ied1lDevice1/LLN0$dataset1
20:38:39.412 [openiec61850-osi-server-3-thread-1] DEBUG com.beanit.openiec61850.ServerAssociation - sub BDA is:ied1lDevice1/LLN0.urcb101.ConfRev: 0
20:38:39.412 [openiec61850-osi-server-3-thread-1] DEBUG com.beanit.openiec61850.ServerAssociation - sub BDA is:ied1lDevice1/LLN0.urcb101.OptFlds: 0x78 0x00
20:38:39.412 [openiec61850-osi-server-3-thread-1] DEBUG com.beanit.openiec61850.ServerAssociation - sub BDA is:ied1lDevice1/LLN0.urcb101.BufTm: 50
20:38:39.412 [openiec61850-osi-server-3-thread-1] DEBUG com.beanit.openiec61850.ServerAssociation - sub BDA is:ied1lDevice1/LLN0.urcb101.SqNum: 0
20:38:39.412 [openiec61850-osi-server-3-thread-1] DEBUG com.beanit.openiec61850.ServerAssociation - sub BDA is:ied1lDevice1/LLN0.urcb101.TrgOps: 0x74, data change: true, data update: true, quality change:true, integrity period: false, GI: true
20:38:39.412 [openiec61850-osi-server-3-thread-1] DEBUG com.beanit.openiec61850.ServerAssociation - sub BDA is:ied1lDevice1/LLN0.urcb101.IntgPd: 5000
20:38:39.412 [openiec61850-osi-server-3-thread-1] DEBUG com.beanit.openiec61850.ServerAssociation - sub BDA is:ied1lDevice1/LLN0.urcb101.GI: false
20:38:39.413 [openiec61850-osi-server-3-thread-1] DEBUG com.beanit.openiec61850.ServerAssociation - sub BDA is:ied1lDevice1/LLN0.urcb101.Owner: []
calling GetDataValues(ied1lDevice1/LLN0.urcb101.RptID)
20:38:39.414 [openiec61850-osi-server-3-thread-1] DEBUG com.beanit.openiec61850.ServerAssociation - Got a GetDataValues request for node: ied1lDevice1/LLN0.urcb101.RptID: urcb1
calling GetDataValues(ied1lDevice1/LLN0.urcb101.RptEna)
20:38:39.414 [openiec61850-osi-server-3-thread-1] DEBUG com.beanit.openiec61850.ServerAssociation - Got a GetDataValues request for node: ied1lDevice1/LLN0.urcb101.RptEna: false
calling GetDataValues(ied1lDevice1/LLN0.urcb101.Resv)
20:38:39.415 [openiec61850-osi-server-3-thread-1] DEBUG com.beanit.openiec61850.ServerAssociation - Got a GetDataValues request for node: ied1lDevice1/LLN0.urcb101.Resv: false
calling GetDataValues(ied1lDevice1/LLN0.urcb101.DatSet)
20:38:39.415 [openiec61850-osi-server-3-thread-1] DEBUG com.beanit.openiec61850.ServerAssociation - Got a GetDataValues request for node: ied1lDevice1/LLN0.urcb101.DatSet: ied1lDevice1/LLN0$dataset1
calling GetDataValues(ied1lDevice1/LLN0.urcb101.ConfRev)
20:38:39.416 [openiec61850-osi-server-3-thread-1] DEBUG com.beanit.openiec61850.ServerAssociation - Got a GetDataValues request for node: ied1lDevice1/LLN0.urcb101.ConfRev: 0
calling GetDataValues(ied1lDevice1/LLN0.urcb101.OptFlds)
20:38:39.416 [openiec61850-osi-server-3-thread-1] DEBUG com.beanit.openiec61850.ServerAssociation - Got a GetDataValues request for node: ied1lDevice1/LLN0.urcb101.OptFlds: 0x78 0x00
calling GetDataValues(ied1lDevice1/LLN0.urcb101.BufTm)
20:38:39.416 [openiec61850-osi-server-3-thread-1] DEBUG com.beanit.openiec61850.ServerAssociation - Got a GetDataValues request for node: ied1lDevice1/LLN0.urcb101.BufTm: 50
calling GetDataValues(ied1lDevice1/LLN0.urcb101.SqNum)
20:38:39.417 [openiec61850-osi-server-3-thread-1] DEBUG com.beanit.openiec61850.ServerAssociation - Got a GetDataValues request for node: ied1lDevice1/LLN0.urcb101.SqNum: 0
calling GetDataValues(ied1lDevice1/LLN0.urcb101.TrgOps)
20:38:39.417 [openiec61850-osi-server-3-thread-1] DEBUG com.beanit.openiec61850.ServerAssociation - Got a GetDataValues request for node: ied1lDevice1/LLN0.urcb101.TrgOps: 0x74, data change: true, data update: true, quality change:true, integrity period: false, GI: true
calling GetDataValues(ied1lDevice1/LLN0.urcb101.IntgPd)
20:38:39.417 [openiec61850-osi-server-3-thread-1] DEBUG com.beanit.openiec61850.ServerAssociation - Got a GetDataValues request for node: ied1lDevice1/LLN0.urcb101.IntgPd: 5000
calling GetDataValues(ied1lDevice1/LLN0.urcb101.GI)
20:38:39.418 [openiec61850-osi-server-3-thread-1] DEBUG com.beanit.openiec61850.ServerAssociation - Got a GetDataValues request for node: ied1lDevice1/LLN0.urcb101.GI: false
calling GetDataValues(ied1lDevice1/LLN0.urcb101.Owner)
20:38:39.418 [openiec61850-osi-server-3-thread-1] DEBUG com.beanit.openiec61850.ServerAssociation - Got a GetDataValues request for node: ied1lDevice1/LLN0.urcb101.Owner: []
calling GetDataValues(ied1lDevice1/LLN0.urcb102)
20:38:39.419 [openiec61850-osi-server-3-thread-1] DEBUG com.beanit.openiec61850.ServerAssociation - Got a GetDataValues request for node: ied1lDevice1/LLN0.urcb102 [RP]
ied1lDevice1/LLN0.urcb102.RptID: urcb1
ied1lDevice1/LLN0.urcb102.RptEna: false
ied1lDevice1/LLN0.urcb102.Resv: false
ied1lDevice1/LLN0.urcb102.DatSet: ied1lDevice1/LLN0$dataset1
ied1lDevice1/LLN0.urcb102.ConfRev: 0
ied1lDevice1/LLN0.urcb102.OptFlds: 0x78 0x00
ied1lDevice1/LLN0.urcb102.BufTm: 50
ied1lDevice1/LLN0.urcb102.SqNum: 0
ied1lDevice1/LLN0.urcb102.TrgOps: 0x74, data change: true, data update: true, quality change:true, integrity period: false, GI: true
ied1lDevice1/LLN0.urcb102.IntgPd: 5000
ied1lDevice1/LLN0.urcb102.GI: false
ied1lDevice1/LLN0.urcb102.Owner: []
20:38:39.419 [openiec61850-osi-server-3-thread-1] DEBUG com.beanit.openiec61850.ServerAssociation - sub BDA is:ied1lDevice1/LLN0.urcb102.RptID: urcb1
20:38:39.419 [openiec61850-osi-server-3-thread-1] DEBUG com.beanit.openiec61850.ServerAssociation - sub BDA is:ied1lDevice1/LLN0.urcb102.RptEna: false
20:38:39.419 [openiec61850-osi-server-3-thread-1] DEBUG com.beanit.openiec61850.ServerAssociation - sub BDA is:ied1lDevice1/LLN0.urcb102.Resv: false
20:38:39.419 [openiec61850-osi-server-3-thread-1] DEBUG com.beanit.openiec61850.ServerAssociation - sub BDA is:ied1lDevice1/LLN0.urcb102.DatSet: ied1lDevice1/LLN0$dataset1
20:38:39.419 [openiec61850-osi-server-3-thread-1] DEBUG com.beanit.openiec61850.ServerAssociation - sub BDA is:ied1lDevice1/LLN0.urcb102.ConfRev: 0
20:38:39.419 [openiec61850-osi-server-3-thread-1] DEBUG com.beanit.openiec61850.ServerAssociation - sub BDA is:ied1lDevice1/LLN0.urcb102.OptFlds: 0x78 0x00
20:38:39.419 [openiec61850-osi-server-3-thread-1] DEBUG com.beanit.openiec61850.ServerAssociation - sub BDA is:ied1lDevice1/LLN0.urcb102.BufTm: 50
20:38:39.419 [openiec61850-osi-server-3-thread-1] DEBUG com.beanit.openiec61850.ServerAssociation - sub BDA is:ied1lDevice1/LLN0.urcb102.SqNum: 0
20:38:39.419 [openiec61850-osi-server-3-thread-1] DEBUG com.beanit.openiec61850.ServerAssociation - sub BDA is:ied1lDevice1/LLN0.urcb102.TrgOps: 0x74, data change: true, data update: true, quality change:true, integrity period: false, GI: true
20:38:39.419 [openiec61850-osi-server-3-thread-1] DEBUG com.beanit.openiec61850.ServerAssociation - sub BDA is:ied1lDevice1/LLN0.urcb102.IntgPd: 5000
20:38:39.419 [openiec61850-osi-server-3-thread-1] DEBUG com.beanit.openiec61850.ServerAssociation - sub BDA is:ied1lDevice1/LLN0.urcb102.GI: false
20:38:39.420 [openiec61850-osi-server-3-thread-1] DEBUG com.beanit.openiec61850.ServerAssociation - sub BDA is:ied1lDevice1/LLN0.urcb102.Owner: []
calling GetDataValues(ied1lDevice1/LLN0.urcb102.RptID)
20:38:39.420 [openiec61850-osi-server-3-thread-1] DEBUG com.beanit.openiec61850.ServerAssociation - Got a GetDataValues request for node: ied1lDevice1/LLN0.urcb102.RptID: urcb1
calling GetDataValues(ied1lDevice1/LLN0.urcb102.RptEna)
20:38:39.420 [openiec61850-osi-server-3-thread-1] DEBUG com.beanit.openiec61850.ServerAssociation - Got a GetDataValues request for node: ied1lDevice1/LLN0.urcb102.RptEna: false
calling GetDataValues(ied1lDevice1/LLN0.urcb102.Resv)
20:38:39.421 [openiec61850-osi-server-3-thread-1] DEBUG com.beanit.openiec61850.ServerAssociation - Got a GetDataValues request for node: ied1lDevice1/LLN0.urcb102.Resv: false
calling GetDataValues(ied1lDevice1/LLN0.urcb102.DatSet)
20:38:39.421 [openiec61850-osi-server-3-thread-1] DEBUG com.beanit.openiec61850.ServerAssociation - Got a GetDataValues request for node: ied1lDevice1/LLN0.urcb102.DatSet: ied1lDevice1/LLN0$dataset1
calling GetDataValues(ied1lDevice1/LLN0.urcb102.ConfRev)
20:38:39.422 [openiec61850-osi-server-3-thread-1] DEBUG com.beanit.openiec61850.ServerAssociation - Got a GetDataValues request for node: ied1lDevice1/LLN0.urcb102.ConfRev: 0
calling GetDataValues(ied1lDevice1/LLN0.urcb102.OptFlds)
20:38:39.422 [openiec61850-osi-server-3-thread-1] DEBUG com.beanit.openiec61850.ServerAssociation - Got a GetDataValues request for node: ied1lDevice1/LLN0.urcb102.OptFlds: 0x78 0x00
calling GetDataValues(ied1lDevice1/LLN0.urcb102.BufTm)
20:38:39.422 [openiec61850-osi-server-3-thread-1] DEBUG com.beanit.openiec61850.ServerAssociation - Got a GetDataValues request for node: ied1lDevice1/LLN0.urcb102.BufTm: 50
calling GetDataValues(ied1lDevice1/LLN0.urcb102.SqNum)
20:38:39.423 [openiec61850-osi-server-3-thread-1] DEBUG com.beanit.openiec61850.ServerAssociation - Got a GetDataValues request for node: ied1lDevice1/LLN0.urcb102.SqNum: 0
calling GetDataValues(ied1lDevice1/LLN0.urcb102.TrgOps)
20:38:39.423 [openiec61850-osi-server-3-thread-1] DEBUG com.beanit.openiec61850.ServerAssociation - Got a GetDataValues request for node: ied1lDevice1/LLN0.urcb102.TrgOps: 0x74, data change: true, data update: true, quality change:true, integrity period: false, GI: true
calling GetDataValues(ied1lDevice1/LLN0.urcb102.IntgPd)
20:38:39.423 [openiec61850-osi-server-3-thread-1] DEBUG com.beanit.openiec61850.ServerAssociation - Got a GetDataValues request for node: ied1lDevice1/LLN0.urcb102.IntgPd: 5000
calling GetDataValues(ied1lDevice1/LLN0.urcb102.GI)
20:38:39.424 [openiec61850-osi-server-3-thread-1] DEBUG com.beanit.openiec61850.ServerAssociation - Got a GetDataValues request for node: ied1lDevice1/LLN0.urcb102.GI: false
calling GetDataValues(ied1lDevice1/LLN0.urcb102.Owner)
20:38:39.424 [openiec61850-osi-server-3-thread-1] DEBUG com.beanit.openiec61850.ServerAssociation - Got a GetDataValues request for node: ied1lDevice1/LLN0.urcb102.Owner: []
calling GetDataValues(ied1lDevice1/LLN0.urcb2)
20:38:39.424 [openiec61850-osi-server-3-thread-1] DEBUG com.beanit.openiec61850.ServerAssociation - Got a GetDataValues request for node: ied1lDevice1/LLN0.urcb2 [RP]
ied1lDevice1/LLN0.urcb2.RptID: ied1lDevice1/LLN0.urcb2
ied1lDevice1/LLN0.urcb2.RptEna: false
ied1lDevice1/LLN0.urcb2.Resv: false
ied1lDevice1/LLN0.urcb2.DatSet: ied1lDevice1/LLN0$dataset1
ied1lDevice1/LLN0.urcb2.ConfRev: 0
ied1lDevice1/LLN0.urcb2.OptFlds: 0x00 0x00
ied1lDevice1/LLN0.urcb2.BufTm: 0
ied1lDevice1/LLN0.urcb2.SqNum: 0
ied1lDevice1/LLN0.urcb2.TrgOps: 0x04, data change: false, data update: false, quality change:false, integrity period: false, GI: true
ied1lDevice1/LLN0.urcb2.IntgPd: 0
ied1lDevice1/LLN0.urcb2.GI: false
ied1lDevice1/LLN0.urcb2.Owner: []
20:38:39.425 [openiec61850-osi-server-3-thread-1] DEBUG com.beanit.openiec61850.ServerAssociation - sub BDA is:ied1lDevice1/LLN0.urcb2.RptID: ied1lDevice1/LLN0.urcb2
20:38:39.425 [openiec61850-osi-server-3-thread-1] DEBUG com.beanit.openiec61850.ServerAssociation - sub BDA is:ied1lDevice1/LLN0.urcb2.RptEna: false
20:38:39.425 [openiec61850-osi-server-3-thread-1] DEBUG com.beanit.openiec61850.ServerAssociation - sub BDA is:ied1lDevice1/LLN0.urcb2.Resv: false
20:38:39.425 [openiec61850-osi-server-3-thread-1] DEBUG com.beanit.openiec61850.ServerAssociation - sub BDA is:ied1lDevice1/LLN0.urcb2.DatSet: ied1lDevice1/LLN0$dataset1
20:38:39.425 [openiec61850-osi-server-3-thread-1] DEBUG com.beanit.openiec61850.ServerAssociation - sub BDA is:ied1lDevice1/LLN0.urcb2.ConfRev: 0
20:38:39.425 [openiec61850-osi-server-3-thread-1] DEBUG com.beanit.openiec61850.ServerAssociation - sub BDA is:ied1lDevice1/LLN0.urcb2.OptFlds: 0x00 0x00
20:38:39.425 [openiec61850-osi-server-3-thread-1] DEBUG com.beanit.openiec61850.ServerAssociation - sub BDA is:ied1lDevice1/LLN0.urcb2.BufTm: 0
20:38:39.425 [openiec61850-osi-server-3-thread-1] DEBUG com.beanit.openiec61850.ServerAssociation - sub BDA is:ied1lDevice1/LLN0.urcb2.SqNum: 0
20:38:39.425 [openiec61850-osi-server-3-thread-1] DEBUG com.beanit.openiec61850.ServerAssociation - sub BDA is:ied1lDevice1/LLN0.urcb2.TrgOps: 0x04, data change: false, data update: false, quality change:false, integrity period: false, GI: true
20:38:39.425 [openiec61850-osi-server-3-thread-1] DEBUG com.beanit.openiec61850.ServerAssociation - sub BDA is:ied1lDevice1/LLN0.urcb2.IntgPd: 0
20:38:39.425 [openiec61850-osi-server-3-thread-1] DEBUG com.beanit.openiec61850.ServerAssociation - sub BDA is:ied1lDevice1/LLN0.urcb2.GI: false
20:38:39.425 [openiec61850-osi-server-3-thread-1] DEBUG com.beanit.openiec61850.ServerAssociation - sub BDA is:ied1lDevice1/LLN0.urcb2.Owner: []
calling GetDataValues(ied1lDevice1/LLN0.urcb2.RptID)
20:38:39.426 [openiec61850-osi-server-3-thread-1] DEBUG com.beanit.openiec61850.ServerAssociation - Got a GetDataValues request for node: ied1lDevice1/LLN0.urcb2.RptID: ied1lDevice1/LLN0.urcb2
calling GetDataValues(ied1lDevice1/LLN0.urcb2.RptEna)
20:38:39.426 [openiec61850-osi-server-3-thread-1] DEBUG com.beanit.openiec61850.ServerAssociation - Got a GetDataValues request for node: ied1lDevice1/LLN0.urcb2.RptEna: false
calling GetDataValues(ied1lDevice1/LLN0.urcb2.Resv)
20:38:39.427 [openiec61850-osi-server-3-thread-1] DEBUG com.beanit.openiec61850.ServerAssociation - Got a GetDataValues request for node: ied1lDevice1/LLN0.urcb2.Resv: false
calling GetDataValues(ied1lDevice1/LLN0.urcb2.DatSet)
20:38:39.427 [openiec61850-osi-server-3-thread-1] DEBUG com.beanit.openiec61850.ServerAssociation - Got a GetDataValues request for node: ied1lDevice1/LLN0.urcb2.DatSet: ied1lDevice1/LLN0$dataset1
calling GetDataValues(ied1lDevice1/LLN0.urcb2.ConfRev)
20:38:39.427 [openiec61850-osi-server-3-thread-1] DEBUG com.beanit.openiec61850.ServerAssociation - Got a GetDataValues request for node: ied1lDevice1/LLN0.urcb2.ConfRev: 0
calling GetDataValues(ied1lDevice1/LLN0.urcb2.OptFlds)
20:38:39.428 [openiec61850-osi-server-3-thread-1] DEBUG com.beanit.openiec61850.ServerAssociation - Got a GetDataValues request for node: ied1lDevice1/LLN0.urcb2.OptFlds: 0x00 0x00
calling GetDataValues(ied1lDevice1/LLN0.urcb2.BufTm)
20:38:39.428 [openiec61850-osi-server-3-thread-1] DEBUG com.beanit.openiec61850.ServerAssociation - Got a GetDataValues request for node: ied1lDevice1/LLN0.urcb2.BufTm: 0
calling GetDataValues(ied1lDevice1/LLN0.urcb2.SqNum)
20:38:39.429 [openiec61850-osi-server-3-thread-1] DEBUG com.beanit.openiec61850.ServerAssociation - Got a GetDataValues request for node: ied1lDevice1/LLN0.urcb2.SqNum: 0
calling GetDataValues(ied1lDevice1/LLN0.urcb2.TrgOps)
20:38:39.429 [openiec61850-osi-server-3-thread-1] DEBUG com.beanit.openiec61850.ServerAssociation - Got a GetDataValues request for node: ied1lDevice1/LLN0.urcb2.TrgOps: 0x04, data change: false, data update: false, quality change:false, integrity period: false, GI: true
calling GetDataValues(ied1lDevice1/LLN0.urcb2.IntgPd)
20:38:39.429 [openiec61850-osi-server-3-thread-1] DEBUG com.beanit.openiec61850.ServerAssociation - Got a GetDataValues request for node: ied1lDevice1/LLN0.urcb2.IntgPd: 0
calling GetDataValues(ied1lDevice1/LLN0.urcb2.GI)
20:38:39.430 [openiec61850-osi-server-3-thread-1] DEBUG com.beanit.openiec61850.ServerAssociation - Got a GetDataValues request for node: ied1lDevice1/LLN0.urcb2.GI: false
calling GetDataValues(ied1lDevice1/LLN0.urcb2.Owner)
20:38:39.430 [openiec61850-osi-server-3-thread-1] DEBUG com.beanit.openiec61850.ServerAssociation - Got a GetDataValues request for node: ied1lDevice1/LLN0.urcb2.Owner: []
calling GetDataValues(ied1lDevice1/LPHD1.PhyNam)
20:38:39.430 [openiec61850-osi-server-3-thread-1] DEBUG com.beanit.openiec61850.ServerAssociation - Got a GetDataValues request for node: ied1lDevice1/LPHD1.PhyNam [DC]
ied1lDevice1/LPHD1.PhyNam.vendor: ''
20:38:39.430 [openiec61850-osi-server-3-thread-1] DEBUG com.beanit.openiec61850.ServerAssociation - sub BDA is:ied1lDevice1/LPHD1.PhyNam.vendor: ''
calling GetDataValues(ied1lDevice1/LPHD1.PhyNam.vendor)
20:38:39.431 [openiec61850-osi-server-3-thread-1] DEBUG com.beanit.openiec61850.ServerAssociation - Got a GetDataValues request for node: ied1lDevice1/LPHD1.PhyNam.vendor: ''
calling GetDataValues(ied1lDevice1/LPHD1.PhyHealth)
20:38:39.431 [openiec61850-osi-server-3-thread-1] DEBUG com.beanit.openiec61850.ServerAssociation - Got a GetDataValues request for node: ied1lDevice1/LPHD1.PhyHealth [ST]
ied1lDevice1/LPHD1.PhyHealth.stVal: 0
ied1lDevice1/LPHD1.PhyHealth.q: 0x00 0x00
ied1lDevice1/LPHD1.PhyHealth.t: Thu Jan 01 01:00:00 CET 1970
20:38:39.431 [openiec61850-osi-server-3-thread-1] DEBUG com.beanit.openiec61850.ServerAssociation - sub BDA is:ied1lDevice1/LPHD1.PhyHealth.stVal: 0
20:38:39.431 [openiec61850-osi-server-3-thread-1] DEBUG com.beanit.openiec61850.ServerAssociation - sub BDA is:ied1lDevice1/LPHD1.PhyHealth.q: 0x00 0x00
20:38:39.431 [openiec61850-osi-server-3-thread-1] DEBUG com.beanit.openiec61850.ServerAssociation - sub BDA is:ied1lDevice1/LPHD1.PhyHealth.t: Thu Jan 01 01:00:00 CET 1970
calling GetDataValues(ied1lDevice1/LPHD1.PhyHealth.stVal)
20:38:39.432 [openiec61850-osi-server-3-thread-1] DEBUG com.beanit.openiec61850.ServerAssociation - Got a GetDataValues request for node: ied1lDevice1/LPHD1.PhyHealth.stVal: 0
calling GetDataValues(ied1lDevice1/LPHD1.PhyHealth.q)
20:38:39.432 [openiec61850-osi-server-3-thread-1] DEBUG com.beanit.openiec61850.ServerAssociation - Got a GetDataValues request for node: ied1lDevice1/LPHD1.PhyHealth.q: 0x00 0x00
calling GetDataValues(ied1lDevice1/LPHD1.PhyHealth.t)
20:38:39.433 [openiec61850-osi-server-3-thread-1] DEBUG com.beanit.openiec61850.ServerAssociation - Got a GetDataValues request for node: ied1lDevice1/LPHD1.PhyHealth.t: Thu Jan 01 01:00:00 CET 1970
calling GetDataValues(ied1lDevice1/LPHD1.Proxy)
20:38:39.433 [openiec61850-osi-server-3-thread-1] DEBUG com.beanit.openiec61850.ServerAssociation - Got a GetDataValues request for node: ied1lDevice1/LPHD1.Proxy [ST]
ied1lDevice1/LPHD1.Proxy.stVal: false
ied1lDevice1/LPHD1.Proxy.q: 0x00 0x00
ied1lDevice1/LPHD1.Proxy.t: Thu Jan 01 01:00:00 CET 1970
20:38:39.433 [openiec61850-osi-server-3-thread-1] DEBUG com.beanit.openiec61850.ServerAssociation - sub BDA is:ied1lDevice1/LPHD1.Proxy.stVal: false
20:38:39.433 [openiec61850-osi-server-3-thread-1] DEBUG com.beanit.openiec61850.ServerAssociation - sub BDA is:ied1lDevice1/LPHD1.Proxy.q: 0x00 0x00
20:38:39.433 [openiec61850-osi-server-3-thread-1] DEBUG com.beanit.openiec61850.ServerAssociation - sub BDA is:ied1lDevice1/LPHD1.Proxy.t: Thu Jan 01 01:00:00 CET 1970
calling GetDataValues(ied1lDevice1/LPHD1.Proxy.stVal)
20:38:39.434 [openiec61850-osi-server-3-thread-1] DEBUG com.beanit.openiec61850.ServerAssociation - Got a GetDataValues request for node: ied1lDevice1/LPHD1.Proxy.stVal: false
calling GetDataValues(ied1lDevice1/LPHD1.Proxy.q)
20:38:39.434 [openiec61850-osi-server-3-thread-1] DEBUG com.beanit.openiec61850.ServerAssociation - Got a GetDataValues request for node: ied1lDevice1/LPHD1.Proxy.q: 0x00 0x00
calling GetDataValues(ied1lDevice1/LPHD1.Proxy.t)
20:38:39.434 [openiec61850-osi-server-3-thread-1] DEBUG com.beanit.openiec61850.ServerAssociation - Got a GetDataValues request for node: ied1lDevice1/LPHD1.Proxy.t: Thu Jan 01 01:00:00 CET 1970
calling GetDataValues(ied1lDevice1/MMXU1.Mod)
20:38:39.435 [openiec61850-osi-server-3-thread-1] DEBUG com.beanit.openiec61850.ServerAssociation - Got a GetDataValues request for node: ied1lDevice1/MMXU1.Mod [ST]
ied1lDevice1/MMXU1.Mod.q: 0x00 0x00
ied1lDevice1/MMXU1.Mod.t: Thu Jan 01 01:00:00 CET 1970
20:38:39.435 [openiec61850-osi-server-3-thread-1] DEBUG com.beanit.openiec61850.ServerAssociation - sub BDA is:ied1lDevice1/MMXU1.Mod.q: 0x00 0x00
20:38:39.435 [openiec61850-osi-server-3-thread-1] DEBUG com.beanit.openiec61850.ServerAssociation - sub BDA is:ied1lDevice1/MMXU1.Mod.t: Thu Jan 01 01:00:00 CET 1970
calling GetDataValues(ied1lDevice1/MMXU1.Mod.q)
20:38:39.435 [openiec61850-osi-server-3-thread-1] DEBUG com.beanit.openiec61850.ServerAssociation - Got a GetDataValues request for node: ied1lDevice1/MMXU1.Mod.q: 0x00 0x00
calling GetDataValues(ied1lDevice1/MMXU1.Mod.t)
20:38:39.436 [openiec61850-osi-server-3-thread-1] DEBUG com.beanit.openiec61850.ServerAssociation - Got a GetDataValues request for node: ied1lDevice1/MMXU1.Mod.t: Thu Jan 01 01:00:00 CET 1970
calling GetDataValues(ied1lDevice1/MMXU1.Mod)
20:38:39.436 [openiec61850-osi-server-3-thread-1] DEBUG com.beanit.openiec61850.ServerAssociation - Got a GetDataValues request for node: ied1lDevice1/MMXU1.Mod [CF]
ied1lDevice1/MMXU1.Mod.ctlModel: 0
20:38:39.436 [openiec61850-osi-server-3-thread-1] DEBUG com.beanit.openiec61850.ServerAssociation - sub BDA is:ied1lDevice1/MMXU1.Mod.ctlModel: 0
calling GetDataValues(ied1lDevice1/MMXU1.Mod.ctlModel)
20:38:39.437 [openiec61850-osi-server-3-thread-1] DEBUG com.beanit.openiec61850.ServerAssociation - Got a GetDataValues request for node: ied1lDevice1/MMXU1.Mod.ctlModel: 0
calling GetDataValues(ied1lDevice1/MMXU1.Beh)
20:38:39.437 [openiec61850-osi-server-3-thread-1] DEBUG com.beanit.openiec61850.ServerAssociation - Got a GetDataValues request for node: ied1lDevice1/MMXU1.Beh [ST]
ied1lDevice1/MMXU1.Beh.stVal: 0
ied1lDevice1/MMXU1.Beh.q: 0x00 0x00
ied1lDevice1/MMXU1.Beh.t: Thu Jan 01 01:00:00 CET 1970
20:38:39.437 [openiec61850-osi-server-3-thread-1] DEBUG com.beanit.openiec61850.ServerAssociation - sub BDA is:ied1lDevice1/MMXU1.Beh.stVal: 0
20:38:39.437 [openiec61850-osi-server-3-thread-1] DEBUG com.beanit.openiec61850.ServerAssociation - sub BDA is:ied1lDevice1/MMXU1.Beh.q: 0x00 0x00
20:38:39.438 [openiec61850-osi-server-3-thread-1] DEBUG com.beanit.openiec61850.ServerAssociation - sub BDA is:ied1lDevice1/MMXU1.Beh.t: Thu Jan 01 01:00:00 CET 1970
calling GetDataValues(ied1lDevice1/MMXU1.Beh.stVal)
20:38:39.438 [openiec61850-osi-server-3-thread-1] DEBUG com.beanit.openiec61850.ServerAssociation - Got a GetDataValues request for node: ied1lDevice1/MMXU1.Beh.stVal: 0
calling GetDataValues(ied1lDevice1/MMXU1.Beh.q)
20:38:39.438 [openiec61850-osi-server-3-thread-1] DEBUG com.beanit.openiec61850.ServerAssociation - Got a GetDataValues request for node: ied1lDevice1/MMXU1.Beh.q: 0x00 0x00
calling GetDataValues(ied1lDevice1/MMXU1.Beh.t)
20:38:39.439 [openiec61850-osi-server-3-thread-1] DEBUG com.beanit.openiec61850.ServerAssociation - Got a GetDataValues request for node: ied1lDevice1/MMXU1.Beh.t: Thu Jan 01 01:00:00 CET 1970
calling GetDataValues(ied1lDevice1/MMXU1.Health)
20:38:39.439 [openiec61850-osi-server-3-thread-1] DEBUG com.beanit.openiec61850.ServerAssociation - Got a GetDataValues request for node: ied1lDevice1/MMXU1.Health [ST]
ied1lDevice1/MMXU1.Health.stVal: 0
ied1lDevice1/MMXU1.Health.q: 0x00 0x00
ied1lDevice1/MMXU1.Health.t: Thu Jan 01 01:00:00 CET 1970
20:38:39.439 [openiec61850-osi-server-3-thread-1] DEBUG com.beanit.openiec61850.ServerAssociation - sub BDA is:ied1lDevice1/MMXU1.Health.stVal: 0
20:38:39.439 [openiec61850-osi-server-3-thread-1] DEBUG com.beanit.openiec61850.ServerAssociation - sub BDA is:ied1lDevice1/MMXU1.Health.q: 0x00 0x00
20:38:39.439 [openiec61850-osi-server-3-thread-1] DEBUG com.beanit.openiec61850.ServerAssociation - sub BDA is:ied1lDevice1/MMXU1.Health.t: Thu Jan 01 01:00:00 CET 1970
calling GetDataValues(ied1lDevice1/MMXU1.Health.stVal)
20:38:39.440 [openiec61850-osi-server-3-thread-1] DEBUG com.beanit.openiec61850.ServerAssociation - Got a GetDataValues request for node: ied1lDevice1/MMXU1.Health.stVal: 0
calling GetDataValues(ied1lDevice1/MMXU1.Health.q)
20:38:39.440 [openiec61850-osi-server-3-thread-1] DEBUG com.beanit.openiec61850.ServerAssociation - Got a GetDataValues request for node: ied1lDevice1/MMXU1.Health.q: 0x00 0x00
calling GetDataValues(ied1lDevice1/MMXU1.Health.t)
20:38:39.440 [openiec61850-osi-server-3-thread-1] DEBUG com.beanit.openiec61850.ServerAssociation - Got a GetDataValues request for node: ied1lDevice1/MMXU1.Health.t: Thu Jan 01 01:00:00 CET 1970
calling GetDataValues(ied1lDevice1/MMXU1.NamPlt)
20:38:39.441 [openiec61850-osi-server-3-thread-1] DEBUG com.beanit.openiec61850.ServerAssociation - Got a GetDataValues request for node: ied1lDevice1/MMXU1.NamPlt [DC]
ied1lDevice1/MMXU1.NamPlt.vendor: ''
ied1lDevice1/MMXU1.NamPlt.swRev: ''
ied1lDevice1/MMXU1.NamPlt.d: ''
20:38:39.441 [openiec61850-osi-server-3-thread-1] DEBUG com.beanit.openiec61850.ServerAssociation - sub BDA is:ied1lDevice1/MMXU1.NamPlt.vendor: ''
20:38:39.441 [openiec61850-osi-server-3-thread-1] DEBUG com.beanit.openiec61850.ServerAssociation - sub BDA is:ied1lDevice1/MMXU1.NamPlt.swRev: ''
20:38:39.441 [openiec61850-osi-server-3-thread-1] DEBUG com.beanit.openiec61850.ServerAssociation - sub BDA is:ied1lDevice1/MMXU1.NamPlt.d: ''
calling GetDataValues(ied1lDevice1/MMXU1.NamPlt.vendor)
20:38:39.441 [openiec61850-osi-server-3-thread-1] DEBUG com.beanit.openiec61850.ServerAssociation - Got a GetDataValues request for node: ied1lDevice1/MMXU1.NamPlt.vendor: ''
calling GetDataValues(ied1lDevice1/MMXU1.NamPlt.swRev)
20:38:39.442 [openiec61850-osi-server-3-thread-1] DEBUG com.beanit.openiec61850.ServerAssociation - Got a GetDataValues request for node: ied1lDevice1/MMXU1.NamPlt.swRev: ''
calling GetDataValues(ied1lDevice1/MMXU1.NamPlt.d)
20:38:39.442 [openiec61850-osi-server-3-thread-1] DEBUG com.beanit.openiec61850.ServerAssociation - Got a GetDataValues request for node: ied1lDevice1/MMXU1.NamPlt.d: ''
calling GetDataValues(ied1lDevice1/MMXU1.TotW)
20:38:39.443 [openiec61850-osi-server-3-thread-1] DEBUG com.beanit.openiec61850.ServerAssociation - Got a GetDataValues request for node: ied1lDevice1/MMXU1.TotW [MX]
ied1lDevice1/MMXU1.TotW.mag [MX]
ied1lDevice1/MMXU1.TotW.mag.f: 0.0
ied1lDevice1/MMXU1.TotW.q: 0x00 0x00
ied1lDevice1/MMXU1.TotW.t: Thu Jan 01 01:00:00 CET 1970
20:38:39.443 [openiec61850-osi-server-3-thread-1] DEBUG com.beanit.openiec61850.ServerAssociation - sub BDA is:ied1lDevice1/MMXU1.TotW.mag.f: 0.0
20:38:39.443 [openiec61850-osi-server-3-thread-1] DEBUG com.beanit.openiec61850.ServerAssociation - sub BDA is:ied1lDevice1/MMXU1.TotW.q: 0x00 0x00
20:38:39.443 [openiec61850-osi-server-3-thread-1] DEBUG com.beanit.openiec61850.ServerAssociation - sub BDA is:ied1lDevice1/MMXU1.TotW.t: Thu Jan 01 01:00:00 CET 1970
calling GetDataValues(ied1lDevice1/MMXU1.TotW.mag)
20:38:39.444 [openiec61850-osi-server-3-thread-1] DEBUG com.beanit.openiec61850.ServerAssociation - Got a GetDataValues request for node: ied1lDevice1/MMXU1.TotW.mag [MX]
ied1lDevice1/MMXU1.TotW.mag.f: 0.0
20:38:39.444 [openiec61850-osi-server-3-thread-1] DEBUG com.beanit.openiec61850.ServerAssociation - sub BDA is:ied1lDevice1/MMXU1.TotW.mag.f: 0.0
calling GetDataValues(ied1lDevice1/MMXU1.TotW.mag.f)
20:38:39.445 [openiec61850-osi-server-3-thread-1] DEBUG com.beanit.openiec61850.ServerAssociation - Got a GetDataValues request for node: ied1lDevice1/MMXU1.TotW.mag.f: 0.0
calling GetDataValues(ied1lDevice1/MMXU1.TotW.q)
20:38:39.445 [openiec61850-osi-server-3-thread-1] DEBUG com.beanit.openiec61850.ServerAssociation - Got a GetDataValues request for node: ied1lDevice1/MMXU1.TotW.q: 0x00 0x00
calling GetDataValues(ied1lDevice1/MMXU1.TotW.t)
20:38:39.445 [openiec61850-osi-server-3-thread-1] DEBUG com.beanit.openiec61850.ServerAssociation - Got a GetDataValues request for node: ied1lDevice1/MMXU1.TotW.t: Thu Jan 01 01:00:00 CET 1970
calling GetDataValues(ied1lDevice1/MMXU1.W)
20:38:39.446 [openiec61850-osi-server-3-thread-1] DEBUG com.beanit.openiec61850.ServerAssociation - Got a GetDataValues request for node: ied1lDevice1/MMXU1.W [MX]
ied1lDevice1/MMXU1.W.phsA [MX]
ied1lDevice1/MMXU1.W.phsA.cVal [MX]
ied1lDevice1/MMXU1.W.phsA.cVal.mag [MX]
ied1lDevice1/MMXU1.W.phsA.cVal.mag.f: 0.0
ied1lDevice1/MMXU1.W.phsA.q: 0x00 0x00
ied1lDevice1/MMXU1.W.phsA.t: Thu Jan 01 01:00:00 CET 1970
ied1lDevice1/MMXU1.W.phsB [MX]
ied1lDevice1/MMXU1.W.phsB.cVal [MX]
ied1lDevice1/MMXU1.W.phsB.cVal.mag [MX]
ied1lDevice1/MMXU1.W.phsB.cVal.mag.f: 0.0
ied1lDevice1/MMXU1.W.phsB.q: 0x00 0x00
ied1lDevice1/MMXU1.W.phsB.t: Thu Jan 01 01:00:00 CET 1970
ied1lDevice1/MMXU1.W.phsC [MX]
ied1lDevice1/MMXU1.W.phsC.cVal [MX]
ied1lDevice1/MMXU1.W.phsC.cVal.mag [MX]
ied1lDevice1/MMXU1.W.phsC.cVal.mag.f: 0.0
ied1lDevice1/MMXU1.W.phsC.q: 0x00 0x00
ied1lDevice1/MMXU1.W.phsC.t: Thu Jan 01 01:00:00 CET 1970
20:38:39.446 [openiec61850-osi-server-3-thread-1] DEBUG com.beanit.openiec61850.ServerAssociation - sub BDA is:ied1lDevice1/MMXU1.W.phsA.cVal.mag.f: 0.0
20:38:39.446 [openiec61850-osi-server-3-thread-1] DEBUG com.beanit.openiec61850.ServerAssociation - sub BDA is:ied1lDevice1/MMXU1.W.phsA.q: 0x00 0x00
20:38:39.446 [openiec61850-osi-server-3-thread-1] DEBUG com.beanit.openiec61850.ServerAssociation - sub BDA is:ied1lDevice1/MMXU1.W.phsA.t: Thu Jan 01 01:00:00 CET 1970
20:38:39.446 [openiec61850-osi-server-3-thread-1] DEBUG com.beanit.openiec61850.ServerAssociation - sub BDA is:ied1lDevice1/MMXU1.W.phsB.cVal.mag.f: 0.0
20:38:39.446 [openiec61850-osi-server-3-thread-1] DEBUG com.beanit.openiec61850.ServerAssociation - sub BDA is:ied1lDevice1/MMXU1.W.phsB.q: 0x00 0x00
20:38:39.446 [openiec61850-osi-server-3-thread-1] DEBUG com.beanit.openiec61850.ServerAssociation - sub BDA is:ied1lDevice1/MMXU1.W.phsB.t: Thu Jan 01 01:00:00 CET 1970
20:38:39.446 [openiec61850-osi-server-3-thread-1] DEBUG com.beanit.openiec61850.ServerAssociation - sub BDA is:ied1lDevice1/MMXU1.W.phsC.cVal.mag.f: 0.0
20:38:39.446 [openiec61850-osi-server-3-thread-1] DEBUG com.beanit.openiec61850.ServerAssociation - sub BDA is:ied1lDevice1/MMXU1.W.phsC.q: 0x00 0x00
20:38:39.446 [openiec61850-osi-server-3-thread-1] DEBUG com.beanit.openiec61850.ServerAssociation - sub BDA is:ied1lDevice1/MMXU1.W.phsC.t: Thu Jan 01 01:00:00 CET 1970
calling GetDataValues(ied1lDevice1/MMXU1.W.phsA)
20:38:39.447 [openiec61850-osi-server-3-thread-1] DEBUG com.beanit.openiec61850.ServerAssociation - Got a GetDataValues request for node: ied1lDevice1/MMXU1.W.phsA [MX]
ied1lDevice1/MMXU1.W.phsA.cVal [MX]
ied1lDevice1/MMXU1.W.phsA.cVal.mag [MX]
ied1lDevice1/MMXU1.W.phsA.cVal.mag.f: 0.0
ied1lDevice1/MMXU1.W.phsA.q: 0x00 0x00
ied1lDevice1/MMXU1.W.phsA.t: Thu Jan 01 01:00:00 CET 1970
20:38:39.447 [openiec61850-osi-server-3-thread-1] DEBUG com.beanit.openiec61850.ServerAssociation - sub BDA is:ied1lDevice1/MMXU1.W.phsA.cVal.mag.f: 0.0
20:38:39.447 [openiec61850-osi-server-3-thread-1] DEBUG com.beanit.openiec61850.ServerAssociation - sub BDA is:ied1lDevice1/MMXU1.W.phsA.q: 0x00 0x00
20:38:39.447 [openiec61850-osi-server-3-thread-1] DEBUG com.beanit.openiec61850.ServerAssociation - sub BDA is:ied1lDevice1/MMXU1.W.phsA.t: Thu Jan 01 01:00:00 CET 1970
calling GetDataValues(ied1lDevice1/MMXU1.W.phsA.cVal)
20:38:39.447 [openiec61850-osi-server-3-thread-1] DEBUG com.beanit.openiec61850.ServerAssociation - Got a GetDataValues request for node: ied1lDevice1/MMXU1.W.phsA.cVal [MX]
ied1lDevice1/MMXU1.W.phsA.cVal.mag [MX]
ied1lDevice1/MMXU1.W.phsA.cVal.mag.f: 0.0
20:38:39.448 [openiec61850-osi-server-3-thread-1] DEBUG com.beanit.openiec61850.ServerAssociation - sub BDA is:ied1lDevice1/MMXU1.W.phsA.cVal.mag.f: 0.0
calling GetDataValues(ied1lDevice1/MMXU1.W.phsA.cVal.mag)
20:38:39.448 [openiec61850-osi-server-3-thread-1] DEBUG com.beanit.openiec61850.ServerAssociation - Got a GetDataValues request for node: ied1lDevice1/MMXU1.W.phsA.cVal.mag [MX]
ied1lDevice1/MMXU1.W.phsA.cVal.mag.f: 0.0
20:38:39.448 [openiec61850-osi-server-3-thread-1] DEBUG com.beanit.openiec61850.ServerAssociation - sub BDA is:ied1lDevice1/MMXU1.W.phsA.cVal.mag.f: 0.0
calling GetDataValues(ied1lDevice1/MMXU1.W.phsA.cVal.mag.f)
20:38:39.448 [openiec61850-osi-server-3-thread-1] DEBUG com.beanit.openiec61850.ServerAssociation - Got a GetDataValues request for node: ied1lDevice1/MMXU1.W.phsA.cVal.mag.f: 0.0
calling GetDataValues(ied1lDevice1/MMXU1.W.phsA.q)
20:38:39.449 [openiec61850-osi-server-3-thread-1] DEBUG com.beanit.openiec61850.ServerAssociation - Got a GetDataValues request for node: ied1lDevice1/MMXU1.W.phsA.q: 0x00 0x00
calling GetDataValues(ied1lDevice1/MMXU1.W.phsA.t)
20:38:39.449 [openiec61850-osi-server-3-thread-1] DEBUG com.beanit.openiec61850.ServerAssociation - Got a GetDataValues request for node: ied1lDevice1/MMXU1.W.phsA.t: Thu Jan 01 01:00:00 CET 1970
calling GetDataValues(ied1lDevice1/MMXU1.W.phsB)
20:38:39.449 [openiec61850-osi-server-3-thread-1] DEBUG com.beanit.openiec61850.ServerAssociation - Got a GetDataValues request for node: ied1lDevice1/MMXU1.W.phsB [MX]
ied1lDevice1/MMXU1.W.phsB.cVal [MX]
ied1lDevice1/MMXU1.W.phsB.cVal.mag [MX]
ied1lDevice1/MMXU1.W.phsB.cVal.mag.f: 0.0
ied1lDevice1/MMXU1.W.phsB.q: 0x00 0x00
ied1lDevice1/MMXU1.W.phsB.t: Thu Jan 01 01:00:00 CET 1970
20:38:39.449 [openiec61850-osi-server-3-thread-1] DEBUG com.beanit.openiec61850.ServerAssociation - sub BDA is:ied1lDevice1/MMXU1.W.phsB.cVal.mag.f: 0.0
20:38:39.449 [openiec61850-osi-server-3-thread-1] DEBUG com.beanit.openiec61850.ServerAssociation - sub BDA is:ied1lDevice1/MMXU1.W.phsB.q: 0x00 0x00
20:38:39.449 [openiec61850-osi-server-3-thread-1] DEBUG com.beanit.openiec61850.ServerAssociation - sub BDA is:ied1lDevice1/MMXU1.W.phsB.t: Thu Jan 01 01:00:00 CET 1970
calling GetDataValues(ied1lDevice1/MMXU1.W.phsB.cVal)
20:38:39.450 [openiec61850-osi-server-3-thread-1] DEBUG com.beanit.openiec61850.ServerAssociation - Got a GetDataValues request for node: ied1lDevice1/MMXU1.W.phsB.cVal [MX]
ied1lDevice1/MMXU1.W.phsB.cVal.mag [MX]
ied1lDevice1/MMXU1.W.phsB.cVal.mag.f: 0.0
20:38:39.450 [openiec61850-osi-server-3-thread-1] DEBUG com.beanit.openiec61850.ServerAssociation - sub BDA is:ied1lDevice1/MMXU1.W.phsB.cVal.mag.f: 0.0
calling GetDataValues(ied1lDevice1/MMXU1.W.phsB.cVal.mag)
20:38:39.450 [openiec61850-osi-server-3-thread-1] DEBUG com.beanit.openiec61850.ServerAssociation - Got a GetDataValues request for node: ied1lDevice1/MMXU1.W.phsB.cVal.mag [MX]
ied1lDevice1/MMXU1.W.phsB.cVal.mag.f: 0.0
20:38:39.450 [openiec61850-osi-server-3-thread-1] DEBUG com.beanit.openiec61850.ServerAssociation - sub BDA is:ied1lDevice1/MMXU1.W.phsB.cVal.mag.f: 0.0
calling GetDataValues(ied1lDevice1/MMXU1.W.phsB.cVal.mag.f)
20:38:39.451 [openiec61850-osi-server-3-thread-1] DEBUG com.beanit.openiec61850.ServerAssociation - Got a GetDataValues request for node: ied1lDevice1/MMXU1.W.phsB.cVal.mag.f: 0.0
calling GetDataValues(ied1lDevice1/MMXU1.W.phsB.q)
20:38:39.451 [openiec61850-osi-server-3-thread-1] DEBUG com.beanit.openiec61850.ServerAssociation - Got a GetDataValues request for node: ied1lDevice1/MMXU1.W.phsB.q: 0x00 0x00
calling GetDataValues(ied1lDevice1/MMXU1.W.phsB.t)
20:38:39.451 [openiec61850-osi-server-3-thread-1] DEBUG com.beanit.openiec61850.ServerAssociation - Got a GetDataValues request for node: ied1lDevice1/MMXU1.W.phsB.t: Thu Jan 01 01:00:00 CET 1970
calling GetDataValues(ied1lDevice1/MMXU1.W.phsC)
20:38:39.451 [openiec61850-osi-server-3-thread-1] DEBUG com.beanit.openiec61850.ServerAssociation - Got a GetDataValues request for node: ied1lDevice1/MMXU1.W.phsC [MX]
ied1lDevice1/MMXU1.W.phsC.cVal [MX]
ied1lDevice1/MMXU1.W.phsC.cVal.mag [MX]
ied1lDevice1/MMXU1.W.phsC.cVal.mag.f: 0.0
ied1lDevice1/MMXU1.W.phsC.q: 0x00 0x00
ied1lDevice1/MMXU1.W.phsC.t: Thu Jan 01 01:00:00 CET 1970
20:38:39.452 [openiec61850-osi-server-3-thread-1] DEBUG com.beanit.openiec61850.ServerAssociation - sub BDA is:ied1lDevice1/MMXU1.W.phsC.cVal.mag.f: 0.0
20:38:39.452 [openiec61850-osi-server-3-thread-1] DEBUG com.beanit.openiec61850.ServerAssociation - sub BDA is:ied1lDevice1/MMXU1.W.phsC.q: 0x00 0x00
20:38:39.452 [openiec61850-osi-server-3-thread-1] DEBUG com.beanit.openiec61850.ServerAssociation - sub BDA is:ied1lDevice1/MMXU1.W.phsC.t: Thu Jan 01 01:00:00 CET 1970
calling GetDataValues(ied1lDevice1/MMXU1.W.phsC.cVal)
20:38:39.452 [openiec61850-osi-server-3-thread-1] DEBUG com.beanit.openiec61850.ServerAssociation - Got a GetDataValues request for node: ied1lDevice1/MMXU1.W.phsC.cVal [MX]
ied1lDevice1/MMXU1.W.phsC.cVal.mag [MX]
ied1lDevice1/MMXU1.W.phsC.cVal.mag.f: 0.0
20:38:39.452 [openiec61850-osi-server-3-thread-1] DEBUG com.beanit.openiec61850.ServerAssociation - sub BDA is:ied1lDevice1/MMXU1.W.phsC.cVal.mag.f: 0.0
calling GetDataValues(ied1lDevice1/MMXU1.W.phsC.cVal.mag)
20:38:39.452 [openiec61850-osi-server-3-thread-1] DEBUG com.beanit.openiec61850.ServerAssociation - Got a GetDataValues request for node: ied1lDevice1/MMXU1.W.phsC.cVal.mag [MX]
ied1lDevice1/MMXU1.W.phsC.cVal.mag.f: 0.0
20:38:39.453 [openiec61850-osi-server-3-thread-1] DEBUG com.beanit.openiec61850.ServerAssociation - sub BDA is:ied1lDevice1/MMXU1.W.phsC.cVal.mag.f: 0.0
calling GetDataValues(ied1lDevice1/MMXU1.W.phsC.cVal.mag.f)
20:38:39.453 [openiec61850-osi-server-3-thread-1] DEBUG com.beanit.openiec61850.ServerAssociation - Got a GetDataValues request for node: ied1lDevice1/MMXU1.W.phsC.cVal.mag.f: 0.0
calling GetDataValues(ied1lDevice1/MMXU1.W.phsC.q)
20:38:39.453 [openiec61850-osi-server-3-thread-1] DEBUG com.beanit.openiec61850.ServerAssociation - Got a GetDataValues request for node: ied1lDevice1/MMXU1.W.phsC.q: 0x00 0x00
calling GetDataValues(ied1lDevice1/MMXU1.W.phsC.t)
20:38:39.454 [openiec61850-osi-server-3-thread-1] DEBUG com.beanit.openiec61850.ServerAssociation - Got a GetDataValues request for node: ied1lDevice1/MMXU1.W.phsC.t: Thu Jan 01 01:00:00 CET 1970
calling GetDataValues(ied1lDevice1/CSWI1.Mod)
20:38:39.454 [openiec61850-osi-server-3-thread-1] DEBUG com.beanit.openiec61850.ServerAssociation - Got a GetDataValues request for node: ied1lDevice1/CSWI1.Mod [ST]
ied1lDevice1/CSWI1.Mod.q: 0x00 0x00
ied1lDevice1/CSWI1.Mod.t: Thu Jan 01 01:00:00 CET 1970
20:38:39.454 [openiec61850-osi-server-3-thread-1] DEBUG com.beanit.openiec61850.ServerAssociation - sub BDA is:ied1lDevice1/CSWI1.Mod.q: 0x00 0x00
20:38:39.454 [openiec61850-osi-server-3-thread-1] DEBUG com.beanit.openiec61850.ServerAssociation - sub BDA is:ied1lDevice1/CSWI1.Mod.t: Thu Jan 01 01:00:00 CET 1970
calling GetDataValues(ied1lDevice1/CSWI1.Mod.q)
20:38:39.455 [openiec61850-osi-server-3-thread-1] DEBUG com.beanit.openiec61850.ServerAssociation - Got a GetDataValues request for node: ied1lDevice1/CSWI1.Mod.q: 0x00 0x00
calling GetDataValues(ied1lDevice1/CSWI1.Mod.t)
20:38:39.455 [openiec61850-osi-server-3-thread-1] DEBUG com.beanit.openiec61850.ServerAssociation - Got a GetDataValues request for node: ied1lDevice1/CSWI1.Mod.t: Thu Jan 01 01:00:00 CET 1970
calling GetDataValues(ied1lDevice1/CSWI1.Mod)
20:38:39.455 [openiec61850-osi-server-3-thread-1] DEBUG com.beanit.openiec61850.ServerAssociation - Got a GetDataValues request for node: ied1lDevice1/CSWI1.Mod [CF]
ied1lDevice1/CSWI1.Mod.ctlModel: 0
20:38:39.455 [openiec61850-osi-server-3-thread-1] DEBUG com.beanit.openiec61850.ServerAssociation - sub BDA is:ied1lDevice1/CSWI1.Mod.ctlModel: 0
calling GetDataValues(ied1lDevice1/CSWI1.Mod.ctlModel)
20:38:39.456 [openiec61850-osi-server-3-thread-1] DEBUG com.beanit.openiec61850.ServerAssociation - Got a GetDataValues request for node: ied1lDevice1/CSWI1.Mod.ctlModel: 0
calling GetDataValues(ied1lDevice1/CSWI1.Beh)
20:38:39.456 [openiec61850-osi-server-3-thread-1] DEBUG com.beanit.openiec61850.ServerAssociation - Got a GetDataValues request for node: ied1lDevice1/CSWI1.Beh [ST]
ied1lDevice1/CSWI1.Beh.stVal: 0
ied1lDevice1/CSWI1.Beh.q: 0x00 0x00
ied1lDevice1/CSWI1.Beh.t: Thu Jan 01 01:00:00 CET 1970
20:38:39.456 [openiec61850-osi-server-3-thread-1] DEBUG com.beanit.openiec61850.ServerAssociation - sub BDA is:ied1lDevice1/CSWI1.Beh.stVal: 0
20:38:39.456 [openiec61850-osi-server-3-thread-1] DEBUG com.beanit.openiec61850.ServerAssociation - sub BDA is:ied1lDevice1/CSWI1.Beh.q: 0x00 0x00
20:38:39.456 [openiec61850-osi-server-3-thread-1] DEBUG com.beanit.openiec61850.ServerAssociation - sub BDA is:ied1lDevice1/CSWI1.Beh.t: Thu Jan 01 01:00:00 CET 1970
calling GetDataValues(ied1lDevice1/CSWI1.Beh.stVal)
20:38:39.457 [openiec61850-osi-server-3-thread-1] DEBUG com.beanit.openiec61850.ServerAssociation - Got a GetDataValues request for node: ied1lDevice1/CSWI1.Beh.stVal: 0
calling GetDataValues(ied1lDevice1/CSWI1.Beh.q)
20:38:39.457 [openiec61850-osi-server-3-thread-1] DEBUG com.beanit.openiec61850.ServerAssociation - Got a GetDataValues request for node: ied1lDevice1/CSWI1.Beh.q: 0x00 0x00
calling GetDataValues(ied1lDevice1/CSWI1.Beh.t)
20:38:39.457 [openiec61850-osi-server-3-thread-1] DEBUG com.beanit.openiec61850.ServerAssociation - Got a GetDataValues request for node: ied1lDevice1/CSWI1.Beh.t: Thu Jan 01 01:00:00 CET 1970
calling GetDataValues(ied1lDevice1/CSWI1.Health)
20:38:39.458 [openiec61850-osi-server-3-thread-1] DEBUG com.beanit.openiec61850.ServerAssociation - Got a GetDataValues request for node: ied1lDevice1/CSWI1.Health [ST]
ied1lDevice1/CSWI1.Health.stVal: 0
ied1lDevice1/CSWI1.Health.q: 0x00 0x00
ied1lDevice1/CSWI1.Health.t: Thu Jan 01 01:00:00 CET 1970
20:38:39.458 [openiec61850-osi-server-3-thread-1] DEBUG com.beanit.openiec61850.ServerAssociation - sub BDA is:ied1lDevice1/CSWI1.Health.stVal: 0
20:38:39.458 [openiec61850-osi-server-3-thread-1] DEBUG com.beanit.openiec61850.ServerAssociation - sub BDA is:ied1lDevice1/CSWI1.Health.q: 0x00 0x00
20:38:39.458 [openiec61850-osi-server-3-thread-1] DEBUG com.beanit.openiec61850.ServerAssociation - sub BDA is:ied1lDevice1/CSWI1.Health.t: Thu Jan 01 01:00:00 CET 1970
calling GetDataValues(ied1lDevice1/CSWI1.Health.stVal)
20:38:39.458 [openiec61850-osi-server-3-thread-1] DEBUG com.beanit.openiec61850.ServerAssociation - Got a GetDataValues request for node: ied1lDevice1/CSWI1.Health.stVal: 0
calling GetDataValues(ied1lDevice1/CSWI1.Health.q)
20:38:39.459 [openiec61850-osi-server-3-thread-1] DEBUG com.beanit.openiec61850.ServerAssociation - Got a GetDataValues request for node: ied1lDevice1/CSWI1.Health.q: 0x00 0x00
calling GetDataValues(ied1lDevice1/CSWI1.Health.t)
20:38:39.459 [openiec61850-osi-server-3-thread-1] DEBUG com.beanit.openiec61850.ServerAssociation - Got a GetDataValues request for node: ied1lDevice1/CSWI1.Health.t: Thu Jan 01 01:00:00 CET 1970
calling GetDataValues(ied1lDevice1/CSWI1.NamPlt)
20:38:39.460 [openiec61850-osi-server-3-thread-1] DEBUG com.beanit.openiec61850.ServerAssociation - Got a GetDataValues request for node: ied1lDevice1/CSWI1.NamPlt [DC]
ied1lDevice1/CSWI1.NamPlt.vendor: ''
ied1lDevice1/CSWI1.NamPlt.swRev: ''
ied1lDevice1/CSWI1.NamPlt.d: ''
20:38:39.460 [openiec61850-osi-server-3-thread-1] DEBUG com.beanit.openiec61850.ServerAssociation - sub BDA is:ied1lDevice1/CSWI1.NamPlt.vendor: ''
20:38:39.460 [openiec61850-osi-server-3-thread-1] DEBUG com.beanit.openiec61850.ServerAssociation - sub BDA is:ied1lDevice1/CSWI1.NamPlt.swRev: ''
20:38:39.460 [openiec61850-osi-server-3-thread-1] DEBUG com.beanit.openiec61850.ServerAssociation - sub BDA is:ied1lDevice1/CSWI1.NamPlt.d: ''
calling GetDataValues(ied1lDevice1/CSWI1.NamPlt.vendor)
20:38:39.460 [openiec61850-osi-server-3-thread-1] DEBUG com.beanit.openiec61850.ServerAssociation - Got a GetDataValues request for node: ied1lDevice1/CSWI1.NamPlt.vendor: ''
calling GetDataValues(ied1lDevice1/CSWI1.NamPlt.swRev)
20:38:39.461 [openiec61850-osi-server-3-thread-1] DEBUG com.beanit.openiec61850.ServerAssociation - Got a GetDataValues request for node: ied1lDevice1/CSWI1.NamPlt.swRev: ''
calling GetDataValues(ied1lDevice1/CSWI1.NamPlt.d)
20:38:39.461 [openiec61850-osi-server-3-thread-1] DEBUG com.beanit.openiec61850.ServerAssociation - Got a GetDataValues request for node: ied1lDevice1/CSWI1.NamPlt.d: ''
calling GetDataValues(ied1lDevice1/CSWI1.Pos)
20:38:39.462 [openiec61850-osi-server-3-thread-1] DEBUG com.beanit.openiec61850.ServerAssociation - Got a GetDataValues request for node: ied1lDevice1/CSWI1.Pos [ST]
ied1lDevice1/CSWI1.Pos.q: 0x00 0x00
ied1lDevice1/CSWI1.Pos.t: Thu Jan 01 01:00:00 CET 1970
20:38:39.462 [openiec61850-osi-server-3-thread-1] DEBUG com.beanit.openiec61850.ServerAssociation - sub BDA is:ied1lDevice1/CSWI1.Pos.q: 0x00 0x00
20:38:39.462 [openiec61850-osi-server-3-thread-1] DEBUG com.beanit.openiec61850.ServerAssociation - sub BDA is:ied1lDevice1/CSWI1.Pos.t: Thu Jan 01 01:00:00 CET 1970
calling GetDataValues(ied1lDevice1/CSWI1.Pos.q)
20:38:39.463 [openiec61850-osi-server-3-thread-1] DEBUG com.beanit.openiec61850.ServerAssociation - Got a GetDataValues request for node: ied1lDevice1/CSWI1.Pos.q: 0x00 0x00
calling GetDataValues(ied1lDevice1/CSWI1.Pos.t)
20:38:39.463 [openiec61850-osi-server-3-thread-1] DEBUG com.beanit.openiec61850.ServerAssociation - Got a GetDataValues request for node: ied1lDevice1/CSWI1.Pos.t: Thu Jan 01 01:00:00 CET 1970
calling GetDataValues(ied1lDevice1/CSWI1.Pos)
20:38:39.463 [openiec61850-osi-server-3-thread-1] DEBUG com.beanit.openiec61850.ServerAssociation - Got a GetDataValues request for node: ied1lDevice1/CSWI1.Pos [CF]
ied1lDevice1/CSWI1.Pos.ctlModel: 1
20:38:39.463 [openiec61850-osi-server-3-thread-1] DEBUG com.beanit.openiec61850.ServerAssociation - sub BDA is:ied1lDevice1/CSWI1.Pos.ctlModel: 1
calling GetDataValues(ied1lDevice1/CSWI1.Pos.ctlModel)
20:38:39.464 [openiec61850-osi-server-3-thread-1] DEBUG com.beanit.openiec61850.ServerAssociation - Got a GetDataValues request for node: ied1lDevice1/CSWI1.Pos.ctlModel: 1
calling GetDataValues(ied1lDevice1/CSWI1.PosA)
20:38:39.464 [openiec61850-osi-server-3-thread-1] DEBUG com.beanit.openiec61850.ServerAssociation - Got a GetDataValues request for node: ied1lDevice1/CSWI1.PosA [ST]
ied1lDevice1/CSWI1.PosA.q: 0x00 0x00
ied1lDevice1/CSWI1.PosA.t: Thu Jan 01 01:00:00 CET 1970
20:38:39.464 [openiec61850-osi-server-3-thread-1] DEBUG com.beanit.openiec61850.ServerAssociation - sub BDA is:ied1lDevice1/CSWI1.PosA.q: 0x00 0x00
20:38:39.464 [openiec61850-osi-server-3-thread-1] DEBUG com.beanit.openiec61850.ServerAssociation - sub BDA is:ied1lDevice1/CSWI1.PosA.t: Thu Jan 01 01:00:00 CET 1970
calling GetDataValues(ied1lDevice1/CSWI1.PosA.q)
20:38:39.465 [openiec61850-osi-server-3-thread-1] DEBUG com.beanit.openiec61850.ServerAssociation - Got a GetDataValues request for node: ied1lDevice1/CSWI1.PosA.q: 0x00 0x00
calling GetDataValues(ied1lDevice1/CSWI1.PosA.t)
20:38:39.465 [openiec61850-osi-server-3-thread-1] DEBUG com.beanit.openiec61850.ServerAssociation - Got a GetDataValues request for node: ied1lDevice1/CSWI1.PosA.t: Thu Jan 01 01:00:00 CET 1970
calling GetDataValues(ied1lDevice1/CSWI1.PosA)
20:38:39.465 [openiec61850-osi-server-3-thread-1] DEBUG com.beanit.openiec61850.ServerAssociation - Got a GetDataValues request for node: ied1lDevice1/CSWI1.PosA [CF]
ied1lDevice1/CSWI1.PosA.ctlModel: 2
ied1lDevice1/CSWI1.PosA.sboTimeout: 1000
20:38:39.465 [openiec61850-osi-server-3-thread-1] DEBUG com.beanit.openiec61850.ServerAssociation - sub BDA is:ied1lDevice1/CSWI1.PosA.ctlModel: 2
20:38:39.465 [openiec61850-osi-server-3-thread-1] DEBUG com.beanit.openiec61850.ServerAssociation - sub BDA is:ied1lDevice1/CSWI1.PosA.sboTimeout: 1000
calling GetDataValues(ied1lDevice1/CSWI1.PosA.ctlModel)
20:38:39.465 [openiec61850-osi-server-3-thread-1] DEBUG com.beanit.openiec61850.ServerAssociation - Got a GetDataValues request for node: ied1lDevice1/CSWI1.PosA.ctlModel: 2
calling GetDataValues(ied1lDevice1/CSWI1.PosA.sboTimeout)
20:38:39.466 [openiec61850-osi-server-3-thread-1] DEBUG com.beanit.openiec61850.ServerAssociation - Got a GetDataValues request for node: ied1lDevice1/CSWI1.PosA.sboTimeout: 1000
calling GetDataValues(ied1lDevice1/CSWI1.PosB)
20:38:39.466 [openiec61850-osi-server-3-thread-1] DEBUG com.beanit.openiec61850.ServerAssociation - Got a GetDataValues request for node: ied1lDevice1/CSWI1.PosB [ST]
ied1lDevice1/CSWI1.PosB.q: 0x00 0x00
ied1lDevice1/CSWI1.PosB.t: Thu Jan 01 01:00:00 CET 1970
20:38:39.466 [openiec61850-osi-server-3-thread-1] DEBUG com.beanit.openiec61850.ServerAssociation - sub BDA is:ied1lDevice1/CSWI1.PosB.q: 0x00 0x00
20:38:39.466 [openiec61850-osi-server-3-thread-1] DEBUG com.beanit.openiec61850.ServerAssociation - sub BDA is:ied1lDevice1/CSWI1.PosB.t: Thu Jan 01 01:00:00 CET 1970
calling GetDataValues(ied1lDevice1/CSWI1.PosB.q)
20:38:39.467 [openiec61850-osi-server-3-thread-1] DEBUG com.beanit.openiec61850.ServerAssociation - Got a GetDataValues request for node: ied1lDevice1/CSWI1.PosB.q: 0x00 0x00
calling GetDataValues(ied1lDevice1/CSWI1.PosB.t)
20:38:39.467 [openiec61850-osi-server-3-thread-1] DEBUG com.beanit.openiec61850.ServerAssociation - Got a GetDataValues request for node: ied1lDevice1/CSWI1.PosB.t: Thu Jan 01 01:00:00 CET 1970
calling GetDataValues(ied1lDevice1/CSWI1.PosB)
20:38:39.467 [openiec61850-osi-server-3-thread-1] DEBUG com.beanit.openiec61850.ServerAssociation - Got a GetDataValues request for node: ied1lDevice1/CSWI1.PosB [CF]
ied1lDevice1/CSWI1.PosB.ctlModel: 3
20:38:39.467 [openiec61850-osi-server-3-thread-1] DEBUG com.beanit.openiec61850.ServerAssociation - sub BDA is:ied1lDevice1/CSWI1.PosB.ctlModel: 3
calling GetDataValues(ied1lDevice1/CSWI1.PosB.ctlModel)
20:38:39.468 [openiec61850-osi-server-3-thread-1] DEBUG com.beanit.openiec61850.ServerAssociation - Got a GetDataValues request for node: ied1lDevice1/CSWI1.PosB.ctlModel: 3
calling GetDataValues(ied1lDevice1/CSWI1.PosC)
20:38:39.468 [openiec61850-osi-server-3-thread-1] DEBUG com.beanit.openiec61850.ServerAssociation - Got a GetDataValues request for node: ied1lDevice1/CSWI1.PosC [ST]
ied1lDevice1/CSWI1.PosC.q: 0x00 0x00
ied1lDevice1/CSWI1.PosC.t: Thu Jan 01 01:00:00 CET 1970
20:38:39.468 [openiec61850-osi-server-3-thread-1] DEBUG com.beanit.openiec61850.ServerAssociation - sub BDA is:ied1lDevice1/CSWI1.PosC.q: 0x00 0x00
20:38:39.468 [openiec61850-osi-server-3-thread-1] DEBUG com.beanit.openiec61850.ServerAssociation - sub BDA is:ied1lDevice1/CSWI1.PosC.t: Thu Jan 01 01:00:00 CET 1970
calling GetDataValues(ied1lDevice1/CSWI1.PosC.q)
20:38:39.469 [openiec61850-osi-server-3-thread-1] DEBUG com.beanit.openiec61850.ServerAssociation - Got a GetDataValues request for node: ied1lDevice1/CSWI1.PosC.q: 0x00 0x00
calling GetDataValues(ied1lDevice1/CSWI1.PosC.t)
20:38:39.469 [openiec61850-osi-server-3-thread-1] DEBUG com.beanit.openiec61850.ServerAssociation - Got a GetDataValues request for node: ied1lDevice1/CSWI1.PosC.t: Thu Jan 01 01:00:00 CET 1970
calling GetDataValues(ied1lDevice1/CSWI1.PosC)
20:38:39.469 [openiec61850-osi-server-3-thread-1] DEBUG com.beanit.openiec61850.ServerAssociation - Got a GetDataValues request for node: ied1lDevice1/CSWI1.PosC [CF]
ied1lDevice1/CSWI1.PosC.ctlModel: 4
20:38:39.469 [openiec61850-osi-server-3-thread-1] DEBUG com.beanit.openiec61850.ServerAssociation - sub BDA is:ied1lDevice1/CSWI1.PosC.ctlModel: 4
calling GetDataValues(ied1lDevice1/CSWI1.PosC.ctlModel)
20:38:39.469 [openiec61850-osi-server-3-thread-1] DEBUG com.beanit.openiec61850.ServerAssociation - Got a GetDataValues request for node: ied1lDevice1/CSWI1.PosC.ctlModel: 4
calling GetDataValues(ied1lDevice1/DSCH1.Mod)
20:38:39.470 [openiec61850-osi-server-3-thread-1] DEBUG com.beanit.openiec61850.ServerAssociation - Got a GetDataValues request for node: ied1lDevice1/DSCH1.Mod [ST]
ied1lDevice1/DSCH1.Mod.q: 0x00 0x00
ied1lDevice1/DSCH1.Mod.t: Thu Jan 01 01:00:00 CET 1970
20:38:39.470 [openiec61850-osi-server-3-thread-1] DEBUG com.beanit.openiec61850.ServerAssociation - sub BDA is:ied1lDevice1/DSCH1.Mod.q: 0x00 0x00
20:38:39.470 [openiec61850-osi-server-3-thread-1] DEBUG com.beanit.openiec61850.ServerAssociation - sub BDA is:ied1lDevice1/DSCH1.Mod.t: Thu Jan 01 01:00:00 CET 1970
calling GetDataValues(ied1lDevice1/DSCH1.Mod.q)
20:38:39.470 [openiec61850-osi-server-3-thread-1] DEBUG com.beanit.openiec61850.ServerAssociation - Got a GetDataValues request for node: ied1lDevice1/DSCH1.Mod.q: 0x00 0x00
calling GetDataValues(ied1lDevice1/DSCH1.Mod.t)
20:38:39.470 [openiec61850-osi-server-3-thread-1] DEBUG com.beanit.openiec61850.ServerAssociation - Got a GetDataValues request for node: ied1lDevice1/DSCH1.Mod.t: Thu Jan 01 01:00:00 CET 1970
calling GetDataValues(ied1lDevice1/DSCH1.Mod)
20:38:39.471 [openiec61850-osi-server-3-thread-1] DEBUG com.beanit.openiec61850.ServerAssociation - Got a GetDataValues request for node: ied1lDevice1/DSCH1.Mod [CF]
ied1lDevice1/DSCH1.Mod.ctlModel: 0
20:38:39.471 [openiec61850-osi-server-3-thread-1] DEBUG com.beanit.openiec61850.ServerAssociation - sub BDA is:ied1lDevice1/DSCH1.Mod.ctlModel: 0
calling GetDataValues(ied1lDevice1/DSCH1.Mod.ctlModel)
20:38:39.471 [openiec61850-osi-server-3-thread-1] DEBUG com.beanit.openiec61850.ServerAssociation - Got a GetDataValues request for node: ied1lDevice1/DSCH1.Mod.ctlModel: 0
calling GetDataValues(ied1lDevice1/DSCH1.Beh)
20:38:39.471 [openiec61850-osi-server-3-thread-1] DEBUG com.beanit.openiec61850.ServerAssociation - Got a GetDataValues request for node: ied1lDevice1/DSCH1.Beh [ST]
ied1lDevice1/DSCH1.Beh.stVal: 0
ied1lDevice1/DSCH1.Beh.q: 0x00 0x00
ied1lDevice1/DSCH1.Beh.t: Thu Jan 01 01:00:00 CET 1970
20:38:39.471 [openiec61850-osi-server-3-thread-1] DEBUG com.beanit.openiec61850.ServerAssociation - sub BDA is:ied1lDevice1/DSCH1.Beh.stVal: 0
20:38:39.471 [openiec61850-osi-server-3-thread-1] DEBUG com.beanit.openiec61850.ServerAssociation - sub BDA is:ied1lDevice1/DSCH1.Beh.q: 0x00 0x00
20:38:39.471 [openiec61850-osi-server-3-thread-1] DEBUG com.beanit.openiec61850.ServerAssociation - sub BDA is:ied1lDevice1/DSCH1.Beh.t: Thu Jan 01 01:00:00 CET 1970
calling GetDataValues(ied1lDevice1/DSCH1.Beh.stVal)
20:38:39.472 [openiec61850-osi-server-3-thread-1] DEBUG com.beanit.openiec61850.ServerAssociation - Got a GetDataValues request for node: ied1lDevice1/DSCH1.Beh.stVal: 0
calling GetDataValues(ied1lDevice1/DSCH1.Beh.q)
20:38:39.472 [openiec61850-osi-server-3-thread-1] DEBUG com.beanit.openiec61850.ServerAssociation - Got a GetDataValues request for node: ied1lDevice1/DSCH1.Beh.q: 0x00 0x00
calling GetDataValues(ied1lDevice1/DSCH1.Beh.t)
20:38:39.472 [openiec61850-osi-server-3-thread-1] DEBUG com.beanit.openiec61850.ServerAssociation - Got a GetDataValues request for node: ied1lDevice1/DSCH1.Beh.t: Thu Jan 01 01:00:00 CET 1970
calling GetDataValues(ied1lDevice1/DSCH1.Health)
20:38:39.473 [openiec61850-osi-server-3-thread-1] DEBUG com.beanit.openiec61850.ServerAssociation - Got a GetDataValues request for node: ied1lDevice1/DSCH1.Health [ST]
ied1lDevice1/DSCH1.Health.stVal: 0
ied1lDevice1/DSCH1.Health.q: 0x00 0x00
ied1lDevice1/DSCH1.Health.t: Thu Jan 01 01:00:00 CET 1970
20:38:39.473 [openiec61850-osi-server-3-thread-1] DEBUG com.beanit.openiec61850.ServerAssociation - sub BDA is:ied1lDevice1/DSCH1.Health.stVal: 0
20:38:39.473 [openiec61850-osi-server-3-thread-1] DEBUG com.beanit.openiec61850.ServerAssociation - sub BDA is:ied1lDevice1/DSCH1.Health.q: 0x00 0x00
20:38:39.473 [openiec61850-osi-server-3-thread-1] DEBUG com.beanit.openiec61850.ServerAssociation - sub BDA is:ied1lDevice1/DSCH1.Health.t: Thu Jan 01 01:00:00 CET 1970
calling GetDataValues(ied1lDevice1/DSCH1.Health.stVal)
20:38:39.473 [openiec61850-osi-server-3-thread-1] DEBUG com.beanit.openiec61850.ServerAssociation - Got a GetDataValues request for node: ied1lDevice1/DSCH1.Health.stVal: 0
calling GetDataValues(ied1lDevice1/DSCH1.Health.q)
20:38:39.473 [openiec61850-osi-server-3-thread-1] DEBUG com.beanit.openiec61850.ServerAssociation - Got a GetDataValues request for node: ied1lDevice1/DSCH1.Health.q: 0x00 0x00
calling GetDataValues(ied1lDevice1/DSCH1.Health.t)
20:38:39.474 [openiec61850-osi-server-3-thread-1] DEBUG com.beanit.openiec61850.ServerAssociation - Got a GetDataValues request for node: ied1lDevice1/DSCH1.Health.t: Thu Jan 01 01:00:00 CET 1970
calling GetDataValues(ied1lDevice1/DSCH1.NamPlt)
20:38:39.474 [openiec61850-osi-server-3-thread-1] DEBUG com.beanit.openiec61850.ServerAssociation - Got a GetDataValues request for node: ied1lDevice1/DSCH1.NamPlt [DC]
ied1lDevice1/DSCH1.NamPlt.vendor: ''
ied1lDevice1/DSCH1.NamPlt.swRev: ''
ied1lDevice1/DSCH1.NamPlt.d: ''
20:38:39.474 [openiec61850-osi-server-3-thread-1] DEBUG com.beanit.openiec61850.ServerAssociation - sub BDA is:ied1lDevice1/DSCH1.NamPlt.vendor: ''
20:38:39.474 [openiec61850-osi-server-3-thread-1] DEBUG com.beanit.openiec61850.ServerAssociation - sub BDA is:ied1lDevice1/DSCH1.NamPlt.swRev: ''
20:38:39.474 [openiec61850-osi-server-3-thread-1] DEBUG com.beanit.openiec61850.ServerAssociation - sub BDA is:ied1lDevice1/DSCH1.NamPlt.d: ''
calling GetDataValues(ied1lDevice1/DSCH1.NamPlt.vendor)
20:38:39.474 [openiec61850-osi-server-3-thread-1] DEBUG com.beanit.openiec61850.ServerAssociation - Got a GetDataValues request for node: ied1lDevice1/DSCH1.NamPlt.vendor: ''
calling GetDataValues(ied1lDevice1/DSCH1.NamPlt.swRev)
20:38:39.475 [openiec61850-osi-server-3-thread-1] DEBUG com.beanit.openiec61850.ServerAssociation - Got a GetDataValues request for node: ied1lDevice1/DSCH1.NamPlt.swRev: ''
calling GetDataValues(ied1lDevice1/DSCH1.NamPlt.d)
20:38:39.475 [openiec61850-osi-server-3-thread-1] DEBUG com.beanit.openiec61850.ServerAssociation - Got a GetDataValues request for node: ied1lDevice1/DSCH1.NamPlt.d: ''
calling GetDataValues(ied1lDevice1/DSCH1.SchdSt)
20:38:39.475 [openiec61850-osi-server-3-thread-1] DEBUG com.beanit.openiec61850.ServerAssociation - Got a GetDataValues request for node: ied1lDevice1/DSCH1.SchdSt [ST]
ied1lDevice1/DSCH1.SchdSt.stVal: 0
ied1lDevice1/DSCH1.SchdSt.q: 0x00 0x00
ied1lDevice1/DSCH1.SchdSt.t: Thu Jan 01 01:00:00 CET 1970
20:38:39.475 [openiec61850-osi-server-3-thread-1] DEBUG com.beanit.openiec61850.ServerAssociation - sub BDA is:ied1lDevice1/DSCH1.SchdSt.stVal: 0
20:38:39.475 [openiec61850-osi-server-3-thread-1] DEBUG com.beanit.openiec61850.ServerAssociation - sub BDA is:ied1lDevice1/DSCH1.SchdSt.q: 0x00 0x00
20:38:39.475 [openiec61850-osi-server-3-thread-1] DEBUG com.beanit.openiec61850.ServerAssociation - sub BDA is:ied1lDevice1/DSCH1.SchdSt.t: Thu Jan 01 01:00:00 CET 1970
calling GetDataValues(ied1lDevice1/DSCH1.SchdSt.stVal)
20:38:39.476 [openiec61850-osi-server-3-thread-1] DEBUG com.beanit.openiec61850.ServerAssociation - Got a GetDataValues request for node: ied1lDevice1/DSCH1.SchdSt.stVal: 0
calling GetDataValues(ied1lDevice1/DSCH1.SchdSt.q)
20:38:39.476 [openiec61850-osi-server-3-thread-1] DEBUG com.beanit.openiec61850.ServerAssociation - Got a GetDataValues request for node: ied1lDevice1/DSCH1.SchdSt.q: 0x00 0x00
calling GetDataValues(ied1lDevice1/DSCH1.SchdSt.t)
20:38:39.476 [openiec61850-osi-server-3-thread-1] DEBUG com.beanit.openiec61850.ServerAssociation - Got a GetDataValues request for node: ied1lDevice1/DSCH1.SchdSt.t: Thu Jan 01 01:00:00 CET 1970
calling GetDataValues(ied1lDevice1/DSCH1.SchdAbsTm)
20:38:39.477 [openiec61850-osi-server-3-thread-1] DEBUG com.beanit.openiec61850.ServerAssociation - Got a GetDataValues request for node: ied1lDevice1/DSCH1.SchdAbsTm [SP]
ied1lDevice1/DSCH1.SchdAbsTm.val [SP]
ied1lDevice1/DSCH1.SchdAbsTm.val(0): 0.0
ied1lDevice1/DSCH1.SchdAbsTm.val(1): 0.0
ied1lDevice1/DSCH1.SchdAbsTm.val(2): 0.0
ied1lDevice1/DSCH1.SchdAbsTm.val(3): 0.0
ied1lDevice1/DSCH1.SchdAbsTm.val(4): 0.0
ied1lDevice1/DSCH1.SchdAbsTm.val(5): 0.0
ied1lDevice1/DSCH1.SchdAbsTm.val(6): 0.0
ied1lDevice1/DSCH1.SchdAbsTm.val(7): 0.0
ied1lDevice1/DSCH1.SchdAbsTm.val(8): 0.0
ied1lDevice1/DSCH1.SchdAbsTm.val(9): 0.0
ied1lDevice1/DSCH1.SchdAbsTm.val(10): 0.0
ied1lDevice1/DSCH1.SchdAbsTm.val(11): 0.0
ied1lDevice1/DSCH1.SchdAbsTm.val(12): 0.0
ied1lDevice1/DSCH1.SchdAbsTm.val(13): 0.0
ied1lDevice1/DSCH1.SchdAbsTm.val(14): 0.0
ied1lDevice1/DSCH1.SchdAbsTm.val(15): 0.0
ied1lDevice1/DSCH1.SchdAbsTm.val(16): 0.0
ied1lDevice1/DSCH1.SchdAbsTm.val(17): 0.0
ied1lDevice1/DSCH1.SchdAbsTm.val(18): 0.0
ied1lDevice1/DSCH1.SchdAbsTm.val(19): 0.0
ied1lDevice1/DSCH1.SchdAbsTm.val(20): 0.0
ied1lDevice1/DSCH1.SchdAbsTm.val(21): 0.0
ied1lDevice1/DSCH1.SchdAbsTm.val(22): 0.0
ied1lDevice1/DSCH1.SchdAbsTm.val(23): 0.0
ied1lDevice1/DSCH1.SchdAbsTm.val(24): 0.0
ied1lDevice1/DSCH1.SchdAbsTm.val(25): 0.0
ied1lDevice1/DSCH1.SchdAbsTm.val(26): 0.0
ied1lDevice1/DSCH1.SchdAbsTm.val(27): 0.0
ied1lDevice1/DSCH1.SchdAbsTm.val(28): 0.0
ied1lDevice1/DSCH1.SchdAbsTm.val(29): 0.0
ied1lDevice1/DSCH1.SchdAbsTm.val(30): 0.0
ied1lDevice1/DSCH1.SchdAbsTm.val(31): 0.0
ied1lDevice1/DSCH1.SchdAbsTm.val(32): 0.0
ied1lDevice1/DSCH1.SchdAbsTm.val(33): 0.0
ied1lDevice1/DSCH1.SchdAbsTm.val(34): 0.0
ied1lDevice1/DSCH1.SchdAbsTm.val(35): 0.0
ied1lDevice1/DSCH1.SchdAbsTm.val(36): 0.0
ied1lDevice1/DSCH1.SchdAbsTm.val(37): 0.0
ied1lDevice1/DSCH1.SchdAbsTm.val(38): 0.0
ied1lDevice1/DSCH1.SchdAbsTm.val(39): 0.0
ied1lDevice1/DSCH1.SchdAbsTm.val(40): 0.0
ied1lDevice1/DSCH1.SchdAbsTm.val(41): 0.0
ied1lDevice1/DSCH1.SchdAbsTm.val(42): 0.0
ied1lDevice1/DSCH1.SchdAbsTm.val(43): 0.0
ied1lDevice1/DSCH1.SchdAbsTm.val(44): 0.0
ied1lDevice1/DSCH1.SchdAbsTm.val(45): 0.0
ied1lDevice1/DSCH1.SchdAbsTm.val(46): 0.0
ied1lDevice1/DSCH1.SchdAbsTm.val(47): 0.0
ied1lDevice1/DSCH1.SchdAbsTm.val(48): 0.0
ied1lDevice1/DSCH1.SchdAbsTm.val(49): 0.0
ied1lDevice1/DSCH1.SchdAbsTm.val(50): 0.0
ied1lDevice1/DSCH1.SchdAbsTm.val(51): 0.0
ied1lDevice1/DSCH1.SchdAbsTm.val(52): 0.0
ied1lDevice1/DSCH1.SchdAbsTm.val(53): 0.0
ied1lDevice1/DSCH1.SchdAbsTm.val(54): 0.0
ied1lDevice1/DSCH1.SchdAbsTm.val(55): 0.0
ied1lDevice1/DSCH1.SchdAbsTm.val(56): 0.0
ied1lDevice1/DSCH1.SchdAbsTm.val(57): 0.0
ied1lDevice1/DSCH1.SchdAbsTm.val(58): 0.0
ied1lDevice1/DSCH1.SchdAbsTm.val(59): 0.0
ied1lDevice1/DSCH1.SchdAbsTm.val(60): 0.0
ied1lDevice1/DSCH1.SchdAbsTm.val(61): 0.0
ied1lDevice1/DSCH1.SchdAbsTm.val(62): 0.0
ied1lDevice1/DSCH1.SchdAbsTm.val(63): 0.0
ied1lDevice1/DSCH1.SchdAbsTm.val(64): 0.0
ied1lDevice1/DSCH1.SchdAbsTm.val(65): 0.0
ied1lDevice1/DSCH1.SchdAbsTm.val(66): 0.0
ied1lDevice1/DSCH1.SchdAbsTm.val(67): 0.0
ied1lDevice1/DSCH1.SchdAbsTm.val(68): 0.0
ied1lDevice1/DSCH1.SchdAbsTm.val(69): 0.0
ied1lDevice1/DSCH1.SchdAbsTm.val(70): 0.0
ied1lDevice1/DSCH1.SchdAbsTm.val(71): 0.0
ied1lDevice1/DSCH1.SchdAbsTm.val(72): 0.0
ied1lDevice1/DSCH1.SchdAbsTm.val(73): 0.0
ied1lDevice1/DSCH1.SchdAbsTm.val(74): 0.0
ied1lDevice1/DSCH1.SchdAbsTm.val(75): 0.0
ied1lDevice1/DSCH1.SchdAbsTm.val(76): 0.0
ied1lDevice1/DSCH1.SchdAbsTm.val(77): 0.0
ied1lDevice1/DSCH1.SchdAbsTm.val(78): 0.0
ied1lDevice1/DSCH1.SchdAbsTm.val(79): 0.0
ied1lDevice1/DSCH1.SchdAbsTm.val(80): 0.0
ied1lDevice1/DSCH1.SchdAbsTm.val(81): 0.0
ied1lDevice1/DSCH1.SchdAbsTm.val(82): 0.0
ied1lDevice1/DSCH1.SchdAbsTm.val(83): 0.0
ied1lDevice1/DSCH1.SchdAbsTm.val(84): 0.0
ied1lDevice1/DSCH1.SchdAbsTm.val(85): 0.0
ied1lDevice1/DSCH1.SchdAbsTm.val(86): 0.0
ied1lDevice1/DSCH1.SchdAbsTm.val(87): 0.0
ied1lDevice1/DSCH1.SchdAbsTm.val(88): 0.0
ied1lDevice1/DSCH1.SchdAbsTm.val(89): 0.0
ied1lDevice1/DSCH1.SchdAbsTm.val(90): 0.0
ied1lDevice1/DSCH1.SchdAbsTm.val(91): 0.0
ied1lDevice1/DSCH1.SchdAbsTm.val(92): 0.0
ied1lDevice1/DSCH1.SchdAbsTm.val(93): 0.0
ied1lDevice1/DSCH1.SchdAbsTm.val(94): 0.0
ied1lDevice1/DSCH1.SchdAbsTm.val(95): 0.0
ied1lDevice1/DSCH1.SchdAbsTm.val(96): 0.0
ied1lDevice1/DSCH1.SchdAbsTm.val(97): 0.0
ied1lDevice1/DSCH1.SchdAbsTm.val(98): 0.0
ied1lDevice1/DSCH1.SchdAbsTm.val(99): 0.0
ied1lDevice1/DSCH1.SchdAbsTm.val(100): 0.0
ied1lDevice1/DSCH1.SchdAbsTm.val(101): 0.0
ied1lDevice1/DSCH1.SchdAbsTm.val(102): 0.0
ied1lDevice1/DSCH1.SchdAbsTm.val(103): 0.0
ied1lDevice1/DSCH1.SchdAbsTm.val(104): 0.0
ied1lDevice1/DSCH1.SchdAbsTm.val(105): 0.0
ied1lDevice1/DSCH1.SchdAbsTm.val(106): 0.0
ied1lDevice1/DSCH1.SchdAbsTm.val(107): 0.0
ied1lDevice1/DSCH1.SchdAbsTm.val(108): 0.0
ied1lDevice1/DSCH1.SchdAbsTm.val(109): 0.0
ied1lDevice1/DSCH1.SchdAbsTm.val(110): 0.0
ied1lDevice1/DSCH1.SchdAbsTm.val(111): 0.0
ied1lDevice1/DSCH1.SchdAbsTm.val(112): 0.0
ied1lDevice1/DSCH1.SchdAbsTm.val(113): 0.0
ied1lDevice1/DSCH1.SchdAbsTm.val(114): 0.0
ied1lDevice1/DSCH1.SchdAbsTm.val(115): 0.0
ied1lDevice1/DSCH1.SchdAbsTm.val(116): 0.0
ied1lDevice1/DSCH1.SchdAbsTm.val(117): 0.0
ied1lDevice1/DSCH1.SchdAbsTm.val(118): 0.0
ied1lDevice1/DSCH1.SchdAbsTm.val(119): 0.0
ied1lDevice1/DSCH1.SchdAbsTm.val(120): 0.0
ied1lDevice1/DSCH1.SchdAbsTm.val(121): 0.0
ied1lDevice1/DSCH1.SchdAbsTm.val(122): 0.0
ied1lDevice1/DSCH1.SchdAbsTm.val(123): 0.0
ied1lDevice1/DSCH1.SchdAbsTm.val(124): 0.0
ied1lDevice1/DSCH1.SchdAbsTm.val(125): 0.0
ied1lDevice1/DSCH1.SchdAbsTm.val(126): 0.0
ied1lDevice1/DSCH1.SchdAbsTm.val(127): 0.0
ied1lDevice1/DSCH1.SchdAbsTm.val(128): 0.0
ied1lDevice1/DSCH1.SchdAbsTm.val(129): 0.0
ied1lDevice1/DSCH1.SchdAbsTm.val(130): 0.0
ied1lDevice1/DSCH1.SchdAbsTm.val(131): 0.0
ied1lDevice1/DSCH1.SchdAbsTm.val(132): 0.0
ied1lDevice1/DSCH1.SchdAbsTm.val(133): 0.0
ied1lDevice1/DSCH1.SchdAbsTm.val(134): 0.0
ied1lDevice1/DSCH1.SchdAbsTm.val(135): 0.0
ied1lDevice1/DSCH1.SchdAbsTm.val(136): 0.0
ied1lDevice1/DSCH1.SchdAbsTm.val(137): 0.0
ied1lDevice1/DSCH1.SchdAbsTm.val(138): 0.0
ied1lDevice1/DSCH1.SchdAbsTm.val(139): 0.0
ied1lDevice1/DSCH1.SchdAbsTm.val(140): 0.0
ied1lDevice1/DSCH1.SchdAbsTm.val(141): 0.0
ied1lDevice1/DSCH1.SchdAbsTm.val(142): 0.0
ied1lDevice1/DSCH1.SchdAbsTm.val(143): 0.0
ied1lDevice1/DSCH1.SchdAbsTm.val(144): 0.0
ied1lDevice1/DSCH1.SchdAbsTm.val(145): 0.0
ied1lDevice1/DSCH1.SchdAbsTm.val(146): 0.0
ied1lDevice1/DSCH1.SchdAbsTm.val(147): 0.0
ied1lDevice1/DSCH1.SchdAbsTm.val(148): 0.0
ied1lDevice1/DSCH1.SchdAbsTm.val(149): 0.0
ied1lDevice1/DSCH1.SchdAbsTm.val(150): 0.0
ied1lDevice1/DSCH1.SchdAbsTm.val(151): 0.0
ied1lDevice1/DSCH1.SchdAbsTm.val(152): 0.0
ied1lDevice1/DSCH1.SchdAbsTm.val(153): 0.0
ied1lDevice1/DSCH1.SchdAbsTm.val(154): 0.0
ied1lDevice1/DSCH1.SchdAbsTm.val(155): 0.0
ied1lDevice1/DSCH1.SchdAbsTm.val(156): 0.0
ied1lDevice1/DSCH1.SchdAbsTm.val(157): 0.0
ied1lDevice1/DSCH1.SchdAbsTm.val(158): 0.0
ied1lDevice1/DSCH1.SchdAbsTm.val(159): 0.0
ied1lDevice1/DSCH1.SchdAbsTm.val(160): 0.0
ied1lDevice1/DSCH1.SchdAbsTm.val(161): 0.0
ied1lDevice1/DSCH1.SchdAbsTm.val(162): 0.0
ied1lDevice1/DSCH1.SchdAbsTm.val(163): 0.0
ied1lDevice1/DSCH1.SchdAbsTm.val(164): 0.0
ied1lDevice1/DSCH1.SchdAbsTm.val(165): 0.0
ied1lDevice1/DSCH1.SchdAbsTm.val(166): 0.0
ied1lDevice1/DSCH1.SchdAbsTm.val(167): 0.0
ied1lDevice1/DSCH1.SchdAbsTm.val(168): 0.0
ied1lDevice1/DSCH1.SchdAbsTm.val(169): 0.0
ied1lDevice1/DSCH1.SchdAbsTm.val(170): 0.0
ied1lDevice1/DSCH1.SchdAbsTm.val(171): 0.0
ied1lDevice1/DSCH1.SchdAbsTm.val(172): 0.0
ied1lDevice1/DSCH1.SchdAbsTm.val(173): 0.0
ied1lDevice1/DSCH1.SchdAbsTm.val(174): 0.0
ied1lDevice1/DSCH1.SchdAbsTm.val(175): 0.0
ied1lDevice1/DSCH1.SchdAbsTm.val(176): 0.0
ied1lDevice1/DSCH1.SchdAbsTm.val(177): 0.0
ied1lDevice1/DSCH1.SchdAbsTm.val(178): 0.0
ied1lDevice1/DSCH1.SchdAbsTm.val(179): 0.0
ied1lDevice1/DSCH1.SchdAbsTm.val(180): 0.0
ied1lDevice1/DSCH1.SchdAbsTm.val(181): 0.0
ied1lDevice1/DSCH1.SchdAbsTm.val(182): 0.0
ied1lDevice1/DSCH1.SchdAbsTm.val(183): 0.0
ied1lDevice1/DSCH1.SchdAbsTm.val(184): 0.0
ied1lDevice1/DSCH1.SchdAbsTm.val(185): 0.0
ied1lDevice1/DSCH1.SchdAbsTm.val(186): 0.0
ied1lDevice1/DSCH1.SchdAbsTm.val(187): 0.0
ied1lDevice1/DSCH1.SchdAbsTm.val(188): 0.0
ied1lDevice1/DSCH1.SchdAbsTm.val(189): 0.0
ied1lDevice1/DSCH1.SchdAbsTm.val(190): 0.0
ied1lDevice1/DSCH1.SchdAbsTm.val(191): 0.0
ied1lDevice1/DSCH1.SchdAbsTm.val(192): 0.0
ied1lDevice1/DSCH1.SchdAbsTm.val(193): 0.0
ied1lDevice1/DSCH1.SchdAbsTm.val(194): 0.0
ied1lDevice1/DSCH1.SchdAbsTm.val(195): 0.0
ied1lDevice1/DSCH1.SchdAbsTm.val(196): 0.0
ied1lDevice1/DSCH1.SchdAbsTm.val(197): 0.0
ied1lDevice1/DSCH1.SchdAbsTm.val(198): 0.0
ied1lDevice1/DSCH1.SchdAbsTm.val(199): 0.0
ied1lDevice1/DSCH1.SchdAbsTm.val(200): 0.0
ied1lDevice1/DSCH1.SchdAbsTm.val(201): 0.0
ied1lDevice1/DSCH1.SchdAbsTm.val(202): 0.0
ied1lDevice1/DSCH1.SchdAbsTm.val(203): 0.0
ied1lDevice1/DSCH1.SchdAbsTm.val(204): 0.0
ied1lDevice1/DSCH1.SchdAbsTm.val(205): 0.0
ied1lDevice1/DSCH1.SchdAbsTm.val(206): 0.0
ied1lDevice1/DSCH1.SchdAbsTm.val(207): 0.0
ied1lDevice1/DSCH1.SchdAbsTm.val(208): 0.0
ied1lDevice1/DSCH1.SchdAbsTm.val(209): 0.0
ied1lDevice1/DSCH1.SchdAbsTm.val(210): 0.0
ied1lDevice1/DSCH1.SchdAbsTm.val(211): 0.0
ied1lDevice1/DSCH1.SchdAbsTm.val(212): 0.0
ied1lDevice1/DSCH1.SchdAbsTm.val(213): 0.0
ied1lDevice1/DSCH1.SchdAbsTm.val(214): 0.0
ied1lDevice1/DSCH1.SchdAbsTm.val(215): 0.0
ied1lDevice1/DSCH1.SchdAbsTm.val(216): 0.0
ied1lDevice1/DSCH1.SchdAbsTm.val(217): 0.0
ied1lDevice1/DSCH1.SchdAbsTm.val(218): 0.0
ied1lDevice1/DSCH1.SchdAbsTm.val(219): 0.0
ied1lDevice1/DSCH1.SchdAbsTm.val(220): 0.0
ied1lDevice1/DSCH1.SchdAbsTm.val(221): 0.0
ied1lDevice1/DSCH1.SchdAbsTm.val(222): 0.0
ied1lDevice1/DSCH1.SchdAbsTm.val(223): 0.0
ied1lDevice1/DSCH1.SchdAbsTm.val(224): 0.0
ied1lDevice1/DSCH1.SchdAbsTm.val(225): 0.0
ied1lDevice1/DSCH1.SchdAbsTm.val(226): 0.0
ied1lDevice1/DSCH1.SchdAbsTm.val(227): 0.0
ied1lDevice1/DSCH1.SchdAbsTm.val(228): 0.0
ied1lDevice1/DSCH1.SchdAbsTm.val(229): 0.0
ied1lDevice1/DSCH1.SchdAbsTm.val(230): 0.0
ied1lDevice1/DSCH1.SchdAbsTm.val(231): 0.0
ied1lDevice1/DSCH1.SchdAbsTm.val(232): 0.0
ied1lDevice1/DSCH1.SchdAbsTm.val(233): 0.0
ied1lDevice1/DSCH1.SchdAbsTm.val(234): 0.0
ied1lDevice1/DSCH1.SchdAbsTm.val(235): 0.0
ied1lDevice1/DSCH1.SchdAbsTm.val(236): 0.0
ied1lDevice1/DSCH1.SchdAbsTm.val(237): 0.0
ied1lDevice1/DSCH1.SchdAbsTm.val(238): 0.0
ied1lDevice1/DSCH1.SchdAbsTm.val(239): 0.0
ied1lDevice1/DSCH1.SchdAbsTm.val(240): 0.0
ied1lDevice1/DSCH1.SchdAbsTm.val(241): 0.0
ied1lDevice1/DSCH1.SchdAbsTm.val(242): 0.0
ied1lDevice1/DSCH1.SchdAbsTm.val(243): 0.0
ied1lDevice1/DSCH1.SchdAbsTm.val(244): 0.0
ied1lDevice1/DSCH1.SchdAbsTm.val(245): 0.0
ied1lDevice1/DSCH1.SchdAbsTm.val(246): 0.0
ied1lDevice1/DSCH1.SchdAbsTm.val(247): 0.0
ied1lDevice1/DSCH1.SchdAbsTm.val(248): 0.0
ied1lDevice1/DSCH1.SchdAbsTm.val(249): 0.0
ied1lDevice1/DSCH1.SchdAbsTm.val(250): 0.0
ied1lDevice1/DSCH1.SchdAbsTm.val(251): 0.0
ied1lDevice1/DSCH1.SchdAbsTm.val(252): 0.0
ied1lDevice1/DSCH1.SchdAbsTm.val(253): 0.0
ied1lDevice1/DSCH1.SchdAbsTm.val(254): 0.0
ied1lDevice1/DSCH1.SchdAbsTm.sptestval1: 0
ied1lDevice1/DSCH1.SchdAbsTm.sptestval2: 0
20:38:39.479 [openiec61850-osi-server-3-thread-1] DEBUG com.beanit.openiec61850.ServerAssociation - sub BDA is:ied1lDevice1/DSCH1.SchdAbsTm.val(0): 0.0
20:38:39.479 [openiec61850-osi-server-3-thread-1] DEBUG com.beanit.openiec61850.ServerAssociation - sub BDA is:ied1lDevice1/DSCH1.SchdAbsTm.val(1): 0.0
20:38:39.479 [openiec61850-osi-server-3-thread-1] DEBUG com.beanit.openiec61850.ServerAssociation - sub BDA is:ied1lDevice1/DSCH1.SchdAbsTm.val(2): 0.0
20:38:39.479 [openiec61850-osi-server-3-thread-1] DEBUG com.beanit.openiec61850.ServerAssociation - sub BDA is:ied1lDevice1/DSCH1.SchdAbsTm.val(3): 0.0
20:38:39.479 [openiec61850-osi-server-3-thread-1] DEBUG com.beanit.openiec61850.ServerAssociation - sub BDA is:ied1lDevice1/DSCH1.SchdAbsTm.val(4): 0.0
20:38:39.479 [openiec61850-osi-server-3-thread-1] DEBUG com.beanit.openiec61850.ServerAssociation - sub BDA is:ied1lDevice1/DSCH1.SchdAbsTm.val(5): 0.0
20:38:39.479 [openiec61850-osi-server-3-thread-1] DEBUG com.beanit.openiec61850.ServerAssociation - sub BDA is:ied1lDevice1/DSCH1.SchdAbsTm.val(6): 0.0
20:38:39.479 [openiec61850-osi-server-3-thread-1] DEBUG com.beanit.openiec61850.ServerAssociation - sub BDA is:ied1lDevice1/DSCH1.SchdAbsTm.val(7): 0.0
20:38:39.479 [openiec61850-osi-server-3-thread-1] DEBUG com.beanit.openiec61850.ServerAssociation - sub BDA is:ied1lDevice1/DSCH1.SchdAbsTm.val(8): 0.0
20:38:39.479 [openiec61850-osi-server-3-thread-1] DEBUG com.beanit.openiec61850.ServerAssociation - sub BDA is:ied1lDevice1/DSCH1.SchdAbsTm.val(9): 0.0
20:38:39.479 [openiec61850-osi-server-3-thread-1] DEBUG com.beanit.openiec61850.ServerAssociation - sub BDA is:ied1lDevice1/DSCH1.SchdAbsTm.val(10): 0.0
20:38:39.479 [openiec61850-osi-server-3-thread-1] DEBUG com.beanit.openiec61850.ServerAssociation - sub BDA is:ied1lDevice1/DSCH1.SchdAbsTm.val(11): 0.0
20:38:39.479 [openiec61850-osi-server-3-thread-1] DEBUG com.beanit.openiec61850.ServerAssociation - sub BDA is:ied1lDevice1/DSCH1.SchdAbsTm.val(12): 0.0
20:38:39.479 [openiec61850-osi-server-3-thread-1] DEBUG com.beanit.openiec61850.ServerAssociation - sub BDA is:ied1lDevice1/DSCH1.SchdAbsTm.val(13): 0.0
20:38:39.479 [openiec61850-osi-server-3-thread-1] DEBUG com.beanit.openiec61850.ServerAssociation - sub BDA is:ied1lDevice1/DSCH1.SchdAbsTm.val(14): 0.0
20:38:39.479 [openiec61850-osi-server-3-thread-1] DEBUG com.beanit.openiec61850.ServerAssociation - sub BDA is:ied1lDevice1/DSCH1.SchdAbsTm.val(15): 0.0
20:38:39.479 [openiec61850-osi-server-3-thread-1] DEBUG com.beanit.openiec61850.ServerAssociation - sub BDA is:ied1lDevice1/DSCH1.SchdAbsTm.val(16): 0.0
20:38:39.479 [openiec61850-osi-server-3-thread-1] DEBUG com.beanit.openiec61850.ServerAssociation - sub BDA is:ied1lDevice1/DSCH1.SchdAbsTm.val(17): 0.0
20:38:39.479 [openiec61850-osi-server-3-thread-1] DEBUG com.beanit.openiec61850.ServerAssociation - sub BDA is:ied1lDevice1/DSCH1.SchdAbsTm.val(18): 0.0
20:38:39.479 [openiec61850-osi-server-3-thread-1] DEBUG com.beanit.openiec61850.ServerAssociation - sub BDA is:ied1lDevice1/DSCH1.SchdAbsTm.val(19): 0.0
20:38:39.479 [openiec61850-osi-server-3-thread-1] DEBUG com.beanit.openiec61850.ServerAssociation - sub BDA is:ied1lDevice1/DSCH1.SchdAbsTm.val(20): 0.0
20:38:39.479 [openiec61850-osi-server-3-thread-1] DEBUG com.beanit.openiec61850.ServerAssociation - sub BDA is:ied1lDevice1/DSCH1.SchdAbsTm.val(21): 0.0
20:38:39.479 [openiec61850-osi-server-3-thread-1] DEBUG com.beanit.openiec61850.ServerAssociation - sub BDA is:ied1lDevice1/DSCH1.SchdAbsTm.val(22): 0.0
20:38:39.480 [openiec61850-osi-server-3-thread-1] DEBUG com.beanit.openiec61850.ServerAssociation - sub BDA is:ied1lDevice1/DSCH1.SchdAbsTm.val(23): 0.0
20:38:39.480 [openiec61850-osi-server-3-thread-1] DEBUG com.beanit.openiec61850.ServerAssociation - sub BDA is:ied1lDevice1/DSCH1.SchdAbsTm.val(24): 0.0
20:38:39.480 [openiec61850-osi-server-3-thread-1] DEBUG com.beanit.openiec61850.ServerAssociation - sub BDA is:ied1lDevice1/DSCH1.SchdAbsTm.val(25): 0.0
20:38:39.480 [openiec61850-osi-server-3-thread-1] DEBUG com.beanit.openiec61850.ServerAssociation - sub BDA is:ied1lDevice1/DSCH1.SchdAbsTm.val(26): 0.0
20:38:39.480 [openiec61850-osi-server-3-thread-1] DEBUG com.beanit.openiec61850.ServerAssociation - sub BDA is:ied1lDevice1/DSCH1.SchdAbsTm.val(27): 0.0
20:38:39.480 [openiec61850-osi-server-3-thread-1] DEBUG com.beanit.openiec61850.ServerAssociation - sub BDA is:ied1lDevice1/DSCH1.SchdAbsTm.val(28): 0.0
20:38:39.480 [openiec61850-osi-server-3-thread-1] DEBUG com.beanit.openiec61850.ServerAssociation - sub BDA is:ied1lDevice1/DSCH1.SchdAbsTm.val(29): 0.0
20:38:39.480 [openiec61850-osi-server-3-thread-1] DEBUG com.beanit.openiec61850.ServerAssociation - sub BDA is:ied1lDevice1/DSCH1.SchdAbsTm.val(30): 0.0
20:38:39.480 [openiec61850-osi-server-3-thread-1] DEBUG com.beanit.openiec61850.ServerAssociation - sub BDA is:ied1lDevice1/DSCH1.SchdAbsTm.val(31): 0.0
20:38:39.480 [openiec61850-osi-server-3-thread-1] DEBUG com.beanit.openiec61850.ServerAssociation - sub BDA is:ied1lDevice1/DSCH1.SchdAbsTm.val(32): 0.0
20:38:39.480 [openiec61850-osi-server-3-thread-1] DEBUG com.beanit.openiec61850.ServerAssociation - sub BDA is:ied1lDevice1/DSCH1.SchdAbsTm.val(33): 0.0
20:38:39.480 [openiec61850-osi-server-3-thread-1] DEBUG com.beanit.openiec61850.ServerAssociation - sub BDA is:ied1lDevice1/DSCH1.SchdAbsTm.val(34): 0.0
20:38:39.480 [openiec61850-osi-server-3-thread-1] DEBUG com.beanit.openiec61850.ServerAssociation - sub BDA is:ied1lDevice1/DSCH1.SchdAbsTm.val(35): 0.0
20:38:39.480 [openiec61850-osi-server-3-thread-1] DEBUG com.beanit.openiec61850.ServerAssociation - sub BDA is:ied1lDevice1/DSCH1.SchdAbsTm.val(36): 0.0
20:38:39.480 [openiec61850-osi-server-3-thread-1] DEBUG com.beanit.openiec61850.ServerAssociation - sub BDA is:ied1lDevice1/DSCH1.SchdAbsTm.val(37): 0.0
20:38:39.480 [openiec61850-osi-server-3-thread-1] DEBUG com.beanit.openiec61850.ServerAssociation - sub BDA is:ied1lDevice1/DSCH1.SchdAbsTm.val(38): 0.0
20:38:39.480 [openiec61850-osi-server-3-thread-1] DEBUG com.beanit.openiec61850.ServerAssociation - sub BDA is:ied1lDevice1/DSCH1.SchdAbsTm.val(39): 0.0
20:38:39.480 [openiec61850-osi-server-3-thread-1] DEBUG com.beanit.openiec61850.ServerAssociation - sub BDA is:ied1lDevice1/DSCH1.SchdAbsTm.val(40): 0.0
20:38:39.480 [openiec61850-osi-server-3-thread-1] DEBUG com.beanit.openiec61850.ServerAssociation - sub BDA is:ied1lDevice1/DSCH1.SchdAbsTm.val(41): 0.0
20:38:39.480 [openiec61850-osi-server-3-thread-1] DEBUG com.beanit.openiec61850.ServerAssociation - sub BDA is:ied1lDevice1/DSCH1.SchdAbsTm.val(42): 0.0
20:38:39.480 [openiec61850-osi-server-3-thread-1] DEBUG com.beanit.openiec61850.ServerAssociation - sub BDA is:ied1lDevice1/DSCH1.SchdAbsTm.val(43): 0.0
20:38:39.480 [openiec61850-osi-server-3-thread-1] DEBUG com.beanit.openiec61850.ServerAssociation - sub BDA is:ied1lDevice1/DSCH1.SchdAbsTm.val(44): 0.0
20:38:39.480 [openiec61850-osi-server-3-thread-1] DEBUG com.beanit.openiec61850.ServerAssociation - sub BDA is:ied1lDevice1/DSCH1.SchdAbsTm.val(45): 0.0
20:38:39.480 [openiec61850-osi-server-3-thread-1] DEBUG com.beanit.openiec61850.ServerAssociation - sub BDA is:ied1lDevice1/DSCH1.SchdAbsTm.val(46): 0.0
20:38:39.480 [openiec61850-osi-server-3-thread-1] DEBUG com.beanit.openiec61850.ServerAssociation - sub BDA is:ied1lDevice1/DSCH1.SchdAbsTm.val(47): 0.0
20:38:39.480 [openiec61850-osi-server-3-thread-1] DEBUG com.beanit.openiec61850.ServerAssociation - sub BDA is:ied1lDevice1/DSCH1.SchdAbsTm.val(48): 0.0
20:38:39.480 [openiec61850-osi-server-3-thread-1] DEBUG com.beanit.openiec61850.ServerAssociation - sub BDA is:ied1lDevice1/DSCH1.SchdAbsTm.val(49): 0.0
20:38:39.480 [openiec61850-osi-server-3-thread-1] DEBUG com.beanit.openiec61850.ServerAssociation - sub BDA is:ied1lDevice1/DSCH1.SchdAbsTm.val(50): 0.0
20:38:39.480 [openiec61850-osi-server-3-thread-1] DEBUG com.beanit.openiec61850.ServerAssociation - sub BDA is:ied1lDevice1/DSCH1.SchdAbsTm.val(51): 0.0
20:38:39.480 [openiec61850-osi-server-3-thread-1] DEBUG com.beanit.openiec61850.ServerAssociation - sub BDA is:ied1lDevice1/DSCH1.SchdAbsTm.val(52): 0.0
20:38:39.480 [openiec61850-osi-server-3-thread-1] DEBUG com.beanit.openiec61850.ServerAssociation - sub BDA is:ied1lDevice1/DSCH1.SchdAbsTm.val(53): 0.0
20:38:39.480 [openiec61850-osi-server-3-thread-1] DEBUG com.beanit.openiec61850.ServerAssociation - sub BDA is:ied1lDevice1/DSCH1.SchdAbsTm.val(54): 0.0
20:38:39.480 [openiec61850-osi-server-3-thread-1] DEBUG com.beanit.openiec61850.ServerAssociation - sub BDA is:ied1lDevice1/DSCH1.SchdAbsTm.val(55): 0.0
20:38:39.480 [openiec61850-osi-server-3-thread-1] DEBUG com.beanit.openiec61850.ServerAssociation - sub BDA is:ied1lDevice1/DSCH1.SchdAbsTm.val(56): 0.0
20:38:39.480 [openiec61850-osi-server-3-thread-1] DEBUG com.beanit.openiec61850.ServerAssociation - sub BDA is:ied1lDevice1/DSCH1.SchdAbsTm.val(57): 0.0
20:38:39.480 [openiec61850-osi-server-3-thread-1] DEBUG com.beanit.openiec61850.ServerAssociation - sub BDA is:ied1lDevice1/DSCH1.SchdAbsTm.val(58): 0.0
20:38:39.480 [openiec61850-osi-server-3-thread-1] DEBUG com.beanit.openiec61850.ServerAssociation - sub BDA is:ied1lDevice1/DSCH1.SchdAbsTm.val(59): 0.0
20:38:39.480 [openiec61850-osi-server-3-thread-1] DEBUG com.beanit.openiec61850.ServerAssociation - sub BDA is:ied1lDevice1/DSCH1.SchdAbsTm.val(60): 0.0
20:38:39.480 [openiec61850-osi-server-3-thread-1] DEBUG com.beanit.openiec61850.ServerAssociation - sub BDA is:ied1lDevice1/DSCH1.SchdAbsTm.val(61): 0.0
20:38:39.481 [openiec61850-osi-server-3-thread-1] DEBUG com.beanit.openiec61850.ServerAssociation - sub BDA is:ied1lDevice1/DSCH1.SchdAbsTm.val(62): 0.0
20:38:39.481 [openiec61850-osi-server-3-thread-1] DEBUG com.beanit.openiec61850.ServerAssociation - sub BDA is:ied1lDevice1/DSCH1.SchdAbsTm.val(63): 0.0
20:38:39.481 [openiec61850-osi-server-3-thread-1] DEBUG com.beanit.openiec61850.ServerAssociation - sub BDA is:ied1lDevice1/DSCH1.SchdAbsTm.val(64): 0.0
20:38:39.481 [openiec61850-osi-server-3-thread-1] DEBUG com.beanit.openiec61850.ServerAssociation - sub BDA is:ied1lDevice1/DSCH1.SchdAbsTm.val(65): 0.0
20:38:39.481 [openiec61850-osi-server-3-thread-1] DEBUG com.beanit.openiec61850.ServerAssociation - sub BDA is:ied1lDevice1/DSCH1.SchdAbsTm.val(66): 0.0
20:38:39.481 [openiec61850-osi-server-3-thread-1] DEBUG com.beanit.openiec61850.ServerAssociation - sub BDA is:ied1lDevice1/DSCH1.SchdAbsTm.val(67): 0.0
20:38:39.481 [openiec61850-osi-server-3-thread-1] DEBUG com.beanit.openiec61850.ServerAssociation - sub BDA is:ied1lDevice1/DSCH1.SchdAbsTm.val(68): 0.0
20:38:39.481 [openiec61850-osi-server-3-thread-1] DEBUG com.beanit.openiec61850.ServerAssociation - sub BDA is:ied1lDevice1/DSCH1.SchdAbsTm.val(69): 0.0
20:38:39.481 [openiec61850-osi-server-3-thread-1] DEBUG com.beanit.openiec61850.ServerAssociation - sub BDA is:ied1lDevice1/DSCH1.SchdAbsTm.val(70): 0.0
20:38:39.481 [openiec61850-osi-server-3-thread-1] DEBUG com.beanit.openiec61850.ServerAssociation - sub BDA is:ied1lDevice1/DSCH1.SchdAbsTm.val(71): 0.0
20:38:39.481 [openiec61850-osi-server-3-thread-1] DEBUG com.beanit.openiec61850.ServerAssociation - sub BDA is:ied1lDevice1/DSCH1.SchdAbsTm.val(72): 0.0
20:38:39.481 [openiec61850-osi-server-3-thread-1] DEBUG com.beanit.openiec61850.ServerAssociation - sub BDA is:ied1lDevice1/DSCH1.SchdAbsTm.val(73): 0.0
20:38:39.481 [openiec61850-osi-server-3-thread-1] DEBUG com.beanit.openiec61850.ServerAssociation - sub BDA is:ied1lDevice1/DSCH1.SchdAbsTm.val(74): 0.0
20:38:39.481 [openiec61850-osi-server-3-thread-1] DEBUG com.beanit.openiec61850.ServerAssociation - sub BDA is:ied1lDevice1/DSCH1.SchdAbsTm.val(75): 0.0
20:38:39.481 [openiec61850-osi-server-3-thread-1] DEBUG com.beanit.openiec61850.ServerAssociation - sub BDA is:ied1lDevice1/DSCH1.SchdAbsTm.val(76): 0.0
20:38:39.481 [openiec61850-osi-server-3-thread-1] DEBUG com.beanit.openiec61850.ServerAssociation - sub BDA is:ied1lDevice1/DSCH1.SchdAbsTm.val(77): 0.0
20:38:39.481 [openiec61850-osi-server-3-thread-1] DEBUG com.beanit.openiec61850.ServerAssociation - sub BDA is:ied1lDevice1/DSCH1.SchdAbsTm.val(78): 0.0
20:38:39.481 [openiec61850-osi-server-3-thread-1] DEBUG com.beanit.openiec61850.ServerAssociation - sub BDA is:ied1lDevice1/DSCH1.SchdAbsTm.val(79): 0.0
20:38:39.481 [openiec61850-osi-server-3-thread-1] DEBUG com.beanit.openiec61850.ServerAssociation - sub BDA is:ied1lDevice1/DSCH1.SchdAbsTm.val(80): 0.0
20:38:39.481 [openiec61850-osi-server-3-thread-1] DEBUG com.beanit.openiec61850.ServerAssociation - sub BDA is:ied1lDevice1/DSCH1.SchdAbsTm.val(81): 0.0
20:38:39.481 [openiec61850-osi-server-3-thread-1] DEBUG com.beanit.openiec61850.ServerAssociation - sub BDA is:ied1lDevice1/DSCH1.SchdAbsTm.val(82): 0.0
20:38:39.481 [openiec61850-osi-server-3-thread-1] DEBUG com.beanit.openiec61850.ServerAssociation - sub BDA is:ied1lDevice1/DSCH1.SchdAbsTm.val(83): 0.0
20:38:39.481 [openiec61850-osi-server-3-thread-1] DEBUG com.beanit.openiec61850.ServerAssociation - sub BDA is:ied1lDevice1/DSCH1.SchdAbsTm.val(84): 0.0
20:38:39.481 [openiec61850-osi-server-3-thread-1] DEBUG com.beanit.openiec61850.ServerAssociation - sub BDA is:ied1lDevice1/DSCH1.SchdAbsTm.val(85): 0.0
20:38:39.481 [openiec61850-osi-server-3-thread-1] DEBUG com.beanit.openiec61850.ServerAssociation - sub BDA is:ied1lDevice1/DSCH1.SchdAbsTm.val(86): 0.0
20:38:39.481 [openiec61850-osi-server-3-thread-1] DEBUG com.beanit.openiec61850.ServerAssociation - sub BDA is:ied1lDevice1/DSCH1.SchdAbsTm.val(87): 0.0
20:38:39.481 [openiec61850-osi-server-3-thread-1] DEBUG com.beanit.openiec61850.ServerAssociation - sub BDA is:ied1lDevice1/DSCH1.SchdAbsTm.val(88): 0.0
20:38:39.481 [openiec61850-osi-server-3-thread-1] DEBUG com.beanit.openiec61850.ServerAssociation - sub BDA is:ied1lDevice1/DSCH1.SchdAbsTm.val(89): 0.0
20:38:39.481 [openiec61850-osi-server-3-thread-1] DEBUG com.beanit.openiec61850.ServerAssociation - sub BDA is:ied1lDevice1/DSCH1.SchdAbsTm.val(90): 0.0
20:38:39.481 [openiec61850-osi-server-3-thread-1] DEBUG com.beanit.openiec61850.ServerAssociation - sub BDA is:ied1lDevice1/DSCH1.SchdAbsTm.val(91): 0.0
20:38:39.481 [openiec61850-osi-server-3-thread-1] DEBUG com.beanit.openiec61850.ServerAssociation - sub BDA is:ied1lDevice1/DSCH1.SchdAbsTm.val(92): 0.0
20:38:39.481 [openiec61850-osi-server-3-thread-1] DEBUG com.beanit.openiec61850.ServerAssociation - sub BDA is:ied1lDevice1/DSCH1.SchdAbsTm.val(93): 0.0
20:38:39.481 [openiec61850-osi-server-3-thread-1] DEBUG com.beanit.openiec61850.ServerAssociation - sub BDA is:ied1lDevice1/DSCH1.SchdAbsTm.val(94): 0.0
20:38:39.481 [openiec61850-osi-server-3-thread-1] DEBUG com.beanit.openiec61850.ServerAssociation - sub BDA is:ied1lDevice1/DSCH1.SchdAbsTm.val(95): 0.0
20:38:39.481 [openiec61850-osi-server-3-thread-1] DEBUG com.beanit.openiec61850.ServerAssociation - sub BDA is:ied1lDevice1/DSCH1.SchdAbsTm.val(96): 0.0
20:38:39.481 [openiec61850-osi-server-3-thread-1] DEBUG com.beanit.openiec61850.ServerAssociation - sub BDA is:ied1lDevice1/DSCH1.SchdAbsTm.val(97): 0.0
20:38:39.481 [openiec61850-osi-server-3-thread-1] DEBUG com.beanit.openiec61850.ServerAssociation - sub BDA is:ied1lDevice1/DSCH1.SchdAbsTm.val(98): 0.0
20:38:39.481 [openiec61850-osi-server-3-thread-1] DEBUG com.beanit.openiec61850.ServerAssociation - sub BDA is:ied1lDevice1/DSCH1.SchdAbsTm.val(99): 0.0
20:38:39.481 [openiec61850-osi-server-3-thread-1] DEBUG com.beanit.openiec61850.ServerAssociation - sub BDA is:ied1lDevice1/DSCH1.SchdAbsTm.val(100): 0.0
20:38:39.481 [openiec61850-osi-server-3-thread-1] DEBUG com.beanit.openiec61850.ServerAssociation - sub BDA is:ied1lDevice1/DSCH1.SchdAbsTm.val(101): 0.0
20:38:39.481 [openiec61850-osi-server-3-thread-1] DEBUG com.beanit.openiec61850.ServerAssociation - sub BDA is:ied1lDevice1/DSCH1.SchdAbsTm.val(102): 0.0
20:38:39.481 [openiec61850-osi-server-3-thread-1] DEBUG com.beanit.openiec61850.ServerAssociation - sub BDA is:ied1lDevice1/DSCH1.SchdAbsTm.val(103): 0.0
20:38:39.481 [openiec61850-osi-server-3-thread-1] DEBUG com.beanit.openiec61850.ServerAssociation - sub BDA is:ied1lDevice1/DSCH1.SchdAbsTm.val(104): 0.0
20:38:39.481 [openiec61850-osi-server-3-thread-1] DEBUG com.beanit.openiec61850.ServerAssociation - sub BDA is:ied1lDevice1/DSCH1.SchdAbsTm.val(105): 0.0
20:38:39.481 [openiec61850-osi-server-3-thread-1] DEBUG com.beanit.openiec61850.ServerAssociation - sub BDA is:ied1lDevice1/DSCH1.SchdAbsTm.val(106): 0.0
20:38:39.481 [openiec61850-osi-server-3-thread-1] DEBUG com.beanit.openiec61850.ServerAssociation - sub BDA is:ied1lDevice1/DSCH1.SchdAbsTm.val(107): 0.0
20:38:39.482 [openiec61850-osi-server-3-thread-1] DEBUG com.beanit.openiec61850.ServerAssociation - sub BDA is:ied1lDevice1/DSCH1.SchdAbsTm.val(108): 0.0
20:38:39.482 [openiec61850-osi-server-3-thread-1] DEBUG com.beanit.openiec61850.ServerAssociation - sub BDA is:ied1lDevice1/DSCH1.SchdAbsTm.val(109): 0.0
20:38:39.482 [openiec61850-osi-server-3-thread-1] DEBUG com.beanit.openiec61850.ServerAssociation - sub BDA is:ied1lDevice1/DSCH1.SchdAbsTm.val(110): 0.0
20:38:39.482 [openiec61850-osi-server-3-thread-1] DEBUG com.beanit.openiec61850.ServerAssociation - sub BDA is:ied1lDevice1/DSCH1.SchdAbsTm.val(111): 0.0
20:38:39.482 [openiec61850-osi-server-3-thread-1] DEBUG com.beanit.openiec61850.ServerAssociation - sub BDA is:ied1lDevice1/DSCH1.SchdAbsTm.val(112): 0.0
20:38:39.482 [openiec61850-osi-server-3-thread-1] DEBUG com.beanit.openiec61850.ServerAssociation - sub BDA is:ied1lDevice1/DSCH1.SchdAbsTm.val(113): 0.0
20:38:39.482 [openiec61850-osi-server-3-thread-1] DEBUG com.beanit.openiec61850.ServerAssociation - sub BDA is:ied1lDevice1/DSCH1.SchdAbsTm.val(114): 0.0
20:38:39.482 [openiec61850-osi-server-3-thread-1] DEBUG com.beanit.openiec61850.ServerAssociation - sub BDA is:ied1lDevice1/DSCH1.SchdAbsTm.val(115): 0.0
20:38:39.482 [openiec61850-osi-server-3-thread-1] DEBUG com.beanit.openiec61850.ServerAssociation - sub BDA is:ied1lDevice1/DSCH1.SchdAbsTm.val(116): 0.0
20:38:39.482 [openiec61850-osi-server-3-thread-1] DEBUG com.beanit.openiec61850.ServerAssociation - sub BDA is:ied1lDevice1/DSCH1.SchdAbsTm.val(117): 0.0
20:38:39.482 [openiec61850-osi-server-3-thread-1] DEBUG com.beanit.openiec61850.ServerAssociation - sub BDA is:ied1lDevice1/DSCH1.SchdAbsTm.val(118): 0.0
20:38:39.482 [openiec61850-osi-server-3-thread-1] DEBUG com.beanit.openiec61850.ServerAssociation - sub BDA is:ied1lDevice1/DSCH1.SchdAbsTm.val(119): 0.0
20:38:39.482 [openiec61850-osi-server-3-thread-1] DEBUG com.beanit.openiec61850.ServerAssociation - sub BDA is:ied1lDevice1/DSCH1.SchdAbsTm.val(120): 0.0
20:38:39.482 [openiec61850-osi-server-3-thread-1] DEBUG com.beanit.openiec61850.ServerAssociation - sub BDA is:ied1lDevice1/DSCH1.SchdAbsTm.val(121): 0.0
20:38:39.482 [openiec61850-osi-server-3-thread-1] DEBUG com.beanit.openiec61850.ServerAssociation - sub BDA is:ied1lDevice1/DSCH1.SchdAbsTm.val(122): 0.0
20:38:39.482 [openiec61850-osi-server-3-thread-1] DEBUG com.beanit.openiec61850.ServerAssociation - sub BDA is:ied1lDevice1/DSCH1.SchdAbsTm.val(123): 0.0
20:38:39.482 [openiec61850-osi-server-3-thread-1] DEBUG com.beanit.openiec61850.ServerAssociation - sub BDA is:ied1lDevice1/DSCH1.SchdAbsTm.val(124): 0.0
20:38:39.482 [openiec61850-osi-server-3-thread-1] DEBUG com.beanit.openiec61850.ServerAssociation - sub BDA is:ied1lDevice1/DSCH1.SchdAbsTm.val(125): 0.0
20:38:39.482 [openiec61850-osi-server-3-thread-1] DEBUG com.beanit.openiec61850.ServerAssociation - sub BDA is:ied1lDevice1/DSCH1.SchdAbsTm.val(126): 0.0
20:38:39.482 [openiec61850-osi-server-3-thread-1] DEBUG com.beanit.openiec61850.ServerAssociation - sub BDA is:ied1lDevice1/DSCH1.SchdAbsTm.val(127): 0.0
20:38:39.482 [openiec61850-osi-server-3-thread-1] DEBUG com.beanit.openiec61850.ServerAssociation - sub BDA is:ied1lDevice1/DSCH1.SchdAbsTm.val(128): 0.0
20:38:39.482 [openiec61850-osi-server-3-thread-1] DEBUG com.beanit.openiec61850.ServerAssociation - sub BDA is:ied1lDevice1/DSCH1.SchdAbsTm.val(129): 0.0
20:38:39.482 [openiec61850-osi-server-3-thread-1] DEBUG com.beanit.openiec61850.ServerAssociation - sub BDA is:ied1lDevice1/DSCH1.SchdAbsTm.val(130): 0.0
20:38:39.482 [openiec61850-osi-server-3-thread-1] DEBUG com.beanit.openiec61850.ServerAssociation - sub BDA is:ied1lDevice1/DSCH1.SchdAbsTm.val(131): 0.0
20:38:39.482 [openiec61850-osi-server-3-thread-1] DEBUG com.beanit.openiec61850.ServerAssociation - sub BDA is:ied1lDevice1/DSCH1.SchdAbsTm.val(132): 0.0
20:38:39.482 [openiec61850-osi-server-3-thread-1] DEBUG com.beanit.openiec61850.ServerAssociation - sub BDA is:ied1lDevice1/DSCH1.SchdAbsTm.val(133): 0.0
20:38:39.482 [openiec61850-osi-server-3-thread-1] DEBUG com.beanit.openiec61850.ServerAssociation - sub BDA is:ied1lDevice1/DSCH1.SchdAbsTm.val(134): 0.0
20:38:39.482 [openiec61850-osi-server-3-thread-1] DEBUG com.beanit.openiec61850.ServerAssociation - sub BDA is:ied1lDevice1/DSCH1.SchdAbsTm.val(135): 0.0
20:38:39.482 [openiec61850-osi-server-3-thread-1] DEBUG com.beanit.openiec61850.ServerAssociation - sub BDA is:ied1lDevice1/DSCH1.SchdAbsTm.val(136): 0.0
20:38:39.482 [openiec61850-osi-server-3-thread-1] DEBUG com.beanit.openiec61850.ServerAssociation - sub BDA is:ied1lDevice1/DSCH1.SchdAbsTm.val(137): 0.0
20:38:39.482 [openiec61850-osi-server-3-thread-1] DEBUG com.beanit.openiec61850.ServerAssociation - sub BDA is:ied1lDevice1/DSCH1.SchdAbsTm.val(138): 0.0
20:38:39.482 [openiec61850-osi-server-3-thread-1] DEBUG com.beanit.openiec61850.ServerAssociation - sub BDA is:ied1lDevice1/DSCH1.SchdAbsTm.val(139): 0.0
20:38:39.482 [openiec61850-osi-server-3-thread-1] DEBUG com.beanit.openiec61850.ServerAssociation - sub BDA is:ied1lDevice1/DSCH1.SchdAbsTm.val(140): 0.0
20:38:39.482 [openiec61850-osi-server-3-thread-1] DEBUG com.beanit.openiec61850.ServerAssociation - sub BDA is:ied1lDevice1/DSCH1.SchdAbsTm.val(141): 0.0
20:38:39.482 [openiec61850-osi-server-3-thread-1] DEBUG com.beanit.openiec61850.ServerAssociation - sub BDA is:ied1lDevice1/DSCH1.SchdAbsTm.val(142): 0.0
20:38:39.482 [openiec61850-osi-server-3-thread-1] DEBUG com.beanit.openiec61850.ServerAssociation - sub BDA is:ied1lDevice1/DSCH1.SchdAbsTm.val(143): 0.0
20:38:39.482 [openiec61850-osi-server-3-thread-1] DEBUG com.beanit.openiec61850.ServerAssociation - sub BDA is:ied1lDevice1/DSCH1.SchdAbsTm.val(144): 0.0
20:38:39.482 [openiec61850-osi-server-3-thread-1] DEBUG com.beanit.openiec61850.ServerAssociation - sub BDA is:ied1lDevice1/DSCH1.SchdAbsTm.val(145): 0.0
20:38:39.482 [openiec61850-osi-server-3-thread-1] DEBUG com.beanit.openiec61850.ServerAssociation - sub BDA is:ied1lDevice1/DSCH1.SchdAbsTm.val(146): 0.0
20:38:39.482 [openiec61850-osi-server-3-thread-1] DEBUG com.beanit.openiec61850.ServerAssociation - sub BDA is:ied1lDevice1/DSCH1.SchdAbsTm.val(147): 0.0
20:38:39.482 [openiec61850-osi-server-3-thread-1] DEBUG com.beanit.openiec61850.ServerAssociation - sub BDA is:ied1lDevice1/DSCH1.SchdAbsTm.val(148): 0.0
20:38:39.482 [openiec61850-osi-server-3-thread-1] DEBUG com.beanit.openiec61850.ServerAssociation - sub BDA is:ied1lDevice1/DSCH1.SchdAbsTm.val(149): 0.0
20:38:39.482 [openiec61850-osi-server-3-thread-1] DEBUG com.beanit.openiec61850.ServerAssociation - sub BDA is:ied1lDevice1/DSCH1.SchdAbsTm.val(150): 0.0
20:38:39.482 [openiec61850-osi-server-3-thread-1] DEBUG com.beanit.openiec61850.ServerAssociation - sub BDA is:ied1lDevice1/DSCH1.SchdAbsTm.val(151): 0.0
20:38:39.482 [openiec61850-osi-server-3-thread-1] DEBUG com.beanit.openiec61850.ServerAssociation - sub BDA is:ied1lDevice1/DSCH1.SchdAbsTm.val(152): 0.0
20:38:39.482 [openiec61850-osi-server-3-thread-1] DEBUG com.beanit.openiec61850.ServerAssociation - sub BDA is:ied1lDevice1/DSCH1.SchdAbsTm.val(153): 0.0
20:38:39.482 [openiec61850-osi-server-3-thread-1] DEBUG com.beanit.openiec61850.ServerAssociation - sub BDA is:ied1lDevice1/DSCH1.SchdAbsTm.val(154): 0.0
20:38:39.482 [openiec61850-osi-server-3-thread-1] DEBUG com.beanit.openiec61850.ServerAssociation - sub BDA is:ied1lDevice1/DSCH1.SchdAbsTm.val(155): 0.0
20:38:39.483 [openiec61850-osi-server-3-thread-1] DEBUG com.beanit.openiec61850.ServerAssociation - sub BDA is:ied1lDevice1/DSCH1.SchdAbsTm.val(156): 0.0
20:38:39.483 [openiec61850-osi-server-3-thread-1] DEBUG com.beanit.openiec61850.ServerAssociation - sub BDA is:ied1lDevice1/DSCH1.SchdAbsTm.val(157): 0.0
20:38:39.483 [openiec61850-osi-server-3-thread-1] DEBUG com.beanit.openiec61850.ServerAssociation - sub BDA is:ied1lDevice1/DSCH1.SchdAbsTm.val(158): 0.0
20:38:39.483 [openiec61850-osi-server-3-thread-1] DEBUG com.beanit.openiec61850.ServerAssociation - sub BDA is:ied1lDevice1/DSCH1.SchdAbsTm.val(159): 0.0
20:38:39.483 [openiec61850-osi-server-3-thread-1] DEBUG com.beanit.openiec61850.ServerAssociation - sub BDA is:ied1lDevice1/DSCH1.SchdAbsTm.val(160): 0.0
20:38:39.483 [openiec61850-osi-server-3-thread-1] DEBUG com.beanit.openiec61850.ServerAssociation - sub BDA is:ied1lDevice1/DSCH1.SchdAbsTm.val(161): 0.0
20:38:39.483 [openiec61850-osi-server-3-thread-1] DEBUG com.beanit.openiec61850.ServerAssociation - sub BDA is:ied1lDevice1/DSCH1.SchdAbsTm.val(162): 0.0
20:38:39.483 [openiec61850-osi-server-3-thread-1] DEBUG com.beanit.openiec61850.ServerAssociation - sub BDA is:ied1lDevice1/DSCH1.SchdAbsTm.val(163): 0.0
20:38:39.483 [openiec61850-osi-server-3-thread-1] DEBUG com.beanit.openiec61850.ServerAssociation - sub BDA is:ied1lDevice1/DSCH1.SchdAbsTm.val(164): 0.0
20:38:39.483 [openiec61850-osi-server-3-thread-1] DEBUG com.beanit.openiec61850.ServerAssociation - sub BDA is:ied1lDevice1/DSCH1.SchdAbsTm.val(165): 0.0
20:38:39.483 [openiec61850-osi-server-3-thread-1] DEBUG com.beanit.openiec61850.ServerAssociation - sub BDA is:ied1lDevice1/DSCH1.SchdAbsTm.val(166): 0.0
20:38:39.483 [openiec61850-osi-server-3-thread-1] DEBUG com.beanit.openiec61850.ServerAssociation - sub BDA is:ied1lDevice1/DSCH1.SchdAbsTm.val(167): 0.0
20:38:39.483 [openiec61850-osi-server-3-thread-1] DEBUG com.beanit.openiec61850.ServerAssociation - sub BDA is:ied1lDevice1/DSCH1.SchdAbsTm.val(168): 0.0
20:38:39.483 [openiec61850-osi-server-3-thread-1] DEBUG com.beanit.openiec61850.ServerAssociation - sub BDA is:ied1lDevice1/DSCH1.SchdAbsTm.val(169): 0.0
20:38:39.483 [openiec61850-osi-server-3-thread-1] DEBUG com.beanit.openiec61850.ServerAssociation - sub BDA is:ied1lDevice1/DSCH1.SchdAbsTm.val(170): 0.0
20:38:39.483 [openiec61850-osi-server-3-thread-1] DEBUG com.beanit.openiec61850.ServerAssociation - sub BDA is:ied1lDevice1/DSCH1.SchdAbsTm.val(171): 0.0
20:38:39.483 [openiec61850-osi-server-3-thread-1] DEBUG com.beanit.openiec61850.ServerAssociation - sub BDA is:ied1lDevice1/DSCH1.SchdAbsTm.val(172): 0.0
20:38:39.483 [openiec61850-osi-server-3-thread-1] DEBUG com.beanit.openiec61850.ServerAssociation - sub BDA is:ied1lDevice1/DSCH1.SchdAbsTm.val(173): 0.0
20:38:39.483 [openiec61850-osi-server-3-thread-1] DEBUG com.beanit.openiec61850.ServerAssociation - sub BDA is:ied1lDevice1/DSCH1.SchdAbsTm.val(174): 0.0
20:38:39.483 [openiec61850-osi-server-3-thread-1] DEBUG com.beanit.openiec61850.ServerAssociation - sub BDA is:ied1lDevice1/DSCH1.SchdAbsTm.val(175): 0.0
20:38:39.483 [openiec61850-osi-server-3-thread-1] DEBUG com.beanit.openiec61850.ServerAssociation - sub BDA is:ied1lDevice1/DSCH1.SchdAbsTm.val(176): 0.0
20:38:39.483 [openiec61850-osi-server-3-thread-1] DEBUG com.beanit.openiec61850.ServerAssociation - sub BDA is:ied1lDevice1/DSCH1.SchdAbsTm.val(177): 0.0
20:38:39.483 [openiec61850-osi-server-3-thread-1] DEBUG com.beanit.openiec61850.ServerAssociation - sub BDA is:ied1lDevice1/DSCH1.SchdAbsTm.val(178): 0.0
20:38:39.483 [openiec61850-osi-server-3-thread-1] DEBUG com.beanit.openiec61850.ServerAssociation - sub BDA is:ied1lDevice1/DSCH1.SchdAbsTm.val(179): 0.0
20:38:39.483 [openiec61850-osi-server-3-thread-1] DEBUG com.beanit.openiec61850.ServerAssociation - sub BDA is:ied1lDevice1/DSCH1.SchdAbsTm.val(180): 0.0
20:38:39.483 [openiec61850-osi-server-3-thread-1] DEBUG com.beanit.openiec61850.ServerAssociation - sub BDA is:ied1lDevice1/DSCH1.SchdAbsTm.val(181): 0.0
20:38:39.483 [openiec61850-osi-server-3-thread-1] DEBUG com.beanit.openiec61850.ServerAssociation - sub BDA is:ied1lDevice1/DSCH1.SchdAbsTm.val(182): 0.0
20:38:39.483 [openiec61850-osi-server-3-thread-1] DEBUG com.beanit.openiec61850.ServerAssociation - sub BDA is:ied1lDevice1/DSCH1.SchdAbsTm.val(183): 0.0
20:38:39.483 [openiec61850-osi-server-3-thread-1] DEBUG com.beanit.openiec61850.ServerAssociation - sub BDA is:ied1lDevice1/DSCH1.SchdAbsTm.val(184): 0.0
20:38:39.483 [openiec61850-osi-server-3-thread-1] DEBUG com.beanit.openiec61850.ServerAssociation - sub BDA is:ied1lDevice1/DSCH1.SchdAbsTm.val(185): 0.0
20:38:39.483 [openiec61850-osi-server-3-thread-1] DEBUG com.beanit.openiec61850.ServerAssociation - sub BDA is:ied1lDevice1/DSCH1.SchdAbsTm.val(186): 0.0
20:38:39.483 [openiec61850-osi-server-3-thread-1] DEBUG com.beanit.openiec61850.ServerAssociation - sub BDA is:ied1lDevice1/DSCH1.SchdAbsTm.val(187): 0.0
20:38:39.483 [openiec61850-osi-server-3-thread-1] DEBUG com.beanit.openiec61850.ServerAssociation - sub BDA is:ied1lDevice1/DSCH1.SchdAbsTm.val(188): 0.0
20:38:39.483 [openiec61850-osi-server-3-thread-1] DEBUG com.beanit.openiec61850.ServerAssociation - sub BDA is:ied1lDevice1/DSCH1.SchdAbsTm.val(189): 0.0
20:38:39.483 [openiec61850-osi-server-3-thread-1] DEBUG com.beanit.openiec61850.ServerAssociation - sub BDA is:ied1lDevice1/DSCH1.SchdAbsTm.val(190): 0.0
20:38:39.483 [openiec61850-osi-server-3-thread-1] DEBUG com.beanit.openiec61850.ServerAssociation - sub BDA is:ied1lDevice1/DSCH1.SchdAbsTm.val(191): 0.0
20:38:39.483 [openiec61850-osi-server-3-thread-1] DEBUG com.beanit.openiec61850.ServerAssociation - sub BDA is:ied1lDevice1/DSCH1.SchdAbsTm.val(192): 0.0
20:38:39.483 [openiec61850-osi-server-3-thread-1] DEBUG com.beanit.openiec61850.ServerAssociation - sub BDA is:ied1lDevice1/DSCH1.SchdAbsTm.val(193): 0.0
20:38:39.483 [openiec61850-osi-server-3-thread-1] DEBUG com.beanit.openiec61850.ServerAssociation - sub BDA is:ied1lDevice1/DSCH1.SchdAbsTm.val(194): 0.0
20:38:39.483 [openiec61850-osi-server-3-thread-1] DEBUG com.beanit.openiec61850.ServerAssociation - sub BDA is:ied1lDevice1/DSCH1.SchdAbsTm.val(195): 0.0
20:38:39.483 [openiec61850-osi-server-3-thread-1] DEBUG com.beanit.openiec61850.ServerAssociation - sub BDA is:ied1lDevice1/DSCH1.SchdAbsTm.val(196): 0.0
20:38:39.483 [openiec61850-osi-server-3-thread-1] DEBUG com.beanit.openiec61850.ServerAssociation - sub BDA is:ied1lDevice1/DSCH1.SchdAbsTm.val(197): 0.0
20:38:39.483 [openiec61850-osi-server-3-thread-1] DEBUG com.beanit.openiec61850.ServerAssociation - sub BDA is:ied1lDevice1/DSCH1.SchdAbsTm.val(198): 0.0
20:38:39.483 [openiec61850-osi-server-3-thread-1] DEBUG com.beanit.openiec61850.ServerAssociation - sub BDA is:ied1lDevice1/DSCH1.SchdAbsTm.val(199): 0.0
20:38:39.483 [openiec61850-osi-server-3-thread-1] DEBUG com.beanit.openiec61850.ServerAssociation - sub BDA is:ied1lDevice1/DSCH1.SchdAbsTm.val(200): 0.0
20:38:39.483 [openiec61850-osi-server-3-thread-1] DEBUG com.beanit.openiec61850.ServerAssociation - sub BDA is:ied1lDevice1/DSCH1.SchdAbsTm.val(201): 0.0
20:38:39.483 [openiec61850-osi-server-3-thread-1] DEBUG com.beanit.openiec61850.ServerAssociation - sub BDA is:ied1lDevice1/DSCH1.SchdAbsTm.val(202): 0.0
20:38:39.483 [openiec61850-osi-server-3-thread-1] DEBUG com.beanit.openiec61850.ServerAssociation - sub BDA is:ied1lDevice1/DSCH1.SchdAbsTm.val(203): 0.0
20:38:39.483 [openiec61850-osi-server-3-thread-1] DEBUG com.beanit.openiec61850.ServerAssociation - sub BDA is:ied1lDevice1/DSCH1.SchdAbsTm.val(204): 0.0
20:38:39.484 [openiec61850-osi-server-3-thread-1] DEBUG com.beanit.openiec61850.ServerAssociation - sub BDA is:ied1lDevice1/DSCH1.SchdAbsTm.val(205): 0.0
20:38:39.484 [openiec61850-osi-server-3-thread-1] DEBUG com.beanit.openiec61850.ServerAssociation - sub BDA is:ied1lDevice1/DSCH1.SchdAbsTm.val(206): 0.0
20:38:39.484 [openiec61850-osi-server-3-thread-1] DEBUG com.beanit.openiec61850.ServerAssociation - sub BDA is:ied1lDevice1/DSCH1.SchdAbsTm.val(207): 0.0
20:38:39.484 [openiec61850-osi-server-3-thread-1] DEBUG com.beanit.openiec61850.ServerAssociation - sub BDA is:ied1lDevice1/DSCH1.SchdAbsTm.val(208): 0.0
20:38:39.484 [openiec61850-osi-server-3-thread-1] DEBUG com.beanit.openiec61850.ServerAssociation - sub BDA is:ied1lDevice1/DSCH1.SchdAbsTm.val(209): 0.0
20:38:39.484 [openiec61850-osi-server-3-thread-1] DEBUG com.beanit.openiec61850.ServerAssociation - sub BDA is:ied1lDevice1/DSCH1.SchdAbsTm.val(210): 0.0
20:38:39.484 [openiec61850-osi-server-3-thread-1] DEBUG com.beanit.openiec61850.ServerAssociation - sub BDA is:ied1lDevice1/DSCH1.SchdAbsTm.val(211): 0.0
20:38:39.484 [openiec61850-osi-server-3-thread-1] DEBUG com.beanit.openiec61850.ServerAssociation - sub BDA is:ied1lDevice1/DSCH1.SchdAbsTm.val(212): 0.0
20:38:39.484 [openiec61850-osi-server-3-thread-1] DEBUG com.beanit.openiec61850.ServerAssociation - sub BDA is:ied1lDevice1/DSCH1.SchdAbsTm.val(213): 0.0
20:38:39.484 [openiec61850-osi-server-3-thread-1] DEBUG com.beanit.openiec61850.ServerAssociation - sub BDA is:ied1lDevice1/DSCH1.SchdAbsTm.val(214): 0.0
20:38:39.484 [openiec61850-osi-server-3-thread-1] DEBUG com.beanit.openiec61850.ServerAssociation - sub BDA is:ied1lDevice1/DSCH1.SchdAbsTm.val(215): 0.0
20:38:39.484 [openiec61850-osi-server-3-thread-1] DEBUG com.beanit.openiec61850.ServerAssociation - sub BDA is:ied1lDevice1/DSCH1.SchdAbsTm.val(216): 0.0
20:38:39.484 [openiec61850-osi-server-3-thread-1] DEBUG com.beanit.openiec61850.ServerAssociation - sub BDA is:ied1lDevice1/DSCH1.SchdAbsTm.val(217): 0.0
20:38:39.484 [openiec61850-osi-server-3-thread-1] DEBUG com.beanit.openiec61850.ServerAssociation - sub BDA is:ied1lDevice1/DSCH1.SchdAbsTm.val(218): 0.0
20:38:39.484 [openiec61850-osi-server-3-thread-1] DEBUG com.beanit.openiec61850.ServerAssociation - sub BDA is:ied1lDevice1/DSCH1.SchdAbsTm.val(219): 0.0
20:38:39.484 [openiec61850-osi-server-3-thread-1] DEBUG com.beanit.openiec61850.ServerAssociation - sub BDA is:ied1lDevice1/DSCH1.SchdAbsTm.val(220): 0.0
20:38:39.484 [openiec61850-osi-server-3-thread-1] DEBUG com.beanit.openiec61850.ServerAssociation - sub BDA is:ied1lDevice1/DSCH1.SchdAbsTm.val(221): 0.0
20:38:39.484 [openiec61850-osi-server-3-thread-1] DEBUG com.beanit.openiec61850.ServerAssociation - sub BDA is:ied1lDevice1/DSCH1.SchdAbsTm.val(222): 0.0
20:38:39.484 [openiec61850-osi-server-3-thread-1] DEBUG com.beanit.openiec61850.ServerAssociation - sub BDA is:ied1lDevice1/DSCH1.SchdAbsTm.val(223): 0.0
20:38:39.484 [openiec61850-osi-server-3-thread-1] DEBUG com.beanit.openiec61850.ServerAssociation - sub BDA is:ied1lDevice1/DSCH1.SchdAbsTm.val(224): 0.0
20:38:39.484 [openiec61850-osi-server-3-thread-1] DEBUG com.beanit.openiec61850.ServerAssociation - sub BDA is:ied1lDevice1/DSCH1.SchdAbsTm.val(225): 0.0
20:38:39.484 [openiec61850-osi-server-3-thread-1] DEBUG com.beanit.openiec61850.ServerAssociation - sub BDA is:ied1lDevice1/DSCH1.SchdAbsTm.val(226): 0.0
20:38:39.484 [openiec61850-osi-server-3-thread-1] DEBUG com.beanit.openiec61850.ServerAssociation - sub BDA is:ied1lDevice1/DSCH1.SchdAbsTm.val(227): 0.0
20:38:39.484 [openiec61850-osi-server-3-thread-1] DEBUG com.beanit.openiec61850.ServerAssociation - sub BDA is:ied1lDevice1/DSCH1.SchdAbsTm.val(228): 0.0
20:38:39.484 [openiec61850-osi-server-3-thread-1] DEBUG com.beanit.openiec61850.ServerAssociation - sub BDA is:ied1lDevice1/DSCH1.SchdAbsTm.val(229): 0.0
20:38:39.484 [openiec61850-osi-server-3-thread-1] DEBUG com.beanit.openiec61850.ServerAssociation - sub BDA is:ied1lDevice1/DSCH1.SchdAbsTm.val(230): 0.0
20:38:39.484 [openiec61850-osi-server-3-thread-1] DEBUG com.beanit.openiec61850.ServerAssociation - sub BDA is:ied1lDevice1/DSCH1.SchdAbsTm.val(231): 0.0
20:38:39.484 [openiec61850-osi-server-3-thread-1] DEBUG com.beanit.openiec61850.ServerAssociation - sub BDA is:ied1lDevice1/DSCH1.SchdAbsTm.val(232): 0.0
20:38:39.484 [openiec61850-osi-server-3-thread-1] DEBUG com.beanit.openiec61850.ServerAssociation - sub BDA is:ied1lDevice1/DSCH1.SchdAbsTm.val(233): 0.0
20:38:39.484 [openiec61850-osi-server-3-thread-1] DEBUG com.beanit.openiec61850.ServerAssociation - sub BDA is:ied1lDevice1/DSCH1.SchdAbsTm.val(234): 0.0
20:38:39.484 [openiec61850-osi-server-3-thread-1] DEBUG com.beanit.openiec61850.ServerAssociation - sub BDA is:ied1lDevice1/DSCH1.SchdAbsTm.val(235): 0.0
20:38:39.484 [openiec61850-osi-server-3-thread-1] DEBUG com.beanit.openiec61850.ServerAssociation - sub BDA is:ied1lDevice1/DSCH1.SchdAbsTm.val(236): 0.0
20:38:39.484 [openiec61850-osi-server-3-thread-1] DEBUG com.beanit.openiec61850.ServerAssociation - sub BDA is:ied1lDevice1/DSCH1.SchdAbsTm.val(237): 0.0
20:38:39.484 [openiec61850-osi-server-3-thread-1] DEBUG com.beanit.openiec61850.ServerAssociation - sub BDA is:ied1lDevice1/DSCH1.SchdAbsTm.val(238): 0.0
20:38:39.485 [openiec61850-osi-server-3-thread-1] DEBUG com.beanit.openiec61850.ServerAssociation - sub BDA is:ied1lDevice1/DSCH1.SchdAbsTm.val(239): 0.0
20:38:39.485 [openiec61850-osi-server-3-thread-1] DEBUG com.beanit.openiec61850.ServerAssociation - sub BDA is:ied1lDevice1/DSCH1.SchdAbsTm.val(240): 0.0
20:38:39.485 [openiec61850-osi-server-3-thread-1] DEBUG com.beanit.openiec61850.ServerAssociation - sub BDA is:ied1lDevice1/DSCH1.SchdAbsTm.val(241): 0.0
20:38:39.485 [openiec61850-osi-server-3-thread-1] DEBUG com.beanit.openiec61850.ServerAssociation - sub BDA is:ied1lDevice1/DSCH1.SchdAbsTm.val(242): 0.0
20:38:39.485 [openiec61850-osi-server-3-thread-1] DEBUG com.beanit.openiec61850.ServerAssociation - sub BDA is:ied1lDevice1/DSCH1.SchdAbsTm.val(243): 0.0
20:38:39.485 [openiec61850-osi-server-3-thread-1] DEBUG com.beanit.openiec61850.ServerAssociation - sub BDA is:ied1lDevice1/DSCH1.SchdAbsTm.val(244): 0.0
20:38:39.485 [openiec61850-osi-server-3-thread-1] DEBUG com.beanit.openiec61850.ServerAssociation - sub BDA is:ied1lDevice1/DSCH1.SchdAbsTm.val(245): 0.0
20:38:39.485 [openiec61850-osi-server-3-thread-1] DEBUG com.beanit.openiec61850.ServerAssociation - sub BDA is:ied1lDevice1/DSCH1.SchdAbsTm.val(246): 0.0
20:38:39.485 [openiec61850-osi-server-3-thread-1] DEBUG com.beanit.openiec61850.ServerAssociation - sub BDA is:ied1lDevice1/DSCH1.SchdAbsTm.val(247): 0.0
20:38:39.485 [openiec61850-osi-server-3-thread-1] DEBUG com.beanit.openiec61850.ServerAssociation - sub BDA is:ied1lDevice1/DSCH1.SchdAbsTm.val(248): 0.0
20:38:39.485 [openiec61850-osi-server-3-thread-1] DEBUG com.beanit.openiec61850.ServerAssociation - sub BDA is:ied1lDevice1/DSCH1.SchdAbsTm.val(249): 0.0
20:38:39.485 [openiec61850-osi-server-3-thread-1] DEBUG com.beanit.openiec61850.ServerAssociation - sub BDA is:ied1lDevice1/DSCH1.SchdAbsTm.val(250): 0.0
20:38:39.485 [openiec61850-osi-server-3-thread-1] DEBUG com.beanit.openiec61850.ServerAssociation - sub BDA is:ied1lDevice1/DSCH1.SchdAbsTm.val(251): 0.0
20:38:39.485 [openiec61850-osi-server-3-thread-1] DEBUG com.beanit.openiec61850.ServerAssociation - sub BDA is:ied1lDevice1/DSCH1.SchdAbsTm.val(252): 0.0
20:38:39.485 [openiec61850-osi-server-3-thread-1] DEBUG com.beanit.openiec61850.ServerAssociation - sub BDA is:ied1lDevice1/DSCH1.SchdAbsTm.val(253): 0.0
20:38:39.485 [openiec61850-osi-server-3-thread-1] DEBUG com.beanit.openiec61850.ServerAssociation - sub BDA is:ied1lDevice1/DSCH1.SchdAbsTm.val(254): 0.0
20:38:39.485 [openiec61850-osi-server-3-thread-1] DEBUG com.beanit.openiec61850.ServerAssociation - sub BDA is:ied1lDevice1/DSCH1.SchdAbsTm.sptestval1: 0
20:38:39.485 [openiec61850-osi-server-3-thread-1] DEBUG com.beanit.openiec61850.ServerAssociation - sub BDA is:ied1lDevice1/DSCH1.SchdAbsTm.sptestval2: 0
calling GetDataValues(ied1lDevice1/DSCH1.SchdAbsTm.val)
20:38:39.488 [openiec61850-osi-server-3-thread-1] DEBUG com.beanit.openiec61850.ServerAssociation - Got a GetDataValues request for node: ied1lDevice1/DSCH1.SchdAbsTm.val [SP]
ied1lDevice1/DSCH1.SchdAbsTm.val(0): 0.0
ied1lDevice1/DSCH1.SchdAbsTm.val(1): 0.0
ied1lDevice1/DSCH1.SchdAbsTm.val(2): 0.0
ied1lDevice1/DSCH1.SchdAbsTm.val(3): 0.0
ied1lDevice1/DSCH1.SchdAbsTm.val(4): 0.0
ied1lDevice1/DSCH1.SchdAbsTm.val(5): 0.0
ied1lDevice1/DSCH1.SchdAbsTm.val(6): 0.0
ied1lDevice1/DSCH1.SchdAbsTm.val(7): 0.0
ied1lDevice1/DSCH1.SchdAbsTm.val(8): 0.0
ied1lDevice1/DSCH1.SchdAbsTm.val(9): 0.0
ied1lDevice1/DSCH1.SchdAbsTm.val(10): 0.0
ied1lDevice1/DSCH1.SchdAbsTm.val(11): 0.0
ied1lDevice1/DSCH1.SchdAbsTm.val(12): 0.0
ied1lDevice1/DSCH1.SchdAbsTm.val(13): 0.0
ied1lDevice1/DSCH1.SchdAbsTm.val(14): 0.0
ied1lDevice1/DSCH1.SchdAbsTm.val(15): 0.0
ied1lDevice1/DSCH1.SchdAbsTm.val(16): 0.0
ied1lDevice1/DSCH1.SchdAbsTm.val(17): 0.0
ied1lDevice1/DSCH1.SchdAbsTm.val(18): 0.0
ied1lDevice1/DSCH1.SchdAbsTm.val(19): 0.0
ied1lDevice1/DSCH1.SchdAbsTm.val(20): 0.0
ied1lDevice1/DSCH1.SchdAbsTm.val(21): 0.0
ied1lDevice1/DSCH1.SchdAbsTm.val(22): 0.0
ied1lDevice1/DSCH1.SchdAbsTm.val(23): 0.0
ied1lDevice1/DSCH1.SchdAbsTm.val(24): 0.0
ied1lDevice1/DSCH1.SchdAbsTm.val(25): 0.0
ied1lDevice1/DSCH1.SchdAbsTm.val(26): 0.0
ied1lDevice1/DSCH1.SchdAbsTm.val(27): 0.0
ied1lDevice1/DSCH1.SchdAbsTm.val(28): 0.0
ied1lDevice1/DSCH1.SchdAbsTm.val(29): 0.0
ied1lDevice1/DSCH1.SchdAbsTm.val(30): 0.0
ied1lDevice1/DSCH1.SchdAbsTm.val(31): 0.0
ied1lDevice1/DSCH1.SchdAbsTm.val(32): 0.0
ied1lDevice1/DSCH1.SchdAbsTm.val(33): 0.0
ied1lDevice1/DSCH1.SchdAbsTm.val(34): 0.0
ied1lDevice1/DSCH1.SchdAbsTm.val(35): 0.0
ied1lDevice1/DSCH1.SchdAbsTm.val(36): 0.0
ied1lDevice1/DSCH1.SchdAbsTm.val(37): 0.0
ied1lDevice1/DSCH1.SchdAbsTm.val(38): 0.0
ied1lDevice1/DSCH1.SchdAbsTm.val(39): 0.0
ied1lDevice1/DSCH1.SchdAbsTm.val(40): 0.0
ied1lDevice1/DSCH1.SchdAbsTm.val(41): 0.0
ied1lDevice1/DSCH1.SchdAbsTm.val(42): 0.0
ied1lDevice1/DSCH1.SchdAbsTm.val(43): 0.0
ied1lDevice1/DSCH1.SchdAbsTm.val(44): 0.0
ied1lDevice1/DSCH1.SchdAbsTm.val(45): 0.0
ied1lDevice1/DSCH1.SchdAbsTm.val(46): 0.0
ied1lDevice1/DSCH1.SchdAbsTm.val(47): 0.0
ied1lDevice1/DSCH1.SchdAbsTm.val(48): 0.0
ied1lDevice1/DSCH1.SchdAbsTm.val(49): 0.0
ied1lDevice1/DSCH1.SchdAbsTm.val(50): 0.0
ied1lDevice1/DSCH1.SchdAbsTm.val(51): 0.0
ied1lDevice1/DSCH1.SchdAbsTm.val(52): 0.0
ied1lDevice1/DSCH1.SchdAbsTm.val(53): 0.0
ied1lDevice1/DSCH1.SchdAbsTm.val(54): 0.0
ied1lDevice1/DSCH1.SchdAbsTm.val(55): 0.0
ied1lDevice1/DSCH1.SchdAbsTm.val(56): 0.0
ied1lDevice1/DSCH1.SchdAbsTm.val(57): 0.0
ied1lDevice1/DSCH1.SchdAbsTm.val(58): 0.0
ied1lDevice1/DSCH1.SchdAbsTm.val(59): 0.0
ied1lDevice1/DSCH1.SchdAbsTm.val(60): 0.0
ied1lDevice1/DSCH1.SchdAbsTm.val(61): 0.0
ied1lDevice1/DSCH1.SchdAbsTm.val(62): 0.0
ied1lDevice1/DSCH1.SchdAbsTm.val(63): 0.0
ied1lDevice1/DSCH1.SchdAbsTm.val(64): 0.0
ied1lDevice1/DSCH1.SchdAbsTm.val(65): 0.0
ied1lDevice1/DSCH1.SchdAbsTm.val(66): 0.0
ied1lDevice1/DSCH1.SchdAbsTm.val(67): 0.0
ied1lDevice1/DSCH1.SchdAbsTm.val(68): 0.0
ied1lDevice1/DSCH1.SchdAbsTm.val(69): 0.0
ied1lDevice1/DSCH1.SchdAbsTm.val(70): 0.0
ied1lDevice1/DSCH1.SchdAbsTm.val(71): 0.0
ied1lDevice1/DSCH1.SchdAbsTm.val(72): 0.0
ied1lDevice1/DSCH1.SchdAbsTm.val(73): 0.0
ied1lDevice1/DSCH1.SchdAbsTm.val(74): 0.0
ied1lDevice1/DSCH1.SchdAbsTm.val(75): 0.0
ied1lDevice1/DSCH1.SchdAbsTm.val(76): 0.0
ied1lDevice1/DSCH1.SchdAbsTm.val(77): 0.0
ied1lDevice1/DSCH1.SchdAbsTm.val(78): 0.0
ied1lDevice1/DSCH1.SchdAbsTm.val(79): 0.0
ied1lDevice1/DSCH1.SchdAbsTm.val(80): 0.0
ied1lDevice1/DSCH1.SchdAbsTm.val(81): 0.0
ied1lDevice1/DSCH1.SchdAbsTm.val(82): 0.0
ied1lDevice1/DSCH1.SchdAbsTm.val(83): 0.0
ied1lDevice1/DSCH1.SchdAbsTm.val(84): 0.0
ied1lDevice1/DSCH1.SchdAbsTm.val(85): 0.0
ied1lDevice1/DSCH1.SchdAbsTm.val(86): 0.0
ied1lDevice1/DSCH1.SchdAbsTm.val(87): 0.0
ied1lDevice1/DSCH1.SchdAbsTm.val(88): 0.0
ied1lDevice1/DSCH1.SchdAbsTm.val(89): 0.0
ied1lDevice1/DSCH1.SchdAbsTm.val(90): 0.0
ied1lDevice1/DSCH1.SchdAbsTm.val(91): 0.0
ied1lDevice1/DSCH1.SchdAbsTm.val(92): 0.0
ied1lDevice1/DSCH1.SchdAbsTm.val(93): 0.0
ied1lDevice1/DSCH1.SchdAbsTm.val(94): 0.0
ied1lDevice1/DSCH1.SchdAbsTm.val(95): 0.0
ied1lDevice1/DSCH1.SchdAbsTm.val(96): 0.0
ied1lDevice1/DSCH1.SchdAbsTm.val(97): 0.0
ied1lDevice1/DSCH1.SchdAbsTm.val(98): 0.0
ied1lDevice1/DSCH1.SchdAbsTm.val(99): 0.0
ied1lDevice1/DSCH1.SchdAbsTm.val(100): 0.0
ied1lDevice1/DSCH1.SchdAbsTm.val(101): 0.0
ied1lDevice1/DSCH1.SchdAbsTm.val(102): 0.0
ied1lDevice1/DSCH1.SchdAbsTm.val(103): 0.0
ied1lDevice1/DSCH1.SchdAbsTm.val(104): 0.0
ied1lDevice1/DSCH1.SchdAbsTm.val(105): 0.0
ied1lDevice1/DSCH1.SchdAbsTm.val(106): 0.0
ied1lDevice1/DSCH1.SchdAbsTm.val(107): 0.0
ied1lDevice1/DSCH1.SchdAbsTm.val(108): 0.0
ied1lDevice1/DSCH1.SchdAbsTm.val(109): 0.0
ied1lDevice1/DSCH1.SchdAbsTm.val(110): 0.0
ied1lDevice1/DSCH1.SchdAbsTm.val(111): 0.0
ied1lDevice1/DSCH1.SchdAbsTm.val(112): 0.0
ied1lDevice1/DSCH1.SchdAbsTm.val(113): 0.0
ied1lDevice1/DSCH1.SchdAbsTm.val(114): 0.0
ied1lDevice1/DSCH1.SchdAbsTm.val(115): 0.0
ied1lDevice1/DSCH1.SchdAbsTm.val(116): 0.0
ied1lDevice1/DSCH1.SchdAbsTm.val(117): 0.0
ied1lDevice1/DSCH1.SchdAbsTm.val(118): 0.0
ied1lDevice1/DSCH1.SchdAbsTm.val(119): 0.0
ied1lDevice1/DSCH1.SchdAbsTm.val(120): 0.0
ied1lDevice1/DSCH1.SchdAbsTm.val(121): 0.0
ied1lDevice1/DSCH1.SchdAbsTm.val(122): 0.0
ied1lDevice1/DSCH1.SchdAbsTm.val(123): 0.0
ied1lDevice1/DSCH1.SchdAbsTm.val(124): 0.0
ied1lDevice1/DSCH1.SchdAbsTm.val(125): 0.0
ied1lDevice1/DSCH1.SchdAbsTm.val(126): 0.0
ied1lDevice1/DSCH1.SchdAbsTm.val(127): 0.0
ied1lDevice1/DSCH1.SchdAbsTm.val(128): 0.0
ied1lDevice1/DSCH1.SchdAbsTm.val(129): 0.0
ied1lDevice1/DSCH1.SchdAbsTm.val(130): 0.0
ied1lDevice1/DSCH1.SchdAbsTm.val(131): 0.0
ied1lDevice1/DSCH1.SchdAbsTm.val(132): 0.0
ied1lDevice1/DSCH1.SchdAbsTm.val(133): 0.0
ied1lDevice1/DSCH1.SchdAbsTm.val(134): 0.0
ied1lDevice1/DSCH1.SchdAbsTm.val(135): 0.0
ied1lDevice1/DSCH1.SchdAbsTm.val(136): 0.0
ied1lDevice1/DSCH1.SchdAbsTm.val(137): 0.0
ied1lDevice1/DSCH1.SchdAbsTm.val(138): 0.0
ied1lDevice1/DSCH1.SchdAbsTm.val(139): 0.0
ied1lDevice1/DSCH1.SchdAbsTm.val(140): 0.0
ied1lDevice1/DSCH1.SchdAbsTm.val(141): 0.0
ied1lDevice1/DSCH1.SchdAbsTm.val(142): 0.0
ied1lDevice1/DSCH1.SchdAbsTm.val(143): 0.0
ied1lDevice1/DSCH1.SchdAbsTm.val(144): 0.0
ied1lDevice1/DSCH1.SchdAbsTm.val(145): 0.0
ied1lDevice1/DSCH1.SchdAbsTm.val(146): 0.0
ied1lDevice1/DSCH1.SchdAbsTm.val(147): 0.0
ied1lDevice1/DSCH1.SchdAbsTm.val(148): 0.0
ied1lDevice1/DSCH1.SchdAbsTm.val(149): 0.0
ied1lDevice1/DSCH1.SchdAbsTm.val(150): 0.0
ied1lDevice1/DSCH1.SchdAbsTm.val(151): 0.0
ied1lDevice1/DSCH1.SchdAbsTm.val(152): 0.0
ied1lDevice1/DSCH1.SchdAbsTm.val(153): 0.0
ied1lDevice1/DSCH1.SchdAbsTm.val(154): 0.0
ied1lDevice1/DSCH1.SchdAbsTm.val(155): 0.0
ied1lDevice1/DSCH1.SchdAbsTm.val(156): 0.0
ied1lDevice1/DSCH1.SchdAbsTm.val(157): 0.0
ied1lDevice1/DSCH1.SchdAbsTm.val(158): 0.0
ied1lDevice1/DSCH1.SchdAbsTm.val(159): 0.0
ied1lDevice1/DSCH1.SchdAbsTm.val(160): 0.0
ied1lDevice1/DSCH1.SchdAbsTm.val(161): 0.0
ied1lDevice1/DSCH1.SchdAbsTm.val(162): 0.0
ied1lDevice1/DSCH1.SchdAbsTm.val(163): 0.0
ied1lDevice1/DSCH1.SchdAbsTm.val(164): 0.0
ied1lDevice1/DSCH1.SchdAbsTm.val(165): 0.0
ied1lDevice1/DSCH1.SchdAbsTm.val(166): 0.0
ied1lDevice1/DSCH1.SchdAbsTm.val(167): 0.0
ied1lDevice1/DSCH1.SchdAbsTm.val(168): 0.0
ied1lDevice1/DSCH1.SchdAbsTm.val(169): 0.0
ied1lDevice1/DSCH1.SchdAbsTm.val(170): 0.0
ied1lDevice1/DSCH1.SchdAbsTm.val(171): 0.0
ied1lDevice1/DSCH1.SchdAbsTm.val(172): 0.0
ied1lDevice1/DSCH1.SchdAbsTm.val(173): 0.0
ied1lDevice1/DSCH1.SchdAbsTm.val(174): 0.0
ied1lDevice1/DSCH1.SchdAbsTm.val(175): 0.0
ied1lDevice1/DSCH1.SchdAbsTm.val(176): 0.0
ied1lDevice1/DSCH1.SchdAbsTm.val(177): 0.0
ied1lDevice1/DSCH1.SchdAbsTm.val(178): 0.0
ied1lDevice1/DSCH1.SchdAbsTm.val(179): 0.0
ied1lDevice1/DSCH1.SchdAbsTm.val(180): 0.0
ied1lDevice1/DSCH1.SchdAbsTm.val(181): 0.0
ied1lDevice1/DSCH1.SchdAbsTm.val(182): 0.0
ied1lDevice1/DSCH1.SchdAbsTm.val(183): 0.0
ied1lDevice1/DSCH1.SchdAbsTm.val(184): 0.0
ied1lDevice1/DSCH1.SchdAbsTm.val(185): 0.0
ied1lDevice1/DSCH1.SchdAbsTm.val(186): 0.0
ied1lDevice1/DSCH1.SchdAbsTm.val(187): 0.0
ied1lDevice1/DSCH1.SchdAbsTm.val(188): 0.0
ied1lDevice1/DSCH1.SchdAbsTm.val(189): 0.0
ied1lDevice1/DSCH1.SchdAbsTm.val(190): 0.0
ied1lDevice1/DSCH1.SchdAbsTm.val(191): 0.0
ied1lDevice1/DSCH1.SchdAbsTm.val(192): 0.0
ied1lDevice1/DSCH1.SchdAbsTm.val(193): 0.0
ied1lDevice1/DSCH1.SchdAbsTm.val(194): 0.0
ied1lDevice1/DSCH1.SchdAbsTm.val(195): 0.0
ied1lDevice1/DSCH1.SchdAbsTm.val(196): 0.0
ied1lDevice1/DSCH1.SchdAbsTm.val(197): 0.0
ied1lDevice1/DSCH1.SchdAbsTm.val(198): 0.0
ied1lDevice1/DSCH1.SchdAbsTm.val(199): 0.0
ied1lDevice1/DSCH1.SchdAbsTm.val(200): 0.0
ied1lDevice1/DSCH1.SchdAbsTm.val(201): 0.0
ied1lDevice1/DSCH1.SchdAbsTm.val(202): 0.0
ied1lDevice1/DSCH1.SchdAbsTm.val(203): 0.0
ied1lDevice1/DSCH1.SchdAbsTm.val(204): 0.0
ied1lDevice1/DSCH1.SchdAbsTm.val(205): 0.0
ied1lDevice1/DSCH1.SchdAbsTm.val(206): 0.0
ied1lDevice1/DSCH1.SchdAbsTm.val(207): 0.0
ied1lDevice1/DSCH1.SchdAbsTm.val(208): 0.0
ied1lDevice1/DSCH1.SchdAbsTm.val(209): 0.0
ied1lDevice1/DSCH1.SchdAbsTm.val(210): 0.0
ied1lDevice1/DSCH1.SchdAbsTm.val(211): 0.0
ied1lDevice1/DSCH1.SchdAbsTm.val(212): 0.0
ied1lDevice1/DSCH1.SchdAbsTm.val(213): 0.0
ied1lDevice1/DSCH1.SchdAbsTm.val(214): 0.0
ied1lDevice1/DSCH1.SchdAbsTm.val(215): 0.0
ied1lDevice1/DSCH1.SchdAbsTm.val(216): 0.0
ied1lDevice1/DSCH1.SchdAbsTm.val(217): 0.0
ied1lDevice1/DSCH1.SchdAbsTm.val(218): 0.0
ied1lDevice1/DSCH1.SchdAbsTm.val(219): 0.0
ied1lDevice1/DSCH1.SchdAbsTm.val(220): 0.0
ied1lDevice1/DSCH1.SchdAbsTm.val(221): 0.0
ied1lDevice1/DSCH1.SchdAbsTm.val(222): 0.0
ied1lDevice1/DSCH1.SchdAbsTm.val(223): 0.0
ied1lDevice1/DSCH1.SchdAbsTm.val(224): 0.0
ied1lDevice1/DSCH1.SchdAbsTm.val(225): 0.0
ied1lDevice1/DSCH1.SchdAbsTm.val(226): 0.0
ied1lDevice1/DSCH1.SchdAbsTm.val(227): 0.0
ied1lDevice1/DSCH1.SchdAbsTm.val(228): 0.0
ied1lDevice1/DSCH1.SchdAbsTm.val(229): 0.0
ied1lDevice1/DSCH1.SchdAbsTm.val(230): 0.0
ied1lDevice1/DSCH1.SchdAbsTm.val(231): 0.0
ied1lDevice1/DSCH1.SchdAbsTm.val(232): 0.0
ied1lDevice1/DSCH1.SchdAbsTm.val(233): 0.0
ied1lDevice1/DSCH1.SchdAbsTm.val(234): 0.0
ied1lDevice1/DSCH1.SchdAbsTm.val(235): 0.0
ied1lDevice1/DSCH1.SchdAbsTm.val(236): 0.0
ied1lDevice1/DSCH1.SchdAbsTm.val(237): 0.0
ied1lDevice1/DSCH1.SchdAbsTm.val(238): 0.0
ied1lDevice1/DSCH1.SchdAbsTm.val(239): 0.0
ied1lDevice1/DSCH1.SchdAbsTm.val(240): 0.0
ied1lDevice1/DSCH1.SchdAbsTm.val(241): 0.0
ied1lDevice1/DSCH1.SchdAbsTm.val(242): 0.0
ied1lDevice1/DSCH1.SchdAbsTm.val(243): 0.0
ied1lDevice1/DSCH1.SchdAbsTm.val(244): 0.0
ied1lDevice1/DSCH1.SchdAbsTm.val(245): 0.0
ied1lDevice1/DSCH1.SchdAbsTm.val(246): 0.0
ied1lDevice1/DSCH1.SchdAbsTm.val(247): 0.0
ied1lDevice1/DSCH1.SchdAbsTm.val(248): 0.0
ied1lDevice1/DSCH1.SchdAbsTm.val(249): 0.0
ied1lDevice1/DSCH1.SchdAbsTm.val(250): 0.0
ied1lDevice1/DSCH1.SchdAbsTm.val(251): 0.0
ied1lDevice1/DSCH1.SchdAbsTm.val(252): 0.0
ied1lDevice1/DSCH1.SchdAbsTm.val(253): 0.0
ied1lDevice1/DSCH1.SchdAbsTm.val(254): 0.0
20:38:39.489 [openiec61850-osi-server-3-thread-1] DEBUG com.beanit.openiec61850.ServerAssociation - sub BDA is:ied1lDevice1/DSCH1.SchdAbsTm.val(0): 0.0
20:38:39.489 [openiec61850-osi-server-3-thread-1] DEBUG com.beanit.openiec61850.ServerAssociation - sub BDA is:ied1lDevice1/DSCH1.SchdAbsTm.val(1): 0.0
20:38:39.490 [openiec61850-osi-server-3-thread-1] DEBUG com.beanit.openiec61850.ServerAssociation - sub BDA is:ied1lDevice1/DSCH1.SchdAbsTm.val(2): 0.0
20:38:39.490 [openiec61850-osi-server-3-thread-1] DEBUG com.beanit.openiec61850.ServerAssociation - sub BDA is:ied1lDevice1/DSCH1.SchdAbsTm.val(3): 0.0
20:38:39.490 [openiec61850-osi-server-3-thread-1] DEBUG com.beanit.openiec61850.ServerAssociation - sub BDA is:ied1lDevice1/DSCH1.SchdAbsTm.val(4): 0.0
20:38:39.490 [openiec61850-osi-server-3-thread-1] DEBUG com.beanit.openiec61850.ServerAssociation - sub BDA is:ied1lDevice1/DSCH1.SchdAbsTm.val(5): 0.0
20:38:39.490 [openiec61850-osi-server-3-thread-1] DEBUG com.beanit.openiec61850.ServerAssociation - sub BDA is:ied1lDevice1/DSCH1.SchdAbsTm.val(6): 0.0
20:38:39.490 [openiec61850-osi-server-3-thread-1] DEBUG com.beanit.openiec61850.ServerAssociation - sub BDA is:ied1lDevice1/DSCH1.SchdAbsTm.val(7): 0.0
20:38:39.490 [openiec61850-osi-server-3-thread-1] DEBUG com.beanit.openiec61850.ServerAssociation - sub BDA is:ied1lDevice1/DSCH1.SchdAbsTm.val(8): 0.0
20:38:39.490 [openiec61850-osi-server-3-thread-1] DEBUG com.beanit.openiec61850.ServerAssociation - sub BDA is:ied1lDevice1/DSCH1.SchdAbsTm.val(9): 0.0
20:38:39.490 [openiec61850-osi-server-3-thread-1] DEBUG com.beanit.openiec61850.ServerAssociation - sub BDA is:ied1lDevice1/DSCH1.SchdAbsTm.val(10): 0.0
20:38:39.490 [openiec61850-osi-server-3-thread-1] DEBUG com.beanit.openiec61850.ServerAssociation - sub BDA is:ied1lDevice1/DSCH1.SchdAbsTm.val(11): 0.0
20:38:39.490 [openiec61850-osi-server-3-thread-1] DEBUG com.beanit.openiec61850.ServerAssociation - sub BDA is:ied1lDevice1/DSCH1.SchdAbsTm.val(12): 0.0
20:38:39.490 [openiec61850-osi-server-3-thread-1] DEBUG com.beanit.openiec61850.ServerAssociation - sub BDA is:ied1lDevice1/DSCH1.SchdAbsTm.val(13): 0.0
20:38:39.490 [openiec61850-osi-server-3-thread-1] DEBUG com.beanit.openiec61850.ServerAssociation - sub BDA is:ied1lDevice1/DSCH1.SchdAbsTm.val(14): 0.0
20:38:39.490 [openiec61850-osi-server-3-thread-1] DEBUG com.beanit.openiec61850.ServerAssociation - sub BDA is:ied1lDevice1/DSCH1.SchdAbsTm.val(15): 0.0
20:38:39.490 [openiec61850-osi-server-3-thread-1] DEBUG com.beanit.openiec61850.ServerAssociation - sub BDA is:ied1lDevice1/DSCH1.SchdAbsTm.val(16): 0.0
20:38:39.490 [openiec61850-osi-server-3-thread-1] DEBUG com.beanit.openiec61850.ServerAssociation - sub BDA is:ied1lDevice1/DSCH1.SchdAbsTm.val(17): 0.0
20:38:39.490 [openiec61850-osi-server-3-thread-1] DEBUG com.beanit.openiec61850.ServerAssociation - sub BDA is:ied1lDevice1/DSCH1.SchdAbsTm.val(18): 0.0
20:38:39.490 [openiec61850-osi-server-3-thread-1] DEBUG com.beanit.openiec61850.ServerAssociation - sub BDA is:ied1lDevice1/DSCH1.SchdAbsTm.val(19): 0.0
20:38:39.490 [openiec61850-osi-server-3-thread-1] DEBUG com.beanit.openiec61850.ServerAssociation - sub BDA is:ied1lDevice1/DSCH1.SchdAbsTm.val(20): 0.0
20:38:39.490 [openiec61850-osi-server-3-thread-1] DEBUG com.beanit.openiec61850.ServerAssociation - sub BDA is:ied1lDevice1/DSCH1.SchdAbsTm.val(21): 0.0
20:38:39.490 [openiec61850-osi-server-3-thread-1] DEBUG com.beanit.openiec61850.ServerAssociation - sub BDA is:ied1lDevice1/DSCH1.SchdAbsTm.val(22): 0.0
20:38:39.490 [openiec61850-osi-server-3-thread-1] DEBUG com.beanit.openiec61850.ServerAssociation - sub BDA is:ied1lDevice1/DSCH1.SchdAbsTm.val(23): 0.0
20:38:39.490 [openiec61850-osi-server-3-thread-1] DEBUG com.beanit.openiec61850.ServerAssociation - sub BDA is:ied1lDevice1/DSCH1.SchdAbsTm.val(24): 0.0
20:38:39.490 [openiec61850-osi-server-3-thread-1] DEBUG com.beanit.openiec61850.ServerAssociation - sub BDA is:ied1lDevice1/DSCH1.SchdAbsTm.val(25): 0.0
20:38:39.490 [openiec61850-osi-server-3-thread-1] DEBUG com.beanit.openiec61850.ServerAssociation - sub BDA is:ied1lDevice1/DSCH1.SchdAbsTm.val(26): 0.0
20:38:39.490 [openiec61850-osi-server-3-thread-1] DEBUG com.beanit.openiec61850.ServerAssociation - sub BDA is:ied1lDevice1/DSCH1.SchdAbsTm.val(27): 0.0
20:38:39.490 [openiec61850-osi-server-3-thread-1] DEBUG com.beanit.openiec61850.ServerAssociation - sub BDA is:ied1lDevice1/DSCH1.SchdAbsTm.val(28): 0.0
20:38:39.490 [openiec61850-osi-server-3-thread-1] DEBUG com.beanit.openiec61850.ServerAssociation - sub BDA is:ied1lDevice1/DSCH1.SchdAbsTm.val(29): 0.0
20:38:39.490 [openiec61850-osi-server-3-thread-1] DEBUG com.beanit.openiec61850.ServerAssociation - sub BDA is:ied1lDevice1/DSCH1.SchdAbsTm.val(30): 0.0
20:38:39.490 [openiec61850-osi-server-3-thread-1] DEBUG com.beanit.openiec61850.ServerAssociation - sub BDA is:ied1lDevice1/DSCH1.SchdAbsTm.val(31): 0.0
20:38:39.490 [openiec61850-osi-server-3-thread-1] DEBUG com.beanit.openiec61850.ServerAssociation - sub BDA is:ied1lDevice1/DSCH1.SchdAbsTm.val(32): 0.0
20:38:39.490 [openiec61850-osi-server-3-thread-1] DEBUG com.beanit.openiec61850.ServerAssociation - sub BDA is:ied1lDevice1/DSCH1.SchdAbsTm.val(33): 0.0
20:38:39.490 [openiec61850-osi-server-3-thread-1] DEBUG com.beanit.openiec61850.ServerAssociation - sub BDA is:ied1lDevice1/DSCH1.SchdAbsTm.val(34): 0.0
20:38:39.490 [openiec61850-osi-server-3-thread-1] DEBUG com.beanit.openiec61850.ServerAssociation - sub BDA is:ied1lDevice1/DSCH1.SchdAbsTm.val(35): 0.0
20:38:39.490 [openiec61850-osi-server-3-thread-1] DEBUG com.beanit.openiec61850.ServerAssociation - sub BDA is:ied1lDevice1/DSCH1.SchdAbsTm.val(36): 0.0
20:38:39.490 [openiec61850-osi-server-3-thread-1] DEBUG com.beanit.openiec61850.ServerAssociation - sub BDA is:ied1lDevice1/DSCH1.SchdAbsTm.val(37): 0.0
20:38:39.490 [openiec61850-osi-server-3-thread-1] DEBUG com.beanit.openiec61850.ServerAssociation - sub BDA is:ied1lDevice1/DSCH1.SchdAbsTm.val(38): 0.0
20:38:39.490 [openiec61850-osi-server-3-thread-1] DEBUG com.beanit.openiec61850.ServerAssociation - sub BDA is:ied1lDevice1/DSCH1.SchdAbsTm.val(39): 0.0
20:38:39.490 [openiec61850-osi-server-3-thread-1] DEBUG com.beanit.openiec61850.ServerAssociation - sub BDA is:ied1lDevice1/DSCH1.SchdAbsTm.val(40): 0.0
20:38:39.490 [openiec61850-osi-server-3-thread-1] DEBUG com.beanit.openiec61850.ServerAssociation - sub BDA is:ied1lDevice1/DSCH1.SchdAbsTm.val(41): 0.0
20:38:39.490 [openiec61850-osi-server-3-thread-1] DEBUG com.beanit.openiec61850.ServerAssociation - sub BDA is:ied1lDevice1/DSCH1.SchdAbsTm.val(42): 0.0
20:38:39.490 [openiec61850-osi-server-3-thread-1] DEBUG com.beanit.openiec61850.ServerAssociation - sub BDA is:ied1lDevice1/DSCH1.SchdAbsTm.val(43): 0.0
20:38:39.490 [openiec61850-osi-server-3-thread-1] DEBUG com.beanit.openiec61850.ServerAssociation - sub BDA is:ied1lDevice1/DSCH1.SchdAbsTm.val(44): 0.0
20:38:39.490 [openiec61850-osi-server-3-thread-1] DEBUG com.beanit.openiec61850.ServerAssociation - sub BDA is:ied1lDevice1/DSCH1.SchdAbsTm.val(45): 0.0
20:38:39.490 [openiec61850-osi-server-3-thread-1] DEBUG com.beanit.openiec61850.ServerAssociation - sub BDA is:ied1lDevice1/DSCH1.SchdAbsTm.val(46): 0.0
20:38:39.490 [openiec61850-osi-server-3-thread-1] DEBUG com.beanit.openiec61850.ServerAssociation - sub BDA is:ied1lDevice1/DSCH1.SchdAbsTm.val(47): 0.0
20:38:39.490 [openiec61850-osi-server-3-thread-1] DEBUG com.beanit.openiec61850.ServerAssociation - sub BDA is:ied1lDevice1/DSCH1.SchdAbsTm.val(48): 0.0
20:38:39.490 [openiec61850-osi-server-3-thread-1] DEBUG com.beanit.openiec61850.ServerAssociation - sub BDA is:ied1lDevice1/DSCH1.SchdAbsTm.val(49): 0.0
20:38:39.491 [openiec61850-osi-server-3-thread-1] DEBUG com.beanit.openiec61850.ServerAssociation - sub BDA is:ied1lDevice1/DSCH1.SchdAbsTm.val(50): 0.0
20:38:39.491 [openiec61850-osi-server-3-thread-1] DEBUG com.beanit.openiec61850.ServerAssociation - sub BDA is:ied1lDevice1/DSCH1.SchdAbsTm.val(51): 0.0
20:38:39.491 [openiec61850-osi-server-3-thread-1] DEBUG com.beanit.openiec61850.ServerAssociation - sub BDA is:ied1lDevice1/DSCH1.SchdAbsTm.val(52): 0.0
20:38:39.491 [openiec61850-osi-server-3-thread-1] DEBUG com.beanit.openiec61850.ServerAssociation - sub BDA is:ied1lDevice1/DSCH1.SchdAbsTm.val(53): 0.0
20:38:39.491 [openiec61850-osi-server-3-thread-1] DEBUG com.beanit.openiec61850.ServerAssociation - sub BDA is:ied1lDevice1/DSCH1.SchdAbsTm.val(54): 0.0
20:38:39.491 [openiec61850-osi-server-3-thread-1] DEBUG com.beanit.openiec61850.ServerAssociation - sub BDA is:ied1lDevice1/DSCH1.SchdAbsTm.val(55): 0.0
20:38:39.491 [openiec61850-osi-server-3-thread-1] DEBUG com.beanit.openiec61850.ServerAssociation - sub BDA is:ied1lDevice1/DSCH1.SchdAbsTm.val(56): 0.0
20:38:39.491 [openiec61850-osi-server-3-thread-1] DEBUG com.beanit.openiec61850.ServerAssociation - sub BDA is:ied1lDevice1/DSCH1.SchdAbsTm.val(57): 0.0
20:38:39.491 [openiec61850-osi-server-3-thread-1] DEBUG com.beanit.openiec61850.ServerAssociation - sub BDA is:ied1lDevice1/DSCH1.SchdAbsTm.val(58): 0.0
20:38:39.491 [openiec61850-osi-server-3-thread-1] DEBUG com.beanit.openiec61850.ServerAssociation - sub BDA is:ied1lDevice1/DSCH1.SchdAbsTm.val(59): 0.0
20:38:39.491 [openiec61850-osi-server-3-thread-1] DEBUG com.beanit.openiec61850.ServerAssociation - sub BDA is:ied1lDevice1/DSCH1.SchdAbsTm.val(60): 0.0
20:38:39.491 [openiec61850-osi-server-3-thread-1] DEBUG com.beanit.openiec61850.ServerAssociation - sub BDA is:ied1lDevice1/DSCH1.SchdAbsTm.val(61): 0.0
20:38:39.491 [openiec61850-osi-server-3-thread-1] DEBUG com.beanit.openiec61850.ServerAssociation - sub BDA is:ied1lDevice1/DSCH1.SchdAbsTm.val(62): 0.0
20:38:39.491 [openiec61850-osi-server-3-thread-1] DEBUG com.beanit.openiec61850.ServerAssociation - sub BDA is:ied1lDevice1/DSCH1.SchdAbsTm.val(63): 0.0
20:38:39.491 [openiec61850-osi-server-3-thread-1] DEBUG com.beanit.openiec61850.ServerAssociation - sub BDA is:ied1lDevice1/DSCH1.SchdAbsTm.val(64): 0.0
20:38:39.491 [openiec61850-osi-server-3-thread-1] DEBUG com.beanit.openiec61850.ServerAssociation - sub BDA is:ied1lDevice1/DSCH1.SchdAbsTm.val(65): 0.0
20:38:39.491 [openiec61850-osi-server-3-thread-1] DEBUG com.beanit.openiec61850.ServerAssociation - sub BDA is:ied1lDevice1/DSCH1.SchdAbsTm.val(66): 0.0
20:38:39.491 [openiec61850-osi-server-3-thread-1] DEBUG com.beanit.openiec61850.ServerAssociation - sub BDA is:ied1lDevice1/DSCH1.SchdAbsTm.val(67): 0.0
20:38:39.491 [openiec61850-osi-server-3-thread-1] DEBUG com.beanit.openiec61850.ServerAssociation - sub BDA is:ied1lDevice1/DSCH1.SchdAbsTm.val(68): 0.0
20:38:39.491 [openiec61850-osi-server-3-thread-1] DEBUG com.beanit.openiec61850.ServerAssociation - sub BDA is:ied1lDevice1/DSCH1.SchdAbsTm.val(69): 0.0
20:38:39.491 [openiec61850-osi-server-3-thread-1] DEBUG com.beanit.openiec61850.ServerAssociation - sub BDA is:ied1lDevice1/DSCH1.SchdAbsTm.val(70): 0.0
20:38:39.491 [openiec61850-osi-server-3-thread-1] DEBUG com.beanit.openiec61850.ServerAssociation - sub BDA is:ied1lDevice1/DSCH1.SchdAbsTm.val(71): 0.0
20:38:39.491 [openiec61850-osi-server-3-thread-1] DEBUG com.beanit.openiec61850.ServerAssociation - sub BDA is:ied1lDevice1/DSCH1.SchdAbsTm.val(72): 0.0
20:38:39.491 [openiec61850-osi-server-3-thread-1] DEBUG com.beanit.openiec61850.ServerAssociation - sub BDA is:ied1lDevice1/DSCH1.SchdAbsTm.val(73): 0.0
20:38:39.491 [openiec61850-osi-server-3-thread-1] DEBUG com.beanit.openiec61850.ServerAssociation - sub BDA is:ied1lDevice1/DSCH1.SchdAbsTm.val(74): 0.0
20:38:39.491 [openiec61850-osi-server-3-thread-1] DEBUG com.beanit.openiec61850.ServerAssociation - sub BDA is:ied1lDevice1/DSCH1.SchdAbsTm.val(75): 0.0
20:38:39.491 [openiec61850-osi-server-3-thread-1] DEBUG com.beanit.openiec61850.ServerAssociation - sub BDA is:ied1lDevice1/DSCH1.SchdAbsTm.val(76): 0.0
20:38:39.491 [openiec61850-osi-server-3-thread-1] DEBUG com.beanit.openiec61850.ServerAssociation - sub BDA is:ied1lDevice1/DSCH1.SchdAbsTm.val(77): 0.0
20:38:39.491 [openiec61850-osi-server-3-thread-1] DEBUG com.beanit.openiec61850.ServerAssociation - sub BDA is:ied1lDevice1/DSCH1.SchdAbsTm.val(78): 0.0
20:38:39.491 [openiec61850-osi-server-3-thread-1] DEBUG com.beanit.openiec61850.ServerAssociation - sub BDA is:ied1lDevice1/DSCH1.SchdAbsTm.val(79): 0.0
20:38:39.491 [openiec61850-osi-server-3-thread-1] DEBUG com.beanit.openiec61850.ServerAssociation - sub BDA is:ied1lDevice1/DSCH1.SchdAbsTm.val(80): 0.0
20:38:39.491 [openiec61850-osi-server-3-thread-1] DEBUG com.beanit.openiec61850.ServerAssociation - sub BDA is:ied1lDevice1/DSCH1.SchdAbsTm.val(81): 0.0
20:38:39.491 [openiec61850-osi-server-3-thread-1] DEBUG com.beanit.openiec61850.ServerAssociation - sub BDA is:ied1lDevice1/DSCH1.SchdAbsTm.val(82): 0.0
20:38:39.491 [openiec61850-osi-server-3-thread-1] DEBUG com.beanit.openiec61850.ServerAssociation - sub BDA is:ied1lDevice1/DSCH1.SchdAbsTm.val(83): 0.0
20:38:39.491 [openiec61850-osi-server-3-thread-1] DEBUG com.beanit.openiec61850.ServerAssociation - sub BDA is:ied1lDevice1/DSCH1.SchdAbsTm.val(84): 0.0
20:38:39.491 [openiec61850-osi-server-3-thread-1] DEBUG com.beanit.openiec61850.ServerAssociation - sub BDA is:ied1lDevice1/DSCH1.SchdAbsTm.val(85): 0.0
20:38:39.491 [openiec61850-osi-server-3-thread-1] DEBUG com.beanit.openiec61850.ServerAssociation - sub BDA is:ied1lDevice1/DSCH1.SchdAbsTm.val(86): 0.0
20:38:39.491 [openiec61850-osi-server-3-thread-1] DEBUG com.beanit.openiec61850.ServerAssociation - sub BDA is:ied1lDevice1/DSCH1.SchdAbsTm.val(87): 0.0
20:38:39.491 [openiec61850-osi-server-3-thread-1] DEBUG com.beanit.openiec61850.ServerAssociation - sub BDA is:ied1lDevice1/DSCH1.SchdAbsTm.val(88): 0.0
20:38:39.491 [openiec61850-osi-server-3-thread-1] DEBUG com.beanit.openiec61850.ServerAssociation - sub BDA is:ied1lDevice1/DSCH1.SchdAbsTm.val(89): 0.0
20:38:39.491 [openiec61850-osi-server-3-thread-1] DEBUG com.beanit.openiec61850.ServerAssociation - sub BDA is:ied1lDevice1/DSCH1.SchdAbsTm.val(90): 0.0
20:38:39.491 [openiec61850-osi-server-3-thread-1] DEBUG com.beanit.openiec61850.ServerAssociation - sub BDA is:ied1lDevice1/DSCH1.SchdAbsTm.val(91): 0.0
20:38:39.491 [openiec61850-osi-server-3-thread-1] DEBUG com.beanit.openiec61850.ServerAssociation - sub BDA is:ied1lDevice1/DSCH1.SchdAbsTm.val(92): 0.0
20:38:39.491 [openiec61850-osi-server-3-thread-1] DEBUG com.beanit.openiec61850.ServerAssociation - sub BDA is:ied1lDevice1/DSCH1.SchdAbsTm.val(93): 0.0
20:38:39.491 [openiec61850-osi-server-3-thread-1] DEBUG com.beanit.openiec61850.ServerAssociation - sub BDA is:ied1lDevice1/DSCH1.SchdAbsTm.val(94): 0.0
20:38:39.491 [openiec61850-osi-server-3-thread-1] DEBUG com.beanit.openiec61850.ServerAssociation - sub BDA is:ied1lDevice1/DSCH1.SchdAbsTm.val(95): 0.0
20:38:39.491 [openiec61850-osi-server-3-thread-1] DEBUG com.beanit.openiec61850.ServerAssociation - sub BDA is:ied1lDevice1/DSCH1.SchdAbsTm.val(96): 0.0
20:38:39.491 [openiec61850-osi-server-3-thread-1] DEBUG com.beanit.openiec61850.ServerAssociation - sub BDA is:ied1lDevice1/DSCH1.SchdAbsTm.val(97): 0.0
20:38:39.492 [openiec61850-osi-server-3-thread-1] DEBUG com.beanit.openiec61850.ServerAssociation - sub BDA is:ied1lDevice1/DSCH1.SchdAbsTm.val(98): 0.0
20:38:39.492 [openiec61850-osi-server-3-thread-1] DEBUG com.beanit.openiec61850.ServerAssociation - sub BDA is:ied1lDevice1/DSCH1.SchdAbsTm.val(99): 0.0
20:38:39.492 [openiec61850-osi-server-3-thread-1] DEBUG com.beanit.openiec61850.ServerAssociation - sub BDA is:ied1lDevice1/DSCH1.SchdAbsTm.val(100): 0.0
20:38:39.492 [openiec61850-osi-server-3-thread-1] DEBUG com.beanit.openiec61850.ServerAssociation - sub BDA is:ied1lDevice1/DSCH1.SchdAbsTm.val(101): 0.0
20:38:39.492 [openiec61850-osi-server-3-thread-1] DEBUG com.beanit.openiec61850.ServerAssociation - sub BDA is:ied1lDevice1/DSCH1.SchdAbsTm.val(102): 0.0
20:38:39.492 [openiec61850-osi-server-3-thread-1] DEBUG com.beanit.openiec61850.ServerAssociation - sub BDA is:ied1lDevice1/DSCH1.SchdAbsTm.val(103): 0.0
20:38:39.492 [openiec61850-osi-server-3-thread-1] DEBUG com.beanit.openiec61850.ServerAssociation - sub BDA is:ied1lDevice1/DSCH1.SchdAbsTm.val(104): 0.0
20:38:39.492 [openiec61850-osi-server-3-thread-1] DEBUG com.beanit.openiec61850.ServerAssociation - sub BDA is:ied1lDevice1/DSCH1.SchdAbsTm.val(105): 0.0
20:38:39.492 [openiec61850-osi-server-3-thread-1] DEBUG com.beanit.openiec61850.ServerAssociation - sub BDA is:ied1lDevice1/DSCH1.SchdAbsTm.val(106): 0.0
20:38:39.492 [openiec61850-osi-server-3-thread-1] DEBUG com.beanit.openiec61850.ServerAssociation - sub BDA is:ied1lDevice1/DSCH1.SchdAbsTm.val(107): 0.0
20:38:39.492 [openiec61850-osi-server-3-thread-1] DEBUG com.beanit.openiec61850.ServerAssociation - sub BDA is:ied1lDevice1/DSCH1.SchdAbsTm.val(108): 0.0
20:38:39.492 [openiec61850-osi-server-3-thread-1] DEBUG com.beanit.openiec61850.ServerAssociation - sub BDA is:ied1lDevice1/DSCH1.SchdAbsTm.val(109): 0.0
20:38:39.492 [openiec61850-osi-server-3-thread-1] DEBUG com.beanit.openiec61850.ServerAssociation - sub BDA is:ied1lDevice1/DSCH1.SchdAbsTm.val(110): 0.0
20:38:39.492 [openiec61850-osi-server-3-thread-1] DEBUG com.beanit.openiec61850.ServerAssociation - sub BDA is:ied1lDevice1/DSCH1.SchdAbsTm.val(111): 0.0
20:38:39.492 [openiec61850-osi-server-3-thread-1] DEBUG com.beanit.openiec61850.ServerAssociation - sub BDA is:ied1lDevice1/DSCH1.SchdAbsTm.val(112): 0.0
20:38:39.492 [openiec61850-osi-server-3-thread-1] DEBUG com.beanit.openiec61850.ServerAssociation - sub BDA is:ied1lDevice1/DSCH1.SchdAbsTm.val(113): 0.0
20:38:39.492 [openiec61850-osi-server-3-thread-1] DEBUG com.beanit.openiec61850.ServerAssociation - sub BDA is:ied1lDevice1/DSCH1.SchdAbsTm.val(114): 0.0
20:38:39.492 [openiec61850-osi-server-3-thread-1] DEBUG com.beanit.openiec61850.ServerAssociation - sub BDA is:ied1lDevice1/DSCH1.SchdAbsTm.val(115): 0.0
20:38:39.492 [openiec61850-osi-server-3-thread-1] DEBUG com.beanit.openiec61850.ServerAssociation - sub BDA is:ied1lDevice1/DSCH1.SchdAbsTm.val(116): 0.0
20:38:39.492 [openiec61850-osi-server-3-thread-1] DEBUG com.beanit.openiec61850.ServerAssociation - sub BDA is:ied1lDevice1/DSCH1.SchdAbsTm.val(117): 0.0
20:38:39.492 [openiec61850-osi-server-3-thread-1] DEBUG com.beanit.openiec61850.ServerAssociation - sub BDA is:ied1lDevice1/DSCH1.SchdAbsTm.val(118): 0.0
20:38:39.492 [openiec61850-osi-server-3-thread-1] DEBUG com.beanit.openiec61850.ServerAssociation - sub BDA is:ied1lDevice1/DSCH1.SchdAbsTm.val(119): 0.0
20:38:39.492 [openiec61850-osi-server-3-thread-1] DEBUG com.beanit.openiec61850.ServerAssociation - sub BDA is:ied1lDevice1/DSCH1.SchdAbsTm.val(120): 0.0
20:38:39.492 [openiec61850-osi-server-3-thread-1] DEBUG com.beanit.openiec61850.ServerAssociation - sub BDA is:ied1lDevice1/DSCH1.SchdAbsTm.val(121): 0.0
20:38:39.492 [openiec61850-osi-server-3-thread-1] DEBUG com.beanit.openiec61850.ServerAssociation - sub BDA is:ied1lDevice1/DSCH1.SchdAbsTm.val(122): 0.0
20:38:39.492 [openiec61850-osi-server-3-thread-1] DEBUG com.beanit.openiec61850.ServerAssociation - sub BDA is:ied1lDevice1/DSCH1.SchdAbsTm.val(123): 0.0
20:38:39.492 [openiec61850-osi-server-3-thread-1] DEBUG com.beanit.openiec61850.ServerAssociation - sub BDA is:ied1lDevice1/DSCH1.SchdAbsTm.val(124): 0.0
20:38:39.492 [openiec61850-osi-server-3-thread-1] DEBUG com.beanit.openiec61850.ServerAssociation - sub BDA is:ied1lDevice1/DSCH1.SchdAbsTm.val(125): 0.0
20:38:39.492 [openiec61850-osi-server-3-thread-1] DEBUG com.beanit.openiec61850.ServerAssociation - sub BDA is:ied1lDevice1/DSCH1.SchdAbsTm.val(126): 0.0
20:38:39.492 [openiec61850-osi-server-3-thread-1] DEBUG com.beanit.openiec61850.ServerAssociation - sub BDA is:ied1lDevice1/DSCH1.SchdAbsTm.val(127): 0.0
20:38:39.492 [openiec61850-osi-server-3-thread-1] DEBUG com.beanit.openiec61850.ServerAssociation - sub BDA is:ied1lDevice1/DSCH1.SchdAbsTm.val(128): 0.0
20:38:39.492 [openiec61850-osi-server-3-thread-1] DEBUG com.beanit.openiec61850.ServerAssociation - sub BDA is:ied1lDevice1/DSCH1.SchdAbsTm.val(129): 0.0
20:38:39.492 [openiec61850-osi-server-3-thread-1] DEBUG com.beanit.openiec61850.ServerAssociation - sub BDA is:ied1lDevice1/DSCH1.SchdAbsTm.val(130): 0.0
20:38:39.492 [openiec61850-osi-server-3-thread-1] DEBUG com.beanit.openiec61850.ServerAssociation - sub BDA is:ied1lDevice1/DSCH1.SchdAbsTm.val(131): 0.0
20:38:39.492 [openiec61850-osi-server-3-thread-1] DEBUG com.beanit.openiec61850.ServerAssociation - sub BDA is:ied1lDevice1/DSCH1.SchdAbsTm.val(132): 0.0
20:38:39.492 [openiec61850-osi-server-3-thread-1] DEBUG com.beanit.openiec61850.ServerAssociation - sub BDA is:ied1lDevice1/DSCH1.SchdAbsTm.val(133): 0.0
20:38:39.492 [openiec61850-osi-server-3-thread-1] DEBUG com.beanit.openiec61850.ServerAssociation - sub BDA is:ied1lDevice1/DSCH1.SchdAbsTm.val(134): 0.0
20:38:39.492 [openiec61850-osi-server-3-thread-1] DEBUG com.beanit.openiec61850.ServerAssociation - sub BDA is:ied1lDevice1/DSCH1.SchdAbsTm.val(135): 0.0
20:38:39.492 [openiec61850-osi-server-3-thread-1] DEBUG com.beanit.openiec61850.ServerAssociation - sub BDA is:ied1lDevice1/DSCH1.SchdAbsTm.val(136): 0.0
20:38:39.492 [openiec61850-osi-server-3-thread-1] DEBUG com.beanit.openiec61850.ServerAssociation - sub BDA is:ied1lDevice1/DSCH1.SchdAbsTm.val(137): 0.0
20:38:39.492 [openiec61850-osi-server-3-thread-1] DEBUG com.beanit.openiec61850.ServerAssociation - sub BDA is:ied1lDevice1/DSCH1.SchdAbsTm.val(138): 0.0
20:38:39.492 [openiec61850-osi-server-3-thread-1] DEBUG com.beanit.openiec61850.ServerAssociation - sub BDA is:ied1lDevice1/DSCH1.SchdAbsTm.val(139): 0.0
20:38:39.492 [openiec61850-osi-server-3-thread-1] DEBUG com.beanit.openiec61850.ServerAssociation - sub BDA is:ied1lDevice1/DSCH1.SchdAbsTm.val(140): 0.0
20:38:39.492 [openiec61850-osi-server-3-thread-1] DEBUG com.beanit.openiec61850.ServerAssociation - sub BDA is:ied1lDevice1/DSCH1.SchdAbsTm.val(141): 0.0
20:38:39.492 [openiec61850-osi-server-3-thread-1] DEBUG com.beanit.openiec61850.ServerAssociation - sub BDA is:ied1lDevice1/DSCH1.SchdAbsTm.val(142): 0.0
20:38:39.492 [openiec61850-osi-server-3-thread-1] DEBUG com.beanit.openiec61850.ServerAssociation - sub BDA is:ied1lDevice1/DSCH1.SchdAbsTm.val(143): 0.0
20:38:39.492 [openiec61850-osi-server-3-thread-1] DEBUG com.beanit.openiec61850.ServerAssociation - sub BDA is:ied1lDevice1/DSCH1.SchdAbsTm.val(144): 0.0
20:38:39.492 [openiec61850-osi-server-3-thread-1] DEBUG com.beanit.openiec61850.ServerAssociation - sub BDA is:ied1lDevice1/DSCH1.SchdAbsTm.val(145): 0.0
20:38:39.493 [openiec61850-osi-server-3-thread-1] DEBUG com.beanit.openiec61850.ServerAssociation - sub BDA is:ied1lDevice1/DSCH1.SchdAbsTm.val(146): 0.0
20:38:39.493 [openiec61850-osi-server-3-thread-1] DEBUG com.beanit.openiec61850.ServerAssociation - sub BDA is:ied1lDevice1/DSCH1.SchdAbsTm.val(147): 0.0
20:38:39.493 [openiec61850-osi-server-3-thread-1] DEBUG com.beanit.openiec61850.ServerAssociation - sub BDA is:ied1lDevice1/DSCH1.SchdAbsTm.val(148): 0.0
20:38:39.493 [openiec61850-osi-server-3-thread-1] DEBUG com.beanit.openiec61850.ServerAssociation - sub BDA is:ied1lDevice1/DSCH1.SchdAbsTm.val(149): 0.0
20:38:39.493 [openiec61850-osi-server-3-thread-1] DEBUG com.beanit.openiec61850.ServerAssociation - sub BDA is:ied1lDevice1/DSCH1.SchdAbsTm.val(150): 0.0
20:38:39.493 [openiec61850-osi-server-3-thread-1] DEBUG com.beanit.openiec61850.ServerAssociation - sub BDA is:ied1lDevice1/DSCH1.SchdAbsTm.val(151): 0.0
20:38:39.493 [openiec61850-osi-server-3-thread-1] DEBUG com.beanit.openiec61850.ServerAssociation - sub BDA is:ied1lDevice1/DSCH1.SchdAbsTm.val(152): 0.0
20:38:39.493 [openiec61850-osi-server-3-thread-1] DEBUG com.beanit.openiec61850.ServerAssociation - sub BDA is:ied1lDevice1/DSCH1.SchdAbsTm.val(153): 0.0
20:38:39.493 [openiec61850-osi-server-3-thread-1] DEBUG com.beanit.openiec61850.ServerAssociation - sub BDA is:ied1lDevice1/DSCH1.SchdAbsTm.val(154): 0.0
20:38:39.493 [openiec61850-osi-server-3-thread-1] DEBUG com.beanit.openiec61850.ServerAssociation - sub BDA is:ied1lDevice1/DSCH1.SchdAbsTm.val(155): 0.0
20:38:39.493 [openiec61850-osi-server-3-thread-1] DEBUG com.beanit.openiec61850.ServerAssociation - sub BDA is:ied1lDevice1/DSCH1.SchdAbsTm.val(156): 0.0
20:38:39.493 [openiec61850-osi-server-3-thread-1] DEBUG com.beanit.openiec61850.ServerAssociation - sub BDA is:ied1lDevice1/DSCH1.SchdAbsTm.val(157): 0.0
20:38:39.493 [openiec61850-osi-server-3-thread-1] DEBUG com.beanit.openiec61850.ServerAssociation - sub BDA is:ied1lDevice1/DSCH1.SchdAbsTm.val(158): 0.0
20:38:39.493 [openiec61850-osi-server-3-thread-1] DEBUG com.beanit.openiec61850.ServerAssociation - sub BDA is:ied1lDevice1/DSCH1.SchdAbsTm.val(159): 0.0
20:38:39.493 [openiec61850-osi-server-3-thread-1] DEBUG com.beanit.openiec61850.ServerAssociation - sub BDA is:ied1lDevice1/DSCH1.SchdAbsTm.val(160): 0.0
20:38:39.493 [openiec61850-osi-server-3-thread-1] DEBUG com.beanit.openiec61850.ServerAssociation - sub BDA is:ied1lDevice1/DSCH1.SchdAbsTm.val(161): 0.0
20:38:39.493 [openiec61850-osi-server-3-thread-1] DEBUG com.beanit.openiec61850.ServerAssociation - sub BDA is:ied1lDevice1/DSCH1.SchdAbsTm.val(162): 0.0
20:38:39.493 [openiec61850-osi-server-3-thread-1] DEBUG com.beanit.openiec61850.ServerAssociation - sub BDA is:ied1lDevice1/DSCH1.SchdAbsTm.val(163): 0.0
20:38:39.493 [openiec61850-osi-server-3-thread-1] DEBUG com.beanit.openiec61850.ServerAssociation - sub BDA is:ied1lDevice1/DSCH1.SchdAbsTm.val(164): 0.0
20:38:39.493 [openiec61850-osi-server-3-thread-1] DEBUG com.beanit.openiec61850.ServerAssociation - sub BDA is:ied1lDevice1/DSCH1.SchdAbsTm.val(165): 0.0
20:38:39.493 [openiec61850-osi-server-3-thread-1] DEBUG com.beanit.openiec61850.ServerAssociation - sub BDA is:ied1lDevice1/DSCH1.SchdAbsTm.val(166): 0.0
20:38:39.493 [openiec61850-osi-server-3-thread-1] DEBUG com.beanit.openiec61850.ServerAssociation - sub BDA is:ied1lDevice1/DSCH1.SchdAbsTm.val(167): 0.0
20:38:39.493 [openiec61850-osi-server-3-thread-1] DEBUG com.beanit.openiec61850.ServerAssociation - sub BDA is:ied1lDevice1/DSCH1.SchdAbsTm.val(168): 0.0
20:38:39.493 [openiec61850-osi-server-3-thread-1] DEBUG com.beanit.openiec61850.ServerAssociation - sub BDA is:ied1lDevice1/DSCH1.SchdAbsTm.val(169): 0.0
20:38:39.493 [openiec61850-osi-server-3-thread-1] DEBUG com.beanit.openiec61850.ServerAssociation - sub BDA is:ied1lDevice1/DSCH1.SchdAbsTm.val(170): 0.0
20:38:39.493 [openiec61850-osi-server-3-thread-1] DEBUG com.beanit.openiec61850.ServerAssociation - sub BDA is:ied1lDevice1/DSCH1.SchdAbsTm.val(171): 0.0
20:38:39.493 [openiec61850-osi-server-3-thread-1] DEBUG com.beanit.openiec61850.ServerAssociation - sub BDA is:ied1lDevice1/DSCH1.SchdAbsTm.val(172): 0.0
20:38:39.493 [openiec61850-osi-server-3-thread-1] DEBUG com.beanit.openiec61850.ServerAssociation - sub BDA is:ied1lDevice1/DSCH1.SchdAbsTm.val(173): 0.0
20:38:39.493 [openiec61850-osi-server-3-thread-1] DEBUG com.beanit.openiec61850.ServerAssociation - sub BDA is:ied1lDevice1/DSCH1.SchdAbsTm.val(174): 0.0
20:38:39.493 [openiec61850-osi-server-3-thread-1] DEBUG com.beanit.openiec61850.ServerAssociation - sub BDA is:ied1lDevice1/DSCH1.SchdAbsTm.val(175): 0.0
20:38:39.493 [openiec61850-osi-server-3-thread-1] DEBUG com.beanit.openiec61850.ServerAssociation - sub BDA is:ied1lDevice1/DSCH1.SchdAbsTm.val(176): 0.0
20:38:39.493 [openiec61850-osi-server-3-thread-1] DEBUG com.beanit.openiec61850.ServerAssociation - sub BDA is:ied1lDevice1/DSCH1.SchdAbsTm.val(177): 0.0
20:38:39.493 [openiec61850-osi-server-3-thread-1] DEBUG com.beanit.openiec61850.ServerAssociation - sub BDA is:ied1lDevice1/DSCH1.SchdAbsTm.val(178): 0.0
20:38:39.493 [openiec61850-osi-server-3-thread-1] DEBUG com.beanit.openiec61850.ServerAssociation - sub BDA is:ied1lDevice1/DSCH1.SchdAbsTm.val(179): 0.0
20:38:39.493 [openiec61850-osi-server-3-thread-1] DEBUG com.beanit.openiec61850.ServerAssociation - sub BDA is:ied1lDevice1/DSCH1.SchdAbsTm.val(180): 0.0
20:38:39.493 [openiec61850-osi-server-3-thread-1] DEBUG com.beanit.openiec61850.ServerAssociation - sub BDA is:ied1lDevice1/DSCH1.SchdAbsTm.val(181): 0.0
20:38:39.493 [openiec61850-osi-server-3-thread-1] DEBUG com.beanit.openiec61850.ServerAssociation - sub BDA is:ied1lDevice1/DSCH1.SchdAbsTm.val(182): 0.0
20:38:39.493 [openiec61850-osi-server-3-thread-1] DEBUG com.beanit.openiec61850.ServerAssociation - sub BDA is:ied1lDevice1/DSCH1.SchdAbsTm.val(183): 0.0
20:38:39.493 [openiec61850-osi-server-3-thread-1] DEBUG com.beanit.openiec61850.ServerAssociation - sub BDA is:ied1lDevice1/DSCH1.SchdAbsTm.val(184): 0.0
20:38:39.493 [openiec61850-osi-server-3-thread-1] DEBUG com.beanit.openiec61850.ServerAssociation - sub BDA is:ied1lDevice1/DSCH1.SchdAbsTm.val(185): 0.0
20:38:39.493 [openiec61850-osi-server-3-thread-1] DEBUG com.beanit.openiec61850.ServerAssociation - sub BDA is:ied1lDevice1/DSCH1.SchdAbsTm.val(186): 0.0
20:38:39.493 [openiec61850-osi-server-3-thread-1] DEBUG com.beanit.openiec61850.ServerAssociation - sub BDA is:ied1lDevice1/DSCH1.SchdAbsTm.val(187): 0.0
20:38:39.493 [openiec61850-osi-server-3-thread-1] DEBUG com.beanit.openiec61850.ServerAssociation - sub BDA is:ied1lDevice1/DSCH1.SchdAbsTm.val(188): 0.0
20:38:39.493 [openiec61850-osi-server-3-thread-1] DEBUG com.beanit.openiec61850.ServerAssociation - sub BDA is:ied1lDevice1/DSCH1.SchdAbsTm.val(189): 0.0
20:38:39.493 [openiec61850-osi-server-3-thread-1] DEBUG com.beanit.openiec61850.ServerAssociation - sub BDA is:ied1lDevice1/DSCH1.SchdAbsTm.val(190): 0.0
20:38:39.493 [openiec61850-osi-server-3-thread-1] DEBUG com.beanit.openiec61850.ServerAssociation - sub BDA is:ied1lDevice1/DSCH1.SchdAbsTm.val(191): 0.0
20:38:39.493 [openiec61850-osi-server-3-thread-1] DEBUG com.beanit.openiec61850.ServerAssociation - sub BDA is:ied1lDevice1/DSCH1.SchdAbsTm.val(192): 0.0
20:38:39.493 [openiec61850-osi-server-3-thread-1] DEBUG com.beanit.openiec61850.ServerAssociation - sub BDA is:ied1lDevice1/DSCH1.SchdAbsTm.val(193): 0.0
20:38:39.493 [openiec61850-osi-server-3-thread-1] DEBUG com.beanit.openiec61850.ServerAssociation - sub BDA is:ied1lDevice1/DSCH1.SchdAbsTm.val(194): 0.0
20:38:39.493 [openiec61850-osi-server-3-thread-1] DEBUG com.beanit.openiec61850.ServerAssociation - sub BDA is:ied1lDevice1/DSCH1.SchdAbsTm.val(195): 0.0
20:38:39.493 [openiec61850-osi-server-3-thread-1] DEBUG com.beanit.openiec61850.ServerAssociation - sub BDA is:ied1lDevice1/DSCH1.SchdAbsTm.val(196): 0.0
20:38:39.493 [openiec61850-osi-server-3-thread-1] DEBUG com.beanit.openiec61850.ServerAssociation - sub BDA is:ied1lDevice1/DSCH1.SchdAbsTm.val(197): 0.0
20:38:39.493 [openiec61850-osi-server-3-thread-1] DEBUG com.beanit.openiec61850.ServerAssociation - sub BDA is:ied1lDevice1/DSCH1.SchdAbsTm.val(198): 0.0
20:38:39.493 [openiec61850-osi-server-3-thread-1] DEBUG com.beanit.openiec61850.ServerAssociation - sub BDA is:ied1lDevice1/DSCH1.SchdAbsTm.val(199): 0.0
20:38:39.493 [openiec61850-osi-server-3-thread-1] DEBUG com.beanit.openiec61850.ServerAssociation - sub BDA is:ied1lDevice1/DSCH1.SchdAbsTm.val(200): 0.0
20:38:39.493 [openiec61850-osi-server-3-thread-1] DEBUG com.beanit.openiec61850.ServerAssociation - sub BDA is:ied1lDevice1/DSCH1.SchdAbsTm.val(201): 0.0
20:38:39.493 [openiec61850-osi-server-3-thread-1] DEBUG com.beanit.openiec61850.ServerAssociation - sub BDA is:ied1lDevice1/DSCH1.SchdAbsTm.val(202): 0.0
20:38:39.493 [openiec61850-osi-server-3-thread-1] DEBUG com.beanit.openiec61850.ServerAssociation - sub BDA is:ied1lDevice1/DSCH1.SchdAbsTm.val(203): 0.0
20:38:39.494 [openiec61850-osi-server-3-thread-1] DEBUG com.beanit.openiec61850.ServerAssociation - sub BDA is:ied1lDevice1/DSCH1.SchdAbsTm.val(204): 0.0
20:38:39.494 [openiec61850-osi-server-3-thread-1] DEBUG com.beanit.openiec61850.ServerAssociation - sub BDA is:ied1lDevice1/DSCH1.SchdAbsTm.val(205): 0.0
20:38:39.494 [openiec61850-osi-server-3-thread-1] DEBUG com.beanit.openiec61850.ServerAssociation - sub BDA is:ied1lDevice1/DSCH1.SchdAbsTm.val(206): 0.0
20:38:39.494 [openiec61850-osi-server-3-thread-1] DEBUG com.beanit.openiec61850.ServerAssociation - sub BDA is:ied1lDevice1/DSCH1.SchdAbsTm.val(207): 0.0
20:38:39.494 [openiec61850-osi-server-3-thread-1] DEBUG com.beanit.openiec61850.ServerAssociation - sub BDA is:ied1lDevice1/DSCH1.SchdAbsTm.val(208): 0.0
20:38:39.494 [openiec61850-osi-server-3-thread-1] DEBUG com.beanit.openiec61850.ServerAssociation - sub BDA is:ied1lDevice1/DSCH1.SchdAbsTm.val(209): 0.0
20:38:39.494 [openiec61850-osi-server-3-thread-1] DEBUG com.beanit.openiec61850.ServerAssociation - sub BDA is:ied1lDevice1/DSCH1.SchdAbsTm.val(210): 0.0
20:38:39.494 [openiec61850-osi-server-3-thread-1] DEBUG com.beanit.openiec61850.ServerAssociation - sub BDA is:ied1lDevice1/DSCH1.SchdAbsTm.val(211): 0.0
20:38:39.494 [openiec61850-osi-server-3-thread-1] DEBUG com.beanit.openiec61850.ServerAssociation - sub BDA is:ied1lDevice1/DSCH1.SchdAbsTm.val(212): 0.0
20:38:39.494 [openiec61850-osi-server-3-thread-1] DEBUG com.beanit.openiec61850.ServerAssociation - sub BDA is:ied1lDevice1/DSCH1.SchdAbsTm.val(213): 0.0
20:38:39.494 [openiec61850-osi-server-3-thread-1] DEBUG com.beanit.openiec61850.ServerAssociation - sub BDA is:ied1lDevice1/DSCH1.SchdAbsTm.val(214): 0.0
20:38:39.494 [openiec61850-osi-server-3-thread-1] DEBUG com.beanit.openiec61850.ServerAssociation - sub BDA is:ied1lDevice1/DSCH1.SchdAbsTm.val(215): 0.0
20:38:39.494 [openiec61850-osi-server-3-thread-1] DEBUG com.beanit.openiec61850.ServerAssociation - sub BDA is:ied1lDevice1/DSCH1.SchdAbsTm.val(216): 0.0
20:38:39.494 [openiec61850-osi-server-3-thread-1] DEBUG com.beanit.openiec61850.ServerAssociation - sub BDA is:ied1lDevice1/DSCH1.SchdAbsTm.val(217): 0.0
20:38:39.494 [openiec61850-osi-server-3-thread-1] DEBUG com.beanit.openiec61850.ServerAssociation - sub BDA is:ied1lDevice1/DSCH1.SchdAbsTm.val(218): 0.0
20:38:39.494 [openiec61850-osi-server-3-thread-1] DEBUG com.beanit.openiec61850.ServerAssociation - sub BDA is:ied1lDevice1/DSCH1.SchdAbsTm.val(219): 0.0
20:38:39.494 [openiec61850-osi-server-3-thread-1] DEBUG com.beanit.openiec61850.ServerAssociation - sub BDA is:ied1lDevice1/DSCH1.SchdAbsTm.val(220): 0.0
20:38:39.494 [openiec61850-osi-server-3-thread-1] DEBUG com.beanit.openiec61850.ServerAssociation - sub BDA is:ied1lDevice1/DSCH1.SchdAbsTm.val(221): 0.0
20:38:39.494 [openiec61850-osi-server-3-thread-1] DEBUG com.beanit.openiec61850.ServerAssociation - sub BDA is:ied1lDevice1/DSCH1.SchdAbsTm.val(222): 0.0
20:38:39.494 [openiec61850-osi-server-3-thread-1] DEBUG com.beanit.openiec61850.ServerAssociation - sub BDA is:ied1lDevice1/DSCH1.SchdAbsTm.val(223): 0.0
20:38:39.494 [openiec61850-osi-server-3-thread-1] DEBUG com.beanit.openiec61850.ServerAssociation - sub BDA is:ied1lDevice1/DSCH1.SchdAbsTm.val(224): 0.0
20:38:39.494 [openiec61850-osi-server-3-thread-1] DEBUG com.beanit.openiec61850.ServerAssociation - sub BDA is:ied1lDevice1/DSCH1.SchdAbsTm.val(225): 0.0
20:38:39.494 [openiec61850-osi-server-3-thread-1] DEBUG com.beanit.openiec61850.ServerAssociation - sub BDA is:ied1lDevice1/DSCH1.SchdAbsTm.val(226): 0.0
20:38:39.494 [openiec61850-osi-server-3-thread-1] DEBUG com.beanit.openiec61850.ServerAssociation - sub BDA is:ied1lDevice1/DSCH1.SchdAbsTm.val(227): 0.0
20:38:39.494 [openiec61850-osi-server-3-thread-1] DEBUG com.beanit.openiec61850.ServerAssociation - sub BDA is:ied1lDevice1/DSCH1.SchdAbsTm.val(228): 0.0
20:38:39.494 [openiec61850-osi-server-3-thread-1] DEBUG com.beanit.openiec61850.ServerAssociation - sub BDA is:ied1lDevice1/DSCH1.SchdAbsTm.val(229): 0.0
20:38:39.494 [openiec61850-osi-server-3-thread-1] DEBUG com.beanit.openiec61850.ServerAssociation - sub BDA is:ied1lDevice1/DSCH1.SchdAbsTm.val(230): 0.0
20:38:39.494 [openiec61850-osi-server-3-thread-1] DEBUG com.beanit.openiec61850.ServerAssociation - sub BDA is:ied1lDevice1/DSCH1.SchdAbsTm.val(231): 0.0
20:38:39.494 [openiec61850-osi-server-3-thread-1] DEBUG com.beanit.openiec61850.ServerAssociation - sub BDA is:ied1lDevice1/DSCH1.SchdAbsTm.val(232): 0.0
20:38:39.494 [openiec61850-osi-server-3-thread-1] DEBUG com.beanit.openiec61850.ServerAssociation - sub BDA is:ied1lDevice1/DSCH1.SchdAbsTm.val(233): 0.0
20:38:39.494 [openiec61850-osi-server-3-thread-1] DEBUG com.beanit.openiec61850.ServerAssociation - sub BDA is:ied1lDevice1/DSCH1.SchdAbsTm.val(234): 0.0
20:38:39.494 [openiec61850-osi-server-3-thread-1] DEBUG com.beanit.openiec61850.ServerAssociation - sub BDA is:ied1lDevice1/DSCH1.SchdAbsTm.val(235): 0.0
20:38:39.494 [openiec61850-osi-server-3-thread-1] DEBUG com.beanit.openiec61850.ServerAssociation - sub BDA is:ied1lDevice1/DSCH1.SchdAbsTm.val(236): 0.0
20:38:39.494 [openiec61850-osi-server-3-thread-1] DEBUG com.beanit.openiec61850.ServerAssociation - sub BDA is:ied1lDevice1/DSCH1.SchdAbsTm.val(237): 0.0
20:38:39.494 [openiec61850-osi-server-3-thread-1] DEBUG com.beanit.openiec61850.ServerAssociation - sub BDA is:ied1lDevice1/DSCH1.SchdAbsTm.val(238): 0.0
20:38:39.494 [openiec61850-osi-server-3-thread-1] DEBUG com.beanit.openiec61850.ServerAssociation - sub BDA is:ied1lDevice1/DSCH1.SchdAbsTm.val(239): 0.0
20:38:39.494 [openiec61850-osi-server-3-thread-1] DEBUG com.beanit.openiec61850.ServerAssociation - sub BDA is:ied1lDevice1/DSCH1.SchdAbsTm.val(240): 0.0
20:38:39.494 [openiec61850-osi-server-3-thread-1] DEBUG com.beanit.openiec61850.ServerAssociation - sub BDA is:ied1lDevice1/DSCH1.SchdAbsTm.val(241): 0.0
20:38:39.494 [openiec61850-osi-server-3-thread-1] DEBUG com.beanit.openiec61850.ServerAssociation - sub BDA is:ied1lDevice1/DSCH1.SchdAbsTm.val(242): 0.0
20:38:39.494 [openiec61850-osi-server-3-thread-1] DEBUG com.beanit.openiec61850.ServerAssociation - sub BDA is:ied1lDevice1/DSCH1.SchdAbsTm.val(243): 0.0
20:38:39.494 [openiec61850-osi-server-3-thread-1] DEBUG com.beanit.openiec61850.ServerAssociation - sub BDA is:ied1lDevice1/DSCH1.SchdAbsTm.val(244): 0.0
20:38:39.494 [openiec61850-osi-server-3-thread-1] DEBUG com.beanit.openiec61850.ServerAssociation - sub BDA is:ied1lDevice1/DSCH1.SchdAbsTm.val(245): 0.0
20:38:39.494 [openiec61850-osi-server-3-thread-1] DEBUG com.beanit.openiec61850.ServerAssociation - sub BDA is:ied1lDevice1/DSCH1.SchdAbsTm.val(246): 0.0
20:38:39.494 [openiec61850-osi-server-3-thread-1] DEBUG com.beanit.openiec61850.ServerAssociation - sub BDA is:ied1lDevice1/DSCH1.SchdAbsTm.val(247): 0.0
20:38:39.494 [openiec61850-osi-server-3-thread-1] DEBUG com.beanit.openiec61850.ServerAssociation - sub BDA is:ied1lDevice1/DSCH1.SchdAbsTm.val(248): 0.0
20:38:39.494 [openiec61850-osi-server-3-thread-1] DEBUG com.beanit.openiec61850.ServerAssociation - sub BDA is:ied1lDevice1/DSCH1.SchdAbsTm.val(249): 0.0
20:38:39.494 [openiec61850-osi-server-3-thread-1] DEBUG com.beanit.openiec61850.ServerAssociation - sub BDA is:ied1lDevice1/DSCH1.SchdAbsTm.val(250): 0.0
20:38:39.494 [openiec61850-osi-server-3-thread-1] DEBUG com.beanit.openiec61850.ServerAssociation - sub BDA is:ied1lDevice1/DSCH1.SchdAbsTm.val(251): 0.0
20:38:39.494 [openiec61850-osi-server-3-thread-1] DEBUG com.beanit.openiec61850.ServerAssociation - sub BDA is:ied1lDevice1/DSCH1.SchdAbsTm.val(252): 0.0
20:38:39.494 [openiec61850-osi-server-3-thread-1] DEBUG com.beanit.openiec61850.ServerAssociation - sub BDA is:ied1lDevice1/DSCH1.SchdAbsTm.val(253): 0.0
20:38:39.494 [openiec61850-osi-server-3-thread-1] DEBUG com.beanit.openiec61850.ServerAssociation - sub BDA is:ied1lDevice1/DSCH1.SchdAbsTm.val(254): 0.0
calling GetDataValues(ied1lDevice1/DSCH1.SchdAbsTm.val(0))
20:38:39.498 [openiec61850-osi-server-3-thread-1] DEBUG com.beanit.openiec61850.ServerAssociation - Got a GetDataValues request for node: ied1lDevice1/DSCH1.SchdAbsTm.val(0): 0.0
calling GetDataValues(ied1lDevice1/DSCH1.SchdAbsTm.val(1))
20:38:39.499 [openiec61850-osi-server-3-thread-1] DEBUG com.beanit.openiec61850.ServerAssociation - Got a GetDataValues request for node: ied1lDevice1/DSCH1.SchdAbsTm.val(1): 0.0
calling GetDataValues(ied1lDevice1/DSCH1.SchdAbsTm.val(2))
20:38:39.499 [openiec61850-osi-server-3-thread-1] DEBUG com.beanit.openiec61850.ServerAssociation - Got a GetDataValues request for node: ied1lDevice1/DSCH1.SchdAbsTm.val(2): 0.0
calling GetDataValues(ied1lDevice1/DSCH1.SchdAbsTm.val(3))
20:38:39.499 [openiec61850-osi-server-3-thread-1] DEBUG com.beanit.openiec61850.ServerAssociation - Got a GetDataValues request for node: ied1lDevice1/DSCH1.SchdAbsTm.val(3): 0.0
calling GetDataValues(ied1lDevice1/DSCH1.SchdAbsTm.val(4))
20:38:39.500 [openiec61850-osi-server-3-thread-1] DEBUG com.beanit.openiec61850.ServerAssociation - Got a GetDataValues request for node: ied1lDevice1/DSCH1.SchdAbsTm.val(4): 0.0
calling GetDataValues(ied1lDevice1/DSCH1.SchdAbsTm.val(5))
20:38:39.500 [openiec61850-osi-server-3-thread-1] DEBUG com.beanit.openiec61850.ServerAssociation - Got a GetDataValues request for node: ied1lDevice1/DSCH1.SchdAbsTm.val(5): 0.0
calling GetDataValues(ied1lDevice1/DSCH1.SchdAbsTm.val(6))
20:38:39.500 [openiec61850-osi-server-3-thread-1] DEBUG com.beanit.openiec61850.ServerAssociation - Got a GetDataValues request for node: ied1lDevice1/DSCH1.SchdAbsTm.val(6): 0.0
calling GetDataValues(ied1lDevice1/DSCH1.SchdAbsTm.val(7))
20:38:39.500 [openiec61850-osi-server-3-thread-1] DEBUG com.beanit.openiec61850.ServerAssociation - Got a GetDataValues request for node: ied1lDevice1/DSCH1.SchdAbsTm.val(7): 0.0
calling GetDataValues(ied1lDevice1/DSCH1.SchdAbsTm.val(8))
20:38:39.501 [openiec61850-osi-server-3-thread-1] DEBUG com.beanit.openiec61850.ServerAssociation - Got a GetDataValues request for node: ied1lDevice1/DSCH1.SchdAbsTm.val(8): 0.0
calling GetDataValues(ied1lDevice1/DSCH1.SchdAbsTm.val(9))
20:38:39.501 [openiec61850-osi-server-3-thread-1] DEBUG com.beanit.openiec61850.ServerAssociation - Got a GetDataValues request for node: ied1lDevice1/DSCH1.SchdAbsTm.val(9): 0.0
calling GetDataValues(ied1lDevice1/DSCH1.SchdAbsTm.val(10))
20:38:39.501 [openiec61850-osi-server-3-thread-1] DEBUG com.beanit.openiec61850.ServerAssociation - Got a GetDataValues request for node: ied1lDevice1/DSCH1.SchdAbsTm.val(10): 0.0
calling GetDataValues(ied1lDevice1/DSCH1.SchdAbsTm.val(11))
20:38:39.502 [openiec61850-osi-server-3-thread-1] DEBUG com.beanit.openiec61850.ServerAssociation - Got a GetDataValues request for node: ied1lDevice1/DSCH1.SchdAbsTm.val(11): 0.0
calling GetDataValues(ied1lDevice1/DSCH1.SchdAbsTm.val(12))
20:38:39.502 [openiec61850-osi-server-3-thread-1] DEBUG com.beanit.openiec61850.ServerAssociation - Got a GetDataValues request for node: ied1lDevice1/DSCH1.SchdAbsTm.val(12): 0.0
calling GetDataValues(ied1lDevice1/DSCH1.SchdAbsTm.val(13))
20:38:39.502 [openiec61850-osi-server-3-thread-1] DEBUG com.beanit.openiec61850.ServerAssociation - Got a GetDataValues request for node: ied1lDevice1/DSCH1.SchdAbsTm.val(13): 0.0
calling GetDataValues(ied1lDevice1/DSCH1.SchdAbsTm.val(14))
20:38:39.502 [openiec61850-osi-server-3-thread-1] DEBUG com.beanit.openiec61850.ServerAssociation - Got a GetDataValues request for node: ied1lDevice1/DSCH1.SchdAbsTm.val(14): 0.0
calling GetDataValues(ied1lDevice1/DSCH1.SchdAbsTm.val(15))
20:38:39.503 [openiec61850-osi-server-3-thread-1] DEBUG com.beanit.openiec61850.ServerAssociation - Got a GetDataValues request for node: ied1lDevice1/DSCH1.SchdAbsTm.val(15): 0.0
calling GetDataValues(ied1lDevice1/DSCH1.SchdAbsTm.val(16))
20:38:39.503 [openiec61850-osi-server-3-thread-1] DEBUG com.beanit.openiec61850.ServerAssociation - Got a GetDataValues request for node: ied1lDevice1/DSCH1.SchdAbsTm.val(16): 0.0
calling GetDataValues(ied1lDevice1/DSCH1.SchdAbsTm.val(17))
20:38:39.503 [openiec61850-osi-server-3-thread-1] DEBUG com.beanit.openiec61850.ServerAssociation - Got a GetDataValues request for node: ied1lDevice1/DSCH1.SchdAbsTm.val(17): 0.0
calling GetDataValues(ied1lDevice1/DSCH1.SchdAbsTm.val(18))
20:38:39.504 [openiec61850-osi-server-3-thread-1] DEBUG com.beanit.openiec61850.ServerAssociation - Got a GetDataValues request for node: ied1lDevice1/DSCH1.SchdAbsTm.val(18): 0.0
calling GetDataValues(ied1lDevice1/DSCH1.SchdAbsTm.val(19))
20:38:39.504 [openiec61850-osi-server-3-thread-1] DEBUG com.beanit.openiec61850.ServerAssociation - Got a GetDataValues request for node: ied1lDevice1/DSCH1.SchdAbsTm.val(19): 0.0
calling GetDataValues(ied1lDevice1/DSCH1.SchdAbsTm.val(20))
20:38:39.504 [openiec61850-osi-server-3-thread-1] DEBUG com.beanit.openiec61850.ServerAssociation - Got a GetDataValues request for node: ied1lDevice1/DSCH1.SchdAbsTm.val(20): 0.0
calling GetDataValues(ied1lDevice1/DSCH1.SchdAbsTm.val(21))
20:38:39.505 [openiec61850-osi-server-3-thread-1] DEBUG com.beanit.openiec61850.ServerAssociation - Got a GetDataValues request for node: ied1lDevice1/DSCH1.SchdAbsTm.val(21): 0.0
calling GetDataValues(ied1lDevice1/DSCH1.SchdAbsTm.val(22))
20:38:39.505 [openiec61850-osi-server-3-thread-1] DEBUG com.beanit.openiec61850.ServerAssociation - Got a GetDataValues request for node: ied1lDevice1/DSCH1.SchdAbsTm.val(22): 0.0
calling GetDataValues(ied1lDevice1/DSCH1.SchdAbsTm.val(23))
20:38:39.505 [openiec61850-osi-server-3-thread-1] DEBUG com.beanit.openiec61850.ServerAssociation - Got a GetDataValues request for node: ied1lDevice1/DSCH1.SchdAbsTm.val(23): 0.0
calling GetDataValues(ied1lDevice1/DSCH1.SchdAbsTm.val(24))
20:38:39.506 [openiec61850-osi-server-3-thread-1] DEBUG com.beanit.openiec61850.ServerAssociation - Got a GetDataValues request for node: ied1lDevice1/DSCH1.SchdAbsTm.val(24): 0.0
calling GetDataValues(ied1lDevice1/DSCH1.SchdAbsTm.val(25))
20:38:39.506 [openiec61850-osi-server-3-thread-1] DEBUG com.beanit.openiec61850.ServerAssociation - Got a GetDataValues request for node: ied1lDevice1/DSCH1.SchdAbsTm.val(25): 0.0
calling GetDataValues(ied1lDevice1/DSCH1.SchdAbsTm.val(26))
20:38:39.506 [openiec61850-osi-server-3-thread-1] DEBUG com.beanit.openiec61850.ServerAssociation - Got a GetDataValues request for node: ied1lDevice1/DSCH1.SchdAbsTm.val(26): 0.0
calling GetDataValues(ied1lDevice1/DSCH1.SchdAbsTm.val(27))
20:38:39.506 [openiec61850-osi-server-3-thread-1] DEBUG com.beanit.openiec61850.ServerAssociation - Got a GetDataValues request for node: ied1lDevice1/DSCH1.SchdAbsTm.val(27): 0.0
calling GetDataValues(ied1lDevice1/DSCH1.SchdAbsTm.val(28))
20:38:39.507 [openiec61850-osi-server-3-thread-1] DEBUG com.beanit.openiec61850.ServerAssociation - Got a GetDataValues request for node: ied1lDevice1/DSCH1.SchdAbsTm.val(28): 0.0
calling GetDataValues(ied1lDevice1/DSCH1.SchdAbsTm.val(29))
20:38:39.507 [openiec61850-osi-server-3-thread-1] DEBUG com.beanit.openiec61850.ServerAssociation - Got a GetDataValues request for node: ied1lDevice1/DSCH1.SchdAbsTm.val(29): 0.0
calling GetDataValues(ied1lDevice1/DSCH1.SchdAbsTm.val(30))
20:38:39.507 [openiec61850-osi-server-3-thread-1] DEBUG com.beanit.openiec61850.ServerAssociation - Got a GetDataValues request for node: ied1lDevice1/DSCH1.SchdAbsTm.val(30): 0.0
calling GetDataValues(ied1lDevice1/DSCH1.SchdAbsTm.val(31))
20:38:39.507 [openiec61850-osi-server-3-thread-1] DEBUG com.beanit.openiec61850.ServerAssociation - Got a GetDataValues request for node: ied1lDevice1/DSCH1.SchdAbsTm.val(31): 0.0
calling GetDataValues(ied1lDevice1/DSCH1.SchdAbsTm.val(32))
20:38:39.508 [openiec61850-osi-server-3-thread-1] DEBUG com.beanit.openiec61850.ServerAssociation - Got a GetDataValues request for node: ied1lDevice1/DSCH1.SchdAbsTm.val(32): 0.0
calling GetDataValues(ied1lDevice1/DSCH1.SchdAbsTm.val(33))
20:38:39.508 [openiec61850-osi-server-3-thread-1] DEBUG com.beanit.openiec61850.ServerAssociation - Got a GetDataValues request for node: ied1lDevice1/DSCH1.SchdAbsTm.val(33): 0.0
calling GetDataValues(ied1lDevice1/DSCH1.SchdAbsTm.val(34))
20:38:39.509 [openiec61850-osi-server-3-thread-1] DEBUG com.beanit.openiec61850.ServerAssociation - Got a GetDataValues request for node: ied1lDevice1/DSCH1.SchdAbsTm.val(34): 0.0
calling GetDataValues(ied1lDevice1/DSCH1.SchdAbsTm.val(35))
20:38:39.509 [openiec61850-osi-server-3-thread-1] DEBUG com.beanit.openiec61850.ServerAssociation - Got a GetDataValues request for node: ied1lDevice1/DSCH1.SchdAbsTm.val(35): 0.0
calling GetDataValues(ied1lDevice1/DSCH1.SchdAbsTm.val(36))
20:38:39.509 [openiec61850-osi-server-3-thread-1] DEBUG com.beanit.openiec61850.ServerAssociation - Got a GetDataValues request for node: ied1lDevice1/DSCH1.SchdAbsTm.val(36): 0.0
calling GetDataValues(ied1lDevice1/DSCH1.SchdAbsTm.val(37))
20:38:39.510 [openiec61850-osi-server-3-thread-1] DEBUG com.beanit.openiec61850.ServerAssociation - Got a GetDataValues request for node: ied1lDevice1/DSCH1.SchdAbsTm.val(37): 0.0
calling GetDataValues(ied1lDevice1/DSCH1.SchdAbsTm.val(38))
20:38:39.510 [openiec61850-osi-server-3-thread-1] DEBUG com.beanit.openiec61850.ServerAssociation - Got a GetDataValues request for node: ied1lDevice1/DSCH1.SchdAbsTm.val(38): 0.0
calling GetDataValues(ied1lDevice1/DSCH1.SchdAbsTm.val(39))
20:38:39.510 [openiec61850-osi-server-3-thread-1] DEBUG com.beanit.openiec61850.ServerAssociation - Got a GetDataValues request for node: ied1lDevice1/DSCH1.SchdAbsTm.val(39): 0.0
calling GetDataValues(ied1lDevice1/DSCH1.SchdAbsTm.val(40))
20:38:39.511 [openiec61850-osi-server-3-thread-1] DEBUG com.beanit.openiec61850.ServerAssociation - Got a GetDataValues request for node: ied1lDevice1/DSCH1.SchdAbsTm.val(40): 0.0
calling GetDataValues(ied1lDevice1/DSCH1.SchdAbsTm.val(41))
20:38:39.511 [openiec61850-osi-server-3-thread-1] DEBUG com.beanit.openiec61850.ServerAssociation - Got a GetDataValues request for node: ied1lDevice1/DSCH1.SchdAbsTm.val(41): 0.0
calling GetDataValues(ied1lDevice1/DSCH1.SchdAbsTm.val(42))
20:38:39.511 [openiec61850-osi-server-3-thread-1] DEBUG com.beanit.openiec61850.ServerAssociation - Got a GetDataValues request for node: ied1lDevice1/DSCH1.SchdAbsTm.val(42): 0.0
calling GetDataValues(ied1lDevice1/DSCH1.SchdAbsTm.val(43))
20:38:39.511 [openiec61850-osi-server-3-thread-1] DEBUG com.beanit.openiec61850.ServerAssociation - Got a GetDataValues request for node: ied1lDevice1/DSCH1.SchdAbsTm.val(43): 0.0
calling GetDataValues(ied1lDevice1/DSCH1.SchdAbsTm.val(44))
20:38:39.512 [openiec61850-osi-server-3-thread-1] DEBUG com.beanit.openiec61850.ServerAssociation - Got a GetDataValues request for node: ied1lDevice1/DSCH1.SchdAbsTm.val(44): 0.0
calling GetDataValues(ied1lDevice1/DSCH1.SchdAbsTm.val(45))
20:38:39.512 [openiec61850-osi-server-3-thread-1] DEBUG com.beanit.openiec61850.ServerAssociation - Got a GetDataValues request for node: ied1lDevice1/DSCH1.SchdAbsTm.val(45): 0.0
calling GetDataValues(ied1lDevice1/DSCH1.SchdAbsTm.val(46))
20:38:39.512 [openiec61850-osi-server-3-thread-1] DEBUG com.beanit.openiec61850.ServerAssociation - Got a GetDataValues request for node: ied1lDevice1/DSCH1.SchdAbsTm.val(46): 0.0
calling GetDataValues(ied1lDevice1/DSCH1.SchdAbsTm.val(47))
20:38:39.513 [openiec61850-osi-server-3-thread-1] DEBUG com.beanit.openiec61850.ServerAssociation - Got a GetDataValues request for node: ied1lDevice1/DSCH1.SchdAbsTm.val(47): 0.0
calling GetDataValues(ied1lDevice1/DSCH1.SchdAbsTm.val(48))
20:38:39.513 [openiec61850-osi-server-3-thread-1] DEBUG com.beanit.openiec61850.ServerAssociation - Got a GetDataValues request for node: ied1lDevice1/DSCH1.SchdAbsTm.val(48): 0.0
calling GetDataValues(ied1lDevice1/DSCH1.SchdAbsTm.val(49))
20:38:39.513 [openiec61850-osi-server-3-thread-1] DEBUG com.beanit.openiec61850.ServerAssociation - Got a GetDataValues request for node: ied1lDevice1/DSCH1.SchdAbsTm.val(49): 0.0
calling GetDataValues(ied1lDevice1/DSCH1.SchdAbsTm.val(50))
20:38:39.514 [openiec61850-osi-server-3-thread-1] DEBUG com.beanit.openiec61850.ServerAssociation - Got a GetDataValues request for node: ied1lDevice1/DSCH1.SchdAbsTm.val(50): 0.0
calling GetDataValues(ied1lDevice1/DSCH1.SchdAbsTm.val(51))
20:38:39.514 [openiec61850-osi-server-3-thread-1] DEBUG com.beanit.openiec61850.ServerAssociation - Got a GetDataValues request for node: ied1lDevice1/DSCH1.SchdAbsTm.val(51): 0.0
calling GetDataValues(ied1lDevice1/DSCH1.SchdAbsTm.val(52))
20:38:39.514 [openiec61850-osi-server-3-thread-1] DEBUG com.beanit.openiec61850.ServerAssociation - Got a GetDataValues request for node: ied1lDevice1/DSCH1.SchdAbsTm.val(52): 0.0
calling GetDataValues(ied1lDevice1/DSCH1.SchdAbsTm.val(53))
20:38:39.515 [openiec61850-osi-server-3-thread-1] DEBUG com.beanit.openiec61850.ServerAssociation - Got a GetDataValues request for node: ied1lDevice1/DSCH1.SchdAbsTm.val(53): 0.0
calling GetDataValues(ied1lDevice1/DSCH1.SchdAbsTm.val(54))
20:38:39.515 [openiec61850-osi-server-3-thread-1] DEBUG com.beanit.openiec61850.ServerAssociation - Got a GetDataValues request for node: ied1lDevice1/DSCH1.SchdAbsTm.val(54): 0.0
calling GetDataValues(ied1lDevice1/DSCH1.SchdAbsTm.val(55))
20:38:39.515 [openiec61850-osi-server-3-thread-1] DEBUG com.beanit.openiec61850.ServerAssociation - Got a GetDataValues request for node: ied1lDevice1/DSCH1.SchdAbsTm.val(55): 0.0
calling GetDataValues(ied1lDevice1/DSCH1.SchdAbsTm.val(56))
20:38:39.516 [openiec61850-osi-server-3-thread-1] DEBUG com.beanit.openiec61850.ServerAssociation - Got a GetDataValues request for node: ied1lDevice1/DSCH1.SchdAbsTm.val(56): 0.0
calling GetDataValues(ied1lDevice1/DSCH1.SchdAbsTm.val(57))
20:38:39.516 [openiec61850-osi-server-3-thread-1] DEBUG com.beanit.openiec61850.ServerAssociation - Got a GetDataValues request for node: ied1lDevice1/DSCH1.SchdAbsTm.val(57): 0.0
calling GetDataValues(ied1lDevice1/DSCH1.SchdAbsTm.val(58))
20:38:39.518 [openiec61850-osi-server-3-thread-1] DEBUG com.beanit.openiec61850.ServerAssociation - Got a GetDataValues request for node: ied1lDevice1/DSCH1.SchdAbsTm.val(58): 0.0
calling GetDataValues(ied1lDevice1/DSCH1.SchdAbsTm.val(59))
20:38:39.518 [openiec61850-osi-server-3-thread-1] DEBUG com.beanit.openiec61850.ServerAssociation - Got a GetDataValues request for node: ied1lDevice1/DSCH1.SchdAbsTm.val(59): 0.0
calling GetDataValues(ied1lDevice1/DSCH1.SchdAbsTm.val(60))
20:38:39.519 [openiec61850-osi-server-3-thread-1] DEBUG com.beanit.openiec61850.ServerAssociation - Got a GetDataValues request for node: ied1lDevice1/DSCH1.SchdAbsTm.val(60): 0.0
calling GetDataValues(ied1lDevice1/DSCH1.SchdAbsTm.val(61))
20:38:39.519 [openiec61850-osi-server-3-thread-1] DEBUG com.beanit.openiec61850.ServerAssociation - Got a GetDataValues request for node: ied1lDevice1/DSCH1.SchdAbsTm.val(61): 0.0
calling GetDataValues(ied1lDevice1/DSCH1.SchdAbsTm.val(62))
20:38:39.519 [openiec61850-osi-server-3-thread-1] DEBUG com.beanit.openiec61850.ServerAssociation - Got a GetDataValues request for node: ied1lDevice1/DSCH1.SchdAbsTm.val(62): 0.0
calling GetDataValues(ied1lDevice1/DSCH1.SchdAbsTm.val(63))
20:38:39.520 [openiec61850-osi-server-3-thread-1] DEBUG com.beanit.openiec61850.ServerAssociation - Got a GetDataValues request for node: ied1lDevice1/DSCH1.SchdAbsTm.val(63): 0.0
calling GetDataValues(ied1lDevice1/DSCH1.SchdAbsTm.val(64))
20:38:39.520 [openiec61850-osi-server-3-thread-1] DEBUG com.beanit.openiec61850.ServerAssociation - Got a GetDataValues request for node: ied1lDevice1/DSCH1.SchdAbsTm.val(64): 0.0
calling GetDataValues(ied1lDevice1/DSCH1.SchdAbsTm.val(65))
20:38:39.520 [openiec61850-osi-server-3-thread-1] DEBUG com.beanit.openiec61850.ServerAssociation - Got a GetDataValues request for node: ied1lDevice1/DSCH1.SchdAbsTm.val(65): 0.0
calling GetDataValues(ied1lDevice1/DSCH1.SchdAbsTm.val(66))
20:38:39.520 [openiec61850-osi-server-3-thread-1] DEBUG com.beanit.openiec61850.ServerAssociation - Got a GetDataValues request for node: ied1lDevice1/DSCH1.SchdAbsTm.val(66): 0.0
calling GetDataValues(ied1lDevice1/DSCH1.SchdAbsTm.val(67))
20:38:39.521 [openiec61850-osi-server-3-thread-1] DEBUG com.beanit.openiec61850.ServerAssociation - Got a GetDataValues request for node: ied1lDevice1/DSCH1.SchdAbsTm.val(67): 0.0
calling GetDataValues(ied1lDevice1/DSCH1.SchdAbsTm.val(68))
20:38:39.521 [openiec61850-osi-server-3-thread-1] DEBUG com.beanit.openiec61850.ServerAssociation - Got a GetDataValues request for node: ied1lDevice1/DSCH1.SchdAbsTm.val(68): 0.0
calling GetDataValues(ied1lDevice1/DSCH1.SchdAbsTm.val(69))
20:38:39.521 [openiec61850-osi-server-3-thread-1] DEBUG com.beanit.openiec61850.ServerAssociation - Got a GetDataValues request for node: ied1lDevice1/DSCH1.SchdAbsTm.val(69): 0.0
calling GetDataValues(ied1lDevice1/DSCH1.SchdAbsTm.val(70))
20:38:39.522 [openiec61850-osi-server-3-thread-1] DEBUG com.beanit.openiec61850.ServerAssociation - Got a GetDataValues request for node: ied1lDevice1/DSCH1.SchdAbsTm.val(70): 0.0
calling GetDataValues(ied1lDevice1/DSCH1.SchdAbsTm.val(71))
20:38:39.522 [openiec61850-osi-server-3-thread-1] DEBUG com.beanit.openiec61850.ServerAssociation - Got a GetDataValues request for node: ied1lDevice1/DSCH1.SchdAbsTm.val(71): 0.0
calling GetDataValues(ied1lDevice1/DSCH1.SchdAbsTm.val(72))
20:38:39.522 [openiec61850-osi-server-3-thread-1] DEBUG com.beanit.openiec61850.ServerAssociation - Got a GetDataValues request for node: ied1lDevice1/DSCH1.SchdAbsTm.val(72): 0.0
calling GetDataValues(ied1lDevice1/DSCH1.SchdAbsTm.val(73))
20:38:39.522 [openiec61850-osi-server-3-thread-1] DEBUG com.beanit.openiec61850.ServerAssociation - Got a GetDataValues request for node: ied1lDevice1/DSCH1.SchdAbsTm.val(73): 0.0
calling GetDataValues(ied1lDevice1/DSCH1.SchdAbsTm.val(74))
20:38:39.523 [openiec61850-osi-server-3-thread-1] DEBUG com.beanit.openiec61850.ServerAssociation - Got a GetDataValues request for node: ied1lDevice1/DSCH1.SchdAbsTm.val(74): 0.0
calling GetDataValues(ied1lDevice1/DSCH1.SchdAbsTm.val(75))
20:38:39.523 [openiec61850-osi-server-3-thread-1] DEBUG com.beanit.openiec61850.ServerAssociation - Got a GetDataValues request for node: ied1lDevice1/DSCH1.SchdAbsTm.val(75): 0.0
calling GetDataValues(ied1lDevice1/DSCH1.SchdAbsTm.val(76))
20:38:39.523 [openiec61850-osi-server-3-thread-1] DEBUG com.beanit.openiec61850.ServerAssociation - Got a GetDataValues request for node: ied1lDevice1/DSCH1.SchdAbsTm.val(76): 0.0
calling GetDataValues(ied1lDevice1/DSCH1.SchdAbsTm.val(77))
20:38:39.523 [openiec61850-osi-server-3-thread-1] DEBUG com.beanit.openiec61850.ServerAssociation - Got a GetDataValues request for node: ied1lDevice1/DSCH1.SchdAbsTm.val(77): 0.0
calling GetDataValues(ied1lDevice1/DSCH1.SchdAbsTm.val(78))
20:38:39.524 [openiec61850-osi-server-3-thread-1] DEBUG com.beanit.openiec61850.ServerAssociation - Got a GetDataValues request for node: ied1lDevice1/DSCH1.SchdAbsTm.val(78): 0.0
calling GetDataValues(ied1lDevice1/DSCH1.SchdAbsTm.val(79))
20:38:39.524 [openiec61850-osi-server-3-thread-1] DEBUG com.beanit.openiec61850.ServerAssociation - Got a GetDataValues request for node: ied1lDevice1/DSCH1.SchdAbsTm.val(79): 0.0
calling GetDataValues(ied1lDevice1/DSCH1.SchdAbsTm.val(80))
20:38:39.524 [openiec61850-osi-server-3-thread-1] DEBUG com.beanit.openiec61850.ServerAssociation - Got a GetDataValues request for node: ied1lDevice1/DSCH1.SchdAbsTm.val(80): 0.0
calling GetDataValues(ied1lDevice1/DSCH1.SchdAbsTm.val(81))
20:38:39.525 [openiec61850-osi-server-3-thread-1] DEBUG com.beanit.openiec61850.ServerAssociation - Got a GetDataValues request for node: ied1lDevice1/DSCH1.SchdAbsTm.val(81): 0.0
calling GetDataValues(ied1lDevice1/DSCH1.SchdAbsTm.val(82))
20:38:39.525 [openiec61850-osi-server-3-thread-1] DEBUG com.beanit.openiec61850.ServerAssociation - Got a GetDataValues request for node: ied1lDevice1/DSCH1.SchdAbsTm.val(82): 0.0
calling GetDataValues(ied1lDevice1/DSCH1.SchdAbsTm.val(83))
20:38:39.525 [openiec61850-osi-server-3-thread-1] DEBUG com.beanit.openiec61850.ServerAssociation - Got a GetDataValues request for node: ied1lDevice1/DSCH1.SchdAbsTm.val(83): 0.0
calling GetDataValues(ied1lDevice1/DSCH1.SchdAbsTm.val(84))
20:38:39.526 [openiec61850-osi-server-3-thread-1] DEBUG com.beanit.openiec61850.ServerAssociation - Got a GetDataValues request for node: ied1lDevice1/DSCH1.SchdAbsTm.val(84): 0.0
calling GetDataValues(ied1lDevice1/DSCH1.SchdAbsTm.val(85))
20:38:39.526 [openiec61850-osi-server-3-thread-1] DEBUG com.beanit.openiec61850.ServerAssociation - Got a GetDataValues request for node: ied1lDevice1/DSCH1.SchdAbsTm.val(85): 0.0
calling GetDataValues(ied1lDevice1/DSCH1.SchdAbsTm.val(86))
20:38:39.526 [openiec61850-osi-server-3-thread-1] DEBUG com.beanit.openiec61850.ServerAssociation - Got a GetDataValues request for node: ied1lDevice1/DSCH1.SchdAbsTm.val(86): 0.0
calling GetDataValues(ied1lDevice1/DSCH1.SchdAbsTm.val(87))
20:38:39.527 [openiec61850-osi-server-3-thread-1] DEBUG com.beanit.openiec61850.ServerAssociation - Got a GetDataValues request for node: ied1lDevice1/DSCH1.SchdAbsTm.val(87): 0.0
calling GetDataValues(ied1lDevice1/DSCH1.SchdAbsTm.val(88))
20:38:39.527 [openiec61850-osi-server-3-thread-1] DEBUG com.beanit.openiec61850.ServerAssociation - Got a GetDataValues request for node: ied1lDevice1/DSCH1.SchdAbsTm.val(88): 0.0
calling GetDataValues(ied1lDevice1/DSCH1.SchdAbsTm.val(89))
20:38:39.527 [openiec61850-osi-server-3-thread-1] DEBUG com.beanit.openiec61850.ServerAssociation - Got a GetDataValues request for node: ied1lDevice1/DSCH1.SchdAbsTm.val(89): 0.0
calling GetDataValues(ied1lDevice1/DSCH1.SchdAbsTm.val(90))
20:38:39.527 [openiec61850-osi-server-3-thread-1] DEBUG com.beanit.openiec61850.ServerAssociation - Got a GetDataValues request for node: ied1lDevice1/DSCH1.SchdAbsTm.val(90): 0.0
calling GetDataValues(ied1lDevice1/DSCH1.SchdAbsTm.val(91))
20:38:39.528 [openiec61850-osi-server-3-thread-1] DEBUG com.beanit.openiec61850.ServerAssociation - Got a GetDataValues request for node: ied1lDevice1/DSCH1.SchdAbsTm.val(91): 0.0
calling GetDataValues(ied1lDevice1/DSCH1.SchdAbsTm.val(92))
20:38:39.528 [openiec61850-osi-server-3-thread-1] DEBUG com.beanit.openiec61850.ServerAssociation - Got a GetDataValues request for node: ied1lDevice1/DSCH1.SchdAbsTm.val(92): 0.0
calling GetDataValues(ied1lDevice1/DSCH1.SchdAbsTm.val(93))
20:38:39.528 [openiec61850-osi-server-3-thread-1] DEBUG com.beanit.openiec61850.ServerAssociation - Got a GetDataValues request for node: ied1lDevice1/DSCH1.SchdAbsTm.val(93): 0.0
calling GetDataValues(ied1lDevice1/DSCH1.SchdAbsTm.val(94))
20:38:39.528 [openiec61850-osi-server-3-thread-1] DEBUG com.beanit.openiec61850.ServerAssociation - Got a GetDataValues request for node: ied1lDevice1/DSCH1.SchdAbsTm.val(94): 0.0
calling GetDataValues(ied1lDevice1/DSCH1.SchdAbsTm.val(95))
20:38:39.529 [openiec61850-osi-server-3-thread-1] DEBUG com.beanit.openiec61850.ServerAssociation - Got a GetDataValues request for node: ied1lDevice1/DSCH1.SchdAbsTm.val(95): 0.0
calling GetDataValues(ied1lDevice1/DSCH1.SchdAbsTm.val(96))
20:38:39.529 [openiec61850-osi-server-3-thread-1] DEBUG com.beanit.openiec61850.ServerAssociation - Got a GetDataValues request for node: ied1lDevice1/DSCH1.SchdAbsTm.val(96): 0.0
calling GetDataValues(ied1lDevice1/DSCH1.SchdAbsTm.val(97))
20:38:39.529 [openiec61850-osi-server-3-thread-1] DEBUG com.beanit.openiec61850.ServerAssociation - Got a GetDataValues request for node: ied1lDevice1/DSCH1.SchdAbsTm.val(97): 0.0
calling GetDataValues(ied1lDevice1/DSCH1.SchdAbsTm.val(98))
20:38:39.530 [openiec61850-osi-server-3-thread-1] DEBUG com.beanit.openiec61850.ServerAssociation - Got a GetDataValues request for node: ied1lDevice1/DSCH1.SchdAbsTm.val(98): 0.0
calling GetDataValues(ied1lDevice1/DSCH1.SchdAbsTm.val(99))
20:38:39.530 [openiec61850-osi-server-3-thread-1] DEBUG com.beanit.openiec61850.ServerAssociation - Got a GetDataValues request for node: ied1lDevice1/DSCH1.SchdAbsTm.val(99): 0.0
calling GetDataValues(ied1lDevice1/DSCH1.SchdAbsTm.val(100))
20:38:39.530 [openiec61850-osi-server-3-thread-1] DEBUG com.beanit.openiec61850.ServerAssociation - Got a GetDataValues request for node: ied1lDevice1/DSCH1.SchdAbsTm.val(100): 0.0
calling GetDataValues(ied1lDevice1/DSCH1.SchdAbsTm.val(101))
20:38:39.530 [openiec61850-osi-server-3-thread-1] DEBUG com.beanit.openiec61850.ServerAssociation - Got a GetDataValues request for node: ied1lDevice1/DSCH1.SchdAbsTm.val(101): 0.0
calling GetDataValues(ied1lDevice1/DSCH1.SchdAbsTm.val(102))
20:38:39.531 [openiec61850-osi-server-3-thread-1] DEBUG com.beanit.openiec61850.ServerAssociation - Got a GetDataValues request for node: ied1lDevice1/DSCH1.SchdAbsTm.val(102): 0.0
calling GetDataValues(ied1lDevice1/DSCH1.SchdAbsTm.val(103))
20:38:39.531 [openiec61850-osi-server-3-thread-1] DEBUG com.beanit.openiec61850.ServerAssociation - Got a GetDataValues request for node: ied1lDevice1/DSCH1.SchdAbsTm.val(103): 0.0
calling GetDataValues(ied1lDevice1/DSCH1.SchdAbsTm.val(104))
20:38:39.531 [openiec61850-osi-server-3-thread-1] DEBUG com.beanit.openiec61850.ServerAssociation - Got a GetDataValues request for node: ied1lDevice1/DSCH1.SchdAbsTm.val(104): 0.0
calling GetDataValues(ied1lDevice1/DSCH1.SchdAbsTm.val(105))
20:38:39.531 [openiec61850-osi-server-3-thread-1] DEBUG com.beanit.openiec61850.ServerAssociation - Got a GetDataValues request for node: ied1lDevice1/DSCH1.SchdAbsTm.val(105): 0.0
calling GetDataValues(ied1lDevice1/DSCH1.SchdAbsTm.val(106))
20:38:39.532 [openiec61850-osi-server-3-thread-1] DEBUG com.beanit.openiec61850.ServerAssociation - Got a GetDataValues request for node: ied1lDevice1/DSCH1.SchdAbsTm.val(106): 0.0
calling GetDataValues(ied1lDevice1/DSCH1.SchdAbsTm.val(107))
20:38:39.532 [openiec61850-osi-server-3-thread-1] DEBUG com.beanit.openiec61850.ServerAssociation - Got a GetDataValues request for node: ied1lDevice1/DSCH1.SchdAbsTm.val(107): 0.0
calling GetDataValues(ied1lDevice1/DSCH1.SchdAbsTm.val(108))
20:38:39.532 [openiec61850-osi-server-3-thread-1] DEBUG com.beanit.openiec61850.ServerAssociation - Got a GetDataValues request for node: ied1lDevice1/DSCH1.SchdAbsTm.val(108): 0.0
calling GetDataValues(ied1lDevice1/DSCH1.SchdAbsTm.val(109))
20:38:39.532 [openiec61850-osi-server-3-thread-1] DEBUG com.beanit.openiec61850.ServerAssociation - Got a GetDataValues request for node: ied1lDevice1/DSCH1.SchdAbsTm.val(109): 0.0
calling GetDataValues(ied1lDevice1/DSCH1.SchdAbsTm.val(110))
20:38:39.533 [openiec61850-osi-server-3-thread-1] DEBUG com.beanit.openiec61850.ServerAssociation - Got a GetDataValues request for node: ied1lDevice1/DSCH1.SchdAbsTm.val(110): 0.0
calling GetDataValues(ied1lDevice1/DSCH1.SchdAbsTm.val(111))
20:38:39.533 [openiec61850-osi-server-3-thread-1] DEBUG com.beanit.openiec61850.ServerAssociation - Got a GetDataValues request for node: ied1lDevice1/DSCH1.SchdAbsTm.val(111): 0.0
calling GetDataValues(ied1lDevice1/DSCH1.SchdAbsTm.val(112))
20:38:39.533 [openiec61850-osi-server-3-thread-1] DEBUG com.beanit.openiec61850.ServerAssociation - Got a GetDataValues request for node: ied1lDevice1/DSCH1.SchdAbsTm.val(112): 0.0
calling GetDataValues(ied1lDevice1/DSCH1.SchdAbsTm.val(113))
20:38:39.534 [openiec61850-osi-server-3-thread-1] DEBUG com.beanit.openiec61850.ServerAssociation - Got a GetDataValues request for node: ied1lDevice1/DSCH1.SchdAbsTm.val(113): 0.0
calling GetDataValues(ied1lDevice1/DSCH1.SchdAbsTm.val(114))
20:38:39.534 [openiec61850-osi-server-3-thread-1] DEBUG com.beanit.openiec61850.ServerAssociation - Got a GetDataValues request for node: ied1lDevice1/DSCH1.SchdAbsTm.val(114): 0.0
calling GetDataValues(ied1lDevice1/DSCH1.SchdAbsTm.val(115))
20:38:39.534 [openiec61850-osi-server-3-thread-1] DEBUG com.beanit.openiec61850.ServerAssociation - Got a GetDataValues request for node: ied1lDevice1/DSCH1.SchdAbsTm.val(115): 0.0
calling GetDataValues(ied1lDevice1/DSCH1.SchdAbsTm.val(116))
20:38:39.535 [openiec61850-osi-server-3-thread-1] DEBUG com.beanit.openiec61850.ServerAssociation - Got a GetDataValues request for node: ied1lDevice1/DSCH1.SchdAbsTm.val(116): 0.0
calling GetDataValues(ied1lDevice1/DSCH1.SchdAbsTm.val(117))
20:38:39.535 [openiec61850-osi-server-3-thread-1] DEBUG com.beanit.openiec61850.ServerAssociation - Got a GetDataValues request for node: ied1lDevice1/DSCH1.SchdAbsTm.val(117): 0.0
calling GetDataValues(ied1lDevice1/DSCH1.SchdAbsTm.val(118))
20:38:39.535 [openiec61850-osi-server-3-thread-1] DEBUG com.beanit.openiec61850.ServerAssociation - Got a GetDataValues request for node: ied1lDevice1/DSCH1.SchdAbsTm.val(118): 0.0
calling GetDataValues(ied1lDevice1/DSCH1.SchdAbsTm.val(119))
20:38:39.535 [openiec61850-osi-server-3-thread-1] DEBUG com.beanit.openiec61850.ServerAssociation - Got a GetDataValues request for node: ied1lDevice1/DSCH1.SchdAbsTm.val(119): 0.0
calling GetDataValues(ied1lDevice1/DSCH1.SchdAbsTm.val(120))
20:38:39.535 [openiec61850-osi-server-3-thread-1] DEBUG com.beanit.openiec61850.ServerAssociation - Got a GetDataValues request for node: ied1lDevice1/DSCH1.SchdAbsTm.val(120): 0.0
calling GetDataValues(ied1lDevice1/DSCH1.SchdAbsTm.val(121))
20:38:39.536 [openiec61850-osi-server-3-thread-1] DEBUG com.beanit.openiec61850.ServerAssociation - Got a GetDataValues request for node: ied1lDevice1/DSCH1.SchdAbsTm.val(121): 0.0
calling GetDataValues(ied1lDevice1/DSCH1.SchdAbsTm.val(122))
20:38:39.536 [openiec61850-osi-server-3-thread-1] DEBUG com.beanit.openiec61850.ServerAssociation - Got a GetDataValues request for node: ied1lDevice1/DSCH1.SchdAbsTm.val(122): 0.0
calling GetDataValues(ied1lDevice1/DSCH1.SchdAbsTm.val(123))
20:38:39.536 [openiec61850-osi-server-3-thread-1] DEBUG com.beanit.openiec61850.ServerAssociation - Got a GetDataValues request for node: ied1lDevice1/DSCH1.SchdAbsTm.val(123): 0.0
calling GetDataValues(ied1lDevice1/DSCH1.SchdAbsTm.val(124))
20:38:39.537 [openiec61850-osi-server-3-thread-1] DEBUG com.beanit.openiec61850.ServerAssociation - Got a GetDataValues request for node: ied1lDevice1/DSCH1.SchdAbsTm.val(124): 0.0
calling GetDataValues(ied1lDevice1/DSCH1.SchdAbsTm.val(125))
20:38:39.537 [openiec61850-osi-server-3-thread-1] DEBUG com.beanit.openiec61850.ServerAssociation - Got a GetDataValues request for node: ied1lDevice1/DSCH1.SchdAbsTm.val(125): 0.0
calling GetDataValues(ied1lDevice1/DSCH1.SchdAbsTm.val(126))
20:38:39.537 [openiec61850-osi-server-3-thread-1] DEBUG com.beanit.openiec61850.ServerAssociation - Got a GetDataValues request for node: ied1lDevice1/DSCH1.SchdAbsTm.val(126): 0.0
calling GetDataValues(ied1lDevice1/DSCH1.SchdAbsTm.val(127))
20:38:39.537 [openiec61850-osi-server-3-thread-1] DEBUG com.beanit.openiec61850.ServerAssociation - Got a GetDataValues request for node: ied1lDevice1/DSCH1.SchdAbsTm.val(127): 0.0
calling GetDataValues(ied1lDevice1/DSCH1.SchdAbsTm.val(128))
20:38:39.537 [openiec61850-osi-server-3-thread-1] DEBUG com.beanit.openiec61850.ServerAssociation - Got a GetDataValues request for node: ied1lDevice1/DSCH1.SchdAbsTm.val(128): 0.0
calling GetDataValues(ied1lDevice1/DSCH1.SchdAbsTm.val(129))
20:38:39.538 [openiec61850-osi-server-3-thread-1] DEBUG com.beanit.openiec61850.ServerAssociation - Got a GetDataValues request for node: ied1lDevice1/DSCH1.SchdAbsTm.val(129): 0.0
calling GetDataValues(ied1lDevice1/DSCH1.SchdAbsTm.val(130))
20:38:39.538 [openiec61850-osi-server-3-thread-1] DEBUG com.beanit.openiec61850.ServerAssociation - Got a GetDataValues request for node: ied1lDevice1/DSCH1.SchdAbsTm.val(130): 0.0
calling GetDataValues(ied1lDevice1/DSCH1.SchdAbsTm.val(131))
20:38:39.538 [openiec61850-osi-server-3-thread-1] DEBUG com.beanit.openiec61850.ServerAssociation - Got a GetDataValues request for node: ied1lDevice1/DSCH1.SchdAbsTm.val(131): 0.0
calling GetDataValues(ied1lDevice1/DSCH1.SchdAbsTm.val(132))
20:38:39.538 [openiec61850-osi-server-3-thread-1] DEBUG com.beanit.openiec61850.ServerAssociation - Got a GetDataValues request for node: ied1lDevice1/DSCH1.SchdAbsTm.val(132): 0.0
calling GetDataValues(ied1lDevice1/DSCH1.SchdAbsTm.val(133))
20:38:39.539 [openiec61850-osi-server-3-thread-1] DEBUG com.beanit.openiec61850.ServerAssociation - Got a GetDataValues request for node: ied1lDevice1/DSCH1.SchdAbsTm.val(133): 0.0
calling GetDataValues(ied1lDevice1/DSCH1.SchdAbsTm.val(134))
20:38:39.539 [openiec61850-osi-server-3-thread-1] DEBUG com.beanit.openiec61850.ServerAssociation - Got a GetDataValues request for node: ied1lDevice1/DSCH1.SchdAbsTm.val(134): 0.0
calling GetDataValues(ied1lDevice1/DSCH1.SchdAbsTm.val(135))
20:38:39.539 [openiec61850-osi-server-3-thread-1] DEBUG com.beanit.openiec61850.ServerAssociation - Got a GetDataValues request for node: ied1lDevice1/DSCH1.SchdAbsTm.val(135): 0.0
calling GetDataValues(ied1lDevice1/DSCH1.SchdAbsTm.val(136))
20:38:39.539 [openiec61850-osi-server-3-thread-1] DEBUG com.beanit.openiec61850.ServerAssociation - Got a GetDataValues request for node: ied1lDevice1/DSCH1.SchdAbsTm.val(136): 0.0
calling GetDataValues(ied1lDevice1/DSCH1.SchdAbsTm.val(137))
20:38:39.539 [openiec61850-osi-server-3-thread-1] DEBUG com.beanit.openiec61850.ServerAssociation - Got a GetDataValues request for node: ied1lDevice1/DSCH1.SchdAbsTm.val(137): 0.0
calling GetDataValues(ied1lDevice1/DSCH1.SchdAbsTm.val(138))
20:38:39.540 [openiec61850-osi-server-3-thread-1] DEBUG com.beanit.openiec61850.ServerAssociation - Got a GetDataValues request for node: ied1lDevice1/DSCH1.SchdAbsTm.val(138): 0.0
calling GetDataValues(ied1lDevice1/DSCH1.SchdAbsTm.val(139))
20:38:39.540 [openiec61850-osi-server-3-thread-1] DEBUG com.beanit.openiec61850.ServerAssociation - Got a GetDataValues request for node: ied1lDevice1/DSCH1.SchdAbsTm.val(139): 0.0
calling GetDataValues(ied1lDevice1/DSCH1.SchdAbsTm.val(140))
20:38:39.540 [openiec61850-osi-server-3-thread-1] DEBUG com.beanit.openiec61850.ServerAssociation - Got a GetDataValues request for node: ied1lDevice1/DSCH1.SchdAbsTm.val(140): 0.0
calling GetDataValues(ied1lDevice1/DSCH1.SchdAbsTm.val(141))
20:38:39.540 [openiec61850-osi-server-3-thread-1] DEBUG com.beanit.openiec61850.ServerAssociation - Got a GetDataValues request for node: ied1lDevice1/DSCH1.SchdAbsTm.val(141): 0.0
calling GetDataValues(ied1lDevice1/DSCH1.SchdAbsTm.val(142))
20:38:39.541 [openiec61850-osi-server-3-thread-1] DEBUG com.beanit.openiec61850.ServerAssociation - Got a GetDataValues request for node: ied1lDevice1/DSCH1.SchdAbsTm.val(142): 0.0
calling GetDataValues(ied1lDevice1/DSCH1.SchdAbsTm.val(143))
20:38:39.541 [openiec61850-osi-server-3-thread-1] DEBUG com.beanit.openiec61850.ServerAssociation - Got a GetDataValues request for node: ied1lDevice1/DSCH1.SchdAbsTm.val(143): 0.0
calling GetDataValues(ied1lDevice1/DSCH1.SchdAbsTm.val(144))
20:38:39.541 [openiec61850-osi-server-3-thread-1] DEBUG com.beanit.openiec61850.ServerAssociation - Got a GetDataValues request for node: ied1lDevice1/DSCH1.SchdAbsTm.val(144): 0.0
calling GetDataValues(ied1lDevice1/DSCH1.SchdAbsTm.val(145))
20:38:39.541 [openiec61850-osi-server-3-thread-1] DEBUG com.beanit.openiec61850.ServerAssociation - Got a GetDataValues request for node: ied1lDevice1/DSCH1.SchdAbsTm.val(145): 0.0
calling GetDataValues(ied1lDevice1/DSCH1.SchdAbsTm.val(146))
20:38:39.542 [openiec61850-osi-server-3-thread-1] DEBUG com.beanit.openiec61850.ServerAssociation - Got a GetDataValues request for node: ied1lDevice1/DSCH1.SchdAbsTm.val(146): 0.0
calling GetDataValues(ied1lDevice1/DSCH1.SchdAbsTm.val(147))
20:38:39.542 [openiec61850-osi-server-3-thread-1] DEBUG com.beanit.openiec61850.ServerAssociation - Got a GetDataValues request for node: ied1lDevice1/DSCH1.SchdAbsTm.val(147): 0.0
calling GetDataValues(ied1lDevice1/DSCH1.SchdAbsTm.val(148))
20:38:39.542 [openiec61850-osi-server-3-thread-1] DEBUG com.beanit.openiec61850.ServerAssociation - Got a GetDataValues request for node: ied1lDevice1/DSCH1.SchdAbsTm.val(148): 0.0
calling GetDataValues(ied1lDevice1/DSCH1.SchdAbsTm.val(149))
20:38:39.542 [openiec61850-osi-server-3-thread-1] DEBUG com.beanit.openiec61850.ServerAssociation - Got a GetDataValues request for node: ied1lDevice1/DSCH1.SchdAbsTm.val(149): 0.0
calling GetDataValues(ied1lDevice1/DSCH1.SchdAbsTm.val(150))
20:38:39.543 [openiec61850-osi-server-3-thread-1] DEBUG com.beanit.openiec61850.ServerAssociation - Got a GetDataValues request for node: ied1lDevice1/DSCH1.SchdAbsTm.val(150): 0.0
calling GetDataValues(ied1lDevice1/DSCH1.SchdAbsTm.val(151))
20:38:39.543 [openiec61850-osi-server-3-thread-1] DEBUG com.beanit.openiec61850.ServerAssociation - Got a GetDataValues request for node: ied1lDevice1/DSCH1.SchdAbsTm.val(151): 0.0
calling GetDataValues(ied1lDevice1/DSCH1.SchdAbsTm.val(152))
20:38:39.543 [openiec61850-osi-server-3-thread-1] DEBUG com.beanit.openiec61850.ServerAssociation - Got a GetDataValues request for node: ied1lDevice1/DSCH1.SchdAbsTm.val(152): 0.0
calling GetDataValues(ied1lDevice1/DSCH1.SchdAbsTm.val(153))
20:38:39.543 [openiec61850-osi-server-3-thread-1] DEBUG com.beanit.openiec61850.ServerAssociation - Got a GetDataValues request for node: ied1lDevice1/DSCH1.SchdAbsTm.val(153): 0.0
calling GetDataValues(ied1lDevice1/DSCH1.SchdAbsTm.val(154))
20:38:39.544 [openiec61850-osi-server-3-thread-1] DEBUG com.beanit.openiec61850.ServerAssociation - Got a GetDataValues request for node: ied1lDevice1/DSCH1.SchdAbsTm.val(154): 0.0
calling GetDataValues(ied1lDevice1/DSCH1.SchdAbsTm.val(155))
20:38:39.544 [openiec61850-osi-server-3-thread-1] DEBUG com.beanit.openiec61850.ServerAssociation - Got a GetDataValues request for node: ied1lDevice1/DSCH1.SchdAbsTm.val(155): 0.0
calling GetDataValues(ied1lDevice1/DSCH1.SchdAbsTm.val(156))
20:38:39.544 [openiec61850-osi-server-3-thread-1] DEBUG com.beanit.openiec61850.ServerAssociation - Got a GetDataValues request for node: ied1lDevice1/DSCH1.SchdAbsTm.val(156): 0.0
calling GetDataValues(ied1lDevice1/DSCH1.SchdAbsTm.val(157))
20:38:39.544 [openiec61850-osi-server-3-thread-1] DEBUG com.beanit.openiec61850.ServerAssociation - Got a GetDataValues request for node: ied1lDevice1/DSCH1.SchdAbsTm.val(157): 0.0
calling GetDataValues(ied1lDevice1/DSCH1.SchdAbsTm.val(158))
20:38:39.545 [openiec61850-osi-server-3-thread-1] DEBUG com.beanit.openiec61850.ServerAssociation - Got a GetDataValues request for node: ied1lDevice1/DSCH1.SchdAbsTm.val(158): 0.0
calling GetDataValues(ied1lDevice1/DSCH1.SchdAbsTm.val(159))
20:38:39.545 [openiec61850-osi-server-3-thread-1] DEBUG com.beanit.openiec61850.ServerAssociation - Got a GetDataValues request for node: ied1lDevice1/DSCH1.SchdAbsTm.val(159): 0.0
calling GetDataValues(ied1lDevice1/DSCH1.SchdAbsTm.val(160))
20:38:39.545 [openiec61850-osi-server-3-thread-1] DEBUG com.beanit.openiec61850.ServerAssociation - Got a GetDataValues request for node: ied1lDevice1/DSCH1.SchdAbsTm.val(160): 0.0
calling GetDataValues(ied1lDevice1/DSCH1.SchdAbsTm.val(161))
20:38:39.545 [openiec61850-osi-server-3-thread-1] DEBUG com.beanit.openiec61850.ServerAssociation - Got a GetDataValues request for node: ied1lDevice1/DSCH1.SchdAbsTm.val(161): 0.0
calling GetDataValues(ied1lDevice1/DSCH1.SchdAbsTm.val(162))
20:38:39.546 [openiec61850-osi-server-3-thread-1] DEBUG com.beanit.openiec61850.ServerAssociation - Got a GetDataValues request for node: ied1lDevice1/DSCH1.SchdAbsTm.val(162): 0.0
calling GetDataValues(ied1lDevice1/DSCH1.SchdAbsTm.val(163))
20:38:39.546 [openiec61850-osi-server-3-thread-1] DEBUG com.beanit.openiec61850.ServerAssociation - Got a GetDataValues request for node: ied1lDevice1/DSCH1.SchdAbsTm.val(163): 0.0
calling GetDataValues(ied1lDevice1/DSCH1.SchdAbsTm.val(164))
20:38:39.546 [openiec61850-osi-server-3-thread-1] DEBUG com.beanit.openiec61850.ServerAssociation - Got a GetDataValues request for node: ied1lDevice1/DSCH1.SchdAbsTm.val(164): 0.0
calling GetDataValues(ied1lDevice1/DSCH1.SchdAbsTm.val(165))
20:38:39.546 [openiec61850-osi-server-3-thread-1] DEBUG com.beanit.openiec61850.ServerAssociation - Got a GetDataValues request for node: ied1lDevice1/DSCH1.SchdAbsTm.val(165): 0.0
calling GetDataValues(ied1lDevice1/DSCH1.SchdAbsTm.val(166))
20:38:39.547 [openiec61850-osi-server-3-thread-1] DEBUG com.beanit.openiec61850.ServerAssociation - Got a GetDataValues request for node: ied1lDevice1/DSCH1.SchdAbsTm.val(166): 0.0
calling GetDataValues(ied1lDevice1/DSCH1.SchdAbsTm.val(167))
20:38:39.547 [openiec61850-osi-server-3-thread-1] DEBUG com.beanit.openiec61850.ServerAssociation - Got a GetDataValues request for node: ied1lDevice1/DSCH1.SchdAbsTm.val(167): 0.0
calling GetDataValues(ied1lDevice1/DSCH1.SchdAbsTm.val(168))
20:38:39.547 [openiec61850-osi-server-3-thread-1] DEBUG com.beanit.openiec61850.ServerAssociation - Got a GetDataValues request for node: ied1lDevice1/DSCH1.SchdAbsTm.val(168): 0.0
calling GetDataValues(ied1lDevice1/DSCH1.SchdAbsTm.val(169))
20:38:39.547 [openiec61850-osi-server-3-thread-1] DEBUG com.beanit.openiec61850.ServerAssociation - Got a GetDataValues request for node: ied1lDevice1/DSCH1.SchdAbsTm.val(169): 0.0
calling GetDataValues(ied1lDevice1/DSCH1.SchdAbsTm.val(170))
20:38:39.548 [openiec61850-osi-server-3-thread-1] DEBUG com.beanit.openiec61850.ServerAssociation - Got a GetDataValues request for node: ied1lDevice1/DSCH1.SchdAbsTm.val(170): 0.0
calling GetDataValues(ied1lDevice1/DSCH1.SchdAbsTm.val(171))
20:38:39.548 [openiec61850-osi-server-3-thread-1] DEBUG com.beanit.openiec61850.ServerAssociation - Got a GetDataValues request for node: ied1lDevice1/DSCH1.SchdAbsTm.val(171): 0.0
calling GetDataValues(ied1lDevice1/DSCH1.SchdAbsTm.val(172))
20:38:39.549 [openiec61850-osi-server-3-thread-1] DEBUG com.beanit.openiec61850.ServerAssociation - Got a GetDataValues request for node: ied1lDevice1/DSCH1.SchdAbsTm.val(172): 0.0
calling GetDataValues(ied1lDevice1/DSCH1.SchdAbsTm.val(173))
20:38:39.549 [openiec61850-osi-server-3-thread-1] DEBUG com.beanit.openiec61850.ServerAssociation - Got a GetDataValues request for node: ied1lDevice1/DSCH1.SchdAbsTm.val(173): 0.0
calling GetDataValues(ied1lDevice1/DSCH1.SchdAbsTm.val(174))
20:38:39.549 [openiec61850-osi-server-3-thread-1] DEBUG com.beanit.openiec61850.ServerAssociation - Got a GetDataValues request for node: ied1lDevice1/DSCH1.SchdAbsTm.val(174): 0.0
calling GetDataValues(ied1lDevice1/DSCH1.SchdAbsTm.val(175))
20:38:39.550 [openiec61850-osi-server-3-thread-1] DEBUG com.beanit.openiec61850.ServerAssociation - Got a GetDataValues request for node: ied1lDevice1/DSCH1.SchdAbsTm.val(175): 0.0
calling GetDataValues(ied1lDevice1/DSCH1.SchdAbsTm.val(176))
20:38:39.550 [openiec61850-osi-server-3-thread-1] DEBUG com.beanit.openiec61850.ServerAssociation - Got a GetDataValues request for node: ied1lDevice1/DSCH1.SchdAbsTm.val(176): 0.0
calling GetDataValues(ied1lDevice1/DSCH1.SchdAbsTm.val(177))
20:38:39.550 [openiec61850-osi-server-3-thread-1] DEBUG com.beanit.openiec61850.ServerAssociation - Got a GetDataValues request for node: ied1lDevice1/DSCH1.SchdAbsTm.val(177): 0.0
calling GetDataValues(ied1lDevice1/DSCH1.SchdAbsTm.val(178))
20:38:39.550 [openiec61850-osi-server-3-thread-1] DEBUG com.beanit.openiec61850.ServerAssociation - Got a GetDataValues request for node: ied1lDevice1/DSCH1.SchdAbsTm.val(178): 0.0
calling GetDataValues(ied1lDevice1/DSCH1.SchdAbsTm.val(179))
20:38:39.551 [openiec61850-osi-server-3-thread-1] DEBUG com.beanit.openiec61850.ServerAssociation - Got a GetDataValues request for node: ied1lDevice1/DSCH1.SchdAbsTm.val(179): 0.0
calling GetDataValues(ied1lDevice1/DSCH1.SchdAbsTm.val(180))
20:38:39.551 [openiec61850-osi-server-3-thread-1] DEBUG com.beanit.openiec61850.ServerAssociation - Got a GetDataValues request for node: ied1lDevice1/DSCH1.SchdAbsTm.val(180): 0.0
calling GetDataValues(ied1lDevice1/DSCH1.SchdAbsTm.val(181))
20:38:39.551 [openiec61850-osi-server-3-thread-1] DEBUG com.beanit.openiec61850.ServerAssociation - Got a GetDataValues request for node: ied1lDevice1/DSCH1.SchdAbsTm.val(181): 0.0
calling GetDataValues(ied1lDevice1/DSCH1.SchdAbsTm.val(182))
20:38:39.551 [openiec61850-osi-server-3-thread-1] DEBUG com.beanit.openiec61850.ServerAssociation - Got a GetDataValues request for node: ied1lDevice1/DSCH1.SchdAbsTm.val(182): 0.0
calling GetDataValues(ied1lDevice1/DSCH1.SchdAbsTm.val(183))
20:38:39.551 [openiec61850-osi-server-3-thread-1] DEBUG com.beanit.openiec61850.ServerAssociation - Got a GetDataValues request for node: ied1lDevice1/DSCH1.SchdAbsTm.val(183): 0.0
calling GetDataValues(ied1lDevice1/DSCH1.SchdAbsTm.val(184))
20:38:39.552 [openiec61850-osi-server-3-thread-1] DEBUG com.beanit.openiec61850.ServerAssociation - Got a GetDataValues request for node: ied1lDevice1/DSCH1.SchdAbsTm.val(184): 0.0
calling GetDataValues(ied1lDevice1/DSCH1.SchdAbsTm.val(185))
20:38:39.552 [openiec61850-osi-server-3-thread-1] DEBUG com.beanit.openiec61850.ServerAssociation - Got a GetDataValues request for node: ied1lDevice1/DSCH1.SchdAbsTm.val(185): 0.0
calling GetDataValues(ied1lDevice1/DSCH1.SchdAbsTm.val(186))
20:38:39.552 [openiec61850-osi-server-3-thread-1] DEBUG com.beanit.openiec61850.ServerAssociation - Got a GetDataValues request for node: ied1lDevice1/DSCH1.SchdAbsTm.val(186): 0.0
calling GetDataValues(ied1lDevice1/DSCH1.SchdAbsTm.val(187))
20:38:39.552 [openiec61850-osi-server-3-thread-1] DEBUG com.beanit.openiec61850.ServerAssociation - Got a GetDataValues request for node: ied1lDevice1/DSCH1.SchdAbsTm.val(187): 0.0
calling GetDataValues(ied1lDevice1/DSCH1.SchdAbsTm.val(188))
20:38:39.553 [openiec61850-osi-server-3-thread-1] DEBUG com.beanit.openiec61850.ServerAssociation - Got a GetDataValues request for node: ied1lDevice1/DSCH1.SchdAbsTm.val(188): 0.0
calling GetDataValues(ied1lDevice1/DSCH1.SchdAbsTm.val(189))
20:38:39.553 [openiec61850-osi-server-3-thread-1] DEBUG com.beanit.openiec61850.ServerAssociation - Got a GetDataValues request for node: ied1lDevice1/DSCH1.SchdAbsTm.val(189): 0.0
calling GetDataValues(ied1lDevice1/DSCH1.SchdAbsTm.val(190))
20:38:39.553 [openiec61850-osi-server-3-thread-1] DEBUG com.beanit.openiec61850.ServerAssociation - Got a GetDataValues request for node: ied1lDevice1/DSCH1.SchdAbsTm.val(190): 0.0
calling GetDataValues(ied1lDevice1/DSCH1.SchdAbsTm.val(191))
20:38:39.553 [openiec61850-osi-server-3-thread-1] DEBUG com.beanit.openiec61850.ServerAssociation - Got a GetDataValues request for node: ied1lDevice1/DSCH1.SchdAbsTm.val(191): 0.0
calling GetDataValues(ied1lDevice1/DSCH1.SchdAbsTm.val(192))
20:38:39.554 [openiec61850-osi-server-3-thread-1] DEBUG com.beanit.openiec61850.ServerAssociation - Got a GetDataValues request for node: ied1lDevice1/DSCH1.SchdAbsTm.val(192): 0.0
calling GetDataValues(ied1lDevice1/DSCH1.SchdAbsTm.val(193))
20:38:39.554 [openiec61850-osi-server-3-thread-1] DEBUG com.beanit.openiec61850.ServerAssociation - Got a GetDataValues request for node: ied1lDevice1/DSCH1.SchdAbsTm.val(193): 0.0
calling GetDataValues(ied1lDevice1/DSCH1.SchdAbsTm.val(194))
20:38:39.554 [openiec61850-osi-server-3-thread-1] DEBUG com.beanit.openiec61850.ServerAssociation - Got a GetDataValues request for node: ied1lDevice1/DSCH1.SchdAbsTm.val(194): 0.0
calling GetDataValues(ied1lDevice1/DSCH1.SchdAbsTm.val(195))
20:38:39.554 [openiec61850-osi-server-3-thread-1] DEBUG com.beanit.openiec61850.ServerAssociation - Got a GetDataValues request for node: ied1lDevice1/DSCH1.SchdAbsTm.val(195): 0.0
calling GetDataValues(ied1lDevice1/DSCH1.SchdAbsTm.val(196))
20:38:39.555 [openiec61850-osi-server-3-thread-1] DEBUG com.beanit.openiec61850.ServerAssociation - Got a GetDataValues request for node: ied1lDevice1/DSCH1.SchdAbsTm.val(196): 0.0
calling GetDataValues(ied1lDevice1/DSCH1.SchdAbsTm.val(197))
20:38:39.555 [openiec61850-osi-server-3-thread-1] DEBUG com.beanit.openiec61850.ServerAssociation - Got a GetDataValues request for node: ied1lDevice1/DSCH1.SchdAbsTm.val(197): 0.0
calling GetDataValues(ied1lDevice1/DSCH1.SchdAbsTm.val(198))
20:38:39.555 [openiec61850-osi-server-3-thread-1] DEBUG com.beanit.openiec61850.ServerAssociation - Got a GetDataValues request for node: ied1lDevice1/DSCH1.SchdAbsTm.val(198): 0.0
calling GetDataValues(ied1lDevice1/DSCH1.SchdAbsTm.val(199))
20:38:39.555 [openiec61850-osi-server-3-thread-1] DEBUG com.beanit.openiec61850.ServerAssociation - Got a GetDataValues request for node: ied1lDevice1/DSCH1.SchdAbsTm.val(199): 0.0
calling GetDataValues(ied1lDevice1/DSCH1.SchdAbsTm.val(200))
20:38:39.555 [openiec61850-osi-server-3-thread-1] DEBUG com.beanit.openiec61850.ServerAssociation - Got a GetDataValues request for node: ied1lDevice1/DSCH1.SchdAbsTm.val(200): 0.0
calling GetDataValues(ied1lDevice1/DSCH1.SchdAbsTm.val(201))
20:38:39.556 [openiec61850-osi-server-3-thread-1] DEBUG com.beanit.openiec61850.ServerAssociation - Got a GetDataValues request for node: ied1lDevice1/DSCH1.SchdAbsTm.val(201): 0.0
calling GetDataValues(ied1lDevice1/DSCH1.SchdAbsTm.val(202))
20:38:39.556 [openiec61850-osi-server-3-thread-1] DEBUG com.beanit.openiec61850.ServerAssociation - Got a GetDataValues request for node: ied1lDevice1/DSCH1.SchdAbsTm.val(202): 0.0
calling GetDataValues(ied1lDevice1/DSCH1.SchdAbsTm.val(203))
20:38:39.556 [openiec61850-osi-server-3-thread-1] DEBUG com.beanit.openiec61850.ServerAssociation - Got a GetDataValues request for node: ied1lDevice1/DSCH1.SchdAbsTm.val(203): 0.0
calling GetDataValues(ied1lDevice1/DSCH1.SchdAbsTm.val(204))
20:38:39.556 [openiec61850-osi-server-3-thread-1] DEBUG com.beanit.openiec61850.ServerAssociation - Got a GetDataValues request for node: ied1lDevice1/DSCH1.SchdAbsTm.val(204): 0.0
calling GetDataValues(ied1lDevice1/DSCH1.SchdAbsTm.val(205))
20:38:39.557 [openiec61850-osi-server-3-thread-1] DEBUG com.beanit.openiec61850.ServerAssociation - Got a GetDataValues request for node: ied1lDevice1/DSCH1.SchdAbsTm.val(205): 0.0
calling GetDataValues(ied1lDevice1/DSCH1.SchdAbsTm.val(206))
20:38:39.557 [openiec61850-osi-server-3-thread-1] DEBUG com.beanit.openiec61850.ServerAssociation - Got a GetDataValues request for node: ied1lDevice1/DSCH1.SchdAbsTm.val(206): 0.0
calling GetDataValues(ied1lDevice1/DSCH1.SchdAbsTm.val(207))
20:38:39.557 [openiec61850-osi-server-3-thread-1] DEBUG com.beanit.openiec61850.ServerAssociation - Got a GetDataValues request for node: ied1lDevice1/DSCH1.SchdAbsTm.val(207): 0.0
calling GetDataValues(ied1lDevice1/DSCH1.SchdAbsTm.val(208))
20:38:39.557 [openiec61850-osi-server-3-thread-1] DEBUG com.beanit.openiec61850.ServerAssociation - Got a GetDataValues request for node: ied1lDevice1/DSCH1.SchdAbsTm.val(208): 0.0
calling GetDataValues(ied1lDevice1/DSCH1.SchdAbsTm.val(209))
20:38:39.558 [openiec61850-osi-server-3-thread-1] DEBUG com.beanit.openiec61850.ServerAssociation - Got a GetDataValues request for node: ied1lDevice1/DSCH1.SchdAbsTm.val(209): 0.0
calling GetDataValues(ied1lDevice1/DSCH1.SchdAbsTm.val(210))
20:38:39.558 [openiec61850-osi-server-3-thread-1] DEBUG com.beanit.openiec61850.ServerAssociation - Got a GetDataValues request for node: ied1lDevice1/DSCH1.SchdAbsTm.val(210): 0.0
calling GetDataValues(ied1lDevice1/DSCH1.SchdAbsTm.val(211))
20:38:39.558 [openiec61850-osi-server-3-thread-1] DEBUG com.beanit.openiec61850.ServerAssociation - Got a GetDataValues request for node: ied1lDevice1/DSCH1.SchdAbsTm.val(211): 0.0
calling GetDataValues(ied1lDevice1/DSCH1.SchdAbsTm.val(212))
20:38:39.558 [openiec61850-osi-server-3-thread-1] DEBUG com.beanit.openiec61850.ServerAssociation - Got a GetDataValues request for node: ied1lDevice1/DSCH1.SchdAbsTm.val(212): 0.0
calling GetDataValues(ied1lDevice1/DSCH1.SchdAbsTm.val(213))
20:38:39.559 [openiec61850-osi-server-3-thread-1] DEBUG com.beanit.openiec61850.ServerAssociation - Got a GetDataValues request for node: ied1lDevice1/DSCH1.SchdAbsTm.val(213): 0.0
calling GetDataValues(ied1lDevice1/DSCH1.SchdAbsTm.val(214))
20:38:39.559 [openiec61850-osi-server-3-thread-1] DEBUG com.beanit.openiec61850.ServerAssociation - Got a GetDataValues request for node: ied1lDevice1/DSCH1.SchdAbsTm.val(214): 0.0
calling GetDataValues(ied1lDevice1/DSCH1.SchdAbsTm.val(215))
20:38:39.559 [openiec61850-osi-server-3-thread-1] DEBUG com.beanit.openiec61850.ServerAssociation - Got a GetDataValues request for node: ied1lDevice1/DSCH1.SchdAbsTm.val(215): 0.0
calling GetDataValues(ied1lDevice1/DSCH1.SchdAbsTm.val(216))
20:38:39.560 [openiec61850-osi-server-3-thread-1] DEBUG com.beanit.openiec61850.ServerAssociation - Got a GetDataValues request for node: ied1lDevice1/DSCH1.SchdAbsTm.val(216): 0.0
calling GetDataValues(ied1lDevice1/DSCH1.SchdAbsTm.val(217))
20:38:39.560 [openiec61850-osi-server-3-thread-1] DEBUG com.beanit.openiec61850.ServerAssociation - Got a GetDataValues request for node: ied1lDevice1/DSCH1.SchdAbsTm.val(217): 0.0
calling GetDataValues(ied1lDevice1/DSCH1.SchdAbsTm.val(218))
20:38:39.560 [openiec61850-osi-server-3-thread-1] DEBUG com.beanit.openiec61850.ServerAssociation - Got a GetDataValues request for node: ied1lDevice1/DSCH1.SchdAbsTm.val(218): 0.0
calling GetDataValues(ied1lDevice1/DSCH1.SchdAbsTm.val(219))
20:38:39.560 [openiec61850-osi-server-3-thread-1] DEBUG com.beanit.openiec61850.ServerAssociation - Got a GetDataValues request for node: ied1lDevice1/DSCH1.SchdAbsTm.val(219): 0.0
calling GetDataValues(ied1lDevice1/DSCH1.SchdAbsTm.val(220))
20:38:39.560 [openiec61850-osi-server-3-thread-1] DEBUG com.beanit.openiec61850.ServerAssociation - Got a GetDataValues request for node: ied1lDevice1/DSCH1.SchdAbsTm.val(220): 0.0
calling GetDataValues(ied1lDevice1/DSCH1.SchdAbsTm.val(221))
20:38:39.561 [openiec61850-osi-server-3-thread-1] DEBUG com.beanit.openiec61850.ServerAssociation - Got a GetDataValues request for node: ied1lDevice1/DSCH1.SchdAbsTm.val(221): 0.0
calling GetDataValues(ied1lDevice1/DSCH1.SchdAbsTm.val(222))
20:38:39.561 [openiec61850-osi-server-3-thread-1] DEBUG com.beanit.openiec61850.ServerAssociation - Got a GetDataValues request for node: ied1lDevice1/DSCH1.SchdAbsTm.val(222): 0.0
calling GetDataValues(ied1lDevice1/DSCH1.SchdAbsTm.val(223))
20:38:39.561 [openiec61850-osi-server-3-thread-1] DEBUG com.beanit.openiec61850.ServerAssociation - Got a GetDataValues request for node: ied1lDevice1/DSCH1.SchdAbsTm.val(223): 0.0
calling GetDataValues(ied1lDevice1/DSCH1.SchdAbsTm.val(224))
20:38:39.561 [openiec61850-osi-server-3-thread-1] DEBUG com.beanit.openiec61850.ServerAssociation - Got a GetDataValues request for node: ied1lDevice1/DSCH1.SchdAbsTm.val(224): 0.0
calling GetDataValues(ied1lDevice1/DSCH1.SchdAbsTm.val(225))
20:38:39.562 [openiec61850-osi-server-3-thread-1] DEBUG com.beanit.openiec61850.ServerAssociation - Got a GetDataValues request for node: ied1lDevice1/DSCH1.SchdAbsTm.val(225): 0.0
calling GetDataValues(ied1lDevice1/DSCH1.SchdAbsTm.val(226))
20:38:39.562 [openiec61850-osi-server-3-thread-1] DEBUG com.beanit.openiec61850.ServerAssociation - Got a GetDataValues request for node: ied1lDevice1/DSCH1.SchdAbsTm.val(226): 0.0
calling GetDataValues(ied1lDevice1/DSCH1.SchdAbsTm.val(227))
20:38:39.562 [openiec61850-osi-server-3-thread-1] DEBUG com.beanit.openiec61850.ServerAssociation - Got a GetDataValues request for node: ied1lDevice1/DSCH1.SchdAbsTm.val(227): 0.0
calling GetDataValues(ied1lDevice1/DSCH1.SchdAbsTm.val(228))
20:38:39.562 [openiec61850-osi-server-3-thread-1] DEBUG com.beanit.openiec61850.ServerAssociation - Got a GetDataValues request for node: ied1lDevice1/DSCH1.SchdAbsTm.val(228): 0.0
calling GetDataValues(ied1lDevice1/DSCH1.SchdAbsTm.val(229))
20:38:39.562 [openiec61850-osi-server-3-thread-1] DEBUG com.beanit.openiec61850.ServerAssociation - Got a GetDataValues request for node: ied1lDevice1/DSCH1.SchdAbsTm.val(229): 0.0
calling GetDataValues(ied1lDevice1/DSCH1.SchdAbsTm.val(230))
20:38:39.563 [openiec61850-osi-server-3-thread-1] DEBUG com.beanit.openiec61850.ServerAssociation - Got a GetDataValues request for node: ied1lDevice1/DSCH1.SchdAbsTm.val(230): 0.0
calling GetDataValues(ied1lDevice1/DSCH1.SchdAbsTm.val(231))
20:38:39.563 [openiec61850-osi-server-3-thread-1] DEBUG com.beanit.openiec61850.ServerAssociation - Got a GetDataValues request for node: ied1lDevice1/DSCH1.SchdAbsTm.val(231): 0.0
calling GetDataValues(ied1lDevice1/DSCH1.SchdAbsTm.val(232))
20:38:39.563 [openiec61850-osi-server-3-thread-1] DEBUG com.beanit.openiec61850.ServerAssociation - Got a GetDataValues request for node: ied1lDevice1/DSCH1.SchdAbsTm.val(232): 0.0
calling GetDataValues(ied1lDevice1/DSCH1.SchdAbsTm.val(233))
20:38:39.563 [openiec61850-osi-server-3-thread-1] DEBUG com.beanit.openiec61850.ServerAssociation - Got a GetDataValues request for node: ied1lDevice1/DSCH1.SchdAbsTm.val(233): 0.0
calling GetDataValues(ied1lDevice1/DSCH1.SchdAbsTm.val(234))
20:38:39.563 [openiec61850-osi-server-3-thread-1] DEBUG com.beanit.openiec61850.ServerAssociation - Got a GetDataValues request for node: ied1lDevice1/DSCH1.SchdAbsTm.val(234): 0.0
calling GetDataValues(ied1lDevice1/DSCH1.SchdAbsTm.val(235))
20:38:39.564 [openiec61850-osi-server-3-thread-1] DEBUG com.beanit.openiec61850.ServerAssociation - Got a GetDataValues request for node: ied1lDevice1/DSCH1.SchdAbsTm.val(235): 0.0
calling GetDataValues(ied1lDevice1/DSCH1.SchdAbsTm.val(236))
20:38:39.564 [openiec61850-osi-server-3-thread-1] DEBUG com.beanit.openiec61850.ServerAssociation - Got a GetDataValues request for node: ied1lDevice1/DSCH1.SchdAbsTm.val(236): 0.0
calling GetDataValues(ied1lDevice1/DSCH1.SchdAbsTm.val(237))
20:38:39.564 [openiec61850-osi-server-3-thread-1] DEBUG com.beanit.openiec61850.ServerAssociation - Got a GetDataValues request for node: ied1lDevice1/DSCH1.SchdAbsTm.val(237): 0.0
calling GetDataValues(ied1lDevice1/DSCH1.SchdAbsTm.val(238))
20:38:39.564 [openiec61850-osi-server-3-thread-1] DEBUG com.beanit.openiec61850.ServerAssociation - Got a GetDataValues request for node: ied1lDevice1/DSCH1.SchdAbsTm.val(238): 0.0
calling GetDataValues(ied1lDevice1/DSCH1.SchdAbsTm.val(239))
20:38:39.565 [openiec61850-osi-server-3-thread-1] DEBUG com.beanit.openiec61850.ServerAssociation - Got a GetDataValues request for node: ied1lDevice1/DSCH1.SchdAbsTm.val(239): 0.0
calling GetDataValues(ied1lDevice1/DSCH1.SchdAbsTm.val(240))
20:38:39.565 [openiec61850-osi-server-3-thread-1] DEBUG com.beanit.openiec61850.ServerAssociation - Got a GetDataValues request for node: ied1lDevice1/DSCH1.SchdAbsTm.val(240): 0.0
calling GetDataValues(ied1lDevice1/DSCH1.SchdAbsTm.val(241))
20:38:39.565 [openiec61850-osi-server-3-thread-1] DEBUG com.beanit.openiec61850.ServerAssociation - Got a GetDataValues request for node: ied1lDevice1/DSCH1.SchdAbsTm.val(241): 0.0
calling GetDataValues(ied1lDevice1/DSCH1.SchdAbsTm.val(242))
20:38:39.565 [openiec61850-osi-server-3-thread-1] DEBUG com.beanit.openiec61850.ServerAssociation - Got a GetDataValues request for node: ied1lDevice1/DSCH1.SchdAbsTm.val(242): 0.0
calling GetDataValues(ied1lDevice1/DSCH1.SchdAbsTm.val(243))
20:38:39.566 [openiec61850-osi-server-3-thread-1] DEBUG com.beanit.openiec61850.ServerAssociation - Got a GetDataValues request for node: ied1lDevice1/DSCH1.SchdAbsTm.val(243): 0.0
calling GetDataValues(ied1lDevice1/DSCH1.SchdAbsTm.val(244))
20:38:39.566 [openiec61850-osi-server-3-thread-1] DEBUG com.beanit.openiec61850.ServerAssociation - Got a GetDataValues request for node: ied1lDevice1/DSCH1.SchdAbsTm.val(244): 0.0
calling GetDataValues(ied1lDevice1/DSCH1.SchdAbsTm.val(245))
20:38:39.566 [openiec61850-osi-server-3-thread-1] DEBUG com.beanit.openiec61850.ServerAssociation - Got a GetDataValues request for node: ied1lDevice1/DSCH1.SchdAbsTm.val(245): 0.0
calling GetDataValues(ied1lDevice1/DSCH1.SchdAbsTm.val(246))
20:38:39.566 [openiec61850-osi-server-3-thread-1] DEBUG com.beanit.openiec61850.ServerAssociation - Got a GetDataValues request for node: ied1lDevice1/DSCH1.SchdAbsTm.val(246): 0.0
calling GetDataValues(ied1lDevice1/DSCH1.SchdAbsTm.val(247))
20:38:39.566 [openiec61850-osi-server-3-thread-1] DEBUG com.beanit.openiec61850.ServerAssociation - Got a GetDataValues request for node: ied1lDevice1/DSCH1.SchdAbsTm.val(247): 0.0
calling GetDataValues(ied1lDevice1/DSCH1.SchdAbsTm.val(248))
20:38:39.567 [openiec61850-osi-server-3-thread-1] DEBUG com.beanit.openiec61850.ServerAssociation - Got a GetDataValues request for node: ied1lDevice1/DSCH1.SchdAbsTm.val(248): 0.0
calling GetDataValues(ied1lDevice1/DSCH1.SchdAbsTm.val(249))
20:38:39.567 [openiec61850-osi-server-3-thread-1] DEBUG com.beanit.openiec61850.ServerAssociation - Got a GetDataValues request for node: ied1lDevice1/DSCH1.SchdAbsTm.val(249): 0.0
calling GetDataValues(ied1lDevice1/DSCH1.SchdAbsTm.val(250))
20:38:39.567 [openiec61850-osi-server-3-thread-1] DEBUG com.beanit.openiec61850.ServerAssociation - Got a GetDataValues request for node: ied1lDevice1/DSCH1.SchdAbsTm.val(250): 0.0
calling GetDataValues(ied1lDevice1/DSCH1.SchdAbsTm.val(251))
20:38:39.567 [openiec61850-osi-server-3-thread-1] DEBUG com.beanit.openiec61850.ServerAssociation - Got a GetDataValues request for node: ied1lDevice1/DSCH1.SchdAbsTm.val(251): 0.0
calling GetDataValues(ied1lDevice1/DSCH1.SchdAbsTm.val(252))
20:38:39.567 [openiec61850-osi-server-3-thread-1] DEBUG com.beanit.openiec61850.ServerAssociation - Got a GetDataValues request for node: ied1lDevice1/DSCH1.SchdAbsTm.val(252): 0.0
calling GetDataValues(ied1lDevice1/DSCH1.SchdAbsTm.val(253))
20:38:39.568 [openiec61850-osi-server-3-thread-1] DEBUG com.beanit.openiec61850.ServerAssociation - Got a GetDataValues request for node: ied1lDevice1/DSCH1.SchdAbsTm.val(253): 0.0
calling GetDataValues(ied1lDevice1/DSCH1.SchdAbsTm.val(254))
20:38:39.568 [openiec61850-osi-server-3-thread-1] DEBUG com.beanit.openiec61850.ServerAssociation - Got a GetDataValues request for node: ied1lDevice1/DSCH1.SchdAbsTm.val(254): 0.0
calling GetDataValues(ied1lDevice1/DSCH1.SchdAbsTm.sptestval1)
20:38:39.568 [openiec61850-osi-server-3-thread-1] DEBUG com.beanit.openiec61850.ServerAssociation - Got a GetDataValues request for node: ied1lDevice1/DSCH1.SchdAbsTm.sptestval1: 0
calling GetDataValues(ied1lDevice1/DSCH1.SchdAbsTm.sptestval2)
20:38:39.568 [openiec61850-osi-server-3-thread-1] DEBUG com.beanit.openiec61850.ServerAssociation - Got a GetDataValues request for node: ied1lDevice1/DSCH1.SchdAbsTm.sptestval2: 0
20:38:39.568 [openiec61850-osi-server-3-thread-1] DEBUG com.beanit.openiec61850.ServerAssociation - Got a GetDataValues request for node: ied1lDevice1/MMXU1.TotW.t: Thu Jan 01 01:00:00 CET 1970
20:38:39.570 [openiec61850-osi-server-3-thread-1] DEBUG com.beanit.openiec61850.ServerAssociation - Got a Write request
20:38:39.571 [openiec61850-osi-server-3-thread-1] DEBUG com.beanit.openiec61850.ServerAssociation - Got a SetDataValues request.
DataSource: got write request
20:38:39.572 [openiec61850-osi-server-3-thread-1] DEBUG com.beanit.openiec61850.ServerAssociation - Got a GetDataValues request for node: ied1lDevice1/LLN0.NamPlt.vendor: Fraunhofer ISE
20:38:39.572 [openiec61850-osi-server-3-thread-1] DEBUG com.beanit.openiec61850.ServerAssociation - Got a Write request
20:38:39.572 [openiec61850-osi-server-3-thread-1] DEBUG com.beanit.openiec61850.ServerAssociation - Got a SetDataSetValues request.
DataSource: got write request
20:38:39.572 [openiec61850-osi-server-3-thread-1] DEBUG com.beanit.openiec61850.ServerAssociation - Got a GetDataSetValues request.
20:38:39.573 [openiec61850-osi-server-3-thread-1] DEBUG com.beanit.openiec61850.ServerAssociation - Got a CreateDataSet request
20:38:39.574 [openiec61850-osi-server-3-thread-1] DEBUG com.beanit.openiec61850.ServerAssociation - Got a GetDataSetValues request.
20:38:39.576 [openiec61850-osi-server-3-thread-1] DEBUG com.beanit.openiec61850.ServerAssociation - Got a DeleteDataSet request
20:38:39.577 [openiec61850-osi-server-3-thread-1] DEBUG com.beanit.openiec61850.ServerAssociation - Got a GetDataSetValues request.
20:38:39.577 [openiec61850-osi-server-3-thread-1] WARN com.beanit.openiec61850.ServerAssociation - handleGetDataSetValuesRequest: a DataSet with the given reference does not exist
20:38:39.579 [openiec61850-osi-server-3-thread-1] DEBUG com.beanit.openiec61850.ServerAssociation - Got a GetDataSetValues request.
20:38:39.579 [openiec61850-osi-server-3-thread-1] DEBUG com.beanit.openiec61850.ServerAssociation - Got a GetDataValues request for node: ied1lDevice1/CSWI1.PosA.SBO: ''
20:38:39.580 [openiec61850-osi-server-3-thread-1] DEBUG com.beanit.openiec61850.ServerAssociation - Got a GetDataValues request for node: ied1lDevice1/CSWI1.PosA.SBO: ''
20:38:39.584 [openiec61850-osi-server-4-thread-2] DEBUG com.beanit.openiec61850.ServerAssociation - Got a GetServerDirectory (MMS GetNameList[DOMAIN]) request
20:38:39.586 [openiec61850-osi-server-4-thread-2] DEBUG com.beanit.openiec61850.ServerAssociation - Got a Get{LD|LN}Directory (MMS GetNameList[NAMED_VARIABLE]) request
20:38:39.588 [openiec61850-osi-server-4-thread-2] DEBUG com.beanit.openiec61850.ServerAssociation - Got a GetDataDirectory/GetDataDefinition (MMS GetVariableAccessAttributes) request
20:38:39.594 [openiec61850-osi-server-4-thread-2] DEBUG com.beanit.openiec61850.ServerAssociation - Got a GetDataDirectory/GetDataDefinition (MMS GetVariableAccessAttributes) request
20:38:39.594 [openiec61850-osi-server-4-thread-2] DEBUG com.beanit.openiec61850.ServerAssociation - Got a GetDataDirectory/GetDataDefinition (MMS GetVariableAccessAttributes) request
20:38:39.596 [openiec61850-osi-server-4-thread-2] DEBUG com.beanit.openiec61850.ServerAssociation - Got a GetDataDirectory/GetDataDefinition (MMS GetVariableAccessAttributes) request
20:38:39.598 [openiec61850-osi-server-4-thread-2] DEBUG com.beanit.openiec61850.ServerAssociation - Got a GetDataDirectory/GetDataDefinition (MMS GetVariableAccessAttributes) request
20:38:39.600 [openiec61850-osi-server-4-thread-2] DEBUG com.beanit.openiec61850.ServerAssociation - Got a GetLogicalNodeDirectory[DataSet] (MMS GetNameList[NAMED_VARIABLE_LIST]) request
20:38:39.600 [openiec61850-osi-server-4-thread-2] DEBUG com.beanit.openiec61850.ServerAssociation - Got a GetDataSetDirectory request
20:38:39.601 [openiec61850-osi-server-4-thread-2] DEBUG com.beanit.openiec61850.ServerAssociation - Got a GetDataSetDirectory request
20:38:39.602 [openiec61850-osi-server-4-thread-2] DEBUG com.beanit.openiec61850.ServerAssociation - Got a GetDataValues request for node: ied1lDevice1/CSWI1.PosA.SBO: ''
20:38:40.602 [openiec61850-osi-server-4-thread-2] DEBUG com.beanit.openiec61850.ServerAssociation - Got a GetDataValues request for node: ied1lDevice1/CSWI1.PosA.SBO: ''
20:38:40.602 [openiec61850-osi-server-3-thread-1] DEBUG com.beanit.openiec61850.ServerAssociation - Got a GetDataValues request for node: ied1lDevice1/CSWI1.PosA.SBO: ''
20:38:40.603 [openiec61850-osi-server-4-thread-2] DEBUG com.beanit.openiec61850.ServerAssociation - Connection was closed by client.
Association closed!
Connection closed by client
20:38:40.704 [openiec61850-osi-server-3-thread-1] DEBUG com.beanit.openiec61850.ServerAssociation - Got a GetDataValues request for node: ied1lDevice1/CSWI1.PosA.SBO: ''
20:38:40.705 [openiec61850-osi-server-3-thread-1] DEBUG com.beanit.openiec61850.ServerAssociation - Got a Write request
20:38:40.705 [openiec61850-osi-server-3-thread-1] DEBUG com.beanit.openiec61850.ServerAssociation - Got a SetDataValues request.
DataSource: got write request
20:38:40.705 [openiec61850-osi-server-3-thread-1] DEBUG com.beanit.openiec61850.ServerAssociation - Got a GetDataValues request for node: ied1lDevice1/LLN0.urcb101 [RP]
ied1lDevice1/LLN0.urcb101.RptID: urcb1
ied1lDevice1/LLN0.urcb101.RptEna: false
ied1lDevice1/LLN0.urcb101.Resv: false
ied1lDevice1/LLN0.urcb101.DatSet: ied1lDevice1/LLN0$dataset1
ied1lDevice1/LLN0.urcb101.ConfRev: 0
ied1lDevice1/LLN0.urcb101.OptFlds: 0x78 0x00
ied1lDevice1/LLN0.urcb101.BufTm: 50
ied1lDevice1/LLN0.urcb101.SqNum: 0
ied1lDevice1/LLN0.urcb101.TrgOps: 0x74, data change: true, data update: true, quality change:true, integrity period: false, GI: true
ied1lDevice1/LLN0.urcb101.IntgPd: 5000
ied1lDevice1/LLN0.urcb101.GI: false
ied1lDevice1/LLN0.urcb101.Owner: []
20:38:40.705 [openiec61850-osi-server-3-thread-1] DEBUG com.beanit.openiec61850.ServerAssociation - sub BDA is:ied1lDevice1/LLN0.urcb101.RptID: urcb1
20:38:40.705 [openiec61850-osi-server-3-thread-1] DEBUG com.beanit.openiec61850.ServerAssociation - sub BDA is:ied1lDevice1/LLN0.urcb101.RptEna: false
20:38:40.705 [openiec61850-osi-server-3-thread-1] DEBUG com.beanit.openiec61850.ServerAssociation - sub BDA is:ied1lDevice1/LLN0.urcb101.Resv: false
20:38:40.705 [openiec61850-osi-server-3-thread-1] DEBUG com.beanit.openiec61850.ServerAssociation - sub BDA is:ied1lDevice1/LLN0.urcb101.DatSet: ied1lDevice1/LLN0$dataset1
20:38:40.705 [openiec61850-osi-server-3-thread-1] DEBUG com.beanit.openiec61850.ServerAssociation - sub BDA is:ied1lDevice1/LLN0.urcb101.ConfRev: 0
20:38:40.705 [openiec61850-osi-server-3-thread-1] DEBUG com.beanit.openiec61850.ServerAssociation - sub BDA is:ied1lDevice1/LLN0.urcb101.OptFlds: 0x78 0x00
20:38:40.706 [openiec61850-osi-server-3-thread-1] DEBUG com.beanit.openiec61850.ServerAssociation - sub BDA is:ied1lDevice1/LLN0.urcb101.BufTm: 50
20:38:40.706 [openiec61850-osi-server-3-thread-1] DEBUG com.beanit.openiec61850.ServerAssociation - sub BDA is:ied1lDevice1/LLN0.urcb101.SqNum: 0
20:38:40.706 [openiec61850-osi-server-3-thread-1] DEBUG com.beanit.openiec61850.ServerAssociation - sub BDA is:ied1lDevice1/LLN0.urcb101.TrgOps: 0x74, data change: true, data update: true, quality change:true, integrity period: false, GI: true
20:38:40.706 [openiec61850-osi-server-3-thread-1] DEBUG com.beanit.openiec61850.ServerAssociation - sub BDA is:ied1lDevice1/LLN0.urcb101.IntgPd: 5000
20:38:40.706 [openiec61850-osi-server-3-thread-1] DEBUG com.beanit.openiec61850.ServerAssociation - sub BDA is:ied1lDevice1/LLN0.urcb101.GI: false
20:38:40.706 [openiec61850-osi-server-3-thread-1] DEBUG com.beanit.openiec61850.ServerAssociation - sub BDA is:ied1lDevice1/LLN0.urcb101.Owner: []
20:38:40.706 [openiec61850-osi-server-3-thread-1] DEBUG com.beanit.openiec61850.ServerAssociation - Got a GetDataValues request for node: ied1lDevice1/LLN0.urcb2 [RP]
ied1lDevice1/LLN0.urcb2.RptID: ied1lDevice1/LLN0.urcb2
ied1lDevice1/LLN0.urcb2.RptEna: false
ied1lDevice1/LLN0.urcb2.Resv: false
ied1lDevice1/LLN0.urcb2.DatSet: ied1lDevice1/LLN0$dataset1
ied1lDevice1/LLN0.urcb2.ConfRev: 0
ied1lDevice1/LLN0.urcb2.OptFlds: 0x00 0x00
ied1lDevice1/LLN0.urcb2.BufTm: 0
ied1lDevice1/LLN0.urcb2.SqNum: 0
ied1lDevice1/LLN0.urcb2.TrgOps: 0x04, data change: false, data update: false, quality change:false, integrity period: false, GI: true
ied1lDevice1/LLN0.urcb2.IntgPd: 0
ied1lDevice1/LLN0.urcb2.GI: false
ied1lDevice1/LLN0.urcb2.Owner: []
20:38:40.706 [openiec61850-osi-server-3-thread-1] DEBUG com.beanit.openiec61850.ServerAssociation - sub BDA is:ied1lDevice1/LLN0.urcb2.RptID: ied1lDevice1/LLN0.urcb2
20:38:40.706 [openiec61850-osi-server-3-thread-1] DEBUG com.beanit.openiec61850.ServerAssociation - sub BDA is:ied1lDevice1/LLN0.urcb2.RptEna: false
20:38:40.706 [openiec61850-osi-server-3-thread-1] DEBUG com.beanit.openiec61850.ServerAssociation - sub BDA is:ied1lDevice1/LLN0.urcb2.Resv: false
20:38:40.706 [openiec61850-osi-server-3-thread-1] DEBUG com.beanit.openiec61850.ServerAssociation - sub BDA is:ied1lDevice1/LLN0.urcb2.DatSet: ied1lDevice1/LLN0$dataset1
20:38:40.706 [openiec61850-osi-server-3-thread-1] DEBUG com.beanit.openiec61850.ServerAssociation - sub BDA is:ied1lDevice1/LLN0.urcb2.ConfRev: 0
20:38:40.706 [openiec61850-osi-server-3-thread-1] DEBUG com.beanit.openiec61850.ServerAssociation - sub BDA is:ied1lDevice1/LLN0.urcb2.OptFlds: 0x00 0x00
20:38:40.706 [openiec61850-osi-server-3-thread-1] DEBUG com.beanit.openiec61850.ServerAssociation - sub BDA is:ied1lDevice1/LLN0.urcb2.BufTm: 0
20:38:40.706 [openiec61850-osi-server-3-thread-1] DEBUG com.beanit.openiec61850.ServerAssociation - sub BDA is:ied1lDevice1/LLN0.urcb2.SqNum: 0
20:38:40.706 [openiec61850-osi-server-3-thread-1] DEBUG com.beanit.openiec61850.ServerAssociation - sub BDA is:ied1lDevice1/LLN0.urcb2.TrgOps: 0x04, data change: false, data update: false, quality change:false, integrity period: false, GI: true
20:38:40.706 [openiec61850-osi-server-3-thread-1] DEBUG com.beanit.openiec61850.ServerAssociation - sub BDA is:ied1lDevice1/LLN0.urcb2.IntgPd: 0
20:38:40.706 [openiec61850-osi-server-3-thread-1] DEBUG com.beanit.openiec61850.ServerAssociation - sub BDA is:ied1lDevice1/LLN0.urcb2.GI: false
20:38:40.706 [openiec61850-osi-server-3-thread-1] DEBUG com.beanit.openiec61850.ServerAssociation - sub BDA is:ied1lDevice1/LLN0.urcb2.Owner: []
20:38:40.707 [openiec61850-osi-server-3-thread-1] DEBUG com.beanit.openiec61850.ServerAssociation - Got a GetDataValues request for node: ied1lDevice1/LLN0.urcb101.Resv: false
20:38:40.707 [openiec61850-osi-server-3-thread-1] DEBUG com.beanit.openiec61850.ServerAssociation - Got a Write request
20:38:40.707 [openiec61850-osi-server-3-thread-1] DEBUG com.beanit.openiec61850.ServerAssociation - Got a SetDataValues request.
20:38:40.707 [openiec61850-osi-server-3-thread-1] DEBUG com.beanit.openiec61850.ServerAssociation - Got a GetDataValues request for node: ied1lDevice1/LLN0.urcb101.Resv: true
20:38:40.708 [openiec61850-osi-server-3-thread-1] DEBUG com.beanit.openiec61850.ServerAssociation - Got a Write request
20:38:40.708 [openiec61850-osi-server-3-thread-1] DEBUG com.beanit.openiec61850.ServerAssociation - Got a SetDataValues request.
20:38:40.708 [openiec61850-osi-server-3-thread-1] DEBUG com.beanit.openiec61850.ServerAssociation - Got a Write request
20:38:40.708 [openiec61850-osi-server-3-thread-1] DEBUG com.beanit.openiec61850.ServerAssociation - Got a SetDataValues request.
20:38:40.708 [openiec61850-osi-server-3-thread-1] DEBUG com.beanit.openiec61850.ServerAssociation - Got a Write request
20:38:40.708 [openiec61850-osi-server-3-thread-1] DEBUG com.beanit.openiec61850.ServerAssociation - Got a SetDataValues request.
20:38:40.708 [openiec61850-osi-server-3-thread-1] DEBUG com.beanit.openiec61850.ServerAssociation - Got a Write request
20:38:40.708 [openiec61850-osi-server-3-thread-1] DEBUG com.beanit.openiec61850.ServerAssociation - Got a SetDataValues request.
20:38:40.708 [openiec61850-osi-server-3-thread-1] DEBUG com.beanit.openiec61850.ServerAssociation - Got a Write request
20:38:40.708 [openiec61850-osi-server-3-thread-1] DEBUG com.beanit.openiec61850.ServerAssociation - Got a SetDataValues request.
20:38:40.709 [openiec61850-osi-server-3-thread-1] DEBUG com.beanit.openiec61850.ServerAssociation - Got a Write request
20:38:40.709 [openiec61850-osi-server-3-thread-1] DEBUG com.beanit.openiec61850.ServerAssociation - Got a SetDataValues request.
20:38:40.709 [openiec61850-osi-server-3-thread-1] DEBUG com.beanit.openiec61850.ServerAssociation - Got a GetDataValues request for node: ied1lDevice1/LLN0.urcb101 [RP]
ied1lDevice1/LLN0.urcb101.RptID: myurcb1
ied1lDevice1/LLN0.urcb101.RptEna: false
ied1lDevice1/LLN0.urcb101.Resv: true
ied1lDevice1/LLN0.urcb101.DatSet: ied1lDevice1/LLN0$dataset1
ied1lDevice1/LLN0.urcb101.ConfRev: 0
ied1lDevice1/LLN0.urcb101.OptFlds: 0x78 0x00
ied1lDevice1/LLN0.urcb101.BufTm: 50
ied1lDevice1/LLN0.urcb101.SqNum: 0
ied1lDevice1/LLN0.urcb101.TrgOps: 0x20, data change: false, data update: false, quality change:true, integrity period: false, GI: false
ied1lDevice1/LLN0.urcb101.IntgPd: 5000
ied1lDevice1/LLN0.urcb101.GI: false
ied1lDevice1/LLN0.urcb101.Owner: []
20:38:40.709 [openiec61850-osi-server-3-thread-1] DEBUG com.beanit.openiec61850.ServerAssociation - sub BDA is:ied1lDevice1/LLN0.urcb101.RptID: myurcb1
20:38:40.709 [openiec61850-osi-server-3-thread-1] DEBUG com.beanit.openiec61850.ServerAssociation - sub BDA is:ied1lDevice1/LLN0.urcb101.RptEna: false
20:38:40.709 [openiec61850-osi-server-3-thread-1] DEBUG com.beanit.openiec61850.ServerAssociation - sub BDA is:ied1lDevice1/LLN0.urcb101.Resv: true
20:38:40.709 [openiec61850-osi-server-3-thread-1] DEBUG com.beanit.openiec61850.ServerAssociation - sub BDA is:ied1lDevice1/LLN0.urcb101.DatSet: ied1lDevice1/LLN0$dataset1
20:38:40.709 [openiec61850-osi-server-3-thread-1] DEBUG com.beanit.openiec61850.ServerAssociation - sub BDA is:ied1lDevice1/LLN0.urcb101.ConfRev: 0
20:38:40.709 [openiec61850-osi-server-3-thread-1] DEBUG com.beanit.openiec61850.ServerAssociation - sub BDA is:ied1lDevice1/LLN0.urcb101.OptFlds: 0x78 0x00
20:38:40.709 [openiec61850-osi-server-3-thread-1] DEBUG com.beanit.openiec61850.ServerAssociation - sub BDA is:ied1lDevice1/LLN0.urcb101.BufTm: 50
20:38:40.709 [openiec61850-osi-server-3-thread-1] DEBUG com.beanit.openiec61850.ServerAssociation - sub BDA is:ied1lDevice1/LLN0.urcb101.SqNum: 0
20:38:40.709 [openiec61850-osi-server-3-thread-1] DEBUG com.beanit.openiec61850.ServerAssociation - sub BDA is:ied1lDevice1/LLN0.urcb101.TrgOps: 0x20, data change: false, data update: false, quality change:true, integrity period: false, GI: false
20:38:40.709 [openiec61850-osi-server-3-thread-1] DEBUG com.beanit.openiec61850.ServerAssociation - sub BDA is:ied1lDevice1/LLN0.urcb101.IntgPd: 5000
20:38:40.709 [openiec61850-osi-server-3-thread-1] DEBUG com.beanit.openiec61850.ServerAssociation - sub BDA is:ied1lDevice1/LLN0.urcb101.GI: false
20:38:40.709 [openiec61850-osi-server-3-thread-1] DEBUG com.beanit.openiec61850.ServerAssociation - sub BDA is:ied1lDevice1/LLN0.urcb101.Owner: []
20:38:40.709 [openiec61850-osi-server-3-thread-1] DEBUG com.beanit.openiec61850.ServerAssociation - Got a Write request
20:38:40.709 [openiec61850-osi-server-3-thread-1] DEBUG com.beanit.openiec61850.ServerAssociation - Got a SetDataValues request.
20:38:40.709 [openiec61850-osi-server-3-thread-1] DEBUG com.beanit.openiec61850.ServerAssociation - Got a Write request
20:38:40.709 [openiec61850-osi-server-3-thread-1] DEBUG com.beanit.openiec61850.ServerAssociation - Got a SetDataValues request.
20:38:40.710 [openiec61850-osi-server-3-thread-1] DEBUG com.beanit.openiec61850.ServerAssociation - Got a Write request
20:38:40.710 [openiec61850-osi-server-3-thread-1] DEBUG com.beanit.openiec61850.ServerAssociation - Got a SetDataValues request.
20:38:40.710 [openiec61850-osi-server-3-thread-1] DEBUG com.beanit.openiec61850.ServerAssociation - Got a Write request
20:38:40.710 [openiec61850-osi-server-3-thread-1] DEBUG com.beanit.openiec61850.ServerAssociation - Got a SetDataValues request.
20:38:40.710 [openiec61850-osi-server-3-thread-1] INFO com.beanit.openiec61850.ServerAssociation - Client tried to initiate a general interrogation even though URCB is not enabled by this client or general interrogation is not enabled in the trigger options.
20:38:40.710 [openiec61850-osi-server-3-thread-1] DEBUG com.beanit.openiec61850.ServerAssociation - Got a Write request
20:38:40.710 [openiec61850-osi-server-3-thread-1] DEBUG com.beanit.openiec61850.ServerAssociation - Got a SetDataValues request.
20:38:40.710 [openiec61850-osi-server-3-thread-1] DEBUG com.beanit.openiec61850.ServerAssociation - Got a Write request
20:38:40.710 [openiec61850-osi-server-3-thread-1] DEBUG com.beanit.openiec61850.ServerAssociation - Got a SetDataValues request.
20:38:40.710 [openiec61850-osi-server-3-thread-1] DEBUG com.beanit.openiec61850.ServerAssociation - Got a Write request
20:38:40.710 [openiec61850-osi-server-3-thread-1] DEBUG com.beanit.openiec61850.ServerAssociation - Got a SetDataValues request.
20:38:40.711 [openiec61850-osi-server-3-thread-1] DEBUG com.beanit.openiec61850.ServerAssociation - Got a Write request
20:38:40.711 [openiec61850-osi-server-3-thread-1] DEBUG com.beanit.openiec61850.ServerAssociation - Got a SetDataValues request.
20:38:40.711 [openiec61850-osi-server-3-thread-1] DEBUG com.beanit.openiec61850.ServerAssociation - Got a Write request
20:38:40.711 [openiec61850-osi-server-3-thread-1] DEBUG com.beanit.openiec61850.ServerAssociation - Got a SetDataValues request.
20:38:40.711 [openiec61850-osi-server-3-thread-1] DEBUG com.beanit.openiec61850.ServerAssociation - Got a Write request
20:38:40.711 [openiec61850-osi-server-3-thread-1] DEBUG com.beanit.openiec61850.ServerAssociation - Got a SetDataValues request.
20:38:40.711 [openiec61850-osi-server-3-thread-1] DEBUG com.beanit.openiec61850.ServerAssociation - Got a Write request
20:38:40.711 [openiec61850-osi-server-3-thread-1] DEBUG com.beanit.openiec61850.ServerAssociation - Got a SetDataValues request.
got report!
got report!
20:38:44.713 [openiec61850-osi-server-3-thread-1] DEBUG com.beanit.openiec61850.ServerAssociation - Got a Write request
20:38:44.713 [openiec61850-osi-server-3-thread-1] DEBUG com.beanit.openiec61850.ServerAssociation - Got a SetDataValues request.
20:38:44.713 [openiec61850-osi-server-3-thread-1] DEBUG com.beanit.openiec61850.ServerAssociation - Got a Write request
20:38:44.713 [openiec61850-osi-server-3-thread-1] DEBUG com.beanit.openiec61850.ServerAssociation - Got a SetDataValues request.
20:38:44.714 [openiec61850-osi-server-3-thread-1] DEBUG com.beanit.openiec61850.ServerAssociation - Got a Write request
20:38:44.714 [openiec61850-osi-server-3-thread-1] DEBUG com.beanit.openiec61850.ServerAssociation - Got a SetDataValues request.
got report!
got report!
got report!
got report!
got report!
got report!
20:38:51.214 [openiec61850-osi-server-3-thread-1] DEBUG com.beanit.openiec61850.ServerAssociation - Got a Write request
20:38:51.214 [openiec61850-osi-server-3-thread-1] DEBUG com.beanit.openiec61850.ServerAssociation - Got a SetDataValues request.
20:38:51.215 [openiec61850-osi-server-3-thread-1] DEBUG com.beanit.openiec61850.ServerAssociation - Connection was closed by client.
Association closed!
Connection disconnected by client
]]></system-out>
  <system-err><![CDATA[]]></system-err>
</testsuite>
