<?xml version="1.0" encoding="UTF-8"?>
<testsuite name="com.beanit.josistack.SiemensClientITest" tests="1" skipped="0" failures="0" errors="0" timestamp="2020-03-11T19:47:15" hostname="Mandl-PC" time="2.007">
  <properties/>
  <testcase name="testClientServerCom" classname="com.beanit.josistack.SiemensClientITest" time="2.007"/>
  <system-out><![CDATA[]]></system-out>
  <system-err><![CDATA[]]></system-err>
</testsuite>
