<?xml version="1.0" encoding="UTF-8"?>
<testsuite name="com.beanit.jositransport.ClientServerITest" tests="1" skipped="0" failures="0" errors="0" timestamp="2020-03-11T19:47:17" hostname="Mandl-PC" time="0.002">
  <properties/>
  <testcase name="testClientServerCom" classname="com.beanit.jositransport.ClientServerITest" time="0.002"/>
  <system-out><![CDATA[]]></system-out>
  <system-err><![CDATA[]]></system-err>
</testsuite>
